-119 25 1.27211
-118.5 25 0.106039
-118 25 -0.377781
-117.5 25 -0.596908
-117 25 -0.715187
-116.5 25 -0.837291
-116 25 -1.04474
-115.5 25 -1.55439
-115 25 -2.00705
-114.5 25 -2.13334
-114 25 -2.40843
-113.5 25 -2.7087
-113 25 -2.63743
-112.5 25 -2.01729
-112 25 -1.67478
-111.5 25 -1.73811
-111 25 -1.65684
-110.5 25 -1.55635
-110 25 -1.45831
-109.5 25 -0.972497
-109 25 -0.451745
-108.5 25 -0.0426891
-108 25 0.15686
-107.5 25 0.234134
-107 25 0.106849
-106.5 25 -0.267673
-106 25 -0.744584
-105.5 25 -1.04377
-105 25 -0.991155
-104.5 25 -0.794467
-104 25 -0.843338
-103.5 25 -1.08246
-103 25 -1.61031
-102.5 25 -1.86993
-102 25 -1.92442
-101.5 25 -2.21426
-101 25 -2.04092
-100.5 25 -1.90179
-100 25 -1.64044
-99.5 25 -0.568676
-99 25 0.00602544
-98.5 25 -0.897607
-98 25 -1.415
-97.5 25 -1.31942
-97 25 -1.73684
-96.5 25 -1.52449
-96 25 -0.874103
-95.5 25 -0.442171
-95 25 -0.315067
-94.5 25 -0.408348
-94 25 -0.876928
-93.5 25 -1.50812
-93 25 -1.61614
-92.5 25 -1.1819
-92 25 -0.709854
-91.5 25 -0.752077
-91 25 -1.10196
-90.5 25 -0.947523
-90 25 -0.880586
-89.5 25 -0.94529
-89 25 -0.798824
-88.5 25 -0.656078
-88 25 -0.505043
-87.5 25 -0.282461
-87 25 -0.34277
-86.5 25 -0.858392
-86 25 -1.21671
-85.5 25 -1.31255
-85 25 -1.31151
-84.5 25 -1.48334
-84 25 -1.91842
-83.5 25 -2.11919
-83 25 -1.84153
-82.5 25 -1.3185
-82 25 -2.82983
-81.5 25 -3.33367
-81 25 -2.82968
-119 25.5 1.06306
-118.5 25.5 0.0316043
-118 25.5 -0.357252
-117.5 25.5 -0.659186
-117 25.5 -0.952388
-116.5 25.5 -1.03674
-116 25.5 -1.26685
-115.5 25.5 -1.59878
-115 25.5 -2.1574
-114.5 25.5 -2.57655
-114 25.5 -2.81008
-113.5 25.5 -2.95321
-113 25.5 -3.20196
-112.5 25.5 -2.92443
-112 25.5 -2.3163
-111.5 25.5 -2.07052
-111 25.5 -2.04856
-110.5 25.5 -1.83854
-110 25.5 -1.89098
-109.5 25.5 -1.64623
-109 25.5 -0.85006
-108.5 25.5 -0.394728
-108 25.5 -0.0982635
-107.5 25.5 0.165285
-107 25.5 0.173671
-106.5 25.5 -0.152736
-106 25.5 -0.610838
-105.5 25.5 -1.04792
-105 25.5 -1.16211
-104.5 25.5 -0.845716
-104 25.5 -0.922434
-103.5 25.5 -1.25801
-103 25.5 -1.54712
-102.5 25.5 -1.95045
-102 25.5 -2.11912
-101.5 25.5 -2.03556
-101 25.5 -1.92585
-100.5 25.5 -1.97073
-100 25.5 -1.96025
-99.5 25.5 -0.964415
-99 25.5 0.813721
-98.5 25.5 0.349695
-98 25.5 -1.60379
-97.5 25.5 -2.50778
-97 25.5 -2.47913
-96.5 25.5 -1.46805
-96 25.5 -0.602966
-95.5 25.5 -0.0539228
-95 25.5 0.0540102
-94.5 25.5 -0.581224
-94 25.5 -1.35662
-93.5 25.5 -1.58294
-93 25.5 -1.39413
-92.5 25.5 -1.10764
-92 25.5 -0.671859
-91.5 25.5 -0.563239
-91 25.5 -0.751503
-90.5 25.5 -0.795369
-90 25.5 -0.640602
-89.5 25.5 -0.519402
-89 25.5 -0.428606
-88.5 25.5 -0.191564
-88 25.5 0.0237948
-87.5 25.5 0.070159
-87 25.5 -0.341387
-86.5 25.5 -0.766153
-86 25.5 -0.917947
-85.5 25.5 -0.989741
-85 25.5 -1.09455
-84.5 25.5 -1.38117
-84 25.5 -1.67524
-83.5 25.5 -1.59815
-83 25.5 -1.23219
-82.5 25.5 -1.51668
-82 25.5 -3.08146
-81.5 25.5 -2.7325
-81 25.5 -3.22413
-119 26 1.59482
-118.5 26 0.741334
-118 26 0.395004
-117.5 26 0.145251
-117 26 -0.279778
-116.5 26 -0.389954
-116 26 -0.55721
-115.5 26 -0.970167
-115 26 -1.39403
-114.5 26 -1.81768
-114 26 -2.36293
-113.5 26 -2.70666
-113 26 -2.89276
-112.5 26 -2.96725
-112 26 -2.5419
-111.5 26 -2.18403
-111 26 -2.0691
-110.5 26 -1.97268
-110 26 -1.82428
-109.5 26 -1.92362
-109 26 -1.38285
-108.5 26 -0.70178
-108 26 -0.339163
-107.5 26 -0.0590979
-107 26 0.0769417
-106.5 26 -0.0941671
-106 26 -0.41383
-105.5 26 -0.841424
-105 26 -1.22323
-104.5 26 -1.05355
-104 26 -0.991937
-103.5 26 -1.39987
-103 26 -1.76693
-102.5 26 -2.03158
-102 26 -2.09231
-101.5 26 -2.073
-101 26 -2.0051
-100.5 26 -2.02332
-100 26 -1.78525
-99.5 26 -0.905133
-99 26 0.429736
-98.5 26 0.217502
-98 26 -1.46934
-97.5 26 -2.7105
-97 26 -2.32216
-96.5 26 -1.2751
-96 26 -0.591209
-95.5 26 -0.0601979
-95 26 -0.512429
-94.5 26 -1.36153
-94 26 -1.49744
-93.5 26 -1.32649
-93 26 -1.33801
-92.5 26 -0.907682
-92 26 -0.445739
-91.5 26 -0.499069
-91 26 -0.720488
-90.5 26 -0.737626
-90 26 -0.624549
-89.5 26 -0.5792
-89 26 -0.362035
-88.5 26 -0.115667
-88 26 0.0644593
-87.5 26 -0.168491
-87 26 -0.655324
-86.5 26 -1.07068
-86 26 -1.35865
-85.5 26 -1.37245
-85 26 -1.46857
-84.5 26 -1.79543
-84 26 -2.05255
-83.5 26 -1.92004
-83 26 -1.77677
-82.5 26 -2.70739
-82 26 -3.98374
-81.5 26 -4.02552
-81 26 -4.37924
-119 26.5 0.990266
-118.5 26.5 0.759952
-118 26.5 0.485557
-117.5 26.5 0.360015
-117 26.5 -0.0955609
-116.5 26.5 -0.329477
-116 26.5 -0.411319
-115.5 26.5 -0.675163
-115 26.5 -1.2405
-114.5 26.5 -1.65754
-114 26.5 -2.04329
-113.5 26.5 -2.66856
-113 26.5 -2.95826
-112.5 26.5 -3.10813
-112 26.5 -2.97513
-111.5 26.5 -2.5374
-111 26.5 -2.25584
-110.5 26.5 -2.1509
-110 26.5 -1.96683
-109.5 26.5 -1.98655
-109 26.5 -1.7533
-108.5 26.5 -1.02649
-108 26.5 -0.524752
-107.5 26.5 -0.257116
-107 26.5 -0.0353394
-106.5 26.5 0.0188555
-106 26.5 -0.155571
-105.5 26.5 -0.519762
-105 26.5 -1.03613
-104.5 26.5 -1.16872
-104 26.5 -1.12113
-103.5 26.5 -1.45356
-103 26.5 -1.79217
-102.5 26.5 -2.12019
-102 26.5 -2.18445
-101.5 26.5 -1.97422
-101 26.5 -2.02902
-100.5 26.5 -2.23536
-100 26.5 -1.83293
-99.5 26.5 -0.648859
-99 26.5 -0.679493
-98.5 26.5 -1.55255
-98 26.5 -1.44596
-97.5 26.5 -1.16705
-97 26.5 -1.50653
-96.5 26.5 -1.69256
-96 26.5 -1.07375
-95.5 26.5 -0.580163
-95 26.5 -0.88835
-94.5 26.5 -1.19575
-94 26.5 -1.02757
-93.5 26.5 -1.08884
-93 26.5 -1.09059
-92.5 26.5 -0.791155
-92 26.5 -0.481226
-91.5 26.5 -0.517159
-91 26.5 -0.775631
-90.5 26.5 -0.799283
-90 26.5 -0.787472
-89.5 26.5 -0.603541
-89 26.5 -0.248189
-88.5 26.5 -0.0849812
-88 26.5 -0.122651
-87.5 26.5 -0.554072
-87 26.5 -1.01779
-86.5 26.5 -1.37693
-86 26.5 -1.49628
-85.5 26.5 -1.40199
-85 26.5 -1.59735
-84.5 26.5 -1.97038
-84 26.5 -2.21237
-83.5 26.5 -1.84081
-83 26.5 -2.14559
-82.5 26.5 -3.66101
-82 26.5 -4.65237
-81.5 26.5 -4.41428
-81 26.5 -4.48863
-119 27 0.361392
-118.5 27 0.46908
-118 27 0.492016
-117.5 27 0.650881
-117 27 0.25287
-116.5 27 -0.0163144
-116 27 -0.234407
-115.5 27 -0.34946
-115 27 -0.662274
-114.5 27 -1.30183
-114 27 -1.75261
-113.5 27 -2.27956
-113 27 -2.86261
-112.5 27 -3.10942
-112 27 -3.18067
-111.5 27 -2.92822
-111 27 -2.54218
-110.5 27 -2.32304
-110 27 -2.23305
-109.5 27 -2.09504
-109 27 -2.01908
-108.5 27 -1.54391
-108 27 -0.875912
-107.5 27 -0.456053
-107 27 -0.119419
-106.5 27 0.000750149
-106 27 -0.150457
-105.5 27 -0.197631
-105 27 -0.567754
-104.5 27 -1.11473
-104 27 -1.43362
-103.5 27 -1.57329
-103 27 -1.85308
-102.5 27 -2.0911
-102 27 -2.11238
-101.5 27 -1.87206
-101 27 -1.91876
-100.5 27 -2.35342
-100 27 -2.28773
-99.5 27 -1.81326
-99 27 -1.43508
-98.5 27 -1.23473
-98 27 -1.04824
-97.5 27 -1.03506
-97 27 -1.20268
-96.5 27 -1.09987
-96 27 -0.603096
-95.5 27 -0.596341
-95 27 -0.957421
-94.5 27 -0.844478
-94 27 -0.954628
-93.5 27 -1.25351
-93 27 -1.28534
-92.5 27 -1.02841
-92 27 -0.667441
-91.5 27 -0.598757
-91 27 -0.87848
-90.5 27 -0.906673
-90 27 -0.704364
-89.5 27 -0.669903
-89 27 -0.471721
-88.5 27 -0.244826
-88 27 -0.448011
-87.5 27 -0.948724
-87 27 -1.42025
-86.5 27 -1.75333
-86 27 -1.58933
-85.5 27 -1.51243
-85 27 -1.88427
-84.5 27 -2.32391
-84 27 -2.22966
-83.5 27 -2.04524
-83 27 -2.95269
-82.5 27 -4.46574
-82 27 -4.89523
-81.5 27 -4.42653
-81 27 -4.2591
-119 27.5 -0.293651
-118.5 27.5 0.0411214
-118 27.5 0.160426
-117.5 27.5 0.492223
-117 27.5 0.519698
-116.5 27.5 0.253036
-116 27.5 -0.00216997
-115.5 27.5 -0.207218
-115 27.5 -0.316287
-114.5 27.5 -0.71662
-114 27.5 -1.38424
-113.5 27.5 -1.92718
-113 27.5 -2.5141
-112.5 27.5 -3.09912
-112 27.5 -3.29913
-111.5 27.5 -3.20375
-111 27.5 -2.91671
-110.5 27.5 -2.58493
-110 27.5 -2.41409
-109.5 27.5 -2.36829
-109 27.5 -2.16701
-108.5 27.5 -1.85202
-108 27.5 -1.44465
-107.5 27.5 -0.770743
-107 27.5 -0.375356
-106.5 27.5 -0.0744904
-106 27.5 -0.00828165
-105.5 27.5 -0.15232
-105 27.5 -0.257124
-104.5 27.5 -0.646116
-104 27.5 -1.49392
-103.5 27.5 -1.86341
-103 27.5 -1.96428
-102.5 27.5 -2.0673
-102 27.5 -1.9167
-101.5 27.5 -1.67985
-101 27.5 -1.75709
-100.5 27.5 -2.45098
-100 27.5 -2.88037
-99.5 27.5 -2.63465
-99 27.5 -1.81126
-98.5 27.5 -0.981986
-98 27.5 -0.981915
-97.5 27.5 -1.26525
-97 27.5 -0.49265
-96.5 27.5 0.4771
-96 27.5 0.0161644
-95.5 27.5 -1.00549
-95 27.5 -1.41432
-94.5 27.5 -1.53336
-94 27.5 -1.54165
-93.5 27.5 -1.60338
-93 27.5 -1.53764
-92.5 27.5 -1.10024
-92 27.5 -0.666682
-91.5 27.5 -0.55127
-91 27.5 -0.735867
-90.5 27.5 -0.638936
-90 27.5 -0.715779
-89.5 27.5 -0.588994
-89 27.5 -0.435363
-88.5 27.5 -0.505766
-88 27.5 -0.685974
-87.5 27.5 -1.12096
-87 27.5 -1.80052
-86.5 27.5 -1.84052
-86 27.5 -1.52428
-85.5 27.5 -1.7174
-85 27.5 -2.24479
-84.5 27.5 -2.47336
-84 27.5 -2.30278
-83.5 27.5 -2.61012
-83 27.5 -3.80916
-82.5 27.5 -4.67224
-82 27.5 -4.41846
-81.5 27.5 -3.50489
-81 27.5 -3.6777
-119 28 -1.04781
-118.5 28 -0.562226
-118 28 -0.199784
-117.5 28 0.224621
-117 28 0.338109
-116.5 28 0.426784
-116 28 0.173622
-115.5 28 0.0138767
-115 28 -0.146696
-114.5 28 -0.331528
-114 28 -0.812238
-113.5 28 -1.44559
-113 28 -2.04785
-112.5 28 -2.77346
-112 28 -3.32406
-111.5 28 -3.38214
-111 28 -3.20986
-110.5 28 -2.93952
-110 28 -2.69593
-109.5 28 -2.59183
-109 28 -2.44285
-108.5 28 -1.98211
-108 28 -1.68015
-107.5 28 -1.36938
-107 28 -0.708066
-106.5 28 -0.218667
-106 28 -0.0556651
-105.5 28 -0.222687
-105 28 -0.179118
-104.5 28 -0.330377
-104 28 -1.35931
-103.5 28 -2.02868
-103 28 -2.08137
-102.5 28 -2.0784
-102 28 -1.62741
-101.5 28 -1.56035
-101 28 -1.93517
-100.5 28 -2.66356
-100 28 -3.10998
-99.5 28 -2.80984
-99 28 -2.24278
-98.5 28 -1.48212
-98 28 -0.740123
-97.5 28 -0.116821
-97 28 0.450168
-96.5 28 0.215926
-96 28 -0.729826
-95.5 28 -1.32937
-95 28 -1.71756
-94.5 28 -1.8376
-94 28 -1.66288
-93.5 28 -1.73216
-93 28 -1.47019
-92.5 28 -0.708686
-92 28 -0.257526
-91.5 28 -0.333144
-91 28 -0.449298
-90.5 28 -0.205359
-90 28 -0.0591554
-89.5 28 -0.148912
-89 28 -0.435444
-88.5 28 -0.62561
-88 28 -0.823369
-87.5 28 -1.36809
-87 28 -1.82791
-86.5 28 -1.68134
-86 28 -1.62526
-85.5 28 -2.07748
-85 28 -2.5437
-84.5 28 -2.53582
-84 28 -2.60221
-83.5 28 -3.27588
-83 28 -4.05417
-82.5 28 -4.32512
-82 28 -3.42307
-81.5 28 -2.74072
-81 28 -3.19511
-119 28.5 -1.46769
-118.5 28.5 -1.32084
-118 28.5 -1.0309
-117.5 28.5 -0.125625
-117 28.5 0.143439
-116.5 28.5 0.216754
-116 28.5 0.15765
-115.5 28.5 0.139269
-115 28.5 0.081847
-114.5 28.5 -0.06819
-114 28.5 -0.374393
-113.5 28.5 -0.841645
-113 28.5 -1.48169
-112.5 28.5 -2.2599
-112 28.5 -3.01928
-111.5 28.5 -3.35892
-111 28.5 -3.36325
-110.5 28.5 -3.28213
-110 28.5 -3.0026
-109.5 28.5 -2.84657
-109 28.5 -2.78142
-108.5 28.5 -2.3685
-108 28.5 -1.83054
-107.5 28.5 -1.52534
-107 28.5 -1.06296
-106.5 28.5 -0.619225
-106 28.5 -0.253865
-105.5 28.5 -0.128671
-105 28.5 -0.318699
-104.5 28.5 -0.166367
-104 28.5 -0.949219
-103.5 28.5 -1.98899
-103 28.5 -2.38492
-102.5 28.5 -2.31641
-102 28.5 -1.50787
-101.5 28.5 -1.43801
-101 28.5 -2.20684
-100.5 28.5 -2.7331
-100 28.5 -3.025
-99.5 28.5 -2.99892
-99 28.5 -2.30088
-98.5 28.5 -1.36746
-98 28.5 -0.718183
-97.5 28.5 0.00800932
-97 28.5 -0.0820612
-96.5 28.5 -0.7628
-96 28.5 -0.743729
-95.5 28.5 -0.705076
-95 28.5 -1.217
-94.5 28.5 -1.47841
-94 28.5 -1.38588
-93.5 28.5 -1.41966
-93 28.5 -1.06425
-92.5 28.5 -0.272334
-92 28.5 0.127881
-91.5 28.5 -0.0837074
-91 28.5 -0.0596224
-90.5 28.5 0.31718
-90 28.5 0.219783
-89.5 28.5 0.10517
-89 28.5 -0.386434
-88.5 28.5 -0.970035
-88 28.5 -1.21784
-87.5 28.5 -1.61498
-87 28.5 -1.72527
-86.5 28.5 -1.64271
-86 28.5 -1.92054
-85.5 28.5 -2.55878
-85 28.5 -2.79488
-84.5 28.5 -2.82526
-84 28.5 -3.13265
-83.5 28.5 -3.65706
-83 28.5 -3.95365
-82.5 28.5 -3.66508
-82 28.5 -2.20156
-81.5 28.5 -1.79256
-81 28.5 -2.04542
-119 29 -1.37598
-118.5 29 -1.74076
-118 29 -1.9191
-117.5 29 -1.04466
-117 29 -0.205415
-116.5 29 0.198281
-116 29 0.0264167
-115.5 29 -0.0655396
-115 29 0.12186
-114.5 29 0.143445
-114 29 0.0241672
-113.5 29 -0.310923
-113 29 -0.807741
-112.5 29 -1.5938
-112 29 -2.51778
-111.5 29 -3.19675
-111 29 -3.40511
-110.5 29 -3.43016
-110 29 -3.34859
-109.5 29 -3.15141
-109 29 -3.09846
-108.5 29 -2.8797
-108 29 -2.21698
-107.5 29 -1.61984
-107 29 -1.39805
-106.5 29 -1.01535
-106 29 -0.682057
-105.5 29 -0.447136
-105 29 -0.123717
-104.5 29 -0.00991642
-104 29 -0.720299
-103.5 29 -1.5905
-103 29 -2.27398
-102.5 29 -2.53414
-102 29 -1.65651
-101.5 29 -1.44875
-101 29 -2.27245
-100.5 29 -2.76543
-100 29 -3.0186
-99.5 29 -2.91479
-99 29 -1.99314
-98.5 29 -1.03417
-98 29 -0.557114
-97.5 29 -0.503348
-97 29 -0.566166
-96.5 29 -0.865083
-96 29 -0.994045
-95.5 29 -0.476423
-95 29 -0.680996
-94.5 29 -1.24646
-94 29 -1.2043
-93.5 29 -1.16329
-93 29 -0.795705
-92.5 29 -0.14783
-92 29 -0.166673
-91.5 29 -0.382037
-91 29 -0.235975
-90.5 29 -0.145092
-90 29 -0.254736
-89.5 29 -0.438475
-89 29 -1.1756
-88.5 29 -1.72224
-88 29 -1.81749
-87.5 29 -1.83725
-87 29 -1.68459
-86.5 29 -1.82062
-86 29 -2.55323
-85.5 29 -3.05958
-85 29 -3.10951
-84.5 29 -3.21444
-84 29 -3.35265
-83.5 29 -3.37514
-83 29 -2.94059
-82.5 29 -2.06021
-82 29 -0.615055
-81.5 29 -0.51374
-81 29 -1.28664
-119 29.5 -0.906797
-118.5 29.5 -1.40814
-118 29.5 -2.29132
-117.5 29.5 -1.85243
-117 29.5 -1.08815
-116.5 29.5 -0.180407
-116 29.5 0.128688
-115.5 29.5 -0.179547
-115 29.5 -0.179393
-114.5 29.5 0.0616854
-114 29.5 0.165796
-113.5 29.5 0.069055
-113 29.5 -0.218169
-112.5 29.5 -0.781304
-112 29.5 -1.72517
-111.5 29.5 -2.74016
-111 29.5 -3.40425
-110.5 29.5 -3.64285
-110 29.5 -3.57173
-109.5 29.5 -3.47837
-109 29.5 -3.42639
-108.5 29.5 -3.29741
-108 29.5 -2.86695
-107.5 29.5 -2.1242
-107 29.5 -1.45441
-106.5 29.5 -1.19321
-106 29.5 -1.09542
-105.5 29.5 -1.01076
-105 29.5 -0.460805
-104.5 29.5 -0.0240311
-104 29.5 -0.463827
-103.5 29.5 -1.30098
-103 29.5 -1.97951
-102.5 29.5 -2.23879
-102 29.5 -1.29964
-101.5 29.5 -1.18309
-101 29.5 -2.19868
-100.5 29.5 -2.72139
-100 29.5 -2.93734
-99.5 29.5 -2.83636
-99 29.5 -1.95411
-98.5 29.5 -0.887107
-98 29.5 -0.599892
-97.5 29.5 -0.783926
-97 29.5 -0.850605
-96.5 29.5 -1.18385
-96 29.5 -1.17666
-95.5 29.5 -0.798638
-95 29.5 -1.10655
-94.5 29.5 -1.45674
-94 29.5 -1.34843
-93.5 29.5 -1.26954
-93 29.5 -0.947784
-92.5 29.5 -0.929518
-92 29.5 -0.778124
-91.5 29.5 -0.84413
-91 29.5 -1.09699
-90.5 29.5 -1.08162
-90 29.5 -0.939109
-89.5 29.5 -1.01238
-89 29.5 -1.46138
-88.5 29.5 -1.89292
-88 29.5 -1.87721
-87.5 29.5 -1.72823
-87 29.5 -1.71177
-86.5 29.5 -2.35264
-86 29.5 -3.13457
-85.5 29.5 -3.34634
-85 29.5 -3.27761
-84.5 29.5 -2.94229
-84 29.5 -2.43767
-83.5 29.5 -1.87794
-83 29.5 -1.13184
-82.5 29.5 -0.447315
-82 29.5 0.284225
-81.5 29.5 -0.526819
-81 29.5 -1.69905
-119 30 -0.261592
-118.5 30 -0.55756
-118 30 -1.98466
-117.5 30 -2.08831
-117 30 -1.84057
-116.5 30 -0.942746
-116 30 -0.18935
-115.5 30 -0.0890486
-115 30 -0.277017
-114.5 30 -0.283513
-114 30 -0.112528
-113.5 30 -0.0091786
-113 30 -0.00218708
-112.5 30 -0.171056
-112 30 -0.842677
-111.5 30 -1.9262
-111 30 -2.93803
-110.5 30 -3.65144
-110 30 -3.88213
-109.5 30 -3.77398
-109 30 -3.7756
-108.5 30 -3.65596
-108 30 -3.36326
-107.5 30 -2.83471
-107 30 -2.0789
-106.5 30 -1.62217
-106 30 -1.32732
-105.5 30 -1.14463
-105 30 -1.04307
-104.5 30 -0.588776
-104 30 -0.462759
-103.5 30 -1.03415
-103 30 -1.6825
-102.5 30 -1.807
-102 30 -1.05724
-101.5 30 -0.891084
-101 30 -1.68749
-100.5 30 -2.31667
-100 30 -2.86247
-99.5 30 -2.77994
-99 30 -1.85663
-98.5 30 -1.12585
-98 30 -0.917538
-97.5 30 -0.806146
-97 30 -1.13579
-96.5 30 -1.52485
-96 30 -1.30166
-95.5 30 -1.01963
-95 30 -1.48532
-94.5 30 -1.81231
-94 30 -1.55254
-93.5 30 -1.34214
-93 30 -0.84521
-92.5 30 -0.465853
-92 30 -0.556472
-91.5 30 -1.05723
-91 30 -1.11112
-90.5 30 -0.951166
-90 30 -0.873997
-89.5 30 -0.969193
-89 30 -1.25197
-88.5 30 -1.69857
-88 30 -1.87787
-87.5 30 -1.94236
-87 30 -2.30809
-86.5 30 -3.00407
-86 30 -3.37251
-85.5 30 -2.98204
-85 30 -2.3633
-84.5 30 -1.42297
-84 30 -0.937439
-83.5 30 -0.74037
-83 30 -0.580702
-82.5 30 -0.594971
-82 30 -0.665219
-81.5 30 -1.5073
-81 30 -2.27007
-119 30.5 0.0540583
-118.5 30.5 0.346399
-118 30.5 -0.90808
-117.5 30.5 -1.65569
-117 30.5 -1.90028
-116.5 30.5 -1.6019
-116 30.5 -0.785807
-115.5 30.5 -0.382014
-115 30.5 -0.334732
-114.5 30.5 -0.379325
-114 30.5 -0.519113
-113.5 30.5 -0.48486
-113 30.5 -0.323308
-112.5 30.5 -0.100944
-112 30.5 -0.243936
-111.5 30.5 -0.956075
-111 30.5 -1.97017
-110.5 30.5 -2.97318
-110 30.5 -3.66494
-109.5 30.5 -3.84376
-109 30.5 -3.95144
-108.5 30.5 -4.00894
-108 30.5 -3.71372
-107.5 30.5 -3.35965
-107 30.5 -2.87926
-106.5 30.5 -2.25259
-106 30.5 -1.82383
-105.5 30.5 -1.47102
-105 30.5 -1.31531
-104.5 30.5 -1.0574
-104 30.5 -0.72277
-103.5 30.5 -0.848698
-103 30.5 -1.37214
-102.5 30.5 -1.65972
-102 30.5 -1.09249
-101.5 30.5 -0.424671
-101 30.5 -0.904646
-100.5 30.5 -1.98569
-100 30.5 -2.6661
-99.5 30.5 -2.50518
-99 30.5 -1.78759
-98.5 30.5 -1.2135
-98 30.5 -1.00803
-97.5 30.5 -1.05447
-97 30.5 -1.28733
-96.5 30.5 -1.51437
-96 30.5 -1.41073
-95.5 30.5 -1.04829
-95 30.5 -1.13101
-94.5 30.5 -1.24491
-94 30.5 -1.32818
-93.5 30.5 -1.39637
-93 30.5 -0.713574
-92.5 30.5 -0.223141
-92 30.5 -0.584413
-91.5 30.5 -0.969762
-91 30.5 -1.0102
-90.5 30.5 -0.796871
-90 30.5 -0.918425
-89.5 30.5 -1.14711
-89 30.5 -1.47426
-88.5 30.5 -1.84013
-88 30.5 -2.08151
-87.5 30.5 -2.35487
-87 30.5 -2.66633
-86.5 30.5 -2.91349
-86 30.5 -2.67981
-85.5 30.5 -2.1388
-85 30.5 -1.56297
-84.5 30.5 -1.06321
-84 30.5 -1.08632
-83.5 30.5 -1.03529
-83 30.5 -0.880336
-82.5 30.5 -0.96252
-82 30.5 -0.964006
-81.5 30.5 -1.41113
-81 30.5 -1.91781
-119 31 -0.169883
-118.5 31 0.109836
-118 31 -0.133284
-117.5 31 -0.506466
-117 31 -1.23886
-116.5 31 -1.66039
-116 31 -1.284
-115.5 31 -0.715218
-115 31 -0.609054
-114.5 31 -0.471231
-114 31 -0.556921
-113.5 31 -0.777132
-113 31 -0.792824
-112.5 31 -0.458429
-112 31 -0.2751
-111.5 31 -0.466271
-111 31 -1.03443
-110.5 31 -1.85221
-110 31 -2.60684
-109.5 31 -2.99873
-109 31 -3.36052
-108.5 31 -3.88081
-108 31 -3.7934
-107.5 31 -3.45412
-107 31 -3.29424
-106.5 31 -2.98527
-106 31 -2.6592
-105.5 31 -2.32764
-105 31 -1.70645
-104.5 31 -1.16738
-104 31 -0.842593
-103.5 31 -0.896166
-103 31 -0.980543
-102.5 31 -0.996136
-102 31 -0.966047
-101.5 31 -0.532071
-101 31 -0.510281
-100.5 31 -1.506
-100 31 -2.20815
-99.5 31 -1.97823
-99 31 -1.59204
-98.5 31 -1.29463
-98 31 -1.05127
-97.5 31 -1.2502
-97 31 -1.65096
-96.5 31 -1.79395
-96 31 -1.51581
-95.5 31 -0.954397
-95 31 -0.956822
-94.5 31 -1.26548
-94 31 -1.58101
-93.5 31 -1.46149
-93 31 -0.76391
-92.5 31 -0.485797
-92 31 -0.625847
-91.5 31 -0.885115
-91 31 -1.0382
-90.5 31 -0.709012
-90 31 -0.750675
-89.5 31 -1.2043
-89 31 -1.60024
-88.5 31 -1.77948
-88 31 -2.06438
-87.5 31 -2.31804
-87 31 -2.39916
-86.5 31 -2.3709
-86 31 -2.14791
-85.5 31 -1.78545
-85 31 -1.34926
-84.5 31 -1.00925
-84 31 -0.777382
-83.5 31 -0.546878
-83 31 -0.442621
-82.5 31 -0.647375
-82 31 -0.604567
-81.5 31 -1.01932
-81 31 -1.48837
-119 31.5 -0.500739
-118.5 31.5 -0.468871
-118 31.5 -0.822074
-117.5 31.5 -0.486783
-117 31.5 -0.75265
-116.5 31.5 -1.32395
-116 31.5 -1.6232
-115.5 31.5 -0.959452
-115 31.5 -0.526086
-114.5 31.5 -0.327787
-114 31.5 -0.273886
-113.5 31.5 -0.539753
-113 31.5 -0.77092
-112.5 31.5 -0.653251
-112 31.5 -0.386581
-111.5 31.5 -0.456616
-111 31.5 -0.847746
-110.5 31.5 -1.55726
-110 31.5 -2.14426
-109.5 31.5 -2.31353
-109 31.5 -2.39653
-108.5 31.5 -2.8531
-108 31.5 -3.08104
-107.5 31.5 -2.92098
-107 31.5 -3.05348
-106.5 31.5 -3.11724
-106 31.5 -3.00332
-105.5 31.5 -3.09492
-105 31.5 -2.56849
-104.5 31.5 -1.61888
-104 31.5 -1.0194
-103.5 31.5 -0.583494
-103 31.5 -0.555051
-102.5 31.5 -0.683637
-102 31.5 -0.771591
-101.5 31.5 -0.646534
-101 31.5 -0.544296
-100.5 31.5 -1.1249
-100 31.5 -1.52236
-99.5 31.5 -1.54166
-99 31.5 -1.53836
-98.5 31.5 -1.30354
-98 31.5 -1.21201
-97.5 31.5 -1.61483
-97 31.5 -1.8999
-96.5 31.5 -1.8462
-96 31.5 -1.4219
-95.5 31.5 -0.958021
-95 31.5 -1.14668
-94.5 31.5 -1.3932
-94 31.5 -1.41302
-93.5 31.5 -1.18344
-93 31.5 -0.806535
-92.5 31.5 -0.578228
-92 31.5 -0.453919
-91.5 31.5 -0.539039
-91 31.5 -0.587071
-90.5 31.5 -0.389767
-90 31.5 -0.788451
-89.5 31.5 -1.43218
-89 31.5 -1.6694
-88.5 31.5 -1.78103
-88 31.5 -1.98648
-87.5 31.5 -2.19585
-87 31.5 -2.09553
-86.5 31.5 -1.84384
-86 31.5 -1.43775
-85.5 31.5 -1.04976
-85 31.5 -0.641181
-84.5 31.5 -0.37944
-84 31.5 -0.310359
-83.5 31.5 -0.299449
-83 31.5 -0.441594
-82.5 31.5 -0.647697
-82 31.5 -0.426677
-81.5 31.5 -0.670047
-81 31.5 -0.977105
-119 32 -0.916262
-118.5 32 -0.783842
-118 32 -1.18003
-117.5 32 -1.27673
-117 32 -1.23321
-116.5 32 -1.38536
-116 32 -1.90731
-115.5 32 -1.5325
-115 32 -0.697933
-114.5 32 -0.075944
-114 32 0.239145
-113.5 32 -0.0568831
-113 32 -0.490731
-112.5 32 -0.655999
-112 32 -0.499741
-111.5 32 -0.392089
-111 32 -0.569785
-110.5 32 -1.3105
-110 32 -2.17411
-109.5 32 -2.60216
-109 32 -2.62579
-108.5 32 -2.65854
-108 32 -2.552
-107.5 32 -2.4026
-107 32 -2.65239
-106.5 32 -2.82771
-106 32 -2.74492
-105.5 32 -2.96206
-105 32 -3.1607
-104.5 32 -2.54795
-104 32 -1.47373
-103.5 32 -0.432086
-103 32 0.0310008
-102.5 32 -0.222207
-102 32 -0.607583
-101.5 32 -0.704331
-101 32 -0.789239
-100.5 32 -0.96635
-100 32 -1.17878
-99.5 32 -1.43296
-99 32 -1.51263
-98.5 32 -1.55607
-98 32 -1.52072
-97.5 32 -1.69154
-97 32 -1.81951
-96.5 32 -1.75873
-96 32 -1.54221
-95.5 32 -1.23859
-95 32 -1.34638
-94.5 32 -1.5085
-94 32 -1.25575
-93.5 32 -0.93441
-93 32 -0.716822
-92.5 32 -0.413281
-92 32 -0.13622
-91.5 32 -0.252045
-91 32 -0.439321
-90.5 32 -0.658177
-90 32 -1.26768
-89.5 32 -1.65075
-89 32 -1.76538
-88.5 32 -1.78839
-88 32 -1.98154
-87.5 32 -2.10699
-87 32 -1.72393
-86.5 32 -1.36368
-86 32 -1.02567
-85.5 32 -0.671247
-85 32 -0.326059
-84.5 32 -0.185351
-84 32 -0.0969991
-83.5 32 -0.139914
-83 32 -0.134767
-82.5 32 -0.0253713
-82 32 0.426354
-81.5 32 0.274787
-81 32 -0.131467
-119 32.5 -0.532503
-118.5 32.5 -0.677129
-118 32.5 -0.821392
-117.5 32.5 -0.93659
-117 32.5 -1.04624
-116.5 32.5 -1.00992
-116 32.5 -1.5737
-115.5 32.5 -1.9858
-115 32.5 -1.51219
-114.5 32.5 -0.712364
-114 32.5 0.143825
-113.5 32.5 0.390246
-113 32.5 0.0461317
-112.5 32.5 -0.318983
-112 32.5 -0.513392
-111.5 32.5 -0.522188
-111 32.5 -0.469463
-110.5 32.5 -0.967029
-110 32.5 -1.84859
-109.5 32.5 -2.63445
-109 32.5 -3.0909
-108.5 32.5 -3.19202
-108 32.5 -2.92535
-107.5 32.5 -2.53655
-107 32.5 -2.7276
-106.5 32.5 -2.8648
-106 32.5 -2.5246
-105.5 32.5 -2.6649
-105 32.5 -3.15858
-104.5 32.5 -3.00165
-104 32.5 -1.94916
-103.5 32.5 -0.646743
-103 32.5 0.0947615
-102.5 32.5 0.0287614
-102 32.5 -0.298662
-101.5 32.5 -0.591513
-101 32.5 -0.797166
-100.5 32.5 -0.861502
-100 32.5 -1.18547
-99.5 32.5 -1.5334
-99 32.5 -1.58289
-98.5 32.5 -1.61061
-98 32.5 -1.74481
-97.5 32.5 -1.88829
-97 32.5 -1.83701
-96.5 32.5 -1.88671
-96 32.5 -1.8757
-95.5 32.5 -1.61823
-95 32.5 -1.63715
-94.5 32.5 -1.5275
-94 32.5 -1.05352
-93.5 32.5 -0.725962
-93 32.5 -0.441737
-92.5 32.5 -0.161958
-92 32.5 -0.138588
-91.5 32.5 -0.562706
-91 32.5 -0.959275
-90.5 32.5 -1.31546
-90 32.5 -1.62635
-89.5 32.5 -1.76158
-89 32.5 -1.69147
-88.5 32.5 -1.60606
-88 32.5 -1.89197
-87.5 32.5 -1.83185
-87 32.5 -1.40277
-86.5 32.5 -1.04742
-86 32.5 -0.674629
-85.5 32.5 -0.217529
-85 32.5 0.100466
-84.5 32.5 0.314715
-84 32.5 0.398287
-83.5 32.5 0.403957
-83 32.5 0.586863
-82.5 32.5 0.839213
-82 32.5 1.16328
-81.5 32.5 0.84865
-81 32.5 0.394417
-119 33 -0.437762
-118.5 33 -0.541419
-118 33 -0.692473
-117.5 33 -0.642204
-117 33 -0.89109
-116.5 33 -0.654134
-116 33 -0.619003
-115.5 33 -1.2331
-115 33 -1.71351
-114.5 33 -1.73038
-114 33 -0.99418
-113.5 33 -0.178757
-113 33 0.195896
-112.5 33 0.271349
-112 33 0.20219
-111.5 33 0.00683031
-111 33 -0.0585506
-110.5 33 -0.390759
-110 33 -1.17112
-109.5 33 -2.28503
-109 33 -3.20189
-108.5 33 -3.60732
-108 33 -3.6455
-107.5 33 -3.28284
-107 33 -3.02945
-106.5 33 -2.939
-106 33 -2.56837
-105.5 33 -2.41522
-105 33 -2.78274
-104.5 33 -2.93887
-104 33 -2.20406
-103.5 33 -0.940274
-103 33 -0.221783
-102.5 33 0.187372
-102 33 0.261636
-101.5 33 -0.236975
-101 33 -0.677672
-100.5 33 -0.855605
-100 33 -1.15508
-99.5 33 -1.49703
-99 33 -1.59877
-98.5 33 -1.86401
-98 33 -2.10865
-97.5 33 -1.99639
-97 33 -1.98809
-96.5 33 -2.1842
-96 33 -2.07146
-95.5 33 -1.84991
-95 33 -1.68744
-94.5 33 -1.30881
-94 33 -0.822365
-93.5 33 -0.467633
-93 33 -0.31025
-92.5 33 -0.442128
-92 33 -0.794671
-91.5 33 -1.23975
-91 33 -1.51325
-90.5 33 -1.61707
-90 33 -1.57206
-89.5 33 -1.48009
-89 33 -1.42895
-88.5 33 -1.61434
-88 33 -1.85014
-87.5 33 -1.70552
-87 33 -1.2351
-86.5 33 -0.778749
-86 33 -0.348183
-85.5 33 0.107443
-85 33 0.407957
-84.5 33 0.614855
-84 33 0.663571
-83.5 33 0.850783
-83 33 0.984358
-82.5 33 1.08698
-82 33 1.24298
-81.5 33 0.873647
-81 33 0.524398
-119 33.5 -1.37705
-118.5 33.5 -1.00896
-118 33.5 -0.893351
-117.5 33.5 -0.634413
-117 33.5 -0.933281
-116.5 33.5 -0.975539
-116 33.5 -0.703475
-115.5 33.5 -0.595745
-115 33.5 -0.856825
-114.5 33.5 -1.46995
-114 33.5 -1.82686
-113.5 33.5 -1.37061
-113 33.5 -0.64332
-112.5 33.5 -0.101799
-112 33.5 0.232569
-111.5 33.5 0.622608
-111 33.5 0.743128
-110.5 33.5 0.564449
-110 33.5 0.131628
-109.5 33.5 -0.771235
-109 33.5 -2.38431
-108.5 33.5 -3.35932
-108 33.5 -3.85518
-107.5 33.5 -3.90377
-107 33.5 -3.71032
-106.5 33.5 -3.38137
-106 33.5 -2.78461
-105.5 33.5 -2.33167
-105 33.5 -2.41641
-104.5 33.5 -2.50872
-104 33.5 -2.14922
-103.5 33.5 -1.30303
-103 33.5 -0.487494
-102.5 33.5 0.195858
-102 33.5 0.540105
-101.5 33.5 0.224597
-101 33.5 -0.407235
-100.5 33.5 -0.82325
-100 33.5 -1.09587
-99.5 33.5 -1.44612
-99 33.5 -1.65834
-98.5 33.5 -1.96365
-98 33.5 -2.2123
-97.5 33.5 -2.20348
-97 33.5 -2.27027
-96.5 33.5 -2.22122
-96 33.5 -2.07429
-95.5 33.5 -1.82933
-95 33.5 -1.35759
-94.5 33.5 -0.900458
-94 33.5 -0.471186
-93.5 33.5 -0.320489
-93 33.5 -0.516748
-92.5 33.5 -0.965577
-92 33.5 -1.31502
-91.5 33.5 -1.44698
-91 33.5 -1.48281
-90.5 33.5 -1.48842
-90 33.5 -1.39405
-89.5 33.5 -1.37563
-89 33.5 -1.49641
-88.5 33.5 -1.71907
-88 33.5 -1.88666
-87.5 33.5 -1.51048
-87 33.5 -0.876698
-86.5 33.5 -0.438856
-86 33.5 0.018633
-85.5 33.5 0.365286
-85 33.5 0.650564
-84.5 33.5 0.881485
-84 33.5 0.996185
-83.5 33.5 1.13627
-83 33.5 1.26878
-82.5 33.5 1.33253
-82 33.5 1.46703
-81.5 33.5 1.11009
-81 33.5 0.773342
-119 34 -2.11284
-118.5 34 -1.76934
-118 34 -1.3829
-117.5 34 -0.746646
-117 34 -0.758399
-116.5 34 -0.949267
-116 34 -0.938785
-115.5 34 -0.697691
-115 34 -0.390836
-114.5 34 -0.444667
-114 34 -1.08651
-113.5 34 -1.6667
-113 34 -1.45237
-112.5 34 -0.985197
-112 34 -0.482458
-111.5 34 -0.0918573
-111 34 0.574083
-110.5 34 0.945961
-110 34 0.934971
-109.5 34 0.683888
-109 34 -0.599269
-108.5 34 -2.16834
-108 34 -3.23384
-107.5 34 -3.9905
-107 34 -3.96571
-106.5 34 -3.80048
-106 34 -3.38814
-105.5 34 -2.75513
-105 34 -2.33814
-104.5 34 -2.24084
-104 34 -2.04025
-103.5 34 -1.40959
-103 34 -0.659418
-102.5 34 0.0648399
-102 34 0.569211
-101.5 34 0.400942
-101 34 -0.0531985
-100.5 34 -0.585842
-100 34 -1.08613
-99.5 34 -1.49886
-99 34 -1.82263
-98.5 34 -1.96964
-98 34 -2.17657
-97.5 34 -2.37319
-97 34 -2.4234
-96.5 34 -2.34916
-96 34 -2.02124
-95.5 34 -1.36071
-95 34 -0.889033
-94.5 34 -0.561994
-94 34 -0.374732
-93.5 34 -0.442424
-93 34 -0.748881
-92.5 34 -1.2026
-92 34 -1.36619
-91.5 34 -1.35801
-91 34 -1.43603
-90.5 34 -1.45078
-90 34 -1.32817
-89.5 34 -1.23205
-89 34 -1.48803
-88.5 34 -1.65215
-88 34 -1.40568
-87.5 34 -0.732119
-87 34 -0.117187
-86.5 34 0.237789
-86 34 0.473481
-85.5 34 0.704321
-85 34 0.84436
-84.5 34 0.996647
-84 34 1.18566
-83.5 34 1.33805
-83 34 1.61224
-82.5 34 1.6232
-82 34 1.73744
-81.5 34 1.3858
-81 34 1.06651
-119 34.5 -2.95063
-118.5 34.5 -2.90823
-118 34.5 -2.54028
-117.5 34.5 -1.6344
-117 34.5 -1.27484
-116.5 34.5 -1.24746
-116 34.5 -1.20856
-115.5 34.5 -0.975077
-115 34.5 -0.409218
-114.5 34.5 0.0253507
-114 34.5 0.0378235
-113.5 34.5 -0.677447
-113 34.5 -1.19014
-112.5 34.5 -1.33556
-112 34.5 -1.06924
-111.5 34.5 -0.757188
-111 34.5 -0.279179
-110.5 34.5 0.321546
-110 34.5 0.886878
-109.5 34.5 1.16785
-109 34.5 0.597963
-108.5 34.5 -0.794903
-108 34.5 -2.03604
-107.5 34.5 -3.33036
-107 34.5 -3.95893
-106.5 34.5 -3.82879
-106 34.5 -3.7101
-105.5 34.5 -3.29175
-105 34.5 -2.72497
-104.5 34.5 -2.36253
-104 34.5 -1.99076
-103.5 34.5 -1.40358
-103 34.5 -0.733148
-102.5 34.5 -0.134736
-102 34.5 0.305017
-101.5 34.5 0.452384
-101 34.5 0.139955
-100.5 34.5 -0.45478
-100 34.5 -0.972882
-99.5 34.5 -1.50163
-99 34.5 -1.96249
-98.5 34.5 -2.04743
-98 34.5 -2.23392
-97.5 34.5 -2.56407
-97 34.5 -2.68555
-96.5 34.5 -2.42304
-96 34.5 -1.67153
-95.5 34.5 -0.998476
-95 34.5 -0.812295
-94.5 34.5 -0.692231
-94 34.5 -0.576683
-93.5 34.5 -0.612339
-93 34.5 -1.07391
-92.5 34.5 -1.48137
-92 34.5 -1.47455
-91.5 34.5 -1.37581
-91 34.5 -1.31656
-90.5 34.5 -1.15879
-90 34.5 -0.900715
-89.5 34.5 -1.00974
-89 34.5 -1.22253
-88.5 34.5 -0.928765
-88 34.5 -0.360953
-87.5 34.5 0.241053
-87 34.5 0.598011
-86.5 34.5 0.65255
-86 34.5 0.751181
-85.5 34.5 0.871687
-85 34.5 1.02073
-84.5 34.5 1.22738
-84 34.5 1.3682
-83.5 34.5 1.42856
-83 34.5 1.57105
-82.5 34.5 1.57733
-82 34.5 1.7124
-81.5 34.5 1.43128
-81 34.5 1.22122
-119 35 -3.61035
-118.5 35 -3.61633
-118 35 -3.61961
-117.5 35 -2.90685
-117 35 -2.18196
-116.5 35 -1.88429
-116 35 -1.74085
-115.5 35 -1.50225
-115 35 -0.926112
-114.5 35 -0.153692
-114 35 0.421098
-113.5 35 0.346282
-113 35 -0.254809
-112.5 35 -0.616824
-112 35 -0.929101
-111.5 35 -0.856194
-111 35 -0.802036
-110.5 35 -0.444936
-110 35 0.187266
-109.5 35 0.860848
-109 35 0.929597
-108.5 35 0.125218
-108 35 -1.00115
-107.5 35 -2.19638
-107 35 -3.40547
-106.5 35 -3.66638
-106 35 -3.55512
-105.5 35 -3.37081
-105 35 -2.97031
-104.5 35 -2.53855
-104 35 -2.10259
-103.5 35 -1.41297
-103 35 -0.669574
-102.5 35 -0.128869
-102 35 0.0573273
-101.5 35 0.146956
-101 35 0.0771998
-100.5 35 -0.366321
-100 35 -0.954683
-99.5 35 -1.53709
-99 35 -2.07398
-98.5 35 -2.35599
-98 35 -2.48034
-97.5 35 -2.59726
-97 35 -2.53204
-96.5 35 -2.07847
-96 35 -1.37641
-95.5 35 -1.01359
-95 35 -0.939761
-94.5 35 -0.808851
-94 35 -0.664294
-93.5 35 -0.968675
-93 35 -1.4687
-92.5 35 -1.56105
-92 35 -1.31031
-91.5 35 -1.00232
-91 35 -0.744383
-90.5 35 -0.483233
-90 35 -0.386326
-89.5 35 -0.495566
-89 35 -0.362958
-88.5 35 0.0271585
-88 35 0.509308
-87.5 35 0.88741
-87 35 0.900504
-86.5 35 1.0011
-86 35 1.12606
-85.5 35 1.19253
-85 35 1.42066
-84.5 35 1.41134
-84 35 1.32072
-83.5 35 1.36109
-83 35 1.59215
-82.5 35 1.60238
-82 35 1.71077
-81.5 35 1.54205
-81 35 1.23005
-119 35.5 -3.34398
-118.5 35.5 -3.38059
-118 35.5 -3.59842
-117.5 35.5 -3.32238
-117 35.5 -2.75078
-116.5 35.5 -2.24646
-116 35.5 -1.99395
-115.5 35.5 -1.8601
-115 35.5 -1.56734
-114.5 35.5 -0.867597
-114 35.5 -0.0398195
-113.5 35.5 0.476907
-113 35.5 0.443004
-112.5 35.5 0.162728
-112 35.5 -0.20632
-111.5 35.5 -0.407916
-111 35.5 -0.560411
-110.5 35.5 -0.744417
-110 35.5 -0.481513
-109.5 35.5 0.170813
-109 35.5 0.594606
-108.5 35.5 0.462733
-108 35.5 -0.205786
-107.5 35.5 -1.13652
-107 35.5 -2.35185
-106.5 35.5 -3.17545
-106 35.5 -3.34137
-105.5 35.5 -3.26685
-105 35.5 -2.8967
-104.5 35.5 -2.46528
-104 35.5 -2.09097
-103.5 35.5 -1.48993
-103 35.5 -0.710435
-102.5 35.5 -0.128151
-102 35.5 0.083258
-101.5 35.5 0.0753438
-101 35.5 -0.0957032
-100.5 35.5 -0.453074
-100 35.5 -1.13562
-99.5 35.5 -1.79415
-99 35.5 -2.11527
-98.5 35.5 -2.35248
-98 35.5 -2.38139
-97.5 35.5 -2.18397
-97 35.5 -1.87056
-96.5 35.5 -1.50759
-96 35.5 -1.19559
-95.5 35.5 -0.967395
-95 35.5 -0.797734
-94.5 35.5 -0.600034
-94 35.5 -0.601393
-93.5 35.5 -0.902871
-93 35.5 -1.11748
-92.5 35.5 -0.940104
-92 35.5 -0.444231
-91.5 35.5 -0.0484054
-91 35.5 0.15992
-90.5 35.5 0.261578
-90 35.5 0.21323
-89.5 35.5 0.11443
-89 35.5 0.203999
-88.5 35.5 0.55595
-88 35.5 0.914851
-87.5 35.5 1.07546
-87 35.5 1.22879
-86.5 35.5 1.40458
-86 35.5 1.46269
-85.5 35.5 1.52348
-85 35.5 1.66803
-84.5 35.5 1.56943
-84 35.5 1.509
-83.5 35.5 1.55317
-83 35.5 1.54026
-82.5 35.5 1.43549
-82 35.5 1.50121
-81.5 35.5 1.28174
-81 35.5 0.944909
-119 36 -2.47239
-118.5 36 -2.7602
-118 36 -3.13612
-117.5 36 -3.00674
-117 36 -2.75518
-116.5 36 -2.33667
-116 36 -1.9871
-115.5 36 -1.93563
-115 36 -1.91985
-114.5 36 -1.6585
-114 36 -1.10814
-113.5 36 -0.365385
-113 36 0.171515
-112.5 36 0.409369
-112 36 0.348693
-111.5 36 0.0779616
-111 36 -0.0473117
-110.5 36 -0.349498
-110 36 -0.657251
-109.5 36 -0.453722
-109 36 -0.0480797
-108.5 36 0.218422
-108 36 0.17216
-107.5 36 -0.276089
-107 36 -1.13791
-106.5 36 -2.18886
-106 36 -2.68848
-105.5 36 -2.89045
-105 36 -2.75396
-104.5 36 -2.36009
-104 36 -1.89832
-103.5 36 -1.5666
-103 36 -0.952114
-102.5 36 -0.236051
-102 36 0.0675143
-101.5 36 -0.13923
-101 36 -0.296583
-100.5 36 -0.52666
-100 36 -1.09994
-99.5 36 -1.60005
-99 36 -1.93363
-98.5 36 -2.01956
-98 36 -1.95902
-97.5 36 -1.7269
-97 36 -1.30902
-96.5 36 -1.13737
-96 36 -1.02165
-95.5 36 -0.659653
-95 36 -0.349544
-94.5 36 -0.156775
-94 36 -0.196941
-93.5 36 -0.334106
-93 36 -0.31503
-92.5 36 0.0629006
-92 36 0.441624
-91.5 36 0.583681
-91 36 0.570562
-90.5 36 0.470128
-90 36 0.349378
-89.5 36 0.219442
-89 36 0.382609
-88.5 36 0.651348
-88 36 0.874696
-87.5 36 1.21827
-87 36 1.48253
-86.5 36 1.57914
-86 36 1.64377
-85.5 36 1.74711
-85 36 1.69231
-84.5 36 1.59283
-84 36 1.50105
-83.5 36 1.34401
-83 36 1.07558
-82.5 36 0.853378
-82 36 0.973849
-81.5 36 0.73876
-81 36 0.765428
-119 36.5 -1.51538
-118.5 36.5 -1.77552
-118 36.5 -2.22945
-117.5 36.5 -2.38839
-117 36.5 -2.39891
-116.5 36.5 -2.24415
-116 36.5 -1.9622
-115.5 36.5 -1.90148
-115 36.5 -2.1259
-114.5 36.5 -2.26762
-114 36.5 -2.16047
-113.5 36.5 -1.65784
-113 36.5 -0.962397
-112.5 36.5 -0.319419
-112 36.5 0.154007
-111.5 36.5 0.228119
-111 36.5 0.155212
-110.5 36.5 0.0369127
-110 36.5 -0.38074
-109.5 36.5 -0.634206
-109 36.5 -0.639282
-108.5 36.5 -0.448052
-108 36.5 -0.172557
-107.5 36.5 -0.189544
-107 36.5 -0.462213
-106.5 36.5 -1.20319
-106 36.5 -1.83625
-105.5 36.5 -2.1628
-105 36.5 -2.24563
-104.5 36.5 -2.05529
-104 36.5 -1.68182
-103.5 36.5 -1.34885
-103 36.5 -1.03392
-102.5 36.5 -0.48835
-102 36.5 -0.116317
-101.5 36.5 -0.160826
-98.5 36.5 -1.69563
-98 36.5 -1.57979
-97.5 36.5 -1.23152
-97 36.5 -1.09583
-96.5 36.5 -1.03177
-96 36.5 -0.579928
-95.5 36.5 -0.131182
-95 36.5 0.0839753
-94.5 36.5 0.125634
-94 36.5 0.0548074
-93.5 36.5 0.0470734
-93 36.5 0.182976
-92.5 36.5 0.41003
-92 36.5 0.485193
-91.5 36.5 0.387024
-91 36.5 0.196942
-90.5 36.5 0.132348
-90 36.5 0.146452
-89.5 36.5 0.208805
-89 36.5 0.401821
-88.5 36.5 0.677307
-88 36.5 0.90937
-87.5 36.5 1.13798
-87 36.5 1.23569
-86.5 36.5 1.28935
-86 36.5 1.29722
-85.5 36.5 1.25505
-85 36.5 1.18116
-84.5 36.5 1.13206
-84 36.5 0.94742
-83.5 36.5 0.695647
-83 36.5 0.406416
-82.5 36.5 0.18009
-82 36.5 0.267074
-81.5 36.5 -0.0433321
-81 36.5 -0.0521561
-119 37 -0.51506
-118.5 37 -0.346103
-118 37 -0.673143
-117.5 37 -0.900715
-117 37 -1.20154
-116.5 37 -1.38274
-116 37 -1.58825
-115.5 37 -1.41745
-115 37 -1.68159
-114.5 37 -2.01729
-114 37 -2.23545
-113.5 37 -2.13127
-113 37 -1.80168
-112.5 37 -1.32541
-112 37 -0.632859
-111.5 37 -0.155102
-111 37 -0.145597
-110.5 37 0.0213106
-110 37 -0.042816
-109.5 37 -0.297393
-109 37 -0.585645
-108.5 37 -0.885305
-108 37 -0.899409
-107.5 37 -0.712873
-107 37 -0.560379
-106.5 37 -0.735738
-106 37 -1.21488
-105.5 37 -1.55281
-105 37 -1.75429
-104.5 37 -1.71151
-104 37 -1.39196
-103.5 37 -1.14388
-103 37 -0.877856
-97 37 -0.78038
-96.5 37 -0.465926
-96 37 -0.122775
-95.5 37 0.104751
-95 37 0.154214
-94.5 37 0.0630211
-94 37 0.00605249
-93.5 37 0.055281
-93 37 0.148582
-92.5 37 0.188449
-92 37 0.094412
-91.5 37 -0.0828341
-91 37 -0.142335
-90.5 37 -0.0203133
-90 37 0.0382088
-89.5 37 0.221014
-89 37 0.445619
-88.5 37 0.65755
-88 37 0.77342
-87.5 37 0.790924
-87 37 0.782152
-86.5 37 0.69435
-86 37 0.642861
-85.5 37 0.607569
-85 37 0.672812
-84.5 37 0.515736
-84 37 0.386725
-83.5 37 0.0214483
-83 37 -0.287779
-82.5 37 -0.473711
-82 37 -0.724487
-81.5 37 -0.945116
-81 37 -1.21478
-119 37.5 0.880588
-118.5 37.5 1.05191
-118 37.5 0.95303
-117.5 37.5 0.819957
-117 37.5 0.52615
-116.5 37.5 0.127739
-116 37.5 -0.338443
-115.5 37.5 -0.623379
-115 37.5 -0.722955
-114.5 37.5 -0.926995
-114 37.5 -1.19156
-113.5 37.5 -1.35484
-113 37.5 -1.34752
-112.5 37.5 -1.2554
-112 37.5 -1.0061
-111.5 37.5 -0.477771
-111 37.5 -0.111795
-110.5 37.5 0.101427
-110 37.5 0.322983
-109.5 37.5 0.233148
-109 37.5 0.0521149
-108.5 37.5 -0.538594
-108 37.5 -0.944593
-107.5 37.5 -1.00775
-107 37.5 -0.805337
-106.5 37.5 -0.659047
-106 37.5 -0.840955
-105.5 37.5 -1.17258
-105 37.5 -1.38682
-104.5 37.5 -1.56657
-104 37.5 -1.34595
-103.5 37.5 -0.895184
-96.5 37.5 -0.119587
-96 37.5 0.021189
-95.5 37.5 0.0811834
-95 37.5 -0.00758622
-94.5 37.5 -0.0799811
-94 37.5 -0.0898018
-93.5 37.5 -0.0383894
-93 37.5 -0.0465692
-92.5 37.5 -0.155702
-92 37.5 -0.264674
-91.5 37.5 -0.281144
-91 37.5 -0.146038
-90.5 37.5 -0.0175275
-90 37.5 0.101005
-89.5 37.5 0.344518
-89 37.5 0.49599
-88.5 37.5 0.538887
-88 37.5 0.633736
-87.5 37.5 0.60191
-87 37.5 0.47837
-86.5 37.5 0.415359
-86 37.5 0.348974
-85.5 37.5 0.329823
-85 37.5 0.218062
-84.5 37.5 0.0944962
-84 37.5 -0.17311
-83.5 37.5 -0.431036
-83 37.5 -0.630578
-82.5 37.5 -1.05014
-82 37.5 -1.34391
-81.5 37.5 -1.58697
-81 37.5 -1.74012
-119 38 2.28429
-118.5 38 2.2036
-118 38 2.0568
-117.5 38 1.91117
-117 38 1.73356
-116.5 38 1.31956
-116 38 1.0804
-115.5 38 0.797227
-115 38 0.527556
-114.5 38 0.176937
-114 38 -0.275553
-113.5 38 -0.598226
-113 38 -0.716373
-112.5 38 -0.666667
-112 38 -0.563849
-111.5 38 -0.321487
-111 38 0.231193
-110.5 38 0.523817
-110 38 0.752616
-109.5 38 0.764211
-109 38 0.7553
-108.5 38 0.49493
-108 38 0.0182098
-107.5 38 -0.389149
-107 38 -0.506229
-106.5 38 -0.576249
-106 38 -0.654496
-105.5 38 -0.88334
-105 38 -1.13481
-104.5 38 -1.15429
-104 38 -1.17243
-96 38 -0.0280825
-95.5 38 -0.131355
-95 38 -0.143213
-94.5 38 -0.157683
-94 38 -0.0855357
-93.5 38 -0.0354437
-93 38 -0.06683
-92.5 38 -0.176202
-92 38 -0.241743
-91.5 38 -0.182897
-91 38 -0.0128732
-90.5 38 0.190829
-90 38 0.446896
-89.5 38 0.52537
-89 38 0.528623
-88.5 38 0.469198
-88 38 0.448834
-87.5 38 0.324374
-87 38 0.291591
-86.5 38 0.230347
-86 38 0.108057
-85.5 38 -0.011237
-85 38 -0.275249
-84.5 38 -0.528582
-84 38 -0.8275
-83.5 38 -0.888819
-83 38 -1.10674
-82.5 38 -1.49872
-82 38 -1.67824
-81.5 38 -1.85724
-81 38 -1.79834
-119 38.5 2.85839
-118.5 38.5 2.85625
-118 38.5 2.64956
-117.5 38.5 2.4347
-117 38.5 2.18386
-116.5 38.5 2.01125
-116 38.5 1.82869
-115.5 38.5 1.77698
-115 38.5 1.5046
-114.5 38.5 1.06385
-114 38.5 0.440798
-113.5 38.5 -0.0520372
-113 38.5 -0.360938
-112.5 38.5 -0.476469
-112 38.5 -0.409608
-111.5 38.5 -0.318845
-111 38.5 -0.0799744
-110.5 38.5 0.318489
-110 38.5 0.598959
-109.5 38.5 0.696915
-109 38.5 0.660743
-108.5 38.5 0.83326
-108 38.5 0.717962
-107.5 38.5 0.291202
-107 38.5 -0.0446163
-106.5 38.5 -0.240961
-106 38.5 -0.350842
-105.5 38.5 -0.440656
-105 38.5 -0.650459
-104.5 38.5 -0.700187
-95.5 38.5 -0.115518
-95 38.5 -0.0980613
-94.5 38.5 -0.0598477
-94 38.5 0.0437486
-93.5 38.5 0.10404
-93 38.5 0.0659266
-92.5 38.5 0.0392677
-92 38.5 0.0484624
-91.5 38.5 0.149675
-91 38.5 0.254729
-90.5 38.5 0.395668
-90 38.5 0.449235
-89.5 38.5 0.414758
-89 38.5 0.357992
-88.5 38.5 0.292655
-88 38.5 0.183
-87.5 38.5 0.104586
-87 38.5 0.0568394
-86.5 38.5 -0.0830645
-86 38.5 -0.313303
-85.5 38.5 -0.65272
-85 38.5 -0.970694
-84.5 38.5 -1.26165
-84 38.5 -1.35519
-83.5 38.5 -1.37115
-83 38.5 -1.54938
-82.5 38.5 -1.69249
-82 38.5 -1.70521
-81.5 38.5 -1.8051
-81 38.5 -1.9605
-119 39 3.0313
-118.5 39 2.73971
-118 39 2.68433
-117.5 39 2.55215
-117 39 2.37031
-116.5 39 2.27095
-116 39 2.1162
-115.5 39 1.94226
-115 39 1.77072
-114.5 39 1.54704
-114 39 1.19273
-113.5 39 0.741306
-113 39 0.341225
-112.5 39 -0.0279342
-112 39 -0.334181
-111.5 39 -0.393065
-111 39 -0.420711
-110.5 39 -0.25443
-110 39 -0.0633264
-109.5 39 0.122368
-109 39 0.222862
-108.5 39 0.455353
-108 39 0.541348
-107.5 39 0.395145
-107 39 0.0823024
-106.5 39 0.0183396
-106 39 -0.0259944
-105.5 39 -0.111368
-105 39 -0.0791032
-95 39 0.0397288
-94.5 39 0.123947
-94 39 0.150071
-93.5 39 0.188791
-93 39 0.189984
-92.5 39 0.236086
-92 39 0.345089
-91.5 39 0.430569
-91 39 0.376291
-90.5 39 0.279858
-90 39 0.145285
-89.5 39 0.0711744
-89 39 -0.0556779
-88.5 39 -0.101429
-88 39 -0.156413
-87.5 39 -0.170678
-87 39 -0.222338
-86.5 39 -0.446346
-86 39 -0.805971
-85.5 39 -1.1512
-85 39 -1.43138
-84.5 39 -1.57872
-84 39 -1.5444
-83.5 39 -1.58938
-83 39 -1.64602
-82.5 39 -1.7422
-82 39 -1.75636
-81.5 39 -1.8094
-81 39 -1.93631
-119 39.5 2.80288
-118.5 39.5 2.6607
-118 39.5 2.53116
-117.5 39.5 2.52422
-117 39.5 2.50926
-116.5 39.5 2.52269
-116 39.5 2.46324
-115.5 39.5 2.36604
-115 39.5 2.23356
-114.5 39.5 2.24398
-114 39.5 2.16263
-113.5 39.5 1.86779
-113 39.5 1.57889
-112.5 39.5 1.19136
-112 39.5 0.747906
-111.5 39.5 0.289591
-111 39.5 0.032921
-110.5 39.5 -0.0579985
-110 39.5 -0.0182249
-109.5 39.5 0.135327
-109 39.5 0.246922
-108.5 39.5 0.46596
-108 39.5 0.622967
-107.5 39.5 0.609977
-107 39.5 0.353429
-106.5 39.5 0.18439
-106 39.5 0.11789
-105.5 39.5 0.123175
-105 39.5 0.178495
-95 39.5 0.286916
-94.5 39.5 0.2936
-94 39.5 0.272032
-93.5 39.5 0.301909
-93 39.5 0.368934
-92.5 39.5 0.416145
-92 39.5 0.481367
-91.5 39.5 0.438405
-91 39.5 0.295324
-90.5 39.5 0.0730852
-90 39.5 -0.12836
-89.5 39.5 -0.326779
-89 39.5 -0.469718
-88.5 39.5 -0.487581
-88 39.5 -0.456995
-87.5 39.5 -0.491076
-87 39.5 -0.564494
-86.5 39.5 -0.808525
-86 39.5 -1.11749
-85.5 39.5 -1.39115
-85 39.5 -1.51788
-84.5 39.5 -1.56954
-84 39.5 -1.55117
-83.5 39.5 -1.566
-83 39.5 -1.65276
-82.5 39.5 -1.73504
-82 39.5 -1.7237
-81.5 39.5 -1.60374
-81 39.5 -1.68459
-119 40 2.00855
-118.5 40 2.17425
-118 40 2.13921
-117.5 40 2.27301
-117 40 2.4729
-116.5 40 2.66848
-116 40 2.79638
-115.5 40 2.86792
-115 40 2.98282
-114.5 40 3.15024
-114 40 3.04683
-113.5 40 2.83016
-113 40 2.59211
-112.5 40 2.29682
-112 40 2.01843
-111.5 40 1.45588
-111 40 1.08785
-110.5 40 0.968915
-110 40 1.10576
-109.5 40 1.208
-109 40 1.17543
-108.5 40 1.14145
-108 40 1.17134
-107.5 40 1.16389
-107 40 0.969043
-106.5 40 0.637742
-106 40 0.486958
-105.5 40 0.563183
-105 40 0.528468
-95 40 0.720367
-94.5 40 0.735666
-94 40 0.697465
-93.5 40 0.652829
-93 40 0.606954
-92.5 40 0.585855
-92 40 0.496338
-91.5 40 0.324113
-91 40 0.207142
-90.5 40 0.0386246
-90 40 -0.118231
-89.5 40 -0.268223
-89 40 -0.402104
-88.5 40 -0.46502
-88 40 -0.511032
-87.5 40 -0.554253
-87 40 -0.715056
-86.5 40 -0.935172
-86 40 -1.14989
-85.5 40 -1.27439
-85 40 -1.25171
-84.5 40 -1.27483
-84 40 -1.29198
-83.5 40 -1.29839
-83 40 -1.50383
-82.5 40 -1.58256
-82 40 -1.46085
-81.5 40 -1.38027
-81 40 -1.50062
-119 40.5 1.34872
-118.5 40.5 1.4567
-118 40.5 1.55089
-117.5 40.5 1.76904
-117 40.5 1.81217
-116.5 40.5 2.12704
-116 40.5 2.31134
-115.5 40.5 2.50029
-115 40.5 2.85125
-114.5 40.5 3.20083
-114 40.5 3.29208
-113.5 40.5 3.21949
-113 40.5 3.00141
-112.5 40.5 2.70908
-112 40.5 2.52489
-111.5 40.5 2.53057
-111 40.5 2.41054
-110.5 40.5 2.45859
-110 40.5 2.22307
-109.5 40.5 2.19925
-109 40.5 2.09489
-108.5 40.5 2.17459
-108 40.5 2.04812
-107.5 40.5 1.98923
-107 40.5 1.83298
-106.5 40.5 1.46127
-106 40.5 1.21187
-105.5 40.5 0.977404
-105 40.5 0.688785
-95 40.5 1.05948
-94.5 40.5 1.20242
-94 40.5 1.2327
-93.5 40.5 1.11003
-93 40.5 0.946709
-92.5 40.5 0.81426
-92 40.5 0.650567
-91.5 40.5 0.477601
-91 40.5 0.353424
-90.5 40.5 0.247151
-90 40.5 0.0801769
-89.5 40.5 -0.0340985
-89 40.5 -0.149389
-88.5 40.5 -0.249364
-88 40.5 -0.345421
-87.5 40.5 -0.412687
-87 40.5 -0.533331
-86.5 40.5 -0.708324
-86 40.5 -0.837804
-85.5 40.5 -0.834374
-85 40.5 -1.03257
-84.5 40.5 -1.04573
-84 40.5 -1.15912
-83.5 40.5 -1.25584
-83 40.5 -1.3605
-82.5 40.5 -1.29418
-82 40.5 -1.11335
-81.5 40.5 -0.855698
-81 40.5 -0.685842
-119 41 0.386561
-118.5 41 0.617945
-118 41 0.842341
-117.5 41 1.01129
-117 41 1.08304
-116.5 41 1.26685
-116 41 1.51646
-115.5 41 1.83836
-115 41 2.12292
-114.5 41 2.35757
-114 41 2.8371
-113.5 41 3.13778
-113 41 3.35519
-112.5 41 3.33646
-112 41 3.20038
-111.5 41 3.34212
-111 41 3.35721
-110.5 41 3.28983
-110 41 3.00446
-109.5 41 2.86429
-109 41 2.83738
-108.5 41 2.78324
-108 41 2.79534
-107.5 41 2.70079
-107 41 2.4393
-106.5 41 2.14409
-106 41 1.67047
-105.5 41 1.05693
-105 41 0.518713
-95 41 0.879918
-94.5 41 1.04623
-94 41 1.2259
-93.5 41 1.31509
-93 41 1.29852
-92.5 41 1.17588
-92 41 1.01472
-91.5 41 0.883412
-91 41 0.715858
-90.5 41 0.549776
-90 41 0.334988
-89.5 41 0.148596
-89 41 0.0652976
-88.5 41 -0.116417
-88 41 -0.298912
-87.5 41 -0.38417
-87 41 -0.56741
-86.5 41 -0.672543
-86 41 -0.733121
-85.5 41 -0.790226
-85 41 -1.03993
-84.5 41 -1.03357
-84 41 -1.01706
-83.5 41 -0.944488
-83 41 -0.639774
-82.5 41 -0.361054
-82 41 -0.230234
-81.5 41 -0.0537974
-81 41 -0.0162102
-119 41.5 -0.679123
-118.5 41.5 -0.489153
-118 41.5 -0.308737
-117.5 41.5 -0.145786
-117 41.5 0.175467
-116.5 41.5 0.285994
-116 41.5 0.502361
-115.5 41.5 0.885027
-115 41.5 1.30355
-114.5 41.5 1.52727
-114 41.5 1.94289
-113.5 41.5 2.37185
-113 41.5 2.69776
-112.5 41.5 2.95536
-112 41.5 3.08357
-111.5 41.5 3.04192
-111 41.5 3.06328
-110.5 41.5 2.96394
-110 41.5 3.26931
-109.5 41.5 3.25896
-109 41.5 3.32726
-108.5 41.5 3.01
-108 41.5 2.94548
-107.5 41.5 2.68289
-107 41.5 2.32218
-106.5 41.5 1.82381
-106 41.5 1.58683
-105.5 41.5 1.0352
-105 41.5 0.64116
-104.5 41.5 0.516118
-95.5 41.5 0.185942
-95 41.5 0.422443
-94.5 41.5 0.547243
-94 41.5 0.764202
-93.5 41.5 1.0409
-93 41.5 1.2697
-92.5 41.5 1.30555
-92 41.5 1.23359
-91.5 41.5 1.13226
-91 41.5 1.06272
-90.5 41.5 0.941881
-90 41.5 0.78519
-89.5 41.5 0.51639
-89 41.5 0.273418
-88.5 41.5 -0.000282454
-88 41.5 -0.299206
-87.5 41.5 -0.480157
-87 41.5 -0.625449
-86.5 41.5 -0.725285
-86 41.5 -0.716788
-85.5 41.5 -0.700122
-85 41.5 -0.49177
-84.5 41.5 -0.3527
-84 41.5 -0.160386
-83.5 41.5 -0.0032857
-83 41.5 0.281323
-82.5 41.5 0.434368
-82 41.5 0.35623
-81.5 41.5 0.280227
-81 41.5 -0.0097155
-119 42 -1.47825
-118.5 42 -1.30053
-118 42 -1.23075
-117.5 42 -1.23263
-117 42 -1.06227
-116.5 42 -0.791718
-116 42 -0.527907
-115.5 42 -0.211832
-115 42 0.0800354
-114.5 42 0.131415
-114 42 0.538088
-113.5 42 0.897852
-113 42 1.057
-112.5 42 1.35206
-112 42 1.59847
-111.5 42 1.76244
-111 42 2.00607
-110.5 42 2.3066
-110 42 2.75341
-109.5 42 2.80303
-109 42 2.5704
-108.5 42 2.74271
-108 42 2.40013
-107.5 42 2.00303
-107 42 1.58345
-106.5 42 1.43635
-106 42 1.36703
-105.5 42 1.11958
-105 42 0.945729
-104.5 42 0.751681
-95.5 42 0.0195407
-95 42 -0.0387593
-94.5 42 0.0651136
-94 42 0.274897
-93.5 42 0.524357
-93 42 0.77177
-92.5 42 0.960729
-92 42 1.06177
-91.5 42 1.05255
-91 42 1.07884
-90.5 42 1.09888
-90 42 1.08438
-89.5 42 0.869339
-89 42 0.525468
-88.5 42 0.19321
-88 42 -0.0782141
-87.5 42 -0.18929
-87 42 0.117423
-86.5 42 0.275938
-86 42 0.325706
-85.5 42 0.29301
-85 42 0.260861
-84.5 42 0.176633
-84 42 0.114718
-83.5 42 -0.0599812
-83 42 -0.257178
-82.5 42 -0.361316
-82 42 -0.541388
-81.5 42 -0.705264
-81 42 -0.996505
-119 42.5 -1.27543
-118.5 42.5 -1.22954
-118 42.5 -1.14725
-117.5 42.5 -1.22329
-117 42.5 -1.19957
-116.5 42.5 -1.13816
-116 42.5 -0.982725
-115.5 42.5 -0.958433
-115 42.5 -1.14943
-114.5 42.5 -1.21687
-114 42.5 -1.0926
-113.5 42.5 -0.891586
-113 42.5 -0.574457
-112.5 42.5 -0.313938
-112 42.5 0.055259
-111.5 42.5 0.703811
-111 42.5 1.30324
-110.5 42.5 1.66705
-110 42.5 1.70587
-109.5 42.5 1.61524
-109 42.5 1.78333
-108.5 42.5 1.84649
-108 42.5 1.497
-107.5 42.5 1.21449
-107 42.5 1.05235
-106.5 42.5 1.20164
-106 42.5 0.951369
-105.5 42.5 0.874584
-105 42.5 0.661903
-104.5 42.5 0.556993
-104 42.5 0.153524
-96 42.5 0.652738
-95.5 42.5 0.250724
-95 42.5 -0.136737
-94.5 42.5 -0.32125
-94 42.5 -0.243353
-93.5 42.5 0.0264839
-93 42.5 0.28867
-92.5 42.5 0.519206
-92 42.5 0.726686
-91.5 42.5 0.833807
-91 42.5 0.920248
-90.5 42.5 0.988105
-90 42.5 1.03248
-89.5 42.5 0.965109
-89 42.5 0.778984
-88.5 42.5 0.491867
-88 42.5 0.293592
-87.5 42.5 0.341492
-87 42.5 0.601367
-86.5 42.5 0.808348
-86 42.5 0.795295
-85.5 42.5 0.673708
-85 42.5 0.352477
-84.5 42.5 0.0274379
-84 42.5 -0.249033
-83.5 42.5 -0.623907
-83 42.5 -0.898611
-82.5 42.5 -1.07049
-82 42.5 -1.06906
-81.5 42.5 -1.15074
-81 42.5 -1.21806
-119 43 -0.319295
-118.5 43 -0.481977
-118 43 -0.61335
-117.5 43 -0.757974
-117 43 -0.920916
-116.5 43 -1.1579
-116 43 -1.30975
-115.5 43 -1.53412
-115 43 -1.85518
-114.5 43 -1.7879
-114 43 -1.82614
-113.5 43 -1.64137
-113 43 -1.35349
-112.5 43 -1.05314
-112 43 -0.511805
-111.5 43 0.121991
-111 43 0.588045
-110.5 43 0.728856
-110 43 0.642599
-109.5 43 0.929753
-109 43 1.37985
-108.5 43 1.19792
-108 43 1.2573
-107.5 43 1.12586
-107 43 1.04131
-106.5 43 0.989866
-106 43 0.826168
-105.5 43 0.525725
-105 43 0.393738
-104.5 43 0.0416159
-104 43 -0.600067
-103.5 43 -0.605725
-103 43 -0.362413
-97 43 1.0099
-96.5 43 0.958297
-96 43 0.91549
-95.5 43 0.659201
-95 43 0.115545
-94.5 43 -0.307891
-94 43 -0.531628
-93.5 43 -0.377667
-93 43 -0.0234443
-92.5 43 0.295315
-92 43 0.495849
-91.5 43 0.642942
-91 43 0.782581
-90.5 43 0.933366
-90 43 0.938437
-89.5 43 1.0136
-89 43 0.947383
-88.5 43 0.795661
-88 43 0.585938
-87.5 43 0.415013
-87 43 0.425913
-86.5 43 0.235858
-86 43 0.140829
-85.5 43 0.111327
-85 43 0.168169
-84.5 43 0.0513433
-84 43 -0.166452
-83.5 43 -0.382176
-83 43 -0.47522
-82.5 43 -0.651249
-82 43 -0.506372
-81.5 43 -0.50465
-81 43 -0.488364
-119 43.5 0.108929
-118.5 43.5 -0.108304
-118 43.5 -0.369619
-117.5 43.5 -0.674508
-117 43.5 -0.800428
-116.5 43.5 -1.03922
-116 43.5 -1.2852
-115.5 43.5 -1.55478
-115 43.5 -1.57988
-114.5 43.5 -1.39063
-114 43.5 -1.04736
-113.5 43.5 -0.826145
-113 43.5 -0.723349
-112.5 43.5 -0.530193
-112 43.5 -0.222401
-111.5 43.5 -0.0256919
-111 43.5 0.10503
-110.5 43.5 0.324684
-110 43.5 0.780116
-109.5 43.5 1.29453
-109 43.5 1.5483
-108.5 43.5 1.67296
-108 43.5 1.76825
-107.5 43.5 1.65584
-107 43.5 1.4182
-106.5 43.5 1.10853
-106 43.5 0.641421
-105.5 43.5 0.328045
-105 43.5 -0.0779583
-104.5 43.5 -0.752295
-104 43.5 -0.980278
-103.5 43.5 -0.579281
-103 43.5 -0.0738268
-102.5 43.5 0.357975
-102 43.5 0.577118
-98 43.5 0.516313
-97.5 43.5 0.579206
-97 43.5 0.704
-96.5 43.5 0.847333
-96 43.5 0.904101
-95.5 43.5 0.884826
-95 43.5 0.565297
-94.5 43.5 0.0465846
-94 43.5 -0.373014
-93.5 43.5 -0.510617
-93 43.5 -0.116599
-92.5 43.5 0.308325
-92 43.5 0.564512
-91.5 43.5 0.65766
-91 43.5 0.727117
-90.5 43.5 0.87575
-90 43.5 0.92138
-89.5 43.5 0.997402
-89 43.5 1.01472
-88.5 43.5 0.877688
-88 43.5 0.652462
-87.5 43.5 0.326831
-87 43.5 0.366861
-86.5 43.5 0.38227
-86 43.5 0.161774
-85.5 43.5 0.0625504
-85 43.5 0.0775661
-84.5 43.5 0.0976763
-84 43.5 0.049654
-83.5 43.5 0.0711755
-83 43.5 -0.0872404
-82.5 43.5 -0.211918
-82 43.5 -0.340842
-81.5 43.5 -0.311423
-81 43.5 -0.68055
-119 44 0.409629
-118.5 44 0.251849
-118 44 0.123303
-117.5 44 -0.0476972
-117 44 -0.139396
-116.5 44 -0.239345
-116 44 -0.341132
-115.5 44 -0.372849
-115 44 -0.132205
-114.5 44 0.177356
-114 44 0.53
-113.5 44 0.698185
-113 44 0.648518
-112.5 44 0.641455
-112 44 0.7312
-111.5 44 0.709398
-111 44 0.911423
-110.5 44 1.47145
-110 44 2.10267
-109.5 44 2.42422
-109 44 2.48006
-108.5 44 2.59974
-108 44 2.4419
-107.5 44 1.94788
-107 44 1.31445
-106.5 44 0.612816
-106 44 0.232683
-105.5 44 -0.0493756
-105 44 -0.557693
-104.5 44 -1.02995
-104 44 -0.858058
-103.5 44 -0.215959
-103 44 0.366776
-102.5 44 0.930024
-102 44 1.31128
-101.5 44 1.62703
-101 44 1.86645
-100.5 44 1.57499
-100 44 1.06701
-99.5 44 0.797431
-99 44 0.729798
-98.5 44 0.628439
-98 44 0.390661
-97.5 44 0.236789
-97 44 0.360196
-96.5 44 0.483602
-96 44 0.628793
-95.5 44 0.750045
-95 44 0.750086
-94.5 44 0.474731
-94 44 0.128979
-93.5 44 -0.273929
-93 44 -0.0728464
-92.5 44 0.402506
-92 44 0.733018
-91.5 44 0.869922
-91 44 0.855414
-90.5 44 0.905628
-90 44 1.03818
-89.5 44 1.04383
-89 44 1.16679
-88.5 44 1.15452
-88 44 0.937793
-87.5 44 0.613474
-87 44 0.489171
-86.5 44 0.95105
-86 44 0.910538
-85.5 44 0.625496
-85 44 0.282346
-84.5 44 0.0759879
-84 44 -0.0405396
-83.5 44 0.000887815
-83 44 0.0622537
-82.5 44 0.27968
-82 44 0.0651394
-81.5 44 0.142492
-81 44 -0.0850499
-119 44.5 1.96837
-118.5 44.5 1.68872
-118 44.5 1.58231
-117.5 44.5 1.46987
-117 44.5 1.50045
-116.5 44.5 1.66963
-116 44.5 1.77569
-115.5 44.5 1.90475
-115 44.5 2.05387
-114.5 44.5 2.19361
-114 44.5 2.25433
-113.5 44.5 2.23664
-113 44.5 2.09444
-112.5 44.5 2.15968
-112 44.5 2.27538
-111.5 44.5 2.60051
-111 44.5 3.0816
-110.5 44.5 3.5098
-110 44.5 3.78154
-109.5 44.5 3.65027
-109 44.5 3.34548
-108.5 44.5 3.12708
-108 44.5 2.37141
-107.5 44.5 1.4634
-107 44.5 0.547518
-106.5 44.5 -0.0530563
-106 44.5 -0.114668
-105.5 44.5 -0.242753
-105 44.5 -0.692644
-104.5 44.5 -1.10149
-104 44.5 -0.561357
-103.5 44.5 0.329339
-103 44.5 0.994777
-102.5 44.5 1.55894
-102 44.5 1.77248
-101.5 44.5 1.93322
-101 44.5 2.24401
-100.5 44.5 2.04362
-100 44.5 1.40638
-99.5 44.5 0.834797
-99 44.5 0.696947
-98.5 44.5 0.660549
-98 44.5 0.450398
-97.5 44.5 0.171344
-97 44.5 -0.060978
-96.5 44.5 -0.0616779
-96 44.5 0.110789
-95.5 44.5 0.322925
-95 44.5 0.482694
-94.5 44.5 0.461899
-94 44.5 0.281967
-93.5 44.5 -0.0751496
-93 44.5 -0.140883
-92.5 44.5 0.308576
-92 44.5 0.688601
-91.5 44.5 0.900253
-91 44.5 0.88971
-90.5 44.5 0.893186
-90 44.5 1.04367
-89.5 44.5 1.22952
-89 44.5 1.2825
-88.5 44.5 1.36252
-88 44.5 1.29953
-87.5 44.5 1.10304
-87 44.5 0.889287
-86.5 44.5 1.22846
-86 44.5 1.56058
-85.5 44.5 1.53287
-85 44.5 1.06829
-84.5 44.5 0.634788
-84 44.5 0.311915
-83.5 44.5 -0.0151632
-83 44.5 0.0750666
-82.5 44.5 0.409174
-82 44.5 0.5576
-81.5 44.5 0.634705
-81 44.5 0.597352
-119 45 4.11021
-118.5 45 3.78358
-118 45 3.71247
-117.5 45 3.59081
-117 45 3.76454
-116.5 45 3.84709
-116 45 3.88024
-115.5 45 4.01233
-115 45 3.96534
-114.5 45 3.82475
-114 45 3.69433
-113.5 45 3.57618
-113 45 3.72212
-112.5 45 4.03734
-112 45 4.29889
-111.5 45 4.65442
-111 45 4.97042
-110.5 45 4.98809
-110 45 4.64648
-109.5 45 3.85387
-109 45 3.31387
-108.5 45 2.72444
-108 45 1.61539
-107.5 45 0.553895
-107 45 -0.32937
-106.5 45 -0.529213
-106 45 -0.313706
-105.5 45 -0.382917
-105 45 -0.758174
-104.5 45 -0.80581
-104 45 -0.0438013
-103.5 45 1.00987
-103 45 1.70957
-102.5 45 2.02645
-102 45 1.98936
-101.5 45 1.96432
-101 45 2.284
-100.5 45 2.4908
-100 45 2.02761
-99.5 45 1.22066
-99 45 0.716547
-98.5 45 0.682015
-98 45 0.6579
-97.5 45 0.275422
-97 45 -0.292237
-96.5 45 -0.629113
-96 45 -0.484471
-95.5 45 -0.151308
-95 45 0.0455517
-94.5 45 0.0767981
-94 45 -0.0124604
-93.5 45 -0.217321
-93 45 -0.316701
-92.5 45 0.045673
-92 45 0.543654
-91.5 45 0.918714
-91 45 1.04733
-90.5 45 0.994729
-90 45 1.0232
-89.5 45 1.20644
-89 45 1.34945
-88.5 45 1.29125
-88 45 1.2373
-87.5 45 1.04605
-87 45 0.853535
-86.5 45 1.01856
-86 45 1.52369
-85.5 45 1.80274
-85 45 1.82469
-84.5 45 1.53305
-84 45 1.27554
-83.5 45 1.02284
-83 45 0.511749
-82.5 45 0.207553
-82 45 0.0545399
-81.5 45 0.439533
-81 45 0.787857
-119 45.5 5.12608
-118.5 45.5 5.13608
-118 45.5 5.18709
-117.5 45.5 5.09259
-117 45.5 5.10285
-116.5 45.5 4.9662
-116 45.5 4.74034
-115.5 45.5 4.65894
-115 45.5 4.44857
-114.5 45.5 4.35412
-114 45.5 4.48778
-113.5 45.5 4.77222
-113 45.5 5.12896
-112.5 45.5 5.28671
-112 45.5 5.17618
-111.5 45.5 5.50179
-111 45.5 5.39909
-110.5 45.5 4.8976
-110 45.5 3.93038
-109.5 45.5 3.15868
-109 45.5 2.74345
-108.5 45.5 1.73672
-108 45.5 0.465481
-107.5 45.5 -0.443034
-107 45.5 -0.875864
-106.5 45.5 -0.663001
-106 45.5 -0.376446
-105.5 45.5 -0.317311
-105 45.5 -0.41407
-104.5 45.5 -0.194448
-104 45.5 0.659409
-103.5 45.5 1.52155
-103 45.5 2.0376
-102.5 45.5 2.09629
-102 45.5 1.89204
-101.5 45.5 2.04294
-101 45.5 2.48476
-100.5 45.5 2.84761
-100 45.5 2.64269
-99.5 45.5 1.72571
-99 45.5 0.934847
-98.5 45.5 0.595208
-98 45.5 0.54822
-97.5 45.5 0.27211
-97 45.5 -0.259747
-96.5 45.5 -0.693728
-96 45.5 -0.848518
-95.5 45.5 -0.657748
-95 45.5 -0.440749
-94.5 45.5 -0.37633
-94 45.5 -0.38503
-93.5 45.5 -0.459122
-93 45.5 -0.639732
-92.5 45.5 -0.38369
-92 45.5 0.223591
-91.5 45.5 0.805217
-91 45.5 1.17683
-90.5 45.5 1.2732
-90 45.5 1.29604
-89.5 45.5 1.33792
-89 45.5 1.4805
-88.5 45.5 1.45807
-88 45.5 1.38626
-87.5 45.5 1.16731
-87 45.5 0.786078
-86.5 45.5 0.621616
-86 45.5 0.963458
-85.5 45.5 1.23672
-85 45.5 1.57572
-84.5 45.5 1.67036
-84 45.5 1.86568
-83.5 45.5 1.87527
-83 45.5 1.35584
-82.5 45.5 0.642296
-82 45.5 -0.0155909
-81.5 45.5 0.00891512
-81 45.5 0.704872
-119 46 5.74094
-118.5 46 5.55581
-118 46 5.65943
-117.5 46 5.36639
-117 46 5.05598
-116.5 46 4.71614
-116 46 4.4911
-115.5 46 4.48039
-115 46 4.38754
-114.5 46 4.49917
-114 46 4.88826
-113.5 46 5.18948
-113 46 5.33291
-112.5 46 5.34633
-112 46 5.52999
-111.5 46 5.39788
-111 46 4.54313
-110.5 46 3.67135
-110 46 2.83674
-109.5 46 2.41854
-109 46 1.78225
-108.5 46 0.531672
-108 46 -0.515904
-107.5 46 -0.978452
-107 46 -1.02456
-106.5 46 -0.542696
-106 46 -0.0478196
-105.5 46 0.0300675
-105 46 -0.0915506
-104.5 46 0.241092
-104 46 0.920386
-103.5 46 1.59427
-103 46 1.98189
-102.5 46 1.90284
-102 46 1.79878
-101.5 46 2.14647
-101 46 2.64898
-100.5 46 3.05635
-100 46 3.07125
-99.5 46 2.41586
-99 46 1.55228
-98.5 46 0.879963
-98 46 0.414841
-97.5 46 0.00739186
-97 46 -0.414213
-96.5 46 -0.635677
-96 46 -0.924244
-95.5 46 -1.12229
-95 46 -0.970581
-94.5 46 -0.836023
-94 46 -0.897802
-93.5 46 -0.842375
-93 46 -0.915713
-92.5 46 -0.87564
-92 46 -0.422793
-91.5 46 0.319819
-91 46 0.775725
-90.5 46 1.07853
-90 46 1.29789
-89.5 46 1.43402
-89 46 1.59423
-88.5 46 1.63904
-88 46 1.63129
-87.5 46 1.46741
-87 46 1.09076
-86.5 46 0.678304
-86 46 0.718171
-85.5 46 1.064
-85 46 1.23848
-84.5 46 1.14995
-84 46 1.23948
-83.5 46 1.48443
-83 46 1.55882
-82.5 46 1.12042
-82 46 0.495756
-81.5 46 0.206139
-81 46 0.289982
-119 46.5 5.54679
-118.5 46.5 5.29714
-118 46.5 5.13807
-117.5 46.5 4.74501
-117 46.5 4.50238
-116.5 46.5 4.3073
-116 46.5 4.43697
-115.5 46.5 4.44544
-115 46.5 4.31477
-114.5 46.5 4.6455
-114 46.5 5.01773
-113.5 46.5 5.2061
-113 46.5 5.37972
-112.5 46.5 5.34648
-112 46.5 5.07659
-111.5 46.5 4.06686
-111 46.5 3.26113
-110.5 46.5 2.44741
-110 46.5 1.90738
-109.5 46.5 1.52257
-109 46.5 0.573199
-108.5 46.5 -0.483534
-108 46.5 -0.918697
-107.5 46.5 -1.14262
-107 46.5 -0.646418
-106.5 46.5 0.11073
-106 46.5 0.158292
-105.5 46.5 -0.0489613
-105 46.5 0.0976996
-104.5 46.5 0.211989
-104 46.5 0.763807
-103.5 46.5 1.56449
-103 46.5 1.90285
-102.5 46.5 1.92289
-102 46.5 1.94402
-101.5 46.5 2.39487
-101 46.5 2.8523
-100.5 46.5 3.14931
-100 46.5 3.39526
-99.5 46.5 3.21628
-99 46.5 2.40062
-98.5 46.5 1.25514
-98 46.5 0.351071
-97.5 46.5 -0.172568
-97 46.5 -0.629086
-96.5 46.5 -0.853773
-96 46.5 -0.92904
-95.5 46.5 -1.26392
-95 46.5 -1.37704
-94.5 46.5 -1.30681
-94 46.5 -1.40689
-93.5 46.5 -1.50301
-93 46.5 -1.50899
-92.5 46.5 -1.42189
-92 46.5 -1.11366
-91.5 46.5 -0.584157
-91 46.5 0.201343
-90.5 46.5 0.750583
-90 46.5 1.20096
-89.5 46.5 1.5242
-89 46.5 1.71428
-88.5 46.5 1.83257
-88 46.5 1.88799
-87.5 46.5 2.07868
-87 46.5 1.97026
-86.5 46.5 1.49458
-86 46.5 1.16529
-85.5 46.5 1.31691
-85 46.5 1.62588
-84.5 46.5 1.58105
-84 46.5 1.23839
-83.5 46.5 1.02979
-83 46.5 1.23161
-82.5 46.5 1.18848
-82 46.5 0.760696
-81.5 46.5 0.562336
-81 46.5 0.322604
-119 47 4.68429
-118.5 47 4.35269
-118 47 4.03049
-117.5 47 3.8869
-117 47 3.94376
-116.5 47 3.97848
-116 47 4.20291
-115.5 47 4.15212
-115 47 4.37262
-114.5 47 4.83334
-114 47 5.01981
-113.5 47 5.09733
-113 47 4.98944
-112.5 47 4.39397
-112 47 3.57005
-111.5 47 2.8153
-111 47 2.07999
-110.5 47 1.36714
-110 47 1.02746
-109.5 47 0.49689
-109 47 -0.238231
-108.5 47 -0.655629
-108 47 -0.926865
-107.5 47 -0.48404
-107 47 0.256536
-106.5 47 0.245823
-106 47 -0.17344
-105.5 47 -0.268031
-105 47 -0.261466
-104.5 47 0.0371229
-104 47 0.911739
-103.5 47 1.73831
-103 47 2.22016
-102.5 47 2.21681
-102 47 2.17647
-101.5 47 2.55801
-101 47 2.93314
-100.5 47 3.30441
-100 47 3.82869
-99.5 47 3.97162
-99 47 3.05695
-98.5 47 1.69927
-98 47 0.473368
-97.5 47 -0.400637
-97 47 -0.635835
-96.5 47 -0.895391
-96 47 -1.13754
-95.5 47 -1.26107
-95 47 -1.5541
-94.5 47 -1.61767
-94 47 -1.72432
-93.5 47 -1.87497
-93 47 -1.95747
-92.5 47 -2.04132
-92 47 -1.88824
-91.5 47 -1.66925
-91 47 -1.25931
-90.5 47 -0.457727
-90 47 0.371031
-89.5 47 1.17429
-89 47 1.7626
-88.5 47 2.08513
-88 47 2.20603
-87.5 47 2.64163
-87 47 3.12854
-86.5 47 3.23872
-86 47 2.77867
-85.5 47 2.48084
-85 47 2.42081
-84.5 47 2.60748
-84 47 2.66605
-83.5 47 2.52729
-83 47 2.31253
-82.5 47 2.27059
-82 47 1.99211
-81.5 47 1.86874
-81 47 1.58166
-119 47.5 3.37046
-118.5 47.5 2.83304
-118 47.5 2.84822
-117.5 47.5 2.79431
-117 47.5 2.9248
-116.5 47.5 3.26549
-116 47.5 3.56518
-115.5 47.5 3.75893
-115 47.5 4.13112
-114.5 47.5 4.39887
-114 47.5 4.51889
-113.5 47.5 4.39796
-113 47.5 3.90589
-112.5 47.5 3.14968
-112 47.5 2.42266
-111.5 47.5 1.77615
-111 47.5 1.20571
-110.5 47.5 0.808947
-110 47.5 0.623469
-109.5 47.5 0.21819
-109 47.5 -0.0986731
-108.5 47.5 -0.291039
-108 47.5 -0.184414
-107.5 47.5 0.330425
-107 47.5 0.445436
-106.5 47.5 0.0317501
-106 47.5 -0.626853
-105.5 47.5 -0.91264
-105 47.5 -0.348655
-104.5 47.5 0.496867
-104 47.5 1.19868
-103.5 47.5 2.15516
-103 47.5 2.69331
-102.5 47.5 2.57078
-102 47.5 2.40795
-101.5 47.5 2.54826
-101 47.5 2.7548
-100.5 47.5 3.46285
-100 47.5 4.40529
-99.5 47.5 4.62279
-99 47.5 3.71375
-98.5 47.5 2.06328
-98 47.5 0.744152
-97.5 47.5 -0.0665593
-97 47.5 -0.691423
-96.5 47.5 -0.764881
-96 47.5 -1.00217
-95.5 47.5 -1.31219
-95 47.5 -1.39531
-94.5 47.5 -1.60443
-94 47.5 -1.9292
-93.5 47.5 -2.14225
-93 47.5 -2.18002
-92.5 47.5 -2.17759
-92 47.5 -2.26511
-91.5 47.5 -2.34372
-91 47.5 -2.43284
-90.5 47.5 -2.30397
-90 47.5 -1.5022
-89.5 47.5 -0.557014
-89 47.5 0.346736
-88.5 47.5 0.857322
-88 47.5 1.24088
-87.5 47.5 1.7672
-87 47.5 2.45136
-86.5 47.5 3.36108
-86 47.5 3.70477
-85.5 47.5 3.69377
-85 47.5 3.67594
-84.5 47.5 3.64185
-84 47.5 4.00522
-83.5 47.5 4.52875
-83 47.5 4.71304
-82.5 47.5 4.96251
-82 47.5 5.06539
-81.5 47.5 5.03267
-81 47.5 5.00928
-119 48 2.63917
-118.5 48 2.82343
-118 48 3.03096
-117.5 48 3.1346
-117 48 3.23328
-116.5 48 3.42808
-116 48 3.51519
-115.5 48 3.6117
-115 48 3.7691
-114.5 48 3.83836
-114 48 3.71759
-113.5 48 3.32433
-113 48 2.73202
-112.5 48 2.10781
-112 48 1.5573
-111.5 48 1.19905
-111 48 1.00367
-110.5 48 0.916761
-110 48 0.634935
-109.5 48 0.169283
-109 48 0.0170652
-108.5 48 0.110261
-108 48 0.418982
-107.5 48 0.479063
-107 48 0.0634004
-106.5 48 -0.473123
-106 48 -0.932277
-105.5 48 -0.837773
-105 48 0.2504
-104.5 48 1.01213
-104 48 1.67392
-103.5 48 2.31577
-103 48 2.72323
-102.5 48 2.77064
-102 48 2.57755
-101.5 48 2.45133
-101 48 2.83776
-100.5 48 3.70795
-100 48 4.56019
-99.5 48 5.11962
-99 48 4.5123
-98.5 48 2.85295
-98 48 1.11176
-97.5 48 0.158826
-97 48 -0.494806
-96.5 48 -0.962717
-96 48 -0.815517
-95.5 48 -1.22227
-95 48 -1.43046
-94.5 48 -1.22618
-94 48 -1.50045
-93.5 48 -2.02798
-93 48 -2.2743
-92.5 48 -2.10177
-92 48 -1.78725
-91.5 48 -1.94449
-91 48 -2.18013
-90.5 48 -2.38706
-90 48 -2.34405
-89.5 48 -1.74019
-89 48 -0.951159
-88.5 48 -0.467674
-88 48 -0.292925
-87.5 48 0.127
-87 48 0.661235
-86.5 48 1.32429
-86 48 2.37068
-85.5 48 2.90887
-85 48 3.39403
-84.5 48 3.64607
-84 48 3.90713
-83.5 48 4.5552
-83 48 5.05462
-82.5 48 5.21415
-82 48 5.80573
-81.5 48 6.08465
-81 48 6.31137
-119 48.5 -0.375628
-118.5 48.5 0.0526262
-118 48.5 0.673951
-117.5 48.5 0.964
-117 48.5 1.78545
-116.5 48.5 2.10943
-116 48.5 2.40103
-115.5 48.5 2.61156
-115 48.5 2.79642
-114.5 48.5 3.02202
-114 48.5 3.01026
-113.5 48.5 2.78986
-113 48.5 2.37772
-112.5 48.5 2.0244
-112 48.5 1.82995
-111.5 48.5 1.96892
-111 48.5 1.78905
-110.5 48.5 1.44621
-110 48.5 0.77016
-109.5 48.5 0.296607
-109 48.5 0.317599
-108.5 48.5 0.484439
-108 48.5 0.313808
-107.5 48.5 0.12702
-107 48.5 -0.214312
-106.5 48.5 -0.560208
-106 48.5 -0.484362
-105.5 48.5 -0.369015
-105 48.5 0.303275
-104.5 48.5 1.13342
-104 48.5 1.71572
-103.5 48.5 2.33606
-103 48.5 2.91955
-102.5 48.5 3.09638
-102 48.5 2.73353
-101.5 48.5 2.33277
-101 48.5 2.9256
-100.5 48.5 4.03668
-100 48.5 5.13646
-99.5 48.5 5.7175
-99 48.5 4.90631
-98.5 48.5 3.29886
-98 48.5 1.54675
-97.5 48.5 0.276816
-97 48.5 -0.114456
-96.5 48.5 -0.660479
-96 48.5 -0.876387
-95.5 48.5 -0.899528
-95 48.5 -1.35982
-94.5 48.5 -1.19732
-94 48.5 -1.05035
-93.5 48.5 -1.61516
-93 48.5 -2.11911
-92.5 48.5 -2.16684
-92 48.5 -1.72411
-91.5 48.5 -1.50124
-91 48.5 -1.81114
-90.5 48.5 -1.85574
-90 48.5 -1.76785
-89.5 48.5 -1.77785
-89 48.5 -1.68841
-88.5 48.5 -1.30609
-88 48.5 -1.00641
-87.5 48.5 -0.959614
-87 48.5 -0.716136
-86.5 48.5 -0.422978
-86 48.5 0.293232
-85.5 48.5 1.19685
-85 48.5 1.63989
-84.5 48.5 2.13607
-84 48.5 2.65311
-83.5 48.5 3.44766
-83 48.5 4.42986
-82.5 48.5 4.94759
-82 48.5 5.49923
-81.5 48.5 6.60234
-81 48.5 6.85686
-119 49 -1.52087
-118.5 49 -0.761384
-118 49 -0.0479977
-117.5 49 0.918072
-117 49 1.85159
-116.5 49 2.09423
-116 49 2.58579
-115.5 49 2.98838
-115 49 3.42841
-114.5 49 3.78224
-114 49 3.77314
-113.5 49 3.56251
-113 49 3.27291
-112.5 49 3.14283
-112 49 3.30683
-111.5 49 3.12606
-111 49 2.45378
-110.5 49 1.77039
-110 49 0.92681
-109.5 49 0.622577
-109 49 0.728532
-108.5 49 0.428228
-108 49 0.0435121
-107.5 49 0.37745
-107 49 0.1898
-106.5 49 -0.122
-106 49 -0.218072
-105.5 49 -0.107425
-105 49 0.640498
-104.5 49 1.46383
-104 49 2.16912
-103.5 49 2.91577
-103 49 3.22216
-102.5 49 2.84751
-102 49 2.3105
-101.5 49 2.25948
-101 49 3.28846
-100.5 49 4.82171
-100 49 5.91579
-99.5 49 6.06984
-99 49 5.02016
-98.5 49 3.42415
-98 49 1.83242
-97.5 49 0.618426
-97 49 -0.0195301
-96.5 49 -0.452642
-96 49 -0.943441
-95.5 49 -1.13357
-95 49 -1.31737
-94.5 49 -1.55914
-94 49 -1.51496
-93.5 49 -1.76589
-93 49 -2.20237
-92.5 49 -2.35542
-92 49 -2.17662
-91.5 49 -1.96781
-91 49 -2.1256
-90.5 49 -2.39335
-90 49 -2.22295
-89.5 49 -1.96152
-89 49 -2.12141
-88.5 49 -2.44068
-88 49 -2.20621
-87.5 49 -1.87334
-87 49 -1.79266
-86.5 49 -1.66885
-86 49 -1.38219
-85.5 49 -0.609887
-85 49 0.0840742
-84.5 49 0.405743
-84 49 0.842333
-83.5 49 1.59898
-83 49 2.66248
-82.5 49 3.61769
-82 49 4.38345
-81.5 49 5.31874
-81 49 6.91836
