-119 25 -0.00212439
-118.5 25 0.000697467
-118 25 -0.000488074
-117.5 25 -0.000287392
-117 25 -0.000225907
-116.5 25 -0.000201812
-116 25 -0.000220005
-115.5 25 0.000152564
-115 25 -0.000283343
-114.5 25 6.24803e-05
-114 25 -0.000161834
-113.5 25 0.00034461
-113 25 -0.000146194
-112.5 25 0.000125015
-112 25 0.000265921
-111.5 25 0.000315622
-111 25 0.000266628
-110.5 25 0.000315295
-110 25 0.000351258
-109.5 25 0.000451706
-109 25 0.000300457
-108.5 25 0.000391245
-108 25 0.000349267
-107.5 25 0.000340412
-107 25 0.000188758
-106.5 25 0.000186437
-106 25 0.000203438
-105.5 25 0.000228719
-105 25 0.000265475
-104.5 25 0.000343447
-104 25 6.39506e-05
-103.5 25 0.000246813
-103 25 0.000321829
-102.5 25 -0.000234764
-102 25 0.000404376
-101.5 25 0.000365976
-101 25 9.75636e-05
-100.5 25 0.000277901
-100 25 0.000661938
-99.5 25 5.16957e-05
-99 25 0.000108443
-98.5 25 0.000490386
-98 25 0.000264447
-97.5 25 0.000377758
-97 25 0.000507219
-96.5 25 0.000138244
-96 25 0.000590341
-95.5 25 0.000524576
-95 25 0.000355432
-94.5 25 0.000264017
-94 25 0.000372614
-93.5 25 0.000451446
-93 25 -0.000189683
-92.5 25 0.000524478
-92 25 0.000326387
-91.5 25 0.000296931
-91 25 0.000245554
-90.5 25 0.00079226
-90 25 8.94251e-05
-89.5 25 0.000418347
-89 25 0.000350363
-88.5 25 0.000289228
-88 25 0.00053838
-87.5 25 0.000162626
-87 25 0.00016255
-86.5 25 0.000225856
-86 25 -9.51281e-05
-85.5 25 0.000236316
-85 25 -0.000173499
-84.5 25 7.24057e-05
-84 25 8.82082e-05
-83.5 25 0.000117368
-83 25 8.26267e-05
-82.5 25 6.52187e-05
-82 25 3.91455e-05
-81.5 25 6.17081e-06
-81 25 -3.38149e-05
-119 25.5 -0.000863325
-118.5 25.5 0.000326742
-118 25.5 1.68625e-05
-117.5 25.5 0.000407222
-117 25.5 -7.03025e-05
-116.5 25.5 0.000125342
-116 25.5 -2.03374e-05
-115.5 25.5 -0.000137346
-115 25.5 0.00037974
-114.5 25.5 -0.000167251
-114 25.5 7.32701e-05
-113.5 25.5 0.000220146
-113 25.5 -9.26607e-05
-112.5 25.5 -9.2691e-05
-112 25.5 -0.000113318
-111.5 25.5 -0.000114053
-111 25.5 4.28094e-05
-110.5 25.5 -0.000158668
-110 25.5 0.000250078
-109.5 25.5 -0.000445399
-109 25.5 -0.000106364
-108.5 25.5 1.9875e-05
-108 25.5 -0.000159425
-107.5 25.5 -0.000220837
-107 25.5 1.72639e-05
-106.5 25.5 -8.20376e-05
-106 25.5 -1.82447e-05
-105.5 25.5 2.10126e-05
-105 25.5 8.24389e-05
-104.5 25.5 -4.49928e-05
-104 25.5 0.000210603
-103.5 25.5 -7.28346e-05
-103 25.5 0.000112453
-102.5 25.5 0.000323625
-102 25.5 -0.000130156
-101.5 25.5 -5.95149e-05
-101 25.5 0.000237213
-100.5 25.5 -1.8067e-05
-100 25.5 0.000431264
-99.5 25.5 -8.75747e-05
-99 25.5 -2.10477e-05
-98.5 25.5 -0.000436733
-98 25.5 0.000230728
-97.5 25.5 -0.000561582
-97 25.5 3.92023e-05
-96.5 25.5 0.000209583
-96 25.5 3.08405e-05
-95.5 25.5 0.000136333
-95 25.5 -0.00027539
-94.5 25.5 -0.000103279
-94 25.5 -0.000387245
-93.5 25.5 0.000349424
-93 25.5 -0.000359952
-92.5 25.5 -4.05191e-05
-92 25.5 -0.000114607
-91.5 25.5 -0.00024795
-91 25.5 -0.000213346
-90.5 25.5 -0.000308382
-90 25.5 -1.14029e-06
-89.5 25.5 0.000342725
-89 25.5 -0.000429751
-88.5 25.5 0.000138091
-88 25.5 -0.000475637
-87.5 25.5 0.000202003
-87 25.5 -0.00034714
-86.5 25.5 0.000423859
-86 25.5 -0.000542019
-85.5 25.5 -0.000316576
-85 25.5 0.000214299
-84.5 25.5 -7.84634e-05
-84 25.5 0.000131484
-83.5 25.5 -0.000225521
-83 25.5 -1.09217e-05
-82.5 25.5 4.6172e-05
-82 25.5 3.77135e-05
-81.5 25.5 -7.03951e-06
-81 25.5 -0.000256075
-119 26 -0.0013439
-118.5 26 0.00120025
-118 26 -0.000266037
-117.5 26 3.18697e-05
-117 26 0.000201793
-116.5 26 -0.000222464
-116 26 0.000702342
-115.5 26 -0.000220275
-115 26 -4.46911e-05
-114.5 26 0.000177702
-114 26 0.0001364
-113.5 26 -4.35815e-05
-113 26 0.000436396
-112.5 26 -0.000108277
-112 26 0.000172687
-111.5 26 0.000221546
-111 26 0.000355455
-110.5 26 0.000215207
-110 26 0.000273837
-109.5 26 0.000536233
-109 26 0.000110789
-108.5 26 0.000225291
-108 26 0.00031034
-107.5 26 0.000101636
-107 26 0.000405999
-106.5 26 0.000166537
-106 26 0.000125691
-105.5 26 0.000189463
-105 26 0.000292013
-104.5 26 8.83642e-05
-104 26 0.00027522
-103.5 26 9.71815e-05
-103 26 0.000160786
-102.5 26 8.45961e-05
-102 26 0.000110167
-101.5 26 0.000132528
-101 26 0.000277216
-100.5 26 0.000264045
-100 26 -2.01619e-05
-99.5 26 0.000365171
-99 26 -3.00439e-05
-98.5 26 0.000329236
-98 26 -0.000699895
-97.5 26 0.000331362
-97 26 0.000177003
-96.5 26 0.000202836
-96 26 6.94086e-05
-95.5 26 0.000345373
-95 26 -0.000295576
-94.5 26 0.000370122
-94 26 0.000386234
-93.5 26 -0.000334714
-93 26 0.000590704
-92.5 26 0.000184683
-92 26 0.000196872
-91.5 26 0.000118883
-91 26 0.000383289
-90.5 26 6.69643e-05
-90 26 0.000308717
-89.5 26 -3.44613e-05
-89 26 0.000325019
-88.5 26 0.000322191
-88 26 0.000282547
-87.5 26 2.53259e-05
-87 26 4.35497e-05
-86.5 26 0.000156928
-86 26 0.000215377
-85.5 26 0.000325952
-85 26 6.36659e-06
-84.5 26 0.000286459
-84 26 0.000151178
-83.5 26 0.000248867
-83 26 -8.62746e-06
-82.5 26 0.000206338
-82 26 9.13838e-05
-81.5 26 0.000140646
-81 26 0.000396728
-119 26.5 -0.00135714
-118.5 26.5 0.000237308
-118 26.5 -8.89264e-06
-117.5 26.5 0.000195861
-117 26.5 -0.00013325
-116.5 26.5 0.00024539
-116 26.5 -0.000362508
-115.5 26.5 0.000512367
-115 26.5 0.000241929
-114.5 26.5 -0.000187169
-114 26.5 0.000113224
-113.5 26.5 -2.84746e-05
-113 26.5 -5.37094e-05
-112.5 26.5 0.000257233
-112 26.5 -2.91136e-05
-111.5 26.5 6.70837e-05
-111 26.5 1.16748e-05
-110.5 26.5 0.00013951
-110 26.5 5.00402e-05
-109.5 26.5 0.000287908
-109 26.5 2.48003e-06
-108.5 26.5 0.000107065
-108 26.5 0.000145283
-107.5 26.5 0.000106693
-107 26.5 1.89955e-05
-106.5 26.5 8.43193e-05
-106 26.5 8.51877e-05
-105.5 26.5 0.000111758
-105 26.5 0.000227865
-104.5 26.5 -7.79068e-06
-104 26.5 0.000122503
-103.5 26.5 6.35431e-05
-103 26.5 5.81749e-05
-102.5 26.5 0.000295639
-102 26.5 -1.06953e-05
-101.5 26.5 8.00558e-05
-101 26.5 0.000163194
-100.5 26.5 0.000243953
-100 26.5 0.000102837
-99.5 26.5 7.27257e-05
-99 26.5 0.00020654
-98.5 26.5 0.000245608
-98 26.5 0.000224402
-97.5 26.5 0.000249251
-97 26.5 7.77643e-05
-96.5 26.5 -0.00017958
-96 26.5 0.000430886
-95.5 26.5 0.000196032
-95 26.5 0.000469694
-94.5 26.5 6.47011e-05
-94 26.5 0.00042609
-93.5 26.5 0.000531549
-93 26.5 6.67287e-05
-92.5 26.5 0.000164031
-92 26.5 2.93938e-05
-91.5 26.5 2.0147e-05
-91 26.5 7.36632e-05
-90.5 26.5 0.000151838
-90 26.5 -0.00021835
-89.5 26.5 0.000623877
-89 26.5 -0.000189973
-88.5 26.5 -4.10196e-05
-88 26.5 -6.22613e-06
-87.5 26.5 -0.000203993
-87 26.5 0.000294301
-86.5 26.5 -5.51896e-05
-86 26.5 -0.000207018
-85.5 26.5 1.73826e-05
-85 26.5 0.000137018
-84.5 26.5 -8.60977e-05
-84 26.5 6.98683e-05
-83.5 26.5 3.50577e-06
-83 26.5 4.86741e-05
-82.5 26.5 7.99171e-05
-82 26.5 1.70331e-05
-81.5 26.5 0.000108487
-81 26.5 -0.000632236
-119 27 -0.000413548
-118.5 27 0.000702293
-118 27 -0.000395886
-117.5 27 0.000159727
-117 27 2.81408e-05
-116.5 27 5.10895e-05
-116 27 0.000160841
-115.5 27 -0.000299419
-115 27 0.000376187
-114.5 27 0.00025811
-114 27 -5.61652e-05
-113.5 27 0.000179076
-113 27 -4.18358e-05
-112.5 27 0.000242918
-112 27 0.000124856
-111.5 27 3.93308e-05
-111 27 8.93286e-05
-110.5 27 0.000402187
-110 27 5.93359e-05
-109.5 27 0.00019627
-109 27 0.000400686
-108.5 27 6.52884e-05
-108 27 0.000134815
-107.5 27 0.000147407
-107 27 -0.000128973
-106.5 27 0.000446584
-106 27 0.000105775
-105.5 27 -5.33598e-05
-105 27 0.000221578
-104.5 27 0.000241935
-104 27 2.44847e-05
-103.5 27 0.000147006
-103 27 0.000294647
-102.5 27 0.000135317
-102 27 0.000285537
-101.5 27 0.000171685
-101 27 0.000206578
-100.5 27 0.000121566
-100 27 0.000393451
-99.5 27 0.000154964
-99 27 -5.68312e-05
-98.5 27 -1.20912e-05
-98 27 0.000245426
-97.5 27 0.000338758
-97 27 -0.000180809
-96.5 27 0.000315459
-96 27 -9.74031e-06
-95.5 27 0.000190431
-95 27 0.00039695
-94.5 27 0.000235581
-94 27 3.92e-06
-93.5 27 0.000114139
-93 27 0.000190003
-92.5 27 4.00102e-05
-92 27 -7.04522e-06
-91.5 27 0.000224798
-91 27 -9.10692e-05
-90.5 27 0.000256602
-90 27 0.000167784
-89.5 27 -0.00024365
-89 27 -3.73817e-07
-88.5 27 0.000563859
-88 27 -0.000197776
-87.5 27 0.000276194
-87 27 -0.000103419
-86.5 27 -0.000118837
-86 27 0.000244169
-85.5 27 6.70716e-05
-85 27 7.29727e-05
-84.5 27 -4.97194e-05
-84 27 0.000151652
-83.5 27 6.50948e-05
-83 27 0.000122362
-82.5 27 4.08594e-05
-82 27 -0.00017113
-81.5 27 0.000694091
-81 27 0.000589548
-119 27.5 -0.000545714
-118.5 27.5 0.000906899
-118 27.5 0.000315796
-117.5 27.5 -0.00012421
-117 27.5 8.74121e-06
-116.5 27.5 6.57551e-05
-116 27.5 2.59796e-05
-115.5 27.5 0.000111077
-115 27.5 -0.000161612
-114.5 27.5 0.000180992
-114 27.5 0.000229058
-113.5 27.5 -6.87338e-05
-113 27.5 0.000111193
-112.5 27.5 -0.000171008
-112 27.5 0.000339739
-111.5 27.5 -1.0207e-05
-111 27.5 0.00014135
-110.5 27.5 -4.16797e-05
-110 27.5 0.000282164
-109.5 27.5 0.000273253
-109 27.5 0.00013963
-108.5 27.5 0.000502096
-108 27.5 0.00013349
-107.5 27.5 -7.25638e-07
-107 27.5 0.000560724
-106.5 27.5 -0.000216281
-106 27.5 0.000329333
-105.5 27.5 0.000183216
-105 27.5 -3.12368e-05
-104.5 27.5 6.62162e-06
-104 27.5 0.000351262
-103.5 27.5 -0.000296168
-103 27.5 0.000389558
-102.5 27.5 -6.70126e-05
-102 27.5 0.000260503
-101.5 27.5 5.987e-05
-101 27.5 9.77581e-05
-100.5 27.5 1.41829e-05
-100 27.5 0.00042705
-99.5 27.5 0.000174862
-99 27.5 0.000247558
-98.5 27.5 3.67716e-05
-98 27.5 0.000237954
-97.5 27.5 3.26568e-05
-97 27.5 0.00053268
-96.5 27.5 0.000374382
-96 27.5 -7.51752e-05
-95.5 27.5 -7.43739e-05
-95 27.5 -0.000126189
-94.5 27.5 -2.2637e-05
-94 27.5 0.000212202
-93.5 27.5 0.000239411
-93 27.5 0.000177829
-92.5 27.5 0.000240763
-92 27.5 0.000167986
-91.5 27.5 0.000777957
-91 27.5 0.000343194
-90.5 27.5 0.000136353
-90 27.5 8.69766e-05
-89.5 27.5 0.000277068
-89 27.5 2.37795e-05
-88.5 27.5 -3.5126e-05
-88 27.5 0.000269721
-87.5 27.5 0.000102905
-87 27.5 -5.20109e-05
-86.5 27.5 0.000163895
-86 27.5 0.000119935
-85.5 27.5 0.000168477
-85 27.5 -0.000132306
-84.5 27.5 0.000196912
-84 27.5 0.000204802
-83.5 27.5 3.14713e-05
-83 27.5 8.06356e-05
-82.5 27.5 1.43235e-05
-82 27.5 0.000352847
-81.5 27.5 0.00115217
-81 27.5 -0.00016579
-119 28 -0.00110855
-118.5 28 0.000290244
-118 28 0.000166547
-117.5 28 0.000568232
-117 28 -0.000165449
-116.5 28 0.00012351
-116 28 4.56249e-05
-115.5 28 7.35448e-05
-115 28 6.32404e-05
-114.5 28 -8.51581e-05
-114 28 0.0002199
-113.5 28 0.000308
-113 28 -8.17942e-05
-112.5 28 0.000130005
-112 28 -0.000146621
-111.5 28 0.000473727
-111 28 -7.55189e-05
-110.5 28 0.000135909
-110 28 0.000379787
-109.5 28 9.46997e-05
-109 28 0.000210175
-108.5 28 0.00011579
-108 28 0.00043045
-107.5 28 0.000145183
-107 28 -3.50677e-05
-106.5 28 0.000202518
-106 28 0.000383183
-105.5 28 2.49847e-05
-105 28 0.000320937
-104.5 28 0.000152688
-104 28 0.000290962
-103.5 28 -1.83299e-05
-103 28 0.000425017
-102.5 28 7.41228e-05
-102 28 0.000310678
-101.5 28 0.000505048
-101 28 3.26782e-05
-100.5 28 0.000101001
-100 28 -3.18418e-05
-99.5 28 0.000218806
-99 28 0.000508803
-98.5 28 0.000194195
-98 28 0.000250069
-97.5 28 0.000168967
-97 28 0.000122193
-96.5 28 0.000325071
-96 28 -0.000206791
-95.5 28 0.00031422
-95 28 0.000220539
-94.5 28 5.37736e-05
-94 28 0.000338234
-93.5 28 5.68818e-05
-93 28 0.000372222
-92.5 28 0.000142982
-92 28 0.000441154
-91.5 28 -4.32192e-05
-91 28 0.000164903
-90.5 28 0.000257047
-90 28 0.000172888
-89.5 28 -1.46978e-05
-89 28 0.000409482
-88.5 28 6.74266e-05
-88 28 0.000142161
-87.5 28 7.79401e-05
-87 28 0.000353512
-86.5 28 0.000156362
-86 28 0.000341277
-85.5 28 -3.17943e-05
-85 28 0.000343764
-84.5 28 -0.000234015
-84 28 0.000442347
-83.5 28 -0.000333177
-83 28 9.82716e-05
-82.5 28 0.000151396
-82 28 0.000628887
-81.5 28 0.000434126
-81 28 -0.000294344
-119 28.5 -0.000740957
-118.5 28.5 0.00081265
-118 28.5 -0.00032557
-117.5 28.5 0.000283489
-117 28.5 0.000535923
-116.5 28.5 -2.47651e-05
-116 28.5 -6.97476e-05
-115.5 28.5 7.96509e-05
-115 28.5 2.85596e-05
-114.5 28.5 8.59119e-05
-114 28.5 3.39802e-05
-113.5 28.5 -0.0001402
-113 28.5 0.000515079
-112.5 28.5 -0.000146151
-112 28.5 2.26011e-05
-111.5 28.5 -0.000176474
-111 28.5 0.000512734
-110.5 28.5 -7.61702e-05
-110 28.5 -5.84977e-05
-109.5 28.5 0.00042479
-109 28.5 0.000181259
-108.5 28.5 0.000264085
-108 28.5 0.000331841
-107.5 28.5 -7.97191e-06
-107 28.5 -2.45654e-06
-106.5 28.5 0.000679726
-106 28.5 -0.000369431
-105.5 28.5 0.000323486
-105 28.5 1.56426e-05
-104.5 28.5 0.000166749
-104 28.5 0.000177362
-103.5 28.5 -3.54092e-05
-103 28.5 0.000370319
-102.5 28.5 9.11008e-05
-102 28.5 1.44946e-05
-101.5 28.5 0.000500063
-101 28.5 3.75508e-05
-100.5 28.5 0.000130562
-100 28.5 9.34803e-05
-99.5 28.5 3.28004e-05
-99 28.5 0.000348765
-98.5 28.5 0.000280786
-98 28.5 0.000472827
-97.5 28.5 0.000216818
-97 28.5 -4.39162e-05
-96.5 28.5 1.13846e-05
-96 28.5 6.60571e-05
-95.5 28.5 -0.000120206
-95 28.5 0.000360926
-94.5 28.5 3.95171e-05
-94 28.5 9.34648e-05
-93.5 28.5 0.000140536
-93 28.5 7.84212e-06
-92.5 28.5 0.00027838
-92 28.5 0.000253874
-91.5 28.5 7.96063e-05
-91 28.5 0.000282545
-90.5 28.5 0.000130702
-90 28.5 -0.000133387
-89.5 28.5 -8.09841e-05
-89 28.5 0.000207181
-88.5 28.5 -4.161e-05
-88 28.5 4.41332e-05
-87.5 28.5 -0.000183685
-87 28.5 0.000349672
-86.5 28.5 0.000231968
-86 28.5 -3.74741e-06
-85.5 28.5 0.000135275
-85 28.5 -6.05155e-05
-84.5 28.5 0.00027854
-84 28.5 0.000291467
-83.5 28.5 2.86043e-06
-83 28.5 0.000200949
-82.5 28.5 -1.47764e-05
-82 28.5 -8.12303e-05
-81.5 28.5 0.000183642
-81 28.5 0.000128306
-119 29 -0.000824545
-118.5 29 0.000696224
-118 29 -0.00019426
-117.5 29 0.00038524
-117 29 -0.000126582
-116.5 29 0.000559302
-116 29 0.000274509
-115.5 29 -1.72977e-05
-115 29 7.78407e-05
-114.5 29 1.08774e-05
-114 29 -3.73487e-05
-113.5 29 0.000127181
-113 29 -0.00015739
-112.5 29 0.000486013
-112 29 -0.000201615
-111.5 29 5.78808e-05
-111 29 -0.000220106
-110.5 29 0.000704524
-110 29 2.9054e-05
-109.5 29 -2.97602e-06
-109 29 0.000386468
-108.5 29 0.000213155
-108 29 0.000219561
-107.5 29 0.000217694
-107 29 0.000501592
-106.5 29 -0.000261673
-106 29 0.000514741
-105.5 29 7.17906e-05
-105 29 7.65267e-05
-104.5 29 0.000295136
-104 29 0.000220723
-103.5 29 -0.000297147
-103 29 0.000323609
-102.5 29 0.000202116
-102 29 0.000147887
-101.5 29 0.00018686
-101 29 0.000163279
-100.5 29 -5.8639e-05
-100 29 0.000594231
-99.5 29 -6.59447e-05
-99 29 0.000385799
-98.5 29 0.000161233
-98 29 0.000414267
-97.5 29 9.99699e-05
-97 29 -5.83899e-07
-96.5 29 0.000582956
-96 29 0.000177932
-95.5 29 0.000118527
-95 29 0.000153244
-94.5 29 5.72404e-05
-94 29 0.000108065
-93.5 29 -1.30184e-05
-93 29 5.57307e-05
-92.5 29 0.000193158
-92 29 -5.01857e-05
-91.5 29 -1.92664e-05
-91 29 2.2777e-05
-90.5 29 -0.000147823
-90 29 0.000126593
-89.5 29 0.000154683
-89 29 4.70458e-05
-88.5 29 -4.68431e-05
-88 29 -4.93863e-05
-87.5 29 0.000300539
-87 29 0.000226916
-86.5 29 -1.66459e-05
-86 29 2.4527e-06
-85.5 29 -0.000233545
-85 29 0.000752857
-84.5 29 -0.00032172
-84 29 0.000246123
-83.5 29 -0.000227256
-83 29 0.000642144
-82.5 29 0.000192737
-82 29 0.00010216
-81.5 29 0.000142337
-81 29 0.000119056
-119 29.5 -0.000940878
-118.5 29.5 0.00070302
-118 29.5 -0.000106161
-117.5 29.5 0.000216318
-117 29.5 0.000318106
-116.5 29.5 4.31221e-05
-116 29.5 0.000303845
-115.5 29.5 0.000305257
-115 29.5 -1.01204e-05
-114.5 29.5 9.63109e-05
-114 29.5 3.03159e-06
-113.5 29.5 4.0571e-05
-113 29.5 9.5125e-05
-112.5 29.5 -5.62855e-05
-112 29.5 0.000448622
-111.5 29.5 -0.000125115
-111 29.5 6.41344e-05
-110.5 29.5 -0.000173658
-110 29.5 0.00034942
-109.5 29.5 0.000140173
-109 29.5 -7.10668e-05
-108.5 29.5 0.000494427
-108 29.5 0.00030039
-107.5 29.5 0.000285275
-107 29.5 0.000111648
-106.5 29.5 0.000403973
-106 29.5 0.000270143
-105.5 29.5 0.00019467
-105 29.5 0.000289207
-104.5 29.5 0.00014069
-104 29.5 0.000115773
-103.5 29.5 0.000178639
-103 29.5 0.00013952
-102.5 29.5 7.6973e-05
-102 29.5 1.83447e-05
-101.5 29.5 0.000390651
-101 29.5 0.000236307
-100.5 29.5 0.000170185
-100 29.5 0.000288903
-99.5 29.5 0.000327968
-99 29.5 0.000305292
-98.5 29.5 0.000284615
-98 29.5 0.000476386
-97.5 29.5 -6.96053e-05
-97 29.5 0.000160379
-96.5 29.5 0.000573209
-96 29.5 2.94406e-05
-95.5 29.5 0.000120456
-95 29.5 8.47565e-05
-94.5 29.5 0.000166585
-94 29.5 -0.000123583
-93.5 29.5 0.000367195
-93 29.5 1.70236e-05
-92.5 29.5 -0.000186756
-92 29.5 0.000548086
-91.5 29.5 -0.000361201
-91 29.5 0.00017154
-90.5 29.5 0.000116991
-90 29.5 0.00017305
-89.5 29.5 -4.27074e-05
-89 29.5 -5.55395e-05
-88.5 29.5 0.000145213
-88 29.5 -0.000158544
-87.5 29.5 0.000598806
-87 29.5 -8.22976e-05
-86.5 29.5 3.74295e-05
-86 29.5 -0.000123638
-85.5 29.5 0.000632423
-85 29.5 -0.000246443
-84.5 29.5 0.000368765
-84 29.5 2.51113e-05
-83.5 29.5 0.000218631
-83 29.5 0.000306638
-82.5 29.5 0.000168492
-82 29.5 0.000122198
-81.5 29.5 0.000133696
-81 29.5 0.000128767
-119 30 -0.000976315
-118.5 30 0.00064034
-118 30 -0.000312026
-117.5 30 0.000190099
-117 30 2.21763e-05
-116.5 30 0.000238864
-116 30 4.80218e-06
-115.5 30 0.000340086
-115 30 0.000474809
-114.5 30 5.84403e-05
-114 30 8.1183e-05
-113.5 30 1.32488e-05
-113 30 0.000187918
-112.5 30 1.97268e-05
-112 30 -4.72231e-05
-111.5 30 -0.000125578
-111 30 2.67381e-05
-110.5 30 1.24517e-05
-110 30 -5.87585e-05
-109.5 30 0.000332121
-109 30 0.000194711
-108.5 30 -1.51144e-05
-108 30 0.000431366
-107.5 30 0.00032747
-107 30 0.000210877
-106.5 30 0.000283017
-106 30 -0.000262128
-105.5 30 0.000372716
-105 30 0.00021627
-104.5 30 0.000177383
-104 30 6.98363e-05
-103.5 30 0.000242351
-103 30 3.99716e-05
-102.5 30 0.000308527
-102 30 6.96402e-05
-101.5 30 0.000239932
-101 30 0.000106896
-100.5 30 0.000203478
-100 30 8.60714e-05
-99.5 30 0.000270109
-99 30 0.000272806
-98.5 30 0.000400527
-98 30 2.83746e-06
-97.5 30 0.000142245
-97 30 0.000216318
-96.5 30 0.000364504
-96 30 9.85467e-05
-95.5 30 0.00079699
-95 30 2.24554e-05
-94.5 30 4.20669e-05
-94 30 0.00133384
-93.5 30 0.000301844
-93 30 0.000497297
-92.5 30 0.000248231
-92 30 -1.39243e-05
-91.5 30 0.000133947
-91 30 0.000126171
-90.5 30 0.000165672
-90 30 0.000280985
-89.5 30 0.000301501
-89 30 0.000215198
-88.5 30 -0.000199346
-88 30 0.000629475
-87.5 30 -0.000259639
-87 30 4.43581e-05
-86.5 30 -0.000183314
-86 30 0.000363367
-85.5 30 1.96553e-05
-85 30 0.000449223
-84.5 30 0.000202677
-84 30 0.000230277
-83.5 30 0.000229005
-83 30 0.000195205
-82.5 30 0.000100097
-82 30 0.000104893
-81.5 30 0.000127063
-81 30 0.000132733
-119 30.5 -0.00101095
-118.5 30.5 0.000513507
-118 30.5 4.52377e-05
-117.5 30.5 2.68548e-05
-117 30.5 0.000105362
-116.5 30.5 7.34982e-05
-116 30.5 0.000177283
-115.5 30.5 7.78102e-05
-115 30.5 2.91647e-05
-114.5 30.5 0.000362463
-114 30.5 0.000402858
-113.5 30.5 1.87502e-05
-113 30.5 0.000116387
-112.5 30.5 0.00013891
-112 30.5 -6.9333e-05
-111.5 30.5 0.000495184
-111 30.5 -0.000262821
-110.5 30.5 -8.07033e-05
-110 30.5 6.48372e-05
-109.5 30.5 7.84064e-05
-109 30.5 0.00014247
-108.5 30.5 4.13907e-05
-108 30.5 0.000454415
-107.5 30.5 0.00028396
-107 30.5 0.000272748
-106.5 30.5 0.000282107
-106 30.5 0.000436721
-105.5 30.5 -0.000192515
-105 30.5 0.000240093
-104.5 30.5 0.00016371
-104 30.5 0.000197316
-103.5 30.5 0.000260585
-103 30.5 0.000259666
-102.5 30.5 0.000428925
-102 30.5 0.000154656
-101.5 30.5 0.000347226
-101 30.5 0.000243791
-100.5 30.5 7.04773e-05
-100 30.5 0.000258752
-99.5 30.5 0.000306956
-99 30.5 0.000357092
-98.5 30.5 0.00023687
-98 30.5 0.000172651
-97.5 30.5 0.00013454
-97 30.5 0.000249118
-96.5 30.5 0.000128654
-96 30.5 0.000216255
-95.5 30.5 4.28028e-05
-95 30.5 8.65629e-05
-94.5 30.5 0.00038547
-94 30.5 0.000149934
-93.5 30.5 -3.08235e-06
-93 30.5 0.000145505
-92.5 30.5 0.00026736
-92 30.5 0.000177671
-91.5 30.5 0.000111433
-91 30.5 0.00021604
-90.5 30.5 1.78289e-05
-90 30.5 8.23364e-05
-89.5 30.5 0.000183056
-89 30.5 -0.000173334
-88.5 30.5 0.000448956
-88 30.5 0.000112819
-87.5 30.5 0.000113009
-87 30.5 -7.92604e-05
-86.5 30.5 0.000355478
-86 30.5 0.000449537
-85.5 30.5 8.17693e-05
-85 30.5 0.00021875
-84.5 30.5 0.000120413
-84 30.5 0.00012861
-83.5 30.5 0.000135311
-83 30.5 0.000112588
-82.5 30.5 -7.15683e-05
-82 30.5 7.06752e-05
-81.5 30.5 0.000310975
-81 30.5 0.00013814
-119 31 -0.000219532
-118.5 31 0.000115997
-118 31 -0.000168867
-117.5 31 0.000309587
-117 31 -6.82616e-05
-116.5 31 -2.51472e-05
-116 31 0.000259415
-115.5 31 0.000100966
-115 31 9.55393e-05
-114.5 31 -3.16119e-05
-114 31 0.000501561
-113.5 31 0.000406926
-113 31 0.000130894
-112.5 31 0.000267633
-112 31 0.000269324
-111.5 31 -0.000126257
-111 31 0.000438442
-110.5 31 -0.000258767
-110 31 -0.000327123
-109.5 31 -0.000134861
-109 31 -6.68988e-05
-108.5 31 1.59053e-05
-108 31 -6.10391e-05
-107.5 31 0.000435077
-107 31 0.000200391
-106.5 31 0.000233802
-106 31 0.000330534
-105.5 31 4.95388e-05
-105 31 0.000351808
-104.5 31 0.00031329
-104 31 0.000330744
-103.5 31 0.000287278
-103 31 0.000225388
-102.5 31 0.000353376
-102 31 0.000391697
-101.5 31 0.000244087
-101 31 0.000320408
-100.5 31 0.000193747
-100 31 0.000115529
-99.5 31 0.000284131
-99 31 0.000250918
-98.5 31 0.000386715
-98 31 7.11541e-05
-97.5 31 0.000538798
-97 31 9.13316e-05
-96.5 31 0.000225915
-96 31 0.000176895
-95.5 31 0.000247102
-95 31 0.000205365
-94.5 31 -0.000104819
-94 31 0.000335578
-93.5 31 0.000282811
-93 31 0.000115388
-92.5 31 0.000146417
-92 31 0.000168949
-91.5 31 0.00019031
-91 31 0.000231353
-90.5 31 0.000212214
-90 31 0.000316723
-89.5 31 -4.88467e-06
-89 31 0.000388704
-88.5 31 0.000310089
-88 31 6.52016e-05
-87.5 31 4.70662e-05
-87 31 0.000540994
-86.5 31 -1.55134e-05
-86 31 8.06491e-05
-85.5 31 0.000197791
-85 31 0.000138817
-84.5 31 0.000229318
-84 31 6.20147e-05
-83.5 31 0.000229868
-83 31 0.000126618
-82.5 31 0.000297901
-82 31 -3.92091e-05
-81.5 31 0.00026514
-81 31 4.4029e-05
-119 31.5 -0.000166012
-118.5 31.5 0.000424144
-118 31.5 0.000197796
-117.5 31.5 -4.38408e-05
-117 31.5 9.82419e-05
-116.5 31.5 0.000204725
-116 31.5 -5.6759e-06
-115.5 31.5 0.000139036
-115 31.5 0.00012062
-114.5 31.5 4.48491e-05
-114 31.5 5.51213e-05
-113.5 31.5 -0.000160491
-113 31.5 0.00040001
-112.5 31.5 -4.10896e-05
-112 31.5 0.000273826
-111.5 31.5 0.000212845
-111 31.5 1.4623e-05
-110.5 31.5 7.22185e-05
-110 31.5 5.63194e-05
-109.5 31.5 -2.81344e-05
-109 31.5 1.68441e-05
-108.5 31.5 -8.58917e-05
-108 31.5 -4.40475e-05
-107.5 31.5 0.000207477
-107 31.5 0.000159125
-106.5 31.5 5.9916e-05
-106 31.5 0.000209769
-105.5 31.5 0.000416851
-105 31.5 4.62289e-05
-104.5 31.5 0.000475865
-104 31.5 0.000297733
-103.5 31.5 0.000227388
-103 31.5 0.000417285
-102.5 31.5 0.000203256
-102 31.5 0.000362931
-101.5 31.5 0.00014081
-101 31.5 0.000250011
-100.5 31.5 0.000272083
-100 31.5 0.000104768
-99.5 31.5 0.000291064
-99 31.5 0.000213349
-98.5 31.5 0.000221989
-98 31.5 -2.65866e-05
-97.5 31.5 0.000426892
-97 31.5 0.000113464
-96.5 31.5 7.27388e-05
-96 31.5 0.0007379
-95.5 31.5 0.000101388
-95 31.5 0.000161346
-94.5 31.5 0.000562662
-94 31.5 -0.000107544
-93.5 31.5 0.000206978
-93 31.5 0.000157024
-92.5 31.5 0.000293413
-92 31.5 0.000175425
-91.5 31.5 0.000116072
-91 31.5 0.0004318
-90.5 31.5 0.000125925
-90 31.5 6.70115e-05
-89.5 31.5 -0.000111405
-89 31.5 0.000493377
-88.5 31.5 -0.000142716
-88 31.5 1.07844e-05
-87.5 31.5 0.000232541
-87 31.5 -1.34499e-05
-86.5 31.5 0.000181604
-86 31.5 0.00029782
-85.5 31.5 0.000239287
-85 31.5 0.000209106
-84.5 31.5 0.000253695
-84 31.5 0.000203731
-83.5 31.5 0.000303605
-83 31.5 0.000136807
-82.5 31.5 0.000238198
-82 31.5 -0.000254801
-81.5 31.5 0.000614402
-81 31.5 -0.000248913
-119 32 -0.000340524
-118.5 32 -7.2025e-05
-118 32 0.00036435
-117.5 32 0.000303695
-117 32 0.00032161
-116.5 32 -0.000151312
-116 32 0.00025847
-115.5 32 0.00015416
-115 32 0.000153361
-114.5 32 6.58116e-05
-114 32 0.000224447
-113.5 32 3.05135e-06
-113 32 -5.66241e-05
-112.5 32 2.18645e-05
-112 32 8.32705e-05
-111.5 32 0.000147653
-111 32 0.000188525
-110.5 32 0.000125433
-110 32 0.000179772
-109.5 32 5.73791e-05
-109 32 5.92102e-05
-108.5 32 0.000136993
-108 32 4.15775e-05
-107.5 32 -1.13078e-05
-107 32 -0.00017915
-106.5 32 0.000287463
-106 32 0.000194412
-105.5 32 0.000332945
-105 32 0.00028794
-104.5 32 0.000253832
-104 32 0.000465678
-103.5 32 0.000311912
-103 32 0.000213105
-102.5 32 0.000388504
-102 32 0.000199958
-101.5 32 0.000295863
-101 32 0.000354159
-100.5 32 0.00027408
-100 32 0.000402978
-99.5 32 8.05848e-05
-99 32 0.000297018
-98.5 32 0.000262122
-98 32 8.05348e-05
-97.5 32 0.000319239
-97 32 2.8408e-05
-96.5 32 0.000496707
-96 32 2.29698e-05
-95.5 32 0.000222648
-95 32 0.000126776
-94.5 32 -2.9733e-05
-94 32 0.000680327
-93.5 32 2.64076e-05
-93 32 0.000203621
-92.5 32 0.000184937
-92 32 0.000211317
-91.5 32 0.000304624
-91 32 0.000224901
-90.5 32 0.000101783
-90 32 -4.38218e-05
-89.5 32 0.00058553
-89 32 -0.000128545
-88.5 32 8.77518e-05
-88 32 0.000219773
-87.5 32 0.00010542
-87 32 0.000316416
-86.5 32 0.000164389
-86 32 0.000274259
-85.5 32 0.000216805
-85 32 0.000119976
-84.5 32 0.000240796
-84 32 7.67823e-05
-83.5 32 8.76963e-05
-83 32 4.97929e-05
-82.5 32 0.000285176
-82 32 -2.3501e-05
-81.5 32 0.000557452
-81 32 -4.33629e-05
-119 32.5 7.413e-05
-118.5 32.5 2.04455e-05
-118 32.5 -0.000312194
-117.5 32.5 0.000106347
-117 32.5 1.97337e-05
-116.5 32.5 0.000163335
-116 32.5 1.43448e-05
-115.5 32.5 -0.000138663
-115 32.5 -8.12013e-05
-114.5 32.5 9.93993e-05
-114 32.5 0.000156058
-113.5 32.5 9.91761e-05
-113 32.5 7.49012e-05
-112.5 32.5 0.00015547
-112 32.5 5.4781e-05
-111.5 32.5 9.49893e-05
-111 32.5 0.000181357
-110.5 32.5 0.000181618
-110 32.5 -1.18893e-05
-109.5 32.5 0.000538966
-109 32.5 -1.39608e-05
-108.5 32.5 0.000167896
-108 32.5 0.00013812
-107.5 32.5 0.000460068
-107 32.5 0.00031851
-106.5 32.5 -3.08678e-05
-106 32.5 0.000381806
-105.5 32.5 0.000247105
-105 32.5 0.000290664
-104.5 32.5 0.00018372
-104 32.5 0.00055202
-103.5 32.5 0.000453307
-103 32.5 0.00031197
-102.5 32.5 0.000279322
-102 32.5 0.000204669
-101.5 32.5 0.000244
-101 32.5 0.000156782
-100.5 32.5 0.000368149
-100 32.5 0.000103677
-99.5 32.5 0.000219426
-99 32.5 0.000173088
-98.5 32.5 0.000243702
-98 32.5 0.000408373
-97.5 32.5 0.000237367
-97 32.5 0.000238383
-96.5 32.5 0.000405918
-96 32.5 0.000221594
-95.5 32.5 -5.90399e-05
-95 32.5 0.000627752
-94.5 32.5 3.37089e-05
-94 32.5 0.000169602
-93.5 32.5 0.000178254
-93 32.5 0.000207313
-92.5 32.5 0.00021341
-92 32.5 0.000162197
-91.5 32.5 0.000221224
-91 32.5 6.00735e-05
-90.5 32.5 -2.71638e-05
-90 32.5 8.89116e-05
-89.5 32.5 8.80076e-05
-89 32.5 0.000268411
-88.5 32.5 0.000157796
-88 32.5 0.000131002
-87.5 32.5 0.000341046
-87 32.5 0.00023383
-86.5 32.5 0.000204937
-86 32.5 0.000161047
-85.5 32.5 0.000134062
-85 32.5 0.00013841
-84.5 32.5 0.00017865
-84 32.5 0.000130252
-83.5 32.5 0.000283477
-83 32.5 0.000148899
-82.5 32.5 0.000301882
-82 32.5 -1.71807e-06
-81.5 32.5 0.000339621
-81 32.5 0.000225419
-119 33 -0.000229817
-118.5 33 0.000300243
-118 33 0.000142773
-117.5 33 0.000100179
-117 33 -0.000190564
-116.5 33 -5.62485e-05
-116 33 0.000200997
-115.5 33 0.000322169
-115 33 0.000321025
-114.5 33 -7.18115e-05
-114 33 0.000158577
-113.5 33 0.000106097
-113 33 8.95957e-05
-112.5 33 -3.85417e-05
-112 33 0.000363548
-111.5 33 0.000294586
-111 33 -2.8086e-05
-110.5 33 6.4604e-05
-110 33 0.000105565
-109.5 33 -6.09814e-05
-109 33 2.99264e-05
-108.5 33 0.000136876
-108 33 0.000177869
-107.5 33 0.000170204
-107 33 8.43944e-05
-106.5 33 0.000381918
-106 33 0.000339527
-105.5 33 0.000196245
-105 33 0.000217035
-104.5 33 0.000330198
-104 33 0.000299134
-103.5 33 0.000327188
-103 33 0.000456092
-102.5 33 0.000154488
-102 33 0.000411315
-101.5 33 0.000171949
-101 33 0.000226331
-100.5 33 0.000191835
-100 33 0.000329234
-99.5 33 0.0003214
-99 33 0.000319376
-98.5 33 0.00038504
-98 33 0.000265586
-97.5 33 0.000262253
-97 33 0.000384918
-96.5 33 0.000318632
-96 33 -1.21583e-05
-95.5 33 0.000542523
-95 33 0.00029242
-94.5 33 0.00044243
-94 33 0.000229385
-93.5 33 0.000208581
-93 33 0.000232761
-92.5 33 0.000253761
-92 33 0.00022631
-91.5 33 -8.7576e-05
-91 33 0.000333164
-90.5 33 0.000632082
-90 33 2.8705e-05
-89.5 33 0.000216289
-89 33 0.000198607
-88.5 33 0.000106572
-88 33 0.000150567
-87.5 33 0.000242579
-87 33 0.000213999
-86.5 33 0.00010485
-86 33 0.000176917
-85.5 33 0.000266366
-85 33 0.000102586
-84.5 33 0.000169601
-84 33 0.000120805
-83.5 33 2.20056e-05
-83 33 3.89019e-05
-82.5 33 0.000250291
-82 33 8.60582e-07
-81.5 33 0.000244166
-81 33 -0.00018868
-119 33.5 -5.38638e-05
-118.5 33.5 0.000232165
-118 33.5 8.1223e-05
-117.5 33.5 0.000141775
-117 33.5 0.000201701
-116.5 33.5 6.54853e-05
-116 33.5 0.000207441
-115.5 33.5 -2.34306e-06
-115 33.5 0.00037867
-114.5 33.5 0.000514111
-114 33.5 0.000116681
-113.5 33.5 7.84366e-05
-113 33.5 0.000198382
-112.5 33.5 0.000156964
-112 33.5 -0.00018587
-111.5 33.5 0.000314538
-111 33.5 0.000210107
-110.5 33.5 0.000278257
-110 33.5 -0.000166933
-109.5 33.5 0.000368903
-109 33.5 8.96349e-05
-108.5 33.5 -4.09574e-05
-108 33.5 0.00016111
-107.5 33.5 8.26811e-05
-107 33.5 0.000489048
-106.5 33.5 0.000184918
-106 33.5 0.000250772
-105.5 33.5 0.000304485
-105 33.5 0.00018527
-104.5 33.5 0.000337992
-104 33.5 0.000302011
-103.5 33.5 0.00038016
-103 33.5 0.000367093
-102.5 33.5 0.00043713
-102 33.5 0.000371571
-101.5 33.5 0.00024536
-101 33.5 0.000300291
-100.5 33.5 0.000280891
-100 33.5 0.000299463
-99.5 33.5 0.000295399
-99 33.5 0.00030045
-98.5 33.5 0.000313429
-98 33.5 0.000296023
-97.5 33.5 0.000353083
-97 33.5 0.000415468
-96.5 33.5 2.69552e-05
-96 33.5 0.000520513
-95.5 33.5 0.000393592
-95 33.5 0.000131738
-94.5 33.5 0.000577243
-94 33.5 -7.16555e-06
-93.5 33.5 0.000239679
-93 33.5 0.000231215
-92.5 33.5 0.000106236
-92 33.5 2.43122e-05
-91.5 33.5 0.000398999
-91 33.5 0.000372669
-90.5 33.5 -3.48646e-05
-90 33.5 0.000240284
-89.5 33.5 0.00018155
-89 33.5 0.00011907
-88.5 33.5 -1.92905e-05
-88 33.5 0.000713221
-87.5 33.5 1.75468e-06
-87 33.5 0.000273397
-86.5 33.5 0.000207244
-86 33.5 5.51121e-05
-85.5 33.5 9.56372e-05
-85 33.5 2.43328e-05
-84.5 33.5 6.40598e-05
-84 33.5 -1.61531e-05
-83.5 33.5 0.000614129
-83 33.5 -3.0346e-05
-82.5 33.5 0.000224176
-82 33.5 0.00012371
-81.5 33.5 0.000214657
-81 33.5 0.000309105
-119 34 0.00014111
-118.5 34 0.000404795
-118 34 4.46515e-06
-117.5 34 0.000339677
-117 34 0.000289755
-116.5 34 0.000155524
-116 34 0.000187612
-115.5 34 0.00015535
-115 34 0.000139446
-114.5 34 6.59307e-07
-114 34 0.000324141
-113.5 34 0.000106869
-113 34 0.000189524
-112.5 34 2.32667e-05
-112 34 0.000540631
-111.5 34 -0.000107296
-111 34 0.000178023
-110.5 34 0.000222659
-110 34 0.000300806
-109.5 34 -0.000128194
-109 34 0.000201546
-108.5 34 4.05599e-05
-108 34 0.000140481
-107.5 34 -4.54391e-05
-107 34 0.000312198
-106.5 34 0.000354069
-106 34 0.000372873
-105.5 34 0.000137458
-105 34 0.000384915
-104.5 34 0.000276609
-104 34 0.00033845
-103.5 34 0.000415485
-103 34 0.000484421
-102.5 34 0.000466078
-102 34 0.000403947
-101.5 34 0.000387887
-101 34 0.000357231
-100.5 34 0.000308775
-100 34 0.000327371
-99.5 34 0.00034234
-99 34 0.000351693
-98.5 34 0.000302384
-98 34 0.000342989
-97.5 34 0.000372452
-97 34 0.000275204
-96.5 34 0.000363549
-96 34 0.000382627
-95.5 34 0.000335785
-95 34 0.000478711
-94.5 34 8.36333e-05
-94 34 0.00065701
-93.5 34 0.000161259
-93 34 3.0029e-05
-92.5 34 0.000457092
-92 34 0.000309685
-91.5 34 0.000336885
-91 34 0.000433312
-90.5 34 5.86447e-05
-90 34 0.000238102
-89.5 34 -2.55362e-05
-89 34 0.000550519
-88.5 34 0.000361816
-88 34 2.01519e-06
-87.5 34 0.0002673
-87 34 0.000185715
-86.5 34 7.42032e-05
-86 34 0.000401561
-85.5 34 0.000336784
-85 34 0.000367564
-84.5 34 0.000381109
-84 34 1.65861e-05
-83.5 34 -1.17011e-05
-83 34 5.84729e-05
-82.5 34 0.000123051
-82 34 6.48914e-05
-81.5 34 0.000145019
-81 34 7.17288e-05
-119 34.5 0.000357897
-118.5 34.5 -0.000147168
-118 34.5 0.000277725
-117.5 34.5 0.000212155
-117 34.5 8.48486e-05
-116.5 34.5 -3.8676e-06
-116 34.5 0.000167929
-115.5 34.5 0.000171486
-115 34.5 0.000234746
-114.5 34.5 0.00022775
-114 34.5 -8.05275e-05
-113.5 34.5 0.000330878
-113 34.5 -7.1009e-06
-112.5 34.5 0.000452068
-112 34.5 -8.96855e-05
-111.5 34.5 0.000381267
-111 34.5 0.000324531
-110.5 34.5 0.000325201
-110 34.5 0.000279776
-109.5 34.5 0.000280667
-109 34.5 0.000171458
-108.5 34.5 -5.29558e-05
-108 34.5 0.000158687
-107.5 34.5 0.000157135
-107 34.5 8.95436e-05
-106.5 34.5 0.000325031
-106 34.5 0.000352641
-105.5 34.5 0.000302736
-105 34.5 0.000357819
-104.5 34.5 0.000354991
-104 34.5 0.000476987
-103.5 34.5 0.000444065
-103 34.5 0.000469481
-102.5 34.5 0.000476459
-102 34.5 0.000458763
-101.5 34.5 0.000402276
-101 34.5 0.000385843
-100.5 34.5 0.000263338
-100 34.5 0.000327457
-99.5 34.5 0.00027378
-99 34.5 0.000363154
-98.5 34.5 0.000313646
-98 34.5 0.000332982
-97.5 34.5 0.000329484
-97 34.5 0.000403696
-96.5 34.5 0.000408887
-96 34.5 0.000363331
-95.5 34.5 0.000362661
-95 34.5 0.000309722
-94.5 34.5 0.000360602
-94 34.5 0.000231
-93.5 34.5 -6.2826e-05
-93 34.5 0.000432884
-92.5 34.5 0.000270991
-92 34.5 0.000336938
-91.5 34.5 -8.7607e-05
-91 34.5 7.28757e-05
-90.5 34.5 0.000173124
-90 34.5 -3.53437e-05
-89.5 34.5 0.000604176
-89 34.5 -3.48674e-05
-88.5 34.5 0.000191661
-88 34.5 0.000208007
-87.5 34.5 7.76949e-05
-87 34.5 0.000496931
-86.5 34.5 0.000278576
-86 34.5 0.000176423
-85.5 34.5 0.000375234
-85 34.5 2.40984e-05
-84.5 34.5 -2.17322e-06
-84 34.5 0.000136734
-83.5 34.5 0.000122224
-83 34.5 0.000162658
-82.5 34.5 0.000111189
-82 34.5 0.000148065
-81.5 34.5 9.75469e-05
-81 34.5 9.45109e-06
-119 35 0.000164585
-118.5 35 0.000327637
-118 35 0.000347607
-117.5 35 -0.000154616
-117 35 0.000525553
-116.5 35 0.000300418
-116 35 8.84079e-06
-115.5 35 0.000147365
-115 35 0.000306328
-114.5 35 0.000205115
-114 35 0.000210524
-113.5 35 8.58656e-05
-113 35 2.01405e-07
-112.5 35 0.000153222
-112 35 0.000254772
-111.5 35 0.000226579
-111 35 0.000217144
-110.5 35 0.000267259
-110 35 0.000317795
-109.5 35 0.000341775
-109 35 0.000234402
-108.5 35 0.000232178
-108 35 0.00014991
-107.5 35 7.42421e-05
-107 35 0.000188932
-106.5 35 4.36498e-05
-106 35 0.000354218
-105.5 35 0.000344942
-105 35 0.000342627
-104.5 35 0.000407244
-104 35 0.000439386
-103.5 35 0.000522353
-103 35 0.00049383
-102.5 35 0.00045903
-102 35 0.00042983
-101.5 35 0.000419824
-101 35 0.00032412
-100.5 35 0.000403953
-100 35 0.000346488
-99.5 35 0.000424293
-99 35 0.000360004
-98.5 35 0.000400799
-98 35 0.000445936
-97.5 35 0.000414149
-97 35 0.000423414
-96.5 35 0.000429424
-96 35 0.000497081
-95.5 35 0.000402489
-95 35 0.000316398
-94.5 35 0.000305808
-94 35 0.000318436
-93.5 35 0.000324764
-93 35 0.000260495
-92.5 35 0.000281312
-92 35 0.000373766
-91.5 35 0.000396003
-91 35 0.000320406
-90.5 35 0.000291905
-90 35 0.000450961
-89.5 35 -6.83732e-05
-89 35 0.000322451
-88.5 35 0.000168617
-88 35 0.000494793
-87.5 35 0.000356641
-87 35 0.000354912
-86.5 35 3.22699e-05
-86 35 0.000181149
-85.5 35 7.6419e-05
-85 35 0.000306589
-84.5 35 8.1302e-05
-84 35 0.000206702
-83.5 35 8.34608e-05
-83 35 -2.59257e-05
-82.5 35 6.82472e-05
-82 35 -1.12591e-06
-81.5 35 -0.000133416
-81 35 0.000287622
-119 35.5 0.000179839
-118.5 35.5 -0.000538869
-118 35.5 0.000198322
-117.5 35.5 0.000347644
-117 35.5 0.000253699
-116.5 35.5 9.7624e-05
-116 35.5 0.000260396
-115.5 35.5 0.000219325
-115 35.5 8.0512e-05
-114.5 35.5 0.000135025
-114 35.5 0.000215326
-113.5 35.5 0.000293448
-113 35.5 0.000194348
-112.5 35.5 0.000190165
-112 35.5 0.000174326
-111.5 35.5 0.000164321
-111 35.5 0.00028677
-110.5 35.5 0.000257804
-110 35.5 0.000256465
-109.5 35.5 0.000401463
-109 35.5 0.000254582
-108.5 35.5 0.000238876
-108 35.5 0.00021057
-107.5 35.5 9.76446e-05
-107 35.5 0.000109303
-106.5 35.5 0.000302369
-106 35.5 0.00016199
-105.5 35.5 0.000348267
-105 35.5 0.000488141
-104.5 35.5 0.000507623
-104 35.5 0.000445249
-103.5 35.5 0.000476667
-103 35.5 0.000537062
-102.5 35.5 0.00044247
-97.5 35.5 0.000422951
-97 35.5 0.000562625
-96.5 35.5 0.000366236
-96 35.5 0.000466561
-95.5 35.5 0.000490265
-95 35.5 0.000424757
-94.5 35.5 0.00040348
-94 35.5 0.000308244
-93.5 35.5 0.000307787
-93 35.5 0.000333918
-92.5 35.5 0.000448106
-92 35.5 0.000163725
-91.5 35.5 0.000264983
-91 35.5 0.000361855
-90.5 35.5 0.000254276
-90 35.5 0.000239996
-89.5 35.5 0.000407606
-89 35.5 0.000110717
-88.5 35.5 0.000131997
-88 35.5 0.000164835
-87.5 35.5 0.000411769
-87 35.5 8.84999e-06
-86.5 35.5 0.00021856
-86 35.5 0.000249477
-85.5 35.5 0.000187649
-85 35.5 0.000166827
-84.5 35.5 3.09465e-05
-84 35.5 9.74806e-05
-83.5 35.5 -2.81004e-05
-83 35.5 0.000359466
-82.5 35.5 0.000309246
-82 35.5 0.000133615
-81.5 35.5 0.000266897
-81 35.5 -2.68546e-05
-119 36 0.000142993
-118.5 36 -0.000177127
-118 36 8.8197e-05
-117.5 36 -9.94843e-06
-117 36 -6.40399e-05
-116.5 36 0.000254755
-116 36 0.000226872
-115.5 36 8.37793e-05
-115 36 0.000252915
-114.5 36 0.000318967
-114 36 0.000252736
-113.5 36 0.000463882
-113 36 0.000306772
-112.5 36 0.000208696
-112 36 0.000238665
-111.5 36 0.000188916
-111 36 0.00016997
-110.5 36 0.000182868
-110 36 0.000243206
-109.5 36 0.000243437
-109 36 0.000285028
-108.5 36 0.000311341
-108 36 0.000246786
-107.5 36 0.00019866
-107 36 0.000119602
-106.5 36 0.000152354
-106 36 0.000278647
-105.5 36 0.000411603
-105 36 0.000449811
-104.5 36 0.000370371
-104 36 0.000505255
-103.5 36 0.000477046
-96.5 36 0.00052007
-96 36 0.000395393
-95.5 36 0.000405035
-95 36 0.000412274
-94.5 36 0.000436983
-94 36 0.000396117
-93.5 36 0.000352743
-93 36 0.000401062
-92.5 36 0.000265267
-92 36 0.00043814
-91.5 36 0.000315191
-91 36 0.000306263
-90.5 36 0.000229666
-90 36 0.000210063
-89.5 36 0.000350161
-89 36 0.000193128
-88.5 36 0.0004202
-88 36 0.000475746
-87.5 36 -5.19977e-05
-87 36 8.98688e-05
-86.5 36 9.07002e-05
-86 36 6.51012e-05
-85.5 36 -4.78138e-05
-85 36 0.000397476
-84.5 36 0.00019415
-84 36 0.000225966
-83.5 36 0.000188676
-83 36 3.07291e-05
-82.5 36 0.000304027
-82 36 -0.000184686
-81.5 36 7.66925e-05
-81 36 1.58719e-05
-119 36.5 -0.000111114
-118.5 36.5 -0.000249735
-118 36.5 0.00018628
-117.5 36.5 -4.04607e-05
-117 36.5 0.000202758
-116.5 36.5 6.58539e-05
-116 36.5 0.000167214
-115.5 36.5 0.000260704
-115 36.5 0.000243024
-114.5 36.5 0.000140637
-114 36.5 0.000270752
-113.5 36.5 0.000231844
-113 36.5 0.000208768
-112.5 36.5 0.000371289
-112 36.5 0.000299958
-111.5 36.5 0.000276875
-111 36.5 0.000385996
-110.5 36.5 0.000272002
-110 36.5 0.000276341
-109.5 36.5 0.00042315
-109 36.5 0.000193895
-108.5 36.5 0.000314804
-108 36.5 0.000189967
-107.5 36.5 0.000385964
-107 36.5 0.000210711
-106.5 36.5 0.000250204
-106 36.5 0.000329093
-105.5 36.5 0.000382221
-105 36.5 0.000394959
-104.5 36.5 0.000556358
-95.5 36.5 0.00042561
-95 36.5 0.000400722
-94.5 36.5 0.000363253
-94 36.5 0.000419786
-93.5 36.5 0.000342594
-93 36.5 0.000327359
-92.5 36.5 0.000379501
-92 36.5 0.000177049
-91.5 36.5 0.000319799
-91 36.5 0.000287478
-90.5 36.5 0.000268915
-90 36.5 0.00018039
-89.5 36.5 4.54173e-05
-89 36.5 8.6277e-05
-88.5 36.5 0.000114929
-88 36.5 -4.49953e-05
-87.5 36.5 0.00038299
-87 36.5 0.000214245
-86.5 36.5 0.000198523
-86 36.5 0.000217253
-85.5 36.5 0.000239466
-85 36.5 1.09084e-05
-84.5 36.5 0.000167085
-84 36.5 7.06992e-05
-83.5 36.5 0.000120027
-83 36.5 0.000171942
-82.5 36.5 -0.000142563
-82 36.5 1.78528e-05
-81.5 36.5 9.18562e-05
-81 36.5 0.000178934
-119 37 -2.66919e-05
-118.5 37 -0.000208581
-118 37 0.000205473
-117.5 37 -3.59361e-05
-117 37 6.2431e-05
-116.5 37 2.56782e-05
-116 37 0.000171885
-115.5 37 9.88618e-06
-115 37 0.000408749
-114.5 37 0.000140829
-114 37 0.000164197
-113.5 37 0.000217273
-113 37 0.000272832
-112.5 37 0.000265752
-112 37 0.000333711
-111.5 37 0.000347825
-111 37 0.000268814
-110.5 37 0.000260915
-110 37 0.000286602
-109.5 37 0.000201047
-109 37 0.000400114
-108.5 37 0.000186579
-108 37 0.000344292
-107.5 37 0.000352101
-107 37 0.000383005
-106.5 37 0.000429191
-106 37 0.000344022
-105.5 37 0.000405293
-105 37 0.00049013
-95 37 0.000464262
-94.5 37 0.000354464
-94 37 0.000403098
-93.5 37 0.00039028
-93 37 0.000301799
-92.5 37 0.000286785
-92 37 0.000316397
-91.5 37 0.000283291
-91 37 0.000180181
-90.5 37 0.00023629
-90 37 0.000301161
-89.5 37 0.000328776
-89 37 0.000350893
-88.5 37 0.00027905
-88 37 0.000187514
-87.5 37 0.000111961
-87 37 0.00017737
-86.5 37 0.000107442
-86 37 0.000229295
-85.5 37 5.43482e-05
-85 37 0.000170096
-84.5 37 0.000147995
-84 37 1.69906e-05
-83.5 37 0.000172483
-83 37 0.000135794
-82.5 37 0.000217999
-82 37 0.000149023
-81.5 37 -0.000138283
-81 37 4.35791e-05
-119 37.5 0.000447845
-118.5 37.5 -0.000378855
-118 37.5 0.000153615
-117.5 37.5 -7.99914e-05
-117 37.5 0.000352574
-116.5 37.5 -7.62686e-05
-116 37.5 0.00043822
-115.5 37.5 -8.93359e-05
-115 37.5 -9.00624e-05
-114.5 37.5 9.98717e-06
-114 37.5 0.000177718
-113.5 37.5 0.000144591
-113 37.5 0.000224254
-112.5 37.5 0.000235372
-112 37.5 0.000371587
-111.5 37.5 0.0003021
-111 37.5 0.00030304
-110.5 37.5 0.000326545
-110 37.5 0.000314268
-109.5 37.5 0.000329719
-109 37.5 0.00010146
-108.5 37.5 0.000248011
-108 37.5 0.000252889
-107.5 37.5 0.000335552
-107 37.5 0.000503981
-106.5 37.5 0.000393453
-106 37.5 0.000454127
-105.5 37.5 0.000461798
-94.5 37.5 0.000417362
-94 37.5 0.00039998
-93.5 37.5 0.000399784
-93 37.5 0.000368083
-92.5 37.5 0.000377296
-92 37.5 0.000235791
-91.5 37.5 0.000208714
-91 37.5 0.000344248
-90.5 37.5 0.000406544
-90 37.5 0.000263295
-89.5 37.5 0.000210293
-89 37.5 0.000180413
-88.5 37.5 0.000208484
-88 37.5 0.000277505
-87.5 37.5 0.000201466
-87 37.5 0.000207349
-86.5 37.5 0.000206325
-86 37.5 0.000236671
-85.5 37.5 0.000133676
-85 37.5 0.000120795
-84.5 37.5 -1.24794e-05
-84 37.5 0.000216831
-83.5 37.5 0.00011978
-83 37.5 -1.82827e-05
-82.5 37.5 0.000215339
-82 37.5 8.39391e-05
-81.5 37.5 0.000365344
-81 37.5 9.18918e-05
-119 38 2.6821e-05
-118.5 38 -3.58392e-05
-118 38 0.000277612
-117.5 38 8.72758e-05
-117 38 0.000114664
-116.5 38 0.00017559
-116 38 -2.8865e-05
-115.5 38 0.000236415
-115 38 0.000194009
-114.5 38 2.69771e-05
-114 38 9.07175e-05
-113.5 38 0.000130497
-113 38 0.000143949
-112.5 38 0.000205803
-112 38 0.000252396
-111.5 38 0.000292584
-111 38 0.00030906
-110.5 38 0.000248205
-110 38 0.000209901
-109.5 38 0.000223068
-109 38 0.000171841
-108.5 38 0.00031074
-108 38 0.000204032
-107.5 38 0.000336316
-107 38 0.000462777
-106.5 38 0.000471857
-106 38 0.000480858
-94 38 0.000395395
-93.5 38 0.000443449
-93 38 0.000408923
-92.5 38 0.00034687
-92 38 0.000416162
-91.5 38 0.000411665
-91 38 0.000344249
-90.5 38 0.000290816
-90 38 0.000111167
-89.5 38 0.000397228
-89 38 0.000276151
-88.5 38 0.0002448
-88 38 0.000198438
-87.5 38 0.000214986
-87 38 0.000233454
-86.5 38 0.000157878
-86 38 0.000218966
-85.5 38 0.000171991
-85 38 0.000209626
-84.5 38 0.000156841
-84 38 0.000156912
-83.5 38 0.000157704
-83 38 0.000225017
-82.5 38 0.000144062
-82 38 0.000165303
-81.5 38 -1.19512e-06
-81 38 0.000151752
-119 38.5 -0.000108932
-118.5 38.5 -0.000445013
-118 38.5 0.000224894
-117.5 38.5 -3.16924e-05
-117 38.5 7.27794e-05
-116.5 38.5 9.60495e-05
-116 38.5 6.80046e-06
-115.5 38.5 6.6225e-05
-115 38.5 6.3778e-05
-114.5 38.5 0.000127862
-114 38.5 0.000218274
-113.5 38.5 7.56223e-05
-113 38.5 0.000180942
-112.5 38.5 0.000166099
-112 38.5 0.000293229
-111.5 38.5 0.00024416
-111 38.5 0.000185997
-110.5 38.5 0.000261892
-110 38.5 0.000426263
-109.5 38.5 0.00035246
-109 38.5 0.000349191
-108.5 38.5 0.000302851
-108 38.5 0.000296472
-107.5 38.5 0.000393056
-107 38.5 0.000465702
-106.5 38.5 0.000471575
-106 38.5 0.000480481
-94 38.5 0.00044462
-93.5 38.5 0.000422101
-93 38.5 0.000395095
-92.5 38.5 0.000429917
-92 38.5 0.000391977
-91.5 38.5 0.000288131
-91 38.5 0.000388421
-90.5 38.5 0.000301233
-90 38.5 0.000351568
-89.5 38.5 0.000114733
-89 38.5 0.000144947
-88.5 38.5 0.000308737
-88 38.5 0.000227669
-87.5 38.5 0.000230398
-87 38.5 0.000206082
-86.5 38.5 0.000203235
-86 38.5 0.00018448
-85.5 38.5 0.000115374
-85 38.5 0.000136806
-84.5 38.5 0.000259806
-84 38.5 0.000153411
-83.5 38.5 0.000189025
-83 38.5 5.9135e-05
-82.5 38.5 0.000264896
-82 38.5 0.000183438
-81.5 38.5 0.00025958
-81 38.5 5.70554e-05
-119 39 0.000418638
-118.5 39 0.000157843
-118 39 0.000358961
-117.5 39 0.000228805
-117 39 0.000392858
-116.5 39 -1.91984e-06
-116 39 -6.00051e-05
-115.5 39 0.000227938
-115 39 0.000185975
-114.5 39 7.55847e-06
-114 39 0.000199483
-113.5 39 -6.71173e-05
-113 39 0.000105765
-112.5 39 0.000170656
-112 39 0.000141796
-111.5 39 0.000314738
-111 39 0.000298794
-110.5 39 0.000434249
-110 39 0.000203348
-109.5 39 0.000280473
-109 39 0.000445243
-108.5 39 0.000273561
-108 39 0.000381724
-107.5 39 0.000461017
-107 39 0.000407058
-106.5 39 0.000468266
-93.5 39 0.000390409
-93 39 0.000411716
-92.5 39 0.000395408
-92 39 0.000404758
-91.5 39 0.000440019
-91 39 0.000171244
-90.5 39 0.000330993
-90 39 0.000263189
-89.5 39 0.000245248
-89 39 0.000228577
-88.5 39 0.00020235
-88 39 0.000189008
-87.5 39 0.000277564
-87 39 0.000199732
-86.5 39 0.000185684
-86 39 0.000176323
-85.5 39 0.000169328
-85 39 0.000291663
-84.5 39 2.99228e-05
-84 39 5.77759e-05
-83.5 39 0.000183907
-83 39 4.58143e-05
-82.5 39 0.000181406
-82 39 5.07213e-05
-81.5 39 0.000284441
-81 39 9.90402e-05
-119 39.5 8.0629e-05
-118.5 39.5 0.000366012
-118 39.5 0.000283492
-117.5 39.5 0.000282775
-117 39.5 0.000277052
-116.5 39.5 0.000364708
-116 39.5 0.000281683
-115.5 39.5 0.000283605
-115 39.5 0.000167885
-114.5 39.5 8.09136e-05
-114 39.5 0.000162024
-113.5 39.5 8.06459e-05
-113 39.5 9.82222e-05
-112.5 39.5 0.000167405
-112 39.5 0.000157197
-111.5 39.5 0.000249511
-111 39.5 0.000224091
-110.5 39.5 0.000294421
-110 39.5 0.000225371
-109.5 39.5 0.000232249
-109 39.5 0.00032154
-108.5 39.5 0.000334555
-108 39.5 0.000293809
-107.5 39.5 0.000397539
-107 39.5 0.000395538
-106.5 39.5 0.000538495
-93.5 39.5 0.000467782
-93 39.5 0.000414813
-92.5 39.5 0.000401311
-92 39.5 0.000362668
-91.5 39.5 0.000336829
-91 39.5 0.000349329
-90.5 39.5 0.000253853
-90 39.5 0.000331555
-89.5 39.5 0.000285956
-89 39.5 0.000219213
-88.5 39.5 0.000264843
-88 39.5 0.000238051
-87.5 39.5 0.000272654
-87 39.5 0.000174758
-86.5 39.5 0.000178706
-86 39.5 0.000212428
-85.5 39.5 0.000216178
-85 39.5 0.000249242
-84.5 39.5 0.000347674
-84 39.5 0.000220354
-83.5 39.5 0.000168202
-83 39.5 9.00947e-05
-82.5 39.5 0.000172369
-82 39.5 8.12744e-05
-81.5 39.5 0.000220705
-81 39.5 0.000156481
-119 40 0.000186116
-118.5 40 -0.000120947
-118 40 0.000164421
-117.5 40 0.000108584
-117 40 0.000122598
-116.5 40 0.000137284
-116 40 0.000150886
-115.5 40 6.52908e-05
-115 40 0.000191723
-114.5 40 0.000177577
-114 40 0.000100964
-113.5 40 0.000131265
-113 40 0.000130924
-112.5 40 0.000198657
-112 40 0.000195992
-111.5 40 0.000251199
-111 40 0.000155588
-110.5 40 0.00025549
-110 40 0.000263276
-109.5 40 0.000115161
-109 40 0.000314649
-108.5 40 0.000200463
-108 40 0.000430616
-107.5 40 0.000363011
-107 40 0.000354253
-106.5 40 0.000251475
-93.5 40 0.000478817
-93 40 0.000421875
-92.5 40 0.000389503
-92 40 0.000371356
-91.5 40 0.000343971
-91 40 0.000317364
-90.5 40 0.000316909
-90 40 0.00028703
-89.5 40 0.000247403
-89 40 0.000296562
-88.5 40 0.000222839
-88 40 0.000210555
-87.5 40 0.000265633
-87 40 0.000196489
-86.5 40 0.000219731
-86 40 0.00031794
-85.5 40 3.89355e-05
-85 40 0.000318123
-84.5 40 0.000141761
-84 40 -2.21694e-05
-83.5 40 0.000223998
-83 40 -1.84905e-05
-82.5 40 0.000178281
-82 40 0.000179709
-81.5 40 0.000246998
-81 40 0.000282343
-119 40.5 0.000298996
-118.5 40.5 0.000256768
-118 40.5 0.000355918
-117.5 40.5 0.000266427
-117 40.5 0.000157086
-116.5 40.5 0.000250319
-116 40.5 0.000245935
-115.5 40.5 0.000294507
-115 40.5 0.000242902
-114.5 40.5 0.000115768
-114 40.5 0.000278482
-113.5 40.5 0.00017149
-113 40.5 0.000210582
-112.5 40.5 0.000197782
-112 40.5 0.000275658
-111.5 40.5 0.000223773
-111 40.5 0.00016009
-110.5 40.5 0.000149283
-110 40.5 0.000206574
-109.5 40.5 0.000312706
-109 40.5 0.000253446
-108.5 40.5 0.000273763
-108 40.5 0.000429414
-107.5 40.5 0.000307765
-107 40.5 0.000392197
-106.5 40.5 0.000342952
-93.5 40.5 0.000480976
-93 40.5 0.000433323
-92.5 40.5 0.000427704
-92 40.5 0.000374612
-91.5 40.5 0.000381518
-91 40.5 0.000319916
-90.5 40.5 0.000352424
-90 40.5 0.000310578
-89.5 40.5 0.000245849
-89 40.5 0.000317894
-88.5 40.5 0.000277802
-88 40.5 0.000267591
-87.5 40.5 0.000275034
-87 40.5 7.31632e-05
-86.5 40.5 0.00014145
-86 40.5 0.000122051
-85.5 40.5 9.40412e-05
-85 40.5 0.00032828
-84.5 40.5 0.000462746
-84 40.5 0.000256084
-83.5 40.5 0.000314102
-83 40.5 0.000188018
-82.5 40.5 0.000357374
-82 40.5 0.000329882
-81.5 40.5 0.000323728
-81 40.5 5.17412e-05
-119 41 0.000163586
-118.5 41 -0.00025604
-118 41 0.000389313
-117.5 41 0.000111634
-117 41 0.000335115
-116.5 41 0.000469646
-116 41 0.000369487
-115.5 41 0.000357967
-115 41 0.00042522
-114.5 41 0.000134078
-114 41 0.00034781
-113.5 41 0.000241205
-113 41 0.000325312
-112.5 41 0.000257607
-112 41 0.000242629
-111.5 41 0.000216909
-111 41 0.000199233
-110.5 41 0.0003414
-110 41 0.000133581
-109.5 41 0.000401844
-109 41 0.000207298
-108.5 41 0.000332906
-108 41 0.000427866
-107.5 41 0.000393363
-107 41 0.000445118
-106.5 41 0.000244063
-93.5 41 0.000463987
-93 41 0.000399541
-92.5 41 0.000392356
-92 41 0.000454505
-91.5 41 0.000376982
-91 41 0.000327535
-90.5 41 0.000345895
-90 41 0.000348536
-89.5 41 0.000259581
-89 41 0.000292559
-88.5 41 0.000276813
-88 41 0.000218934
-87.5 41 0.000200001
-87 41 0.000212726
-86.5 41 0.000293784
-86 41 0.000254639
-85.5 41 0.000349858
-85 41 6.23098e-05
-84.5 41 0.000183205
-84 41 9.74381e-05
-83.5 41 0.000515727
-83 41 -6.68895e-05
-82.5 41 0.000171381
-82 41 -0.000183095
-81.5 41 0.00061662
-81 41 0.000203248
-119 41.5 0.000528005
-118.5 41.5 0.00059522
-118 41.5 0.000127175
-117.5 41.5 0.000338909
-117 41.5 0.00023221
-116.5 41.5 0.000368153
-116 41.5 0.000239894
-115.5 41.5 0.000157172
-115 41.5 0.000263369
-114.5 41.5 0.000308554
-114 41.5 0.000281543
-113.5 41.5 0.000487625
-113 41.5 0.000174525
-112.5 41.5 0.000360851
-112 41.5 0.000508999
-111.5 41.5 0.000424001
-111 41.5 0.000318529
-110.5 41.5 0.000290606
-110 41.5 0.000409509
-109.5 41.5 0.000398162
-109 41.5 0.000372205
-108.5 41.5 0.000391069
-108 41.5 0.000433138
-107.5 41.5 0.000562947
-107 41.5 0.000485257
-106.5 41.5 0.000489427
-106 41.5 0.000445737
-94 41.5 0.000335866
-93.5 41.5 0.000342687
-93 41.5 0.000422105
-92.5 41.5 0.000403581
-92 41.5 0.000415458
-91.5 41.5 0.000296539
-91 41.5 0.00024298
-90.5 41.5 0.000307017
-90 41.5 0.000310262
-89.5 41.5 0.000198926
-89 41.5 0.000367855
-88.5 41.5 0.000146147
-88 41.5 0.000207224
-87.5 41.5 0.000280636
-87 41.5 0.000204982
-86.5 41.5 0.000276137
-86 41.5 0.000252382
-85.5 41.5 0.000671727
-85 41.5 5.65018e-05
-84.5 41.5 0.000382164
-84 41.5 0.000202622
-83.5 41.5 6.27782e-05
-83 41.5 3.48647e-05
-82.5 41.5 3.39186e-05
-82 41.5 -2.5977e-06
-81.5 41.5 -0.000240597
-81 41.5 -0.00013473
-119 42 0.00033384
-118.5 42 -0.000435512
-118 42 0.000392838
-117.5 42 0.000201349
-117 42 0.00024341
-116.5 42 -9.78583e-05
-116 42 0.000567654
-115.5 42 0.000268439
-115 42 0.00041884
-114.5 42 0.000350292
-114 42 -1.11803e-05
-113.5 42 0.00033865
-113 42 0.000582741
-112.5 42 0.000593612
-112 42 0.00048045
-111.5 42 0.000463967
-111 42 0.0003824
-110.5 42 0.000387192
-110 42 0.000379706
-109.5 42 0.000281515
-109 42 0.000418435
-108.5 42 0.000455666
-108 42 0.000503736
-107.5 42 0.000599083
-107 42 0.000509106
-106.5 42 0.000406691
-106 42 0.000577165
-94 42 0.000406629
-93.5 42 0.000357329
-93 42 0.000401782
-92.5 42 0.000376073
-92 42 0.00039842
-91.5 42 0.000308686
-91 42 0.000302098
-90.5 42 0.000300704
-90 42 0.00026877
-89.5 42 0.000298011
-89 42 0.000234597
-88.5 42 0.000285333
-88 42 0.000286256
-87.5 42 0.000258041
-87 42 0.000422703
-86.5 42 5.85804e-05
-86 42 0.000175298
-85.5 42 7.10106e-06
-85 42 0.000210904
-84.5 42 0.000178907
-84 42 -3.75043e-05
-83.5 42 0.000382414
-83 42 0.000122279
-82.5 42 0.000384511
-82 42 6.23261e-05
-81.5 42 0.000579543
-81 42 0.000281524
-119 42.5 0.000620554
-118.5 42.5 -0.0002172
-118 42.5 0.000123636
-117.5 42.5 0.000534416
-117 42.5 0.000371189
-116.5 42.5 0.000132802
-116 42.5 0.000219628
-115.5 42.5 0.000219299
-115 42.5 0.000135569
-114.5 42.5 0.000578468
-114 42.5 0.000379055
-113.5 42.5 0.000433047
-113 42.5 0.000501928
-112.5 42.5 0.000354087
-112 42.5 0.000477111
-111.5 42.5 0.000401223
-111 42.5 0.00026683
-110.5 42.5 0.000338962
-110 42.5 0.00040402
-109.5 42.5 0.000509811
-109 42.5 0.000446862
-108.5 42.5 0.000405899
-108 42.5 0.000473097
-107.5 42.5 0.000467722
-107 42.5 0.000532387
-106.5 42.5 0.000424584
-106 42.5 0.000503905
-105.5 42.5 0.000440076
-94.5 42.5 0.000478467
-94 42.5 0.000417925
-93.5 42.5 0.000395693
-93 42.5 0.00039432
-92.5 42.5 0.000363537
-92 42.5 0.000368789
-91.5 42.5 0.000287596
-91 42.5 0.000276327
-90.5 42.5 0.00029304
-90 42.5 0.000226614
-89.5 42.5 0.00030932
-89 42.5 0.000254831
-88.5 42.5 0.000354024
-88 42.5 0.000350938
-87.5 42.5 0.000248266
-87 42.5 0.000173518
-86.5 42.5 0.00016021
-86 42.5 0.000241684
-85.5 42.5 0.000353256
-85 42.5 2.52385e-05
-84.5 42.5 0.000100128
-84 42.5 2.29917e-05
-83.5 42.5 8.26059e-05
-83 42.5 -0.00015654
-82.5 42.5 0.000150516
-82 42.5 -1.09596e-05
-81.5 42.5 -0.000210573
-81 42.5 -0.000254511
-119 43 0.000277141
-118.5 43 -0.000126558
-118 43 -3.08931e-05
-117.5 43 3.66183e-05
-117 43 -7.9471e-05
-116.5 43 9.0503e-05
-116 43 0.000145543
-115.5 43 0.000160621
-115 43 0.000273788
-114.5 43 6.99832e-05
-114 43 0.000109555
-113.5 43 0.000214797
-113 43 0.000323208
-112.5 43 0.000272747
-112 43 0.00026556
-111.5 43 0.000355036
-111 43 0.000390678
-110.5 43 0.000315315
-110 43 0.000374577
-109.5 43 0.000292002
-109 43 0.000319273
-108.5 43 0.000364561
-108 43 0.000392507
-107.5 43 0.000379552
-107 43 0.000478388
-106.5 43 0.000407705
-106 43 0.000457007
-105.5 43 0.000535973
-105 43 0.000570117
-95 43 0.000549243
-94.5 43 0.000458227
-94 43 0.000380809
-93.5 43 0.000432364
-93 43 0.000346387
-92.5 43 0.000394089
-92 43 0.000300912
-91.5 43 0.000374051
-91 43 0.000395981
-90.5 43 0.000158798
-90 43 0.000261299
-89.5 43 0.000260519
-89 43 0.000276113
-88.5 43 0.000300073
-88 43 0.000316991
-87.5 43 0.000309238
-87 43 9.93817e-05
-86.5 43 0.000161684
-86 43 0.000274828
-85.5 43 0.000192488
-85 43 0.000418298
-84.5 43 0.000415705
-84 43 0.000378663
-83.5 43 0.000448638
-83 43 0.000205597
-82.5 43 0.000429483
-82 43 7.07339e-05
-81.5 43 0.000304898
-81 43 0.000327159
-119 43.5 3.45411e-05
-118.5 43.5 -8.12908e-05
-118 43.5 3.22855e-06
-117.5 43.5 0.000188337
-117 43.5 0.000158225
-116.5 43.5 0.000105393
-116 43.5 0.000266938
-115.5 43.5 -3.13095e-05
-115 43.5 0.000220418
-114.5 43.5 4.6659e-05
-114 43.5 7.00103e-05
-113.5 43.5 -6.9343e-05
-113 43.5 0.000148206
-112.5 43.5 0.000165337
-112 43.5 0.000133217
-111.5 43.5 0.000191763
-111 43.5 0.0002729
-110.5 43.5 0.000319368
-110 43.5 0.000304365
-109.5 43.5 0.000346249
-109 43.5 0.000313006
-108.5 43.5 0.000298062
-108 43.5 0.000362907
-107.5 43.5 0.000406499
-107 43.5 0.000340868
-106.5 43.5 0.000536478
-106 43.5 0.000518367
-105.5 43.5 0.000533333
-105 43.5 0.000513663
-104.5 43.5 0.000576473
-95.5 43.5 0.00053744
-95 43.5 0.000454379
-94.5 43.5 0.00049132
-94 43.5 0.000487384
-93.5 43.5 0.000378054
-93 43.5 0.000441043
-92.5 43.5 0.000386171
-92 43.5 0.000405143
-91.5 43.5 0.000210188
-91 43.5 0.000395343
-90.5 43.5 0.000386807
-90 43.5 0.000138379
-89.5 43.5 0.000246162
-89 43.5 0.000254206
-88.5 43.5 0.000315987
-88 43.5 0.00049671
-87.5 43.5 4.35297e-05
-87 43.5 0.000498978
-86.5 43.5 4.99908e-05
-86 43.5 0.00017263
-85.5 43.5 7.84264e-05
-85 43.5 0.000149601
-84.5 43.5 6.3655e-05
-84 43.5 0.000125382
-83.5 43.5 -0.000117105
-83 43.5 0.000677495
-82.5 43.5 0.0003209
-82 43.5 2.08004e-05
-81.5 43.5 0.000208054
-81 43.5 0.000548363
-119 44 4.65539e-05
-118.5 44 0.000182359
-118 44 6.50421e-05
-117.5 44 0.000189738
-117 44 -0.000253477
-116.5 44 0.000207722
-116 44 5.78485e-05
-115.5 44 -1.30203e-06
-115 44 0.000159403
-114.5 44 -7.61706e-05
-114 44 8.2918e-05
-113.5 44 -4.6914e-06
-113 44 3.02947e-05
-112.5 44 2.92758e-06
-112 44 0.000208883
-111.5 44 0.000203334
-111 44 0.000120931
-110.5 44 0.000172768
-110 44 0.00018936
-109.5 44 0.000295743
-109 44 0.000366013
-108.5 44 0.00024375
-108 44 0.000359591
-107.5 44 0.000435502
-107 44 0.000479122
-106.5 44 0.000363521
-106 44 0.000535492
-105.5 44 0.000542023
-105 44 0.000486206
-104.5 44 0.000475489
-104 44 0.00024829
-103.5 44 0.000353865
-96.5 44 0.00046937
-96 44 0.000385513
-95.5 44 0.000462061
-95 44 0.000451113
-94.5 44 0.00049658
-94 44 0.00043021
-93.5 44 0.000556261
-93 44 0.000291532
-92.5 44 0.000335373
-92 44 0.000305972
-91.5 44 0.000370614
-91 44 0.000293023
-90.5 44 0.000244498
-90 44 0.000233873
-89.5 44 0.000288836
-89 44 0.000422112
-88.5 44 8.3364e-05
-88 44 0.000252968
-87.5 44 0.000243285
-87 44 9.27526e-05
-86.5 44 0.000202565
-86 44 0.000304453
-85.5 44 0.00014839
-85 44 0.000318481
-84.5 44 0.000168676
-84 44 6.86981e-05
-83.5 44 0.000635297
-83 44 -0.000261995
-82.5 44 0.000255101
-82 44 -1.08485e-05
-81.5 44 0.000216031
-81 44 -6.92408e-05
-119 44.5 2.90127e-05
-118.5 44.5 -5.82383e-05
-118 44.5 -8.77675e-06
-117.5 44.5 0.000159948
-117 44.5 9.10614e-05
-116.5 44.5 4.52332e-05
-116 44.5 1.10334e-05
-115.5 44.5 -4.39614e-05
-115 44.5 0.000111049
-114.5 44.5 2.16903e-05
-114 44.5 1.28739e-05
-113.5 44.5 0.000108246
-113 44.5 0.000127897
-112.5 44.5 8.98313e-05
-112 44.5 8.77582e-05
-111.5 44.5 0.000199457
-111 44.5 0.00018376
-110.5 44.5 6.79569e-05
-110 44.5 0.000295603
-109.5 44.5 0.000266732
-109 44.5 0.000390749
-108.5 44.5 0.000391986
-108 44.5 0.000370606
-107.5 44.5 0.000470742
-107 44.5 0.000441002
-106.5 44.5 0.000407877
-106 44.5 0.000442399
-105.5 44.5 0.000402857
-105 44.5 0.000547609
-104.5 44.5 0.000425682
-104 44.5 0.000299837
-103.5 44.5 0.000340736
-103 44.5 0.000360735
-102.5 44.5 0.000390107
-97.5 44.5 0.000442849
-97 44.5 0.000470841
-96.5 44.5 0.000455196
-96 44.5 0.000395962
-95.5 44.5 0.000348302
-95 44.5 0.000439986
-94.5 44.5 0.000417122
-94 44.5 0.000466983
-93.5 44.5 0.000354892
-93 44.5 0.000241178
-92.5 44.5 0.000281082
-92 44.5 0.000228334
-91.5 44.5 0.000353774
-91 44.5 0.000209995
-90.5 44.5 0.000326155
-90 44.5 0.000237296
-89.5 44.5 0.000327879
-89 44.5 0.000270766
-88.5 44.5 0.000368396
-88 44.5 0.000433864
-87.5 44.5 0.000527533
-87 44.5 -3.44151e-05
-86.5 44.5 8.1573e-05
-86 44.5 6.18535e-05
-85.5 44.5 0.000188929
-85 44.5 0.000325524
-84.5 44.5 0.000135035
-84 44.5 0.000209123
-83.5 44.5 0.000199957
-83 44.5 3.36472e-05
-82.5 44.5 0.000361782
-82 44.5 -6.73148e-05
-81.5 44.5 0.000293251
-81 44.5 3.28933e-05
-119 45 8.36354e-05
-118.5 45 0.000265569
-118 45 7.71043e-05
-117.5 45 0.000274962
-117 45 0.000109187
-116.5 45 9.00902e-05
-116 45 7.13758e-05
-115.5 45 8.79177e-05
-115 45 0.00018047
-114.5 45 0.000218313
-114 45 0.000132536
-113.5 45 0.000200385
-113 45 0.000164078
-112.5 45 0.000165517
-112 45 6.39176e-05
-111.5 45 0.000167526
-111 45 0.000102747
-110.5 45 0.000135398
-110 45 0.000386724
-109.5 45 0.000362374
-109 45 0.000381388
-108.5 45 0.00044464
-108 45 0.000436139
-107.5 45 0.000465519
-107 45 0.000463225
-106.5 45 0.000362783
-106 45 0.000313324
-105.5 45 0.000355576
-105 45 0.000338776
-104.5 45 0.000394815
-104 45 0.000293092
-103.5 45 0.000302296
-103 45 0.000425236
-102.5 45 0.00043429
-102 45 0.000469042
-101.5 45 0.000482583
-101 45 0.000405581
-100.5 45 0.000502527
-100 45 0.000488642
-99.5 45 0.000490331
-99 45 0.000500207
-98.5 45 0.000447309
-98 45 0.000499824
-97.5 45 0.000535472
-97 45 0.000417049
-96.5 45 0.000472986
-96 45 0.000355908
-95.5 45 0.000372352
-95 45 0.000380577
-94.5 45 0.000377613
-94 45 0.000406987
-93.5 45 0.000293743
-93 45 0.000352268
-92.5 45 0.000274706
-92 45 0.000236362
-91.5 45 0.000248617
-91 45 0.000162568
-90.5 45 0.000223034
-90 45 0.000237504
-89.5 45 0.000304131
-89 45 0.000320408
-88.5 45 0.000236835
-88 45 0.000325932
-87.5 45 0.000293472
-87 45 0.000330428
-86.5 45 0.000299288
-86 45 0.000184864
-85.5 45 0.00051911
-85 45 4.96652e-05
-84.5 45 0.000117321
-84 45 0.000159043
-83.5 45 0.000207631
-83 45 -4.11834e-05
-82.5 45 0.000306296
-82 45 -0.00034695
-81.5 45 0.000409434
-81 45 4.51288e-05
-119 45.5 0.000162532
-118.5 45.5 -2.84484e-05
-118 45.5 0.000155935
-117.5 45.5 0.000248982
-117 45.5 8.2793e-05
-116.5 45.5 0.000128448
-116 45.5 0.000442404
-115.5 45.5 -0.000285788
-115 45.5 0.000153208
-114.5 45.5 0.000163838
-114 45.5 4.28166e-05
-113.5 45.5 0.000293704
-113 45.5 0.000187113
-112.5 45.5 0.000267439
-112 45.5 6.21264e-05
-111.5 45.5 0.000184964
-111 45.5 0.000105693
-110.5 45.5 0.000343467
-110 45.5 0.000337624
-109.5 45.5 0.000491321
-109 45.5 0.000440966
-108.5 45.5 0.000401503
-108 45.5 0.000473673
-107.5 45.5 0.000354836
-107 45.5 0.000329363
-106.5 45.5 0.000314167
-106 45.5 0.000108062
-105.5 45.5 0.00049843
-105 45.5 0.000400879
-104.5 45.5 0.000306503
-104 45.5 0.000306861
-103.5 45.5 0.000352318
-103 45.5 0.000397807
-102.5 45.5 0.000500218
-102 45.5 0.000471484
-101.5 45.5 0.000453984
-101 45.5 0.000388642
-100.5 45.5 0.00047229
-100 45.5 0.000497271
-99.5 45.5 0.000568207
-99 45.5 0.000480513
-98.5 45.5 0.000447206
-98 45.5 0.00048795
-97.5 45.5 0.000422178
-97 45.5 0.000559263
-96.5 45.5 0.000485938
-96 45.5 0.000375386
-95.5 45.5 0.000403369
-95 45.5 0.000430898
-94.5 45.5 0.000294433
-94 45.5 0.000371431
-93.5 45.5 0.000204669
-93 45.5 0.000237338
-92.5 45.5 9.80446e-05
-92 45.5 0.000276341
-91.5 45.5 0.000253215
-91 45.5 0.000366273
-90.5 45.5 0.00016495
-90 45.5 0.000330846
-89.5 45.5 0.0002401
-89 45.5 0.000276818
-88.5 45.5 0.000179085
-88 45.5 0.000178898
-87.5 45.5 0.000283222
-87 45.5 0.000197585
-86.5 45.5 1.15811e-05
-86 45.5 0.000196641
-85.5 45.5 0.000289263
-85 45.5 0.000285478
-84.5 45.5 0.000396685
-84 45.5 0.000296476
-83.5 45.5 0.00052098
-83 45.5 -7.02426e-05
-82.5 45.5 0.000429296
-82 45.5 -0.000329369
-81.5 45.5 0.000507503
-81 45.5 -0.000299557
-119 46 0.000150771
-118.5 46 0.000813932
-118 46 -0.000354606
-117.5 46 0.00019844
-117 46 -3.12146e-05
-116.5 46 -0.000175443
-116 46 0.000333825
-115.5 46 0.000375221
-115 46 0.00031236
-114.5 46 0.000414086
-114 46 -7.23225e-06
-113.5 46 4.71343e-05
-113 46 0.000143274
-112.5 46 0.000169012
-112 46 0.00025832
-111.5 46 0.000318901
-111 46 0.000342607
-110.5 46 0.000394575
-110 46 0.000496305
-109.5 46 0.000196778
-109 46 0.000402509
-108.5 46 0.000473184
-108 46 0.000397091
-107.5 46 0.000379955
-107 46 0.000361775
-106.5 46 0.000259524
-106 46 0.000387289
-105.5 46 0.000152565
-105 46 0.000394385
-104.5 46 0.000400005
-104 46 0.000282074
-103.5 46 0.000327269
-103 46 0.000380779
-102.5 46 0.000411835
-102 46 0.000395048
-101.5 46 0.000397538
-101 46 0.000432342
-100.5 46 0.000411532
-100 46 0.000485541
-99.5 46 0.000513582
-99 46 0.000528195
-98.5 46 0.000545661
-98 46 0.000510185
-97.5 46 0.00050079
-97 46 0.00037712
-96.5 46 0.000386674
-96 46 0.000330307
-95.5 46 0.000395998
-95 46 0.000213205
-94.5 46 0.000316399
-94 46 0.000321621
-93.5 46 0.000374471
-93 46 0.000236491
-92.5 46 0.000226657
-92 46 0.00015357
-91.5 46 0.000154006
-91 46 0.00012663
-90.5 46 0.00027079
-90 46 0.000258712
-89.5 46 0.000250035
-89 46 0.000252817
-88.5 46 0.00033599
-88 46 0.000269117
-87.5 46 0.000167642
-87 46 0.000308337
-86.5 46 0.000153522
-86 46 9.56453e-05
-85.5 46 2.12381e-05
-85 46 -2.53851e-05
-84.5 46 -2.85966e-05
-84 46 0.000574797
-83.5 46 0.00052933
-83 46 -6.1066e-05
-82.5 46 0.000394595
-82 46 -0.000280481
-81.5 46 0.000432627
-81 46 -0.000392548
-119 46.5 -0.000341947
-118.5 46.5 9.81788e-05
-118 46.5 -0.000101194
-117.5 46.5 0.000798252
-117 46.5 0.000490572
-116.5 46.5 0.000344362
-116 46.5 0.000374742
-115.5 46.5 -0.000157308
-115 46.5 -0.000298514
-114.5 46.5 0.000260336
-114 46.5 7.60909e-05
-113.5 46.5 0.000147678
-113 46.5 0.000246219
-112.5 46.5 0.000269627
-112 46.5 0.000314085
-111.5 46.5 0.000350159
-111 46.5 0.000371367
-110.5 46.5 0.000432461
-110 46.5 0.000346966
-109.5 46.5 0.000456915
-109 46.5 0.00041521
-108.5 46.5 0.000423674
-108 46.5 0.000444132
-107.5 46.5 -1.35556e-05
-107 46.5 0.000352844
-106.5 46.5 0.000250882
-106 46.5 6.52711e-05
-105.5 46.5 0.000409869
-105 46.5 0.00034406
-104.5 46.5 0.000196869
-104 46.5 0.0003996
-103.5 46.5 0.000385621
-103 46.5 0.000388891
-102.5 46.5 0.000374651
-102 46.5 0.000294473
-101.5 46.5 0.000476754
-101 46.5 0.000378629
-100.5 46.5 0.000406421
-100 46.5 0.00030497
-99.5 46.5 0.000450777
-99 46.5 0.000395977
-98.5 46.5 0.000412913
-98 46.5 0.000558462
-97.5 46.5 0.000417858
-97 46.5 0.000147143
-96.5 46.5 0.00053806
-96 46.5 0.000252599
-95.5 46.5 0.000193167
-95 46.5 0.000483669
-94.5 46.5 0.000312929
-94 46.5 0.000281353
-93.5 46.5 0.000203486
-93 46.5 0.000282126
-92.5 46.5 0.000197014
-92 46.5 -2.62901e-05
-91.5 46.5 0.000290461
-91 46.5 0.000227953
-90.5 46.5 0.000348423
-90 46.5 0.000300183
-89.5 46.5 0.000265502
-89 46.5 0.000360412
-88.5 46.5 0.000267002
-88 46.5 0.000368712
-87.5 46.5 0.000346269
-87 46.5 0.000405321
-86.5 46.5 0.00043286
-86 46.5 0.000475269
-85.5 46.5 0.000401255
-85 46.5 0.000400689
-84.5 46.5 0.000109357
-84 46.5 1.55612e-05
-83.5 46.5 -1.21606e-05
-83 46.5 0.000107504
-82.5 46.5 0.000295529
-82 46.5 8.34475e-05
-81.5 46.5 0.00104306
-81 46.5 0.000360845
-119 47 0.000189436
-118.5 47 0.000718129
-118 47 -1.70695e-05
-117.5 47 0.000656851
-117 47 0.000183977
-116.5 47 0.000267711
-116 47 0.000153549
-115.5 47 0.00016548
-115 47 0.000474532
-114.5 47 0.000166769
-114 47 0.000154275
-113.5 47 4.64535e-05
-113 47 0.000205986
-112.5 47 0.000242285
-112 47 0.000332397
-111.5 47 0.000357162
-111 47 0.00038092
-110.5 47 0.000245901
-110 47 0.00033765
-109.5 47 0.000232766
-109 47 0.000452176
-108.5 47 0.000227553
-108 47 0.000146251
-107.5 47 0.000464459
-107 47 0.000195866
-106.5 47 0.00025061
-106 47 0.000234883
-105.5 47 0.000404804
-105 47 0.000142193
-104.5 47 0.000466365
-104 47 0.00021445
-103.5 47 7.55059e-05
-103 47 0.000328003
-102.5 47 0.000415886
-102 47 0.000542425
-101.5 47 0.000236043
-101 47 0.000261214
-100.5 47 0.000292762
-100 47 0.000367916
-99.5 47 0.000558424
-99 47 0.000396457
-98.5 47 0.00046512
-98 47 0.000213051
-97.5 47 0.000509837
-97 47 0.000538645
-96.5 47 -7.20591e-05
-96 47 0.000537839
-95.5 47 0.000213021
-95 47 0.0001555
-94.5 47 0.000354361
-94 47 0.000339038
-93.5 47 0.000345362
-93 47 0.000237789
-92.5 47 0.000267061
-92 47 0.000376851
-91.5 47 0.000139684
-91 47 0.000168173
-90.5 47 0.000140214
-90 47 -3.17079e-06
-89.5 47 -3.55297e-05
-89 47 0.00010814
-88.5 47 0.000121431
-88 47 0.000157289
-87.5 47 0.000205357
-87 47 0.000312448
-86.5 47 0.000150947
-86 47 0.000265023
-85.5 47 0.000157958
-85 47 0.000509157
-84.5 47 0.000362256
-84 47 0.000672056
-83.5 47 0.000247199
-83 47 0.000441501
-82.5 47 0.000721402
-82 47 -0.00013814
-81.5 47 0.000890132
-81 47 0.000926981
-119 47.5 -0.00124969
-118.5 47.5 0.000618767
-118 47.5 -0.000589208
-117.5 47.5 0.000344466
-117 47.5 -0.000599433
-116.5 47.5 0.000376882
-116 47.5 0.00010629
-115.5 47.5 0.000158158
-115 47.5 6.2378e-06
-114.5 47.5 0.000173572
-114 47.5 0.000345315
-113.5 47.5 0.00023156
-113 47.5 0.000343765
-112.5 47.5 0.00042394
-112 47.5 0.000413857
-111.5 47.5 0.000245852
-111 47.5 0.000299996
-110.5 47.5 0.000202682
-110 47.5 0.000223737
-109.5 47.5 0.000348021
-109 47.5 9.58261e-05
-108.5 47.5 0.000118378
-108 47.5 0.000378593
-107.5 47.5 0.000310834
-107 47.5 0.000412179
-106.5 47.5 0.000229016
-106 47.5 0.000330649
-105.5 47.5 0.000139242
-105 47.5 0.000267976
-104.5 47.5 2.56503e-05
-104 47.5 0.00024064
-103.5 47.5 0.000225404
-103 47.5 0.000222799
-102.5 47.5 0.00036854
-102 47.5 0.000579141
-101.5 47.5 0.000247018
-101 47.5 -2.64794e-05
-100.5 47.5 0.000511896
-100 47.5 0.000321525
-99.5 47.5 0.000307674
-99 47.5 0.000249771
-98.5 47.5 0.000228534
-98 47.5 0.000702347
-97.5 47.5 0.000336799
-97 47.5 0.000335989
-96.5 47.5 0.000543932
-96 47.5 -6.85495e-05
-95.5 47.5 0.000378269
-95 47.5 0.000266723
-94.5 47.5 0.000279898
-94 47.5 0.00012303
-93.5 47.5 0.00044259
-93 47.5 0.00024877
-92.5 47.5 0.000349716
-92 47.5 0.000213029
-91.5 47.5 0.000401236
-91 47.5 0.00019466
-90.5 47.5 0.000157607
-90 47.5 0.000144365
-89.5 47.5 5.40109e-05
-89 47.5 0.000138816
-88.5 47.5 0.000178605
-88 47.5 1.99764e-05
-87.5 47.5 0.000162405
-87 47.5 5.37576e-05
-86.5 47.5 0.000136879
-86 47.5 0.000122205
-85.5 47.5 0.000486145
-85 47.5 -0.000198284
-84.5 47.5 0.000196102
-84 47.5 0.000408878
-83.5 47.5 0.000251915
-83 47.5 0.000399044
-82.5 47.5 0.000403136
-82 47.5 -0.000558507
-81.5 47.5 0.00172731
-81 47.5 -0.000343296
-119 48 0.000793423
-118.5 48 0.00085149
-118 48 0.000454826
-117.5 48 0.000743025
-117 48 0.000307143
-116.5 48 0.000216352
-116 48 0.000198246
-115.5 48 0.000257565
-115 48 8.26969e-05
-114.5 48 -4.43353e-05
-114 48 9.09619e-05
-113.5 48 8.00098e-05
-113 48 0.000167939
-112.5 48 0.000226719
-112 48 2.20846e-05
-111.5 48 3.50607e-05
-111 48 0.000173512
-110.5 48 0.000360426
-110 48 0.000117734
-109.5 48 0.00014545
-109 48 0.000323202
-108.5 48 0.000320932
-108 48 0.000250607
-107.5 48 0.000402561
-107 48 0.000414515
-106.5 48 0.000390786
-106 48 0.0002738
-105.5 48 0.000408947
-105 48 0.000284328
-104.5 48 0.000272912
-104 48 0.00027485
-103.5 48 0.0003647
-103 48 0.000372494
-102.5 48 0.000323875
-102 48 0.000491688
-101.5 48 0.000353096
-101 48 0.000143551
-100.5 48 0.000132738
-100 48 0.000382278
-99.5 48 0.000482836
-99 48 0.000345407
-98.5 48 0.000441641
-98 48 0.000307248
-97.5 48 0.000673038
-97 48 4.17613e-05
-96.5 48 0.000528579
-96 48 0.000614938
-95.5 48 0.000127516
-95 48 0.000508405
-94.5 48 0.000256597
-94 48 0.000521394
-93.5 48 0.000410891
-93 48 0.00036099
-92.5 48 0.000455749
-92 48 0.000350989
-91.5 48 0.000407192
-91 48 0.00041363
-90.5 48 0.00029682
-90 48 0.000303396
-89.5 48 0.000315206
-89 48 0.000236001
-88.5 48 0.000162498
-88 48 0.000118644
-87.5 48 6.22857e-05
-87 48 -0.000368241
-86.5 48 -0.000161793
-86 48 -1.95386e-05
-85.5 48 -0.000254705
-85 48 0.000260482
-84.5 48 -0.000834529
-84 48 -0.00039273
-83.5 48 -0.00033894
-83 48 -0.000501022
-82.5 48 0.000503825
-82 48 -0.000628898
-81.5 48 0.000375105
-81 48 9.95782e-06
-119 48.5 -0.00122865
-118.5 48.5 0.000908893
-118 48.5 -0.000513475
-117.5 48.5 0.000458406
-117 48.5 0.000185135
-116.5 48.5 0.00010863
-116 48.5 0.000295768
-115.5 48.5 0.000213169
-115 48.5 0.000602426
-114.5 48.5 0.000407706
-114 48.5 0.000638402
-113.5 48.5 0.000784371
-113 48.5 0.000547658
-112.5 48.5 0.000627616
-112 48.5 0.000611909
-111.5 48.5 0.000787962
-111 48.5 0.0003072
-110.5 48.5 0.000369618
-110 48.5 0.000315721
-109.5 48.5 0.000269196
-109 48.5 0.000176959
-108.5 48.5 9.8075e-05
-108 48.5 0.000194478
-107.5 48.5 0.000237498
-107 48.5 -8.13521e-05
-106.5 48.5 0.00035758
-106 48.5 -3.31583e-05
-105.5 48.5 6.56521e-05
-105 48.5 0.000127328
-104.5 48.5 4.56573e-05
-104 48.5 6.18223e-05
-103.5 48.5 2.46043e-05
-103 48.5 0.000160971
-102.5 48.5 0.000315274
-102 48.5 0.000129543
-101.5 48.5 0.000204921
-101 48.5 0.00018097
-100.5 48.5 -6.06375e-05
-100 48.5 0.000184337
-99.5 48.5 0.000297805
-99 48.5 0.000203387
-98.5 48.5 0.000303722
-98 48.5 0.000240874
-97.5 48.5 0.00033749
-97 48.5 0.000480005
-96.5 48.5 -0.000144891
-96 48.5 0.00051641
-95.5 48.5 -3.66367e-05
-95 48.5 6.34973e-05
-94.5 48.5 0.000406985
-94 48.5 0.000195328
-93.5 48.5 0.000267299
-93 48.5 0.000312946
-92.5 48.5 1.13057e-05
-92 48.5 0.000366339
-91.5 48.5 0.000237629
-91 48.5 0.000291927
-90.5 48.5 0.000396631
-90 48.5 0.000224482
-89.5 48.5 6.20347e-05
-89 48.5 0.000632573
-88.5 48.5 0.000718497
-88 48.5 0.000638858
-87.5 48.5 0.000534276
-87 48.5 0.000522858
-86.5 48.5 0.000529416
-86 48.5 0.000602899
-85.5 48.5 0.000544123
-85 48.5 0.000570217
-84.5 48.5 0.00102823
-84 48.5 0.00084049
-83.5 48.5 0.000607054
-83 48.5 0.000780767
-82.5 48.5 0.000451713
-82 48.5 0.000544491
-81.5 48.5 0.00103587
-81 48.5 0.00101888
-119 49 -0.00148552
-118.5 49 0.00135239
-118 49 -0.0008952
-117.5 49 -0.000575668
-117 49 0.000737288
-116.5 49 2.64225e-05
-116 49 0.000193302
-115.5 49 1.18831e-05
-115 49 -1.22462e-05
-114.5 49 -0.000160783
-114 49 -0.000156438
-113.5 49 0.000105301
-113 49 4.28297e-05
-112.5 49 -8.77392e-05
-112 49 0.000581016
-111.5 49 -0.000519364
-111 49 9.0244e-05
-110.5 49 -0.000163933
-110 49 0.000431894
-109.5 49 0.000216154
-109 49 0.000133008
-108.5 49 0.000210052
-108 49 0.000110759
-107.5 49 -8.88529e-05
-107 49 0.000469168
-106.5 49 4.19649e-05
-106 49 0.000573346
-105.5 49 0.000109713
-105 49 4.40087e-05
-104.5 49 0.000162443
-104 49 0.000189148
-103.5 49 0.000213127
-103 49 0.000346021
-102.5 49 0.000358975
-102 49 0.000293156
-101.5 49 0.000109329
-101 49 0.000486822
-100.5 49 2.79032e-05
-100 49 0.000262098
-99.5 49 0.000308562
-99 49 0.000412355
-98.5 49 0.000404292
-98 49 0.000239685
-97.5 49 0.000477346
-97 49 0.00039514
-96.5 49 0.000294145
-96 49 0.000198144
-95.5 49 0.000422954
-95 49 0.000238115
-94.5 49 0.000205772
-94 49 0.000266711
-93.5 49 0.000273295
-93 49 0.000129521
-92.5 49 0.000180066
-92 49 4.53003e-05
-91.5 49 0.00021254
-91 49 0.000133318
-90.5 49 0.000115292
-90 49 0.00016461
-89.5 49 0.000258534
-89 49 -0.000323178
-88.5 49 -0.000541268
-88 49 0.000432117
-87.5 49 -7.71686e-05
-87 49 5.02187e-05
-86.5 49 7.48987e-05
-86 49 -0.000221559
-85.5 49 7.19953e-05
-85 49 0.000548055
-84.5 49 -0.000786212
-84 49 -0.000745191
-83.5 49 0.000439612
-83 49 -7.03153e-05
-82.5 49 -0.000332707
-82 49 0.000289037
-81.5 49 0.000245256
-81 49 -0.000805004
