-119 25 0.188345
-118.5 25 -3.37146
-118 25 -1.04258
-117.5 25 -1.68522
-117 25 -2.10721
-116.5 25 -2.49317
-116 25 -3.0494
-115.5 25 -2.86389
-115 25 -2.61901
-114.5 25 -3.28892
-114 25 -3.41557
-113.5 25 -3.15154
-113 25 -3.51498
-112.5 25 -4.53509
-112 25 -4.52267
-111.5 25 -4.03889
-111 25 -3.39188
-110.5 25 -3.07622
-110 25 -2.34727
-109.5 25 -1.97875
-109 25 -1.7178
-108.5 25 -1.32406
-108 25 -1.16974
-107.5 25 -1.31302
-107 25 -1.33812
-106.5 25 -1.77242
-106 25 -2.01795
-105.5 25 -1.99915
-105 25 -1.70669
-104.5 25 -1.13274
-104 25 -1.04783
-103.5 25 -1.60617
-103 25 -1.20472
-102.5 25 -1.78801
-102 25 -2.56085
-101.5 25 -1.71659
-101 25 -1.51629
-100.5 25 -1.49788
-100 25 0.33311
-99.5 25 0.996715
-99 25 -0.590347
-98.5 25 -0.914025
-98 25 -0.87538
-97.5 25 -1.25904
-97 25 -1.12787
-96.5 25 -1.49987
-96 25 -1.34152
-95.5 25 -0.444212
-95 25 -0.0160032
-94.5 25 -0.17078
-94 25 -0.546537
-93.5 25 -0.0935931
-93 25 0.0383461
-92.5 25 -0.668561
-92 25 0.0889141
-91.5 25 0.0718934
-91 25 -0.616524
-90.5 25 -0.0127242
-90 25 -0.0421001
-89.5 25 -0.266258
-89 25 0.416681
-88.5 25 -0.213922
-88 25 0.678291
-87.5 25 0.443718
-87 25 0.238961
-86.5 25 -0.249504
-86 25 0.144104
-85.5 25 -0.371888
-85 25 -1.12839
-84.5 25 -1.71825
-84 25 -1.8228
-83.5 25 -1.65991
-83 25 -1.6361
-82.5 25 -1.68138
-82 25 -1.70451
-81.5 25 -1.84052
-81 25 -2.20884
-119 25.5 1.73311
-118.5 25.5 -1.22355
-118 25.5 -0.588767
-117.5 25.5 -0.519989
-117 25.5 -0.564581
-116.5 25.5 -1.39846
-116 25.5 -1.1417
-115.5 25.5 -2.32829
-115 25.5 -2.09867
-114.5 25.5 -2.26167
-114 25.5 -2.97414
-113.5 25.5 -3.06837
-113 25.5 -2.56745
-112.5 25.5 -3.65084
-112 25.5 -4.1559
-111.5 25.5 -4.22857
-111 25.5 -3.63882
-110.5 25.5 -3.35706
-110 25.5 -2.30536
-109.5 25.5 -1.56884
-109 25.5 -2.1645
-108.5 25.5 -1.5926
-108 25.5 -1.12993
-107.5 25.5 -1.64656
-107 25.5 -1.59877
-106.5 25.5 -1.60758
-106 25.5 -1.98783
-105.5 25.5 -2.03394
-105 25.5 -1.65717
-104.5 25.5 -1.64434
-104 25.5 -1.35901
-103.5 25.5 -1.53048
-103 25.5 -1.96882
-102.5 25.5 -1.3695
-102 25.5 -1.56317
-101.5 25.5 -2.30094
-101 25.5 -1.80074
-100.5 25.5 -1.26156
-100 25.5 0.0411994
-99.5 25.5 1.03317
-99 25.5 0.557029
-98.5 25.5 -0.448519
-98 25.5 -0.700616
-97.5 25.5 -1.5153
-97 25.5 -2.43235
-96.5 25.5 -1.53415
-96 25.5 -0.738689
-95.5 25.5 0.142136
-95 25.5 0.192654
-94.5 25.5 -0.567507
-94 25.5 -1.05812
-93.5 25.5 -0.298321
-93 25.5 -0.218362
-92.5 25.5 -0.269486
-92 25.5 0.280064
-91.5 25.5 0.0891192
-91 25.5 -0.317405
-90.5 25.5 -0.322773
-90 25.5 -0.831182
-89.5 25.5 0.549432
-89 25.5 0.52314
-88.5 25.5 0.287784
-88 25.5 0.402667
-87.5 25.5 0.0611038
-87 25.5 -0.421689
-86.5 25.5 -0.259264
-86 25.5 -0.505882
-85.5 25.5 -2.25337
-85 25.5 -2.42087
-84.5 25.5 -2.2392
-84 25.5 -2.03793
-83.5 25.5 -2.1439
-83 25.5 -2.52036
-82.5 25.5 -2.5835
-82 25.5 -2.42428
-81.5 25.5 -2.46879
-81 25.5 -3.04835
-119 26 1.12137
-118.5 26 -1.23204
-118 26 0.270895
-117.5 26 -0.817325
-117 26 -0.713015
-116.5 26 -1.49076
-116 26 -1.55851
-115.5 26 -0.758103
-115 26 -1.94683
-114.5 26 -2.23417
-114 26 -2.46103
-113.5 26 -3.23419
-113 26 -2.95827
-112.5 26 -2.90429
-112 26 -3.91741
-111.5 26 -4.1158
-111 26 -3.84526
-110.5 26 -3.27483
-110 26 -3.09942
-109.5 26 -1.5506
-109 26 -1.27723
-108.5 26 -1.56517
-108 26 -1.08915
-107.5 26 -1.32257
-107 26 -1.4869
-106.5 26 -1.15671
-106 26 -1.64144
-105.5 26 -1.92836
-105 26 -1.49562
-104.5 26 -1.48891
-104 26 -1.55247
-103.5 26 -1.49055
-103 26 -1.76147
-102.5 26 -1.5798
-102 26 -1.74421
-101.5 26 -2.17165
-101 26 -1.81897
-100.5 26 -0.74543
-100 26 -0.377722
-99.5 26 0.118658
-99 26 0.217517
-98.5 26 0.341877
-98 26 -1.00562
-97.5 26 -2.50037
-97 26 -1.64458
-96.5 26 -1.29842
-96 26 -1.23132
-95.5 26 -0.356663
-95 26 -0.967992
-94.5 26 -1.64612
-94 26 -0.616326
-93.5 26 -0.858139
-93 26 -0.951028
-92.5 26 0.0936557
-92 26 -0.0343489
-91.5 26 -0.576973
-91 26 -0.510479
-90.5 26 -0.458575
-90 26 -0.231967
-89.5 26 -0.136504
-89 26 -0.24871
-88.5 26 0.153978
-88 26 0.168367
-87.5 26 -0.0293929
-87 26 -1.19129
-86.5 26 -1.0064
-86 26 -1.8937
-85.5 26 -2.27933
-85 26 -2.31652
-84.5 26 -2.46902
-84 26 -2.3842
-83.5 26 -2.56662
-83 26 -2.87628
-82.5 26 -3.07567
-82 26 -3.01945
-81.5 26 -3.27863
-81 26 -2.76501
-119 26.5 2.74533
-118.5 26.5 -0.990719
-118 26.5 -0.109221
-117.5 26.5 -0.184528
-117 26.5 -0.614215
-116.5 26.5 -0.791669
-116 26.5 -1.98537
-115.5 26.5 -2.06549
-115 26.5 -0.968465
-114.5 26.5 -1.462
-114 26.5 -2.29807
-113.5 26.5 -2.55368
-113 26.5 -3.54287
-112.5 26.5 -3.19667
-112 26.5 -3.4633
-111.5 26.5 -4.12291
-111 26.5 -4.32158
-110.5 26.5 -3.79505
-110 26.5 -3.56562
-109.5 26.5 -2.64699
-109 26.5 -1.56269
-108.5 26.5 -1.67369
-108 26.5 -1.42453
-107.5 26.5 -1.23904
-107 26.5 -1.6521
-106.5 26.5 -1.48862
-106 26.5 -1.54275
-105.5 26.5 -1.90337
-105 26.5 -1.55912
-104.5 26.5 -1.38079
-104 26.5 -1.74388
-103.5 26.5 -1.83836
-103 26.5 -2.09254
-102.5 26.5 -1.68327
-102 26.5 -1.49086
-101.5 26.5 -1.98247
-101 26.5 -1.85377
-100.5 26.5 -1.10259
-100 26.5 -0.487635
-99.5 26.5 -0.397825
-99 26.5 -0.535735
-98.5 26.5 -0.630502
-98 26.5 -1.09075
-97.5 26.5 -0.971578
-97 26.5 -0.635329
-96.5 26.5 -1.59503
-96 26.5 -1.62988
-95.5 26.5 -1.06611
-95 26.5 -0.965649
-94.5 26.5 -0.907559
-94 26.5 -0.982027
-93.5 26.5 -0.24398
-93 26.5 0.325565
-92.5 26.5 0.194482
-92 26.5 -0.0300591
-91.5 26.5 -0.508117
-91 26.5 -0.28065
-90.5 26.5 -0.108655
-90 26.5 -0.391547
-89.5 26.5 0.149306
-89 26.5 0.556001
-88.5 26.5 -0.265652
-88 26.5 -0.0680779
-87.5 26.5 -1.15452
-87 26.5 -1.23199
-86.5 26.5 -1.06298
-86 26.5 -2.19352
-85.5 26.5 -2.53363
-85 26.5 -2.36014
-84.5 26.5 -2.38602
-84 26.5 -2.80442
-83.5 26.5 -2.83798
-83 26.5 -3.30137
-82.5 26.5 -3.33284
-82 26.5 -3.59009
-81.5 26.5 -3.45691
-81 26.5 -3.03493
-119 27 1.62336
-118.5 27 0.770859
-118 27 1.2302
-117.5 27 -0.0362455
-117 27 -0.086093
-116.5 27 -0.644535
-116 27 -0.694268
-115.5 27 -2.03372
-115 27 -2.39114
-114.5 27 -1.25712
-114 27 -1.61974
-113.5 27 -2.25271
-113 27 -2.97245
-112.5 27 -3.73254
-112 27 -3.3256
-111.5 27 -3.90211
-111 27 -4.49335
-110.5 27 -4.2527
-110 27 -3.54696
-109.5 27 -3.37793
-109 27 -2.14356
-108.5 27 -1.27524
-108 27 -1.31074
-107.5 27 -1.21185
-107 27 -1.60097
-106.5 27 -1.75059
-106 27 -0.921804
-105.5 27 -1.53336
-105 27 -1.92728
-104.5 27 -1.45699
-104 27 -1.57193
-103.5 27 -2.34874
-103 27 -2.1318
-102.5 27 -1.95264
-102 27 -1.72532
-101.5 27 -1.54769
-101 27 -1.58804
-100.5 27 -1.69555
-100 27 -1.03183
-99.5 27 -0.14427
-99 27 -0.464189
-98.5 27 -1.23843
-98 27 -1.35213
-97.5 27 -0.421929
-97 27 -0.692694
-96.5 27 -0.888859
-96 27 -0.549878
-95.5 27 -1.14066
-95 27 -0.68687
-94.5 27 -0.298417
-94 27 -0.523562
-93.5 27 -0.514094
-93 27 -0.194358
-92.5 27 -0.208165
-92 27 -0.83419
-91.5 27 -0.743207
-91 27 -0.281816
-90.5 27 -0.0871113
-90 27 0.371891
-89.5 27 0.170768
-89 27 -1.10161
-88.5 27 -0.574112
-88 27 -0.766518
-87.5 27 -1.44052
-87 27 -1.33808
-86.5 27 -2.59737
-86 27 -2.94529
-85.5 27 -2.52295
-85 27 -2.47108
-84.5 27 -3.16925
-84 27 -3.31548
-83.5 27 -3.16551
-83 27 -3.52493
-82.5 27 -3.94927
-82 27 -5.31249
-81.5 27 -4.68573
-81 27 -2.20684
-119 27.5 -0.865635
-118.5 27.5 -1.37323
-118 27.5 1.31994
-117.5 27.5 1.257
-117 27.5 0.303084
-116.5 27.5 -0.0860369
-116 27.5 -0.48886
-115.5 27.5 -0.756357
-115 27.5 -1.90568
-114.5 27.5 -2.27867
-114 27.5 -1.52417
-113.5 27.5 -1.73445
-113 27.5 -2.42731
-112.5 27.5 -3.56683
-112 27.5 -4.02812
-111.5 27.5 -3.64472
-111 27.5 -4.30995
-110.5 27.5 -4.81179
-110 27.5 -4.37183
-109.5 27.5 -3.71648
-109 27.5 -3.28202
-108.5 27.5 -2.12984
-108 27.5 -1.0498
-107.5 27.5 -1.68568
-107 27.5 -1.38411
-106.5 27.5 -1.45132
-106 27.5 -1.56602
-105.5 27.5 -0.987151
-105 27.5 -1.35226
-104.5 27.5 -1.91417
-104 27.5 -1.39291
-103.5 27.5 -2.16851
-103 27.5 -2.4326
-102.5 27.5 -2.01003
-102 27.5 -1.98365
-101.5 27.5 -1.26719
-101 27.5 -1.38032
-100.5 27.5 -2.03729
-100 27.5 -1.80354
-99.5 27.5 -1.06016
-99 27.5 -0.811555
-98.5 27.5 -0.903869
-98 27.5 -0.898561
-97.5 27.5 -0.891998
-97 27.5 -0.67696
-96.5 27.5 0.674794
-96 27.5 0.536651
-95.5 27.5 -0.567567
-95 27.5 -0.880236
-94.5 27.5 -1.27147
-94 27.5 -1.31603
-93.5 27.5 -0.753421
-93 27.5 -0.64768
-92.5 27.5 -0.715491
-92 27.5 -1.20554
-91.5 27.5 -0.0871157
-91 27.5 0.848169
-90.5 27.5 0.756851
-90 27.5 0.252664
-89.5 27.5 -0.211901
-89 27.5 -0.652954
-88.5 27.5 -0.831988
-88 27.5 -1.45586
-87.5 27.5 -1.46269
-87 27.5 -2.53117
-86.5 27.5 -2.999
-86 27.5 -2.71046
-85.5 27.5 -2.39041
-85 27.5 -3.02695
-84.5 27.5 -3.41347
-84 27.5 -3.21336
-83.5 27.5 -2.89927
-83 27.5 -3.7896
-82.5 27.5 -4.71834
-82 27.5 -5.18027
-81.5 27.5 -1.51326
-81 27.5 0.52449
-119 28 -0.667054
-118.5 28 -2.49757
-118 28 -1.37344
-117.5 28 0.606241
-117 28 1.29219
-116.5 28 0.418544
-116 28 0.0277122
-115.5 28 -0.387524
-115 28 -0.814406
-114.5 28 -1.80305
-114 28 -2.21835
-113.5 28 -1.74974
-113 28 -1.7151
-112.5 28 -2.7005
-112 28 -4.15157
-111.5 28 -4.3397
-111 28 -4.00628
-110.5 28 -4.9405
-110 28 -4.9207
-109.5 28 -4.10743
-109 28 -3.69927
-108.5 28 -3.21201
-108 28 -1.92847
-107.5 28 -1.31645
-107 28 -1.98505
-106.5 28 -1.74379
-106 28 -1.57099
-105.5 28 -1.36663
-105 28 -1.60581
-104.5 28 -1.59454
-104 28 -1.54869
-103.5 28 -2.20991
-103 28 -2.4311
-102.5 28 -2.10247
-102 28 -2.49438
-101.5 28 -1.13834
-101 28 -0.714278
-100.5 28 -1.52852
-100 28 -2.17081
-99.5 28 -2.51109
-99 28 -1.49727
-98.5 28 -0.652227
-98 28 -0.365854
-97.5 28 0.026235
-97 28 0.082748
-96.5 28 0.660398
-96 28 -0.0799338
-95.5 28 -1.12028
-95 28 -0.878551
-94.5 28 -1.06264
-94 28 -0.893855
-93.5 28 -0.683481
-93 28 -0.583791
-92.5 28 -0.400392
-92 28 0.302263
-91.5 28 1.1446
-91 28 0.661429
-90.5 28 0.816856
-90 28 0.682005
-89.5 28 -0.321787
-89 28 -0.789731
-88.5 28 -0.710661
-88 28 -1.37262
-87.5 28 -2.20349
-87 28 -2.85922
-86.5 28 -2.49852
-86 28 -2.15138
-85.5 28 -2.53657
-85 28 -2.97954
-84.5 28 -3.35272
-84 28 -3.04598
-83.5 28 -3.0211
-83 28 -4.17249
-82.5 28 -3.95052
-82 28 -2.25652
-81.5 28 0.572017
-81 28 -0.105273
-119 28.5 -0.826897
-118.5 28.5 -1.74299
-118 28.5 -1.45007
-117.5 28.5 -1.43848
-117 28.5 0.291002
-116.5 28.5 1.24957
-116 28.5 0.747406
-115.5 28.5 0.100076
-115 28.5 -0.30756
-114.5 28.5 -0.881232
-114 28.5 -1.59031
-113.5 28.5 -2.28434
-113 28.5 -2.00066
-112.5 28.5 -1.64502
-112 28.5 -3.11176
-111.5 28.5 -4.77289
-111 28.5 -4.77626
-110.5 28.5 -4.14763
-110 28.5 -5.40873
-109.5 28.5 -5.17222
-109 28.5 -4.1926
-108.5 28.5 -3.58565
-108 28.5 -2.46774
-107.5 28.5 -1.76532
-107 28.5 -2.26523
-106.5 28.5 -1.59992
-106 28.5 -1.20739
-105.5 28.5 -1.80591
-105 28.5 -1.64344
-104.5 28.5 -1.70743
-104 28.5 -1.49147
-103.5 28.5 -2.39762
-103 28.5 -2.56784
-102.5 28.5 -1.92884
-102 28.5 -2.59671
-101.5 28.5 -1.71265
-101 28.5 -0.918631
-100.5 28.5 -1.71262
-100 28.5 -1.99265
-99.5 28.5 -2.46729
-99 28.5 -2.08218
-98.5 28.5 -1.09668
-98 28.5 -0.0211735
-97.5 28.5 0.919468
-97 28.5 0.354111
-96.5 28.5 -0.1721
-96 28.5 -0.270406
-95.5 28.5 -0.990575
-95 28.5 -0.902835
-94.5 28.5 -0.495098
-94 28.5 -0.625936
-93.5 28.5 -0.468174
-93 28.5 -0.436304
-92.5 28.5 -0.175037
-92 28.5 0.91452
-91.5 28.5 0.858406
-91 28.5 0.787855
-90.5 28.5 1.07345
-90 28.5 0.193191
-89.5 28.5 -0.922609
-89 28.5 -0.731105
-88.5 28.5 -0.979429
-88 28.5 -1.7585
-87.5 28.5 -2.95659
-87 28.5 -2.68738
-86.5 28.5 -1.75441
-86 28.5 -1.98773
-85.5 28.5 -2.85695
-85 28.5 -3.54801
-84.5 28.5 -3.36423
-84 28.5 -2.74063
-83.5 28.5 -3.25837
-83 28.5 -3.61672
-82.5 28.5 -2.39061
-82 28.5 -1.29688
-81.5 28.5 -0.630119
-81 28.5 -1.08285
-119 29 -1.05783
-118.5 29 -2.23134
-118 29 -1.38284
-117.5 29 -1.66529
-117 29 -1.18923
-116.5 29 -0.335051
-116 29 1.01183
-115.5 29 0.945834
-115 29 0.350933
-114.5 29 -0.108802
-114 29 -0.853106
-113.5 29 -1.30072
-113 29 -2.18179
-112.5 29 -1.77866
-112 29 -1.78834
-111.5 29 -3.54899
-111 29 -5.36671
-110.5 29 -5.22995
-110 29 -4.50074
-109.5 29 -5.59859
-109 29 -5.39941
-108.5 29 -4.18092
-108 29 -3.3487
-107.5 29 -2.63551
-107 29 -1.82421
-106.5 29 -1.99039
-106 29 -1.76203
-105.5 29 -1.33982
-105 29 -1.71073
-104.5 29 -1.63434
-104 29 -1.01102
-103.5 29 -2.05024
-103 29 -2.84779
-102.5 29 -2.07303
-102 29 -2.19742
-101.5 29 -1.89501
-101 29 -1.406
-100.5 29 -2.33573
-100 29 -2.1071
-99.5 29 -1.83877
-99 29 -1.86787
-98.5 29 -0.962846
-98 29 0.112862
-97.5 29 0.607053
-97 29 -0.884105
-96.5 29 -0.694219
-96 29 0.208871
-95.5 29 -0.475529
-95 29 -0.535375
-94.5 29 -0.69564
-94 29 -0.737833
-93.5 29 -0.658703
-93 29 -0.41665
-92.5 29 0.305495
-92 29 0.616016
-91.5 29 0.590674
-91 29 0.159254
-90.5 29 -0.460703
-90 29 -1.18298
-89.5 29 -1.05605
-89 29 -1.00083
-88.5 29 -1.8308
-88 29 -2.84001
-87.5 29 -3.24017
-87 29 -1.73445
-86.5 29 -1.82884
-86 29 -2.79179
-85.5 29 -4.21871
-85 29 -3.15578
-84.5 29 -2.71435
-84 29 -2.85845
-83.5 29 -3.59524
-83 29 -3.04874
-82.5 29 -1.58415
-82 29 -1.29302
-81.5 29 -0.997696
-81 29 -1.09291
-119 29.5 -0.843244
-118.5 29.5 -2.39404
-118 29.5 -1.66281
-117.5 29.5 -2.22128
-117 29.5 -1.50088
-116.5 29.5 -1.36984
-116 29.5 -0.776709
-115.5 29.5 0.573005
-115 29.5 0.933672
-114.5 29.5 0.489976
-114 29.5 0.0561754
-113.5 29.5 -0.695448
-113 29.5 -0.969109
-112.5 29.5 -1.91957
-112 29.5 -1.68326
-111.5 29.5 -2.39347
-111 29.5 -3.90018
-110.5 29.5 -5.5966
-110 29.5 -5.62383
-109.5 29.5 -5.14822
-109 29.5 -5.96748
-108.5 29.5 -5.68927
-108 29.5 -4.06628
-107.5 29.5 -3.09635
-107 29.5 -2.82987
-106.5 29.5 -2.26691
-106 29.5 -2.25078
-105.5 29.5 -1.94323
-105 29.5 -1.67746
-104.5 29.5 -1.49102
-104 29.5 -1.59994
-103.5 29.5 -1.72407
-103 29.5 -2.01117
-102.5 29.5 -1.90621
-102 29.5 -2.38904
-101.5 29.5 -2.15892
-101 29.5 -1.5464
-100.5 29.5 -2.03117
-100 29.5 -2.28384
-99.5 29.5 -1.93121
-99 29.5 -1.42507
-98.5 29.5 -0.763393
-98 29.5 0.42073
-97.5 29.5 0.0670879
-97 29.5 -1.42668
-96.5 29.5 -0.444184
-96 29.5 0.130568
-95.5 29.5 -0.628454
-95 29.5 -0.725105
-94.5 29.5 -1.20645
-94 29.5 -1.74581
-93.5 29.5 -0.742531
-93 29.5 0.0972243
-92.5 29.5 -0.324042
-92 29.5 0.240161
-91.5 29.5 -0.0528551
-91 29.5 -1.24606
-90.5 29.5 -1.39084
-90 29.5 -1.32205
-89.5 29.5 -1.35364
-89 29.5 -1.92906
-88.5 29.5 -2.4119
-88 29.5 -3.41552
-87.5 29.5 -2.16887
-87 29.5 -1.65203
-86.5 29.5 -2.79765
-86 29.5 -4.25416
-85.5 29.5 -3.70117
-85 29.5 -2.83315
-84.5 29.5 -3.23037
-84 29.5 -2.69185
-83.5 29.5 -2.90809
-83 29.5 -1.45817
-82.5 29.5 -0.840246
-82 29.5 -0.916091
-81.5 29.5 -0.953586
-81 29.5 -0.979668
-119 30 -0.220873
-118.5 30 -2.06196
-118 30 -1.30889
-117.5 30 -2.12989
-117 30 -2.02707
-116.5 30 -1.69334
-116 30 -1.52966
-115.5 30 -1.21859
-115 30 0.00435961
-114.5 30 0.700584
-114 30 0.688281
-113.5 30 -0.00695706
-113 30 -0.335283
-112.5 30 -0.502141
-112 30 -1.24529
-111.5 30 -1.43805
-111 30 -2.97883
-110.5 30 -4.26464
-110 30 -5.6868
-109.5 30 -5.86364
-109 30 -5.62471
-108.5 30 -6.39307
-108 30 -5.50945
-107.5 30 -3.95111
-107 30 -3.10707
-106.5 30 -2.31878
-106 30 -2.48886
-105.5 30 -3.04851
-105 30 -2.16606
-104.5 30 -1.75468
-104 30 -1.84957
-103.5 30 -1.80393
-103 30 -1.87474
-102.5 30 -1.67507
-102 30 -1.62146
-101.5 30 -1.66261
-101 30 -1.44493
-100.5 30 -1.74954
-100 30 -2.14185
-99.5 30 -2.08215
-99 30 -1.35395
-98.5 30 -0.191108
-98 30 0.161135
-97.5 30 -0.769351
-97 30 -1.17562
-96.5 30 -0.573463
-96 30 -0.937518
-95.5 30 -0.433755
-95 30 -0.397791
-94.5 30 -2.61339
-94 30 -1.27816
-93.5 30 0.790913
-93 30 0.410049
-92.5 30 0.371821
-92 30 0.116573
-91.5 30 -1.00228
-91 30 -1.35307
-90.5 30 -1.54486
-90 30 -1.6069
-89.5 30 -1.61155
-89 30 -1.73902
-88.5 30 -3.01284
-88 30 -2.57561
-87.5 30 -1.62146
-87 30 -2.85369
-86.5 30 -4.07551
-86 30 -4.20903
-85.5 30 -3.04888
-85 30 -2.99496
-84.5 30 -2.09808
-84 30 -1.99398
-83.5 30 -1.50462
-83 30 -0.673348
-82.5 30 -0.44029
-82 30 -0.745406
-81.5 30 -0.933757
-81 30 -0.669172
-119 30.5 0.876828
-118.5 30.5 -1.7657
-118 30.5 -0.845393
-117.5 30.5 -1.29769
-117 30.5 -1.66912
-116.5 30.5 -1.85254
-116 30.5 -1.41757
-115.5 30.5 -1.46406
-115 30.5 -1.54075
-114.5 30.5 -0.973574
-114 30.5 0.360412
-113.5 30.5 0.59008
-113 30.5 -0.0431588
-112.5 30.5 0.0187536
-112 30.5 -0.475747
-111.5 30.5 -0.57544
-111 30.5 -0.861042
-110.5 30.5 -3.12404
-110 30.5 -4.72259
-109.5 30.5 -5.69824
-109 30.5 -5.98533
-108.5 30.5 -6.53335
-108 30.5 -6.53084
-107.5 30.5 -4.93596
-107 30.5 -4.0747
-106.5 30.5 -3.38764
-106 30.5 -2.16935
-105.5 30.5 -2.70216
-105 30.5 -2.96409
-104.5 30.5 -2.28242
-104 30.5 -2.08203
-103.5 30.5 -1.99372
-103 30.5 -1.92453
-102.5 30.5 -1.45619
-102 30.5 -1.15378
-101.5 30.5 -1.20802
-101 30.5 -0.852153
-100.5 30.5 -1.40702
-100 30.5 -2.05256
-99.5 30.5 -1.86054
-99 30.5 -1.07179
-98.5 30.5 -0.299044
-98 30.5 -0.357133
-97.5 30.5 -0.860044
-97 30.5 -0.745791
-96.5 30.5 -0.626382
-96 30.5 -0.592918
-95.5 30.5 -0.312177
-95 30.5 -1.0268
-94.5 30.5 -0.99084
-94 30.5 0.359978
-93.5 30.5 0.351667
-93 30.5 0.0600084
-92.5 30.5 -0.0819866
-92 30.5 -0.399105
-91.5 30.5 -1.0161
-91 30.5 -1.21233
-90.5 30.5 -1.30034
-90 30.5 -1.55524
-89.5 30.5 -1.45037
-89 30.5 -2.55926
-88.5 30.5 -2.84439
-88 30.5 -1.77621
-87.5 30.5 -2.61942
-87 30.5 -3.77506
-86.5 30.5 -3.95075
-86 30.5 -2.80229
-85.5 30.5 -2.40483
-85 30.5 -1.95151
-84.5 30.5 -1.60398
-84 30.5 -1.29828
-83.5 30.5 -1.02201
-83 30.5 -0.54789
-82.5 30.5 -0.727383
-82 30.5 -0.802521
-81.5 30.5 -0.66443
-81 30.5 0.0477828
-119 31 1.38112
-118.5 31 -0.427142
-118 31 -0.579486
-117.5 31 -0.897406
-117 31 -0.895787
-116.5 31 -1.43978
-116 31 -1.53794
-115.5 31 -1.14808
-115 31 -1.21299
-114.5 31 -1.83173
-114 31 -1.51919
-113.5 31 -0.483742
-113 31 -0.157568
-112.5 31 -0.433766
-112 31 0.084706
-111.5 31 -0.473081
-111 31 -0.159634
-110.5 31 -0.66196
-110 31 -2.70501
-109.5 31 -4.2483
-109 31 -5.10235
-108.5 31 -5.80195
-108 31 -6.68319
-107.5 31 -5.93698
-107 31 -4.83261
-106.5 31 -4.39874
-106 31 -3.46082
-105.5 31 -3.01024
-105 31 -3.40309
-104.5 31 -2.64183
-104 31 -2.12551
-103.5 31 -1.85443
-103 31 -1.79027
-102.5 31 -1.62221
-102 31 -0.972018
-101.5 31 -0.850462
-101 31 -0.781596
-100.5 31 -0.849289
-100 31 -1.52951
-99.5 31 -1.66214
-99 31 -1.19293
-98.5 31 -0.571666
-98 31 -0.927294
-97.5 31 -0.908782
-97 31 -0.449764
-96.5 31 -0.991483
-96 31 -0.924725
-95.5 31 -0.497095
-95 31 -0.41229
-94.5 31 -0.78904
-94 31 -0.520643
-93.5 31 -0.0781514
-93 31 -0.154577
-92.5 31 -0.519514
-92 31 -0.794361
-91.5 31 -1.16204
-91 31 -1.29346
-90.5 31 -1.22498
-90 31 -1.15862
-89.5 31 -1.78102
-89 31 -2.58895
-88.5 31 -1.46563
-88 31 -1.92901
-87.5 31 -3.14382
-87 31 -2.99369
-86.5 31 -2.46156
-86 31 -2.48373
-85.5 31 -2.2253
-85 31 -1.7016
-84.5 31 -1.37427
-84 31 -1.1366
-83.5 31 -0.966491
-83 31 -0.650169
-82.5 31 -0.551372
-82 31 -0.252999
-81.5 31 -0.363245
-81 31 0.686511
-119 31.5 0.129996
-118.5 31.5 -0.784219
-118 31.5 -0.0191978
-117.5 31.5 -0.405777
-117 31.5 -0.514229
-116.5 31.5 -0.94476
-116 31.5 -1.0795
-115.5 31.5 -1.0519
-115 31.5 -0.876689
-114.5 31.5 -0.97892
-114 31.5 -1.18587
-113.5 31.5 -1.42434
-113 31.5 -1.10972
-112.5 31.5 -0.863839
-112 31.5 -0.747337
-111.5 31.5 -0.0171859
-111 31.5 -0.130965
-110.5 31.5 -0.184242
-110 31.5 -0.881805
-109.5 31.5 -2.09896
-109 31.5 -3.21353
-108.5 31.5 -4.15163
-108 31.5 -5.2205
-107.5 31.5 -5.62769
-107 31.5 -5.15875
-106.5 31.5 -4.85249
-106 31.5 -4.57927
-105.5 31.5 -3.56907
-105 31.5 -3.59333
-104.5 31.5 -3.32872
-104 31.5 -2.20074
-103.5 31.5 -1.93095
-103 31.5 -1.56473
-102.5 31.5 -1.20069
-102 31.5 -0.894407
-101.5 31.5 -0.760453
-101 31.5 -0.940087
-100.5 31.5 -0.742683
-100 31.5 -1.07742
-99.5 31.5 -1.31098
-99 31.5 -1.01513
-98.5 31.5 -0.675097
-98 31.5 -1.29059
-97.5 31.5 -1.18169
-97 31.5 -0.819035
-96.5 31.5 -1.77362
-96 31.5 -0.771714
-95.5 31.5 -0.0439085
-95 31.5 -0.904581
-94.5 31.5 -0.489515
-94 31.5 -0.31985
-93.5 31.5 -0.488784
-93 31.5 -0.700237
-92.5 31.5 -0.757287
-92 31.5 -0.808245
-91.5 31.5 -1.24854
-91 31.5 -0.846686
-90.5 31.5 -0.475464
-90 31.5 -0.989455
-89.5 31.5 -2.35093
-89 31.5 -1.5458
-88.5 31.5 -1.43854
-88 31.5 -2.71068
-87.5 31.5 -2.84234
-87 31.5 -2.56045
-86.5 31.5 -2.72139
-86 31.5 -2.24139
-85.5 31.5 -1.53222
-85 31.5 -1.13379
-84.5 31.5 -0.832193
-84 31.5 -0.590078
-83.5 31.5 -0.232594
-83 31.5 -0.116558
-82.5 31.5 -0.0199271
-82 31.5 -0.492962
-81.5 31.5 -0.160591
-81 31.5 0.758804
-119 32 0.206551
-118.5 32 -1.38525
-118 32 -1.53778
-117.5 32 -0.75767
-117 32 -0.498894
-116.5 32 -0.713634
-116 32 -0.938675
-115.5 32 -0.86948
-115 32 -0.714669
-114.5 32 -0.548219
-114 32 -0.287349
-113.5 32 -0.0969739
-113 32 -0.697727
-112.5 32 -0.59801
-112 32 -0.726288
-111.5 32 -0.413892
-111 32 -0.0875182
-110.5 32 -0.195143
-110 32 -0.677764
-109.5 32 -1.00689
-109 32 -2.21969
-108.5 32 -2.93939
-108 32 -3.55667
-107.5 32 -3.94899
-107 32 -4.59098
-106.5 32 -4.98521
-106 32 -4.54068
-105.5 32 -4.19409
-105 32 -3.6959
-104.5 32 -3.73932
-104 32 -2.67834
-103.5 32 -1.58282
-103 32 -1.38056
-102.5 32 -0.978447
-102 32 -0.775144
-101.5 32 -0.956894
-101 32 -0.910289
-100.5 32 -0.833392
-100 32 -0.667801
-99.5 32 -0.988282
-99 32 -1.34307
-98.5 32 -1.03979
-98 32 -1.39803
-97.5 32 -1.26168
-97 32 -1.48756
-96.5 32 -1.22033
-96 32 -0.32718
-95.5 32 -0.744792
-95 32 -0.919273
-94.5 32 -1.06352
-94 32 -0.695325
-93.5 32 -0.143602
-93 32 -0.784368
-92.5 32 -0.806257
-92 32 -0.944743
-91.5 32 -0.856182
-91 32 -0.370775
-90.5 32 -0.733961
-90 32 -1.87661
-89.5 32 -1.93488
-89 32 -1.46303
-88.5 32 -2.56786
-88 32 -2.83237
-87.5 32 -2.8233
-87 32 -2.48611
-86.5 32 -1.88922
-86 32 -1.28479
-85.5 32 -0.702135
-85 32 -0.479989
-84.5 32 -0.180273
-84 32 0.0300482
-83.5 32 0.00725156
-83 32 -0.14056
-82.5 32 -0.0789761
-82 32 -0.362718
-81.5 32 0.416596
-81 32 0.426167
-119 32.5 0.0959421
-118.5 32.5 0.0948668
-118 32.5 -0.793752
-117.5 32.5 -1.07738
-117 32.5 -1.06464
-116.5 32.5 -0.548579
-116 32.5 -0.241019
-115.5 32.5 0.0142629
-115 32.5 0.0049605
-114.5 32.5 -0.154896
-114 32.5 0.0641441
-113.5 32.5 0.341639
-113 32.5 0.141913
-112.5 32.5 -0.0819282
-112 32.5 0.0701389
-111.5 32.5 0.050776
-111 32.5 -0.126975
-110.5 32.5 -0.166208
-110 32.5 -0.933721
-109.5 32.5 -1.1943
-109 32.5 -1.62189
-108.5 32.5 -2.76777
-108 32.5 -3.46096
-107.5 32.5 -3.64823
-107 32.5 -3.41291
-106.5 32.5 -4.14943
-106 32.5 -4.36795
-105.5 32.5 -4.092
-105 32.5 -3.9406
-104.5 32.5 -3.97772
-104 32.5 -3.35206
-103.5 32.5 -1.80261
-103 32.5 -0.940952
-102.5 32.5 -0.660936
-102 32.5 -0.499348
-101.5 32.5 -0.62181
-101 32.5 -0.92816
-100.5 32.5 -0.842695
-100 32.5 -0.82275
-99.5 32.5 -1.27372
-99 32.5 -1.54821
-98.5 32.5 -1.74682
-98 32.5 -1.50262
-97.5 32.5 -1.29336
-97 32.5 -1.5905
-96.5 32.5 -0.975885
-96 32.5 -0.648255
-95.5 32.5 -1.71855
-95 32.5 -1.23213
-94.5 32.5 -0.575731
-94 32.5 -0.433681
-93.5 32.5 -0.645709
-93 32.5 -0.809195
-92.5 32.5 -0.803239
-92 32.5 -0.810795
-91.5 32.5 -0.700775
-91 32.5 -1.07756
-90.5 32.5 -1.70095
-90 32.5 -1.90685
-89.5 32.5 -1.89762
-89 32.5 -2.22741
-88.5 32.5 -2.31992
-88 32.5 -2.61994
-87.5 32.5 -2.34148
-87 32.5 -1.5503
-86.5 32.5 -1.08231
-86 32.5 -0.675573
-85.5 32.5 -0.441534
-85 32.5 -0.175263
-84.5 32.5 0.0837279
-84 32.5 0.0778536
-83.5 32.5 0.183052
-83 32.5 0.248368
-82.5 32.5 0.419794
-82 32.5 0.337768
-81.5 32.5 0.7719
-81 32.5 0.833603
-119 33 -0.152392
-118.5 33 0.0196952
-118 33 0.39737
-117.5 33 0.25525
-117 33 0.117712
-116.5 33 -0.438077
-116 33 -0.243416
-115.5 33 0.19544
-115 33 1.00446
-114.5 33 1.07301
-114 33 0.599589
-113.5 33 0.645306
-113 33 0.64646
-112.5 33 0.121829
-112 33 -0.095462
-111.5 33 0.691138
-111 33 0.71328
-110.5 33 0.365807
-110 33 -0.18384
-109.5 33 -0.827257
-109 33 -1.50569
-108.5 33 -2.60908
-108 33 -3.23959
-107.5 33 -3.82031
-107 33 -3.85338
-106.5 33 -3.96638
-106 33 -3.85461
-105.5 33 -3.75652
-105 33 -3.99245
-104.5 33 -3.78198
-104 33 -3.34038
-103.5 33 -2.43098
-103 33 -1.16023
-102.5 33 -0.562124
-102 33 -0.273401
-101.5 33 -0.147712
-101 33 -0.629697
-100.5 33 -1.04522
-100 33 -1.28908
-99.5 33 -1.40425
-99 33 -1.61586
-98.5 33 -1.55729
-98 33 -1.44758
-97.5 33 -1.65515
-97 33 -1.43333
-96.5 33 -0.872066
-96 33 -1.7663
-95.5 33 -1.90841
-95 33 -0.850262
-94.5 33 -0.626163
-94 33 -0.138812
-93.5 33 -0.579926
-93 33 -0.782411
-92.5 33 -0.795471
-92 33 -0.846727
-91.5 33 -1.71337
-91 33 -2.2204
-90.5 33 -1.27124
-90 33 -1.38273
-89.5 33 -1.90725
-89 33 -1.89892
-88.5 33 -2.15724
-88 33 -2.54444
-87.5 33 -1.52089
-87 33 -1.09458
-86.5 33 -0.797474
-86 33 -0.579854
-85.5 33 -0.197064
-85 33 0.138378
-84.5 33 0.311637
-84 33 0.447748
-83.5 33 0.221124
-83 33 0.522683
-82.5 33 0.670542
-82 33 0.550878
-81.5 33 0.854777
-81 33 0.54922
-119 33.5 -0.0685198
-118.5 33.5 -0.242299
-118 33.5 -0.067095
-117.5 33.5 0.302131
-117 33.5 0.667644
-116.5 33.5 0.256744
-116 33.5 -0.0930588
-115.5 33.5 -0.331539
-115 33.5 -0.203487
-114.5 33.5 0.715196
-114 33.5 1.0993
-113.5 33.5 0.82357
-113 33.5 0.807248
-112.5 33.5 0.910384
-112 33.5 0.501925
-111.5 33.5 0.172595
-111 33.5 0.964463
-110.5 33.5 1.31424
-110 33.5 0.796022
-109.5 33.5 -0.0731934
-109 33.5 -0.345476
-108.5 33.5 -1.75432
-108 33.5 -2.87011
-107.5 33.5 -3.86821
-107 33.5 -3.83649
-106.5 33.5 -3.63328
-106 33.5 -3.72354
-105.5 33.5 -3.6446
-105 33.5 -3.65675
-104.5 33.5 -3.6607
-104 33.5 -3.20034
-103.5 33.5 -2.49861
-103 33.5 -1.55851
-102.5 33.5 -0.606823
-102 33.5 0.0207561
-101.5 33.5 0.0405204
-101 33.5 -0.380749
-100.5 33.5 -0.77933
-100 33.5 -1.15493
-99.5 33.5 -1.39294
-99 33.5 -1.58306
-98.5 33.5 -1.65253
-98 33.5 -1.77339
-97.5 33.5 -1.76465
-97 33.5 -1.23918
-96.5 33.5 -1.70369
-96 33.5 -2.07652
-95.5 33.5 -0.983983
-95 33.5 -0.899218
-94.5 33.5 -0.19881
-94 33.5 -0.244832
-93.5 33.5 -0.623928
-93 33.5 -0.736567
-92.5 33.5 -1.21208
-92 33.5 -1.79202
-91.5 33.5 -2.01129
-91 33.5 -1.00888
-90.5 33.5 -0.629975
-90 33.5 -1.55447
-89.5 33.5 -1.64683
-89 33.5 -2.11346
-88.5 33.5 -2.48764
-88 33.5 -1.56893
-87.5 33.5 -0.936816
-87 33.5 -0.970517
-86.5 33.5 -0.600021
-86 33.5 -0.622845
-85.5 33.5 -0.34013
-85 33.5 -0.150927
-84.5 33.5 0.132975
-84 33.5 0.272986
-83.5 33.5 0.693444
-83 33.5 0.921441
-82.5 33.5 0.794811
-82 33.5 0.628045
-81.5 33.5 0.607402
-81 33.5 0.311052
-119 34 -1.04258
-118.5 34 -1.12037
-118 34 -0.555646
-117.5 34 -0.486844
-117 34 -0.106868
-116.5 34 -0.10403
-116 34 -0.237484
-115.5 34 -0.0847838
-115 34 -0.134603
-114.5 34 -0.0907553
-114 34 0.283399
-113.5 34 0.837544
-113 34 0.622789
-112.5 34 0.788615
-112 34 0.940953
-111.5 34 1.04094
-111 34 0.926365
-110.5 34 1.29689
-110 34 1.82328
-109.5 34 1.03399
-109 34 0.245697
-108.5 34 -0.709787
-108 34 -1.86335
-107.5 34 -3.12122
-107 34 -4.17642
-106.5 34 -3.80462
-106 34 -3.41975
-105.5 34 -3.51473
-105 34 -3.5381
-104.5 34 -3.35595
-104 34 -3.09568
-103.5 34 -2.55837
-103 34 -1.65394
-102.5 34 -0.680229
-102 34 -0.0424232
-101.5 34 0.127176
-101 34 -0.0486703
-100.5 34 -0.520261
-100 34 -1.04966
-99.5 34 -1.39329
-99 34 -1.57284
-98.5 34 -1.76325
-98 34 -1.94319
-97.5 34 -1.7998
-97 34 -1.76284
-96.5 34 -1.95734
-96 34 -1.49752
-95.5 34 -1.03822
-95 34 -0.538353
-94.5 34 -0.435745
-94 34 -0.402472
-93.5 34 -0.106232
-93 34 -1.48651
-92.5 34 -1.77032
-92 34 -1.44483
-91.5 34 -0.869653
-91 34 -0.460284
-90.5 34 -0.92264
-90 34 -1.33932
-89.5 34 -2.13619
-89 34 -1.76085
-88.5 34 -1.17771
-88 34 -0.709638
-87.5 34 -1.06149
-87 34 -0.865267
-86.5 34 -0.663295
-86 34 -0.504989
-85.5 34 -0.0871822
-85 34 0.456322
-84.5 34 0.94197
-84 34 0.915676
-83.5 34 1.16891
-83 34 0.65403
-82.5 34 0.80605
-82 34 0.737408
-81.5 34 0.83773
-81 34 0.729851
-119 34.5 -1.66446
-118.5 34.5 -1.71522
-118 34.5 -1.33357
-117.5 34.5 -1.34192
-117 34.5 -0.473959
-116.5 34.5 -0.360489
-116 34.5 -0.627708
-115.5 34.5 -0.384191
-115 34.5 0.0249562
-114.5 34.5 0.481449
-114 34.5 0.348621
-113.5 34.5 0.501909
-113 34.5 0.408617
-112.5 34.5 0.680344
-112 34.5 0.57435
-111.5 34.5 0.752664
-111 34.5 0.952677
-110.5 34.5 1.2176
-110 34.5 1.57146
-109.5 34.5 1.86507
-109 34.5 1.34904
-108.5 34.5 0.364786
-108 34.5 -0.993631
-107.5 34.5 -2.03475
-107 34.5 -3.36977
-106.5 34.5 -4.01653
-106 34.5 -3.69596
-105.5 34.5 -3.43046
-105 34.5 -3.48111
-104.5 34.5 -3.30942
-104 34.5 -2.97465
-103.5 34.5 -2.33732
-103 34.5 -1.62766
-102.5 34.5 -0.807274
-102 34.5 -0.124661
-101.5 34.5 0.170141
-101 34.5 0.115719
-100.5 34.5 -0.371115
-100 34.5 -0.97233
-99.5 34.5 -1.44329
-99 34.5 -1.74431
-98.5 34.5 -1.91392
-98 34.5 -2.08149
-97.5 34.5 -2.11218
-97 34.5 -2.03578
-96.5 34.5 -1.69635
-96 34.5 -1.28027
-95.5 34.5 -0.833623
-95 34.5 -0.469211
-94.5 34.5 -0.384263
-94 34.5 -0.0364988
-93.5 34.5 -1.10334
-93 34.5 -1.73966
-92.5 34.5 -1.17013
-92 34.5 -0.789015
-91.5 34.5 -0.78543
-91 34.5 -1.11905
-90.5 34.5 -1.43117
-90 34.5 -1.8022
-89.5 34.5 -1.27419
-89 34.5 -0.679271
-88.5 34.5 -0.947477
-88 34.5 -1.18411
-87.5 34.5 -0.978122
-87 34.5 -0.369688
-86.5 34.5 0.430714
-86 34.5 0.690618
-85.5 34.5 1.10042
-85 34.5 1.21395
-84.5 34.5 1.1032
-84 34.5 0.583485
-83.5 34.5 0.614102
-83 34.5 0.611873
-82.5 34.5 0.636824
-82 34.5 0.718325
-81.5 34.5 0.761113
-81 34.5 0.157784
-119 35 -2.4082
-118.5 35 -2.74899
-118 35 -2.1303
-117.5 35 -1.7711
-117 35 -1.34779
-116.5 35 -0.574849
-116 35 -0.504473
-115.5 35 -0.638021
-115 35 -0.440808
-114.5 35 0.134173
-114 35 0.765272
-113.5 35 0.888238
-113 35 0.838025
-112.5 35 0.401748
-112 35 0.687782
-111.5 35 0.481566
-111 35 0.569364
-110.5 35 0.690433
-110 35 1.0131
-109.5 35 1.49484
-109 35 1.50475
-108.5 35 1.1217
-108 35 0.128712
-107.5 35 -1.1343
-107 35 -2.25378
-106.5 35 -3.25359
-106 35 -3.7798
-105.5 35 -3.48042
-105 35 -3.32309
-104.5 35 -3.16246
-104 35 -2.94801
-103.5 35 -2.34064
-103 35 -1.49087
-102.5 35 -0.755507
-102 35 -0.180207
-101.5 35 0.132624
-101 35 -0.0201736
-100.5 35 -0.515103
-100 35 -0.994488
-99.5 35 -1.44315
-99 35 -1.84195
-98.5 35 -2.12415
-98 35 -2.15114
-97.5 35 -2.03776
-97 35 -1.85645
-96.5 35 -1.53691
-96 35 -1.12375
-95.5 35 -0.653673
-95 35 -0.523772
-94.5 35 -0.582438
-94 35 -0.751121
-93.5 35 -1.23258
-93 35 -1.21591
-92.5 35 -1.23452
-92 35 -0.955566
-91.5 35 -1.19638
-91 35 -1.23432
-90.5 35 -1.20224
-90 35 -0.949347
-89.5 35 -0.625846
-89 35 -0.860967
-88.5 35 -0.765186
-88 35 -0.531316
-87.5 35 0.0589031
-87 35 1.2144
-86.5 35 1.07949
-86 35 0.894371
-85.5 35 1.03713
-85 35 0.79465
-84.5 35 0.752798
-84 35 0.615789
-83.5 35 0.57879
-83 35 0.106807
-82.5 35 0.0796608
-82 35 0.334964
-81.5 35 -0.0779716
-81 35 -0.0717049
-119 35.5 -1.77982
-118.5 35.5 -2.80658
-118 35.5 -3.04953
-117.5 35.5 -2.38376
-117 35.5 -2.3507
-116.5 35.5 -1.54899
-116 35.5 -0.935439
-115.5 35.5 -0.766755
-115 35.5 -0.567968
-114.5 35.5 -0.195341
-114 35.5 0.244646
-113.5 35.5 0.945542
-113 35.5 1.18215
-112.5 35.5 0.905676
-112 35.5 0.765473
-111.5 35.5 0.557264
-111 35.5 0.497963
-110.5 35.5 0.530331
-110 35.5 0.59093
-109.5 35.5 0.914093
-109 35.5 1.25339
-108.5 35.5 1.14101
-108 35.5 0.723744
-107.5 35.5 -0.11651
-107 35.5 -1.4078
-106.5 35.5 -2.22823
-106 35.5 -2.97925
-105.5 35.5 -3.33878
-105 35.5 -3.20129
-104.5 35.5 -2.94562
-104 35.5 -2.6723
-103.5 35.5 -2.33167
-103 35.5 -1.58443
-102.5 35.5 -0.748642
-97.5 35.5 -1.90083
-97 35.5 -1.34137
-96.5 35.5 -1.15982
-96 35.5 -0.956841
-95.5 35.5 -0.615037
-95 35.5 -0.505459
-94.5 35.5 -0.52816
-94 35.5 -0.671487
-93.5 35.5 -0.933403
-93 35.5 -1.0286
-92.5 35.5 -0.643192
-92 35.5 -0.573108
-91.5 35.5 -0.717924
-91 35.5 -0.566125
-90.5 35.5 -0.36873
-90 35.5 -0.334069
-89.5 35.5 -0.473732
-89 35.5 -0.13268
-88.5 35.5 -0.366695
-88 35.5 0.208067
-87.5 35.5 1.19325
-87 35.5 1.35059
-86.5 35.5 0.846064
-86 35.5 0.951889
-85.5 35.5 0.915596
-85 35.5 0.642812
-84.5 35.5 0.420348
-84 35.5 0.292294
-83.5 35.5 -0.0573714
-83 35.5 -0.132176
-82.5 35.5 0.121687
-82 35.5 0.345563
-81.5 35.5 -0.0366393
-81 35.5 0.113843
-119 36 -1.13598
-118.5 36 -1.42481
-118 36 -2.08062
-117.5 36 -2.36874
-117 36 -2.22656
-116.5 36 -1.91704
-116 36 -1.43701
-115.5 36 -1.10929
-115 36 -0.860167
-114.5 36 -0.719274
-114 36 -0.488318
-113.5 36 -0.100728
-113 36 0.505573
-112.5 36 0.831216
-112 36 0.920403
-111.5 36 0.931035
-111 36 0.833831
-110.5 36 0.672049
-110 36 0.629093
-109.5 36 0.722045
-109 36 0.810317
-108.5 36 0.935794
-108 36 0.84065
-107.5 36 0.63296
-107 36 -0.268256
-106.5 36 -1.36841
-106 36 -2.1169
-105.5 36 -2.61837
-105 36 -2.71616
-104.5 36 -2.66928
-104 36 -2.65245
-103.5 36 -2.15426
-96.5 36 -1.09528
-96 36 -0.619457
-95.5 36 -0.479597
-95 36 -0.431607
-94.5 36 -0.386452
-94 36 -0.481705
-93.5 36 -0.530348
-93 36 -0.404214
-92.5 36 -0.301737
-92 36 -0.294505
-91.5 36 -0.186344
-91 36 -0.0108845
-90.5 36 -0.00234289
-90 36 0.0188462
-89.5 36 0.284646
-89 36 0.0779411
-88.5 36 0.18185
-88 36 0.967723
-87.5 36 0.96671
-87 36 0.49605
-86.5 36 0.540218
-86 36 0.555824
-85.5 36 0.320375
-85 36 0.445813
-84.5 36 0.310127
-84 36 0.243676
-83.5 36 0.0736647
-83 36 0.306001
-82.5 36 0.676184
-82 36 0.239205
-81.5 36 -0.232134
-81 36 -0.687217
-119 36.5 -0.359164
-118.5 36.5 -0.84974
-118 36.5 -1.10152
-117.5 36.5 -1.317
-117 36.5 -1.35982
-116.5 36.5 -1.63476
-116 36.5 -1.54061
-115.5 36.5 -1.46162
-115 36.5 -1.20033
-114.5 36.5 -1.37906
-114 36.5 -1.2845
-113.5 36.5 -1.06902
-113 36.5 -0.535654
-112.5 36.5 0.0198149
-112 36.5 0.514348
-111.5 36.5 0.735883
-111 36.5 0.807654
-110.5 36.5 0.804488
-110 36.5 0.620978
-109.5 36.5 0.63559
-109 36.5 0.75254
-108.5 36.5 0.578253
-108 36.5 0.644086
-107.5 36.5 0.677998
-107 36.5 0.507513
-106.5 36.5 -0.264713
-106 36.5 -1.1403
-105.5 36.5 -1.76243
-105 36.5 -2.09085
-104.5 36.5 -2.08006
-95.5 36.5 -0.387972
-95 36.5 -0.312687
-94.5 36.5 -0.251889
-94 36.5 -0.270545
-93.5 36.5 -0.212379
-93 36.5 -0.106653
-92.5 36.5 -0.00959679
-92 36.5 0.051046
-91.5 36.5 -0.0250955
-91 36.5 0.102001
-90.5 36.5 0.0165712
-90 36.5 0.00596781
-89.5 36.5 0.0411151
-89 36.5 -0.0803828
-88.5 36.5 0.356335
-88 36.5 0.457972
-87.5 36.5 0.118316
-87 36.5 0.161953
-86.5 36.5 0.118941
-86 36.5 0.0179238
-85.5 36.5 0.213671
-85 36.5 0.472098
-84.5 36.5 0.298133
-84 36.5 0.224248
-83.5 36.5 -0.116531
-83 36.5 -0.181603
-82.5 36.5 -0.323945
-82 36.5 -0.98635
-81.5 36.5 -0.850349
-81 36.5 -1.0457
-119 37 0.731884
-118.5 37 0.0378003
-118 37 -0.248563
-117.5 37 -0.315144
-117 37 -0.423526
-116.5 37 -0.831109
-116 37 -0.839741
-115.5 37 -1.51672
-115 37 -1.72725
-114.5 37 -1.54934
-114 37 -1.52837
-113.5 37 -1.39104
-113 37 -1.0377
-112.5 37 -0.741818
-112 37 -0.189227
-111.5 37 0.195679
-111 37 0.365696
-110.5 37 0.535049
-110 37 0.544035
-109.5 37 0.370724
-109 37 0.362236
-108.5 37 0.354188
-108 37 0.307411
-107.5 37 0.334997
-107 37 0.5284
-106.5 37 0.229804
-106 37 -0.322347
-105.5 37 -0.964333
-105 37 -1.28878
-95 37 -0.290217
-94.5 37 -0.265688
-94 37 -0.249448
-93.5 37 -0.197143
-93 37 -0.159182
-92.5 37 -0.162955
-92 37 -0.171019
-91.5 37 -0.0590863
-91 37 -0.255713
-90.5 37 -0.401536
-90 37 -0.321375
-89.5 37 -0.336187
-89 37 -0.20066
-88.5 37 -0.0722009
-88 37 -0.16952
-87.5 37 0.0786321
-87 37 -0.031101
-86.5 37 -0.11527
-86 37 -0.0846641
-85.5 37 0.0043099
-85 37 -0.160512
-84.5 37 -0.0624467
-84 37 -0.508959
-83.5 37 -0.623299
-83 37 -0.71433
-82.5 37 -1.31534
-82 37 -1.34247
-81.5 37 -1.59101
-81 37 -1.47026
-119 37.5 1.18712
-118.5 37.5 1.18911
-118 37.5 0.798118
-117.5 37.5 0.653931
-117 37.5 0.419493
-116.5 37.5 0.169559
-116 37.5 -0.288045
-115.5 37.5 -0.193264
-115 37.5 -0.892966
-114.5 37.5 -1.13739
-114 37.5 -1.22686
-113.5 37.5 -1.27801
-113 37.5 -1.25097
-112.5 37.5 -1.05008
-112 37.5 -0.711116
-111.5 37.5 -0.286649
-111 37.5 0.0596182
-110.5 37.5 0.276323
-110 37.5 0.419136
-109.5 37.5 0.582762
-109 37.5 0.386435
-108.5 37.5 0.386118
-108 37.5 0.111197
-107.5 37.5 0.0500206
-107 37.5 0.234337
-106.5 37.5 0.227012
-106 37.5 -0.0127911
-105.5 37.5 -0.44628
-94.5 37.5 -0.312651
-94 37.5 -0.280691
-93.5 37.5 -0.314817
-93 37.5 -0.35914
-92.5 37.5 -0.321655
-92 37.5 -0.405688
-91.5 37.5 -0.554694
-91 37.5 -0.552809
-90.5 37.5 -0.180336
-90 37.5 0.136988
-89.5 37.5 -0.033728
-89 37.5 -0.00220243
-88.5 37.5 -0.116296
-88 37.5 -0.203434
-87.5 37.5 -0.2751
-87 37.5 -0.315478
-86.5 37.5 -0.342178
-86 37.5 -0.302145
-85.5 37.5 -0.453316
-85 37.5 -0.570938
-84.5 37.5 -0.785819
-84 37.5 -1.02823
-83.5 37.5 -0.956543
-83 37.5 -1.23703
-82.5 37.5 -1.38683
-82 37.5 -1.60408
-81.5 37.5 -1.75555
-81 37.5 -1.66218
-119 38 1.51786
-118.5 38 1.60581
-118 38 1.64244
-117.5 38 1.55129
-117 38 1.05188
-116.5 38 0.985935
-116 38 0.294129
-115.5 38 0.531362
-115 38 0.469593
-114.5 38 0.131062
-114 38 -0.304383
-113.5 38 -0.695461
-113 38 -0.850254
-112.5 38 -0.870238
-112 38 -0.726084
-111.5 38 -0.419616
-111 38 -0.117489
-110.5 38 0.253181
-110 38 0.608871
-109.5 38 0.79251
-109 38 0.944425
-108.5 38 0.717875
-108 38 0.464378
-107.5 38 0.182809
-107 38 0.0637637
-106.5 38 0.161552
-106 38 0.110716
-94 38 -0.318486
-93.5 38 -0.275065
-93 38 -0.271214
-92.5 38 -0.384558
-92 38 -0.493078
-91.5 38 -0.340867
-91 38 -0.105518
-90.5 38 0.142098
-90 38 -0.0185712
-89.5 38 0.0790321
-89 38 0.0632936
-88.5 38 -0.148262
-88 38 -0.173905
-87.5 38 -0.32433
-87 38 -0.332908
-86.5 38 -0.38406
-86 38 -0.433295
-85.5 38 -0.638401
-85 38 -0.902619
-84.5 38 -1.18858
-84 38 -1.05657
-83.5 38 -1.20367
-83 38 -1.32672
-82.5 38 -1.429
-82 38 -1.53871
-81.5 38 -1.54437
-81 38 -1.63478
-119 38.5 3.1539
-118.5 38.5 2.81064
-118 38.5 2.48813
-117.5 38.5 2.55567
-117 38.5 2.36668
-116.5 38.5 1.85151
-116 38.5 1.56118
-115.5 38.5 1.39203
-115 38.5 1.18031
-114.5 38.5 0.84796
-114 38.5 0.576518
-113.5 38.5 0.0125292
-113 38.5 -0.205976
-112.5 38.5 -0.318465
-112 38.5 -0.337885
-111.5 38.5 -0.0426306
-111 38.5 0.163456
-110.5 38.5 0.449256
-110 38.5 0.539343
-109.5 38.5 0.81194
-109 38.5 1.09659
-108.5 38.5 0.851613
-108 38.5 0.733569
-107.5 38.5 0.424858
-107 38.5 0.0975475
-106.5 38.5 0.0488161
-106 38.5 0.032854
-94 38.5 -0.160992
-93.5 38.5 -0.0497908
-93 38.5 -0.102136
-92.5 38.5 -0.13486
-92 38.5 -0.0357089
-91.5 38.5 0.0206858
-91 38.5 0.22548
-90.5 38.5 0.083782
-90 38.5 -0.0287429
-89.5 38.5 0.144596
-89 38.5 -0.0530442
-88.5 38.5 -0.148897
-88 38.5 -0.235504
-87.5 38.5 -0.381044
-87 38.5 -0.368653
-86.5 38.5 -0.487285
-86 38.5 -0.578461
-85.5 38.5 -0.833848
-85 38.5 -1.08037
-84.5 38.5 -0.959047
-84 38.5 -0.925568
-83.5 38.5 -1.03659
-83 38.5 -1.03612
-82.5 38.5 -1.29189
-82 38.5 -1.36491
-81.5 38.5 -1.72798
-81 38.5 -1.60745
-119 39 2.94205
-118.5 39 3.42454
-118 39 2.85671
-117.5 39 2.9469
-117 39 2.96676
-116.5 39 3.01031
-116 39 2.74015
-115.5 39 2.41884
-115 39 2.14902
-114.5 39 1.69481
-114 39 1.36218
-113.5 39 1.08394
-113 39 0.686109
-112.5 39 0.526327
-112 39 0.302365
-111.5 39 0.370301
-111 39 0.452317
-110.5 39 0.51844
-110 39 0.390824
-109.5 39 0.429208
-109 39 0.679475
-108.5 39 0.769526
-108 39 0.625424
-107.5 39 0.412325
-107 39 0.12336
-106.5 39 -0.00989889
-93.5 39 0.0215069
-93 39 0.0595567
-92.5 39 0.145451
-92 39 0.190589
-91.5 39 0.201144
-91 39 0.206553
-90.5 39 0.0850113
-90 39 -0.0631657
-89.5 39 -0.298455
-89 39 -0.319781
-88.5 39 -0.256662
-88 39 -0.356319
-87.5 39 -0.419513
-87 39 -0.402841
-86.5 39 -0.559831
-86 39 -0.808015
-85.5 39 -1.06885
-85 39 -1.18735
-84.5 39 -1.16528
-84 39 -1.1639
-83.5 39 -1.08071
-83 39 -1.10497
-82.5 39 -1.11261
-82 39 -1.25328
-81.5 39 -1.46596
-81 39 -1.63318
-119 39.5 1.70515
-118.5 39.5 1.71515
-118 39.5 1.82996
-117.5 39.5 1.99527
-117 39.5 2.10881
-116.5 39.5 2.68009
-116 39.5 2.87448
-115.5 39.5 2.57559
-115 39.5 2.60202
-114.5 39.5 2.54995
-114 39.5 2.24333
-113.5 39.5 2.24546
-113 39.5 1.87493
-112.5 39.5 1.59713
-112 39.5 1.34295
-111.5 39.5 1.01322
-111 39.5 0.761988
-110.5 39.5 0.677787
-110 39.5 0.828654
-109.5 39.5 0.678756
-109 39.5 0.707073
-108.5 39.5 0.832212
-108 39.5 0.858966
-107.5 39.5 0.546623
-107 39.5 0.273061
-106.5 39.5 -0.0342909
-93.5 39.5 0.136212
-93 39.5 0.222566
-92.5 39.5 0.283625
-92 39.5 0.316557
-91.5 39.5 0.270181
-91 39.5 0.00643491
-90.5 39.5 -0.0231798
-90 39.5 -0.136409
-89.5 39.5 -0.248542
-89 39.5 -0.39804
-88.5 39.5 -0.393176
-88 39.5 -0.400356
-87.5 39.5 -0.376429
-87 39.5 -0.433226
-86.5 39.5 -0.642729
-86 39.5 -0.853387
-85.5 39.5 -0.81873
-85 39.5 -1.08242
-84.5 39.5 -1.18847
-84 39.5 -1.0391
-83.5 39.5 -1.10305
-83 39.5 -1.09297
-82.5 39.5 -1.22316
-82 39.5 -1.41533
-81.5 39.5 -1.35612
-81 39.5 -1.46803
-119 40 1.40786
-118.5 40 1.29817
-118 40 1.5451
-117.5 40 1.71224
-117 40 1.87999
-116.5 40 2.23882
-116 40 2.58098
-115.5 40 2.75335
-115 40 2.89978
-114.5 40 2.95221
-114 40 3.02404
-113.5 40 2.98461
-113 40 2.82745
-112.5 40 2.54767
-112 40 2.32758
-111.5 40 1.92459
-111 40 1.60857
-110.5 40 1.41746
-110 40 1.5275
-109.5 40 1.6003
-109 40 1.43299
-108.5 40 1.43771
-108 40 1.49695
-107.5 40 1.17721
-107 40 0.926049
-106.5 40 0.522238
-93.5 40 0.436035
-93 40 0.387849
-92.5 40 0.329395
-92 40 0.271809
-91.5 40 0.186109
-91 40 0.106663
-90.5 40 -0.0688865
-90 40 -0.0755558
-89.5 40 -0.165345
-89 40 -0.37152
-88.5 40 -0.372082
-88 40 -0.385989
-87.5 40 -0.34826
-87 40 -0.338565
-86.5 40 -0.505425
-86 40 -0.560338
-85.5 40 -0.68532
-85 40 -0.92598
-84.5 40 -1.03824
-84 40 -1.0903
-83.5 40 -1.19732
-83 40 -1.12511
-82.5 40 -1.19714
-82 40 -1.19048
-81.5 40 -1.01667
-81 40 -0.714328
-119 40.5 0.699917
-118.5 40.5 0.872132
-118 40.5 1.30279
-117.5 40.5 1.51748
-117 40.5 1.96332
-116.5 40.5 2.38644
-116 40.5 2.60711
-115.5 40.5 2.86294
-115 40.5 3.0061
-114.5 40.5 2.97347
-114 40.5 3.29409
-113.5 40.5 3.38395
-113 40.5 3.39253
-112.5 40.5 3.21188
-112 40.5 3.03686
-111.5 40.5 2.77595
-111 40.5 2.62951
-110.5 40.5 2.50422
-110 40.5 2.36144
-109.5 40.5 2.58625
-109 40.5 2.29093
-108.5 40.5 2.33802
-108 40.5 2.18532
-107.5 40.5 2.05419
-107 40.5 1.85806
-106.5 40.5 1.51637
-93.5 40.5 0.736339
-93 40.5 0.62551
-92.5 40.5 0.475141
-92 40.5 0.312359
-91.5 40.5 0.29269
-91 40.5 0.250589
-90.5 40.5 0.11806
-90 40.5 -0.00919129
-89.5 40.5 -0.0708906
-89 40.5 -0.172915
-88.5 40.5 -0.265959
-88 40.5 -0.29191
-87.5 40.5 -0.320527
-87 40.5 -0.514526
-86.5 40.5 -0.693783
-86 40.5 -0.735808
-85.5 40.5 -0.995014
-85 40.5 -0.461455
-84.5 40.5 -0.588397
-84 40.5 -0.737948
-83.5 40.5 -0.785254
-83 40.5 -0.377083
-82.5 40.5 -0.120246
-82 40.5 0.192194
-81.5 40.5 -0.247753
-81 40.5 -0.0315187
-119 41 0.421147
-118.5 41 0.626501
-118 41 0.426357
-117.5 41 0.798636
-117 41 1.05378
-116.5 41 1.28662
-116 41 1.48712
-115.5 41 1.65584
-115 41 2.10238
-114.5 41 2.53016
-114 41 2.70053
-113.5 41 3.1879
-113 41 3.23334
-112.5 41 3.47732
-112 41 3.56718
-111.5 41 3.4679
-111 41 3.31499
-110.5 41 3.20035
-110 41 3.16617
-109.5 41 3.03406
-109 41 2.98071
-108.5 41 2.92752
-108 41 2.7677
-107.5 41 2.80821
-107 41 2.50061
-106.5 41 2.27814
-93.5 41 0.998155
-93 41 0.801017
-92.5 41 0.68663
-92 41 0.559409
-91.5 41 0.607779
-91 41 0.579419
-90.5 41 0.45315
-90 41 0.269908
-89.5 41 0.149448
-89 41 -0.00770798
-88.5 41 -0.0103756
-88 41 -0.182597
-87.5 41 -0.403349
-87 41 -0.648277
-86.5 41 -0.69151
-86 41 -0.765867
-85.5 41 -0.932878
-85 41 -0.0879015
-84.5 41 0.040374
-84 41 0.0973805
-83.5 41 0.30525
-83 41 0.38495
-82.5 41 0.678089
-82 41 0.910145
-81.5 41 1.0478
-81 41 0.647744
-119 41.5 -0.319997
-118.5 41.5 -0.528591
-118 41.5 -0.284881
-117.5 41.5 0.000414147
-117 41.5 -0.113497
-116.5 41.5 -0.330729
-116 41.5 0.409559
-115.5 41.5 0.647075
-115 41.5 1.07177
-114.5 41.5 1.5556
-114 41.5 1.49584
-113.5 41.5 2.16682
-113 41.5 2.73981
-112.5 41.5 3.05652
-112 41.5 3.08634
-111.5 41.5 3.07166
-111 41.5 2.99347
-110.5 41.5 2.92765
-110 41.5 3.03173
-109.5 41.5 2.80038
-109 41.5 2.99929
-108.5 41.5 2.94088
-108 41.5 2.82439
-107.5 41.5 2.74165
-107 41.5 2.42976
-106.5 41.5 2.2557
-106 41.5 1.91688
-94 41.5 0.728219
-93.5 41.5 0.877253
-93 41.5 0.796944
-92.5 41.5 0.73928
-92 41.5 0.694639
-91.5 41.5 0.663662
-91 41.5 0.640976
-90.5 41.5 0.608218
-90 41.5 0.475054
-89.5 41.5 0.234015
-89 41.5 0.103484
-88.5 41.5 -0.142531
-88 41.5 -0.309208
-87.5 41.5 -0.378383
-87 41.5 -0.387687
-86.5 41.5 0.095372
-86 41.5 0.191397
-85.5 41.5 0.328902
-85 41.5 0.071415
-84.5 41.5 0.232514
-84 41.5 0.35063
-83.5 41.5 0.262276
-83 41.5 -0.116883
-82.5 41.5 -0.224625
-82 41.5 -0.105652
-81.5 41.5 0.249645
-81 41.5 0.165721
-119 42 -0.978165
-118.5 42 -1.5726
-118 42 -0.947498
-117.5 42 -0.560939
-117 42 -0.604899
-116.5 42 -0.784682
-116 42 -0.490216
-115.5 42 -0.219745
-115 42 -0.0088208
-114.5 42 0.496206
-114 42 0.689579
-113.5 42 0.941368
-113 42 1.37516
-112.5 42 1.27381
-112 42 1.30924
-111.5 42 1.4787
-111 42 1.69477
-110.5 42 1.97687
-110 42 2.13798
-109.5 42 2.31674
-109 42 2.37171
-108.5 42 2.27167
-108 42 2.1487
-107.5 42 1.86366
-107 42 1.7331
-106.5 42 1.62841
-106 42 1.51608
-94 42 0.115021
-93.5 42 0.376887
-93 42 0.59186
-92.5 42 0.651653
-92 42 0.621449
-91.5 42 0.527008
-91 42 0.50812
-90.5 42 0.571941
-90 42 0.541057
-89.5 42 0.260559
-89 42 0.174059
-88.5 42 -0.242241
-88 42 -0.308437
-87.5 42 -0.0747772
-87 42 0.0806918
-86.5 42 0.277163
-86 42 0.353503
-85.5 42 0.557032
-85 42 0.273376
-84.5 42 0.31523
-84 42 0.171823
-83.5 42 -0.0825829
-83 42 -0.163897
-82.5 42 -0.436228
-82 42 -0.301521
-81.5 42 -0.143125
-81 42 -0.0564461
-119 42.5 -0.837811
-118.5 42.5 -0.776428
-118 42.5 -1.17015
-117.5 42.5 -1.18163
-117 42.5 -1.281
-116.5 42.5 -0.942156
-116 42.5 -1.21979
-115.5 42.5 -1.05391
-115 42.5 -0.933136
-114.5 42.5 -0.93044
-114 42.5 -0.621662
-113.5 42.5 -0.660299
-113 42.5 -0.726405
-112.5 42.5 -0.669819
-112 42.5 -0.349729
-111.5 42.5 0.0980241
-111 42.5 0.659575
-110.5 42.5 1.05288
-110 42.5 1.35224
-109.5 42.5 1.46898
-109 42.5 1.40225
-108.5 42.5 1.39642
-108 42.5 1.31339
-107.5 42.5 1.14457
-107 42.5 1.15866
-106.5 42.5 1.16385
-106 42.5 1.03013
-105.5 42.5 0.946145
-94.5 42.5 0.020374
-94 42.5 0.0477569
-93.5 42.5 0.157397
-93 42.5 0.384587
-92.5 42.5 0.458246
-92 42.5 0.519565
-91.5 42.5 0.384863
-91 42.5 0.379212
-90.5 42.5 0.597038
-90 42.5 0.600089
-89.5 42.5 0.50952
-89 42.5 0.309645
-88.5 42.5 0.126165
-88 42.5 -0.0292666
-87.5 42.5 0.0640152
-87 42.5 0.382422
-86.5 42.5 0.214398
-86 42.5 0.135335
-85.5 42.5 -0.0907303
-85 42.5 -0.375086
-84.5 42.5 -0.570637
-84 42.5 -0.827282
-83.5 42.5 -0.702412
-83 42.5 -0.784662
-82.5 42.5 -0.699195
-82 42.5 -0.546749
-81.5 42.5 -0.326313
-81 42.5 -0.54017
-119 43 -0.620307
-118.5 43 -0.179863
-118 43 -0.41186
-117.5 43 -0.796923
-117 43 -0.829356
-116.5 43 -0.621938
-116 43 -0.745005
-115.5 43 -1.05301
-115 43 -1.11842
-114.5 43 -1.66158
-114 43 -1.5583
-113.5 43 -1.62815
-113 43 -1.50724
-112.5 43 -1.23556
-112 43 -0.930244
-111.5 43 -0.396838
-111 43 0.170192
-110.5 43 0.544236
-110 43 0.749719
-109.5 43 0.888028
-109 43 1.0489
-108.5 43 1.12231
-108 43 1.10888
-107.5 43 1.08886
-107 43 0.961882
-106.5 43 1.05908
-106 43 0.95638
-105.5 43 0.701122
-105 43 0.128859
-95 43 0.513425
-94.5 43 0.104883
-94 43 0.0239583
-93.5 43 0.13123
-93 43 0.253689
-92.5 43 0.379239
-92 43 0.470133
-91.5 43 0.556155
-91 43 0.305712
-90.5 43 0.370516
-90 43 0.676705
-89.5 43 0.678159
-89 43 0.541251
-88.5 43 0.432514
-88 43 0.15657
-87.5 43 0.210531
-87 43 -0.0232443
-86.5 43 0.355925
-86 43 0.460898
-85.5 43 0.524941
-85 43 0.105741
-84.5 43 -0.0448618
-84 43 -0.281368
-83.5 43 -0.415109
-83 43 -1.19015
-82.5 43 -0.831055
-82 43 -0.654287
-81.5 43 -0.967696
-81 43 -1.27023
-119 43.5 0.833391
-118.5 43.5 1.26945
-118 43.5 1.10983
-117.5 43.5 0.784523
-117 43.5 0.313389
-116.5 43.5 0.277534
-116 43.5 -0.132638
-115.5 43.5 -0.404222
-115 43.5 -0.520582
-114.5 43.5 -0.704255
-114 43.5 -0.647352
-113.5 43.5 -0.700456
-113 43.5 -0.685379
-112.5 43.5 -0.560109
-112 43.5 -0.185043
-111.5 43.5 0.0710189
-111 43.5 0.27307
-110.5 43.5 0.601368
-110 43.5 0.915571
-109.5 43.5 1.27813
-109 43.5 1.44084
-108.5 43.5 1.42301
-108 43.5 1.45096
-107.5 43.5 1.33843
-107 43.5 1.14944
-106.5 43.5 0.91063
-106 43.5 0.571489
-105.5 43.5 0.103611
-105 43.5 -0.352108
-104.5 43.5 -0.675097
-95.5 43.5 0.818541
-95 43.5 0.637403
-94.5 43.5 0.357566
-94 43.5 0.107131
-93.5 43.5 0.124712
-93 43.5 0.423261
-92.5 43.5 0.582907
-92 43.5 0.592754
-91.5 43.5 0.724503
-91 43.5 0.804454
-90.5 43.5 0.479005
-90 43.5 0.589847
-89.5 43.5 0.670318
-89 43.5 0.583785
-88.5 43.5 0.759291
-88 43.5 0.389419
-87.5 43.5 0.280544
-87 43.5 0.257773
-86.5 43.5 0.206419
-86 43.5 0.348479
-85.5 43.5 0.424675
-85 43.5 0.45419
-84.5 43.5 0.566178
-84 43.5 0.540956
-83.5 43.5 0.359188
-83 43.5 0.717449
-82.5 43.5 0.379502
-82 43.5 0.357656
-81.5 43.5 0.504712
-81 43.5 0.68138
-119 44 2.52306
-118.5 44 2.41963
-118 44 2.18974
-117.5 44 1.8602
-117 44 1.5821
-116.5 44 1.30244
-116 44 0.851596
-115.5 44 0.900624
-115 44 0.805641
-114.5 44 0.882546
-114 44 0.99643
-113.5 44 1.16225
-113 44 1.06161
-112.5 44 1.06978
-112 44 1.14961
-111.5 44 1.17666
-111 44 1.23735
-110.5 44 1.44747
-110 44 1.90904
-109.5 44 2.09346
-109 44 2.11513
-108.5 44 2.03754
-108 44 1.85822
-107.5 44 1.48148
-107 44 0.913241
-106.5 44 0.394757
-106 44 0.0388281
-105.5 44 -0.508272
-105 44 -0.871141
-104.5 44 -1.28316
-104 44 -1.05605
-103.5 44 -0.248704
-96.5 44 0.274313
-96 44 0.492669
-95.5 44 0.808921
-95 44 0.721133
-94.5 44 0.566378
-94 44 0.410871
-93.5 44 0.282164
-93 44 0.504307
-92.5 44 0.847708
-92 44 1.03344
-91.5 44 0.905562
-91 44 1.03641
-90.5 44 0.925558
-90 44 0.814715
-89.5 44 0.804052
-89 44 0.597184
-88.5 44 0.481257
-88 44 0.381681
-87.5 44 -0.119109
-87 44 0.550182
-86.5 44 0.452124
-86 44 0.407057
-85.5 44 0.163765
-85 44 0.092407
-84.5 44 0.13738
-84 44 0.30575
-83.5 44 0.239184
-83 44 1.00629
-82.5 44 0.807362
-82 44 0.810577
-81.5 44 0.844838
-81 44 1.35718
-119 44.5 3.81922
-118.5 44.5 3.61339
-118 44.5 3.4231
-117.5 44.5 3.2624
-117 44.5 3.12459
-116.5 44.5 2.59039
-116 44.5 2.46278
-115.5 44.5 2.4812
-115 44.5 2.49553
-114.5 44.5 2.68781
-114 44.5 2.67508
-113.5 44.5 2.81086
-113 44.5 2.69527
-112.5 44.5 2.59286
-112 44.5 2.39108
-111.5 44.5 2.43623
-111 44.5 2.51805
-110.5 44.5 2.86349
-110 44.5 3.18576
-109.5 44.5 3.00422
-109 44.5 2.69409
-108.5 44.5 2.33969
-108 44.5 1.8068
-107.5 44.5 1.10956
-107 44.5 0.338068
-106.5 44.5 -0.17431
-106 44.5 -0.59097
-105.5 44.5 -0.710407
-105 44.5 -0.91297
-104.5 44.5 -1.06348
-104 44.5 -0.459292
-103.5 44.5 0.427618
-103 44.5 1.19654
-102.5 44.5 1.6994
-97.5 44.5 0.350252
-97 44.5 0.135187
-96.5 44.5 -0.0523945
-96 44.5 0.0541217
-95.5 44.5 0.438687
-95 44.5 0.582443
-94.5 44.5 0.526095
-94 44.5 0.309872
-93.5 44.5 0.280742
-93 44.5 0.375988
-92.5 44.5 0.759825
-92 44.5 1.06663
-91.5 44.5 1.17527
-91 44.5 1.23646
-90.5 44.5 1.22766
-90 44.5 1.15643
-89.5 44.5 1.14136
-89 44.5 1.09261
-88.5 44.5 0.841107
-88 44.5 0.579877
-87.5 44.5 -0.00256191
-87 44.5 -0.17522
-86.5 44.5 0.206839
-86 44.5 0.42329
-85.5 44.5 0.14161
-85 44.5 0.358051
-84.5 44.5 0.18663
-84 44.5 0.164324
-83.5 44.5 0.427574
-83 44.5 0.303923
-82.5 44.5 0.449324
-82 44.5 0.821232
-81.5 44.5 0.579766
-81 44.5 0.692237
-119 45 4.59558
-118.5 45 4.42
-118 45 4.24278
-117.5 45 4.00588
-117 45 3.75447
-116.5 45 3.75638
-116 45 3.91569
-115.5 45 3.50685
-115 45 3.60345
-114.5 45 3.63646
-114 45 3.55859
-113.5 45 3.66375
-113 45 3.59401
-112.5 45 3.61104
-112 45 3.54224
-111.5 45 3.61302
-111 45 3.74089
-110.5 45 4.13912
-110 45 3.861
-109.5 45 3.35515
-109 45 2.69346
-108.5 45 1.99928
-108 45 1.25787
-107.5 45 0.351015
-107 45 -0.40089
-106.5 45 -0.807554
-106 45 -0.818704
-105.5 45 -0.524702
-105 45 -0.55426
-104.5 45 -0.423873
-104 45 0.16428
-103.5 45 1.09471
-103 45 1.7239
-102.5 45 1.9546
-102 45 1.94591
-101.5 45 1.84313
-101 45 2.03411
-100.5 45 2.13169
-100 45 1.84733
-99.5 45 1.50345
-99 45 1.10324
-98.5 45 0.865219
-98 45 0.649558
-97.5 45 0.159535
-97 45 -0.182411
-96.5 45 -0.366459
-96 45 -0.324742
-95.5 45 -0.0618656
-95 45 0.0980834
-94.5 45 0.172101
-94 45 0.0436708
-93.5 45 0.0813728
-93 45 0.214967
-92.5 45 0.531073
-92 45 0.770043
-91.5 45 0.984269
-91 45 1.03488
-90.5 45 1.35995
-90 45 1.34192
-89.5 45 1.42557
-89 45 1.30899
-88.5 45 1.38695
-88 45 1.33575
-87.5 45 0.935743
-87 45 0.352305
-86.5 45 0.467871
-86 45 0.560138
-85.5 45 0.405209
-85 45 0.253162
-84.5 45 0.00349055
-84 45 -0.192614
-83.5 45 -0.453638
-83 45 -0.102519
-82.5 45 -0.066164
-82 45 0.376007
-81.5 45 0.313255
-81 45 0.618666
-119 45.5 4.76896
-118.5 45.5 4.95719
-118 45.5 4.28555
-117.5 45.5 4.29868
-117 45.5 4.19375
-116.5 45.5 4.22481
-116 45.5 4.3728
-115.5 45.5 4.33793
-115 45.5 4.31588
-114.5 45.5 4.10411
-114 45.5 3.85818
-113.5 45.5 3.87989
-113 45.5 4.02572
-112.5 45.5 4.18983
-112 45.5 4.4878
-111.5 45.5 4.63759
-111 45.5 4.72386
-110.5 45.5 4.51428
-110 45.5 3.7564
-109.5 45.5 2.81735
-109 45.5 2.06049
-108.5 45.5 1.32423
-108 45.5 0.419982
-107.5 45.5 -0.387509
-107 45.5 -0.769762
-106.5 45.5 -0.89843
-106 45.5 -0.340461
-105.5 45.5 -0.0904843
-105 45.5 -0.201676
-104.5 45.5 0.0591373
-104 45.5 0.724923
-103.5 45.5 1.45298
-103 45.5 1.93502
-102.5 45.5 2.02623
-102 45.5 1.90997
-101.5 45.5 1.93766
-101 45.5 2.22394
-100.5 45.5 2.43529
-100 45.5 2.29976
-99.5 45.5 1.79694
-99 45.5 1.22733
-98.5 45.5 0.902874
-98 45.5 0.522186
-97.5 45.5 0.228842
-97 45.5 -0.110421
-96.5 45.5 -0.531462
-96 45.5 -0.506658
-95.5 45.5 -0.331366
-95 45.5 -0.329867
-94.5 45.5 -0.340271
-94 45.5 -0.441745
-93.5 45.5 -0.556444
-93 45.5 -0.272625
-92.5 45.5 0.199872
-92 45.5 0.712253
-91.5 45.5 0.941132
-91 45.5 0.966902
-90.5 45.5 1.10123
-90 45.5 1.30157
-89.5 45.5 1.36315
-89 45.5 1.3289
-88.5 45.5 1.20249
-88 45.5 1.29286
-87.5 45.5 1.10601
-87 45.5 0.695273
-86.5 45.5 0.851259
-86 45.5 1.15056
-85.5 45.5 1.40126
-85 45.5 1.08327
-84.5 45.5 0.790913
-84 45.5 0.0321652
-83.5 45.5 -0.487172
-83 45.5 -0.415422
-82.5 45.5 -0.566747
-82 45.5 -0.549497
-81.5 45.5 -0.484521
-81 45.5 -0.118715
-119 46 4.4468
-118.5 46 4.53811
-118 46 4.52279
-117.5 46 5.36661
-117 46 5.18494
-116.5 46 4.9943
-116 46 4.55478
-115.5 46 4.20151
-115 46 3.80467
-114.5 46 3.91778
-114 46 3.97628
-113.5 46 4.23839
-113 46 4.58587
-112.5 46 4.76535
-112 46 4.98641
-111.5 46 4.81589
-111 46 4.49518
-110.5 46 3.77867
-110 46 2.76794
-109.5 46 2.04414
-109 46 1.53636
-108.5 46 0.637625
-108 46 -0.250968
-107.5 46 -0.793915
-107 46 -0.800469
-106.5 46 -0.659999
-106 46 -0.385665
-105.5 46 0.0296658
-105 46 0.361814
-104.5 46 0.402892
-104 46 0.939325
-103.5 46 1.57336
-103 46 1.92405
-102.5 46 1.98026
-102 46 2.03293
-101.5 46 2.2037
-101 46 2.33888
-100.5 46 2.52049
-100 46 2.56043
-99.5 46 2.23415
-99 46 1.72498
-98.5 46 1.12808
-98 46 0.444196
-97.5 46 -0.155504
-97 46 -0.303063
-96.5 46 -0.478639
-96 46 -0.496365
-95.5 46 -0.495125
-95 46 -0.569863
-94.5 46 -0.52558
-94 46 -0.650473
-93.5 46 -0.932934
-93 46 -0.980906
-92.5 46 -0.665472
-92 46 0.0194147
-91.5 46 0.408539
-91 46 0.869092
-90.5 46 1.00332
-90 46 1.23839
-89.5 46 1.40666
-89 46 1.46837
-88.5 46 1.35143
-88 46 1.13205
-87.5 46 1.10415
-87 46 0.742938
-86.5 46 0.380838
-86 46 0.51761
-85.5 46 0.807109
-85 46 1.07848
-84.5 46 1.75783
-84 46 1.62584
-83.5 46 0.850148
-83 46 -0.00423109
-82.5 46 -0.407372
-82 46 -1.15378
-81.5 46 -1.79778
-81 46 -1.93402
-119 46.5 4.38355
-118.5 46.5 4.63818
-118 46.5 5.14877
-117.5 46.5 5.21222
-117 46.5 4.52288
-116.5 46.5 4.3937
-116 46.5 3.6383
-115.5 46.5 3.57945
-115 46.5 4.26825
-114.5 46.5 4.27027
-114 46.5 4.50452
-113.5 46.5 4.7282
-113 46.5 4.87785
-112.5 46.5 4.81213
-112 46.5 4.55421
-111.5 46.5 4.03722
-111 46.5 3.38264
-110.5 46.5 2.49982
-110 46.5 1.82417
-109.5 46.5 1.34892
-109 46.5 0.65286
-108.5 46.5 -0.172063
-108 46.5 -0.835777
-107.5 46.5 -0.577477
-107 46.5 -0.384602
-106.5 46.5 -0.502693
-106 46.5 0.060414
-105.5 46.5 0.497624
-105 46.5 0.206463
-104.5 46.5 0.716293
-104 46.5 1.21333
-103.5 46.5 1.53248
-103 46.5 1.93729
-102.5 46.5 2.06644
-102 46.5 2.23807
-101.5 46.5 2.19909
-101 46.5 2.2316
-100.5 46.5 2.47566
-100 46.5 2.70714
-99.5 46.5 2.5256
-99 46.5 1.98654
-98.5 46.5 1.56282
-98 46.5 0.705274
-97.5 46.5 -0.352459
-97 46.5 -0.378434
-96.5 46.5 -0.348801
-96 46.5 -0.824188
-95.5 46.5 -0.334148
-95 46.5 -0.425059
-94.5 46.5 -0.913329
-94 46.5 -1.10273
-93.5 46.5 -1.21006
-93 46.5 -1.34478
-92.5 46.5 -1.44456
-92 46.5 -0.899578
-91.5 46.5 -0.189446
-91 46.5 0.203468
-90.5 46.5 0.706287
-90 46.5 1.15576
-89.5 46.5 1.66121
-89 46.5 1.84836
-88.5 46.5 1.99093
-88 46.5 2.01648
-87.5 46.5 1.90812
-87 46.5 1.84394
-86.5 46.5 1.67131
-86 46.5 1.40312
-85.5 46.5 1.22944
-85 46.5 0.916968
-84.5 46.5 1.06485
-84 46.5 1.46842
-83.5 46.5 1.60439
-83 46.5 0.867585
-82.5 46.5 0.497824
-82 46.5 0.426656
-81.5 46.5 -0.75326
-81 46.5 -1.89284
-119 47 4.08182
-118.5 47 4.36095
-118 47 3.64214
-117.5 47 3.14332
-117 47 2.4341
-116.5 47 3.24721
-116 47 3.45191
-115.5 47 4.23342
-115 47 4.41025
-114.5 47 4.22114
-114 47 4.64064
-113.5 47 4.81893
-113 47 4.85085
-112.5 47 4.52985
-112 47 3.86143
-111.5 47 2.98647
-111 47 2.19169
-110.5 47 1.52198
-110 47 1.07712
-109.5 47 0.662704
-109 47 0.0121542
-108.5 47 -0.37041
-108 47 0.0456558
-107.5 47 0.133614
-107 47 -0.199267
-106.5 47 -0.0470469
-106 47 0.277624
-105.5 47 0.0858029
-105 47 0.355551
-104.5 47 0.660245
-104 47 0.855744
-103.5 47 1.884
-103 47 2.66372
-102.5 47 2.6331
-102 47 1.93754
-101.5 47 1.61613
-101 47 2.36272
-100.5 47 3.01086
-100 47 3.21299
-99.5 47 2.71086
-99 47 2.09215
-98.5 47 1.57606
-98 47 1.09043
-97.5 47 0.390152
-97 47 -0.963171
-96.5 47 -0.755501
-96 47 -0.451768
-95.5 47 -0.922349
-95 47 -0.468131
-94.5 47 -0.548628
-94 47 -0.9416
-93.5 47 -1.46443
-93 47 -1.57425
-92.5 47 -1.59837
-92 47 -1.73429
-91.5 47 -1.49606
-91 47 -0.929176
-90.5 47 -0.432107
-90 47 0.13335
-89.5 47 0.951638
-89 47 1.49069
-88.5 47 1.73869
-88 47 2.20445
-87.5 47 2.48216
-87 47 2.70992
-86.5 47 2.82959
-86 47 2.92947
-85.5 47 2.8971
-85 47 3.25476
-84.5 47 2.97733
-84 47 2.55024
-83.5 47 2.48511
-83 47 2.62906
-82.5 47 2.39805
-82 47 3.17259
-81.5 47 2.41068
-81 47 1.87191
-119 47.5 4.14651
-118.5 47.5 4.0786
-118 47.5 3.72033
-117.5 47.5 3.34524
-117 47.5 3.36358
-116.5 47.5 3.65356
-116 47.5 3.61482
-115.5 47.5 3.83649
-115 47.5 3.85272
-114.5 47.5 4.24072
-114 47.5 4.48497
-113.5 47.5 4.56999
-113 47.5 4.35306
-112.5 47.5 3.69053
-112 47.5 2.66707
-111.5 47.5 2.02025
-111 47.5 1.60547
-110.5 47.5 1.29598
-110 47.5 0.866229
-109.5 47.5 0.415456
-109 47.5 0.168304
-108.5 47.5 0.566768
-108 47.5 0.605746
-107.5 47.5 0.28251
-107 47.5 0.0172398
-106.5 47.5 -0.104096
-106 47.5 -0.111712
-105.5 47.5 0.00923269
-105 47.5 0.322439
-104.5 47.5 0.871271
-104 47.5 1.74603
-103.5 47.5 2.31624
-103 47.5 2.79931
-102.5 47.5 2.83734
-102 47.5 1.87158
-101.5 47.5 1.30678
-101 47.5 2.63728
-100.5 47.5 3.41419
-100 47.5 3.04905
-99.5 47.5 2.7967
-99 47.5 2.58216
-98.5 47.5 2.65002
-98 47.5 1.57715
-97.5 47.5 0.160945
-97 47.5 -0.15989
-96.5 47.5 -1.15063
-96 47.5 -1.04482
-95.5 47.5 -0.523921
-95 47.5 -0.869483
-94.5 47.5 -0.892971
-94 47.5 -0.863391
-93.5 47.5 -1.13323
-93 47.5 -1.53754
-92.5 47.5 -1.62849
-92 47.5 -1.60465
-91.5 47.5 -1.8347
-91 47.5 -1.9296
-90.5 47.5 -1.55305
-90 47.5 -1.19697
-89.5 47.5 -0.628297
-89 47.5 -0.022427
-88.5 47.5 0.264588
-88 47.5 0.778613
-87.5 47.5 1.43178
-87 47.5 2.24979
-86.5 47.5 2.64996
-86 47.5 2.95888
-85.5 47.5 2.87098
-85 47.5 3.24865
-84.5 47.5 4.69861
-84 47.5 4.88743
-83.5 47.5 4.69129
-83 47.5 4.83159
-82.5 47.5 4.12701
-82 47.5 5.26894
-81.5 47.5 4.73401
-81 47.5 3.6403
-119 48 1.67349
-118.5 48 2.13387
-118 48 2.17108
-117.5 48 2.50683
-117 48 3.17106
-116.5 48 3.11995
-116 48 3.59122
-115.5 48 3.78036
-115 48 4.19311
-114.5 48 4.39065
-114 48 4.60667
-113.5 48 4.5993
-113 48 4.01294
-112.5 48 3.2332
-112 48 2.64019
-111.5 48 2.38829
-111 48 1.82451
-110.5 48 1.26431
-110 48 0.860549
-109.5 48 0.823151
-109 48 0.710625
-108.5 48 0.444972
-108 48 0.355264
-107.5 48 0.210207
-107 48 -0.177463
-106.5 48 -0.220821
-106 48 -0.197478
-105.5 48 0.0792955
-105 48 0.349819
-104.5 48 1.08348
-104 48 1.84784
-103.5 48 2.39391
-103 48 2.60881
-102.5 48 2.59572
-102 48 2.03534
-101.5 48 1.60765
-101 48 2.28451
-100.5 48 3.46771
-100 48 3.94712
-99.5 48 3.37321
-99 48 2.88892
-98.5 48 2.4794
-98 48 1.95456
-97.5 48 0.547586
-97 48 -0.0180055
-96.5 48 0.217067
-96 48 -1.10311
-95.5 48 -0.818566
-95 48 -0.470951
-94.5 48 -0.677852
-94 48 -0.775057
-93.5 48 -1.09806
-93 48 -1.17252
-92.5 48 -1.0612
-92 48 -1.2371
-91.5 48 -1.23181
-91 48 -1.55509
-90.5 48 -1.58909
-90 48 -1.18841
-89.5 48 -0.8094
-89 48 -0.799756
-88.5 48 -0.83956
-88 48 -0.91939
-87.5 48 -0.746738
-87 48 -0.0958287
-86.5 48 0.817822
-86 48 1.06821
-85.5 48 1.43539
-85 48 0.86303
-84.5 48 1.4374
-84 48 2.90717
-83.5 48 3.36148
-83 48 4.14477
-82.5 48 4.02003
-82 48 3.82924
-81.5 48 4.92561
-81 48 3.45613
-119 48.5 -0.551141
-118.5 48.5 0.975987
-118 48.5 0.0846636
-117.5 48.5 1.16522
-117 48.5 2.5966
-116.5 48.5 2.98762
-116 48.5 3.31175
-115.5 48.5 3.37379
-115 48.5 3.41524
-114.5 48.5 3.37023
-114 48.5 3.40253
-113.5 48.5 3.07101
-113 48.5 2.51885
-112.5 48.5 2.15414
-112 48.5 1.92009
-111.5 48.5 0.640583
-111 48.5 0.484685
-110.5 48.5 0.660185
-110 48.5 0.960514
-109.5 48.5 0.661509
-109 48.5 0.347748
-108.5 48.5 0.376434
-108 48.5 0.331014
-107.5 48.5 0.00309293
-107 48.5 0.415629
-106.5 48.5 0.242689
-106 48.5 0.126015
-105.5 48.5 0.398481
-105 48.5 0.730146
-104.5 48.5 1.35063
-104 48.5 2.08528
-103.5 48.5 2.77402
-103 48.5 3.14334
-102.5 48.5 2.68363
-102 48.5 2.27174
-101.5 48.5 2.36392
-101 48.5 2.49971
-100.5 48.5 3.38031
-100 48.5 4.23002
-99.5 48.5 3.83376
-99 48.5 3.27579
-98.5 48.5 2.68609
-98 48.5 2.04709
-97.5 48.5 1.18718
-97 48.5 -0.362926
-96.5 48.5 -0.315842
-96 48.5 -0.589292
-95.5 48.5 -1.25868
-95 48.5 -0.384987
-94.5 48.5 -0.627124
-94 48.5 -1.02201
-93.5 48.5 -1.13533
-93 48.5 -1.36123
-92.5 48.5 -0.957841
-92 48.5 -0.657685
-91.5 48.5 -0.853246
-91 48.5 -0.822202
-90.5 48.5 -1.03224
-90 48.5 -0.928948
-89.5 48.5 0.0995908
-89 48.5 1.09383
-88.5 48.5 0.956865
-88 48.5 0.0666096
-87.5 48.5 -0.0558827
-87 48.5 -0.0430097
-86.5 48.5 0.507176
-86 48.5 1.11259
-85.5 48.5 1.25149
-85 48.5 1.70647
-84.5 48.5 2.35439
-84 48.5 2.99279
-83.5 48.5 2.99738
-83 48.5 3.60116
-82.5 48.5 4.68563
-82 48.5 4.66611
-81.5 48.5 5.29076
-81 48.5 4.99258
-119 49 1.67845
-118.5 49 1.33498
-118 49 1.1718
-117.5 49 2.99676
-117 49 3.75528
-116.5 49 3.42791
-116 49 3.36098
-115.5 49 3.06375
-115 49 2.6444
-114.5 49 2.61389
-114 49 2.64643
-113.5 49 2.35419
-113 49 1.94492
-112.5 49 1.7816
-112 49 0.703741
-111.5 49 0.14833
-111 49 1.22269
-110.5 49 1.72677
-110 49 1.80215
-109.5 49 1.04386
-109 49 0.896177
-108.5 49 0.788228
-108 49 0.645496
-107.5 49 1.28829
-107 49 1.47286
-106.5 49 1.14456
-106 49 0.877532
-105.5 49 0.347475
-105 49 1.20888
-104.5 49 2.10466
-104 49 2.7148
-103.5 49 3.24801
-103 49 3.28604
-102.5 49 2.79941
-102 49 2.50616
-101.5 49 2.96981
-101 49 2.98477
-100.5 49 3.34017
-100 49 4.27381
-99.5 49 4.20297
-99 49 3.59543
-98.5 49 2.66196
-98 49 2.15908
-97.5 49 1.36162
-97 49 0.0291561
-96.5 49 -0.688872
-96 49 -0.660293
-95.5 49 -1.23782
-95 49 -1.58505
-94.5 49 -1.42876
-94 49 -1.6268
-93.5 49 -1.96105
-93 49 -2.0076
-92.5 49 -1.89777
-92 49 -1.45155
-91.5 49 -1.37133
-91 49 -1.46006
-90.5 49 -1.37421
-90 49 -1.4049
-89.5 49 -1.48805
-89 49 -0.387016
-88.5 49 1.51513
-88 49 1.39279
-87.5 49 0.563088
-87 49 0.612212
-86.5 49 0.626053
-86 49 1.23279
-85.5 49 1.7363
-85 49 1.21189
-84.5 49 2.28035
-84 49 4.63924
-83.5 49 4.71722
-83 49 4.23836
-82.5 49 4.97315
-82 49 5.29864
-81.5 49 5.09129
-81 49 5.8295
