-119 25 0.000210326
-118.5 25 0.000267793
-118 25 0.000367339
-117.5 25 0.000357834
-117 25 0.000391586
-116.5 25 0.000374221
-116 25 0.000391287
-115.5 25 0.000280303
-115 25 0.000421022
-114.5 25 0.000348623
-114 25 0.000298025
-113.5 25 0.000268721
-113 25 0.000388201
-112.5 25 0.000386641
-112 25 0.000213043
-111.5 25 0.000202674
-111 25 0.000207501
-110.5 25 0.00014917
-110 25 0.00019865
-109.5 25 0.000172858
-109 25 0.000177769
-108.5 25 0.000140119
-108 25 8.50411e-05
-107.5 25 0.000119714
-107 25 0.000101581
-106.5 25 6.41693e-05
-106 25 5.83007e-05
-105.5 25 0.000104238
-105 25 0.000123141
-104.5 25 0.000117873
-104 25 8.66456e-05
-103.5 25 5.70952e-05
-103 25 1.94134e-05
-102.5 25 0.000135983
-102 25 -1.7131e-05
-101.5 25 -7.65556e-06
-101 25 0.000139888
-100.5 25 3.22383e-05
-100 25 0.000201642
-99.5 25 0.000246815
-99 25 1.01809e-05
-98.5 25 -0.000105839
-98 25 0.000272586
-97.5 25 4.21477e-05
-97 25 -2.60822e-06
-96.5 25 0.000128969
-96 25 0.000131805
-95.5 25 9.45709e-05
-95 25 0.000132795
-94.5 25 0.000121507
-94 25 7.0092e-05
-93.5 25 4.37224e-05
-93 25 0.000145305
-92.5 25 0.000157957
-92 25 0.000142968
-91.5 25 7.46648e-05
-91 25 0.0001783
-90.5 25 0.000303397
-90 25 0.000148313
-89.5 25 0.000217934
-89 25 0.000259091
-88.5 25 0.000213273
-88 25 0.000231916
-87.5 25 0.000318608
-87 25 0.000174985
-86.5 25 0.000211323
-86 25 0.000219152
-85.5 25 0.000303319
-85 25 0.000329568
-84.5 25 0.00026994
-84 25 0.000261097
-83.5 25 0.000349194
-83 25 0.000389577
-82.5 25 0.000482094
-82 25 -0.00014986
-81.5 25 0.000808827
-81 25 0.000358937
-119 25.5 -0.000258346
-118.5 25.5 -0.000228219
-118 25.5 -8.36175e-05
-117.5 25.5 -0.000169349
-117 25.5 -0.000125413
-116.5 25.5 -9.53848e-05
-116 25.5 -0.000139246
-115.5 25.5 -0.000121924
-115 25.5 -0.000168498
-114.5 25.5 -9.95047e-05
-114 25.5 -2.08086e-05
-113.5 25.5 -4.24565e-05
-113 25.5 -3.12236e-05
-112.5 25.5 9.61435e-05
-112 25.5 0.000119011
-111.5 25.5 8.58816e-05
-111 25.5 9.06991e-05
-110.5 25.5 0.000174933
-110 25.5 5.26492e-05
-109.5 25.5 0.000301005
-109 25.5 0.000230839
-108.5 25.5 0.00019932
-108 25.5 0.000222095
-107.5 25.5 0.000218244
-107 25.5 0.000149123
-106.5 25.5 0.000113521
-106 25.5 0.000124041
-105.5 25.5 0.000133473
-105 25.5 0.000219441
-104.5 25.5 0.000242405
-104 25.5 0.000123989
-103.5 25.5 0.000195318
-103 25.5 0.000157454
-102.5 25.5 0.00012796
-102 25.5 0.000215495
-101.5 25.5 0.000245832
-101 25.5 0.000190519
-100.5 25.5 0.000173557
-100 25.5 0.000196775
-99.5 25.5 0.000457915
-99 25.5 0.000472684
-98.5 25.5 -0.000232766
-98 25.5 -5.14589e-05
-97.5 25.5 9.85786e-05
-97 25.5 0.000294844
-96.5 25.5 0.00041681
-96 25.5 0.000277831
-95.5 25.5 0.00030693
-95 25.5 0.000140367
-94.5 25.5 3.68511e-05
-94 25.5 2.86644e-05
-93.5 25.5 0.000190231
-93 25.5 0.000157242
-92.5 25.5 0.000179642
-92 25.5 0.000199413
-91.5 25.5 0.00015619
-91 25.5 0.000103494
-90.5 25.5 0.000149141
-90 25.5 0.000213924
-89.5 25.5 0.000110073
-89 25.5 0.00014124
-88.5 25.5 0.000154201
-88 25.5 6.82133e-05
-87.5 25.5 6.29737e-05
-87 25.5 -2.03324e-05
-86.5 25.5 5.7054e-05
-86 25.5 6.53205e-05
-85.5 25.5 -2.00489e-05
-85 25.5 -2.62692e-05
-84.5 25.5 -4.74991e-05
-84 25.5 -5.45839e-05
-83.5 25.5 -5.17812e-06
-83 25.5 -4.85069e-05
-82.5 25.5 -0.00022213
-82 25.5 -0.000239844
-81.5 25.5 7.21517e-05
-81 25.5 -0.000387503
-119 26 8.1728e-05
-118.5 26 1.34456e-05
-118 26 0.000210931
-117.5 26 5.78401e-05
-117 26 0.000138248
-116.5 26 0.000155394
-116 26 9.63184e-05
-115.5 26 0.000120148
-115 26 0.000116136
-114.5 26 0.00010129
-114 26 7.42264e-05
-113.5 26 0.000155836
-113 26 0.000105184
-112.5 26 0.000186501
-112 26 0.000185346
-111.5 26 0.00015339
-111 26 0.000116336
-110.5 26 0.000149501
-110 26 0.000102945
-109.5 26 8.79999e-05
-109 26 0.000195785
-108.5 26 0.000154096
-108 26 0.000120062
-107.5 26 0.000140085
-107 26 7.79863e-05
-106.5 26 8.9709e-05
-106 26 8.22357e-05
-105.5 26 7.81594e-05
-105 26 9.45244e-05
-104.5 26 0.000209627
-104 26 8.24482e-05
-103.5 26 0.000102809
-103 26 9.84234e-05
-102.5 26 0.000158064
-102 26 0.000133386
-101.5 26 0.000144153
-101 26 0.00016281
-100.5 26 0.000128078
-100 26 0.000180665
-99.5 26 0.000214325
-99 26 0.000334477
-98.5 26 -0.000168127
-98 26 -0.000298772
-97.5 26 -0.000133603
-97 26 0.000335503
-96.5 26 0.00013133
-96 26 0.000168153
-95.5 26 2.7207e-05
-95 26 -0.000128761
-94.5 26 -2.28371e-05
-94 26 0.000154303
-93.5 26 8.59943e-05
-93 26 0.000104213
-92.5 26 0.000218925
-92 26 0.000108171
-91.5 26 6.48132e-05
-91 26 0.000100955
-90.5 26 0.000106991
-90 26 0.000110405
-89.5 26 0.000133073
-89 26 0.000112251
-88.5 26 0.000184317
-88 26 0.00014865
-87.5 26 6.59858e-05
-87 26 7.66858e-05
-86.5 26 3.86993e-05
-86 26 9.9785e-05
-85.5 26 0.0001846
-85 26 9.89302e-05
-84.5 26 0.000132049
-84 26 0.000128066
-83.5 26 0.000181187
-83 26 0.000113554
-82.5 26 -4.71505e-05
-82 26 -1.10027e-06
-81.5 26 7.20008e-05
-81 26 2.99467e-05
-119 26.5 0.000179996
-118.5 26.5 -6.53782e-05
-118 26.5 0.00014989
-117.5 26.5 2.9897e-06
-117 26.5 4.34736e-05
-116.5 26.5 7.06523e-05
-116 26.5 9.16758e-05
-115.5 26.5 1.74468e-05
-115 26.5 1.60944e-05
-114.5 26.5 0.000108665
-114 26.5 3.71321e-05
-113.5 26.5 3.2803e-05
-113 26.5 0.000131516
-112.5 26.5 7.60702e-05
-112 26.5 0.000188842
-111.5 26.5 0.000160474
-111 26.5 0.000153708
-110.5 26.5 0.00013933
-110 26.5 0.000166709
-109.5 26.5 9.71926e-05
-109 26.5 0.00024115
-108.5 26.5 0.000204511
-108 26.5 0.00018381
-107.5 26.5 0.000155094
-107 26.5 0.000193693
-106.5 26.5 0.000171414
-106 26.5 0.000118609
-105.5 26.5 0.000105992
-105 26.5 0.00010205
-104.5 26.5 0.000223281
-104 26.5 0.00013537
-103.5 26.5 0.000113787
-103 26.5 0.00013816
-102.5 26.5 0.000100187
-102 26.5 0.000208553
-101.5 26.5 0.000187497
-101 26.5 0.000151007
-100.5 26.5 0.000164234
-100 26.5 0.000290338
-99.5 26.5 0.000277829
-99 26.5 -0.000217636
-98.5 26.5 0.000170475
-98 26.5 0.000387905
-97.5 26.5 0.000229627
-97 26.5 -5.83891e-05
-96.5 26.5 0.000182746
-96 26.5 0.000282501
-95.5 26.5 0.00029447
-95 26.5 0.000181553
-94.5 26.5 0.00026468
-94 26.5 0.000256031
-93.5 26.5 0.000160694
-93 26.5 0.000195943
-92.5 26.5 0.000157841
-92 26.5 0.000164534
-91.5 26.5 5.56735e-05
-91 26.5 9.09511e-05
-90.5 26.5 0.000145547
-90 26.5 4.24307e-05
-89.5 26.5 0.000223635
-89 26.5 9.10434e-05
-88.5 26.5 7.21086e-05
-88 26.5 3.69575e-05
-87.5 26.5 4.99932e-05
-87 26.5 5.06134e-05
-86.5 26.5 7.39952e-05
-86 26.5 6.68125e-05
-85.5 26.5 8.28165e-05
-85 26.5 5.76684e-05
-84.5 26.5 2.45799e-05
-84 26.5 0.000104472
-83.5 26.5 0.000189417
-83 26.5 -4.45813e-05
-82.5 26.5 -0.000111032
-82 26.5 0.000156657
-81.5 26.5 0.000192686
-81 26.5 -1.61889e-05
-119 27 0.00018187
-118.5 27 4.80446e-05
-118 27 0.000235022
-117.5 27 1.04848e-05
-117 27 7.89853e-05
-116.5 27 7.63414e-05
-116 27 7.0633e-05
-115.5 27 0.000111506
-115 27 2.88725e-05
-114.5 27 4.79658e-05
-114 27 7.85669e-05
-113.5 27 4.18553e-05
-113 27 7.51768e-05
-112.5 27 0.000125752
-112 27 0.000117206
-111.5 27 0.000176101
-111 27 0.000182908
-110.5 27 0.000119904
-110 27 0.000171715
-109.5 27 0.000140657
-109 27 0.000136756
-108.5 27 0.000244679
-108 27 0.000193737
-107.5 27 0.000171742
-107 27 0.000196771
-106.5 27 7.8314e-05
-106 27 0.000150327
-105.5 27 0.000148026
-105 27 3.80066e-05
-104.5 27 8.88328e-05
-104 27 0.000124497
-103.5 27 0.000143158
-103 27 7.59089e-05
-102.5 27 0.000135462
-102 27 0.000131075
-101.5 27 0.000201817
-101 27 8.93944e-05
-100.5 27 0.00011747
-100 27 0.000192724
-99.5 27 0.000174078
-99 27 0.000250985
-98.5 27 0.000190203
-98 27 0.00021466
-97.5 27 0.000119821
-97 27 0.000115142
-96.5 27 0.000169698
-96 27 0.000353875
-95.5 27 0.000163607
-95 27 0.000259414
-94.5 27 0.000230568
-94 27 4.03946e-05
-93.5 27 8.68851e-05
-93 27 6.50691e-05
-92.5 27 0.000135556
-92 27 0.000104449
-91.5 27 8.71904e-05
-91 27 5.28754e-06
-90.5 27 0.000190124
-90 27 0.00013745
-89.5 27 0.000105741
-89 27 0.000173535
-88.5 27 0.000145353
-88 27 -2.13217e-05
-87.5 27 3.40007e-05
-87 27 6.31219e-05
-86.5 27 7.37496e-05
-86 27 0.000179537
-85.5 27 5.03288e-05
-85 27 6.36819e-05
-84.5 27 3.7381e-05
-84 27 0.000188874
-83.5 27 5.86649e-05
-83 27 -6.64108e-05
-82.5 27 -9.72787e-05
-82 27 0.000149939
-81.5 27 0.000238513
-81 27 0.000178906
-119 27.5 0.000269588
-118.5 27.5 4.13363e-05
-118 27.5 0.000136083
-117.5 27.5 0.000144813
-117 27.5 8.21443e-05
-116.5 27.5 6.46059e-05
-116 27.5 7.88826e-05
-115.5 27.5 8.7007e-05
-115 27.5 0.000128426
-114.5 27.5 2.55053e-05
-114 27.5 4.1075e-05
-113.5 27.5 7.77148e-05
-113 27.5 5.04651e-05
-112.5 27.5 9.14607e-05
-112 27.5 0.000123583
-111.5 27.5 0.000175255
-111 27.5 0.000163735
-110.5 27.5 0.000202269
-110 27.5 0.000138036
-109.5 27.5 0.000136784
-109 27.5 0.000210986
-108.5 27.5 0.000143657
-108 27.5 0.000253642
-107.5 27.5 0.00023585
-107 27.5 0.0001461
-106.5 27.5 0.000235691
-106 27.5 0.000135904
-105.5 27.5 0.000139826
-105 27.5 0.000139726
-104.5 27.5 8.07793e-05
-104 27.5 2.60841e-06
-103.5 27.5 0.000185101
-103 27.5 9.60654e-05
-102.5 27.5 0.000190356
-102 27.5 0.000155618
-101.5 27.5 0.000233732
-101 27.5 6.6416e-05
-100.5 27.5 4.42723e-05
-100 27.5 9.43349e-05
-99.5 27.5 0.00024134
-99 27.5 0.000324484
-98.5 27.5 0.000235947
-98 27.5 8.40939e-08
-97.5 27.5 0.000194023
-97 27.5 0.0004771
-96.5 27.5 0.000283155
-96 27.5 -0.000105806
-95.5 27.5 2.99975e-05
-95 27.5 8.04487e-05
-94.5 27.5 0.000158417
-94 27.5 0.00019078
-93.5 27.5 0.000175965
-93 27.5 0.000213445
-92.5 27.5 0.000207153
-92 27.5 0.000207818
-91.5 27.5 0.000145808
-91 27.5 0.000104118
-90.5 27.5 0.000134576
-90 27.5 5.02154e-05
-89.5 27.5 0.000287238
-89 27.5 0.00015203
-88.5 27.5 0.000192516
-88 27.5 0.000136552
-87.5 27.5 7.86844e-06
-87 27.5 3.00626e-05
-86.5 27.5 0.000190491
-86 27.5 0.000120304
-85.5 27.5 5.3555e-05
-85 27.5 2.63542e-05
-84.5 27.5 0.000119339
-84 27.5 0.000111423
-83.5 27.5 3.58026e-05
-83 27.5 -8.06835e-05
-82.5 27.5 0.000158662
-82 27.5 0.00021128
-81.5 27.5 0.000293312
-81 27.5 0.000134252
-119 28 0.000384038
-118.5 28 8.34007e-06
-118 28 0.000258165
-117.5 28 7.07761e-05
-117 28 0.000203992
-116.5 28 8.0379e-05
-116 28 9.605e-05
-115.5 28 0.000104367
-115 28 0.000100993
-114.5 28 9.10249e-05
-114 28 3.07279e-05
-113.5 28 3.7284e-05
-113 28 7.45695e-05
-112.5 28 -5.65813e-06
-112 28 0.000116227
-111.5 28 0.000145998
-111 28 0.00018245
-110.5 28 0.000173796
-110 28 0.000151669
-109.5 28 0.000174804
-109 28 0.000155414
-108.5 28 0.000229614
-108 28 0.000100552
-107.5 28 0.00021563
-107 28 0.000259189
-106.5 28 0.000212917
-106 28 0.000104309
-105.5 28 0.000166447
-105 28 0.000170895
-104.5 28 9.69857e-05
-104 28 -1.86995e-05
-103.5 28 0.000219
-103 28 0.000133687
-102.5 28 0.000186927
-102 28 0.000211927
-101.5 28 9.14126e-05
-101 28 0.000108006
-100.5 28 8.4619e-06
-100 28 0.000198215
-99.5 28 0.000217564
-99 28 0.000228576
-98.5 28 0.000319365
-98 28 0.000337557
-97.5 28 0.000217022
-97 28 0.000115001
-96.5 28 -0.000141215
-96 28 -0.000139055
-95.5 28 -3.44133e-06
-95 28 5.52548e-05
-94.5 28 0.000195723
-94 28 0.000231536
-93.5 28 0.000212403
-93 28 0.000382572
-92.5 28 0.00036536
-92 28 0.000257724
-91.5 28 0.000220797
-91 28 0.000238823
-90.5 28 0.000240924
-90 28 0.000209558
-89.5 28 6.08643e-05
-89 28 0.000219885
-88.5 28 0.000197124
-88 28 0.00021547
-87.5 28 5.48316e-05
-87 28 0.000154721
-86.5 28 0.000155819
-86 28 0.000124191
-85.5 28 1.38938e-05
-85 28 0.000105322
-84.5 28 0.00010515
-84 28 7.39306e-05
-83.5 28 -4.56107e-05
-83 28 6.53671e-05
-82.5 28 4.28997e-05
-82 28 0.000342356
-81.5 28 -0.000149599
-81 28 0.000371469
-119 28.5 0.000307562
-118.5 28.5 -7.50885e-06
-118 28.5 0.000294262
-117.5 28.5 0.000202319
-117 28.5 7.62483e-05
-116.5 28.5 0.00016839
-116 28.5 0.000114468
-115.5 28.5 0.000117692
-115 28.5 8.94696e-05
-114.5 28.5 7.09119e-05
-114 28.5 6.46905e-05
-113.5 28.5 8.16228e-05
-113 28.5 2.11639e-05
-112.5 28.5 4.44417e-05
-112 28.5 5.77052e-05
-111.5 28.5 0.000139747
-111 28.5 0.000133214
-110.5 28.5 0.000163171
-110 28.5 0.000204699
-109.5 28.5 0.000139042
-109 28.5 0.000182439
-108.5 28.5 0.000228575
-108 28.5 0.000198551
-107.5 28.5 0.000195037
-107 28.5 0.000249672
-106.5 28.5 0.000125668
-106 28.5 0.000281248
-105.5 28.5 5.27204e-05
-105 28.5 0.000155462
-104.5 28.5 0.000229276
-104 28.5 -4.81736e-05
-103.5 28.5 0.000136532
-103 28.5 0.00013744
-102.5 28.5 0.000260817
-102 28.5 0.000315086
-101.5 28.5 5.9692e-05
-101 28.5 0.000116949
-100.5 28.5 0.000162793
-100 28.5 0.000180901
-99.5 28.5 0.000197657
-99 28.5 0.000367779
-98.5 28.5 0.000296969
-98 28.5 0.000330459
-97.5 28.5 0.000371862
-97 28.5 6.68722e-05
-96.5 28.5 0.000238675
-96 28.5 0.000348782
-95.5 28.5 9.2307e-05
-95 28.5 4.60871e-05
-94.5 28.5 0.000172661
-94 28.5 0.00013382
-93.5 28.5 0.000165032
-93 28.5 0.000273736
-92.5 28.5 0.000340008
-92 28.5 0.000241547
-91.5 28.5 0.000184209
-91 28.5 0.000293693
-90.5 28.5 0.00018487
-90 28.5 0.000131044
-89.5 28.5 0.000123919
-89 28.5 5.31369e-06
-88.5 28.5 0.000136932
-88 28.5 0.000128014
-87.5 28.5 0.000127273
-87 28.5 0.000158756
-86.5 28.5 0.000156914
-86 28.5 7.46418e-05
-85.5 28.5 4.16628e-05
-85 28.5 0.000101294
-84.5 28.5 7.02645e-05
-84 28.5 1.62788e-05
-83.5 28.5 8.26731e-05
-83 28.5 2.85615e-05
-82.5 28.5 0.000283104
-82 28.5 0.000407099
-81.5 28.5 -0.000107404
-81 28.5 0.000258981
-119 29 0.000332932
-118.5 29 -0.000120783
-118 29 0.000270363
-117.5 29 0.000217279
-117 29 0.000246133
-116.5 29 9.79142e-05
-116 29 5.03534e-05
-115.5 29 0.000179184
-115 29 0.000121252
-114.5 29 0.000117767
-114 29 9.90979e-05
-113.5 29 5.96556e-05
-113 29 4.36469e-05
-112.5 29 4.27789e-06
-112 29 4.72676e-05
-111.5 29 0.000103076
-111 29 0.000168528
-110.5 29 0.000136039
-110 29 0.000184555
-109.5 29 0.000199766
-109 29 0.000144016
-108.5 29 0.000246004
-108 29 0.000249959
-107.5 29 0.000215446
-107 29 0.0001091
-106.5 29 0.000321222
-106 29 0.000146145
-105.5 29 0.000237144
-105 29 0.000193723
-104.5 29 0.00013828
-104 29 -2.82908e-05
-103.5 29 0.000138792
-103 29 -1.94449e-05
-102.5 29 0.000218871
-102 29 0.000322395
-101.5 29 0.000156583
-101 29 0.000139839
-100.5 29 0.000254209
-100 29 0.000191803
-99.5 29 0.000327127
-99 29 0.000357138
-98.5 29 0.000275962
-98 29 0.000223959
-97.5 29 0.000184463
-97 29 0.000291205
-96.5 29 0.000150283
-96 29 0.000299205
-95.5 29 0.000353634
-95 29 -1.37845e-06
-94.5 29 7.24e-05
-94 29 6.71662e-05
-93.5 29 1.50815e-05
-93 29 0.000129544
-92.5 29 0.000124107
-92 29 9.4103e-06
-91.5 29 2.84029e-05
-91 29 0.000219028
-90.5 29 -4.22992e-05
-90 29 8.55271e-05
-89.5 29 -0.000158593
-89 29 -0.000130363
-88.5 29 1.23596e-05
-88 29 8.15981e-05
-87.5 29 0.00012365
-87 29 0.000168056
-86.5 29 8.01232e-05
-86 29 4.23959e-05
-85.5 29 0.000129602
-85 29 0.000121006
-84.5 29 7.48171e-05
-84 29 5.02487e-05
-83.5 29 0.000170645
-83 29 0.00021949
-82.5 29 0.000265272
-82 29 0.000510717
-81.5 29 -9.90215e-05
-81 29 0.000134282
-119 29.5 0.000417028
-118.5 29.5 -0.000294669
-118 29.5 0.000158537
-117.5 29.5 0.000181618
-117 29.5 0.00022535
-116.5 29.5 0.00023795
-116 29.5 9.52422e-05
-115.5 29.5 6.95998e-05
-115 29.5 0.000175464
-114.5 29.5 0.000162447
-114 29.5 0.000129272
-113.5 29.5 9.21182e-05
-113 29.5 7.07873e-05
-112.5 29.5 5.68875e-05
-112 29.5 2.27207e-05
-111.5 29.5 5.52626e-05
-111 29.5 0.000122969
-110.5 29.5 0.000180907
-110 29.5 0.000209648
-109.5 29.5 0.000150897
-109 29.5 0.000197503
-108.5 29.5 0.000179007
-108 29.5 0.000272171
-107.5 29.5 0.000263914
-107 29.5 0.000248361
-106.5 29.5 0.000138816
-106 29.5 0.000105824
-105.5 29.5 0.000232297
-105 29.5 0.00027591
-104.5 29.5 0.000184646
-104 29.5 1.46395e-05
-103.5 29.5 0.000117594
-103 29.5 3.97952e-05
-102.5 29.5 0.000230797
-102 29.5 0.000335319
-101.5 29.5 9.99445e-06
-101 29.5 7.1557e-05
-100.5 29.5 0.000201667
-100 29.5 0.00017469
-99.5 29.5 0.000245574
-99 29.5 0.00032711
-98.5 29.5 0.000297205
-98 29.5 0.00010329
-97.5 29.5 0.000154992
-97 29.5 0.000177167
-96.5 29.5 0.000118734
-96 29.5 0.00023142
-95.5 29.5 0.000221017
-95 29.5 0.000119929
-94.5 29.5 0.000184378
-94 29.5 9.03366e-05
-93.5 29.5 1.76717e-05
-93 29.5 -2.93574e-06
-92.5 29.5 -0.000149926
-92 29.5 0.000228995
-91.5 29.5 -9.29529e-05
-91 29.5 0.000150004
-90.5 29.5 0.000173774
-90 29.5 0.000253484
-89.5 29.5 0.00022633
-89 29.5 -8.18493e-06
-88.5 29.5 0.000180072
-88 29.5 0.000151647
-87.5 29.5 0.000187908
-87 29.5 0.000110444
-86.5 29.5 -9.73745e-07
-86 29.5 0.000114247
-85.5 29.5 0.000158464
-85 29.5 0.000163657
-84.5 29.5 0.000313286
-84 29.5 0.000227716
-83.5 29.5 0.000351357
-83 29.5 0.000256797
-82.5 29.5 0.000188282
-82 29.5 0.000198148
-81.5 29.5 -0.000311967
-81 29.5 -3.74657e-05
-119 30 0.000444587
-118.5 30 -0.000340764
-118 30 0.000130232
-117.5 30 8.43261e-05
-117 30 0.000222736
-116.5 30 0.000252971
-116 30 0.000184456
-115.5 30 8.9366e-05
-115 30 8.33758e-05
-114.5 30 0.000186537
-114 30 0.000189493
-113.5 30 0.000164794
-113 30 0.000183025
-112.5 30 0.000128641
-112 30 4.57307e-05
-111.5 30 1.41248e-05
-111 30 6.31005e-05
-110.5 30 9.67805e-05
-110 30 0.000182137
-109.5 30 0.000195358
-109 30 0.000171595
-108.5 30 0.00023126
-108 30 0.000205213
-107.5 30 0.000273442
-107 30 0.000287984
-106.5 30 0.000176332
-106 30 0.000301531
-105.5 30 0.000151228
-105 30 0.000225534
-104.5 30 0.000250593
-104 30 0.000187553
-103.5 30 0.000101763
-103 30 0.000166925
-102.5 30 0.000224117
-102 30 0.000306705
-101.5 30 4.68485e-05
-101 30 0.000160559
-100.5 30 0.000136677
-100 30 0.000136427
-99.5 30 0.000274903
-99 30 0.000342303
-98.5 30 0.000218761
-98 30 0.000265126
-97.5 30 0.000240998
-97 30 0.000112668
-96.5 30 0.000242083
-96 30 0.000299651
-95.5 30 0.00025848
-95 30 0.000145873
-94.5 30 0.000412858
-94 30 0.000452971
-93.5 30 0.000456852
-93 30 0.000460818
-92.5 30 0.000267715
-92 30 0.000132136
-91.5 30 0.000180105
-91 30 0.000188112
-90.5 30 0.000230861
-90 30 0.000179951
-89.5 30 0.000313895
-89 30 0.000103756
-88.5 30 6.25409e-05
-88 30 0.000128146
-87.5 30 4.46474e-05
-87 30 4.51091e-06
-86.5 30 -2.02771e-05
-86 30 0.000123268
-85.5 30 0.000319854
-85 30 0.0003166
-84.5 30 0.000398281
-84 30 0.000172323
-83.5 30 0.000101326
-83 30 3.58583e-05
-82.5 30 -5.73219e-05
-82 30 5.21508e-05
-81.5 30 -0.000207569
-81 30 8.38921e-05
-119 30.5 0.000538814
-118.5 30.5 -0.000227252
-118 30.5 -8.95377e-05
-117.5 30.5 5.73231e-05
-117 30.5 2.21113e-05
-116.5 30.5 0.000235111
-116 30.5 0.000207217
-115.5 30.5 0.000153241
-115 30.5 0.000202226
-114.5 30.5 0.000147451
-114 30.5 0.000162365
-113.5 30.5 0.00021477
-113 30.5 0.000215133
-112.5 30.5 0.000199053
-112 30.5 9.177e-05
-111.5 30.5 2.5065e-07
-111 30.5 -4.30804e-06
-110.5 30.5 -1.76047e-05
-110 30.5 8.14478e-05
-109.5 30.5 0.000146402
-109 30.5 0.000164094
-108.5 30.5 0.000178771
-108 30.5 0.000212712
-107.5 30.5 0.000243258
-107 30.5 0.000266163
-106.5 30.5 0.000306199
-106 30.5 0.000208911
-105.5 30.5 0.000185997
-105 30.5 0.000109557
-104.5 30.5 0.00021491
-104 30.5 0.0002117
-103.5 30.5 0.000145704
-103 30.5 0.000100366
-102.5 30.5 0.00024049
-102 30.5 0.000387587
-101.5 30.5 0.000288066
-101 30.5 6.26755e-05
-100.5 30.5 9.76499e-05
-100 30.5 0.000166713
-99.5 30.5 0.000307563
-99 30.5 0.000307864
-98.5 30.5 0.000296609
-98 30.5 0.000231792
-97.5 30.5 0.000256683
-97 30.5 0.000226918
-96.5 30.5 0.00019947
-96 30.5 0.000249288
-95.5 30.5 0.000252144
-95 30.5 0.000151857
-94.5 30.5 0.00019162
-94 30.5 0.000128323
-93.5 30.5 0.000197195
-93 30.5 0.000377596
-92.5 30.5 0.000178569
-92 30.5 7.0626e-05
-91.5 30.5 0.000129652
-91 30.5 0.000172094
-90.5 30.5 0.000131265
-90 30.5 -6.46674e-06
-89.5 30.5 0.00018262
-89 30.5 0.00013615
-88.5 30.5 0.000135731
-88 30.5 0.000156052
-87.5 30.5 0.000183762
-87 30.5 0.000137428
-86.5 30.5 0.000163775
-86 30.5 0.000207203
-85.5 30.5 0.000103564
-85 30.5 0.000150542
-84.5 30.5 -1.52566e-05
-84 30.5 3.30097e-06
-83.5 30.5 0.000116528
-83 30.5 0.000155872
-82.5 30.5 0.000142722
-82 30.5 0.000275842
-81.5 30.5 -4.9695e-05
-81 30.5 0.00025022
-119 31 0.000374104
-118.5 31 -0.000125318
-118 31 0.000257423
-117.5 31 -0.000139489
-117 31 6.29763e-05
-116.5 31 0.000122743
-116 31 0.00022678
-115.5 31 0.000197925
-115 31 0.000159042
-114.5 31 0.000186309
-114 31 0.000105597
-113.5 31 0.000134187
-113 31 0.000173847
-112.5 31 0.000212263
-112 31 0.000163907
-111.5 31 0.000122888
-111 31 4.19082e-05
-110.5 31 -2.78015e-05
-110 31 -3.60675e-05
-109.5 31 2.98677e-05
-109 31 -8.01749e-06
-108.5 31 3.08728e-05
-108 31 0.000236329
-107.5 31 0.000191823
-107 31 0.000200719
-106.5 31 0.000208188
-106 31 0.000200189
-105.5 31 0.000257146
-105 31 0.000281112
-104.5 31 0.000272463
-104 31 0.000207448
-103.5 31 0.000200745
-103 31 0.000324129
-102.5 31 0.000242948
-102 31 0.000264607
-101.5 31 0.000326596
-101 31 0.000196196
-100.5 31 4.72845e-05
-100 31 0.000249053
-99.5 31 0.000280439
-99 31 0.000246226
-98.5 31 0.000236353
-98 31 0.00026265
-97.5 31 0.000134182
-97 31 0.000214753
-96.5 31 0.000208423
-96 31 0.000338445
-95.5 31 0.000292107
-95 31 0.000198888
-94.5 31 0.0001611
-94 31 0.000159972
-93.5 31 0.000306039
-93 31 0.000341927
-92.5 31 0.000248874
-92 31 0.000220331
-91.5 31 0.00013462
-91 31 0.000244525
-90.5 31 0.000336692
-90 31 0.000140913
-89.5 31 0.000113011
-89 31 0.000189397
-88.5 31 0.000151905
-88 31 0.000113862
-87.5 31 0.000184324
-87 31 0.00021259
-86.5 31 0.00016957
-86 31 0.000225457
-85.5 31 0.000245557
-85 31 0.000275134
-84.5 31 0.00030946
-84 31 0.000216681
-83.5 31 0.000216018
-83 31 0.000133369
-82.5 31 4.64151e-05
-82 31 0.000238488
-81.5 31 -0.000164512
-81 31 0.000180777
-119 31.5 0.000340695
-118.5 31.5 -0.000102709
-118 31.5 0.000273658
-117.5 31.5 0.000283884
-117 31.5 0.000193667
-116.5 31.5 3.86262e-05
-116 31.5 0.000188223
-115.5 31.5 0.000223719
-115 31.5 6.71732e-05
-114.5 31.5 0.00011168
-114 31.5 8.38341e-05
-113.5 31.5 9.12828e-05
-113 31.5 5.11458e-05
-112.5 31.5 0.000196142
-112 31.5 0.000119901
-111.5 31.5 0.000101531
-111 31.5 0.000109213
-110.5 31.5 0.000108709
-110 31.5 0.000199854
-109.5 31.5 0.000230268
-109 31.5 0.000132077
-108.5 31.5 -2.87784e-06
-108 31.5 0.000123858
-107.5 31.5 9.44853e-05
-107 31.5 1.02136e-05
-106.5 31.5 8.79086e-05
-106 31.5 0.000126296
-105.5 31.5 0.000155112
-105 31.5 0.000424599
-104.5 31.5 0.000313962
-104 31.5 0.000294231
-103.5 31.5 0.000334787
-103 31.5 0.000232192
-102.5 31.5 0.000329658
-102 31.5 0.000259027
-101.5 31.5 0.00036247
-101 31.5 0.000265787
-100.5 31.5 0.000179222
-100 31.5 0.000287751
-99.5 31.5 0.000194951
-99 31.5 0.000227902
-98.5 31.5 0.00024551
-98 31.5 0.000159244
-97.5 31.5 0.000108794
-97 31.5 0.000230881
-96.5 31.5 0.000224485
-96 31.5 0.000335158
-95.5 31.5 0.000228143
-95 31.5 0.00016241
-94.5 31.5 0.000250427
-94 31.5 0.000210063
-93.5 31.5 0.000258358
-93 31.5 0.000291255
-92.5 31.5 0.000297575
-92 31.5 0.000294145
-91.5 31.5 0.000208257
-91 31.5 0.000235898
-90.5 31.5 0.000214943
-90 31.5 9.20632e-05
-89.5 31.5 8.73917e-05
-89 31.5 0.000183997
-88.5 31.5 0.000161106
-88 31.5 0.000134145
-87.5 31.5 0.000132935
-87 31.5 0.000176165
-86.5 31.5 0.000193232
-86 31.5 0.000214623
-85.5 31.5 0.000187047
-85 31.5 0.000196308
-84.5 31.5 0.000167086
-84 31.5 0.000133605
-83.5 31.5 8.89488e-05
-83 31.5 8.28357e-05
-82.5 31.5 4.5957e-05
-82 31.5 0.000244878
-81.5 31.5 -5.40789e-05
-81 31.5 0.000234494
-119 32 0.000344486
-118.5 32 -0.000116219
-118 32 0.000233601
-117.5 32 0.000183854
-117 32 0.000182345
-116.5 32 0.000151242
-116 32 7.28938e-05
-115.5 32 0.000273901
-115 32 0.000187153
-114.5 32 0.000204534
-114 32 0.000132742
-113.5 32 3.77126e-05
-113 32 0.000114726
-112.5 32 0.00019681
-112 32 0.000177756
-111.5 32 0.000183628
-111 32 0.000120798
-110.5 32 3.45289e-05
-110 32 9.40967e-05
-109.5 32 0.000201223
-109 32 0.000204679
-108.5 32 0.000189604
-108 32 0.000281071
-107.5 32 0.000176679
-107 32 0.000109731
-106.5 32 0.000185466
-106 32 0.000254394
-105.5 32 0.000187647
-105 32 0.000282352
-104.5 32 0.000404732
-104 32 0.000505285
-103.5 32 0.000447653
-103 32 0.000336358
-102.5 32 0.000208059
-102 32 0.000240034
-101.5 32 0.000295611
-101 32 0.000244495
-100.5 32 0.00032139
-100 32 0.000234984
-99.5 32 0.000250647
-99 32 0.000239854
-98.5 32 0.000232503
-98 32 0.000295321
-97.5 32 0.000191191
-97 32 0.000255414
-96.5 32 0.000197762
-96 32 0.000255572
-95.5 32 0.000216363
-95 32 0.000131629
-94.5 32 0.000179149
-94 32 0.000244249
-93.5 32 0.000183856
-93 32 0.000240983
-92.5 32 0.000293798
-92 32 0.000320268
-91.5 32 0.000219849
-91 32 0.000260996
-90.5 32 0.000118876
-90 32 8.98668e-05
-89.5 32 0.000156409
-89 32 0.000120183
-88.5 32 0.000169081
-88 32 0.000113715
-87.5 32 0.000229214
-87 32 0.000203009
-86.5 32 0.000167652
-86 32 0.000142249
-85.5 32 0.000177315
-85 32 0.000141764
-84.5 32 0.000186475
-84 32 0.000205259
-83.5 32 0.000189092
-83 32 0.00021451
-82.5 32 0.000200163
-82 32 0.000328952
-81.5 32 -4.70841e-05
-81 32 0.000293319
-119 32.5 1.8302e-05
-118.5 32.5 -0.000107832
-118 32.5 0.000234989
-117.5 32.5 -7.31322e-05
-117 32.5 5.44606e-05
-116.5 32.5 -2.40248e-05
-116 32.5 -0.000132704
-115.5 32.5 0.000179408
-115 32.5 0.000251276
-114.5 32.5 0.000366764
-114 32.5 0.000261877
-113.5 32.5 0.000108525
-113 32.5 5.44961e-05
-112.5 32.5 7.77525e-05
-112 32.5 0.000113979
-111.5 32.5 0.00019263
-111 32.5 0.000191672
-110.5 32.5 9.35788e-05
-110 32.5 0.000132164
-109.5 32.5 0.000131488
-109 32.5 0.000184911
-108.5 32.5 0.000248712
-108 32.5 0.000360423
-107.5 32.5 0.000220483
-107 32.5 0.000145866
-106.5 32.5 0.000334468
-106 32.5 0.000330169
-105.5 32.5 0.000187971
-105 32.5 0.000220366
-104.5 32.5 0.000377614
-104 32.5 0.000453291
-103.5 32.5 0.000436536
-103 32.5 0.000291415
-102.5 32.5 0.000178561
-102 32.5 0.000265005
-101.5 32.5 0.000222262
-101 32.5 0.000301992
-100.5 32.5 0.000273112
-100 32.5 0.000220805
-99.5 32.5 0.000275438
-99 32.5 0.000311274
-98.5 32.5 0.000283752
-98 32.5 0.0002525
-97.5 32.5 0.000253613
-97 32.5 0.000289729
-96.5 32.5 0.000204218
-96 32.5 0.000256355
-95.5 32.5 0.000269287
-95 32.5 0.000178343
-94.5 32.5 0.000265631
-94 32.5 0.000242408
-93.5 32.5 0.000188358
-93 32.5 0.000202524
-92.5 32.5 0.000198158
-92 32.5 0.000148625
-91.5 32.5 9.96556e-05
-91 32.5 0.000188104
-90.5 32.5 0.000178309
-90 32.5 0.000171426
-89.5 32.5 0.000165853
-89 32.5 0.000245163
-88.5 32.5 0.000153632
-88 32.5 0.000100894
-87.5 32.5 0.000267257
-87 32.5 0.000212649
-86.5 32.5 0.000209638
-86 32.5 0.000203898
-85.5 32.5 0.000217573
-85 32.5 0.000158135
-84.5 32.5 0.000184052
-84 32.5 0.000160729
-83.5 32.5 0.000186705
-83 32.5 0.000190903
-82.5 32.5 0.000125241
-82 32.5 0.000221219
-81.5 32.5 -0.000198322
-81 32.5 0.00020249
-119 33 0.000366999
-118.5 33 2.04443e-05
-118 33 0.000311995
-117.5 33 7.84726e-05
-117 33 0.000176559
-116.5 33 0.000209349
-116 33 3.67217e-05
-115.5 33 1.81137e-05
-115 33 0.00012521
-114.5 33 0.000296487
-114 33 0.000343363
-113.5 33 0.000265868
-113 33 0.000165099
-112.5 33 0.000127107
-112 33 4.01512e-05
-111.5 33 6.457e-05
-111 33 0.000130621
-110.5 33 4.38664e-05
-110 33 2.13302e-05
-109.5 33 6.80717e-05
-109 33 0.000132948
-108.5 33 0.00023587
-108 33 0.000283658
-107.5 33 0.000305077
-107 33 0.000305559
-106.5 33 0.000246397
-106 33 0.000344476
-105.5 33 0.000194798
-105 33 0.000209692
-104.5 33 0.000261712
-104 33 0.000444966
-103.5 33 0.000389268
-103 33 0.000260453
-102.5 33 0.0003746
-102 33 0.000218445
-101.5 33 0.000201867
-101 33 0.000252432
-100.5 33 0.000274534
-100 33 0.000225498
-99.5 33 0.000266865
-99 33 0.000282717
-98.5 33 0.00021786
-98 33 0.000316623
-97.5 33 0.000337549
-97 33 0.00026027
-96.5 33 0.000263258
-96 33 0.000340638
-95.5 33 0.000309038
-95 33 0.000322111
-94.5 33 0.000338171
-94 33 0.000321195
-93.5 33 0.0002643
-93 33 0.000190071
-92.5 33 0.00012044
-92 33 9.30753e-05
-91.5 33 8.21815e-05
-91 33 0.000162764
-90.5 33 0.000256773
-90 33 0.000277592
-89.5 33 0.000247235
-89 33 0.00019781
-88.5 33 0.000132641
-88 33 9.80483e-05
-87.5 33 0.000194526
-87 33 0.000189685
-86.5 33 0.000174749
-86 33 0.000164428
-85.5 33 0.000145284
-85 33 0.000115658
-84.5 33 9.602e-05
-84 33 0.000117458
-83.5 33 0.000193551
-83 33 0.000200196
-82.5 33 7.23226e-05
-82 33 0.000225005
-81.5 33 -0.000196047
-81 33 0.000159149
-119 33.5 0.000407678
-118.5 33.5 -2.01146e-05
-118 33.5 0.000273249
-117.5 33.5 1.49196e-06
-117 33.5 3.1946e-05
-116.5 33.5 9.65363e-05
-116 33.5 0.000180157
-115.5 33.5 0.00023466
-115 33.5 9.29586e-05
-114.5 33.5 2.03867e-05
-114 33.5 0.000162062
-113.5 33.5 0.000244183
-113 33.5 0.000252308
-112.5 33.5 0.0002372
-112 33.5 0.000272924
-111.5 33.5 0.000198032
-111 33.5 0.000151155
-110.5 33.5 2.11032e-05
-110 33.5 0.000109566
-109.5 33.5 -0.00012173
-109 33.5 -3.69332e-05
-108.5 33.5 0.000142123
-108 33.5 0.000156047
-107.5 33.5 0.000260557
-107 33.5 0.000259461
-106.5 33.5 0.000380549
-106 33.5 0.000397618
-105.5 33.5 0.000264425
-105 33.5 0.000269571
-104.5 33.5 0.000292009
-104 33.5 0.000361368
-103.5 33.5 0.000365481
-103 33.5 0.00040245
-102.5 33.5 0.000395705
-102 33.5 0.000331239
-101.5 33.5 0.000240284
-101 33.5 0.00022712
-100.5 33.5 0.000309859
-100 33.5 0.000288716
-99.5 33.5 0.000277261
-99 33.5 0.000302559
-98.5 33.5 0.000232281
-98 33.5 0.000310104
-97.5 33.5 0.000315888
-97 33.5 0.000297252
-96.5 33.5 0.000355408
-96 33.5 0.000281938
-95.5 33.5 0.000369484
-95 33.5 0.000383448
-94.5 33.5 0.000388866
-94 33.5 0.000368337
-93.5 33.5 0.000303324
-93 33.5 0.000212877
-92.5 33.5 0.000196218
-92 33.5 0.00021596
-91.5 33.5 0.000212338
-91 33.5 0.000184228
-90.5 33.5 0.000200322
-90 33.5 0.000223973
-89.5 33.5 0.000189481
-89 33.5 0.000194212
-88.5 33.5 0.000212315
-88 33.5 0.00013519
-87.5 33.5 0.000294972
-87 33.5 0.000268122
-86.5 33.5 0.000241213
-86 33.5 0.000255996
-85.5 33.5 0.00019913
-85 33.5 0.000164924
-84.5 33.5 0.000130599
-84 33.5 0.000157326
-83.5 33.5 7.47965e-05
-83 33.5 0.000248246
-82.5 33.5 0.000145821
-82 33.5 0.000285376
-81.5 33.5 -0.00010075
-81 33.5 0.000203162
-119 34 0.00027487
-118.5 34 6.03519e-05
-118 34 0.000316149
-117.5 34 0.000110911
-117 34 9.24161e-05
-116.5 34 0.000121096
-116 34 0.000206179
-115.5 34 0.000228566
-115 34 0.000177404
-114.5 34 0.000115167
-114 34 -8.5334e-05
-113.5 34 7.0988e-05
-113 34 0.00022331
-112.5 34 0.000332776
-112 34 0.000149659
-111.5 34 0.000381727
-111 34 0.000295848
-110.5 34 0.000215115
-110 34 0.000150456
-109.5 34 0.000206789
-109 34 -8.34067e-05
-108.5 34 5.6513e-05
-108 34 5.86182e-05
-107.5 34 0.000215843
-107 34 0.000294297
-106.5 34 0.000327027
-106 34 0.000365578
-105.5 34 0.000413587
-105 34 0.000368687
-104.5 34 0.00030731
-104 34 0.000356837
-103.5 34 0.00043777
-103 34 0.000410271
-102.5 34 0.000464128
-102 34 0.000367433
-101.5 34 0.000295805
-101 34 0.000323649
-100.5 34 0.000264884
-100 34 0.000308595
-99.5 34 0.000300283
-99 34 0.000331692
-98.5 34 0.000341114
-98 34 0.000281626
-97.5 34 0.000326216
-97 34 0.000314735
-96.5 34 0.00031406
-96 34 0.000361346
-95.5 34 0.000380599
-95 34 0.000308555
-94.5 34 0.000340802
-94 34 0.000266589
-93.5 34 0.000289064
-93 34 0.000247847
-92.5 34 0.000251627
-92 34 0.000292306
-91.5 34 0.000230965
-91 34 0.000174682
-90.5 34 0.000212403
-90 34 0.000224363
-89.5 34 0.000242374
-89 34 0.000157647
-88.5 34 0.000230041
-88 34 0.000316499
-87.5 34 0.000291141
-87 34 0.000261695
-86.5 34 0.000284869
-86 34 0.000190067
-85.5 34 0.00022693
-85 34 0.000147835
-84.5 34 3.21213e-05
-84 34 0.000136778
-83.5 34 0.000118258
-83 34 0.000152186
-82.5 34 9.66409e-05
-82 34 0.000244841
-81.5 34 -0.000138008
-81 34 0.000207683
-119 34.5 0.000378762
-118.5 34.5 7.6458e-05
-118 34.5 0.000361114
-117.5 34.5 0.000229486
-117 34.5 0.000233923
-116.5 34.5 0.000177818
-116 34.5 0.000185712
-115.5 34.5 0.000220158
-115 34.5 0.000217074
-114.5 34.5 0.000142976
-114 34.5 4.33109e-05
-113.5 34.5 -6.07678e-05
-113 34.5 0.000156992
-112.5 34.5 5.82047e-05
-112 34.5 0.00033324
-111.5 34.5 0.000198453
-111 34.5 0.000263043
-110.5 34.5 0.000250493
-110 34.5 0.000359277
-109.5 34.5 0.000251094
-109 34.5 5.67902e-05
-108.5 34.5 6.30469e-05
-108 34.5 0.000103683
-107.5 34.5 4.41357e-05
-107 34.5 0.000319757
-106.5 34.5 0.000280937
-106 34.5 0.000350698
-105.5 34.5 0.000413667
-105 34.5 0.000413153
-104.5 34.5 0.000374209
-104 34.5 0.000451183
-103.5 34.5 0.00042917
-103 34.5 0.00047894
-102.5 34.5 0.000447172
-102 34.5 0.000468821
-101.5 34.5 0.000401831
-101 34.5 0.000341259
-100.5 34.5 0.000314415
-100 34.5 0.000365628
-99.5 34.5 0.000293117
-99 34.5 0.000367583
-98.5 34.5 0.000383924
-98 34.5 0.000292027
-97.5 34.5 0.000288903
-97 34.5 0.000340053
-96.5 34.5 0.000401961
-96 34.5 0.000458136
-95.5 34.5 0.00031799
-95 34.5 0.000256201
-94.5 34.5 0.000256182
-94 34.5 0.000259585
-93.5 34.5 0.000234336
-93 34.5 0.000173524
-92.5 34.5 0.000231926
-92 34.5 0.000274891
-91.5 34.5 0.00027088
-91 34.5 0.000236645
-90.5 34.5 0.00025518
-90 34.5 0.000280006
-89.5 34.5 0.000139221
-89 34.5 0.000282245
-88.5 34.5 0.000337778
-88 34.5 0.000343246
-87.5 34.5 0.000364097
-87 34.5 0.000183961
-86.5 34.5 0.000201222
-86 34.5 0.000262569
-85.5 34.5 0.000160222
-85 34.5 0.000302291
-84.5 34.5 0.000181372
-84 34.5 9.32356e-05
-83.5 34.5 9.20759e-05
-83 34.5 9.72211e-05
-82.5 34.5 6.57333e-05
-82 34.5 0.000220476
-81.5 34.5 -0.000125147
-81 34.5 0.000181417
-119 35 0.000363829
-118.5 35 -0.000133436
-118 35 0.00022666
-117.5 35 0.000304848
-117 35 0.000232921
-116.5 35 0.000156822
-116 35 0.000240915
-115.5 35 0.000204836
-115 35 0.00027705
-114.5 35 0.000246119
-114 35 0.000165245
-113.5 35 7.57282e-05
-113 35 6.23229e-05
-112.5 35 0.000102489
-112 35 0.000102603
-111.5 35 0.000155643
-111 35 0.000226942
-110.5 35 0.000341017
-110 35 0.000388879
-109.5 35 0.00037161
-109 35 0.000215194
-108.5 35 0.000134255
-108 35 0.000131211
-107.5 35 9.02352e-05
-107 35 0.000143864
-106.5 35 0.000377716
-106 35 0.000296577
-105.5 35 0.000317269
-105 35 0.000375056
-104.5 35 0.000402577
-104 35 0.000442237
-103.5 35 0.000501765
-103 35 0.000474972
-102.5 35 0.000435167
-102 35 0.000394962
-101.5 35 0.000463822
-101 35 0.000426237
-100.5 35 0.000376576
-100 35 0.00037966
-99.5 35 0.000346076
-99 35 0.000336799
-98.5 35 0.000396296
-98 35 0.000398257
-97.5 35 0.000393113
-97 35 0.000423164
-96.5 35 0.000504211
-96 35 0.000484196
-95.5 35 0.000396291
-95 35 0.000344742
-94.5 35 0.000359134
-94 35 0.000291905
-93.5 35 0.000171285
-93 35 0.000239659
-92.5 35 0.000327419
-92 35 0.000334038
-91.5 35 0.000346262
-91 35 0.000330675
-90.5 35 0.000299147
-90 35 0.000215342
-89.5 35 0.000260374
-89 35 0.000280724
-88.5 35 0.000305541
-88 35 0.000267266
-87.5 35 0.000273417
-87 35 0.000196547
-86.5 35 0.000238618
-86 35 0.000249314
-85.5 35 0.000246885
-85 35 0.000208125
-84.5 35 0.00013305
-84 35 0.000115852
-83.5 35 0.000113039
-83 35 0.000144071
-82.5 35 0.000102687
-82 35 0.000237221
-81.5 35 -7.59964e-05
-81 35 0.000160876
-119 35.5 0.000243051
-118.5 35.5 -0.000163332
-118 35.5 0.000130567
-117.5 35.5 7.25711e-05
-117 35.5 0.000226794
-116.5 35.5 0.000166324
-116 35.5 0.000129398
-115.5 35.5 0.000110401
-115 35.5 0.000218307
-114.5 35.5 0.000244299
-114 35.5 0.000298693
-113.5 35.5 0.000220437
-113 35.5 0.000135047
-112.5 35.5 8.07332e-05
-112 35.5 0.000121393
-111.5 35.5 0.000202246
-111 35.5 0.000141572
-110.5 35.5 0.000197647
-110 35.5 0.000363948
-109.5 35.5 0.000376964
-109 35.5 0.000267916
-108.5 35.5 0.000202332
-108 35.5 0.000125858
-107.5 35.5 0.000110698
-107 35.5 0.000138901
-106.5 35.5 0.000267678
-106 35.5 0.000287892
-105.5 35.5 0.000409368
-105 35.5 0.000460723
-104.5 35.5 0.000434861
-104 35.5 0.000491709
-103.5 35.5 0.00053776
-103 35.5 0.000513831
-102.5 35.5 0.000486792
-102 35.5 0.000452104
-101.5 35.5 0.000465247
-101 35.5 0.000399859
-100.5 35.5 0.000459284
-100 35.5 0.000343064
-99.5 35.5 0.000502939
-99 35.5 0.000481365
-98.5 35.5 0.000511532
-98 35.5 0.000528019
-97.5 35.5 0.000561278
-97 35.5 0.000482584
-96.5 35.5 0.000478218
-96 35.5 0.000458348
-95.5 35.5 0.000468254
-95 35.5 0.000442616
-94.5 35.5 0.000454186
-94 35.5 0.000367969
-93.5 35.5 0.000329965
-93 35.5 0.000327458
-92.5 35.5 0.000411613
-92 35.5 0.000438667
-91.5 35.5 0.000391892
-91 35.5 0.000363603
-90.5 35.5 0.000321308
-90 35.5 0.000261999
-89.5 35.5 0.00018348
-89 35.5 0.00025319
-88.5 35.5 0.00028715
-88 35.5 0.000253153
-87.5 35.5 0.00020538
-87 35.5 0.000255615
-86.5 35.5 0.000191432
-86 35.5 0.000228898
-85.5 35.5 0.000246609
-85 35.5 0.000262831
-84.5 35.5 0.000208032
-84 35.5 0.000200265
-83.5 35.5 0.000204565
-83 35.5 2.16943e-05
-82.5 35.5 2.49897e-05
-82 35.5 0.000196511
-81.5 35.5 -0.000207589
-81 35.5 0.000152519
-119 36 0.000189957
-118.5 36 -0.000176953
-118 36 0.000112183
-117.5 36 0.000137873
-117 36 0.00020254
-116.5 36 0.000141561
-116 36 0.000203494
-115.5 36 0.000155074
-115 36 0.000171886
-114.5 36 0.000278379
-114 36 0.000375093
-113.5 36 0.000338503
-113 36 0.000237966
-112.5 36 0.000227963
-112 36 0.000163886
-111.5 36 0.00015365
-111 36 0.000194383
-110.5 36 0.00020792
-110 36 0.000300316
-109.5 36 0.000364882
-109 36 0.000305451
-108.5 36 0.000303087
-108 36 0.000207573
-107.5 36 0.000250615
-107 36 0.000113965
-106.5 36 0.000170545
-106 36 0.000284898
-105.5 36 0.000368739
-105 36 0.000417148
-104.5 36 0.000519123
-104 36 0.000489402
-103.5 36 0.000494416
-103 36 0.000587658
-102.5 36 0.000577359
-102 36 0.00052054
-101.5 36 0.000484863
-101 36 0.000624817
-100.5 36 0.000526728
-100 36 0.000545426
-99.5 36 0.000553239
-99 36 0.00056584
-98.5 36 0.000595881
-98 36 0.000544768
-97.5 36 0.000567355
-97 36 0.000570802
-96.5 36 0.000428596
-96 36 0.000457777
-95.5 36 0.000472546
-95 36 0.000467238
-94.5 36 0.000440357
-94 36 0.000411539
-93.5 36 0.000363292
-93 36 0.000380838
-92.5 36 0.000409503
-92 36 0.000318064
-91.5 36 0.00027784
-91 36 0.000251296
-90.5 36 0.000216544
-90 36 0.000201097
-89.5 36 0.000211757
-89 36 0.000213508
-88.5 36 0.000229993
-88 36 0.000174939
-87.5 36 0.000279597
-87 36 0.000209705
-86.5 36 0.000177216
-86 36 0.000197632
-85.5 36 0.000251105
-85 36 0.000115477
-84.5 36 0.000160329
-84 36 0.000115392
-83.5 36 0.000106567
-83 36 0.000123712
-82.5 36 -1.1778e-06
-82 36 0.00020726
-81.5 36 -0.000145225
-81 36 0.000198908
-119 36.5 0.000222374
-118.5 36.5 -0.000225755
-118 36.5 2.58209e-05
-117.5 36.5 5.20896e-05
-117 36.5 0.000131283
-116.5 36.5 0.000172022
-116 36.5 0.000240503
-115.5 36.5 9.57714e-05
-115 36.5 0.00019107
-114.5 36.5 0.000241685
-114 36.5 0.000283194
-113.5 36.5 0.00031388
-113 36.5 0.000340074
-112.5 36.5 0.000327814
-112 36.5 0.000297891
-111.5 36.5 0.000231742
-111 36.5 0.00030929
-110.5 36.5 0.00028533
-110 36.5 0.000209872
-109.5 36.5 0.000235253
-109 36.5 0.000263784
-108.5 36.5 0.000316283
-108 36.5 0.000372265
-107.5 36.5 0.000343502
-107 36.5 0.000266268
-106.5 36.5 0.000220933
-106 36.5 0.000358778
-105.5 36.5 0.000362444
-105 36.5 0.000477078
-104.5 36.5 0.000491149
-104 36.5 0.000570109
-103.5 36.5 0.000501076
-103 36.5 0.000596059
-102.5 36.5 0.000663966
-102 36.5 0.000642385
-101.5 36.5 0.000646085
-98.5 36.5 0.000636066
-98 36.5 0.000660066
-97.5 36.5 0.000605931
-97 36.5 0.000482153
-96.5 36.5 0.000557233
-96 36.5 0.000588252
-95.5 36.5 0.000491045
-95 36.5 0.000437572
-94.5 36.5 0.000388016
-94 36.5 0.000368826
-93.5 36.5 0.000352089
-93 36.5 0.000331064
-92.5 36.5 0.00031844
-92 36.5 0.000290914
-91.5 36.5 0.000226465
-91 36.5 0.000221259
-90.5 36.5 0.000241092
-90 36.5 0.000188088
-89.5 36.5 0.000252248
-89 36.5 0.00024809
-88.5 36.5 0.000292691
-88 36.5 0.000299735
-87.5 36.5 0.000129344
-87 36.5 0.000168466
-86.5 36.5 0.000106788
-86 36.5 0.000111068
-85.5 36.5 9.93535e-05
-85 36.5 0.000192687
-84.5 36.5 0.000119341
-84 36.5 9.98439e-05
-83.5 36.5 8.37861e-05
-83 36.5 4.56681e-05
-82.5 36.5 8.88194e-05
-82 36.5 0.000117528
-81.5 36.5 -0.000160124
-81 36.5 -8.69173e-05
-119 37 0.000166856
-118.5 37 -0.000280261
-118 37 -1.11656e-06
-117.5 37 -3.01106e-05
-117 37 4.55457e-05
-116.5 37 1.23715e-06
-116 37 0.000187341
-115.5 37 0.000137198
-115 37 7.97256e-05
-114.5 37 8.44339e-05
-114 37 0.000107193
-113.5 37 0.000161093
-113 37 0.000218781
-112.5 37 0.000323223
-112 37 0.000365671
-111.5 37 0.000312724
-111 37 0.000340909
-110.5 37 0.000339083
-110 37 0.000204465
-109.5 37 0.000220773
-109 37 0.000167675
-108.5 37 0.000305188
-108 37 0.000418656
-107.5 37 0.000374347
-107 37 0.000358038
-106.5 37 0.000327776
-106 37 0.000370706
-105.5 37 0.000457719
-105 37 0.00049616
-104.5 37 0.000590679
-104 37 0.000544419
-103.5 37 0.000603127
-103 37 0.000718384
-97 37 0.00064725
-96.5 37 0.000589947
-96 37 0.000556699
-95.5 37 0.000500929
-95 37 0.000441431
-94.5 37 0.00039451
-94 37 0.000401888
-93.5 37 0.000365461
-93 37 0.000333732
-92.5 37 0.000285489
-92 37 0.000257811
-91.5 37 0.000251208
-91 37 0.000302181
-90.5 37 0.000311317
-90 37 0.000232809
-89.5 37 0.000224998
-89 37 0.000229727
-88.5 37 0.000188001
-88 37 0.00023651
-87.5 37 0.000260713
-87 37 0.000180114
-86.5 37 0.000137275
-86 37 0.000131617
-85.5 37 0.000183313
-85 37 0.000128804
-84.5 37 0.000135456
-84 37 0.000121487
-83.5 37 0.000117992
-83 37 0.000129537
-82.5 37 7.83417e-05
-82 37 0.000121297
-81.5 37 2.07037e-05
-81 37 2.12647e-05
-119 37.5 -2.63065e-05
-118.5 37.5 -0.000118214
-118 37.5 6.54298e-05
-117.5 37.5 5.5408e-05
-117 37.5 -2.04461e-06
-116.5 37.5 0.000119094
-116 37.5 -1.04489e-05
-115.5 37.5 0.000157383
-115 37.5 9.45519e-05
-114.5 37.5 6.01557e-05
-114 37.5 -9.63513e-07
-113.5 37.5 5.26631e-05
-113 37.5 0.00011483
-112.5 37.5 0.000109873
-112 37.5 0.000289744
-111.5 37.5 0.000366237
-111 37.5 0.000181896
-110.5 37.5 0.000272631
-110 37.5 0.000200404
-109.5 37.5 0.000188662
-109 37.5 0.000207015
-108.5 37.5 0.000213678
-108 37.5 0.000210193
-107.5 37.5 0.000268758
-107 37.5 0.000377781
-106.5 37.5 0.000426268
-106 37.5 0.000464012
-105.5 37.5 0.000494408
-105 37.5 0.000569733
-104.5 37.5 0.000524332
-104 37.5 0.000733179
-103.5 37.5 0.000753296
-96.5 37.5 0.000629673
-96 37.5 0.000585154
-95.5 37.5 0.0005093
-95 37.5 0.000451659
-94.5 37.5 0.000428313
-94 37.5 0.000428838
-93.5 37.5 0.000410766
-93 37.5 0.000353523
-92.5 37.5 0.000314973
-92 37.5 0.000298954
-91.5 37.5 0.000295354
-91 37.5 0.000316544
-90.5 37.5 0.000286482
-90 37.5 0.000311862
-89.5 37.5 0.000294117
-89 37.5 0.000273414
-88.5 37.5 0.000249281
-88 37.5 0.000245816
-87.5 37.5 0.00019145
-87 37.5 0.00023388
-86.5 37.5 0.000211059
-86 37.5 0.000173348
-85.5 37.5 0.000219364
-85 37.5 0.000155169
-84.5 37.5 0.000188629
-84 37.5 3.25855e-05
-83.5 37.5 0.000145283
-83 37.5 0.000174286
-82.5 37.5 8.2263e-05
-82 37.5 0.000232613
-81.5 37.5 -9.75083e-05
-81 37.5 0.000158273
-119 38 9.56126e-05
-118.5 38 -0.000116815
-118 38 0.000172781
-117.5 38 0.000124303
-117 38 0.000206594
-116.5 38 9.07712e-05
-116 38 0.00011493
-115.5 38 -1.28592e-05
-115 38 2.83702e-05
-114.5 38 7.96653e-05
-114 38 0.000117386
-113.5 38 0.000175064
-113 38 0.000203245
-112.5 38 0.000255275
-112 38 0.000219104
-111.5 38 0.000237778
-111 38 0.000288987
-110.5 38 0.000265463
-110 38 0.000251528
-109.5 38 0.00023557
-109 38 0.000305032
-108.5 38 9.19152e-05
-108 38 0.000129798
-107.5 38 0.000193524
-107 38 0.000363503
-106.5 38 0.000504847
-106 38 0.00051311
-105.5 38 0.000515013
-105 38 0.000561401
-104.5 38 0.000541735
-104 38 0.000698014
-96 38 0.000631095
-95.5 38 0.000540169
-95 38 0.000531826
-94.5 38 0.000451144
-94 38 0.000463628
-93.5 38 0.000423708
-93 38 0.000402986
-92.5 38 0.000387599
-92 38 0.000374806
-91.5 38 0.0003483
-91 38 0.000329425
-90.5 38 0.000353574
-90 38 0.000337969
-89.5 38 0.000233973
-89 38 0.00022026
-88.5 38 0.000239389
-88 38 0.000218763
-87.5 38 0.000220372
-87 38 0.000217734
-86.5 38 0.000175353
-86 38 0.000156025
-85.5 38 0.000149418
-85 38 0.000138344
-84.5 38 9.50072e-05
-84 38 0.000123063
-83.5 38 8.49343e-05
-83 38 4.61415e-05
-82.5 38 0.000117758
-82 38 0.000249724
-81.5 38 0.000135432
-81 38 0.000130556
-119 38.5 0.000236553
-118.5 38.5 1.14351e-05
-118 38.5 0.000243862
-117.5 38.5 0.000176683
-117 38.5 0.000212814
-116.5 38.5 0.000115362
-116 38.5 0.000107927
-115.5 38.5 0.000212495
-115 38.5 0.000202808
-114.5 38.5 0.000164669
-114 38.5 2.86828e-05
-113.5 38.5 6.80417e-05
-113 38.5 0.00016116
-112.5 38.5 0.000206253
-112 38.5 0.000327245
-111.5 38.5 0.000339172
-111 38.5 0.000441629
-110.5 38.5 0.000409321
-110 38.5 0.000380096
-109.5 38.5 0.000329566
-109 38.5 0.000389234
-108.5 38.5 0.00035197
-108 38.5 0.000296248
-107.5 38.5 0.000277028
-107 38.5 0.000501499
-106.5 38.5 0.000456431
-106 38.5 0.000499634
-105.5 38.5 0.000502004
-105 38.5 0.000462401
-104.5 38.5 0.000656497
-95.5 38.5 0.000676694
-95 38.5 0.000552798
-94.5 38.5 0.000544418
-94 38.5 0.000470397
-93.5 38.5 0.000452671
-93 38.5 0.000377749
-92.5 38.5 0.000384915
-92 38.5 0.000404277
-91.5 38.5 0.000397199
-91 38.5 0.000357074
-90.5 38.5 0.000313955
-90 38.5 0.000242087
-89.5 38.5 0.000269107
-89 38.5 0.000219044
-88.5 38.5 0.000250422
-88 38.5 0.000205031
-87.5 38.5 0.000239527
-87 38.5 0.000232275
-86.5 38.5 0.000188891
-86 38.5 0.000153607
-85.5 38.5 0.000120104
-85 38.5 0.000138222
-84.5 38.5 0.000150086
-84 38.5 0.000137796
-83.5 38.5 0.000113587
-83 38.5 0.000111243
-82.5 38.5 0.000126076
-82 38.5 0.000274354
-81.5 38.5 7.83367e-05
-81 38.5 0.000109144
-119 39 0.000103383
-118.5 39 0.000108561
-118 39 0.000330514
-117.5 39 0.000197468
-117 39 0.000201185
-116.5 39 0.000146851
-116 39 0.000183791
-115.5 39 0.000253031
-115 39 0.000200343
-114.5 39 0.000165839
-114 39 3.79697e-05
-113.5 39 0.000109552
-113 39 0.000117919
-112.5 39 0.000201251
-112 39 0.000290297
-111.5 39 0.000257776
-111 39 0.000277558
-110.5 39 0.000375218
-110 39 0.000392476
-109.5 39 0.00038978
-109 39 0.000302788
-108.5 39 0.000301544
-108 39 0.000388773
-107.5 39 0.000359488
-107 39 0.000466563
-106.5 39 0.000500825
-106 39 0.000529191
-105.5 39 0.00057882
-105 39 0.000576489
-95 39 0.000630364
-94.5 39 0.000537251
-94 39 0.00049537
-93.5 39 0.000424737
-93 39 0.000434471
-92.5 39 0.00038269
-92 39 0.00040275
-91.5 39 0.000359133
-91 39 0.000350399
-90.5 39 0.000310233
-90 39 0.000276749
-89.5 39 0.000198923
-89 39 0.000183307
-88.5 39 0.000190863
-88 39 0.000220652
-87.5 39 0.000215338
-87 39 0.000198998
-86.5 39 0.000165764
-86 39 0.000127642
-85.5 39 0.000190496
-85 39 0.000175853
-84.5 39 0.000234586
-84 39 0.000222627
-83.5 39 8.85754e-05
-83 39 0.000120214
-82.5 39 0.000133911
-82 39 0.00022681
-81.5 39 0.000145978
-81 39 0.000203406
-119 39.5 0.0003257
-118.5 39.5 -4.09208e-05
-118 39.5 0.000327276
-117.5 39.5 0.000174139
-117 39.5 0.000172167
-116.5 39.5 0.000124049
-116 39.5 0.000121322
-115.5 39.5 0.000150329
-115 39.5 0.000147407
-114.5 39.5 0.000117471
-114 39.5 5.92649e-07
-113.5 39.5 2.11691e-06
-113 39.5 6.67989e-05
-112.5 39.5 7.22791e-05
-112 39.5 5.35215e-05
-111.5 39.5 0.000191078
-111 39.5 0.00025697
-110.5 39.5 0.000291537
-110 39.5 0.00025744
-109.5 39.5 0.00023425
-109 39.5 0.000239358
-108.5 39.5 0.000349754
-108 39.5 0.000326903
-107.5 39.5 0.000326777
-107 39.5 0.000424275
-106.5 39.5 0.000504525
-106 39.5 0.000592105
-105.5 39.5 0.000504228
-105 39.5 0.000655013
-95 39.5 0.000678227
-94.5 39.5 0.000570266
-94 39.5 0.000519984
-93.5 39.5 0.000468278
-93 39.5 0.000419451
-92.5 39.5 0.00041846
-92 39.5 0.000384556
-91.5 39.5 0.000322519
-91 39.5 0.000324935
-90.5 39.5 0.000305042
-90 39.5 0.000298335
-89.5 39.5 0.000260635
-89 39.5 0.000247851
-88.5 39.5 0.000238907
-88 39.5 0.000221609
-87.5 39.5 0.000227694
-87 39.5 0.000179596
-86.5 39.5 0.000162065
-86 39.5 0.000184084
-85.5 39.5 0.000166178
-85 39.5 0.000226543
-84.5 39.5 0.00024973
-84 39.5 0.000174384
-83.5 39.5 0.000180242
-83 39.5 9.65119e-05
-82.5 39.5 0.000132741
-82 39.5 0.000275145
-81.5 39.5 9.64682e-05
-81 39.5 0.000206858
-119 40 0.000354441
-118.5 40 0.000169334
-118 40 0.00038406
-117.5 40 0.00020519
-117 40 0.000205248
-116.5 40 0.0001713
-116 40 0.000192321
-115.5 40 0.000250274
-115 40 7.71742e-05
-114.5 40 0.000116013
-114 40 9.59043e-05
-113.5 40 0.000145586
-113 40 0.000209323
-112.5 40 0.000238932
-112 40 0.000284834
-111.5 40 0.000135201
-111 40 0.000139045
-110.5 40 0.000192798
-110 40 0.000148426
-109.5 40 0.000210678
-109 40 0.000115941
-108.5 40 0.000221818
-108 40 0.000357021
-107.5 40 0.000396292
-107 40 0.00039934
-106.5 40 0.000447434
-106 40 0.000471897
-105.5 40 0.000541222
-105 40 0.000662477
-95 40 0.000683821
-94.5 40 0.000615753
-94 40 0.000593792
-93.5 40 0.000505843
-93 40 0.000453803
-92.5 40 0.000402827
-92 40 0.000369416
-91.5 40 0.000320384
-91 40 0.000327597
-90.5 40 0.00035187
-90 40 0.000332947
-89.5 40 0.000306751
-89 40 0.000316018
-88.5 40 0.000288882
-88 40 0.000248895
-87.5 40 0.000265011
-87 40 0.000191857
-86.5 40 0.000186079
-86 40 0.000179221
-85.5 40 0.000285285
-85 40 0.000239593
-84.5 40 0.000319102
-84 40 0.000278946
-83.5 40 0.00012854
-83 40 0.000160639
-82.5 40 0.000147761
-82 40 0.000317831
-81.5 40 8.79012e-05
-81 40 0.000202612
-119 40.5 0.000395162
-118.5 40.5 6.49244e-05
-118 40.5 0.00031151
-117.5 40.5 0.000170365
-117 40.5 0.00029371
-116.5 40.5 0.000277542
-116 40.5 0.000315038
-115.5 40.5 0.000287453
-115 40.5 0.000274646
-114.5 40.5 0.000374255
-114 40.5 0.000151982
-113.5 40.5 0.00012932
-113 40.5 0.000217805
-112.5 40.5 0.000207485
-112 40.5 0.000294788
-111.5 40.5 0.000124429
-111 40.5 0.000139653
-110.5 40.5 0.0001262
-110 40.5 0.00029446
-109.5 40.5 0.000309147
-109 40.5 0.000254364
-108.5 40.5 0.000283822
-108 40.5 0.000294344
-107.5 40.5 0.00033916
-107 40.5 0.000421668
-106.5 40.5 0.000371805
-106 40.5 0.000455214
-105.5 40.5 0.000567762
-105 40.5 0.000748528
-95 40.5 0.000640253
-94.5 40.5 0.000578338
-94 40.5 0.000553912
-93.5 40.5 0.000498856
-93 40.5 0.000457794
-92.5 40.5 0.000416067
-92 40.5 0.000389206
-91.5 40.5 0.000395643
-91 40.5 0.000347487
-90.5 40.5 0.000351346
-90 40.5 0.000334239
-89.5 40.5 0.000292412
-89 40.5 0.000300963
-88.5 40.5 0.000282828
-88 40.5 0.000269149
-87.5 40.5 0.000234727
-87 40.5 0.000234108
-86.5 40.5 0.000229537
-86 40.5 0.000259482
-85.5 40.5 0.000266003
-85 40.5 0.0001946
-84.5 40.5 0.00023454
-84 40.5 0.000183623
-83.5 40.5 8.04815e-05
-83 40.5 0.000122462
-82.5 40.5 0.000185006
-82 40.5 0.000282417
-81.5 40.5 9.54544e-05
-81 40.5 0.000418897
-119 41 0.000498324
-118.5 41 0.000176568
-118 41 0.000372133
-117.5 41 0.000316565
-117 41 0.000123195
-116.5 41 0.000283087
-116 41 0.000243398
-115.5 41 0.000240154
-115 41 0.000197424
-114.5 41 0.000355155
-114 41 0.000235766
-113.5 41 0.00027157
-113 41 0.000226326
-112.5 41 0.000140148
-112 41 0.000158593
-111.5 41 0.000214312
-111 41 0.000136197
-110.5 41 0.000433933
-110 41 0.000130899
-109.5 41 0.000309117
-109 41 7.69279e-05
-108.5 41 0.000389234
-108 41 0.000347491
-107.5 41 0.000439831
-107 41 0.000511125
-106.5 41 0.000408067
-106 41 0.000499665
-105.5 41 0.000588562
-105 41 0.000690988
-95 41 0.000601615
-94.5 41 0.00047475
-94 41 0.000449086
-93.5 41 0.000445421
-93 41 0.000466845
-92.5 41 0.000416844
-92 41 0.00040571
-91.5 41 0.000381177
-91 41 0.000372118
-90.5 41 0.000344942
-90 41 0.000357096
-89.5 41 0.000291083
-89 41 0.000312614
-88.5 41 0.000272772
-88 41 0.0002371
-87.5 41 0.000229079
-87 41 0.0001297
-86.5 41 0.000157781
-86 41 0.000181868
-85.5 41 0.000138301
-85 41 0.000259333
-84.5 41 0.00023428
-84 41 0.000295059
-83.5 41 0.000172015
-83 41 0.000309692
-82.5 41 0.000284791
-82 41 0.000466556
-81.5 41 0.00010446
-81 41 0.000116085
-119 41.5 0.000353728
-118.5 41.5 0.000122531
-118 41.5 0.000435906
-117.5 41.5 0.000269834
-117 41.5 0.00028683
-116.5 41.5 0.000289941
-116 41.5 0.00033655
-115.5 41.5 0.000358874
-115 41.5 0.000312482
-114.5 41.5 0.000274445
-114 41.5 0.000293278
-113.5 41.5 0.000272846
-113 41.5 0.000479895
-112.5 41.5 0.00043182
-112 41.5 0.000336682
-111.5 41.5 0.000378687
-111 41.5 0.000390736
-110.5 41.5 0.000412567
-110 41.5 0.000325729
-109.5 41.5 0.000312364
-109 41.5 0.000294886
-108.5 41.5 0.000301769
-108 41.5 0.000432775
-107.5 41.5 0.000504521
-107 41.5 0.000549713
-106.5 41.5 0.000613183
-106 41.5 0.00054235
-105.5 41.5 0.000482546
-105 41.5 0.000531899
-104.5 41.5 0.000615219
-95.5 41.5 0.000602263
-95 41.5 0.000582425
-94.5 41.5 0.000498757
-94 41.5 0.000454033
-93.5 41.5 0.000399005
-93 41.5 0.00036022
-92.5 41.5 0.000357386
-92 41.5 0.000373307
-91.5 41.5 0.0003518
-91 41.5 0.000344618
-90.5 41.5 0.000351526
-90 41.5 0.000374163
-89.5 41.5 0.000361424
-89 41.5 0.000264695
-88.5 41.5 0.000274263
-88 41.5 0.000292393
-87.5 41.5 0.000167606
-87 41.5 0.000248118
-86.5 41.5 0.000216081
-86 41.5 0.000238427
-85.5 41.5 0.000196937
-85 41.5 0.000382689
-84.5 41.5 0.000362787
-84 41.5 0.000345823
-83.5 41.5 0.000291125
-83 41.5 0.000165626
-82.5 41.5 0.00012204
-82 41.5 0.000277417
-81.5 41.5 -1.10241e-06
-81 41.5 0.00021503
-119 42 0.000408295
-118.5 42 0.000137099
-118 42 0.000352991
-117.5 42 0.000264686
-117 42 0.000290109
-116.5 42 0.000279186
-116 42 0.000205643
-115.5 42 0.000271997
-115 42 0.000365496
-114.5 42 0.000410488
-114 42 0.000339089
-113.5 42 0.000441689
-113 42 0.000431966
-112.5 42 0.000420176
-112 42 0.000480617
-111.5 42 0.000362424
-111 42 0.00032341
-110.5 42 0.000343203
-110 42 0.000409683
-109.5 42 0.000426848
-109 42 0.00046433
-108.5 42 0.00034044
-108 42 0.000504741
-107.5 42 0.000547897
-107 42 0.000634578
-106.5 42 0.000286244
-106 42 0.00067031
-105.5 42 0.000484755
-105 42 0.000481511
-104.5 42 0.000655468
-95.5 42 0.000688003
-95 42 0.000513794
-94.5 42 0.000469741
-94 42 0.000445899
-93.5 42 0.000372677
-93 42 0.000316226
-92.5 42 0.000309752
-92 42 0.000330285
-91.5 42 0.000332556
-91 42 0.000299283
-90.5 42 0.000304097
-90 42 0.000295404
-89.5 42 0.000279349
-89 42 0.000295598
-88.5 42 0.000276166
-88 42 0.000301378
-87.5 42 0.000303461
-87 42 0.00029819
-86.5 42 0.000397597
-86 42 0.000380828
-85.5 42 0.0003938
-85 42 0.000288364
-84.5 42 0.000233262
-84 42 0.000174174
-83.5 42 2.91083e-05
-83 42 -6.60525e-06
-82.5 42 -8.35272e-05
-82 42 0.000199856
-81.5 42 -0.000219365
-81 42 -9.91195e-05
-119 42.5 4.03232e-05
-118.5 42.5 1.18967e-05
-118 42.5 0.000269085
-117.5 42.5 7.68136e-06
-117 42.5 4.37922e-05
-116.5 42.5 0.000173166
-116 42.5 0.000215885
-115.5 42.5 0.000290027
-115 42.5 0.00040806
-114.5 42.5 0.000148008
-114 42.5 0.000382617
-113.5 42.5 0.000420015
-113 42.5 0.000440996
-112.5 42.5 0.000471335
-112 42.5 0.000396294
-111.5 42.5 0.000337109
-111 42.5 0.000311372
-110.5 42.5 0.000340233
-110 42.5 0.000558468
-109.5 42.5 0.000543416
-109 42.5 0.000143838
-108.5 42.5 0.000616248
-108 42.5 0.000435
-107.5 42.5 0.000479724
-107 42.5 0.000505511
-106.5 42.5 0.000542067
-106 42.5 0.000556592
-105.5 42.5 0.000618829
-105 42.5 0.00056027
-104.5 42.5 0.000526553
-104 42.5 0.00076887
-96 42.5 0.00068945
-95.5 42.5 0.000612124
-95 42.5 0.000568945
-94.5 42.5 0.000515565
-94 42.5 0.000415126
-93.5 42.5 0.000351237
-93 42.5 0.000330677
-92.5 42.5 0.000330987
-92 42.5 0.000324227
-91.5 42.5 0.000339393
-91 42.5 0.000310643
-90.5 42.5 0.000301785
-90 42.5 0.00024097
-89.5 42.5 0.000272709
-89 42.5 0.000266118
-88.5 42.5 0.000307755
-88 42.5 0.000367424
-87.5 42.5 0.0003629
-87 42.5 0.000168427
-86.5 42.5 0.000119618
-86 42.5 0.000112619
-85.5 42.5 7.65984e-05
-85 42.5 0.000225959
-84.5 42.5 0.000235462
-84 42.5 0.000167905
-83.5 42.5 0.000175113
-83 42.5 0.000179677
-82.5 42.5 0.000126482
-82 42.5 0.00036046
-81.5 42.5 4.18132e-05
-81 42.5 0.000476613
-119 43 0.000218008
-118.5 43 -3.35423e-05
-118 43 0.000340904
-117.5 43 0.000177957
-117 43 0.000190705
-116.5 43 0.000166376
-116 43 0.000224868
-115.5 43 0.000297109
-115 43 0.000258424
-114.5 43 0.000215155
-114 43 0.000103339
-113.5 43 0.00020916
-113 43 0.000315237
-112.5 43 0.000247516
-112 43 0.000256075
-111.5 43 0.000347636
-111 43 0.00043562
-110.5 43 0.000466171
-110 43 0.000409969
-109.5 43 0.0003798
-109 43 0.00041478
-108.5 43 0.000335141
-108 43 0.000393787
-107.5 43 0.000337557
-107 43 0.00038181
-106.5 43 0.000431961
-106 43 0.000470886
-105.5 43 0.000568106
-105 43 0.000487216
-104.5 43 0.000661213
-104 43 0.000641673
-103.5 43 0.000574172
-103 43 0.000708243
-97 43 0.00062703
-96.5 43 0.000628586
-96 43 0.000526181
-95.5 43 0.000612367
-95 43 0.000569376
-94.5 43 0.000527568
-94 43 0.000452632
-93.5 43 0.00033836
-93 43 0.00033546
-92.5 43 0.000353964
-92 43 0.000327745
-91.5 43 0.000334921
-91 43 0.000289894
-90.5 43 0.000292754
-90 43 0.000249742
-89.5 43 0.000250723
-89 43 0.000258298
-88.5 43 0.000336254
-88 43 0.000385826
-87.5 43 0.000242725
-87 43 0.000104737
-86.5 43 0.000106221
-86 43 0.000133786
-85.5 43 0.000174
-85 43 0.000270079
-84.5 43 0.000279964
-84 43 0.000216167
-83.5 43 0.000219295
-83 43 0.000219798
-82.5 43 0.000201383
-82 43 0.000373555
-81.5 43 -5.49749e-06
-81 43 0.000122138
-119 43.5 0.000309196
-118.5 43.5 5.46632e-05
-118 43.5 0.000311375
-117.5 43.5 0.000128413
-117 43.5 0.000121698
-116.5 43.5 0.000116746
-116 43.5 0.000155131
-115.5 43.5 0.000231288
-115 43.5 0.000104424
-114.5 43.5 8.35551e-05
-114 43.5 1.37645e-05
-113.5 43.5 2.36153e-05
-113 43.5 0.000174124
-112.5 43.5 0.000177484
-112 43.5 0.000193504
-111.5 43.5 0.000284857
-111 43.5 0.000372615
-110.5 43.5 0.000355255
-110 43.5 0.000224753
-109.5 43.5 0.00029061
-109 43.5 0.000327063
-108.5 43.5 0.000284289
-108 43.5 0.000371234
-107.5 43.5 0.000335733
-107 43.5 0.000341807
-106.5 43.5 0.000438071
-106 43.5 0.000516764
-105.5 43.5 0.000480762
-105 43.5 0.000616718
-104.5 43.5 0.000577462
-104 43.5 0.000482012
-103.5 43.5 0.000471766
-103 43.5 0.000489873
-102.5 43.5 0.000620711
-102 43.5 0.000634116
-98 43.5 0.000609303
-97.5 43.5 0.000583153
-97 43.5 0.000545585
-96.5 43.5 0.000488028
-96 43.5 0.000521559
-95.5 43.5 0.00049108
-95 43.5 0.000574431
-94.5 43.5 0.000542682
-94 43.5 0.000496599
-93.5 43.5 0.000396555
-93 43.5 0.000382312
-92.5 43.5 0.000341202
-92 43.5 0.000365895
-91.5 43.5 0.000365575
-91 43.5 0.000320139
-90.5 43.5 0.000230643
-90 43.5 0.000274991
-89.5 43.5 0.00021962
-89 43.5 0.000261178
-88.5 43.5 0.000293532
-88 43.5 0.000297571
-87.5 43.5 0.000310448
-87 43.5 7.44472e-05
-86.5 43.5 0.000313519
-86 43.5 0.000285691
-85.5 43.5 0.00024915
-85 43.5 0.000211747
-84.5 43.5 0.00019487
-84 43.5 0.000178026
-83.5 43.5 0.000258877
-83 43.5 0.000119347
-82.5 43.5 0.000258336
-82 43.5 0.000187712
-81.5 43.5 -7.60366e-05
-81 43.5 0.000163068
-119 44 0.000301354
-118.5 44 -1.5852e-05
-118 44 0.000306004
-117.5 44 4.47112e-05
-117 44 0.000146179
-116.5 44 3.56417e-05
-116 44 3.93637e-05
-115.5 44 5.43409e-07
-115 44 2.30758e-05
-114.5 44 -2.7807e-05
-114 44 3.63244e-05
-113.5 44 7.33395e-05
-113 44 8.66055e-05
-112.5 44 8.331e-05
-112 44 0.00014252
-111.5 44 0.000132798
-111 44 0.000123465
-110.5 44 0.000147308
-110 44 0.000200485
-109.5 44 0.000289458
-109 44 0.000310722
-108.5 44 0.000222924
-108 44 0.000402202
-107.5 44 0.000445489
-107 44 0.00041928
-106.5 44 0.000485619
-106 44 0.000398205
-105.5 44 0.000546703
-105 44 0.000510311
-104.5 44 0.000497553
-104 44 0.00036737
-103.5 44 0.000451375
-103 44 0.00042218
-102.5 44 0.000459381
-102 44 0.000541788
-101.5 44 0.00053507
-101 44 0.00062891
-100.5 44 0.000685003
-100 44 0.000631747
-99.5 44 0.000579207
-99 44 0.00057916
-98.5 44 0.000573808
-98 44 0.00058829
-97.5 44 0.00049192
-97 44 0.000442016
-96.5 44 0.000477903
-96 44 0.000449252
-95.5 44 0.000464365
-95 44 0.000481629
-94.5 44 0.000499179
-94 44 0.000493548
-93.5 44 0.000547242
-93 44 0.000340965
-92.5 44 0.000312499
-92 44 0.000319883
-91.5 44 0.000348784
-91 44 0.000286241
-90.5 44 0.000250221
-90 44 0.000295272
-89.5 44 0.000243156
-89 44 0.000265343
-88.5 44 0.000371061
-88 44 0.000391183
-87.5 44 0.000365642
-87 44 0.000127618
-86.5 44 0.000172952
-86 44 0.000290662
-85.5 44 0.000297065
-85 44 0.000307662
-84.5 44 0.000227536
-84 44 0.000202127
-83.5 44 3.55023e-05
-83 44 0.000194489
-82.5 44 0.000222305
-82 44 0.000431847
-81.5 44 -0.000111136
-81 44 0.000420063
-119 44.5 -2.6232e-05
-118.5 44.5 -0.000163649
-118 44.5 0.000137382
-117.5 44.5 -2.35001e-05
-117 44.5 -4.92227e-05
-116.5 44.5 -5.72387e-05
-116 44.5 -7.61496e-05
-115.5 44.5 -7.17406e-05
-115 44.5 -3.85294e-05
-114.5 44.5 -1.8859e-05
-114 44.5 2.4654e-05
-113.5 44.5 9.46292e-05
-113 44.5 0.000149301
-112.5 44.5 5.10513e-05
-112 44.5 0.000115443
-111.5 44.5 -2.79227e-05
-111 44.5 -5.74476e-05
-110.5 44.5 0.000111056
-110 44.5 0.000199163
-109.5 44.5 0.000300348
-109 44.5 0.000335916
-108.5 44.5 0.000405667
-108 44.5 0.000476919
-107.5 44.5 0.00051361
-107 44.5 0.000468932
-106.5 44.5 0.000341443
-106 44.5 0.000389819
-105.5 44.5 0.000402892
-105 44.5 0.000586708
-104.5 44.5 0.000435273
-104 44.5 0.000286072
-103.5 44.5 0.000386094
-103 44.5 0.000414387
-102.5 44.5 0.000399921
-102 44.5 0.000531915
-101.5 44.5 0.000443324
-101 44.5 0.000519265
-100.5 44.5 0.000651908
-100 44.5 0.000626552
-99.5 44.5 0.000579588
-99 44.5 0.000461128
-98.5 44.5 0.000538802
-98 44.5 0.000479531
-97.5 44.5 0.000503796
-97 44.5 0.000462156
-96.5 44.5 0.000461119
-96 44.5 0.000422789
-95.5 44.5 0.000417605
-95 44.5 0.000378577
-94.5 44.5 0.000429824
-94 44.5 0.000421486
-93.5 44.5 0.000505139
-93 44.5 0.000254768
-92.5 44.5 0.000234473
-92 44.5 0.000291126
-91.5 44.5 0.000246288
-91 44.5 0.00025788
-90.5 44.5 0.000268743
-90 44.5 0.000197649
-89.5 44.5 0.000293049
-89 44.5 0.000289486
-88.5 44.5 0.000284915
-88 44.5 0.00027025
-87.5 44.5 0.00028978
-87 44.5 0.000283445
-86.5 44.5 0.000145005
-86 44.5 0.000246627
-85.5 44.5 0.000302137
-85 44.5 0.00034317
-84.5 44.5 0.000293143
-84 44.5 0.000256589
-83.5 44.5 0.000265254
-83 44.5 0.000218425
-82.5 44.5 9.1067e-05
-82 44.5 0.000260236
-81.5 44.5 -0.000183655
-81 44.5 0.000224226
-119 45 0.000261059
-118.5 45 -0.000256503
-118 45 0.000155401
-117.5 45 -7.159e-05
-117 45 -1.51348e-05
-116.5 45 2.46508e-05
-116 45 4.09973e-05
-115.5 45 1.47495e-05
-115 45 5.75623e-05
-114.5 45 5.12851e-05
-114 45 7.07725e-05
-113.5 45 0.000114511
-113 45 -2.27889e-05
-112.5 45 1.15674e-05
-112 45 -8.47622e-06
-111.5 45 0.000134735
-111 45 0.00013446
-110.5 45 0.000164413
-110 45 0.000402839
-109.5 45 0.000464467
-109 45 0.000349861
-108.5 45 0.000520113
-108 45 0.000468579
-107.5 45 0.000521124
-107 45 0.000488079
-106.5 45 0.000288146
-106 45 0.000335987
-105.5 45 0.000430258
-105 45 0.000447197
-104.5 45 0.00038603
-104 45 0.000224073
-103.5 45 0.000296806
-103 45 0.000388062
-102.5 45 0.000456605
-102 45 0.000507016
-101.5 45 0.000498829
-101 45 0.000403697
-100.5 45 0.000503619
-100 45 0.000589462
-99.5 45 0.000565285
-99 45 0.000488056
-98.5 45 0.000427997
-98 45 0.000489399
-97.5 45 0.000547937
-97 45 0.000553944
-96.5 45 0.00046482
-96 45 0.000351363
-95.5 45 0.000354723
-95 45 0.000371722
-94.5 45 0.000399287
-94 45 0.00038167
-93.5 45 0.0003936
-93 45 0.000267547
-92.5 45 0.00028777
-92 45 0.0002605
-91.5 45 0.000236702
-91 45 0.000351218
-90.5 45 0.000292838
-90 45 0.000331635
-89.5 45 0.00021543
-89 45 0.000277186
-88.5 45 0.000252082
-88 45 0.000258772
-87.5 45 0.000240279
-87 45 0.000181445
-86.5 45 6.50902e-05
-86 45 0.000128717
-85.5 45 6.82787e-05
-85 45 0.000320883
-84.5 45 0.000298388
-84 45 0.000291446
-83.5 45 0.000381167
-83 45 0.000310205
-82.5 45 0.000101407
-82 45 0.00013607
-81.5 45 -0.000284391
-81 45 0.000299798
-119 45.5 0.000438572
-118.5 45.5 -0.000110997
-118 45.5 0.000257367
-117.5 45.5 1.86441e-05
-117 45.5 0.000143188
-116.5 45.5 0.000143641
-116 45.5 0.000117069
-115.5 45.5 0.000278558
-115 45.5 0.000260501
-114.5 45.5 0.000183708
-114 45.5 0.000123049
-113.5 45.5 4.91856e-05
-113 45.5 0.000171212
-112.5 45.5 0.00020061
-112 45.5 0.000256795
-111.5 45.5 0.000152914
-111 45.5 0.000339376
-110.5 45.5 0.000391124
-110 45.5 0.000500516
-109.5 45.5 0.000370917
-109 45.5 0.000388242
-108.5 45.5 0.000630443
-108 45.5 0.000498987
-107.5 45.5 0.000435639
-107 45.5 0.000362345
-106.5 45.5 0.000279682
-106 45.5 0.000328103
-105.5 45.5 0.000348306
-105 45.5 0.000353348
-104.5 45.5 0.000281897
-104 45.5 0.000243178
-103.5 45.5 0.00031847
-103 45.5 0.000399985
-102.5 45.5 0.000490301
-102 45.5 0.000507501
-101.5 45.5 0.000410512
-101 45.5 0.000455955
-100.5 45.5 0.000434096
-100 45.5 0.000615753
-99.5 45.5 0.000623398
-99 45.5 0.000533841
-98.5 45.5 0.000451853
-98 45.5 0.000408538
-97.5 45.5 0.00050547
-97 45.5 0.000488599
-96.5 45.5 0.000469832
-96 45.5 0.000366469
-95.5 45.5 0.000360847
-95 45.5 0.00035656
-94.5 45.5 0.000371444
-94 45.5 0.000331378
-93.5 45.5 0.000374813
-93 45.5 0.000317638
-92.5 45.5 0.000255829
-92 45.5 0.000159253
-91.5 45.5 0.000224537
-91 45.5 0.000246015
-90.5 45.5 0.000342106
-90 45.5 0.000276283
-89.5 45.5 0.000281523
-89 45.5 0.000256577
-88.5 45.5 0.000342632
-88 45.5 0.000256414
-87.5 45.5 0.000275293
-87 45.5 0.000310786
-86.5 45.5 0.000217509
-86 45.5 6.45163e-05
-85.5 45.5 0.00016845
-85 45.5 0.000154891
-84.5 45.5 0.00015415
-84 45.5 0.000241989
-83.5 45.5 0.000129503
-83 45.5 0.000265904
-82.5 45.5 0.000187715
-82 45.5 0.000425362
-81.5 45.5 -0.000183308
-81 45.5 8.33851e-05
-119 46 0.000350434
-118.5 46 -7.29774e-05
-118 46 0.000363518
-117.5 46 0.000131221
-117 46 0.000259421
-116.5 46 0.000323787
-116 46 0.000130744
-115.5 46 0.000162255
-115 46 0.000140403
-114.5 46 9.0998e-05
-114 46 0.000153964
-113.5 46 0.000219918
-113 46 0.000227756
-112.5 46 0.000330227
-112 46 -0.000112024
-111.5 46 0.000449795
-111 46 0.000373085
-110.5 46 0.000459219
-110 46 0.0003643
-109.5 46 0.000367585
-109 46 0.000453159
-108.5 46 0.000541642
-108 46 0.000464923
-107.5 46 0.000376457
-107 46 0.000304136
-106.5 46 0.000278517
-106 46 0.000249185
-105.5 46 0.000395474
-105 46 0.000405473
-104.5 46 0.000257202
-104 46 0.000320595
-103.5 46 0.000322744
-103 46 0.000408583
-102.5 46 0.000467867
-102 46 0.000409403
-101.5 46 0.000340628
-101 46 0.000372162
-100.5 46 0.000363682
-100 46 0.000483225
-99.5 46 0.000543999
-99 46 0.000490535
-98.5 46 0.000443015
-98 46 0.000432687
-97.5 46 0.000429325
-97 46 0.000412993
-96.5 46 0.000368342
-96 46 0.000427002
-95.5 46 0.000345961
-95 46 0.000275397
-94.5 46 0.000314498
-94 46 0.000311557
-93.5 46 0.000262579
-93 46 0.000351908
-92.5 46 0.000250804
-92 46 0.000139761
-91.5 46 0.000177043
-91 46 0.000247896
-90.5 46 0.000195969
-90 46 0.000224721
-89.5 46 0.00024655
-89 46 0.000260647
-88.5 46 0.000246304
-88 46 0.00016967
-87.5 46 0.000239767
-87 46 0.000290878
-86.5 46 0.000199425
-86 46 0.000120439
-85.5 46 0.000252582
-85 46 0.000202721
-84.5 46 0.000275439
-84 46 -2.73866e-05
-83.5 46 -5.19815e-05
-83 46 0.00014506
-82.5 46 0.000172484
-82 46 0.000342113
-81.5 46 -3.52378e-05
-81 46 2.20624e-05
-119 46.5 0.000726187
-118.5 46.5 -0.000149796
-118 46.5 0.000540623
-117.5 46.5 0.000196025
-117 46.5 0.000161226
-116.5 46.5 0.00016274
-116 46.5 4.06809e-05
-115.5 46.5 0.00027982
-115 46.5 0.000215106
-114.5 46.5 6.17328e-05
-114 46.5 0.000151252
-113.5 46.5 0.000144644
-113 46.5 0.000172267
-112.5 46.5 0.000306401
-112 46.5 0.000460332
-111.5 46.5 0.000376943
-111 46.5 0.000370829
-110.5 46.5 0.000363211
-110 46.5 0.000331564
-109.5 46.5 0.000414933
-109 46.5 0.0005534
-108.5 46.5 0.000452231
-108 46.5 0.000279795
-107.5 46.5 0.000418375
-107 46.5 0.000106869
-106.5 46.5 0.000219007
-106 46.5 0.000419759
-105.5 46.5 0.000318637
-105 46.5 0.000371215
-104.5 46.5 0.000427331
-104 46.5 0.000264379
-103.5 46.5 0.000343838
-103 46.5 0.000381636
-102.5 46.5 0.00039359
-102 46.5 0.000348065
-101.5 46.5 0.000275117
-101 46.5 0.000362362
-100.5 46.5 0.000334116
-100 46.5 0.000351224
-99.5 46.5 0.000420893
-99 46.5 0.000493403
-98.5 46.5 0.000512795
-98 46.5 0.000421572
-97.5 46.5 0.000412432
-97 46.5 0.000432332
-96.5 46.5 0.000295644
-96 46.5 0.000383716
-95.5 46.5 0.000363007
-95 46.5 0.000303797
-94.5 46.5 0.000296434
-94 46.5 0.000319834
-93.5 46.5 0.000267349
-93 46.5 0.000257397
-92.5 46.5 0.000161706
-92 46.5 0.00021705
-91.5 46.5 0.00012128
-91 46.5 0.000194819
-90.5 46.5 0.000284209
-90 46.5 0.000296788
-89.5 46.5 0.00035609
-89 46.5 0.000216009
-88.5 46.5 0.000254466
-88 46.5 0.000194189
-87.5 46.5 0.000356056
-87 46.5 0.000367412
-86.5 46.5 0.000423242
-86 46.5 0.00035527
-85.5 46.5 0.000228933
-85 46.5 0.000205987
-84.5 46.5 0.000287266
-84 46.5 0.000241329
-83.5 46.5 0.000152292
-83 46.5 7.93731e-05
-82.5 46.5 0.000114964
-82 46.5 0.000384725
-81.5 46.5 -0.000188205
-81 46.5 0.000263022
-119 47 0.000450626
-118.5 47 6.2069e-05
-118 47 0.000437563
-117.5 47 0.000241782
-117 47 0.000256134
-116.5 47 0.000222937
-116 47 0.000165813
-115.5 47 0.000195417
-115 47 2.93829e-05
-114.5 47 0.00010618
-114 47 0.000208559
-113.5 47 0.000218087
-113 47 0.000293896
-112.5 47 0.000411978
-112 47 0.000384457
-111.5 47 0.000353035
-111 47 0.000370988
-110.5 47 0.000341767
-110 47 0.000223013
-109.5 47 0.000453005
-109 47 0.000360451
-108.5 47 0.000358102
-108 47 0.000370328
-107.5 47 2.20978e-05
-107 47 0.000337942
-106.5 47 0.000339123
-106 47 0.000382583
-105.5 47 0.000269746
-105 47 0.000438319
-104.5 47 0.00027088
-104 47 0.000223181
-103.5 47 0.00032352
-103 47 0.000334357
-102.5 47 0.000454903
-102 47 0.000320584
-101.5 47 0.000330945
-101 47 0.000341423
-100.5 47 0.000373101
-100 47 0.000299685
-99.5 47 0.000432627
-99 47 0.00056486
-98.5 47 0.000517676
-98 47 0.000540457
-97.5 47 0.000418136
-97 47 0.000298865
-96.5 47 0.000435412
-96 47 0.000268049
-95.5 47 0.00036328
-95 47 0.000317254
-94.5 47 0.000260283
-94 47 0.000310941
-93.5 47 0.000284421
-93 47 0.000264473
-92.5 47 0.000277169
-92 47 0.000160666
-91.5 47 0.000247145
-91 47 0.000108945
-90.5 47 8.61196e-05
-90 47 0.000103591
-89.5 47 2.3417e-05
-89 47 0.000140735
-88.5 47 0.000240835
-88 47 0.000394703
-87.5 47 0.000294821
-87 47 0.000280209
-86.5 47 0.000479323
-86 47 0.000439501
-85.5 47 0.000413553
-85 47 0.000173894
-84.5 47 0.000293824
-84 47 0.000222711
-83.5 47 0.000417569
-83 47 0.000296978
-82.5 47 0.000374431
-82 47 0.000455248
-81.5 47 1.4315e-05
-81 47 0.000677886
-119 47.5 0.000760899
-118.5 47.5 -2.1141e-05
-118 47.5 0.000421955
-117.5 47.5 0.000273168
-117 47.5 0.000312887
-116.5 47.5 0.000219742
-116 47.5 0.000283188
-115.5 47.5 0.000267588
-115 47.5 0.000233809
-114.5 47.5 0.00021225
-114 47.5 0.000218523
-113.5 47.5 0.000275856
-113 47.5 0.000385305
-112.5 47.5 0.000367711
-112 47.5 0.000367218
-111.5 47.5 0.000337
-111 47.5 0.000320126
-110.5 47.5 0.000215012
-110 47.5 0.000199435
-109.5 47.5 0.000159677
-109 47.5 0.000246583
-108.5 47.5 0.000255282
-108 47.5 0.000199166
-107.5 47.5 0.00025264
-107 47.5 0.000234303
-106.5 47.5 0.000483317
-106 47.5 0.000362844
-105.5 47.5 0.000335354
-105 47.5 7.59299e-05
-104.5 47.5 0.000283241
-104 47.5 0.000132959
-103.5 47.5 0.000172518
-103 47.5 0.000302622
-102.5 47.5 0.000437886
-102 47.5 0.000337917
-101.5 47.5 0.000347793
-101 47.5 0.000345017
-100.5 47.5 0.000187809
-100 47.5 0.000272765
-99.5 47.5 0.000430732
-99 47.5 0.000563815
-98.5 47.5 0.000573757
-98 47.5 0.000400592
-97.5 47.5 0.000430692
-97 47.5 0.000370091
-96.5 47.5 0.000282994
-96 47.5 0.000432036
-95.5 47.5 0.000301072
-95 47.5 0.000358759
-94.5 47.5 0.000336232
-94 47.5 0.000348667
-93.5 47.5 0.000236307
-93 47.5 0.000285408
-92.5 47.5 0.000262347
-92 47.5 0.000284924
-91.5 47.5 0.000225288
-91 47.5 0.000251741
-90.5 47.5 0.000106687
-90 47.5 -4.90848e-05
-89.5 47.5 -3.57338e-05
-89 47.5 1.56748e-06
-88.5 47.5 9.25614e-05
-88 47.5 0.000132885
-87.5 47.5 -4.12159e-05
-87 47.5 -3.4566e-06
-86.5 47.5 -2.68948e-05
-86 47.5 0.000260542
-85.5 47.5 0.000137869
-85 47.5 0.000354257
-84.5 47.5 0.000295272
-84 47.5 0.000254522
-83.5 47.5 0.000298314
-83 47.5 0.000435392
-82.5 47.5 0.000477809
-82 47.5 0.000655478
-81.5 47.5 0.000255991
-81 47.5 0.00116095
-119 48 0.000101756
-118.5 48 -0.000349505
-118 48 2.10893e-05
-117.5 48 -0.000103519
-117 48 -9.82773e-05
-116.5 48 6.559e-05
-116 48 5.22902e-05
-115.5 48 8.40673e-05
-115 48 0.000137759
-114.5 48 0.00019751
-114 48 0.000325763
-113.5 48 0.000331149
-113 48 0.000349103
-112.5 48 0.000364149
-112 48 0.000331588
-111.5 48 0.000285489
-111 48 0.000287508
-110.5 48 0.000224461
-110 48 0.000337335
-109.5 48 0.00028973
-109 48 0.000181405
-108.5 48 0.000270626
-108 48 0.000150293
-107.5 48 0.000418328
-107 48 0.000395088
-106.5 48 0.000331249
-106 48 0.000444201
-105.5 48 7.82923e-05
-105 48 9.42849e-05
-104.5 48 0.0002623
-104 48 0.000194598
-103.5 48 0.000290343
-103 48 0.0002833
-102.5 48 0.000379948
-102 48 0.000354354
-101.5 48 0.000336566
-101 48 0.000219359
-100.5 48 0.00022605
-100 48 0.000216904
-99.5 48 0.000231273
-99 48 0.000492444
-98.5 48 0.000529931
-98 48 0.000536291
-97.5 48 0.000324676
-97 48 0.00048487
-96.5 48 0.000254593
-96 48 0.000275495
-95.5 48 0.000416377
-95 48 0.000214441
-94.5 48 0.000277831
-94 48 0.000374945
-93.5 48 0.000378005
-93 48 0.000361474
-92.5 48 0.000272063
-92 48 0.000347226
-91.5 48 0.0004581
-91 48 0.000395736
-90.5 48 0.000498782
-90 48 0.00023433
-89.5 48 0.00022068
-89 48 0.00014399
-88.5 48 0.000334648
-88 48 0.000189443
-87.5 48 4.85675e-05
-87 48 0.000196668
-86.5 48 -5.34528e-06
-86 48 -4.82829e-05
-85.5 48 7.88189e-05
-85 48 -2.26522e-05
-84.5 48 0.000203212
-84 48 2.37812e-05
-83.5 48 1.16823e-05
-83 48 7.69542e-05
-82.5 48 -1.73997e-05
-82 48 -0.000256268
-81.5 48 1.47304e-05
-81 48 -0.000135776
-119 48.5 0.00121643
-118.5 48.5 0.000664519
-118 48.5 0.000910874
-117.5 48.5 0.000935422
-117 48.5 0.000569753
-116.5 48.5 0.000523143
-116 48.5 0.000526878
-115.5 48.5 0.000388717
-115 48.5 0.000349483
-114.5 48.5 0.000226803
-114 48.5 0.00022586
-113.5 48.5 0.000233188
-113 48.5 0.000188905
-112.5 48.5 0.00014369
-112 48.5 0.000108795
-111.5 48.5 -6.25561e-06
-111 48.5 9.849e-05
-110.5 48.5 0.000156289
-110 48.5 0.000191265
-109.5 48.5 0.000170029
-109 48.5 9.95949e-05
-108.5 48.5 0.000174191
-108 48.5 0.000302059
-107.5 48.5 0.000247818
-107 48.5 0.000460104
-106.5 48.5 0.00018849
-106 48.5 0.000322965
-105.5 48.5 0.000308039
-105 48.5 0.000175718
-104.5 48.5 0.000236306
-104 48.5 0.000273237
-103.5 48.5 0.000173568
-103 48.5 0.000231433
-102.5 48.5 0.000259519
-102 48.5 0.000461977
-101.5 48.5 0.000364412
-101 48.5 0.000198112
-100.5 48.5 0.000222839
-100 48.5 0.000150371
-99.5 48.5 0.000312608
-99 48.5 0.000530613
-98.5 48.5 0.000525864
-98 48.5 0.000593254
-97.5 48.5 0.000414002
-97 48.5 0.000323018
-96.5 48.5 0.000483119
-96 48.5 0.000242459
-95.5 48.5 0.000426902
-95 48.5 0.000400407
-94.5 48.5 0.000231597
-94 48.5 0.000424597
-93.5 48.5 0.000501211
-93 48.5 0.000426753
-92.5 48.5 0.000301702
-92 48.5 0.000191708
-91.5 48.5 0.000292821
-91 48.5 0.000344633
-90.5 48.5 0.000149873
-90 48.5 0.000248848
-89.5 48.5 0.000231507
-89 48.5 0.000120085
-88.5 48.5 0.000107519
-88 48.5 0.000156789
-87.5 48.5 0.000161092
-87 48.5 0.000102823
-86.5 48.5 2.6466e-05
-86 48.5 -6.54058e-05
-85.5 48.5 -1.26543e-05
-85 48.5 5.03238e-05
-84.5 48.5 1.67076e-05
-84 48.5 4.68054e-05
-83.5 48.5 6.76759e-05
-83 48.5 6.99189e-05
-82.5 48.5 0.000366387
-82 48.5 0.00034782
-81.5 48.5 0.000315389
-81 48.5 0.00105075
-119 49 -0.000300028
-118.5 49 -0.000568732
-118 49 -0.000284949
-117.5 49 -0.000558334
-117 49 0.000183859
-116.5 49 -0.000160878
-116 49 -6.05342e-05
-115.5 49 -4.1126e-05
-115 49 -9.73721e-05
-114.5 49 7.81056e-05
-114 49 8.49784e-05
-113.5 49 0.000169497
-113 49 0.000127707
-112.5 49 0.000106015
-112 49 3.054e-05
-111.5 49 0.0004011
-111 49 0.000175556
-110.5 49 0.000338406
-110 49 0.000192269
-109.5 49 9.15802e-05
-109 49 5.59257e-05
-108.5 49 0.000274083
-108 49 4.61264e-05
-107.5 49 -1.65432e-05
-107 49 0.000306732
-106.5 49 0.000136143
-106 49 0.00024161
-105.5 49 0.000106162
-105 49 5.60919e-05
-104.5 49 0.000107999
-104 49 0.000132833
-103.5 49 0.000140428
-103 49 0.000322374
-102.5 49 0.000378196
-102 49 0.00032401
-101.5 49 0.000192762
-101 49 -2.74683e-05
-100.5 49 5.2299e-05
-100 49 0.00015962
-99.5 49 0.000358734
-99 49 0.000499345
-98.5 49 0.000470776
-98 49 0.000456744
-97.5 49 0.000334645
-97 49 0.000282716
-96.5 49 0.000263765
-96 49 0.000289036
-95.5 49 0.000175439
-95 49 0.000235341
-94.5 49 0.000200368
-94 49 0.000138598
-93.5 49 0.000241554
-93 49 0.000165993
-92.5 49 0.000122092
-92 49 5.09581e-05
-91.5 49 0.00011892
-91 49 0.000160675
-90.5 49 0.000131551
-90 49 -3.24325e-06
-89.5 49 4.83592e-05
-89 49 0.000222153
-88.5 49 0.00025075
-88 49 -2.66806e-05
-87.5 49 0.000136245
-87 49 0.000115982
-86.5 49 0.000144602
-86 49 0.000115157
-85.5 49 -5.84608e-05
-85 49 0.000125435
-84.5 49 0.000174663
-84 49 0.000101271
-83.5 49 -1.02338e-05
-83 49 -0.000116017
-82.5 49 5.22721e-05
-82 49 -0.000132037
-81.5 49 -0.00011106
-81 49 -0.00068936
