-119 25 651.314
-118.5 25 642.626
-118 25 633.816
-117.5 25 625.128
-117 25 616.517
-116.5 25 608.024
-116 25 599.634
-115.5 25 591.349
-115 25 583.023
-114.5 25 574.861
-114 25 566.796
-113.5 25 558.833
-113 25 550.956
-112.5 25 543.353
-112 25 536.1
-111.5 25 529.01
-111 25 522.118
-110.5 25 515.467
-110 25 509.024
-109.5 25 502.861
-109 25 497.038
-108.5 25 491.574
-108 25 486.433
-107.5 25 481.553
-107 25 476.949
-106.5 25 472.575
-106 25 468.382
-105.5 25 464.377
-105 25 460.647
-104.5 25 457.274
-104 25 454.247
-103.5 25 451.5
-103 25 448.993
-102.5 25 446.65
-102 25 444.706
-101.5 25 443.013
-101 25 441.616
-100.5 25 440.691
-100 25 440.044
-99.5 25 439.927
-99 25 440.475
-98.5 25 441.319
-98 25 442.094
-97.5 25 443.362
-97 25 444.866
-96.5 25 446.644
-96 25 448.929
-95.5 25 451.659
-95 25 454.765
-94.5 25 458.165
-94 25 461.818
-93.5 25 465.626
-93 25 469.592
-92.5 25 473.89
-92 25 478.582
-91.5 25 483.632
-91 25 488.84
-90.5 25 494.248
-90 25 500.036
-89.5 25 505.978
-89 25 512.152
-88.5 25 518.602
-88 25 525.251
-87.5 25 532.105
-87 25 539.244
-86.5 25 546.432
-86 25 553.721
-85.5 25 561.108
-85 25 568.675
-84.5 25 576.416
-84 25 584.226
-83.5 25 592.064
-83 25 600.053
-82.5 25 608.236
-82 25 616.707
-81.5 25 624.461
-81 25 632.998
-119 25.5 640.904
-118.5 25.5 632.154
-118 25.5 623.267
-117.5 25.5 614.552
-117 25.5 605.853
-116.5 25.5 597.254
-116 25.5 588.798
-115.5 25.5 580.402
-115 25.5 572.067
-114.5 25.5 563.756
-114 25.5 555.524
-113.5 25.5 547.431
-113 25.5 539.445
-112.5 25.5 531.595
-112 25.5 524.057
-111.5 25.5 516.796
-111 25.5 509.739
-110.5 25.5 502.878
-110 25.5 496.318
-109.5 25.5 489.867
-109 25.5 483.854
-108.5 25.5 478.209
-108 25.5 472.874
-107.5 25.5 467.858
-107 25.5 463.172
-106.5 25.5 458.717
-106 25.5 454.449
-105.5 25.5 450.383
-105 25.5 446.538
-104.5 25.5 443.047
-104 25.5 439.971
-103.5 25.5 437.098
-103 25.5 434.516
-102.5 25.5 432.174
-102 25.5 430.092
-101.5 25.5 428.357
-101 25.5 427.019
-100.5 25.5 426.049
-100 25.5 425.397
-99.5 25.5 425.143
-99 25.5 425.662
-98.5 25.5 426.948
-98 25.5 427.938
-97.5 25.5 428.997
-97 25.5 430.275
-96.5 25.5 432.06
-96 25.5 434.476
-95.5 25.5 437.33
-95 25.5 440.638
-94.5 25.5 444.16
-94 25.5 447.818
-93.5 25.5 451.629
-93 25.5 455.77
-92.5 25.5 460.218
-92 25.5 465.04
-91.5 25.5 470.207
-91 25.5 475.593
-90.5 25.5 481.15
-90 25.5 486.974
-89.5 25.5 493.11
-89 25.5 499.441
-88.5 25.5 506.026
-88 25.5 512.897
-87.5 25.5 519.945
-87 25.5 527.173
-86.5 25.5 534.426
-86 25.5 541.809
-85.5 25.5 549.372
-85 25.5 557.066
-84.5 25.5 564.881
-84 25.5 572.779
-83.5 25.5 580.761
-83 25.5 588.959
-82.5 25.5 597.331
-82 25.5 605.607
-81.5 25.5 613.646
-81 25.5 622.18
-119 26 630.116
-118.5 26 621.321
-118 26 612.352
-117.5 26 603.609
-117 26 594.83
-116.5 26 586.15
-116 26 577.616
-115.5 26 569.139
-115 26 560.73
-114.5 26 552.376
-114 26 544.103
-113.5 26 535.873
-113 26 527.787
-112.5 26 519.807
-112 26 512.079
-111.5 26 504.637
-111 26 497.434
-110.5 26 490.432
-110 26 483.705
-109.5 26 477.184
-109 26 470.908
-108.5 26 465.059
-108 26 459.567
-107.5 26 454.388
-107 26 449.552
-106.5 26 444.967
-106 26 440.63
-105.5 26 436.519
-105 26 432.629
-104.5 26 429.003
-104 26 425.834
-103.5 26 422.889
-103 26 420.205
-102.5 26 417.769
-102 26 415.661
-101.5 26 413.906
-101 26 412.531
-100.5 26 411.534
-100 26 410.875
-99.5 26 410.715
-99 26 411.188
-98.5 26 412.361
-98 26 413.513
-97.5 26 414.635
-97 26 415.905
-96.5 26 417.868
-96 26 420.3
-95.5 26 423.284
-95 26 426.649
-94.5 26 430.106
-94 26 433.75
-93.5 26 437.768
-93 26 442.052
-92.5 26 446.627
-92 26 451.655
-91.5 26 456.977
-91 26 462.476
-90.5 26 468.19
-90 26 474.159
-89.5 26 480.372
-89 26 486.869
-88.5 26 493.584
-88 26 500.59
-87.5 26 507.793
-87 26 515.083
-86.5 26 522.465
-86 26 529.915
-85.5 26 537.509
-85 26 545.321
-84.5 26 553.2
-84 26 561.174
-83.5 26 569.271
-83 26 577.608
-82.5 26 586.02
-82 26 594.238
-81.5 26 602.441
-81 26 610.861
-119 26.5 619.607
-118.5 26.5 610.734
-118 26.5 601.678
-117.5 26.5 592.871
-117 26.5 584.038
-116.5 26.5 575.272
-116 26.5 566.62
-115.5 26.5 558.098
-115 26.5 549.621
-114.5 26.5 541.162
-114 26.5 532.84
-113.5 26.5 524.556
-113 26.5 516.312
-112.5 26.5 508.241
-112 26.5 500.3
-111.5 26.5 492.648
-111 26.5 485.251
-110.5 26.5 478.099
-110 26.5 471.174
-109.5 26.5 464.518
-109 26.5 458.037
-108.5 26.5 451.968
-108 26.5 446.281
-107.5 26.5 440.939
-107 26.5 435.903
-106.5 26.5 431.209
-106 26.5 426.804
-105.5 26.5 422.644
-105 26.5 418.723
-104.5 26.5 415.015
-104 26.5 411.719
-103.5 26.5 408.688
-103 26.5 405.916
-102.5 26.5 403.435
-102 26.5 401.229
-101.5 26.5 399.451
-101 26.5 398.084
-100.5 26.5 397.035
-100 26.5 396.319
-99.5 26.5 396.2
-99 26.5 396.776
-98.5 26.5 397.406
-98 26.5 398.361
-97.5 26.5 399.812
-97 26.5 401.619
-96.5 26.5 403.583
-96 26.5 405.997
-95.5 26.5 408.944
-95 26.5 412.29
-94.5 26.5 415.824
-94 26.5 419.686
-93.5 26.5 423.888
-93 26.5 428.332
-92.5 26.5 433.116
-92 26.5 438.264
-91.5 26.5 443.759
-91 26.5 449.412
-90.5 26.5 455.252
-90 26.5 461.401
-89.5 26.5 467.696
-89 26.5 474.387
-88.5 26.5 481.313
-88 26.5 488.469
-87.5 26.5 495.737
-87 26.5 503.098
-86.5 26.5 510.551
-86 26.5 518.135
-85.5 26.5 525.879
-85 26.5 533.778
-84.5 26.5 541.761
-84 26.5 549.781
-83.5 26.5 557.981
-83 26.5 566.453
-82.5 26.5 574.803
-82 26.5 582.882
-81.5 26.5 591.139
-81 26.5 599.677
-119 27 609.366
-118.5 27 600.278
-118 27 591.109
-117.5 27 582.224
-117 27 573.311
-116.5 27 564.481
-116 27 555.74
-115.5 27 547.087
-115 27 538.569
-114.5 27 530.087
-114 27 521.664
-113.5 27 513.319
-113 27 505.006
-112.5 27 496.784
-112 27 488.719
-111.5 27 480.839
-111 27 473.235
-110.5 27 465.915
-110 27 458.803
-109.5 27 451.964
-109 27 445.352
-108.5 27 439.028
-108 27 433.125
-107.5 27 427.59
-107 27 422.399
-106.5 27 417.595
-106 27 413.038
-105.5 27 408.795
-105 27 404.874
-104.5 27 401.147
-104 27 397.697
-103.5 27 394.516
-103 27 391.676
-102.5 27 389.09
-102 27 386.873
-101.5 27 385.046
-101 27 383.708
-100.5 27 382.638
-100 27 381.875
-99.5 27 381.603
-99 27 381.828
-98.5 27 382.526
-98 27 383.632
-97.5 27 385.177
-97 27 387.059
-96.5 27 389.283
-96 27 391.871
-95.5 27 394.946
-95 27 398.237
-94.5 27 401.876
-94 27 405.921
-93.5 27 410.185
-93 27 414.751
-92.5 27 419.631
-92 27 424.918
-91.5 27 430.539
-91 27 436.398
-90.5 27 442.354
-90 27 448.652
-89.5 27 455.16
-89 27 461.926
-88.5 27 468.996
-88 27 476.345
-87.5 27 483.725
-87 27 491.165
-86.5 27 498.7
-86 27 506.379
-85.5 27 514.321
-85 27 522.322
-84.5 27 530.388
-84 27 538.496
-83.5 27 546.878
-83 27 555.349
-82.5 27 563.642
-82 27 571.734
-81.5 27 580.025
-81 27 588.598
-119 27.5 599.374
-118.5 27.5 590.122
-118 27.5 580.814
-117.5 27.5 571.698
-117 27.5 562.709
-116.5 27.5 553.811
-116 27.5 544.974
-115.5 27.5 536.224
-115 27.5 527.582
-114.5 27.5 519.09
-114 27.5 510.618
-113.5 27.5 502.182
-113 27.5 493.821
-112.5 27.5 485.506
-112 27.5 477.281
-111.5 27.5 469.218
-111 27.5 461.415
-110.5 27.5 453.864
-110 27.5 446.605
-109.5 27.5 439.566
-109 27.5 432.752
-108.5 27.5 426.283
-108 27.5 420.114
-107.5 27.5 414.352
-107 27.5 408.999
-106.5 27.5 403.964
-106 27.5 399.337
-105.5 27.5 394.984
-105 27.5 390.942
-104.5 27.5 387.213
-104 27.5 383.724
-103.5 27.5 380.344
-103 27.5 377.385
-102.5 27.5 374.698
-102 27.5 372.455
-101.5 27.5 370.627
-101 27.5 369.303
-100.5 27.5 368.233
-100 27.5 367.395
-99.5 27.5 366.927
-99 27.5 367.004
-98.5 27.5 367.726
-98 27.5 369.003
-97.5 27.5 370.527
-97 27.5 372.45
-96.5 27.5 375.065
-96 27.5 378.114
-95.5 27.5 381.195
-95 27.5 384.504
-94.5 27.5 388.104
-94 27.5 392.084
-93.5 27.5 396.406
-93 27.5 401.033
-92.5 27.5 406.064
-92 27.5 411.504
-91.5 27.5 417.301
-91 27.5 423.34
-90.5 27.5 429.565
-90 27.5 436.064
-89.5 27.5 442.662
-89 27.5 449.609
-88.5 27.5 456.757
-88 27.5 464.17
-87.5 27.5 471.748
-87 27.5 479.306
-86.5 27.5 486.914
-86 27.5 494.797
-85.5 27.5 502.865
-85 27.5 510.973
-84.5 27.5 519.107
-84 27.5 527.394
-83.5 27.5 535.848
-83 27.5 544.293
-82.5 27.5 552.507
-82 27.5 560.779
-81.5 27.5 569.267
-81 27.5 577.954
-119 28 589.655
-118.5 28 580.24
-118 28 570.684
-117.5 28 561.442
-117 28 552.257
-116.5 28 543.273
-116 28 534.343
-115.5 28 525.498
-115 28 516.771
-114.5 28 508.168
-114 28 499.658
-113.5 28 491.174
-113 28 482.742
-112.5 28 474.391
-112 28 466.017
-111.5 28 457.794
-111 28 449.788
-110.5 28 442.044
-110 28 434.565
-109.5 28 427.321
-109 28 420.337
-108.5 28 413.631
-108 28 407.335
-107.5 28 401.303
-107 28 395.679
-106.5 28 390.502
-106 28 385.719
-105.5 28 381.211
-105 28 377.03
-104.5 28 373.219
-104 28 369.682
-103.5 28 366.168
-103 28 363.082
-102.5 28 360.305
-102 28 358.001
-101.5 28 356.241
-101 28 354.812
-100.5 28 353.698
-100 28 352.765
-99.5 28 352.287
-99 28 352.33
-98.5 28 352.948
-98 28 354.176
-97.5 28 355.972
-97 28 358.282
-96.5 28 361.078
-96 28 364.086
-95.5 28 367.261
-95 28 370.687
-94.5 28 374.346
-94 28 378.392
-93.5 28 382.791
-93 28 387.456
-92.5 28 392.623
-92 28 398.27
-91.5 28 404.217
-91 28 410.39
-90.5 28 416.844
-90 28 423.574
-89.5 28 430.522
-89 28 437.53
-88.5 28 444.752
-88 28 452.188
-87.5 28 459.854
-87 28 467.509
-86.5 28 475.323
-86 28 483.352
-85.5 28 491.533
-85 28 499.696
-84.5 28 507.981
-84 28 516.408
-83.5 28 524.926
-83 28 533.339
-82.5 28 541.728
-82 28 550.167
-81.5 28 559.097
-81 28 567.667
-119 28.5 580.287
-118.5 28.5 570.68
-118 28.5 560.867
-117.5 28.5 551.391
-117 28.5 542.12
-116.5 28.5 532.934
-116 28.5 523.901
-115.5 28.5 514.939
-115 28.5 506.11
-114.5 28.5 497.394
-114 28.5 488.773
-113.5 28.5 480.225
-113 28.5 471.771
-112.5 28.5 463.331
-112 28.5 454.905
-111.5 28.5 446.542
-111 28.5 438.377
-110.5 28.5 430.421
-110 28.5 422.701
-109.5 28.5 415.276
-109 28.5 408.067
-108.5 28.5 401.132
-108 28.5 394.588
-107.5 28.5 388.391
-107 28.5 382.564
-106.5 28.5 377.181
-106 28.5 372.111
-105.5 28.5 367.518
-105 28.5 363.153
-104.5 28.5 359.169
-104 28.5 355.617
-103.5 28.5 352.051
-103 28.5 348.824
-102.5 28.5 345.886
-102 28.5 343.488
-101.5 28.5 341.752
-101 28.5 340.246
-100.5 28.5 339.02
-100 28.5 338.135
-99.5 28.5 337.656
-99 28.5 337.653
-98.5 28.5 338.355
-98 28.5 339.624
-97.5 28.5 341.458
-97 28.5 343.897
-96.5 28.5 346.543
-96 28.5 349.523
-95.5 28.5 353.021
-95 28.5 356.77
-94.5 28.5 360.667
-94 28.5 364.933
-93.5 28.5 369.497
-93 28.5 374.343
-92.5 28.5 379.641
-92 28.5 385.435
-91.5 28.5 391.514
-91 28.5 397.787
-90.5 28.5 404.474
-90 28.5 411.405
-89.5 28.5 418.543
-89 28.5 425.804
-88.5 28.5 433.06
-88 28.5 440.524
-87.5 28.5 448.176
-87 28.5 455.957
-86.5 28.5 463.928
-86 28.5 472.079
-85.5 28.5 480.301
-85 28.5 488.565
-84.5 28.5 496.987
-84 28.5 505.519
-83.5 28.5 514.045
-83 28.5 522.607
-82.5 28.5 531.102
-82 28.5 539.862
-81.5 28.5 549.138
-81 28.5 557.952
-119 29 571.143
-118.5 29 561.48
-118 29 551.441
-117.5 29 541.691
-117 29 532.157
-116.5 29 522.884
-116 29 513.722
-115.5 29 504.569
-115 29 495.587
-114.5 29 486.726
-114 29 477.998
-113.5 29 469.389
-113 29 460.86
-112.5 29 452.384
-112 29 443.902
-111.5 29 435.453
-111 29 427.12
-110.5 29 418.999
-110 29 411.067
-109.5 29 403.405
-109 29 396.006
-108.5 29 388.819
-108 29 382.007
-107.5 29 375.61
-107 29 369.617
-106.5 29 363.902
-106 29 358.69
-105.5 29 353.767
-105 29 349.262
-104.5 29 345.193
-104 29 341.505
-103.5 29 337.881
-103 29 334.628
-102.5 29 331.541
-102 29 329.023
-101.5 29 327.213
-101 29 325.684
-100.5 29 324.398
-100 29 323.546
-99.5 29 323.052
-99 29 323.146
-98.5 29 323.953
-98 29 325.35
-97.5 29 327.225
-97 29 329.511
-96.5 29 332.247
-96 29 335.245
-95.5 29 338.761
-95 29 342.831
-94.5 29 347.002
-94 29 351.505
-93.5 29 356.35
-93 29 361.463
-92.5 29 367.01
-92 29 372.946
-91.5 29 379.134
-91 29 385.49
-90.5 29 392.345
-90 29 399.358
-89.5 29 406.735
-89 29 414.136
-88.5 29 421.491
-88 29 429.011
-87.5 29 436.728
-87 29 444.641
-86.5 29 452.766
-86 29 460.953
-85.5 29 469.166
-85 29 477.534
-84.5 29 486.068
-84 29 494.716
-83.5 29 503.358
-83 29 512.118
-82.5 29 520.975
-82 29 530.018
-81.5 29 539.603
-81 29 548.682
-119 29.5 562.16
-118.5 29.5 552.556
-118 29.5 542.379
-117.5 29.5 532.382
-117 29.5 522.572
-116.5 29.5 513.019
-116 29.5 503.726
-115.5 29.5 494.489
-115 29.5 485.286
-114.5 29.5 476.245
-114 29.5 467.373
-113.5 29.5 458.642
-113 29.5 450.014
-112.5 29.5 441.479
-112 29.5 433.005
-111.5 29.5 424.529
-111 29.5 416.086
-110.5 29.5 407.77
-110 29.5 399.647
-109.5 29.5 391.792
-109 29.5 384.142
-108.5 29.5 376.754
-108 29.5 369.65
-107.5 29.5 362.964
-107 29.5 356.707
-106.5 29.5 350.875
-106 29.5 345.378
-105.5 29.5 340.172
-105 29.5 335.4
-104.5 29.5 331.14
-104 29.5 327.295
-103.5 29.5 323.607
-103 29.5 320.249
-102.5 29.5 317.117
-102 29.5 314.568
-101.5 29.5 312.796
-101 29.5 311.235
-100.5 29.5 309.945
-100 29.5 309.099
-99.5 29.5 308.65
-99 29.5 308.78
-98.5 29.5 309.641
-98 29.5 311.151
-97.5 29.5 313.047
-97 29.5 315.372
-96.5 29.5 318.114
-96 29.5 321.182
-95.5 29.5 324.775
-95 29.5 328.847
-94.5 29.5 333.141
-94 29.5 337.858
-93.5 29.5 342.956
-93 29.5 348.407
-92.5 29.5 354.259
-92 29.5 360.23
-91.5 29.5 366.691
-91 29.5 373.174
-90.5 29.5 380.01
-90 29.5 387.112
-89.5 29.5 394.541
-89 29.5 402.218
-88.5 29.5 409.782
-88 29.5 417.518
-87.5 29.5 425.424
-87 29.5 433.546
-86.5 29.5 441.782
-86 29.5 449.951
-85.5 29.5 458.214
-85 29.5 466.663
-84.5 29.5 475.257
-84 29.5 484.126
-83.5 29.5 493.04
-83 29.5 502.168
-82.5 29.5 511.428
-82 29.5 520.829
-81.5 29.5 530.541
-81 29.5 539.715
-119 30 553.295
-118.5 30 543.71
-118 30 533.501
-117.5 30 523.39
-117 30 513.339
-116.5 30 503.509
-116 30 493.972
-115.5 30 484.606
-115 30 475.284
-114.5 30 466.035
-114 30 456.966
-113.5 30 448.055
-113 30 439.275
-112.5 30 430.671
-112 30 422.196
-111.5 30 413.737
-111 30 405.255
-110.5 30 396.828
-110 30 388.498
-109.5 30 380.395
-109 30 372.533
-108.5 30 364.89
-108 30 357.561
-107.5 30 350.559
-107 30 343.988
-106.5 30 337.873
-106 30 332.062
-105.5 30 326.713
-105 30 321.683
-104.5 30 317.095
-104 30 312.987
-103.5 30 309.238
-103 30 305.754
-102.5 30 302.624
-102 30 300.048
-101.5 30 298.225
-101 30 296.689
-100.5 30 295.514
-100 30 294.695
-99.5 30 294.258
-99 30 294.448
-98.5 30 295.374
-98 30 296.834
-97.5 30 298.802
-97 30 301.243
-96.5 30 303.978
-96 30 307.145
-95.5 30 310.847
-95 30 314.989
-94.5 30 319.294
-94 30 324.058
-93.5 30 329.252
-93 30 334.891
-92.5 30 341.062
-92 30 347.487
-91.5 30 354.068
-91 30 360.832
-90.5 30 367.854
-90 30 375.164
-89.5 30 382.641
-89 30 390.469
-88.5 30 398.328
-88 30 406.249
-87.5 30 414.37
-87 30 422.622
-86.5 30 430.92
-86 30 439.165
-85.5 30 447.51
-85 30 456.132
-84.5 30 464.985
-84 30 474.17
-83.5 30 483.424
-83 30 492.796
-82.5 30 502.269
-82 30 511.758
-81.5 30 521.425
-81 30 530.673
-119 30.5 544.508
-118.5 30.5 534.891
-118 30.5 524.787
-117.5 30.5 514.6
-117 30.5 504.465
-116.5 30.5 494.362
-116 30.5 484.551
-115.5 30.5 474.962
-115 30.5 465.475
-114.5 30.5 456.142
-114 30.5 446.92
-113.5 30.5 437.802
-113 30.5 428.846
-112.5 30.5 420.079
-112 30.5 411.516
-111.5 30.5 403.032
-111 30.5 394.538
-110.5 30.5 386.058
-110 30.5 377.583
-109.5 30.5 369.26
-109 30.5 361.171
-108.5 30.5 353.301
-108 30.5 345.683
-107.5 30.5 338.412
-107 30.5 331.528
-106.5 30.5 325.045
-106 30.5 319
-105.5 30.5 313.33
-105 30.5 308.055
-104.5 30.5 303.15
-104 30.5 298.764
-103.5 30.5 294.846
-103 30.5 291.293
-102.5 30.5 288.091
-102 30.5 285.426
-101.5 30.5 283.5
-101 30.5 282.135
-100.5 30.5 281.039
-100 30.5 280.238
-99.5 30.5 279.871
-99 30.5 280.162
-98.5 30.5 281.106
-98 30.5 282.637
-97.5 30.5 284.649
-97 30.5 287.119
-96.5 30.5 289.993
-96 30.5 293.279
-95.5 30.5 297.097
-95 30.5 301.404
-94.5 30.5 305.992
-94 30.5 310.962
-93.5 30.5 316.241
-93 30.5 321.938
-92.5 30.5 328.281
-92 30.5 334.932
-91.5 30.5 341.715
-91 30.5 348.697
-90.5 30.5 355.982
-90 30.5 363.554
-89.5 30.5 371.158
-89 30.5 379.022
-88.5 30.5 387.017
-88 30.5 395.109
-87.5 30.5 403.325
-87 30.5 411.692
-86.5 30.5 420.125
-86 30.5 428.633
-85.5 30.5 437.344
-85 30.5 446.22
-84.5 30.5 455.385
-84 30.5 464.667
-83.5 30.5 473.999
-83 30.5 483.462
-82.5 30.5 493.021
-82 30.5 502.59
-81.5 30.5 512.368
-81 30.5 521.747
-119 31 536.068
-118.5 31 526.217
-118 31 515.942
-117.5 31 505.898
-117 31 495.673
-116.5 31 485.512
-116 31 475.466
-115.5 31 465.663
-115 31 456.051
-114.5 31 446.559
-114 31 437.233
-113.5 31 427.97
-113 31 418.812
-112.5 31 409.803
-112 31 401.022
-111.5 31 392.374
-111 31 383.806
-110.5 31 375.261
-110 31 366.708
-109.5 31 358.24
-109 31 350.001
-108.5 31 341.916
-108 31 333.985
-107.5 31 326.487
-107 31 319.342
-106.5 31 312.535
-106 31 306.096
-105.5 31 300.001
-105 31 294.326
-104.5 31 289.172
-104 31 284.566
-103.5 31 280.431
-103 31 276.731
-102.5 31 273.582
-102 31 270.94
-101.5 31 268.877
-101 31 267.471
-100.5 31 266.485
-100 31 265.728
-99.5 31 265.521
-99 31 265.935
-98.5 31 266.942
-98 31 268.519
-97.5 31 270.65
-97 31 273.139
-96.5 31 276.09
-96 31 279.47
-95.5 31 283.463
-95 31 287.959
-94.5 31 292.786
-94 31 297.928
-93.5 31 303.352
-93 31 309.248
-92.5 31 315.685
-92 31 322.471
-91.5 31 329.518
-91 31 336.697
-90.5 31 344.157
-90 31 351.986
-89.5 31 359.872
-89 31 367.836
-88.5 31 375.99
-88 31 384.268
-87.5 31 392.607
-87 31 401.087
-86.5 31 409.721
-86 31 418.448
-85.5 31 427.351
-85 31 436.427
-84.5 31 445.711
-84 31 455.199
-83.5 31 464.766
-83 31 474.451
-82.5 31 484.178
-82 31 493.847
-81.5 31 503.769
-81 31 513.263
-119 31.5 527.939
-118.5 31.5 517.895
-118 31.5 507.431
-117.5 31.5 497.153
-117 31.5 486.993
-116.5 31.5 476.901
-116 31.5 466.73
-115.5 31.5 456.709
-115 31.5 446.957
-114.5 31.5 437.291
-114 31.5 427.801
-113.5 31.5 418.413
-113 31.5 409.106
-112.5 31.5 399.845
-112 31.5 390.839
-111.5 31.5 381.965
-111 31.5 373.178
-110.5 31.5 364.434
-110 31.5 355.675
-109.5 31.5 347.043
-109 31.5 338.663
-108.5 31.5 330.471
-108 31.5 322.378
-107.5 31.5 314.672
-107 31.5 307.305
-106.5 31.5 300.155
-106 31.5 293.338
-105.5 31.5 286.877
-105 31.5 280.744
-104.5 31.5 275.281
-104 31.5 270.386
-103.5 31.5 266.067
-103 31.5 262.371
-102.5 31.5 259.155
-102 31.5 256.502
-101.5 31.5 254.344
-101 31.5 252.845
-100.5 31.5 251.839
-100 31.5 251.214
-99.5 31.5 251.179
-99 31.5 251.67
-98.5 31.5 252.744
-98 31.5 254.429
-97.5 31.5 256.622
-97 31.5 259.187
-96.5 31.5 262.272
-96 31.5 265.828
-95.5 31.5 270.025
-95 31.5 274.688
-94.5 31.5 279.659
-94 31.5 285.029
-93.5 31.5 290.738
-93 31.5 296.848
-92.5 31.5 303.392
-92 31.5 310.322
-91.5 31.5 317.59
-91 31.5 325.044
-90.5 31.5 332.778
-90 31.5 340.775
-89.5 31.5 348.831
-89 31.5 356.951
-88.5 31.5 365.262
-88 31.5 373.714
-87.5 31.5 382.247
-87 31.5 390.903
-86.5 31.5 399.726
-86 31.5 408.699
-85.5 31.5 417.848
-85 31.5 427.15
-84.5 31.5 436.623
-84 31.5 446.25
-83.5 31.5 455.985
-83 31.5 465.78
-82.5 31.5 475.612
-82 31.5 485.4
-81.5 31.5 495.418
-81 31.5 505.07
-119 32 520.173
-118.5 32 509.979
-118 32 499.406
-117.5 32 489.049
-117 32 478.773
-116.5 32 468.568
-116 32 458.355
-115.5 32 448.055
-115 32 438.016
-114.5 32 428.138
-114 32 418.509
-113.5 32 409.032
-113 32 399.547
-112.5 32 390.119
-112 32 380.872
-111.5 32 371.763
-111 32 362.812
-110.5 32 353.944
-110 32 345.025
-109.5 32 336.152
-109 32 327.465
-108.5 32 318.959
-108 32 310.637
-107.5 32 302.722
-107 32 295.083
-106.5 32 287.624
-106 32 280.513
-105.5 32 273.842
-105 32 267.481
-104.5 32 261.596
-104 32 256.344
-103.5 32 251.867
-103 32 248.115
-102.5 32 244.934
-102 32 242.197
-101.5 32 239.975
-101 32 238.356
-100.5 32 237.255
-100 32 236.744
-99.5 32 236.748
-99 32 237.315
-98.5 32 238.461
-98 32 240.167
-97.5 32 242.472
-97 32 245.219
-96.5 32 248.522
-96 32 252.297
-95.5 32 256.658
-95 32 261.521
-94.5 32 266.718
-94 32 272.318
-93.5 32 278.363
-93 32 284.738
-92.5 32 291.48
-92 32 298.598
-91.5 32 306.067
-91 32 313.724
-90.5 32 321.685
-90 32 329.797
-89.5 32 337.993
-89 32 346.347
-88.5 32 354.836
-88 32 363.473
-87.5 32 372.146
-87 32 381.038
-86.5 32 390.121
-86 32 399.357
-85.5 32 408.721
-85 32 418.248
-84.5 32 427.863
-84 32 437.597
-83.5 32 447.437
-83 32 457.34
-82.5 32 467.314
-82 32 477.307
-81.5 32 487.519
-81 32 497.301
-119 32.5 512.801
-118.5 32.5 502.374
-118 32.5 491.717
-117.5 32.5 481.395
-117 32.5 470.98
-116.5 32.5 460.662
-116 32.5 450.343
-115.5 32.5 439.812
-115 32.5 429.443
-114.5 32.5 419.262
-114 32.5 409.425
-113.5 32.5 399.816
-113 32.5 390.252
-112.5 32.5 380.708
-112 32.5 371.248
-111.5 32.5 361.886
-111 32.5 352.703
-110.5 32.5 343.675
-110 32.5 334.624
-109.5 32.5 325.603
-109 32.5 316.632
-108.5 32.5 307.779
-108 32.5 299.145
-107.5 32.5 290.929
-107 32.5 282.969
-106.5 32.5 275.178
-106 32.5 267.832
-105.5 32.5 260.985
-105 32.5 254.434
-104.5 32.5 248.262
-104 32.5 242.727
-103.5 32.5 238.007
-103 32.5 234.087
-102.5 32.5 230.766
-102 32.5 227.927
-101.5 32.5 225.666
-101 32.5 223.928
-100.5 32.5 222.811
-100 32.5 222.299
-99.5 32.5 222.304
-99 32.5 222.902
-98.5 32.5 224.133
-98 32.5 225.944
-97.5 32.5 228.324
-97 32.5 231.251
-96.5 32.5 234.761
-96 32.5 238.737
-95.5 32.5 243.27
-95 32.5 248.342
-94.5 32.5 253.793
-94 32.5 259.732
-93.5 32.5 266.124
-93 32.5 272.859
-92.5 32.5 279.934
-92 32.5 287.33
-91.5 32.5 294.969
-91 32.5 302.746
-90.5 32.5 310.775
-90 32.5 319.009
-89.5 32.5 327.409
-89 32.5 335.953
-88.5 32.5 344.715
-88 32.5 353.565
-87.5 32.5 362.417
-87 32.5 371.532
-86.5 32.5 380.835
-86 32.5 390.303
-85.5 32.5 399.915
-85 32.5 409.682
-84.5 32.5 419.504
-84 32.5 429.408
-83.5 32.5 439.366
-83 32.5 449.422
-82.5 32.5 459.593
-82 32.5 469.787
-81.5 32.5 480.18
-81 32.5 490.065
-119 33 505.374
-118.5 33 494.906
-118 33 484.203
-117.5 33 473.783
-117 33 463.248
-116.5 33 452.744
-116 33 442.336
-115.5 33 431.85
-115 33 421.367
-114.5 33 410.973
-114 33 400.814
-113.5 33 390.902
-113 33 381.134
-112.5 33 371.437
-112 33 361.845
-111.5 33 352.32
-111 33 342.926
-110.5 33 333.728
-110 33 324.556
-109.5 33 315.386
-109 33 306.199
-108.5 33 297.056
-108 33 288.118
-107.5 33 279.465
-107 33 271.115
-106.5 33 263.086
-106 33 255.428
-105.5 33 248.323
-105 33 241.556
-104.5 33 235.186
-104 33 229.354
-103.5 33 224.355
-103 33 220.137
-102.5 33 216.523
-102 33 213.647
-101.5 33 211.331
-101 33 209.542
-100.5 33 208.362
-100 33 207.831
-99.5 33 207.869
-99 33 208.536
-98.5 33 209.858
-98 33 211.713
-97.5 33 214.205
-97 33 217.34
-96.5 33 221.009
-96 33 225.189
-95.5 33 229.948
-95 33 235.228
-94.5 33 240.995
-94 33 247.268
-93.5 33 254.012
-93 33 261.136
-92.5 33 268.553
-92 33 276.197
-91.5 33 284.029
-91 33 291.989
-90.5 33 300.134
-90 33 308.525
-89.5 33 317.152
-89 33 325.967
-88.5 33 334.942
-88 33 344
-87.5 33 353.091
-87 33 362.415
-86.5 33 371.95
-86 33 381.66
-85.5 33 391.53
-85 33 401.525
-84.5 33 411.577
-84 33 421.643
-83.5 33 431.733
-83 33 441.924
-82.5 33 452.265
-82 33 462.587
-81.5 33 473.12
-81 33 483.157
-119 33.5 498.496
-118.5 33.5 487.922
-118 33.5 477.115
-117.5 33.5 466.592
-117 33.5 455.956
-116.5 33.5 445.258
-116 33.5 434.576
-115.5 33.5 423.982
-115 33.5 413.571
-114.5 33.5 403.22
-114 33.5 392.859
-113.5 33.5 382.578
-113 33.5 372.429
-112.5 33.5 362.415
-112 33.5 352.533
-111.5 33.5 342.814
-111 33.5 333.272
-110.5 33.5 323.91
-110 33.5 314.572
-109.5 33.5 305.392
-109 33.5 296.105
-108.5 33.5 286.746
-108 33.5 277.542
-107.5 33.5 268.49
-107 33.5 259.729
-106.5 33.5 251.268
-106 33.5 243.273
-105.5 33.5 235.827
-105 33.5 228.786
-104.5 33.5 222.195
-104 33.5 216.137
-103.5 33.5 210.794
-103 33.5 206.192
-102.5 33.5 202.346
-102 33.5 199.284
-101.5 33.5 196.898
-101 33.5 195.077
-100.5 33.5 193.838
-100 33.5 193.28
-99.5 33.5 193.371
-99 33.5 194.108
-98.5 33.5 195.535
-98 33.5 197.538
-97.5 33.5 200.194
-97 33.5 203.491
-96.5 33.5 207.357
-96 33.5 211.839
-95.5 33.5 216.84
-95 33.5 222.415
-94.5 33.5 228.513
-94 33.5 235.118
-93.5 33.5 242.176
-93 33.5 249.597
-92.5 33.5 257.252
-92 33.5 265.113
-91.5 33.5 273.2
-91 33.5 281.479
-90.5 33.5 289.91
-90 33.5 298.533
-89.5 33.5 307.373
-89 33.5 316.364
-88.5 33.5 325.477
-88 33.5 334.731
-87.5 33.5 344.038
-87 33.5 353.607
-86.5 33.5 363.381
-86 33.5 373.321
-85.5 33.5 383.435
-85 33.5 393.665
-84.5 33.5 403.952
-84 33.5 414.224
-83.5 33.5 424.541
-83 33.5 434.814
-82.5 33.5 445.253
-82 33.5 455.687
-81.5 33.5 466.326
-81 33.5 476.519
-119 34 492.168
-118.5 34 481.36
-118 34 470.374
-117.5 34 459.65
-117 34 448.885
-116.5 34 438.066
-116 34 427.236
-115.5 34 416.524
-115 34 405.997
-114.5 34 395.604
-114 34 385.281
-113.5 34 374.792
-113 34 364.286
-112.5 34 353.924
-112 34 343.781
-111.5 34 333.666
-111 34 323.832
-110.5 34 314.191
-110 34 304.67
-109.5 34 295.277
-109 34 286.053
-108.5 34 276.636
-108 34 267.251
-107.5 34 257.894
-107 34 248.739
-106.5 34 239.925
-106 34 231.521
-105.5 34 223.598
-105 34 216.215
-104.5 34 209.356
-104 34 203.006
-103.5 34 197.311
-103 34 192.398
-102.5 34 188.258
-102 34 184.968
-101.5 34 182.415
-101 34 180.502
-100.5 34 179.274
-100 34 178.689
-99.5 34 178.812
-99 34 179.612
-98.5 34 181.137
-98 34 183.377
-97.5 34 186.238
-97 34 189.753
-96.5 34 193.889
-96 34 198.642
-95.5 34 204.03
-95 34 210.02
-94.5 34 216.479
-94 34 223.427
-93.5 34 230.74
-93 34 238.388
-92.5 34 246.259
-92 34 254.353
-91.5 34 262.733
-91 34 271.322
-90.5 34 280.037
-90 34 288.924
-89.5 34 297.984
-89 34 307.188
-88.5 34 316.447
-88 34 325.85
-87.5 34 335.476
-87 34 345.322
-86.5 34 355.314
-86 34 365.492
-85.5 34 375.777
-85 34 386.214
-84.5 34 396.744
-84 34 407.2
-83.5 34 417.689
-83 34 428.17
-82.5 34 438.719
-82 34 449.249
-81.5 34 459.978
-81 34 470.269
-119 34.5 486.289
-118.5 34.5 475.345
-118 34.5 464.141
-117.5 34.5 453.145
-117 34.5 442.191
-116.5 34.5 431.277
-116 34.5 420.352
-115.5 34.5 409.491
-115 34.5 398.769
-114.5 34.5 388.219
-114 34.5 377.765
-113.5 34.5 367.262
-113 34.5 356.604
-112.5 34.5 346.071
-112 34.5 335.517
-111.5 34.5 325.203
-111 34.5 314.99
-110.5 34.5 304.947
-110 34.5 295.059
-109.5 34.5 285.481
-109 34.5 276.108
-108.5 34.5 266.645
-108 34.5 257.138
-107.5 34.5 247.658
-107 34.5 238.155
-106.5 34.5 228.998
-106 34.5 220.197
-105.5 34.5 211.837
-105 34.5 204.014
-104.5 34.5 196.752
-104 34.5 190.034
-103.5 34.5 184.024
-103 34.5 178.767
-102.5 34.5 174.344
-102 34.5 170.73
-101.5 34.5 167.94
-101 34.5 165.917
-100.5 34.5 164.619
-100 34.5 164.021
-99.5 34.5 164.206
-99 34.5 165.082
-98.5 34.5 166.74
-98 34.5 169.202
-97.5 34.5 172.33
-97 34.5 176.096
-96.5 34.5 180.518
-96 34.5 185.64
-95.5 34.5 191.506
-95 34.5 197.918
-94.5 34.5 204.77
-94 34.5 212.05
-93.5 34.5 219.696
-93 34.5 227.615
-92.5 34.5 235.709
-92 34.5 244.05
-91.5 34.5 252.677
-91 34.5 261.545
-90.5 34.5 270.571
-90 34.5 279.759
-89.5 34.5 289.114
-89 34.5 298.455
-88.5 34.5 307.927
-88 34.5 317.599
-87.5 34.5 327.487
-87 34.5 337.634
-86.5 34.5 347.827
-86 34.5 358.119
-85.5 34.5 368.583
-85 34.5 379.097
-84.5 34.5 389.807
-84 34.5 400.535
-83.5 34.5 411.218
-83 34.5 421.881
-82.5 34.5 432.551
-82 34.5 443.179
-81.5 34.5 453.987
-81 34.5 464.395
-119 35 481.04
-118.5 35 470.027
-118 35 458.605
-117.5 35 447.288
-117 35 436.127
-116.5 35 425.051
-116 35 413.952
-115.5 35 402.931
-115 35 391.953
-114.5 35 381.138
-114 35 370.463
-113.5 35 359.847
-113 35 349.185
-112.5 35 338.507
-112 35 327.844
-111.5 35 317.235
-111 35 306.702
-110.5 35 296.272
-110 35 286.052
-109.5 35 276.143
-109 35 266.512
-108.5 35 256.92
-108 35 247.293
-107.5 35 237.661
-107 35 227.996
-106.5 35 218.438
-106 35 209.306
-105.5 35 200.544
-105 35 192.247
-104.5 35 184.516
-104 35 177.389
-103.5 35 170.967
-103 35 165.372
-102.5 35 160.623
-102 35 156.701
-101.5 35 153.575
-101 35 151.331
-100.5 35 149.921
-100 35 149.311
-99.5 35 149.517
-99 35 150.526
-98.5 35 152.332
-98 35 154.981
-97.5 35 158.406
-97 35 162.545
-96.5 35 167.369
-96 35 172.936
-95.5 35 179.198
-95 35 186.002
-94.5 35 193.25
-94 35 200.948
-93.5 35 208.982
-93 35 217.164
-92.5 35 225.531
-92 35 234.183
-91.5 35 243.109
-91 35 252.282
-90.5 35 261.653
-90 35 271.18
-89.5 35 280.75
-89 35 290.374
-88.5 35 300.124
-88 35 310.073
-87.5 35 320.189
-87 35 330.483
-86.5 35 340.832
-86 35 351.276
-85.5 35 361.85
-85 35 372.555
-84.5 35 383.387
-84 35 394.235
-83.5 35 405.069
-83 35 415.888
-82.5 35 426.693
-82 35 437.436
-81.5 35 448.334
-81 35 458.86
-119 35.5 476.204
-118.5 35.5 465.079
-118 35.5 453.554
-117.5 35.5 442.09
-117 35.5 430.641
-116.5 35.5 419.362
-116 35.5 408.136
-115.5 35.5 396.937
-115 35.5 385.713
-114.5 35.5 374.586
-114 35.5 363.58
-113.5 35.5 352.753
-113 35.5 342.001
-112.5 35.5 331.24
-112 35.5 320.44
-111.5 35.5 309.649
-111 35.5 298.96
-110.5 35.5 288.306
-110 35.5 277.753
-109.5 35.5 267.495
-109 35.5 257.525
-108.5 35.5 247.664
-108 35.5 237.845
-107.5 35.5 228.005
-107 35.5 218.158
-106.5 35.5 208.351
-106 35.5 198.807
-105.5 35.5 189.57
-105 35.5 180.814
-104.5 35.5 172.642
-104 35.5 165.075
-103.5 35.5 158.221
-103 35.5 152.192
-102.5 35.5 147.029
-102 35.5 142.742
-101.5 35.5 139.314
-101 35.5 136.81
-100.5 35.5 135.203
-100 35.5 134.556
-99.5 35.5 134.723
-99 35.5 135.862
-98.5 35.5 137.904
-98 35.5 140.849
-97.5 35.5 144.648
-97 35.5 149.29
-96.5 35.5 154.647
-96 35.5 160.675
-95.5 35.5 167.313
-95 35.5 174.505
-94.5 35.5 182.159
-94 35.5 190.252
-93.5 35.5 198.632
-93 35.5 207.194
-92.5 35.5 215.929
-92 35.5 224.943
-91.5 35.5 234.236
-91 35.5 243.737
-90.5 35.5 253.413
-90 35.5 263.219
-89.5 35.5 273.089
-89 35.5 282.963
-88.5 35.5 292.957
-88 35.5 303.137
-87.5 35.5 313.458
-87 35.5 323.878
-86.5 35.5 334.42
-86 35.5 345
-85.5 35.5 355.675
-85 35.5 366.474
-84.5 35.5 377.384
-84 35.5 388.327
-83.5 35.5 399.295
-83 35.5 410.328
-82.5 35.5 421.253
-82 35.5 432.085
-81.5 35.5 443.092
-81 35.5 453.653
-119 36 471.565
-118.5 36 460.378
-118 36 448.77
-117.5 36 437.159
-117 36 425.576
-116.5 36 414.121
-116 36 402.699
-115.5 36 391.363
-115 36 379.995
-114.5 36 368.615
-114 36 357.327
-113.5 36 346.228
-113 36 335.258
-112.5 36 324.31
-112 36 313.405
-111.5 36 302.509
-111 36 291.635
-110.5 36 280.835
-110 36 270.112
-109.5 36 259.558
-109 36 249.217
-108.5 36 238.976
-108 36 228.838
-107.5 36 218.72
-107 36 208.708
-106.5 36 198.676
-106 36 188.748
-105.5 36 179.11
-105 36 169.899
-104.5 36 161.215
-104 36 153.202
-103.5 36 145.881
-103 36 139.299
-102.5 36 133.626
-102 36 128.904
-101.5 36 125.103
-101 36 122.222
-100.5 36 120.448
-100 36 119.699
-99.5 36 119.986
-99 36 121.324
-98.5 36 123.682
-98 36 127.049
-97.5 36 131.32
-97 36 136.46
-96.5 36 142.388
-96 36 148.911
-95.5 36 156.026
-95 36 163.674
-94.5 36 171.776
-94 36 180.251
-93.5 36 189.014
-93 36 197.973
-92.5 36 207.143
-92 36 216.59
-91.5 36 226.23
-91 36 236.019
-90.5 36 245.939
-90 36 255.952
-89.5 36 266.016
-89 36 276.146
-88.5 36 286.377
-88 36 296.763
-87.5 36 307.231
-87 36 317.856
-86.5 36 328.558
-86 36 339.28
-85.5 36 350.063
-85 36 360.996
-84.5 36 371.953
-84 36 382.974
-83.5 36 394.005
-83 36 405.04
-82.5 36 416.072
-82 36 426.981
-81.5 36 438.048
-81 36 448.706
-119 36.5 467.074
-118.5 36.5 455.898
-118 36.5 444.271
-117.5 36.5 432.595
-117 36.5 420.908
-116.5 36.5 409.289
-116 36.5 397.729
-115.5 36.5 386.316
-115 36.5 374.833
-114.5 36.5 363.347
-114 36.5 351.899
-113.5 36.5 340.523
-113 36.5 329.223
-112.5 36.5 318.004
-112 36.5 306.877
-111.5 36.5 295.832
-111 36.5 284.803
-110.5 36.5 273.906
-110 36.5 263.13
-109.5 36.5 252.387
-109 36.5 241.701
-108.5 36.5 231.046
-108 36.5 220.468
-107.5 36.5 210.024
-107 36.5 199.694
-106.5 36.5 189.399
-106 36.5 179.138
-105.5 36.5 169.146
-105 36.5 159.49
-104.5 36.5 150.35
-104 36.5 141.802
-103.5 36.5 133.966
-103 36.5 126.818
-102.5 36.5 120.553
-102 36.5 115.286
-101.5 36.5 111.025
-98.5 36.5 109.75
-98 36.5 113.576
-97.5 36.5 118.421
-97 36.5 124.167
-96.5 36.5 130.591
-96 36.5 137.673
-95.5 36.5 145.39
-95 36.5 153.588
-94.5 36.5 162.174
-94 36.5 171.064
-93.5 36.5 180.218
-93 36.5 189.594
-92.5 36.5 199.169
-92 36.5 208.94
-91.5 36.5 218.87
-91 36.5 228.89
-90.5 36.5 239.01
-90 36.5 249.246
-89.5 36.5 259.505
-89 36.5 269.851
-88.5 36.5 280.278
-88 36.5 290.844
-87.5 36.5 301.586
-87 36.5 312.36
-86.5 36.5 323.213
-86 36.5 334.07
-85.5 36.5 344.956
-85 36.5 355.881
-84.5 36.5 366.917
-84 36.5 377.98
-83.5 36.5 389.045
-83 36.5 400.106
-82.5 36.5 411.129
-82 36.5 422.156
-81.5 36.5 433.285
-81 36.5 444.127
-119 37 462.781
-118.5 37 451.548
-118 37 439.883
-117.5 37 428.212
-117 37 416.52
-116.5 37 404.88
-116 37 393.223
-115.5 37 381.708
-115 37 370.239
-114.5 37 358.74
-114 37 347.208
-113.5 37 335.641
-113 37 324.075
-112.5 37 312.541
-112 37 301.117
-111.5 37 289.856
-111 37 278.694
-110.5 37 267.656
-110 37 256.766
-109.5 37 245.858
-109 37 234.953
-108.5 37 223.967
-108 37 213.015
-107.5 37 202.193
-107 37 191.445
-106.5 37 180.778
-106 37 170.195
-105.5 37 159.808
-105 37 149.749
-104.5 37 140.113
-104 37 131.043
-103.5 37 122.578
-103 37 114.825
-97 37 112.374
-96.5 37 119.493
-96 37 127.237
-95.5 37 135.533
-95 37 144.262
-94.5 37 153.317
-94 37 162.621
-93.5 37 172.178
-93 37 181.944
-92.5 37 191.882
-92 37 201.943
-91.5 37 212.093
-91 37 222.308
-90.5 37 232.644
-90 37 243.111
-89.5 37 253.622
-89 37 264.191
-88.5 37 274.839
-88 37 285.537
-87.5 37 296.346
-87 37 307.264
-86.5 37 318.224
-86 37 329.18
-85.5 37 340.133
-85 37 351.164
-84.5 37 362.222
-84 37 373.304
-83.5 37 384.359
-83 37 395.402
-82.5 37 406.46
-82 37 417.491
-81.5 37 428.582
-81 37 439.507
-119 37.5 458.606
-118.5 37.5 447.167
-118 37.5 435.466
-117.5 37.5 423.808
-117 37.5 412.191
-116.5 37.5 400.566
-116 37.5 389.035
-115.5 37.5 377.456
-115 37.5 365.966
-114.5 37.5 354.466
-114 37.5 342.92
-113.5 37.5 331.261
-113 37.5 319.556
-112.5 37.5 307.871
-112 37.5 296.191
-111.5 37.5 284.685
-111 37.5 273.412
-110.5 37.5 262.175
-110 37.5 251.075
-109.5 37.5 239.987
-109 37.5 228.88
-108.5 37.5 217.759
-108 37.5 206.596
-107.5 37.5 195.382
-107 37.5 184.157
-106.5 37.5 173.044
-106 37.5 162.097
-105.5 37.5 151.361
-105 37.5 140.888
-104.5 37.5 130.792
-104 37.5 121.053
-103.5 37.5 111.961
-96.5 37.5 109.251
-96 37.5 117.662
-95.5 37.5 126.551
-95 37.5 135.795
-94.5 37.5 145.303
-94 37.5 155.02
-93.5 37.5 164.948
-93 37.5 175.061
-92.5 37.5 185.296
-92 37.5 195.614
-91.5 37.5 206.001
-91 37.5 216.454
-90.5 37.5 227.01
-90 37.5 237.642
-89.5 37.5 248.359
-89 37.5 259.126
-88.5 37.5 269.936
-88 37.5 280.788
-87.5 37.5 291.711
-87 37.5 302.661
-86.5 37.5 313.676
-86 37.5 324.713
-85.5 37.5 335.734
-85 37.5 346.819
-84.5 37.5 357.904
-84 37.5 369.039
-83.5 37.5 380.052
-83 37.5 391.062
-82.5 37.5 402.095
-82 37.5 413.069
-81.5 37.5 424.209
-81 37.5 435.091
-119 38 454.384
-118.5 38 442.9
-118 38 431.147
-117.5 38 419.512
-117 38 407.917
-116.5 38 396.441
-116 38 384.959
-115.5 38 373.506
-115 38 361.999
-114.5 38 350.457
-114 38 338.863
-113.5 38 327.161
-113 38 315.394
-112.5 38 303.609
-112 38 291.883
-111.5 38 280.237
-111 38 268.703
-110.5 38 257.307
-110 38 246.008
-109.5 38 234.746
-109 38 223.473
-108.5 38 212.281
-108 38 200.928
-107.5 38 189.435
-107 38 177.845
-106.5 38 166.358
-106 38 155.089
-105.5 38 144.025
-105 38 133.162
-104.5 38 122.563
-104 38 112.25
-96 38 109.137
-95.5 38 118.589
-95 38 128.318
-94.5 38 138.288
-94 38 148.406
-93.5 38 158.686
-93 38 169.083
-92.5 38 179.559
-92 38 190.103
-91.5 38 200.722
-91 38 211.407
-90.5 38 222.152
-90 38 232.987
-89.5 38 243.906
-89 38 254.818
-88.5 38 265.724
-88 38 276.669
-87.5 38 287.641
-87 38 298.655
-86.5 38 309.726
-86 38 320.805
-85.5 38 331.874
-85 38 342.952
-84.5 38 354.043
-84 38 365.115
-83.5 38 376.174
-83 38 387.188
-82.5 38 398.113
-82 38 409.014
-81.5 38 420.07
-81 38 431.051
-119 38.5 450.311
-118.5 38.5 438.815
-118 38.5 427.109
-117.5 38.5 415.549
-117 38.5 404.04
-116.5 38.5 392.627
-116 38.5 381.172
-115.5 38.5 369.667
-115 38.5 358.212
-114.5 38.5 346.781
-114 38.5 335.324
-113.5 38.5 323.666
-113 38.5 311.863
-112.5 38.5 300.01
-112 38.5 288.147
-111.5 38.5 276.38
-111 38.5 264.676
-110.5 38.5 253.124
-110 38.5 241.676
-109.5 38.5 230.279
-109 38.5 218.851
-108.5 38.5 207.432
-108 38.5 195.93
-107.5 38.5 184.292
-107 38.5 172.501
-106.5 38.5 160.855
-106 38.5 149.326
-105.5 38.5 137.955
-105 38.5 126.73
-104.5 38.5 115.587
-95.5 38.5 111.871
-95 38.5 122.085
-94.5 38.5 132.447
-94 38.5 142.952
-93.5 38.5 153.542
-93 38.5 164.211
-92.5 38.5 174.896
-92 38.5 185.615
-91.5 38.5 196.408
-91 38.5 207.28
-90.5 38.5 218.218
-90 38.5 229.213
-89.5 38.5 240.205
-89 38.5 251.211
-88.5 38.5 262.184
-88 38.5 273.185
-87.5 38.5 284.182
-87 38.5 295.226
-86.5 38.5 306.316
-86 38.5 317.404
-85.5 38.5 328.464
-85 38.5 339.493
-84.5 38.5 350.526
-84 38.5 361.584
-83.5 38.5 372.644
-83 38.5 383.637
-82.5 38.5 394.549
-82 38.5 405.421
-81.5 38.5 416.47
-81 38.5 427.443
-119 39 446.702
-118.5 39 435.186
-118 39 423.523
-117.5 39 412.062
-117 39 400.637
-116.5 39 389.252
-116 39 377.814
-115.5 39 366.356
-115 39 354.978
-114.5 39 343.623
-114 39 332.239
-113.5 39 320.637
-113 39 308.903
-112.5 39 297.069
-112 39 285.219
-111.5 39 273.441
-111 39 261.694
-110.5 39 249.994
-110 39 238.403
-109.5 39 226.876
-109 39 215.363
-108.5 39 203.757
-108 39 192.044
-107.5 39 180.279
-107 39 168.406
-106.5 39 156.587
-106 39 144.851
-105.5 39 133.208
-105 39 121.651
-95 39 117.329
-94.5 39 128.033
-94 39 138.813
-93.5 39 149.651
-93 39 160.494
-92.5 39 171.366
-92 39 182.242
-91.5 39 193.176
-91 39 204.141
-90.5 39 215.158
-90 39 226.212
-89.5 39 237.291
-89 39 248.337
-88.5 39 259.348
-88 39 270.349
-87.5 39 281.372
-87 39 292.425
-86.5 39 303.489
-86 39 314.524
-85.5 39 325.491
-85 39 336.46
-84.5 39 347.431
-84 39 358.478
-83.5 39 369.573
-83 39 380.558
-82.5 39 391.459
-82 39 402.319
-81.5 39 413.295
-81 39 424.225
-119 39.5 443.536
-118.5 39.5 432.169
-118 39.5 420.536
-117.5 39.5 409.138
-117 39.5 397.767
-116.5 39.5 386.419
-116 39.5 375.038
-115.5 39.5 363.648
-115 39.5 352.312
-114.5 39.5 340.993
-114 39.5 329.651
-113.5 39.5 318.132
-113 39.5 306.465
-112.5 39.5 294.751
-112 39.5 283.021
-111.5 39.5 271.251
-111 39.5 259.509
-110.5 39.5 247.818
-110 39.5 236.207
-109.5 39.5 224.61
-109 39.5 212.966
-108.5 39.5 201.199
-108 39.5 189.403
-107.5 39.5 177.557
-107 39.5 165.633
-106.5 39.5 153.715
-106 39.5 141.848
-105.5 39.5 130.079
-105 39.5 118.269
-95 39.5 114.262
-94.5 39.5 125.16
-94 39.5 136.101
-93.5 39.5 147.076
-93 39.5 158.055
-92.5 39.5 169.021
-92 39.5 180.003
-91.5 39.5 191.006
-91 39.5 201.99
-90.5 39.5 212.993
-90 39.5 224.019
-89.5 39.5 235.071
-89 39.5 246.108
-88.5 39.5 257.134
-88 39.5 268.158
-87.5 39.5 279.179
-87 39.5 290.221
-86.5 39.5 301.226
-86 39.5 312.171
-85.5 39.5 323.082
-85 39.5 333.972
-84.5 39.5 344.909
-84 39.5 355.947
-83.5 39.5 366.989
-83 39.5 377.988
-82.5 39.5 388.865
-82 39.5 399.688
-81.5 39.5 410.666
-81 39.5 421.549
-119 40 441.044
-118.5 40 429.633
-118 40 418.089
-117.5 40 406.748
-117 40 395.395
-116.5 40 384.051
-116 40 372.683
-115.5 40 361.332
-115 40 350.082
-114.5 40 338.76
-114 40 327.413
-113.5 40 315.934
-113 40 304.346
-112.5 40 292.734
-112 40 281.133
-111.5 40 269.614
-111 40 258.025
-110.5 40 246.394
-110 40 234.788
-109.5 40 223.156
-109 40 211.526
-108.5 40 199.733
-108 40 187.861
-107.5 40 176
-107 40 164.15
-106.5 40 152.3
-106 40 140.458
-105.5 40 128.608
-105 40 116.755
-95 40 113.053
-94.5 40 123.982
-94 40 134.936
-93.5 40 145.939
-93 40 156.94
-92.5 40 167.931
-92 40 178.908
-91.5 40 189.876
-91 40 200.81
-90.5 40 211.737
-90 40 222.699
-89.5 40 233.684
-89 40 244.662
-88.5 40 255.659
-88 40 266.663
-87.5 40 277.647
-87 40 288.642
-86.5 40 299.572
-86 40 310.437
-85.5 40 321.242
-85 40 332.104
-84.5 40 342.978
-84 40 353.969
-83.5 40 365.018
-83 40 375.945
-82.5 40 386.792
-82 40 397.584
-81.5 40 408.554
-81 40 419.397
-119 40.5 439.253
-118.5 40.5 427.894
-118 40.5 416.379
-117.5 40.5 405.031
-117 40.5 393.64
-116.5 40.5 382.272
-116 40.5 370.908
-115.5 40.5 359.587
-115 40.5 348.281
-114.5 40.5 336.942
-114 40.5 325.712
-113.5 40.5 314.353
-113 40.5 302.878
-112.5 40.5 291.406
-112 40.5 279.923
-111.5 40.5 268.538
-111 40.5 257.064
-110.5 40.5 245.52
-110 40.5 233.922
-109.5 40.5 222.354
-109 40.5 210.798
-108.5 40.5 199.114
-108 40.5 187.383
-107.5 40.5 175.63
-107 40.5 163.899
-106.5 40.5 152.247
-106 40.5 140.548
-105.5 40.5 128.824
-105 40.5 117.124
-95 40.5 113.823
-94.5 40.5 124.647
-94 40.5 135.487
-93.5 40.5 146.358
-93 40.5 157.234
-92.5 40.5 168.11
-92 40.5 178.968
-91.5 40.5 189.807
-91 40.5 200.655
-90.5 40.5 211.492
-90 40.5 222.355
-89.5 40.5 233.25
-89 40.5 244.138
-88.5 40.5 255.049
-88 40.5 265.97
-87.5 40.5 276.889
-87 40.5 287.775
-86.5 40.5 298.604
-86 40.5 309.377
-85.5 40.5 320.146
-85 40.5 330.957
-84.5 40.5 341.783
-84 40.5 352.705
-83.5 40.5 363.671
-83 40.5 374.516
-82.5 40.5 385.294
-82 40.5 396.076
-81.5 40.5 407.004
-81 40.5 417.755
-119 41 438.105
-118.5 41 426.768
-118 41 415.292
-117.5 41 403.969
-117 41 392.71
-116.5 41 381.325
-116 41 369.989
-115.5 41 358.671
-115 41 347.363
-114.5 41 335.998
-114 41 324.734
-113.5 41 313.402
-113 41 302.059
-112.5 41 290.747
-112 41 279.401
-111.5 41 268.036
-111 41 256.663
-110.5 41 245.171
-110 41 233.869
-109.5 41 222.441
-109 41 211.065
-108.5 41 199.443
-108 41 187.872
-107.5 41 176.296
-107 41 164.804
-106.5 41 153.456
-106 41 142.093
-105.5 41 130.757
-105 41 119.486
-95 41 116.465
-94.5 41 127.058
-94 41 137.672
-93.5 41 148.299
-93 41 158.934
-92.5 41 169.6
-92 41 180.258
-91.5 41 190.923
-91 41 201.594
-90.5 41 212.28
-90 41 222.982
-89.5 41 233.741
-89 41 244.5
-88.5 41 255.292
-88 41 266.099
-87.5 41 276.907
-87 41 287.707
-86.5 41 298.422
-86 41 309.097
-85.5 41 319.775
-85 41 330.411
-84.5 41 341.148
-84 41 351.95
-83.5 41 362.84
-83 41 373.619
-82.5 41 384.393
-82 41 395.147
-81.5 41 406.139
-81 41 416.958
-119 41.5 437.833
-118.5 41.5 426.505
-118 41.5 415.019
-117.5 41.5 403.744
-117 41.5 392.464
-116.5 41.5 381.152
-116 41.5 369.821
-115.5 41.5 358.498
-115 41.5 347.211
-114.5 41.5 335.927
-114 41.5 324.63
-113.5 41.5 313.299
-113 41.5 301.908
-112.5 41.5 290.651
-112 41.5 279.453
-111.5 41.5 268.22
-111 41.5 256.977
-110.5 41.5 245.723
-110 41.5 234.544
-109.5 41.5 223.342
-109 41.5 212.124
-108.5 41.5 200.825
-108 41.5 189.46
-107.5 41.5 178.163
-107 41.5 167
-106.5 41.5 155.995
-106 41.5 145.125
-105.5 41.5 134.378
-105 41.5 123.692
-104.5 41.5 113.125
-95.5 41.5 110.678
-95 41.5 120.715
-94.5 41.5 130.928
-94 41.5 141.233
-93.5 41.5 151.603
-93 41.5 161.995
-92.5 41.5 172.383
-92 41.5 182.773
-91.5 41.5 193.198
-91 41.5 203.645
-90.5 41.5 214.108
-90 41.5 224.598
-89.5 41.5 235.149
-89 41.5 245.757
-88.5 41.5 256.353
-88 41.5 266.968
-87.5 41.5 277.639
-87 41.5 288.236
-86.5 41.5 298.825
-86 41.5 309.39
-85.5 41.5 319.96
-85 41.5 330.482
-84.5 41.5 341.146
-84 41.5 351.914
-83.5 41.5 362.764
-83 41.5 373.617
-82.5 41.5 384.39
-82 41.5 395.086
-81.5 41.5 405.96
-81 41.5 416.604
-119 42 438.273
-118.5 42 427.008
-118 42 415.613
-117.5 42 404.382
-117 42 393.141
-116.5 42 381.891
-116 42 370.64
-115.5 42 359.325
-115 42 348.009
-114.5 42 336.748
-114 42 325.498
-113.5 42 314.185
-113 42 302.921
-112.5 42 291.731
-112 42 280.595
-111.5 42 269.549
-111 42 258.48
-110.5 42 247.369
-110 42 236.26
-109.5 42 225.228
-109 42 214.249
-108.5 42 203.28
-108 42 192.253
-107.5 42 181.339
-107 42 170.594
-106.5 42 160.129
-106 42 149.602
-105.5 42 139.41
-105 42 129.354
-104.5 42 119.421
-95.5 42 116.895
-95 42 126.432
-94.5 42 136.172
-94 42 146.073
-93.5 42 156.104
-93 42 166.186
-92.5 42 176.271
-92 42 186.37
-91.5 42 196.519
-91 42 206.728
-90.5 42 216.964
-90 42 227.238
-89.5 42 237.543
-89 42 247.869
-88.5 42 258.227
-88 42 268.614
-87.5 42 279.065
-87 42 289.535
-86.5 42 299.961
-86 42 310.413
-85.5 42 320.881
-85 42 331.417
-84.5 42 342.033
-84 42 352.743
-83.5 42 363.525
-83 42 374.261
-82.5 42 384.93
-82 42 395.475
-81.5 42 406.261
-81 42 416.774
-119 42.5 439.457
-118.5 42.5 428.231
-118 42.5 416.913
-117.5 42.5 405.839
-117 42.5 394.691
-116.5 42.5 383.465
-116 42.5 372.238
-115.5 42.5 361.001
-115 42.5 349.81
-114.5 42.5 338.759
-114 42.5 327.533
-113.5 42.5 316.307
-113 42.5 305.124
-112.5 42.5 294.017
-112 42.5 283.009
-111.5 42.5 272.041
-111 42.5 261.068
-110.5 42.5 250.078
-110 42.5 239.093
-109.5 42.5 228.318
-109 42.5 217.731
-108.5 42.5 206.926
-108 42.5 196.363
-107.5 42.5 185.889
-107 42.5 175.562
-106.5 42.5 165.418
-106 42.5 155.451
-105.5 42.5 145.732
-105 42.5 136.32
-104.5 42.5 127.157
-104 42.5 118.278
-96 42.5 116.085
-95.5 42.5 124.539
-95 42.5 133.397
-94.5 42.5 142.587
-94 42.5 152.048
-93.5 42.5 161.67
-93 42.5 171.364
-92.5 42.5 181.104
-92 42.5 190.901
-91.5 42.5 200.759
-91 42.5 210.702
-90.5 42.5 220.696
-90 42.5 230.74
-89.5 42.5 240.773
-89 42.5 250.829
-88.5 42.5 260.907
-88 42.5 271.063
-87.5 42.5 281.371
-87 42.5 291.811
-86.5 42.5 302.187
-86 42.5 312.509
-85.5 42.5 322.813
-85 42.5 333.087
-84.5 42.5 343.487
-84 42.5 354.007
-83.5 42.5 364.545
-83 42.5 375.073
-82.5 42.5 385.574
-82 42.5 395.985
-81.5 42.5 406.581
-81 42.5 416.886
-119 43 440.809
-118.5 43 429.761
-118 43 418.541
-117.5 43 407.572
-117 43 396.595
-116.5 43 385.59
-116 43 374.534
-115.5 43 363.488
-115 43 352.539
-114.5 43 341.636
-114 43 330.69
-113.5 43 319.608
-113 43 308.511
-112.5 43 297.523
-112 43 286.56
-111.5 43 275.589
-111 43 264.666
-110.5 43 253.859
-110 43 243.198
-109.5 43 232.656
-109 43 222.219
-108.5 43 211.89
-108 43 201.667
-107.5 43 191.631
-107 43 181.734
-106.5 43 172.021
-106 43 162.548
-105.5 43 153.36
-105 43 144.554
-104.5 43 136.054
-104 43 128.043
-103.5 43 120.552
-103 43 113.559
-97 43 111.772
-96.5 43 118.417
-96 43 125.658
-95.5 43 133.343
-95 43 141.508
-94.5 43 150.088
-94 43 159.019
-93.5 43 168.199
-93 43 177.483
-92.5 43 186.854
-92 43 196.325
-91.5 43 205.881
-91 43 215.543
-90.5 43 225.26
-90 43 235.025
-89.5 43 244.797
-89 43 254.58
-88.5 43 264.394
-88 43 274.344
-87.5 43 284.513
-87 43 294.769
-86.5 43 304.928
-86 43 315.034
-85.5 43 325.126
-85 43 335.231
-84.5 43 345.449
-84 43 355.773
-83.5 43 366.11
-83 43 376.457
-82.5 43 386.792
-82 43 397.117
-81.5 43 407.634
-81 43 417.895
-119 43.5 442.503
-118.5 43.5 431.628
-118 43.5 420.635
-117.5 43.5 409.871
-117 43.5 399.102
-116.5 43.5 388.318
-116 43.5 377.495
-115.5 43.5 366.68
-115 43.5 355.966
-114.5 43.5 345.236
-114 43.5 334.465
-113.5 43.5 323.589
-113 43.5 312.642
-112.5 43.5 301.773
-112 43.5 290.936
-111.5 43.5 280.109
-111 43.5 269.357
-110.5 43.5 258.764
-110 43.5 248.335
-109.5 43.5 237.967
-109 43.5 227.75
-108.5 43.5 217.724
-108 43.5 207.83
-107.5 43.5 198.189
-107 43.5 188.761
-106.5 43.5 179.535
-106 43.5 170.598
-105.5 43.5 162.014
-105 43.5 153.781
-104.5 43.5 146.043
-104 43.5 138.811
-103.5 43.5 132.022
-103 43.5 125.729
-102.5 43.5 120.031
-102 43.5 115.133
-98 43.5 113.644
-97.5 43.5 118.204
-97 43.5 123.536
-96.5 43.5 129.531
-96 43.5 136.074
-95.5 43.5 143.124
-95 43.5 150.608
-94.5 43.5 158.563
-94 43.5 166.921
-93.5 43.5 175.605
-93 43.5 184.487
-92.5 43.5 193.507
-92 43.5 202.613
-91.5 43.5 211.835
-91 43.5 221.189
-90.5 43.5 230.629
-90 43.5 240.073
-89.5 43.5 249.575
-89 43.5 259.082
-88.5 43.5 268.655
-88 43.5 278.372
-87.5 43.5 288.258
-87 43.5 298.284
-86.5 43.5 308.128
-86 43.5 318.018
-85.5 43.5 327.962
-85 43.5 337.967
-84.5 43.5 348.044
-84 43.5 358.177
-83.5 43.5 368.321
-83 43.5 378.524
-82.5 43.5 388.667
-82 43.5 398.919
-81.5 43.5 409.258
-81 43.5 419.3
-119 44 444.634
-118.5 44 433.969
-118 44 423.16
-117.5 44 412.607
-117 44 402.017
-116.5 44 391.484
-116 44 380.916
-115.5 44 370.346
-115 44 359.763
-114.5 44 349.176
-114 44 338.516
-113.5 44 327.826
-113 44 317.148
-112.5 44 306.515
-112 44 295.9
-111.5 44 285.356
-111 44 274.865
-110.5 44 264.43
-110 44 254.094
-109.5 44 243.897
-109 44 233.933
-108.5 44 224.217
-108 44 214.649
-107.5 44 205.404
-107 44 196.495
-106.5 44 187.862
-106 44 179.557
-105.5 44 171.521
-105 44 163.937
-104.5 44 156.85
-104 44 150.259
-103.5 44 144.035
-103 44 138.324
-102.5 44 133.174
-102 44 128.704
-101.5 44 125.061
-101 44 122.252
-100.5 44 120.417
-100 44 119.686
-99.5 44 120.031
-99 44 121.378
-98.5 44 123.672
-98 44 126.873
-97.5 44 130.94
-97 44 135.733
-96.5 44 141.143
-96 44 147.138
-95.5 44 153.627
-95 44 160.569
-94.5 44 167.943
-94 44 175.728
-93.5 44 183.875
-93 44 192.403
-92.5 44 201.056
-92 44 209.796
-91.5 44 218.649
-91 44 227.647
-90.5 44 236.728
-90 44 245.847
-89.5 44 255.045
-89 44 264.275
-88.5 44 273.564
-88 44 283.018
-87.5 44 292.656
-87 44 302.452
-86.5 44 312.134
-86 44 321.756
-85.5 44 331.449
-85 44 341.234
-84.5 44 351.147
-84 44 361.128
-83.5 44 371.171
-83 44 381.129
-82.5 44 391.116
-82 44 401.13
-81.5 44 411.347
-81 44 421.119
-119 44.5 447.133
-118.5 44.5 436.635
-118 44.5 426.003
-117.5 44.5 415.603
-117 44.5 405.22
-116.5 44.5 394.841
-116 44.5 384.46
-115.5 44.5 374.062
-115 44.5 363.638
-114.5 44.5 353.204
-114 44.5 342.74
-113.5 44.5 332.268
-113 44.5 321.846
-112.5 44.5 311.507
-112 44.5 301.167
-111.5 44.5 290.921
-111 44.5 280.669
-110.5 44.5 270.386
-110 44.5 260.224
-109.5 44.5 250.271
-109 44.5 240.6
-108.5 44.5 231.188
-108 44.5 222.078
-107.5 44.5 213.337
-107 44.5 205.003
-106.5 44.5 197.024
-106 44.5 189.27
-105.5 44.5 181.812
-105 44.5 174.728
-104.5 44.5 168.231
-104 44.5 162.186
-103.5 44.5 156.443
-103 44.5 151.166
-102.5 44.5 146.45
-102 44.5 142.349
-101.5 44.5 139.048
-101 44.5 136.479
-100.5 44.5 134.734
-100 44.5 133.985
-99.5 44.5 134.232
-99 44.5 135.422
-98.5 44.5 137.411
-98 44.5 140.238
-97.5 44.5 143.82
-97 44.5 148.139
-96.5 44.5 153.104
-96 44.5 158.657
-95.5 44.5 164.697
-95 44.5 171.186
-94.5 44.5 178.065
-94 44.5 185.361
-93.5 44.5 193.036
-93 44.5 201.152
-92.5 44.5 209.402
-92 44.5 217.748
-91.5 44.5 226.238
-91 44.5 234.828
-90.5 44.5 243.534
-90 44.5 252.353
-89.5 44.5 261.214
-89 44.5 270.181
-88.5 44.5 279.262
-88 44.5 288.477
-87.5 44.5 297.82
-87 44.5 307.288
-86.5 44.5 316.812
-86 44.5 326.235
-85.5 44.5 335.674
-85 44.5 345.182
-84.5 44.5 354.835
-84 44.5 364.58
-83.5 44.5 374.383
-83 44.5 384.262
-82.5 44.5 394.206
-82 44.5 404.098
-81.5 44.5 414.115
-81 44.5 423.698
-119 45 449.372
-118.5 45 439.193
-118 45 428.758
-117.5 45 418.55
-117 45 408.305
-116.5 45 398.065
-116 45 387.848
-115.5 45 377.645
-115 45 367.438
-114.5 45 357.258
-114 45 347.075
-113.5 45 336.902
-113 45 326.8
-112.5 45 316.681
-112 45 306.581
-111.5 45 296.473
-111 45 286.44
-110.5 45 276.471
-110 45 266.597
-109.5 45 257.037
-109 45 247.815
-108.5 45 238.816
-108 45 230.243
-107.5 45 222.041
-107 45 214.254
-106.5 45 206.842
-106 45 199.61
-105.5 45 192.652
-105 45 186.113
-104.5 45 180.069
-104 45 174.457
-103.5 45 169.121
-103 45 164.187
-102.5 45 159.792
-102 45 156.04
-101.5 45 153.017
-101 45 150.714
-100.5 45 149.08
-100 45 148.257
-99.5 45 148.364
-99 45 149.37
-98.5 45 151.157
-98 45 153.635
-97.5 45 156.815
-97 45 160.727
-96.5 45 165.339
-96 45 170.538
-95.5 45 176.178
-95 45 182.236
-94.5 45 188.699
-94 45 195.579
-93.5 45 202.839
-93 45 210.482
-92.5 45 218.316
-92 45 226.313
-91.5 45 234.418
-91 45 242.595
-90.5 45 250.95
-90 45 259.432
-89.5 45 268.065
-89 45 276.757
-88.5 45 285.581
-88 45 294.534
-87.5 45 303.622
-87 45 312.845
-86.5 45 322.156
-86 45 331.413
-85.5 45 340.667
-85 45 349.869
-84.5 45 359.239
-84 45 368.711
-83.5 45 378.251
-83 45 387.935
-82.5 45 397.742
-82 45 407.514
-81.5 45 417.347
-81 45 426.695
-119 45.5 451.661
-118.5 45.5 441.669
-118 45.5 431.442
-117.5 45.5 421.428
-117 45.5 411.352
-116.5 45.5 401.327
-116 45.5 391.341
-115.5 45.5 381.314
-115 45.5 371.374
-114.5 45.5 361.499
-114 45.5 351.624
-113.5 45.5 341.732
-113 45.5 331.787
-112.5 45.5 321.89
-112 45.5 312.056
-111.5 45.5 302.273
-111 45.5 292.508
-110.5 45.5 282.919
-110 45.5 273.548
-109.5 45.5 264.515
-109 45.5 255.712
-108.5 45.5 247.163
-108 45.5 239.136
-107.5 45.5 231.506
-107 45.5 224.228
-106.5 45.5 217.238
-106 45.5 210.454
-105.5 45.5 203.967
-105 45.5 197.876
-104.5 45.5 192.225
-104 45.5 186.928
-103.5 45.5 181.934
-103 45.5 177.338
-102.5 45.5 173.263
-102 45.5 169.833
-101.5 45.5 167.08
-101 45.5 164.913
-100.5 45.5 163.381
-100 45.5 162.491
-99.5 45.5 162.453
-99 45.5 163.283
-98.5 45.5 164.877
-98 45.5 167.139
-97.5 45.5 170.022
-97 45.5 173.604
-96.5 45.5 177.837
-96 45.5 182.657
-95.5 45.5 187.935
-95 45.5 193.636
-94.5 45.5 199.732
-94 45.5 206.231
-93.5 45.5 213.078
-93 45.5 220.289
-92.5 45.5 227.78
-92 45.5 235.459
-91.5 45.5 243.198
-91 45.5 251.044
-90.5 45.5 259.023
-90 45.5 267.199
-89.5 45.5 275.502
-89 45.5 283.922
-88.5 45.5 292.44
-88 45.5 301.132
-87.5 45.5 309.911
-87 45.5 318.812
-86.5 45.5 327.877
-86 45.5 337.001
-85.5 45.5 346.051
-85 45.5 355.156
-84.5 45.5 364.341
-84 45.5 373.599
-83.5 45.5 382.951
-83 45.5 392.278
-82.5 45.5 401.715
-82 45.5 411.17
-81.5 45.5 420.882
-81 45.5 430.189
-119 46 454.295
-118.5 46 444.437
-118 46 434.36
-117.5 46 424.551
-117 46 414.713
-116.5 46 404.942
-116 46 395.292
-115.5 46 385.584
-115 46 375.919
-114.5 46 366.278
-114 46 356.576
-113.5 46 346.859
-113 46 337.174
-112.5 46 327.556
-112 46 318.143
-111.5 46 308.541
-111 46 299.227
-110.5 46 290.118
-110 46 281.296
-109.5 46 272.694
-109 46 264.329
-108.5 46 256.317
-108 46 248.772
-107.5 46 241.603
-107 46 234.745
-106.5 46 228.111
-106 46 221.708
-105.5 46 215.568
-105 46 209.842
-104.5 46 204.557
-104 46 199.573
-103.5 46 194.93
-103 46 190.668
-102.5 46 186.92
-102 46 183.79
-101.5 46 181.242
-101 46 179.208
-100.5 46 177.743
-100 46 176.848
-99.5 46 176.669
-99 46 177.283
-98.5 46 178.639
-98 46 180.675
-97.5 46 183.354
-97 46 186.668
-96.5 46 190.579
-96 46 194.997
-95.5 46 199.947
-95 46 205.336
-94.5 46 211.082
-94 46 217.213
-93.5 46 223.711
-93 46 230.508
-92.5 46 237.653
-92 46 245.01
-91.5 46 252.451
-91 46 259.996
-90.5 46 267.714
-90 46 275.566
-89.5 46 283.557
-89 46 291.691
-88.5 46 299.955
-88 46 308.348
-87.5 46 316.788
-87 46 325.362
-86.5 46 334.127
-86 46 342.988
-85.5 46 351.837
-85 46 360.789
-84.5 46 369.809
-84 46 379.01
-83.5 46 388.144
-83 46 397.172
-82.5 46 406.263
-82 46 415.425
-81.5 46 424.838
-81 46 434.004
-119 46.5 457.164
-118.5 46.5 447.615
-118 46.5 437.718
-117.5 46.5 428.191
-117 46.5 418.693
-116.5 46.5 409.221
-116 46.5 399.795
-115.5 46.5 390.272
-115 46.5 380.867
-114.5 46.5 371.495
-114 46.5 362.022
-113.5 46.5 352.562
-113 46.5 343.123
-112.5 46.5 333.732
-112 46.5 324.501
-111.5 46.5 315.495
-111 46.5 306.692
-110.5 46.5 298.105
-110 46.5 289.738
-109.5 46.5 281.542
-109 46.5 273.626
-108.5 46.5 266.148
-108 46.5 259.061
-107.5 46.5 252.223
-107 46.5 245.738
-106.5 46.5 239.367
-106 46.5 233.23
-105.5 46.5 227.511
-105 46.5 222.117
-104.5 46.5 217.108
-104 46.5 212.499
-103.5 46.5 208.152
-103 46.5 204.192
-102.5 46.5 200.72
-102 46.5 197.81
-101.5 46.5 195.42
-101 46.5 193.481
-100.5 46.5 192.084
-100 46.5 191.214
-99.5 46.5 190.91
-99 46.5 191.274
-98.5 46.5 192.382
-98 46.5 194.228
-97.5 46.5 196.709
-97 46.5 199.784
-96.5 46.5 203.438
-96 46.5 207.536
-95.5 46.5 212.131
-95 46.5 217.184
-94.5 46.5 222.613
-94 46.5 228.401
-93.5 46.5 234.569
-93 46.5 241.057
-92.5 46.5 247.856
-92 46.5 254.85
-91.5 46.5 262.044
-91 46.5 269.341
-90.5 46.5 276.772
-90 46.5 284.367
-89.5 46.5 292.101
-89 46.5 300.005
-88.5 46.5 307.967
-88 46.5 316.038
-87.5 46.5 324.153
-87 46.5 332.423
-86.5 46.5 340.833
-86 46.5 349.434
-85.5 46.5 358.163
-85 46.5 366.931
-84.5 46.5 375.705
-84 46.5 384.582
-83.5 46.5 393.489
-83 46.5 402.382
-82.5 46.5 411.236
-82 46.5 420.119
-81.5 46.5 429.29
-81 46.5 438.112
-119 47 460.749
-118.5 47 451.349
-118 47 441.765
-117.5 47 432.435
-117 47 423.148
-116.5 47 413.915
-116 47 404.712
-115.5 47 395.505
-115 47 386.371
-114.5 47 377.157
-114 47 367.902
-113.5 47 358.695
-113 47 349.54
-112.5 47 340.512
-112 47 331.729
-111.5 47 323.183
-111 47 314.847
-110.5 47 306.748
-110 47 298.86
-109.5 47 291.082
-109 47 283.651
-108.5 47 276.536
-108 47 269.752
-107.5 47 263.309
-107 47 256.92
-106.5 47 250.841
-106 47 245.111
-105.5 47 239.782
-105 47 234.727
-104.5 47 230.08
-104 47 225.728
-103.5 47 221.615
-103 47 217.868
-102.5 47 214.552
-102 47 211.82
-101.5 47 209.544
-101 47 207.725
-100.5 47 206.376
-100 47 205.505
-99.5 47 205.066
-99 47 205.227
-98.5 47 206.146
-98 47 207.777
-97.5 47 210.099
-97 47 212.991
-96.5 47 216.329
-96 47 220.201
-95.5 47 224.468
-95 47 229.191
-94.5 47 234.311
-94 47 239.766
-93.5 47 245.597
-93 47 251.75
-92.5 47 258.195
-92 47 264.922
-91.5 47 271.83
-91 47 278.993
-90.5 47 286.308
-90 47 293.75
-89.5 47 301.303
-89 47 308.87
-88.5 47 316.507
-88 47 324.27
-87.5 47 332.248
-87 47 340.306
-86.5 47 348.4
-86 47 356.687
-85.5 47 365.138
-85 47 373.714
-84.5 47 382.234
-84 47 390.813
-83.5 47 399.347
-83 47 407.977
-82.5 47 416.59
-82 47 425.277
-81.5 47 434.142
-81 47 442.687
-119 47.5 464.852
-118.5 47.5 455.827
-118 47.5 446.508
-117.5 47.5 437.37
-117 47.5 428.264
-116.5 47.5 419.22
-116 47.5 410.172
-115.5 47.5 401.174
-115 47.5 392.217
-114.5 47.5 383.26
-114 47.5 374.306
-113.5 47.5 365.397
-113 47.5 356.592
-112.5 47.5 348.004
-112 47.5 339.644
-111.5 47.5 331.522
-111 47.5 323.624
-110.5 47.5 315.968
-110 47.5 308.487
-109.5 47.5 301.203
-109 47.5 294.124
-108.5 47.5 287.318
-108 47.5 280.796
-107.5 47.5 274.488
-107 47.5 268.426
-106.5 47.5 262.619
-106 47.5 257.289
-105.5 47.5 252.348
-105 47.5 247.739
-104.5 47.5 243.272
-104 47.5 239.159
-103.5 47.5 235.269
-103 47.5 231.667
-102.5 47.5 228.484
-102 47.5 225.867
-101.5 47.5 223.71
-101 47.5 222.014
-100.5 47.5 220.766
-100 47.5 219.828
-99.5 47.5 219.269
-99 47.5 219.261
-98.5 47.5 219.988
-98 47.5 221.475
-97.5 47.5 223.56
-97 47.5 226.216
-96.5 47.5 229.368
-96 47.5 232.907
-95.5 47.5 236.934
-95 47.5 241.339
-94.5 47.5 246.131
-94 47.5 251.279
-93.5 47.5 256.815
-93 47.5 262.637
-92.5 47.5 268.767
-92 47.5 275.153
-91.5 47.5 281.805
-91 47.5 288.702
-90.5 47.5 295.875
-90 47.5 303.225
-89.5 47.5 310.604
-89 47.5 318.014
-88.5 47.5 325.493
-88 47.5 333.156
-87.5 47.5 341.038
-87 47.5 348.95
-86.5 47.5 356.919
-86 47.5 364.885
-85.5 47.5 373.036
-85 47.5 381.203
-84.5 47.5 389.496
-84 47.5 397.858
-83.5 47.5 406.197
-83 47.5 414.527
-82.5 47.5 422.919
-82 47.5 431.36
-81.5 47.5 439.939
-81 47.5 448.259
-119 48 469.834
-118.5 48 461.049
-118 48 451.979
-117.5 48 443.038
-117 48 434.123
-116.5 48 425.187
-116 48 416.331
-115.5 48 407.522
-115 48 398.743
-114.5 48 389.996
-114 48 381.291
-113.5 48 372.73
-113 48 364.332
-112.5 48 356.136
-112 48 348.169
-111.5 48 340.418
-111 48 332.854
-110.5 48 325.508
-110 48 318.334
-109.5 48 311.438
-109 48 304.78
-108.5 48 298.278
-108 48 292.025
-107.5 48 285.91
-107 48 280.159
-106.5 48 274.781
-106 48 269.745
-105.5 48 265.182
-105 48 260.78
-104.5 48 256.521
-104 48 252.577
-103.5 48 248.876
-103 48 245.502
-102.5 48 242.491
-102 48 239.971
-101.5 48 237.939
-101 48 236.364
-100.5 48 235.114
-100 48 234.181
-99.5 48 233.58
-99 48 233.393
-98.5 48 233.909
-98 48 235.155
-97.5 48 237.097
-97 48 239.503
-96.5 48 242.48
-96 48 245.822
-95.5 48 249.531
-95 48 253.725
-94.5 48 258.21
-94 48 263.001
-93.5 48 268.182
-93 48 273.734
-92.5 48 279.612
-92 48 285.688
-91.5 48 291.987
-91 48 298.592
-90.5 48 305.441
-90 48 312.585
-89.5 48 319.796
-89 48 327.09
-88.5 48 334.426
-88 48 342.012
-87.5 48 349.754
-87 48 357.529
-86.5 48 365.479
-86 48 373.434
-85.5 48 381.381
-85 48 389.42
-84.5 48 397.471
-84 48 405.705
-83.5 48 413.943
-83 48 422.178
-82.5 48 430.503
-82 48 438.897
-81.5 48 447.168
-81 48 455.526
-119 48.5 474.867
-118.5 48.5 466.248
-118 48.5 457.386
-117.5 48.5 448.593
-117 48.5 439.947
-116.5 48.5 431.296
-116 48.5 422.675
-115.5 48.5 414.156
-115 48.5 405.68
-114.5 48.5 397.274
-114 48.5 388.921
-113.5 48.5 380.698
-113 48.5 372.671
-112.5 48.5 364.84
-112 48.5 357.199
-111.5 48.5 349.747
-111 48.5 342.441
-110.5 48.5 335.357
-110 48.5 328.538
-109.5 48.5 321.992
-109 48.5 315.664
-108.5 48.5 309.467
-108 48.5 303.476
-107.5 48.5 297.749
-107 48.5 292.257
-106.5 48.5 287.232
-106 48.5 282.437
-105.5 48.5 278.001
-105 48.5 273.845
-104.5 48.5 269.841
-104 48.5 266.081
-103.5 48.5 262.619
-103 48.5 259.409
-102.5 48.5 256.55
-102 48.5 254.092
-101.5 48.5 252.187
-101 48.5 250.707
-100.5 48.5 249.461
-100 48.5 248.486
-99.5 48.5 247.755
-99 48.5 247.46
-98.5 48.5 247.847
-98 48.5 248.91
-97.5 48.5 250.681
-97 48.5 252.95
-96.5 48.5 255.627
-96 48.5 258.812
-95.5 48.5 262.286
-95 48.5 266.197
-94.5 48.5 270.49
-94 48.5 275.001
-93.5 48.5 279.885
-93 48.5 285.203
-92.5 48.5 290.872
-92 48.5 296.77
-91.5 48.5 302.813
-91 48.5 309.119
-90.5 48.5 315.738
-90 48.5 322.494
-89.5 48.5 329.42
-89 48.5 336.512
-88.5 48.5 343.72
-88 48.5 351.076
-87.5 48.5 358.582
-87 48.5 366.243
-86.5 48.5 374.039
-86 48.5 381.904
-85.5 48.5 389.757
-85 48.5 397.641
-84.5 48.5 405.624
-84 48.5 413.694
-83.5 48.5 421.818
-83 48.5 429.946
-82.5 48.5 438.018
-82 48.5 446.222
-81.5 48.5 454.417
-81 48.5 462.521
-119 49 482.341
-118.5 49 473.756
-118 49 464.974
-117.5 49 456.24
-117 49 447.297
-116.5 49 438.725
-116 49 430.188
-115.5 49 421.754
-115 49 413.414
-114.5 49 405.098
-114 49 396.938
-113.5 49 388.937
-113 49 381.17
-112.5 49 373.595
-112 49 366.179
-111.5 49 358.841
-111 49 351.887
-110.5 49 345.132
-110 49 338.736
-109.5 49 332.587
-109 49 326.596
-108.5 49 320.731
-108 49 315.205
-107.5 49 309.845
-107 49 304.61
-106.5 49 299.809
-106 49 295.265
-105.5 49 291.074
-105 49 287.108
-104.5 49 283.303
-104 49 279.712
-103.5 49 276.361
-103 49 273.247
-102.5 49 270.541
-102 49 268.314
-101.5 49 266.554
-101 49 265.138
-100.5 49 263.846
-100 49 262.74
-99.5 49 261.91
-99 49 261.564
-98.5 49 261.872
-98 49 262.825
-97.5 49 264.413
-97 49 266.497
-96.5 49 269.011
-96 49 271.944
-95.5 49 275.292
-95 49 278.969
-94.5 49 283.02
-94 49 287.395
-93.5 49 292.064
-93 49 297.131
-92.5 49 302.513
-92 49 308.14
-91.5 49 313.93
-91 49 319.953
-90.5 49 326.247
-90 49 332.756
-89.5 49 339.354
-89 49 346.071
-88.5 49 353.039
-88 49 360.276
-87.5 49 367.541
-87 49 374.973
-86.5 49 382.54
-86 49 390.245
-85.5 49 398.045
-85 49 405.795
-84.5 49 413.669
-84 49 421.713
-83.5 49 429.868
-83 49 438.046
-82.5 49 446.177
-82 49 454.46
-81.5 49 462.756
-81 49 471.107
