-119 25 3.86524
-118.5 25 3.81867
-118 25 3.80539
-117.5 25 3.81359
-117 25 3.81108
-116.5 25 3.81237
-116 25 3.81533
-115.5 25 3.80785
-115 25 3.80692
-114.5 25 3.808
-114 25 3.80449
-113.5 25 3.79768
-113 25 3.79558
-112.5 25 3.80307
-112 25 3.80459
-111.5 25 3.80326
-111 25 3.80328
-110.5 25 3.79906
-110 25 3.80134
-109.5 25 3.78932
-109 25 3.7902
-108.5 25 3.7943
-108 25 3.78822
-107.5 25 3.7766
-107 25 3.78126
-106.5 25 3.7859
-106 25 3.78628
-105.5 25 3.78778
-105 25 3.78865
-104.5 25 3.7849
-104 25 3.79376
-103.5 25 3.78218
-103 25 3.77351
-102.5 25 3.78714
-102 25 3.78973
-101.5 25 3.79197
-101 25 3.7986
-100.5 25 3.79606
-100 25 3.78258
-99.5 25 3.75415
-99 25 3.76718
-98.5 25 3.86464
-98 25 3.88373
-97.5 25 3.84813
-97 25 3.8007
-96.5 25 3.77782
-96 25 3.77705
-95.5 25 3.78727
-95 25 3.79432
-94.5 25 3.80561
-94 25 3.79431
-93.5 25 3.78902
-93 25 3.80352
-92.5 25 3.80994
-92 25 3.80387
-91.5 25 3.79709
-91 25 3.79474
-90.5 25 3.78461
-90 25 3.7727
-89.5 25 3.78536
-89 25 3.78173
-88.5 25 3.78244
-88 25 3.79912
-87.5 25 3.79445
-87 25 3.79758
-86.5 25 3.79878
-86 25 3.80006
-85.5 25 3.80383
-85 25 3.7945
-84.5 25 3.79357
-84 25 3.80136
-83.5 25 3.80791
-83 25 3.81408
-82.5 25 3.80571
-82 25 3.83586
-81.5 25 3.83357
-81 25 3.77414
-119 25.5 3.88534
-118.5 25.5 3.84167
-118 25.5 3.82948
-117.5 25.5 3.84242
-117 25.5 3.83696
-116.5 25.5 3.84154
-116 25.5 3.84626
-115.5 25.5 3.83804
-115 25.5 3.83746
-114.5 25.5 3.82726
-114 25.5 3.82568
-113.5 25.5 3.81996
-113 25.5 3.81945
-112.5 25.5 3.81803
-112 25.5 3.81576
-111.5 25.5 3.81569
-111 25.5 3.8122
-110.5 25.5 3.81005
-110 25.5 3.80749
-109.5 25.5 3.80448
-109 25.5 3.80479
-108.5 25.5 3.80113
-108 25.5 3.79567
-107.5 25.5 3.79489
-107 25.5 3.79528
-106.5 25.5 3.78964
-106 25.5 3.78983
-105.5 25.5 3.79527
-105 25.5 3.79907
-104.5 25.5 3.79627
-104 25.5 3.79926
-103.5 25.5 3.78936
-103 25.5 3.78169
-102.5 25.5 3.78238
-102 25.5 3.77485
-101.5 25.5 3.7806
-101 25.5 3.7945
-100.5 25.5 3.79245
-100 25.5 3.79579
-99.5 25.5 3.79223
-99 25.5 3.77401
-98.5 25.5 3.81142
-98 25.5 3.86411
-97.5 25.5 3.84105
-97 25.5 3.79957
-96.5 25.5 3.80101
-96 25.5 3.79242
-95.5 25.5 3.79709
-95 25.5 3.80624
-94.5 25.5 3.80008
-94 25.5 3.78752
-93.5 25.5 3.79351
-93 25.5 3.80428
-92.5 25.5 3.80521
-92 25.5 3.80835
-91.5 25.5 3.80949
-91 25.5 3.82137
-90.5 25.5 3.83088
-90 25.5 3.81492
-89.5 25.5 3.81247
-89 25.5 3.81835
-88.5 25.5 3.8094
-88 25.5 3.81469
-87.5 25.5 3.82575
-87 25.5 3.82612
-86.5 25.5 3.83495
-86 25.5 3.82706
-85.5 25.5 3.82344
-85 25.5 3.8282
-84.5 25.5 3.82521
-84 25.5 3.82791
-83.5 25.5 3.82836
-83 25.5 3.82889
-82.5 25.5 3.84519
-82 25.5 3.84989
-81.5 25.5 3.87257
-81 25.5 3.8441
-119 26 3.84641
-118.5 26 3.81079
-118 26 3.79954
-117.5 26 3.809
-117 26 3.80198
-116.5 26 3.80891
-116 26 3.80858
-115.5 26 3.80765
-115 26 3.80475
-114.5 26 3.80229
-114 26 3.80443
-113.5 26 3.80176
-113 26 3.7974
-112.5 26 3.80557
-112 26 3.80862
-111.5 26 3.80961
-111 26 3.80738
-110.5 26 3.81177
-110 26 3.80652
-109.5 26 3.81561
-109 26 3.80786
-108.5 26 3.80888
-108 26 3.80768
-107.5 26 3.80582
-107 26 3.79503
-106.5 26 3.79084
-106 26 3.79646
-105.5 26 3.80495
-105 26 3.81621
-104.5 26 3.81738
-104 26 3.81372
-103.5 26 3.80926
-103 26 3.79999
-102.5 26 3.79741
-102 26 3.79712
-101.5 26 3.80561
-101 26 3.81333
-100.5 26 3.81097
-100 26 3.80831
-99.5 26 3.82766
-99 26 3.82788
-98.5 26 3.73617
-98 26 3.73239
-97.5 26 3.78067
-97 26 3.83648
-96.5 26 3.83504
-96 26 3.80691
-95.5 26 3.78872
-95 26 3.77665
-94.5 26 3.76774
-94 26 3.77074
-93.5 26 3.79129
-93 26 3.80247
-92.5 26 3.80585
-92 26 3.8043
-91.5 26 3.81612
-91 26 3.82401
-90.5 26 3.82758
-90 26 3.83248
-89.5 26 3.8143
-89 26 3.81935
-88.5 26 3.81976
-88 26 3.81369
-87.5 26 3.8153
-87 26 3.81537
-86.5 26 3.82402
-86 26 3.82813
-85.5 26 3.81684
-85 26 3.81398
-84.5 26 3.81746
-84 26 3.81092
-83.5 26 3.80089
-83 26 3.8
-82.5 26 3.80869
-82 26 3.80767
-81.5 26 3.81146
-81 26 3.797
-119 26.5 3.85168
-118.5 26.5 3.82319
-118 26.5 3.81064
-117.5 26.5 3.81908
-117 26.5 3.81011
-116.5 26.5 3.81315
-116 26.5 3.81635
-115.5 26.5 3.81557
-115 26.5 3.81065
-114.5 26.5 3.81239
-114 26.5 3.81353
-113.5 26.5 3.80906
-113 26.5 3.80535
-112.5 26.5 3.80763
-112 26.5 3.80928
-111.5 26.5 3.80913
-111 26.5 3.80696
-110.5 26.5 3.80966
-110 26.5 3.80498
-109.5 26.5 3.8021
-109 26.5 3.80561
-108.5 26.5 3.80412
-108 26.5 3.80165
-107.5 26.5 3.79776
-107 26.5 3.79096
-106.5 26.5 3.79705
-106 26.5 3.79607
-105.5 26.5 3.80199
-105 26.5 3.81787
-104.5 26.5 3.83081
-104 26.5 3.82035
-103.5 26.5 3.80796
-103 26.5 3.8049
-102.5 26.5 3.80124
-102 26.5 3.80407
-101.5 26.5 3.81135
-101 26.5 3.82756
-100.5 26.5 3.82563
-100 26.5 3.81872
-99.5 26.5 3.8054
-99 26.5 3.7699
-98.5 26.5 3.70729
-98 26.5 3.69327
-97.5 26.5 3.73317
-97 26.5 3.80116
-96.5 26.5 3.82117
-96 26.5 3.81453
-95.5 26.5 3.79602
-95 26.5 3.76575
-94.5 26.5 3.76838
-94 26.5 3.78975
-93.5 26.5 3.79334
-93 26.5 3.7992
-92.5 26.5 3.79896
-92 26.5 3.78972
-91.5 26.5 3.79485
-91 26.5 3.81562
-90.5 26.5 3.81149
-90 26.5 3.81864
-89.5 26.5 3.81397
-89 26.5 3.7977
-88.5 26.5 3.80144
-88 26.5 3.81201
-87.5 26.5 3.81471
-87 26.5 3.81577
-86.5 26.5 3.81367
-86 26.5 3.81348
-85.5 26.5 3.82303
-85 26.5 3.82172
-84.5 26.5 3.83038
-84 26.5 3.82457
-83.5 26.5 3.81206
-83 26.5 3.81156
-82.5 26.5 3.83622
-82 26.5 3.83188
-81.5 26.5 3.79834
-81 26.5 3.79356
-119 27 3.8449
-118.5 27 3.82258
-118 27 3.81971
-117.5 27 3.81619
-117 27 3.80674
-116.5 27 3.81106
-116 27 3.81047
-115.5 27 3.80976
-115 27 3.80985
-114.5 27 3.81563
-114 27 3.8136
-113.5 27 3.80865
-113 27 3.80829
-112.5 27 3.80629
-112 27 3.80796
-111.5 27 3.80564
-111 27 3.81021
-110.5 27 3.80756
-110 27 3.80916
-109.5 27 3.80492
-109 27 3.80539
-108.5 27 3.80954
-108 27 3.80567
-107.5 27 3.80009
-107 27 3.80439
-106.5 27 3.7973
-106 27 3.79854
-105.5 27 3.80482
-105 27 3.8126
-104.5 27 3.82973
-104 27 3.82659
-103.5 27 3.80388
-103 27 3.79908
-102.5 27 3.7905
-102 27 3.80441
-101.5 27 3.81572
-101 27 3.83334
-100.5 27 3.83754
-100 27 3.82793
-99.5 27 3.78531
-99 27 3.71964
-98.5 27 3.72484
-98 27 3.75532
-97.5 27 3.75188
-97 27 3.75276
-96.5 27 3.81837
-96 27 3.87564
-95.5 27 3.86835
-95 27 3.84175
-94.5 27 3.81871
-94 27 3.80533
-93.5 27 3.79523
-93 27 3.78634
-92.5 27 3.77709
-92 27 3.76889
-91.5 27 3.76913
-91 27 3.79235
-90.5 27 3.80745
-90 27 3.80884
-89.5 27 3.80895
-89 27 3.795
-88.5 27 3.77386
-88 27 3.77669
-87.5 27 3.80244
-87 27 3.81065
-86.5 27 3.80696
-86 27 3.80338
-85.5 27 3.80865
-85 27 3.81911
-84.5 27 3.82495
-84 27 3.82303
-83.5 27 3.81447
-83 27 3.82021
-82.5 27 3.84222
-82 27 3.86236
-81.5 27 3.83963
-81 27 3.8198
-119 27.5 3.83147
-118.5 27.5 3.83545
-118 27.5 3.81419
-117.5 27.5 3.81407
-117 27.5 3.81066
-116.5 27.5 3.81134
-116 27.5 3.80802
-115.5 27.5 3.80874
-115 27.5 3.81356
-114.5 27.5 3.81809
-114 27.5 3.81483
-113.5 27.5 3.81161
-113 27.5 3.81117
-112.5 27.5 3.81099
-112 27.5 3.80306
-111.5 27.5 3.80615
-111 27.5 3.80933
-110.5 27.5 3.81062
-110 27.5 3.81307
-109.5 27.5 3.80399
-109 27.5 3.80619
-108.5 27.5 3.81017
-108 27.5 3.81407
-107.5 27.5 3.80904
-107 27.5 3.80166
-106.5 27.5 3.79772
-106 27.5 3.80598
-105.5 27.5 3.80202
-105 27.5 3.79817
-104.5 27.5 3.81104
-104 27.5 3.81401
-103.5 27.5 3.7917
-103 27.5 3.78382
-102.5 27.5 3.78066
-102 27.5 3.79106
-101.5 27.5 3.81845
-101 27.5 3.81853
-100.5 27.5 3.81872
-100 27.5 3.80197
-99.5 27.5 3.77961
-99 27.5 3.75498
-98.5 27.5 3.73583
-98 27.5 3.74086
-97.5 27.5 3.76159
-97 27.5 3.792
-96.5 27.5 3.83293
-96 27.5 3.87157
-95.5 27.5 3.87501
-95 27.5 3.87212
-94.5 27.5 3.84608
-94 27.5 3.81323
-93.5 27.5 3.79836
-93 27.5 3.77366
-92.5 27.5 3.76277
-92 27.5 3.75931
-91.5 27.5 3.75907
-91 27.5 3.76657
-90.5 27.5 3.79117
-90 27.5 3.81297
-89.5 27.5 3.82856
-89 27.5 3.81209
-88.5 27.5 3.79106
-88 27.5 3.76521
-87.5 27.5 3.78326
-87 27.5 3.80342
-86.5 27.5 3.80474
-86 27.5 3.80038
-85.5 27.5 3.80455
-85 27.5 3.81505
-84.5 27.5 3.82074
-84 27.5 3.82266
-83.5 27.5 3.82108
-83 27.5 3.83841
-82.5 27.5 3.86501
-82 27.5 3.87357
-81.5 27.5 3.89611
-81 27.5 3.86781
-119 28 3.8243
-118.5 28 3.83552
-118 28 3.80916
-117.5 28 3.81602
-117 28 3.81705
-116.5 28 3.81646
-116 28 3.8121
-115.5 28 3.8124
-115 28 3.81856
-114.5 28 3.81815
-114 28 3.81513
-113.5 28 3.81163
-113 28 3.81523
-112.5 28 3.80833
-112 28 3.8004
-111.5 28 3.80447
-111 28 3.81098
-110.5 28 3.81526
-110 28 3.8089
-109.5 28 3.80798
-109 28 3.80735
-108.5 28 3.80755
-108 28 3.81356
-107.5 28 3.8092
-107 28 3.80816
-106.5 28 3.81638
-106 28 3.79934
-105.5 28 3.80072
-105 28 3.79384
-104.5 28 3.79007
-104 28 3.79427
-103.5 28 3.78833
-103 28 3.78044
-102.5 28 3.77268
-102 28 3.77893
-101.5 28 3.80867
-101 28 3.79559
-100.5 28 3.78187
-100 28 3.78197
-99.5 28 3.78559
-99 28 3.77459
-98.5 28 3.7638
-98 28 3.74709
-97.5 28 3.76505
-97 28 3.80486
-96.5 28 3.78728
-96 28 3.76599
-95.5 28 3.80325
-95 28 3.84004
-94.5 28 3.85103
-94 28 3.85206
-93.5 28 3.85049
-93 28 3.83504
-92.5 28 3.80878
-92 28 3.8007
-91.5 28 3.79799
-91 28 3.78929
-90.5 28 3.80075
-90 28 3.81118
-89.5 28 3.84912
-89 28 3.86135
-88.5 28 3.83683
-88 28 3.80423
-87.5 28 3.79315
-87 28 3.80359
-86.5 28 3.80798
-86 28 3.80196
-85.5 28 3.80517
-85 28 3.81121
-84.5 28 3.81507
-84 28 3.81693
-83.5 28 3.82545
-83 28 3.84986
-82.5 28 3.87567
-82 28 3.86898
-81.5 28 3.93312
-81 28 3.94782
-119 28.5 3.82684
-118.5 28.5 3.83492
-118 28.5 3.80798
-117.5 28.5 3.82293
-117 28.5 3.82275
-116.5 28.5 3.82157
-116 28.5 3.82358
-115.5 28.5 3.81577
-115 28.5 3.81668
-114.5 28.5 3.81285
-114 28.5 3.80841
-113.5 28.5 3.81265
-113 28.5 3.81367
-112.5 28.5 3.80406
-112 28.5 3.80083
-111.5 28.5 3.80328
-111 28.5 3.80847
-110.5 28.5 3.81049
-110 28.5 3.81024
-109.5 28.5 3.80953
-109 28.5 3.80514
-108.5 28.5 3.80493
-108 28.5 3.80252
-107.5 28.5 3.8118
-107 28.5 3.82345
-106.5 28.5 3.8069
-106 28.5 3.80099
-105.5 28.5 3.78813
-105 28.5 3.77847
-104.5 28.5 3.78321
-104 28.5 3.78181
-103.5 28.5 3.78089
-103 28.5 3.78299
-102.5 28.5 3.77088
-102 28.5 3.77576
-101.5 28.5 3.78794
-101 28.5 3.78372
-100.5 28.5 3.77014
-100 28.5 3.78785
-99.5 28.5 3.7904
-99 28.5 3.79629
-98.5 28.5 3.81117
-98 28.5 3.81662
-97.5 28.5 3.80197
-97 28.5 3.77733
-96.5 28.5 3.75369
-96 28.5 3.72434
-95.5 28.5 3.73708
-95 28.5 3.79953
-94.5 28.5 3.83989
-94 28.5 3.86375
-93.5 28.5 3.88799
-93 28.5 3.90024
-92.5 28.5 3.88538
-92 28.5 3.8658
-91.5 28.5 3.85941
-91 28.5 3.8349
-90.5 28.5 3.82894
-90 28.5 3.82388
-89.5 28.5 3.8435
-89 28.5 3.87667
-88.5 28.5 3.87335
-88 28.5 3.84704
-87.5 28.5 3.82396
-87 28.5 3.82195
-86.5 28.5 3.81971
-86 28.5 3.81214
-85.5 28.5 3.80466
-85 28.5 3.80606
-84.5 28.5 3.80477
-84 28.5 3.81626
-83.5 28.5 3.82546
-83 28.5 3.86293
-82.5 28.5 3.88885
-82 28.5 3.86368
-81.5 28.5 3.91998
-81 28.5 3.9996
-119 29 3.82647
-118.5 29 3.84554
-118 29 3.80506
-117.5 29 3.81858
-117 29 3.82477
-116.5 29 3.83264
-116 29 3.82188
-115.5 29 3.8158
-115 29 3.81165
-114.5 29 3.80714
-114 29 3.80874
-113.5 29 3.81102
-113 29 3.80727
-112.5 29 3.80262
-112 29 3.80057
-111.5 29 3.80401
-111 29 3.80802
-110.5 29 3.80957
-110 29 3.81042
-109.5 29 3.81297
-109 29 3.80693
-108.5 29 3.80655
-108 29 3.80698
-107.5 29 3.81262
-107 29 3.81085
-106.5 29 3.80961
-106 29 3.80723
-105.5 29 3.77342
-105 29 3.7679
-104.5 29 3.77198
-104 29 3.75498
-103.5 29 3.75727
-103 29 3.76097
-102.5 29 3.76149
-102 29 3.77828
-101.5 29 3.79536
-101 29 3.79755
-100.5 29 3.79894
-100 29 3.81203
-99.5 29 3.82081
-99 29 3.83646
-98.5 29 3.8455
-98 29 3.85997
-97.5 29 3.84826
-97 29 3.81006
-96.5 29 3.8001
-96 29 3.78375
-95.5 29 3.75286
-95 29 3.76307
-94.5 29 3.79056
-94 29 3.81046
-93.5 29 3.84098
-93 29 3.87136
-92.5 29 3.88286
-92 29 3.85779
-91.5 29 3.87119
-91 29 3.84352
-90.5 29 3.80772
-90 29 3.7838
-89.5 29 3.7825
-89 29 3.82879
-88.5 29 3.85154
-88 29 3.84802
-87.5 29 3.8386
-87 29 3.83557
-86.5 29 3.83635
-86 29 3.82963
-85.5 29 3.8162
-85 29 3.80321
-84.5 29 3.79241
-84 29 3.81416
-83.5 29 3.84023
-83 29 3.87223
-82.5 29 3.91469
-82 29 3.89146
-81.5 29 3.92714
-81 29 4.01951
-119 29.5 3.83123
-118.5 29.5 3.85431
-118 29.5 3.7938
-117.5 29.5 3.80741
-117 29.5 3.81537
-116.5 29.5 3.82568
-116 29.5 3.82742
-115.5 29.5 3.81808
-115 29.5 3.80838
-114.5 29.5 3.80779
-114 29.5 3.80816
-113.5 29.5 3.80445
-113 29.5 3.80014
-112.5 29.5 3.80312
-112 29.5 3.80968
-111.5 29.5 3.81179
-111 29.5 3.81303
-110.5 29.5 3.81395
-110 29.5 3.81785
-109.5 29.5 3.8164
-109 29.5 3.80989
-108.5 29.5 3.80867
-108 29.5 3.81078
-107.5 29.5 3.80998
-107 29.5 3.80693
-106.5 29.5 3.81276
-106 29.5 3.78264
-105.5 29.5 3.77545
-105 29.5 3.76416
-104.5 29.5 3.74662
-104 29.5 3.72101
-103.5 29.5 3.72549
-103 29.5 3.71825
-102.5 29.5 3.74017
-102 29.5 3.77124
-101.5 29.5 3.79132
-101 29.5 3.79909
-100.5 29.5 3.82406
-100 29.5 3.83705
-99.5 29.5 3.84939
-99 29.5 3.85957
-98.5 29.5 3.86133
-98 29.5 3.85149
-97.5 29.5 3.84494
-97 29.5 3.84152
-96.5 29.5 3.81725
-96 29.5 3.80746
-95.5 29.5 3.78878
-95 29.5 3.76538
-94.5 29.5 3.74983
-94 29.5 3.73833
-93.5 29.5 3.73727
-93 29.5 3.75158
-92.5 29.5 3.78878
-92 29.5 3.80176
-91.5 29.5 3.80821
-91 29.5 3.82499
-90.5 29.5 3.79385
-90 29.5 3.77707
-89.5 29.5 3.7394
-89 29.5 3.77182
-88.5 29.5 3.81909
-88 29.5 3.82953
-87.5 29.5 3.83469
-87 29.5 3.83716
-86.5 29.5 3.85005
-86 29.5 3.85324
-85.5 29.5 3.83844
-85 29.5 3.83003
-84.5 29.5 3.81778
-84 29.5 3.83514
-83.5 29.5 3.8645
-83 29.5 3.88237
-82.5 29.5 3.90691
-82 29.5 3.89284
-81.5 29.5 3.92752
-81 29.5 4.0133
-119 30 3.82953
-118.5 30 3.84962
-118 30 3.79225
-117.5 30 3.79608
-117 30 3.80319
-116.5 30 3.81762
-116 30 3.82635
-115.5 30 3.81965
-115 30 3.80742
-114.5 30 3.80891
-114 30 3.81342
-113.5 30 3.80808
-113 30 3.80906
-112.5 30 3.81808
-112 30 3.8242
-111.5 30 3.8227
-111 30 3.82096
-110.5 30 3.82019
-110 30 3.81744
-109.5 30 3.81551
-109 30 3.81355
-108.5 30 3.81145
-108 30 3.8124
-107.5 30 3.81135
-107 30 3.81037
-106.5 30 3.79135
-106 30 3.77973
-105.5 30 3.77427
-105 30 3.75869
-104.5 30 3.73006
-104 30 3.70448
-103.5 30 3.70293
-103 30 3.70306
-102.5 30 3.72538
-102 30 3.74807
-101.5 30 3.75161
-101 30 3.78787
-100.5 30 3.82309
-100 30 3.83626
-99.5 30 3.85181
-99 30 3.86979
-98.5 30 3.86713
-98 30 3.85123
-97.5 30 3.84301
-97 30 3.83958
-96.5 30 3.83229
-96 30 3.82296
-95.5 30 3.80842
-95 30 3.80839
-94.5 30 3.81215
-94 30 3.79278
-93.5 30 3.76141
-93 30 3.72698
-92.5 30 3.72789
-92 30 3.77298
-91.5 30 3.78262
-91 30 3.80234
-90.5 30 3.80573
-90 30 3.81671
-89.5 30 3.78905
-89 30 3.77383
-88.5 30 3.80919
-88 30 3.82066
-87.5 30 3.81983
-87 30 3.82682
-86.5 30 3.84722
-86 30 3.87655
-85.5 30 3.88178
-85 30 3.86886
-84.5 30 3.86093
-84 30 3.85377
-83.5 30 3.87005
-83 30 3.87433
-82.5 30 3.88682
-82 30 3.87825
-81.5 30 3.91316
-81 30 3.97449
-119 30.5 3.84514
-118.5 30.5 3.86052
-118 30.5 3.78612
-117.5 30.5 3.7876
-117 30.5 3.78413
-116.5 30.5 3.79641
-116 30.5 3.81518
-115.5 30.5 3.81577
-115 30.5 3.82
-114.5 30.5 3.82865
-114 30.5 3.8298
-113.5 30.5 3.82729
-113 30.5 3.83056
-112.5 30.5 3.8343
-112 30.5 3.83455
-111.5 30.5 3.82335
-111 30.5 3.81541
-110.5 30.5 3.80592
-110 30.5 3.8001
-109.5 30.5 3.80246
-109 30.5 3.80854
-108.5 30.5 3.80773
-108 30.5 3.79932
-107.5 30.5 3.81008
-107 30.5 3.81224
-106.5 30.5 3.79965
-106 30.5 3.78648
-105.5 30.5 3.75157
-105 30.5 3.72328
-104.5 30.5 3.70618
-104 30.5 3.69608
-103.5 30.5 3.68674
-103 30.5 3.68897
-102.5 30.5 3.71757
-102 30.5 3.7471
-101.5 30.5 3.74632
-101 30.5 3.77659
-100.5 30.5 3.80829
-100 30.5 3.82315
-99.5 30.5 3.85791
-99 30.5 3.88338
-98.5 30.5 3.87975
-98 30.5 3.87517
-97.5 30.5 3.87317
-97 30.5 3.85301
-96.5 30.5 3.85202
-96 30.5 3.84076
-95.5 30.5 3.82994
-95 30.5 3.83402
-94.5 30.5 3.86097
-94 30.5 3.86482
-93.5 30.5 3.84475
-93 30.5 3.80063
-92.5 30.5 3.76045
-92 30.5 3.76627
-91.5 30.5 3.79061
-91 30.5 3.7938
-90.5 30.5 3.78944
-90 30.5 3.81527
-89.5 30.5 3.83086
-89 30.5 3.80782
-88.5 30.5 3.81583
-88 30.5 3.83009
-87.5 30.5 3.82433
-87 30.5 3.8248
-86.5 30.5 3.84317
-86 30.5 3.8607
-85.5 30.5 3.87417
-85 30.5 3.86598
-84.5 30.5 3.85905
-84 30.5 3.86687
-83.5 30.5 3.87334
-83 30.5 3.87366
-82.5 30.5 3.88282
-82 30.5 3.87154
-81.5 30.5 3.91676
-81 30.5 3.96878
-119 31 3.85971
-118.5 31 3.83745
-118 31 3.7859
-117.5 31 3.78495
-117 31 3.76898
-116.5 31 3.79134
-116 31 3.80612
-115.5 31 3.82278
-115 31 3.83741
-114.5 31 3.84241
-114 31 3.84558
-113.5 31 3.84092
-113 31 3.83813
-112.5 31 3.83474
-112 31 3.83248
-111.5 31 3.81805
-111 31 3.80082
-110.5 31 3.77724
-110 31 3.75805
-109.5 31 3.75943
-109 31 3.76819
-108.5 31 3.76563
-108 31 3.77208
-107.5 31 3.79721
-107 31 3.80494
-106.5 31 3.78962
-106 31 3.75838
-105.5 31 3.72389
-105 31 3.68773
-104.5 31 3.68544
-104 31 3.67889
-103.5 31 3.67348
-103 31 3.6964
-102.5 31 3.73228
-102 31 3.76671
-101.5 31 3.76701
-101 31 3.76848
-100.5 31 3.78796
-100 31 3.81724
-99.5 31 3.86414
-99 31 3.88489
-98.5 31 3.88755
-98 31 3.8856
-97.5 31 3.88546
-97 31 3.87169
-96.5 31 3.86606
-96 31 3.85587
-95.5 31 3.84844
-95 31 3.84642
-94.5 31 3.8546
-94 31 3.86485
-93.5 31 3.86457
-93 31 3.83808
-92.5 31 3.79154
-92 31 3.77299
-91.5 31 3.79231
-91 31 3.80677
-90.5 31 3.7952
-90 31 3.79908
-89.5 31 3.83217
-89 31 3.83175
-88.5 31 3.83192
-88 31 3.84872
-87.5 31 3.85888
-87 31 3.85563
-86.5 31 3.86637
-86 31 3.88071
-85.5 31 3.88195
-85 31 3.87666
-84.5 31 3.85558
-84 31 3.85186
-83.5 31 3.86238
-83 31 3.87064
-82.5 31 3.89545
-82 31 3.88905
-81.5 31 3.93134
-81 31 3.99026
-119 31.5 3.86168
-118.5 31.5 3.83355
-118 31.5 3.78211
-117.5 31.5 3.79673
-117 31.5 3.81599
-116.5 31.5 3.81126
-116 31.5 3.80727
-115.5 31.5 3.8198
-115 31.5 3.82829
-114.5 31.5 3.8276
-114 31.5 3.8348
-113.5 31.5 3.8378
-113 31.5 3.82398
-112.5 31.5 3.82121
-112 31.5 3.82233
-111.5 31.5 3.80388
-111 31.5 3.78234
-110.5 31.5 3.7555
-110 31.5 3.73326
-109.5 31.5 3.73334
-109 31.5 3.73363
-108.5 31.5 3.72035
-108 31.5 3.72694
-107.5 31.5 3.75007
-107 31.5 3.74726
-106.5 31.5 3.72454
-106 31.5 3.70709
-105.5 31.5 3.69534
-105 31.5 3.68824
-104.5 31.5 3.68263
-104 31.5 3.67141
-103.5 31.5 3.68909
-103 31.5 3.72947
-102.5 31.5 3.7644
-102 31.5 3.78615
-101.5 31.5 3.79533
-101 31.5 3.78937
-100.5 31.5 3.78543
-100 31.5 3.82429
-99.5 31.5 3.85304
-99 31.5 3.86643
-98.5 31.5 3.86856
-98 31.5 3.86201
-97.5 31.5 3.86081
-97 31.5 3.86509
-96.5 31.5 3.87201
-96 31.5 3.87158
-95.5 31.5 3.85939
-95 31.5 3.85948
-94.5 31.5 3.85993
-94 31.5 3.86493
-93.5 31.5 3.88466
-93 31.5 3.87486
-92.5 31.5 3.8414
-92 31.5 3.81554
-91.5 31.5 3.81402
-91 31.5 3.82127
-90.5 31.5 3.82103
-90 31.5 3.81809
-89.5 31.5 3.83692
-89 31.5 3.84982
-88.5 31.5 3.84813
-88 31.5 3.85943
-87.5 31.5 3.86948
-87 31.5 3.87655
-86.5 31.5 3.88266
-86 31.5 3.8916
-85.5 31.5 3.89399
-85 31.5 3.8944
-84.5 31.5 3.88282
-84 31.5 3.87095
-83.5 31.5 3.87245
-83 31.5 3.87797
-82.5 31.5 3.89893
-82 31.5 3.90095
-81.5 31.5 3.9422
-81 31.5 3.9934
-119 32 3.86802
-118.5 32 3.83792
-118 32 3.80303
-117.5 32 3.83843
-117 32 3.8396
-116.5 32 3.83102
-116 32 3.80794
-115.5 32 3.79191
-115 32 3.79672
-114.5 32 3.80556
-114 32 3.82519
-113.5 32 3.82377
-113 32 3.8078
-112.5 32 3.81133
-112 32 3.80838
-111.5 32 3.79828
-111 32 3.78906
-110.5 32 3.76682
-110 32 3.74005
-109.5 32 3.72897
-109 32 3.71195
-108.5 32 3.6863
-108 32 3.69052
-107.5 32 3.70273
-107 32 3.68377
-106.5 32 3.66353
-106 32 3.67168
-105.5 32 3.6876
-105 32 3.69895
-104.5 32 3.69464
-104 32 3.70591
-103.5 32 3.73682
-103 32 3.76784
-102.5 32 3.79424
-102 32 3.80264
-101.5 32 3.81987
-101 32 3.81165
-100.5 32 3.81206
-100 32 3.83426
-99.5 32 3.83935
-99 32 3.8453
-98.5 32 3.84958
-98 32 3.84088
-97.5 32 3.83542
-97 32 3.84717
-96.5 32 3.85875
-96 32 3.86054
-95.5 32 3.84214
-95 32 3.84103
-94.5 32 3.85003
-94 32 3.85678
-93.5 32 3.87653
-93 32 3.8905
-92.5 32 3.88474
-92 32 3.86855
-91.5 32 3.85652
-91 32 3.84186
-90.5 32 3.82629
-90 32 3.82605
-89.5 32 3.83499
-89 32 3.84537
-88.5 32 3.85814
-88 32 3.87571
-87.5 32 3.8769
-87 32 3.872
-86.5 32 3.87477
-86 32 3.88467
-85.5 32 3.88896
-85 32 3.89691
-84.5 32 3.89955
-84 32 3.89317
-83.5 32 3.88912
-83 32 3.89223
-82.5 32 3.90677
-82 32 3.906
-81.5 32 3.96358
-81 32 4.01641
-119 32.5 3.84713
-118.5 32.5 3.81226
-118 32.5 3.81725
-117.5 32.5 3.845
-117 32.5 3.82724
-116.5 32.5 3.8185
-116 32.5 3.77728
-115.5 32.5 3.75792
-115 32.5 3.7701
-114.5 32.5 3.79786
-114 32.5 3.82706
-113.5 32.5 3.82501
-113 32.5 3.80946
-112.5 32.5 3.79947
-112 32.5 3.79186
-111.5 32.5 3.78835
-111 32.5 3.78763
-110.5 32.5 3.77321
-110 32.5 3.75169
-109.5 32.5 3.73414
-109 32.5 3.70768
-108.5 32.5 3.68524
-108 32.5 3.69156
-107.5 32.5 3.68588
-107 32.5 3.65635
-106.5 32.5 3.65389
-106 32.5 3.67674
-105.5 32.5 3.69421
-105 32.5 3.70175
-104.5 32.5 3.72083
-104 32.5 3.74929
-103.5 32.5 3.77976
-103 32.5 3.79096
-102.5 32.5 3.7816
-102 32.5 3.80088
-101.5 32.5 3.82017
-101 32.5 3.82278
-100.5 32.5 3.82983
-100 32.5 3.83482
-99.5 32.5 3.83899
-99 32.5 3.84271
-98.5 32.5 3.84704
-98 32.5 3.83995
-97.5 32.5 3.83042
-97 32.5 3.83799
-96.5 32.5 3.83784
-96 32.5 3.83631
-95.5 32.5 3.8221
-95 32.5 3.81389
-94.5 32.5 3.8211
-94 32.5 3.82813
-93.5 32.5 3.84259
-93 32.5 3.86657
-92.5 32.5 3.87927
-92 32.5 3.88085
-91.5 32.5 3.88079
-91 32.5 3.87204
-90.5 32.5 3.843
-90 32.5 3.8314
-89.5 32.5 3.83979
-89 32.5 3.84379
-88.5 32.5 3.85467
-88 32.5 3.88328
-87.5 32.5 3.8903
-87 32.5 3.87466
-86.5 32.5 3.87076
-86 32.5 3.87244
-85.5 32.5 3.87632
-85 32.5 3.88696
-84.5 32.5 3.9036
-84 32.5 3.91137
-83.5 32.5 3.91009
-83 32.5 3.90289
-82.5 32.5 3.91108
-82 32.5 3.90413
-81.5 32.5 3.97096
-81 32.5 4.0415
-119 33 3.82649
-118.5 33 3.82639
-118 33 3.82297
-117.5 33 3.8322
-117 33 3.80602
-116.5 33 3.79696
-116 33 3.77435
-115.5 33 3.76041
-115 33 3.76928
-114.5 33 3.79897
-114 33 3.82258
-113.5 33 3.8207
-113 33 3.80122
-112.5 33 3.78488
-112 33 3.77104
-111.5 33 3.76478
-111 33 3.77229
-110.5 33 3.76895
-110 33 3.74741
-109.5 33 3.73216
-109 33 3.70814
-108.5 33 3.69114
-108 33 3.69178
-107.5 33 3.67519
-107 33 3.66064
-106.5 33 3.65997
-106 33 3.67637
-105.5 33 3.68886
-105 33 3.69513
-104.5 33 3.71936
-104 33 3.75529
-103.5 33 3.78152
-103 33 3.77205
-102.5 33 3.76662
-102 33 3.78551
-101.5 33 3.80116
-101 33 3.81585
-100.5 33 3.81864
-100 33 3.82116
-99.5 33 3.8317
-99 33 3.83893
-98.5 33 3.84493
-98 33 3.84158
-97.5 33 3.83611
-97 33 3.83627
-96.5 33 3.83186
-96 33 3.83576
-95.5 33 3.8256
-95 33 3.81744
-94.5 33 3.81934
-94 33 3.81651
-93.5 33 3.81677
-93 33 3.82916
-92.5 33 3.84055
-92 33 3.84755
-91.5 33 3.86102
-91 33 3.87879
-90.5 33 3.87198
-90 33 3.85627
-89.5 33 3.84987
-89 33 3.8509
-88.5 33 3.85408
-88 33 3.8763
-87.5 33 3.88398
-87 33 3.86782
-86.5 33 3.85833
-86 33 3.85352
-85.5 33 3.85576
-85 33 3.86703
-84.5 33 3.89233
-84 33 3.91447
-83.5 33 3.92341
-83 33 3.90382
-82.5 33 3.9042
-82 33 3.8936
-81.5 33 3.95124
-81 33 4.03012
-119 33.5 3.83667
-118.5 33.5 3.83881
-118 33.5 3.82819
-117.5 33.5 3.83242
-117 33.5 3.79378
-116.5 33.5 3.76754
-116 33.5 3.75404
-115.5 33.5 3.77452
-115 33.5 3.80351
-114.5 33.5 3.8102
-114 33.5 3.80808
-113.5 33.5 3.79501
-113 33.5 3.77544
-112.5 33.5 3.75891
-112 33.5 3.75244
-111.5 33.5 3.74637
-111 33.5 3.75237
-110.5 33.5 3.73916
-110 33.5 3.73047
-109.5 33.5 3.71739
-109 33.5 3.69473
-108.5 33.5 3.68104
-108 33.5 3.67628
-107.5 33.5 3.66202
-107 33.5 3.65034
-106.5 33.5 3.65234
-106 33.5 3.67435
-105.5 33.5 3.67617
-105 33.5 3.68308
-104.5 33.5 3.70725
-104 33.5 3.74028
-103.5 33.5 3.75552
-103 33.5 3.758
-102.5 33.5 3.76718
-102 33.5 3.77181
-101.5 33.5 3.77929
-101 33.5 3.78963
-100.5 33.5 3.80286
-100 33.5 3.80543
-99.5 33.5 3.81505
-99 33.5 3.8196
-98.5 33.5 3.82326
-98 33.5 3.8411
-97.5 33.5 3.84389
-97 33.5 3.84043
-96.5 33.5 3.83895
-96 33.5 3.84337
-95.5 33.5 3.84744
-95 33.5 3.85097
-94.5 33.5 3.84781
-94 33.5 3.83991
-93.5 33.5 3.82637
-93 33.5 3.82404
-92.5 33.5 3.82693
-92 33.5 3.82806
-91.5 33.5 3.83812
-91 33.5 3.86173
-90.5 33.5 3.87748
-90 33.5 3.87648
-89.5 33.5 3.87241
-89 33.5 3.87426
-88.5 33.5 3.867
-88 33.5 3.87273
-87.5 33.5 3.87825
-87 33.5 3.86103
-86.5 33.5 3.84885
-86 33.5 3.83982
-85.5 33.5 3.83191
-85 33.5 3.84031
-84.5 33.5 3.86811
-84 33.5 3.89103
-83.5 33.5 3.91839
-83 33.5 3.92055
-82.5 33.5 3.91112
-82 33.5 3.89575
-81.5 33.5 3.94367
-81 33.5 4.01177
-119 34 3.83291
-118.5 34 3.82063
-118 34 3.80963
-117.5 34 3.81247
-117 34 3.78013
-116.5 34 3.75827
-116 34 3.75785
-115.5 34 3.78185
-115 34 3.80465
-114.5 34 3.81885
-114 34 3.79966
-113.5 34 3.76063
-113 34 3.74307
-112.5 34 3.75367
-112 34 3.7368
-111.5 34 3.73111
-111 34 3.73716
-110.5 34 3.72045
-110 34 3.70476
-109.5 34 3.70554
-109 34 3.69581
-108.5 34 3.66971
-108 34 3.65173
-107.5 34 3.64129
-107 34 3.6356
-106.5 34 3.65049
-106 34 3.6635
-105.5 34 3.6706
-105 34 3.68514
-104.5 34 3.69985
-104 34 3.71717
-103.5 34 3.74176
-103 34 3.76015
-102.5 34 3.77447
-102 34 3.7726
-101.5 34 3.76658
-101 34 3.77266
-100.5 34 3.7859
-100 34 3.79053
-99.5 34 3.80068
-99 34 3.80409
-98.5 34 3.80569
-98 34 3.82633
-97.5 34 3.83876
-97 34 3.83906
-96.5 34 3.84052
-96 34 3.83958
-95.5 34 3.85392
-95 34 3.86542
-94.5 34 3.86697
-94 34 3.86119
-93.5 34 3.85487
-93 34 3.84935
-92.5 34 3.84671
-92 34 3.83898
-91.5 34 3.83574
-91 34 3.85254
-90.5 34 3.87213
-90 34 3.88125
-89.5 34 3.88727
-89 34 3.89234
-88.5 34 3.89733
-88 34 3.88429
-87.5 34 3.8724
-87 34 3.86782
-86.5 34 3.85393
-86 34 3.83927
-85.5 34 3.82815
-85 34 3.81371
-84.5 34 3.83873
-84 34 3.87409
-83.5 34 3.89403
-83 34 3.90998
-82.5 34 3.91716
-82 34 3.90235
-81.5 34 3.94847
-81 34 4.00999
-119 34.5 3.82629
-118.5 34.5 3.81819
-118 34.5 3.78815
-117.5 34.5 3.79213
-117 34.5 3.78176
-116.5 34.5 3.7713
-116 34.5 3.76326
-115.5 34.5 3.77314
-115 34.5 3.78846
-114.5 34.5 3.79844
-114 34.5 3.78201
-113.5 34.5 3.74665
-113 34.5 3.73275
-112.5 34.5 3.72594
-112 34.5 3.71987
-111.5 34.5 3.72954
-111 34.5 3.71418
-110.5 34.5 3.69642
-110 34.5 3.69886
-109.5 34.5 3.71832
-109 34.5 3.69883
-108.5 34.5 3.66986
-108 34.5 3.64887
-107.5 34.5 3.62768
-107 34.5 3.62157
-106.5 34.5 3.63337
-106 34.5 3.65109
-105.5 34.5 3.67023
-105 34.5 3.6846
-104.5 34.5 3.69338
-104 34.5 3.71315
-103.5 34.5 3.74128
-103 34.5 3.76731
-102.5 34.5 3.78742
-102 34.5 3.78539
-101.5 34.5 3.77075
-101 34.5 3.7675
-100.5 34.5 3.76792
-100 34.5 3.77561
-99.5 34.5 3.78324
-99 34.5 3.79313
-98.5 34.5 3.79505
-98 34.5 3.80077
-97.5 34.5 3.81865
-97 34.5 3.832
-96.5 34.5 3.83631
-96 34.5 3.83459
-95.5 34.5 3.83546
-95 34.5 3.84239
-94.5 34.5 3.84836
-94 34.5 3.84979
-93.5 34.5 3.85785
-93 34.5 3.86325
-92.5 34.5 3.8652
-92 34.5 3.85781
-91.5 34.5 3.84672
-91 34.5 3.85131
-90.5 34.5 3.86928
-90 34.5 3.88223
-89.5 34.5 3.90508
-89 34.5 3.92433
-88.5 34.5 3.91927
-88 34.5 3.90476
-87.5 34.5 3.87553
-87 34.5 3.865
-86.5 34.5 3.86931
-86 34.5 3.84905
-85.5 34.5 3.83663
-85 34.5 3.81896
-84.5 34.5 3.80733
-84 34.5 3.83455
-83.5 34.5 3.8644
-83 34.5 3.88621
-82.5 34.5 3.90641
-82 34.5 3.89789
-81.5 34.5 3.94108
-81 34.5 4.00131
-119 35 3.82171
-118.5 35 3.80803
-118 35 3.74892
-117.5 35 3.76465
-117 35 3.77493
-116.5 35 3.76514
-116 35 3.75722
-115.5 35 3.75618
-115 35 3.75718
-114.5 35 3.76577
-114 35 3.75974
-113.5 35 3.74157
-113 35 3.72753
-112.5 35 3.71336
-112 35 3.7071
-111.5 35 3.6938
-111 35 3.68583
-110.5 35 3.68436
-110 35 3.70238
-109.5 35 3.72424
-109 35 3.71654
-108.5 35 3.68621
-108 35 3.65763
-107.5 35 3.62588
-107 35 3.60775
-106.5 35 3.61431
-106 35 3.63712
-105.5 35 3.64657
-105 35 3.66237
-104.5 35 3.68314
-104 35 3.71035
-103.5 35 3.7419
-103 35 3.77384
-102.5 35 3.78946
-102 35 3.79049
-101.5 35 3.77872
-101 35 3.76803
-100.5 35 3.75853
-100 35 3.7648
-99.5 35 3.75831
-99 35 3.77114
-98.5 35 3.78137
-98 35 3.78676
-97.5 35 3.8036
-97 35 3.83432
-96.5 35 3.85378
-96 35 3.85114
-95.5 35 3.83378
-95 35 3.82838
-94.5 35 3.82524
-94 35 3.82635
-93.5 35 3.84613
-93 35 3.87076
-92.5 35 3.87658
-92 35 3.87093
-91.5 35 3.86518
-91 35 3.86251
-90.5 35 3.8699
-90 35 3.89285
-89.5 35 3.92017
-89 35 3.93629
-88.5 35 3.92923
-88 35 3.91321
-87.5 35 3.89318
-87 35 3.87759
-86.5 35 3.8783
-86 35 3.86356
-85.5 35 3.83848
-85 35 3.81788
-84.5 35 3.8086
-84 35 3.82025
-83.5 35 3.84018
-83 35 3.86466
-82.5 35 3.88994
-82 35 3.88667
-81.5 35 3.93077
-81 35 3.9871
-119 35.5 3.8068
-118.5 35.5 3.78276
-118 35.5 3.72526
-117.5 35.5 3.7239
-117 35.5 3.7321
-116.5 35.5 3.74685
-116 35.5 3.74304
-115.5 35.5 3.7281
-115 35.5 3.71897
-114.5 35.5 3.72037
-114 35.5 3.72876
-113.5 35.5 3.7363
-113 35.5 3.72737
-112.5 35.5 3.70509
-112 35.5 3.68691
-111.5 35.5 3.68443
-111 35.5 3.68162
-110.5 35.5 3.6763
-110 35.5 3.6948
-109.5 35.5 3.72551
-109 35.5 3.72494
-108.5 35.5 3.696
-108 35.5 3.6609
-107.5 35.5 3.62203
-107 35.5 3.60037
-106.5 35.5 3.59879
-106 35.5 3.59956
-105.5 35.5 3.61204
-105 35.5 3.64229
-104.5 35.5 3.67124
-104 35.5 3.70667
-103.5 35.5 3.74555
-103 35.5 3.76792
-102.5 35.5 3.77827
-102 35.5 3.7798
-101.5 35.5 3.77631
-101 35.5 3.75608
-100.5 35.5 3.74825
-100 35.5 3.7462
-99.5 35.5 3.75174
-99 35.5 3.76628
-98.5 35.5 3.78789
-98 35.5 3.80971
-97.5 35.5 3.82781
-97 35.5 3.8514
-96.5 35.5 3.87967
-96 35.5 3.88151
-95.5 35.5 3.86765
-95 35.5 3.85556
-94.5 35.5 3.84671
-94 35.5 3.84159
-93.5 35.5 3.85597
-93 35.5 3.88481
-92.5 35.5 3.90035
-92 35.5 3.89678
-91.5 35.5 3.891
-91 35.5 3.88781
-90.5 35.5 3.88763
-90 35.5 3.89643
-89.5 35.5 3.92262
-89 35.5 3.94066
-88.5 35.5 3.92862
-88 35.5 3.9089
-87.5 35.5 3.89549
-87 35.5 3.88279
-86.5 35.5 3.87975
-86 35.5 3.87577
-85.5 35.5 3.8546
-85 35.5 3.83189
-84.5 35.5 3.81711
-84 35.5 3.8174
-83.5 35.5 3.81399
-83 35.5 3.83114
-82.5 35.5 3.87295
-82 35.5 3.8686
-81.5 35.5 3.91919
-81 35.5 3.98169
-119 36 3.7916
-118.5 36 3.75922
-118 36 3.69319
-117.5 36 3.68865
-117 36 3.70166
-116.5 36 3.71088
-116 36 3.71376
-115.5 36 3.71213
-115 36 3.6944
-114.5 36 3.68942
-114 36 3.70801
-113.5 36 3.72528
-113 36 3.71765
-112.5 36 3.70188
-112 36 3.69096
-111.5 36 3.68098
-111 36 3.67453
-110.5 36 3.68046
-110 36 3.6998
-109.5 36 3.7205
-109 36 3.71531
-108.5 36 3.68819
-108 36 3.6516
-107.5 36 3.62491
-107 36 3.60122
-106.5 36 3.5765
-106 36 3.5689
-105.5 36 3.59022
-105 36 3.61974
-104.5 36 3.65997
-104 36 3.7034
-103.5 36 3.73831
-103 36 3.75919
-102.5 36 3.77366
-102 36 3.77538
-101.5 36 3.76658
-101 36 3.75591
-100.5 36 3.74961
-100 36 3.74656
-99.5 36 3.77003
-99 36 3.79557
-98.5 36 3.8234
-98 36 3.84656
-97.5 36 3.8703
-97 36 3.88283
-96.5 36 3.89048
-96 36 3.89694
-95.5 36 3.89714
-95 36 3.89109
-94.5 36 3.88543
-94 36 3.87918
-93.5 36 3.88744
-93 36 3.90477
-92.5 36 3.9089
-92 36 3.90397
-91.5 36 3.90404
-91 36 3.90182
-90.5 36 3.9007
-90 36 3.90911
-89.5 36 3.91783
-89 36 3.92356
-88.5 36 3.91203
-88 36 3.89934
-87.5 36 3.88733
-87 36 3.87131
-86.5 36 3.87317
-86 36 3.87523
-85.5 36 3.85355
-85 36 3.83324
-84.5 36 3.82597
-84 36 3.82044
-83.5 36 3.82284
-83 36 3.82399
-82.5 36 3.84782
-82 36 3.85148
-81.5 36 3.89638
-81 36 3.96205
-119 36.5 3.78466
-118.5 36.5 3.74994
-118 36.5 3.6744
-117.5 36.5 3.66364
-117 36.5 3.66788
-116.5 36.5 3.6793
-116 36.5 3.70007
-115.5 36.5 3.70418
-115 36.5 3.68962
-114.5 36.5 3.68988
-114 36.5 3.6957
-113.5 36.5 3.69702
-113 36.5 3.69274
-112.5 36.5 3.68959
-112 36.5 3.68837
-111.5 36.5 3.68338
-111 36.5 3.68871
-110.5 36.5 3.71073
-110 36.5 3.72277
-109.5 36.5 3.71516
-109 36.5 3.69452
-108.5 36.5 3.66468
-108 36.5 3.64207
-107.5 36.5 3.62867
-107 36.5 3.59915
-106.5 36.5 3.56561
-106 36.5 3.55662
-105.5 36.5 3.57259
-105 36.5 3.6041
-104.5 36.5 3.64814
-104 36.5 3.6932
-103.5 36.5 3.72504
-103 36.5 3.75156
-102.5 36.5 3.77984
-102 36.5 3.78842
-101.5 36.5 3.78598
-98.5 36.5 3.86326
-98 36.5 3.88113
-97.5 36.5 3.89199
-97 36.5 3.90552
-96.5 36.5 3.91359
-96 36.5 3.90938
-95.5 36.5 3.90262
-95 36.5 3.90151
-94.5 36.5 3.90083
-94 36.5 3.89833
-93.5 36.5 3.89855
-93 36.5 3.90413
-92.5 36.5 3.90612
-92 36.5 3.89911
-91.5 36.5 3.89798
-91 36.5 3.89841
-90.5 36.5 3.89316
-90 36.5 3.90073
-89.5 36.5 3.91125
-89 36.5 3.9113
-88.5 36.5 3.9009
-88 36.5 3.86913
-87.5 36.5 3.85481
-87 36.5 3.85235
-86.5 36.5 3.85207
-86 36.5 3.85808
-85.5 36.5 3.85543
-85 36.5 3.83663
-84.5 36.5 3.81988
-84 36.5 3.81811
-83.5 36.5 3.81947
-83 36.5 3.82628
-82.5 36.5 3.83266
-82 36.5 3.82161
-81.5 36.5 3.85137
-81 36.5 3.92741
-119 37 3.76444
-118.5 37 3.71736
-118 37 3.65083
-117.5 37 3.6476
-117 37 3.65447
-116.5 37 3.65929
-116 37 3.67841
-115.5 37 3.69996
-115 37 3.70206
-114.5 37 3.69231
-114 37 3.67884
-113.5 37 3.66356
-113 37 3.65304
-112.5 37 3.6549
-112 37 3.67058
-111.5 37 3.68737
-111 37 3.70783
-110.5 37 3.73038
-110 37 3.73277
-109.5 37 3.71296
-109 37 3.68032
-108.5 37 3.64961
-108 37 3.64028
-107.5 37 3.62432
-107 37 3.59255
-106.5 37 3.56439
-106 37 3.55609
-105.5 37 3.57045
-105 37 3.60255
-104.5 37 3.64615
-104 37 3.68202
-103.5 37 3.71365
-103 37 3.76259
-97 37 3.92111
-96.5 37 3.92672
-96 37 3.92282
-95.5 37 3.91038
-95 37 3.90371
-94.5 37 3.90288
-94 37 3.89848
-93.5 37 3.89083
-93 37 3.88808
-92.5 37 3.88937
-92 37 3.89326
-91.5 37 3.89868
-91 37 3.89658
-90.5 37 3.88333
-90 37 3.87854
-89.5 37 3.88744
-89 37 3.88792
-88.5 37 3.88682
-88 37 3.8752
-87.5 37 3.84906
-87 37 3.83344
-86.5 37 3.83465
-86 37 3.84355
-85.5 37 3.83755
-85 37 3.8278
-84.5 37 3.82185
-84 37 3.82524
-83.5 37 3.82922
-83 37 3.82667
-82.5 37 3.82895
-82 37 3.82161
-81.5 37 3.83866
-81 37 3.88134
-119 37.5 3.71273
-118.5 37.5 3.66243
-118 37.5 3.62789
-117.5 37.5 3.64114
-117 37.5 3.64918
-116.5 37.5 3.66723
-116 37.5 3.67986
-115.5 37.5 3.68799
-115 37.5 3.69843
-114.5 37.5 3.68867
-114 37.5 3.66323
-113.5 37.5 3.63574
-113 37.5 3.62532
-112.5 37.5 3.62034
-112 37.5 3.63515
-111.5 37.5 3.67925
-111 37.5 3.70355
-110.5 37.5 3.71378
-110 37.5 3.71757
-109.5 37.5 3.70052
-109 37.5 3.67887
-108.5 37.5 3.6614
-108 37.5 3.62979
-107.5 37.5 3.58962
-107 37.5 3.56165
-106.5 37.5 3.5552
-106 37.5 3.56569
-105.5 37.5 3.58633
-105 37.5 3.61687
-104.5 37.5 3.64376
-104 37.5 3.67556
-103.5 37.5 3.73423
-96.5 37.5 3.93992
-96 37.5 3.92623
-95.5 37.5 3.91159
-95 37.5 3.90412
-94.5 37.5 3.90422
-94 37.5 3.89959
-93.5 37.5 3.88827
-93 37.5 3.88135
-92.5 37.5 3.88215
-92 37.5 3.88641
-91.5 37.5 3.89131
-91 37.5 3.88969
-90.5 37.5 3.88218
-90 37.5 3.8746
-89.5 37.5 3.8722
-89 37.5 3.87277
-88.5 37.5 3.87036
-88 37.5 3.86264
-87.5 37.5 3.85361
-87 37.5 3.84276
-86.5 37.5 3.83327
-86 37.5 3.83706
-85.5 37.5 3.83384
-85 37.5 3.82543
-84.5 37.5 3.81872
-84 37.5 3.82978
-83.5 37.5 3.84992
-83 37.5 3.84561
-82.5 37.5 3.84629
-82 37.5 3.82425
-81.5 37.5 3.83749
-81 37.5 3.87539
-119 38 3.66822
-118.5 38 3.63567
-118 38 3.61378
-117.5 38 3.6397
-117 38 3.66647
-116.5 38 3.69014
-116 38 3.69604
-115.5 38 3.69465
-115 38 3.68244
-114.5 38 3.67165
-114 38 3.65073
-113.5 38 3.62551
-113 38 3.61065
-112.5 38 3.61154
-112 38 3.62596
-111.5 38 3.64548
-111 38 3.66743
-110.5 38 3.69071
-110 38 3.69739
-109.5 38 3.68916
-109 38 3.68649
-108.5 38 3.6627
-108 38 3.60633
-107.5 38 3.55673
-107 38 3.53424
-106.5 38 3.55373
-106 38 3.58311
-105.5 38 3.60587
-105 38 3.62795
-104.5 38 3.64056
-104 38 3.67836
-96 38 3.93647
-95.5 38 3.91688
-95 38 3.90563
-94.5 38 3.90073
-94 38 3.89976
-93.5 38 3.89313
-93 38 3.89161
-92.5 38 3.89096
-92 38 3.88749
-91.5 38 3.88365
-91 38 3.88191
-90.5 38 3.87377
-90 38 3.86017
-89.5 38 3.85831
-89 38 3.86942
-88.5 38 3.87001
-88 38 3.86455
-87.5 38 3.85587
-87 38 3.843
-86.5 38 3.835
-86 38 3.83704
-85.5 38 3.83851
-85 38 3.83307
-84.5 38 3.8323
-84 38 3.83486
-83.5 38 3.84587
-83 38 3.86721
-82.5 38 3.88157
-82 38 3.85641
-81.5 38 3.84017
-81 38 3.86
-119 38.5 3.65421
-118.5 38.5 3.63761
-118 38.5 3.63092
-117.5 38.5 3.6652
-117 38.5 3.69238
-116.5 38.5 3.70329
-116 38.5 3.69058
-115.5 38.5 3.69044
-115 38.5 3.70547
-114.5 38.5 3.71052
-114 38.5 3.68166
-113.5 38.5 3.63249
-113 38.5 3.60471
-112.5 38.5 3.59479
-112 38.5 3.60417
-111.5 38.5 3.62399
-111 38.5 3.65001
-110.5 38.5 3.67961
-110 38.5 3.69416
-109.5 38.5 3.6888
-109 38.5 3.67773
-108.5 38.5 3.65302
-108 38.5 3.60911
-107.5 38.5 3.55923
-107 38.5 3.54855
-106.5 38.5 3.57309
-106 38.5 3.59395
-105.5 38.5 3.61334
-105 38.5 3.61545
-104.5 38.5 3.6261
-95.5 38.5 3.92987
-95 38.5 3.90923
-94.5 38.5 3.89972
-94 38.5 3.89407
-93.5 38.5 3.89202
-93 38.5 3.89515
-92.5 38.5 3.9028
-92 38.5 3.89756
-91.5 38.5 3.8836
-91 38.5 3.86927
-90.5 38.5 3.85795
-90 38.5 3.85604
-89.5 38.5 3.8592
-89 38.5 3.86647
-88.5 38.5 3.87048
-88 38.5 3.86813
-87.5 38.5 3.86245
-87 38.5 3.84811
-86.5 38.5 3.84064
-86 38.5 3.84433
-85.5 38.5 3.8511
-85 38.5 3.85233
-84.5 38.5 3.8439
-84 38.5 3.83869
-83.5 38.5 3.85052
-83 38.5 3.87425
-82.5 38.5 3.89384
-82 38.5 3.86953
-81.5 38.5 3.85025
-81 38.5 3.86538
-119 39 3.6746
-118.5 39 3.64711
-118 39 3.65729
-117.5 39 3.69782
-117 39 3.71321
-116.5 39 3.71287
-116 39 3.70341
-115.5 39 3.71564
-115 39 3.73479
-114.5 39 3.73661
-114 39 3.70066
-113.5 39 3.65017
-113 39 3.61826
-112.5 39 3.60389
-112 39 3.61483
-111.5 39 3.63015
-111 39 3.64112
-110.5 39 3.6619
-110 39 3.68489
-109.5 39 3.69239
-109 39 3.67518
-108.5 39 3.63659
-108 39 3.60582
-107.5 39 3.57736
-107 39 3.56626
-106.5 39 3.57888
-106 39 3.59503
-105.5 39 3.60941
-105 39 3.6119
-95 39 3.91587
-94.5 39 3.89793
-94 39 3.88997
-93.5 39 3.89152
-93 39 3.89509
-92.5 39 3.89755
-92 39 3.89415
-91.5 39 3.88442
-91 39 3.87309
-90.5 39 3.8596
-90 39 3.84989
-89.5 39 3.85267
-89 39 3.86492
-88.5 39 3.87384
-88 39 3.87233
-87.5 39 3.86406
-87 39 3.85706
-86.5 39 3.85811
-86 39 3.87111
-85.5 39 3.87861
-85 39 3.87435
-84.5 39 3.85864
-84 39 3.83733
-83.5 39 3.84722
-83 39 3.88016
-82.5 39 3.90062
-82 39 3.88642
-81.5 39 3.87256
-81 39 3.8723
-119 39.5 3.69234
-118.5 39.5 3.67596
-118 39.5 3.67381
-117.5 39.5 3.71738
-117 39.5 3.72689
-116.5 39.5 3.7262
-116 39.5 3.72106
-115.5 39.5 3.73049
-115 39.5 3.74454
-114.5 39.5 3.74426
-114 39.5 3.71312
-113.5 39.5 3.66474
-113 39.5 3.63754
-112.5 39.5 3.63181
-112 39.5 3.62738
-111.5 39.5 3.62953
-111 39.5 3.6439
-110.5 39.5 3.66509
-110 39.5 3.6795
-109.5 39.5 3.6728
-109 39.5 3.6448
-108.5 39.5 3.61882
-108 39.5 3.60446
-107.5 39.5 3.58389
-107 39.5 3.57363
-106.5 39.5 3.58154
-106 39.5 3.60193
-105.5 39.5 3.60691
-105 39.5 3.608
-95 39.5 3.92277
-94.5 39.5 3.89847
-94 39.5 3.88833
-93.5 39.5 3.8847
-93 39.5 3.88901
-92.5 39.5 3.89046
-92 39.5 3.88564
-91.5 39.5 3.88583
-91 39.5 3.88534
-90.5 39.5 3.8766
-90 39.5 3.86662
-89.5 39.5 3.86316
-89 39.5 3.86647
-88.5 39.5 3.86847
-88 39.5 3.86939
-87.5 39.5 3.8656
-87 39.5 3.86734
-86.5 39.5 3.88169
-86 39.5 3.8948
-85.5 39.5 3.90117
-85 39.5 3.89442
-84.5 39.5 3.86679
-84 39.5 3.84768
-83.5 39.5 3.85335
-83 39.5 3.88042
-82.5 39.5 3.90985
-82 39.5 3.8907
-81.5 39.5 3.88017
-81 39.5 3.88546
-119 40 3.6745
-118.5 40 3.68247
-118 40 3.69554
-117.5 40 3.72691
-117 40 3.72608
-116.5 40 3.72333
-116 40 3.72249
-115.5 40 3.74275
-115 40 3.74799
-114.5 40 3.7319
-114 40 3.70856
-113.5 40 3.67295
-113 40 3.65502
-112.5 40 3.65632
-112 40 3.67405
-111.5 40 3.68045
-111 40 3.66559
-110.5 40 3.66432
-110 40 3.66429
-109.5 40 3.66079
-109 40 3.63652
-108.5 40 3.60018
-108 40 3.59042
-107.5 40 3.59443
-107 40 3.59742
-106.5 40 3.60025
-106 40 3.60112
-105.5 40 3.59967
-105 40 3.61464
-95 40 3.91632
-94.5 40 3.90165
-94 40 3.88824
-93.5 40 3.87961
-93 40 3.88134
-92.5 40 3.88521
-92 40 3.88871
-91.5 40 3.89545
-91 40 3.90192
-90.5 40 3.8958
-90 40 3.8843
-89.5 40 3.8802
-89 40 3.87675
-88.5 40 3.87109
-88 40 3.87233
-87.5 40 3.87283
-87 40 3.88056
-86.5 40 3.90138
-86 40 3.92141
-85.5 40 3.91996
-85 40 3.90652
-84.5 40 3.88211
-84 40 3.84993
-83.5 40 3.85984
-83 40 3.89267
-82.5 40 3.91489
-82 40 3.8924
-81.5 40 3.88259
-81 40 3.89111
-119 40.5 3.66814
-118.5 40.5 3.68903
-118 40.5 3.69158
-117.5 40.5 3.71174
-117 40.5 3.70957
-116.5 40.5 3.71347
-116 40.5 3.72147
-115.5 40.5 3.7313
-115 40.5 3.7277
-114.5 40.5 3.73965
-114 40.5 3.73733
-113.5 40.5 3.69911
-113 40.5 3.68342
-112.5 40.5 3.68474
-112 40.5 3.70064
-111.5 40.5 3.70314
-111 40.5 3.67892
-110.5 40.5 3.65996
-110 40.5 3.65746
-109.5 40.5 3.66477
-109 40.5 3.64707
-108.5 40.5 3.62007
-108 40.5 3.60959
-107.5 40.5 3.60942
-107 40.5 3.62436
-106.5 40.5 3.62756
-106 40.5 3.61386
-105.5 40.5 3.61
-105 40.5 3.63321
-95 40.5 3.89568
-94.5 40.5 3.89005
-94 40.5 3.88643
-93.5 40.5 3.8846
-93 40.5 3.88749
-92.5 40.5 3.89355
-92 40.5 3.90248
-91.5 40.5 3.90604
-91 40.5 3.90756
-90.5 40.5 3.90563
-90 40.5 3.89574
-89.5 40.5 3.89145
-89 40.5 3.88854
-88.5 40.5 3.88241
-88 40.5 3.88055
-87.5 40.5 3.88623
-87 40.5 3.90154
-86.5 40.5 3.92083
-86 40.5 3.93057
-85.5 40.5 3.92279
-85 40.5 3.91075
-84.5 40.5 3.88971
-84 40.5 3.86323
-83.5 40.5 3.87522
-83 40.5 3.9071
-82.5 40.5 3.9176
-82 40.5 3.89029
-81.5 40.5 3.89606
-81 40.5 3.89561
-119 41 3.65913
-118.5 41 3.68411
-118 41 3.68653
-117.5 41 3.72229
-117 41 3.71269
-116.5 41 3.70038
-116 41 3.71146
-115.5 41 3.71605
-115 41 3.70843
-114.5 41 3.71588
-114 41 3.72101
-113.5 41 3.70818
-113 41 3.7118
-112.5 41 3.71209
-112 41 3.70414
-111.5 41 3.69998
-111 41 3.67963
-110.5 41 3.69102
-110 41 3.70071
-109.5 41 3.6875
-109 41 3.65488
-108.5 41 3.62196
-108 41 3.62645
-107.5 41 3.63471
-107 41 3.66434
-106.5 41 3.67598
-106 41 3.66405
-105.5 41 3.6588
-105 41 3.66822
-95 41 3.87866
-94.5 41 3.87108
-94 41 3.88033
-93.5 41 3.88971
-93 41 3.89438
-92.5 41 3.90087
-92 41 3.91017
-91.5 41 3.91506
-91 41 3.91749
-90.5 41 3.91697
-90 41 3.90814
-89.5 41 3.90127
-89 41 3.89769
-88.5 41 3.89126
-88 41 3.89006
-87.5 41 3.89235
-87 41 3.91002
-86.5 41 3.93327
-86 41 3.9402
-85.5 41 3.94732
-85 41 3.93596
-84.5 41 3.90519
-84 41 3.87714
-83.5 41 3.88079
-83 41 3.90169
-82.5 41 3.90619
-82 41 3.86669
-81.5 41 3.85493
-81 41 3.89125
-119 41.5 3.65628
-118.5 41.5 3.65975
-118 41.5 3.66817
-117.5 41.5 3.70153
-117 41.5 3.69545
-116.5 41.5 3.68685
-116 41.5 3.68485
-115.5 41.5 3.69201
-115 41.5 3.69841
-114.5 41.5 3.69647
-114 41.5 3.68876
-113.5 41.5 3.67344
-113 41.5 3.68518
-112.5 41.5 3.71636
-112 41.5 3.71937
-111.5 41.5 3.71015
-111 41.5 3.70461
-110.5 41.5 3.71197
-110 41.5 3.71869
-109.5 41.5 3.70802
-109 41.5 3.68736
-108.5 41.5 3.6546
-108 41.5 3.6461
-107.5 41.5 3.66569
-107 41.5 3.69594
-106.5 41.5 3.72039
-106 41.5 3.7372
-105.5 41.5 3.72777
-105 41.5 3.70921
-104.5 41.5 3.71051
-95.5 41.5 3.88188
-95 41.5 3.86703
-94.5 41.5 3.85989
-94 41.5 3.86233
-93.5 41.5 3.87001
-93 41.5 3.88657
-92.5 41.5 3.90631
-92 41.5 3.91705
-91.5 41.5 3.92153
-91 41.5 3.92678
-90.5 41.5 3.92981
-90 41.5 3.92316
-89.5 41.5 3.91061
-89 41.5 3.90996
-88.5 41.5 3.91533
-88 41.5 3.9072
-87.5 41.5 3.91453
-87 41.5 3.93283
-86.5 41.5 3.94116
-86 41.5 3.94629
-85.5 41.5 3.95559
-85 41.5 3.93859
-84.5 41.5 3.89398
-84 41.5 3.86088
-83.5 41.5 3.84613
-83 41.5 3.85994
-82.5 41.5 3.88846
-82 41.5 3.87069
-81.5 41.5 3.88025
-81 41.5 3.91771
-119 42 3.63903
-118.5 42 3.65036
-118 42 3.65463
-117.5 42 3.67796
-117 42 3.67372
-116.5 42 3.67132
-116 42 3.65982
-115.5 42 3.64854
-115 42 3.65624
-114.5 42 3.66435
-114 42 3.65518
-113.5 42 3.65171
-113 42 3.66892
-112.5 42 3.68771
-112 42 3.70863
-111.5 42 3.71563
-111 42 3.70052
-110.5 42 3.68944
-110 42 3.69878
-109.5 42 3.71166
-109 42 3.70815
-108.5 42 3.68852
-108 42 3.6762
-107.5 42 3.69662
-107 42 3.74034
-106.5 42 3.74258
-106 42 3.74818
-105.5 42 3.77492
-105 42 3.74941
-104.5 42 3.73528
-95.5 42 3.87611
-95 42 3.85841
-94.5 42 3.8571
-94 42 3.85307
-93.5 42 3.8591
-93 42 3.88179
-92.5 42 3.9069
-92 42 3.91987
-91.5 42 3.92197
-91 42 3.92439
-90.5 42 3.92836
-90 42 3.92978
-89.5 42 3.93531
-89 42 3.94019
-88.5 42 3.94128
-88 42 3.9339
-87.5 42 3.92557
-87 42 3.93301
-86.5 42 3.94001
-86 42 3.93609
-85.5 42 3.92443
-85 42 3.9005
-84.5 42 3.872
-84 42 3.84482
-83.5 42 3.84298
-83 42 3.86565
-82.5 42 3.90209
-82 42 3.88213
-81.5 42 3.88897
-81 42 3.95373
-119 42.5 3.64822
-118.5 42.5 3.63136
-118 42.5 3.65384
-117.5 42.5 3.67829
-117 42.5 3.65012
-116.5 42.5 3.63403
-116 42.5 3.62941
-115.5 42.5 3.63092
-115 42.5 3.65439
-114.5 42.5 3.64216
-114 42.5 3.60865
-113.5 42.5 3.61069
-113 42.5 3.6258
-112.5 42.5 3.649
-112 42.5 3.66716
-111.5 42.5 3.67098
-111 42.5 3.66389
-110.5 42.5 3.65432
-110 42.5 3.67658
-109.5 42.5 3.72654
-109 42.5 3.70432
-108.5 42.5 3.68646
-108 42.5 3.70929
-107.5 42.5 3.7108
-107 42.5 3.72475
-106.5 42.5 3.74451
-106 42.5 3.75458
-105.5 42.5 3.78134
-105 42.5 3.7854
-104.5 42.5 3.76367
-104 42.5 3.76053
-96 42.5 3.89391
-95.5 42.5 3.88427
-95 42.5 3.87415
-94.5 42.5 3.85825
-94 42.5 3.84964
-93.5 42.5 3.86118
-93 42.5 3.88545
-92.5 42.5 3.90532
-92 42.5 3.9161
-91.5 42.5 3.91837
-91 42.5 3.91855
-90.5 42.5 3.92223
-90 42.5 3.93533
-89.5 42.5 3.95307
-89 42.5 3.96381
-88.5 42.5 3.96289
-88 42.5 3.93323
-87.5 42.5 3.88905
-87 42.5 3.88221
-86.5 42.5 3.91018
-86 42.5 3.93156
-85.5 42.5 3.94877
-85 42.5 3.93942
-84.5 42.5 3.90084
-84 42.5 3.88151
-83.5 42.5 3.88598
-83 42.5 3.89722
-82.5 42.5 3.9222
-82 42.5 3.9064
-81.5 42.5 3.92814
-81 42.5 3.94892
-119 43 3.65012
-118.5 43 3.63905
-118 43 3.6473
-117.5 43 3.6822
-117 43 3.66985
-116.5 43 3.6489
-116 43 3.63434
-115.5 43 3.64242
-115 43 3.6542
-114.5 43 3.6467
-114 43 3.60674
-113.5 43 3.57417
-113 43 3.58203
-112.5 43 3.59573
-112 43 3.59329
-111.5 43 3.59517
-111 43 3.61351
-110.5 43 3.6411
-110 43 3.66284
-109.5 43 3.68261
-109 43 3.70143
-108.5 43 3.70184
-108 43 3.71693
-107.5 43 3.72638
-107 43 3.72804
-106.5 43 3.73955
-106 43 3.75391
-105.5 43 3.7749
-105 43 3.78651
-104.5 43 3.78236
-104 43 3.77153
-103.5 43 3.75385
-103 43 3.74581
-97 43 3.8861
-96.5 43 3.88851
-96 43 3.89605
-95.5 43 3.89935
-95 43 3.88746
-94.5 43 3.86921
-94 43 3.85602
-93.5 43 3.86312
-93 43 3.88387
-92.5 43 3.89666
-92 43 3.90545
-91.5 43 3.90771
-91 43 3.91053
-90.5 43 3.91996
-90 43 3.93859
-89.5 43 3.95935
-89 43 3.97531
-88.5 43 3.96487
-88 43 3.91611
-87.5 43 3.8753
-87 43 3.89021
-86.5 43 3.9337
-86 43 3.95854
-85.5 43 3.9684
-85 43 3.95135
-84.5 43 3.91787
-84 43 3.90401
-83.5 43 3.90731
-83 43 3.91336
-82.5 43 3.92318
-82 43 3.89161
-81.5 43 3.90696
-81 43 3.95976
-119 43.5 3.65333
-118.5 43.5 3.66265
-118 43.5 3.67366
-117.5 43.5 3.70268
-117 43.5 3.69108
-116.5 43.5 3.6714
-116 43.5 3.65444
-115.5 43.5 3.65954
-115 43.5 3.663
-114.5 43.5 3.64465
-114 43.5 3.61314
-113.5 43.5 3.57418
-113 43.5 3.56224
-112.5 43.5 3.56734
-112 43.5 3.56194
-111.5 43.5 3.55971
-111 43.5 3.57873
-110.5 43.5 3.61282
-110 43.5 3.63358
-109.5 43.5 3.65104
-109 43.5 3.68197
-108.5 43.5 3.70184
-108 43.5 3.72693
-107.5 43.5 3.75404
-107 43.5 3.75694
-106.5 43.5 3.75924
-106 43.5 3.76976
-105.5 43.5 3.78089
-105 43.5 3.79514
-104.5 43.5 3.79886
-104 43.5 3.7787
-103.5 43.5 3.75731
-103 43.5 3.73553
-102.5 43.5 3.74001
-102 43.5 3.76045
-98 43.5 3.88816
-97.5 43.5 3.88907
-97 43.5 3.88889
-96.5 43.5 3.89633
-96 43.5 3.90366
-95.5 43.5 3.90366
-95 43.5 3.89626
-94.5 43.5 3.87759
-94 43.5 3.86284
-93.5 43.5 3.86104
-93 43.5 3.86253
-92.5 43.5 3.87585
-92 43.5 3.89087
-91.5 43.5 3.89368
-91 43.5 3.89639
-90.5 43.5 3.91715
-90 43.5 3.94166
-89.5 43.5 3.96059
-89 43.5 3.97559
-88.5 43.5 3.96216
-88 43.5 3.92705
-87.5 43.5 3.89288
-87 43.5 3.91805
-86.5 43.5 3.9608
-86 43.5 3.95898
-85.5 43.5 3.95039
-85 43.5 3.93523
-84.5 43.5 3.92011
-84 43.5 3.91687
-83.5 43.5 3.91127
-83 43.5 3.92067
-82.5 43.5 3.91912
-82 43.5 3.88882
-81.5 43.5 3.93379
-81 43.5 3.99304
-119 44 3.67889
-118.5 44 3.68324
-118 44 3.69434
-117.5 44 3.72289
-117 44 3.71674
-116.5 44 3.70982
-116 44 3.69143
-115.5 44 3.67685
-115 44 3.66534
-114.5 44 3.64379
-114 44 3.61781
-113.5 44 3.60195
-113 44 3.59306
-112.5 44 3.5839
-112 44 3.57891
-111.5 44 3.57487
-111 44 3.57065
-110.5 44 3.58046
-110 44 3.60409
-109.5 44 3.64069
-109 44 3.68658
-108.5 44 3.71419
-108 44 3.74085
-107.5 44 3.78464
-107 44 3.80142
-106.5 44 3.79678
-106 44 3.78651
-105.5 44 3.78852
-105 44 3.80706
-104.5 44 3.80818
-104 44 3.78557
-103.5 44 3.7677
-103 44 3.75979
-102.5 44 3.75519
-102 44 3.77364
-101.5 44 3.79193
-101 44 3.81652
-100.5 44 3.84733
-100 44 3.86952
-99.5 44 3.88234
-99 44 3.88972
-98.5 44 3.90181
-98 44 3.90757
-97.5 44 3.91188
-97 44 3.91609
-96.5 44 3.91554
-96 44 3.90639
-95.5 44 3.90034
-95 44 3.88794
-94.5 44 3.87712
-94 44 3.86342
-93.5 44 3.83958
-93 44 3.82418
-92.5 44 3.84934
-92 44 3.87301
-91.5 44 3.88262
-91 44 3.8962
-90.5 44 3.92296
-90 44 3.94152
-89.5 44 3.96027
-89 44 3.975
-88.5 44 3.96149
-88 44 3.92439
-87.5 44 3.88911
-87 44 3.90607
-86.5 44 3.95178
-86 44 3.96959
-85.5 44 3.95926
-85 44 3.93653
-84.5 44 3.91459
-84 44 3.90289
-83.5 44 3.91745
-83 44 3.93736
-82.5 44 3.93231
-82 44 3.89852
-81.5 44 3.95219
-81 44 4.01435
-119 44.5 3.72229
-118.5 44.5 3.70624
-118 44.5 3.71456
-117.5 44.5 3.74897
-117 44.5 3.7436
-116.5 44.5 3.73596
-116 44.5 3.72277
-115.5 44.5 3.70469
-115 44.5 3.68719
-114.5 44.5 3.66771
-114 44.5 3.64585
-113.5 44.5 3.63475
-113 44.5 3.6348
-112.5 44.5 3.62791
-112 44.5 3.62166
-111.5 44.5 3.61697
-111 44.5 3.59165
-110.5 44.5 3.58453
-110 44.5 3.61244
-109.5 44.5 3.65471
-109 44.5 3.6966
-108.5 44.5 3.73982
-108 44.5 3.77769
-107.5 44.5 3.82053
-107 44.5 3.84579
-106.5 44.5 3.82622
-106 44.5 3.80284
-105.5 44.5 3.7907
-105 44.5 3.80738
-104.5 44.5 3.82006
-104 44.5 3.79635
-103.5 44.5 3.77534
-103 44.5 3.7809
-102.5 44.5 3.78873
-102 44.5 3.80217
-101.5 44.5 3.81428
-101 44.5 3.81967
-100.5 44.5 3.84867
-100 44.5 3.88833
-99.5 44.5 3.91236
-99 44.5 3.92089
-98.5 44.5 3.92718
-98 44.5 3.9378
-97.5 44.5 3.95022
-97 44.5 3.94626
-96.5 44.5 3.92539
-96 44.5 3.90468
-95.5 44.5 3.89251
-95 44.5 3.88458
-94.5 44.5 3.87336
-94 44.5 3.8534
-93.5 44.5 3.81952
-93 44.5 3.81205
-92.5 44.5 3.84417
-92 44.5 3.86604
-91.5 44.5 3.88487
-91 44.5 3.91058
-90.5 44.5 3.92423
-90 44.5 3.94162
-89.5 44.5 3.9535
-89 44.5 3.94928
-88.5 44.5 3.93389
-88 44.5 3.9166
-87.5 44.5 3.90186
-87 44.5 3.89916
-86.5 44.5 3.92561
-86 44.5 3.959
-85.5 44.5 3.96406
-85 44.5 3.95023
-84.5 44.5 3.92855
-84 44.5 3.92015
-83.5 44.5 3.91313
-83 44.5 3.89609
-82.5 44.5 3.89947
-82 44.5 3.89344
-81.5 44.5 3.96362
-81 44.5 4.04056
-119 45 3.77108
-118.5 45 3.76876
-118 45 3.7545
-117.5 45 3.77865
-117 45 3.76503
-116.5 45 3.76031
-116 45 3.75542
-115.5 45 3.74596
-115 45 3.73454
-114.5 45 3.71983
-114 45 3.70009
-113.5 45 3.69169
-113 45 3.68173
-112.5 45 3.66404
-112 45 3.64452
-111.5 45 3.63491
-111 45 3.6345
-110.5 45 3.62612
-110 45 3.64845
-109.5 45 3.69686
-109 45 3.72953
-108.5 45 3.77078
-108 45 3.81183
-107.5 45 3.83909
-107 45 3.86096
-106.5 45 3.84682
-106 45 3.81463
-105.5 45 3.80576
-105 45 3.81106
-104.5 45 3.82177
-104 45 3.81129
-103.5 45 3.79118
-103 45 3.7944
-102.5 45 3.81015
-102 45 3.81968
-101.5 45 3.82968
-101 45 3.83621
-100.5 45 3.85148
-100 45 3.89627
-99.5 45 3.93201
-99 45 3.94973
-98.5 45 3.95276
-98 45 3.96093
-97.5 45 3.96292
-97 45 3.94702
-96.5 45 3.92203
-96 45 3.90635
-95.5 45 3.90042
-95 45 3.89181
-94.5 45 3.87357
-94 45 3.85114
-93.5 45 3.82788
-93 45 3.82973
-92.5 45 3.84449
-92 45 3.8604
-91.5 45 3.89452
-91 45 3.91473
-90.5 45 3.92161
-90 45 3.92345
-89.5 45 3.92808
-89 45 3.93327
-88.5 45 3.92554
-88 45 3.91268
-87.5 45 3.89931
-87 45 3.89229
-86.5 45 3.91119
-86 45 3.93744
-85.5 45 3.9681
-85 45 3.96725
-84.5 45 3.93985
-84 45 3.93057
-83.5 45 3.91063
-83 45 3.88336
-82.5 45 3.88583
-82 45 3.8962
-81.5 45 3.98766
-81 45 4.06558
-119 45.5 3.78177
-118.5 45.5 3.80283
-118 45.5 3.79025
-117.5 45.5 3.80731
-117 45.5 3.7941
-116.5 45.5 3.79646
-116 45.5 3.77825
-115.5 45.5 3.76978
-115 45.5 3.77702
-114.5 45.5 3.76782
-114 45.5 3.74579
-113.5 45.5 3.71536
-113 45.5 3.69707
-112.5 45.5 3.69347
-112 45.5 3.6806
-111.5 45.5 3.66757
-111 45.5 3.66237
-110.5 45.5 3.67797
-110 45.5 3.70277
-109.5 45.5 3.72882
-109 45.5 3.74332
-108.5 45.5 3.7858
-108 45.5 3.83704
-107.5 45.5 3.85302
-107 45.5 3.8543
-106.5 45.5 3.84397
-106 45.5 3.82472
-105.5 45.5 3.82337
-105 45.5 3.83061
-104.5 45.5 3.83024
-104 45.5 3.82359
-103.5 45.5 3.80761
-103 45.5 3.80493
-102.5 45.5 3.81266
-102 45.5 3.81819
-101.5 45.5 3.82219
-101 45.5 3.83588
-100.5 45.5 3.85
-100 45.5 3.88333
-99.5 45.5 3.92364
-99 45.5 3.95186
-98.5 45.5 3.96616
-98 45.5 3.96776
-97.5 45.5 3.95731
-97 45.5 3.93838
-96.5 45.5 3.92276
-96 45.5 3.91872
-95.5 45.5 3.90835
-95 45.5 3.89317
-94.5 45.5 3.87714
-94 45.5 3.86206
-93.5 45.5 3.84569
-93 45.5 3.83913
-92.5 45.5 3.8365
-92 45.5 3.85724
-91.5 45.5 3.88997
-91 45.5 3.90712
-90.5 45.5 3.90814
-90 45.5 3.90655
-89.5 45.5 3.91605
-89 45.5 3.92175
-88.5 45.5 3.91598
-88 45.5 3.90987
-87.5 45.5 3.91623
-87 45.5 3.90667
-86.5 45.5 3.89961
-86 45.5 3.92488
-85.5 45.5 3.9511
-85 45.5 3.94009
-84.5 45.5 3.93061
-84 45.5 3.91386
-83.5 45.5 3.92114
-83 45.5 3.93615
-82.5 45.5 3.9435
-82 45.5 3.91613
-81.5 45.5 3.96037
-81 45.5 4.05714
-119 46 3.79107
-118.5 46 3.80446
-118 46 3.80443
-117.5 46 3.83398
-117 46 3.82245
-116.5 46 3.83764
-116 46 3.82824
-115.5 46 3.8058
-115 46 3.79572
-114.5 46 3.76783
-114 46 3.73732
-113.5 46 3.72093
-113 46 3.71401
-112.5 46 3.73438
-112 46 3.70647
-111.5 46 3.68156
-111 46 3.70509
-110.5 46 3.72041
-110 46 3.73173
-109.5 46 3.74137
-109 46 3.76169
-108.5 46 3.7931
-108 46 3.82887
-107.5 46 3.84825
-107 46 3.84096
-106.5 46 3.83602
-106 46 3.82911
-105.5 46 3.8256
-105 46 3.84149
-104.5 46 3.84373
-104 46 3.82454
-103.5 46 3.81113
-103 46 3.80536
-102.5 46 3.80972
-102 46 3.81465
-101.5 46 3.82076
-101 46 3.83219
-100.5 46 3.84596
-100 46 3.86438
-99.5 46 3.90517
-99 46 3.95104
-98.5 46 3.97948
-98 46 3.98108
-97.5 46 3.96443
-97 46 3.94758
-96.5 46 3.93426
-96 46 3.93078
-95.5 46 3.91639
-95 46 3.90608
-94.5 46 3.89601
-94 46 3.88194
-93.5 46 3.86803
-93 46 3.85468
-92.5 46 3.84421
-92 46 3.86548
-91.5 46 3.88742
-91 46 3.89491
-90.5 46 3.89554
-90 46 3.90184
-89.5 46 3.9034
-89 46 3.9
-88.5 46 3.89987
-88 46 3.9162
-87.5 46 3.93268
-87 46 3.91942
-86.5 46 3.9115
-86 46 3.92898
-85.5 46 3.93199
-85 46 3.92085
-84.5 46 3.89897
-84 46 3.8988
-83.5 46 3.95411
-83 46 3.98493
-82.5 46 3.98852
-82 46 3.95341
-81.5 46 3.97633
-81 46 4.06637
-119 46.5 3.8066
-118.5 46.5 3.83367
-118 46.5 3.82174
-117.5 46.5 3.87913
-117 46.5 3.86829
-116.5 46.5 3.85978
-116 46.5 3.83154
-115.5 46.5 3.81341
-115 46.5 3.81593
-114.5 46.5 3.7838
-114 46.5 3.7473
-113.5 46.5 3.72804
-113 46.5 3.71269
-112.5 46.5 3.7156
-112 46.5 3.74296
-111.5 46.5 3.74837
-111 46.5 3.75122
-110.5 46.5 3.74873
-110 46.5 3.73927
-109.5 46.5 3.74198
-109 46.5 3.76817
-108.5 46.5 3.80466
-108 46.5 3.8201
-107.5 46.5 3.82782
-107 46.5 3.83935
-106.5 46.5 3.82476
-106 46.5 3.8299
-105.5 46.5 3.8235
-105 46.5 3.82144
-104.5 46.5 3.82325
-104 46.5 3.80781
-103.5 46.5 3.79777
-103 46.5 3.80029
-102.5 46.5 3.81533
-102 46.5 3.82515
-101.5 46.5 3.83489
-101 46.5 3.84347
-100.5 46.5 3.85717
-100 46.5 3.87238
-99.5 46.5 3.91469
-99 46.5 3.96664
-98.5 46.5 3.99337
-98 46.5 3.99634
-97.5 46.5 3.98029
-97 46.5 3.96047
-96.5 46.5 3.95738
-96 46.5 3.94581
-95.5 46.5 3.93894
-95 46.5 3.93157
-94.5 46.5 3.92183
-94 46.5 3.90977
-93.5 46.5 3.89417
-93 46.5 3.87859
-92.5 46.5 3.8798
-92 46.5 3.88526
-91.5 46.5 3.89173
-91 46.5 3.89205
-90.5 46.5 3.88386
-90 46.5 3.87392
-89.5 46.5 3.86377
-89 46.5 3.87488
-88.5 46.5 3.89858
-88 46.5 3.92307
-87.5 46.5 3.92528
-87 46.5 3.91367
-86.5 46.5 3.90453
-86 46.5 3.88797
-85.5 46.5 3.88452
-85 46.5 3.90016
-84.5 46.5 3.91132
-84 46.5 3.92393
-83.5 46.5 3.95513
-83 46.5 3.98734
-82.5 46.5 4.01544
-82 46.5 3.97873
-81.5 46.5 4.0178
-81 46.5 4.09142
-119 47 3.8281
-118.5 47 3.84164
-118 47 3.83213
-117.5 47 3.87102
-117 47 3.87184
-116.5 47 3.86775
-116 47 3.85458
-115.5 47 3.84132
-115 47 3.81744
-114.5 47 3.77514
-114 47 3.74944
-113.5 47 3.73677
-113 47 3.73108
-112.5 47 3.74447
-112 47 3.76712
-111.5 47 3.77824
-111 47 3.7826
-110.5 47 3.77964
-110 47 3.75642
-109.5 47 3.746
-109 47 3.76429
-108.5 47 3.78897
-108 47 3.82175
-107.5 47 3.81876
-107 47 3.82026
-106.5 47 3.83906
-106 47 3.83555
-105.5 47 3.81942
-105 47 3.79633
-104.5 47 3.79638
-104 47 3.78257
-103.5 47 3.77499
-103 47 3.78782
-102.5 47 3.81555
-102 47 3.83413
-101.5 47 3.84473
-101 47 3.84607
-100.5 47 3.85157
-100 47 3.87669
-99.5 47 3.9199
-99 47 3.9661
-98.5 47 3.99101
-98 47 3.99152
-97.5 47 3.98312
-97 47 3.97669
-96.5 47 3.97198
-96 47 3.96744
-95.5 47 3.96077
-95 47 3.95425
-94.5 47 3.95033
-94 47 3.94159
-93.5 47 3.92635
-93 47 3.91887
-92.5 47 3.91115
-92 47 3.90762
-91.5 47 3.89776
-91 47 3.87595
-90.5 47 3.8584
-90 47 3.84492
-89.5 47 3.85698
-89 47 3.88655
-88.5 47 3.89692
-88 47 3.87659
-87.5 47 3.84837
-87 47 3.85759
-86.5 47 3.85402
-86 47 3.84195
-85.5 47 3.83435
-85 47 3.86314
-84.5 47 3.89449
-84 47 3.92573
-83.5 47 3.95299
-83 47 3.97359
-82.5 47 3.99097
-82 47 3.96895
-81.5 47 4.02994
-81 47 4.03625
-119 47.5 3.85208
-118.5 47.5 3.86652
-118 47.5 3.8222
-117.5 47.5 3.84252
-117 47.5 3.84119
-116.5 47.5 3.83655
-116 47.5 3.82672
-115.5 47.5 3.82157
-115 47.5 3.80931
-114.5 47.5 3.78378
-114 47.5 3.76058
-113.5 47.5 3.74737
-113 47.5 3.75317
-112.5 47.5 3.77034
-112 47.5 3.78728
-111.5 47.5 3.80037
-111 47.5 3.81115
-110.5 47.5 3.81157
-110 47.5 3.8047
-109.5 47.5 3.78343
-109 47.5 3.77761
-108.5 47.5 3.79237
-108 47.5 3.80344
-107.5 47.5 3.82708
-107 47.5 3.82075
-106.5 47.5 3.8289
-106 47.5 3.84412
-105.5 47.5 3.82767
-105 47.5 3.79548
-104.5 47.5 3.79262
-104 47.5 3.79062
-103.5 47.5 3.77955
-103 47.5 3.78284
-102.5 47.5 3.80503
-102 47.5 3.83145
-101.5 47.5 3.83945
-101 47.5 3.8384
-100.5 47.5 3.84479
-100 47.5 3.86585
-99.5 47.5 3.89765
-99 47.5 3.94471
-98.5 47.5 3.97736
-98 47.5 3.98788
-97.5 47.5 3.9866
-97 47.5 3.99043
-96.5 47.5 3.97758
-96 47.5 3.97828
-95.5 47.5 3.97347
-95 47.5 3.96555
-94.5 47.5 3.96502
-94 47.5 3.95969
-93.5 47.5 3.95325
-93 47.5 3.94486
-92.5 47.5 3.93141
-92 47.5 3.92752
-91.5 47.5 3.91614
-91 47.5 3.89409
-90.5 47.5 3.87006
-90 47.5 3.86582
-89.5 47.5 3.88681
-89 47.5 3.89529
-88.5 47.5 3.88181
-88 47.5 3.83393
-87.5 47.5 3.81431
-87 47.5 3.82293
-86.5 47.5 3.82564
-86 47.5 3.82231
-85.5 47.5 3.82781
-85 47.5 3.84383
-84.5 47.5 3.84486
-84 47.5 3.86118
-83.5 47.5 3.88718
-83 47.5 3.90516
-82.5 47.5 3.90514
-82 47.5 3.89143
-81.5 47.5 3.95183
-81 47.5 3.89458
-119 48 3.92812
-118.5 48 3.89162
-118 48 3.83987
-117.5 48 3.85072
-117 48 3.82752
-116.5 48 3.81697
-116 48 3.81585
-115.5 48 3.80205
-115 48 3.78464
-114.5 48 3.76421
-114 48 3.75804
-113.5 48 3.76408
-113 48 3.77008
-112.5 48 3.78409
-112 48 3.79902
-111.5 48 3.80746
-111 48 3.81923
-110.5 48 3.82743
-110 48 3.83301
-109.5 48 3.83645
-109 48 3.81737
-108.5 48 3.80995
-108 48 3.805
-107.5 48 3.80572
-107 48 3.82998
-106.5 48 3.82164
-106 48 3.84347
-105.5 48 3.84457
-105 48 3.8183
-104.5 48 3.80211
-104 48 3.80378
-103.5 48 3.79358
-103 48 3.79143
-102.5 48 3.80141
-102 48 3.83055
-101.5 48 3.837
-101 48 3.8343
-100.5 48 3.85041
-100 48 3.86779
-99.5 48 3.90019
-99 48 3.94263
-98.5 48 3.97375
-98 48 3.99362
-97.5 48 3.98776
-97 48 3.98387
-96.5 48 3.98606
-96 48 3.97772
-95.5 48 3.97787
-95 48 3.96832
-94.5 48 3.97024
-94 48 3.97248
-93.5 48 3.96119
-93 48 3.93309
-92.5 48 3.91693
-92 48 3.91352
-91.5 48 3.9045
-91 48 3.88609
-90.5 48 3.86134
-90 48 3.86241
-89.5 48 3.88034
-89 48 3.8893
-88.5 48 3.86758
-88 48 3.8303
-87.5 48 3.83118
-87 48 3.81832
-86.5 48 3.80336
-86 48 3.81153
-85.5 48 3.82075
-85 48 3.82523
-84.5 48 3.81639
-84 48 3.80683
-83.5 48 3.82184
-83 48 3.82159
-82.5 48 3.81713
-82 48 3.84234
-81.5 48 3.8747
-81 48 3.85936
-119 48.5 3.8048
-118.5 48.5 3.80664
-118 48.5 3.76013
-117.5 48.5 3.78563
-117 48.5 3.81202
-116.5 48.5 3.79474
-116 48.5 3.79816
-115.5 48.5 3.79966
-115 48.5 3.79077
-114.5 48.5 3.78317
-114 48.5 3.77674
-113.5 48.5 3.79074
-113 48.5 3.8077
-112.5 48.5 3.82135
-112 48.5 3.83653
-111.5 48.5 3.85399
-111 48.5 3.85733
-110.5 48.5 3.87686
-110 48.5 3.88177
-109.5 48.5 3.87736
-109 48.5 3.85728
-108.5 48.5 3.83579
-108 48.5 3.81826
-107.5 48.5 3.79672
-107 48.5 3.81811
-106.5 48.5 3.82612
-106 48.5 3.82733
-105.5 48.5 3.84253
-105 48.5 3.82797
-104.5 48.5 3.80586
-104 48.5 3.80444
-103.5 48.5 3.80041
-103 48.5 3.80716
-102.5 48.5 3.81247
-102 48.5 3.82233
-101.5 48.5 3.8261
-101 48.5 3.82609
-100.5 48.5 3.8445
-100 48.5 3.87823
-99.5 48.5 3.91952
-99 48.5 3.94745
-98.5 48.5 3.96481
-98 48.5 3.97207
-97.5 48.5 3.97383
-97 48.5 3.97143
-96.5 48.5 3.97743
-96 48.5 3.97473
-95.5 48.5 3.96372
-95 48.5 3.95734
-94.5 48.5 3.95387
-94 48.5 3.9442
-93.5 48.5 3.91697
-93 48.5 3.88165
-92.5 48.5 3.866
-92 48.5 3.86707
-91.5 48.5 3.86743
-91 48.5 3.84941
-90.5 48.5 3.8416
-90 48.5 3.85823
-89.5 48.5 3.86587
-89 48.5 3.87562
-88.5 48.5 3.86759
-88 48.5 3.85135
-87.5 48.5 3.84319
-87 48.5 3.82491
-86.5 48.5 3.82229
-86 48.5 3.83231
-85.5 48.5 3.84045
-85 48.5 3.84101
-84.5 48.5 3.82354
-84 48.5 3.81413
-83.5 48.5 3.81052
-83 48.5 3.82319
-82.5 48.5 3.82439
-82 48.5 3.81171
-81.5 48.5 3.82663
-81 48.5 3.76277
-119 49 3.73938
-118.5 49 3.71401
-118 49 3.67523
-117.5 49 3.64234
-117 49 3.67447
-116.5 49 3.73412
-116 49 3.74416
-115.5 49 3.76252
-115 49 3.76295
-114.5 49 3.77201
-114 49 3.79494
-113.5 49 3.82493
-113 49 3.85636
-112.5 49 3.87325
-112 49 3.8719
-111.5 49 3.90718
-111 49 3.94275
-110.5 49 3.96408
-110 49 3.98075
-109.5 49 3.9643
-109 49 3.93147
-108.5 49 3.91495
-108 49 3.89274
-107.5 49 3.85087
-107 49 3.843
-106.5 49 3.86126
-106 49 3.86047
-105.5 49 3.86002
-105 49 3.84695
-104.5 49 3.828
-104 49 3.81921
-103.5 49 3.81881
-103 49 3.82467
-102.5 49 3.83485
-102 49 3.83457
-101.5 49 3.84065
-101 49 3.84989
-100.5 49 3.86487
-100 49 3.89542
-99.5 49 3.923
-99 49 3.94279
-98.5 49 3.9593
-98 49 3.96653
-97.5 49 3.97865
-97 49 3.98668
-96.5 49 3.98487
-96 49 3.98792
-95.5 49 3.97474
-95 49 3.97017
-94.5 49 3.9632
-94 49 3.944
-93.5 49 3.91955
-93 49 3.89782
-92.5 49 3.89428
-92 49 3.90359
-91.5 49 3.90569
-91 49 3.89485
-90.5 49 3.89024
-90 49 3.90138
-89.5 49 3.9281
-89 49 3.9287
-88.5 49 3.89101
-88 49 3.8779
-87.5 49 3.88265
-87 49 3.86908
-86.5 49 3.85734
-86 49 3.84467
-85.5 49 3.85306
-85 49 3.8559
-84.5 49 3.82018
-84 49 3.78164
-83.5 49 3.76273
-83 49 3.76593
-82.5 49 3.74282
-82 49 3.71323
-81.5 49 3.69749
-81 49 3.74286
