-119 25 1.8018
-118.5 25 1.03462
-118 25 0.300287
-117.5 25 -0.11333
-117 25 0.00954955
-116.5 25 0.542731
-116 25 0.844072
-115.5 25 0.0926953
-115 25 -1.97167
-114.5 25 -2.86732
-114 25 -1.89034
-113.5 25 -1.10008
-113 25 -1.13347
-112.5 25 -1.84502
-112 25 -2.29083
-111.5 25 -1.70407
-111 25 -0.929493
-110.5 25 -0.308115
-110 25 0.219962
-109.5 25 0.659729
-109 25 1.23627
-108.5 25 1.83761
-108 25 2.40195
-107.5 25 2.56192
-107 25 2.0552
-106.5 25 1.81745
-106 25 1.91952
-105.5 25 1.48712
-105 25 0.234083
-104.5 25 -1.04286
-104 25 -1.4697
-103.5 25 -1.15341
-103 25 -0.977841
-102.5 25 -1.66046
-102 25 -1.87851
-101.5 25 -0.404549
-101 25 1.96082
-100.5 25 2.90637
-100 25 3.99021
-99.5 25 7.11309
-99 25 15.1041
-98.5 25 21.4388
-98 25 17.7499
-97.5 25 7.20262
-97 25 7.16663
-96.5 25 4.05056
-95 25 -0.772879
-94.5 25 1.81528
-94 25 2.48669
-93.5 25 -5.28452
-93 25 -7.56187
-92.5 25 0.427144
-92 25 1.85187
-91.5 25 3.09525
-91 25 3.47403
-90.5 25 4.16144
-90 25 3.67511
-89.5 25 1.20242
-89 25 2.70857
-88.5 25 3.84561
-88 25 4.51145
-87.5 25 -2.61649
-87 25 -4.67044
-86.5 25 -9.99012
-86 25 -18.1714
-85.5 25 -12.7303
-85 25 -7.49623
-84.5 25 -6.83069
-84 25 -7.2411
-83.5 25 -8.2593
-83 25 -9.59657
-82.5 25 -9.73914
-82 25 -8.22338
-81.5 25 -5.24161
-81 25 -3.69162
-119 25.5 2.16435
-118.5 25.5 1.73687
-118 25.5 1.03165
-117.5 25.5 0.281927
-117 25.5 -0.142322
-116.5 25.5 -0.0528577
-116 25.5 0.471765
-115.5 25.5 0.799432
-115 25.5 -0.174438
-114.5 25.5 -2.32766
-114 25.5 -2.79219
-113.5 25.5 -1.67369
-113 25.5 -1.08765
-112.5 25.5 -1.39903
-112 25.5 -2.21887
-111.5 25.5 -2.25512
-111 25.5 -1.45372
-110.5 25.5 -0.713037
-110 25.5 -0.0803904
-109.5 25.5 0.379942
-109 25.5 0.933994
-108.5 25.5 1.62719
-108 25.5 2.27142
-107.5 25.5 2.66794
-107 25.5 2.31657
-106.5 25.5 1.89978
-106 25.5 2.01776
-105.5 25.5 1.73947
-105 25.5 0.63108
-104.5 25.5 -0.790964
-104 25.5 -1.51552
-103.5 25.5 -1.23492
-103 25.5 -0.953642
-102.5 25.5 -1.60638
-102 25.5 -2.01197
-101.5 25.5 -0.707991
-101 25.5 1.89756
-100.5 25.5 3.21429
-100 25.5 4.45531
-99.5 25.5 8.08919
-99 25.5 16.59
-98.5 25.5 22.9971
-98 25.5 17.9352
-97.5 25.5 4.6024
-97 25.5 0.480378
-96.5 25.5 -8.48482
-96 25.5 -13.9792
-95.5 25.5 -9.23088
-95 25.5 2.66983
-94.5 25.5 8.21618
-94 25.5 -3.35945
-93.5 25.5 -7.65135
-93 25.5 0.404785
-92.5 25.5 1.36219
-92 25.5 2.61891
-91.5 25.5 3.7543
-91 25.5 3.8083
-90.5 25.5 4.47761
-90 25.5 2.33293
-89.5 25.5 0.773392
-89 25.5 2.93137
-88.5 25.5 2.57618
-88 25.5 2.93923
-87.5 25.5 -4.29381
-87 25.5 -8.96953
-86.5 25.5 -16.862
-86 25.5 -13.4338
-85.5 25.5 -8.13192
-85 25.5 -7.12846
-84.5 25.5 -7.09107
-84 25.5 -8.17331
-83.5 25.5 -9.57326
-83 25.5 -10.0573
-82.5 25.5 -9.11499
-82 25.5 -6.5957
-81.5 25.5 -3.6004
-81 25.5 -4.66661
-119 26 2.12849
-118.5 26 2.13395
-118 26 1.81085
-117.5 26 1.06726
-117 26 0.309657
-116.5 26 -0.128682
-116 26 -0.0959585
-115.5 26 0.395675
-115 26 0.745499
-114.5 26 -0.470082
-114 26 -2.57358
-113.5 26 -2.58687
-113 26 -1.49321
-112.5 26 -1.15466
-112 26 -1.76295
-111.5 26 -2.469
-111 26 -2.07081
-110.5 26 -1.22114
-110 26 -0.46086
-109.5 26 0.0979754
-109 26 0.585426
-108.5 26 1.32327
-108 26 2.09211
-107.5 26 2.66461
-107 26 2.5711
-106.5 26 2.04597
-106 26 2.07503
-105.5 26 1.96683
-105 26 1.01857
-104.5 26 -0.454328
-104 26 -1.50593
-103.5 26 -1.34352
-103 26 -0.965066
-102.5 26 -1.55238
-102 26 -2.11059
-101.5 26 -1.03469
-101 26 1.84358
-100.5 26 3.57235
-100 26 5.01983
-99.5 26 9.52628
-99 26 19.199
-98.5 26 26.5916
-98 26 17.2912
-97.5 26 -3.73831
-97 26 -10.5282
-96.5 26 -13.5854
-96 26 -7.43622
-95.5 26 2.4708
-95 26 10.0619
-94.5 26 8.23696
-94 26 -5.15709
-93.5 26 -5.07296
-93 26 1.00092
-92.5 26 0.475116
-92 26 3.68536
-91.5 26 3.92906
-91 26 4.38485
-90.5 26 3.68607
-90 26 1.37526
-89.5 26 3.10483
-89 26 1.04113
-88.5 26 3.67456
-88 26 1.1724
-87.5 26 -5.64426
-87 26 -14.1538
-86.5 26 -17.8452
-86 26 -8.91389
-85.5 26 -7.61365
-85 26 -7.04446
-84.5 26 -8.01991
-84 26 -9.57778
-83.5 26 -10.31
-83 26 -9.65791
-82.5 26 -7.87277
-82 26 -5.09083
-81.5 26 -5.17014
-81 26 -8.30202
-119 26.5 1.84407
-118.5 26.5 2.03907
-118 26.5 2.18942
-117.5 26.5 1.89152
-117 26.5 1.10912
-116.5 26.5 0.349904
-116 26.5 -0.103939
-115.5 26.5 -0.138466
-115 26.5 0.29139
-114.5 26.5 0.611309
-114 26.5 -0.799051
-113.5 26.5 -2.65451
-113 26.5 -2.32338
-112.5 26.5 -1.38451
-112 26.5 -1.33309
-111.5 26.5 -2.17682
-111 26.5 -2.54175
-110.5 26.5 -1.84177
-110 26.5 -0.970958
-109.5 26.5 -0.231624
-109 26.5 0.254913
-108.5 26.5 0.921747
-108 26.5 1.81954
-107.5 26.5 2.58252
-107 26.5 2.75832
-106.5 26.5 2.26914
-106 26.5 2.13494
-105.5 26.5 2.1656
-105 26.5 1.39144
-104.5 26.5 -0.0825003
-104 26.5 -1.38995
-103.5 26.5 -1.46086
-103 26.5 -1.00174
-102.5 26.5 -1.48372
-102 26.5 -2.18385
-101.5 26.5 -1.33554
-101 26.5 1.71251
-100.5 26.5 3.84344
-100 26.5 5.71427
-99.5 26.5 11.7782
-99 26.5 21.7264
-98.5 26.5 23.6405
-98 26.5 7.95608
-97.5 26.5 -11.2505
-97 26.5 -17.2203
-96.5 26.5 -13.2808
-96 26.5 -0.0329035
-95.5 26.5 12.2558
-95 26.5 11.2513
-94.5 26.5 3.08821
-94 26.5 -6.00859
-93.5 26.5 -8.30971
-93 26.5 -0.4197
-92.5 26.5 3.26379
-92 26.5 4.30129
-91.5 26.5 4.18333
-91 26.5 4.31552
-90.5 26.5 2.14578
-90 26.5 1.51394
-89.5 26.5 3.339
-89 26.5 1.53763
-88.5 26.5 3.57694
-88 26.5 -4.53198
-87.5 26.5 -10.2612
-87 26.5 -17.4101
-86.5 26.5 -14.1047
-86 26.5 -8.2707
-85.5 26.5 -7.25238
-85 26.5 -7.69144
-84.5 26.5 -9.62147
-84 26.5 -10.5411
-83.5 26.5 -10.0771
-83 26.5 -8.8202
-82.5 26.5 -6.81926
-82 26.5 -6.10876
-81.5 26.5 -8.4389
-81 26.5 -10.189
-119 27 1.59824
-118.5 27 1.74663
-118 27 2.00776
-117.5 27 2.25055
-117 27 1.97921
-116.5 27 1.16878
-116 27 0.396528
-115.5 27 -0.0718469
-115 27 -0.183904
-114.5 27 0.155889
-114 27 0.374154
-113.5 27 -1.11151
-113 27 -2.5525
-112.5 27 -2.07461
-112 27 -1.36332
-111.5 27 -1.64544
-111 27 -2.53349
-110.5 27 -2.46015
-110 27 -1.61123
-109.5 27 -0.691014
-109 27 -0.0603856
-108.5 27 0.486742
-108 27 1.39887
-107.5 27 2.41162
-107 27 2.87117
-106.5 27 2.51891
-106 27 2.24064
-105.5 27 2.3018
-105 27 1.77017
-104.5 27 0.315276
-104 27 -1.16153
-103.5 27 -1.55737
-103 27 -1.08281
-102.5 27 -1.3907
-102 27 -2.23404
-101.5 27 -1.60008
-101 27 1.50561
-100.5 27 4.1961
-100 27 6.23518
-99.5 27 9.43759
-99 27 11.7763
-98.5 27 11.5953
-98 27 6.6899
-97.5 27 -3.98282
-97 27 -16.33
-96.5 27 -8.93771
-96 27 8.79311
-95.5 27 13.752
-95 27 7.4153
-94.5 27 -6.48413
-94 27 -8.39274
-93.5 27 -0.758018
-93 27 2.49346
-92.5 27 4.18449
-92 27 4.61072
-91.5 27 4.21652
-91 27 3.3828
-90.5 27 1.18993
-90 27 2.43267
-89.5 27 2.08712
-89 27 3.84957
-88.5 27 -0.775385
-88 27 -11.4787
-87.5 27 -15.0764
-87 27 -14.3997
-86.5 27 -10.6796
-86 27 -7.67956
-85.5 27 -7.45903
-85 27 -9.45321
-84.5 27 -10.8787
-84 27 -10.435
-83.5 27 -9.42036
-83 27 -8.06322
-82.5 27 -7.25376
-82 27 -8.44473
-81.5 27 -10.0672
-81 27 -10.4262
-119 27.5 1.49745
-118.5 27.5 1.57687
-118 27.5 1.69239
-117.5 27.5 1.96427
-117 27.5 2.29621
-116.5 27.5 2.07666
-116 27.5 1.25926
-115.5 27.5 0.457594
-115 27.5 -0.0306782
-114.5 27.5 -0.229696
-114 27.5 -0.00965803
-113.5 27.5 0.00808901
-113 27.5 -1.35596
-112.5 27.5 -2.27603
-112 27.5 -1.87284
-111.5 27.5 -1.44893
-111 27.5 -2.06486
-110.5 27.5 -2.74387
-110 27.5 -2.30776
-109.5 27.5 -1.34041
-109 27.5 -0.449081
-108.5 27.5 0.101439
-108 27.5 0.86787
-107.5 27.5 2.05809
-107 27.5 2.903
-106.5 27.5 2.73497
-106 27.5 2.41951
-105.5 27.5 2.42236
-105 27.5 2.11866
-104.5 27.5 0.718069
-104 27.5 -0.846392
-103.5 27.5 -1.55763
-103 27.5 -1.22635
-102.5 27.5 -1.32693
-102 27.5 -2.2568
-101.5 27.5 -1.88174
-101 27.5 1.25784
-100.5 27.5 4.37885
-100 27.5 4.35002
-99.5 27.5 2.38336
-99 27.5 4.42875
-98.5 27.5 7.43817
-98 27.5 6.12456
-97.5 27.5 -1.54989
-97 27.5 -7.51515
-96.5 27.5 3.37732
-96 27.5 13.134
-95.5 27.5 11.4771
-95 27.5 1.18183
-94.5 27.5 -7.39486
-94 27.5 -3.4076
-93.5 27.5 1.11779
-93 27.5 3.869
-92.5 27.5 4.96155
-92 27.5 4.2104
-91.5 27.5 3.8828
-91 27.5 2.3179
-90.5 27.5 1.92869
-90 27.5 4.01639
-89.5 27.5 3.11725
-89 27.5 1.90264
-88.5 27.5 -5.16012
-88 27.5 -16.8575
-87.5 27.5 -18.67
-87 27.5 -10.4029
-86.5 27.5 -8.27675
-86 27.5 -7.43982
-85.5 27.5 -9.04394
-85 27.5 -11.2245
-84.5 27.5 -10.8792
-84 27.5 -9.89413
-83.5 27.5 -8.7831
-83 27.5 -8.06783
-82.5 27.5 -8.6467
-82 27.5 -9.85305
-81.5 27.5 -10.5337
-81 27.5 -10.2007
-119 28 1.48383
-118.5 28 1.55448
-118 28 1.61355
-117.5 28 1.64738
-117 28 1.91612
-116.5 28 2.31127
-116 28 2.16995
-115.5 28 1.37608
-115 28 0.537197
-114.5 28 0.0197999
-114 28 -0.25961
-113.5 28 -0.204136
-113 28 -0.488302
-112.5 28 -1.48978
-112 28 -1.88543
-111.5 28 -1.72835
-111 28 -1.68545
-110.5 28 -2.49182
-110 28 -2.80413
-109.5 28 -2.11464
-109 28 -1.03846
-108.5 28 -0.277068
-108 28 0.352985
-107.5 28 1.47719
-107 28 2.77594
-106.5 28 2.94853
-106 28 2.59838
-105.5 28 2.5566
-105 28 2.41663
-104.5 28 1.17241
-104 28 -0.480632
-103.5 28 -1.4698
-103 28 -1.38071
-102.5 28 -1.27518
-102 28 -2.22788
-101.5 28 -2.18111
-101 28 0.881655
-100.5 28 3.50616
-100 28 1.54088
-99.5 28 -0.617189
-99 28 1.36217
-98.5 28 4.21739
-98 28 4.62332
-97.5 28 1.3066
-97 28 3.57335
-96.5 28 12.5482
-96 28 11.7972
-95.5 28 8.93361
-95 28 -2.29471
-94.5 28 -8.26646
-94 28 -1.50456
-93.5 28 3.07929
-93 28 5.01138
-92.5 28 4.96046
-92 28 3.69396
-91.5 28 3.34989
-91 28 1.84872
-90.5 28 3.69969
-90 28 3.7158
-89.5 28 2.42449
-89 28 -4.14912
-88.5 28 -17.1433
-88 28 -18.631
-87.5 28 -11.0494
-87 28 -8.72806
-86.5 28 -7.75014
-86 28 -8.69697
-85.5 28 -11.2415
-85 28 -11.5252
-84.5 28 -10.3126
-84 28 -9.33737
-83.5 28 -8.59154
-83 28 -8.84198
-82.5 28 -9.63582
-82 28 -10.5975
-81.5 28 -10.4856
-81 28 -9.07062
-119 28.5 1.5714
-118.5 28.5 1.5392
-118 28.5 1.63974
-117.5 28.5 1.6623
-117 28.5 1.6217
-116.5 28.5 1.86949
-116 28.5 2.30054
-115.5 28.5 2.25498
-115 28.5 1.52013
-114.5 28.5 0.641555
-114 28.5 0.0734829
-113.5 28.5 -0.272421
-113 28.5 -0.445982
-112.5 28.5 -1.06929
-112 28.5 -1.50888
-111.5 28.5 -1.4407
-111 28.5 -1.66056
-110.5 28.5 -2.09016
-110 28.5 -2.82468
-109.5 28.5 -2.76866
-109 28.5 -1.85287
-108.5 28.5 -0.782426
-108 28.5 -0.111107
-107.5 28.5 0.795617
-107 28.5 2.34645
-106.5 28.5 3.10768
-106 28.5 2.7824
-105.5 28.5 2.7373
-105 28.5 2.67539
-104.5 28.5 1.63466
-104 28.5 -0.00103737
-103.5 28.5 -1.2675
-103 28.5 -1.48496
-102.5 28.5 -1.28096
-102 28.5 -2.1718
-101.5 28.5 -2.44884
-101 28.5 -0.253194
-100.5 28.5 1.97404
-100 28.5 0.381848
-99.5 28.5 -1.32393
-99 28.5 0.0159419
-98.5 28.5 2.16415
-98 28.5 4.57466
-97.5 28.5 5.78944
-97 28.5 8.47432
-96.5 28.5 10.1964
-96 28.5 10.9656
-95.5 28.5 5.80099
-95 28.5 -6.23875
-94.5 28.5 -6.01172
-94 28.5 1.09028
-93.5 28.5 4.81371
-93 28.5 5.40611
-92.5 28.5 4.16679
-92 28.5 3.68755
-91.5 28.5 2.70436
-91 28.5 2.40829
-90.5 28.5 3.12124
-90 28.5 0.422191
-89.5 28.5 -0.699027
-89 28.5 -11.146
-88.5 28.5 -19.1089
-88 28.5 -14.1319
-87.5 28.5 -9.43132
-87 28.5 -8.06791
-86.5 28.5 -8.57879
-86 28.5 -11.0811
-85.5 28.5 -12.1263
-85 28.5 -10.7865
-84.5 28.5 -9.8028
-84 28.5 -9.24672
-83.5 28.5 -8.9789
-83 28.5 -9.35266
-82.5 28.5 -10.5232
-82 28.5 -10.9998
-81.5 28.5 -9.09205
-81 28.5 -7.30937
-119 29 1.64767
-118.5 29 1.69451
-118 29 1.63895
-117.5 29 1.73495
-117 29 1.72119
-116.5 29 1.6181
-116 29 1.82533
-115.5 29 2.25471
-115 29 2.31885
-114.5 29 1.69762
-114 29 0.786832
-113.5 29 0.12737
-113 29 -0.258254
-112.5 29 -0.738446
-112 29 -1.67022
-111.5 29 -1.43353
-111 29 -0.974133
-110.5 29 -1.71333
-110 29 -2.59705
-109.5 29 -3.0552
-109 29 -2.64704
-108.5 29 -1.54722
-108 29 -0.601684
-107.5 29 0.146959
-107 29 1.60163
-106.5 29 3.10209
-106 29 2.99112
-105.5 29 2.85537
-105 29 2.91607
-104.5 29 1.99983
-104 29 0.526789
-103.5 29 -0.998982
-103 29 -1.28331
-102.5 29 -1.03285
-102 29 -2.04286
-101.5 29 -2.69568
-101 29 -1.20021
-100.5 29 0.857452
-100 29 -0.297588
-99.5 29 -1.56185
-99 29 -0.279105
-98.5 29 1.4187
-98 29 4.08816
-97.5 29 5.80552
-97 29 6.6276
-96.5 29 8.38942
-96 29 9.75164
-95.5 29 5.33685
-95 29 -2.54443
-94.5 29 -3.08323
-94 29 3.88173
-93.5 29 5.6417
-93 29 4.63523
-92.5 29 3.35579
-92 29 3.53838
-91.5 29 1.27656
-91 29 -0.4275
-90.5 29 -0.904635
-90 29 -0.487174
-89.5 29 -5.0429
-89 29 -17.9606
-88.5 29 -18.621
-88 29 -11.127
-87.5 29 -8.29201
-87 29 -8.70864
-86.5 29 -10.8667
-86 29 -12.4499
-85.5 29 -11.5101
-85 29 -10.1442
-84.5 29 -9.97431
-84 29 -9.38796
-83.5 29 -9.22927
-83 29 -10.3421
-82.5 29 -11.1601
-82 29 -9.61304
-81.5 29 -6.95023
-81 29 -5.89385
-119 29.5 0.972732
-118.5 29.5 1.66182
-118 29.5 1.84207
-117.5 29.5 1.78116
-117 29.5 1.84455
-116.5 29.5 1.79443
-116 29.5 1.65002
-115.5 29.5 1.80057
-115 29.5 2.17646
-114.5 29.5 2.33505
-114 29.5 1.89613
-113.5 29.5 0.986134
-113 29.5 0.183418
-112.5 29.5 -0.239216
-112 29.5 -1.06908
-111.5 29.5 -2.24127
-111 29.5 -1.3093
-110.5 29.5 -0.513732
-110 29.5 -1.89978
-109.5 29.5 -3.11257
-109 29.5 -3.19766
-108.5 29.5 -2.42462
-108 29.5 -1.29252
-107.5 29.5 -0.442869
-107 29.5 0.700442
-106.5 29.5 2.64179
-106 29.5 3.26044
-105.5 29.5 3.03501
-105 29.5 2.93272
-104.5 29.5 1.82822
-104 29.5 0.835773
-103.5 29.5 -0.666389
-103 29.5 -0.949618
-102.5 29.5 -0.32096
-102 29.5 -1.54505
-101.5 29.5 -2.66159
-101 29.5 -1.40196
-100.5 29.5 0.287372
-100 29.5 -0.772871
-99.5 29.5 -1.62803
-99 29.5 -0.611153
-98.5 29.5 1.36526
-98 29.5 3.82275
-97.5 29.5 4.81145
-97 29.5 5.53242
-96.5 29.5 7.7567
-96 29.5 8.65924
-95.5 29.5 5.50478
-95 29.5 0.499606
-94.5 29.5 1.1923
-94 29.5 3.60489
-93.5 29.5 2.82133
-93 29.5 1.70074
-92.5 29.5 1.53757
-92 29.5 0.00404305
-91.5 29.5 -6.2481
-91 29.5 -6.44986
-90.5 29.5 -2.69583
-90 29.5 -2.68057
-89.5 29.5 -11.2866
-89 29.5 -19.4624
-88.5 29.5 -14.9369
-88 29.5 -8.76373
-87.5 29.5 -8.75949
-87 29.5 -10.8692
-86.5 29.5 -12.6288
-86 29.5 -12.3335
-85.5 29.5 -11.0067
-85 29.5 -11.1519
-84.5 29.5 -10.7816
-84 29.5 -9.79727
-83.5 29.5 -10.4505
-83 29.5 -10.8087
-82.5 29.5 -9.79893
-82 29.5 -7.19134
-81.5 29.5 -5.45424
-81 29.5 -5.05702
-119 30 -0.526644
-118.5 30 0.55855
-118 30 1.51143
-117.5 30 1.96097
-117 30 1.97892
-116.5 30 1.98423
-116 30 1.87246
-115.5 30 1.70488
-115 30 1.80653
-114.5 30 2.09144
-114 30 2.30306
-113.5 30 2.08394
-113 30 1.24946
-112.5 30 0.287414
-112 30 -0.242374
-111.5 30 -1.42632
-111 30 -2.73032
-110.5 30 -1.19611
-110 30 -0.155987
-109.5 30 -2.18193
-109 30 -3.64075
-108.5 30 -3.2386
-108 30 -2.12097
-107.5 30 -1.13016
-107 30 -0.151764
-106.5 30 1.72595
-106 30 3.22269
-105.5 30 3.31668
-105 30 3.1714
-104.5 30 1.77036
-104 30 0.710388
-103.5 30 -0.36254
-103 30 -0.758283
-102.5 30 0.0266519
-102 30 -1.14165
-101.5 30 -2.31395
-101 30 -1.18798
-100.5 30 0.127509
-100 30 -0.728206
-99.5 30 -1.3455
-99 30 -0.485715
-98.5 30 1.14877
-98 30 2.73744
-97.5 30 3.67005
-97 30 4.94275
-96.5 30 7.20651
-96 30 7.04164
-95.5 30 3.91987
-95 30 1.53752
-94.5 30 0.713133
-94 30 -0.251826
-93.5 30 -0.452338
-93 30 -0.724948
-92.5 30 -1.65331
-92 30 -6.73122
-91.5 30 -10.6529
-91 30 -6.18953
-90.5 30 -3.39293
-90 30 -6.70092
-89.5 30 -13.2895
-89 30 -15.1318
-88.5 30 -10.3741
-88 30 -9.22847
-87.5 30 -11.5627
-87 30 -12.9569
-86.5 30 -13.3458
-86 30 -12.8497
-85.5 30 -12.9762
-85 30 -12.8817
-84.5 30 -11.0082
-84 30 -10.4248
-83.5 30 -10.5888
-83 30 -9.42213
-82.5 30 -7.5806
-82 30 -5.74748
-81.5 30 -5.22536
-81 30 -4.8168
-119 30.5 -1.13065
-118.5 30.5 -0.918427
-118 30.5 -0.0166545
-117.5 30.5 1.12207
-117 30.5 1.93939
-116.5 30.5 2.20798
-116 30.5 2.21418
-115.5 30.5 1.97858
-115 30.5 1.76539
-114.5 30.5 1.83534
-114 30.5 2.01885
-113.5 30.5 2.22223
-113 30.5 2.22581
-112.5 30.5 1.54177
-112 30.5 0.46336
-111.5 30.5 -0.260536
-111 30.5 -1.78486
-110.5 30.5 -2.98752
-110 30.5 -0.907132
-109.5 30.5 0.129801
-109 30.5 -2.32919
-108.5 30.5 -3.90011
-108 30.5 -3.06231
-107.5 30.5 -1.83365
-107 30.5 -1.02079
-106.5 30.5 0.611972
-106 30.5 2.57418
-105.5 30.5 3.20625
-105 30.5 3.27514
-104.5 30.5 2.32936
-104 30.5 0.93173
-103.5 30.5 -0.326292
-103 30.5 -0.649872
-102.5 30.5 0.0618084
-102 30.5 -0.899796
-101.5 30.5 -1.80594
-101 30.5 -0.695671
-100.5 30.5 0.543383
-100 30.5 -0.194182
-99.5 30.5 -1.03424
-99 30.5 -0.529869
-98.5 30.5 0.566189
-98 30.5 1.55841
-97.5 30.5 2.54394
-97 30.5 4.49437
-96.5 30.5 6.27363
-96 30.5 5.03185
-95.5 30.5 2.9043
-95 30.5 0.463541
-94.5 30.5 -2.16142
-94 30.5 -2.24923
-93.5 30.5 -1.16167
-93 30.5 -1.855
-92.5 30.5 -5.07724
-92 30.5 -9.21947
-91.5 30.5 -8.33445
-91 30.5 -4.13457
-90.5 30.5 -5.13933
-90 30.5 -9.11355
-89.5 30.5 -11.7583
-89 30.5 -10.916
-88.5 30.5 -10.3208
-88 30.5 -12.9395
-87.5 30.5 -14.3178
-87 30.5 -13.9046
-86.5 30.5 -14.2023
-86 30.5 -14.7889
-85.5 30.5 -14.5013
-85 30.5 -12.4952
-84.5 30.5 -10.4688
-84 30.5 -9.8388
-83.5 30.5 -8.86332
-83 30.5 -7.17933
-82.5 30.5 -5.99789
-82 30.5 -5.40778
-81.5 30.5 -4.86149
-81 30.5 -3.99749
-119 31 -1.01816
-118.5 31 -1.20897
-118 31 -1.24847
-117.5 31 -0.602521
-117 31 0.515543
-116.5 31 1.63947
-116 31 2.35255
-115.5 31 2.56075
-115 31 2.18887
-114.5 31 1.8514
-114 31 1.88826
-113.5 31 1.99534
-113 31 2.13567
-112.5 31 2.32815
-112 31 1.88787
-111.5 31 0.797359
-111 31 -0.234835
-110.5 31 -2.06477
-110 31 -2.6907
-109.5 31 -0.225193
-109 31 0.356591
-108.5 31 -1.86683
-108 31 -3.07876
-107.5 31 -2.47096
-107 31 -1.65685
-106.5 31 -0.582794
-106 31 1.55817
-105.5 31 2.5666
-105 31 3.00345
-104.5 31 2.99244
-104 31 1.57875
-103.5 31 -0.3303
-103 31 -0.578223
-102.5 31 0.0898908
-102 31 -0.733662
-101.5 31 -1.5358
-101 31 -0.408611
-100.5 31 1.29338
-100 31 0.726237
-99.5 31 -0.665606
-99 31 -0.738142
-98.5 31 -0.400003
-98 31 0.495366
-97.5 31 1.86104
-97 31 3.65456
-96.5 31 4.44378
-96 31 3.46299
-95.5 31 2.18925
-95 31 -0.520721
-94.5 31 -2.89387
-94 31 -2.39024
-93.5 31 -1.69605
-93 31 -3.85461
-92.5 31 -6.76468
-92 31 -7.50261
-91.5 31 -4.79619
-91 31 -4.05446
-90.5 31 -7.11363
-90 31 -9.54895
-89.5 31 -10.2991
-89 31 -10.7869
-88.5 31 -12.7779
-88 31 -14.5846
-87.5 31 -14.0906
-87 31 -13.9726
-86.5 31 -15.0082
-86 31 -14.8586
-85.5 31 -12.9133
-85 31 -10.6211
-84.5 31 -8.7558
-84 31 -7.48785
-83.5 31 -6.17951
-83 31 -5.61438
-82.5 31 -5.34872
-82 31 -4.67638
-81.5 31 -3.89554
-81 31 -3.11747
-119 31.5 -0.962293
-118.5 31.5 -0.934434
-118 31.5 -1.23403
-117.5 31.5 -1.51508
-117 31.5 -1.15038
-116.5 31.5 -0.1651
-116 31.5 1.03361
-115.5 31.5 2.18385
-115 31.5 2.86563
-114.5 31.5 2.52739
-114 31.5 1.97845
-113.5 31.5 1.94427
-113 31.5 1.98902
-112.5 31.5 2.06046
-112 31.5 2.38651
-111.5 31.5 2.21984
-111 31.5 1.24025
-110.5 31.5 -0.301016
-110 31.5 -2.24393
-109.5 31.5 -2.06045
-109 31.5 0.00954262
-108.5 31.5 0.179027
-108 31.5 -0.519392
-107.5 31.5 -1.25231
-107 31.5 -1.42635
-106.5 31.5 -1.15078
-106 31.5 0.655073
-105.5 31.5 2.20148
-105 31.5 2.71206
-104.5 31.5 2.95967
-104 31.5 1.93538
-103.5 31.5 0.0532168
-103 31.5 -0.434278
-102.5 31.5 0.0506514
-102 31.5 -0.71522
-101.5 31.5 -1.32928
-101 31.5 -0.220383
-100.5 31.5 1.759
-100 31.5 1.73906
-99.5 31.5 -0.0870887
-99 31.5 -1.1137
-98.5 31.5 -1.10387
-98 31.5 -0.256058
-97.5 31.5 1.11441
-97 31.5 2.54063
-96.5 31.5 3.06413
-96 31.5 2.204
-95.5 31.5 1.06724
-95 31.5 -0.811011
-94.5 31.5 -2.42137
-94 31.5 -2.35802
-93.5 31.5 -3.34533
-93 31.5 -5.62976
-92.5 31.5 -6.20431
-92 31.5 -4.65211
-91.5 31.5 -3.08019
-91 31.5 -5.41796
-90.5 31.5 -8.31914
-90 31.5 -8.98487
-89.5 31.5 -9.48609
-89 31.5 -11.6366
-88.5 31.5 -13.3793
-88 31.5 -13.0638
-87.5 31.5 -12.8439
-87 31.5 -13.9819
-86.5 31.5 -14.1839
-86 31.5 -12.3126
-85.5 31.5 -9.99695
-85 31.5 -7.89098
-84.5 31.5 -6.09492
-84 31.5 -5.19899
-83.5 31.5 -5.0643
-83 31.5 -5.05601
-82.5 31.5 -4.40626
-82 31.5 -3.82407
-81.5 31.5 -3.35276
-81 31.5 -2.32795
-119 32 -1.2052
-118.5 32 -1.05183
-118 32 -0.874245
-117.5 32 -1.19266
-117 32 -1.81695
-116.5 32 -1.80545
-116 32 -1.15106
-115.5 32 0.0210575
-115 32 1.64426
-114.5 32 2.82907
-114 32 2.74761
-113.5 32 2.25794
-113 32 2.0096
-112.5 32 1.87863
-112 32 1.94743
-111.5 32 2.30003
-111 32 2.25169
-110.5 32 1.35199
-110 32 -0.447067
-109.5 32 -2.49701
-109 32 -2.01686
-108.5 32 -0.634386
-108 32 0.114652
-107.5 32 0.331044
-107 32 -0.190653
-106.5 32 -0.361745
-106 32 0.682698
-105.5 32 2.03968
-105 32 2.44443
-104.5 32 2.60219
-104 32 1.77147
-103.5 32 0.643779
-103 32 0.204603
-102.5 32 0.1487
-102 32 -0.737086
-101.5 32 -1.422
-101 32 -0.260869
-100.5 32 2.02129
-100 32 2.25278
-99.5 32 0.420401
-99 32 -1.26327
-98.5 32 -1.93397
-98 32 -0.872945
-97.5 32 0.570943
-97 32 1.56158
-96.5 32 1.88448
-96 32 0.958621
-95.5 32 0.194685
-95 32 -1.21953
-94.5 32 -2.4722
-94 32 -3.02914
-93.5 32 -4.64052
-93 32 -5.95597
-92.5 32 -5.22424
-92 32 -2.93801
-91.5 32 -3.6143
-91 32 -7.08662
-90.5 32 -8.17747
-90 32 -7.95238
-89.5 32 -9.71856
-89 32 -11.867
-88.5 32 -11.9737
-88 32 -11.7158
-87.5 32 -12.8457
-87 32 -13.0254
-86.5 32 -11.23
-86 32 -8.73959
-85.5 32 -6.59081
-85 32 -4.95638
-84.5 32 -4.14147
-84 32 -3.95513
-83.5 32 -3.67918
-83 32 -3.04847
-82.5 32 -2.5433
-82 32 -2.32791
-81.5 32 -1.63163
-81 32 -1.34154
-119 32.5 -2.39654
-118.5 32.5 -1.9435
-118 32.5 -1.53861
-117.5 32.5 -1.23824
-117 32.5 -1.60208
-116.5 32.5 -2.13819
-116 32.5 -2.42852
-115.5 32.5 -2.1009
-115 32.5 -0.943311
-114.5 32.5 0.931361
-114 32.5 2.38214
-113.5 32.5 2.83998
-113 32.5 2.6425
-112.5 32.5 2.02692
-112 32.5 1.64406
-111.5 32.5 1.74724
-111 32.5 1.95196
-110.5 32.5 1.81047
-110 32.5 1.22895
-109.5 32.5 -0.695993
-109 32.5 -3.11973
-108.5 32.5 -2.94873
-108 32.5 -1.38805
-107.5 32.5 0.024106
-107 32.5 0.25425
-106.5 32.5 0.430871
-106 32.5 1.30401
-105.5 32.5 2.1458
-105 32.5 2.30553
-104.5 32.5 2.53884
-104 32.5 1.84161
-103.5 32.5 0.772298
-103 32.5 0.487792
-102.5 32.5 0.177896
-102 32.5 -0.876949
-101.5 32.5 -1.51626
-101 32.5 0.0124624
-100.5 32.5 2.08386
-100 32.5 1.92723
-99.5 32.5 0.317074
-99 32.5 -1.59544
-98.5 32.5 -2.29067
-98 32.5 -0.866998
-97.5 32.5 0.166098
-97 32.5 0.439044
-96.5 32.5 0.306013
-96 32.5 -0.273451
-95.5 32.5 -0.865568
-95 32.5 -2.28982
-94.5 32.5 -3.3405
-94 32.5 -4.17658
-93.5 32.5 -5.3772
-93 32.5 -5.52294
-92.5 32.5 -3.79337
-92 32.5 -3.08575
-91.5 32.5 -5.75876
-91 32.5 -7.38941
-90.5 32.5 -7.28596
-90 32.5 -8.34116
-89.5 32.5 -9.89212
-89 32.5 -10.4377
-88.5 32.5 -10.6491
-88 32.5 -11.6835
-87.5 32.5 -11.7419
-87 32.5 -9.51096
-86.5 32.5 -7.13238
-86 32.5 -5.31323
-85.5 32.5 -3.9925
-85 32.5 -3.13437
-84.5 32.5 -2.62811
-84 32.5 -2.06467
-83.5 32.5 -1.54863
-83 32.5 -1.2506
-82.5 32.5 -1.0876
-82 32.5 -0.908265
-81.5 32.5 -0.740828
-81 32.5 -1.01558
-119 33 -3.392
-118.5 33 -2.51305
-118 33 -2.03273
-117.5 33 -1.58377
-117 33 -1.33316
-116.5 33 -1.47454
-116 33 -1.78214
-115.5 33 -2.25426
-115 33 -2.22998
-114.5 33 -1.31869
-114 33 0.27641
-113.5 33 1.74854
-113 33 2.7781
-112.5 33 2.82789
-112 33 2.09873
-111.5 33 1.56743
-111 33 1.48629
-110.5 33 1.37994
-110 33 1.29555
-109.5 33 1.25234
-109 33 -0.857335
-108.5 33 -3.47984
-108 33 -3.75547
-107.5 33 -1.99795
-107 33 -0.407828
-106.5 33 0.461482
-106 33 1.84162
-105.5 33 2.77589
-105 33 2.52788
-104.5 33 2.29519
-104 33 2.12791
-103.5 33 1.34338
-103 33 0.427258
-102.5 33 0.123946
-102 33 -0.596601
-101.5 33 -1.521
-101 33 0.0404211
-100.5 33 1.77052
-100 33 1.6071
-99.5 33 0.301531
-99 33 -1.98609
-98.5 33 -2.44012
-98 33 -0.820903
-97.5 33 -0.463909
-97 33 -1.17693
-96.5 33 -1.30078
-96 33 -1.23299
-95.5 33 -2.14798
-95 33 -3.22889
-94.5 33 -4.14191
-94 33 -4.84328
-93.5 33 -5.14352
-93 33 -4.5354
-92.5 33 -3.33795
-92 33 -4.60013
-91.5 33 -6.37927
-91 33 -6.6485
-90.5 33 -7.52656
-90 33 -8.41589
-89.5 33 -8.65117
-89 33 -9.14872
-88.5 33 -9.80302
-88 33 -10.2415
-87.5 33 -8.5012
-87 33 -5.95659
-86.5 33 -4.33628
-86 33 -3.26507
-85.5 33 -2.47969
-85 33 -1.93183
-84.5 33 -1.51198
-84 33 -1.24047
-83.5 33 -1.17635
-83 33 -1.07303
-82.5 33 -0.862636
-82 33 -0.631393
-81.5 33 -0.321765
-81 33 -0.0611723
-119 33.5 -3.14434
-118.5 33.5 -2.1423
-118 33.5 -1.52072
-117.5 33.5 -0.870974
-117 33.5 -0.499673
-116.5 33.5 -0.464704
-116 33.5 -0.422088
-115.5 33.5 -0.871629
-115 33.5 -1.63663
-114.5 33.5 -2.00524
-114 33.5 -1.58707
-113.5 33.5 -0.521637
-113 33.5 0.891035
-112.5 33.5 2.22203
-112 33.5 2.64285
-111.5 33.5 2.32161
-111 33.5 1.77028
-110.5 33.5 1.2431
-110 33.5 0.706617
-109.5 33.5 0.722825
-109 33.5 0.875167
-108.5 33.5 -0.982065
-108 33.5 -3.25749
-107.5 33.5 -3.71378
-107 33.5 -2.29974
-106.5 33.5 -0.379727
-106 33.5 1.63522
-105.5 33.5 3.14092
-105 33.5 3.19014
-104.5 33.5 2.40199
-104 33.5 2.11529
-103.5 33.5 1.6817
-103 33.5 0.473555
-102.5 33.5 0.109872
-102 33.5 -0.03737
-101.5 33.5 -1.01829
-101 33.5 -0.112792
-100.5 33.5 1.4217
-100 33.5 1.53046
-99.5 33.5 0.152567
-99 33.5 -2.43639
-98.5 33.5 -2.52996
-98 33.5 -0.818314
-97.5 33.5 -1.41399
-97 33.5 -2.85637
-96.5 33.5 -2.41773
-96 33.5 -2.26234
-95.5 33.5 -3.07379
-95 33.5 -3.5605
-94.5 33.5 -4.49248
-94 33.5 -4.66337
-93.5 33.5 -4.2743
-93 33.5 -3.17391
-92.5 33.5 -3.45882
-92 33.5 -5.5318
-91.5 33.5 -6.13704
-91 33.5 -6.53994
-90.5 33.5 -7.27
-90 33.5 -7.33997
-89.5 33.5 -7.53209
-89 33.5 -7.86533
-88.5 33.5 -8.21113
-88 33.5 -7.45603
-87.5 33.5 -5.0629
-87 33.5 -3.25279
-86.5 33.5 -2.37484
-86 33.5 -1.95157
-85.5 33.5 -1.70154
-85 33.5 -1.45631
-84.5 33.5 -1.31451
-84 33.5 -1.28681
-83.5 33.5 -1.02859
-83 33.5 -0.595825
-82.5 33.5 -0.201734
-82 33.5 0.169876
-81.5 33.5 0.469467
-81 33.5 0.730436
-119 34 -3.23722
-118.5 34 -2.2687
-118 34 -1.43548
-117.5 34 -0.625855
-117 34 -0.0480612
-116.5 34 0.106891
-116 34 0.261154
-115.5 34 0.426553
-115 34 -0.113782
-114.5 34 -1.10201
-114 34 -1.8176
-113.5 34 -1.8538
-113 34 -1.27106
-112.5 34 -0.159615
-112 34 1.0661
-111.5 34 1.89513
-111 34 2.29482
-110.5 34 2.00216
-110 34 1.10425
-109.5 34 -0.143039
-109 34 -0.632912
-108.5 34 -0.458518
-108 34 -1.73504
-107.5 34 -3.33289
-107 34 -3.46702
-106.5 34 -1.88125
-106 34 0.656462
-105.5 34 2.74086
-105 34 3.68197
-104.5 34 2.83208
-104 34 1.80886
-103.5 34 1.74687
-103 34 0.947388
-102.5 34 0.086666
-102 34 -0.00774417
-101.5 34 -0.609461
-101 34 0.0117692
-100.5 34 1.37746
-100 34 1.43618
-99.5 34 -0.316768
-99 34 -2.93089
-98.5 34 -2.39
-98 34 -0.931914
-97.5 34 -2.59755
-97 34 -4.0981
-96.5 34 -3.14766
-96 34 -3.0457
-95.5 34 -3.39885
-95 34 -3.91599
-94.5 34 -4.2643
-94 34 -3.63329
-93.5 34 -2.72041
-93 34 -2.27686
-92.5 34 -4.40544
-92 34 -6.00975
-91.5 34 -5.79418
-91 34 -5.99329
-90.5 34 -6.1149
-90 34 -5.83429
-89.5 34 -5.63887
-89 34 -5.76115
-88.5 34 -5.48822
-88 34 -3.92215
-87.5 34 -2.29644
-87 34 -1.63112
-86.5 34 -1.52237
-86 34 -1.59086
-85.5 34 -1.50357
-85 34 -1.40139
-84.5 34 -1.29581
-84 34 -0.922953
-83.5 34 -0.271503
-83 34 0.308982
-82.5 34 0.742309
-82 34 1.09464
-81.5 34 1.30311
-81 34 1.42863
-119 34.5 -2.83332
-118.5 34.5 -3.00239
-118 34.5 -2.6556
-117.5 34.5 -1.84493
-117 34.5 -1.16974
-116.5 34.5 -0.909316
-116 34.5 -0.667732
-115.5 34.5 -0.0147509
-115 34.5 0.657595
-114.5 34.5 0.4702
-114 34.5 -0.438292
-113.5 34.5 -1.31029
-113 34.5 -1.59093
-112.5 34.5 -1.40717
-112 34.5 -0.834497
-111.5 34.5 -0.124497
-111 34.5 0.735326
-110.5 34.5 1.62779
-110 34.5 1.98476
-109.5 34.5 1.21154
-109 34.5 -1.00477
-108.5 34.5 -1.90327
-108 34.5 -1.91734
-107.5 34.5 -3.17239
-107 34.5 -3.87985
-106.5 34.5 -3.0497
-106 34.5 -0.781208
-105.5 34.5 1.76546
-105 34.5 3.42446
-104.5 34.5 3.14303
-104 34.5 1.90869
-103.5 34.5 1.65124
-103 34.5 1.31891
-102.5 34.5 0.360504
-102 34.5 -0.262886
-101.5 34.5 -0.518571
-101 34.5 0.183614
-100.5 34.5 1.36181
-100 34.5 1.26995
-99.5 34.5 -1.00068
-99 34.5 -3.07623
-98.5 34.5 -2.13542
-98 34.5 -1.77586
-97.5 34.5 -4.02996
-97 34.5 -4.56091
-96.5 34.5 -3.22409
-96 34.5 -3.47459
-95.5 34.5 -3.95356
-95 34.5 -3.91049
-94.5 34.5 -3.21859
-94 34.5 -2.25722
-93.5 34.5 -1.50881
-93 34.5 -3.03763
-92.5 34.5 -5.69115
-92 34.5 -5.75323
-91.5 34.5 -5.04409
-91 34.5 -4.75394
-90.5 34.5 -4.06255
-90 34.5 -3.38533
-89.5 34.5 -3.28431
-89 34.5 -3.46322
-88.5 34.5 -2.63508
-88 34.5 -1.53936
-87.5 34.5 -1.10846
-87 34.5 -1.15877
-86.5 34.5 -1.40598
-86 34.5 -1.50856
-85.5 34.5 -1.42304
-85 34.5 -1.182
-84.5 34.5 -0.66423
-84 34.5 0.0324424
-83.5 34.5 0.628495
-83 34.5 1.06548
-82.5 34.5 1.43244
-82 34.5 1.699
-81.5 34.5 1.84059
-81 34.5 1.87074
-119 35 -1.98044
-118.5 35 -2.56629
-118 35 -3.36776
-117.5 35 -3.16534
-117 35 -2.38162
-116.5 35 -2.09338
-116 35 -2.05359
-115.5 35 -1.67626
-115 35 -0.697075
-114.5 35 0.410454
-114 35 0.760028
-113.5 35 0.118882
-113 35 -0.716259
-112.5 35 -1.03531
-112 35 -1.05028
-111.5 35 -0.967698
-111 35 -0.913817
-110.5 35 -0.472429
-110 35 0.658965
-109.5 35 1.75634
-109 35 0.88002
-108.5 35 -1.36125
-108 35 -1.93082
-107.5 35 -2.78487
-107 35 -4.11403
-106.5 35 -3.95269
-106 35 -2.25186
-105.5 35 0.306458
-105 35 2.39465
-104.5 35 3.19704
-104 35 2.48603
-103.5 35 1.66277
-103 35 1.38613
-102.5 35 0.820828
-102 35 -0.328094
-101.5 35 -0.868912
-101 35 0.0339667
-100.5 35 1.2789
-100 35 0.890412
-99.5 35 -1.43418
-99 35 -3.01769
-98.5 35 -2.63376
-98 35 -3.19026
-97.5 35 -4.41836
-97 35 -3.6619
-96.5 35 -3.32422
-96 35 -4.40318
-95.5 35 -3.96775
-95 35 -2.79218
-94.5 35 -1.97222
-94 35 -1.05549
-93.5 35 -1.57148
-93 35 -4.13222
-92.5 35 -5.36191
-92 35 -4.25012
-91.5 35 -2.9473
-91 35 -2.04502
-90.5 35 -1.55206
-90 35 -1.41344
-89.5 35 -1.70643
-89 35 -1.67288
-88.5 35 -1.13644
-88 35 -0.832298
-87.5 35 -1.01413
-87 35 -1.18613
-86.5 35 -1.2334
-86 35 -1.07105
-85.5 35 -0.671433
-85 35 0.0568075
-84.5 35 0.663811
-84 35 1.06063
-83.5 35 1.3406
-83 35 1.58668
-82.5 35 1.82015
-82 35 2.00589
-81.5 35 2.13793
-81 35 2.15212
-119 35.5 -3.10628
-118.5 35.5 -2.82247
-118 35.5 -3.30822
-117.5 35.5 -3.68024
-117 35.5 -3.10642
-116.5 35.5 -2.48253
-116 35.5 -2.31659
-115.5 35.5 -2.25545
-115 35.5 -1.95573
-114.5 35.5 -1.14106
-114 35.5 -0.0253538
-113.5 35.5 0.557766
-113 35.5 0.13505
-112.5 35.5 -0.486945
-112 35.5 -0.706724
-111.5 35.5 -0.734398
-111 35.5 -0.861214
-110.5 35.5 -1.08068
-110 35.5 -0.782592
-109.5 35.5 0.330419
-109 35.5 1.0893
-108.5 35.5 -0.0797929
-108 35.5 -1.17898
-107.5 35.5 -1.55843
-107 35.5 -2.86634
-106.5 35.5 -3.64677
-106 35.5 -3.16254
-105.5 35.5 -1.35546
-105 35.5 0.848798
-104.5 35.5 2.3671
-104 35.5 2.82571
-103.5 35.5 2.15732
-103 35.5 1.43625
-102.5 35.5 1.09682
-102 35.5 0.0695535
-101.5 35.5 -0.937915
-101 35.5 -0.224368
-100.5 35.5 0.797363
-100 35.5 -0.112424
-99.5 35.5 -1.89785
-99 35.5 -2.82697
-98.5 35.5 -3.1199
-98 35.5 -3.76568
-97.5 35.5 -3.58293
-97 35.5 -2.76456
-96.5 35.5 -3.79961
-96 35.5 -4.15789
-95.5 35.5 -2.22035
-95 35.5 -0.965767
-94.5 35.5 -0.372764
-94 35.5 -0.404409
-93.5 35.5 -2.04231
-93 35.5 -3.42288
-92.5 35.5 -2.66622
-92 35.5 -0.981713
-91.5 35.5 -0.0893218
-91 35.5 0.0228973
-90.5 35.5 -0.0900729
-90 35.5 -0.482599
-89.5 35.5 -1.04925
-89 35.5 -0.978653
-88.5 35.5 -0.824047
-88 35.5 -0.781846
-87.5 35.5 -0.797456
-87 35.5 -0.625222
-86.5 35.5 -0.210757
-86 35.5 0.35011
-85.5 35.5 0.942119
-85 35.5 1.4438
-84.5 35.5 1.54851
-84 35.5 1.64012
-83.5 35.5 1.89978
-83 35.5 2.19915
-82.5 35.5 2.37653
-82 35.5 2.44534
-81.5 35.5 2.41969
-81 35.5 2.31428
-119 36 -4.36592
-118.5 36 -4.23517
-118 36 -4.08179
-117.5 36 -4.31952
-117 36 -4.0492
-116.5 36 -3.45647
-116 36 -3.03809
-115.5 36 -2.9236
-115 36 -2.76479
-114.5 36 -2.45153
-114 36 -1.76781
-113.5 36 -0.938278
-113 36 -0.575355
-112.5 36 -0.715846
-112 36 -0.824317
-111.5 36 -0.74721
-111 36 -0.285261
-110.5 36 -0.193968
-110 36 -0.412386
-109.5 36 -0.188176
-109 36 0.512731
-108.5 36 0.425751
-108 36 -0.513812
-107.5 36 -0.980787
-107 36 -1.65784
-106.5 36 -2.39857
-106 36 -2.59019
-105.5 36 -2.07106
-105 36 -0.436385
-104.5 36 1.12499
-104 36 2.20062
-103.5 36 2.23911
-103 36 1.44892
-102.5 36 1.11813
-102 36 0.499444
-101.5 36 -0.780742
-101 36 -0.805829
-100.5 36 -0.138259
-100 36 -0.965746
-99.5 36 -2.02767
-99 36 -2.60263
-98.5 36 -3.19504
-98 36 -3.16869
-97.5 36 -2.40627
-97 36 -2.46332
-96.5 36 -3.27896
-96 36 -1.96094
-95.5 36 -0.0226263
-95 36 0.450706
-94.5 36 0.328963
-94 36 -0.42253
-93.5 36 -1.0905
-93 36 -0.827837
-92.5 36 0.0590057
-92 36 0.714946
-91.5 36 0.873568
-91 36 0.735627
-90.5 36 0.231612
-90 36 -0.425181
-89.5 36 -0.71351
-89 36 -0.758299
-88.5 36 -0.731865
-88 36 -0.523002
-87.5 36 -0.108221
-87 36 0.414193
-86.5 36 1.08856
-86 36 1.5517
-85.5 36 1.79457
-85 36 1.85014
-84.5 36 1.83803
-84 36 2.08507
-83.5 36 2.39903
-83 36 2.59453
-82.5 36 2.62536
-82 36 2.57233
-81.5 36 2.46146
-81 36 2.28805
-119 36.5 -3.24058
-118.5 36.5 -3.8684
-118 36.5 -4.16243
-117.5 36.5 -4.52384
-117 36.5 -4.60148
-116.5 36.5 -4.42572
-116 36.5 -3.84362
-115.5 36.5 -3.69191
-115 36.5 -3.59046
-114.5 36.5 -3.48671
-114 36.5 -3.20112
-113.5 36.5 -2.57571
-113 36.5 -1.90198
-112.5 36.5 -1.61513
-112 36.5 -1.51717
-111.5 36.5 -1.3792
-111 36.5 -0.903559
-110.5 36.5 -0.441685
-110 36.5 -0.495582
-109.5 36.5 -0.564757
-109 36.5 -0.322749
-108.5 36.5 0.178536
-108 36.5 0.199577
-107.5 36.5 -0.446532
-107 36.5 -1.1237
-106.5 36.5 -1.89953
-106 36.5 -1.93347
-105.5 36.5 -1.91822
-105 36.5 -1.24866
-104.5 36.5 0.136945
-104 36.5 1.41974
-103.5 36.5 2.01812
-103 36.5 1.41295
-102.5 36.5 1.0437
-102 36.5 0.665648
-101.5 36.5 -0.604026
-101 36.5 -1.41404
-100.5 36.5 -1.06536
-100 36.5 -1.23961
-99.5 36.5 -1.77332
-99 36.5 -2.40088
-98.5 36.5 -2.77451
-98 36.5 -2.43936
-97.5 36.5 -1.88655
-97 36.5 -1.90489
-96.5 36.5 -1.46304
-96 36.5 0.232187
-95.5 36.5 1.02975
-95 36.5 0.891265
-94.5 36.5 0.50951
-94 36.5 0.191308
-93.5 36.5 0.267141
-93 36.5 0.389379
-92.5 36.5 0.647071
-92 36.5 0.866426
-91.5 36.5 0.66473
-91 36.5 0.0367044
-90.5 36.5 -0.464514
-90 36.5 -0.580709
-89.5 36.5 -0.636542
-89 36.5 -0.823173
-88.5 36.5 -0.513978
-88 36.5 -0.0900309
-87.5 36.5 0.389116
-87 36.5 0.887314
-86.5 36.5 1.18012
-86 36.5 1.38977
-85.5 36.5 1.74029
-85 36.5 1.96231
-84.5 36.5 2.08886
-84 36.5 2.23293
-83.5 36.5 2.2871
-83 36.5 2.35873
-82.5 36.5 2.43312
-82 36.5 2.3108
-81.5 36.5 2.04984
-81 36.5 1.78166
-119 37 -2.35626
-118.5 37 -2.48105
-118 37 -2.67376
-117.5 37 -2.85946
-117 37 -3.04254
-116.5 37 -3.13753
-116 37 -3.01155
-115.5 37 -2.87228
-115 37 -3.03565
-114.5 37 -3.25151
-114 37 -3.2251
-113.5 37 -2.79815
-113 37 -1.99411
-112.5 37 -1.36623
-112 37 -0.759318
-111.5 37 -0.813385
-111 37 -1.15369
-110.5 37 -1.03513
-110 37 -1.13497
-109.5 37 -1.37298
-109 37 -1.60876
-108.5 37 -1.6374
-108 37 -1.51173
-107.5 37 -1.2619
-107 37 -1.13383
-106.5 37 -1.6199
-106 37 -1.87565
-105.5 37 -1.77623
-105 37 -1.51364
-104.5 37 -0.696176
-104 37 0.377129
-103.5 37 1.31384
-103 37 1.27041
-102.5 37 0.90093
-102 37 0.700762
-101.5 37 -0.347807
-101 37 -1.40132
-100.5 37 -1.36947
-100 37 -1.18205
-99.5 37 -1.6339
-99 37 -2.6589
-98.5 37 -3.03468
-98 37 -1.91368
-97.5 37 -0.638006
-97 37 -0.11177
-96.5 37 0.56501
-96 37 1.27549
-95.5 37 1.2243
-95 37 0.83806
-94.5 37 0.487271
-94 37 0.375324
-93.5 37 0.302426
-93 37 0.321902
-92.5 37 0.497689
-92 37 0.266653
-91.5 37 -0.386103
-91 37 -0.811213
-90.5 37 -0.832782
-90 37 -0.764877
-89.5 37 -0.725062
-89 37 -0.568762
-88.5 37 -0.25687
-88 37 -0.0311001
-87.5 37 0.135047
-87 37 0.317637
-86.5 37 0.602842
-86 37 1.13294
-85.5 37 1.76263
-85 37 2.0813
-84.5 37 2.13774
-84 37 2.05027
-83.5 37 1.94874
-83 37 1.91932
-82.5 37 1.76906
-82 37 1.48585
-81.5 37 1.34059
-81 37 1.35762
-119 37.5 -3.59852
-118.5 37.5 -2.89271
-118 37.5 -2.46464
-117.5 37.5 -2.13026
-117 37.5 -2.01817
-116.5 37.5 -1.88163
-116 37.5 -2.17992
-115.5 37.5 -2.03821
-115 37.5 -2.11149
-114.5 37.5 -2.32405
-114 37.5 -2.36216
-113.5 37.5 -2.08564
-113 37.5 -1.48421
-112.5 37.5 -0.800906
-112 37.5 0.068772
-111.5 37.5 0.764761
-111 37.5 0.403112
-110.5 37.5 0.0451091
-110 37.5 -0.0576061
-109.5 37.5 -0.534528
-109 37.5 -1.10916
-108.5 37.5 -1.69613
-108 37.5 -2.2645
-107.5 37.5 -2.54817
-107 37.5 -2.48347
-106.5 37.5 -2.0763
-106 37.5 -2.10403
-105.5 37.5 -2.06815
-105 37.5 -1.89281
-104.5 37.5 -1.40385
-104 37.5 -0.530111
-103.5 37.5 0.242332
-103 37.5 0.693637
-102.5 37.5 0.634087
-102 37.5 0.730585
-101.5 37.5 -0.031454
-101 37.5 -1.31481
-100.5 37.5 -1.51364
-100 37.5 -1.3034
-99.5 37.5 -1.93786
-99 37.5 -3.05606
-98.5 37.5 -2.09095
-98 37.5 0.101604
-97.5 37.5 1.10421
-97 37.5 1.26313
-96.5 37.5 1.39323
-96 37.5 1.24231
-95.5 37.5 0.830711
-95 37.5 0.382752
-94.5 37.5 0.0585259
-94 37.5 -0.101078
-93.5 37.5 -0.109458
-93 37.5 0.014856
-92.5 37.5 -0.159823
-92 37.5 -0.624827
-91.5 37.5 -0.815269
-91 37.5 -0.673522
-90.5 37.5 -0.537853
-90 37.5 -0.425724
-89.5 37.5 -0.331152
-89 37.5 -0.246035
-88.5 37.5 -0.193028
-88 37.5 -0.0587836
-87.5 37.5 0.0949516
-87 37.5 0.437098
-86.5 37.5 0.978447
-86 37.5 1.5172
-85.5 37.5 1.84858
-85 37.5 1.94816
-84.5 37.5 1.8666
-84 37.5 1.62734
-83.5 37.5 1.43474
-83 37.5 1.14447
-82.5 37.5 0.78431
-82 37.5 0.742325
-81.5 37.5 0.926154
-81 37.5 0.987906
-119 38 -3.99912
-118.5 38 -3.44725
-118 38 -3.06753
-117.5 38 -2.8402
-117 38 -2.76917
-116.5 38 -2.67569
-116 38 -2.85817
-115.5 38 -2.74382
-115 38 -2.47869
-114.5 38 -2.31183
-114 38 -2.35003
-113.5 38 -2.39248
-113 38 -2.1716
-112.5 38 -1.66105
-112 38 -1.24343
-111.5 38 -0.374326
-111 38 0.279692
-110.5 38 0.481359
-110 38 0.778119
-109.5 38 0.885945
-109 38 0.468838
-108.5 38 -0.291052
-108 38 -0.761831
-107.5 38 -1.2593
-107 38 -1.93224
-106.5 38 -2.1826
-106 38 -2.21979
-105.5 38 -2.27066
-105 38 -2.30634
-104.5 38 -1.94712
-104 38 -1.21008
-103.5 38 -0.402464
-103 38 0.00652328
-102.5 38 0.288719
-102 38 0.55094
-101.5 38 0.206808
-101 38 -1.03868
-100.5 38 -1.52331
-100 38 -1.51262
-99.5 38 -2.32483
-99 38 -2.20673
-98.5 38 0.0662456
-98 38 1.85959
-97.5 38 2.04269
-97 38 1.53086
-96.5 38 0.988689
-96 38 0.429711
-95.5 38 -0.0373563
-95 38 -0.417866
-94.5 38 -0.564368
-94 38 -0.479093
-93.5 38 -0.336967
-93 38 -0.35574
-92.5 38 -0.53427
-92 38 -0.576424
-91.5 38 -0.388397
-91 38 -0.227595
-90.5 38 -0.112333
-90 38 0.00130707
-89.5 38 0.0898407
-89 38 0.171635
-88.5 38 0.335557
-88 38 0.62494
-87.5 38 0.789157
-87 38 1.11259
-86.5 38 1.49864
-86 38 1.71818
-85.5 38 1.73228
-85 38 1.62824
-84.5 38 1.46652
-84 38 1.22796
-83.5 38 0.973786
-83 38 0.506564
-82.5 38 -0.000625878
-82 38 -0.252742
-81.5 38 -0.308834
-81 38 -0.222596
-119 38.5 -1.90178
-118.5 38.5 -2.36682
-118 38.5 -2.65678
-117.5 38.5 -2.87689
-117 38.5 -3.05171
-116.5 38.5 -3.15514
-116 38.5 -3.17439
-115.5 38.5 -3.22993
-115 38.5 -3.17022
-114.5 38.5 -3.06216
-114 38.5 -3.19396
-113.5 38.5 -3.4074
-113 38.5 -3.48359
-112.5 38.5 -3.3586
-112 38.5 -3.20905
-111.5 38.5 -2.7984
-111 38.5 -2.05495
-110.5 38.5 -1.20279
-110 38.5 -0.432894
-109.5 38.5 0.24611
-109 38.5 0.513125
-108.5 38.5 0.560805
-108 38.5 0.307279
-107.5 38.5 -0.148565
-107 38.5 -0.530651
-106.5 38.5 -1.04574
-106 38.5 -1.27124
-105.5 38.5 -1.48074
-105 38.5 -1.99974
-104.5 38.5 -2.00188
-104 38.5 -1.47283
-103.5 38.5 -0.635
-103 38.5 -0.248981
-102.5 38.5 -0.121983
-102 38.5 0.145301
-101.5 38.5 0.489096
-101 38.5 0.0528272
-100.5 38.5 -0.986305
-99.5 38.5 -2.54697
-99 38.5 -0.27659
-98.5 38.5 1.89987
-98 38.5 2.23925
-97.5 38.5 1.50198
-97 38.5 0.543676
-96.5 38.5 -0.117241
-96 38.5 -0.513161
-95.5 38.5 -0.7886
-95 38.5 -0.78546
-94.5 38.5 -0.674075
-94 38.5 -0.47624
-93.5 38.5 -0.365384
-93 38.5 -0.314391
-92.5 38.5 -0.201931
-92 38.5 -0.0728632
-91.5 38.5 0.0173002
-91 38.5 0.0528623
-90.5 38.5 0.0962937
-90 38.5 0.162215
-89.5 38.5 0.313383
-89 38.5 0.560887
-88.5 38.5 0.87531
-88 38.5 1.0229
-87.5 38.5 1.17994
-87 38.5 1.39752
-86.5 38.5 1.54591
-86 38.5 1.5331
-85.5 38.5 1.41858
-85 38.5 1.26008
-84.5 38.5 1.16654
-84 38.5 1.04007
-83.5 38.5 0.707369
-83 38.5 0.145333
-82.5 38.5 -0.495997
-82 38.5 -0.948019
-81.5 38.5 -1.075
-81 38.5 -0.82219
-119 39 -1.46995
-118.5 39 -1.86375
-118 39 -2.13081
-117.5 39 -2.56558
-117 39 -2.83299
-116.5 39 -2.98753
-116 39 -3.13245
-115.5 39 -3.34917
-115 39 -3.52012
-114.5 39 -3.61683
-114 39 -3.80977
-113.5 39 -4.05125
-113 39 -4.24363
-112.5 39 -4.4023
-112 39 -4.60054
-111.5 39 -4.38511
-111 39 -3.75562
-110.5 39 -2.96344
-110 39 -2.21024
-109.5 39 -1.57447
-109 39 -1.0844
-108.5 39 -0.44825
-108 39 0.197161
-107.5 39 0.436259
-107 39 0.233711
-106.5 39 -0.0413815
-106 39 -0.305101
-105.5 39 -0.604072
-105 39 -0.986074
-104.5 39 -1.16284
-104 39 -1.02042
-103.5 39 -0.678872
-103 39 -0.413994
-102.5 39 -0.382043
-102 39 -0.50543
-101.5 39 -0.283082
-98.5 39 2.0363
-98 39 1.46502
-97.5 39 0.455742
-97 39 -0.254764
-96.5 39 -0.417165
-96 39 -0.582722
-95.5 39 -0.627881
-95 39 -0.500283
-94.5 39 -0.381715
-94 39 -0.264369
-93.5 39 -0.173264
-93 39 -0.105103
-92.5 39 -0.0512175
-92 39 0.0539774
-91.5 39 0.0867625
-91 39 0.084301
-90.5 39 0.126696
-90 39 0.229202
-89.5 39 0.356905
-89 39 0.526206
-88.5 39 0.737297
-88 39 0.892291
-87.5 39 1.20246
-87 39 1.37838
-86.5 39 1.32206
-86 39 1.12353
-85.5 39 0.842262
-85 39 0.610467
-84.5 39 0.523001
-84 39 0.457698
-83.5 39 0.23759
-83 39 -0.0430112
-82.5 39 -0.27702
-82 39 -0.515072
-81.5 39 -0.680377
-81 39 -0.728584
-119 39.5 -1.32951
-118.5 39.5 -1.51417
-118 39.5 -1.68408
-117.5 39.5 -1.98355
-117 39.5 -2.22282
-116.5 39.5 -2.3303
-116 39.5 -2.43333
-115.5 39.5 -2.56833
-115 39.5 -2.69349
-114.5 39.5 -2.78754
-114 39.5 -2.92345
-113.5 39.5 -3.18167
-113 39.5 -3.54783
-112.5 39.5 -3.99932
-112 39.5 -4.31993
-111.5 39.5 -4.40658
-111 39.5 -4.15115
-110.5 39.5 -3.55451
-110 39.5 -2.78707
-109.5 39.5 -2.0976
-109 39.5 -1.49447
-108.5 39.5 -0.898724
-108 39.5 -0.163536
-107.5 39.5 0.586784
-107 39.5 0.654296
-106.5 39.5 0.515183
-106 39.5 0.348896
-105.5 39.5 0.0527941
-105 39.5 -0.0514499
-104.5 39.5 -0.111382
-104 39.5 -0.137011
-103.5 39.5 -0.353739
-103 39.5 -0.395646
-102.5 39.5 -0.46607
-102 39.5 -0.680912
-98 39.5 1.04739
-97.5 39.5 0.223749
-97 39.5 0.0130524
-96.5 39.5 0.027732
-96 39.5 -0.0419987
-95.5 39.5 -0.0779332
-95 39.5 -0.111479
-94.5 39.5 -0.113082
-94 39.5 -0.104723
-93.5 39.5 -0.039966
-93 39.5 0.0133672
-92.5 39.5 0.0669232
-92 39.5 0.139982
-91.5 39.5 0.203659
-91 39.5 0.248544
-90.5 39.5 0.333642
-90 39.5 0.464117
-89.5 39.5 0.518529
-89 39.5 0.504985
-88.5 39.5 0.549121
-88 39.5 0.655418
-87.5 39.5 0.734049
-87 39.5 0.724041
-86.5 39.5 0.548135
-86 39.5 0.279729
-85.5 39.5 -0.0127658
-85 39.5 -0.244952
-84.5 39.5 -0.356113
-84 39.5 -0.351402
-83.5 39.5 -0.344366
-83 39.5 -0.295693
-82.5 39.5 -0.181429
-82 39.5 -0.255837
-81.5 39.5 -0.339025
-81 39.5 -0.50327
-119 40 0.16257
-118.5 40 -0.157107
-118 40 -0.594953
-117.5 40 -0.80145
-117 40 -1.06161
-116.5 40 -1.25931
-116 40 -1.33306
-115.5 40 -1.39714
-115 40 -1.44263
-114.5 40 -1.49452
-114 40 -1.57572
-113.5 40 -1.78356
-113 40 -2.10205
-112.5 40 -2.52483
-112 40 -2.53414
-111.5 40 -2.61326
-111 40 -2.59912
-110.5 40 -2.08762
-110 40 -1.38354
-109.5 40 -0.79468
-109 40 -0.328317
-108.5 40 -0.0840129
-108 40 0.281142
-107.5 40 0.569159
-107 40 0.729287
-106.5 40 0.53445
-106 40 0.413817
-105.5 40 0.381122
-105 40 0.416148
-104.5 40 0.304487
-104 40 0.260982
-103.5 40 -0.0100593
-103 40 -0.0922044
-102.5 40 -0.0705907
-102 40 0.0822148
-98 40 -0.138592
-97.5 40 -0.40206
-97 40 -0.339184
-96.5 40 -0.150452
-96 40 0.0473231
-95.5 40 0.138337
-95 40 0.128588
-94.5 40 0.0612005
-94 40 0.0177678
-93.5 40 0.0594319
-93 40 0.121315
-92.5 40 0.222506
-92 40 0.276789
-91.5 40 0.375584
-91 40 0.506866
-90.5 40 0.61541
-90 40 0.724443
-89.5 40 0.75094
-89 40 0.65912
-88.5 40 0.55575
-88 40 0.450684
-87.5 40 0.308551
-87 40 0.169359
-86.5 40 0.0228081
-86 40 -0.147605
-85.5 40 -0.294045
-85 40 -0.436447
-84.5 40 -0.563232
-84 40 -0.578475
-83.5 40 -0.575454
-83 40 -0.550927
-82.5 40 -0.471513
-82 40 -0.435669
-81.5 40 -0.392855
-81 40 -0.571337
-119 40.5 0.979952
-118.5 40.5 1.03636
-118 40.5 0.948869
-117.5 40.5 0.857672
-117 40.5 0.501267
-116.5 40.5 -0.0145489
-116 40.5 -0.456375
-115.5 40.5 -0.735865
-115 40.5 -0.901703
-114.5 40.5 -1.05584
-114 40.5 -1.23639
-113.5 40.5 -1.48865
-113 40.5 -1.8349
-112.5 40.5 -2.02712
-112 40.5 -1.77195
-111.5 40.5 -1.53654
-111 40.5 -1.2332
-110.5 40.5 -0.652289
-110 40.5 -0.290364
-109.5 40.5 -0.0462585
-109 40.5 0.13818
-108.5 40.5 0.24132
-108 40.5 0.527951
-107.5 40.5 0.616515
-107 40.5 0.822299
-106.5 40.5 0.647858
-106 40.5 0.442269
-105.5 40.5 0.208593
-105 40.5 0.13035
-104.5 40.5 0.0818554
-104 40.5 -0.158889
-103.5 40.5 0.202492
-103 40.5 0.375282
-102.5 40.5 0.612108
-102 40.5 0.999132
-98 40.5 -1.31804
-97.5 40.5 -1.2203
-97 40.5 -1.14659
-96.5 40.5 -0.820051
-96 40.5 -0.277406
-95.5 40.5 0.14236
-95 40.5 0.380805
-94.5 40.5 0.377326
-94 40.5 0.34859
-93.5 40.5 0.360025
-93 40.5 0.407772
-92.5 40.5 0.47488
-92 40.5 0.521446
-91.5 40.5 0.584889
-91 40.5 0.658286
-90.5 40.5 0.682268
-90 40.5 0.741287
-89.5 40.5 0.823829
-89 40.5 0.901055
-88.5 40.5 0.885924
-88 40.5 0.738958
-87.5 40.5 0.556709
-87 40.5 0.340543
-86.5 40.5 0.156996
-86 40.5 -0.0354706
-85.5 40.5 -0.179505
-85 40.5 -0.300741
-84.5 40.5 -0.44529
-84 40.5 -0.518489
-83.5 40.5 -0.541941
-83 40.5 -0.560708
-82.5 40.5 -0.533292
-82 40.5 -0.455341
-81.5 40.5 -0.629332
-81 40.5 -0.850732
-119 41 0.905776
-118.5 41 1.22482
-118 41 1.26456
-117.5 41 1.11061
-117 41 0.700421
-116.5 41 0.310488
-116 41 -0.0857593
-115.5 41 -0.412866
-115 41 -0.633869
-114.5 41 -0.895575
-114 41 -1.19521
-113.5 41 -1.41957
-113 41 -1.59898
-112.5 41 -1.49418
-112 41 -1.48157
-111.5 41 -1.33838
-111 41 -1.14398
-110.5 41 -1.04053
-110 41 -0.942929
-109.5 41 -0.747541
-109 41 -0.453795
-108.5 41 -0.0466498
-108 41 0.449042
-107.5 41 0.570435
-107 41 0.702139
-106.5 41 0.756305
-106 41 0.401331
-105.5 41 -0.0972633
-105 41 -0.0922754
-104.5 41 0.0645772
-104 41 0.39161
-103.5 41 0.967198
-103 41 0.85464
-102.5 41 1.08074
-102 41 1.55298
-98 41 -0.667226
-97.5 41 -1.03604
-97 41 -1.29803
-96.5 41 -1.43194
-96 41 -0.984212
-95.5 41 -0.381126
-95 41 0.160422
-94.5 41 0.424993
-94 41 0.540642
-93.5 41 0.643764
-93 41 0.755513
-92.5 41 0.820313
-92 41 0.784213
-91.5 41 0.735999
-91 41 0.718529
-90.5 41 0.679417
-90 41 0.637345
-89.5 41 0.703372
-89 41 0.87526
-88.5 41 0.985759
-88 41 0.937017
-87.5 41 0.763155
-87 41 0.487836
-86.5 41 0.260966
-86 41 0.0873162
-85.5 41 -0.0271706
-85 41 -0.101299
-84.5 41 -0.190146
-84 41 -0.26324
-83.5 41 -0.192514
-83 41 -0.0879278
-82.5 41 0.0404285
-82 41 0.126742
-81.5 41 -0.0791115
-81 41 -0.3295
-119 41.5 1.18545
-118.5 41.5 1.41241
-118 41.5 1.36542
-117.5 41.5 1.13451
-117 41.5 0.872556
-116.5 41.5 0.632727
-116 41.5 0.487039
-115.5 41.5 0.273792
-115 41.5 0.219652
-114.5 41.5 -0.0110917
-114 41.5 -0.399166
-113.5 41.5 -0.587062
-113 41.5 -0.575646
-112.5 41.5 -0.465735
-112 41.5 -0.642163
-111.5 41.5 -0.883038
-111 41.5 -1.05683
-110.5 41.5 -1.25644
-110 41.5 -1.10068
-109.5 41.5 -0.963999
-109 41.5 -0.450443
-108.5 41.5 0.26357
-108 41.5 0.584707
-107.5 41.5 0.641509
-107 41.5 0.677614
-106.5 41.5 0.608949
-106 41.5 0.306999
-105.5 41.5 0.531154
-105 41.5 1.23849
-104.5 41.5 1.93129
-104 41.5 2.31216
-103.5 41.5 1.52745
-103 41.5 1.12225
-102.5 41.5 1.3721
-102 41.5 1.77179
-101.5 41.5 2.52421
-101 41.5 2.58434
-100.5 41.5 0.915449
-99.5 41.5 -2.02906
-99 41.5 -1.49577
-98.5 41.5 -0.0132418
-98 41.5 0.359089
-97.5 41.5 -0.264699
-97 41.5 -0.890361
-96.5 41.5 -1.51158
-96 41.5 -1.80812
-95.5 41.5 -1.5167
-95 41.5 -0.996195
-94.5 41.5 -0.390056
-94 41.5 0.00704935
-93.5 41.5 0.284591
-93 41.5 0.484318
-92.5 41.5 0.657372
-92 41.5 0.722076
-91.5 41.5 0.691713
-91 41.5 0.664322
-90.5 41.5 0.671481
-90 41.5 0.648863
-89.5 41.5 0.668659
-89 41.5 0.728419
-88.5 41.5 0.789855
-88 41.5 0.789852
-87.5 41.5 0.667468
-87 41.5 0.52194
-86.5 41.5 0.390229
-86 41.5 0.31091
-85.5 41.5 0.322877
-85 41.5 0.404132
-84.5 41.5 0.437823
-84 41.5 0.414699
-83.5 41.5 0.417679
-83 41.5 0.47209
-82.5 41.5 0.528464
-82 41.5 0.641373
-81.5 41.5 0.711744
-81 41.5 0.517673
-119 42 1.70113
-118.5 42 1.86031
-118 42 1.98752
-117.5 42 2.01214
-117 42 2.11445
-116.5 42 2.07601
-116 42 2.14468
-115.5 42 2.13105
-115 42 1.97552
-114.5 42 1.60138
-114 42 1.25616
-113.5 42 1.11342
-113 42 1.16941
-112.5 42 1.27562
-112 42 1.26997
-111.5 42 1.3788
-111 42 1.77206
-110.5 42 2.12035
-110 42 2.30762
-109.5 42 2.05441
-109 42 2.10305
-108.5 42 2.17058
-108 42 1.88364
-107.5 42 1.54704
-107 42 1.24839
-106.5 42 1.15495
-106 42 1.4206
-105.5 42 2.25548
-105 42 2.75823
-104.5 42 2.94574
-104 42 2.10851
-103.5 42 1.10161
-103 42 1.19697
-102.5 42 1.44773
-102 42 1.91399
-101.5 42 2.56617
-101 42 2.17635
-100.5 42 0.862338
-100 42 -0.612337
-99.5 42 -1.60994
-99 42 -1.66623
-98.5 42 -0.490986
-98 42 0.540104
-97.5 42 0.487119
-97 42 -0.141288
-96.5 42 -0.934295
-96 42 -1.64495
-95.5 42 -2.03285
-95 42 -2.02626
-94.5 42 -1.60814
-94 42 -1.09966
-93.5 42 -0.641778
-93 42 -0.29243
-92.5 42 -0.00516289
-92 42 0.27418
-91.5 42 0.419557
-91 42 0.46386
-90.5 42 0.501602
-90 42 0.510258
-89.5 42 0.446628
-89 42 0.380782
-88.5 42 0.409239
-88 42 0.463984
-87.5 42 0.534698
-87 42 0.869724
-86.5 42 1.08585
-86 42 1.05025
-85.5 42 1.17606
-85 42 1.30043
-84.5 42 1.45578
-84 42 1.55622
-83.5 42 1.51122
-83 42 1.44901
-82.5 42 1.35212
-82 42 1.43681
-81.5 42 1.47924
-81 42 1.42466
-119 42.5 1.16415
-118.5 42.5 1.17731
-118 42.5 1.31084
-117.5 42.5 1.30212
-117 42.5 1.30936
-116.5 42.5 1.42264
-116 42.5 1.49756
-115.5 42.5 1.49791
-115 42.5 1.29307
-114.5 42.5 1.34244
-114 42.5 1.7289
-113.5 42.5 2.43397
-113 42.5 3.17168
-112.5 42.5 3.69873
-112 42.5 4.00106
-111.5 42.5 4.38497
-111 42.5 4.8728
-110.5 42.5 4.87109
-110 42.5 4.27041
-109.5 42.5 3.76582
-109 42.5 3.34775
-108.5 42.5 2.67598
-108 42.5 2.19878
-107.5 42.5 1.67607
-107 42.5 1.27811
-106.5 42.5 0.927162
-106 42.5 1.05315
-105.5 42.5 1.4476
-105 42.5 1.72342
-104.5 42.5 1.63017
-104 42.5 1.02364
-103.5 42.5 0.91051
-103 42.5 1.24047
-102.5 42.5 1.53656
-102 42.5 1.85861
-101.5 42.5 2.05497
-101 42.5 1.9469
-100.5 42.5 1.74785
-100 42.5 0.0746356
-99.5 42.5 -1.30097
-99 42.5 -1.39731
-98.5 42.5 -0.837979
-98 42.5 0.270202
-97.5 42.5 0.689251
-97 42.5 0.52228
-96.5 42.5 -0.150817
-96 42.5 -0.989204
-95.5 42.5 -1.69047
-95 42.5 -2.12269
-94.5 42.5 -2.24988
-94 42.5 -2.05227
-93.5 42.5 -1.56553
-93 42.5 -0.991395
-92.5 42.5 -0.578149
-92 42.5 -0.284892
-91.5 42.5 -0.107286
-91 42.5 -0.00986329
-90.5 42.5 0.0157201
-90 42.5 -0.0295791
-89.5 42.5 -0.202764
-89 42.5 -0.430968
-88.5 42.5 -0.522308
-88 42.5 -0.409234
-87.5 42.5 -0.111095
-87 42.5 0.48059
-86.5 42.5 0.868526
-86 42.5 1.09737
-85.5 42.5 1.21396
-85 42.5 1.2657
-84.5 42.5 1.43017
-84 42.5 1.63181
-83.5 42.5 1.74333
-83 42.5 1.80247
-82.5 42.5 1.65781
-82 42.5 1.61636
-81.5 42.5 1.54417
-81 42.5 1.44408
-119 43 1.29977
-118.5 43 0.939998
-118 43 0.59099
-117.5 43 0.279143
-117 43 0.15134
-116.5 43 0.199183
-116 43 0.236577
-115.5 43 0.479856
-115 43 0.857891
-114.5 43 1.60131
-114 43 2.45179
-113.5 43 3.25967
-113 43 3.77291
-112.5 43 3.97189
-112 43 3.98413
-111.5 43 3.88057
-111 43 3.60676
-110.5 43 3.02934
-110 43 2.41715
-109.5 43 2.35272
-109 43 1.9574
-108.5 43 1.67576
-108 43 1.57294
-107.5 43 1.01609
-107 43 0.190585
-106.5 43 -0.329897
-106 43 -0.123576
-105.5 43 0.47627
-105 43 1.13087
-104.5 43 1.25176
-104 43 1.12805
-103.5 43 1.28726
-103 43 1.46973
-102.5 43 1.45041
-102 43 1.38255
-101.5 43 1.42637
-101 43 2.5049
-100.5 43 2.74982
-100 43 0.392248
-99.5 43 -1.03413
-99 43 -0.924172
-98.5 43 -0.750769
-98 43 -0.00120782
-97.5 43 0.626726
-97 43 0.597231
-96.5 43 0.299578
-96 43 -0.260343
-95.5 43 -1.0317
-95 43 -1.75105
-94.5 43 -2.2654
-94 43 -2.45603
-93.5 43 -2.26535
-93 43 -1.67686
-92.5 43 -0.98676
-92 43 -0.521252
-91.5 43 -0.400794
-91 43 -0.389658
-90.5 43 -0.402382
-90 43 -0.462484
-89.5 43 -0.539728
-89 43 -0.669818
-88.5 43 -0.809822
-88 43 -0.874953
-87.5 43 -0.854793
-87 43 -0.70535
-86.5 43 -0.781898
-86 43 -0.737077
-85.5 43 -0.880456
-85 43 -0.880297
-84.5 43 -0.69452
-84 43 -0.325083
-83.5 43 0.161458
-83 43 0.503033
-82.5 43 0.750793
-82 43 1.12325
-81.5 43 1.2273
-81 43 1.04737
-119 43.5 0.864438
-118.5 43.5 0.496955
-118 43.5 0.0737422
-117.5 43.5 0.0289095
-117 43.5 0.282823
-116.5 43.5 0.593692
-116 43.5 0.726239
-115.5 43.5 1.24608
-115 43.5 1.85586
-114.5 43.5 2.38883
-114 43.5 2.83138
-113.5 43.5 2.88394
-113 43.5 2.57999
-112.5 43.5 2.2831
-112 43.5 2.21497
-111.5 43.5 2.41557
-111 43.5 2.36204
-110.5 43.5 2.20687
-110 43.5 2.07361
-109.5 43.5 1.95624
-109 43.5 1.83914
-108.5 43.5 2.05382
-108 43.5 1.62283
-107.5 43.5 0.695634
-107 43.5 -0.239953
-106.5 43.5 -0.429202
-106 43.5 0.1969
-105.5 43.5 1.33451
-105 43.5 2.2901
-104.5 43.5 2.52842
-104 43.5 1.96635
-103.5 43.5 1.44315
-103 43.5 0.978725
-102.5 43.5 0.895672
-102 43.5 0.689399
-101.5 43.5 1.7519
-101 43.5 3.94477
-100.5 43.5 3.305
-100 43.5 0.482765
-99.5 43.5 -0.645063
-99 43.5 -0.420804
-98.5 43.5 -0.510707
-98 43.5 -0.484208
-97.5 43.5 0.194151
-97 43.5 0.586405
-96.5 43.5 0.384543
-96 43.5 0.0298645
-95.5 43.5 -0.450267
-95 43.5 -1.187
-94.5 43.5 -1.9797
-94 43.5 -2.40914
-93.5 43.5 -2.58322
-93 43.5 -2.25721
-92.5 43.5 -1.66182
-92 43.5 -0.955361
-91.5 43.5 -0.578039
-91 43.5 -0.587257
-90.5 43.5 -0.682681
-90 43.5 -0.707818
-89.5 43.5 -0.660506
-89 43.5 -0.626703
-88.5 43.5 -0.57404
-88 43.5 -0.597534
-87.5 43.5 -0.864983
-87 43.5 -0.913548
-86.5 43.5 -0.84187
-86 43.5 -1.03972
-85.5 43.5 -1.2742
-85 43.5 -1.45037
-84.5 43.5 -1.53115
-84 43.5 -1.39414
-83.5 43.5 -0.821306
-83 43.5 -0.457483
-82.5 43.5 -0.180761
-82 43.5 -0.00949057
-81.5 43.5 0.291537
-81 43.5 0.527129
-119 44 1.42771
-118.5 44 1.29217
-118 44 1.24163
-117.5 44 1.34503
-117 44 1.27047
-116.5 44 1.05687
-116 44 1.02703
-115.5 44 1.3209
-115 44 1.59505
-114.5 44 1.78017
-114 44 1.96751
-113.5 44 2.07404
-113 44 2.16016
-112.5 44 2.45632
-112 44 2.84112
-111.5 44 2.97274
-111 44 2.76417
-110.5 44 2.69877
-110 44 2.84798
-109.5 44 2.90734
-109 44 2.6425
-108.5 44 2.13369
-108 44 1.20535
-107.5 44 0.13797
-107 44 -0.600784
-106.5 44 0.00593004
-106 44 1.86919
-105.5 44 3.6469
-105 44 4.45781
-104.5 44 3.39098
-104 44 1.86919
-103.5 44 0.586775
-103 44 -0.235657
-102.5 44 -0.187906
-102 44 0.552688
-101.5 44 3.505
-101 44 5.69295
-100.5 44 3.65194
-100 44 0.491118
-99.5 44 -0.467827
-99 44 -0.296814
-98.5 44 -0.290137
-98 44 -0.615091
-97.5 44 -0.286559
-97 44 0.296967
-96.5 44 0.296596
-96 44 -0.0137634
-95.5 44 -0.328058
-95 44 -0.790067
-94.5 44 -1.67649
-94 44 -2.28717
-93.5 44 -2.63454
-93 44 -2.38231
-92.5 44 -1.93476
-92 44 -1.41622
-91.5 44 -0.917348
-91 44 -0.891361
-90.5 44 -1.00353
-90 44 -1.0831
-89.5 44 -1.04571
-89 44 -1.02379
-88.5 44 -0.99059
-88 44 -0.869749
-87.5 44 -0.989072
-87 44 -1.12229
-86.5 44 -0.67081
-86 44 -0.422659
-85.5 44 -0.307954
-85 44 -0.430578
-84.5 44 -0.682372
-84 44 -0.964153
-83.5 44 -1.04168
-83 44 -0.787362
-82.5 44 -0.423203
-82 44 -0.345732
-81.5 44 -0.425382
-81 44 -0.354862
-119 44.5 2.7959
-118.5 44.5 2.69912
-118 44.5 2.59349
-117.5 44.5 2.27152
-117 44.5 1.82167
-116.5 44.5 1.52839
-116 44.5 1.72017
-115.5 44.5 1.81879
-115 44.5 1.90918
-114.5 44.5 2.03784
-114 44.5 2.24114
-113.5 44.5 2.58071
-113 44.5 3.0231
-112.5 44.5 3.32466
-112 44.5 3.28058
-111.5 44.5 3.03395
-111 44.5 3.29388
-110.5 44.5 3.72255
-110 44.5 3.72361
-109.5 44.5 2.73378
-109 44.5 1.47295
-108.5 44.5 0.891711
-108 44.5 0.238118
-107.5 44.5 -0.345277
-107 44.5 0.184703
-106.5 44.5 2.21309
-106 44.5 4.56453
-105.5 44.5 5.73959
-105 44.5 4.77953
-104.5 44.5 2.33142
-104 44.5 0.548782
-103.5 44.5 -1.20112
-103 44.5 -1.54475
-102.5 44.5 -0.48639
-102 44.5 2.09686
-101.5 44.5 5.35605
-101 44.5 6.41649
-100.5 44.5 3.7922
-100 44.5 0.636747
-99.5 44.5 -0.166604
-99 44.5 -0.136028
-98.5 44.5 -0.0950036
-98 44.5 -0.334793
-97.5 44.5 -0.429572
-97 44.5 -0.107407
-96.5 44.5 0.0723913
-96 44.5 0.0421848
-95.5 44.5 -0.319527
-95 44.5 -0.825621
-94.5 44.5 -1.57282
-94 44.5 -2.37411
-93.5 44.5 -2.94643
-93 44.5 -3.04194
-92.5 44.5 -2.33364
-92 44.5 -1.62893
-91.5 44.5 -1.00782
-91 44.5 -0.855512
-90.5 44.5 -1.07606
-90 44.5 -1.2954
-89.5 44.5 -1.40071
-89 44.5 -1.46584
-88.5 44.5 -1.60943
-88 44.5 -1.7264
-87.5 44.5 -1.74598
-87 44.5 -1.82456
-86.5 44.5 -1.36585
-86 44.5 -1.09797
-85.5 44.5 -0.939171
-85 44.5 -0.909174
-84.5 44.5 -0.972658
-84 44.5 -1.05391
-83.5 44.5 -1.29318
-83 44.5 -1.21886
-82.5 44.5 -0.859744
-82 44.5 -0.276189
-81.5 44.5 -0.0514224
-81 44.5 -0.12047
-119 45 2.6568
-118.5 45 2.82893
-118 45 2.80182
-117.5 45 2.66669
-117 45 2.72244
-116.5 45 2.92574
-116 45 3.22
-115.5 45 3.33395
-115 45 3.42838
-114.5 45 3.30286
-114 45 3.23847
-113.5 45 3.19342
-113 45 3.15248
-112.5 45 3.2278
-112 45 3.53467
-111.5 45 3.99899
-111 45 4.29485
-110.5 45 3.77532
-110 45 2.43131
-109.5 45 0.851478
-109 45 0.499128
-108.5 45 0.637828
-108 45 0.489627
-107.5 45 0.702983
-107 45 2.13295
-106.5 45 4.51684
-106 45 6.02859
-105.5 45 5.39235
-105 45 2.90307
-104.5 45 0.367397
-104 45 -1.5272
-103.5 45 -2.49869
-103 45 -1.58987
-102.5 45 0.771803
-102 45 3.84729
-101.5 45 5.96044
-101 45 6.3071
-100.5 45 4.33674
-100 45 1.66354
-99.5 45 0.159899
-99 45 -0.305843
-98.5 45 -0.306056
-98 45 -0.0357047
-97.5 45 0.0293035
-97 45 0.0757304
-96.5 45 0.00656285
-96 45 0.00724909
-95.5 45 0.00822151
-95 45 -0.543951
-94.5 45 -1.43563
-94 45 -2.47372
-93.5 45 -3.05841
-93 45 -3.42965
-92.5 45 -3.10535
-92 45 -2.23049
-91.5 45 -1.36359
-91 45 -0.791709
-90.5 45 -0.81838
-90 45 -1.16609
-89.5 45 -1.45222
-89 45 -1.54321
-88.5 45 -1.67268
-88 45 -1.97249
-87.5 45 -2.43229
-87 45 -2.96343
-86.5 45 -2.6609
-86 45 -2.01012
-85.5 45 -1.68004
-85 45 -1.53867
-84.5 45 -1.54878
-84 45 -1.55819
-83.5 45 -1.51247
-83 45 -1.65709
-82.5 45 -1.79154
-82 45 -1.85902
-81.5 45 -1.59277
-81 45 -1.23946
-119 45.5 3.27422
-118.5 45.5 3.79244
-118 45.5 4.01895
-117.5 45.5 4.27119
-117 45.5 4.59419
-116.5 45.5 4.65923
-116 45.5 4.55845
-115.5 45.5 4.39343
-115 45.5 4.13473
-114.5 45.5 3.71199
-114 45.5 3.59672
-113.5 45.5 3.61469
-113 45.5 3.85921
-112.5 45.5 4.23417
-112 45.5 4.32593
-111.5 45.5 3.93295
-111 45.5 2.8581
-110.5 45.5 1.59668
-110 45.5 0.500372
-109.5 45.5 0.352005
-109 45.5 0.97464
-108.5 45.5 1.00168
-108 45.5 1.04733
-107.5 45.5 2.10316
-107 45.5 4.61939
-106.5 45.5 6.13553
-106 45.5 5.45004
-105.5 45.5 3.27202
-105 45.5 0.7667
-104.5 45.5 -1.32934
-104 45.5 -2.58423
-103.5 45.5 -2.46993
-103 45.5 -0.324366
-102.5 45.5 2.46304
-102 45.5 4.74892
-101.5 45.5 6.15186
-101 45.5 5.97406
-100.5 45.5 4.48818
-100 45.5 2.6509
-99.5 45.5 0.847858
-99 45.5 -0.309504
-98.5 45.5 -0.538313
-98 45.5 0.027506
-97.5 45.5 0.335866
-97 45.5 0.323119
-96.5 45.5 0.419183
-96 45.5 0.211145
-95.5 45.5 0.0845521
-95 45.5 -0.0652542
-94.5 45.5 -0.696876
-94 45.5 -1.96417
-93.5 45.5 -3.13388
-93 45.5 -3.69969
-92.5 45.5 -3.51085
-92 45.5 -2.65962
-91.5 45.5 -1.56119
-91 45.5 -0.789793
-90.5 45.5 -0.474473
-90 45.5 -0.615989
-89.5 45.5 -1.08117
-89 45.5 -1.31948
-88.5 45.5 -1.373
-88 45.5 -1.51438
-87.5 45.5 -1.84596
-87 45.5 -2.65009
-86.5 45.5 -3.46436
-86 45.5 -3.37366
-85.5 45.5 -2.80285
-85 45.5 -2.12246
-84.5 45.5 -1.78644
-84 45.5 -1.80336
-83.5 45.5 -1.84711
-83 45.5 -2.14213
-82.5 45.5 -2.67477
-82 45.5 -3.13129
-81.5 45.5 -3.19533
-81 45.5 -2.76648
-119 46 5.02543
-118.5 46 5.07646
-118 46 4.98943
-117.5 46 4.91412
-117 46 4.67948
-116.5 46 4.23983
-116 46 3.75825
-115.5 46 3.52624
-115 46 3.30284
-114.5 46 3.35826
-114 46 3.70514
-113.5 46 3.79247
-113 46 3.65607
-112.5 46 3.21762
-112 46 2.40594
-111.5 46 1.40763
-111 46 0.485919
-110.5 46 0.132586
-110 46 0.257038
-109.5 46 0.956062
-109 46 1.42314
-108.5 46 1.85883
-108 46 2.7854
-107.5 46 5.05361
-107 46 6.26924
-106.5 46 5.23182
-106 46 3.16601
-105.5 46 1.23909
-105 46 -0.273434
-104.5 46 -2.08366
-104 46 -3.38497
-103.5 46 -1.82334
-103 46 1.31323
-102.5 46 3.50399
-102 46 5.33944
-101.5 46 6.27724
-101 46 5.59828
-100.5 46 3.86752
-100 46 2.82044
-99.5 46 2.22679
-99 46 0.564854
-98.5 46 -0.67276
-98 46 -0.225404
-97.5 46 0.271232
-97 46 0.454116
-96.5 46 0.785981
-96 46 0.574127
-95.5 46 0.119463
-95 46 0.0663502
-94.5 46 -0.0731662
-94 46 -0.995083
-93.5 46 -2.27543
-93 46 -3.53077
-92.5 46 -4.09234
-92 46 -3.58464
-91.5 46 -2.23601
-91 46 -0.819169
-90.5 46 0.0549976
-90 46 0.383549
-89.5 46 0.0719827
-89 46 -0.456614
-88.5 46 -0.691725
-88 46 -0.856686
-87.5 46 -1.11865
-87 46 -1.35571
-86.5 46 -1.9732
-86 46 -2.50478
-85.5 46 -2.70226
-85 46 -2.69104
-84.5 46 -2.39563
-84 46 -2.21443
-83.5 46 -2.30505
-83 46 -2.40949
-82.5 46 -2.72386
-82 46 -3.02036
-81.5 46 -3.37076
-81 46 -3.68469
-119 46.5 6.01047
-118.5 46.5 5.18615
-118 46.5 4.35979
-117.5 46.5 3.70527
-117 46.5 3.04654
-116.5 46.5 2.62251
-116 46.5 2.52498
-115.5 46.5 2.59607
-115 46.5 2.56164
-114.5 46.5 2.65333
-114 46.5 2.52175
-113.5 46.5 2.24764
-113 46.5 2.06588
-112.5 46.5 1.87427
-112 46.5 1.41129
-111.5 46.5 0.885141
-111 46.5 0.831805
-110.5 46.5 1.0855
-110 46.5 1.72916
-109.5 46.5 2.48463
-109 46.5 3.00855
-108.5 46.5 3.70637
-108 46.5 5.02222
-107.5 46.5 5.80177
-107 46.5 4.87942
-106.5 46.5 3.25568
-106 46.5 1.10058
-105.5 46.5 -0.191661
-105 46.5 -1.14978
-104.5 46.5 -3.29458
-104 46.5 -3.59684
-103.5 46.5 -0.563978
-103 46.5 2.31406
-102.5 46.5 4.0974
-102 46.5 5.60864
-101.5 46.5 6.22604
-101 46.5 5.16888
-100.5 46.5 3.34143
-100 46.5 2.82282
-99.5 46.5 3.35955
-99 46.5 2.07961
-98.5 46.5 -0.312452
-98 46.5 -0.538614
-97.5 46.5 0.0123076
-97 46.5 0.279869
-96.5 46.5 0.847241
-96 46.5 0.807892
-95.5 46.5 0.247945
-95 46.5 0.0438156
-94.5 46.5 0.162175
-94 46.5 -0.397496
-93.5 46.5 -1.39717
-93 46.5 -2.51917
-92.5 46.5 -3.75464
-92 46.5 -4.30159
-91.5 46.5 -3.69616
-91 46.5 -2.07867
-90.5 46.5 -0.31013
-90 46.5 0.92484
-89.5 46.5 1.46834
-89 46.5 1.16292
-88.5 46.5 0.792087
-88 46.5 0.561031
-87.5 46.5 0.268286
-87 46.5 -0.0759878
-86.5 46.5 -0.572894
-86 46.5 -0.965161
-85.5 46.5 -0.932113
-85 46.5 -1.09569
-84.5 46.5 -1.63667
-84 46.5 -2.14067
-83.5 46.5 -2.40392
-83 46.5 -2.43996
-82.5 46.5 -2.42091
-82 46.5 -2.37984
-81.5 46.5 -2.48352
-81 46.5 -3.07311
-119 47 5.05261
-118.5 47 3.73457
-118 47 2.74216
-117.5 47 2.0982
-117 47 1.56322
-116.5 47 1.31735
-116 47 1.44652
-115.5 47 1.61385
-115 47 1.75805
-114.5 47 1.89714
-114 47 2.10446
-113.5 47 2.53407
-113 47 2.94688
-112.5 47 3.00402
-112 47 2.71384
-111.5 47 2.67089
-111 47 2.79664
-110.5 47 2.90493
-110 47 3.25688
-109.5 47 3.72344
-109 47 4.34597
-108.5 47 5.16934
-108 47 5.28868
-107.5 47 4.516
-107 47 3.30271
-106.5 47 1.20767
-106 47 -0.93834
-105.5 47 -1.37745
-105 47 -2.14903
-104.5 47 -4.29103
-104 47 -3.54642
-103.5 47 0.710549
-103 47 3.63861
-102.5 47 4.61542
-102 47 5.66454
-101.5 47 6.04037
-101 47 4.60506
-100.5 47 2.95879
-100 47 3.05219
-99.5 47 4.50116
-99 47 3.64012
-98.5 47 0.524286
-98 47 -0.701904
-97.5 47 -0.407329
-97 47 -0.097491
-96.5 47 0.671144
-96 47 1.02929
-95.5 47 0.459408
-95 47 -0.0669391
-94.5 47 0.129888
-94 47 0.0435527
-93.5 47 -0.870928
-93 47 -1.77917
-92.5 47 -2.92856
-92 47 -4.23908
-91.5 47 -4.96289
-91 47 -4.53362
-90.5 47 -2.7217
-90 47 -0.400438
-89.5 47 1.53199
-89 47 2.42007
-88.5 47 2.39648
-88 47 2.18188
-87.5 47 2.07815
-87 47 2.05579
-86.5 47 1.79408
-86 47 1.01637
-85.5 47 0.428768
-85 47 0.757901
-84.5 47 1.22276
-84 47 0.868196
-83.5 47 -0.0553893
-83 47 -0.968999
-82.5 47 -1.43211
-82 47 -1.62118
-81.5 47 -1.85414
-81 47 -1.98381
-119 47.5 2.5012
-118.5 47.5 1.60274
-118 47.5 1.06555
-117.5 47.5 0.670881
-117 47.5 0.506444
-116.5 47.5 0.715752
-116 47.5 1.23783
-115.5 47.5 1.85005
-115 47.5 2.46128
-114.5 47.5 3.11276
-114 47.5 3.89856
-113.5 47.5 4.53303
-113 47.5 4.80889
-112.5 47.5 4.53702
-112 47.5 4.05191
-111.5 47.5 3.43541
-111 47.5 2.83389
-110.5 47.5 2.87484
-110 47.5 3.83728
-109.5 47.5 4.92193
-109 47.5 5.55387
-108.5 47.5 5.16398
-108 47.5 4.16313
-107.5 47.5 3.10488
-107 47.5 1.22864
-106.5 47.5 -0.959429
-106 47.5 -2.28092
-105.5 47.5 -2.34828
-105 47.5 -3.56408
-104.5 47.5 -4.77752
-104 47.5 -1.45929
-103.5 47.5 2.73475
-103 47.5 3.62914
-102.5 47.5 4.79173
-102 47.5 6.52985
-101.5 47.5 6.2631
-101 47.5 4.17564
-100.5 47.5 2.65636
-100 47.5 3.29715
-99.5 47.5 5.61413
-99 47.5 5.11956
-98.5 47.5 1.51778
-98 47.5 -0.549822
-97.5 47.5 -0.772531
-97 47.5 -0.48546
-96.5 47.5 0.375008
-96 47.5 1.02054
-95.5 47.5 0.743147
-95 47.5 0.0947258
-94.5 47.5 0.0778966
-94 47.5 0.377784
-93.5 47.5 -0.19649
-93 47.5 -1.07194
-92.5 47.5 -1.90345
-92 47.5 -3.28087
-91.5 47.5 -4.82871
-91 47.5 -5.9949
-90.5 47.5 -6.14058
-90 47.5 -4.5482
-89.5 47.5 -1.81174
-89 47.5 0.874481
-88.5 47.5 2.46946
-88 47.5 3.00904
-87.5 47.5 2.91909
-87 47.5 2.7799
-86.5 47.5 2.90409
-86 47.5 2.84069
-85.5 47.5 2.3183
-85 47.5 1.91759
-84.5 47.5 2.42167
-84 47.5 3.77846
-83.5 47.5 4.66922
-83 47.5 4.22101
-82.5 47.5 3.19278
-82 47.5 2.55435
-81.5 47.5 2.03207
-81 47.5 0.961634
-119 48 0.68522
-118.5 48 0.431659
-118 48 0.490284
-117.5 48 0.769234
-117 48 1.26928
-116.5 48 2.00704
-116 48 2.84111
-115.5 48 3.52126
-115 48 4.15015
-114.5 48 4.96191
-114 48 5.67785
-113.5 48 5.82916
-113 48 5.1463
-112.5 48 3.89371
-112 48 2.52412
-111.5 48 1.81979
-111 48 2.48885
-110.5 48 4.0665
-110 48 5.29843
-109.5 48 5.49178
-109 48 4.76095
-108.5 48 3.68037
-108 48 2.63786
-107.5 48 0.840902
-107 48 -1.11024
-106.5 48 -2.29525
-106 48 -2.51123
-105.5 48 -3.02286
-105 48 -4.84926
-104.5 48 -3.20616
-104 48 1.28517
-103.5 48 2.52242
-103 48 2.67614
-102.5 48 5.34139
-102 48 7.68416
-101.5 48 6.67743
-101 48 3.9304
-100.5 48 2.44684
-100 48 3.6941
-99.5 48 6.72198
-99 48 6.35291
-98.5 48 2.42438
-98 48 -0.287234
-97.5 48 -0.818331
-97 48 -0.705523
-96.5 48 0.00153485
-96 48 0.718538
-95.5 48 0.673942
-95 48 0.324382
-94.5 48 0.267772
-94 48 0.615256
-93.5 48 0.4959
-93 48 -0.204681
-92.5 48 -0.557489
-92 48 -1.28363
-91.5 48 -2.85546
-91 48 -4.58613
-90.5 48 -6.0185
-90 48 -6.75387
-89.5 48 -5.92928
-89 48 -3.66519
-88.5 48 -1.15314
-88 48 0.853556
-87.5 48 2.28991
-87 48 2.93977
-86.5 48 3.03767
-86 48 2.98009
-85.5 48 2.82469
-85 48 2.60254
-84.5 48 2.29713
-84 48 2.60185
-83.5 48 4.11122
-83 48 6.06306
-82.5 48 6.8384
-82 48 6.81175
-81.5 48 7.05481
-81 48 6.68376
-119 48.5 0.838887
-118.5 48.5 1.24021
-118 48.5 1.73061
-117.5 48.5 2.29305
-117 48.5 2.95298
-116.5 48.5 3.79452
-116 48.5 4.46756
-115.5 48.5 4.87506
-115 48.5 5.2328
-114.5 48.5 5.48548
-114 48.5 5.04042
-113.5 48.5 3.92517
-113 48.5 2.60305
-112.5 48.5 1.68451
-112 48.5 1.77727
-111.5 48.5 2.85774
-111 48.5 4.46999
-110.5 48.5 5.34736
-110 48.5 4.99741
-109.5 48.5 4.0979
-109 48.5 3.0958
-108.5 48.5 1.97195
-108 48.5 0.30089
-107.5 48.5 -1.24372
-107 48.5 -2.17147
-106.5 48.5 -2.58715
-106 48.5 -2.75492
-105.5 48.5 -4.484
-105 48.5 -4.0156
-104.5 48.5 -0.648124
-104 48.5 1.0817
-103.5 48.5 1.35907
-103 48.5 3.84157
-102.5 48.5 7.70406
-102 48.5 8.24403
-101.5 48.5 5.9249
-101 48.5 3.49173
-100.5 48.5 2.55904
-100 48.5 5.17132
-99.5 48.5 7.95671
-99 48.5 6.41682
-98.5 48.5 2.90102
-98 48.5 0.0883074
-97.5 48.5 -0.707078
-97 48.5 -0.615257
-96.5 48.5 -0.211385
-96 48.5 0.24318
-95.5 48.5 0.43983
-95 48.5 0.379006
-94.5 48.5 0.28343
-94 48.5 0.636914
-93.5 48.5 0.959037
-93 48.5 0.247577
-92.5 48.5 4.24798e-05
-92 48.5 0.661427
-91.5 48.5 0.0908647
-91 48.5 -1.70711
-90.5 48.5 -3.46744
-90 48.5 -4.76819
-89.5 48.5 -5.86202
-89 48.5 -5.96569
-88.5 48.5 -4.70631
-88 48.5 -2.81932
-87.5 48.5 -1.05982
-87 48.5 0.455352
-86.5 48.5 1.78487
-86 48.5 2.77631
-85.5 48.5 3.22868
-85 48.5 3.18387
-84.5 48.5 2.8913
-84 48.5 2.34792
-83.5 48.5 1.88158
-83 48.5 2.52549
-82.5 48.5 4.1921
-82 48.5 5.75119
-81.5 48.5 6.60392
-81 48.5 7.58124
-119 49 2.11364
-118.5 49 2.71555
-118 49 3.22199
-117.5 49 3.69626
-117 49 4.26616
-116.5 49 4.83823
-116 49 5.00121
-115.5 49 4.87834
-115 49 4.60528
-114.5 49 3.94726
-114 49 2.95882
-113.5 49 2.28458
-113 49 2.15724
-112.5 49 2.81668
-112 49 3.81537
-111.5 49 4.60427
-111 49 5.135
-110.5 49 4.75401
-110 49 3.81175
-109.5 49 2.82133
-109 49 1.65208
-108.5 49 0.0693965
-108 49 -1.18233
-107.5 49 -1.82616
-107 49 -2.22574
-106.5 49 -2.57836
-106 49 -3.97598
-105.5 49 -4.14427
-105 49 -1.75404
-104.5 49 -0.18022
-104 49 0.512144
-103.5 49 2.05222
-103 49 6.66676
-102.5 49 8.8293
-102 49 6.92088
-101.5 49 4.9142
-101 49 3.17396
-100.5 49 3.38775
-100 49 6.92114
-99.5 49 8.69625
-99 49 6.23513
-98.5 49 2.99746
-98 49 0.517536
-97.5 49 -0.516092
-97 49 -0.547486
-96.5 49 -0.187304
-96 49 0.0727647
-95.5 49 0.206747
-95 49 0.231484
-94.5 49 -0.221816
-94 49 0.0445288
-93.5 49 0.854792
-93 49 0.482226
-92.5 49 -0.378494
-92 49 0.212174
-91.5 49 1.05437
-91 49 0.658104
-90.5 49 -0.880217
-90 49 -2.46439
-89.5 49 -3.77221
-89 49 -4.98463
-88.5 49 -5.67266
-88 49 -5.18172
-87.5 49 -3.68534
-87 49 -2.25023
-86.5 49 -1.15073
-86 49 -0.02775
-85.5 49 1.2493
-85 49 2.5343
-84.5 49 3.2589
-84 49 3.24678
-83.5 49 2.68373
-83 49 1.7746
-82.5 49 1.30757
-82 49 2.21041
-81.5 49 3.76346
-81 49 4.98281
