-119 25 759.01
-118.5 25 748.917
-118 25 738.8
-117.5 25 728.688
-117 25 718.684
-116.5 25 708.917
-116 25 699.433
-115.5 25 690.1
-115 25 680.613
-114.5 25 670.773
-114 25 661.258
-113.5 25 652.206
-113 25 643.437
-112.5 25 634.772
-112 25 626.098
-111.5 25 617.68
-111 25 609.719
-110.5 25 602.146
-110 25 594.982
-109.5 25 588.182
-109 25 581.778
-108.5 25 575.822
-108 25 570.311
-107.5 25 565.252
-107 25 560.448
-106.5 25 555.787
-106 25 551.525
-105.5 25 547.599
-105 25 543.814
-104.5 25 539.938
-104 25 536.218
-103.5 25 532.845
-103 25 530.049
-102.5 25 527.537
-102 25 525.155
-101.5 25 523.31
-101 25 522.518
-100.5 25 522.758
-100 25 523.29
-99.5 25 524.923
-99 25 527.944
-98.5 25 534.768
-98 25 542.339
-97.5 25 547.714
-97 25 550.239
-96.5 25 555.678
-95 25 556.145
-94.5 25 562.6
-94 25 566.218
-93.5 25 572.831
-93 25 573.795
-92.5 25 578.994
-92 25 585.099
-91.5 25 591.731
-91 25 598.993
-90.5 25 606.369
-90 25 614.513
-89.5 25 622.117
-89 25 629.684
-88.5 25 638.967
-88 25 647.438
-87.5 25 656.535
-87 25 663.321
-86.5 25 671.211
-86 25 676.427
-85.5 25 680.841
-85 25 688.119
-84.5 25 695.904
-84 25 703.829
-83.5 25 711.808
-83 25 719.606
-82.5 25 727.355
-82 25 735.399
-81.5 25 744.19
-81 25 754.04
-119 25.5 746.056
-118.5 25.5 735.956
-118 25.5 725.875
-117.5 25.5 715.762
-117 25.5 705.663
-116.5 25.5 695.67
-116 25.5 685.905
-115.5 25.5 676.435
-115 25.5 667.124
-114.5 25.5 657.554
-114 25.5 647.723
-113.5 25.5 638.325
-113 25.5 629.357
-112.5 25.5 620.625
-112 25.5 611.93
-111.5 25.5 603.275
-111 25.5 595.017
-110.5 25.5 587.195
-110 25.5 579.79
-109.5 25.5 572.786
-109 25.5 566.151
-108.5 25.5 559.98
-108 25.5 554.277
-107.5 25.5 549.052
-107 25.5 544.185
-106.5 25.5 539.443
-106 25.5 535.048
-105.5 25.5 531.057
-105 25.5 527.238
-104.5 25.5 523.39
-104 25.5 519.582
-103.5 25.5 516.102
-103 25.5 513.215
-102.5 25.5 510.673
-102 25.5 508.237
-101.5 25.5 506.286
-101 25.5 505.367
-100.5 25.5 505.648
-100 25.5 506.276
-99.5 25.5 508.053
-99 25.5 511.459
-98.5 25.5 518.657
-98 25.5 526.461
-97.5 25.5 531.046
-97 25.5 532.952
-96.5 25.5 536.62
-96 25.5 534.351
-95.5 25.5 535.226
-95 25.5 536.841
-94.5 25.5 545.202
-94 25.5 550.623
-93.5 25.5 552.451
-93 25.5 557.378
-92.5 25.5 563.243
-92 25.5 569.521
-91.5 25.5 576.6
-91 25.5 583.984
-90.5 25.5 591.729
-90 25.5 599.817
-89.5 25.5 607.232
-89 25.5 614.909
-88.5 25.5 623.615
-88 25.5 633.373
-87.5 25.5 641.217
-87 25.5 648.473
-86.5 25.5 653.517
-86 25.5 658.596
-85.5 25.5 665.74
-85 25.5 673.288
-84.5 25.5 681.273
-84 25.5 689.221
-83.5 25.5 697.067
-83 25.5 704.763
-82.5 25.5 712.724
-82 25.5 721.167
-81.5 25.5 730.604
-81 25.5 740.765
-119 26 733.235
-118.5 26 723.032
-118 26 712.942
-117.5 26 702.87
-117 26 692.764
-116.5 26 682.678
-116 26 672.696
-115.5 26 662.931
-115 26 653.464
-114.5 26 644.168
-114 26 634.511
-113.5 26 624.733
-113 26 615.449
-112.5 26 606.551
-112 26 597.833
-111.5 26 589.092
-111 26 580.529
-110.5 26 572.424
-110 26 564.753
-109.5 26 557.525
-109 26 550.664
-108.5 26 544.243
-108 26 538.332
-107.5 26 532.918
-107 26 527.944
-106.5 26 523.148
-106 26 518.609
-105.5 26 514.533
-105 26 510.671
-104.5 26 506.847
-104 26 502.984
-103.5 26 499.384
-103 26 496.397
-102.5 26 493.806
-102 26 491.327
-101.5 26 489.272
-101 26 488.208
-100.5 26 488.55
-100 26 489.278
-99.5 26 491.25
-99 26 495.239
-98.5 26 503.145
-98 26 511.757
-97.5 26 514.721
-97 26 513.953
-96.5 26 514.075
-96 26 512.158
-95.5 26 517.28
-95 26 521.495
-94.5 26 529.344
-94 26 534.971
-93.5 26 535.889
-93 26 542.431
-92.5 26 547.486
-92 26 554.275
-91.5 26 561.615
-91 26 569.088
-90.5 26 577.302
-90 26 584.88
-89.5 26 592.731
-89 26 601.603
-88.5 26 608.136
-88 26 619.525
-87.5 26 625.942
-87 26 634.007
-86.5 26 636.554
-86 26 643.357
-85.5 26 650.804
-85 26 658.665
-84.5 26 666.691
-84 26 674.522
-83.5 26 682.214
-83 26 690.085
-82.5 26 698.371
-82 26 707.417
-81.5 26 717.333
-81 26 726.754
-119 26.5 720.648
-118.5 26.5 710.26
-118 26.5 700.045
-117.5 26.5 689.971
-117 26.5 679.904
-116.5 26.5 669.806
-116 26.5 659.736
-115.5 26.5 649.766
-115 26.5 639.998
-114.5 26.5 630.525
-114 26.5 621.209
-113.5 26.5 611.485
-113 26.5 601.81
-112.5 26.5 592.627
-112 26.5 583.784
-111.5 26.5 575.047
-111 26.5 566.285
-110.5 26.5 557.865
-110 26.5 549.9
-109.5 26.5 542.408
-109 26.5 535.327
-108.5 26.5 528.647
-108 26.5 522.482
-107.5 26.5 516.864
-107 26.5 511.738
-106.5 26.5 506.886
-106 26.5 502.223
-105.5 26.5 498.03
-105 26.5 494.126
-104.5 26.5 490.299
-104 26.5 486.413
-103.5 26.5 482.7
-103 26.5 479.595
-102.5 26.5 476.948
-102 26.5 474.435
-101.5 26.5 472.275
-101 26.5 471.078
-100.5 26.5 471.425
-100 26.5 472.26
-99.5 26.5 474.483
-99 26.5 479.487
-98.5 26.5 488.654
-98 26.5 497.172
-97.5 26.5 497.596
-97 26.5 495.364
-96.5 26.5 493.184
-96 26.5 494.131
-95.5 26.5 500.194
-95 26.5 508.835
-94.5 26.5 513.364
-94 26.5 519.531
-93.5 26.5 520.706
-93 26.5 525.615
-92.5 26.5 532.053
-92 26.5 539.215
-91.5 26.5 546.767
-91 26.5 554.471
-90.5 26.5 562.59
-90 26.5 569.999
-89.5 26.5 578.346
-89 26.5 587.274
-88.5 26.5 595.663
-88 26.5 604.024
-87.5 26.5 611.139
-87 26.5 617.06
-86.5 26.5 621.16
-86 26.5 628.381
-85.5 26.5 636.073
-85 26.5 644.182
-84.5 26.5 652.03
-84 26.5 659.694
-83.5 26.5 667.49
-83 26.5 675.691
-82.5 26.5 684.374
-82 26.5 693.86
-81.5 26.5 703.328
-81 26.5 712.265
-119 27 708.313
-118.5 27 697.743
-118 27 687.328
-117.5 27 677.103
-117 27 667.041
-116.5 27 656.981
-116 27 646.891
-115.5 27 636.835
-115 27 626.878
-114.5 27 617.103
-114 27 607.613
-113.5 27 598.248
-113 27 588.51
-112.5 27 578.955
-112 27 569.855
-111.5 27 561.046
-111 27 552.257
-110.5 27 543.545
-110 27 535.267
-109.5 27 527.461
-109 27 520.145
-108.5 27 513.212
-108 27 506.758
-107.5 27 500.892
-107 27 495.594
-106.5 27 490.653
-106 27 485.893
-105.5 27 481.558
-105 27 477.59
-104.5 27 473.764
-104 27 469.852
-103.5 27 466.068
-103 27 462.805
-102.5 27 460.108
-102 27 457.558
-101.5 27 455.298
-101 27 453.978
-100.5 27 454.275
-100 27 455.312
-99.5 27 457.603
-99 27 461.493
-98.5 27 467.052
-98 27 473.372
-97.5 27 477.323
-97 27 476.436
-96.5 27 473.357
-96 27 478.08
-95.5 27 484.787
-95 27 493.017
-94.5 27 497.58
-94 27 499.258
-93.5 27 504.04
-93 27 510.019
-92.5 27 516.895
-92 27 524.34
-91.5 27 532.021
-91 27 540.036
-90.5 27 547.682
-90 27 555.468
-89.5 27 563.977
-89 27 572.003
-88.5 27 582.644
-88 27 588.577
-87.5 27 593.905
-87 27 600.033
-86.5 27 606.009
-86 27 613.607
-85.5 27 621.59
-85 27 629.624
-84.5 27 637.178
-84 27 644.944
-83.5 27 653.053
-83 27 661.576
-82.5 27 670.633
-82 27 679.904
-81.5 27 688.929
-81 27 697.902
-119 27.5 696.216
-118.5 27.5 685.487
-118 27.5 674.894
-117.5 27.5 664.445
-117 27.5 654.204
-116.5 27.5 644.149
-116 27.5 634.103
-115.5 27.5 624.021
-115 27.5 613.981
-114.5 27.5 604.036
-114 27.5 594.251
-113.5 27.5 584.736
-113 27.5 575.276
-112.5 27.5 565.6
-112 27.5 556.162
-111.5 27.5 547.131
-111 27.5 538.324
-110.5 27.5 529.482
-110 27.5 520.883
-109.5 27.5 512.734
-109 27.5 505.123
-108.5 27.5 497.947
-108 27.5 491.205
-107.5 27.5 485.026
-107 27.5 479.522
-106.5 27.5 474.457
-106 27.5 469.603
-105.5 27.5 465.137
-105 27.5 461.068
-104.5 27.5 457.245
-104 27.5 453.286
-103.5 27.5 449.485
-103 27.5 446.042
-102.5 27.5 443.277
-102 27.5 440.679
-101.5 27.5 438.338
-101 27.5 436.862
-100.5 27.5 437.116
-100 27.5 438.254
-99.5 27.5 439.467
-99 27.5 440.644
-98.5 27.5 444.484
-98 27.5 449.391
-97.5 27.5 454.088
-97 27.5 454.583
-96.5 27.5 456.06
-96 27.5 462.818
-95.5 27.5 469.753
-95 27.5 476.654
-94.5 27.5 479.288
-94 27.5 482.899
-93.5 27.5 488.104
-93 27.5 494.698
-92.5 27.5 501.952
-92 27.5 509.666
-91.5 27.5 517.209
-91 27.5 525.484
-90.5 27.5 532.912
-90 27.5 541.522
-89.5 27.5 550.33
-89 27.5 558.863
-88.5 27.5 566.859
-88 27.5 574.488
-87.5 27.5 576.87
-87 27.5 583.806
-86.5 27.5 591.126
-86 27.5 599.06
-85.5 27.5 607.201
-85 27.5 614.777
-84.5 27.5 622.409
-84 27.5 630.46
-83.5 27.5 638.889
-83 27.5 647.737
-82.5 27.5 656.801
-82 27.5 665.806
-81.5 27.5 674.718
-81 27.5 683.785
-119 28 684.327
-118.5 28 673.455
-118 28 662.719
-117.5 28 652.1
-117 28 641.618
-116.5 28 631.356
-116 28 621.294
-115.5 28 611.267
-115 28 601.196
-114.5 28 591.168
-114 28 581.24
-113.5 28 571.448
-113 28 561.887
-112.5 28 552.307
-112 28 542.759
-111.5 28 533.428
-111 28 524.448
-110.5 28 515.599
-110 28 506.761
-109.5 28 498.278
-109 28 490.297
-108.5 28 482.855
-108 28 475.836
-107.5 28 469.325
-107 28 463.515
-106.5 28 458.327
-106 28 453.354
-105.5 28 448.763
-105 28 444.568
-104.5 28 440.732
-104 28 436.744
-103.5 28 432.924
-103 28 429.328
-102.5 28 426.453
-102 28 423.829
-101.5 28 421.404
-101 28 419.758
-100.5 28 419.912
-100 28 420.651
-99.5 28 420.761
-99 28 421.357
-98.5 28 423.716
-98 28 427.428
-97.5 28 431.588
-97 28 434.331
-96.5 28 440.262
-96 28 447.961
-95.5 28 454.327
-95 28 460.692
-94.5 28 462.525
-94 28 466.552
-93.5 28 472.626
-93 28 479.606
-92.5 28 487.299
-92 28 494.926
-91.5 28 502.724
-91 28 510.64
-90.5 28 518.661
-90 28 527.663
-89.5 28 536.573
-89 28 545.802
-88.5 28 551.429
-88 28 555.34
-87.5 28 561.488
-87 28 568.808
-86.5 28 576.595
-86 28 584.674
-85.5 28 592.481
-85 28 599.911
-84.5 28 607.918
-84 28 616.236
-83.5 28 625
-83 28 633.995
-82.5 28 642.925
-82 28 651.877
-81.5 28 660.762
-81 28 670.052
-119 28.5 672.66
-118.5 28.5 661.641
-118 28.5 650.752
-117.5 28.5 640.007
-117 28.5 629.365
-116.5 28.5 618.849
-116 28.5 608.561
-115.5 28.5 598.485
-115 28.5 588.473
-114.5 28.5 578.421
-114 28.5 568.403
-113.5 28.5 558.488
-113 28.5 548.697
-112.5 28.5 539.056
-112 28.5 529.37
-111.5 28.5 519.978
-111 28.5 510.758
-110.5 28.5 501.793
-110 28.5 492.874
-109.5 28.5 484.111
-109 28.5 475.734
-108.5 28.5 467.956
-108 28.5 460.656
-107.5 28.5 453.827
-107 28.5 447.633
-106.5 28.5 442.246
-106 28.5 437.167
-105.5 28.5 432.429
-105 28.5 428.124
-104.5 28.5 424.218
-104 28.5 420.233
-103.5 28.5 416.384
-103 28.5 412.665
-102.5 28.5 409.634
-102 28.5 406.985
-101.5 28.5 404.475
-101 28.5 402.67
-100.5 28.5 402.308
-100 28.5 402.694
-99.5 28.5 402.518
-99 28.5 403.031
-98.5 28.5 404.677
-98 28.5 407.587
-97.5 28.5 411.985
-97 28.5 416.834
-96.5 28.5 423.492
-96 28.5 430.642
-95.5 28.5 439.063
-95 28.5 443.303
-94.5 28.5 445.724
-94 28.5 450.709
-93.5 28.5 457.398
-93 28.5 464.901
-92.5 28.5 472.56
-92 28.5 480.24
-91.5 28.5 488.415
-91 28.5 496.073
-90.5 28.5 505.038
-90 28.5 513.518
-89.5 28.5 521.863
-89 28.5 530.158
-88.5 28.5 534.471
-88 28.5 539.463
-87.5 28.5 546.481
-87 28.5 554.133
-86.5 28.5 562.253
-86 28.5 570.108
-85.5 28.5 577.531
-85 28.5 585.379
-84.5 28.5 593.68
-84 28.5 602.329
-83.5 28.5 611.215
-83 28.5 620.275
-82.5 28.5 629.296
-82 28.5 638.063
-81.5 28.5 647.208
-81 28.5 657.031
-119 29 661.166
-118.5 29 650.055
-118 29 639.02
-117.5 29 628.115
-117 29 617.356
-116.5 29 606.691
-116 29 596.143
-115.5 29 585.819
-115 29 575.718
-114.5 29 565.72
-114 29 555.694
-113.5 29 545.687
-113 29 535.78
-112.5 29 526.004
-112 29 516.246
-111.5 29 506.487
-111 29 497.262
-110.5 29 488.145
-110 29 479.147
-109.5 29 470.185
-109 29 461.501
-108.5 29 453.296
-108 29 445.679
-107.5 29 438.545
-107 29 431.947
-106.5 29 426.221
-106 29 421.074
-105.5 29 416.124
-105 29 411.726
-104.5 29 407.692
-104 29 403.672
-103.5 29 399.766
-103 29 395.914
-102.5 29 392.824
-102 29 390.15
-101.5 29 387.576
-101 29 385.596
-100.5 29 384.837
-100 29 384.982
-99.5 29 384.677
-99 29 385.227
-98.5 29 386.699
-98 29 389.295
-97.5 29 393.41
-97 29 398.288
-96.5 29 404.168
-96 29 411.781
-95.5 29 419.835
-95 29 425.932
-94.5 29 429.244
-94 29 435.221
-93.5 29 442.634
-93 29 450.24
-92.5 29 457.885
-92 29 465.656
-91.5 29 473.958
-91 29 481.635
-90.5 29 490.441
-90 29 498.925
-89.5 29 508.239
-89 29 514.232
-88.5 29 517.976
-88 29 524.109
-87.5 29 531.838
-87 29 539.79
-86.5 29 547.699
-86 29 555.25
-85.5 29 562.866
-85 29 571.16
-84.5 29 579.722
-84 29 588.47
-83.5 29 597.612
-83 29 606.734
-82.5 29 615.62
-82 29 624.555
-81.5 29 634.351
-81 29 644.602
-119 29.5 649.942
-118.5 29.5 638.64
-118 29.5 627.516
-117.5 29.5 616.465
-117 29.5 605.545
-116.5 29.5 594.768
-116 29.5 584.079
-115.5 29.5 573.508
-115 29.5 563.142
-114.5 29.5 552.997
-114 29.5 543.005
-113.5 29.5 533.02
-113 29.5 523.022
-112.5 29.5 513.114
-112 29.5 503.359
-111.5 29.5 493.471
-111 29.5 483.653
-110.5 29.5 474.604
-110 29.5 465.589
-109.5 29.5 456.499
-109 29.5 447.56
-108.5 29.5 438.952
-108 29.5 430.943
-107.5 29.5 423.475
-107 29.5 416.515
-106.5 29.5 410.315
-106 29.5 405.01
-105.5 29.5 399.918
-105 29.5 395.372
-104.5 29.5 391.103
-104 29.5 386.863
-103.5 29.5 382.95
-103 29.5 378.929
-102.5 29.5 375.886
-102 29.5 373.292
-101.5 29.5 370.7
-101 29.5 368.608
-100.5 29.5 367.773
-100 29.5 367.658
-99.5 29.5 367.366
-99 29.5 367.911
-98.5 29.5 369.255
-98 29.5 371.956
-97.5 29.5 375.755
-97 29.5 380.299
-96.5 29.5 385.837
-96 29.5 393.106
-95.5 29.5 400.772
-95 29.5 407.616
-94.5 29.5 412.978
-94 29.5 420.197
-93.5 29.5 427.708
-93 29.5 435.436
-92.5 29.5 443.067
-92 29.5 451.42
-91.5 29.5 458.812
-91 29.5 465.132
-90.5 29.5 473.631
-90 29.5 483.207
-89.5 29.5 492.187
-89 29.5 497.347
-88.5 29.5 502.052
-88 29.5 509.409
-87.5 29.5 517.431
-87 29.5 525.397
-86.5 29.5 532.883
-86 29.5 540.508
-85.5 29.5 548.619
-85 29.5 557.211
-84.5 29.5 565.777
-84 29.5 574.886
-83.5 29.5 584.088
-83 29.5 593.124
-82.5 29.5 602.281
-82 29.5 611.818
-81.5 29.5 622.188
-81 29.5 632.732
-119 30 639.26
-118.5 30 627.587
-118 30 616.185
-117.5 30 605.035
-117 30 593.981
-116.5 30 583.043
-116 30 572.246
-115.5 30 561.53
-115 30 550.935
-114.5 30 540.536
-114 30 530.335
-113.5 30 520.326
-113 30 510.39
-112.5 30 500.42
-112 30 490.504
-111.5 30 480.746
-111 30 470.751
-110.5 30 460.896
-110 30 451.99
-109.5 30 443.073
-109 30 433.881
-108.5 30 424.945
-108 30 416.513
-107.5 30 408.65
-107 30 401.346
-106.5 30 394.653
-106 30 388.982
-105.5 30 383.788
-105 30 379.034
-104.5 30 374.637
-104 30 370.071
-103.5 30 366.086
-103 30 361.966
-102.5 30 358.85
-102 30 356.252
-101.5 30 353.64
-101 30 351.572
-100.5 30 350.724
-100 30 350.491
-99.5 30 350.347
-99 30 350.937
-98.5 30 352.364
-98 30 354.921
-97.5 30 358.38
-97 30 362.739
-96.5 30 368.225
-96 30 375.164
-95.5 30 382.103
-95 30 388.738
-94.5 30 395.432
-94 30 402.439
-93.5 30 409.982
-93 30 418.011
-92.5 30 426.212
-92 30 434.422
-91.5 30 440.572
-91 30 447.421
-90.5 30 456.634
-90 30 465.923
-89.5 30 474.129
-89 30 480.249
-88.5 30 487.024
-88 30 495.155
-87.5 30 502.931
-87 30 510.603
-86.5 30 518.218
-86 30 525.972
-85.5 30 534.298
-85 30 542.555
-84.5 30 551.497
-84 30 561.028
-83.5 30 570.346
-83 30 579.858
-82.5 30 589.605
-82 30 599.84
-81.5 30 610.423
-81 30 621.149
-119 30.5 629.232
-118.5 30.5 617.206
-118 30.5 605.39
-117.5 30.5 593.847
-117 30.5 582.615
-116.5 30.5 571.558
-116 30.5 560.621
-115.5 30.5 549.798
-115 30.5 539.055
-114.5 30.5 528.435
-114 30.5 517.991
-113.5 30.5 507.74
-113 30.5 497.697
-112.5 30.5 487.793
-112 30.5 477.861
-111.5 30.5 467.962
-111 30.5 458.172
-110.5 30.5 448.089
-110 30.5 438.244
-109.5 30.5 429.439
-109 30.5 420.572
-108.5 30.5 411.326
-108 30.5 402.384
-107.5 30.5 394.147
-107 30.5 386.445
-106.5 30.5 379.283
-106 30.5 373.114
-105.5 30.5 367.628
-105 30.5 362.605
-104.5 30.5 358.01
-104 30.5 353.448
-103.5 30.5 349.245
-103 30.5 345.032
-102.5 30.5 341.774
-102 30.5 339.077
-101.5 30.5 336.47
-101 30.5 334.5
-100.5 30.5 333.698
-100 30.5 333.578
-99.5 30.5 333.599
-99 30.5 334.232
-98.5 30.5 335.675
-98 30.5 338.041
-97.5 30.5 341.247
-97 30.5 345.414
-96.5 30.5 351.01
-96 30.5 357.521
-95.5 30.5 363.987
-95 30.5 370.642
-94.5 30.5 376.813
-94 30.5 383.25
-93.5 30.5 390.814
-93 30.5 399.248
-92.5 30.5 407.507
-92 30.5 415.04
-91.5 30.5 421.753
-91 30.5 430.173
-90.5 30.5 439.587
-90 30.5 448.351
-89.5 30.5 456.275
-89 30.5 464.02
-88.5 30.5 472.219
-88 30.5 480.259
-87.5 30.5 487.64
-87 30.5 495.433
-86.5 30.5 503.413
-86 30.5 511.31
-85.5 30.5 519.34
-85 30.5 527.876
-84.5 30.5 537.217
-84 30.5 547.112
-83.5 30.5 556.88
-83 30.5 567.063
-82.5 30.5 577.506
-82 30.5 588.123
-81.5 30.5 598.856
-81 30.5 609.821
-119 31 619.44
-118.5 31 607.389
-118 31 595.308
-117.5 31 583.372
-117 31 571.665
-116.5 31 560.289
-116 31 549.173
-115.5 31 538.263
-115 31 527.436
-114.5 31 516.646
-114 31 506.004
-113.5 31 495.538
-113 31 485.213
-112.5 31 475.121
-112 31 465.254
-111.5 31 455.36
-111 31 445.475
-110.5 31 435.56
-110 31 425.317
-109.5 31 415.566
-109 31 406.777
-108.5 31 397.86
-108 31 388.651
-107.5 31 379.927
-107 31 371.855
-106.5 31 364.257
-106 31 357.461
-105.5 31 351.578
-105 31 346.152
-104.5 31 341.367
-104 31 336.944
-103.5 31 332.525
-103 31 328.173
-102.5 31 324.776
-102 31 321.97
-101.5 31 319.338
-101 31 317.367
-100.5 31 316.591
-100 31 316.767
-99.5 31 316.96
-99 31 317.664
-98.5 31 319.043
-98 31 321.153
-97.5 31 324.271
-97 31 328.38
-96.5 31 333.789
-96 31 339.78
-95.5 31 346.173
-95 31 352.807
-94.5 31 358.826
-94 31 365.16
-93.5 31 372.62
-93 31 380.703
-92.5 31 388.39
-92 31 395.983
-91.5 31 404.029
-91 31 413.408
-90.5 31 422.462
-90 31 431.011
-89.5 31 439.375
-89 31 447.755
-88.5 31 456.142
-88 31 463.973
-87.5 31 471.811
-87 31 480.02
-86.5 31 488.197
-86 31 496.211
-85.5 31 504.671
-85 31 513.786
-84.5 31 523.527
-84 31 533.791
-83.5 31 544.294
-83 31 555.05
-82.5 31 565.828
-82 31 576.718
-81.5 31 587.827
-81 31 599.134
-119 31.5 609.999
-118.5 31.5 597.797
-118 31.5 585.7
-117.5 31.5 573.567
-117 31.5 561.534
-116.5 31.5 549.678
-116 31.5 538.114
-115.5 31.5 526.854
-115 31.5 515.931
-114.5 31.5 505.141
-114 31.5 494.34
-113.5 31.5 483.629
-113 31.5 473.123
-112.5 31.5 462.771
-112 31.5 452.575
-111.5 31.5 442.664
-111 31.5 432.756
-110.5 31.5 422.784
-110 31.5 412.585
-109.5 31.5 402.232
-109 31.5 392.67
-108.5 31.5 383.549
-108 31.5 374.586
-107.5 31.5 365.905
-107 31.5 357.481
-106.5 31.5 349.513
-106 31.5 342.027
-105.5 31.5 335.813
-105 31.5 330.049
-104.5 31.5 325.042
-104 31.5 320.4
-103.5 31.5 315.885
-103 31.5 311.387
-102.5 31.5 307.877
-102 31.5 304.887
-101.5 31.5 302.221
-101 31.5 300.216
-100.5 31.5 299.439
-100 31.5 299.784
-99.5 31.5 300.325
-99 31.5 301.045
-98.5 31.5 302.361
-98 31.5 304.388
-97.5 31.5 307.458
-97 31.5 311.499
-96.5 31.5 316.689
-96 31.5 322.461
-95.5 31.5 328.611
-95 31.5 335.162
-94.5 31.5 341.49
-94 31.5 348.119
-93.5 31.5 355.442
-93 31.5 362.721
-92.5 31.5 370.126
-92 31.5 378.223
-91.5 31.5 387.388
-91 31.5 396.816
-90.5 31.5 405.588
-90 31.5 414.196
-89.5 31.5 423.141
-89 31.5 431.758
-88.5 31.5 439.932
-88 31.5 448.133
-87.5 31.5 456.682
-87 31.5 465.142
-86.5 31.5 473.353
-86 31.5 481.911
-85.5 31.5 491.076
-85 31.5 500.756
-84.5 31.5 510.992
-84 31.5 521.716
-83.5 31.5 532.626
-83 31.5 543.513
-82.5 31.5 554.528
-82 31.5 565.801
-81.5 31.5 577.16
-81 31.5 588.754
-119 32 600.794
-118.5 32 588.484
-118 32 576.288
-117.5 32 564.199
-117 32 552.021
-116.5 32 539.856
-116 32 527.878
-115.5 32 516.161
-115 32 504.695
-114.5 32 493.683
-114 32 482.908
-113.5 32 472.088
-113 32 461.377
-112.5 32 450.777
-112 32 440.29
-111.5 32 429.962
-111 32 419.864
-110.5 32 409.89
-110 32 399.782
-109.5 32 389.478
-109 32 379.099
-108.5 32 369.43
-108 32 360.034
-107.5 32 351.248
-107 32 342.735
-106.5 32 334.514
-106 32 326.807
-105.5 32 320.231
-105 32 314.197
-104.5 32 308.834
-104 32 303.864
-103.5 32 299.155
-103 32 294.75
-102.5 32 291.148
-102 32 288.001
-101.5 32 285.239
-101 32 283.084
-100.5 32 282.295
-100 32 282.708
-99.5 32 283.441
-99 32 284.32
-98.5 32 285.579
-98 32 287.505
-97.5 32 290.679
-97 32 294.681
-96.5 32 299.776
-96 32 305.416
-95.5 32 311.454
-95 32 318.031
-94.5 32 324.564
-94 32 331.542
-93.5 32 338.79
-93 32 345.948
-92.5 32 353.464
-92 32 361.872
-91.5 32 371.477
-91 32 380.477
-90.5 32 389.126
-90 32 398.201
-89.5 32 407.493
-89 32 416.122
-88.5 32 424.543
-88 32 433.349
-87.5 32 442.143
-87 32 450.747
-86.5 32 459.528
-86 32 468.816
-85.5 32 478.634
-85 32 488.921
-84.5 32 499.573
-84 32 510.406
-83.5 32 521.381
-83 32 532.535
-82.5 32 543.901
-82 32 555.342
-81.5 32 566.916
-81 32 578.98
-119 32.5 592.17
-118.5 32.5 579.67
-118 32.5 567.252
-117.5 32.5 554.974
-117 32.5 542.919
-116.5 32.5 530.778
-116 32.5 518.643
-115.5 32.5 506.465
-115 32.5 494.427
-114.5 32.5 482.815
-114 32.5 471.645
-113.5 32.5 460.717
-113 32.5 449.926
-112.5 32.5 439.154
-112 32.5 428.375
-111.5 32.5 417.716
-111 32.5 407.303
-110.5 32.5 397.061
-110 32.5 386.932
-109.5 32.5 376.886
-109 32.5 366.426
-108.5 32.5 355.928
-108 32.5 345.95
-107.5 32.5 336.716
-107 32.5 327.918
-106.5 32.5 319.516
-106 32.5 311.728
-105.5 32.5 304.881
-105 32.5 298.6
-104.5 32.5 292.89
-104 32.5 287.755
-103.5 32.5 282.801
-103 32.5 278.345
-102.5 32.5 274.569
-102 32.5 271.227
-101.5 32.5 268.286
-101 32.5 266.03
-100.5 32.5 265.325
-100 32.5 265.597
-99.5 32.5 266.305
-99 32.5 267.255
-98.5 32.5 268.474
-98 32.5 270.552
-97.5 32.5 273.92
-97 32.5 277.928
-96.5 32.5 282.893
-96 32.5 288.396
-95.5 32.5 294.5
-95 32.5 301.031
-94.5 32.5 307.695
-94 32.5 314.788
-93.5 32.5 322.156
-93 32.5 329.568
-92.5 32.5 337.661
-92 32.5 346.726
-91.5 32.5 355.926
-91 32.5 364.643
-90.5 32.5 373.664
-90 32.5 382.997
-89.5 32.5 392.112
-89 32.5 401.143
-88.5 32.5 410.164
-88 32.5 419.176
-87.5 32.5 427.921
-87 32.5 437.202
-86.5 32.5 447.005
-86 32.5 457.151
-85.5 32.5 467.573
-85 32.5 478.24
-84.5 32.5 489.098
-84 32.5 500.16
-83.5 32.5 511.453
-83 32.5 522.899
-82.5 32.5 534.45
-82 32.5 546.093
-81.5 32.5 557.803
-81 32.5 569.633
-119 33 584.289
-118.5 33 571.547
-118 33 558.89
-117.5 33 546.495
-117 33 534.289
-116.5 33 522.034
-116 33 509.802
-115.5 33 497.467
-115 33 485.124
-114.5 33 472.944
-114 33 461.124
-113.5 33 449.686
-113 33 438.601
-112.5 33 427.764
-112 33 416.911
-111.5 33 406.042
-111 33 395.318
-110.5 33 384.791
-110 33 374.338
-109.5 33 364.153
-109 33 354.119
-108.5 33 343.564
-108 33 332.926
-107.5 33 322.822
-107 33 313.544
-106.5 33 304.82
-106 33 296.775
-105.5 33 289.787
-105 33 283.308
-104.5 33 277.275
-104 33 271.781
-103.5 33 266.75
-103 33 262.144
-102.5 33 257.959
-102 33 254.507
-101.5 33 251.426
-101 33 249.036
-100.5 33 248.295
-100 33 248.34
-99.5 33 249.111
-99 33 250.091
-98.5 33 251.289
-98 33 253.616
-97.5 33 257.135
-97 33 261.133
-96.5 33 265.825
-96 33 271.391
-95.5 33 277.563
-95 33 284.065
-94.5 33 290.945
-94 33 298.092
-93.5 33 305.725
-93 33 313.665
-92.5 33 322.343
-92 33 331.58
-91.5 33 340.532
-91 33 349.682
-90.5 33 359.001
-90 33 368.221
-89.5 33 377.674
-89 33 387.136
-88.5 33 396.517
-88 33 405.761
-87.5 33 415.056
-87 33 425.113
-86.5 33 435.616
-86 33 446.336
-85.5 33 457.222
-85 33 468.265
-84.5 33 479.421
-84 33 490.739
-83.5 33 502.189
-83 33 513.748
-82.5 33 525.452
-82 33 537.251
-81.5 33 549.133
-81 33 561.075
-119 33.5 576.779
-118.5 33.5 563.686
-118 33.5 550.853
-117.5 33.5 538.239
-117 33.5 525.755
-116.5 33.5 513.312
-116 33.5 500.925
-115.5 33.5 488.56
-115 33.5 476.151
-114.5 33.5 463.788
-114 33.5 451.526
-113.5 33.5 439.564
-113 33.5 427.914
-112.5 33.5 416.631
-112 33.5 405.635
-111.5 33.5 394.718
-111 33.5 383.856
-110.5 33.5 373.045
-110 33.5 362.339
-109.5 33.5 351.697
-109 33.5 341.402
-108.5 33.5 331.165
-108 33.5 320.575
-107.5 33.5 309.954
-107 33.5 299.861
-106.5 33.5 290.565
-106 33.5 282.146
-105.5 33.5 274.834
-105 33.5 268.133
-104.5 33.5 261.902
-104 33.5 255.993
-103.5 33.5 250.708
-103 33.5 245.81
-102.5 33.5 241.272
-102 33.5 237.641
-101.5 33.5 234.555
-101 33.5 232.073
-100.5 33.5 231.113
-100 33.5 231.08
-99.5 33.5 231.886
-99 33.5 232.872
-98.5 33.5 234.078
-98 33.5 236.697
-97.5 33.5 240.362
-97 33.5 244.258
-96.5 33.5 248.812
-96 33.5 254.536
-95.5 33.5 260.664
-95 33.5 267.407
-94.5 33.5 274.514
-94 33.5 281.927
-93.5 33.5 289.915
-93 33.5 298.425
-92.5 33.5 307.681
-92 33.5 316.768
-91.5 33.5 325.904
-91 33.5 335.356
-90.5 33.5 344.82
-90 33.5 354.389
-89.5 33.5 364.155
-89 33.5 373.942
-88.5 33.5 383.689
-88 33.5 393.362
-87.5 33.5 403.414
-87 33.5 414.118
-86.5 33.5 425.153
-86 33.5 436.33
-85.5 33.5 447.573
-85 33.5 458.895
-84.5 33.5 470.279
-84 33.5 481.721
-83.5 33.5 493.271
-83 33.5 504.97
-82.5 33.5 516.839
-82 33.5 528.841
-81.5 33.5 540.968
-81 33.5 553.119
-119 34 569.26
-118.5 34 555.898
-118 34 542.82
-117.5 34 529.893
-117 34 517.209
-116.5 34 504.634
-116 34 492.038
-115.5 34 479.586
-115 34 467.338
-114.5 34 455.05
-114 34 442.726
-113.5 34 430.461
-113 34 418.325
-112.5 34 406.436
-112 34 394.9
-111.5 34 383.639
-111 34 372.619
-110.5 34 361.768
-110 34 350.946
-109.5 34 340.131
-109 34 329.258
-108.5 34 318.669
-108 34 308.17
-107.5 34 297.571
-107 34 287.073
-106.5 34 277.062
-106 34 268.092
-105.5 34 260.218
-105 34 253.141
-104.5 34 246.753
-104 34 240.382
-103.5 34 234.607
-103 34 229.464
-102.5 34 224.72
-102 34 220.73
-101.5 34 217.534
-101 34 214.957
-100.5 34 213.878
-100 34 213.804
-99.5 34 214.6
-99 34 215.497
-98.5 34 216.826
-98 34 219.775
-97.5 34 223.559
-97 34 227.372
-96.5 34 232.078
-96 34 237.908
-95.5 34 244.199
-95 34 251.235
-94.5 34 258.546
-94 34 266.484
-93.5 34 274.986
-93 34 284.142
-92.5 34 293.523
-92 34 302.561
-91.5 34 311.97
-91 34 321.725
-90.5 34 331.525
-90 34 341.498
-89.5 34 351.605
-89 34 361.815
-88.5 34 371.967
-88 34 382.303
-87.5 34 393.082
-87 34 404.183
-86.5 34 415.495
-86 34 426.888
-85.5 34 438.335
-85 34 449.901
-84.5 34 461.492
-84 34 473.103
-83.5 34 484.909
-83 34 496.876
-82.5 34 508.957
-82 34 521.133
-81.5 34 533.4
-81 34 545.724
-119 34.5 562.349
-118.5 34.5 548.767
-118 34.5 535.348
-117.5 34.5 522.13
-117 34.5 509.161
-116.5 34.5 496.331
-116 34.5 483.556
-115.5 34.5 470.929
-115 34.5 458.598
-114.5 34.5 446.425
-114 34.5 434.203
-113.5 34.5 421.894
-113 34.5 409.567
-112.5 34.5 397.37
-112 34.5 385.363
-111.5 34.5 373.581
-111 34.5 362.023
-110.5 34.5 350.779
-110 34.5 339.883
-109.5 34.5 329.167
-109 34.5 318.406
-108.5 34.5 307.228
-108 34.5 296.369
-107.5 34.5 285.661
-107 34.5 274.805
-106.5 34.5 264.303
-106 34.5 254.618
-105.5 34.5 246.059
-105 34.5 238.477
-104.5 34.5 231.659
-104 34.5 224.916
-103.5 34.5 218.726
-103 34.5 213.219
-102.5 34.5 208.312
-102 34.5 203.99
-101.5 34.5 200.489
-101 34.5 197.827
-100.5 34.5 196.606
-100 34.5 196.503
-99.5 34.5 197.243
-99 34.5 198.02
-98.5 34.5 199.716
-98 34.5 202.871
-97.5 34.5 206.646
-97 34.5 210.514
-96.5 34.5 215.662
-96 34.5 221.698
-95.5 34.5 228.284
-95 34.5 235.499
-94.5 34.5 243.35
-94 34.5 251.908
-93.5 34.5 261.105
-93 34.5 270.702
-92.5 34.5 279.838
-92 34.5 288.98
-91.5 34.5 298.825
-91 34.5 308.937
-90.5 34.5 319.25
-90 34.5 329.795
-89.5 34.5 340.442
-89 34.5 350.978
-88.5 34.5 361.613
-88 34.5 372.552
-87.5 34.5 383.718
-87 34.5 395.022
-86.5 34.5 406.437
-86 34.5 417.964
-85.5 34.5 429.6
-85 34.5 441.316
-84.5 34.5 453.14
-84 34.5 465.047
-83.5 34.5 477.125
-83 34.5 489.342
-82.5 34.5 501.657
-82 34.5 514.049
-81.5 34.5 526.48
-81 34.5 538.911
-119 35 555.409
-118.5 35 542.145
-118 35 528.776
-117.5 35 515.286
-117 35 502.087
-116.5 35 489.147
-116 35 476.184
-115.5 35 463.219
-115 35 450.437
-114.5 35 437.944
-114 35 425.71
-113.5 35 413.5
-113 35 401.127
-112.5 35 388.79
-112 35 376.567
-111.5 35 364.505
-111 35 352.6
-110.5 35 340.899
-110 35 329.449
-109.5 35 318.413
-109 35 307.756
-108.5 35 296.647
-108 35 285.405
-107.5 35 274.459
-107 35 263.265
-106.5 35 252.242
-106 35 241.912
-105.5 35 232.618
-105 35 224.3
-104.5 35 216.837
-104 35 209.816
-103.5 35 203.266
-103 35 197.272
-102.5 35 192.087
-102 35 187.497
-101.5 35 183.585
-101 35 180.656
-100.5 35 179.256
-100 35 179.096
-99.5 35 179.704
-99 35 180.608
-98.5 35 182.597
-98 35 185.782
-97.5 35 189.559
-97 35 194.055
-96.5 35 199.773
-96 35 205.951
-95.5 35 212.704
-95 35 220.473
-94.5 35 228.921
-94 35 238.076
-93.5 35 247.868
-93 35 257.536
-92.5 35 266.791
-92 35 276.345
-91.5 35 286.524
-91 35 297.213
-90.5 35 308.206
-90 35 319.347
-89.5 35 330.42
-89 35 341.299
-88.5 35 352.384
-88 35 363.668
-87.5 35 375.029
-87 35 386.438
-86.5 35 397.91
-86 35 409.531
-85.5 35 421.327
-85 35 433.318
-84.5 35 445.487
-84 35 457.724
-83.5 35 470.034
-83 35 482.43
-82.5 35 494.914
-82 35 507.445
-81.5 35 520.013
-81 35 532.577
-119 35.5 549.084
-118.5 35.5 535.898
-118 35.5 522.678
-117.5 35.5 509.174
-117 35.5 495.715
-116.5 35.5 482.55
-116 35.5 469.444
-115.5 35.5 456.352
-115 35.5 443.303
-114.5 35.5 430.36
-114 35.5 417.688
-113.5 35.5 405.287
-113 35.5 392.975
-112.5 35.5 380.59
-112 35.5 368.234
-111.5 35.5 356.026
-111 35.5 344.05
-110.5 35.5 332.142
-110 35.5 320.211
-109.5 35.5 308.543
-109 35.5 297.402
-108.5 35.5 286.3
-108 35.5 274.867
-107.5 35.5 263.579
-107 35.5 252.266
-106.5 35.5 240.95
-106 35.5 230.068
-105.5 35.5 219.888
-105 35.5 210.73
-104.5 35.5 202.474
-104 35.5 194.947
-103.5 35.5 188.061
-103 35.5 181.613
-102.5 35.5 175.931
-102 35.5 171.022
-101.5 35.5 166.79
-101 35.5 163.517
-100.5 35.5 161.884
-100 35.5 161.472
-99.5 35.5 161.827
-99 35.5 163.006
-98.5 35.5 165.307
-98 35.5 168.639
-97.5 35.5 172.81
-97 35.5 178.151
-96.5 35.5 184.334
-96 35.5 190.733
-95.5 35.5 198.112
-95 35.5 206.558
-94.5 35.5 215.583
-94 35.5 225.291
-93.5 35.5 235.288
-93 35.5 245.071
-92.5 35.5 254.873
-92 35.5 265.207
-91.5 35.5 276.053
-91 35.5 287.126
-90.5 35.5 298.361
-90 35.5 309.816
-89.5 35.5 321.272
-89 35.5 332.527
-88.5 35.5 343.836
-88 35.5 355.347
-87.5 35.5 366.831
-87 35.5 378.43
-86.5 35.5 390.114
-86 35.5 401.94
-85.5 35.5 413.976
-85 35.5 426.284
-84.5 35.5 438.679
-84 35.5 451.061
-83.5 35.5 463.508
-83 35.5 476.046
-82.5 35.5 488.678
-82 35.5 501.367
-81.5 35.5 514.071
-81 35.5 526.731
-119 36 543.947
-118.5 36 530.542
-118 36 517.157
-117.5 36 503.599
-117 36 489.958
-116.5 36 476.541
-116 36 463.248
-115.5 36 449.992
-115 36 436.787
-114.5 36 423.632
-114 36 410.615
-113.5 36 397.849
-113 36 385.346
-112.5 36 372.939
-112 36 360.479
-111.5 36 348.146
-111 36 335.943
-110.5 36 323.777
-110 36 311.584
-109.5 36 299.599
-109 36 288.001
-108.5 36 276.503
-108 36 264.816
-107.5 36 253.042
-107 36 241.463
-106.5 36 229.949
-106 36 218.712
-105.5 36 207.992
-105 36 198.062
-104.5 36 188.989
-104 36 180.69
-103.5 36 173.212
-103 36 166.242
-102.5 36 159.948
-102 36 154.588
-101.5 36 150.053
-101 36 146.377
-100.5 36 144.304
-100 36 143.557
-99.5 36 143.814
-99 36 145.317
-98.5 36 147.964
-98 36 151.695
-97.5 36 156.643
-97 36 162.729
-96.5 36 169.366
-96 36 176.588
-95.5 36 184.934
-95 36 194.039
-94.5 36 203.578
-94 36 213.488
-93.5 36 223.609
-93 36 233.982
-92.5 36 244.622
-92 36 255.595
-91.5 36 266.809
-91 36 278.198
-90.5 36 289.659
-90 36 301.135
-89.5 36 312.688
-89 36 324.366
-88.5 36 335.941
-88 36 347.654
-87.5 36 359.424
-87 36 371.249
-86.5 36 383.241
-86 36 395.37
-85.5 36 407.6
-85 36 420.024
-84.5 36 432.51
-84 36 445.045
-83.5 36 457.685
-83 36 470.405
-82.5 36 483.139
-82 36 495.875
-81.5 36 508.621
-81 36 521.341
-119 36.5 539.358
-118.5 36.5 526.04
-118 36.5 512.508
-117.5 36.5 498.885
-117 36.5 485.118
-116.5 36.5 471.509
-116 36.5 457.981
-115.5 36.5 444.612
-115 36.5 431.243
-114.5 36.5 417.899
-114 36.5 404.664
-113.5 36.5 391.656
-113 36.5 378.939
-112.5 36.5 366.268
-112 36.5 353.586
-111.5 36.5 341
-111 36.5 328.292
-110.5 36.5 315.739
-110 36.5 303.427
-109.5 36.5 291.31
-109 36.5 279.256
-108.5 36.5 267.245
-108 36.5 255.25
-107.5 36.5 243.254
-107 36.5 231.393
-106.5 36.5 219.511
-106 36.5 207.918
-105.5 36.5 196.859
-105 36.5 186.177
-104.5 36.5 176.246
-104 36.5 167.154
-103.5 36.5 158.925
-103 36.5 151.329
-102.5 36.5 144.365
-102 36.5 138.411
-101.5 36.5 133.426
-101 36.5 129.323
-100.5 36.5 126.706
-100 36.5 125.699
-99.5 36.5 126.09
-99 36.5 127.919
-98.5 36.5 130.965
-98 36.5 135.386
-97.5 36.5 141.046
-97 36.5 147.829
-96.5 36.5 155.21
-96 36.5 163.551
-95.5 36.5 172.776
-95 36.5 182.481
-94.5 36.5 192.53
-94 36.5 202.817
-93.5 36.5 213.417
-93 36.5 224.293
-92.5 36.5 235.413
-92 36.5 246.795
-91.5 36.5 258.375
-91 36.5 270.024
-90.5 36.5 281.629
-90 36.5 293.279
-89.5 36.5 305.035
-89 36.5 316.819
-88.5 36.5 328.639
-88 36.5 340.627
-87.5 36.5 352.729
-87 36.5 364.91
-86.5 36.5 377.195
-86 36.5 389.503
-85.5 36.5 401.836
-85 36.5 414.327
-84.5 36.5 426.914
-84 36.5 439.609
-83.5 36.5 452.38
-83 36.5 465.194
-82.5 36.5 478.019
-82 36.5 490.837
-81.5 36.5 503.633
-81 36.5 516.367
-119 37 534.701
-118.5 37 521.464
-118 37 508.031
-117.5 37 494.48
-117 37 480.736
-116.5 37 467.118
-116 37 453.356
-115.5 37 439.86
-115 37 426.378
-114.5 37 412.967
-114 37 399.642
-113.5 37 386.418
-113 37 373.333
-112.5 37 360.417
-112 37 347.557
-111.5 37 334.701
-111 37 321.737
-110.5 37 308.975
-110 37 296.509
-109.5 37 284.1
-109 37 271.703
-108.5 37 259.1
-108 37 246.493
-107.5 37 234.249
-107 37 222.081
-106.5 37 210.033
-106 37 198.035
-105.5 37 186.446
-105 37 175.175
-104.5 37 164.489
-104 37 154.555
-103.5 37 145.393
-103 37 137.068
-102.5 37 129.316
-102 37 122.632
-101.5 37 117.017
-101 37 112.498
-100.5 37 109.451
-100 37 108.296
-99.5 37 108.877
-99 37 111.032
-98.5 37 114.472
-98 37 119.508
-97.5 37 126.049
-97 37 133.796
-96.5 37 142.289
-96 37 151.589
-95.5 37 161.527
-95 37 171.829
-94.5 37 182.388
-94 37 193.18
-93.5 37 204.253
-93 37 215.521
-92.5 37 227.033
-92 37 238.78
-91.5 37 250.533
-91 37 262.262
-90.5 37 274.085
-90 37 286.005
-89.5 37 297.993
-89 37 310.014
-88.5 37 322.115
-88 37 334.343
-87.5 37 346.678
-87 37 359.053
-86.5 37 371.468
-86 37 383.98
-85.5 37 396.593
-85 37 409.273
-84.5 37 421.963
-84 37 434.706
-83.5 37 447.511
-83 37 460.418
-82.5 37 473.346
-82 37 486.156
-81.5 37 498.901
-81 37 511.623
-119 37.5 530.647
-118.5 37.5 517.211
-118 37.5 503.596
-117.5 37.5 489.876
-117 37.5 476.079
-116.5 37.5 462.387
-116 37.5 448.668
-115.5 37.5 435.141
-115 37.5 421.723
-114.5 37.5 408.371
-114 37.5 394.968
-113.5 37.5 381.542
-113 37.5 368.179
-112.5 37.5 354.917
-112 37.5 341.553
-111.5 37.5 328.591
-111 37.5 315.747
-110.5 37.5 302.924
-110 37.5 290.372
-109.5 37.5 277.904
-109 37.5 265.288
-108.5 37.5 252.483
-108 37.5 239.833
-107.5 37.5 227.059
-107 37.5 214.226
-106.5 37.5 201.637
-106 37.5 189.23
-105.5 37.5 177.139
-105 37.5 165.257
-104.5 37.5 153.899
-104 37.5 143.118
-103.5 37.5 133.054
-103 37.5 123.705
-102.5 37.5 115.047
-102 37.5 107.426
-101.5 37.5 101.076
-101 37.5 95.9198
-100.5 37.5 92.3731
-100 37.5 91.0162
-99.5 37.5 91.7486
-99 37.5 94.2636
-98.5 37.5 98.3475
-98 37.5 104.597
-97.5 37.5 112.325
-97 37.5 121.08
-96.5 37.5 130.573
-96 37.5 140.694
-95.5 37.5 151.246
-95 37.5 162.115
-94.5 37.5 173.212
-94 37.5 184.474
-93.5 37.5 195.93
-93 37.5 207.607
-92.5 37.5 219.483
-92 37.5 231.413
-91.5 37.5 243.341
-91 37.5 255.346
-90.5 37.5 267.42
-90 37.5 279.551
-89.5 37.5 291.753
-89 37.5 304.001
-88.5 37.5 316.291
-88 37.5 328.649
-87.5 37.5 341.097
-87 37.5 353.637
-86.5 37.5 366.292
-86 37.5 379.071
-85.5 37.5 391.929
-85 37.5 404.774
-84.5 37.5 417.545
-84 37.5 430.303
-83.5 37.5 443.097
-83 37.5 455.98
-82.5 37.5 468.867
-82 37.5 481.686
-81.5 37.5 494.522
-81 37.5 507.361
-119 38 527.671
-118.5 38 513.852
-118 38 500
-117.5 38 486.103
-117 38 472.206
-116.5 38 458.424
-116 38 444.791
-115.5 38 431.176
-115 38 417.658
-114.5 38 404.231
-114 38 390.734
-113.5 38 377.158
-113 38 363.538
-112.5 38 349.948
-112 38 336.386
-111.5 38 323.016
-111 38 310.018
-110.5 38 297.254
-110 38 284.617
-109.5 38 272.028
-109 38 259.324
-108.5 38 246.503
-108 38 233.623
-107.5 38 220.719
-107 38 207.742
-106.5 38 194.668
-106 38 181.844
-105.5 38 169.236
-105 38 156.796
-104.5 38 144.782
-104 38 133.137
-103.5 38 122.11
-103 38 111.606
-102.5 38 101.856
-102 38 93.1132
-101.5 38 85.6617
-101 38 79.6514
-100.5 38 75.4435
-100 38 73.8432
-99.5 38 74.7311
-99 38 77.8721
-98.5 38 83.326
-98 38 90.9292
-97.5 38 99.9377
-97 38 109.703
-96.5 38 120.074
-96 38 130.881
-95.5 38 142.052
-95 38 153.425
-94.5 38 165.003
-94 38 176.734
-93.5 38 188.633
-93 38 200.674
-92.5 38 212.757
-92 38 224.909
-91.5 38 237.14
-91 38 249.441
-90.5 38 261.779
-90 38 274.144
-89.5 38 286.525
-89 38 298.906
-88.5 38 311.302
-88 38 323.823
-87.5 38 336.427
-87 38 349.153
-86.5 38 362.009
-86 38 374.958
-85.5 38 387.914
-85 38 400.831
-84.5 38 413.633
-84 38 426.344
-83.5 38 439.099
-83 38 451.896
-82.5 38 464.713
-82 38 477.59
-81.5 38 490.505
-81 38 503.345
-119 38.5 524.762
-118.5 38.5 510.903
-118 38.5 496.993
-117.5 38.5 483.073
-117 38.5 469.206
-116.5 38.5 455.459
-116 38.5 441.825
-115.5 38.5 428.174
-115 38.5 414.547
-114.5 38.5 400.991
-114 38.5 387.45
-113.5 38.5 373.879
-113 38.5 360.217
-112.5 38.5 346.473
-112 38.5 332.716
-111.5 38.5 319.177
-111 38.5 305.902
-110.5 38.5 292.82
-110 38.5 279.847
-109.5 38.5 266.932
-109 38.5 254.074
-108.5 38.5 241.212
-108 38.5 228.297
-107.5 38.5 215.19
-107 38.5 202.009
-106.5 38.5 188.835
-106 38.5 175.732
-105.5 38.5 162.76
-105 38.5 149.921
-104.5 38.5 137.243
-104 38.5 124.732
-103.5 38.5 112.62
-103 38.5 101.097
-102.5 38.5 90.1739
-102 38.5 80.0574
-101.5 38.5 71.2025
-101 38.5 64.0199
-100.5 38.5 59.0015
-99.5 38.5 57.9093
-99 38.5 62.3445
-98.5 38.5 69.6906
-98 38.5 78.8558
-97.5 38.5 89.0484
-97 38.5 99.791
-96.5 38.5 110.899
-96 38.5 122.332
-95.5 38.5 134.056
-95 38.5 145.96
-94.5 38.5 158.031
-94 38.5 170.243
-93.5 38.5 182.534
-93 38.5 194.887
-92.5 38.5 207.271
-92 38.5 219.687
-91.5 38.5 232.169
-91 38.5 244.668
-90.5 38.5 257.173
-90 38.5 269.696
-89.5 38.5 282.245
-89 38.5 294.801
-88.5 38.5 307.372
-88 38.5 320.038
-87.5 38.5 332.701
-87 38.5 345.519
-86.5 38.5 358.485
-86 38.5 371.498
-85.5 38.5 384.49
-85 38.5 397.419
-84.5 38.5 410.242
-84 38.5 422.95
-83.5 38.5 435.636
-83 38.5 448.281
-82.5 38.5 460.89
-82 38.5 473.569
-81.5 38.5 486.418
-81 38.5 499.38
-119 39 521.563
-118.5 39 507.99
-118 39 494.306
-117.5 39 480.548
-117 39 466.78
-116.5 39 453.086
-116 39 439.454
-115.5 39 425.837
-115 39 412.254
-114.5 39 398.721
-114 39 385.235
-113.5 39 371.687
-113 39 357.986
-112.5 39 344.189
-112 39 330.451
-111.5 39 316.791
-111 39 303.286
-110.5 39 289.899
-110 39 276.63
-109.5 39 263.418
-109 39 250.285
-108.5 39 237.086
-108 39 223.891
-107.5 39 210.726
-107 39 197.44
-106.5 39 184.108
-106 39 170.782
-105.5 39 157.556
-105 39 144.546
-104.5 39 131.428
-104 39 118.17
-103.5 39 105.212
-103 39 92.7444
-102.5 39 80.6951
-102 39 69.1868
-101.5 39 58.4839
-98.5 39 57.6484
-98 39 68.4683
-97.5 39 79.905
-97 39 91.5465
-96.5 39 103.459
-96 39 115.529
-95.5 39 127.77
-95 39 140.188
-94.5 39 152.687
-94 39 165.271
-93.5 39 177.873
-93 39 190.494
-92.5 39 203.119
-92 39 215.738
-91.5 39 228.36
-91 39 240.991
-90.5 39 253.621
-90 39 266.249
-89.5 39 278.916
-89 39 291.616
-88.5 39 304.322
-88 39 317.041
-87.5 39 329.816
-87 39 342.697
-86.5 39 355.683
-86 39 368.695
-85.5 39 381.668
-85 39 394.586
-84.5 39 407.431
-84 39 420.137
-83.5 39 432.741
-83 39 445.25
-82.5 39 457.696
-82 39 470.246
-81.5 39 483.006
-81 39 495.979
-119 39.5 519.594
-118.5 39.5 505.989
-118 39.5 492.244
-117.5 39.5 478.609
-117 39.5 464.942
-116.5 39.5 451.33
-116 39.5 437.81
-115.5 39.5 424.307
-115 39.5 410.798
-114.5 39.5 397.309
-114 39.5 383.871
-113.5 39.5 370.399
-113 39.5 356.794
-112.5 39.5 343.103
-112 39.5 329.433
-111.5 39.5 315.725
-111 39.5 302.023
-110.5 39.5 288.401
-110 39.5 274.889
-109.5 39.5 261.481
-109 39.5 248.168
-108.5 39.5 234.712
-108 39.5 221.181
-107.5 39.5 207.628
-107 39.5 194.198
-106.5 39.5 180.792
-106 39.5 167.415
-105.5 39.5 154.162
-105 39.5 140.904
-104.5 39.5 127.38
-104 39.5 113.731
-103.5 39.5 100.325
-103 39.5 87.2285
-102.5 39.5 74.3115
-102 39.5 61.5957
-98 39.5 61.0278
-97.5 39.5 73.5573
-97 39.5 86.044
-96.5 39.5 98.6252
-96 39.5 111.156
-95.5 39.5 123.753
-95 39.5 136.466
-94.5 39.5 149.219
-94 39.5 162.013
-93.5 39.5 174.796
-93 39.5 187.555
-92.5 39.5 200.282
-92 39.5 213.021
-91.5 39.5 225.738
-91 39.5 238.418
-90.5 39.5 251.104
-90 39.5 263.809
-89.5 39.5 276.526
-89 39.5 289.264
-88.5 39.5 302.03
-88 39.5 314.834
-87.5 39.5 327.696
-87 39.5 340.616
-86.5 39.5 353.553
-86 39.5 366.471
-85.5 39.5 379.327
-85 39.5 392.15
-84.5 39.5 404.964
-84 39.5 417.677
-83.5 39.5 430.265
-83 39.5 442.766
-82.5 39.5 455.21
-82 39.5 467.653
-81.5 39.5 480.275
-81 39.5 493.133
-119 40 517.456
-118.5 40 504.018
-118 40 490.502
-117.5 40 477.005
-117 40 463.45
-116.5 40 449.899
-116 40 436.399
-115.5 40 422.919
-115 40 409.464
-114.5 40 396.042
-114 40 382.683
-113.5 40 369.316
-113 40 355.856
-112.5 40 342.362
-112 40 328.844
-111.5 40 315.252
-111 40 301.603
-110.5 40 287.862
-110 40 274.132
-109.5 40 260.5
-109 40 246.961
-108.5 40 233.319
-108 40 219.587
-107.5 40 205.883
-107 40 192.464
-106.5 40 179.077
-106 40 165.691
-105.5 40 152.427
-105 40 139.117
-104.5 40 125.549
-104 40 111.8
-103.5 40 98.4087
-103 40 85.1493
-102.5 40 71.9177
-102 40 58.6457
-98 40 58.2654
-97.5 40 71.1924
-97 40 84
-96.5 40 96.8207
-96 40 109.508
-95.5 40 122.183
-95 40 134.93
-94.5 40 147.709
-94 40 160.525
-93.5 40 173.354
-93 40 186.159
-92.5 40 198.93
-92 40 211.679
-91.5 40 224.412
-91 40 237.121
-90.5 40 249.829
-90 40 262.548
-89.5 40 275.251
-89 40 287.936
-88.5 40 300.65
-88 40 313.402
-87.5 40 326.185
-87 40 339.022
-86.5 40 351.872
-86 40 364.701
-85.5 40 377.476
-85 40 390.22
-84.5 40 402.971
-84 40 415.669
-83.5 40 428.262
-83 40 440.77
-82.5 40 453.235
-82 40 465.651
-81.5 40 478.224
-81 40 490.984
-119 40.5 515.741
-118.5 40.5 502.417
-118 40.5 489.036
-117.5 40.5 475.625
-117 40.5 462.214
-116.5 40.5 448.83
-116 40.5 435.462
-115.5 40.5 422.102
-115 40.5 408.725
-114.5 40.5 395.374
-114 40.5 382.088
-113.5 40.5 368.835
-113 40.5 355.517
-112.5 40.5 342.182
-112 40.5 328.614
-111.5 40.5 315.051
-111 40.5 301.437
-110.5 40.5 287.595
-110 40.5 273.749
-109.5 40.5 260.085
-109 40.5 246.583
-108.5 40.5 233.064
-108 40.5 219.402
-107.5 40.5 205.791
-107 40.5 192.383
-106.5 40.5 179.196
-106 40.5 165.997
-105.5 40.5 152.865
-105 40.5 139.669
-104.5 40.5 126.294
-104 40.5 112.778
-103.5 40.5 99.6505
-103 40.5 86.7041
-102.5 40.5 73.8706
-102 40.5 61.1578
-98 40.5 60.5635
-97.5 40.5 72.8531
-97 40.5 85.2857
-96.5 40.5 97.8867
-96 40.5 110.443
-95.5 40.5 122.998
-95 40.5 135.609
-94.5 40.5 148.227
-94 40.5 160.9
-93.5 40.5 173.614
-93 40.5 186.318
-92.5 40.5 199.013
-92 40.5 211.692
-91.5 40.5 224.375
-91 40.5 237.039
-90.5 40.5 249.694
-90 40.5 262.369
-89.5 40.5 275.01
-89 40.5 287.601
-88.5 40.5 300.209
-88 40.5 312.853
-87.5 40.5 325.531
-87 40.5 338.269
-86.5 40.5 351.026
-86 40.5 363.757
-85.5 40.5 376.442
-85 40.5 389.09
-84.5 40.5 401.741
-84 40.5 414.371
-83.5 40.5 426.892
-83 40.5 439.331
-82.5 40.5 451.74
-82 40.5 464.095
-81.5 40.5 476.598
-81 40.5 489.23
-119 41 514.27
-118.5 41 500.932
-118 41 487.596
-117.5 41 474.29
-117 41 461.097
-116.5 41 448.008
-116 41 434.924
-115.5 41 421.761
-115 41 408.557
-114.5 41 395.384
-114 41 382.292
-113.5 41 369.237
-113 41 356.152
-112.5 41 342.95
-112 41 329.457
-111.5 41 315.905
-111 41 302.267
-110.5 41 288.369
-110 41 274.622
-109.5 41 261.055
-109 41 247.634
-108.5 41 234.184
-108 41 220.548
-107.5 41 207.072
-107 41 193.823
-106.5 41 180.875
-106 41 167.994
-105.5 41 155.308
-105 41 142.582
-104.5 41 129.694
-104 41 116.785
-103.5 41 103.956
-103 41 91.6677
-102.5 41 79.7714
-102 41 68.3755
-98 41 67.5121
-97.5 41 78.4309
-97 41 89.8729
-96.5 41 101.809
-96 41 113.951
-95.5 41 126.193
-95 41 138.518
-94.5 41 150.818
-94 41 163.207
-93.5 41 175.674
-93 41 188.173
-92.5 41 200.681
-92 41 213.182
-91.5 41 225.698
-91 41 238.213
-90.5 41 250.715
-90 41 263.26
-89.5 41 275.812
-89 41 288.354
-88.5 41 300.881
-88 41 313.376
-87.5 41 325.886
-87 41 338.434
-86.5 41 351.02
-86 41 363.587
-85.5 41 376.134
-85 41 388.665
-84.5 41 401.192
-84 41 413.719
-83.5 41 426.179
-83 41 438.554
-82.5 41 450.913
-82 41 463.237
-81.5 41 475.555
-81 41 488.046
-119 41.5 513.766
-118.5 41.5 500.419
-118 41.5 487.187
-117.5 41.5 474.054
-117 41.5 461.081
-116.5 41.5 448.117
-116 41.5 435.172
-115.5 41.5 422.201
-115 41.5 409.156
-114.5 41.5 396.165
-114 41.5 383.266
-113.5 41.5 370.366
-113 41.5 357.394
-112.5 41.5 344.266
-112 41.5 330.975
-111.5 41.5 317.607
-111 41.5 304.193
-110.5 41.5 290.606
-110 41.5 276.989
-109.5 41.5 263.51
-109 41.5 250.181
-108.5 41.5 236.84
-108 41.5 223.312
-107.5 41.5 210.051
-107 41.5 197.003
-106.5 41.5 184.3
-106 41.5 171.92
-105.5 41.5 159.81
-105 41.5 147.562
-104.5 41.5 135.225
-104 41.5 122.8
-103.5 41.5 110.686
-103 41.5 99.4436
-102.5 41.5 88.7056
-102 41.5 78.7363
-101.5 41.5 69.783
-101 41.5 62.202
-100.5 41.5 57.2138
-99.5 41.5 57.6055
-99 41.5 62.7172
-98.5 41.5 69.6571
-98 41.5 77.8127
-97.5 41.5 87.1233
-97 41.5 97.3244
-96.5 41.5 108.18
-96 41.5 119.577
-95.5 41.5 131.312
-95 41.5 143.238
-94.5 41.5 155.169
-94 41.5 167.216
-93.5 41.5 179.374
-93 41.5 191.586
-92.5 41.5 203.815
-92 41.5 216.021
-91.5 41.5 228.267
-91 41.5 240.543
-90.5 41.5 252.833
-90 41.5 265.168
-89.5 41.5 277.547
-89 41.5 289.954
-88.5 41.5 302.357
-88 41.5 314.721
-87.5 41.5 327.064
-87 41.5 339.419
-86.5 41.5 351.827
-86 41.5 364.247
-85.5 41.5 376.664
-85 41.5 389.075
-84.5 41.5 401.487
-84 41.5 413.894
-83.5 41.5 426.283
-83 41.5 438.614
-82.5 41.5 450.932
-82 41.5 463.176
-81.5 41.5 475.396
-81 41.5 487.716
-119 42 513.307
-118.5 42 500.038
-118 42 486.943
-117.5 42 473.992
-117 42 461.172
-116.5 42 448.447
-116 42 435.678
-115.5 42 422.883
-115 42 409.958
-114.5 42 397.17
-114 42 384.569
-113.5 42 371.911
-113 42 359.136
-112.5 42 346.215
-112 42 333.195
-111.5 42 320.167
-111 42 307.056
-110.5 42 293.734
-110 42 280.306
-109.5 42 267.062
-109 42 253.791
-108.5 42 240.486
-108 42 227.236
-107.5 42 214.27
-107 42 201.576
-106.5 42 189.275
-106 42 177.283
-105.5 42 165.454
-105 42 153.616
-104.5 42 141.85
-104 42 130.386
-103.5 42 119.599
-103 42 109.386
-102.5 42 99.8421
-102 42 91.1783
-101.5 42 83.5881
-101 42 77.446
-100.5 42 73.5645
-100 42 72.3303
-99.5 42 73.83
-99 42 77.7116
-98.5 42 83.3676
-98 42 90.1886
-97.5 42 98.1218
-97 42 107.002
-96.5 42 116.723
-96 42 127.091
-95.5 42 138.068
-95 42 149.375
-94.5 42 160.892
-94 42 172.579
-93.5 42 184.375
-93 42 196.228
-92.5 42 208.138
-92 42 220.058
-91.5 42 232.012
-91 42 244.01
-90.5 42 256.061
-90 42 268.179
-89.5 42 280.355
-89 42 292.562
-88.5 42 304.768
-88 42 316.926
-87.5 42 329.055
-87 42 341.234
-86.5 42 353.472
-86 42 365.728
-85.5 42 378.027
-85 42 390.361
-84.5 42 402.673
-84 42 414.96
-83.5 42 427.201
-83 42 439.395
-82.5 42 451.581
-82 42 463.771
-81.5 42 475.94
-81 42 488.135
-119 42.5 513.685
-118.5 42.5 500.475
-118 42.5 487.403
-117.5 42.5 474.496
-117 42.5 461.707
-116.5 42.5 449.022
-116 42.5 436.306
-115.5 42.5 423.63
-115 42.5 410.97
-114.5 42.5 398.48
-114 42.5 386.088
-113.5 42.5 373.625
-113 42.5 361.006
-112.5 42.5 348.224
-112 42.5 335.354
-111.5 42.5 322.362
-111 42.5 309.216
-110.5 42.5 295.968
-110 42.5 282.754
-109.5 42.5 269.983
-109 42.5 257.272
-108.5 42.5 244.577
-108 42.5 231.895
-107.5 42.5 219.498
-107 42.5 207.307
-106.5 42.5 195.383
-106 42.5 183.758
-105.5 42.5 172.348
-105 42.5 161.268
-104.5 42.5 150.389
-104 42.5 140.017
-103.5 42.5 130.229
-103 42.5 121.014
-102.5 42.5 112.515
-102 42.5 104.964
-101.5 42.5 98.498
-101 42.5 93.4772
-100.5 42.5 90.1827
-100 42.5 88.9172
-99.5 42.5 90.1506
-99 42.5 93.2221
-98.5 42.5 97.9525
-98 42.5 103.809
-97.5 42.5 110.646
-97 42.5 118.409
-96.5 42.5 126.992
-96 42.5 136.403
-95.5 42.5 146.452
-95 42.5 156.958
-94.5 42.5 167.87
-94 42.5 179.087
-93.5 42.5 190.481
-93 42.5 201.967
-92.5 42.5 213.52
-92 42.5 225.127
-91.5 42.5 236.782
-91 42.5 248.476
-90.5 42.5 260.24
-90 42.5 272.077
-89.5 42.5 283.943
-89 42.5 295.855
-88.5 42.5 307.832
-88 42.5 319.809
-87.5 42.5 331.82
-87 42.5 344.034
-86.5 42.5 356.243
-86 42.5 368.33
-85.5 42.5 380.525
-85 42.5 392.716
-84.5 42.5 404.93
-84 42.5 417.116
-83.5 42.5 429.209
-83 42.5 441.25
-82.5 42.5 453.273
-82 42.5 465.333
-81.5 42.5 477.354
-81 42.5 489.43
-119 43 514.771
-118.5 43 501.748
-118 43 488.825
-117.5 43 476.139
-117 43 463.584
-116.5 43 451.082
-116 43 438.577
-115.5 43 426.098
-115 43 413.607
-114.5 43 401.098
-114 43 388.627
-113.5 43 375.969
-113 43 363.209
-112.5 43 350.444
-112 43 337.741
-111.5 43 325.026
-111 43 312.198
-110.5 43 299.477
-110 43 286.948
-109.5 43 274.557
-109 43 262.255
-108.5 43 250.173
-108 43 238
-107.5 43 226.133
-107 43 214.55
-106.5 43 203.382
-106 43 192.363
-105.5 43 181.463
-105 43 170.842
-104.5 43 160.663
-104 43 151.121
-103.5 43 142.199
-103 43 133.829
-102.5 43 126.24
-102 43 119.642
-101.5 43 114.168
-101 43 109.942
-100.5 43 106.825
-100 43 105.622
-99.5 43 106.657
-99 43 109.175
-98.5 43 113.1
-98 43 118.165
-97.5 43 124.132
-97 43 130.991
-96.5 43 138.702
-96 43 147.131
-95.5 43 156.223
-95 43 165.908
-94.5 43 176.113
-94 43 186.729
-93.5 43 197.671
-93 43 208.804
-92.5 43 219.993
-92 43 231.211
-91.5 43 242.473
-91 43 253.815
-90.5 43 265.243
-90 43 276.733
-89.5 43 288.243
-89 43 299.805
-88.5 43 311.469
-88 43 323.229
-87.5 43 335.148
-87 43 347.303
-86.5 43 359.338
-86 43 371.346
-85.5 43 383.376
-85 43 395.4
-84.5 43 407.479
-84 43 419.547
-83.5 43 431.527
-83 43 443.457
-82.5 43 455.288
-82 43 467.189
-81.5 43 479.063
-81 43 490.957
-119 43.5 516.247
-118.5 43.5 503.547
-118 43.5 490.956
-117.5 43.5 478.501
-117 43.5 466.084
-116.5 43.5 453.698
-116 43.5 441.306
-115.5 43.5 428.846
-115 43.5 416.346
-114.5 43.5 403.801
-114 43.5 391.344
-113.5 43.5 378.892
-113 43.5 366.453
-112.5 43.5 354.039
-112 43.5 341.685
-111.5 43.5 329.364
-111 43.5 317.011
-110.5 43.5 304.698
-110 43.5 292.468
-109.5 43.5 280.417
-109 43.5 268.661
-108.5 43.5 257.005
-108 43.5 245.291
-107.5 43.5 234.042
-107 43.5 223.197
-106.5 43.5 212.619
-106 43.5 202.227
-105.5 43.5 191.858
-105 43.5 181.695
-104.5 43.5 171.996
-104 43.5 163.039
-103.5 43.5 154.872
-103 43.5 147.477
-102.5 43.5 140.795
-102 43.5 135.044
-101.5 43.5 130.361
-101 43.5 126.393
-100.5 43.5 123.366
-100 43.5 122.35
-99.5 43.5 123.162
-99 43.5 125.254
-98.5 43.5 128.496
-98 43.5 132.945
-97.5 43.5 138.315
-97 43.5 144.428
-96.5 43.5 151.307
-96 43.5 158.923
-95.5 43.5 167.187
-95 43.5 176.049
-94.5 43.5 185.493
-94 43.5 195.472
-93.5 43.5 205.869
-93 43.5 216.574
-92.5 43.5 227.436
-92 43.5 238.315
-91.5 43.5 249.153
-91 43.5 260.069
-90.5 43.5 271.102
-90 43.5 282.211
-89.5 43.5 293.391
-89 43.5 304.666
-88.5 43.5 316.054
-88 43.5 327.536
-87.5 43.5 339.17
-87 43.5 351.021
-86.5 43.5 362.685
-86 43.5 374.366
-85.5 43.5 386.072
-85 43.5 397.886
-84.5 43.5 409.848
-84 43.5 421.877
-83.5 43.5 433.889
-83 43.5 445.777
-82.5 43.5 457.629
-82 43.5 469.614
-81.5 43.5 481.407
-81 43.5 493.112
-119 44 518.733
-118.5 44 506.241
-118 44 493.87
-117.5 44 481.524
-117 44 469.16
-116.5 44 456.838
-116 44 444.662
-115.5 44 432.301
-115 44 419.886
-114.5 44 407.489
-114 44 395.195
-113.5 44 383
-113 44 370.949
-112.5 44 358.907
-112 44 346.815
-111.5 44 334.614
-111 44 322.507
-110.5 44 310.577
-110 44 298.814
-109.5 44 287.122
-109 44 275.611
-108.5 44 264.379
-108 44 253.359
-107.5 44 242.746
-107 44 232.656
-106.5 44 222.775
-106 44 212.851
-105.5 44 202.845
-105 44 193.009
-104.5 44 183.771
-104 44 175.59
-103.5 44 168.18
-103 44 161.775
-102.5 44 155.97
-102 44 151.055
-101.5 44 146.735
-101 44 142.684
-100.5 44 139.738
-100 44 138.879
-99.5 44 139.534
-99 44 141.343
-98.5 44 144.124
-98 44 148.009
-97.5 44 152.841
-97 44 158.351
-96.5 44 164.539
-96 44 171.465
-95.5 44 179.036
-95 44 187.155
-94.5 44 195.871
-94 44 205.242
-93.5 44 215.045
-93 44 225.297
-92.5 44 235.692
-92 44 246.169
-91.5 44 256.628
-91 44 267.116
-90.5 44 277.712
-90 44 288.455
-89.5 44 299.33
-89 44 310.317
-88.5 44 321.457
-88 44 332.698
-87.5 44 344.026
-87 44 355.621
-86.5 44 367.133
-86 44 378.561
-85.5 44 390.041
-85 44 401.6
-84.5 44 413.272
-84 44 425.037
-83.5 44 436.945
-83 44 448.692
-82.5 44 460.36
-82 44 472.016
-81.5 44 483.69
-81 44 495.402
-119 44.5 520.995
-118.5 44.5 508.703
-118 44.5 496.479
-117.5 44.5 484.34
-117 44.5 472.36
-116.5 44.5 460.469
-116 44.5 448.538
-115.5 44.5 436.421
-115 44.5 424.239
-114.5 44.5 412.041
-114 44.5 399.924
-113.5 44.5 387.87
-113 44.5 375.9
-112.5 44.5 363.932
-112 44.5 352.058
-111.5 44.5 340.366
-111 44.5 328.779
-110.5 44.5 317.144
-110 44.5 305.555
-109.5 44.5 294.255
-109 44.5 283.402
-108.5 44.5 272.857
-108 44.5 262.525
-107.5 44.5 252.576
-107 44.5 243.057
-106.5 44.5 233.524
-106 44.5 223.705
-105.5 44.5 213.927
-105 44.5 204.543
-104.5 44.5 196.196
-104 44.5 188.831
-103.5 44.5 182.304
-103 44.5 176.772
-102.5 44.5 171.721
-102 44.5 167.225
-101.5 44.5 162.861
-101 44.5 158.924
-100.5 44.5 156.104
-100 44.5 155.32
-99.5 44.5 155.843
-99 44.5 157.378
-98.5 44.5 159.827
-98 44.5 163.225
-97.5 44.5 167.528
-97 44.5 172.564
-96.5 44.5 178.222
-96 44.5 184.547
-95.5 44.5 191.45
-95 44.5 198.981
-94.5 44.5 207.068
-94 44.5 215.826
-93.5 44.5 225.09
-93 44.5 234.929
-92.5 44.5 244.861
-92 44.5 254.852
-91.5 44.5 264.863
-91 44.5 274.839
-90.5 44.5 285.01
-90 44.5 295.359
-89.5 44.5 305.886
-89 44.5 316.558
-88.5 44.5 327.385
-88 44.5 338.364
-87.5 44.5 349.458
-87 44.5 360.711
-86.5 44.5 372.019
-86 44.5 383.309
-85.5 44.5 394.634
-85 44.5 405.968
-84.5 44.5 417.394
-84 44.5 428.892
-83.5 44.5 440.436
-83 44.5 452.013
-82.5 44.5 463.677
-82 44.5 475.347
-81.5 44.5 486.759
-81 44.5 498.172
-119 45 523.767
-118.5 45 511.681
-118 45 499.734
-117.5 45 487.931
-117 45 476.194
-116.5 45 464.476
-116 45 452.719
-115.5 45 440.873
-115 45 428.949
-114.5 45 416.992
-114 45 405.085
-113.5 45 393.215
-113 45 381.479
-112.5 45 369.872
-112 45 358.389
-111.5 45 346.957
-111 45 335.457
-110.5 45 324.113
-110 45 313.08
-109.5 45 302.569
-109 45 292.441
-108.5 45 282.369
-108 45 272.579
-107.5 45 263.02
-107 45 253.669
-106.5 45 244.315
-106 45 234.752
-105.5 45 225.423
-105 45 216.912
-104.5 45 209.497
-104 45 202.952
-103.5 45 197.351
-103 45 192.331
-102.5 45 187.718
-102 45 183.224
-101.5 45 178.998
-101 45 175.33
-100.5 45 172.722
-100 45 171.694
-99.5 45 172.043
-99 45 173.405
-98.5 45 175.685
-98 45 178.759
-97.5 45 182.558
-97 45 187.084
-96.5 45 192.251
-96 45 198.097
-95.5 45 204.423
-95 45 211.33
-94.5 45 218.845
-94 45 227.012
-93.5 45 235.755
-93 45 244.95
-92.5 45 254.482
-92 45 264.15
-91.5 45 273.773
-91 45 283.364
-90.5 45 293.072
-90 45 302.978
-89.5 45 313.12
-89 45 323.432
-88.5 45 333.894
-88 45 344.488
-87.5 45 355.266
-87 45 366.275
-86.5 45 377.478
-86 45 388.503
-85.5 45 399.555
-85 45 410.658
-84.5 45 421.864
-84 45 433.154
-83.5 45 444.498
-83 45 455.898
-82.5 45 467.395
-82 45 478.925
-81.5 45 490.278
-81 45 501.613
-119 45.5 527.189
-118.5 45.5 515.155
-118 45.5 503.289
-117.5 45.5 491.603
-117 45.5 480.012
-116.5 45.5 468.473
-116 45.5 456.898
-115.5 45.5 445.29
-115 45.5 433.64
-114.5 45.5 422.095
-114 45.5 410.594
-113.5 45.5 399.136
-113 45.5 387.744
-112.5 45.5 376.313
-112 45.5 364.902
-111.5 45.5 353.722
-111 45.5 342.749
-110.5 45.5 332.087
-110 45.5 321.806
-109.5 45.5 311.932
-109 45.5 302.096
-108.5 45.5 292.393
-108 45.5 283.027
-107.5 45.5 273.95
-107 45.5 264.746
-106.5 45.5 255.391
-106 45.5 246.29
-105.5 45.5 237.85
-105 45.5 230.257
-104.5 45.5 223.707
-104 45.5 217.932
-103.5 45.5 212.886
-103 45.5 208.184
-102.5 45.5 203.605
-102 45.5 199.214
-101.5 45.5 195.197
-101 45.5 191.786
-100.5 45.5 189.444
-100 45.5 188.275
-99.5 45.5 188.354
-99 45.5 189.553
-98.5 45.5 191.667
-98 45.5 194.508
-97.5 45.5 197.893
-97 45.5 202.01
-96.5 45.5 206.723
-96 45.5 212.016
-95.5 45.5 217.893
-95 45.5 224.299
-94.5 45.5 231.215
-94 45.5 238.729
-93.5 45.5 246.925
-93 45.5 255.66
-92.5 45.5 264.758
-92 45.5 274.028
-91.5 45.5 283.256
-91 45.5 292.501
-90.5 45.5 301.831
-90 45.5 311.294
-89.5 45.5 321.005
-89 45.5 330.97
-88.5 45.5 341.084
-88 45.5 351.305
-87.5 45.5 361.631
-87 45.5 372.098
-86.5 45.5 382.953
-86 45.5 393.956
-85.5 45.5 404.94
-85 45.5 415.879
-84.5 45.5 426.854
-84 45.5 437.9
-83.5 45.5 449.033
-83 45.5 460.118
-82.5 45.5 471.303
-82 45.5 482.463
-81.5 45.5 493.568
-81 45.5 504.763
-119 46 530.724
-118.5 46 518.707
-118 46 506.964
-117.5 46 495.381
-117 46 483.875
-116.5 46 472.606
-116 46 461.454
-115.5 46 450.286
-115 46 439.074
-114.5 46 427.924
-114 46 416.689
-113.5 46 405.428
-113 46 394.235
-112.5 46 383.153
-112 46 372.266
-111.5 46 361.671
-111 46 351.446
-110.5 46 341.41
-110 46 331.516
-109.5 46 321.828
-109 46 312.305
-108.5 46 303.047
-108 46 293.958
-107.5 46 284.952
-107 46 275.648
-106.5 46 266.777
-106 46 258.569
-105.5 46 251.137
-105 46 244.277
-104.5 46 238.31
-104 46 233.173
-103.5 46 228.691
-103 46 224.027
-102.5 46 219.542
-102 46 215.31
-101.5 46 211.448
-101 46 208.268
-100.5 46 206.16
-100 46 205.173
-99.5 46 204.998
-99 46 205.762
-98.5 46 207.687
-98 46 210.339
-97.5 46 213.465
-97 46 217.238
-96.5 46 221.54
-96 46 226.336
-95.5 46 231.781
-95 46 237.779
-94.5 46 244.197
-94 46 251.105
-93.5 46 258.651
-93 46 266.768
-92.5 46 275.442
-92 46 284.388
-91.5 46 293.402
-91 46 302.377
-90.5 46 311.351
-90 46 320.439
-89.5 46 329.709
-89 46 339.259
-88.5 46 349.009
-88 46 358.849
-87.5 46 368.82
-87 46 378.937
-86.5 46 389.254
-86 46 399.753
-85.5 46 410.507
-85 46 421.435
-84.5 46 432.338
-84 46 443.156
-83.5 46 453.98
-83 46 464.738
-82.5 46 475.483
-82 46 486.275
-81.5 46 497.179
-81 46 508.372
-119 46.5 534.275
-118.5 46.5 522.54
-118 46.5 511.062
-117.5 46.5 499.828
-117 46.5 488.768
-116.5 46.5 477.876
-116 46.5 467.095
-115.5 46.5 456.232
-115 46.5 445.319
-114.5 46.5 434.391
-114 46.5 423.405
-113.5 46.5 412.583
-113 46.5 401.931
-112.5 46.5 391.398
-112 46.5 381.046
-111.5 46.5 370.944
-111 46.5 361.109
-110.5 46.5 351.441
-110 46.5 341.852
-109.5 46.5 332.278
-109 46.5 322.908
-108.5 46.5 313.752
-108 46.5 304.845
-107.5 46.5 295.836
-107 46.5 287.192
-106.5 46.5 279.07
-106 46.5 271.629
-105.5 46.5 264.983
-105 46.5 258.693
-104.5 46.5 253.288
-104 46.5 248.826
-103.5 46.5 244.467
-103 46.5 239.874
-102.5 46.5 235.568
-102 46.5 231.514
-101.5 46.5 227.856
-101 46.5 224.871
-100.5 46.5 222.997
-100 46.5 222.12
-99.5 46.5 221.842
-99 46.5 222.133
-98.5 46.5 223.697
-98 46.5 226.194
-97.5 46.5 229.106
-97 46.5 232.617
-96.5 46.5 236.6
-96 46.5 241.001
-95.5 46.5 246.023
-95 46.5 251.607
-94.5 46.5 257.614
-94 46.5 264.015
-93.5 46.5 271.003
-93 46.5 278.489
-92.5 46.5 286.548
-92 46.5 295.077
-91.5 46.5 303.918
-91 46.5 312.828
-90.5 46.5 321.676
-90 46.5 330.535
-89.5 46.5 339.422
-89 46.5 348.479
-88.5 46.5 357.76
-88 46.5 367.187
-87.5 46.5 376.746
-87 46.5 386.548
-86.5 46.5 396.548
-86 46.5 406.805
-85.5 46.5 417.26
-85 46.5 427.661
-84.5 46.5 438.165
-84 46.5 448.717
-83.5 46.5 459.231
-83 46.5 469.71
-82.5 46.5 480.242
-82 46.5 490.83
-81.5 46.5 501.431
-81 46.5 512.047
-119 47 538.215
-118.5 47 527.027
-118 47 516.102
-117.5 47 505.257
-117 47 494.527
-116.5 47 483.929
-116 47 473.397
-115.5 47 462.865
-115 47 452.356
-114.5 47 441.872
-114 47 431.376
-113.5 47 420.828
-113 47 410.347
-112.5 47 400.01
-112 47 389.985
-111.5 47 380.254
-111 47 370.668
-110.5 47 361.282
-110 47 351.97
-109.5 47 342.711
-109 47 333.631
-108.5 47 324.686
-108 47 315.878
-107.5 47 307.508
-107 47 299.473
-106.5 47 292.076
-106 47 285.438
-105.5 47 279.476
-105 47 273.679
-104.5 47 268.792
-104 47 264.766
-103.5 47 260.557
-103 47 255.925
-102.5 47 251.635
-102 47 247.785
-101.5 47 244.302
-101 47 241.568
-100.5 47 239.906
-100 47 239.095
-99.5 47 238.669
-99 47 238.553
-98.5 47 239.707
-98 47 241.972
-97.5 47 244.749
-97 47 248.046
-96.5 47 251.812
-96 47 255.863
-95.5 47 260.471
-95 47 265.661
-94.5 47 271.349
-94 47 277.304
-93.5 47 283.775
-93 47 290.756
-92.5 47 298.214
-92 47 306.188
-91.5 47 314.675
-91 47 323.509
-90.5 47 332.454
-90 47 341.284
-89.5 47 350.031
-89 47 358.719
-88.5 47 367.59
-88 47 376.609
-87.5 47 385.851
-87 47 395.292
-86.5 47 404.865
-86 47 414.706
-85.5 47 424.879
-85 47 435.069
-84.5 47 445.097
-84 47 455.015
-83.5 47 465.079
-83 47 475.293
-82.5 47 485.594
-82 47 495.954
-81.5 47 506.341
-81 47 516.819
-119 47.5 543.162
-118.5 47.5 532.486
-118 47.5 521.973
-117.5 47.5 511.574
-117 47.5 501.27
-116.5 47.5 490.998
-116 47.5 480.703
-115.5 47.5 470.357
-115 47.5 459.99
-114.5 47.5 449.67
-114 47.5 439.343
-113.5 47.5 429.01
-113 47.5 418.741
-112.5 47.5 408.666
-112 47.5 398.901
-111.5 47.5 389.384
-111 47.5 380.14
-110.5 47.5 371.194
-110 47.5 362.367
-109.5 47.5 353.42
-109 47.5 344.525
-108.5 47.5 335.801
-108 47.5 327.557
-107.5 47.5 319.722
-107 47.5 312.403
-106.5 47.5 305.757
-106 47.5 299.847
-105.5 47.5 294.373
-105 47.5 289.242
-104.5 47.5 284.955
-104 47.5 281.126
-103.5 47.5 276.559
-103 47.5 272.132
-102.5 47.5 268.151
-102 47.5 264.287
-101.5 47.5 260.783
-101 47.5 258.27
-100.5 47.5 256.77
-100 47.5 256.031
-99.5 47.5 255.449
-99 47.5 254.972
-98.5 47.5 255.741
-98 47.5 257.744
-97.5 47.5 260.372
-97 47.5 263.523
-96.5 47.5 267.076
-96 47.5 270.883
-95.5 47.5 275.136
-95 47.5 279.95
-94.5 47.5 285.312
-94 47.5 290.916
-93.5 47.5 296.895
-93 47.5 303.379
-92.5 47.5 310.298
-92 47.5 317.656
-91.5 47.5 325.588
-91 47.5 334.008
-90.5 47.5 342.915
-90 47.5 352.045
-89.5 47.5 361.03
-89 47.5 369.77
-88.5 47.5 378.349
-88 47.5 387.028
-87.5 47.5 396.013
-87 47.5 405.238
-86.5 47.5 414.591
-86 47.5 424.045
-85.5 47.5 433.63
-85 47.5 443.42
-84.5 47.5 453.345
-84 47.5 463.063
-83.5 47.5 472.602
-83 47.5 482.098
-82.5 47.5 491.892
-82 47.5 501.896
-81.5 47.5 511.923
-81 47.5 522.024
-119 48 549.297
-118.5 48 538.995
-118 48 528.783
-117.5 48 518.617
-117 48 508.493
-116.5 48 498.366
-116 48 488.187
-115.5 48 477.975
-115 48 467.743
-114.5 48 457.527
-114 48 447.279
-113.5 48 437.059
-113 48 427.024
-112.5 48 417.329
-112 48 408.061
-111.5 48 399.235
-111 48 390.521
-110.5 48 381.743
-110 48 372.89
-109.5 48 364.138
-109 48 355.624
-108.5 48 347.56
-108 48 339.844
-107.5 48 332.606
-107 48 326.052
-106.5 48 320.093
-106 48 314.595
-105.5 48 309.427
-105 48 304.907
-104.5 48 301.146
-104 48 296.9
-103.5 48 292.356
-103 48 288.498
-102.5 48 284.78
-102 48 280.91
-101.5 48 277.352
-101 48 274.994
-100.5 48 273.614
-100 48 272.933
-99.5 48 272.153
-99 48 271.398
-98.5 48 271.829
-98 48 273.602
-97.5 48 276.064
-97 48 279.028
-96.5 48 282.406
-96 48 286.021
-95.5 48 290.039
-95 48 294.556
-94.5 48 299.539
-94 48 304.816
-93.5 48 310.401
-93 48 316.41
-92.5 48 322.882
-92 48 329.691
-91.5 48 336.979
-91 48 344.802
-90.5 48 353.19
-90 48 362.068
-89.5 48 371.229
-89 48 380.313
-88.5 48 389.218
-88 48 398.087
-87.5 48 406.893
-87 48 415.683
-86.5 48 424.686
-86 48 433.862
-85.5 48 443.182
-85 48 452.639
-84.5 48 462.224
-84 48 472.033
-83.5 48 481.84
-83 48 491.351
-82.5 48 500.792
-82 48 510.345
-81.5 48 519.927
-81 48 529.438
-119 48.5 556.065
-118.5 48.5 545.956
-118 48.5 535.878
-117.5 48.5 525.824
-117 48.5 515.777
-116.5 48.5 505.697
-116 48.5 495.576
-115.5 48.5 485.507
-115 48.5 475.442
-114.5 48.5 465.339
-114 48.5 455.314
-113.5 48.5 445.527
-113 48.5 436.142
-112.5 48.5 427.135
-112 48.5 418.408
-111.5 48.5 409.797
-111 48.5 401.08
-110.5 48.5 392.253
-110 48.5 383.655
-109.5 48.5 375.398
-109 48.5 367.514
-108.5 48.5 359.978
-108 48.5 352.907
-107.5 48.5 346.407
-107 48.5 340.404
-106.5 48.5 334.846
-106 48.5 329.674
-105.5 48.5 324.881
-105 48.5 321.045
-104.5 48.5 316.889
-104 48.5 312.675
-103.5 48.5 308.693
-103 48.5 305.137
-102.5 48.5 301.108
-102 48.5 297.139
-101.5 48.5 293.88
-101 48.5 291.774
-100.5 48.5 290.474
-100 48.5 289.749
-99.5 48.5 288.467
-99 48.5 287.718
-98.5 48.5 288.003
-98 48.5 289.549
-97.5 48.5 291.833
-97 48.5 294.604
-96.5 48.5 297.751
-96 48.5 301.235
-95.5 48.5 305.07
-95 48.5 309.323
-94.5 48.5 313.971
-94 48.5 319.01
-93.5 48.5 324.321
-93 48.5 329.965
-92.5 48.5 336.259
-92 48.5 342.724
-91.5 48.5 349.417
-91 48.5 356.626
-90.5 48.5 364.487
-90 48.5 372.748
-89.5 48.5 381.407
-89 48.5 390.414
-88.5 48.5 399.535
-88 48.5 408.557
-87.5 48.5 417.514
-87 48.5 426.484
-86.5 48.5 435.419
-86 48.5 444.288
-85.5 48.5 453.209
-85 48.5 462.303
-84.5 48.5 471.586
-84 48.5 480.992
-83.5 48.5 490.609
-83 48.5 500.443
-82.5 48.5 510.162
-82 48.5 519.648
-81.5 48.5 529.199
-81 48.5 538.792
-119 49 562.937
-118.5 49 552.9
-118 49 542.915
-117.5 49 532.965
-117 49 523.055
-116.5 49 513.08
-116 49 503.124
-115.5 49 493.301
-115 49 483.589
-114.5 49 473.939
-114 49 464.54
-113.5 49 455.368
-113 49 446.39
-112.5 49 437.589
-112 49 428.789
-111.5 49 420.192
-111 49 411.621
-110.5 49 403.179
-110 49 395.081
-109.5 49 387.356
-109 49 379.988
-108.5 49 373.087
-108 49 366.702
-107.5 49 360.683
-107 49 355.056
-106.5 49 349.792
-106 49 344.95
-105.5 49 340.899
-105 49 336.759
-104.5 49 332.657
-104 49 328.71
-103.5 49 325.132
-103 49 321.382
-102.5 49 316.922
-102 49 313.318
-101.5 49 310.506
-101 49 308.568
-100.5 49 307.376
-100 49 306.303
-99.5 49 304.736
-99 49 303.945
-98.5 49 304.237
-98 49 305.569
-97.5 49 307.673
-97 49 310.259
-96.5 49 313.222
-96 49 316.5
-95.5 49 320.17
-95 49 324.191
-94.5 49 328.622
-94 49 333.612
-93.5 49 338.771
-93 49 344.2
-92.5 49 350.231
-92 49 356.66
-91.5 49 363.121
-91 49 369.799
-90.5 49 376.897
-90 49 384.525
-89.5 49 392.566
-89 49 400.972
-88.5 49 409.747
-88 49 418.79
-87.5 49 427.841
-87 49 436.764
-86.5 49 445.701
-86 49 454.692
-85.5 49 463.733
-85 49 472.721
-84.5 49 481.624
-84 49 490.62
-83.5 49 499.78
-83 49 509.14
-82.5 49 518.754
-82 49 528.588
-81.5 49 538.237
-81 49 547.759
