-119 25 -1.06225
-118.5 25 -1.35236
-118 25 -1.76621
-117.5 25 -2.25378
-117 25 -2.66213
-116.5 25 -2.9722
-116 25 -3.23141
-115.5 25 -3.48448
-115 25 -3.71375
-114.5 25 -3.93922
-114 25 -4.12714
-113.5 25 -4.24161
-113 25 -4.34941
-112.5 25 -4.44763
-112 25 -4.45518
-111.5 25 -4.35855
-111 25 -4.18089
-110.5 25 -3.92614
-110 25 -3.5746
-109.5 25 -3.25385
-109 25 -2.96251
-108.5 25 -2.62112
-108 25 -2.34999
-107.5 25 -2.13946
-107 25 -1.96675
-106.5 25 -1.81381
-106 25 -1.68008
-105.5 25 -1.60188
-105 25 -1.56948
-104.5 25 -1.55886
-104 25 -1.5347
-103.5 25 -1.47898
-103 25 -1.42221
-102.5 25 -1.36962
-102 25 -1.31587
-101.5 25 -1.25985
-101 25 -1.19662
-100.5 25 -1.14572
-100 25 -1.03661
-99.5 25 -1.01432
-99 25 -1.03347
-98.5 25 -0.927841
-98 25 -0.838406
-97.5 25 -0.829567
-97 25 -0.837667
-96.5 25 -0.799339
-96 25 -0.74035
-95.5 25 -0.645121
-95 25 -0.505477
-94.5 25 -0.340177
-94 25 -0.165714
-93.5 25 0.0212109
-93 25 0.206411
-92.5 25 0.380948
-92 25 0.537439
-91.5 25 0.670971
-91 25 0.779298
-90.5 25 0.849693
-90 25 0.904033
-89.5 25 0.89844
-89 25 0.828164
-88.5 25 0.757368
-88 25 0.615401
-87.5 25 0.478161
-87 25 0.161167
-86.5 25 -0.310544
-86 25 -0.699795
-85.5 25 -1.16641
-85 25 -1.80239
-84.5 25 -2.57366
-84 25 -3.27418
-83.5 25 -3.83053
-83 25 -4.24895
-82.5 25 -4.54883
-82 25 -4.74214
-81.5 25 -4.84029
-81 25 -4.86001
-119 25.5 -0.662006
-118.5 25.5 -0.970613
-118 25.5 -1.44057
-117.5 25.5 -2.11569
-117 25.5 -2.60223
-116.5 25.5 -2.87217
-116 25.5 -3.05453
-115.5 25.5 -3.22267
-115 25.5 -3.44176
-114.5 25.5 -3.64083
-114 25.5 -3.82122
-113.5 25.5 -3.97202
-113 25.5 -4.14663
-112.5 25.5 -4.34706
-112 25.5 -4.44811
-111.5 25.5 -4.40395
-111 25.5 -4.24559
-110.5 25.5 -3.94263
-110 25.5 -3.58577
-109.5 25.5 -3.22998
-109 25.5 -2.89739
-108.5 25.5 -2.57611
-108 25.5 -2.32491
-107.5 25.5 -2.23751
-107 25.5 -2.14475
-106.5 25.5 -1.97643
-106 25.5 -1.80302
-105.5 25.5 -1.70601
-105 25.5 -1.71432
-104.5 25.5 -1.73524
-104 25.5 -1.7047
-103.5 25.5 -1.63907
-103 25.5 -1.56443
-102.5 25.5 -1.5051
-102 25.5 -1.45235
-101.5 25.5 -1.37738
-101 25.5 -1.28932
-100.5 25.5 -1.16965
-100 25.5 -1.11828
-99.5 25.5 -1.09584
-99 25.5 -0.969431
-98.5 25.5 -0.773141
-98 25.5 -0.627315
-97.5 25.5 -0.680242
-97 25.5 -0.811103
-96.5 25.5 -0.849377
-96 25.5 -0.801016
-95.5 25.5 -0.687391
-95 25.5 -0.519891
-94.5 25.5 -0.326121
-94 25.5 -0.142448
-93.5 25.5 0.0364041
-93 25.5 0.211151
-92.5 25.5 0.368847
-92 25.5 0.50579
-91.5 25.5 0.622471
-91 25.5 0.71056
-90.5 25.5 0.771594
-90 25.5 0.78662
-89.5 25.5 0.745197
-89 25.5 0.700156
-88.5 25.5 0.632283
-88 25.5 0.554169
-87.5 25.5 0.34251
-87 25.5 -0.0642169
-86.5 25.5 -0.323445
-86 25.5 -0.531722
-85.5 25.5 -0.889048
-85 25.5 -1.61462
-84.5 25.5 -2.61768
-84 25.5 -3.41065
-83.5 25.5 -3.94941
-83 25.5 -4.30387
-82.5 25.5 -4.53427
-82 25.5 -4.66405
-81.5 25.5 -4.71173
-81 25.5 -4.69083
-119 26 -0.216192
-118.5 26 -0.402788
-118 26 -0.860071
-117.5 26 -1.79529
-117 26 -2.4014
-116.5 26 -2.65303
-116 26 -2.77665
-115.5 26 -2.90917
-115 26 -3.09351
-114.5 26 -3.29262
-114 26 -3.44138
-113.5 26 -3.58754
-113 26 -3.80595
-112.5 26 -4.17123
-112 26 -4.39795
-111.5 26 -4.43551
-111 26 -4.31249
-110.5 26 -4.04386
-110 26 -3.59898
-109.5 26 -3.18837
-109 26 -2.79715
-108.5 26 -2.41345
-108 26 -2.18311
-107.5 26 -2.27262
-107 26 -2.29114
-106.5 26 -2.0946
-106 26 -1.86241
-105.5 26 -1.74506
-105 26 -1.81748
-104.5 26 -1.89067
-104 26 -1.85709
-103.5 26 -1.77248
-103 26 -1.68303
-102.5 26 -1.63284
-102 26 -1.57989
-101.5 26 -1.4885
-101 26 -1.36655
-100.5 26 -1.25035
-100 26 -1.19135
-99.5 26 -1.1034
-99 26 -0.856731
-98.5 26 -0.520776
-98 26 -0.349638
-97.5 26 -0.588055
-97 26 -0.940136
-96.5 26 -1.01729
-96 26 -0.944593
-95.5 26 -0.79188
-95 26 -0.562066
-94.5 26 -0.312906
-94 26 -0.120451
-93.5 26 0.0481688
-93 26 0.197357
-92.5 26 0.3312
-92 26 0.442527
-91.5 26 0.538601
-91 26 0.607566
-90.5 26 0.642152
-90 26 0.625042
-89.5 26 0.573211
-89 26 0.518539
-88.5 26 0.465707
-88 26 0.356487
-87.5 26 0.0603349
-87 26 -0.260461
-86.5 26 -0.36879
-86 26 -0.452094
-85.5 26 -0.805209
-85 26 -1.73847
-84.5 26 -3.08362
-84 26 -3.86214
-83.5 26 -4.26415
-83 26 -4.47362
-82.5 26 -4.57969
-82 26 -4.6132
-81.5 26 -4.59314
-81 26 -4.51953
-119 26.5 0.288173
-118.5 26.5 0.298644
-118 26.5 0.112296
-117.5 26.5 -0.81704
-117 26.5 -1.7859
-116.5 26.5 -2.11173
-116 26.5 -2.27513
-115.5 26.5 -2.41652
-115 26.5 -2.62061
-114.5 26.5 -2.8338
-114 26.5 -2.97717
-113.5 26.5 -3.09135
-113 26.5 -3.28402
-112.5 26.5 -3.74694
-112 26.5 -4.19769
-111.5 26.5 -4.35338
-111 26.5 -4.34794
-110.5 26.5 -4.17201
-110 26.5 -3.73198
-109.5 26.5 -3.20467
-109 26.5 -2.74056
-108.5 26.5 -2.29101
-108 26.5 -1.95416
-107.5 26.5 -2.10854
-107 26.5 -2.30622
-106.5 26.5 -2.07796
-106 26.5 -1.81369
-105.5 26.5 -1.66394
-105 26.5 -1.80152
-104.5 26.5 -1.98203
-104 26.5 -1.94817
-103.5 26.5 -1.84926
-103 26.5 -1.759
-102.5 26.5 -1.72946
-102 26.5 -1.69827
-101.5 26.5 -1.5968
-101 26.5 -1.46239
-100.5 26.5 -1.31762
-100 26.5 -1.24249
-99.5 26.5 -1.10442
-99 26.5 -0.75706
-98.5 26.5 -0.348421
-98 26.5 -0.139759
-97.5 26.5 -0.614033
-97 26.5 -1.15973
-96.5 26.5 -1.17251
-96 26.5 -1.05388
-95.5 26.5 -0.868003
-95 26.5 -0.565828
-94.5 26.5 -0.281512
-94 26.5 -0.112588
-93.5 26.5 0.0293979
-93 26.5 0.163305
-92.5 26.5 0.265844
-92 26.5 0.350535
-91.5 26.5 0.431984
-91 26.5 0.48575
-90.5 26.5 0.491179
-90 26.5 0.435209
-89.5 26.5 0.347171
-89 26.5 0.254103
-88.5 26.5 0.161095
-88 26.5 0.00120523
-87.5 26.5 -0.364203
-87 26.5 -0.651716
-86.5 26.5 -0.715689
-86 26.5 -0.848981
-85.5 26.5 -1.31189
-85 26.5 -2.70058
-84.5 26.5 -4.08832
-84 26.5 -4.52133
-83.5 26.5 -4.65038
-83 26.5 -4.66145
-82.5 26.5 -4.61945
-82 26.5 -4.55101
-81.5 26.5 -4.45237
-81 26.5 -4.32249
-119 27 0.60557
-118.5 27 0.717175
-118 27 0.657152
-117.5 27 0.169189
-117 27 -0.723633
-116.5 27 -1.26634
-116 27 -1.59021
-115.5 27 -1.81987
-115 27 -2.05272
-114.5 27 -2.29194
-114 27 -2.47315
-113.5 27 -2.63927
-113 27 -2.8729
-112.5 27 -3.27297
-112 27 -3.78798
-111.5 27 -4.10672
-111 27 -4.22916
-110.5 27 -4.15896
-110 27 -3.86211
-109.5 27 -3.38727
-109 27 -2.91834
-108.5 27 -2.40221
-108 27 -2.04738
-107.5 27 -1.97263
-107 27 -2.03965
-106.5 27 -1.8952
-106 27 -1.70647
-105.5 27 -1.62051
-105 27 -1.72105
-104.5 27 -1.88997
-104 27 -1.92699
-103.5 27 -1.88475
-103 27 -1.82688
-102.5 27 -1.8004
-102 27 -1.77428
-101.5 27 -1.70067
-101 27 -1.58213
-100.5 27 -1.43916
-100 27 -1.29994
-99.5 27 -1.1037
-99 27 -0.754452
-98.5 27 -0.398182
-98 27 -0.314388
-97.5 27 -0.663371
-97 27 -1.02261
-96.5 27 -1.08516
-96 27 -0.986053
-95.5 27 -0.795554
-95 27 -0.538882
-94.5 27 -0.318389
-94 27 -0.155138
-93.5 27 -0.0193106
-93 27 0.0883646
-92.5 27 0.172151
-92 27 0.254619
-91.5 27 0.325826
-91 27 0.353378
-90.5 27 0.315963
-90 27 0.213167
-89.5 27 0.0448291
-89 27 -0.103868
-88.5 27 -0.26241
-88 27 -0.537623
-87.5 27 -0.926095
-87 27 -1.19277
-86.5 27 -1.40114
-86 27 -1.77508
-85.5 27 -2.5164
-85 27 -3.74769
-84.5 27 -4.56011
-84 27 -4.82293
-83.5 27 -4.81699
-83 27 -4.70646
-82.5 27 -4.56614
-82 27 -4.41366
-81.5 27 -4.25395
-81 27 -4.07359
-119 27.5 0.774083
-118.5 27.5 0.83685
-118 27.5 0.822901
-117.5 27.5 0.563772
-117 27.5 -0.00682909
-116.5 27.5 -0.527053
-116 27.5 -0.923624
-115.5 27.5 -1.22994
-115 27.5 -1.49151
-114.5 27.5 -1.75791
-114 27.5 -1.99784
-113.5 27.5 -2.23428
-113 27.5 -2.53855
-112.5 27.5 -2.96273
-112 27.5 -3.45981
-111.5 27.5 -3.84703
-111 27.5 -4.05884
-110.5 27.5 -4.06894
-110 27.5 -3.91459
-109.5 27.5 -3.55237
-109 27.5 -3.10038
-108.5 27.5 -2.71222
-108 27.5 -2.35546
-107.5 27.5 -2.06975
-107 27.5 -1.88754
-106.5 27.5 -1.70309
-106 27.5 -1.56701
-105.5 27.5 -1.54991
-105 27.5 -1.65762
-104.5 27.5 -1.81095
-104 27.5 -1.89077
-103.5 27.5 -1.88447
-103 27.5 -1.85472
-102.5 27.5 -1.85661
-102 27.5 -1.86453
-101.5 27.5 -1.82831
-101 27.5 -1.73102
-100.5 27.5 -1.56881
-100 27.5 -1.38414
-99.5 27.5 -1.10453
-99 27.5 -0.752447
-98.5 27.5 -0.523132
-98 27.5 -0.499498
-97.5 27.5 -0.678442
-97 27.5 -0.852454
-96.5 27.5 -0.888748
-96 27.5 -0.813869
-95.5 27.5 -0.670307
-95 27.5 -0.505443
-94.5 27.5 -0.343166
-94 27.5 -0.206808
-93.5 27.5 -0.109033
-93 27.5 -0.022252
-92.5 27.5 0.0617517
-92 27.5 0.147889
-91.5 27.5 0.211125
-91 27.5 0.216147
-90.5 27.5 0.140931
-90 27.5 -0.0549382
-89.5 27.5 -0.269792
-89 27.5 -0.478469
-88.5 27.5 -0.771165
-88 27.5 -1.14364
-87.5 27.5 -1.52872
-87 27.5 -1.83345
-86.5 27.5 -2.16371
-86 27.5 -2.65985
-85.5 27.5 -3.36884
-85 27.5 -4.17526
-84.5 27.5 -4.64272
-84 27.5 -4.76558
-83.5 27.5 -4.6892
-83 27.5 -4.53112
-82.5 27.5 -4.34617
-82 27.5 -4.15869
-81.5 27.5 -3.9648
-81 27.5 -3.75582
-119 28 0.756802
-118.5 28 0.773299
-118 28 0.785084
-117.5 28 0.736918
-117 28 0.413574
-116.5 28 -0.0301152
-116 28 -0.43829
-115.5 28 -0.764576
-115 28 -1.02404
-114.5 28 -1.28984
-114 28 -1.56519
-113.5 28 -1.86226
-113 28 -2.23038
-112.5 28 -2.69481
-112 28 -3.19034
-111.5 28 -3.61302
-111 28 -3.88508
-110.5 28 -4.00664
-110 28 -3.90274
-109.5 28 -3.6879
-109 28 -3.43233
-108.5 28 -3.16066
-108 28 -2.79651
-107.5 28 -2.2633
-107 28 -1.82825
-106.5 28 -1.57081
-106 28 -1.45543
-105.5 28 -1.47629
-105 28 -1.62224
-104.5 28 -1.78368
-104 28 -1.85863
-103.5 28 -1.85935
-103 28 -1.85431
-102.5 28 -1.90547
-102 28 -1.96626
-101.5 28 -1.97283
-101 28 -1.89099
-100.5 28 -1.72612
-100 28 -1.43517
-99.5 28 -1.07698
-99 28 -0.799891
-98.5 28 -0.664721
-98 28 -0.65784
-97.5 28 -0.679349
-97 28 -0.674343
-96.5 28 -0.651833
-96 28 -0.593257
-95.5 28 -0.520105
-95 28 -0.441812
-94.5 28 -0.361703
-94 28 -0.293743
-93.5 28 -0.229026
-93 28 -0.158489
-92.5 28 -0.0640746
-92 28 0.0437508
-91.5 28 0.103391
-91 28 0.0845828
-90.5 28 -0.0547656
-90 28 -0.300337
-89.5 28 -0.597527
-89 28 -0.944682
-88.5 28 -1.33849
-88 28 -1.7639
-87.5 28 -2.12382
-87 28 -2.40964
-86.5 28 -2.78268
-86 28 -3.28772
-85.5 28 -3.85652
-85 28 -4.2997
-84.5 28 -4.43066
-84 28 -4.40481
-83.5 28 -4.29646
-83 28 -4.14095
-82.5 28 -3.96355
-82 28 -3.77639
-81.5 28 -3.5777
-81 28 -3.36447
-119 28.5 0.610925
-118.5 28.5 0.509274
-118 28.5 0.503644
-117.5 28.5 0.684578
-117 28.5 0.552133
-116.5 28.5 0.184831
-116 28.5 -0.207152
-115.5 28.5 -0.523338
-115 28.5 -0.713739
-114.5 28.5 -0.944694
-114 28.5 -1.22012
-113.5 28.5 -1.53279
-113 28.5 -1.92184
-112.5 28.5 -2.426
-112 28.5 -2.94168
-111.5 28.5 -3.3878
-111 28.5 -3.74835
-110.5 28.5 -3.9417
-110 28.5 -3.92762
-109.5 28.5 -3.84247
-109 28.5 -3.80794
-108.5 28.5 -3.75572
-108 28.5 -3.44474
-107.5 28.5 -2.60867
-107 28.5 -1.90431
-106.5 28.5 -1.5727
-106 28.5 -1.44856
-105.5 28.5 -1.48021
-105 28.5 -1.66171
-104.5 28.5 -1.82356
-104 28.5 -1.86533
-103.5 28.5 -1.83035
-103 28.5 -1.82526
-102.5 28.5 -1.93722
-102 28.5 -2.06179
-101.5 28.5 -2.09978
-101 28.5 -2.0493
-100.5 28.5 -1.8615
-100 28.5 -1.45682
-99.5 28.5 -1.03217
-99 28.5 -0.82911
-98.5 28.5 -0.799098
-98 28.5 -0.803387
-97.5 28.5 -0.666115
-97 28.5 -0.473413
-96.5 28.5 -0.407697
-96 28.5 -0.382773
-95.5 28.5 -0.370711
-95 28.5 -0.385258
-94.5 28.5 -0.411465
-94 28.5 -0.394743
-93.5 28.5 -0.360596
-93 28.5 -0.30058
-92.5 28.5 -0.183835
-92 28.5 -0.0519635
-91.5 28.5 -0.0077216
-91 28.5 -0.0601086
-90.5 28.5 -0.239765
-90 28.5 -0.559054
-89.5 28.5 -0.998456
-89 28.5 -1.42257
-88.5 28.5 -1.87045
-88 28.5 -2.28838
-87.5 28.5 -2.56988
-87 28.5 -2.76764
-86.5 28.5 -3.12568
-86 28.5 -3.59243
-85.5 28.5 -4.01194
-85 28.5 -4.13921
-84.5 28.5 -3.91987
-84 28.5 -3.80355
-83.5 28.5 -3.70459
-83 28.5 -3.5858
-82.5 28.5 -3.44495
-82 28.5 -3.28974
-81.5 28.5 -3.11349
-81 28.5 -2.91277
-119 29 0.35356
-118.5 29 0.12453
-118 29 -0.0614192
-117.5 29 0.150395
-117 29 0.355598
-116.5 29 0.118089
-116 29 -0.211721
-115.5 29 -0.512137
-115 29 -0.649515
-114.5 29 -0.751407
-114 29 -0.979271
-113.5 29 -1.26108
-113 29 -1.61192
-112.5 29 -2.10748
-112 29 -2.65593
-111.5 29 -3.16506
-111 29 -3.57348
-110.5 29 -3.90983
-110 29 -3.99741
-109.5 29 -4.00385
-109 29 -4.17425
-108.5 29 -4.35523
-108 29 -4.30333
-107.5 29 -3.35335
-107 29 -2.2341
-106.5 29 -1.83291
-106 29 -1.65567
-105.5 29 -1.60598
-105 29 -1.76499
-104.5 29 -1.92645
-104 29 -1.90671
-103.5 29 -1.83526
-103 29 -1.7718
-102.5 29 -1.91393
-102 29 -2.11323
-101.5 29 -2.15485
-101 29 -2.11698
-100.5 29 -1.96379
-100 29 -1.4553
-99.5 29 -0.953665
-99 29 -0.846863
-98.5 29 -0.896576
-98 29 -0.925762
-97.5 29 -0.611072
-97 29 -0.272856
-96.5 29 -0.23225
-96 29 -0.244608
-95.5 29 -0.27729
-95 29 -0.387897
-94.5 29 -0.487757
-94 29 -0.495876
-93.5 29 -0.474399
-93 29 -0.416249
-92.5 29 -0.265965
-92 29 -0.14011
-91.5 29 -0.137679
-91 29 -0.238958
-90.5 29 -0.46251
-90 29 -0.91134
-89.5 29 -1.41756
-89 29 -1.82987
-88.5 29 -2.24796
-88 29 -2.60387
-87.5 29 -2.71745
-87 29 -2.82837
-86.5 29 -3.18549
-86 29 -3.56515
-85.5 29 -3.79095
-85 29 -3.48697
-84.5 29 -3.09859
-84 29 -3.02979
-83.5 29 -3.00279
-83 29 -2.95573
-82.5 29 -2.87599
-82 29 -2.76166
-81.5 29 -2.61789
-81 29 -2.44159
-119 29.5 0.186218
-118.5 29.5 -0.12203
-118 29.5 -0.378537
-117.5 29.5 -0.428041
-117 29.5 -0.190255
-116.5 29.5 -0.190937
-116 29.5 -0.337188
-115.5 29.5 -0.527789
-115 29.5 -0.667713
-114.5 29.5 -0.716723
-114 29.5 -0.849806
-113.5 29.5 -1.06019
-113 29.5 -1.36172
-112.5 29.5 -1.78028
-112 29.5 -2.30917
-111.5 29.5 -2.80768
-111 29.5 -3.32976
-110.5 29.5 -3.75131
-110 29.5 -4.03562
-109.5 29.5 -4.18434
-109 29.5 -4.39391
-108.5 29.5 -4.63852
-108 29.5 -4.64112
-107.5 29.5 -4.0808
-107 29.5 -3.10234
-106.5 29.5 -2.50121
-106 29.5 -2.13327
-105.5 29.5 -1.96218
-105 29.5 -1.95423
-104.5 29.5 -2.01528
-104 29.5 -1.9786
-103.5 29.5 -1.86663
-103 29.5 -1.80455
-102.5 29.5 -1.86865
-102 29.5 -1.98815
-101.5 29.5 -2.03391
-101 29.5 -2.00511
-100.5 29.5 -1.82299
-100 29.5 -1.42716
-99.5 29.5 -1.04524
-99 29.5 -0.914116
-98.5 29.5 -0.910035
-98 29.5 -0.851049
-97.5 29.5 -0.583297
-97 29.5 -0.333962
-96.5 29.5 -0.251668
-96 29.5 -0.252537
-95.5 29.5 -0.314129
-95 29.5 -0.430579
-94.5 29.5 -0.524046
-94 29.5 -0.551723
-93.5 29.5 -0.530715
-93 29.5 -0.466242
-92.5 29.5 -0.355504
-92 29.5 -0.288615
-91.5 29.5 -0.329408
-91 29.5 -0.489211
-90.5 29.5 -0.782242
-90 29.5 -1.23244
-89.5 29.5 -1.65963
-89 29.5 -2.05635
-88.5 29.5 -2.40606
-88 29.5 -2.63502
-87.5 29.5 -2.69011
-87 29.5 -2.85277
-86.5 29.5 -3.07095
-86 29.5 -3.20648
-85.5 29.5 -3.14162
-85 29.5 -2.74987
-84.5 29.5 -2.46709
-84 29.5 -2.39966
-83.5 29.5 -2.39978
-83 29.5 -2.36254
-82.5 29.5 -2.29582
-82 29.5 -2.21344
-81.5 29.5 -2.10781
-81 29.5 -1.95899
-119 30 0.0323264
-118.5 30 -0.221578
-118 30 -0.51095
-117.5 30 -0.674804
-117 30 -0.593207
-116.5 30 -0.521953
-116 30 -0.520762
-115.5 30 -0.56638
-115 30 -0.61678
-114.5 30 -0.644827
-114 30 -0.723633
-113.5 30 -0.8749
-113 30 -1.12885
-112.5 30 -1.45552
-112 30 -1.92736
-111.5 30 -2.45944
-111 30 -2.98241
-110.5 30 -3.53737
-110 30 -4.01693
-109.5 30 -4.34253
-109 30 -4.59643
-108.5 30 -4.75079
-108 30 -4.74778
-107.5 30 -4.42261
-107 30 -3.75565
-106.5 30 -3.15455
-106 30 -2.73218
-105.5 30 -2.43103
-105 30 -2.26683
-104.5 30 -2.14988
-104 30 -2.01443
-103.5 30 -1.9252
-103 30 -1.85467
-102.5 30 -1.80659
-102 30 -1.81713
-101.5 30 -1.83194
-101 30 -1.76945
-100.5 30 -1.61213
-100 30 -1.35262
-99.5 30 -1.11276
-99 30 -0.995828
-98.5 30 -0.937517
-98 30 -0.837694
-97.5 30 -0.648681
-97 30 -0.453663
-96.5 30 -0.349117
-96 30 -0.344946
-95.5 30 -0.399479
-95 30 -0.490678
-94.5 30 -0.561054
-94 30 -0.587678
-93.5 30 -0.58436
-93 30 -0.547342
-92.5 30 -0.481215
-92 30 -0.460505
-91.5 30 -0.537787
-91 30 -0.713415
-90.5 30 -1.00575
-90 30 -1.38338
-89.5 30 -1.79081
-89 30 -2.16469
-88.5 30 -2.44279
-88 30 -2.59975
-87.5 30 -2.69371
-87 30 -2.77918
-86.5 30 -2.83833
-86 30 -2.85277
-85.5 30 -2.71369
-85 30 -2.35158
-84.5 30 -2.08526
-84 30 -1.96895
-83.5 30 -1.85956
-83 30 -1.75645
-82.5 30 -1.67821
-82 30 -1.63533
-81.5 30 -1.5768
-81 30 -1.4705
-119 30.5 -0.0664038
-118.5 30.5 -0.293545
-118 30.5 -0.592944
-117.5 30.5 -0.882716
-117 30.5 -0.917742
-116.5 30.5 -0.81727
-116 30.5 -0.706129
-115.5 30.5 -0.626936
-115 30.5 -0.565533
-114.5 30.5 -0.539029
-114 30.5 -0.570809
-113.5 30.5 -0.679268
-113 30.5 -0.836517
-112.5 30.5 -1.13894
-112 30.5 -1.51144
-111.5 30.5 -1.98479
-111 30.5 -2.53753
-110.5 30.5 -3.21528
-110 30.5 -4.01195
-109.5 30.5 -4.5078
-109 30.5 -4.75024
-108.5 30.5 -4.83106
-108 30.5 -4.81211
-107.5 30.5 -4.64471
-107 30.5 -4.2571
-106.5 30.5 -3.7889
-106 30.5 -3.35076
-105.5 30.5 -2.96632
-105 30.5 -2.57086
-104.5 30.5 -2.26949
-104 30.5 -2.09968
-103.5 30.5 -2.00111
-103 30.5 -1.88578
-102.5 30.5 -1.72582
-102 30.5 -1.5979
-101.5 30.5 -1.5086
-101 30.5 -1.42523
-100.5 30.5 -1.33097
-100 30.5 -1.24
-99.5 30.5 -1.16078
-99 30.5 -1.08901
-98.5 30.5 -1.01589
-98 30.5 -0.908373
-97.5 30.5 -0.749527
-97 30.5 -0.592651
-96.5 30.5 -0.498023
-96 30.5 -0.472841
-95.5 30.5 -0.509464
-95 30.5 -0.566139
-94.5 30.5 -0.612449
-94 30.5 -0.648731
-93.5 30.5 -0.665867
-93 30.5 -0.654625
-92.5 30.5 -0.62284
-92 30.5 -0.622814
-91.5 30.5 -0.691481
-91 30.5 -0.850472
-90.5 30.5 -1.10626
-90 30.5 -1.46097
-89.5 30.5 -1.85835
-89 30.5 -2.18432
-88.5 30.5 -2.40239
-88 30.5 -2.53113
-87.5 30.5 -2.59583
-87 30.5 -2.62692
-86.5 30.5 -2.66511
-86 30.5 -2.6393
-85.5 30.5 -2.45817
-85 30.5 -2.13003
-84.5 30.5 -1.80311
-84 30.5 -1.52282
-83.5 30.5 -1.29965
-83 30.5 -1.12152
-82.5 30.5 -1.04726
-82 30.5 -1.08085
-81.5 30.5 -1.08727
-81 30.5 -1.02702
-119 31 -0.117185
-118.5 31 -0.242707
-118 31 -0.501376
-117.5 31 -0.940211
-117 31 -1.05693
-116.5 31 -0.959991
-116 31 -0.794616
-115.5 31 -0.635425
-115 31 -0.498478
-114.5 31 -0.411533
-114 31 -0.394165
-113.5 31 -0.442828
-113 31 -0.568654
-112.5 31 -0.752534
-112 31 -1.03817
-111.5 31 -1.3762
-111 31 -1.83235
-110.5 31 -2.56762
-110 31 -3.71554
-109.5 31 -4.43899
-109 31 -4.6694
-108.5 31 -4.70588
-108 31 -4.68932
-107.5 31 -4.72905
-107 31 -4.59074
-106.5 31 -4.29845
-106 31 -3.9364
-105.5 31 -3.49431
-105 31 -2.90631
-104.5 31 -2.43087
-104 31 -2.21083
-103.5 31 -2.12027
-103 31 -1.97273
-102.5 31 -1.62074
-102 31 -1.29171
-101.5 31 -1.11831
-101 31 -1.02169
-100.5 31 -0.999703
-100 31 -1.10951
-99.5 31 -1.22031
-99 31 -1.21216
-98.5 31 -1.14143
-98 31 -1.0255
-97.5 31 -0.882153
-97 31 -0.747405
-96.5 31 -0.655415
-96 31 -0.626029
-95.5 31 -0.641286
-95 31 -0.668812
-94.5 31 -0.702026
-94 31 -0.739845
-93.5 31 -0.769112
-93 31 -0.76765
-92.5 31 -0.737562
-92 31 -0.716707
-91.5 31 -0.772358
-91 31 -0.915872
-90.5 31 -1.16017
-90 31 -1.51104
-89.5 31 -1.90144
-89 31 -2.17918
-88.5 31 -2.34079
-88 31 -2.4244
-87.5 31 -2.46771
-87 31 -2.5255
-86.5 31 -2.53446
-86 31 -2.46018
-85.5 31 -2.24126
-85 31 -1.87111
-84.5 31 -1.37721
-84 31 -1.01764
-83.5 31 -0.726003
-83 31 -0.538732
-82.5 31 -0.522037
-82 31 -0.677201
-81.5 31 -0.728976
-81 31 -0.685614
-119 31.5 -0.0980209
-118.5 31.5 -0.0610233
-118 31.5 -0.105138
-117.5 31.5 -0.493639
-117 31.5 -0.854104
-116.5 31.5 -0.841412
-116 31.5 -0.722497
-115.5 31.5 -0.563917
-115 31.5 -0.395269
-114.5 31.5 -0.261798
-114 31.5 -0.20671
-113.5 31.5 -0.209076
-113 31.5 -0.274574
-112.5 31.5 -0.377062
-112 31.5 -0.511205
-111.5 31.5 -0.665924
-111 31.5 -0.899148
-110.5 31.5 -1.36763
-110 31.5 -2.60075
-109.5 31.5 -3.7792
-109 31.5 -4.14451
-108.5 31.5 -4.19788
-108 31.5 -4.22468
-107.5 31.5 -4.45205
-107 31.5 -4.65029
-106.5 31.5 -4.56189
-106 31.5 -4.3598
-105.5 31.5 -4.00945
-105 31.5 -3.31931
-104.5 31.5 -2.65019
-104 31.5 -2.39596
-103.5 31.5 -2.28284
-103 31.5 -2.10961
-102.5 31.5 -1.57326
-102 31.5 -1.00485
-101.5 31.5 -0.765016
-101 31.5 -0.658344
-100.5 31.5 -0.684478
-100 31.5 -0.990157
-99.5 31.5 -1.30488
-99 31.5 -1.34376
-98.5 31.5 -1.27264
-98 31.5 -1.15369
-97.5 31.5 -1.03128
-97 31.5 -0.91433
-96.5 31.5 -0.831336
-96 31.5 -0.802102
-95.5 31.5 -0.792349
-95 31.5 -0.79744
-94.5 31.5 -0.823465
-94 31.5 -0.835815
-93.5 31.5 -0.846493
-93 31.5 -0.846115
-92.5 31.5 -0.792506
-92 31.5 -0.756362
-91.5 31.5 -0.826264
-91 31.5 -0.977772
-90.5 31.5 -1.22428
-90 31.5 -1.60503
-89.5 31.5 -1.96528
-89 31.5 -2.17723
-88.5 31.5 -2.2848
-88 31.5 -2.32978
-87.5 31.5 -2.3862
-87 31.5 -2.41352
-86.5 31.5 -2.34166
-86 31.5 -2.17199
-85.5 31.5 -1.86513
-85 31.5 -1.32163
-84.5 31.5 -0.803986
-84 31.5 -0.479724
-83.5 31.5 -0.252367
-83 31.5 -0.164062
-82.5 31.5 -0.323898
-82 31.5 -0.511104
-81.5 31.5 -0.520922
-81 31.5 -0.45506
-119 32 -0.125133
-118.5 32 0.00988879
-118 32 0.100519
-117.5 32 0.00191411
-117 32 -0.36864
-116.5 32 -0.516557
-116 32 -0.502441
-115.5 32 -0.39893
-115 32 -0.248854
-114.5 32 -0.10165
-114 32 -0.00947139
-113.5 32 0.0281295
-113 32 0.0201056
-112.5 32 -0.0163075
-112 32 -0.0370985
-111.5 32 -0.0629926
-111 32 -0.176125
-110.5 32 -0.52335
-110 32 -1.32883
-109.5 32 -2.49005
-109 32 -3.13086
-108.5 32 -3.46487
-108 32 -3.68346
-107.5 32 -3.98766
-107 32 -4.35647
-106.5 32 -4.51534
-106 32 -4.47323
-105.5 32 -4.20988
-105 32 -3.66669
-104.5 32 -3.02962
-104 32 -2.63415
-103.5 32 -2.37151
-103 32 -2.06722
-102.5 32 -1.5508
-102 32 -0.955768
-101.5 32 -0.596055
-101 32 -0.462776
-100.5 32 -0.563665
-100 32 -0.910864
-99.5 32 -1.26425
-99 32 -1.40475
-98.5 32 -1.38801
-98 32 -1.28864
-97.5 32 -1.16871
-97 32 -1.06814
-96.5 32 -1.00887
-96 32 -0.985608
-95.5 32 -0.965813
-95 32 -0.947817
-94.5 32 -0.919516
-94 32 -0.901855
-93.5 32 -0.89212
-93 32 -0.860906
-92.5 32 -0.803646
-92 32 -0.799726
-91.5 32 -0.8842
-91 32 -1.06184
-90.5 32 -1.33444
-90 32 -1.67366
-89.5 32 -1.96772
-89 32 -2.12884
-88.5 32 -2.19869
-88 32 -2.24353
-87.5 32 -2.27393
-87 32 -2.20655
-86.5 32 -2.03242
-86 32 -1.73513
-85.5 32 -1.3001
-85 32 -0.75156
-84.5 32 -0.340115
-84 32 -0.0902944
-83.5 32 0.0161469
-83 32 -0.0188056
-82.5 32 -0.214739
-82 32 -0.314333
-81.5 32 -0.322455
-81 32 -0.263988
-119 32.5 -0.197483
-118.5 32.5 -0.0558377
-118 32.5 0.0741871
-117.5 32.5 0.0827968
-117 32.5 -0.109337
-116.5 32.5 -0.257498
-116 32.5 -0.287869
-115.5 32.5 -0.212935
-115 32.5 -0.0713682
-114.5 32.5 0.0733564
-114 32.5 0.18331
-113.5 32.5 0.246364
-113 32.5 0.280066
-112.5 32.5 0.296701
-112 32.5 0.331207
-111.5 32.5 0.357347
-111 32.5 0.291277
-110.5 32.5 -0.00140118
-110 32.5 -0.597115
-109.5 32.5 -1.47798
-109 32.5 -2.19281
-108.5 32.5 -2.67603
-108 32.5 -3.10383
-107.5 32.5 -3.59956
-107 32.5 -4.07907
-106.5 32.5 -4.36746
-106 32.5 -4.42491
-105.5 32.5 -4.23344
-105 32.5 -3.79671
-104.5 32.5 -3.24312
-104 32.5 -2.79164
-103.5 32.5 -2.40853
-103 32.5 -1.98498
-102.5 32.5 -1.44883
-102 32.5 -0.883184
-101.5 32.5 -0.472648
-101 32.5 -0.318204
-100.5 32.5 -0.466118
-100 32.5 -0.855615
-99.5 32.5 -1.26356
-99 32.5 -1.48738
-98.5 32.5 -1.49759
-98 32.5 -1.38875
-97.5 32.5 -1.28467
-97 32.5 -1.22675
-96.5 32.5 -1.20606
-96 32.5 -1.19754
-95.5 32.5 -1.16646
-95 32.5 -1.08603
-94.5 32.5 -1.00797
-94 32.5 -0.960227
-93.5 32.5 -0.893958
-93 32.5 -0.825883
-92.5 32.5 -0.783382
-92 32.5 -0.816795
-91.5 32.5 -0.929215
-91 32.5 -1.1203
-90.5 32.5 -1.36339
-90 32.5 -1.65963
-89.5 32.5 -1.8749
-89 32.5 -1.9862
-88.5 32.5 -2.0789
-88 32.5 -2.13102
-87.5 32.5 -2.0999
-87 32.5 -1.93603
-86.5 32.5 -1.66181
-86 32.5 -1.28948
-85.5 32.5 -0.848406
-85 32.5 -0.370253
-84.5 32.5 -0.030008
-84 32.5 0.153078
-83.5 32.5 0.239157
-83 32.5 0.203864
-82.5 32.5 0.0606718
-82 32.5 -0.0647552
-81.5 32.5 -0.117309
-81 32.5 -0.103663
-119 33 -0.318123
-118.5 33 -0.187118
-118 33 -0.0513404
-117.5 33 0.0359192
-117 33 -0.0538681
-116.5 33 -0.172817
-116 33 -0.212153
-115.5 33 -0.132701
-115 33 0.0414024
-114.5 33 0.199604
-114 33 0.327918
-113.5 33 0.41776
-113 33 0.475474
-112.5 33 0.517342
-112 33 0.579784
-111.5 33 0.623771
-111 33 0.57379
-110.5 33 0.374304
-110 33 -0.0855946
-109.5 33 -0.727564
-109 33 -1.35629
-108.5 33 -1.91337
-108 33 -2.5053
-107.5 33 -3.21252
-107 33 -3.80876
-106.5 33 -4.17923
-106 33 -4.29807
-105.5 33 -4.16438
-105 33 -3.80405
-104.5 33 -3.33748
-104 33 -2.86283
-103.5 33 -2.39755
-103 33 -1.89935
-102.5 33 -1.33158
-102 33 -0.759293
-101.5 33 -0.329343
-101 33 -0.154259
-100.5 33 -0.320815
-100 33 -0.828909
-99.5 33 -1.37378
-99 33 -1.62438
-98.5 33 -1.60535
-98 33 -1.47726
-97.5 33 -1.39671
-97 33 -1.39481
-96.5 33 -1.41279
-96 33 -1.40315
-95.5 33 -1.32508
-95 33 -1.19562
-94.5 33 -1.05377
-94 33 -0.925073
-93.5 33 -0.809918
-93 33 -0.728716
-92.5 33 -0.723913
-92 33 -0.816177
-91.5 33 -0.953143
-91 33 -1.12318
-90.5 33 -1.34002
-90 33 -1.55555
-89.5 33 -1.70464
-89 33 -1.8354
-88.5 33 -1.94269
-88 33 -1.97824
-87.5 33 -1.8692
-87 33 -1.5826
-86.5 33 -1.23065
-86 33 -0.850214
-85.5 33 -0.448352
-85 33 -0.0800586
-84.5 33 0.193977
-84 33 0.384802
-83.5 33 0.474552
-83 33 0.455306
-82.5 33 0.3262
-82 33 0.153012
-81.5 33 0.0416508
-81 33 0.0104103
-119 33.5 -0.442244
-118.5 33.5 -0.400691
-118 33.5 -0.308513
-117.5 33.5 -0.137722
-117 33.5 -0.169337
-116.5 33.5 -0.274694
-116 33.5 -0.312496
-115.5 33.5 -0.224362
-115 33.5 0.0179074
-114.5 33.5 0.207691
-114 33.5 0.353443
-113.5 33.5 0.496675
-113 33.5 0.598812
-112.5 33.5 0.641365
-112 33.5 0.712451
-111.5 33.5 0.763716
-111 33.5 0.74132
-110.5 33.5 0.589758
-110 33.5 0.32292
-109.5 33.5 -0.145281
-109 33.5 -0.648969
-108.5 33.5 -1.15114
-108 33.5 -1.7945
-107.5 33.5 -2.74011
-107 33.5 -3.4722
-106.5 33.5 -3.89065
-106 33.5 -4.07942
-105.5 33.5 -4.02233
-105 33.5 -3.7224
-104.5 33.5 -3.31462
-104 33.5 -2.86529
-103.5 33.5 -2.38216
-103 33.5 -1.83443
-102.5 33.5 -1.22478
-102 33.5 -0.623492
-101.5 33.5 -0.152262
-101 33.5 0.0628084
-100.5 33.5 -0.117336
-100 33.5 -0.841331
-99.5 33.5 -1.57239
-99 33.5 -1.82443
-98.5 33.5 -1.71965
-98 33.5 -1.54268
-97.5 33.5 -1.4935
-97 33.5 -1.52004
-96.5 33.5 -1.5488
-96 33.5 -1.5222
-95.5 33.5 -1.42972
-95 33.5 -1.24726
-94.5 33.5 -0.984562
-94 33.5 -0.807363
-93.5 33.5 -0.67394
-93 33.5 -0.607844
-92.5 33.5 -0.662552
-92 33.5 -0.820773
-91.5 33.5 -0.95616
-91 33.5 -1.09683
-90.5 33.5 -1.25231
-90 33.5 -1.39393
-89.5 33.5 -1.52793
-89 33.5 -1.64466
-88.5 33.5 -1.73301
-88 33.5 -1.72398
-87.5 33.5 -1.52357
-87 33.5 -1.10632
-86.5 33.5 -0.74466
-86 33.5 -0.403567
-85.5 33.5 -0.0912815
-85 33.5 0.179741
-84.5 33.5 0.438366
-84 33.5 0.587715
-83.5 33.5 0.668594
-83 33.5 0.643258
-82.5 33.5 0.491899
-82 33.5 0.249167
-81.5 33.5 0.105204
-81 33.5 0.0527326
-119 34 -0.630182
-118.5 34 -0.637856
-118 34 -0.662357
-117.5 34 -0.554271
-117 34 -0.443618
-116.5 34 -0.46229
-116 34 -0.50475
-115.5 34 -0.461702
-115 34 -0.230294
-114.5 34 0.050167
-114 34 0.275433
-113.5 34 0.441386
-113 34 0.604203
-112.5 34 0.697645
-112 34 0.739936
-111.5 34 0.791942
-111 34 0.768419
-110.5 34 0.655263
-110 34 0.493831
-109.5 34 0.245232
-109 34 -0.101934
-108.5 34 -0.44926
-108 34 -0.923068
-107.5 34 -1.91235
-107 34 -2.92391
-106.5 34 -3.45099
-106 34 -3.71466
-105.5 34 -3.79617
-105 34 -3.5956
-104.5 34 -3.2277
-104 34 -2.83385
-103.5 34 -2.29508
-103 34 -1.7589
-102.5 34 -1.1639
-102 34 -0.541579
-101.5 34 -0.0106653
-101 34 0.316732
-100.5 34 0.101443
-100 34 -0.894346
-99.5 34 -1.87718
-99 34 -1.96789
-98.5 34 -1.74499
-98 34 -1.64318
-97.5 34 -1.63446
-97 34 -1.65157
-96.5 34 -1.62727
-96 34 -1.56872
-95.5 34 -1.48154
-95 34 -1.16062
-94.5 34 -0.812266
-94 34 -0.667222
-93.5 34 -0.569105
-93 34 -0.542339
-92.5 34 -0.681591
-92 34 -0.858986
-91.5 34 -0.941051
-91 34 -1.02813
-90.5 34 -1.12718
-90 34 -1.23333
-89.5 34 -1.32296
-89 34 -1.38325
-88.5 34 -1.40429
-88 34 -1.30987
-87.5 34 -0.935682
-87 34 -0.520265
-86.5 34 -0.229034
-86 34 0.0193253
-85.5 34 0.238575
-85 34 0.471453
-84.5 34 0.632943
-84 34 0.742422
-83.5 34 0.747534
-83 34 0.632944
-82.5 34 0.386842
-82 34 0.148882
-81.5 34 0.0364482
-81 34 -0.00680648
-119 34.5 -0.625712
-118.5 34.5 -0.735848
-118 34.5 -0.865249
-117.5 34.5 -0.960939
-117 34.5 -0.822024
-116.5 34.5 -0.757737
-116 34.5 -0.701746
-115.5 34.5 -0.634189
-115 34.5 -0.482449
-114.5 34.5 -0.160708
-114 34.5 0.0581683
-113.5 34.5 0.288846
-113 34.5 0.497185
-112.5 34.5 0.67507
-112 34.5 0.758177
-111.5 34.5 0.77654
-111 34.5 0.762687
-110.5 34.5 0.684215
-110 34.5 0.562049
-109.5 34.5 0.422076
-109 34.5 0.231686
-108.5 34.5 -0.0368734
-108 34.5 -0.430278
-107.5 34.5 -1.1335
-107 34.5 -2.12445
-106.5 34.5 -2.80586
-106 34.5 -3.24279
-105.5 34.5 -3.44411
-105 34.5 -3.43611
-104.5 34.5 -3.14718
-104 34.5 -2.69376
-103.5 34.5 -2.32624
-103 34.5 -1.76291
-102.5 34.5 -1.17807
-102 34.5 -0.522348
-101.5 34.5 0.0349048
-101 34.5 0.136886
-100.5 34.5 -0.115197
-100 34.5 -1.02795
-99.5 34.5 -1.67061
-99 34.5 -1.85894
-98.5 34.5 -1.961
-98 34.5 -1.74852
-97.5 34.5 -1.59709
-97 34.5 -1.55164
-96.5 34.5 -1.50212
-96 34.5 -1.41632
-95.5 34.5 -1.24914
-95 34.5 -0.945585
-94.5 34.5 -0.715722
-94 34.5 -0.592023
-93.5 34.5 -0.53034
-93 34.5 -0.560808
-92.5 34.5 -0.703542
-92 34.5 -0.79913
-91.5 34.5 -0.864941
-91 34.5 -0.934128
-90.5 34.5 -0.989733
-90 34.5 -1.04316
-89.5 34.5 -1.05811
-89 34.5 -1.06204
-88.5 34.5 -0.992882
-88 34.5 -0.762326
-87.5 34.5 -0.367871
-87 34.5 -0.0515605
-86.5 34.5 0.157467
-86 34.5 0.327303
-85.5 34.5 0.509516
-85 34.5 0.667656
-84.5 34.5 0.783162
-84 34.5 0.75542
-83.5 34.5 0.628239
-83 34.5 0.455329
-82.5 34.5 0.215838
-82 34.5 0.0477478
-81.5 34.5 -0.0592243
-81 34.5 -0.10823
-119 35 -0.579961
-118.5 35 -0.711539
-118 35 -1.01828
-117.5 35 -1.2979
-117 35 -1.2853
-116.5 35 -1.1511
-116 35 -0.970378
-115.5 35 -0.756011
-115 35 -0.511779
-114.5 35 -0.247728
-114 35 -0.03478
-113.5 35 0.166407
-113 35 0.441632
-112.5 35 0.714317
-112 35 0.847342
-111.5 35 0.868213
-111 35 0.830866
-110.5 35 0.78772
-110 35 0.725192
-109.5 35 0.615616
-109 35 0.443672
-108.5 35 0.212566
-108 35 -0.190374
-107.5 35 -0.799805
-107 35 -1.60637
-106.5 35 -2.29939
-106 35 -2.79663
-105.5 35 -3.13452
-105 35 -3.19985
-104.5 35 -3.11984
-104 35 -2.8741
-103.5 35 -2.2917
-103 35 -1.80199
-102.5 35 -1.25296
-102 35 -0.793202
-101.5 35 -0.445644
-101 35 -0.0855904
-100.5 35 -0.302209
-100 35 -0.83234
-99.5 35 -1.70973
-99 35 -2.23528
-98.5 35 -1.81663
-98 35 -1.3035
-97.5 35 -1.04656
-97 35 -1.09731
-96.5 35 -1.15056
-96 35 -1.05063
-95.5 35 -0.873494
-95 35 -0.673213
-94.5 35 -0.547801
-94 35 -0.4772
-93.5 35 -0.470252
-93 35 -0.532417
-92.5 35 -0.626724
-92 35 -0.706038
-91.5 35 -0.769292
-91 35 -0.78949
-90.5 35 -0.795188
-90 35 -0.783582
-89.5 35 -0.782319
-89 35 -0.750269
-88.5 35 -0.608046
-88 35 -0.354551
-87.5 35 -0.00762213
-87 35 0.227546
-86.5 35 0.369201
-86 35 0.5374
-85.5 35 0.6909
-85 35 0.83629
-84.5 35 0.801753
-84 35 0.649174
-83.5 35 0.548074
-83 35 0.438548
-82.5 35 0.267885
-82 35 0.0747289
-81.5 35 -0.0870479
-81 35 -0.181617
-119 35.5 -0.490144
-118.5 35.5 -0.739827
-118 35.5 -1.20711
-117.5 35.5 -1.71193
-117 35.5 -1.78046
-116.5 35.5 -1.54587
-116 35.5 -1.20864
-115.5 35.5 -0.852404
-115 35.5 -0.450169
-114.5 35.5 -0.234904
-114 35.5 -0.0458692
-113.5 35.5 0.167977
-113 35.5 0.479352
-112.5 35.5 0.873156
-112 35.5 1.01573
-111.5 35.5 1.01673
-111 35.5 0.964343
-110.5 35.5 0.940562
-110 35.5 0.927254
-109.5 35.5 0.839704
-109 35.5 0.65709
-108.5 35.5 0.378949
-108 35.5 -0.0165504
-107.5 35.5 -0.623268
-107 35.5 -1.29002
-106.5 35.5 -1.90892
-106 35.5 -2.42608
-105.5 35.5 -2.79203
-105 35.5 -3.17504
-104.5 35.5 -3.17935
-104 35.5 -2.85894
-103.5 35.5 -2.30877
-103 35.5 -1.73066
-102.5 35.5 -1.65677
-97.5 35.5 -0.154168
-97 35.5 -0.64713
-96.5 35.5 -0.820795
-96 35.5 -0.691435
-95.5 35.5 -0.484276
-95 35.5 -0.357389
-94.5 35.5 -0.35111
-94 35.5 -0.375592
-93.5 35.5 -0.422806
-93 35.5 -0.492547
-92.5 35.5 -0.565119
-92 35.5 -0.619009
-91.5 35.5 -0.62519
-91 35.5 -0.601231
-90.5 35.5 -0.554011
-90 35.5 -0.526423
-89.5 35.5 -0.527185
-89 35.5 -0.454494
-88.5 35.5 -0.291753
-88 35.5 -0.036257
-87.5 35.5 0.224209
-87 35.5 0.36017
-86.5 35.5 0.518063
-86 35.5 0.686046
-85.5 35.5 0.850017
-85 35.5 0.893168
-84.5 35.5 0.710629
-84 35.5 0.602866
-83.5 35.5 0.560878
-83 35.5 0.531169
-82.5 35.5 0.401895
-82 35.5 0.112149
-81.5 35.5 -0.133361
-81 35.5 -0.282063
-119 36 -0.291235
-118.5 36 -0.508642
-118 36 -0.983693
-117.5 36 -1.74919
-117 36 -1.806
-116.5 36 -1.58638
-116 36 -1.2685
-115.5 36 -0.877559
-115 36 -0.445791
-114.5 36 -0.203236
-114 36 -0.0787343
-113.5 36 0.0626714
-113 36 0.352983
-112.5 36 0.861821
-112 36 1.02904
-111.5 36 1.0015
-111 36 0.940178
-110.5 36 0.928967
-110 36 1.01199
-109.5 36 0.951922
-109 36 0.789928
-108.5 36 0.538328
-108 36 0.138841
-107.5 36 -0.423118
-107 36 -1.01252
-106.5 36 -1.53519
-106 36 -1.96986
-105.5 36 -2.43917
-105 36 -2.98064
-104.5 36 -3.15416
-104 36 -2.72537
-103.5 36 -1.92838
-96.5 36 -0.923875
-96 36 -0.586487
-95.5 36 -0.25555
-95 36 -0.162755
-94.5 36 -0.288179
-94 36 -0.357415
-93.5 36 -0.41871
-93 36 -0.473923
-92.5 36 -0.517103
-92 36 -0.504647
-91.5 36 -0.474963
-91 36 -0.409753
-90.5 36 -0.344649
-90 36 -0.319401
-89.5 36 -0.323088
-89 36 -0.24488
-88.5 36 -0.0720001
-88 36 0.144531
-87.5 36 0.308526
-87 36 0.398502
-86.5 36 0.534344
-86 36 0.689424
-85.5 36 0.80219
-85 36 0.756285
-84.5 36 0.540081
-84 36 0.444545
-83.5 36 0.465777
-83 36 0.467729
-82.5 36 0.327064
-82 36 -0.087454
-81.5 36 -0.356875
-81 36 -0.501193
-119 36.5 0.0968572
-118.5 36.5 0.135545
-118 36.5 0.0503329
-117.5 36.5 -0.483032
-117 36.5 -1.00263
-116.5 36.5 -1.0877
-116 36.5 -1.05156
-115.5 36.5 -0.934336
-115 36.5 -0.650099
-114.5 36.5 -0.355758
-114 36.5 -0.276358
-113.5 36.5 -0.248485
-113 36.5 -0.186269
-112.5 36.5 0.186695
-112 36.5 0.586746
-111.5 36.5 0.655235
-111 36.5 0.631375
-110.5 36.5 0.616978
-110 36.5 0.725606
-109.5 36.5 0.827516
-109 36.5 0.779192
-108.5 36.5 0.625573
-108 36.5 0.34129
-107.5 36.5 -0.127609
-107 36.5 -0.662346
-106.5 36.5 -1.08987
-106 36.5 -1.43347
-105.5 36.5 -1.74029
-105 36.5 -2.36655
-104.5 36.5 -2.79871
-95.5 36.5 -0.264774
-95 36.5 -0.262527
-94.5 36.5 -0.395124
-94 36.5 -0.403692
-93.5 36.5 -0.420197
-93 36.5 -0.440705
-92.5 36.5 -0.42763
-92 36.5 -0.390466
-91.5 36.5 -0.348105
-91 36.5 -0.282847
-90.5 36.5 -0.237942
-90 36.5 -0.246563
-89.5 36.5 -0.242373
-89 36.5 -0.137765
-88.5 36.5 0.00499956
-88 36.5 0.134707
-87.5 36.5 0.187309
-87 36.5 0.243006
-86.5 36.5 0.350566
-86 36.5 0.437492
-85.5 36.5 0.437051
-85 36.5 0.262095
-84.5 36.5 0.0875976
-84 36.5 0.0758368
-83.5 36.5 0.0902507
-83 36.5 0.00660395
-82.5 36.5 -0.319601
-82 36.5 -0.651425
-81.5 36.5 -0.776723
-81 36.5 -0.829221
-119 37 0.490357
-118.5 37 0.736992
-118 37 0.969986
-117.5 37 0.940633
-117 37 0.235581
-116.5 37 -0.251034
-116 37 -0.559435
-115.5 37 -0.750095
-115 37 -0.784391
-114.5 37 -0.576154
-114 37 -0.455582
-113.5 37 -0.484706
-113 37 -0.584332
-112.5 37 -0.570663
-112 37 -0.146067
-111.5 37 0.106422
-111 37 0.212754
-110.5 37 0.258747
-110 37 0.333843
-109.5 37 0.544669
-109 37 0.622687
-108.5 37 0.616167
-108 37 0.466992
-107.5 37 0.17264
-107 37 -0.266584
-106.5 37 -0.632962
-106 37 -0.955392
-105.5 37 -1.24091
-105 37 -1.64914
-95 37 -0.334372
-94.5 37 -0.351651
-94 37 -0.355812
-93.5 37 -0.363821
-93 37 -0.371402
-92.5 37 -0.353406
-92 37 -0.330572
-91.5 37 -0.28395
-91 37 -0.23071
-90.5 37 -0.208784
-90 37 -0.230808
-89.5 37 -0.184914
-89 37 -0.109375
-88.5 37 -0.0409895
-88 37 -0.00859881
-87.5 37 -0.0285483
-87 37 0.0131819
-86.5 37 0.0494916
-86 37 0.0316056
-85.5 37 -0.0929059
-85 37 -0.32178
-84.5 37 -0.390685
-84 37 -0.373455
-83.5 37 -0.426128
-83 37 -0.655946
-82.5 37 -1.04666
-82 37 -1.16889
-81.5 37 -1.17802
-81 37 -1.14577
-119 37.5 0.79735
-118.5 37.5 1.10052
-118 37.5 1.40966
-117.5 37.5 1.46847
-117 37.5 1.01791
-116.5 37.5 0.489727
-116 37.5 0.0257531
-115.5 37.5 -0.33396
-115 37.5 -0.534955
-114.5 37.5 -0.488457
-114 37.5 -0.425201
-113.5 37.5 -0.487913
-113 37.5 -0.651933
-112.5 37.5 -0.743449
-112 37.5 -0.513064
-111.5 37.5 -0.256364
-111 37.5 -0.0690127
-110.5 37.5 0.0518737
-110 37.5 0.181566
-109.5 37.5 0.376339
-109 37.5 0.526027
-108.5 37.5 0.589045
-108 37.5 0.567219
-107.5 37.5 0.390604
-107 37.5 0.0812506
-106.5 37.5 -0.253158
-106 37.5 -0.554582
-105.5 37.5 -0.874908
-94.5 37.5 -0.114597
-94 37.5 -0.193313
-93.5 37.5 -0.260015
-93 37.5 -0.317361
-92.5 37.5 -0.325486
-92 37.5 -0.287329
-91.5 37.5 -0.2197
-91 37.5 -0.165468
-90.5 37.5 -0.142749
-90 37.5 -0.143221
-89.5 37.5 -0.131946
-89 37.5 -0.118645
-88.5 37.5 -0.106495
-88 37.5 -0.122679
-87.5 37.5 -0.163573
-87 37.5 -0.187562
-86.5 37.5 -0.228418
-86 37.5 -0.318153
-85.5 37.5 -0.468854
-85 37.5 -0.659948
-84.5 37.5 -0.708763
-84 37.5 -0.717488
-83.5 37.5 -0.835562
-83 37.5 -1.09344
-82.5 37.5 -1.37893
-82 37.5 -1.46144
-81.5 37.5 -1.4285
-81 37.5 -1.35675
-119 38 1.0215
-118.5 38 1.32638
-118 38 1.64172
-117.5 38 1.77989
-117 38 1.5226
-116.5 38 1.08669
-116 38 0.614826
-115.5 38 0.196436
-115 38 -0.125656
-114.5 38 -0.147539
-114 38 -0.147058
-113.5 38 -0.255301
-113 38 -0.461201
-112.5 38 -0.63539
-112 38 -0.493815
-111.5 38 -0.249091
-111 38 -0.0422937
-110.5 38 0.109798
-110 38 0.234474
-109.5 38 0.388914
-109 38 0.558012
-108.5 38 0.673391
-108 38 0.711127
-107.5 38 0.642
-107 38 0.409628
-106.5 38 0.106451
-106 38 -0.209824
-94 38 0.0362209
-93.5 38 -0.115202
-93 38 -0.211235
-92.5 38 -0.238684
-92 38 -0.180341
-91.5 38 -0.110704
-91 38 -0.0621937
-90.5 38 -0.0451129
-90 38 -0.053489
-89.5 38 -0.0973901
-89 38 -0.125737
-88.5 38 -0.153266
-88 38 -0.194884
-87.5 38 -0.257409
-87 38 -0.334706
-86.5 38 -0.429692
-86 38 -0.553215
-85.5 38 -0.71299
-85 38 -0.855665
-84.5 38 -0.8863
-84 38 -0.943469
-83.5 38 -1.09919
-83 38 -1.33412
-82.5 38 -1.53756
-82 38 -1.55835
-81.5 38 -1.4967
-81 38 -1.41872
-119 38.5 1.1532
-118.5 38.5 1.42984
-118 38.5 1.72362
-117.5 38.5 1.93989
-117 38.5 1.81441
-116.5 38.5 1.51569
-116 38.5 1.18408
-115.5 38.5 0.811777
-115 38.5 0.447968
-114.5 38.5 0.386817
-114 38.5 0.35802
-113.5 38.5 0.293081
-113 38.5 0.106397
-112.5 38.5 -0.1853
-112 38.5 -0.0578339
-111.5 38.5 0.153435
-111 38.5 0.340757
-110.5 38.5 0.465422
-110 38.5 0.50802
-109.5 38.5 0.639508
-109 38.5 0.763606
-108.5 38.5 0.865811
-108 38.5 0.917649
-107.5 38.5 0.889261
-107 38.5 0.702255
-106.5 38.5 0.422669
-106 38.5 0.0833013
-94 38.5 0.238398
-93.5 38.5 0.0667486
-93 38.5 -0.0420288
-92.5 38.5 -0.0821208
-92 38.5 -0.0076976
-91.5 38.5 0.0428511
-91 38.5 0.0584539
-90.5 38.5 0.048458
-90 38.5 0.00758224
-89.5 38.5 -0.0772537
-89 38.5 -0.140165
-88.5 38.5 -0.19041
-88 38.5 -0.252651
-87.5 38.5 -0.324546
-87 38.5 -0.434257
-86.5 38.5 -0.546554
-86 38.5 -0.676986
-85.5 38.5 -0.8215
-85 38.5 -0.925395
-84.5 38.5 -0.954776
-84 38.5 -1.02481
-83.5 38.5 -1.17142
-83 38.5 -1.35972
-82.5 38.5 -1.50688
-82 38.5 -1.44964
-81.5 38.5 -1.38386
-81 38.5 -1.33047
-119 39 1.23573
-118.5 39 1.39215
-118 39 1.54129
-117.5 39 1.71467
-117 39 1.77819
-116.5 39 1.75259
-116 39 1.62544
-115.5 39 1.47752
-115 39 1.27798
-114.5 39 1.07453
-114 39 1.06869
-113.5 39 1.01756
-113 39 0.978928
-112.5 39 0.851816
-112 39 0.7433
-111.5 39 0.801279
-111 39 0.889887
-110.5 39 0.967247
-110 39 1.00871
-109.5 39 1.03261
-109 39 1.09136
-108.5 39 1.10808
-108 39 1.086
-107.5 39 1.02945
-107 39 0.899579
-106.5 39 0.664726
-93.5 39 0.215441
-93 39 0.173139
-92.5 39 0.199216
-92 39 0.231544
-91.5 39 0.218209
-91 39 0.165329
-90.5 39 0.090997
-90 39 -0.0125273
-89.5 39 -0.106034
-89 39 -0.174495
-88.5 39 -0.237234
-88 39 -0.314186
-87.5 39 -0.403987
-87 39 -0.50041
-86.5 39 -0.596873
-86 39 -0.698819
-85.5 39 -0.789436
-85 39 -0.840476
-84.5 39 -0.883599
-84 39 -0.942851
-83.5 39 -1.04417
-83 39 -1.14535
-82.5 39 -1.16033
-82 39 -1.14306
-81.5 39 -1.15355
-81 39 -1.16053
-119 39.5 1.19236
-118.5 39.5 1.26017
-118 39.5 1.33274
-117.5 39.5 1.40609
-117 39.5 1.66528
-116.5 39.5 1.75839
-116 39.5 1.825
-115.5 39.5 1.91292
-115 39.5 1.96626
-114.5 39.5 1.83369
-114 39.5 1.62294
-113.5 39.5 1.56386
-113 39.5 1.67724
-112.5 39.5 1.84318
-112 39.5 1.64429
-111.5 39.5 1.48261
-111 39.5 1.42403
-110.5 39.5 1.44231
-110 39.5 1.4961
-109.5 39.5 1.47258
-109 39.5 1.42703
-108.5 39.5 1.36443
-108 39.5 1.28423
-107.5 39.5 1.18297
-107 39.5 1.09444
-106.5 39.5 0.893709
-93.5 39.5 0.359753
-93 39.5 0.38704
-92.5 39.5 0.442962
-92 39.5 0.406174
-91.5 39.5 0.331628
-91 39.5 0.223057
-90.5 39.5 0.0939399
-90 39.5 -0.0446698
-89.5 39.5 -0.127672
-89 39.5 -0.195265
-88.5 39.5 -0.26593
-88 39.5 -0.352683
-87.5 39.5 -0.450703
-87 39.5 -0.523403
-86.5 39.5 -0.586459
-86 39.5 -0.646474
-85.5 39.5 -0.6886
-85 39.5 -0.709486
-84.5 39.5 -0.738187
-84 39.5 -0.803536
-83.5 39.5 -0.850591
-83 39.5 -0.832918
-82.5 39.5 -0.756062
-82 39.5 -0.824623
-81.5 39.5 -0.904645
-81 39.5 -0.965824
-119 40 1.10662
-118.5 40 1.18024
-118 40 1.32796
-117.5 40 1.53259
-117 40 1.70466
-116.5 40 1.791
-116 40 1.96732
-115.5 40 2.22444
-115 40 2.45584
-114.5 40 2.31615
-114 40 2.04188
-113.5 40 2.00489
-113 40 2.25169
-112.5 40 2.52238
-112 40 2.40006
-111.5 40 2.14998
-111 40 1.9708
-110.5 40 1.90713
-110 40 1.90643
-109.5 40 1.83968
-109 40 1.73894
-108.5 40 1.65967
-108 40 1.59698
-107.5 40 1.53074
-107 40 1.41303
-106.5 40 1.22055
-93.5 40 0.49731
-93 40 0.484541
-92.5 40 0.48197
-92 40 0.430924
-91.5 40 0.346763
-91 40 0.23879
-90.5 40 0.115984
-90 40 -0.00882574
-89.5 40 -0.0975649
-89 40 -0.169879
-88.5 40 -0.254338
-88 40 -0.343258
-87.5 40 -0.436867
-87 40 -0.497792
-86.5 40 -0.541852
-86 40 -0.586401
-85.5 40 -0.628148
-85 40 -0.634605
-84.5 40 -0.663458
-84 40 -0.699579
-83.5 40 -0.668165
-83 40 -0.574005
-82.5 40 -0.493707
-82 40 -0.54831
-81.5 40 -0.656459
-81 40 -0.76053
-119 40.5 1.07758
-118.5 40.5 1.22033
-118 40.5 1.4616
-117.5 40.5 1.7484
-117 40.5 1.74764
-116.5 40.5 1.86417
-116 40.5 2.12352
-115.5 40.5 2.50846
-115 40.5 2.84889
-114.5 40.5 2.58024
-114 40.5 2.39741
-113.5 40.5 2.47113
-113 40.5 2.83687
-112.5 40.5 3.20712
-112 40.5 3.00436
-111.5 40.5 2.67495
-111 40.5 2.41588
-110.5 40.5 2.29706
-110 40.5 2.25539
-109.5 40.5 2.11699
-109 40.5 2.01309
-108.5 40.5 1.9586
-108 40.5 1.9482
-107.5 40.5 1.91049
-107 40.5 1.75729
-106.5 40.5 1.5323
-93.5 40.5 0.602328
-93 40.5 0.518307
-92.5 40.5 0.442887
-92 40.5 0.392455
-91.5 40.5 0.329194
-91 40.5 0.246331
-90.5 40.5 0.151258
-90 40.5 0.050607
-89.5 40.5 -0.0351503
-89 40.5 -0.118306
-88.5 40.5 -0.209396
-88 40.5 -0.304378
-87.5 40.5 -0.390964
-87 40.5 -0.439985
-86.5 40.5 -0.490822
-86 40.5 -0.5422
-85.5 40.5 -0.584464
-85 40.5 -0.605902
-84.5 40.5 -0.626465
-84 40.5 -0.575749
-83.5 40.5 -0.471808
-83 40.5 -0.331288
-82.5 40.5 -0.234206
-82 40.5 -0.305869
-81.5 40.5 -0.440513
-81 40.5 -0.578483
-119 41 1.03898
-118.5 41 1.15297
-118 41 1.3805
-117.5 41 1.62758
-117 41 1.57046
-116.5 41 1.64698
-116 41 1.89955
-115.5 41 2.30927
-115 41 2.6486
-114.5 41 2.43284
-114 41 2.29389
-113.5 41 2.46038
-113 41 2.8637
-112.5 41 3.29985
-112 41 2.96432
-111.5 41 2.62419
-111 41 2.41854
-110.5 41 2.34524
-110 41 2.31789
-109.5 41 2.18829
-109 41 2.10531
-108.5 41 2.11112
-108 41 2.14131
-107.5 41 2.12256
-107 41 1.90223
-106.5 41 1.65752
-93.5 41 0.647069
-93 41 0.55095
-92.5 41 0.426248
-92 41 0.391722
-91.5 41 0.345644
-91 41 0.284058
-90.5 41 0.20739
-90 41 0.131114
-89.5 41 0.0443997
-89 41 -0.0385251
-88.5 41 -0.127988
-88 41 -0.221325
-87.5 41 -0.305741
-87 41 -0.357604
-86.5 41 -0.406322
-86 41 -0.457075
-85.5 41 -0.497432
-85 41 -0.543722
-84.5 41 -0.505234
-84 41 -0.438937
-83.5 41 -0.319638
-83 41 -0.177856
-82.5 41 -0.0756916
-82 41 -0.18448
-81.5 41 -0.327659
-81 41 -0.473357
-119 41.5 0.885325
-118.5 41.5 0.8498
-118 41.5 0.807151
-117.5 41.5 0.756381
-117 41.5 0.794091
-116.5 41.5 0.917619
-116 41.5 1.06967
-115.5 41.5 1.19028
-115 41.5 1.24046
-114.5 41.5 1.30228
-114 41.5 1.45045
-113.5 41.5 1.67002
-113 41.5 1.83304
-112.5 41.5 1.84171
-112 41.5 1.80013
-111.5 41.5 1.82574
-111 41.5 1.8686
-110.5 41.5 1.90431
-110 41.5 1.89976
-109.5 41.5 1.89026
-109 41.5 1.96466
-108.5 41.5 2.02139
-108 41.5 2.01273
-107.5 41.5 1.89511
-107 41.5 1.69977
-106.5 41.5 1.53452
-106 41.5 1.41183
-94 41.5 0.567335
-93.5 41.5 0.630794
-93 41.5 0.636987
-92.5 41.5 0.571282
-92 41.5 0.488499
-91.5 41.5 0.430399
-91 41.5 0.367202
-90.5 41.5 0.288846
-90 41.5 0.219021
-89.5 41.5 0.148796
-89 41.5 0.0702592
-88.5 41.5 -0.00546324
-88 41.5 -0.0784481
-87.5 41.5 -0.151639
-87 41.5 -0.217614
-86.5 41.5 -0.263582
-86 41.5 -0.289681
-85.5 41.5 -0.309821
-85 41.5 -0.32099
-84.5 41.5 -0.32599
-84 41.5 -0.296498
-83.5 41.5 -0.257237
-83 41.5 -0.229199
-82.5 41.5 -0.23141
-82 41.5 -0.269031
-81.5 41.5 -0.349091
-81 41.5 -0.456659
-119 42 0.771259
-118.5 42 0.560164
-118 42 0.18637
-117.5 42 -0.245011
-117 42 -0.160146
-116.5 42 -0.0229132
-116 42 0.0186324
-115.5 42 -0.116187
-115 42 -0.351806
-114.5 42 -0.0212298
-114 42 0.414765
-113.5 42 0.660789
-113 42 0.549494
-112.5 42 0.168377
-112 42 0.468718
-111.5 42 0.846794
-111 42 1.13908
-110.5 42 1.30792
-110 42 1.36009
-109.5 42 1.5585
-109 42 1.70932
-108.5 42 1.77258
-108 42 1.73526
-107.5 42 1.57145
-107 42 1.44924
-106.5 42 1.33657
-106 42 1.27773
-94 42 0.315236
-93.5 42 0.540542
-93 42 0.666713
-92.5 42 0.708416
-92 42 0.625439
-91.5 42 0.551888
-91 42 0.480836
-90.5 42 0.404561
-90 42 0.332948
-89.5 42 0.269609
-89 42 0.209754
-88.5 42 0.146926
-88 42 0.0837339
-87.5 42 0.0244023
-87 42 -0.0469172
-86.5 42 -0.091946
-86 42 -0.102132
-85.5 42 -0.0933917
-85 42 -0.088579
-84.5 42 -0.130747
-84 42 -0.182104
-83.5 42 -0.244147
-83 42 -0.321464
-82.5 42 -0.411527
-82 42 -0.383343
-81.5 42 -0.40192
-81 42 -0.468612
-119 42.5 0.80387
-118.5 42.5 0.397139
-118 42.5 -0.205531
-117.5 42.5 -0.722305
-117 42.5 -0.765759
-116.5 42.5 -0.673673
-116 42.5 -0.668346
-115.5 42.5 -0.797422
-115 42.5 -0.936402
-114.5 42.5 -0.606795
-114 42.5 -0.147071
-113.5 42.5 0.0239378
-113 42.5 -0.159348
-112.5 42.5 -0.408103
-112 42.5 -0.146719
-111.5 42.5 0.300376
-111 42.5 0.707971
-110.5 42.5 0.982351
-110 42.5 1.18325
-109.5 42.5 1.3829
-109 42.5 1.51963
-108.5 42.5 1.62724
-108 42.5 1.64624
-107.5 42.5 1.52397
-107 42.5 1.33226
-106.5 42.5 1.15368
-106 42.5 1.05136
-105.5 42.5 1.08764
-94.5 42.5 -0.172672
-94 42.5 0.18113
-93.5 42.5 0.439533
-93 42.5 0.610322
-92.5 42.5 0.693934
-92 42.5 0.678764
-91.5 42.5 0.641702
-91 42.5 0.588622
-90.5 42.5 0.528718
-90 42.5 0.462568
-89.5 42.5 0.410956
-89 42.5 0.359357
-88.5 42.5 0.301732
-88 42.5 0.23043
-87.5 42.5 0.158459
-87 42.5 0.0974908
-86.5 42.5 0.065334
-86 42.5 0.057048
-85.5 42.5 0.0630617
-85 42.5 0.0571449
-84.5 42.5 3.20516e-05
-84 42.5 -0.0873147
-83.5 42.5 -0.178043
-83 42.5 -0.260621
-82.5 42.5 -0.324698
-82 42.5 -0.341926
-81.5 42.5 -0.37475
-81 42.5 -0.441755
-119 43 0.876436
-118.5 43 0.305449
-118 43 -0.397548
-117.5 43 -0.911197
-117 43 -0.85592
-116.5 43 -0.709189
-116 43 -0.69001
-115.5 43 -0.803243
-115 43 -0.870453
-114.5 43 -0.50848
-114 43 -0.19189
-113.5 43 -0.151682
-113 43 -0.356712
-112.5 43 -0.481565
-112 43 -0.124764
-111.5 43 0.356646
-111 43 0.768832
-110.5 43 1.06365
-110 43 1.25166
-109.5 43 1.39837
-109 43 1.55807
-108.5 43 1.68096
-108 43 1.70953
-107.5 43 1.5519
-107 43 1.2176
-106.5 43 0.922862
-106 43 0.761594
-105.5 43 0.620018
-105 43 0.714164
-95 43 -0.232768
-94.5 43 -0.0785461
-94 43 0.151672
-93.5 43 0.364756
-93 43 0.53383
-92.5 43 0.640341
-92 43 0.68591
-91.5 43 0.693473
-91 43 0.679639
-90.5 43 0.643187
-90 43 0.588607
-89.5 43 0.551047
-89 43 0.504773
-88.5 43 0.449076
-88 43 0.371968
-87.5 43 0.282862
-87 43 0.223064
-86.5 43 0.188413
-86 43 0.176403
-85.5 43 0.167337
-85 43 0.157626
-84.5 43 0.0840224
-84 43 -0.00179329
-83.5 43 -0.0736951
-83 43 -0.133487
-82.5 43 -0.168778
-82 43 -0.233669
-81.5 43 -0.309165
-81 43 -0.391051
-119 43.5 1.06856
-118.5 43.5 0.535587
-118 43.5 -0.0790296
-117.5 43.5 -0.518364
-117 43.5 -0.201877
-116.5 43.5 -0.0156916
-116 43.5 -0.0116049
-115.5 43.5 -0.152735
-115 43.5 -0.213278
-114.5 43.5 0.128965
-114 43.5 0.312953
-113.5 43.5 0.24526
-113 43.5 0.0486099
-112.5 43.5 0.00337477
-112 43.5 0.540464
-111.5 43.5 0.982888
-111 43.5 1.30118
-110.5 43.5 1.4801
-110 43.5 1.55051
-109.5 43.5 1.66846
-109 43.5 1.75371
-108.5 43.5 1.81615
-108 43.5 1.77153
-107.5 43.5 1.49454
-107 43.5 0.974109
-106.5 43.5 0.60509
-106 43.5 0.373821
-105.5 43.5 0.24305
-105 43.5 0.50942
-104.5 43.5 0.815674
-95.5 43.5 0.29543
-95 43.5 0.0599376
-94.5 43.5 0.0363928
-94 43.5 0.149686
-93.5 43.5 0.31245
-93 43.5 0.462562
-92.5 43.5 0.580156
-92 43.5 0.666063
-91.5 43.5 0.723162
-91 43.5 0.750421
-90.5 43.5 0.748132
-90 43.5 0.71187
-89.5 43.5 0.685904
-89 43.5 0.666487
-88.5 43.5 0.612701
-88 43.5 0.532557
-87.5 43.5 0.430892
-87 43.5 0.357334
-86.5 43.5 0.308083
-86 43.5 0.254668
-85.5 43.5 0.229254
-85 43.5 0.219902
-84.5 43.5 0.150972
-84 43.5 0.0846379
-83.5 43.5 -0.0135148
-83 43.5 -0.0628034
-82.5 43.5 -0.0422739
-82 43.5 -0.129565
-81.5 43.5 -0.227437
-81 43.5 -0.323199
-119 44 1.58331
-118.5 44 1.22409
-118 44 0.930447
-117.5 44 1.01388
-117 44 1.18083
-116.5 44 1.1589
-116 44 1.06661
-115.5 44 0.97256
-115 44 1.10385
-114.5 44 1.28053
-114 44 1.28197
-113.5 44 1.15083
-113 44 1.06615
-112.5 44 1.37368
-112 44 1.77764
-111.5 44 1.97263
-111 44 2.05515
-110.5 44 2.04859
-110 44 2.04264
-109.5 44 2.01402
-109 44 1.94701
-108.5 44 1.85257
-108 44 1.63455
-107.5 44 1.10833
-107 44 0.544915
-106.5 44 0.228129
-106 44 0.0446707
-105.5 44 0.0299105
-105 44 0.41727
-104.5 44 0.602437
-104 44 -0.213042
-103.5 44 -1.64433
-96.5 44 1.45908
-96 44 0.989134
-95.5 44 0.575371
-95 44 0.250255
-94.5 44 0.0930828
-94 44 0.134523
-93.5 44 0.240709
-93 44 0.3785
-92.5 44 0.505723
-92 44 0.616827
-91.5 44 0.709995
-91 44 0.789789
-90.5 44 0.841972
-90 44 0.847256
-89.5 44 0.840254
-89 44 0.820307
-88.5 44 0.816636
-88 44 0.774585
-87.5 44 0.670442
-87 44 0.571931
-86.5 44 0.455388
-86 44 0.376001
-85.5 44 0.303265
-85 44 0.268588
-84.5 44 0.263505
-84 44 0.138744
-83.5 44 0.0842402
-83 44 0.0314935
-82.5 44 0.0195808
-82 44 0.01998
-81.5 44 -0.0328534
-81 44 -0.115772
-119 44.5 2.05679
-118.5 44.5 1.88364
-118 44.5 2.09891
-117.5 44.5 2.62565
-117 44.5 2.53757
-116.5 44.5 2.32542
-116 44.5 2.18
-115.5 44.5 2.20868
-115 44.5 2.43278
-114.5 44.5 2.4326
-114 44.5 2.26934
-113.5 44.5 2.1507
-113 44.5 2.30711
-112.5 44.5 2.7627
-112 44.5 2.89584
-111.5 44.5 2.83495
-111 44.5 2.71581
-110.5 44.5 2.60268
-110 44.5 2.48688
-109.5 44.5 2.27076
-109 44.5 2.02136
-108.5 44.5 1.72988
-108 44.5 1.31563
-107.5 44.5 0.733756
-107 44.5 0.266303
-106.5 44.5 0.0281667
-106 44.5 -0.037192
-105.5 44.5 0.0719801
-105 44.5 0.435542
-104.5 44.5 0.447076
-104 44.5 -0.243846
-103.5 44.5 -1.1424
-103 44.5 -1.17629
-102.5 44.5 0.603205
-97.5 44.5 -0.294773
-97 44.5 0.808428
-96.5 44.5 1.01963
-96 44.5 0.82244
-95.5 44.5 0.524615
-95 44.5 0.269895
-94.5 44.5 0.0997966
-94 44.5 0.0606933
-93.5 44.5 0.144559
-93 44.5 0.268189
-92.5 44.5 0.413606
-92 44.5 0.545211
-91.5 44.5 0.67671
-91 44.5 0.785335
-90.5 44.5 0.878363
-90 44.5 0.940596
-89.5 44.5 0.955886
-89 44.5 1.0059
-88.5 44.5 1.01811
-88 44.5 1.00015
-87.5 44.5 0.921734
-87 44.5 0.771745
-86.5 44.5 0.683792
-86 44.5 0.571779
-85.5 44.5 0.458538
-85 44.5 0.375433
-84.5 44.5 0.312482
-84 44.5 0.369584
-83.5 44.5 0.347481
-83 44.5 0.267542
-82.5 44.5 0.156719
-82 44.5 0.205027
-81.5 44.5 0.229524
-81 44.5 0.201019
-119 45 2.31334
-118.5 45 2.50564
-118 45 3.10408
-117.5 45 3.71964
-117 45 3.67305
-116.5 45 3.38535
-116 45 3.20805
-115.5 45 3.19817
-115 45 3.34305
-114.5 45 3.233
-114 45 3.01082
-113.5 45 3.00886
-113 45 3.24229
-112.5 45 3.61085
-112 45 3.62559
-111.5 45 3.42814
-111 45 3.27517
-110.5 45 3.11912
-110 45 2.88244
-109.5 45 2.48404
-109 45 2.04728
-108.5 45 1.6093
-108 45 1.13298
-107.5 45 0.581552
-107 45 0.197489
-106.5 45 0.0214203
-106 45 -0.0720166
-105.5 45 0.0234531
-105 45 0.31111
-104.5 45 0.35407
-104 45 -0.0509525
-103.5 45 -0.456834
-103 45 -0.242735
-102.5 45 0.823624
-102 45 1.57303
-101.5 45 1.51248
-101 45 1.21451
-100.5 45 1.3197
-100 45 2.22731
-99.5 45 2.80553
-99 45 2.16339
-98.5 45 0.956703
-98 45 0.0116342
-97.5 45 -0.119824
-97 45 0.307315
-96.5 45 0.502193
-96 45 0.434941
-95.5 45 0.274821
-95 45 0.0980008
-94.5 45 -0.00116009
-94 45 -0.0180795
-93.5 45 0.0155192
-93 45 0.143375
-92.5 45 0.332142
-92 45 0.497962
-91.5 45 0.636939
-91 45 0.764873
-90.5 45 0.860919
-90 45 0.946524
-89.5 45 1.01063
-89 45 1.09141
-88.5 45 1.1551
-88 45 1.11174
-87.5 45 0.997204
-87 45 0.879589
-86.5 45 0.813108
-86 45 0.720692
-85.5 45 0.555757
-85 45 0.406413
-84.5 45 0.414227
-84 45 0.540634
-83.5 45 0.588725
-83 45 0.425746
-82.5 45 0.221764
-82 45 0.248085
-81.5 45 0.367506
-81 45 0.448142
-119 45.5 2.83071
-118.5 45.5 3.36652
-118 45.5 4.23732
-117.5 45.5 4.86037
-117 45.5 4.56753
-116.5 45.5 4.1773
-116 45.5 3.96192
-115.5 45.5 3.95225
-115 45.5 3.9761
-114.5 45.5 3.74628
-114 45.5 3.64231
-113.5 45.5 3.74514
-113 45.5 4.04558
-112.5 45.5 4.26646
-112 45.5 4.05553
-111.5 45.5 3.8698
-111 45.5 3.74282
-110.5 45.5 3.58387
-110 45.5 3.20904
-109.5 45.5 2.54939
-109 45.5 1.93758
-108.5 45.5 1.41919
-108 45.5 0.928847
-107.5 45.5 0.481398
-107 45.5 0.179852
-106.5 45.5 -0.0536189
-106 45.5 -0.1783
-105.5 45.5 -0.101377
-105 45.5 0.186952
-104.5 45.5 0.371486
-104 45.5 0.271427
-103.5 45.5 0.190197
-103 45.5 0.475323
-102.5 45.5 1.06715
-102 45.5 1.50452
-101.5 45.5 1.69772
-101 45.5 1.77895
-100.5 45.5 1.99739
-100 45.5 2.32851
-99.5 45.5 2.36172
-99 45.5 1.87762
-98.5 45.5 1.10741
-98 45.5 0.42693
-97.5 45.5 0.0670639
-97 45.5 0.0288202
-96.5 45.5 0.0362267
-96 45.5 -0.0088201
-95.5 45.5 -0.095507
-95 45.5 -0.126843
-94.5 45.5 -0.159843
-94 45.5 -0.179749
-93.5 45.5 -0.15227
-93 45.5 -0.0112077
-92.5 45.5 0.234822
-92 45.5 0.455259
-91.5 45.5 0.610843
-91 45.5 0.729738
-90.5 45.5 0.836891
-90 45.5 0.88155
-89.5 45.5 0.994988
-89 45.5 1.12135
-88.5 45.5 1.20168
-88 45.5 1.16773
-87.5 45.5 0.970737
-87 45.5 0.917185
-86.5 45.5 0.88725
-86 45.5 0.809588
-85.5 45.5 0.641987
-85 45.5 0.361223
-84.5 45.5 0.486502
-84 45.5 0.64435
-83.5 45.5 0.699428
-83 45.5 0.492049
-82.5 45.5 0.143552
-82 45.5 0.218543
-81.5 45.5 0.477685
-81 45.5 0.69667
-119 46 3.33607
-118.5 46 4.01781
-118 46 4.84173
-117.5 46 5.2884
-117 46 4.57311
-116.5 46 4.18033
-116 46 4.10493
-115.5 46 4.1961
-115 46 4.19469
-114.5 46 4.00692
-114 46 3.99256
-113.5 46 4.21263
-113 46 4.49471
-112.5 46 4.51653
-112 46 4.12826
-111.5 46 3.94967
-111 46 3.87077
-110.5 46 3.68014
-110 46 3.13943
-109.5 46 2.18501
-109 46 1.51205
-108.5 46 1.03479
-108 46 0.631429
-107.5 46 0.301889
-107 46 0.028387
-106.5 46 -0.179319
-106 46 -0.302231
-105.5 46 -0.202701
-105 46 0.183581
-104.5 46 0.588862
-104 46 0.709769
-103.5 46 0.820626
-103 46 1.09334
-102.5 46 1.40886
-102 46 1.69393
-101.5 46 2.01774
-101 46 2.28985
-100.5 46 2.49011
-100 46 2.41136
-99.5 46 2.08881
-99 46 1.71982
-98.5 46 1.27201
-98 46 0.772072
-97.5 46 0.199183
-97 46 -0.19018
-96.5 46 -0.351423
-96 46 -0.445521
-95.5 46 -0.483291
-95 46 -0.420574
-94.5 46 -0.381071
-94 46 -0.419294
-93.5 46 -0.426677
-93 46 -0.298063
-92.5 46 0.0436005
-92 46 0.332664
-91.5 46 0.523907
-91 46 0.675754
-90.5 46 0.775
-90 46 0.823762
-89.5 46 0.93277
-89 46 1.13822
-88.5 46 1.3299
-88 46 1.33281
-87.5 46 1.07622
-87 46 1.0177
-86.5 46 1.09808
-86 46 1.14389
-85.5 46 0.978697
-85 46 0.629471
-84.5 46 0.665147
-84 46 0.953353
-83.5 46 1.18679
-83 46 1.07636
-82.5 46 0.507281
-82 46 0.597438
-81.5 46 0.908408
-81 46 1.17024
-119 46.5 3.52464
-118.5 46.5 3.93619
-118 46.5 4.2232
-117.5 46.5 3.75138
-117 46.5 3.18066
-116.5 46.5 3.32012
-116 46.5 3.62695
-115.5 46.5 3.8861
-115 46.5 3.8885
-114.5 46.5 3.84434
-114 46.5 4.00091
-113.5 46.5 4.24788
-113 46.5 4.37388
-112.5 46.5 4.02409
-112 46.5 3.60891
-111.5 46.5 3.54787
-111 46.5 3.47506
-110.5 46.5 3.18001
-110 46.5 2.27562
-109.5 46.5 1.29154
-109 46.5 0.823302
-108.5 46.5 0.521017
-108 46.5 0.276859
-107.5 46.5 0.0597436
-107 46.5 -0.122488
-106.5 46.5 -0.264387
-106 46.5 -0.326749
-105.5 46.5 -0.171752
-105 46.5 0.417029
-104.5 46.5 0.996032
-104 46.5 1.19052
-103.5 46.5 1.3774
-103 46.5 1.64365
-102.5 46.5 1.77004
-102 46.5 1.93287
-101.5 46.5 2.31378
-101 46.5 2.6642
-100.5 46.5 2.85564
-100 46.5 2.48236
-99.5 46.5 1.95004
-99 46.5 1.72818
-98.5 46.5 1.49169
-98 46.5 1.13437
-97.5 46.5 0.387709
-97 46.5 -0.318898
-96.5 46.5 -0.61622
-96 46.5 -0.788709
-95.5 46.5 -0.865304
-95 46.5 -0.760779
-94.5 46.5 -0.661205
-94 46.5 -0.727757
-93.5 46.5 -0.807847
-93 46.5 -0.753918
-92.5 46.5 -0.379716
-92 46.5 0.0554793
-91.5 46.5 0.302443
-91 46.5 0.519918
-90.5 46.5 0.708488
-90 46.5 0.775393
-89.5 46.5 0.884207
-89 46.5 1.18588
-88.5 46.5 1.51112
-88 46.5 1.7263
-87.5 46.5 1.54498
-87 46.5 1.35992
-86.5 46.5 1.53242
-86 46.5 1.7597
-85.5 46.5 1.87829
-85 46.5 1.54768
-84.5 46.5 1.32017
-84 46.5 1.71351
-83.5 46.5 2.2089
-83 46.5 2.55687
-82.5 46.5 2.17603
-82 46.5 1.73298
-81.5 46.5 1.81924
-81 46.5 1.9321
-119 47 3.48521
-118.5 47 3.47763
-118 47 2.98263
-117.5 47 1.95139
-117 47 1.95892
-116.5 47 2.46552
-116 47 3.03452
-115.5 47 3.41409
-115 47 3.53119
-114.5 47 3.67985
-114 47 3.90952
-113.5 47 4.05827
-113 47 3.90102
-112.5 47 3.3764
-112 47 3.11986
-111.5 47 2.99865
-111 47 2.76769
-110.5 47 2.24947
-110 47 1.36345
-109.5 47 0.698937
-109 47 0.375629
-108.5 47 0.201671
-108 47 0.0279518
-107.5 47 -0.118592
-107 47 -0.208301
-106.5 47 -0.251716
-106 47 -0.176299
-105.5 47 0.123483
-105 47 0.715344
-104.5 47 1.20967
-104 47 1.518
-103.5 47 1.77029
-103 47 1.96943
-102.5 47 2.07732
-102 47 2.25285
-101.5 47 2.53511
-101 47 2.7781
-100.5 47 2.85011
-100 47 2.58307
-99.5 47 2.21505
-99 47 1.97358
-98.5 47 1.70179
-98 47 1.27905
-97.5 47 0.597584
-97 47 -0.144995
-96.5 47 -0.641612
-96 47 -0.949252
-95.5 47 -1.08339
-95 47 -1.05724
-94.5 47 -1.00487
-94 47 -1.06699
-93.5 47 -1.1384
-93 47 -1.11363
-92.5 47 -0.865328
-92 47 -0.449519
-91.5 47 -0.115178
-91 47 0.175982
-90.5 47 0.436374
-90 47 0.629001
-89.5 47 0.799533
-89 47 1.09116
-88.5 47 1.47837
-88 47 1.78939
-87.5 47 1.90322
-87 47 1.81004
-86.5 47 1.95754
-86 47 2.22581
-85.5 47 2.45081
-85 47 2.44556
-84.5 47 2.24049
-84 47 2.43948
-83.5 47 3.04029
-83 47 3.65084
-82.5 47 3.86927
-82 47 3.32356
-81.5 47 3.0384
-81 47 2.87165
-119 47.5 3.60027
-118.5 47.5 3.07782
-118 47.5 2.16827
-117.5 47.5 1.33904
-117 47.5 1.49449
-116.5 47.5 2.15627
-116 47.5 2.862
-115.5 47.5 3.37408
-115 47.5 3.61484
-114.5 47.5 3.8298
-114 47.5 4.02326
-113.5 47.5 3.97007
-113 47.5 3.62892
-112.5 47.5 3.14364
-112 47.5 2.84721
-111.5 47.5 2.60091
-111 47.5 2.24015
-110.5 47.5 1.70296
-110 47.5 1.00871
-109.5 47.5 0.562506
-109 47.5 0.341654
-108.5 47.5 0.104055
-108 47.5 -0.110177
-107.5 47.5 -0.218244
-107 47.5 -0.213575
-106.5 47.5 -0.145953
-106 47.5 0.0256548
-105.5 47.5 0.382816
-105 47.5 0.902138
-104.5 47.5 1.42572
-104 47.5 1.82436
-103.5 47.5 2.06055
-103 47.5 2.21239
-102.5 47.5 2.32877
-102 47.5 2.48614
-101.5 47.5 2.66116
-101 47.5 2.80112
-100.5 47.5 2.84231
-100 47.5 2.73774
-99.5 47.5 2.5478
-99 47.5 2.31429
-98.5 47.5 1.97937
-98 47.5 1.47532
-97.5 47.5 0.780714
-97 47.5 0.0263395
-96.5 47.5 -0.590451
-96 47.5 -1.01369
-95.5 47.5 -1.22226
-95 47.5 -1.27013
-94.5 47.5 -1.26889
-94 47.5 -1.33992
-93.5 47.5 -1.44713
-93 47.5 -1.44783
-92.5 47.5 -1.26642
-92 47.5 -0.94811
-91.5 47.5 -0.629779
-91 47.5 -0.326105
-90.5 47.5 -0.022602
-90 47.5 0.235712
-89.5 47.5 0.488869
-89 47.5 0.803661
-88.5 47.5 1.12695
-88 47.5 1.45515
-87.5 47.5 1.71215
-87 47.5 1.83889
-86.5 47.5 2.02132
-86 47.5 2.26746
-85.5 47.5 2.49444
-85 47.5 2.55754
-84.5 47.5 2.54648
-84 47.5 2.8015
-83.5 47.5 3.30857
-83 47.5 4.00088
-82.5 47.5 4.49198
-82 47.5 4.36281
-81.5 47.5 4.05836
-81 47.5 3.71483
-119 48 3.59933
-118.5 48 2.66404
-118 48 1.60128
-117.5 48 1.10553
-117 48 1.6975
-116.5 48 2.5648
-116 48 3.33731
-115.5 48 3.85511
-115 48 4.13293
-114.5 48 4.31896
-114 48 4.30459
-113.5 48 4.03493
-113 48 3.56099
-112.5 48 3.10363
-112 48 2.82677
-111.5 48 2.51246
-111 48 2.0703
-110.5 48 1.51252
-110 48 1.02806
-109.5 48 0.796505
-109 48 0.523122
-108.5 48 0.177467
-108 48 -0.116745
-107.5 48 -0.189864
-107 48 -0.0639853
-106.5 48 0.0809794
-106 48 0.27968
-105.5 48 0.616588
-105 48 1.14034
-104.5 48 1.71812
-104 48 2.09881
-103.5 48 2.29606
-103 48 2.39435
-102.5 48 2.50742
-102 48 2.64421
-101.5 48 2.74346
-101 48 2.80446
-100.5 48 2.85854
-100 48 2.92977
-99.5 48 2.9251
-99 48 2.73069
-98.5 48 2.33647
-98 48 1.74793
-97.5 48 0.996154
-97 48 0.192419
-96.5 48 -0.520978
-96 48 -1.04967
-95.5 48 -1.34682
-95 48 -1.41371
-94.5 48 -1.458
-94 48 -1.60273
-93.5 48 -1.77498
-93 48 -1.83181
-92.5 48 -1.69505
-92 48 -1.47068
-91.5 48 -1.23211
-91 48 -0.969798
-90.5 48 -0.680701
-90 48 -0.314068
-89.5 48 -0.0233343
-89 48 0.221578
-88.5 48 0.47541
-88 48 0.79178
-87.5 48 1.17942
-87 48 1.43953
-86.5 48 1.63539
-86 48 1.84561
-85.5 48 2.02175
-85 48 2.25456
-84.5 48 2.33706
-84 48 2.56141
-83.5 48 3.03435
-83 48 3.78445
-82.5 48 4.64166
-82 48 4.86971
-81.5 48 4.64491
-81 48 4.22082
-119 48.5 3.71751
-118.5 48.5 2.56806
-118 48.5 1.59761
-117.5 48.5 1.54471
-117 48.5 2.78974
-116.5 48.5 3.74805
-116 48.5 4.41345
-115.5 48.5 4.80836
-115 48.5 5.00471
-114.5 48.5 5.013
-114 48.5 4.79986
-113.5 48.5 4.33615
-113 48.5 3.76867
-112.5 48.5 3.34819
-112 48.5 3.1789
-111.5 48.5 2.79052
-111 48.5 2.23395
-110.5 48.5 1.65966
-110 48.5 1.34
-109.5 48.5 1.25991
-109 48.5 0.918538
-108.5 48.5 0.416883
-108 48.5 0.0298146
-107.5 48.5 0.0197387
-107 48.5 0.299169
-106.5 48.5 0.439702
-106 48.5 0.57511
-105.5 48.5 0.856123
-105 48.5 1.41737
-104.5 48.5 2.05264
-104 48.5 2.38423
-103.5 48.5 2.48745
-103 48.5 2.52959
-102.5 48.5 2.65515
-102 48.5 2.79819
-101.5 48.5 2.82073
-101 48.5 2.80633
-100.5 48.5 2.87061
-100 48.5 3.14714
-99.5 48.5 3.36085
-99 48.5 3.19746
-98.5 48.5 2.74236
-98 48.5 2.07209
-97.5 48.5 1.25182
-97 48.5 0.377611
-96.5 48.5 -0.430397
-96 48.5 -1.07939
-95.5 48.5 -1.46411
-95 48.5 -1.53165
-94.5 48.5 -1.60456
-94 48.5 -1.85243
-93.5 48.5 -2.13697
-93 48.5 -2.28973
-92.5 48.5 -2.19214
-92 48.5 -2.04541
-91.5 48.5 -1.92534
-91 48.5 -1.76733
-90.5 48.5 -1.50348
-90 48.5 -1.06696
-89.5 48.5 -0.740929
-89 48.5 -0.605623
-88.5 48.5 -0.509443
-88 48.5 -0.256487
-87.5 48.5 0.290073
-87 48.5 0.643171
-86.5 48.5 0.816213
-86 48.5 0.946808
-85.5 48.5 1.15712
-85 48.5 1.46772
-84.5 48.5 1.68108
-84 48.5 1.79271
-83.5 48.5 2.05221
-83 48.5 2.7645
-82.5 48.5 4.13456
-82 48.5 4.73753
-81.5 48.5 4.64098
-81 48.5 4.23149
-119 49 4.16905
-118.5 49 3.19797
-118 49 2.6707
-117.5 49 3.60428
-117 49 4.89275
-116.5 49 5.45136
-116 49 5.81395
-115.5 49 6.00998
-115 49 6.03673
-114.5 49 5.88298
-114 49 5.50873
-113.5 49 4.94687
-113 49 4.34811
-112.5 49 4.111
-112 49 3.91492
-111.5 49 3.33413
-111 49 2.65468
-110.5 49 2.07033
-110 49 1.99561
-109.5 49 1.96504
-109 49 1.44725
-108.5 49 0.813376
-108 49 0.33704
-107.5 49 0.495413
-107 49 0.831631
-106.5 49 0.833332
-106 49 0.860233
-105.5 49 1.07561
-105 49 1.75014
-104.5 49 2.42342
-104 49 2.63617
-103.5 49 2.65618
-103 49 2.63425
-102.5 49 2.79791
-102 49 2.95805
-101.5 49 2.90388
-101 49 2.83185
-100.5 49 2.8841
-100 49 3.39719
-99.5 49 3.8338
-99 49 3.64767
-98.5 49 3.14998
-98 49 2.42691
-97.5 49 1.5512
-97 49 0.617691
-96.5 49 -0.283764
-96 49 -1.05274
-95.5 49 -1.58422
-95 49 -1.66762
-94.5 49 -1.7136
-94 49 -2.08544
-93.5 49 -2.50538
-93 49 -2.80861
-92.5 49 -2.78319
-92 49 -2.65771
-91.5 49 -2.66962
-91 49 -2.65564
-90.5 49 -2.52606
-90 49 -2.07334
-89.5 49 -1.66864
-89 49 -1.64636
-88.5 49 -1.72428
-88 49 -1.67655
-87.5 49 -1.12199
-87 49 -0.534577
-86.5 49 -0.365105
-86 49 -0.280563
-85.5 49 -0.158361
-85 49 0.238743
-84.5 49 0.572944
-84 49 0.558696
-83.5 49 0.502515
-83 49 0.785169
-82.5 49 2.22151
-82 49 3.70679
-81.5 49 3.94249
-81 49 3.72194
