-119 25 4.247
-118.5 25 4.2333
-118 25 4.22414
-117.5 25 4.20854
-117 25 4.18256
-116.5 25 4.15638
-116 25 4.13498
-115.5 25 4.11817
-115 25 4.10799
-114.5 25 4.09801
-114 25 4.08879
-113.5 25 4.08756
-113 25 4.08996
-112.5 25 4.08937
-112 25 4.08621
-111.5 25 4.08396
-111 25 4.08041
-110.5 25 4.07725
-110 25 4.08104
-109.5 25 4.08369
-109 25 4.08356
-108.5 25 4.08988
-108 25 4.0972
-107.5 25 4.10119
-107 25 4.09669
-106.5 25 4.08801
-106 25 4.08112
-105.5 25 4.0752
-105 25 4.06881
-104.5 25 4.05924
-104 25 4.04848
-103.5 25 4.03932
-103 25 4.0313
-102.5 25 4.02433
-102 25 4.01776
-101.5 25 4.01175
-101 25 4.00739
-100.5 25 4.00433
-100 25 4.00515
-99.5 25 4.00422
-99 25 4.0025
-98.5 25 4.00751
-98 25 4.01926
-97.5 25 4.03107
-97 25 4.03692
-96.5 25 4.03958
-96 25 4.04073
-95.5 25 4.04193
-95 25 4.04389
-94.5 25 4.04693
-94 25 4.05023
-93.5 25 4.05245
-93 25 4.05403
-92.5 25 4.05511
-92 25 4.05565
-91.5 25 4.05656
-91 25 4.0579
-90.5 25 4.06011
-90 25 4.06338
-89.5 25 4.06854
-89 25 4.07583
-88.5 25 4.08669
-88 25 4.1036
-87.5 25 4.12624
-87 25 4.15596
-86.5 25 4.19248
-86 25 4.23992
-85.5 25 4.30321
-85 25 4.37456
-84.5 25 4.4391
-84 25 4.49581
-83.5 25 4.55116
-83 25 4.60961
-82.5 25 4.67264
-82 25 4.73857
-81.5 25 4.80652
-81 25 4.87578
-119 25.5 4.22502
-118.5 25.5 4.22367
-118 25.5 4.22452
-117.5 25.5 4.20576
-117 25.5 4.16373
-116.5 25.5 4.12852
-116 25.5 4.10404
-115.5 25.5 4.08822
-115 25.5 4.07621
-114.5 25.5 4.06414
-114 25.5 4.06151
-113.5 25.5 4.06568
-113 25.5 4.07147
-112.5 25.5 4.07123
-112 25.5 4.06393
-111.5 25.5 4.05394
-111 25.5 4.04521
-110.5 25.5 4.04159
-110 25.5 4.04289
-109.5 25.5 4.04602
-109 25.5 4.05727
-108.5 25.5 4.07207
-108 25.5 4.08726
-107.5 25.5 4.09329
-107 25.5 4.08249
-106.5 25.5 4.07295
-106 25.5 4.06732
-105.5 25.5 4.06379
-105 25.5 4.05802
-104.5 25.5 4.04637
-104 25.5 4.03595
-103.5 25.5 4.02736
-103 25.5 4.02043
-102.5 25.5 4.01464
-102 25.5 4.00781
-101.5 25.5 4.00225
-101 25.5 3.9981
-100.5 25.5 3.99641
-100 25.5 3.99622
-99.5 25.5 3.99109
-99 25.5 3.99515
-98.5 25.5 4.00613
-98 25.5 4.02362
-97.5 25.5 4.04035
-97 25.5 4.04336
-96.5 25.5 4.03957
-96 25.5 4.03478
-95.5 25.5 4.03093
-95 25.5 4.02876
-94.5 25.5 4.03011
-94 25.5 4.03283
-93.5 25.5 4.03539
-93 25.5 4.03675
-92.5 25.5 4.03733
-92 25.5 4.03702
-91.5 25.5 4.03641
-91 25.5 4.03624
-90.5 25.5 4.03647
-90 25.5 4.03846
-89.5 25.5 4.04066
-89 25.5 4.04553
-88.5 25.5 4.05448
-88 25.5 4.06769
-87.5 25.5 4.09109
-87 25.5 4.11405
-86.5 25.5 4.14843
-86 25.5 4.19641
-85.5 25.5 4.26566
-85 25.5 4.35153
-84.5 25.5 4.41796
-84 25.5 4.46766
-83.5 25.5 4.51265
-83 25.5 4.56137
-82.5 25.5 4.61625
-82 25.5 4.67702
-81.5 25.5 4.7415
-81 25.5 4.8085
-119 26 4.20801
-118.5 26 4.21724
-118 26 4.21798
-117.5 26 4.1846
-117 26 4.11921
-116.5 26 4.08169
-116 26 4.06164
-115.5 26 4.05017
-115 26 4.04012
-114.5 26 4.03376
-114 26 4.03574
-113.5 26 4.0452
-113 26 4.05221
-112.5 26 4.04878
-112 26 4.03062
-111.5 26 4.01733
-111 26 4.00869
-110.5 26 4.00595
-110 26 4.0084
-109.5 26 4.02265
-109 26 4.03849
-108.5 26 4.05687
-108 26 4.07094
-107.5 26 4.07258
-107 26 4.05432
-106.5 26 4.04609
-106 26 4.0441
-105.5 26 4.04301
-105 26 4.03866
-104.5 26 4.02606
-104 26 4.01629
-103.5 26 4.00981
-103 26 4.00498
-102.5 26 4.00015
-102 26 3.99363
-101.5 26 3.98862
-101 26 3.98468
-100.5 26 3.98271
-100 26 3.98002
-99.5 26 3.97959
-99 26 3.98406
-98.5 26 3.99612
-98 26 4.01356
-97.5 26 4.03483
-97 26 4.03266
-96.5 26 4.02766
-96 26 4.02281
-95.5 26 4.01824
-95 26 4.01384
-94.5 26 4.01463
-94 26 4.01631
-93.5 26 4.01789
-93 26 4.01867
-92.5 26 4.019
-92 26 4.0178
-91.5 26 4.0164
-91 26 4.015
-90.5 26 4.01452
-90 26 4.01417
-89.5 26 4.01498
-89 26 4.01646
-88.5 26 4.02008
-88 26 4.03047
-87.5 26 4.04921
-87 26 4.06952
-86.5 26 4.0942
-86 26 4.133
-85.5 26 4.19847
-85 26 4.30231
-84.5 26 4.3745
-84 26 4.42222
-83.5 26 4.46336
-83 26 4.50742
-82.5 26 4.55797
-82 26 4.61479
-81.5 26 4.6766
-81 26 4.7417
-119 26.5 4.18438
-118.5 26.5 4.18797
-118 26.5 4.17536
-117.5 26.5 4.10807
-117 26.5 4.04093
-116.5 26.5 4.01999
-116 26.5 4.01194
-115.5 26.5 4.0076
-115 26.5 4.00269
-114.5 26.5 4.00119
-114 26.5 4.00881
-113.5 26.5 4.01878
-113 26.5 4.02181
-112.5 26.5 4.00619
-112 26.5 3.98724
-111.5 26.5 3.97975
-111 26.5 3.97714
-110.5 26.5 3.9805
-110 26.5 3.99388
-109.5 26.5 4.01046
-109 26.5 4.02066
-108.5 26.5 4.03113
-108 26.5 4.03467
-107.5 26.5 4.01811
-107 26.5 4.00343
-106.5 26.5 4.00462
-106 26.5 4.00803
-105.5 26.5 4.00779
-105 26.5 4.00073
-104.5 26.5 3.99253
-104 26.5 3.98891
-103.5 26.5 3.98607
-103 26.5 3.98293
-102.5 26.5 3.97843
-102 26.5 3.97415
-101.5 26.5 3.97003
-101 26.5 3.96603
-100.5 26.5 3.96187
-100 26.5 3.95917
-99.5 26.5 3.96006
-99 26.5 3.96373
-98.5 26.5 3.96914
-98 26.5 3.97404
-97.5 26.5 3.98333
-97 26.5 3.99438
-96.5 26.5 4.00011
-96 26.5 4.00382
-95.5 26.5 4.00578
-95 26.5 4.00512
-94.5 26.5 4.00308
-94 26.5 4.00248
-93.5 26.5 4.00186
-93 26.5 4.00094
-92.5 26.5 3.99991
-92 26.5 3.99858
-91.5 26.5 3.99693
-91 26.5 3.99556
-90.5 26.5 3.99429
-90 26.5 3.9934
-89.5 26.5 3.99191
-89 26.5 3.98893
-88.5 26.5 3.98671
-88 26.5 3.98816
-87.5 26.5 3.99993
-87 26.5 4.0162
-86.5 26.5 4.02788
-86 26.5 4.04648
-85.5 26.5 4.0843
-85 26.5 4.17755
-84.5 26.5 4.28038
-84 26.5 4.34055
-83.5 26.5 4.39071
-83 26.5 4.44013
-82.5 26.5 4.49299
-82 26.5 4.55027
-81.5 26.5 4.61164
-81 26.5 4.67601
-119 27 4.14898
-118.5 27 4.13761
-118 27 4.09866
-117.5 27 4.02814
-117 27 3.98728
-116.5 27 3.97278
-116 27 3.96948
-115.5 27 3.96907
-115 27 3.96861
-114.5 27 3.97326
-114 27 3.98183
-113.5 27 3.98741
-113 27 3.98379
-112.5 27 3.96774
-112 27 3.95774
-111.5 27 3.95434
-111 27 3.95763
-110.5 27 3.9671
-110 27 3.98417
-109.5 27 3.99044
-109 27 3.99819
-108.5 27 4.00091
-108 27 3.98627
-107.5 27 3.95895
-107 27 3.9549
-106.5 27 3.96151
-106 27 3.96783
-105.5 27 3.9679
-105 27 3.96106
-104.5 27 3.9606
-104 27 3.96121
-103.5 27 3.96073
-103 27 3.95945
-102.5 27 3.95679
-102 27 3.95465
-101.5 27 3.95102
-101 27 3.94602
-100.5 27 3.94045
-100 27 3.93643
-99.5 27 3.93736
-99 27 3.94117
-98.5 27 3.94048
-98 27 3.93387
-97.5 27 3.92893
-97 27 3.94895
-96.5 27 3.96703
-96 27 3.98065
-95.5 27 3.9907
-95 27 3.99605
-94.5 27 3.99369
-94 27 3.99129
-93.5 27 3.98838
-93 27 3.98523
-92.5 27 3.98212
-92 27 3.98012
-91.5 27 3.97842
-91 27 3.97754
-90.5 27 3.97698
-90 27 3.97606
-89.5 27 3.97271
-89 27 3.96822
-88.5 27 3.96109
-88 27 3.95568
-87.5 27 3.95541
-87 27 3.96289
-86.5 27 3.96696
-86 27 3.97436
-85.5 27 3.99653
-85 27 4.05102
-84.5 27 4.15117
-84 27 4.23308
-83.5 27 4.30126
-83 27 4.36289
-82.5 27 4.42303
-82 27 4.48417
-81.5 27 4.5471
-81 27 4.61201
-119 27.5 4.11895
-118.5 27.5 4.0894
-118 27.5 4.04054
-117.5 27.5 3.98576
-117 27.5 3.95561
-116.5 27.5 3.94461
-116 27.5 3.94233
-115.5 27.5 3.94325
-115 27.5 3.9464
-114.5 27.5 3.95308
-114 27.5 3.96065
-113.5 27.5 3.96516
-113 27.5 3.96233
-112.5 27.5 3.95174
-112 27.5 3.94315
-111.5 27.5 3.94049
-111 27.5 3.94407
-110.5 27.5 3.95385
-110 27.5 3.96214
-109.5 27.5 3.97202
-109 27.5 3.98022
-108.5 27.5 3.96845
-108 27.5 3.94201
-107.5 27.5 3.91825
-107 27.5 3.91804
-106.5 27.5 3.92862
-106 27.5 3.93764
-105.5 27.5 3.94067
-105 27.5 3.93901
-104.5 27.5 3.93841
-104 27.5 3.93867
-103.5 27.5 3.94021
-103 27.5 3.94174
-102.5 27.5 3.94174
-102 27.5 3.93951
-101.5 27.5 3.93525
-101 27.5 3.92952
-100.5 27.5 3.9239
-100 27.5 3.91944
-99.5 27.5 3.92226
-99 27.5 3.92591
-98.5 27.5 3.92242
-98 27.5 3.91312
-97.5 27.5 3.90845
-97 27.5 3.92262
-96.5 27.5 3.94186
-96 27.5 3.95972
-95.5 27.5 3.97371
-95 27.5 3.98168
-94.5 27.5 3.9826
-94 27.5 3.98038
-93.5 27.5 3.97633
-93 27.5 3.9712
-92.5 27.5 3.96629
-92 27.5 3.96329
-91.5 27.5 3.96168
-91 27.5 3.96127
-90.5 27.5 3.96216
-90 27.5 3.96284
-89.5 27.5 3.96017
-89 27.5 3.95381
-88.5 27.5 3.9454
-88 27.5 3.93558
-87.5 27.5 3.92853
-87 27.5 3.927
-86.5 27.5 3.92662
-86 27.5 3.93036
-85.5 27.5 3.94654
-85 27.5 3.98737
-84.5 27.5 4.06288
-84 27.5 4.14313
-83.5 27.5 4.21842
-83 27.5 4.28853
-82.5 27.5 4.35516
-82 27.5 4.42067
-81.5 27.5 4.48569
-81 27.5 4.55115
-119 28 4.08675
-118.5 28 4.04576
-118 28 3.99675
-117.5 28 3.95775
-117 28 3.94308
-116.5 28 3.93683
-116 28 3.93373
-115.5 28 3.93331
-115 28 3.93578
-114.5 28 3.94316
-114 28 3.95081
-113.5 28 3.95499
-113 28 3.95306
-112.5 28 3.94513
-112 28 3.93659
-111.5 28 3.93273
-111 28 3.93497
-110.5 28 3.9394
-110 28 3.94724
-109.5 28 3.96023
-109 28 3.95593
-108.5 28 3.93364
-108 28 3.90409
-107.5 28 3.88753
-107 28 3.89912
-106.5 28 3.91468
-106 28 3.9247
-105.5 28 3.92866
-105 28 3.92731
-104.5 28 3.92331
-104 28 3.92223
-103.5 28 3.9247
-103 28 3.92801
-102.5 28 3.92959
-102 28 3.92704
-101.5 28 3.92309
-101 28 3.91846
-100.5 28 3.91338
-100 28 3.91037
-99.5 28 3.91691
-99 28 3.91975
-98.5 28 3.91518
-98 28 3.90586
-97.5 28 3.90022
-97 28 3.91066
-96.5 28 3.92779
-96 28 3.9451
-95.5 28 3.95959
-95 28 3.96919
-94.5 28 3.97197
-94 28 3.96974
-93.5 28 3.96526
-93 28 3.95898
-92.5 28 3.95227
-92 28 3.94814
-91.5 28 3.94631
-91 28 3.94663
-90.5 28 3.94972
-90 28 3.9531
-89.5 28 3.95289
-89 28 3.94699
-88.5 28 3.9381
-88 28 3.92704
-87.5 28 3.91567
-87 28 3.91094
-86.5 28 3.91073
-86 28 3.91505
-85.5 28 3.92672
-85 28 3.95276
-84.5 28 4.00826
-84 28 4.07927
-83.5 28 4.15345
-83 28 4.22599
-82.5 28 4.29609
-82 28 4.36399
-81.5 28 4.43052
-81 28 4.4958
-119 28.5 4.06063
-118.5 28.5 4.01522
-118 28.5 3.97167
-117.5 28.5 3.94964
-117 28.5 3.95409
-116.5 28.5 3.9494
-116 28.5 3.94167
-115.5 28.5 3.93571
-115 28.5 3.93588
-114.5 28.5 3.94483
-114 28.5 3.95071
-113.5 28.5 3.95301
-113 28.5 3.95044
-112.5 28.5 3.943
-112 28.5 3.9333
-111.5 28.5 3.92845
-111 28.5 3.9294
-110.5 28.5 3.93243
-110 28.5 3.94062
-109.5 28.5 3.94798
-109 28.5 3.93736
-108.5 28.5 3.91094
-108 28.5 3.88513
-107.5 28.5 3.87908
-107 28.5 3.908
-106.5 28.5 3.92363
-106 28.5 3.9281
-105.5 28.5 3.92631
-105 28.5 3.92067
-104.5 28.5 3.91162
-104 28.5 3.90929
-103.5 28.5 3.91106
-103 28.5 3.91473
-102.5 28.5 3.91854
-102 28.5 3.91633
-101.5 28.5 3.91514
-101 28.5 3.91505
-100.5 28.5 3.91383
-100 28.5 3.91353
-99.5 28.5 3.92221
-99 28.5 3.92584
-98.5 28.5 3.92211
-98 28.5 3.91385
-97.5 28.5 3.90514
-97 28.5 3.91297
-96.5 28.5 3.92519
-96 28.5 3.93813
-95.5 28.5 3.94956
-95 28.5 3.95954
-94.5 28.5 3.96198
-94 28.5 3.96043
-93.5 28.5 3.95638
-93 28.5 3.95018
-92.5 28.5 3.94168
-92 28.5 3.93641
-91.5 28.5 3.93323
-91 28.5 3.93317
-90.5 28.5 3.9367
-90 28.5 3.94587
-89.5 28.5 3.94779
-89 28.5 3.94586
-88.5 28.5 3.94105
-88 28.5 3.93269
-87.5 28.5 3.91885
-87 28.5 3.91456
-86.5 28.5 3.9184
-86 28.5 3.92621
-85.5 28.5 3.93585
-85 28.5 3.94394
-84.5 28.5 3.98204
-84 28.5 4.04135
-83.5 28.5 4.10955
-83 28.5 4.17922
-82.5 28.5 4.24813
-82 28.5 4.31581
-81.5 28.5 4.38208
-81 28.5 4.4467
-119 29 4.04818
-118.5 29 4.00557
-118 29 3.97042
-117.5 29 3.97573
-117 29 3.98755
-116.5 29 3.9724
-116 29 3.95625
-115.5 29 3.94523
-115 29 3.94802
-114.5 29 3.95521
-114 29 3.95537
-113.5 29 3.95382
-113 29 3.94945
-112.5 29 3.94006
-112 29 3.92958
-111.5 29 3.92991
-111 29 3.9305
-110.5 29 3.93179
-110 29 3.94055
-109.5 29 3.94345
-109 29 3.92844
-108.5 29 3.90596
-108 29 3.89331
-107.5 29 3.91992
-107 29 3.9484
-106.5 29 3.94521
-106 29 3.93572
-105.5 29 3.92395
-105 29 3.90929
-104.5 29 3.89961
-104 29 3.89687
-103.5 29 3.89894
-103 29 3.9023
-102.5 29 3.90423
-102 29 3.90719
-101.5 29 3.91481
-101 29 3.92295
-100.5 29 3.93189
-100 29 3.9404
-99.5 29 3.94465
-99 29 3.94445
-98.5 29 3.9423
-98 29 3.93965
-97.5 29 3.93534
-97 29 3.93167
-96.5 29 3.93343
-96 29 3.93763
-95.5 29 3.94259
-95 29 3.9483
-94.5 29 3.95258
-94 29 3.95254
-93.5 29 3.95049
-93 29 3.94648
-92.5 29 3.93865
-92 29 3.92978
-91.5 29 3.92459
-91 29 3.92155
-90.5 29 3.9226
-90 29 3.93206
-89.5 29 3.94286
-89 29 3.94769
-88.5 29 3.95124
-88 29 3.95238
-87.5 29 3.94333
-87 29 3.93559
-86.5 29 3.94226
-86 29 3.95705
-85.5 29 3.97407
-85 29 3.97446
-84.5 29 3.98387
-84 29 4.02901
-83.5 29 4.08543
-83 29 4.1476
-82.5 29 4.21174
-82 29 4.27614
-81.5 29 4.33972
-81 29 4.40218
-119 29.5 4.04668
-118.5 29.5 4.01059
-118 29.5 3.99432
-117.5 29.5 4.00472
-117 29.5 4.00154
-116.5 29.5 3.98512
-116 29.5 3.96875
-115.5 29.5 3.95848
-115 29.5 3.95898
-114.5 29.5 3.95826
-114 29.5 3.95609
-113.5 29.5 3.9524
-113 29.5 3.94675
-112.5 29.5 3.93605
-112 29.5 3.93565
-111.5 29.5 3.93331
-111 29.5 3.93025
-110.5 29.5 3.93472
-110 29.5 3.94277
-109.5 29.5 3.9407
-109 29.5 3.92511
-108.5 29.5 3.91235
-108 29.5 3.92168
-107.5 29.5 3.95947
-107 29.5 3.96541
-106.5 29.5 3.95458
-106 29.5 3.93775
-105.5 29.5 3.91733
-105 29.5 3.89802
-104.5 29.5 3.88824
-104 29.5 3.88854
-103.5 29.5 3.89202
-103 29.5 3.89362
-102.5 29.5 3.89362
-102 29.5 3.90488
-101.5 29.5 3.91939
-101 29.5 3.93612
-100.5 29.5 3.95491
-100 29.5 3.97211
-99.5 29.5 3.97166
-99 29.5 3.96775
-98.5 29.5 3.96555
-98 29.5 3.96657
-97.5 29.5 3.96742
-97 29.5 3.955
-96.5 29.5 3.94723
-96 29.5 3.943
-95.5 29.5 3.9411
-95 29.5 3.9411
-94.5 29.5 3.9446
-94 29.5 3.94633
-93.5 29.5 3.94588
-93 29.5 3.94328
-92.5 29.5 3.93772
-92 29.5 3.92838
-91.5 29.5 3.92114
-91 29.5 3.91695
-90.5 29.5 3.91701
-90 29.5 3.92327
-89.5 29.5 3.93778
-89 29.5 3.94929
-88.5 29.5 3.95999
-88 29.5 3.96818
-87.5 29.5 3.97037
-87 29.5 3.96559
-86.5 29.5 3.97171
-86 29.5 3.98488
-85.5 29.5 4.00071
-85 29.5 4.00905
-84.5 29.5 4.00901
-84 29.5 4.03344
-83.5 29.5 4.07663
-83 29.5 4.1286
-82.5 29.5 4.18577
-82 29.5 4.24511
-81.5 29.5 4.30456
-81 29.5 4.36295
-119 30 4.04208
-118.5 30 4.02136
-118 30 4.01423
-117.5 30 4.01561
-117 30 4.00607
-116.5 30 3.9893
-116 30 3.97277
-115.5 30 3.96164
-115 30 3.95701
-114.5 30 3.95484
-114 30 3.95261
-113.5 30 3.94878
-113 30 3.94213
-112.5 30 3.94045
-112 30 3.936
-111.5 30 3.92885
-111 30 3.93574
-110.5 30 3.94559
-110 30 3.95252
-109.5 30 3.94031
-109 30 3.92154
-108.5 30 3.91684
-108 30 3.93138
-107.5 30 3.95462
-107 30 3.96015
-106.5 30 3.95064
-106 30 3.92943
-105.5 30 3.90608
-105 30 3.88538
-104.5 30 3.87996
-104 30 3.88373
-103.5 30 3.88566
-103 30 3.88585
-102.5 30 3.88954
-102 30 3.90305
-101.5 30 3.92212
-101 30 3.94622
-100.5 30 3.97047
-100 30 3.98869
-99.5 30 3.99136
-99 30 3.98769
-98.5 30 3.98444
-98 30 3.98305
-97.5 30 3.97986
-97 30 3.96904
-96.5 30 3.95835
-96 30 3.95033
-95.5 30 3.94486
-95 30 3.94202
-94.5 30 3.94252
-94 30 3.94321
-93.5 30 3.94245
-93 30 3.93951
-92.5 30 3.93378
-92 30 3.92647
-91.5 30 3.92059
-91 30 3.91836
-90.5 30 3.92081
-90 30 3.92892
-89.5 30 3.94231
-89 30 3.95599
-88.5 30 3.96856
-88 30 3.97964
-87.5 30 3.98661
-87 30 3.98839
-86.5 30 3.99363
-86 30 4.00306
-85.5 30 4.01161
-85 30 4.01438
-84.5 30 4.01697
-84 30 4.03589
-83.5 30 4.06923
-83 30 4.11512
-82.5 30 4.16853
-82 30 4.22369
-81.5 30 4.27807
-81 30 4.33104
-119 30.5 4.04811
-118.5 30.5 4.03774
-118 30.5 4.03515
-117.5 30.5 4.02613
-117 30.5 4.00335
-116.5 30.5 3.98128
-116 30.5 3.96426
-115.5 30.5 3.95307
-115 30.5 3.94812
-114.5 30.5 3.94659
-114 30.5 3.94443
-113.5 30.5 3.94072
-113 30.5 3.93871
-112.5 30.5 3.93585
-112 30.5 3.92899
-111.5 30.5 3.93741
-111 30.5 3.95417
-110.5 30.5 3.96945
-110 30.5 3.96515
-109.5 30.5 3.93427
-109 30.5 3.91504
-108.5 30.5 3.91441
-108 30.5 3.9283
-107.5 30.5 3.94359
-107 30.5 3.9445
-106.5 30.5 3.92963
-106 30.5 3.90774
-105.5 30.5 3.88443
-105 30.5 3.86966
-104.5 30.5 3.87229
-104 30.5 3.87516
-103.5 30.5 3.87597
-103 30.5 3.87613
-102.5 30.5 3.88219
-102 30.5 3.90039
-101.5 30.5 3.9266
-101 30.5 3.95559
-100.5 30.5 3.98311
-100 30.5 4.00271
-99.5 30.5 4.00629
-99 30.5 4.003
-98.5 30.5 3.99834
-98 30.5 3.99395
-97.5 30.5 3.98789
-97 30.5 3.97837
-96.5 30.5 3.96728
-96 30.5 3.9576
-95.5 30.5 3.95043
-95 30.5 3.94573
-94.5 30.5 3.9437
-94 30.5 3.94262
-93.5 30.5 3.94065
-93 30.5 3.93668
-92.5 30.5 3.93109
-92 30.5 3.92555
-91.5 30.5 3.92244
-91 30.5 3.92311
-90.5 30.5 3.92905
-90 30.5 3.94051
-89.5 30.5 3.95347
-89 30.5 3.96683
-88.5 30.5 3.97914
-88 30.5 3.99117
-87.5 30.5 4.00019
-87 30.5 4.00584
-86.5 30.5 4.01032
-86 30.5 4.01486
-85.5 30.5 4.01476
-85 30.5 4.0115
-84.5 30.5 4.01291
-84 30.5 4.02861
-83.5 30.5 4.05809
-83 30.5 4.10082
-82.5 30.5 4.15461
-82 30.5 4.20845
-81.5 30.5 4.25872
-81 30.5 4.30588
-119 31 4.05437
-118.5 31 4.05291
-118 31 4.0488
-117.5 31 4.02386
-117 31 3.98161
-116.5 31 3.95689
-116 31 3.94293
-115.5 31 3.93542
-115 31 3.93313
-114.5 31 3.93365
-114 31 3.93277
-113.5 31 3.93085
-113 31 3.9296
-112.5 31 3.92637
-112 31 3.93145
-111.5 31 3.94822
-111 31 3.96939
-110.5 31 3.97913
-110 31 3.95555
-109.5 31 3.90457
-109 31 3.88657
-108.5 31 3.89456
-108 31 3.91071
-107.5 31 3.91987
-107 31 3.9089
-106.5 31 3.89392
-106 31 3.8761
-105.5 31 3.86039
-105 31 3.85611
-104.5 31 3.86581
-104 31 3.87038
-103.5 31 3.87056
-103 31 3.87267
-102.5 31 3.8817
-102 31 3.90826
-101.5 31 3.93689
-101 31 3.96566
-100.5 31 3.99192
-100 31 4.01147
-99.5 31 4.01405
-99 31 4.01071
-98.5 31 4.00593
-98 31 4.00063
-97.5 31 3.99418
-97 31 3.9845
-96.5 31 3.97424
-96 31 3.9641
-95.5 31 3.95557
-95 31 3.95002
-94.5 31 3.94579
-94 31 3.94297
-93.5 31 3.94097
-93 31 3.93725
-92.5 31 3.93098
-92 31 3.92704
-91.5 31 3.926
-91 31 3.92865
-90.5 31 3.93705
-90 31 3.95207
-89.5 31 3.96624
-89 31 3.97867
-88.5 31 3.98973
-88 31 4.00021
-87.5 31 4.0121
-87 31 4.01959
-86.5 31 4.02464
-86 31 4.0268
-85.5 31 4.02281
-85 31 4.00888
-84.5 31 4.00619
-84 31 4.01715
-83.5 31 4.04135
-83 31 4.08036
-82.5 31 4.13753
-82 31 4.19264
-81.5 31 4.23999
-81 31 4.28259
-119 31.5 4.05366
-118.5 31.5 4.05184
-118 31.5 4.04073
-117.5 31.5 3.99054
-117 31.5 3.93988
-116.5 31.5 3.92307
-116 31.5 3.91577
-115.5 31.5 3.91339
-115 31.5 3.91591
-114.5 31.5 3.91889
-114 31.5 3.91921
-113.5 31.5 3.9187
-113 31.5 3.91826
-112.5 31.5 3.91938
-112 31.5 3.92835
-111.5 31.5 3.943
-111 31.5 3.95479
-110.5 31.5 3.94776
-110 31.5 3.88972
-109.5 31.5 3.83519
-109 31.5 3.83818
-108.5 31.5 3.85652
-108 31.5 3.8721
-107.5 31.5 3.86843
-107 31.5 3.85732
-106.5 31.5 3.85113
-106 31.5 3.84512
-105.5 31.5 3.8441
-105 31.5 3.85831
-104.5 31.5 3.87172
-104 31.5 3.87365
-103.5 31.5 3.87594
-103 31.5 3.88574
-102.5 31.5 3.90651
-102 31.5 3.93037
-101.5 31.5 3.95224
-101 31.5 3.97396
-100.5 31.5 3.99207
-100 31.5 4.00411
-99.5 31.5 4.00991
-99 31.5 4.01061
-98.5 31.5 4.00763
-98 31.5 4.00329
-97.5 31.5 3.99712
-97 31.5 3.98927
-96.5 31.5 3.97929
-96 31.5 3.96945
-95.5 31.5 3.95981
-95 31.5 3.95287
-94.5 31.5 3.94798
-94 31.5 3.94505
-93.5 31.5 3.94299
-93 31.5 3.94143
-92.5 31.5 3.93641
-92 31.5 3.93157
-91.5 31.5 3.93073
-91 31.5 3.93375
-90.5 31.5 3.94116
-90 31.5 3.95763
-89.5 31.5 3.97605
-89 31.5 3.98813
-88.5 31.5 3.99815
-88 31.5 4.00684
-87.5 31.5 4.01836
-87 31.5 4.02963
-86.5 31.5 4.03668
-86 31.5 4.04093
-85.5 31.5 4.03917
-85 31.5 4.02065
-84.5 31.5 4.00412
-84 31.5 4.0086
-83.5 31.5 4.02384
-83 31.5 4.05368
-82.5 31.5 4.10947
-82 31.5 4.17125
-81.5 31.5 4.21677
-81 31.5 4.25693
-119 32 4.04029
-118.5 32 4.03036
-118 32 4.00345
-117.5 32 3.95281
-117 32 3.91585
-116.5 32 3.89949
-116 32 3.89358
-115.5 32 3.89391
-115 32 3.8982
-114.5 32 3.90253
-114 32 3.90455
-113.5 32 3.90553
-113 32 3.9054
-112.5 32 3.90677
-112 32 3.91155
-111.5 32 3.91543
-111 32 3.90755
-110.5 32 3.87696
-110 32 3.81703
-109.5 32 3.7933
-109 32 3.79857
-108.5 32 3.81215
-108 32 3.8234
-107.5 32 3.82152
-107 32 3.81944
-106.5 32 3.81929
-106 32 3.82329
-105.5 32 3.83652
-105 32 3.8598
-104.5 32 3.87135
-104 32 3.87699
-103.5 32 3.88631
-103 32 3.90469
-102.5 32 3.93224
-102 32 3.94949
-101.5 32 3.96492
-101 32 3.97912
-100.5 32 3.98992
-100 32 3.995
-99.5 32 4.0038
-99 32 4.00734
-98.5 32 4.00647
-98 32 4.00386
-97.5 32 3.99995
-97 32 3.99385
-96.5 32 3.98513
-96 32 3.97508
-95.5 32 3.96512
-95 32 3.95599
-94.5 32 3.95111
-94 32 3.94793
-93.5 32 3.94651
-93 32 3.94594
-92.5 32 3.94437
-92 32 3.9402
-91.5 32 3.93878
-91 32 3.94152
-90.5 32 3.94928
-90 32 3.96304
-89.5 32 3.98186
-89 32 3.99713
-88.5 32 4.00715
-88 32 4.01488
-87.5 32 4.02314
-87 32 4.03378
-86.5 32 4.04172
-86 32 4.04591
-85.5 32 4.04363
-85 32 4.03141
-84.5 32 4.01314
-84 32 4.00796
-83.5 32 4.01695
-83 32 4.04107
-82.5 32 4.08449
-82 32 4.14068
-81.5 32 4.18833
-81 32 4.22857
-119 32.5 4.02443
-118.5 32.5 4.00405
-118 32.5 3.97115
-117.5 32.5 3.93062
-117 32.5 3.90123
-116.5 32.5 3.8848
-116 32.5 3.87772
-115.5 32.5 3.87731
-115 32.5 3.88157
-114.5 32.5 3.88684
-114 32.5 3.88983
-113.5 32.5 3.89114
-113 32.5 3.89038
-112.5 32.5 3.88928
-112 32.5 3.88797
-111.5 32.5 3.88171
-111 32.5 3.8636
-110.5 32.5 3.82956
-110 32.5 3.79152
-109.5 32.5 3.77247
-109 32.5 3.77162
-108.5 32.5 3.78673
-108 32.5 3.80088
-107.5 32.5 3.80311
-107 32.5 3.79861
-106.5 32.5 3.79705
-106 32.5 3.80346
-105.5 32.5 3.81983
-105 32.5 3.84277
-104.5 32.5 3.85992
-104 32.5 3.87298
-103.5 32.5 3.88854
-103 32.5 3.91054
-102.5 32.5 3.9359
-102 32.5 3.95515
-101.5 32.5 3.96961
-101 32.5 3.9817
-100.5 32.5 3.99104
-100 32.5 3.99811
-99.5 32.5 4.00189
-99 32.5 4.00258
-98.5 32.5 4.00223
-98 32.5 4.00197
-97.5 32.5 4.00103
-97 32.5 3.9971
-96.5 32.5 3.98969
-96 32.5 3.98014
-95.5 32.5 3.96986
-95 32.5 3.96026
-94.5 32.5 3.95426
-94 32.5 3.95165
-93.5 32.5 3.95099
-93 32.5 3.95169
-92.5 32.5 3.95227
-92 32.5 3.95082
-91.5 32.5 3.95032
-91 32.5 3.95339
-90.5 32.5 3.96168
-90 32.5 3.9755
-89.5 32.5 3.99207
-89 32.5 4.00667
-88.5 32.5 4.01826
-88 32.5 4.02527
-87.5 32.5 4.02978
-87 32.5 4.03599
-86.5 32.5 4.04145
-86 32.5 4.0432
-85.5 32.5 4.0393
-85 32.5 4.0278
-84.5 32.5 4.0145
-84 32.5 4.00956
-83.5 32.5 4.01494
-83 32.5 4.03559
-82.5 32.5 4.07325
-82 32.5 4.12054
-81.5 32.5 4.16466
-81 32.5 4.20286
-119 33 4.00344
-118.5 33 3.97668
-118 33 3.94344
-117.5 33 3.91286
-117 33 3.8926
-116.5 33 3.87791
-116 33 3.86867
-115.5 33 3.86568
-115 33 3.86849
-114.5 33 3.87422
-114 33 3.87768
-113.5 33 3.87844
-113 33 3.87567
-112.5 33 3.87121
-112 33 3.86385
-111.5 33 3.85146
-111 33 3.83037
-110.5 33 3.80353
-110 33 3.7771
-109.5 33 3.76231
-109 33 3.76762
-108.5 33 3.78411
-108 33 3.7979
-107.5 33 3.79632
-107 33 3.78171
-106.5 33 3.77505
-106 33 3.78056
-105.5 33 3.79762
-105 33 3.82092
-104.5 33 3.84365
-104 33 3.86364
-103.5 33 3.88468
-103 33 3.90821
-102.5 33 3.93252
-102 33 3.95227
-101.5 33 3.96784
-101 33 3.97924
-100.5 33 3.9911
-100 33 3.9999
-99.5 33 3.99781
-99 33 3.99473
-98.5 33 3.99414
-98 33 3.99629
-97.5 33 3.99791
-97 33 3.99731
-96.5 33 3.99396
-96 33 3.98729
-95.5 33 3.97807
-95 33 3.9672
-94.5 33 3.96056
-94 33 3.95762
-93.5 33 3.9573
-93 33 3.95908
-92.5 33 3.9623
-92 33 3.96308
-91.5 33 3.96398
-91 33 3.96746
-90.5 33 3.97649
-90 33 3.98962
-89.5 33 4.00516
-89 33 4.01979
-88.5 33 4.03156
-88 33 4.03733
-87.5 33 4.0364
-87 33 4.0369
-86.5 33 4.03895
-86 33 4.03845
-85.5 33 4.03242
-85 33 4.02229
-84.5 33 4.01222
-84 33 4.00751
-83.5 33 4.01251
-83 33 4.03167
-82.5 33 4.06681
-82 33 4.10857
-81.5 33 4.14773
-81 33 4.18189
-119 33.5 3.98278
-118.5 33.5 3.95304
-118 33.5 3.92262
-117.5 33.5 3.90296
-117 33.5 3.89396
-116.5 33.5 3.87882
-116 33.5 3.86459
-115.5 33.5 3.85624
-115 33.5 3.85753
-114.5 33.5 3.86576
-114 33.5 3.869
-113.5 33.5 3.86689
-113 33.5 3.86167
-112.5 33.5 3.85397
-112 33.5 3.84193
-111.5 33.5 3.8277
-111 33.5 3.80848
-110.5 33.5 3.78816
-110 33.5 3.77179
-109.5 33.5 3.76806
-109 33.5 3.77541
-108.5 33.5 3.79082
-108 33.5 3.79958
-107.5 33.5 3.7867
-107 33.5 3.75728
-106.5 33.5 3.74764
-106 33.5 3.75533
-105.5 33.5 3.77442
-105 33.5 3.79976
-104.5 33.5 3.82786
-104 33.5 3.8521
-103.5 33.5 3.87854
-103 33.5 3.90476
-102.5 33.5 3.92645
-102 33.5 3.94515
-101.5 33.5 3.95618
-101 33.5 3.96904
-100.5 33.5 3.98008
-100 33.5 3.98942
-99.5 33.5 3.98139
-99 33.5 3.97677
-98.5 33.5 3.98157
-98 33.5 3.98738
-97.5 33.5 3.99148
-97 33.5 3.99511
-96.5 33.5 3.9977
-96 33.5 3.99834
-95.5 33.5 3.99344
-95 33.5 3.97996
-94.5 33.5 3.97317
-94 33.5 3.9693
-93.5 33.5 3.96655
-93 33.5 3.96714
-92.5 33.5 3.97313
-92 33.5 3.97626
-91.5 33.5 3.9776
-91 33.5 3.98201
-90.5 33.5 3.99033
-90 33.5 4.00372
-89.5 33.5 4.01863
-89 33.5 4.03446
-88.5 33.5 4.04827
-88 33.5 4.0536
-87.5 33.5 4.04447
-87 33.5 4.03805
-86.5 33.5 4.03679
-86 33.5 4.03509
-85.5 33.5 4.02925
-85 33.5 4.01764
-84.5 33.5 4.00802
-84 33.5 4.00355
-83.5 33.5 4.00762
-83 33.5 4.02535
-82.5 33.5 4.06062
-82 33.5 4.10021
-81.5 33.5 4.13497
-81 33.5 4.16474
-119 34 3.96968
-118.5 34 3.94113
-118 34 3.91011
-117.5 34 3.90351
-117 34 3.90078
-116.5 34 3.87854
-116 34 3.85833
-115.5 34 3.84613
-115 34 3.85212
-114.5 34 3.86335
-114 34 3.85938
-113.5 34 3.85392
-113 34 3.84971
-112.5 34 3.83895
-112 34 3.8254
-111.5 34 3.81219
-111 34 3.79801
-110.5 34 3.78575
-110 34 3.78032
-109.5 34 3.78107
-109 34 3.78688
-108.5 34 3.7951
-108 34 3.79182
-107.5 34 3.75598
-107 34 3.72025
-106.5 34 3.72021
-106 34 3.73306
-105.5 34 3.75459
-105 34 3.7836
-104.5 34 3.81163
-104 34 3.84517
-103.5 34 3.87233
-103 34 3.89163
-102.5 34 3.91284
-102 34 3.9232
-101.5 34 3.93728
-101 34 3.93778
-100.5 34 3.93319
-100 34 3.92878
-99.5 34 3.92719
-99 34 3.94288
-98.5 34 3.94895
-98 34 3.95454
-97.5 34 3.96633
-97 34 3.97835
-96.5 34 3.99062
-96 34 4.00099
-95.5 34 4.00829
-95 34 4.00185
-94.5 34 3.98962
-94 34 3.98317
-93.5 34 3.97738
-93 34 3.97348
-92.5 34 3.97907
-92 34 3.98732
-91.5 34 3.99051
-91 34 3.99416
-90.5 34 4.00214
-90 34 4.01458
-89.5 34 4.03018
-89 34 4.04714
-88.5 34 4.06403
-88 34 4.0737
-87.5 34 4.06009
-87 34 4.04138
-86.5 34 4.03741
-86 34 4.03402
-85.5 34 4.02936
-85 34 4.0173
-84.5 34 4.00494
-84 34 4.00033
-83.5 34 4.0006
-83 34 4.01473
-82.5 34 4.05022
-82 34 4.09088
-81.5 34 4.12153
-81 34 4.14793
-119 34.5 3.96262
-118.5 34.5 3.92831
-118 34.5 3.90929
-117.5 34.5 3.90579
-117 34.5 3.8914
-116.5 34.5 3.871
-116 34.5 3.8546
-115.5 34.5 3.84327
-115 34.5 3.84699
-114.5 34.5 3.84537
-114 34.5 3.84395
-113.5 34.5 3.84415
-113 34.5 3.83666
-112.5 34.5 3.82501
-112 34.5 3.81348
-111.5 34.5 3.80497
-111 34.5 3.7985
-110.5 34.5 3.79233
-110 34.5 3.78977
-109.5 34.5 3.79065
-109 34.5 3.79133
-108.5 34.5 3.78645
-108 34.5 3.76928
-107.5 34.5 3.73025
-107 34.5 3.71027
-106.5 34.5 3.70898
-106 34.5 3.72029
-105.5 34.5 3.74278
-105 34.5 3.76971
-104.5 34.5 3.8094
-104 34.5 3.83244
-103.5 34.5 3.84785
-103 34.5 3.87476
-102.5 34.5 3.89491
-102 34.5 3.91505
-101.5 34.5 3.91018
-101 34.5 3.89443
-100.5 34.5 3.88079
-100 34.5 3.86771
-99.5 34.5 3.89144
-99 34.5 3.89525
-98.5 34.5 3.90203
-98 34.5 3.91642
-97.5 34.5 3.93923
-97 34.5 3.96242
-96.5 34.5 3.98057
-96 34.5 3.99676
-95.5 34.5 4.01118
-95 34.5 4.01833
-94.5 34.5 4.00935
-94 34.5 4.00046
-93.5 34.5 3.99196
-93 34.5 3.98594
-92.5 34.5 3.98632
-92 34.5 3.9941
-91.5 34.5 3.99959
-91 34.5 4.00526
-90.5 34.5 4.01253
-90 34.5 4.0232
-89.5 34.5 4.0373
-89 34.5 4.05287
-88.5 34.5 4.06856
-88 34.5 4.0769
-87.5 34.5 4.06991
-87 34.5 4.05142
-86.5 34.5 4.04011
-86 34.5 4.03395
-85.5 34.5 4.0273
-85 34.5 4.01901
-84.5 34.5 4.00694
-84 34.5 3.99944
-83.5 34.5 4.00222
-83 34.5 4.01385
-82.5 34.5 4.04102
-82 34.5 4.0768
-81.5 34.5 4.10646
-81 34.5 4.13091
-119 35 3.94123
-118.5 35 3.92981
-118 35 3.92314
-117.5 35 3.90908
-117 35 3.88679
-116.5 35 3.86538
-116 35 3.84321
-115.5 35 3.83075
-115 35 3.82334
-114.5 35 3.82777
-114 35 3.83456
-113.5 35 3.82583
-113 35 3.81399
-112.5 35 3.80347
-112 35 3.80127
-111.5 35 3.80121
-111 35 3.79703
-110.5 35 3.79277
-110 35 3.79256
-109.5 35 3.79257
-109 35 3.78998
-108.5 35 3.78383
-108 35 3.76473
-107.5 35 3.73786
-107 35 3.71729
-106.5 35 3.70957
-106 35 3.72107
-105.5 35 3.74137
-105 35 3.77835
-104.5 35 3.79751
-104 35 3.80654
-103.5 35 3.84348
-103 35 3.88458
-102.5 35 3.92306
-102 35 3.92544
-101.5 35 3.90055
-101 35 3.8947
-100.5 35 3.89719
-100 35 3.91175
-99.5 35 3.90853
-99 35 3.89486
-98.5 35 3.8999
-98 35 3.92822
-97.5 35 3.96587
-97 35 3.98968
-96.5 35 4.00194
-96 35 4.01152
-95.5 35 4.02195
-95 35 4.02999
-94.5 35 4.02744
-94 35 4.0197
-93.5 35 4.0106
-93 35 4.00341
-92.5 35 4.0007
-92 35 4.00404
-91.5 35 4.00924
-91 35 4.01446
-90.5 35 4.02158
-90 35 4.03054
-89.5 35 4.04227
-89 35 4.05516
-88.5 35 4.06519
-88 35 4.0705
-87.5 35 4.06485
-87 35 4.0526
-86.5 35 4.0422
-86 35 4.03193
-85.5 35 4.02509
-85 35 4.01713
-84.5 35 4.01189
-84 35 4.00891
-83.5 35 4.00643
-83 35 4.01654
-82.5 35 4.04128
-82 35 4.07218
-81.5 35 4.0988
-81 35 4.11975
-119 35.5 3.94651
-118.5 35.5 3.95183
-118 35.5 3.95216
-117.5 35.5 3.92401
-117 35.5 3.87786
-116.5 35.5 3.83944
-116 35.5 3.81381
-115.5 35.5 3.79759
-115 35.5 3.80011
-114.5 35.5 3.81472
-114 35.5 3.81242
-113.5 35.5 3.79731
-113 35.5 3.78042
-112.5 35.5 3.78
-112 35.5 3.79438
-111.5 35.5 3.79871
-111 35.5 3.79536
-110.5 35.5 3.79147
-110 35.5 3.79185
-109.5 35.5 3.79515
-109 35.5 3.79671
-108.5 35.5 3.79035
-108 35.5 3.77586
-107.5 35.5 3.75226
-107 35.5 3.72832
-106.5 35.5 3.72312
-106 35.5 3.73456
-105.5 35.5 3.76018
-105 35.5 3.77853
-104.5 35.5 3.77795
-104 35.5 3.81227
-103.5 35.5 3.86853
-103 35.5 3.93415
-102.5 35.5 3.97119
-97.5 35.5 4.03489
-97 35.5 4.05148
-96.5 35.5 4.04963
-96 35.5 4.04417
-95.5 35.5 4.04498
-95 35.5 4.05011
-94.5 35.5 4.04889
-94 35.5 4.04163
-93.5 35.5 4.03191
-93 35.5 4.02232
-92.5 35.5 4.01648
-92 35.5 4.01551
-91.5 35.5 4.01744
-91 35.5 4.02129
-90.5 35.5 4.02727
-90 35.5 4.03682
-89.5 35.5 4.04599
-89 35.5 4.05364
-88.5 35.5 4.05876
-88 35.5 4.05924
-87.5 35.5 4.0572
-87 35.5 4.04964
-86.5 35.5 4.03852
-86 35.5 4.02719
-85.5 35.5 4.01871
-85 35.5 4.02046
-84.5 35.5 4.02072
-84 35.5 4.01512
-83.5 35.5 4.01027
-83 35.5 4.01793
-82.5 35.5 4.04543
-82 35.5 4.07698
-81.5 35.5 4.1004
-81 35.5 4.11638
-119 36 3.95986
-118.5 36 3.98452
-118 36 3.98575
-117.5 36 3.92535
-117 36 3.83837
-116.5 36 3.79179
-116 36 3.76785
-115.5 36 3.76115
-115 36 3.77798
-114.5 36 3.79879
-114 36 3.7918
-113.5 36 3.76727
-113 36 3.75159
-112.5 36 3.76913
-112 36 3.80178
-111.5 36 3.80712
-111 36 3.79973
-110.5 36 3.79372
-110 36 3.79798
-109.5 36 3.80942
-109 36 3.81153
-108.5 36 3.80578
-108 36 3.79101
-107.5 36 3.76559
-107 36 3.74205
-106.5 36 3.73904
-106 36 3.75139
-105.5 36 3.76854
-105 36 3.76857
-104.5 36 3.77157
-104 36 3.81849
-103.5 36 3.89469
-96.5 36 4.07626
-96 36 4.06189
-95.5 36 4.05575
-95 36 4.06451
-94.5 36 4.06709
-94 36 4.06135
-93.5 36 4.05202
-93 36 4.0418
-92.5 36 4.0311
-92 36 4.02548
-91.5 36 4.02373
-91 36 4.02414
-90.5 36 4.02862
-90 36 4.03895
-89.5 36 4.0475
-89 36 4.05024
-88.5 36 4.04887
-88 36 4.04656
-87.5 36 4.04703
-87 36 4.04244
-86.5 36 4.03006
-86 36 4.01591
-85.5 36 4.00998
-85 36 4.02043
-84.5 36 4.02735
-84 36 4.01775
-83.5 36 4.00578
-83 36 4.01043
-82.5 36 4.04707
-82 36 4.08545
-81.5 36 4.1059
-81 36 4.11677
-119 36.5 3.96867
-118.5 36.5 3.99843
-118 36.5 3.99604
-117.5 36.5 3.89038
-117 36.5 3.77934
-116.5 36.5 3.74512
-116 36.5 3.73168
-115.5 36.5 3.73341
-115 36.5 3.76667
-114.5 36.5 3.79306
-114 36.5 3.77852
-113.5 36.5 3.75146
-113 36.5 3.73892
-112.5 36.5 3.78152
-112 36.5 3.82682
-111.5 36.5 3.82298
-111 36.5 3.81004
-110.5 36.5 3.80264
-110 36.5 3.81589
-109.5 36.5 3.83074
-109 36.5 3.82826
-108.5 36.5 3.81948
-108 36.5 3.80336
-107.5 36.5 3.77289
-107 36.5 3.75018
-106.5 36.5 3.74732
-106 36.5 3.75614
-105.5 36.5 3.76304
-105 36.5 3.74414
-104.5 36.5 3.74788
-95.5 36.5 4.03462
-95 36.5 4.05152
-94.5 36.5 4.07149
-94 36.5 4.07291
-93.5 36.5 4.06739
-93 36.5 4.05908
-92.5 36.5 4.04627
-92 36.5 4.03428
-91.5 36.5 4.02752
-91 36.5 4.02399
-90.5 36.5 4.02495
-90 36.5 4.03557
-89.5 36.5 4.04537
-89 36.5 4.04452
-88.5 36.5 4.03844
-88 36.5 4.03236
-87.5 36.5 4.03422
-87 36.5 4.03313
-86.5 36.5 4.01929
-86 36.5 4.0033
-85.5 36.5 3.99431
-85 36.5 4.01212
-84.5 36.5 4.02837
-84 36.5 4.01509
-83.5 36.5 3.99689
-83 36.5 3.9944
-82.5 36.5 4.03756
-82 36.5 4.08875
-81.5 36.5 4.10601
-81 36.5 4.11393
-119 37 3.95518
-118.5 37 3.97057
-118 37 3.9442
-117.5 37 3.85524
-117 37 3.77553
-116.5 37 3.73977
-116 37 3.72874
-115.5 37 3.73662
-115 37 3.76279
-114.5 37 3.78027
-114 37 3.77022
-113.5 37 3.75284
-113 37 3.75676
-112.5 37 3.79508
-112 37 3.82421
-111.5 37 3.82528
-111 37 3.81809
-110.5 37 3.81648
-110 37 3.82769
-109.5 37 3.8341
-109 37 3.83247
-108.5 37 3.82508
-108 37 3.80531
-107.5 37 3.77708
-107 37 3.75742
-106.5 37 3.75015
-106 37 3.74768
-105.5 37 3.73956
-105 37 3.72501
-95 37 4.02606
-94.5 37 4.05628
-94 37 4.07179
-93.5 37 4.07493
-93 37 4.06966
-92.5 37 4.05827
-92 37 4.04396
-91.5 37 4.03251
-91 37 4.02548
-90.5 37 4.02462
-90 37 4.03105
-89.5 37 4.03852
-89 37 4.03786
-88.5 37 4.03266
-88 37 4.02708
-87.5 37 4.02536
-87 37 4.02257
-86.5 37 4.01192
-86 37 3.9998
-85.5 37 3.99446
-85 37 4.00441
-84.5 37 4.0168
-84 37 4.01028
-83.5 37 3.9981
-83 37 3.99967
-82.5 37 4.02888
-82 37 4.07004
-81.5 37 4.0928
-81 37 4.10396
-119 37.5 3.93518
-118.5 37.5 3.93349
-118 37.5 3.90214
-117.5 37.5 3.84154
-117 37.5 3.78695
-116.5 37.5 3.7563
-116 37.5 3.74557
-115.5 37.5 3.74913
-115 37.5 3.7642
-114.5 37.5 3.76896
-114 37.5 3.76002
-113.5 37.5 3.75907
-113 37.5 3.77303
-112.5 37.5 3.79741
-112 37.5 3.81289
-111.5 37.5 3.81548
-111 37.5 3.81406
-110.5 37.5 3.81645
-110 37.5 3.82169
-109.5 37.5 3.82807
-109 37.5 3.83008
-108.5 37.5 3.82074
-108 37.5 3.80263
-107.5 37.5 3.78016
-107 37.5 3.76256
-106.5 37.5 3.75151
-106 37.5 3.7427
-105.5 37.5 3.73606
-94.5 37.5 4.04585
-94 37.5 4.06955
-93.5 37.5 4.07989
-93 37.5 4.07852
-92.5 37.5 4.06762
-92 37.5 4.05165
-91.5 37.5 4.03684
-91 37.5 4.02736
-90.5 37.5 4.0257
-90 37.5 4.02971
-89.5 37.5 4.03494
-89 37.5 4.03566
-88.5 37.5 4.03157
-88 37.5 4.02719
-87.5 37.5 4.02443
-87 37.5 4.02056
-86.5 37.5 4.01249
-86 37.5 4.00409
-85.5 37.5 4.0009
-85 37.5 4.00703
-84.5 37.5 4.01267
-84 37.5 4.00894
-83.5 37.5 4.00622
-83 37.5 4.01265
-82.5 37.5 4.03231
-82 37.5 4.05919
-81.5 37.5 4.07953
-81 37.5 4.09244
-119 38 3.90919
-118.5 38 3.89782
-118 38 3.86924
-117.5 38 3.83329
-117 38 3.80291
-116.5 38 3.78202
-116 38 3.77131
-115.5 38 3.76987
-115 38 3.76743
-114.5 38 3.75877
-114 38 3.75814
-113.5 38 3.76925
-113 38 3.78652
-112.5 38 3.79622
-112 38 3.79559
-111.5 38 3.79563
-111 38 3.79891
-110.5 38 3.80361
-110 38 3.81027
-109.5 38 3.81671
-109 38 3.81685
-108.5 38 3.80962
-108 38 3.79529
-107.5 38 3.78078
-107 38 3.76858
-106.5 38 3.75727
-106 38 3.74867
-94 38 4.07379
-93.5 38 4.08911
-93 38 4.08998
-92.5 38 4.07705
-92 38 4.05817
-91.5 38 4.04093
-91 38 4.0297
-90.5 38 4.02624
-90 38 4.03071
-89.5 38 4.03611
-89 38 4.03688
-88.5 38 4.03411
-88 38 4.03098
-87.5 38 4.02906
-87 38 4.02591
-86.5 38 4.02024
-86 38 4.01407
-85.5 38 4.01206
-85 38 4.01259
-84.5 38 4.01391
-84 38 4.0153
-83.5 38 4.01946
-83 38 4.02813
-82.5 38 4.03946
-82 38 4.05455
-81.5 38 4.07029
-81 38 4.08327
-119 38.5 3.88487
-118.5 38.5 3.86626
-118 38.5 3.84259
-117.5 38.5 3.82809
-117 38.5 3.8199
-116.5 38.5 3.80816
-116 38.5 3.79862
-115.5 38.5 3.79115
-115 38.5 3.77224
-114.5 38.5 3.75235
-114 38.5 3.75847
-113.5 38.5 3.78006
-113 38.5 3.79831
-112.5 38.5 3.78973
-112 38.5 3.76957
-111.5 38.5 3.77015
-111 38.5 3.77926
-110.5 38.5 3.79046
-110 38.5 3.79861
-109.5 38.5 3.80122
-109 38.5 3.80219
-108.5 38.5 3.79685
-108 38.5 3.7885
-107.5 38.5 3.78374
-107 38.5 3.7797
-106.5 38.5 3.77031
-106 38.5 3.75876
-94 38.5 4.08303
-93.5 38.5 4.10065
-93 38.5 4.10323
-92.5 38.5 4.08746
-92 38.5 4.06444
-91.5 38.5 4.04517
-91 38.5 4.03256
-90.5 38.5 4.02835
-90 38.5 4.03345
-89.5 38.5 4.04022
-89 38.5 4.04131
-88.5 38.5 4.03879
-88 38.5 4.03662
-87.5 38.5 4.03683
-87 38.5 4.03596
-86.5 38.5 4.03218
-86 38.5 4.02814
-85.5 38.5 4.02528
-85 38.5 4.02127
-84.5 38.5 4.01955
-84 38.5 4.02492
-83.5 38.5 4.03554
-83 38.5 4.0461
-82.5 38.5 4.04811
-82 38.5 4.0524
-81.5 38.5 4.06482
-81 38.5 4.07793
-119 39 3.86359
-118.5 39 3.8413
-118 39 3.8232
-117.5 39 3.82816
-117 39 3.83697
-116.5 39 3.82561
-116 39 3.81591
-115.5 39 3.80947
-115 39 3.77435
-114.5 39 3.74705
-114 39 3.75844
-113.5 39 3.7849
-113 39 3.8095
-112.5 39 3.77981
-112 39 3.74337
-111.5 39 3.75024
-111 39 3.76657
-110.5 39 3.785
-110 39 3.79021
-109.5 39 3.79022
-109 39 3.79281
-108.5 39 3.79059
-108 39 3.78864
-107.5 39 3.7947
-107 39 3.79687
-106.5 39 3.78916
-93.5 39 4.10934
-93 39 4.11483
-92.5 39 4.09629
-92 39 4.06889
-91.5 39 4.05069
-91 39 4.03754
-90.5 39 4.03187
-90 39 4.03842
-89.5 39 4.04694
-89 39 4.04732
-88.5 39 4.04529
-88 39 4.04317
-87.5 39 4.04522
-87 39 4.04713
-86.5 39 4.0448
-86 39 4.0422
-85.5 39 4.03957
-85 39 4.03137
-84.5 39 4.02678
-84 39 4.0352
-83.5 39 4.04989
-83 39 4.06418
-82.5 39 4.05883
-82 39 4.05208
-81.5 39 4.06403
-81 39 4.07757
-119 39.5 3.85009
-118.5 39.5 3.83801
-118 39.5 3.82404
-117.5 39.5 3.82676
-117 39.5 3.82675
-116.5 39.5 3.82092
-116 39.5 3.81741
-115.5 39.5 3.80337
-115 39.5 3.77828
-114.5 39.5 3.75426
-114 39.5 3.76262
-113.5 39.5 3.79001
-113 39.5 3.79721
-112.5 39.5 3.77375
-112 39.5 3.75081
-111.5 39.5 3.75248
-111 39.5 3.76647
-110.5 39.5 3.78085
-110 39.5 3.7891
-109.5 39.5 3.7922
-109 39.5 3.79599
-108.5 39.5 3.79902
-108 39.5 3.80143
-107.5 39.5 3.80778
-107 39.5 3.81171
-106.5 39.5 3.80904
-93.5 39.5 4.10472
-93 39.5 4.11056
-92.5 39.5 4.09853
-92 39.5 4.07698
-91.5 39.5 4.06003
-91 39.5 4.04864
-90.5 39.5 4.04343
-90 39.5 4.04657
-89.5 39.5 4.05251
-89 39.5 4.05385
-88.5 39.5 4.0529
-88 39.5 4.05246
-87.5 39.5 4.05374
-87 39.5 4.05553
-86.5 39.5 4.05441
-86 39.5 4.0513
-85.5 39.5 4.04695
-85 39.5 4.04043
-84.5 39.5 4.03551
-84 39.5 4.04182
-83.5 39.5 4.05658
-83 39.5 4.0674
-82.5 39.5 4.06697
-82 39.5 4.06475
-81.5 39.5 4.07226
-81 39.5 4.08287
-119 40 3.85299
-118.5 40 3.83196
-118 40 3.81741
-117.5 40 3.81003
-117 40 3.81493
-116.5 40 3.81865
-116 40 3.80482
-115.5 40 3.79127
-115 40 3.76893
-114.5 40 3.76991
-114 40 3.78815
-113.5 40 3.78676
-113 40 3.78006
-112.5 40 3.76816
-112 40 3.76441
-111.5 40 3.76963
-111 40 3.77588
-110.5 40 3.78552
-110 40 3.79325
-109.5 40 3.80221
-109 40 3.81013
-108.5 40 3.8119
-108 40 3.81456
-107.5 40 3.82179
-107 40 3.8299
-106.5 40 3.83324
-93.5 40 4.09954
-93 40 4.1051
-92.5 40 4.09704
-92 40 4.08218
-91.5 40 4.06923
-91 40 4.05987
-90.5 40 4.05541
-90 40 4.05702
-89.5 40 4.06024
-89 40 4.06113
-88.5 40 4.06151
-88 40 4.06198
-87.5 40 4.06293
-87 40 4.06283
-86.5 40 4.06103
-86 40 4.05801
-85.5 40 4.05321
-85 40 4.04437
-84.5 40 4.04171
-84 40 4.04858
-83.5 40 4.05631
-83 40 4.06415
-82.5 40 4.06995
-82 40 4.07529
-81.5 40 4.08329
-81 40 4.09206
-119 40.5 3.84464
-118.5 40.5 3.81901
-118 40.5 3.79553
-117.5 40.5 3.79856
-117 40.5 3.81367
-116.5 40.5 3.80505
-116 40.5 3.7836
-115.5 40.5 3.76268
-115 40.5 3.7732
-114.5 40.5 3.79978
-114 40.5 3.79831
-113.5 40.5 3.77683
-113 40.5 3.75623
-112.5 40.5 3.76566
-112 40.5 3.7897
-111.5 40.5 3.79835
-111 40.5 3.79804
-110.5 40.5 3.79857
-110 40.5 3.80849
-109.5 40.5 3.82121
-109 40.5 3.82593
-108.5 40.5 3.82553
-108 40.5 3.82767
-107.5 40.5 3.83958
-107 40.5 3.85454
-106.5 40.5 3.8628
-93.5 40.5 4.10155
-93 40.5 4.10633
-92.5 40.5 4.09901
-92 40.5 4.08615
-91.5 40.5 4.07533
-91 40.5 4.06835
-90.5 40.5 4.06537
-90 40.5 4.06619
-89.5 40.5 4.06813
-89 40.5 4.06983
-88.5 40.5 4.07096
-88 40.5 4.0719
-87.5 40.5 4.0713
-87 40.5 4.06927
-86.5 40.5 4.06733
-86 40.5 4.06469
-85.5 40.5 4.0577
-85 40.5 4.04976
-84.5 40.5 4.04564
-84 40.5 4.04583
-83.5 40.5 4.04933
-83 40.5 4.05631
-82.5 40.5 4.06956
-82 40.5 4.08483
-81.5 40.5 4.09659
-81 40.5 4.10508
-119 41 3.83546
-118.5 41 3.79808
-118 41 3.77522
-117.5 41 3.79444
-117 41 3.81475
-116.5 41 3.79219
-116 41 3.7549
-115.5 41 3.73959
-115 41 3.78026
-114.5 41 3.82559
-114 41 3.80754
-113.5 41 3.75685
-113 41 3.72982
-112.5 41 3.77309
-112 41 3.83085
-111.5 41 3.8381
-111 41 3.82484
-110.5 41 3.81653
-110 41 3.8275
-109.5 41 3.84217
-109 41 3.84269
-108.5 41 3.83705
-108 41 3.83953
-107.5 41 3.86059
-107 41 3.88536
-106.5 41 3.89744
-93.5 41 4.1108
-93 41 4.11415
-92.5 41 4.103
-92 41 4.08745
-91.5 41 4.07875
-91 41 4.07367
-90.5 41 4.07214
-90 41 4.07399
-89.5 41 4.07641
-89 41 4.07844
-88.5 41 4.08059
-88 41 4.08134
-87.5 41 4.07871
-87 41 4.0757
-86.5 41 4.07441
-86 41 4.07113
-85.5 41 4.0641
-85 41 4.053
-84.5 41 4.04324
-84 41 4.03832
-83.5 41 4.03709
-83 41 4.04422
-82.5 41 4.06854
-82 41 4.09583
-81.5 41 4.11112
-81 41 4.11986
-119 41.5 3.83253
-118.5 41.5 3.79068
-118 41.5 3.76145
-117.5 41.5 3.79389
-117 41.5 3.8213
-116.5 41.5 3.78244
-116 41.5 3.73425
-115.5 41.5 3.71291
-115 41.5 3.78227
-114.5 41.5 3.84702
-114 41.5 3.80658
-113.5 41.5 3.73881
-113 41.5 3.70081
-112.5 41.5 3.77753
-112 41.5 3.86896
-111.5 41.5 3.86347
-111 41.5 3.83922
-110.5 41.5 3.82389
-110 41.5 3.83861
-109.5 41.5 3.85749
-109 41.5 3.8529
-108.5 41.5 3.84397
-108 41.5 3.8468
-107.5 41.5 3.87857
-107 41.5 3.9144
-106.5 41.5 3.9264
-106 41.5 3.92465
-94 41.5 4.10417
-93.5 41.5 4.11687
-93 41.5 4.11921
-92.5 41.5 4.10332
-92 41.5 4.08496
-91.5 41.5 4.07946
-91 41.5 4.07725
-90.5 41.5 4.07739
-90 41.5 4.08031
-89.5 41.5 4.08356
-89 41.5 4.08618
-88.5 41.5 4.08885
-88 41.5 4.08971
-87.5 41.5 4.08565
-87 41.5 4.08077
-86.5 41.5 4.07911
-86 41.5 4.07594
-85.5 41.5 4.06883
-85 41.5 4.05372
-84.5 41.5 4.03923
-84 41.5 4.03156
-83.5 41.5 4.02723
-83 41.5 4.03424
-82.5 41.5 4.0695
-82 41.5 4.10844
-81.5 41.5 4.125
-81 41.5 4.13387
-119 42 3.8501
-118.5 42 3.80827
-118 42 3.78772
-117.5 42 3.7995
-117 42 3.80388
-116.5 42 3.77216
-116 42 3.73578
-115.5 42 3.7266
-115 42 3.76827
-114.5 42 3.80876
-114 42 3.78405
-113.5 42 3.7342
-113 42 3.71645
-112.5 42 3.76486
-112 42 3.82754
-111.5 42 3.83926
-111 42 3.82912
-110.5 42 3.82243
-110 42 3.83367
-109.5 42 3.84715
-109 42 3.84916
-108.5 42 3.85158
-108 42 3.8611
-107.5 42 3.88876
-107 42 3.92244
-106.5 42 3.9393
-106 42 3.93857
-94 42 4.09371
-93.5 42 4.10678
-93 42 4.10812
-92.5 42 4.09733
-92 42 4.08651
-91.5 42 4.08211
-91 42 4.08146
-90.5 42 4.08259
-90 42 4.08503
-89.5 42 4.08874
-89 42 4.09166
-88.5 42 4.09354
-88 42 4.09375
-87.5 42 4.09037
-87 42 4.08577
-86.5 42 4.08136
-86 42 4.07542
-85.5 42 4.06641
-85 42 4.05382
-84.5 42 4.04116
-84 42 4.03293
-83.5 42 4.03243
-83 42 4.04403
-82.5 42 4.07451
-82 42 4.10868
-81.5 42 4.13069
-81 42 4.14384
-119 42.5 3.87063
-118.5 42.5 3.84742
-118 42.5 3.83236
-117.5 42.5 3.81959
-117 42.5 3.7985
-116.5 42.5 3.76702
-116 42.5 3.74013
-115.5 42.5 3.73233
-115 42.5 3.7531
-114.5 42.5 3.76766
-114 42.5 3.75065
-113.5 42.5 3.73111
-113 42.5 3.72895
-112.5 42.5 3.75252
-112 42.5 3.78351
-111.5 42.5 3.79715
-111 42.5 3.80023
-110.5 42.5 3.80521
-110 42.5 3.81582
-109.5 42.5 3.83167
-109 42.5 3.84425
-108.5 42.5 3.85185
-108 42.5 3.86745
-107.5 42.5 3.8972
-107 42.5 3.93037
-106.5 42.5 3.94893
-106 42.5 3.94914
-105.5 42.5 3.93258
-94.5 42.5 4.05377
-94 42.5 4.07934
-93.5 42.5 4.09201
-93 42.5 4.0945
-92.5 42.5 4.08998
-92 42.5 4.08505
-91.5 42.5 4.08318
-91 42.5 4.08405
-90.5 42.5 4.08589
-90 42.5 4.08914
-89.5 42.5 4.09182
-89 42.5 4.0943
-88.5 42.5 4.09725
-88 42.5 4.09751
-87.5 42.5 4.09409
-87 42.5 4.08835
-86.5 42.5 4.08113
-86 42.5 4.0725
-85.5 42.5 4.06337
-85 42.5 4.05311
-84.5 42.5 4.04531
-84 42.5 4.04175
-83.5 42.5 4.04219
-83 42.5 4.05422
-82.5 42.5 4.08087
-82 42.5 4.11208
-81.5 42.5 4.13656
-81 42.5 4.15288
-119 43 3.91335
-118.5 43 3.90471
-118 43 3.88889
-117.5 43 3.84776
-117 43 3.80012
-116.5 43 3.7659
-116 43 3.7452
-115.5 43 3.73933
-115 43 3.73659
-114.5 43 3.73322
-114 43 3.73099
-113.5 43 3.73339
-113 43 3.73945
-112.5 43 3.74085
-112 43 3.74601
-111.5 43 3.75628
-111 43 3.76824
-110.5 43 3.78139
-110 43 3.79908
-109.5 43 3.81843
-109 43 3.83342
-108.5 43 3.8474
-108 43 3.86959
-107.5 43 3.9068
-107 43 3.94321
-106.5 43 3.96207
-106 43 3.95887
-105.5 43 3.94865
-105 43 3.91316
-95 43 4.02442
-94.5 43 4.05105
-94 43 4.0691
-93.5 43 4.07873
-93 43 4.08189
-92.5 43 4.08173
-92 43 4.08081
-91.5 43 4.08169
-91 43 4.08446
-90.5 43 4.08787
-90 43 4.09036
-89.5 43 4.09263
-89 43 4.09674
-88.5 43 4.10054
-88 43 4.10141
-87.5 43 4.09673
-87 43 4.08803
-86.5 43 4.07849
-86 43 4.06905
-85.5 43 4.06015
-85 43 4.05442
-84.5 43 4.05163
-84 43 4.04871
-83.5 43 4.05031
-83 43 4.06267
-82.5 43 4.08882
-82 43 4.11995
-81.5 43 4.14549
-81 43 4.16354
-119 43.5 3.96398
-118.5 43.5 3.97284
-118 43.5 3.95556
-117.5 43.5 3.87668
-117 43.5 3.79911
-116.5 43.5 3.76824
-116 43.5 3.75941
-115.5 43.5 3.75526
-115 43.5 3.73423
-114.5 43.5 3.71679
-114 43.5 3.72556
-113.5 43.5 3.74745
-113 43.5 3.75927
-112.5 43.5 3.73535
-112 43.5 3.7165
-111.5 43.5 3.72605
-111 43.5 3.74628
-110.5 43.5 3.76965
-110 43.5 3.79002
-109.5 43.5 3.80959
-109 43.5 3.82703
-108.5 43.5 3.84277
-108 43.5 3.86925
-107.5 43.5 3.9169
-107 43.5 3.95864
-106.5 43.5 3.97655
-106 43.5 3.97579
-105.5 43.5 3.95596
-105 43.5 3.91912
-104.5 43.5 3.88619
-95.5 43.5 4.02257
-95 43.5 4.04193
-94.5 43.5 4.05357
-94 43.5 4.06281
-93.5 43.5 4.06825
-93 43.5 4.0713
-92.5 43.5 4.07295
-92 43.5 4.07434
-91.5 43.5 4.07758
-91 43.5 4.08224
-90.5 43.5 4.087
-90 43.5 4.08988
-89.5 43.5 4.09257
-89 43.5 4.09741
-88.5 43.5 4.10288
-88 43.5 4.10452
-87.5 43.5 4.0978
-87 43.5 4.08646
-86.5 43.5 4.07555
-86 43.5 4.06604
-85.5 43.5 4.0586
-85 43.5 4.05651
-84.5 43.5 4.05748
-84 43.5 4.055
-83.5 43.5 4.05646
-83 43.5 4.06918
-82.5 43.5 4.09857
-82 43.5 4.13412
-81.5 43.5 4.1587
-81 43.5 4.17539
-119 44 4.00995
-118.5 44 4.02722
-118 44 4.02484
-117.5 44 3.9148
-117 44 3.80279
-116.5 44 3.78124
-116 44 3.78384
-115.5 44 3.78948
-115 44 3.75144
-114.5 44 3.71705
-114 44 3.73631
-113.5 44 3.77021
-113 44 3.79467
-112.5 44 3.75148
-112 44 3.70461
-111.5 44 3.71668
-111 44 3.74262
-110.5 44 3.7738
-110 44 3.79608
-109.5 44 3.81255
-109 44 3.82982
-108.5 44 3.84394
-108 44 3.86621
-107.5 44 3.91743
-107 44 3.9671
-106.5 44 3.98421
-106 44 3.98757
-105.5 44 3.97556
-105 44 3.93686
-104.5 44 3.90993
-104 44 3.92349
-103.5 44 3.94514
-96.5 44 4.02888
-96 44 4.04735
-95.5 44 4.05668
-95 44 4.05761
-94.5 44 4.05704
-94 44 4.05796
-93.5 44 4.06005
-93 44 4.06285
-92.5 44 4.06467
-92 44 4.06698
-91.5 44 4.07209
-91 44 4.07818
-90.5 44 4.08407
-90 44 4.0864
-89.5 44 4.08777
-89 44 4.09614
-88.5 44 4.10386
-88 44 4.10428
-87.5 44 4.09531
-87 44 4.08212
-86.5 44 4.07438
-86 44 4.06604
-85.5 44 4.057
-85 44 4.05897
-84.5 44 4.06105
-84 44 4.06235
-83.5 44 4.06624
-83 44 4.07342
-82.5 44 4.10774
-82 44 4.14864
-81.5 44 4.17088
-81 44 4.18661
-119 44.5 4.02836
-118.5 44.5 4.05316
-118 44.5 4.03276
-117.5 44.5 3.95033
-117 44.5 3.85935
-116.5 44.5 3.82069
-116 44.5 3.81055
-115.5 44.5 3.80346
-115 44.5 3.77813
-114.5 44.5 3.7507
-114 44.5 3.75944
-113.5 44.5 3.78749
-113 44.5 3.80055
-112.5 44.5 3.77742
-112 44.5 3.74105
-111.5 44.5 3.73925
-111 44.5 3.76051
-110.5 44.5 3.78826
-110 44.5 3.81514
-109.5 44.5 3.83464
-109 44.5 3.84943
-108.5 44.5 3.862
-108 44.5 3.88092
-107.5 44.5 3.91492
-107 44.5 3.95619
-106.5 44.5 3.97883
-106 44.5 3.98476
-105.5 44.5 3.97808
-105 44.5 3.95659
-104.5 44.5 3.93942
-104 44.5 3.9578
-103.5 44.5 3.99377
-103 44.5 4.01835
-102.5 44.5 3.99957
-97.5 44.5 4.05259
-97 44.5 4.0824
-96.5 44.5 4.08969
-96 44.5 4.08748
-95.5 44.5 4.07932
-95 44.5 4.06932
-94.5 44.5 4.05959
-94 44.5 4.05634
-93.5 44.5 4.05687
-93 44.5 4.05639
-92.5 44.5 4.05645
-92 44.5 4.06021
-91.5 44.5 4.06503
-91 44.5 4.07005
-90.5 44.5 4.07551
-90 44.5 4.0779
-89.5 44.5 4.08618
-89 44.5 4.09269
-88.5 44.5 4.09443
-88 44.5 4.09672
-87.5 44.5 4.09007
-87 44.5 4.08467
-86.5 44.5 4.07662
-86 44.5 4.06491
-85.5 44.5 4.05995
-85 44.5 4.05745
-84.5 44.5 4.0676
-84 44.5 4.0685
-83.5 44.5 4.0638
-83 44.5 4.08188
-82.5 44.5 4.11712
-82 44.5 4.15116
-81.5 44.5 4.1759
-81 44.5 4.19513
-119 45 4.06229
-118.5 45 4.04717
-118 45 4.01631
-117.5 45 3.96532
-117 45 3.91134
-116.5 45 3.87282
-116 45 3.84499
-115.5 45 3.82589
-115 45 3.80096
-114.5 45 3.78682
-114 45 3.79369
-113.5 45 3.80108
-113 45 3.8056
-112.5 45 3.79398
-112 45 3.7792
-111.5 45 3.77935
-111 45 3.78973
-110.5 45 3.81416
-110 45 3.84473
-109.5 45 3.8693
-109 45 3.88388
-108.5 45 3.89287
-108 45 3.90518
-107.5 45 3.9278
-107 45 3.95325
-106.5 45 3.97014
-106 45 3.97798
-105.5 45 3.97217
-105 45 3.95603
-104.5 45 3.9482
-104 45 3.96744
-103.5 45 4.00384
-103 45 4.03636
-102.5 45 4.04067
-102 45 4.00009
-101.5 45 3.98139
-101 45 3.99536
-100.5 45 4.03352
-100 45 4.07488
-99.5 45 4.06147
-99 45 4.04503
-98.5 45 4.04539
-98 45 4.07107
-97.5 45 4.11575
-97 45 4.12959
-96.5 45 4.125
-96 45 4.10998
-95.5 45 4.09242
-95 45 4.0737
-94.5 45 4.06327
-94 45 4.05908
-93.5 45 4.052
-93 45 4.04628
-92.5 45 4.04611
-92 45 4.04967
-91.5 45 4.0543
-91 45 4.06126
-90.5 45 4.06695
-90 45 4.07551
-89.5 45 4.07808
-89 45 4.07861
-88.5 45 4.08868
-88 45 4.09442
-87.5 45 4.09615
-87 45 4.08525
-86.5 45 4.07078
-86 45 4.06861
-85.5 45 4.06482
-85 45 4.07208
-84.5 45 4.06126
-84 45 4.04749
-83.5 45 4.07
-83 45 4.10293
-82.5 45 4.13319
-82 45 4.15564
-81.5 45 4.17752
-81 45 4.19982
-119 45.5 4.05921
-118.5 45.5 4.0202
-118 45.5 3.98107
-117.5 45.5 3.97477
-117 45.5 3.96757
-116.5 45.5 3.93345
-116 45.5 3.89206
-115.5 45.5 3.85615
-115 45.5 3.83782
-114.5 45.5 3.82883
-114 45.5 3.82123
-113.5 45.5 3.81531
-113 45.5 3.81052
-112.5 45.5 3.81693
-112 45.5 3.82087
-111.5 45.5 3.81903
-111 45.5 3.82261
-110.5 45.5 3.84417
-110 45.5 3.88485
-109.5 45.5 3.91693
-109 45.5 3.92965
-108.5 45.5 3.93219
-108 45.5 3.93666
-107.5 45.5 3.94507
-107 45.5 3.95754
-106.5 45.5 3.96765
-106 45.5 3.97155
-105.5 45.5 3.96343
-105 45.5 3.947
-104.5 45.5 3.94286
-104 45.5 3.96113
-103.5 45.5 3.994
-103 45.5 4.02653
-102.5 45.5 4.0449
-102 45.5 4.03694
-101.5 45.5 4.03693
-101 45.5 4.05673
-100.5 45.5 4.09215
-100 45.5 4.12398
-99.5 45.5 4.11835
-99 45.5 4.1077
-98.5 45.5 4.11022
-98 45.5 4.13045
-97.5 45.5 4.15431
-97 45.5 4.15522
-96.5 45.5 4.14001
-96 45.5 4.1182
-95.5 45.5 4.09442
-95 45.5 4.07587
-94.5 45.5 4.06709
-94 45.5 4.05565
-93.5 45.5 4.04299
-93 45.5 4.03311
-92.5 45.5 4.03198
-92 45.5 4.0388
-91.5 45.5 4.04769
-91 45.5 4.0559
-90.5 45.5 4.06486
-90 45.5 4.06733
-89.5 45.5 4.06444
-89 45.5 4.07352
-88.5 45.5 4.08922
-88 45.5 4.10467
-87.5 45.5 4.09948
-87 45.5 4.07702
-86.5 45.5 4.07162
-86 45.5 4.07674
-85.5 45.5 4.08542
-85 45.5 4.06813
-84.5 45.5 4.03603
-84 45.5 4.04588
-83.5 45.5 4.08908
-83 45.5 4.13887
-82.5 45.5 4.1555
-82 45.5 4.15121
-81.5 45.5 4.16453
-81 45.5 4.19094
-119 46 4.04666
-118.5 46 3.96923
-118 46 3.92821
-117.5 46 3.98358
-117 46 4.03033
-116.5 46 3.99452
-116 46 3.9339
-115.5 46 3.88735
-115 46 3.87174
-114.5 46 3.86492
-114 46 3.84536
-113.5 46 3.82137
-113 46 3.81306
-112.5 46 3.83924
-112 46 3.85797
-111.5 46 3.85129
-111 46 3.84579
-110.5 46 3.8645
-110 46 3.92064
-109.5 46 3.96307
-109 46 3.97276
-108.5 46 3.96847
-108 46 3.96348
-107.5 46 3.96348
-107 46 3.96576
-106.5 46 3.96946
-106 46 3.96992
-105.5 46 3.96027
-105 46 3.93877
-104.5 46 3.93516
-104 46 3.95204
-103.5 46 3.98008
-103 46 4.01104
-102.5 46 4.03755
-102 46 4.04727
-101.5 46 4.0583
-101 46 4.08029
-100.5 46 4.1126
-100 46 4.14132
-99.5 46 4.14078
-99 46 4.13694
-98.5 46 4.14437
-98 46 4.1614
-97.5 46 4.1747
-97 46 4.16141
-96.5 46 4.14098
-96 46 4.11684
-95.5 46 4.09315
-95 46 4.07731
-94.5 46 4.06774
-94 46 4.05366
-93.5 46 4.03575
-93 46 4.02251
-92.5 46 4.02307
-92 46 4.03713
-91.5 46 4.0473
-91 46 4.05521
-90.5 46 4.06053
-90 46 4.05747
-89.5 46 4.05474
-89 46 4.06821
-88.5 46 4.09336
-88 46 4.10914
-87.5 46 4.09109
-87 46 4.0625
-86.5 46 4.06556
-86 46 4.08312
-85.5 46 4.08841
-85 46 4.05055
-84.5 46 4.01067
-84 46 4.03815
-83.5 46 4.11202
-83 46 4.17308
-82.5 46 4.15874
-82 46 4.115
-81.5 46 4.12959
-81 46 4.16954
-119 46.5 4.03958
-118.5 46.5 3.93699
-118 46.5 3.87115
-117.5 46.5 3.96624
-117 46.5 4.07099
-116.5 46.5 4.02303
-116 46.5 3.95079
-115.5 46.5 3.89567
-115 46.5 3.8871
-114.5 46.5 3.88756
-114 46.5 3.85865
-113.5 46.5 3.82483
-113 46.5 3.80628
-112.5 46.5 3.84326
-112 46.5 3.88096
-111.5 46.5 3.86907
-111 46.5 3.85498
-110.5 46.5 3.86058
-110 46.5 3.92232
-109.5 46.5 3.98428
-109 46.5 3.99301
-108.5 46.5 3.98878
-108 46.5 3.98139
-107.5 46.5 3.97613
-107 46.5 3.97406
-106.5 46.5 3.97437
-106 46.5 3.97464
-105.5 46.5 3.96976
-105 46.5 3.94959
-104.5 46.5 3.93719
-104 46.5 3.94821
-103.5 46.5 3.96951
-103 46.5 3.99321
-102.5 46.5 4.01915
-102 46.5 4.03966
-101.5 46.5 4.05486
-101 46.5 4.07296
-100.5 46.5 4.09463
-100 46.5 4.11476
-99.5 46.5 4.12604
-99 46.5 4.13553
-98.5 46.5 4.14852
-98 46.5 4.16169
-97.5 46.5 4.16238
-97 46.5 4.14914
-96.5 46.5 4.13354
-96 46.5 4.11385
-95.5 46.5 4.0949
-95 46.5 4.08426
-94.5 46.5 4.07529
-94 46.5 4.05714
-93.5 46.5 4.03749
-93 46.5 4.02479
-92.5 46.5 4.03258
-92 46.5 4.04694
-91.5 46.5 4.05031
-91 46.5 4.05239
-90.5 46.5 4.05271
-90 46.5 4.04324
-89.5 46.5 4.04022
-89 46.5 4.05743
-88.5 46.5 4.08241
-88 46.5 4.09475
-87.5 46.5 4.06045
-87 46.5 4.02885
-86.5 46.5 4.04178
-86 46.5 4.0634
-85.5 46.5 4.06754
-85 46.5 4.00655
-84.5 46.5 3.96462
-84 46.5 4.01384
-83.5 46.5 4.10165
-83 46.5 4.17126
-82.5 46.5 4.11605
-82 46.5 4.05284
-81.5 46.5 4.09296
-81 46.5 4.15313
-119 47 4.08296
-118.5 47 3.97412
-118 47 3.91562
-117.5 47 3.94683
-117 47 4.00528
-116.5 47 3.98501
-116 47 3.93549
-115.5 47 3.89587
-115 47 3.88412
-114.5 47 3.88471
-114 47 3.8671
-113.5 47 3.84076
-113 47 3.82906
-112.5 47 3.84605
-112 47 3.87382
-111.5 47 3.87444
-111 47 3.86847
-110.5 47 3.87507
-110 47 3.90939
-109.5 47 3.96133
-109 47 3.98572
-108.5 47 3.99089
-108 47 3.98902
-107.5 47 3.98389
-107 47 3.98011
-106.5 47 3.97864
-106 47 3.9777
-105.5 47 3.97377
-105 47 3.96418
-104.5 47 3.95055
-104 47 3.95407
-103.5 47 3.96721
-103 47 3.98397
-102.5 47 4.00138
-102 47 4.02323
-101.5 47 4.03969
-101 47 4.05315
-100.5 47 4.06495
-100 47 4.0757
-99.5 47 4.0987
-99 47 4.11985
-98.5 47 4.13731
-98 47 4.14717
-97.5 47 4.1442
-97 47 4.14087
-96.5 47 4.13091
-96 47 4.11665
-95.5 47 4.10324
-95 47 4.09541
-94.5 47 4.08273
-94 47 4.06709
-93.5 47 4.05229
-93 47 4.04339
-92.5 47 4.04714
-92 47 4.04937
-91.5 47 4.04731
-91 47 4.04373
-90.5 47 4.03773
-90 47 4.0291
-89.5 47 4.02745
-89 47 4.04148
-88.5 47 4.05713
-88 47 4.05137
-87.5 47 4.01938
-87 47 4.00271
-86.5 47 4.00809
-86 47 4.01485
-85.5 47 4.00073
-85 47 3.95757
-84.5 47 3.93626
-84 47 3.98163
-83.5 47 4.05686
-83 47 4.09201
-82.5 47 4.0588
-82 47 4.04976
-81.5 47 4.0968
-81 47 4.16321
-119 47.5 4.14688
-118.5 47.5 4.06381
-118 47.5 4.00362
-117.5 47.5 3.97473
-117 47.5 3.96453
-116.5 47.5 3.93768
-116 47.5 3.90482
-115.5 47.5 3.88228
-115 47.5 3.88062
-114.5 47.5 3.88395
-114 47.5 3.87718
-113.5 47.5 3.86942
-113 47.5 3.86696
-112.5 47.5 3.87387
-112 47.5 3.88631
-111.5 47.5 3.89087
-111 47.5 3.89229
-110.5 47.5 3.89865
-110 47.5 3.92013
-109.5 47.5 3.9527
-109 47.5 3.9773
-108.5 47.5 3.99285
-108 47.5 3.99644
-107.5 47.5 3.99125
-107 47.5 3.98621
-106.5 47.5 3.98363
-106 47.5 3.9813
-105.5 47.5 3.97558
-105 47.5 3.96666
-104.5 47.5 3.95834
-104 47.5 3.96072
-103.5 47.5 3.97085
-103 47.5 3.98333
-102.5 47.5 3.99645
-102 47.5 4.01288
-101.5 47.5 4.02668
-101 47.5 4.03711
-100.5 47.5 4.04547
-100 47.5 4.05723
-99.5 47.5 4.08115
-99 47.5 4.10746
-98.5 47.5 4.12942
-98 47.5 4.14309
-97.5 47.5 4.1461
-97 47.5 4.14447
-96.5 47.5 4.13652
-96 47.5 4.12458
-95.5 47.5 4.11311
-95 47.5 4.10382
-94.5 47.5 4.09521
-94 47.5 4.0845
-93.5 47.5 4.07001
-93 47.5 4.05828
-92.5 47.5 4.05373
-92 47.5 4.05089
-91.5 47.5 4.04563
-91 47.5 4.03817
-90.5 47.5 4.03028
-90 47.5 4.02069
-89.5 47.5 4.02385
-89 47.5 4.03471
-88.5 47.5 4.03167
-88 47.5 4.0128
-87.5 47.5 3.98827
-87 47.5 3.97773
-86.5 47.5 3.97665
-86 47.5 3.97166
-85.5 47.5 3.95666
-85 47.5 3.92211
-84.5 47.5 3.9258
-84 47.5 3.97286
-83.5 47.5 4.00558
-83 47.5 4.01712
-82.5 47.5 4.02237
-82 47.5 4.06138
-81.5 47.5 4.1288
-81 47.5 4.20301
-119 48 4.26213
-118.5 48 4.19541
-118 48 4.1201
-117.5 48 4.0238
-117 48 3.94784
-116.5 48 3.90175
-116 48 3.87581
-115.5 48 3.86986
-115 48 3.87794
-114.5 48 3.89124
-114 48 3.90291
-113.5 48 3.91248
-113 48 3.91802
-112.5 48 3.91723
-112 48 3.92028
-111.5 48 3.92641
-111 48 3.93232
-110.5 48 3.93884
-110 48 3.94471
-109.5 48 3.96337
-109 48 3.98757
-108.5 48 4.00712
-108 48 4.01317
-107.5 48 4.00521
-107 48 3.99883
-106.5 48 3.99676
-106 48 3.99345
-105.5 48 3.98581
-105 48 3.97313
-104.5 48 3.96799
-104 48 3.9711
-103.5 48 3.97976
-103 48 3.98906
-102.5 48 3.99855
-102 48 4.01124
-101.5 48 4.02313
-101 48 4.03177
-100.5 48 4.03828
-100 48 4.04907
-99.5 48 4.07471
-99 48 4.10468
-98.5 48 4.13095
-98 48 4.14848
-97.5 48 4.15635
-97 48 4.15634
-96.5 48 4.14978
-96 48 4.13869
-95.5 48 4.12703
-95 48 4.11939
-94.5 48 4.11657
-94 48 4.10652
-93.5 48 4.09066
-93 48 4.07528
-92.5 48 4.06635
-92 48 4.06174
-91.5 48 4.05379
-91 48 4.04325
-90.5 48 4.03126
-90 48 4.02648
-89.5 48 4.03379
-89 48 4.03088
-88.5 48 4.01251
-88 48 3.9854
-87.5 48 3.96737
-87 48 3.96529
-86.5 48 3.96123
-86 48 3.95125
-85.5 48 3.92942
-85 48 3.91778
-84.5 48 3.93764
-84 48 3.95248
-83.5 48 3.95369
-83 48 3.95795
-82.5 48 4.00436
-82 48 4.09878
-81.5 48 4.19445
-81 48 4.27655
-119 48.5 4.40917
-118.5 48.5 4.36849
-118 48.5 4.27722
-117.5 48.5 4.09572
-117 48.5 3.95147
-116.5 48.5 3.88752
-116 48.5 3.8659
-115.5 48.5 3.86927
-115 48.5 3.8889
-114.5 48.5 3.91472
-114 48.5 3.94405
-113.5 48.5 3.97255
-113 48.5 3.98824
-112.5 48.5 3.97833
-112 48.5 3.97424
-111.5 48.5 3.98421
-111 48.5 3.99658
-110.5 48.5 4.00089
-110 48.5 3.99122
-109.5 48.5 3.99703
-109 48.5 4.02041
-108.5 48.5 4.04428
-108 48.5 4.052
-107.5 48.5 4.03594
-107 48.5 4.02704
-106.5 48.5 4.0251
-106 48.5 4.02205
-105.5 48.5 4.01132
-105 48.5 3.99272
-104.5 48.5 3.98591
-104 48.5 3.98959
-103.5 48.5 3.99743
-103 48.5 4.00484
-102.5 48.5 4.00955
-102 48.5 4.02064
-101.5 48.5 4.03164
-101 48.5 4.03992
-100.5 48.5 4.04541
-100 48.5 4.05319
-99.5 48.5 4.08145
-99 48.5 4.11332
-98.5 48.5 4.1411
-98 48.5 4.16145
-97.5 48.5 4.17236
-97 48.5 4.1751
-96.5 48.5 4.17056
-96 48.5 4.16077
-95.5 48.5 4.15015
-95 48.5 4.14529
-94.5 48.5 4.14774
-94 48.5 4.13864
-93.5 48.5 4.12095
-93 48.5 4.10301
-92.5 48.5 4.09218
-92 48.5 4.08857
-91.5 48.5 4.07779
-91 48.5 4.06242
-90.5 48.5 4.04804
-90 48.5 4.04717
-89.5 48.5 4.05493
-89 48.5 4.0412
-88.5 48.5 4.00871
-88 48.5 3.97655
-87.5 48.5 3.96767
-87 48.5 3.97788
-86.5 48.5 3.97072
-86 48.5 3.9521
-85.5 48.5 3.93151
-85 48.5 3.93395
-84.5 48.5 3.95184
-84 48.5 3.94512
-83.5 48.5 3.92098
-83 48.5 3.9276
-82.5 48.5 4.0231
-82 48.5 4.18644
-81.5 48.5 4.30225
-81 48.5 4.38285
-119 49 4.57789
-118.5 49 4.55949
-118 49 4.48322
-117.5 49 4.22692
-117 49 3.99028
-116.5 49 3.91246
-116 49 3.88701
-115.5 49 3.89174
-115 49 3.91678
-114.5 49 3.95429
-114 49 3.99939
-113.5 49 4.04612
-113 49 4.07987
-112.5 49 4.06864
-112 49 4.05149
-111.5 49 4.06567
-111 49 4.08373
-110.5 49 4.09373
-110 49 4.07288
-109.5 49 4.05822
-109 49 4.07857
-108.5 49 4.10477
-108 49 4.11941
-107.5 49 4.10111
-107 49 4.07753
-106.5 49 4.07188
-106 49 4.0672
-105.5 49 4.05773
-105 49 4.03604
-104.5 49 4.01884
-104 49 4.0184
-103.5 49 4.02448
-103 49 4.03206
-102.5 49 4.03599
-102 49 4.04121
-101.5 49 4.04999
-101 49 4.05933
-100.5 49 4.06969
-100 49 4.08279
-99.5 49 4.10419
-99 49 4.13107
-98.5 49 4.15718
-98 49 4.17847
-97.5 49 4.19229
-97 49 4.19861
-96.5 49 4.19749
-96 49 4.19166
-95.5 49 4.1862
-95 49 4.19075
-94.5 49 4.19458
-94 49 4.18247
-93.5 49 4.16365
-93 49 4.14522
-92.5 49 4.13891
-92 49 4.13405
-91.5 49 4.11729
-91 49 4.09753
-90.5 49 4.08265
-90 49 4.09068
-89.5 49 4.09606
-89 49 4.06917
-88.5 49 4.02918
-88 49 3.99528
-87.5 49 4.00381
-87 49 4.01916
-86.5 49 4.00073
-86 49 3.97409
-85.5 49 3.95449
-85 49 3.97043
-84.5 49 3.98703
-84 49 3.96287
-83.5 49 3.93305
-83 49 3.94715
-82.5 49 4.11701
-82 49 4.33283
-81.5 49 4.43563
-81 49 4.50436
