-119 25 1.6529e-05
-118.5 25 2.72455e-05
-118 25 2.59092e-05
-117.5 25 3.62789e-05
-117 25 1.986e-05
-116.5 25 3.2418e-05
-116 25 2.91491e-05
-115.5 25 3.63276e-05
-115 25 2.95796e-05
-114.5 25 5.78007e-05
-114 25 5.43156e-05
-113.5 25 6.59796e-05
-113 25 6.86934e-05
-112.5 25 8.26214e-05
-112 25 8.51338e-05
-111.5 25 9.84094e-05
-111 25 0.000103864
-110.5 25 0.000114938
-110 25 0.000121849
-109.5 25 0.000118166
-109 25 0.000124759
-108.5 25 0.000128493
-108 25 0.000118292
-107.5 25 0.000138806
-107 25 9.28746e-05
-106.5 25 0.000116903
-106 25 0.000114256
-105.5 25 0.00011433
-105 25 0.000121133
-104.5 25 0.000102393
-104 25 0.000121977
-103.5 25 0.000128417
-103 25 0.00013518
-102.5 25 0.000116339
-102 25 0.000170234
-101.5 25 0.000145506
-101 25 0.000144631
-100.5 25 0.00012539
-100 25 0.000215249
-99.5 25 1.94343e-05
-99 25 0.000151453
-98.5 25 0.000166662
-98 25 0.000174908
-97.5 25 0.000148377
-97 25 0.000183962
-96.5 25 0.000150693
-96 25 0.000131704
-95.5 25 0.000115259
-95 25 0.00013036
-94.5 25 8.23888e-05
-94 25 0.000117345
-93.5 25 0.000126656
-93 25 0.000135837
-92.5 25 0.000118919
-92 25 0.000153806
-91.5 25 0.000128118
-91 25 0.000118564
-90.5 25 0.000102688
-90 25 0.000132734
-89.5 25 4.65411e-05
-89 25 9.50246e-05
-88.5 25 9.80888e-05
-88 25 9.56815e-05
-87.5 25 8.37364e-05
-87 25 8.72446e-05
-86.5 25 7.19865e-05
-86 25 5.94088e-05
-85.5 25 3.75551e-05
-85 25 8.39678e-05
-84.5 25 -3.91925e-05
-84 25 3.97638e-05
-83.5 25 4.71335e-05
-83 25 4.64237e-05
-82.5 25 3.91929e-05
-82 25 3.57887e-05
-81.5 25 2.79954e-05
-81 25 1.92554e-05
-119 25.5 2.62966e-05
-118.5 25.5 4.51556e-05
-118 25.5 3.82528e-05
-117.5 25.5 -3.2285e-06
-117 25.5 1.35628e-05
-116.5 25.5 2.51194e-05
-116 25.5 3.56975e-05
-115.5 25.5 2.75698e-05
-115 25.5 3.80372e-05
-114.5 25.5 3.88053e-05
-114 25.5 5.47475e-05
-113.5 25.5 5.85439e-05
-113 25.5 7.4318e-05
-112.5 25.5 8.22825e-05
-112 25.5 9.50937e-05
-111.5 25.5 9.92505e-05
-111 25.5 0.000111438
-110.5 25.5 0.000117411
-110 25.5 0.0001205
-109.5 25.5 0.00012605
-109 25.5 0.000130046
-108.5 25.5 0.000128252
-108 25.5 0.000137959
-107.5 25.5 0.000107574
-107 25.5 0.000122867
-106.5 25.5 0.000124455
-106 25.5 0.000125128
-105.5 25.5 0.000114572
-105 25.5 8.79108e-05
-104.5 25.5 0.000107945
-104 25.5 0.000122229
-103.5 25.5 0.000134627
-103 25.5 0.000126209
-102.5 25.5 0.000147444
-102 25.5 0.000139097
-101.5 25.5 0.000137531
-101 25.5 0.00013285
-100.5 25.5 0.00019143
-100 25.5 0.000100701
-99.5 25.5 0.000180365
-99 25.5 0.000173217
-98.5 25.5 0.000211196
-98 25.5 0.000171054
-97.5 25.5 0.000127176
-97 25.5 0.000123889
-96.5 25.5 0.00012593
-96 25.5 0.000120859
-95.5 25.5 0.000133475
-95 25.5 0.000115885
-94.5 25.5 0.00012816
-94 25.5 0.000125518
-93.5 25.5 0.000137682
-93 25.5 0.000126542
-92.5 25.5 0.000132884
-92 25.5 0.00012469
-91.5 25.5 0.000117601
-91 25.5 0.000109085
-90.5 25.5 0.000130605
-90 25.5 9.3712e-05
-89.5 25.5 0.000115328
-89 25.5 0.000105269
-88.5 25.5 0.000112803
-88 25.5 9.37129e-05
-87.5 25.5 6.70181e-05
-87 25.5 6.50629e-05
-86.5 25.5 6.20987e-05
-86 25.5 5.29797e-05
-85.5 25.5 7.36978e-05
-85 25.5 4.25886e-06
-84.5 25.5 5.25644e-05
-84 25.5 5.08365e-05
-83.5 25.5 7.25463e-05
-83 25.5 5.15956e-05
-82.5 25.5 9.5068e-06
-82 25.5 1.41667e-05
-81.5 25.5 1.94152e-05
-81 25.5 1.76539e-05
-119 26 4.485e-05
-118.5 26 4.01761e-05
-118 26 -1.70484e-05
-117.5 26 -8.95095e-05
-117 26 -3.75423e-05
-116.5 26 1.51099e-06
-116 26 1.08951e-05
-115.5 26 1.19824e-05
-115 26 -1.64359e-06
-114.5 26 2.83196e-05
-114 26 3.86322e-05
-113.5 26 6.1649e-05
-113 26 7.88424e-05
-112.5 26 0.000103815
-112 26 9.96445e-05
-111.5 26 0.000109003
-111 26 0.000111697
-110.5 26 0.000120613
-110 26 0.000123836
-109.5 26 0.000131427
-109 26 0.000135181
-108.5 26 0.000136918
-108 26 0.000124738
-107.5 26 0.000115517
-107 26 0.000126147
-106.5 26 0.000131878
-106 26 0.000113275
-105.5 26 7.99713e-05
-105 26 3.59545e-05
-104.5 26 7.87881e-05
-104 26 0.00010705
-103.5 26 0.000123938
-103 26 0.00012032
-102.5 26 0.000112674
-102 26 0.000116906
-101.5 26 0.000131329
-101 26 0.000163112
-100.5 26 0.000193034
-100 26 0.000243724
-99.5 26 0.000214053
-99 26 0.000240634
-98.5 26 0.000199965
-98 26 8.25453e-05
-97.5 26 -6.88624e-05
-97 26 1.51758e-05
-96.5 26 7.51767e-05
-96 26 0.000113921
-95.5 26 0.000146951
-95 26 0.000179593
-94.5 26 0.000154475
-94 26 0.000149991
-93.5 26 0.000138114
-93 26 0.000112726
-92.5 26 8.18134e-05
-92 26 9.4196e-05
-91.5 26 0.000107596
-91 26 0.00012556
-90.5 26 0.000146524
-90 26 0.000174876
-89.5 26 0.000143778
-89 26 0.000135795
-88.5 26 0.000111759
-88 26 5.51065e-05
-87.5 26 -1.20887e-05
-87 26 1.71222e-05
-86.5 26 3.93809e-05
-86 26 5.25017e-05
-85.5 26 5.23298e-05
-85 26 5.76434e-05
-84.5 26 5.63453e-05
-84 26 8.1052e-05
-83.5 26 6.33834e-05
-83 26 -9.48261e-06
-82.5 26 -0.000105677
-82 26 -4.78268e-05
-81.5 26 -1.04328e-05
-81 26 5.01516e-06
-119 26.5 4.45339e-05
-118.5 26.5 1.45523e-05
-118 26.5 -6.67001e-05
-117.5 26.5 -0.000292433
-117 26.5 -8.13891e-05
-116.5 26.5 -2.60258e-05
-116 26.5 -4.06535e-06
-115.5 26.5 -1.36532e-05
-115 26.5 -6.1173e-05
-114.5 26.5 3.23269e-06
-114 26.5 4.53683e-05
-113.5 26.5 6.05327e-05
-113 26.5 8.83942e-05
-112.5 26.5 0.000132155
-112 26.5 0.000113581
-111.5 26.5 0.000108534
-111 26.5 0.000119465
-110.5 26.5 0.000122244
-110 26.5 0.000129505
-109.5 26.5 0.000138705
-109 26.5 0.000135877
-108.5 26.5 0.000138443
-108 26.5 0.000135704
-107.5 26.5 0.000101385
-107 26.5 0.000133696
-106.5 26.5 0.00012431
-106 26.5 9.96434e-05
-105.5 26.5 3.9312e-05
-105 26.5 -9.36578e-05
-104.5 26.5 3.8313e-05
-104 26.5 0.000100024
-103.5 26.5 0.000106641
-103 26.5 0.000100228
-102.5 26.5 5.52817e-05
-102 26.5 0.000110245
-101.5 26.5 0.000136812
-101 26.5 0.000194606
-100.5 26.5 0.000252805
-100 26.5 0.000401294
-99.5 26.5 0.00028624
-99 26.5 0.000241659
-98.5 26.5 0.00016103
-98 26.5 -1.382e-05
-97.5 26.5 -0.000472142
-97 26.5 -7.22324e-05
-96.5 26.5 4.31258e-05
-96 26.5 0.00011936
-95.5 26.5 0.000173364
-95 26.5 0.000290946
-94.5 26.5 0.000189708
-94 26.5 0.000159503
-93.5 26.5 0.000133075
-93 26.5 9.55871e-05
-92.5 26.5 -1.40118e-05
-92 26.5 7.96449e-05
-91.5 26.5 0.00010864
-91 26.5 0.000146973
-90.5 26.5 0.000183384
-90 26.5 0.000294755
-89.5 26.5 0.000179755
-89 26.5 0.000146654
-88.5 26.5 9.45073e-05
-88 26.5 1.25467e-05
-87.5 26.5 -0.000185816
-87 26.5 -2.081e-05
-86.5 26.5 2.16278e-05
-86 26.5 5.4407e-05
-85.5 26.5 6.27564e-05
-85 26.5 8.50508e-05
-84.5 26.5 7.92913e-05
-84 26.5 7.75625e-05
-83.5 26.5 3.60567e-05
-83 26.5 -7.13739e-05
-82.5 26.5 -0.000353948
-82 26.5 -0.000103805
-81.5 26.5 -3.14755e-05
-81 26.5 -2.2732e-06
-119 27 5.66594e-05
-118.5 27 3.25552e-05
-118 27 -3.30065e-05
-117.5 27 -9.421e-05
-117 27 -4.7118e-05
-116.5 27 -9.87818e-06
-116 27 -5.08147e-07
-115.5 27 9.16467e-06
-115 27 -5.73799e-06
-114.5 27 3.93298e-05
-114 27 3.63495e-05
-113.5 27 6.60718e-05
-113 27 8.67004e-05
-112.5 27 0.000114894
-112 27 0.000109893
-111.5 27 0.000118617
-111 27 0.000119303
-110.5 27 0.000131634
-110 27 0.000139617
-109.5 27 0.000130965
-109 27 0.000159966
-108.5 27 0.000159957
-108 27 0.000138354
-107.5 27 0.000134774
-107 27 0.000136222
-106.5 27 0.000131934
-106 27 0.000100488
-105.5 27 6.94301e-05
-105 27 1.9667e-05
-104.5 27 7.78042e-05
-104 27 9.02359e-05
-103.5 27 0.000109482
-103 27 0.000111831
-102.5 27 0.000109888
-102 27 0.00012382
-101.5 27 0.000155968
-101 27 0.000194669
-100.5 27 0.000235911
-100 27 0.000287237
-99.5 27 0.000239618
-99 27 0.000276443
-98.5 27 0.000193847
-98 27 5.10081e-05
-97.5 27 -9.30318e-05
-97 27 -5.84566e-06
-96.5 27 6.91906e-05
-96 27 0.000116593
-95.5 27 0.000158179
-95 27 0.000193423
-94.5 27 0.000164985
-94 27 0.000168569
-93.5 27 0.000148193
-93 27 0.000111478
-92.5 27 7.95988e-05
-92 27 9.71225e-05
-91.5 27 0.000122501
-91 27 0.000141519
-90.5 27 0.000165328
-90 27 0.000186137
-89.5 27 0.000159174
-89 27 0.000141754
-88.5 27 0.000102606
-88 27 3.73122e-05
-87.5 27 -2.40047e-05
-87 27 6.5718e-06
-86.5 27 3.78629e-05
-86 27 5.31352e-05
-85.5 27 6.50614e-05
-85 27 7.27503e-05
-84.5 27 6.82827e-05
-84 27 9.84427e-05
-83.5 27 5.6741e-05
-83 27 -2.61618e-05
-82.5 27 -0.000114674
-82 27 -5.59726e-05
-81.5 27 -1.50002e-05
-81 27 6.71489e-06
-119 27.5 5.65167e-05
-118.5 27.5 3.02767e-05
-118 27.5 3.53364e-06
-117.5 27.5 -2.20535e-05
-117 27.5 -1.11484e-06
-116.5 27.5 1.19342e-05
-116 27.5 2.74266e-05
-115.5 27.5 2.75383e-05
-115 27.5 5.11119e-05
-114.5 27.5 3.31718e-05
-114 27.5 6.80814e-05
-113.5 27.5 8.60846e-05
-113 27.5 0.000104118
-112.5 27.5 0.000105575
-112 27.5 0.00011477
-111.5 27.5 0.000116625
-111 27.5 0.000129346
-110.5 27.5 0.000138815
-110 27.5 0.000134008
-109.5 27.5 0.000175786
-109 27.5 0.000159609
-108.5 27.5 0.000145474
-108 27.5 0.00014897
-107.5 27.5 0.000152681
-107 27.5 0.000159366
-106.5 27.5 0.000143514
-106 27.5 0.000124529
-105.5 27.5 9.11916e-05
-105 27.5 8.6362e-05
-104.5 27.5 7.87481e-05
-104 27.5 0.000111001
-103.5 27.5 0.000125277
-103 27.5 0.000132374
-102.5 27.5 0.000121903
-102 27.5 0.000136306
-101.5 27.5 0.000159251
-101 27.5 0.000193592
-100.5 27.5 0.000224657
-100 27.5 0.00020869
-99.5 27.5 0.000302636
-99 27.5 0.000238771
-98.5 27.5 0.000166167
-98 27.5 9.83603e-05
-97.5 27.5 4.50189e-05
-97 27.5 7.48488e-05
-96.5 27.5 0.000103458
-96 27.5 0.000132007
-95.5 27.5 0.000145387
-95 27.5 0.000145631
-94.5 27.5 0.000170952
-94 27.5 0.000153697
-93.5 27.5 0.000134716
-93 27.5 0.000124877
-92.5 27.5 0.000110923
-92 27.5 0.000122211
-91.5 27.5 0.000129683
-91 27.5 0.000140656
-90.5 27.5 0.000139589
-90 27.5 0.000136956
-89.5 27.5 0.000142931
-89 27.5 0.000124729
-88.5 27.5 9.23917e-05
-88 27.5 6.07392e-05
-87.5 27.5 2.71702e-05
-87 27.5 3.83686e-05
-86.5 27.5 4.90442e-05
-86 27.5 6.33253e-05
-85.5 27.5 6.78236e-05
-85 27.5 5.38065e-05
-84.5 27.5 0.000109939
-84 27.5 8.47869e-05
-83.5 27.5 4.8461e-05
-83 27.5 8.39477e-06
-82.5 27.5 -2.20025e-05
-82 27.5 -3.92143e-06
-81.5 27.5 1.60628e-05
-81 27.5 2.86649e-05
-119 28 5.70316e-05
-118.5 28 4.60663e-05
-118 28 3.38288e-05
-117.5 28 4.15274e-05
-117 28 3.94689e-05
-116.5 28 4.92195e-05
-116 28 5.1416e-05
-115.5 28 7.06297e-05
-115 28 6.00401e-05
-114.5 28 8.20178e-05
-114 28 8.85778e-05
-113.5 28 0.000104182
-113 28 9.76178e-05
-112.5 28 9.61946e-05
-112 28 0.000100288
-111.5 28 0.000118616
-111 28 0.000130238
-110.5 28 0.000141383
-110 28 0.000174486
-109.5 28 0.000167888
-109 28 0.000161714
-108.5 28 0.000161178
-108 28 0.000172047
-107.5 28 0.000201513
-107 28 0.000188911
-106.5 28 0.000174774
-106 28 0.000145514
-105.5 28 0.000129807
-105 28 9.731e-05
-104.5 28 0.000116482
-104 28 0.000125831
-103.5 28 0.000139707
-103 28 0.000131037
-102.5 28 0.00012373
-102 28 0.000131151
-101.5 28 0.000161092
-101 28 0.000190412
-100.5 28 0.000191968
-100 28 0.000257702
-99.5 28 0.000238256
-99 28 0.000216798
-98.5 28 0.000173933
-98 28 0.00015779
-97.5 28 0.000174936
-97 28 0.000158988
-96.5 28 0.000156941
-96 28 0.000147066
-95.5 28 0.000131471
-95 28 0.000130667
-94.5 28 0.000134254
-94 28 0.000135041
-93.5 28 0.000136341
-93 28 0.000138458
-92.5 28 0.000150958
-92 28 0.000141195
-91.5 28 0.000139123
-91 28 0.000126189
-90.5 28 0.000107469
-90 28 9.58469e-05
-89.5 28 0.00010388
-89 28 0.000100262
-88.5 28 8.97236e-05
-88 28 7.16839e-05
-87.5 28 6.7514e-05
-87 28 6.16009e-05
-86.5 28 7.15518e-05
-86 28 7.59445e-05
-85.5 28 6.77724e-05
-85 28 9.09578e-05
-84.5 28 8.53995e-05
-84 28 7.75653e-05
-83.5 28 5.63646e-05
-83 28 4.61152e-05
-82.5 28 5.38343e-05
-82 28 5.21037e-05
-81.5 28 5.37793e-05
-81 28 5.55032e-05
-119 28.5 6.87519e-05
-118.5 28.5 6.09357e-05
-118 28.5 7.72931e-05
-117.5 28.5 0.000101361
-117 28.5 8.91674e-05
-116.5 28.5 8.14521e-05
-116 28.5 8.56307e-05
-115.5 28.5 9.09619e-05
-115 28.5 0.000107924
-114.5 28.5 0.000103831
-114 28.5 0.000116317
-113.5 28.5 0.000108815
-113 28.5 9.53311e-05
-112.5 28.5 6.2001e-05
-112 28.5 9.44141e-05
-111.5 28.5 0.000110615
-111 28.5 0.000137566
-110.5 28.5 0.000160218
-110 28.5 0.000189873
-109.5 28.5 0.000178757
-109 28.5 0.000170561
-108.5 28.5 0.000175109
-108 28.5 0.000214397
-107.5 28.5 0.000263748
-107 28.5 0.000233631
-106.5 28.5 0.000196975
-106 28.5 0.000172951
-105.5 28.5 0.000140376
-105 28.5 0.000124316
-104.5 28.5 0.000128032
-104 28.5 0.000147792
-103.5 28.5 0.000145225
-103 28.5 0.000131969
-102.5 28.5 0.000102143
-102 28.5 0.000133151
-101.5 28.5 0.000160317
-101 28.5 0.000188678
-100.5 28.5 0.000212573
-100 28.5 0.000239817
-99.5 28.5 0.000239604
-99 28.5 0.000207649
-98.5 28.5 0.000199051
-98 28.5 0.000246063
-97.5 28.5 0.000326269
-97 28.5 0.000256088
-96.5 28.5 0.000201648
-96 28.5 0.000164584
-95.5 28.5 0.000119951
-95 28.5 7.73457e-05
-94.5 28.5 0.000108202
-94 28.5 0.000132794
-93.5 28.5 0.000138142
-93 28.5 0.000164505
-92.5 28.5 0.000190215
-92 28.5 0.000174696
-91.5 28.5 0.000148347
-91 28.5 0.000123804
-90.5 28.5 8.44178e-05
-90 28.5 3.91062e-05
-89.5 28.5 6.75805e-05
-89 28.5 8.23956e-05
-88.5 28.5 8.69376e-05
-88 28.5 9.44306e-05
-87.5 28.5 9.97873e-05
-87 28.5 9.07553e-05
-86.5 28.5 8.73654e-05
-86 28.5 8.65818e-05
-85.5 28.5 7.95514e-05
-85 28.5 8.27257e-05
-84.5 28.5 9.05762e-05
-84 28.5 8.4337e-05
-83.5 28.5 7.66519e-05
-83 28.5 0.000101996
-82.5 28.5 0.000143934
-82 28.5 0.000111671
-81.5 28.5 9.24839e-05
-81 28.5 8.3689e-05
-119 29 7.29188e-05
-118.5 29 8.74898e-05
-118 29 0.000115028
-117.5 29 0.000208677
-117 29 0.000130727
-116.5 29 0.000104238
-116 29 0.000113257
-115.5 29 0.000133246
-115 29 0.000160615
-114.5 29 0.000142773
-114 29 0.000135825
-113.5 29 0.000126312
-113 29 8.6015e-05
-112.5 29 -1.069e-05
-112 29 7.55228e-05
-111.5 29 0.000125447
-111 29 0.000138594
-110.5 29 0.000172342
-110 29 0.000234635
-109.5 29 0.000189914
-109 29 0.000172593
-108.5 29 0.00019284
-108 29 0.000242776
-107.5 29 0.000406978
-107 29 0.000261537
-106.5 29 0.000216893
-106 29 0.000182386
-105.5 29 0.000160199
-105 29 0.000111595
-104.5 29 0.00015228
-104 29 0.000158798
-103.5 29 0.000161072
-103 29 0.000130642
-102.5 29 4.69278e-05
-102 29 0.000130037
-101.5 29 0.000175464
-101 29 0.000195597
-100.5 29 0.000224857
-100 29 0.000258228
-99.5 29 0.000237398
-99 29 0.000210124
-98.5 29 0.000236962
-98 29 0.000328464
-97.5 29 0.000629736
-97 29 0.000332622
-96.5 29 0.000239813
-96 29 0.000170479
-95.5 29 0.000109319
-95 29 -5.29768e-05
-94.5 29 0.000102577
-94 29 0.000105489
-93.5 29 0.000163202
-93 29 0.000210569
-92.5 29 0.000297111
-92 29 0.000206864
-91.5 29 0.000179938
-91 29 0.000130007
-90.5 29 7.00822e-05
-90 29 -0.000103378
-89.5 29 3.74672e-05
-89 29 8.46172e-05
-88.5 29 9.28255e-05
-88 29 9.87064e-05
-87.5 29 0.000151123
-87 29 0.000110453
-86.5 29 9.00426e-05
-86 29 9.20563e-05
-85.5 29 9.7764e-05
-85 29 7.51949e-05
-84.5 29 0.000106535
-84 29 8.98283e-05
-83.5 29 0.000116726
-83 29 0.000168371
-82.5 29 0.000308101
-82 29 0.000168317
-81.5 29 0.000127608
-81 29 0.000111035
-119 29.5 9.68689e-05
-118.5 29.5 9.64961e-05
-118 29.5 0.000117748
-117.5 29.5 0.000151102
-117 29.5 0.000112533
-116.5 29.5 0.000141223
-116 29.5 0.00014063
-115.5 29.5 0.000139173
-115 29.5 0.000153391
-114.5 29.5 0.000145855
-114 29.5 0.000145005
-113.5 29.5 0.000129564
-113 29.5 0.000116698
-112.5 29.5 7.38481e-05
-112 29.5 0.000122088
-111.5 29.5 0.000114023
-111 29.5 0.000146863
-110.5 29.5 0.000165549
-110 29.5 0.000198821
-109.5 29.5 0.000185265
-109 29.5 0.000176003
-108.5 29.5 0.000184823
-108 29.5 0.000231546
-107.5 29.5 0.000275651
-107 29.5 0.000243483
-106.5 29.5 0.000220885
-106 29.5 0.000204876
-105.5 29.5 0.000176892
-105 29.5 0.000168206
-104.5 29.5 0.00016968
-104 29.5 0.000189556
-103.5 29.5 0.000179629
-103 29.5 0.000168105
-102.5 29.5 0.000135966
-102 29.5 0.000171376
-101.5 29.5 0.000183689
-101 29.5 0.000209909
-100.5 29.5 0.000227871
-100 29.5 0.000250546
-99.5 29.5 0.000230125
-99 29.5 0.000222421
-98.5 29.5 0.000236692
-98 29.5 0.000299319
-97.5 29.5 0.000379485
-97 29.5 0.00030036
-96.5 29.5 0.000242086
-96 29.5 0.000195078
-95.5 29.5 0.000136464
-95 29.5 0.000108288
-94.5 29.5 7.96306e-05
-94 29.5 0.000189944
-93.5 29.5 0.000185995
-93 29.5 0.000204183
-92.5 29.5 0.00021971
-92 29.5 0.000208912
-91.5 29.5 0.000160833
-91 29.5 0.000140842
-90.5 29.5 9.56022e-05
-90 29.5 3.98341e-05
-89.5 29.5 9.89601e-05
-89 29.5 7.2746e-05
-88.5 29.5 9.20552e-05
-88 29.5 0.000117509
-87.5 29.5 0.000137831
-87 29.5 0.000102596
-86.5 29.5 0.000139516
-86 29.5 0.000127454
-85.5 29.5 0.000113274
-85 29.5 0.000119218
-84.5 29.5 9.26803e-05
-84 29.5 0.000124245
-83.5 29.5 0.000129254
-83 29.5 0.000156568
-82.5 29.5 0.000196375
-82 29.5 0.000158731
-81.5 29.5 0.000134167
-81 29.5 0.000122056
-119 30 9.86823e-05
-118.5 30 0.000104938
-118 30 0.000120247
-117.5 30 0.000113593
-117 30 0.000159718
-116.5 30 0.000132459
-116 30 0.000130491
-115.5 30 0.000137578
-115 30 0.000141119
-114.5 30 0.000143443
-114 30 0.000138445
-113.5 30 0.000137752
-113 30 0.000118306
-112.5 30 0.000130588
-112 30 0.000103696
-111.5 30 0.000142652
-111 30 0.000155029
-110.5 30 0.000178834
-110 30 0.000190934
-109.5 30 0.000180524
-109 30 0.000185394
-108.5 30 0.000203074
-108 30 0.000218964
-107.5 30 0.000243531
-107 30 0.000241702
-106.5 30 0.000227858
-106 30 0.000209281
-105.5 30 0.000204527
-105 30 0.000187076
-104.5 30 0.000207723
-104 30 0.000201972
-103.5 30 0.000202033
-103 30 0.000186584
-102.5 30 0.000188149
-102 30 0.000183285
-101.5 30 0.000206139
-101 30 0.000218818
-100.5 30 0.000239149
-100 30 0.000245586
-99.5 30 0.000239397
-99 30 0.000229498
-98.5 30 0.000245687
-98 30 0.000273506
-97.5 30 0.000305592
-97 30 0.000283726
-96.5 30 0.00024183
-96 30 0.000198092
-95.5 30 0.000185272
-95 30 0.000104144
-94.5 30 0.000225159
-94 30 0.000156128
-93.5 30 0.000167894
-93 30 0.000171366
-92.5 30 0.000202104
-92 30 0.000165144
-91.5 30 0.00016315
-91 30 0.000142134
-90.5 30 0.000120568
-90 30 0.000125312
-89.5 30 7.1434e-05
-89 30 0.000125387
-88.5 30 0.000139526
-88 30 0.00015203
-87.5 30 0.00012978
-87 30 0.000184636
-86.5 30 0.000145404
-86 30 0.000131252
-85.5 30 0.000131907
-85 30 0.000107048
-84.5 30 0.000142115
-84 30 0.000108153
-83.5 30 0.000118149
-83 30 0.000135721
-82.5 30 0.000155984
-82 30 0.000143743
-81.5 30 0.000131666
-81 30 0.00012479
-119 30.5 0.000109802
-118.5 30.5 0.000111402
-118 30.5 0.00011359
-117.5 30.5 0.000151543
-117 30.5 0.000139703
-116.5 30.5 0.00012967
-116 30.5 0.000134187
-115.5 30.5 0.000150031
-115 30.5 0.000177234
-114.5 30.5 0.000163442
-114 30.5 0.000155129
-113.5 30.5 0.00013983
-113 30.5 0.000145979
-112.5 30.5 0.000118688
-112 30.5 0.000142791
-111.5 30.5 0.00014986
-111 30.5 0.000168672
-110.5 30.5 0.000169915
-110 30.5 0.000167273
-109.5 30.5 0.000174878
-109 30.5 0.000191669
-108.5 30.5 0.000202212
-108 30.5 0.000220842
-107.5 30.5 0.000227398
-107 30.5 0.000234507
-106.5 30.5 0.000225876
-106 30.5 0.000228348
-105.5 30.5 0.000217464
-105 30.5 0.00023101
-104.5 30.5 0.000221208
-104 30.5 0.000225031
-103.5 30.5 0.00021381
-103 30.5 0.000217064
-102.5 30.5 0.000206359
-102 30.5 0.000219083
-101.5 30.5 0.00022275
-101 30.5 0.000235225
-100.5 30.5 0.000239328
-100 30.5 0.0002448
-99.5 30.5 0.00023642
-99 30.5 0.000240296
-98.5 30.5 0.00024684
-98 30.5 0.000267222
-97.5 30.5 0.000280553
-97 30.5 0.000269561
-96.5 30.5 0.00024172
-96 30.5 0.000225478
-95.5 30.5 0.000172288
-95 30.5 0.000228208
-94.5 30.5 0.000166445
-94 30.5 0.000174315
-93.5 30.5 0.000152341
-93 30.5 0.000190498
-92.5 30.5 0.000215416
-92 30.5 0.00021186
-91.5 30.5 0.000185312
-91 30.5 0.000168618
-90.5 30.5 0.00015565
-90 30.5 0.000102691
-89.5 30.5 0.000136127
-89 30.5 0.000148814
-88.5 30.5 0.000170346
-88 30.5 0.000153664
-87.5 30.5 0.000164248
-87 30.5 0.00014926
-86.5 30.5 0.000140289
-86 30.5 0.000138646
-85.5 30.5 0.000141185
-85 30.5 0.00018555
-84.5 30.5 0.000142702
-84 30.5 0.000129875
-83.5 30.5 0.000119547
-83 30.5 0.000136362
-82.5 30.5 0.000156917
-82 30.5 0.000149899
-81.5 30.5 0.000139107
-81 30.5 0.000132878
-119 31 0.000112589
-118.5 31 0.000119024
-118 31 0.00013378
-117.5 31 0.000157344
-117 31 0.000140246
-116.5 31 0.000143543
-116 31 0.000161933
-115.5 31 0.000208017
-115 31 0.00026065
-114.5 31 0.000217904
-114 31 0.000180063
-113.5 31 0.0001648
-113 31 0.000147524
-112.5 31 0.000147244
-112 31 0.000148263
-111.5 31 0.000164029
-111 31 0.000156906
-110.5 31 0.000149527
-110 31 0.000119903
-109.5 31 0.000161454
-109 31 0.000179906
-108.5 31 0.000206737
-108 31 0.000207188
-107.5 31 0.000210913
-107 31 0.000216601
-106.5 31 0.00023415
-106 31 0.000234215
-105.5 31 0.000249048
-105 31 0.000257286
-104.5 31 0.000256872
-104 31 0.000238708
-103.5 31 0.000240491
-103 31 0.000237664
-102.5 31 0.000250785
-102 31 0.000238486
-101.5 31 0.000241109
-101 31 0.000235634
-100.5 31 0.000237352
-100 31 0.000223857
-99.5 31 0.000236489
-99 31 0.000236971
-98.5 31 0.000254306
-98 31 0.000263241
-97.5 31 0.000270814
-97 31 0.00026072
-96.5 31 0.000249748
-96 31 0.000219486
-95.5 31 0.000220692
-95 31 0.000206362
-94.5 31 0.000200688
-94 31 0.000160921
-93.5 31 0.000185115
-93 31 0.000249422
-92.5 31 0.000345591
-92 31 0.000277677
-91.5 31 0.000234102
-91 31 0.000189933
-90.5 31 0.000152593
-90 31 0.000115993
-89.5 31 0.000141232
-89 31 0.000173508
-88.5 31 0.000174171
-88 31 0.000141586
-87.5 31 9.51578e-05
-87 31 0.000119116
-86.5 31 0.000140457
-86 31 0.000163885
-85.5 31 0.000214141
-85 31 0.000264078
-84.5 31 0.00020719
-84 31 0.000154509
-83.5 31 0.00014649
-83 31 0.000166631
-82.5 31 0.000198506
-82 31 0.000171769
-81.5 31 0.000151894
-81 31 0.000141782
-119 31.5 0.000120051
-118.5 31.5 0.000123611
-118 31.5 0.000148169
-117.5 31.5 0.000182596
-117 31.5 0.000158762
-116.5 31.5 0.000160281
-116 31.5 0.000200755
-115.5 31.5 0.000263254
-115 31.5 0.000440673
-114.5 31.5 0.000264072
-114 31.5 0.00020979
-113.5 31.5 0.000177581
-113 31.5 0.000168456
-112.5 31.5 0.000152946
-112 31.5 0.000164587
-111.5 31.5 0.000156316
-111 31.5 0.000154021
-110.5 31.5 0.000115775
-110 31.5 3.54301e-05
-109.5 31.5 0.000128942
-109 31.5 0.000186379
-108.5 31.5 0.000192567
-108 31.5 0.000201996
-107.5 31.5 0.000161983
-107 31.5 0.000221365
-106.5 31.5 0.000230035
-106 31.5 0.00025638
-105.5 31.5 0.00027009
-105 31.5 0.000317892
-104.5 31.5 0.000271053
-104 31.5 0.000273431
-103.5 31.5 0.000256546
-103 31.5 0.000265969
-102.5 31.5 0.000293496
-102 31.5 0.000265363
-101.5 31.5 0.00024917
-101 31.5 0.000245965
-100.5 31.5 0.000227522
-100 31.5 0.000199182
-99.5 31.5 0.000225205
-99 31.5 0.000253474
-98.5 31.5 0.000255874
-98 31.5 0.000267448
-97.5 31.5 0.000250549
-97 31.5 0.00026614
-96.5 31.5 0.000247283
-96 31.5 0.000238451
-95.5 31.5 0.000229615
-95 31.5 0.000235879
-94.5 31.5 0.000198329
-94 31.5 0.000197483
-93.5 31.5 0.00022336
-93 31.5 0.000327755
-92.5 31.5 0.000584909
-92 31.5 0.000349156
-91.5 31.5 0.000257238
-91 31.5 0.000211095
-90.5 31.5 0.000153084
-90 31.5 6.65728e-05
-89.5 31.5 0.000150717
-89 31.5 0.00017299
-88.5 31.5 0.000167101
-88 31.5 0.000126833
-87.5 31.5 -2.87711e-05
-87 31.5 0.000111274
-86.5 31.5 0.000152732
-86 31.5 0.000202476
-85.5 31.5 0.000273294
-85 31.5 0.000461393
-84.5 31.5 0.000254397
-84 31.5 0.000195717
-83.5 31.5 0.000172908
-83 31.5 0.000194767
-82.5 31.5 0.000278728
-82 31.5 0.00018903
-81.5 31.5 0.000159853
-81 31.5 0.000146608
-119 32 0.000121008
-118.5 32 0.000131895
-118 32 0.00014189
-117.5 32 0.000161203
-117 32 0.0001548
-116.5 32 0.000174141
-116 32 0.000199228
-115.5 32 0.000247245
-115 32 0.000292727
-114.5 32 0.000243336
-114 32 0.000210842
-113.5 32 0.00019479
-113 32 0.000168027
-112.5 32 0.000170428
-112 32 0.00016261
-111.5 32 0.000168549
-111 32 0.000145591
-110.5 32 0.000139868
-110 32 0.000103667
-109.5 32 0.000161394
-109 32 0.000174002
-108.5 32 0.000206959
-108 32 0.000202063
-107.5 32 0.0002172
-107 32 0.000224999
-106.5 32 0.000255456
-106 32 0.000261938
-105.5 32 0.000294912
-105 32 0.000293894
-104.5 32 0.000308932
-104 32 0.000269038
-103.5 32 0.000278979
-103 32 0.000273542
-102.5 32 0.000295501
-102 32 0.000275284
-101.5 32 0.000271926
-101 32 0.000249877
-100.5 32 0.000246703
-100 32 0.000222087
-99.5 32 0.000254666
-99 32 0.000250896
-98.5 32 0.000274158
-98 32 0.000273207
-97.5 32 0.000285148
-97 32 0.00027114
-96.5 32 0.000269482
-96 32 0.000248716
-95.5 32 0.000257684
-95 32 0.000239592
-94.5 32 0.000241104
-94 32 0.000198512
-93.5 32 0.00024324
-93 32 0.000305134
-92.5 32 0.00039751
-92 32 0.00032158
-91.5 32 0.000272853
-91 32 0.000219606
-90.5 32 0.000186112
-90 32 0.000154637
-89.5 32 0.000157255
-89 32 0.000214367
-88.5 32 0.000200447
-88 32 0.000153503
-87.5 32 0.000108401
-87 32 0.000140721
-86.5 32 0.000177786
-86 32 0.00021322
-85.5 32 0.000262953
-85 32 0.00030485
-84.5 32 0.000254261
-84 32 0.000184329
-83.5 32 0.000175785
-83 32 0.000187578
-82.5 32 0.000208125
-82 32 0.000179082
-81.5 32 0.000159049
-81 32 0.000147585
-119 32.5 0.000123044
-118.5 32.5 0.000124424
-118 32.5 0.000142227
-117.5 32.5 0.000148109
-117 32.5 0.000159726
-116.5 32.5 0.000168559
-116 32.5 0.000193414
-115.5 32.5 0.000212128
-115 32.5 0.000229875
-114.5 32.5 0.000221203
-114 32.5 0.000202137
-113.5 32.5 0.000180833
-113 32.5 0.000178765
-112.5 32.5 0.000170533
-112 32.5 0.000179277
-111.5 32.5 0.000167061
-111 32.5 0.000164391
-110.5 32.5 0.000141202
-110 32.5 0.000151854
-109.5 32.5 0.000154126
-109 32.5 0.000195651
-108.5 32.5 0.000205941
-108 32.5 0.000230544
-107.5 32.5 0.000222692
-107 32.5 0.000253021
-106.5 32.5 0.00025934
-106 32.5 0.000292032
-105.5 32.5 0.000296225
-105 32.5 0.000336891
-104.5 32.5 0.000289997
-104 32.5 0.000307816
-103.5 32.5 0.00030292
-103 32.5 0.000311467
-102.5 32.5 0.000292958
-102 32.5 0.000296031
-101.5 32.5 0.000276429
-101 32.5 0.000269611
-100.5 32.5 0.000243535
-100 32.5 0.000254376
-99.5 32.5 0.000239595
-99 32.5 0.00027209
-98.5 32.5 0.000284594
-98 32.5 0.000299612
-97.5 32.5 0.000278504
-97 32.5 0.000281907
-96.5 32.5 0.000263582
-96 32.5 0.000267468
-95.5 32.5 0.000256938
-95 32.5 0.000282472
-94.5 32.5 0.000219469
-94 32.5 0.00024322
-93.5 32.5 0.000265783
-93 32.5 0.000308534
-92.5 32.5 0.000325797
-92 32.5 0.000306952
-91.5 32.5 0.000266961
-91 32.5 0.000240255
-90.5 32.5 0.000214745
-90 32.5 0.000174178
-89.5 32.5 0.000241521
-89 32.5 0.000212606
-88.5 32.5 0.000186396
-88 32.5 0.000178115
-87.5 32.5 0.000169574
-87 32.5 0.000188244
-86.5 32.5 0.000203483
-86 32.5 0.000228136
-85.5 32.5 0.000243579
-85 32.5 0.000271599
-84.5 32.5 0.000204881
-84 32.5 0.00019533
-83.5 32.5 0.000185099
-83 32.5 0.000184299
-82.5 32.5 0.000179898
-82 32.5 0.000165003
-81.5 32.5 0.00015134
-81 32.5 0.000142805
-119 33 0.000117177
-118.5 33 0.000125645
-118 33 0.000133416
-117.5 33 0.000151172
-117 33 0.00015508
-116.5 33 0.00017164
-116 33 0.000180888
-115.5 33 0.000193682
-115 33 0.000195144
-114.5 33 0.000193944
-114 33 0.000182879
-113.5 33 0.000182278
-113 33 0.000175614
-112.5 33 0.00019044
-112 33 0.000179959
-111.5 33 0.000180908
-111 33 0.000160849
-110.5 33 0.000161933
-110 33 0.000141505
-109.5 33 0.000179862
-109 33 0.000193743
-108.5 33 0.000226142
-108 33 0.000223961
-107.5 33 0.000247127
-107 33 0.00024885
-106.5 33 0.000286785
-106 33 0.00029803
-105.5 33 0.000343702
-105 33 0.000329574
-104.5 33 0.000350301
-104 33 0.000335529
-103.5 33 0.000342932
-103 33 0.000313617
-102.5 33 0.000309363
-102 33 0.000292939
-101.5 33 0.000302065
-101 33 0.000276701
-100.5 33 0.000276462
-100 33 0.00023357
-99.5 33 0.000275588
-99 33 0.000295253
-98.5 33 0.000323769
-98 33 0.000307109
-97.5 33 0.000297534
-97 33 0.000279308
-96.5 33 0.000289933
-96 33 0.000281846
-95.5 33 0.000308497
-95 33 0.00027311
-94.5 33 0.000281647
-94 33 0.000274577
-93.5 33 0.000296829
-93 33 0.000292266
-92.5 33 0.000289856
-92 33 0.000274549
-91.5 33 0.00026845
-91 33 0.000250443
-90.5 33 0.000228413
-90 33 0.000254977
-89.5 33 0.000233658
-89 33 0.000218188
-88.5 33 0.000206625
-88 33 0.000219124
-87.5 33 0.000252367
-87 33 0.00024347
-86.5 33 0.000242727
-86 33 0.000237964
-85.5 33 0.000247023
-85 33 0.000218395
-84.5 33 0.000212403
-84 33 0.000193277
-83.5 33 0.000185576
-83 33 0.000168281
-82.5 33 0.000149226
-82 33 0.000144326
-81.5 33 0.000141438
-81 33 0.000139293
-119 33.5 0.000110009
-118.5 33.5 0.000124362
-118 33.5 0.000142615
-117.5 33.5 0.000154999
-117 33.5 0.00015451
-116.5 33.5 0.000155955
-116 33.5 0.000165072
-115.5 33.5 0.000153934
-115 33.5 0.000150945
-114.5 33.5 0.000165169
-114 33.5 0.000181137
-113.5 33.5 0.000176918
-113 33.5 0.000194311
-112.5 33.5 0.000200459
-112 33.5 0.000201653
-111.5 33.5 0.000182037
-111 33.5 0.000177333
-110.5 33.5 0.000155205
-110 33.5 0.000150068
-109.5 33.5 0.000168746
-109 33.5 0.000210744
-108.5 33.5 0.000220315
-108 33.5 0.000240728
-107.5 33.5 0.000232377
-107 33.5 0.00027435
-106.5 33.5 0.000283648
-106 33.5 0.000332195
-105.5 33.5 0.000349602
-105 33.5 0.00040149
-104.5 33.5 0.000367608
-104 33.5 0.000375057
-103.5 33.5 0.000361627
-103 33.5 0.000349437
-102.5 33.5 0.000285669
-102 33.5 0.000318759
-101.5 33.5 0.000291528
-101 33.5 0.00031451
-100.5 33.5 0.000261585
-100 33.5 0.000236804
-99.5 33.5 0.000269392
-99 33.5 0.000325892
-98.5 33.5 0.000348986
-98 33.5 0.00033413
-97.5 33.5 0.00028643
-97 33.5 0.000302907
-96.5 33.5 0.000295751
-96 33.5 0.000318531
-95.5 33.5 0.000308649
-95 33.5 0.000317892
-94.5 33.5 0.000298897
-94 33.5 0.000316194
-93.5 33.5 0.000305266
-93 33.5 0.000283793
-92.5 33.5 0.00022849
-92 33.5 0.000259288
-91.5 33.5 0.000258451
-91 33.5 0.000264668
-90.5 33.5 0.000266278
-90 33.5 0.000282615
-89.5 33.5 0.000257091
-89 33.5 0.000228473
-88.5 33.5 0.000230477
-88 33.5 0.000280965
-87.5 33.5 0.000358625
-87 33.5 0.000307213
-86.5 33.5 0.000268586
-86 33.5 0.000250447
-85.5 33.5 0.000228347
-85 33.5 0.000208993
-84.5 33.5 0.000195366
-84 33.5 0.000187163
-83.5 33.5 0.000177632
-83 33.5 0.000148268
-82.5 33.5 0.000105925
-82 33.5 0.000116176
-81.5 33.5 0.000122868
-81 33.5 0.000126759
-119 34 0.000142043
-118.5 34 0.000117154
-118 34 0.000109292
-117.5 34 0.000161893
-117 34 0.000133777
-116.5 34 0.000122937
-116 34 0.000124427
-115.5 34 0.000127393
-115 34 8.1971e-05
-114.5 34 0.000158596
-114 34 0.000161143
-113.5 34 0.000194763
-113 34 0.000210838
-112.5 34 0.000242479
-112 34 0.000208692
-111.5 34 0.000205037
-111 34 0.000181066
-110.5 34 0.000169587
-110 34 9.67525e-05
-109.5 34 0.000183394
-109 34 0.00021126
-108.5 34 0.00023686
-108 34 0.000223951
-107.5 34 0.000227241
-107 34 0.000254748
-106.5 34 0.000312721
-106 34 0.0003262
-105.5 34 0.00039259
-105 34 0.000480748
-104.5 34 0.000407822
-104 34 0.000434916
-103.5 34 0.000397838
-103 34 0.000301803
-102.5 34 0.000225209
-102 34 0.000268643
-101.5 34 0.000373575
-101 34 0.000281245
-100.5 34 0.000235964
-100 34 0.000103606
-99.5 34 0.000248256
-99 34 0.000358335
-98.5 34 0.000342072
-98 34 0.000278745
-97.5 34 0.000237459
-97 34 0.000280568
-96.5 34 0.000314516
-96 34 0.000309087
-95.5 34 0.000325556
-95 34 0.000344059
-94.5 34 0.000335517
-94 34 0.000328726
-93.5 34 0.000319062
-93 34 0.000259141
-92.5 34 0.000118356
-92 34 0.000228587
-91.5 34 0.000273968
-91 34 0.000269006
-90.5 34 0.000287204
-90 34 0.000342396
-89.5 34 0.000271443
-89 34 0.000238699
-88.5 34 0.000255637
-88 34 0.000328423
-87.5 34 0.000578219
-87 34 0.000346686
-86.5 34 0.000286933
-86 34 0.000244659
-85.5 34 0.000216083
-85 34 0.000178669
-84.5 34 0.000175734
-84 34 0.00020139
-83.5 34 0.000157997
-83 34 9.98077e-05
-82.5 34 6.55743e-06
-82 34 8.05331e-05
-81.5 34 9.8343e-05
-81 34 0.000103798
-119 34.5 4.05525e-05
-118.5 34.5 7.91685e-05
-118 34.5 0.000120244
-117.5 34.5 0.000140657
-117 34.5 0.00011622
-116.5 34.5 0.000154791
-116 34.5 0.000143608
-115.5 34.5 0.000122983
-115 34.5 0.000131663
-114.5 34.5 0.000125618
-114 34.5 0.000186013
-113.5 34.5 0.000188628
-113 34.5 0.000211387
-112.5 34.5 0.000213673
-112 34.5 0.000216512
-111.5 34.5 0.000198899
-111 34.5 0.000203001
-110.5 34.5 0.000176836
-110 34.5 0.000173422
-109.5 34.5 0.000208021
-109 34.5 0.000219117
-108.5 34.5 0.000223552
-108 34.5 0.000264163
-107.5 34.5 0.000242675
-107 34.5 0.000299881
-106.5 34.5 0.000301078
-106 34.5 0.000367716
-105.5 34.5 0.000373338
-105 34.5 0.000424561
-104.5 34.5 0.000506803
-104 34.5 0.000370141
-103.5 34.5 0.000367508
-103 34.5 0.000437592
-102.5 34.5 0.000313859
-102 34.5 0.000495628
-101.5 34.5 0.000309387
-101 34.5 0.000362544
-100.5 34.5 0.00030875
-100 34.5 0.000273367
-99.5 34.5 0.000450259
-99 34.5 0.000344294
-98.5 34.5 0.000376961
-98 34.5 0.000405731
-97.5 34.5 0.000350925
-97 34.5 0.000376985
-96.5 34.5 0.00036665
-96 34.5 0.000374339
-95.5 34.5 0.000350485
-95 34.5 0.000362414
-94.5 34.5 0.000351322
-94 34.5 0.000353977
-93.5 34.5 0.000327224
-93 34.5 0.000303102
-92.5 34.5 0.000231729
-92 34.5 0.000282328
-91.5 34.5 0.00026084
-91 34.5 0.000281844
-90.5 34.5 0.000287087
-90 34.5 0.000306877
-89.5 34.5 0.000276112
-89 34.5 0.000243437
-88.5 34.5 0.000253193
-88 34.5 0.000309296
-87.5 34.5 0.00037575
-87 34.5 0.000324761
-86.5 34.5 0.000266538
-86 34.5 0.000240626
-85.5 34.5 0.000212858
-85 34.5 0.000175539
-84.5 34.5 0.000227358
-84 34.5 0.000132618
-83.5 34.5 0.000134512
-83 34.5 0.000121043
-82.5 34.5 8.1778e-05
-82 34.5 9.72378e-05
-81.5 34.5 0.000104914
-81 34.5 0.000106918
-119 35 0.000121181
-118.5 35 0.000139158
-118 35 0.000154126
-117.5 35 0.000131195
-117 35 0.000188562
-116.5 35 0.000156365
-116 35 0.000137833
-115.5 35 0.000140438
-115 35 0.00011331
-114.5 35 0.000174838
-114 35 0.000152151
-113.5 35 0.000174737
-113 35 0.000183561
-112.5 35 0.000207191
-112 35 0.000201495
-111.5 35 0.000205542
-111 35 0.00019616
-110.5 35 0.00020143
-110 35 0.000208644
-109.5 35 0.00020138
-109 35 0.00023674
-108.5 35 0.000269217
-108 35 0.000260071
-107.5 35 0.000299727
-107 35 0.000291827
-106.5 35 0.000349826
-106 35 0.000360686
-105.5 35 0.000405061
-105 35 0.000513612
-104.5 35 0.000338941
-104 35 0.000489185
-103.5 35 0.000556987
-103 35 0.000473939
-102.5 35 0.00061463
-102 35 0.000381357
-101.5 35 0.000546817
-101 35 0.000527186
-100.5 35 0.000513688
-100 35 0.000584801
-99.5 35 0.000405501
-99 35 0.000599069
-98.5 35 0.000613048
-98 35 0.000561226
-97.5 35 0.00052223
-97 35 0.000481024
-96.5 35 0.00047479
-96 35 0.000435472
-95.5 35 0.000419815
-95 35 0.00039051
-94.5 35 0.000383619
-94 35 0.000371232
-93.5 35 0.000359879
-93 35 0.000316593
-92.5 35 0.000312128
-92 35 0.000266229
-91.5 35 0.000296248
-91 35 0.000294388
-90.5 35 0.000303135
-90 35 0.000305524
-89.5 35 0.00026722
-89 35 0.00026353
-88.5 35 0.000272546
-88 35 0.000289067
-87.5 35 0.000325076
-87 35 0.000281842
-86.5 35 0.000266471
-86 35 0.000238802
-85.5 35 0.000204085
-85 35 0.00023733
-84.5 35 0.000110368
-84 35 0.00018376
-83.5 35 0.000175431
-83 35 0.000152113
-82.5 35 0.000124677
-82 35 0.000124124
-81.5 35 0.000122963
-81 35 0.00011929
-119 35.5 0.000130086
-118.5 35.5 0.000171936
-118 35.5 0.000133503
-117.5 35.5 0.000100852
-117 35.5 0.000107998
-116.5 35.5 0.000119399
-116 35.5 0.000131471
-115.5 35.5 0.000132208
-115 35.5 0.00018834
-114.5 35.5 0.000155233
-114 35.5 0.000163091
-113.5 35.5 0.000157262
-113 35.5 0.000188633
-112.5 35.5 0.000210307
-112 35.5 0.000218888
-111.5 35.5 0.000210099
-111 35.5 0.000216172
-110.5 35.5 0.000214698
-110 35.5 0.000208546
-109.5 35.5 0.000229614
-109 35.5 0.00026033
-108.5 35.5 0.000267868
-108 35.5 0.000296793
-107.5 35.5 0.000271091
-107 35.5 0.000327067
-106.5 35.5 0.000344045
-106 35.5 0.000402133
-105.5 35.5 0.000455746
-105 35.5 0.000391017
-104.5 35.5 0.000498534
-104 35.5 0.000580925
-103.5 35.5 0.000594142
-103 35.5 0.000658183
-102.5 35.5 0.000425946
-102 35.5 0.000563699
-101.5 35.5 0.000653876
-101 35.5 0.000689851
-100.5 35.5 0.000630802
-100 35.5 0.000393412
-99.5 35.5 0.000589603
-99 35.5 0.000684836
-98.5 35.5 0.000740746
-98 35.5 0.000678802
-97.5 35.5 0.000524714
-97 35.5 0.000523397
-96.5 35.5 0.000505914
-96 35.5 0.000496145
-95.5 35.5 0.000455014
-95 35.5 0.000430596
-94.5 35.5 0.000405696
-94 35.5 0.00039712
-93.5 35.5 0.000366826
-93 35.5 0.000357332
-92.5 35.5 0.00030305
-92 35.5 0.000314362
-91.5 35.5 0.000306084
-91 35.5 0.0003116
-90.5 35.5 0.000301842
-90 35.5 0.000277109
-89.5 35.5 0.000273247
-89 35.5 0.000272096
-88.5 35.5 0.000275026
-88 35.5 0.000287485
-87.5 35.5 0.000269784
-87 35.5 0.000270799
-86.5 35.5 0.00025139
-86 35.5 0.000231329
-85.5 35.5 0.000232928
-85 35.5 0.000143473
-84.5 35.5 0.000189817
-84 35.5 0.000185944
-83.5 35.5 0.000194174
-83 35.5 0.000153906
-82.5 35.5 9.32876e-05
-82 35.5 9.96019e-05
-81.5 35.5 0.000110242
-81 35.5 0.000112906
-119 36 0.000160628
-118.5 36 0.000149865
-118 36 4.45978e-05
-117.5 36 -0.000102625
-117 36 -7.98815e-06
-116.5 36 6.39352e-05
-116 36 0.000109792
-115.5 36 0.000176422
-115 36 0.000235313
-114.5 36 0.000203938
-114 36 0.000164364
-113.5 36 0.000177413
-113 36 0.000209459
-112.5 36 0.000265754
-112 36 0.000238172
-111.5 36 0.000233141
-111 36 0.000219777
-110.5 36 0.000223909
-110 36 0.000216921
-109.5 36 0.000252004
-109 36 0.000262693
-108.5 36 0.000290819
-108 36 0.000266634
-107.5 36 0.000266685
-107 36 0.00029291
-106.5 36 0.000372347
-106 36 0.000394806
-105.5 36 0.000442546
-105 36 0.000435598
-104.5 36 0.000564789
-104 36 0.000633102
-103.5 36 0.000678241
-103 36 0.0005138
-102.5 36 0.000318715
-102 36 0.000577353
-101.5 36 0.000728186
-101 36 0.000658379
-100.5 36 0.000455067
-100 36 0.000145515
-99.5 36 0.000494483
-99 36 0.000728559
-98.5 36 0.0007889
-98 36 0.00062093
-97.5 36 0.000384586
-97 36 0.000459054
-96.5 36 0.000516543
-96 36 0.000508006
-95.5 36 0.00048365
-95 36 0.000442099
-94.5 36 0.000435356
-94 36 0.000407791
-93.5 36 0.000393792
-93 36 0.000357337
-92.5 36 0.000336486
-92 36 0.00032033
-91.5 36 0.000323728
-91 36 0.000304941
-90.5 36 0.000279969
-90 36 0.000234832
-89.5 36 0.000258719
-89 36 0.000267551
-88.5 36 0.000276572
-88 36 0.000258909
-87.5 36 0.000236217
-87 36 0.000237134
-86.5 36 0.000238328
-86 36 0.000225484
-85.5 36 0.000193966
-85 36 0.000163585
-84.5 36 0.000176664
-84 36 0.000203026
-83.5 36 0.000180546
-83 36 9.05692e-05
-82.5 36 -2.77004e-05
-82 36 3.5546e-05
-81.5 36 7.64836e-05
-81 36 9.41812e-05
-119 36.5 0.000158385
-118.5 36.5 9.72237e-05
-118 36.5 -5.72835e-05
-117.5 36.5 -0.000498261
-117 36.5 -9.3681e-05
-116.5 36.5 2.38594e-05
-116 36.5 0.000116472
-115.5 36.5 0.000202794
-115 36.5 0.00039378
-114.5 36.5 0.000224053
-114 36.5 0.000195896
-113.5 36.5 0.000191223
-113 36.5 0.000242638
-112.5 36.5 0.00035679
-112 36.5 0.000269929
-111.5 36.5 0.000234517
-111 36.5 0.000238231
-110.5 36.5 0.000225647
-110 36.5 0.000222685
-109.5 36.5 0.000242967
-109 36.5 0.000290649
-108.5 36.5 0.000273628
-108 36.5 0.000267576
-107.5 36.5 0.000169025
-107 36.5 0.000317528
-106.5 36.5 0.000343746
-106 36.5 0.000440402
-105.5 36.5 0.00043133
-105 36.5 0.000443448
-104.5 36.5 0.000574879
-104 36.5 0.000667813
-103.5 36.5 0.000646226
-103 36.5 0.00050486
-102.5 36.5 -9.70559e-05
-102 36.5 0.000598578
-101.5 36.5 0.000691105
-101 36.5 0.000641813
-100.5 36.5 0.00035899
-100 36.5 -0.000640888
-99.5 36.5 0.000428133
-99 36.5 0.000797457
-98.5 36.5 0.00077834
-98 36.5 0.000565297
-97.5 36.5 -2.06792e-05
-97 36.5 0.000437039
-96.5 36.5 0.000509862
-96 36.5 0.000529445
-95.5 36.5 0.000490399
-95 36.5 0.0004562
-94.5 36.5 0.000441724
-94 36.5 0.000436506
-93.5 36.5 0.000400469
-93 36.5 0.000377273
-92.5 36.5 0.000340385
-92 36.5 0.000341037
-91.5 36.5 0.000319576
-91 36.5 0.0003019
-90.5 36.5 0.000250412
-90 36.5 0.000151567
-89.5 36.5 0.000234339
-89 36.5 0.00027024
-88.5 36.5 0.000260326
-88 36.5 0.000238346
-87.5 36.5 0.000159512
-87 36.5 0.000218592
-86.5 36.5 0.000218234
-86 36.5 0.000216704
-85.5 36.5 0.000180056
-85 36.5 0.000124855
-84.5 36.5 0.000173545
-84 36.5 0.00019459
-83.5 36.5 0.000145447
-83 36.5 2.56206e-05
-82.5 36.5 -0.000280739
-82 36.5 -2.00467e-05
-81.5 36.5 5.13142e-05
-81 36.5 8.05885e-05
-119 37 0.000145707
-118.5 37 0.000100696
-118 37 -1.74172e-05
-117.5 37 -0.000153363
-117 37 -5.09406e-05
-116.5 37 4.22751e-05
-116 37 0.00010914
-115.5 37 0.000191384
-115 37 0.000249976
-114.5 37 0.000227238
-114 37 0.000181481
-113.5 37 0.000201182
-113 37 0.00022747
-112.5 37 0.000283211
-112 37 0.000250915
-111.5 37 0.000248302
-111 37 0.000234219
-110.5 37 0.000252894
-110 37 0.000236676
-109.5 37 0.000283333
-109 37 0.000278303
-108.5 37 0.000301078
-108 37 0.000268622
-107.5 37 0.000286761
-107 37 0.00031271
-106.5 37 0.000400413
-106 37 0.000415097
-105.5 37 0.000503227
-105 37 0.000519825
-104.5 37 0.000560989
-104 37 0.000798466
-103.5 37 0.000773019
-103 37 0.000591377
-102.5 37 0.000497331
-102 37 0.000684937
-101.5 37 0.000803277
-101 37 0.00080572
-100.5 37 0.000750758
-100 37 0.000479387
-99.5 37 0.000873642
-99 37 0.000938653
-98.5 37 0.00092451
-98 37 0.00073287
-97.5 37 0.000517473
-97 37 0.000575534
-96.5 37 0.000607627
-96 37 0.000569662
-95.5 37 0.000540261
-95 37 0.000485933
-94.5 37 0.000477554
-94 37 0.000437217
-93.5 37 0.000424754
-93 37 0.000383916
-92.5 37 0.000369325
-92 37 0.000347504
-91.5 37 0.000338542
-91 37 0.000301516
-90.5 37 0.000274632
-90 37 0.000223095
-89.5 37 0.00026145
-89 37 0.000255874
-88.5 37 0.000261862
-88 37 0.000235956
-87.5 37 0.000213747
-87 37 0.00021706
-86.5 37 0.000222755
-86 37 0.000205031
-85.5 37 0.000185379
-85 37 0.000153511
-84.5 37 0.000174988
-84 37 0.000190382
-83.5 37 0.000147596
-83 37 5.45425e-05
-82.5 37 -5.15499e-05
-82 37 1.45415e-05
-81.5 37 5.84167e-05
-81 37 8.13417e-05
-119 37.5 0.000135815
-118.5 37.5 9.39463e-05
-118 37.5 3.30364e-05
-117.5 37.5 -3.59956e-05
-117 37.5 6.87348e-06
-116.5 37.5 5.59537e-05
-116 37.5 0.000119195
-115.5 37.5 0.000162882
-115 37.5 0.000219748
-114.5 37.5 0.000184088
-114 37.5 0.0001981
-113.5 37.5 0.000208926
-113 37.5 0.000234692
-112.5 37.5 0.00024045
-112 37.5 0.0002452
-111.5 37.5 0.000237842
-111 37.5 0.000254299
-110.5 37.5 0.000254008
-110 37.5 0.000284181
-109.5 37.5 0.000280725
-109 37.5 0.000307574
-108.5 37.5 0.000306097
-108 37.5 0.000317027
-107.5 37.5 0.000295819
-107 37.5 0.000353746
-106.5 37.5 0.00038568
-106 37.5 0.000468034
-105.5 37.5 0.000520293
-105 37.5 0.000486017
-104.5 37.5 0.000830997
-104 37.5 0.000751539
-103.5 37.5 0.000702443
-103 37.5 0.000707538
-102.5 37.5 0.000723666
-102 37.5 0.000866695
-101.5 37.5 0.000979834
-101 37.5 0.00116329
-99 37.5 0.00133355
-98.5 37.5 0.00117661
-98 37.5 0.00100391
-97.5 37.5 0.000827001
-97 37.5 0.000787371
-96.5 37.5 0.000729605
-96 37.5 0.000670329
-95.5 37.5 0.000590683
-95 37.5 0.000544595
-94.5 37.5 0.00048626
-94 37.5 0.000469665
-93.5 37.5 0.000429968
-93 37.5 0.000411629
-92.5 37.5 0.000385109
-92 37.5 0.000377437
-91.5 37.5 0.00034927
-91 37.5 0.000325652
-90.5 37.5 0.000285454
-90 37.5 0.000273788
-89.5 37.5 0.000253794
-89 37.5 0.00027108
-88.5 37.5 0.000260486
-88 37.5 0.000251012
-87.5 37.5 0.000227931
-87 37.5 0.00023058
-86.5 37.5 0.000221135
-86 37.5 0.000210325
-85.5 37.5 0.000183066
-85 37.5 0.00015935
-84.5 37.5 0.000187724
-84 37.5 0.000176729
-83.5 37.5 0.000136602
-83 37.5 8.42139e-05
-82.5 37.5 3.77969e-05
-82 37.5 5.52901e-05
-81.5 37.5 7.71761e-05
-81 37.5 9.21639e-05
-119 38 0.000123312
-118.5 38 0.000101992
-118 38 5.96278e-05
-117.5 38 4.02618e-05
-117 38 4.26688e-05
-116.5 38 7.81306e-05
-116 38 0.000108711
-115.5 38 0.000154479
-115 38 0.000158231
-114.5 38 0.000186568
-114 38 0.00019299
-113.5 38 0.000214795
-113 38 0.000209831
-112.5 38 0.000213296
-112 38 0.000215217
-111.5 38 0.000238936
-111 38 0.000249969
-110.5 38 0.000285849
-110 38 0.000295492
-109.5 38 0.000320613
-109 38 0.000318466
-108.5 38 0.000334622
-108 38 0.000309138
-107.5 38 0.000325005
-107 38 0.000336049
-106.5 38 0.000416473
-106 38 0.000470229
-105.5 38 0.000500591
-105 38 0.000710309
-104.5 38 0.000715774
-104 38 0.00072954
-103.5 38 0.000754726
-103 38 0.000829546
-102.5 38 0.00102942
-97.5 38 0.00106046
-97 38 0.000943267
-96.5 38 0.00085433
-96 38 0.000746585
-95.5 38 0.000659973
-95 38 0.000563907
-94.5 38 0.000525903
-94 38 0.000479632
-93.5 38 0.000457502
-93 38 0.000427279
-92.5 38 0.000417796
-92 38 0.000391706
-91.5 38 0.000374216
-91 38 0.000337736
-90.5 38 0.000317732
-90 38 0.000278738
-89.5 38 0.000282916
-89 38 0.000272435
-88.5 38 0.000270885
-88 38 0.000250162
-87.5 38 0.000240112
-87 38 0.000228533
-86.5 38 0.000225849
-86 38 0.000207039
-85.5 38 0.000181072
-85 38 0.000170821
-84.5 38 0.000172714
-84 38 0.000161766
-83.5 38 0.000136577
-83 38 0.000109255
-82.5 38 9.79417e-05
-82 38 9.53282e-05
-81.5 38 0.000101166
-81 38 0.000107456
-119 38.5 0.000132656
-118.5 38.5 0.000100792
-118 38.5 8.90785e-05
-117.5 38.5 8.12957e-05
-117 38.5 8.86788e-05
-116.5 38.5 0.000102814
-116 38.5 0.000122202
-115.5 38.5 0.000139039
-115 38.5 0.00013911
-114.5 38.5 0.000166531
-114 38.5 0.000203221
-113.5 38.5 0.00020281
-113 38.5 0.000197151
-112.5 38.5 0.000158767
-112 38.5 0.0002042
-111.5 38.5 0.000227494
-111 38.5 0.000266931
-110.5 38.5 0.000298505
-110 38.5 0.000355801
-109.5 38.5 0.000332498
-109 38.5 0.000349945
-108.5 38.5 0.00032983
-108 38.5 0.000324727
-107.5 38.5 0.000293843
-107 38.5 0.000365144
-106.5 38.5 0.000412518
-106 38.5 0.000494825
-105.5 38.5 0.000578152
-105 38.5 0.000721365
-104.5 38.5 0.000720332
-104 38.5 0.000751831
-103.5 38.5 0.000801931
-103 38.5 0.00105828
-97 38.5 0.00106296
-96.5 38.5 0.000925275
-96 38.5 0.000810717
-95.5 38.5 0.000686947
-95 38.5 0.000588036
-94.5 38.5 0.000531009
-94 38.5 0.000497723
-93.5 38.5 0.000465265
-93 38.5 0.000446434
-92.5 38.5 0.000429156
-92 38.5 0.000412056
-91.5 38.5 0.000379396
-91 38.5 0.000356073
-90.5 38.5 0.000320293
-90 38.5 0.000304116
-89.5 38.5 0.000285771
-89 38.5 0.000286221
-88.5 38.5 0.000268707
-88 38.5 0.000254659
-87.5 38.5 0.000229747
-87 38.5 0.000233296
-86.5 38.5 0.000222831
-86 38.5 0.000208741
-85.5 38.5 0.000180328
-85 38.5 0.000161931
-84.5 38.5 0.000164186
-84 38.5 0.000157647
-83.5 38.5 0.000140702
-83 38.5 0.000141083
-82.5 38.5 0.000154965
-82 38.5 0.000132527
-81.5 38.5 0.000123779
-81 38.5 0.000123076
-119 39 9.55973e-05
-118.5 39 0.000125699
-118 39 0.000136846
-117.5 39 0.000151777
-117 39 0.000139891
-116.5 39 0.000129731
-116 39 0.000155606
-115.5 39 0.000166477
-115 39 8.18204e-05
-114.5 39 0.000188131
-114 39 0.00020259
-113.5 39 0.000219601
-113 39 0.000188968
-112.5 39 7.03623e-05
-112 39 0.000186943
-111.5 39 0.000238947
-111 39 0.000273419
-110.5 39 0.000333826
-110 39 0.000438297
-109.5 39 0.000377077
-109 39 0.000338378
-108.5 39 0.000352471
-108 39 0.000325539
-107.5 39 0.000252095
-107 39 0.000357408
-106.5 39 0.000452731
-106 39 0.000503243
-105.5 39 0.000641864
-105 39 0.000798907
-104.5 39 0.000783446
-104 39 0.00072081
-103.5 39 0.00091301
-96.5 39 0.000997439
-96 39 0.000836458
-95.5 39 0.000702357
-95 39 0.000556222
-94.5 39 0.000539607
-94 39 0.000505561
-93.5 39 0.000472767
-93 39 0.000442148
-92.5 39 0.00045387
-92 39 0.000408747
-91.5 39 0.000384423
-91 39 0.000352478
-90.5 39 0.00033239
-90 39 0.000310082
-89.5 39 0.000303125
-89 39 0.00028379
-88.5 39 0.000278039
-88 39 0.000253122
-87.5 39 0.000215718
-87 39 0.000231986
-86.5 39 0.00022533
-86 39 0.000208794
-85.5 39 0.000189751
-85 39 0.000128692
-84.5 39 0.000167313
-84 39 0.000155606
-83.5 39 0.000158512
-83 39 0.000171557
-82.5 39 0.000243348
-82 39 0.000162973
-81.5 39 0.00014297
-81 39 0.000137249
-119 39.5 0.000200479
-118.5 39.5 0.000156317
-118 39.5 0.000136167
-117.5 39.5 0.000154101
-117 39.5 0.000113317
-116.5 39.5 0.000175603
-116 39.5 0.000180082
-115.5 39.5 0.000172232
-115 39.5 0.000168494
-114.5 39.5 0.000176705
-114 39.5 0.000229596
-113.5 39.5 0.000217991
-113 39.5 0.000205814
-112.5 39.5 0.000162385
-112 39.5 0.000206424
-111.5 39.5 0.000238971
-111 39.5 0.000285074
-110.5 39.5 0.00031099
-110 39.5 0.000379614
-109.5 39.5 0.000332502
-109 39.5 0.000386037
-108.5 39.5 0.000356778
-108 39.5 0.000356265
-107.5 39.5 0.000328787
-107 39.5 0.000393692
-106.5 39.5 0.0004516
-106 39.5 0.000547576
-105.5 39.5 0.000609255
-105 39.5 0.000774293
-104.5 39.5 0.000685458
-104 39.5 0.000828098
-103.5 39.5 0.000941671
-96.5 39.5 0.000981869
-96 39.5 0.000851706
-95.5 39.5 0.000720387
-95 39.5 0.000613458
-94.5 39.5 0.000570892
-94 39.5 0.000504916
-93.5 39.5 0.000469651
-93 39.5 0.000456315
-92.5 39.5 0.000435378
-92 39.5 0.000408199
-91.5 39.5 0.000384872
-91 39.5 0.000363077
-90.5 39.5 0.00033021
-90 39.5 0.000321041
-89.5 39.5 0.000294761
-89 39.5 0.000297699
-88.5 39.5 0.000275863
-88 39.5 0.000263515
-87.5 39.5 0.000242033
-87 39.5 0.000231103
-86.5 39.5 0.000235938
-86 39.5 0.000222307
-85.5 39.5 0.000194858
-85 39.5 0.000177777
-84.5 39.5 0.000166572
-84 39.5 0.000168522
-83.5 39.5 0.000163082
-83 39.5 0.00017405
-82.5 39.5 0.0001918
-82 39.5 0.000166019
-81.5 39.5 0.00015161
-81 39.5 0.000146519
-119 40 0.000126593
-118.5 40 0.000113776
-118 40 0.000122317
-117.5 40 9.83675e-05
-117 40 0.000178471
-116.5 40 0.000136104
-116 40 0.000144747
-115.5 40 0.000164959
-115 40 0.000153198
-114.5 40 0.000214801
-114 40 0.000194158
-113.5 40 0.000202238
-113 40 0.000192368
-112.5 40 0.000191465
-112 40 0.000214322
-111.5 40 0.000241017
-111 40 0.000265714
-110.5 40 0.000314251
-110 40 0.000309339
-109.5 40 0.000390674
-109 40 0.000349606
-108.5 40 0.000357061
-108 40 0.000351786
-107.5 40 0.000366629
-107 40 0.000416096
-106.5 40 0.00046395
-106 40 0.000519361
-105.5 40 0.000639518
-105 40 0.000653652
-104.5 40 0.000815716
-104 40 0.000781924
-103.5 40 0.000924532
-96.5 40 0.0010021
-96 40 0.000860591
-95.5 40 0.000740819
-95 40 0.000654396
-94.5 40 0.000556628
-94 40 0.000533162
-93.5 40 0.000498567
-93 40 0.000463272
-92.5 40 0.000434472
-92 40 0.000414554
-91.5 40 0.000386728
-91 40 0.000356384
-90.5 40 0.000339484
-90 40 0.000310149
-89.5 40 0.000312436
-89 40 0.00028718
-88.5 40 0.000276805
-88 40 0.000261537
-87.5 40 0.000240974
-87 40 0.000253005
-86.5 40 0.000230787
-86 40 0.000213759
-85.5 40 0.000204753
-85 40 0.000183846
-84.5 40 0.000184413
-84 40 0.00016779
-83.5 40 0.000167605
-83 40 0.000169582
-82.5 40 0.00017634
-82 40 0.000164939
-81.5 40 0.000155835
-81 40 0.000151946
-119 40.5 0.000126371
-118.5 40.5 8.97193e-05
-118 40.5 0.00010872
-117.5 40.5 0.000221386
-117 40.5 0.000179826
-116.5 40.5 0.000146492
-116 40.5 0.000150607
-115.5 40.5 0.000174186
-115 40.5 0.000250181
-114.5 40.5 0.000214824
-114 40.5 0.000207122
-113.5 40.5 0.000187148
-113 40.5 0.000199148
-112.5 40.5 0.00021816
-112 40.5 0.00023105
-111.5 40.5 0.000243207
-111 40.5 0.000276106
-110.5 40.5 0.000279086
-110 40.5 0.000350459
-109.5 40.5 0.000332669
-109 40.5 0.000350953
-108.5 40.5 0.000340741
-108 40.5 0.000372091
-107.5 40.5 0.000420139
-107 40.5 0.000448942
-106.5 40.5 0.000473298
-106 40.5 0.000541808
-105.5 40.5 0.000580156
-105 40.5 0.000741665
-104.5 40.5 0.000719087
-104 40.5 0.000794461
-103.5 40.5 0.000920637
-96.5 40.5 0.00099475
-96 40.5 0.000873252
-95.5 40.5 0.000749913
-95 40.5 0.000618566
-94.5 40.5 0.000576594
-94 40.5 0.000539073
-93.5 40.5 0.000504684
-93 40.5 0.000463214
-92.5 40.5 0.000419307
-92 40.5 0.00039888
-91.5 40.5 0.000371761
-91 40.5 0.000357726
-90.5 40.5 0.000334988
-90 40.5 0.000336388
-89.5 40.5 0.00030645
-89 40.5 0.000292911
-88.5 40.5 0.000272077
-88 40.5 0.000260166
-87.5 40.5 0.000263264
-87 40.5 0.000247654
-86.5 40.5 0.000226978
-86 40.5 0.000219361
-85.5 40.5 0.0002118
-85 40.5 0.000220811
-84.5 40.5 0.000194743
-84 40.5 0.000182587
-83.5 40.5 0.000171104
-83 40.5 0.000172567
-82.5 40.5 0.000173066
-82 40.5 0.00016662
-81.5 40.5 0.000159797
-81 40.5 0.000156823
-119 41 8.89741e-05
-118.5 41 0.000104347
-118 41 0.000213917
-117.5 41 0.000384835
-117 41 0.00025099
-116.5 41 0.000189539
-116 41 0.000193405
-115.5 41 0.000268632
-115 41 0.000371183
-114.5 41 0.0002912
-114 41 0.000220661
-113.5 41 0.000207509
-113 41 0.000224815
-112.5 41 0.000273257
-112 41 0.000251445
-111.5 41 0.000258759
-111 41 0.00026272
-110.5 41 0.000296359
-110 41 0.000318261
-109.5 41 0.000338551
-109 41 0.000328578
-108.5 41 0.000355583
-108 41 0.000413353
-107.5 41 0.000508603
-107 41 0.000491538
-106.5 41 0.000508729
-106 41 0.000533053
-105.5 41 0.000619729
-105 41 0.000681736
-104.5 41 0.000732051
-104 41 0.000757074
-103.5 41 0.00090258
-96.5 41 0.00097286
-96 41 0.000837382
-95.5 41 0.000698349
-95 41 0.000561056
-94.5 41 0.000549504
-94 41 0.000529611
-93.5 41 0.000497142
-93 41 0.000436322
-92.5 41 0.000375765
-92 41 0.000362861
-91.5 41 0.00036076
-91 41 0.000350352
-90.5 41 0.000352181
-90 41 0.000351626
-89.5 41 0.000325446
-89 41 0.000291689
-88.5 41 0.000278312
-88 41 0.000270956
-87.5 41 0.000278214
-87 41 0.00024711
-86.5 41 0.00023542
-86 41 0.000229753
-85.5 41 0.000245879
-85 41 0.000262826
-84.5 41 0.000229242
-84 41 0.000195339
-83.5 41 0.000185239
-83 41 0.000180423
-82.5 41 0.000180846
-82 41 0.000169552
-81.5 41 0.000161894
-81 41 0.000158827
-119 41.5 0.000112126
-118.5 41.5 0.000138747
-118 41.5 0.000291969
-117.5 41.5 0.000722231
-117 41.5 0.000323022
-116.5 41.5 0.00023193
-116 41.5 0.000250914
-115.5 41.5 0.000340806
-115 41.5 0.000648886
-114.5 41.5 0.000333498
-114 41.5 0.000254798
-113.5 41.5 0.000223144
-113 41.5 0.000255215
-112.5 41.5 0.000356787
-112 41.5 0.000276531
-111.5 41.5 0.000256235
-111 41.5 0.000271646
-110.5 41.5 0.000290654
-110 41.5 0.00032266
-109.5 41.5 0.000324134
-109 41.5 0.000331579
-108.5 41.5 0.000369733
-108 41.5 0.000467826
-107.5 41.5 0.000658793
-107 41.5 0.000542693
-106.5 41.5 0.000517918
-106 41.5 0.000547859
-105.5 41.5 0.000596602
-105 41.5 0.00070834
-104.5 41.5 0.000666949
-104 41.5 0.000800355
-103.5 41.5 0.000884573
-103 41.5 0.00111807
-97 41.5 0.00104427
-96.5 41.5 0.000915184
-96 41.5 0.000792156
-95.5 41.5 0.000646321
-95 41.5 0.000426339
-94.5 41.5 0.000515324
-94 41.5 0.000519974
-93.5 41.5 0.000473166
-93 41.5 0.000409142
-92.5 41.5 0.000285196
-92 41.5 0.000344666
-91.5 41.5 0.000346048
-91 41.5 0.000354014
-90.5 41.5 0.000357705
-90 41.5 0.000406143
-89.5 41.5 0.000327648
-89 41.5 0.000303176
-88.5 41.5 0.000279122
-88 41.5 0.000281227
-87.5 41.5 0.000303871
-87 41.5 0.000259465
-86.5 41.5 0.000241049
-86 41.5 0.000250893
-85.5 41.5 0.000270238
-85 41.5 0.00035823
-84.5 41.5 0.00024627
-84 41.5 0.000218469
-83.5 41.5 0.000192531
-83 41.5 0.000185544
-82.5 41.5 0.000190251
-82 41.5 0.000170019
-81.5 41.5 0.00016227
-81 41.5 0.000159614
-119 42 7.25023e-05
-118.5 42 0.000136496
-118 42 0.00026076
-117.5 42 0.000413208
-117 42 0.000290634
-116.5 42 0.000245925
-116 42 0.000250857
-115.5 42 0.000316465
-115 42 0.000397435
-114.5 42 0.000313565
-114 42 0.000234533
-113.5 42 0.000228801
-113 42 0.000242356
-112.5 42 0.000290177
-112 42 0.000259588
-111.5 42 0.000261656
-111 42 0.000263603
-110.5 42 0.000296055
-110 42 0.000317438
-109.5 42 0.000317571
-109 42 0.00034388
-108.5 42 0.000392128
-108 42 0.000446695
-107.5 42 0.000546301
-107 42 0.000517499
-106.5 42 0.000524176
-106 42 0.000526151
-105.5 42 0.000590347
-105 42 0.000597786
-104.5 42 0.000758616
-104 42 0.000636939
-103.5 42 0.000821711
-103 42 0.00105751
-102.5 42 0.00126035
-97.5 42 0.00113031
-97 42 0.000979828
-96.5 42 0.000861753
-96 42 0.000745581
-95.5 42 0.000639593
-95 42 0.000521055
-94.5 42 0.000528565
-94 42 0.000498686
-93.5 42 0.000463517
-93 42 0.000404343
-92.5 42 0.000347404
-92 42 0.000341222
-91.5 42 0.000346433
-91 42 0.00034294
-90.5 42 0.000353667
-90 42 0.000352317
-89.5 42 0.00032915
-89 42 0.00029153
-88.5 42 0.000283138
-88 42 0.000275172
-87.5 42 0.000280805
-87 42 0.000254856
-86.5 42 0.000251885
-86 42 0.000252145
-85.5 42 0.00027368
-85 42 0.000284923
-84.5 42 0.000258981
-84 42 0.000208641
-83.5 42 0.000196352
-83 42 0.000186901
-82.5 42 0.000182276
-82 42 0.000170347
-81.5 42 0.000162982
-81 42 0.000159924
-119 42.5 0.000120886
-118.5 42.5 0.000169811
-118 42.5 0.000238766
-117.5 42.5 0.000270577
-117 42.5 0.000240802
-116.5 42.5 0.000217238
-116 42.5 0.000229421
-115.5 42.5 0.000247623
-115 42.5 0.000291323
-114.5 42.5 0.000234968
-114 42.5 0.000226898
-113.5 42.5 0.000226672
-113 42.5 0.000241246
-112.5 42.5 0.000241651
-112 42.5 0.000245264
-111.5 42.5 0.00024439
-111 42.5 0.000268163
-110.5 42.5 0.000293093
-110 42.5 0.000313253
-109.5 42.5 0.000343292
-109 42.5 0.000351735
-108.5 42.5 0.000378429
-108 42.5 0.000441766
-107.5 42.5 0.000490326
-107 42.5 0.000509454
-106.5 42.5 0.000502122
-106 42.5 0.000524496
-105.5 42.5 0.000515525
-105 42.5 0.000691469
-104.5 42.5 0.000466553
-104 42.5 0.000707102
-103.5 42.5 0.000863037
-103 42.5 0.00100904
-102.5 42.5 0.00106243
-102 42.5 0.00117145
-101.5 42.5 0.00135459
-101 42.5 0.00158238
-99 42.5 0.00153307
-98.5 42.5 0.00137996
-98 42.5 0.0011933
-97.5 42.5 0.000989713
-97 42.5 0.000861474
-96.5 42.5 0.00076546
-96 42.5 0.000687672
-95.5 42.5 0.000608619
-95 42.5 0.000552456
-94.5 42.5 0.00051308
-94 42.5 0.00049267
-93.5 42.5 0.000452804
-93 42.5 0.000407913
-92.5 42.5 0.000355611
-92 42.5 0.00034292
-91.5 42.5 0.000333707
-91 42.5 0.000336665
-90.5 42.5 0.000330253
-90 42.5 0.000336121
-89.5 42.5 0.000302615
-89 42.5 0.00029357
-88.5 42.5 0.00027991
-88 42.5 0.000277049
-87.5 42.5 0.000262869
-87 42.5 0.000255922
-86.5 42.5 0.000248949
-86 42.5 0.00025765
-85.5 42.5 0.000258244
-85 42.5 0.000276686
-84.5 42.5 0.000228577
-84 42.5 0.000222038
-83.5 42.5 0.000205981
-83 42.5 0.000192945
-82.5 42.5 0.000178053
-82 42.5 0.000168617
-81.5 42.5 0.00016328
-81 42.5 0.000161752
-119 43 0.000137767
-118.5 43 0.000181937
-118 43 0.000178596
-117.5 43 0.000150737
-117 43 0.000153242
-116.5 43 0.00016596
-116 43 0.000169233
-115.5 43 0.000183703
-115 43 0.000158832
-114.5 43 0.000186519
-114 43 0.000196547
-113.5 43 0.000217043
-113 43 0.000208094
-112.5 43 0.000203091
-112 43 0.000207775
-111.5 43 0.00023145
-111 43 0.000253573
-110.5 43 0.000287766
-110 43 0.000328324
-109.5 43 0.000338857
-109 43 0.000349273
-108.5 43 0.00038472
-108 43 0.000426085
-107.5 43 0.000484464
-107 43 0.000487295
-106.5 43 0.000495646
-106 43 0.000478257
-105.5 43 0.000566147
-105 43 0.000424082
-104.5 43 0.000595716
-104 43 0.000691402
-103.5 43 0.000842736
-103 43 0.000847042
-102.5 43 0.000796568
-102 43 0.000932671
-101.5 43 0.00111331
-101 43 0.00124186
-100.5 43 0.00134349
-100 43 0.00119319
-99.5 43 0.00128461
-99 43 0.00126316
-98.5 43 0.00119495
-98 43 0.000990594
-97.5 43 0.000751144
-97 43 0.000679086
-96.5 43 0.000645662
-96 43 0.000609919
-95.5 43 0.000582561
-95 43 0.000544
-94.5 43 0.000517412
-94 43 0.000480692
-93.5 43 0.00044467
-93 43 0.000394143
-92.5 43 0.000353287
-92 43 0.00032989
-91.5 43 0.000325394
-91 43 0.000316533
-90.5 43 0.000319219
-90 43 0.000301415
-89.5 43 0.000298447
-89 43 0.000283478
-88.5 43 0.000280989
-88 43 0.000265623
-87.5 43 0.000253755
-87 43 0.000243677
-86.5 43 0.000246283
-86 43 0.00024412
-85.5 43 0.000255947
-85 43 0.000238512
-84.5 43 0.000237363
-84 43 0.000218969
-83.5 43 0.000208921
-83 43 0.000186354
-82.5 43 0.000163381
-82 43 0.000157904
-81.5 43 0.00015558
-81 43 0.000154912
-119 43.5 0.000166918
-118.5 43.5 0.000158608
-118 43.5 0.000100882
-117.5 43.5 -2.30266e-05
-117 43.5 7.28841e-05
-116.5 43.5 0.000117784
-116 43.5 0.00013042
-115.5 43.5 0.000107912
-115 43.5 4.25108e-05
-114.5 43.5 0.000117649
-114 43.5 0.000186333
-113.5 43.5 0.000190841
-113 43.5 0.00018242
-112.5 43.5 0.000134209
-112 43.5 0.000190013
-111.5 43.5 0.000222373
-111 43.5 0.000257157
-110.5 43.5 0.000300851
-110 43.5 0.00033566
-109.5 43.5 0.000340395
-109 43.5 0.000355478
-108.5 43.5 0.000378046
-108 43.5 0.00043417
-107.5 43.5 0.000483096
-107 43.5 0.00048595
-106.5 43.5 0.000469728
-106 43.5 0.000482
-105.5 43.5 0.000449461
-105 43.5 0.000421932
-104.5 43.5 0.000525897
-104 43.5 0.000698594
-103.5 43.5 0.000752411
-103 43.5 0.000632867
-102.5 43.5 0.000365523
-102 43.5 0.000670548
-101.5 43.5 0.000868146
-101 43.5 0.00095842
-100.5 43.5 0.000845129
-100 43.5 0.00055272
-99.5 43.5 0.000851894
-99 43.5 0.00103358
-98.5 43.5 0.000991787
-98 43.5 0.000758448
-97.5 43.5 0.000390962
-97 43.5 0.000493674
-96.5 43.5 0.000536813
-96 43.5 0.000555024
-95.5 43.5 0.000555118
-95 43.5 0.000560123
-94.5 43.5 0.000509904
-94 43.5 0.000473101
-93.5 43.5 0.000428206
-93 43.5 0.00038163
-92.5 43.5 0.000331118
-92 43.5 0.00032229
-91.5 43.5 0.000310914
-91 43.5 0.000307788
-90.5 43.5 0.000296945
-90 43.5 0.000287564
-89.5 43.5 0.000279119
-89 43.5 0.000285827
-88.5 43.5 0.000267992
-88 43.5 0.000252864
-87.5 43.5 0.000227341
-87 43.5 0.000239881
-86.5 43.5 0.000243527
-86 43.5 0.000244533
-85.5 43.5 0.000245738
-85 43.5 0.000239482
-84.5 43.5 0.000226454
-84 43.5 0.000227826
-83.5 43.5 0.000199035
-83 43.5 0.000169745
-82.5 43.5 0.000128196
-82 43.5 0.000146762
-81.5 43.5 0.000153762
-81 43.5 0.000155787
-119 44 0.000134796
-118.5 44 0.00014133
-118 44 4.64521e-05
-117.5 44 -0.000309076
-117 44 2.58683e-05
-116.5 44 8.86726e-05
-116 44 0.000115276
-115.5 44 7.9681e-05
-115 44 -0.000187623
-114.5 44 0.000108771
-114 44 0.000144756
-113.5 44 0.00020145
-113 44 0.000185518
-112.5 44 3.0762e-05
-112 44 0.000187128
-111.5 44 0.000236044
-111 44 0.000279827
-110.5 44 0.000326503
-110 44 0.000358981
-109.5 44 0.000357689
-109 44 0.000356936
-108.5 44 0.000388748
-108 44 0.000431612
-107.5 44 0.000529788
-107 44 0.000469364
-106.5 44 0.000461818
-106 44 0.000451602
-105.5 44 0.000413355
-105 44 0.000243549
-104.5 44 0.000507192
-104 44 0.000661405
-103.5 44 0.000656238
-103 44 0.00041538
-102.5 44 -0.000387572
-102 44 0.000458026
-101.5 44 0.000686944
-101 44 0.00071403
-100.5 44 0.000498855
-100 44 -0.000545658
-99.5 44 0.000548686
-99 44 0.000831385
-98.5 44 0.0008223
-98 44 0.000551032
-97.5 44 -0.000249647
-97 44 0.000349017
-96.5 44 0.000474482
-96 44 0.000517381
-95.5 44 0.000541958
-95 44 0.000601202
-94.5 44 0.000506177
-94 44 0.000456707
-93.5 44 0.000415399
-93 44 0.000365046
-92.5 44 0.000296245
-92 44 0.000309182
-91.5 44 0.000306203
-91 44 0.000295376
-90.5 44 0.000286905
-90 44 0.000257795
-89.5 44 0.00028564
-89 44 0.000250277
-88.5 44 0.000268425
-88 44 0.00025913
-87.5 44 0.000197261
-87 44 0.000245984
-86.5 44 0.000243534
-86 44 0.000257888
-85.5 44 0.000260947
-85 44 0.000232897
-84.5 44 0.000250568
-84 44 0.000200121
-83.5 44 0.000208145
-83 44 0.000182184
-82.5 44 7.14378e-05
-82 44 0.000149355
-81.5 44 0.000164051
-81 44 0.000170441
-119 44.5 0.000197984
-118.5 44.5 0.000140625
-118 44.5 4.85702e-05
-117.5 44.5 -5.94223e-05
-117 44.5 3.48649e-06
-116.5 44.5 0.000108119
-116 44.5 0.000114967
-115.5 44.5 7.68903e-05
-115 44.5 3.05078e-05
-114.5 44.5 5.12055e-05
-114 44.5 0.000221399
-113.5 44.5 0.000208163
-113 44.5 0.000182593
-112.5 44.5 0.000144509
-112 44.5 0.000187482
-111.5 44.5 0.000247793
-111 44.5 0.000288299
-110.5 44.5 0.000320622
-110 44.5 0.000353451
-109.5 44.5 0.00035028
-109 44.5 0.000358116
-108.5 44.5 0.000374443
-108 44.5 0.000416629
-107.5 44.5 0.000453517
-107 44.5 0.000451722
-106.5 44.5 0.000437874
-106 44.5 0.000437098
-105.5 44.5 0.000399966
-105 44.5 0.000356399
-104.5 44.5 0.000517143
-104 44.5 0.000593763
-103.5 44.5 0.000578993
-103 44.5 0.000436703
-102.5 44.5 0.000178688
-102 44.5 0.000439894
-101.5 44.5 0.000605176
-101 44.5 0.000603282
-100.5 44.5 0.000434085
-100 44.5 0.000117238
-99.5 44.5 0.000498437
-99 44.5 0.000709606
-98.5 44.5 0.000703664
-98 44.5 0.000528173
-97.5 44.5 0.000222558
-97 44.5 0.000376298
-96.5 44.5 0.00045027
-96 44.5 0.000492631
-95.5 44.5 0.00050909
-95 44.5 0.000524104
-94.5 44.5 0.000477985
-94 44.5 0.000442672
-93.5 44.5 0.000399735
-93 44.5 0.000360274
-92.5 44.5 0.000317186
-92 44.5 0.000308952
-91.5 44.5 0.000297751
-91 44.5 0.000290282
-90.5 44.5 0.000273029
-90 44.5 0.000280497
-89.5 44.5 0.000219546
-89 44.5 0.00030969
-88.5 44.5 0.000274136
-88 44.5 0.000243649
-87.5 44.5 0.00023252
-87 44.5 0.000216485
-86.5 44.5 0.00025796
-86 44.5 0.000255599
-85.5 44.5 0.000247658
-85 44.5 0.000257793
-84.5 44.5 0.000174907
-84 44.5 0.000269425
-83.5 44.5 0.000216024
-83 44.5 0.000167897
-82.5 44.5 0.000127799
-82 44.5 0.000144467
-81.5 44.5 0.000153695
-81 44.5 0.000160482
-119 45 0.000114024
-118.5 45 8.41684e-05
-118 45 4.65372e-05
-117.5 45 -2.86316e-05
-117 45 7.57767e-05
-116.5 45 5.82916e-05
-116 45 6.93355e-05
-115.5 45 8.83473e-05
-115 45 8.22247e-06
-114.5 45 0.000206808
-114 45 0.000137215
-113.5 45 0.000152726
-113 45 0.000160364
-112.5 45 0.000155672
-112 45 0.000211988
-111.5 45 0.000227223
-111 45 0.000263016
-110.5 45 0.000303696
-110 45 0.000331069
-109.5 45 0.000338743
-109 45 0.00034436
-108.5 45 0.000364152
-108 45 0.000388001
-107.5 45 0.000419634
-107 45 0.000417458
-106.5 45 0.000424973
-106 45 0.000416457
-105.5 45 0.00039331
-105 45 0.000405348
-104.5 45 0.000453729
-104 45 0.000550464
-103.5 45 0.000538784
-103 45 0.000450509
-102.5 45 0.000342984
-102 45 0.000473282
-101.5 45 0.000526824
-101 45 0.000513078
-100.5 45 0.000426143
-100 45 0.000317928
-99.5 45 0.00049123
-99 45 0.00060858
-98.5 45 0.000612804
-98 45 0.000506087
-97.5 45 0.000378264
-97 45 0.000398905
-96.5 45 0.000443406
-96 45 0.000468139
-95.5 45 0.000480343
-95 45 0.000475291
-94.5 45 0.000454942
-94 45 0.000419656
-93.5 45 0.000386078
-93 45 0.000350518
-92.5 45 0.000321313
-92 45 0.000305308
-91.5 45 0.000292108
-91 45 0.00027779
-90.5 45 0.000281611
-90 45 0.000210129
-89.5 45 0.000333317
-89 45 0.000241493
-88.5 45 0.00022689
-88 45 0.000225603
-87.5 45 0.000197809
-87 45 0.000248546
-86.5 45 0.000216531
-86 45 0.000219377
-85.5 45 0.000237425
-85 45 0.000163118
-84.5 45 0.000302357
-84 45 0.000178782
-83.5 45 0.000152933
-83 45 0.000131885
-82.5 45 0.000124907
-82 45 0.000123382
-81.5 45 0.000129003
-81 45 0.000137458
-119 45.5 8.74199e-05
-118.5 45.5 4.15721e-05
-118 45.5 2.73984e-05
-117.5 45.5 0.000106554
-117 45.5 7.18655e-05
-116.5 45.5 5.42497e-05
-116 45.5 7.00653e-05
-115.5 45.5 6.42781e-05
-115 45.5 0.000202748
-114.5 45.5 0.000135245
-114 45.5 0.000140119
-113.5 45.5 0.000118033
-113 45.5 0.000159344
-112.5 45.5 0.000250167
-112 45.5 0.000244221
-111.5 45.5 0.000236464
-111 45.5 0.000260527
-110.5 45.5 0.000301993
-110 45.5 0.000346082
-109.5 45.5 0.000342404
-109 45.5 0.000343606
-108.5 45.5 0.000350039
-108 45.5 0.000372626
-107.5 45.5 0.000383515
-107 45.5 0.000401021
-106.5 45.5 0.000398476
-106 45.5 0.00040186
-105.5 45.5 0.000397746
-105 45.5 0.000387039
-104.5 45.5 0.00045696
-104 45.5 0.000499336
-103.5 45.5 0.000488552
-103 45.5 0.000430797
-102.5 45.5 0.000396449
-102 45.5 0.00043113
-101.5 45.5 0.000455382
-101 45.5 0.000461741
-100.5 45.5 0.000425206
-100 45.5 0.000426109
-99.5 45.5 0.000487349
-99 45.5 0.000548761
-98.5 45.5 0.000539016
-98 45.5 0.00049052
-97.5 45.5 0.000428929
-97 45.5 0.000426575
-96.5 45.5 0.000436673
-96 45.5 0.000449835
-95.5 45.5 0.000448897
-95 45.5 0.00044502
-94.5 45.5 0.000423092
-94 45.5 0.000399556
-93.5 45.5 0.000367559
-93 45.5 0.0003419
-92.5 45.5 0.000320412
-92 45.5 0.0003035
-91.5 45.5 0.000287097
-91 45.5 0.000280584
-90.5 45.5 0.000235542
-90 45.5 0.000300831
-89.5 45.5 0.000235157
-89 45.5 0.000225162
-88.5 45.5 0.000194461
-88 45.5 0.000203683
-87.5 45.5 0.000281381
-87 45.5 0.000242493
-86.5 45.5 0.000213036
-86 45.5 0.000211939
-85.5 45.5 0.00019244
-85 45.5 0.00030185
-84.5 45.5 0.000201015
-84 45.5 0.000165106
-83.5 45.5 0.000106221
-83 45.5 0.000123561
-82.5 45.5 0.000173608
-82 45.5 0.000151811
-81.5 45.5 0.00013569
-81 45.5 0.000136536
-119 46 2.93494e-05
-118.5 46 2.75267e-05
-118 46 0.000104227
-117.5 46 0.000244173
-117 46 0.000120901
-116.5 46 7.1597e-05
-116 46 8.11465e-05
-115.5 46 0.00016668
-115 46 0.000283494
-114.5 46 0.000205633
-114 46 0.000122629
-113.5 46 0.000133421
-113 46 0.000242383
-112.5 46 0.000419558
-112 46 0.000310797
-111.5 46 0.000272288
-111 46 0.000282854
-110.5 46 0.000334626
-110 46 0.000399096
-109.5 46 0.000365301
-109 46 0.000344512
-108.5 46 0.000347102
-108 46 0.000352939
-107.5 46 0.000367276
-107 46 0.000366311
-106.5 46 0.000382527
-106 46 0.000390976
-105.5 46 0.000388821
-105 46 0.000407287
-104.5 46 0.000440294
-104 46 0.000457773
-103.5 46 0.000444406
-103 46 0.000392115
-102.5 46 0.000356637
-102 46 0.000369201
-101.5 46 0.000405475
-101 46 0.000425837
-100.5 46 0.000448421
-100 46 0.000501509
-99.5 46 0.000504848
-99 46 0.000508339
-98.5 46 0.000499789
-98 46 0.000475107
-97.5 46 0.000465969
-97 46 0.000438776
-96.5 46 0.000436987
-96 46 0.000433721
-95.5 46 0.000427961
-95 46 0.000412993
-94.5 46 0.000399832
-94 46 0.000373712
-93.5 46 0.000353854
-93 46 0.00033517
-92.5 46 0.000322671
-92 46 0.000300072
-91.5 46 0.000283029
-91 46 0.000261893
-90.5 46 0.00025874
-90 46 0.000251936
-89.5 46 0.000232502
-89 46 0.000179919
-88.5 46 0.000186213
-88 46 0.00026871
-87.5 46 0.00039779
-87 46 0.000285662
-86.5 46 0.000225842
-86 46 0.000217422
-85.5 46 0.000264158
-85 46 0.000330549
-84.5 46 0.000237513
-84 46 0.000123136
-83.5 46 0.000106901
-83 46 0.000184239
-82.5 46 0.000324442
-82 46 0.000208312
-81.5 46 0.000149202
-81 46 0.000134217
-119 46.5 3.46861e-05
-118.5 46.5 3.44268e-05
-118 46.5 0.000141207
-117.5 46.5 0.000516631
-117 46.5 0.00015764
-116.5 46.5 9.09259e-05
-116 46.5 0.000113505
-115.5 46.5 0.000220667
-115 46.5 0.00053316
-114.5 46.5 0.000230377
-114 46.5 0.00014905
-113.5 46.5 0.000168892
-113 46.5 0.000315899
-112.5 46.5 0.000733164
-112 46.5 0.000371783
-111.5 46.5 0.000300679
-111 46.5 0.000310397
-110.5 46.5 0.000357222
-110 46.5 0.000519617
-109.5 46.5 0.000373497
-109 46.5 0.000347846
-108.5 46.5 0.000335533
-108 46.5 0.00033997
-107.5 46.5 0.000333279
-107 46.5 0.000350229
-106.5 46.5 0.000362958
-106 46.5 0.000382179
-105.5 46.5 0.000382762
-105 46.5 0.000418065
-104.5 46.5 0.000408373
-104 46.5 0.000430686
-103.5 46.5 0.000392801
-103 46.5 0.000348081
-102.5 46.5 0.00026946
-102 46.5 0.000335253
-101.5 46.5 0.000366998
-101 46.5 0.00041364
-100.5 46.5 0.000461133
-100 46.5 0.000622988
-99.5 46.5 0.000506116
-99 46.5 0.000483906
-98.5 46.5 0.000473476
-98 46.5 0.000475038
-97.5 46.5 0.000514857
-97 46.5 0.000452723
-96.5 46.5 0.000432498
-96 46.5 0.000422485
-95.5 46.5 0.000404001
-95 46.5 0.000385515
-94.5 46.5 0.000369198
-94 46.5 0.00035997
-93.5 46.5 0.000338336
-93 46.5 0.000324748
-92.5 46.5 0.000324212
-92 46.5 0.000293446
-91.5 46.5 0.000274941
-91 46.5 0.000253514
-90.5 46.5 0.00024697
-90 46.5 0.000249381
-89.5 46.5 0.000200027
-89 46.5 0.000182337
-88.5 46.5 0.000198946
-88 46.5 0.000305577
-87.5 46.5 0.000643677
-87 46.5 0.000314381
-86.5 46.5 0.000244728
-86 46.5 0.000233535
-85.5 46.5 0.000293212
-85 46.5 0.000503818
-84.5 46.5 0.000222307
-84 46.5 0.000145623
-83.5 46.5 0.000120415
-83 46.5 0.000217937
-82.5 46.5 0.000602901
-82 46.5 0.000234075
-81.5 46.5 0.000149896
-81 46.5 0.000127669
-119 47 -3.48445e-05
-118.5 47 1.35859e-05
-118 47 0.000121313
-117.5 47 0.000249633
-117 47 0.00013276
-116.5 47 9.43655e-05
-116 47 0.000119431
-115.5 47 0.000205247
-115 47 0.000315373
-114.5 47 0.000226362
-114 47 0.000139286
-113.5 47 0.000182902
-113 47 0.00029843
-112.5 47 0.0004564
-112 47 0.000349423
-111.5 47 0.00030879
-111 47 0.000305536
-110.5 47 0.000337953
-110 47 0.000385818
-109.5 47 0.000352167
-109 47 0.000322805
-108.5 47 0.000324666
-108 47 0.000322984
-107.5 47 0.000326002
-107 47 0.000332824
-106.5 47 0.000350727
-106 47 0.000354482
-105.5 47 0.000360986
-105 47 0.000358568
-104.5 47 0.000391338
-104 47 0.000365083
-103.5 47 0.000358215
-103 47 0.000325268
-102.5 47 0.000300242
-102 47 0.000316107
-101.5 47 0.000354941
-101 47 0.000388583
-100.5 47 0.000438973
-100 47 0.000503036
-99.5 47 0.000468616
-99 47 0.00046497
-98.5 47 0.000461841
-98 47 0.000455913
-97.5 47 0.000471184
-97 47 0.000444311
-96.5 47 0.000428276
-96 47 0.000404588
-95.5 47 0.000385278
-95 47 0.000357652
-94.5 47 0.000357928
-94 47 0.000325931
-93.5 47 0.000321505
-93 47 0.00031354
-92.5 47 0.000306424
-92 47 0.000284328
-91.5 47 0.000265104
-91 47 0.00024568
-90.5 47 0.000239746
-90 47 0.000221032
-89.5 47 0.00022064
-89 47 0.000143993
-88.5 47 0.000188289
-88 47 0.000288085
-87.5 47 0.000398749
-87 47 0.000292571
-86.5 47 0.000237296
-86 47 0.000232607
-85.5 47 0.000268836
-85 47 0.000303216
-84.5 47 0.000249436
-84 47 6.74528e-05
-83.5 47 9.42296e-05
-83 47 0.000192191
-82.5 47 0.000319302
-82 47 0.000196733
-81.5 47 0.00013381
-81 47 0.000113861
-119 47.5 1.34883e-05
-118.5 47.5 5.64416e-05
-118 47.5 9.69227e-05
-117.5 47.5 0.000107568
-117 47.5 7.31807e-05
-116.5 47.5 6.67421e-05
-116 47.5 0.000101081
-115.5 47.5 0.000156777
-115 47.5 0.00023604
-114.5 47.5 0.000153258
-114 47.5 0.000163134
-113.5 47.5 0.000203608
-113 47.5 0.000276534
-112.5 47.5 0.000331641
-112 47.5 0.000309192
-111.5 47.5 0.000288162
-111 47.5 0.000285523
-110.5 47.5 0.000289099
-110 47.5 0.000310087
-109.5 47.5 0.00029318
-109 47.5 0.000303516
-108.5 47.5 0.000307046
-108 47.5 0.000312291
-107.5 47.5 0.000309218
-107 47.5 0.000319504
-106.5 47.5 0.000325566
-106 47.5 0.000326982
-105.5 47.5 0.000308758
-105 47.5 0.000324389
-104.5 47.5 0.000303537
-104 47.5 0.000337514
-103.5 47.5 0.000331928
-103 47.5 0.000316357
-102.5 47.5 0.000290808
-102 47.5 0.000307513
-101.5 47.5 0.000332147
-101 47.5 0.000366418
-100.5 47.5 0.000397209
-100 47.5 0.000422732
-99.5 47.5 0.000441992
-99 47.5 0.00043526
-98.5 47.5 0.000432038
-98 47.5 0.000442626
-97.5 47.5 0.000451661
-97 47.5 0.000441994
-96.5 47.5 0.000418933
-96 47.5 0.000391787
-95.5 47.5 0.000355565
-95 47.5 0.000343042
-94.5 47.5 0.000304327
-94 47.5 0.000315818
-93.5 47.5 0.0003142
-93 47.5 0.000303794
-92.5 47.5 0.000284057
-92 47.5 0.000268036
-91.5 47.5 0.000250221
-91 47.5 0.000236004
-90.5 47.5 0.000217091
-90 47.5 0.000246405
-89.5 47.5 0.000136521
-89 47.5 0.000177338
-88.5 47.5 0.000217887
-88 47.5 0.000261419
-87.5 47.5 0.000280782
-87 47.5 0.000239606
-86.5 47.5 0.000212673
-86 47.5 0.000207562
-85.5 47.5 0.000202175
-85 47.5 0.000279866
-84.5 47.5 6.49642e-05
-84 47.5 0.000109275
-83.5 47.5 0.000137283
-83 47.5 0.000160851
-82.5 47.5 0.000163876
-82 47.5 0.000118685
-81.5 47.5 9.23945e-05
-81 47.5 8.83512e-05
-119 48 3.09652e-05
-118.5 48 6.30768e-05
-118 48 2.72862e-05
-117.5 48 -4.37735e-05
-117 48 -2.44505e-05
-116.5 48 1.1554e-05
-116 48 5.51409e-05
-115.5 48 0.000122358
-115 48 0.000126999
-114.5 48 0.000150831
-114 48 0.000165943
-113.5 48 0.000211457
-113 48 0.000238553
-112.5 48 0.000244635
-112 48 0.000252829
-111.5 48 0.000253461
-111 48 0.000245411
-110.5 48 0.000237704
-110 48 0.000214792
-109.5 48 0.000246589
-109 48 0.000269551
-108.5 48 0.000289889
-108 48 0.000293467
-107.5 48 0.000292626
-107 48 0.000298192
-106.5 48 0.000300661
-106 48 0.000284838
-105.5 48 0.000267674
-105 48 0.000221821
-104.5 48 0.000268049
-104 48 0.000291758
-103.5 48 0.000305764
-103 48 0.000287142
-102.5 48 0.000266847
-102 48 0.000281874
-101.5 48 0.0003096
-101 48 0.000332522
-100.5 48 0.000347159
-100 48 0.00036854
-99.5 48 0.000386625
-99 48 0.00040086
-98.5 48 0.000414405
-98 48 0.000434031
-97.5 48 0.000454698
-97 48 0.000441089
-96.5 48 0.000413799
-96 48 0.000373207
-95.5 48 0.000336783
-95 48 0.000278383
-94.5 48 0.000289564
-94 48 0.000296772
-93.5 48 0.000300798
-93 48 0.000280914
-92.5 48 0.000251687
-92 48 0.000243447
-91.5 48 0.000233154
-91 48 0.000216397
-90.5 48 0.000229098
-90 48 0.00016212
-89.5 48 0.000181988
-89 48 0.000191391
-88.5 48 0.00022321
-88 48 0.000212171
-87.5 48 0.000167528
-87 48 0.000167678
-86.5 48 0.00016538
-86 48 0.000155979
-85.5 48 0.000192526
-85 48 8.16829e-05
-84.5 48 0.000112941
-84 48 0.000111324
-83.5 48 0.000134121
-83 48 7.91144e-05
-82.5 48 -1.16754e-05
-82 48 2.19575e-06
-81.5 48 2.52025e-05
-81 48 4.80925e-05
-119 48.5 6.2725e-05
-118.5 48.5 4.11569e-05
-118 48.5 -7.29304e-05
-117.5 48.5 -0.000266292
-117 48.5 -0.000132446
-116.5 48.5 -4.48137e-05
-116 48.5 2.22661e-05
-115.5 48.5 6.60411e-05
-115 48.5 7.05832e-05
-114.5 48.5 0.000119273
-114 48.5 0.000175793
-113.5 48.5 0.000205502
-113 48.5 0.000197118
-112.5 48.5 0.000144987
-112 48.5 0.00019952
-111.5 48.5 0.000218769
-111 48.5 0.000213273
-110.5 48.5 0.000176359
-110 48.5 0.000108973
-109.5 48.5 0.000189134
-109 48.5 0.000244997
-108.5 48.5 0.000272937
-108 48.5 0.000278286
-107.5 48.5 0.000267228
-107 48.5 0.000279806
-106.5 48.5 0.000276364
-106 48.5 0.000255418
-105.5 48.5 0.000201476
-105 48.5 0.000129214
-104.5 48.5 0.000204017
-104 48.5 0.000261259
-103.5 48.5 0.000275714
-103 48.5 0.000254943
-102.5 48.5 0.000212852
-102 48.5 0.000254301
-101.5 48.5 0.000284881
-101 48.5 0.000302877
-100.5 48.5 0.000305521
-100 48.5 0.000287188
-99.5 48.5 0.000342357
-99 48.5 0.000371421
-98.5 48.5 0.000401023
-98 48.5 0.000436775
-97.5 48.5 0.000473309
-97 48.5 0.000445205
-96.5 48.5 0.000408144
-96 48.5 0.000362285
-95.5 48.5 0.000297503
-95 48.5 0.000218166
-94.5 48.5 0.000253747
-94 48.5 0.000285306
-93.5 48.5 0.000284959
-93 48.5 0.000255357
-92.5 48.5 0.000201815
-92 48.5 0.000218895
-91.5 48.5 0.000219031
-91 48.5 0.000215
-90.5 48.5 0.000194526
-90 48.5 0.00015478
-89.5 48.5 0.000170624
-89 48.5 0.000215822
-88.5 48.5 0.000212734
-88 48.5 0.000145118
-87.5 48.5 1.82645e-05
-87 48.5 8.99112e-05
-86.5 48.5 0.000119007
-86 48.5 0.000130701
-85.5 48.5 0.000101196
-85 48.5 3.5384e-05
-84.5 48.5 6.17181e-05
-84 48.5 0.000130916
-83.5 48.5 0.000101429
-83 48.5 -3.90371e-05
-82.5 48.5 -0.000270974
-82 48.5 -0.000125022
-81.5 48.5 -3.79478e-05
-81 48.5 1.12471e-05
-119 49 5.202e-05
-118.5 49 4.9085e-06
-118 49 -0.000153612
-117.5 49 -0.000660655
-117 49 -0.000206885
-116.5 49 -7.82379e-05
-116 49 -3.73258e-06
-115.5 49 3.04511e-05
-115 49 -2.40017e-05
-114.5 49 0.00011255
-114 49 0.000172318
-113.5 49 0.000196236
-113 49 0.000166474
-112.5 49 -1.3018e-05
-112 49 0.000165823
-111.5 49 0.000200341
-111 49 0.000188791
-110.5 49 0.000131715
-110 49 -8.99245e-05
-109.5 49 0.000151155
-109 49 0.000226526
-108.5 49 0.000262538
-108 49 0.000267996
-107.5 49 0.000229745
-107 49 0.000268358
-106.5 49 0.000263232
-106 49 0.000229817
-105.5 49 0.000156863
-105 49 -6.39329e-05
-104.5 49 0.000162331
-104 49 0.000229752
-103.5 49 0.000249763
-103 49 0.000226934
-102.5 49 0.000116704
-102 49 0.000232618
-101.5 49 0.000268573
-101 49 0.000279219
-100.5 49 0.000267922
-100 49 0.00016569
-99.5 49 0.000304529
-99 49 0.000353944
-98.5 49 0.0003946
-98 49 0.000438731
-97.5 49 0.000524783
-97 49 0.000448415
-96.5 49 0.000405636
-96 49 0.000350629
-95.5 49 0.000271009
-95 49 8.13903e-05
-94.5 49 0.000233906
-94 49 0.000271551
-93.5 49 0.000272623
-93 49 0.000236555
-92.5 49 0.000115342
-92 49 0.000205239
-91.5 49 0.000216252
-91 49 0.000212692
-90.5 49 0.000184574
-90 49 9.4028e-05
-89.5 49 0.000186073
-89 49 0.000215418
-88.5 49 0.000194406
-88 49 9.49036e-05
-87.5 49 -0.000236524
-87 49 3.92163e-05
-86.5 49 9.2605e-05
-86 49 0.00010326
-85.5 49 5.89828e-05
-85 49 -0.000106379
-84.5 49 6.14361e-05
-84 49 0.000106635
-83.5 49 5.44697e-05
-83 49 -0.000133832
-82.5 49 -0.000732823
-82 49 -0.000211238
-81.5 49 -7.69617e-05
-81 49 -1.20525e-05
