-119 25 647.583
-118.5 25 639.315
-118 25 631.075
-117.5 25 622.841
-117 25 614.6
-116.5 25 606.349
-116 25 598.121
-115.5 25 589.93
-115 25 581.789
-114.5 25 573.706
-114 25 565.717
-113.5 25 557.843
-113 25 550.111
-112.5 25 542.541
-112 25 535.156
-111.5 25 527.975
-111 25 521.018
-110.5 25 514.304
-110 25 507.854
-109.5 25 501.689
-109 25 495.805
-108.5 25 490.223
-108 25 484.95
-107.5 25 479.977
-107 25 475.319
-106.5 25 470.936
-106 25 466.846
-105.5 25 463.036
-105 25 459.491
-104.5 25 456.207
-104 25 453.169
-103.5 25 450.408
-103 25 447.937
-102.5 25 445.759
-102 25 443.874
-101.5 25 442.306
-101 25 441.064
-100.5 25 440.162
-100 25 439.611
-99.5 25 439.446
-99 25 439.616
-98.5 25 440.158
-98 25 441.072
-97.5 25 442.341
-97 25 443.949
-96.5 25 445.887
-96 25 448.156
-95.5 25 450.748
-95 25 453.655
-94.5 25 456.872
-94 25 460.388
-93.5 25 464.208
-93 25 468.333
-92.5 25 472.753
-92 25 477.462
-91.5 25 482.451
-91 25 487.713
-90.5 25 493.237
-90 25 499.01
-89.5 25 505.035
-89 25 511.265
-88.5 25 517.712
-88 25 524.367
-87.5 25 531.204
-87 25 538.207
-86.5 25 545.348
-86 25 552.628
-85.5 25 560.032
-85 25 567.531
-84.5 25 575.168
-84 25 582.804
-83.5 25 590.525
-83 25 598.321
-82.5 25 606.154
-82 25 613.977
-81.5 25 621.788
-81 25 629.598
-119 25.5 637.742
-118.5 25.5 629.391
-118 25.5 621.092
-117.5 25.5 612.799
-117 25.5 604.427
-116.5 25.5 596.028
-116 25.5 587.654
-115.5 25.5 579.333
-115 25.5 571.061
-114.5 25.5 562.845
-114 25.5 554.71
-113.5 25.5 546.692
-113 25.5 538.812
-112.5 25.5 531.096
-112 25.5 523.563
-111.5 25.5 516.231
-111 25.5 509.114
-110.5 25.5 502.237
-110 25.5 495.623
-109.5 25.5 489.285
-109 25.5 483.24
-108.5 25.5 477.503
-108 25.5 472.082
-107.5 25.5 466.98
-107 25.5 462.167
-106.5 25.5 457.656
-106 25.5 453.453
-105.5 25.5 449.548
-105 25.5 445.912
-104.5 25.5 442.5
-104 25.5 439.345
-103.5 25.5 436.479
-103 25.5 433.921
-102.5 25.5 431.666
-102 25.5 429.709
-101.5 25.5 428.069
-101 25.5 426.762
-100.5 25.5 425.808
-100 25.5 425.241
-99.5 25.5 425.047
-99 25.5 425.243
-98.5 25.5 425.834
-98 25.5 426.821
-97.5 25.5 428.175
-97 25.5 429.846
-96.5 25.5 431.848
-96 25.5 434.192
-95.5 25.5 436.876
-95 25.5 439.884
-94.5 25.5 443.198
-94 25.5 446.819
-93.5 25.5 450.752
-93 25.5 454.995
-92.5 25.5 459.543
-92 25.5 464.377
-91.5 25.5 469.495
-91 25.5 474.891
-90.5 25.5 480.552
-90 25.5 486.472
-89.5 25.5 492.616
-89 25.5 498.985
-88.5 25.5 505.576
-88 25.5 512.377
-87.5 25.5 519.362
-87 25.5 526.478
-86.5 25.5 533.731
-86 25.5 541.126
-85.5 25.5 548.647
-85 25.5 556.305
-84.5 25.5 563.992
-84 25.5 571.762
-83.5 25.5 579.633
-83 25.5 587.62
-82.5 25.5 595.636
-82 25.5 603.574
-81.5 25.5 611.47
-81 25.5 619.365
-119 26 627.929
-118.5 26 619.522
-118 26 611.197
-117.5 26 602.849
-117 26 594.318
-116.5 26 585.744
-116 26 577.215
-115.5 26 568.755
-115 26 560.358
-114.5 26 551.991
-114 26 543.711
-113.5 26 535.545
-113 26 527.52
-112.5 26 519.657
-112 26 511.983
-111.5 26 504.499
-111 26 497.224
-110.5 26 490.179
-110 26 483.391
-109.5 26 476.882
-109 26 470.673
-108.5 26 464.781
-108 26 459.219
-107.5 26 453.97
-107 26 449.009
-106.5 26 444.368
-106 26 440.062
-105.5 26 436.071
-105 26 432.342
-104.5 26 428.798
-104 26 425.515
-103.5 26 422.542
-103 26 419.902
-102.5 26 417.575
-102 26 415.532
-101.5 26 413.805
-101 26 412.425
-100.5 26 411.414
-100 26 410.801
-99.5 26 410.608
-99 26 410.834
-98.5 26 411.493
-98 26 412.575
-97.5 26 414.022
-97 26 415.744
-96.5 26 417.8
-96 26 420.218
-95.5 26 422.993
-95 26 426.103
-94.5 26 429.514
-94 26 433.24
-93.5 26 437.288
-93 26 441.658
-92.5 26 446.334
-92 26 451.295
-91.5 26 456.542
-91 26 462.073
-90.5 26 467.876
-90 26 473.931
-89.5 26 480.211
-89 26 486.72
-88.5 26 493.46
-88 26 500.421
-87.5 26 507.55
-87 26 514.774
-86.5 26 522.131
-86 26 529.637
-85.5 26 537.289
-85 26 545.046
-84.5 26 552.844
-84 26 560.739
-83.5 26 568.802
-83 26 577.017
-82.5 26 585.24
-82 26 593.251
-81.5 26 601.196
-81 26 609.158
-119 26.5 618.14
-118.5 26.5 609.657
-118 26.5 601.269
-117.5 26.5 592.871
-117 26.5 584.146
-116.5 26.5 575.403
-116 26.5 566.725
-115.5 26.5 558.135
-115 26.5 549.621
-114.5 26.5 541.111
-114 26.5 532.69
-113.5 26.5 524.398
-113 26.5 516.242
-112.5 26.5 508.241
-112 26.5 500.428
-111.5 26.5 492.796
-111 26.5 485.355
-110.5 26.5 478.139
-110 26.5 471.174
-109.5 26.5 464.492
-109 26.5 458.114
-108.5 26.5 452.058
-108 26.5 446.334
-107.5 26.5 440.939
-107 26.5 435.82
-106.5 26.5 431.047
-106 26.5 426.626
-105.5 26.5 422.539
-105 26.5 418.723
-104.5 26.5 415.036
-104 26.5 411.625
-103.5 26.5 408.553
-103 26.5 405.829
-102.5 26.5 403.435
-102 26.5 401.296
-101.5 26.5 399.488
-101 26.5 398.036
-100.5 26.5 396.972
-100 26.5 396.319
-99.5 26.5 396.131
-99 26.5 396.39
-98.5 26.5 397.104
-98 26.5 398.264
-97.5 26.5 399.812
-97 26.5 401.571
-96.5 26.5 403.692
-96 26.5 406.194
-95.5 26.5 409.07
-95 26.5 412.29
-94.5 26.5 415.803
-94 26.5 419.639
-93.5 26.5 423.807
-93 26.5 428.303
-92.5 26.5 433.116
-92 26.5 438.203
-91.5 26.5 443.587
-91 26.5 449.257
-90.5 26.5 455.204
-90 26.5 461.401
-89.5 26.5 467.819
-89 26.5 474.466
-88.5 26.5 481.354
-88 26.5 488.461
-87.5 26.5 495.737
-87 26.5 503.055
-86.5 26.5 510.515
-86 26.5 518.13
-85.5 26.5 525.899
-85 26.5 533.778
-84.5 26.5 541.675
-84 26.5 549.71
-83.5 26.5 557.946
-83 26.5 566.361
-82.5 26.5 574.803
-82 26.5 582.854
-81.5 26.5 590.867
-81 26.5 598.921
-119 27 608.346
-118.5 27 599.721
-118 27 591.159
-117.5 27 582.549
-117 27 573.756
-116.5 27 564.918
-116 27 556.123
-115.5 27 547.398
-115 27 538.75
-114.5 27 530.144
-114 27 521.644
-113.5 27 513.25
-113 27 504.989
-112.5 27 496.873
-112 27 488.924
-111.5 27 481.135
-111 27 473.531
-110.5 27 466.137
-110 27 458.993
-109.5 27 452.132
-109 27 445.564
-108.5 27 439.328
-108 27 433.427
-107.5 27 427.842
-107 27 422.574
-106.5 27 417.656
-106 27 413.097
-105.5 27 408.861
-105 27 404.894
-104.5 27 401.121
-104 27 397.628
-103.5 27 394.46
-103 27 391.64
-102.5 27 389.148
-102 27 386.957
-101.5 27 385.095
-101 27 383.6
-100.5 27 382.501
-100 27 381.835
-99.5 27 381.634
-99 27 381.89
-98.5 27 382.627
-98 27 383.813
-97.5 27 385.379
-97 27 387.249
-96.5 27 389.478
-96 27 392.092
-95.5 27 395.075
-95 27 398.404
-94.5 27 402.043
-94 27 406.002
-93.5 27 410.295
-93 27 414.921
-92.5 27 419.859
-92 27 425.095
-91.5 27 430.626
-91 27 436.448
-90.5 27 442.539
-90 27 448.878
-89.5 27 455.436
-89 27 462.221
-88.5 27 469.233
-88 27 476.45
-87.5 27 483.816
-87 27 491.273
-86.5 27 498.853
-86 27 506.578
-85.5 27 514.44
-85 27 522.408
-84.5 27 530.445
-84 27 538.603
-83.5 27 546.961
-83 27 555.457
-82.5 27 563.936
-82 27 572.202
-81.5 27 580.404
-81 27 588.623
-119 27.5 598.598
-118.5 27.5 589.793
-118 27.5 581.006
-117.5 27.5 572.181
-117 27.5 563.276
-116.5 27.5 554.347
-116 27.5 545.443
-115.5 27.5 536.601
-115 27.5 527.832
-114.5 27.5 519.165
-114 27.5 510.58
-113.5 27.5 502.113
-113 27.5 493.777
-112.5 27.5 485.574
-112 27.5 477.494
-111.5 27.5 469.551
-111 27.5 461.77
-110.5 27.5 454.194
-110 27.5 446.865
-109.5 27.5 439.803
-109 27.5 433.064
-108.5 27.5 426.638
-108 27.5 420.518
-107.5 27.5 414.723
-107 27.5 409.279
-106.5 27.5 404.206
-106 27.5 399.49
-105.5 27.5 395.1
-105 27.5 390.985
-104.5 27.5 387.12
-104 27.5 383.534
-103.5 27.5 380.277
-103 27.5 377.367
-102.5 27.5 374.798
-102 27.5 372.551
-101.5 27.5 370.646
-101 27.5 369.112
-100.5 27.5 367.989
-100 27.5 367.31
-99.5 27.5 367.083
-99 27.5 367.358
-98.5 27.5 368.103
-98 27.5 369.283
-97.5 27.5 370.866
-97 27.5 372.827
-96.5 27.5 375.18
-96 27.5 377.92
-95.5 27.5 381.032
-95 27.5 384.485
-94.5 27.5 388.254
-94 27.5 392.351
-93.5 27.5 396.779
-93 27.5 401.529
-92.5 27.5 406.601
-92 27.5 411.985
-91.5 27.5 417.675
-91 27.5 423.654
-90.5 27.5 429.901
-90 27.5 436.386
-89.5 27.5 443.086
-89 27.5 450.004
-88.5 27.5 457.132
-88 27.5 464.446
-87.5 27.5 471.909
-87 27.5 479.486
-86.5 27.5 487.185
-86 27.5 495.013
-85.5 27.5 502.969
-85 27.5 511.038
-84.5 27.5 519.181
-84 27.5 527.492
-83.5 27.5 535.947
-83 27.5 544.48
-82.5 27.5 553.006
-82 27.5 561.457
-81.5 27.5 569.877
-81 27.5 578.304
-119 28 588.933
-118.5 28 579.919
-118 28 570.898
-117.5 28 561.856
-117 28 552.818
-116.5 28 543.784
-116 28 534.776
-115.5 28 525.818
-115 28 516.956
-114.5 28 508.2
-114 28 499.562
-113.5 28 491.047
-113 28 482.663
-112.5 28 474.381
-112 28 466.174
-111.5 28 458.065
-111 28 450.103
-110.5 28 442.334
-110 28 434.8
-109.5 28 427.568
-109 28 420.636
-108.5 28 413.987
-108 28 407.627
-107.5 28 401.597
-107 28 395.97
-106.5 28 390.732
-106 28 385.858
-105.5 28 381.31
-105 28 377.057
-104.5 28 373.069
-104 28 369.383
-103.5 28 366.036
-103 28 363.049
-102.5 28 360.409
-102 28 358.105
-101.5 28 356.151
-101 28 354.582
-100.5 28 353.434
-100 28 352.731
-99.5 28 352.522
-99 28 352.799
-98.5 28 353.535
-98 28 354.702
-97.5 28 356.3
-97 28 358.354
-96.5 28 360.836
-96 28 363.719
-95.5 28 366.972
-95 28 370.563
-94.5 28 374.474
-94 28 378.708
-93.5 28 383.264
-93 28 388.146
-92.5 28 393.353
-92 28 398.897
-91.5 28 404.754
-91 28 410.903
-90.5 28 417.313
-90 28 423.953
-89.5 28 430.797
-89 28 437.844
-88.5 28 445.085
-88 28 452.5
-87.5 28 460.062
-87 28 467.753
-86.5 28 475.562
-86 28 483.494
-85.5 28 491.548
-85 28 499.706
-84.5 28 508.007
-84 28 516.439
-83.5 28 524.967
-83 28 533.536
-82.5 28 542.125
-82 28 550.754
-81.5 28 559.4
-81 28 568.055
-119 28.5 579.395
-118.5 28.5 570.169
-118 28.5 560.91
-117.5 28.5 551.656
-117 28.5 542.487
-116.5 28.5 533.351
-116 28.5 524.231
-115.5 28.5 515.157
-115 28.5 506.172
-114.5 28.5 497.35
-114 28.5 488.659
-113.5 28.5 480.103
-113 28.5 471.673
-112.5 28.5 463.322
-112 28.5 454.971
-111.5 28.5 446.695
-111 28.5 438.548
-110.5 28.5 430.582
-110 28.5 422.854
-109.5 28.5 415.445
-109 28.5 408.315
-108.5 28.5 401.433
-108 28.5 394.81
-107.5 28.5 388.529
-107 28.5 382.715
-106.5 28.5 377.309
-106 28.5 372.263
-105.5 28.5 367.551
-105 28.5 363.14
-104.5 28.5 359.011
-104 28.5 355.203
-103.5 28.5 351.76
-103 28.5 348.692
-102.5 28.5 345.991
-102 28.5 343.621
-101.5 28.5 341.62
-101 28.5 340.016
-100.5 28.5 338.844
-100 28.5 338.137
-99.5 28.5 337.942
-99 28.5 338.229
-98.5 28.5 338.959
-98 28.5 340.112
-97.5 28.5 341.729
-97 28.5 343.886
-96.5 28.5 346.507
-96 28.5 349.534
-95.5 28.5 352.935
-95 28.5 356.673
-94.5 28.5 360.721
-94 28.5 365.088
-93.5 28.5 369.778
-93 28.5 374.791
-92.5 28.5 380.144
-92 28.5 385.855
-91.5 28.5 391.892
-91 28.5 398.216
-90.5 28.5 404.799
-90 28.5 411.602
-89.5 28.5 418.593
-89 28.5 425.771
-88.5 28.5 433.13
-88 28.5 440.652
-87.5 28.5 448.321
-87 28.5 456.126
-86.5 28.5 464.051
-86 28.5 472.089
-85.5 28.5 480.242
-85 28.5 488.518
-84.5 28.5 496.96
-84 28.5 505.517
-83.5 28.5 514.121
-83 28.5 522.734
-82.5 28.5 531.398
-82 28.5 540.226
-81.5 28.5 549.107
-81 28.5 557.991
-119 29 570.044
-118.5 29 560.623
-118 29 551.158
-117.5 29 541.691
-117 29 532.41
-116.5 29 523.158
-116 29 513.917
-115.5 29 504.708
-115 29 495.587
-114.5 29 486.691
-114 29 477.931
-113.5 29 469.306
-113 29 460.807
-112.5 29 452.384
-112 29 443.88
-111.5 29 435.441
-111 29 427.138
-110.5 29 418.993
-110 29 411.067
-109.5 29 403.491
-109 29 396.162
-108.5 29 389.048
-108 29 382.171
-107.5 29 375.61
-107 29 369.614
-106.5 29 364.009
-106 29 358.758
-105.5 29 353.846
-105 29 349.262
-104.5 29 344.96
-104 29 341.016
-103.5 29 337.457
-103 29 334.303
-102.5 29 331.541
-102 29 329.105
-101.5 29 327.059
-101 29 325.435
-100.5 29 324.252
-100 29 323.546
-99.5 29 323.38
-99 29 323.689
-98.5 29 324.431
-98 29 325.595
-97.5 29 327.225
-97 29 329.505
-96.5 29 332.251
-96 29 335.409
-95.5 29 338.944
-95 29 342.831
-94.5 29 347.009
-94 29 351.519
-93.5 29 356.347
-93 29 361.506
-92.5 29 367.01
-92 29 372.907
-91.5 29 379.121
-91 29 385.626
-90.5 29 392.382
-90 29 399.358
-89.5 29 406.493
-89 29 413.809
-88.5 29 421.297
-88 29 428.943
-87.5 29 436.728
-87 29 444.659
-86.5 29 452.709
-86 29 460.868
-85.5 29 469.137
-85 29 477.534
-84.5 29 486.135
-84 29 494.826
-83.5 29 503.534
-83 29 512.231
-82.5 29 520.975
-82 29 530.027
-81.5 29 539.128
-81 29 548.217
-119 29.5 560.941
-118.5 29.5 551.362
-118 29.5 541.751
-117.5 29.5 532.168
-117 29.5 522.699
-116.5 29.5 513.281
-116 29.5 503.901
-115.5 29.5 494.581
-115 29.5 485.36
-114.5 29.5 476.318
-114 29.5 467.425
-113.5 29.5 458.671
-113 29.5 450.027
-112.5 29.5 441.451
-112 29.5 432.852
-111.5 29.5 424.328
-111 29.5 415.896
-110.5 29.5 407.621
-110 29.5 399.553
-109.5 29.5 391.765
-109 29.5 384.223
-108.5 29.5 376.891
-108 29.5 369.801
-107.5 29.5 363.052
-107 29.5 356.765
-106.5 29.5 350.873
-106 29.5 345.36
-105.5 29.5 340.209
-105 29.5 335.4
-104.5 29.5 330.931
-104 29.5 326.832
-103.5 29.5 323.149
-103 29.5 319.883
-102.5 29.5 317.028
-102 29.5 314.551
-101.5 29.5 312.491
-101 29.5 310.865
-100.5 29.5 309.702
-100 29.5 309.029
-99.5 29.5 308.879
-99 29.5 309.219
-98.5 29.5 310.003
-98 29.5 311.237
-97.5 29.5 312.976
-97 29.5 315.294
-96.5 29.5 318.105
-96 29.5 321.356
-95.5 29.5 325.007
-95 29.5 329.013
-94.5 29.5 333.353
-94 29.5 338.008
-93.5 29.5 343.012
-93 29.5 348.354
-92.5 29.5 354.048
-92 29.5 360.104
-91.5 29.5 366.497
-91 29.5 373.166
-90.5 29.5 380.086
-90 29.5 387.214
-89.5 29.5 394.514
-89 29.5 401.987
-88.5 29.5 409.619
-88 29.5 417.401
-87.5 29.5 425.329
-87 29.5 433.396
-86.5 29.5 441.579
-86 29.5 449.886
-85.5 29.5 458.317
-85 29.5 466.887
-84.5 29.5 475.626
-84 29.5 484.465
-83.5 29.5 493.326
-83 29.5 502.204
-82.5 29.5 511.165
-82 29.5 520.322
-81.5 29.5 529.555
-81 29.5 538.798
-119 30 552.088
-118.5 30 542.371
-118 30 532.648
-117.5 30 522.951
-117 30 513.309
-116.5 30 503.726
-116 30 494.197
-115.5 30 484.74
-115 30 475.394
-114.5 30 466.196
-114 30 457.147
-113.5 30 448.232
-113 30 439.429
-112.5 30 430.689
-112 30 422.009
-111.5 30 413.363
-111 30 404.829
-110.5 30 396.441
-110 30 388.239
-109.5 30 380.265
-109 30 372.483
-108.5 30 364.928
-108 30 357.64
-107.5 30 350.68
-107 30 344.096
-106.5 30 337.912
-106 30 332.107
-105.5 30 326.67
-105 30 321.615
-104.5 30 316.939
-104 30 312.689
-103.5 30 308.866
-103 30 305.478
-102.5 30 302.523
-102 30 300.005
-101.5 30 297.928
-101 30 296.314
-100.5 30 295.179
-100 30 294.545
-99.5 30 294.431
-99 30 294.796
-98.5 30 295.639
-98 30 296.969
-97.5 30 298.81
-97 30 301.183
-96.5 30 304.063
-96 30 307.399
-95.5 30 311.147
-95 30 315.284
-94.5 30 319.758
-94 30 324.611
-93.5 30 329.8
-93 30 335.329
-92.5 30 341.203
-92 30 347.449
-91.5 30 354.008
-91 30 360.855
-90.5 30 367.946
-90 30 375.243
-89.5 30 382.716
-89 30 390.339
-88.5 30 398.122
-88 30 406.062
-87.5 30 414.147
-87 30 422.356
-86.5 30 430.705
-86 30 439.178
-85.5 30 447.778
-85 30 456.522
-84.5 30 465.431
-84 30 474.426
-83.5 30 483.474
-83 30 492.569
-82.5 30 501.742
-82 30 511.028
-81.5 30 520.38
-81 30 529.753
-119 30.5 543.515
-118.5 30.5 533.679
-118 30.5 523.854
-117.5 30.5 514.043
-117 30.5 504.249
-116.5 30.5 494.491
-116 30.5 484.788
-115.5 30.5 475.168
-115 30.5 465.662
-114.5 30.5 456.306
-114 30.5 447.096
-113.5 30.5 438.019
-113 30.5 429.048
-112.5 30.5 420.173
-112 30.5 411.347
-111.5 30.5 402.602
-111 30.5 393.974
-110.5 30.5 385.495
-110 30.5 377.172
-109.5 30.5 368.98
-109 30.5 360.967
-108.5 30.5 353.187
-108 30.5 345.686
-107.5 30.5 338.492
-107 30.5 331.629
-106.5 30.5 325.125
-106 30.5 318.985
-105.5 30.5 313.233
-105 30.5 307.89
-104.5 30.5 303.011
-104 30.5 298.585
-103.5 30.5 294.613
-103 30.5 291.091
-102.5 30.5 288.038
-102 30.5 285.463
-101.5 30.5 283.375
-101 30.5 281.777
-100.5 30.5 280.679
-100 30.5 280.091
-99.5 30.5 280.002
-99 30.5 280.414
-98.5 30.5 281.33
-98 30.5 282.759
-97.5 30.5 284.705
-97 30.5 287.16
-96.5 30.5 290.111
-96 30.5 293.528
-95.5 30.5 297.383
-95 30.5 301.632
-94.5 30.5 306.294
-94 30.5 311.321
-93.5 30.5 316.696
-93 30.5 322.398
-92.5 30.5 328.461
-92 30.5 334.892
-91.5 30.5 341.659
-91 30.5 348.713
-90.5 30.5 356.011
-90 30.5 363.503
-89.5 30.5 371.138
-89 30.5 378.921
-88.5 30.5 386.866
-88 30.5 394.972
-87.5 30.5 403.22
-87 30.5 411.602
-86.5 30.5 420.112
-86 30.5 428.746
-85.5 30.5 437.51
-85 30.5 446.433
-84.5 30.5 455.512
-84 30.5 464.704
-83.5 30.5 473.967
-83 30.5 483.292
-82.5 30.5 492.678
-82 30.5 502.115
-81.5 30.5 511.59
-81 30.5 521.085
-119 31 535.238
-118.5 31 525.295
-118 31 515.376
-117.5 31 505.458
-117 31 495.499
-116.5 31 485.553
-116 31 475.661
-115.5 31 465.854
-115 31 456.172
-114.5 31 446.655
-114 31 437.288
-113.5 31 428.047
-113 31 418.919
-112.5 31 409.882
-112 31 400.924
-111.5 31 392.07
-111 31 383.356
-110.5 31 374.789
-110 31 366.337
-109.5 31 357.923
-109 31 349.668
-108.5 31 341.656
-108 31 333.937
-107.5 31 326.506
-107 31 319.341
-106.5 31 312.489
-106 31 305.997
-105.5 31 299.897
-105 31 294.254
-104.5 31 289.148
-104 31 284.541
-103.5 31 280.401
-103 31 276.736
-102.5 31 273.568
-102 31 270.944
-101.5 31 268.843
-101 31 267.262
-100.5 31 266.198
-100 31 265.649
-99.5 31 265.596
-99 31 266.06
-98.5 31 267.055
-98 31 268.594
-97.5 31 270.655
-97 31 273.199
-96.5 31 276.232
-96 31 279.745
-95.5 31 283.705
-95 31 288.105
-94.5 31 292.936
-94 31 298.154
-93.5 31 303.705
-93 31 309.584
-92.5 31 315.824
-92 31 322.486
-91.5 31 329.492
-91 31 336.787
-90.5 31 344.314
-90 31 352.015
-89.5 31 359.817
-89 31 367.763
-88.5 31 375.877
-88 31 384.16
-87.5 31 392.591
-87 31 401.137
-86.5 31 409.804
-86 31 418.598
-85.5 31 427.526
-85 31 436.618
-84.5 31 445.903
-84 31 455.314
-83.5 31 464.811
-83 31 474.374
-82.5 31 483.975
-82 31 493.565
-81.5 31 503.167
-81 31 512.782
-119 31.5 527.261
-118.5 31.5 517.206
-118 31.5 507.178
-117.5 31.5 497.153
-117 31.5 487.015
-116.5 31.5 476.889
-116 31.5 466.813
-115.5 31.5 456.824
-115 31.5 446.957
-114.5 31.5 437.285
-114 31.5 427.751
-113.5 31.5 418.341
-113 31.5 409.042
-112.5 31.5 399.845
-112 31.5 390.741
-111.5 31.5 381.766
-111 31.5 372.936
-110.5 31.5 364.257
-110 31.5 355.675
-109.5 31.5 347.026
-109 31.5 338.527
-108.5 31.5 330.292
-108 31.5 322.342
-107.5 31.5 314.672
-107 31.5 307.177
-106.5 31.5 299.988
-106 31.5 293.146
-105.5 31.5 286.708
-105 31.5 280.744
-104.5 31.5 275.413
-104 31.5 270.595
-103.5 31.5 266.273
-103 31.5 262.447
-102.5 31.5 259.155
-102 31.5 256.469
-101.5 31.5 254.343
-101 31.5 252.763
-100.5 31.5 251.727
-100 31.5 251.214
-99.5 31.5 251.194
-99 31.5 251.705
-98.5 31.5 252.785
-98 31.5 254.431
-97.5 31.5 256.622
-97 31.5 259.257
-96.5 31.5 262.4
-96 31.5 266.029
-95.5 31.5 270.129
-95 31.5 274.688
-94.5 31.5 279.715
-94 31.5 285.126
-93.5 31.5 290.881
-93 31.5 296.958
-92.5 31.5 303.392
-92 31.5 310.311
-91.5 31.5 317.569
-91 31.5 325.097
-90.5 31.5 332.854
-90 31.5 340.775
-89.5 31.5 348.746
-89 31.5 356.864
-88.5 31.5 365.157
-88 31.5 373.623
-87.5 31.5 382.247
-87 31.5 390.96
-86.5 31.5 399.803
-86 31.5 408.774
-85.5 31.5 417.884
-85 31.5 427.15
-84.5 31.5 436.66
-84 31.5 446.291
-83.5 31.5 456.015
-83 31.5 465.801
-82.5 31.5 475.612
-82 31.5 485.347
-81.5 31.5 495.08
-81 31.5 504.823
-119 32 519.574
-118.5 32 509.383
-118 32 499.209
-117.5 32 489.013
-117 32 478.754
-116.5 32 468.487
-116 32 458.264
-115.5 32 448.12
-115 32 438.1
-114.5 32 428.239
-114 32 418.517
-113.5 32 408.92
-113 32 399.441
-112.5 32 390.063
-112 32 380.799
-111.5 32 371.663
-111 32 362.672
-110.5 32 353.794
-110 32 344.993
-109.5 32 336.179
-109 32 327.506
-108.5 32 319.038
-108 32 310.828
-107.5 32 302.857
-107 32 295.1
-106.5 32 287.611
-106 32 280.469
-105.5 32 273.735
-105 32 267.509
-104.5 32 261.873
-104 32 256.802
-103.5 32 252.262
-103 32 248.274
-102.5 32 244.859
-102 32 242.07
-101.5 32 239.882
-101 32 238.283
-100.5 32 237.246
-100 32 236.751
-99.5 32 236.766
-99 32 237.337
-98.5 32 238.483
-98 32 240.219
-97.5 32 242.507
-97 32 245.3
-96.5 32 248.594
-96 32 252.389
-95.5 32 256.665
-95 32 261.427
-94.5 32 266.65
-94 32 272.296
-93.5 32 278.287
-93 32 284.628
-92.5 32 291.336
-92 32 298.467
-91.5 32 305.929
-91 32 313.663
-90.5 32 321.606
-90 32 329.705
-89.5 32 337.897
-89 32 346.214
-88.5 32 354.702
-88 32 363.359
-87.5 32 372.16
-87 32 381.081
-86.5 32 390.133
-86 32 399.325
-85.5 32 408.661
-85 32 418.163
-84.5 32 427.849
-84 32 437.672
-83.5 32 447.578
-83 32 457.536
-82.5 32 467.5
-82 32 477.413
-81.5 32 487.304
-81 32 497.187
-119 32.5 512.193
-118.5 32.5 501.861
-118 32.5 491.52
-117.5 32.5 481.16
-117 32.5 470.769
-116.5 32.5 460.378
-116 32.5 450.02
-115.5 32.5 439.736
-115 32.5 429.558
-114.5 32.5 419.512
-114 32.5 409.6
-113.5 32.5 399.81
-113 32.5 390.127
-112.5 32.5 380.555
-112 32.5 371.102
-111.5 32.5 361.785
-111 32.5 352.594
-110.5 32.5 343.508
-110 32.5 334.478
-109.5 32.5 325.505
-109 32.5 316.623
-108.5 32.5 307.931
-108 32.5 299.461
-107.5 32.5 291.221
-107 32.5 283.184
-106.5 32.5 275.413
-106 32.5 267.97
-105.5 32.5 260.949
-105 32.5 254.429
-104.5 32.5 248.498
-104 32.5 243.139
-103.5 32.5 238.365
-103 32.5 234.186
-102.5 32.5 230.635
-102 32.5 227.721
-101.5 32.5 225.454
-101 32.5 223.811
-100.5 32.5 222.77
-100 32.5 222.28
-99.5 32.5 222.331
-99 32.5 222.94
-98.5 32.5 224.156
-98 32.5 225.986
-97.5 32.5 228.412
-97 32.5 231.37
-96.5 32.5 234.851
-96 32.5 238.834
-95.5 32.5 243.322
-95 32.5 248.301
-94.5 32.5 253.777
-94 32.5 259.66
-93.5 32.5 265.93
-93 32.5 272.57
-92.5 32.5 279.577
-92 32.5 286.935
-91.5 32.5 294.602
-91 32.5 302.522
-90.5 32.5 310.648
-90 32.5 318.932
-89.5 32.5 327.327
-89 32.5 335.877
-88.5 32.5 344.574
-88 32.5 353.412
-87.5 32.5 362.397
-87 32.5 371.532
-86.5 32.5 380.82
-86 32.5 390.255
-85.5 32.5 399.84
-85 32.5 409.57
-84.5 32.5 419.454
-84 32.5 429.441
-83.5 32.5 439.509
-83 32.5 449.622
-82.5 32.5 459.736
-82 32.5 469.812
-81.5 32.5 479.856
-81 32.5 489.879
-119 33 505.129
-118.5 33 494.647
-118 33 484.145
-117.5 33 473.624
-117 33 463.105
-116.5 33 452.591
-116 33 442.106
-115.5 33 431.676
-115 33 421.337
-114.5 33 411.115
-114 33 401.011
-113.5 33 391.013
-113 33 381.12
-112.5 33 371.336
-112 33 361.687
-111.5 33 352.168
-111 33 342.773
-110.5 33 333.467
-110 33 324.236
-109.5 33 315.043
-109 33 305.961
-108.5 33 297.043
-108 33 288.337
-107.5 33 279.825
-107 33 271.507
-106.5 33 263.425
-106 33 255.674
-105.5 33 248.333
-105 33 241.509
-104.5 33 235.253
-104 33 229.604
-103.5 33 224.571
-103 33 220.187
-102.5 33 216.457
-102 33 213.406
-101.5 33 211.031
-101 33 209.336
-100.5 33 208.275
-100 33 207.806
-99.5 33 207.859
-99 33 208.503
-98.5 33 209.791
-98 33 211.751
-97.5 33 214.332
-97 33 217.483
-96.5 33 221.163
-96 33 225.37
-95.5 33 230.09
-95 33 235.339
-94.5 33 241.069
-94 33 247.248
-93.5 33 253.834
-93 33 260.811
-92.5 33 268.127
-92 33 275.737
-91.5 33 283.609
-91 33 291.721
-90.5 33 300.033
-90 33 308.505
-89.5 33 317.132
-89 33 325.9
-88.5 33 334.794
-88 33 343.814
-87.5 33 352.986
-87 33 362.352
-86.5 33 371.891
-86 33 381.585
-85.5 33 391.416
-85 33 401.378
-84.5 33 411.444
-84 33 421.602
-83.5 33 431.827
-83 33 442.092
-82.5 33 452.352
-82 33 462.57
-81.5 33 472.75
-81 33 482.903
-119 33.5 498.389
-118.5 33.5 487.766
-118 33.5 477.108
-117.5 33.5 466.438
-117 33.5 455.804
-116.5 33.5 445.18
-116 33.5 434.565
-115.5 33.5 423.988
-115 33.5 413.474
-114.5 33.5 403.072
-114 33.5 392.769
-113.5 33.5 382.562
-113 33.5 372.445
-112.5 33.5 362.445
-112 33.5 352.584
-111.5 33.5 342.86
-111 33.5 333.248
-110.5 33.5 323.733
-110 33.5 314.282
-109.5 33.5 304.876
-109 33.5 295.567
-108.5 33.5 286.43
-108 33.5 277.483
-107.5 33.5 268.718
-107 33.5 260.082
-106.5 33.5 251.683
-106 33.5 243.594
-105.5 33.5 235.923
-105 33.5 228.749
-104.5 33.5 222.174
-104 33.5 216.207
-103.5 33.5 210.897
-103 33.5 206.265
-102.5 33.5 202.337
-102 33.5 199.1
-101.5 33.5 196.602
-101 33.5 194.823
-100.5 33.5 193.756
-100 33.5 193.293
-99.5 33.5 193.344
-99 33.5 194.01
-98.5 33.5 195.392
-98 33.5 197.502
-97.5 33.5 200.281
-97 33.5 203.641
-96.5 33.5 207.566
-96 33.5 212.028
-95.5 33.5 217.032
-95 33.5 222.555
-94.5 33.5 228.6
-94 33.5 235.103
-93.5 33.5 242.043
-93 33.5 249.372
-92.5 33.5 257.022
-92 33.5 264.88
-91.5 33.5 272.975
-91 33.5 281.29
-90.5 33.5 289.804
-90 33.5 298.491
-89.5 33.5 307.345
-89 33.5 316.332
-88.5 33.5 325.425
-88 33.5 334.624
-87.5 33.5 343.985
-87 33.5 353.598
-86.5 33.5 363.4
-86 33.5 373.346
-85.5 33.5 383.415
-85 33.5 393.585
-84.5 33.5 403.836
-84 33.5 414.157
-83.5 33.5 424.537
-83 33.5 434.95
-82.5 33.5 445.351
-82 33.5 455.696
-81.5 33.5 465.996
-81 33.5 476.266
-119 34 491.98
-118.5 34 481.249
-118 34 470.467
-117.5 34 459.65
-117 34 448.917
-116.5 34 438.179
-116 34 427.432
-115.5 34 416.693
-115 34 405.997
-114.5 34 395.414
-114 34 384.92
-113.5 34 374.49
-113 34 364.151
-112.5 34 353.924
-112 34 343.854
-111.5 34 333.906
-111 34 324.071
-110.5 34 314.33
-110 34 304.67
-109.5 34 295.02
-109 34 285.484
-108.5 34 276.108
-108 34 266.922
-107.5 34 257.894
-107 34 248.938
-106.5 34 240.194
-106 34 231.779
-105.5 34 223.751
-105 34 216.215
-104.5 34 209.286
-104 34 202.979
-103.5 34 197.357
-103 34 192.452
-102.5 34 188.258
-102 34 184.798
-101.5 34 182.1
-101 34 180.243
-100.5 34 179.131
-100 34 178.689
-99.5 34 178.699
-99 34 179.406
-98.5 34 180.928
-98 34 183.236
-97.5 34 186.238
-97 34 189.855
-96.5 34 194.063
-96 34 198.851
-95.5 34 204.175
-95 34 210.02
-94.5 34 216.416
-94 34 223.281
-93.5 34 230.576
-93 34 238.266
-92.5 34 246.259
-92 34 254.377
-91.5 34 262.71
-91 34 271.265
-90.5 34 280.008
-90 34 288.924
-89.5 34 298.016
-89 34 307.233
-88.5 34 316.536
-88 34 325.933
-87.5 34 335.476
-87 34 345.353
-86.5 34 355.398
-86 34 365.574
-85.5 34 375.852
-85 34 386.214
-84.5 34 396.631
-84 34 407.102
-83.5 34 417.634
-83 34 428.188
-82.5 34 438.719
-82 34 449.172
-81.5 34 459.582
-81 34 469.961
-119 34.5 485.961
-118.5 34.5 475.12
-118 34.5 464.229
-117.5 34.5 453.332
-117 34.5 442.462
-116.5 34.5 431.576
-116 34.5 420.69
-115.5 34.5 409.811
-115 34.5 398.959
-114.5 34.5 388.195
-114 34.5 377.476
-113.5 34.5 366.85
-113 34.5 356.304
-112.5 34.5 345.866
-112 34.5 335.56
-111.5 34.5 325.371
-111 34.5 315.289
-110.5 34.5 305.307
-110 34.5 295.387
-109.5 34.5 285.517
-109 34.5 275.751
-108.5 34.5 266.12
-108 34.5 256.629
-107.5 34.5 247.293
-107 34.5 238.044
-106.5 34.5 229.015
-106 34.5 220.256
-105.5 34.5 211.892
-105 34.5 203.986
-104.5 34.5 196.651
-104 34.5 189.993
-103.5 34.5 183.979
-103 34.5 178.67
-102.5 34.5 174.168
-102 34.5 170.4
-101.5 34.5 167.55
-101 34.5 165.476
-100.5 34.5 164.225
-100 34.5 163.684
-99.5 34.5 163.74
-99 34.5 164.625
-98.5 34.5 166.295
-98 34.5 168.794
-97.5 34.5 172.09
-97 34.5 176.048
-96.5 34.5 180.642
-96 34.5 185.821
-95.5 34.5 191.561
-95 34.5 197.815
-94.5 34.5 204.586
-94 34.5 211.812
-93.5 34.5 219.461
-93 34.5 227.466
-92.5 34.5 235.754
-92 34.5 244.203
-91.5 34.5 252.85
-91 34.5 261.678
-90.5 34.5 270.688
-90 34.5 279.86
-89.5 34.5 289.194
-89 34.5 298.648
-88.5 34.5 308.195
-88 34.5 317.843
-87.5 34.5 327.652
-87 34.5 337.702
-86.5 34.5 347.934
-86 34.5 358.285
-85.5 34.5 368.734
-85 34.5 379.255
-84.5 34.5 389.817
-84 34.5 400.453
-83.5 34.5 411.099
-83 34.5 421.751
-82.5 34.5 432.385
-82 34.5 442.955
-81.5 34.5 453.475
-81 34.5 463.958
-119 35 480.217
-118.5 35 469.301
-118 35 458.376
-117.5 35 447.431
-117 35 436.434
-116.5 35 425.417
-116 35 414.38
-115.5 35 403.338
-115 35 392.332
-114.5 35 381.358
-114 35 370.486
-113.5 35 359.664
-113 35 348.908
-112.5 35 338.244
-112 35 327.699
-111.5 35 317.28
-111 35 306.959
-110.5 35 296.716
-110 35 286.544
-109.5 35 276.447
-109 35 266.425
-108.5 35 256.518
-108 35 246.75
-107.5 35 237.089
-107 35 227.568
-106.5 35 218.201
-106 35 209.116
-105.5 35 200.381
-105 35 192.091
-104.5 35 184.392
-104 35 177.208
-103.5 35 170.731
-103 35 165.065
-102.5 35 160.16
-102 35 156.162
-101.5 35 152.906
-101 35 150.595
-100.5 35 149.194
-100 35 148.593
-99.5 35 148.793
-99 35 149.674
-98.5 35 151.517
-98 35 154.339
-97.5 35 158.015
-97 35 162.406
-96.5 35 167.423
-96 35 173.055
-95.5 35 179.249
-95 35 185.964
-94.5 35 193.148
-94 35 200.764
-93.5 35 208.767
-93 35 217.107
-92.5 35 225.702
-92 35 234.496
-91.5 35 243.454
-91 35 252.585
-90.5 35 261.876
-90 35 271.321
-89.5 35 280.907
-89 35 290.603
-88.5 35 300.398
-88 35 310.306
-87.5 35 320.355
-87 35 330.595
-86.5 35 340.974
-86 35 351.476
-85.5 35 362.071
-85 35 372.724
-84.5 35 383.453
-84 35 394.163
-83.5 35 404.911
-83 35 415.678
-82.5 35 426.42
-82 35 437.094
-81.5 35 447.706
-81 35 458.276
-119 35.5 474.816
-118.5 35.5 463.885
-118 35.5 452.988
-117.5 35.5 442.038
-117 35.5 430.942
-116.5 35.5 419.752
-116 35.5 408.519
-115.5 35.5 397.288
-115 35.5 386.076
-114.5 35.5 374.967
-114 35.5 363.914
-113.5 35.5 352.902
-113 35.5 341.922
-112.5 35.5 331.024
-112 35.5 320.27
-111.5 35.5 309.638
-111 35.5 299.084
-110.5 35.5 288.598
-110 35.5 278.181
-109.5 35.5 267.837
-109 35.5 257.576
-108.5 35.5 247.425
-108 35.5 237.377
-107.5 35.5 227.446
-107 35.5 217.588
-106.5 35.5 207.898
-106 35.5 198.451
-105.5 35.5 189.353
-105 35.5 180.692
-104.5 35.5 172.45
-104 35.5 164.788
-103.5 35.5 157.882
-103 35.5 151.798
-102.5 35.5 146.604
-102 35.5 142.077
-101.5 35.5 138.443
-101 35.5 135.89
-100.5 35.5 134.432
-100 35.5 133.915
-99.5 35.5 133.978
-99 35.5 134.924
-98.5 35.5 136.978
-98 35.5 140.193
-97.5 35.5 144.373
-97 35.5 149.193
-96.5 35.5 154.645
-96 35.5 160.722
-95.5 35.5 167.395
-95 35.5 174.579
-94.5 35.5 182.204
-94 35.5 190.223
-93.5 35.5 198.602
-93 35.5 207.283
-92.5 35.5 216.216
-92 35.5 225.33
-91.5 35.5 234.611
-91 35.5 244.046
-90.5 35.5 253.632
-90 35.5 263.351
-89.5 35.5 273.183
-89 35.5 283.118
-88.5 35.5 293.155
-88 35.5 303.302
-87.5 35.5 313.582
-87 35.5 323.985
-86.5 35.5 334.515
-86 35.5 345.153
-85.5 35.5 355.877
-85 35.5 366.677
-84.5 35.5 377.469
-84 35.5 388.288
-83.5 35.5 399.147
-83 35.5 410.043
-82.5 35.5 420.908
-82 35.5 431.658
-81.5 35.5 442.324
-81 35.5 452.945
-119 36 469.771
-118.5 36 458.886
-118 36 448.071
-117.5 36 437.164
-117 36 425.923
-116.5 36 414.524
-116 36 403.077
-115.5 36 391.631
-115 36 380.245
-114.5 36 368.978
-114 36 357.774
-113.5 36 346.565
-113 36 335.362
-112.5 36 324.237
-112 36 313.311
-111.5 36 302.49
-111 36 291.727
-110.5 36 281.004
-110 36 270.343
-109.5 36 259.772
-109 36 249.294
-108.5 36 238.905
-108 36 228.621
-107.5 36 218.403
-107 36 208.228
-106.5 36 198.179
-106 36 188.382
-105.5 36 178.901
-105 36 169.793
-104.5 36 161.029
-104 36 152.87
-103.5 36 145.505
-103 36 139.066
-102.5 36 133.423
-102 36 128.323
-101.5 36 124.243
-101 36 121.475
-100.5 36 119.998
-100 36 119.509
-99.5 36 119.439
-99 36 120.395
-98.5 36 122.744
-98 36 126.487
-97.5 36 131.246
-97 36 136.495
-96.5 36 142.367
-96 36 148.919
-95.5 36 156.089
-95 36 163.77
-94.5 36 171.841
-94 36 180.279
-93.5 36 189.04
-93 36 198.083
-92.5 36 207.348
-92 36 216.79
-91.5 36 226.382
-91 36 236.123
-90.5 36 245.998
-90 36 255.986
-89.5 36 266.053
-89 36 276.215
-88.5 36 286.475
-88 36 296.845
-87.5 36 307.32
-87 36 317.887
-86.5 36 328.551
-86 36 339.316
-85.5 36 350.167
-85 36 361.059
-84.5 36 371.936
-84 36 382.841
-83.5 36 393.822
-83 36 404.862
-82.5 36 415.851
-82 36 426.632
-81.5 36 437.309
-81 36 447.951
-119 36.5 465.055
-118.5 36.5 454.203
-118 36.5 443.439
-117.5 36.5 432.595
-117 36.5 421.17
-116.5 36.5 409.601
-116 36.5 397.989
-115.5 36.5 386.384
-115 36.5 374.833
-114.5 36.5 363.456
-114 36.5 352.104
-113.5 36.5 340.733
-113 36.5 329.339
-112.5 36.5 318.004
-112 36.5 306.934
-111.5 36.5 295.944
-111 36.5 284.973
-110.5 36.5 274.03
-110 36.5 263.13
-109.5 36.5 252.356
-109 36.5 241.65
-108.5 36.5 231.038
-108 36.5 220.501
-107.5 36.5 210.024
-107 36.5 199.501
-106.5 36.5 189.115
-106 36.5 178.926
-105.5 36.5 169.051
-105 36.5 159.49
-104.5 36.5 150.199
-104 36.5 141.493
-103.5 36.5 133.617
-103 36.5 126.663
-102.5 36.5 120.553
-102 36.5 114.758
-101.5 36.5 110.154
-98.5 36.5 108.585
-98 36.5 112.942
-97.5 36.5 118.421
-97 36.5 124.117
-96.5 36.5 130.52
-96 36.5 137.632
-95.5 36.5 145.37
-95 36.5 153.588
-94.5 36.5 162.136
-94 36.5 171.003
-93.5 36.5 180.164
-93 36.5 189.566
-92.5 36.5 199.169
-92 36.5 208.922
-91.5 36.5 218.822
-91 36.5 228.852
-90.5 36.5 239.003
-90 36.5 249.246
-89.5 36.5 259.536
-89 36.5 269.903
-88.5 36.5 280.371
-88 36.5 290.934
-87.5 36.5 301.586
-87 36.5 312.287
-86.5 36.5 323.075
-86 36.5 333.946
-85.5 36.5 344.897
-85 36.5 355.881
-84.5 36.5 366.817
-84 36.5 377.798
-83.5 36.5 388.876
-83 36.5 400.024
-82.5 36.5 411.129
-82 36.5 421.899
-81.5 36.5 432.582
-81 36.5 443.245
-119 37 460.605
-118.5 37 449.697
-118 37 438.831
-117.5 37 427.825
-117 37 416.448
-116.5 37 404.876
-116 37 393.232
-115.5 37 381.574
-115 37 369.968
-114.5 37 358.456
-114 37 346.988
-113.5 37 335.488
-113 37 323.99
-112.5 37 312.556
-112 37 301.288
-111.5 37 290.089
-111 37 278.922
-110.5 37 267.772
-110 37 256.679
-109.5 37 245.663
-109 37 234.726
-108.5 37 223.857
-108 37 213.055
-107.5 37 202.258
-107 37 191.461
-106.5 37 180.727
-106 37 170.167
-105.5 37 159.814
-105 37 149.747
-104.5 37 139.971
-104 37 130.668
-103.5 37 122.17
-103 37 114.505
-97 37 111.849
-96.5 37 119.049
-96 37 126.893
-95.5 37 135.274
-95 37 144.071
-94.5 37 153.151
-94 37 162.491
-93.5 37 172.051
-93 37 181.813
-92.5 37 191.733
-92 37 201.79
-91.5 37 211.97
-91 37 222.27
-90.5 37 232.661
-90 37 243.128
-89.5 37 253.631
-89 37 264.207
-88.5 37 274.847
-88 37 285.566
-87.5 37 296.348
-87 37 307.179
-86.5 37 318.068
-86 37 329.026
-85.5 37 340.035
-85 37 351.065
-84.5 37 362.07
-84 37 373.111
-83.5 37 384.226
-83 37 395.377
-82.5 37 406.455
-82 37 417.319
-81.5 37 428.076
-81 37 438.792
-119 37.5 456.444
-118.5 37.5 445.444
-118 37.5 434.433
-117.5 37.5 423.302
-117 37.5 411.942
-116.5 37.5 400.421
-116 37.5 388.811
-115.5 37.5 377.174
-115 37.5 365.545
-114.5 37.5 353.975
-114 37.5 342.393
-113.5 37.5 330.813
-113 37.5 319.257
-112.5 37.5 307.762
-112 37.5 296.335
-111.5 37.5 284.951
-111 37.5 273.587
-110.5 37.5 262.253
-110 37.5 250.96
-109.5 37.5 239.729
-109 37.5 228.565
-108.5 37.5 217.459
-108 37.5 206.382
-107.5 37.5 195.314
-107 37.5 184.224
-106.5 37.5 173.176
-106 37.5 162.217
-105.5 37.5 151.43
-105 37.5 140.872
-104.5 37.5 130.511
-104 37.5 120.759
-103.5 37.5 111.601
-96.5 37.5 108.297
-96 37.5 116.939
-95.5 37.5 126.03
-95 37.5 135.437
-94.5 37.5 145.067
-94 37.5 154.864
-93.5 37.5 164.823
-93 37.5 174.915
-92.5 37.5 185.134
-92 37.5 195.462
-91.5 37.5 205.902
-91 37.5 216.436
-90.5 37.5 227.048
-90 37.5 237.707
-89.5 37.5 248.411
-89 37.5 259.142
-88.5 37.5 269.931
-88 37.5 280.776
-87.5 37.5 291.671
-87 37.5 302.597
-86.5 37.5 313.565
-86 37.5 324.577
-85.5 37.5 335.625
-85 37.5 346.683
-84.5 37.5 357.728
-84 37.5 368.805
-83.5 37.5 379.921
-83 37.5 391.038
-82.5 37.5 402.086
-82 37.5 413.007
-81.5 37.5 423.835
-81 37.5 434.613
-119 38 452.605
-118.5 38 441.5
-118 38 430.362
-117.5 38 419.129
-117 38 407.777
-116.5 38 396.311
-116 38 384.77
-115.5 38 373.181
-115 38 361.585
-114.5 38 349.956
-114 38 338.325
-113.5 38 326.711
-113 38 315.143
-112.5 38 303.603
-112 38 292.058
-111.5 38 280.509
-111 38 268.976
-110.5 38 257.467
-110 38 246
-109.5 38 234.583
-109 38 223.223
-108.5 38 211.899
-108 38 200.598
-107.5 38 189.274
-107 38 177.932
-106.5 38 166.576
-106 38 155.278
-105.5 38 144.088
-105 38 133.026
-104.5 38 122.321
-104 38 112.013
-96 38 108.179
-95.5 38 117.95
-95 38 127.954
-94.5 38 138.076
-94 38 148.297
-93.5 38 158.602
-93 38 168.994
-92.5 38 179.469
-92 38 190.04
-91.5 38 200.697
-91 38 211.434
-90.5 38 222.224
-90 38 233.057
-89.5 38 243.897
-89 38 254.764
-88.5 38 265.668
-88 38 276.621
-87.5 38 287.6
-87 38 298.591
-86.5 38 309.599
-86 38 320.638
-85.5 38 331.701
-85 38 342.768
-84.5 38 353.835
-84 38 364.917
-83.5 38 376.008
-83 38 387.081
-82.5 38 398.098
-82 38 409.046
-81.5 38 419.927
-81 38 430.758
-119 38.5 449.12
-118.5 38.5 437.926
-118 38.5 426.675
-117.5 38.5 415.365
-117 38.5 404.014
-116.5 38.5 392.601
-116 38.5 381.127
-115.5 38.5 369.612
-115 38.5 358.057
-114.5 38.5 346.417
-114 38.5 334.76
-113.5 38.5 323.155
-113 38.5 311.603
-112.5 38.5 300.061
-112 38.5 288.405
-111.5 38.5 276.722
-111 38.5 265.048
-110.5 38.5 253.405
-110 38.5 241.803
-109.5 38.5 230.251
-109 38.5 218.733
-108.5 38.5 207.245
-108 38.5 195.754
-107.5 38.5 184.241
-107 38.5 172.673
-106.5 38.5 161.082
-106 38.5 149.493
-105.5 38.5 137.963
-105 38.5 126.573
-104.5 38.5 115.503
-95.5 38.5 111.353
-95 38.5 121.855
-94.5 38.5 132.387
-94 38.5 142.943
-93.5 38.5 153.536
-93 38.5 164.168
-92.5 38.5 174.853
-92 38.5 185.613
-91.5 38.5 196.445
-91 38.5 207.332
-90.5 38.5 218.263
-90 38.5 229.209
-89.5 38.5 240.153
-89 38.5 251.108
-88.5 38.5 262.1
-88 38.5 273.126
-87.5 38.5 284.167
-87 38.5 295.179
-86.5 38.5 306.196
-86 38.5 317.234
-85.5 38.5 328.292
-85 38.5 339.354
-84.5 38.5 350.415
-84 38.5 361.478
-83.5 38.5 372.532
-83 38.5 383.554
-82.5 38.5 394.538
-82 38.5 405.5
-81.5 38.5 416.415
-81 38.5 427.282
-119 39 446.048
-118.5 39 434.77
-118 39 423.437
-117.5 39 412.062
-117 39 400.727
-116.5 39 389.351
-116 39 377.92
-115.5 39 366.462
-115 39 354.978
-114.5 39 343.327
-114 39 331.69
-113.5 39 320.093
-113 39 308.573
-112.5 39 297.069
-112 39 285.33
-111.5 39 273.558
-111 39 261.803
-110.5 39 250.079
-110 39 238.403
-109.5 39 226.756
-109 39 215.144
-108.5 39 203.534
-108 39 191.923
-107.5 39 180.279
-107 39 168.569
-106.5 39 156.806
-106 39 145.038
-105.5 39 133.28
-105 39 121.651
-95 39 117.329
-94.5 39 128.132
-94 39 138.931
-93.5 39 149.731
-93 39 160.539
-92.5 39 171.366
-92 39 182.264
-91.5 39 193.206
-91 39 204.188
-90.5 39 215.195
-90 39 226.212
-89.5 39 237.202
-89 39 248.206
-88.5 39 259.238
-88 39 270.303
-87.5 39 281.372
-87 39 292.371
-86.5 39 303.369
-86 39 314.384
-85.5 39 325.415
-85 39 336.46
-84.5 39 347.495
-84 39 358.528
-83.5 39 369.541
-83 39 380.517
-82.5 39 391.459
-82 39 402.427
-81.5 39 413.354
-81 39 424.233
-119 39.5 443.389
-118.5 39.5 432.101
-118 39.5 420.763
-117.5 39.5 409.384
-117 39.5 398.028
-116.5 39.5 386.622
-116 39.5 375.209
-115.5 39.5 363.772
-115 39.5 352.283
-114.5 39.5 340.719
-114 39.5 329.093
-113.5 39.5 317.548
-113 39.5 306.035
-112.5 39.5 294.488
-112 39.5 282.796
-111.5 39.5 271.045
-111 39.5 259.286
-110.5 39.5 247.551
-110 39.5 235.84
-109.5 39.5 224.162
-109 39.5 212.488
-108.5 39.5 200.833
-108 39.5 189.157
-107.5 39.5 177.452
-107 39.5 165.683
-106.5 39.5 153.871
-106 39.5 142.036
-105.5 39.5 130.237
-105 39.5 118.533
-95 39.5 114.408
-94.5 39.5 125.389
-94 39.5 136.341
-93.5 39.5 147.267
-93 39.5 158.177
-92.5 39.5 169.096
-92 39.5 180.048
-91.5 39.5 191.027
-91 39.5 202.029
-90.5 39.5 213.05
-90 39.5 224.067
-89.5 39.5 235.071
-89 39.5 246.079
-88.5 39.5 257.104
-88 39.5 268.141
-87.5 39.5 279.172
-87 39.5 290.159
-86.5 39.5 301.126
-86 39.5 312.105
-85.5 39.5 323.101
-85 39.5 334.102
-84.5 39.5 345.107
-84 39.5 356.109
-83.5 39.5 367.086
-83 39.5 378.031
-82.5 39.5 388.956
-82 39.5 399.884
-81.5 39.5 410.784
-81 39.5 421.645
-119 40 441.268
-118.5 40 429.983
-118 40 418.627
-117.5 40 407.244
-117 40 395.835
-116.5 40 384.472
-116 40 373.071
-115.5 40 361.622
-115 40 350.151
-114.5 40 338.594
-114 40 327.12
-113.5 40 315.63
-113 40 304.109
-112.5 40 292.537
-112 40 280.899
-111.5 40 269.23
-111 40 257.539
-110.5 40 245.841
-110 40 234.161
-109.5 40 222.481
-109 40 210.838
-108.5 40 199.186
-108 40 187.516
-107.5 40 175.814
-107 40 164.078
-106.5 40 152.327
-106 40 140.568
-105.5 40 128.831
-105 40 117.215
-95 40 113.272
-94.5 40 124.281
-94 40 135.25
-93.5 40 146.195
-93 40 157.126
-92.5 40 168.054
-92 40 178.986
-91.5 40 189.935
-91 40 200.895
-90.5 40 211.859
-90 40 222.825
-89.5 40 233.788
-89 40 244.754
-88.5 40 255.726
-88 40 266.703
-87.5 40 277.668
-87 40 288.596
-86.5 40 299.521
-86 40 310.445
-85.5 40 321.372
-85 40 332.314
-84.5 40 343.275
-84 40 354.231
-83.5 40 365.171
-83 40 376.09
-82.5 40 386.988
-82 40 397.869
-81.5 40 408.721
-81 40 419.54
-119 40.5 439.645
-118.5 40.5 428.354
-118 40.5 416.963
-117.5 40.5 405.519
-117 40.5 394.171
-116.5 40.5 382.844
-116 40.5 371.453
-115.5 40.5 359.994
-115 40.5 348.484
-114.5 40.5 337.096
-114 40.5 325.722
-113.5 40.5 314.298
-113 40.5 302.766
-112.5 40.5 291.181
-112 40.5 279.642
-111.5 40.5 268.11
-111 40.5 256.547
-110.5 40.5 244.957
-110 40.5 233.347
-109.5 40.5 221.768
-109 40.5 210.192
-108.5 40.5 198.61
-108 40.5 186.998
-107.5 40.5 175.374
-107 40.5 163.77
-106.5 40.5 152.185
-106 40.5 140.608
-105.5 40.5 129.078
-105 40.5 117.622
-95 40.5 113.985
-94.5 40.5 124.858
-94 40.5 135.714
-93.5 40.5 146.565
-93 40.5 157.416
-92.5 40.5 168.264
-92 40.5 179.106
-91.5 40.5 189.948
-91 40.5 200.789
-90.5 40.5 211.635
-90 40.5 222.49
-89.5 40.5 233.364
-89 40.5 244.248
-88.5 40.5 255.139
-88 40.5 266.026
-87.5 40.5 276.895
-87 40.5 287.747
-86.5 40.5 298.585
-86 40.5 309.411
-85.5 40.5 320.239
-85 40.5 331.094
-84.5 40.5 341.99
-84 40.5 352.904
-83.5 40.5 363.812
-83 40.5 374.703
-82.5 40.5 385.566
-82 40.5 396.391
-81.5 40.5 407.179
-81 40.5 417.933
-119 41 438.528
-118.5 41 427.213
-118 41 415.762
-117.5 41 404.299
-117 41 393.043
-116.5 41 381.785
-116 41 370.414
-115.5 41 358.925
-115 41 347.45
-114.5 41 336.199
-114 41 324.975
-113.5 41 313.6
-113 41 302.055
-112.5 41 290.474
-112 41 279.103
-111.5 41 267.765
-111 41 256.38
-110.5 41 244.932
-110 41 233.461
-109.5 41 222.015
-109 41 210.575
-108.5 41 199.108
-108 41 187.617
-107.5 41 176.145
-107 41 164.768
-106.5 41 153.445
-106 41 142.163
-105.5 41 130.929
-105 41 119.815
-95 41 116.512
-94.5 41 127.105
-94 41 137.718
-93.5 41 148.363
-93 41 159.04
-92.5 41 169.725
-92 41 180.395
-91.5 41 191.054
-91 41 201.714
-90.5 41 212.38
-90 41 223.073
-89.5 41 233.817
-89 41 244.586
-88.5 41 255.361
-88 41 266.131
-87.5 41 276.885
-87 41 287.62
-86.5 41 298.331
-86 41 309.025
-85.5 41 319.721
-85 41 330.46
-84.5 41 341.29
-84 41 352.157
-83.5 41 363.027
-83 41 373.883
-82.5 41 384.701
-82 41 395.454
-81.5 41 406.16
-81 41 416.831
-119 41.5 437.937
-118.5 41.5 426.656
-118 41.5 415.215
-117.5 41.5 403.744
-117 41.5 392.632
-116.5 41.5 381.47
-116 41.5 370.149
-115.5 41.5 358.684
-115 41.5 347.211
-114.5 41.5 336.151
-114 41.5 325.046
-113.5 41.5 313.74
-113 41.5 302.22
-112.5 41.5 290.651
-112 41.5 279.497
-111.5 41.5 268.36
-111 41.5 257.147
-110.5 41.5 245.862
-110 41.5 234.544
-109.5 41.5 223.28
-109 41.5 212.011
-108.5 41.5 200.718
-108 41.5 189.414
-107.5 41.5 178.163
-107 41.5 167.095
-106.5 41.5 156.123
-106 41.5 145.215
-105.5 41.5 134.389
-105 41.5 123.692
-104.5 41.5 113.226
-95.5 41.5 110.511
-95 41.5 120.715
-94.5 41.5 130.905
-94 41.5 141.167
-93.5 41.5 151.517
-93 41.5 161.933
-92.5 41.5 172.383
-92 41.5 182.806
-91.5 41.5 193.231
-91 41.5 203.663
-90.5 41.5 214.113
-90 41.5 224.598
-89.5 41.5 235.181
-89 41.5 245.792
-88.5 41.5 256.414
-88 41.5 267.031
-87.5 41.5 277.639
-87 41.5 288.222
-86.5 41.5 298.785
-86 41.5 309.331
-85.5 41.5 319.884
-85 41.5 330.482
-84.5 41.5 341.241
-84 41.5 352.038
-83.5 41.5 362.845
-83 41.5 373.637
-82.5 41.5 384.39
-82 41.5 395.047
-81.5 41.5 405.655
-81 41.5 416.23
-119 42 437.949
-118.5 42 426.791
-118 42 415.519
-117.5 42 404.262
-117 42 393.18
-116.5 42 382.075
-116 42 370.859
-115.5 42 359.548
-115 42 348.273
-114.5 42 337.206
-114 42 326.144
-113.5 42 314.914
-113 42 303.548
-112.5 42 292.194
-112 42 281.079
-111.5 42 270.021
-111 42 258.939
-110.5 42 247.813
-110 42 236.683
-109.5 42 225.595
-109 42 214.518
-108.5 42 203.459
-108 42 192.444
-107.5 42 181.522
-107 42 170.785
-106.5 42 160.191
-106 42 149.727
-105.5 42 139.385
-105 42 129.223
-104.5 42 119.259
-95.5 42 116.685
-95 42 126.329
-94.5 42 136.073
-94 42 145.939
-93.5 42 155.921
-93 42 166
-92.5 42 176.135
-92 42 186.284
-91.5 42 196.447
-91 42 206.634
-90.5 42 216.853
-90 42 227.129
-89.5 42 237.482
-89 42 247.879
-88.5 42 258.3
-88 42 268.73
-87.5 42 279.155
-87 42 289.571
-86.5 42 299.974
-86 42 310.38
-85.5 42 320.809
-85 42 331.306
-84.5 42 341.915
-84 42 352.587
-83.5 42 363.274
-83 42 373.952
-82.5 42 384.588
-82 42 395.15
-81.5 42 405.657
-81 42 416.126
-119 42.5 438.484
-118.5 42.5 427.524
-118 42.5 416.518
-117.5 42.5 405.526
-117 42.5 394.559
-116.5 42.5 383.554
-116 42.5 372.475
-115.5 42.5 361.349
-115 42.5 350.235
-114.5 42.5 339.221
-114 42.5 328.161
-113.5 42.5 317.024
-113 42.5 305.844
-112.5 42.5 294.705
-112 42.5 283.669
-111.5 42.5 272.687
-111 42.5 261.711
-110.5 42.5 250.74
-110 42.5 239.797
-109.5 42.5 228.897
-109 42.5 218.065
-108.5 42.5 207.291
-108 42.5 196.597
-107.5 42.5 186.045
-107 42.5 175.692
-106.5 42.5 165.541
-106 42.5 155.57
-105.5 42.5 145.785
-105 42.5 136.184
-104.5 42.5 126.923
-104 42.5 117.808
-96 42.5 115.598
-95.5 42.5 124.313
-95 42.5 133.316
-94.5 42.5 142.529
-94 42.5 151.928
-93.5 42.5 161.489
-93 42.5 171.179
-92.5 42.5 180.96
-92 42.5 190.793
-91.5 42.5 200.666
-91 42.5 210.58
-90.5 42.5 220.547
-90 42.5 230.576
-89.5 42.5 240.672
-89 42.5 250.826
-88.5 42.5 261.015
-88 42.5 271.219
-87.5 42.5 281.437
-87 42.5 291.662
-86.5 42.5 301.899
-86 42.5 312.156
-85.5 42.5 322.456
-85 42.5 332.821
-84.5 42.5 343.276
-84 42.5 353.784
-83.5 42.5 364.32
-83 42.5 374.852
-82.5 42.5 385.352
-82 42.5 395.792
-81.5 42.5 406.179
-81 42.5 416.526
-119 43 439.528
-118.5 43 428.83
-118 43 418.145
-117.5 43 407.438
-117 43 396.634
-116.5 43 385.754
-116 43 374.83
-115.5 43 363.882
-115 43 352.945
-114.5 43 341.964
-114 43 330.958
-113.5 43 319.944
-113 43 308.969
-112.5 43 298.033
-112 43 287.113
-111.5 43 276.217
-111 43 265.359
-110.5 43 254.548
-110 43 243.799
-109.5 43 233.14
-109 43 222.573
-108.5 43 212.102
-108 43 201.757
-107.5 43 191.595
-107 43 181.687
-106.5 43 172.027
-106 43 162.605
-105.5 43 153.4
-105 43 144.495
-104.5 43 135.768
-104 43 127.377
-103.5 43 119.479
-103 43 112.26
-97 43 110.685
-96.5 43 117.711
-96 43 125.228
-95.5 43 133.178
-95 43 141.499
-94.5 43 150.127
-94 43 159.014
-93.5 43 168.114
-93 43 177.386
-92.5 43 186.784
-92 43 196.27
-91.5 43 205.823
-91 43 215.441
-90.5 43 225.126
-90 43 234.879
-89.5 43 244.706
-89 43 254.593
-88.5 43 264.519
-88 43 274.475
-87.5 43 284.461
-87 43 294.485
-86.5 43 304.541
-86 43 314.637
-85.5 43 324.784
-85 43 334.999
-84.5 43 345.28
-84 43 355.616
-83.5 43 365.983
-83 43 376.355
-82.5 43 386.701
-82 43 396.993
-81.5 43 407.237
-81 43 417.443
-119 43.5 441.03
-118.5 43.5 430.629
-118 43.5 420.276
-117.5 43.5 409.872
-117 43.5 399.206
-116.5 43.5 388.446
-116 43.5 377.679
-115.5 43.5 366.934
-115 43.5 356.178
-114.5 43.5 345.277
-114 43.5 334.35
-113.5 43.5 323.498
-113 43.5 312.743
-112.5 43.5 302.034
-112 43.5 291.229
-111.5 43.5 280.442
-111 43.5 269.727
-110.5 43.5 259.108
-110 43.5 248.602
-109.5 43.5 238.205
-109 43.5 227.934
-108.5 43.5 217.797
-108 43.5 207.818
-107.5 43.5 198.074
-107 43.5 188.646
-106.5 43.5 179.515
-106 43.5 170.658
-105.5 43.5 162.088
-105 43.5 153.787
-104.5 43.5 145.715
-104 43.5 138.047
-103.5 43.5 131.037
-103 43.5 124.804
-102.5 43.5 119.205
-102 43.5 113.903
-98 43.5 112.148
-97.5 43.5 117.348
-97 43.5 122.971
-96.5 43.5 129.118
-96 43.5 135.808
-95.5 43.5 143.005
-95 43.5 150.651
-94.5 43.5 158.693
-94 43.5 167.057
-93.5 43.5 175.683
-93 43.5 184.518
-92.5 43.5 193.515
-92 43.5 202.632
-91.5 43.5 211.847
-91 43.5 221.147
-90.5 43.5 230.529
-90 43.5 239.99
-89.5 43.5 249.528
-89 43.5 259.13
-88.5 43.5 268.78
-88 43.5 278.469
-87.5 43.5 288.208
-87 43.5 298.014
-86.5 43.5 307.878
-86 43.5 317.793
-85.5 43.5 327.768
-85 43.5 337.807
-84.5 43.5 347.908
-84 43.5 358.059
-83.5 43.5 368.25
-83 43.5 378.451
-82.5 43.5 388.63
-82 43.5 398.747
-81.5 43.5 408.822
-81 43.5 418.868
-119 44 442.929
-118.5 44 432.773
-118 44 422.705
-117.5 44 412.607
-117 44 402.042
-116.5 44 391.413
-116 44 380.815
-115.5 44 370.281
-115 44 359.763
-114.5 44 348.945
-114 44 338.157
-113.5 44 327.482
-113 44 316.959
-112.5 44 306.515
-112 44 295.837
-111.5 44 285.206
-111 44 274.685
-110.5 44 264.308
-110 44 254.094
-109.5 44 243.997
-109 44 234.066
-108.5 44 224.294
-108 44 214.719
-107.5 44 205.404
-107 44 196.483
-106.5 44 187.875
-106 44 179.58
-105.5 44 171.606
-105 44 163.937
-104.5 44 156.462
-104 44 149.49
-103.5 44 143.27
-103 44 137.893
-102.5 44 133.174
-102 44 128.332
-101.5 44 124.339
-101 44 121.54
-100.5 44 120.05
-100 44 119.686
-99.5 44 119.394
-99 44 120.278
-98.5 44 122.598
-98 44 126.275
-97.5 44 130.94
-97 44 135.707
-96.5 44 141.054
-96 44 147.016
-95.5 44 153.541
-95 44 160.569
-94.5 44 168.058
-94 44 175.912
-93.5 44 184.068
-93 44 192.468
-92.5 44 201.056
-92 44 209.794
-91.5 44 218.656
-91 44 227.626
-90.5 44 236.692
-90 44 245.847
-89.5 44 255.087
-89 44 264.402
-88.5 44 273.763
-88 44 283.177
-87.5 44 292.656
-87 44 302.24
-86.5 44 311.893
-86 44 321.604
-85.5 44 331.383
-85 44 341.234
-84.5 44 351.14
-84 44 361.108
-83.5 44 371.096
-83 44 381.107
-82.5 44 391.116
-82 44 401.042
-81.5 44 410.934
-81 44 420.805
-119 44.5 445.099
-118.5 44.5 435.148
-118 44.5 425.237
-117.5 44.5 415.23
-117 44.5 404.944
-116.5 44.5 394.538
-116 44.5 384.137
-115.5 44.5 373.763
-115 44.5 363.356
-114.5 44.5 352.805
-114 44.5 342.226
-113.5 44.5 331.777
-113 44.5 321.445
-112.5 44.5 311.152
-112 44.5 300.771
-111.5 44.5 290.406
-111 44.5 280.166
-110.5 44.5 270.085
-110 44.5 260.179
-109.5 44.5 250.452
-109 44.5 240.901
-108.5 44.5 231.557
-108 44.5 222.439
-107.5 44.5 213.61
-107 44.5 205.138
-106.5 44.5 197.021
-106 44.5 189.223
-105.5 44.5 181.76
-105 44.5 174.606
-104.5 44.5 167.741
-104 44.5 161.392
-103.5 44.5 155.748
-103 44.5 150.835
-102.5 44.5 146.475
-102 44.5 142.342
-101.5 44.5 138.9
-101 44.5 136.453
-100.5 44.5 135.058
-100 44.5 134.497
-99.5 44.5 134.324
-99 44.5 135.06
-98.5 44.5 137
-98 44.5 140.093
-97.5 44.5 144.035
-97 44.5 148.353
-96.5 44.5 153.201
-96 44.5 158.622
-95.5 44.5 164.605
-95 44.5 171.109
-94.5 44.5 178.08
-94 44.5 185.456
-93.5 44.5 193.151
-93 44.5 201.114
-92.5 44.5 209.299
-92 44.5 217.659
-91.5 44.5 226.166
-91 44.5 234.802
-90.5 44.5 243.55
-90 44.5 252.396
-89.5 44.5 261.342
-89 44.5 270.349
-88.5 44.5 279.438
-88 44.5 288.594
-87.5 44.5 297.826
-87 44.5 307.162
-86.5 44.5 316.568
-86 44.5 326.063
-85.5 44.5 335.634
-85 44.5 345.276
-84.5 44.5 354.996
-84 44.5 364.723
-83.5 44.5 374.526
-83 44.5 384.346
-82.5 44.5 394.143
-82 44.5 403.888
-81.5 44.5 413.601
-81 44.5 423.291
-119 45 447.659
-118.5 45 437.856
-118 45 428.02
-117.5 45 418.094
-117 45 408.012
-116.5 45 397.873
-116 45 387.69
-115.5 45 377.478
-115 45 367.238
-114.5 45 356.905
-114 45 346.639
-113.5 45 336.432
-113 45 326.289
-112.5 45 316.191
-112 45 306.084
-111.5 45 296.068
-111 45 286.161
-110.5 45 276.403
-110 45 266.844
-109.5 45 257.494
-109 45 248.388
-108.5 45 239.498
-108 45 230.85
-107.5 45 222.488
-107 45 214.485
-106.5 45 206.807
-106 45 199.475
-105.5 45 192.484
-105 45 185.817
-104.5 45 179.49
-104 45 173.65
-103.5 45 168.438
-103 45 163.861
-102.5 45 159.81
-102 45 156.168
-101.5 45 153.161
-101 45 150.95
-100.5 45 149.565
-100 45 148.892
-99.5 45 148.77
-99 45 149.463
-98.5 45 151.128
-98 45 153.746
-97.5 45 157.126
-97 45 161.052
-96.5 45 165.505
-96 45 170.511
-95.5 45 176.061
-95 45 182.116
-94.5 45 188.644
-94 45 195.555
-93.5 45 202.815
-93 45 210.37
-92.5 45 218.167
-92 45 226.156
-91.5 45 234.312
-91 45 242.613
-90.5 45 251.04
-90 45 259.584
-89.5 45 268.211
-89 45 276.954
-88.5 45 285.769
-88 45 294.653
-87.5 45 303.628
-87 45 312.692
-86.5 45 321.879
-86 45 331.146
-85.5 45 340.488
-85 45 349.922
-84.5 45 359.378
-84 45 368.974
-83.5 45 378.579
-83 45 388.162
-82.5 45 397.72
-82 45 407.269
-81.5 45 416.801
-81 45 426.309
-119 45.5 450.534
-118.5 45.5 440.834
-118 45.5 431.029
-117.5 45.5 421.142
-117 45.5 411.289
-116.5 45.5 401.412
-116 45.5 391.462
-115.5 45.5 381.447
-115 45.5 371.377
-114.5 45.5 361.362
-114 45.5 351.378
-113.5 45.5 341.425
-113 45.5 331.49
-112.5 45.5 321.591
-112 45.5 311.82
-111.5 45.5 302.16
-111 45.5 292.601
-110.5 45.5 283.184
-110 45.5 273.974
-109.5 45.5 265.067
-109 45.5 256.418
-108.5 45.5 248.002
-108 45.5 239.817
-107.5 45.5 231.926
-107 45.5 224.36
-106.5 45.5 217.138
-106 45.5 210.259
-105.5 45.5 203.728
-105 45.5 197.522
-104.5 45.5 191.651
-104 45.5 186.237
-103.5 45.5 181.38
-103 45.5 177.087
-102.5 45.5 173.3
-102 45.5 169.999
-101.5 45.5 167.273
-101 45.5 165.2
-100.5 45.5 163.815
-100 45.5 163.07
-99.5 45.5 162.972
-99 45.5 163.609
-98.5 45.5 165.063
-98 45.5 167.31
-97.5 45.5 170.269
-97 45.5 173.834
-96.5 45.5 177.963
-96 45.5 182.635
-95.5 45.5 187.831
-95 45.5 193.518
-94.5 45.5 199.627
-94 45.5 206.131
-93.5 45.5 212.993
-93 45.5 220.171
-92.5 45.5 227.604
-92 45.5 235.233
-91.5 45.5 243.038
-91 45.5 251.001
-90.5 45.5 259.11
-90 45.5 267.333
-89.5 45.5 275.689
-89 45.5 284.141
-88.5 45.5 292.671
-88 45.5 301.27
-87.5 45.5 309.955
-87 45.5 318.793
-86.5 45.5 327.746
-86 45.5 336.775
-85.5 45.5 345.878
-85 45.5 355.039
-84.5 45.5 364.369
-84 45.5 373.761
-83.5 45.5 383.141
-83 45.5 392.45
-82.5 45.5 401.738
-82 45.5 411.094
-81.5 45.5 420.468
-81 45.5 429.815
-119 46 453.712
-118.5 46 444.074
-118 46 434.267
-117.5 46 424.433
-117 46 414.842
-116.5 46 405.251
-116 46 395.548
-115.5 46 385.729
-115 46 375.887
-114.5 46 366.166
-114 46 356.49
-113.5 46 346.787
-113 46 337.058
-112.5 46 327.401
-112 46 317.987
-111.5 46 308.699
-111 46 299.495
-110.5 46 290.416
-110 46 281.577
-109.5 46 273.127
-109 46 264.963
-108.5 46 257.013
-108 46 249.285
-107.5 46 241.831
-107 46 234.726
-106.5 46 227.954
-106 46 221.523
-105.5 46 215.43
-105 46 209.65
-104.5 46 204.171
-104 46 199.114
-103.5 46 194.556
-103 46 190.51
-102.5 46 186.951
-102 46 183.882
-101.5 46 181.327
-101 46 179.335
-100.5 46 177.934
-100 46 177.147
-99.5 46 177.037
-99 46 177.614
-98.5 46 178.883
-98 46 180.835
-97.5 46 183.449
-97 46 186.721
-96.5 46 190.575
-96 46 194.968
-95.5 46 199.868
-95 46 205.225
-94.5 46 210.973
-94 46 217.106
-93.5 46 223.608
-93 46 230.441
-92.5 46 237.536
-92 46 244.812
-91.5 46 252.269
-91 46 259.902
-90.5 46 267.69
-90 46 275.621
-89.5 46 283.686
-89 46 291.854
-88.5 46 300.087
-88 46 308.382
-87.5 46 316.794
-87 46 325.408
-86.5 46 334.135
-86 46 342.922
-85.5 46 351.76
-85 46 360.706
-84.5 46 369.857
-84 46 379.067
-83.5 46 388.187
-83 46 397.187
-82.5 46 406.185
-82 46 415.393
-81.5 46 424.64
-81 46 433.836
-119 46.5 457.203
-118.5 46.5 447.69
-118 46.5 437.967
-117.5 46.5 428.191
-117 46.5 418.915
-116.5 46.5 409.599
-116 46.5 400.125
-115.5 46.5 390.512
-115 46.5 380.867
-114.5 46.5 371.462
-114 46.5 362.072
-113.5 46.5 352.63
-113 46.5 343.145
-112.5 46.5 333.732
-112 46.5 324.705
-111.5 46.5 315.792
-111 46.5 306.951
-110.5 46.5 298.229
-110 46.5 289.738
-109.5 46.5 281.768
-109 46.5 274.06
-108.5 46.5 266.557
-108 46.5 259.26
-107.5 46.5 252.223
-107 46.5 245.561
-106.5 46.5 239.218
-106 46.5 233.197
-105.5 46.5 227.504
-105 46.5 222.117
-104.5 46.5 216.971
-104 46.5 212.215
-103.5 46.5 207.92
-103 46.5 204.09
-102.5 46.5 200.72
-102 46.5 197.815
-101.5 46.5 195.385
-101 46.5 193.451
-100.5 46.5 192.048
-100 46.5 191.214
-99.5 46.5 191.09
-99 46.5 191.585
-98.5 46.5 192.685
-98 46.5 194.387
-97.5 46.5 196.709
-97 46.5 199.74
-96.5 46.5 203.349
-96 46.5 207.487
-95.5 46.5 212.117
-95 46.5 217.184
-94.5 46.5 222.599
-94 46.5 228.393
-93.5 46.5 234.564
-93 46.5 241.074
-92.5 46.5 247.856
-92 46.5 254.787
-91.5 46.5 261.917
-91 46.5 269.237
-90.5 46.5 276.726
-90 46.5 284.367
-89.5 46.5 292.155
-89 46.5 300.042
-88.5 46.5 307.996
-88 46.5 316.016
-87.5 46.5 324.153
-87 46.5 332.564
-86.5 46.5 341.072
-86 46.5 349.63
-85.5 46.5 358.229
-85 46.5 366.931
-84.5 46.5 375.931
-84 46.5 384.936
-83.5 46.5 393.817
-83 46.5 402.543
-82.5 46.5 411.236
-82 46.5 420.325
-81.5 46.5 429.416
-81 46.5 438.423
-119 47 461.097
-118.5 47 451.827
-118 47 442.398
-117.5 47 432.98
-117 47 423.808
-116.5 47 414.633
-116 47 405.349
-115.5 47 395.97
-115 47 386.605
-114.5 47 377.388
-114 47 368.236
-113.5 47 359.065
-113 47 349.911
-112.5 47 340.885
-112 47 332.134
-111.5 47 323.543
-111 47 315.078
-110.5 47 306.777
-110 47 298.743
-109.5 47 291.103
-109 47 283.767
-108.5 47 276.648
-108 47 269.759
-107.5 47 263.142
-107 47 256.855
-106.5 47 250.878
-106 47 245.214
-105.5 47 239.851
-105 47 234.773
-104.5 47 229.952
-104 47 225.487
-103.5 47 221.421
-103 47 217.785
-102.5 47 214.579
-102 47 211.812
-101.5 47 209.487
-101 47 207.631
-100.5 47 206.268
-100 47 205.448
-99.5 47 205.242
-99 47 205.613
-98.5 47 206.549
-98 47 208.062
-97.5 47 210.175
-97 47 212.938
-96.5 47 216.284
-96 47 220.163
-95.5 47 224.519
-95 47 229.293
-94.5 47 234.421
-94 47 239.916
-93.5 47 245.767
-93 47 251.948
-92.5 47 258.398
-92 47 265.045
-91.5 47 271.892
-91 47 278.933
-90.5 47 286.149
-90 47 293.525
-89.5 47 301.042
-89 47 308.678
-88.5 47 316.389
-88 47 324.193
-87.5 47 332.147
-87 47 340.308
-86.5 47 348.589
-86 47 356.944
-85.5 47 365.375
-85 47 373.934
-84.5 47 382.675
-84 47 391.478
-83.5 47 400.146
-83 47 408.708
-82.5 47 417.289
-82 47 426.069
-81.5 47 434.868
-81 47 443.6
-119 47.5 465.282
-118.5 47.5 456.346
-118 47.5 447.336
-117.5 47.5 438.319
-117 47.5 429.329
-116.5 47.5 420.29
-116 47.5 411.166
-115.5 47.5 401.995
-115 47.5 392.857
-114.5 47.5 383.848
-114 47.5 374.9
-113.5 47.5 366.011
-113 47.5 357.214
-112.5 47.5 348.575
-112 47.5 340.139
-111.5 47.5 331.882
-111 47.5 323.796
-110.5 47.5 315.915
-110 47.5 308.29
-109.5 47.5 300.999
-109 47.5 293.963
-108.5 47.5 287.189
-108 47.5 280.684
-107.5 47.5 274.459
-107 47.5 268.521
-106.5 47.5 262.875
-106 47.5 257.523
-105.5 47.5 252.457
-105 47.5 247.653
-104.5 47.5 243.117
-104 47.5 238.887
-103.5 47.5 235.027
-103 47.5 231.565
-102.5 47.5 228.513
-102 47.5 225.871
-101.5 47.5 223.653
-101 47.5 221.876
-100.5 47.5 220.567
-100 47.5 219.752
-99.5 47.5 219.462
-99 47.5 219.704
-98.5 47.5 220.481
-98 47.5 221.809
-97.5 47.5 223.719
-97 47.5 226.237
-96.5 47.5 229.336
-96 47.5 232.963
-95.5 47.5 237.06
-95 47.5 241.561
-94.5 47.5 246.42
-94 47.5 251.62
-93.5 47.5 257.167
-93 47.5 263.038
-92.5 47.5 269.187
-92 47.5 275.56
-91.5 47.5 282.145
-91 47.5 288.928
-90.5 47.5 295.893
-90 47.5 303.016
-89.5 47.5 310.296
-89 47.5 317.676
-88.5 47.5 325.169
-88 47.5 332.8
-87.5 47.5 340.589
-87 47.5 348.538
-86.5 47.5 356.611
-86 47.5 364.785
-85.5 47.5 373.061
-85 47.5 381.449
-84.5 47.5 390.012
-84 47.5 398.533
-83.5 47.5 407.016
-83 47.5 415.481
-82.5 47.5 423.957
-82 47.5 432.456
-81.5 47.5 440.917
-81 47.5 449.313
-119 48 469.729
-118.5 48 461.214
-118 48 452.683
-117.5 48 444.085
-117 48 435.318
-116.5 48 426.416
-116 48 417.434
-115.5 48 408.435
-115 48 399.506
-114.5 48 390.676
-114 48 381.96
-113.5 48 373.369
-113 48 364.936
-112.5 48 356.677
-112 48 348.581
-111.5 48 340.666
-111 48 332.956
-110.5 48 325.472
-110 48 318.246
-109.5 48 311.255
-109 48 304.529
-108.5 48 298.088
-108 48 291.951
-107.5 48 286.092
-107 48 280.477
-106.5 48 275.128
-106 48 270.06
-105.5 48 265.264
-105 48 260.724
-104.5 48 256.413
-104 48 252.392
-103.5 48 248.715
-103 48 245.418
-102.5 48 242.507
-102 48 239.983
-101.5 48 237.863
-101 48 236.167
-100.5 48 234.909
-100 48 234.092
-99.5 48 233.724
-99 48 233.831
-98.5 48 234.44
-98 48 235.581
-97.5 48 237.288
-97 48 239.588
-96.5 48 242.458
-96 48 245.853
-95.5 48 249.71
-95 48 253.964
-94.5 48 258.548
-94 48 263.467
-93.5 48 268.726
-93 48 274.311
-92.5 48 280.18
-92 48 286.287
-91.5 48 292.616
-91 48 299.155
-90.5 48 305.882
-90 48 312.783
-89.5 48 319.806
-89 48 326.961
-88.5 48 334.266
-88 48 341.743
-87.5 48 349.381
-87 48 357.139
-86.5 48 365.019
-86 48 373.019
-85.5 48 381.132
-85 48 389.388
-84.5 48 397.679
-84 48 406.001
-83.5 48 414.355
-83 48 422.754
-82.5 48 431.118
-82 48 439.332
-81.5 48 447.427
-81 48 455.446
-119 48.5 474.375
-118.5 48.5 466.325
-118 48.5 458.299
-117.5 48.5 450.142
-117 48.5 441.575
-116.5 48.5 432.803
-116 48.5 423.959
-115.5 48.5 415.134
-115 48.5 406.394
-114.5 48.5 397.77
-114 48.5 389.296
-113.5 48.5 381.016
-113 48.5 372.949
-112.5 48.5 365.069
-112 48.5 357.303
-111.5 48.5 349.726
-111 48.5 342.383
-110.5 48.5 335.293
-110 48.5 328.438
-109.5 48.5 321.755
-109 48.5 315.326
-108.5 48.5 309.218
-108 48.5 303.439
-107.5 48.5 297.935
-107 48.5 292.607
-106.5 48.5 287.527
-106 48.5 282.724
-105.5 48.5 278.194
-105 48.5 273.902
-104.5 48.5 269.794
-104 48.5 265.952
-103.5 48.5 262.444
-103 48.5 259.304
-102.5 48.5 256.532
-102 48.5 254.114
-101.5 48.5 252.083
-101 48.5 250.461
-100.5 48.5 249.252
-100 48.5 248.439
-99.5 48.5 247.982
-99 48.5 247.951
-98.5 48.5 248.393
-98 48.5 249.347
-97.5 48.5 250.856
-97 48.5 252.955
-96.5 48.5 255.616
-96 48.5 258.794
-95.5 48.5 262.432
-95 48.5 266.45
-94.5 48.5 270.766
-94 48.5 275.406
-93.5 48.5 280.391
-93 48.5 285.707
-92.5 48.5 291.314
-92 48.5 297.155
-91.5 48.5 303.231
-91 48.5 309.533
-90.5 48.5 316.043
-90 48.5 322.722
-89.5 48.5 329.51
-89 48.5 336.447
-88.5 48.5 343.578
-88 48.5 350.914
-87.5 48.5 358.411
-87 48.5 365.977
-86.5 48.5 373.664
-86 48.5 381.491
-85.5 48.5 389.459
-85 48.5 397.532
-84.5 48.5 405.617
-84 48.5 413.751
-83.5 48.5 422.006
-83 48.5 430.353
-82.5 48.5 438.615
-82 48.5 446.5
-81.5 48.5 454.199
-81 48.5 461.828
-119 49 479.125
-118.5 49 471.507
-118 49 463.939
-117.5 49 456.24
-117 49 447.837
-116.5 49 439.228
-116 49 430.566
-115.5 49 421.94
-115 49 413.414
-114.5 49 405.008
-114 49 396.794
-113.5 49 388.818
-113 49 381.097
-112.5 49 373.595
-112 49 366.139
-111.5 49 358.897
-111 49 351.917
-110.5 49 345.208
-110 49 338.736
-109.5 49 332.343
-109 49 326.22
-108.5 49 320.435
-108 49 314.997
-107.5 49 309.845
-107 49 304.776
-106.5 49 299.955
-106 49 295.414
-105.5 49 291.145
-105 49 287.108
-104.5 49 283.179
-104 49 279.511
-103.5 49 276.166
-103 49 273.176
-102.5 49 270.541
-102 49 268.217
-101.5 49 266.266
-101 49 264.709
-100.5 49 263.542
-100 49 262.74
-99.5 49 262.186
-99 49 262.025
-98.5 49 262.315
-98 49 263.097
-97.5 49 264.413
-97 49 266.324
-96.5 49 268.782
-96 49 271.748
-95.5 49 275.168
-95 49 278.969
-94.5 49 283.009
-94 49 287.38
-93.5 49 292.099
-93 49 297.156
-92.5 49 302.513
-92 49 308.088
-91.5 49 313.914
-91 49 319.984
-90.5 49 326.278
-90 49 332.756
-89.5 49 339.305
-89 49 346.036
-88.5 49 352.992
-88 49 360.178
-87.5 49 367.541
-87 49 374.903
-86.5 49 382.402
-86 49 390.061
-85.5 49 397.877
-85 49 405.795
-84.5 49 413.662
-84 49 421.627
-83.5 49 429.754
-83 49 438.003
-82.5 49 446.177
-82 49 453.687
-81.5 49 461.016
-81 49 468.291
