-119 25 -0.000114425
-118.5 25 0.000242287
-118 25 6.92384e-05
-117.5 25 -0.00012434
-117 25 -6.34356e-05
-116.5 25 5.88855e-05
-116 25 8.65668e-05
-115.5 25 4.06849e-05
-115 25 2.04501e-05
-114.5 25 -7.28566e-05
-114 25 0.000168909
-113.5 25 8.34884e-05
-113 25 2.56651e-05
-112.5 25 -0.000190058
-112 25 4.30315e-05
-111.5 25 0.000207983
-111 25 0.000134746
-110.5 25 0.000163079
-110 25 0.000218349
-109.5 25 -3.97319e-05
-109 25 7.35789e-05
-108.5 25 0.000137229
-108 25 -5.54341e-05
-107.5 25 7.59777e-05
-107 25 0.00015473
-106.5 25 7.18927e-05
-106 25 9.73484e-05
-105.5 25 0.000131201
-105 25 0.000149743
-104.5 25 0.000132675
-104 25 0.000125833
-103.5 25 7.91055e-05
-103 25 9.69333e-05
-102.5 25 9.6173e-05
-102 25 7.95213e-05
-101.5 25 0.000155657
-101 25 0.000294938
-100.5 25 0.000172201
-100 25 0.000163955
-99.5 25 0.000146338
-99 25 5.73744e-05
-98.5 25 7.42549e-05
-98 25 0.00010523
-97.5 25 0.000146396
-97 25 0.000111749
-96.5 25 0.000141153
-96 25 1.83798e-05
-95.5 25 0.000147547
-95 25 0.000230851
-94.5 25 0.000199467
-94 25 0.000102253
-93.5 25 2.3913e-05
-93 25 4.71299e-05
-92.5 25 0.000103679
-92 25 0.000164367
-91.5 25 4.87086e-05
-91 25 9.3179e-05
-90.5 25 0.000145399
-90 25 1.23309e-05
-89.5 25 9.71304e-05
-89 25 7.7932e-05
-88.5 25 0.000187881
-88 25 9.38068e-05
-87.5 25 -4.72961e-05
-87 25 0.00015555
-86.5 25 6.66211e-05
-86 25 4.01266e-06
-85.5 25 1.22323e-07
-85 25 1.39261e-05
-84.5 25 -9.14909e-05
-84 25 0.000132679
-83.5 25 7.964e-05
-83 25 2.4439e-05
-82.5 25 -0.00019062
-82 25 -3.15689e-05
-81.5 25 -3.64935e-05
-81 25 -7.12797e-05
-119 25.5 0.00016245
-118.5 25.5 0.000176699
-118 25.5 0.000127995
-117.5 25.5 0.000173285
-117 25.5 6.73615e-05
-116.5 25.5 0.000161699
-116 25.5 0.000488449
-115.5 25.5 -8.39912e-05
-115 25.5 4.56066e-05
-114.5 25.5 0.000111318
-114 25.5 0.000140921
-113.5 25.5 0.000119082
-113 25.5 0.000182882
-112.5 25.5 3.51831e-05
-112 25.5 8.73903e-05
-111.5 25.5 0.000161069
-111 25.5 0.000119053
-110.5 25.5 0.000181425
-110 25.5 0.000290554
-109.5 25.5 -3.76847e-05
-109 25.5 0.000110655
-108.5 25.5 0.000226727
-108 25.5 7.35478e-05
-107.5 25.5 0.000114445
-107 25.5 0.000208948
-106.5 25.5 2.11682e-06
-106 25.5 8.07155e-05
-105.5 25.5 6.71607e-05
-105 25.5 0.000198022
-104.5 25.5 0.000137183
-104 25.5 9.40725e-05
-103.5 25.5 7.54344e-05
-103 25.5 0.000106868
-102.5 25.5 0.000139128
-102 25.5 -2.39791e-05
-101.5 25.5 0.000112742
-101 25.5 0.000162317
-100.5 25.5 0.000180678
-100 25.5 0.000178226
-99.5 25.5 0.000194887
-99 25.5 -0.000115075
-98.5 25.5 3.60417e-05
-98 25.5 0.000108868
-97.5 25.5 -0.000235929
-97 25.5 6.70163e-05
-96.5 25.5 0.000221387
-96 25.5 0.000312039
-95.5 25.5 0.000186114
-95 25.5 0.000132931
-94.5 25.5 -0.000123314
-94 25.5 7.16037e-05
-93.5 25.5 0.000111525
-93 25.5 -7.72964e-06
-92.5 25.5 0.000112921
-92 25.5 0.000226442
-91.5 25.5 -6.91784e-05
-91 25.5 9.06679e-05
-90.5 25.5 0.000225398
-90 25.5 0.000244503
-89.5 25.5 0.000171717
-89 25.5 0.000239104
-88.5 25.5 0.000211718
-88 25.5 0.000128332
-87.5 25.5 0.00015193
-87 25.5 3.79768e-05
-86.5 25.5 5.51773e-05
-86 25.5 3.35452e-05
-85.5 25.5 1.51519e-05
-85 25.5 9.66856e-05
-84.5 25.5 0.000264353
-84 25.5 0.000244092
-83.5 25.5 0.000142408
-83 25.5 0.00014372
-82.5 25.5 0.000375317
-82 25.5 9.03892e-05
-81.5 25.5 -1.1585e-05
-81 25.5 -0.000178854
-119 26 0.000108119
-118.5 26 0.000177363
-118 26 0.000120171
-117.5 26 6.75441e-05
-117 26 6.5278e-05
-116.5 26 0.00011124
-116 26 0.000178836
-115.5 26 9.95605e-05
-115 26 8.49717e-05
-114.5 26 9.22436e-05
-114 26 0.000103009
-113.5 26 9.95691e-05
-113 26 0.000106209
-112.5 26 0.000101525
-112 26 0.000105142
-111.5 26 0.000124834
-111 26 0.000162969
-110.5 26 0.00017927
-110 26 0.000199948
-109.5 26 0.000155737
-109 26 0.000156181
-108.5 26 0.000160964
-108 26 0.000117155
-107.5 26 0.000118195
-107 26 0.000131714
-106.5 26 0.000103627
-106 26 0.000109246
-105.5 26 0.000108205
-105 26 0.000168049
-104.5 26 0.00014052
-104 26 0.000111499
-103.5 26 0.000105987
-103 26 0.000120618
-102.5 26 0.000133093
-102 26 8.44296e-05
-101.5 26 0.000129018
-101 26 0.000163788
-100.5 26 0.000205364
-100 26 0.000195518
-99.5 26 0.000189791
-99 26 6.53331e-05
-98.5 26 5.55608e-05
-98 26 3.54233e-05
-97.5 26 5.17296e-05
-97 26 0.000113576
-96.5 26 0.00017083
-96 26 0.000231157
-95.5 26 0.000187281
-95 26 0.000166999
-94.5 26 0.000108721
-94 26 0.000154833
-93.5 26 0.000197112
-93 26 0.000134444
-92.5 26 0.00013036
-92 26 0.000127187
-91.5 26 4.07503e-05
-91 26 8.64164e-05
-90.5 26 0.000119751
-90 26 0.000170461
-89.5 26 0.000136499
-89 26 0.00012057
-88.5 26 8.94599e-05
-88 26 9.06193e-05
-87.5 26 8.33128e-05
-87 26 9.1477e-05
-86.5 26 7.24217e-05
-86 26 6.25659e-05
-85.5 26 8.07255e-05
-85 26 9.88439e-05
-84.5 26 0.000142673
-84 26 0.000141168
-83.5 26 0.00011102
-83 26 9.7588e-05
-82.5 26 0.00015806
-82 26 9.84909e-05
-81.5 26 4.55383e-05
-81 26 -4.89997e-05
-119 26.5 2.41593e-05
-118.5 26.5 0.000283552
-118 26.5 0.000110976
-117.5 26.5 -6.4096e-05
-117 26.5 3.27286e-05
-116.5 26.5 5.79418e-05
-116 26.5 1.71716e-05
-115.5 26.5 0.000252674
-115 26.5 0.000109464
-114.5 26.5 7.15017e-05
-114 26.5 8.07324e-05
-113.5 26.5 7.52526e-05
-113 26.5 4.95167e-05
-112.5 26.5 0.000177343
-112 26.5 0.000112148
-111.5 26.5 6.88442e-05
-111 26.5 0.000235985
-110.5 26.5 0.000181909
-110 26.5 0.000160578
-109.5 26.5 0.000322766
-109 26.5 0.000201888
-108.5 26.5 0.000132807
-108 26.5 0.000142047
-107.5 26.5 0.000117532
-107 26.5 8.66444e-05
-106.5 26.5 0.000159226
-106 26.5 0.000132868
-105.5 26.5 0.000101727
-105 26.5 0.000224807
-104.5 26.5 0.000149731
-104 26.5 0.000105509
-103.5 26.5 0.000112614
-103 26.5 0.000137255
-102.5 26.5 0.000179406
-102 26.5 0.000101182
-101.5 26.5 0.000142429
-101 26.5 0.000156553
-100.5 26.5 0.00028318
-100 26.5 0.000225583
-99.5 26.5 0.000296218
-99 26.5 0.000148686
-98.5 26.5 6.69931e-05
-98 26.5 -8.87819e-05
-97.5 26.5 0.00027991
-97 26.5 0.000161944
-96.5 26.5 0.000139055
-96 26.5 0.000267044
-95.5 26.5 0.000188651
-95 26.5 0.000242064
-94.5 26.5 0.000234584
-94 26.5 0.000238665
-93.5 26.5 0.000378947
-93 26.5 0.000232049
-92.5 26.5 0.000149384
-92 26.5 9.47998e-05
-91.5 26.5 1.62386e-05
-91 26.5 8.25387e-05
-90.5 26.5 2.67718e-06
-90 26.5 0.000187165
-89.5 26.5 0.000100013
-89 26.5 2.58516e-05
-88.5 26.5 -8.43125e-05
-88 26.5 5.42018e-05
-87.5 26.5 1.26904e-05
-87 26.5 0.000184243
-86.5 26.5 9.02895e-05
-86 26.5 5.83278e-05
-85.5 26.5 0.000139397
-85 26.5 8.6387e-05
-84.5 26.5 9.60136e-05
-84 26.5 7.67823e-05
-83.5 26.5 7.59681e-05
-83 26.5 2.76307e-06
-82.5 26.5 8.60799e-05
-82 26.5 0.000120312
-81.5 26.5 0.000119466
-81 26.5 -8.64943e-05
-119 27 0.000167057
-118.5 27 0.000286006
-118 27 0.000109405
-117.5 27 -0.00013707
-117 27 -2.39039e-05
-116.5 27 4.16574e-05
-116 27 6.37904e-05
-115.5 27 -0.00012753
-115 27 6.92286e-05
-114.5 27 0.000231445
-114 27 -4.64769e-06
-113.5 27 5.62497e-05
-113 27 2.84313e-05
-112.5 27 0.00015065
-112 27 9.86415e-05
-111.5 27 7.20674e-05
-111 27 4.51826e-05
-110.5 27 0.000157313
-110 27 0.000267112
-109.5 27 0.000162984
-109 27 0.000221941
-108.5 27 0.000313341
-108 27 5.37081e-05
-107.5 27 0.000111084
-107 27 6.89569e-05
-106.5 27 0.000326387
-106 27 0.000165842
-105.5 27 7.54548e-05
-105 27 0.000167754
-104.5 27 0.000136762
-104 27 0.000103906
-103.5 27 0.000137329
-103 27 0.000145896
-102.5 27 0.000159809
-102 27 0.000233826
-101.5 27 0.00016576
-101 27 0.000113051
-100.5 27 0.000176179
-100 27 0.000169207
-99.5 27 0.000117974
-99 27 -3.28545e-05
-98.5 27 0.000110802
-98 27 0.000189405
-97.5 27 0.000266056
-97 27 0.000148432
-96.5 27 -3.63785e-05
-96 27 0.000153299
-95.5 27 9.33024e-05
-95 27 -0.000107592
-94.5 27 0.000297704
-94 27 0.000225921
-93.5 27 0.000235995
-93 27 0.000123186
-92.5 27 0.000146519
-92 27 0.00010327
-91.5 27 0.000278983
-91 27 0.000178663
-90.5 27 0.000171278
-90 27 6.99351e-05
-89.5 27 7.21958e-05
-89 27 -3.68118e-05
-88.5 27 0.000434692
-88 27 0.000135238
-87.5 27 3.26043e-06
-87 27 -0.000121041
-86.5 27 5.77251e-05
-86 27 0.000143479
-85.5 27 2.22532e-05
-85 27 4.02875e-05
-84.5 27 -5.37865e-05
-84 27 0.000112226
-83.5 27 8.99944e-05
-83 27 8.61156e-05
-82.5 27 3.05388e-05
-82 27 0.000182798
-81.5 27 0.000358001
-81 27 0.000453018
-119 27.5 0.000102423
-118.5 27.5 0.00025798
-118 27.5 0.00016057
-117.5 27.5 6.39849e-05
-117 27.5 8.43059e-05
-116.5 27.5 7.02285e-05
-116 27.5 3.49444e-05
-115.5 27.5 9.88831e-06
-115 27.5 5.83966e-05
-114.5 27.5 9.94309e-05
-114 27.5 9.79078e-05
-113.5 27.5 8.11203e-05
-113 27.5 6.23918e-05
-112.5 27.5 6.59688e-05
-112 27.5 7.73081e-05
-111.5 27.5 9.77372e-05
-111 27.5 9.77813e-05
-110.5 27.5 0.000140351
-110 27.5 0.00017599
-109.5 27.5 0.000207117
-109 27.5 0.000227885
-108.5 27.5 0.000245779
-108 27.5 0.000211945
-107.5 27.5 0.000147941
-107 27.5 9.19766e-05
-106.5 27.5 0.000160466
-106 27.5 0.000156558
-105.5 27.5 0.00013521
-105 27.5 0.000130854
-104.5 27.5 0.000128471
-104 27.5 0.000122413
-103.5 27.5 0.000104968
-103 27.5 0.000150643
-102.5 27.5 0.000201365
-102 27.5 0.000218821
-101.5 27.5 0.000182845
-101 27.5 0.000149731
-100.5 27.5 0.00014241
-100 27.5 0.000156826
-99.5 27.5 0.000166076
-99 27.5 0.000188075
-98.5 27.5 0.00019374
-98 27.5 0.00020286
-97.5 27.5 0.000258228
-97 27.5 0.000176104
-96.5 27.5 0.000102847
-96 27.5 0.000128975
-95.5 27.5 9.85723e-05
-95 27.5 4.95688e-05
-94.5 27.5 0.000181193
-94 27.5 0.000188094
-93.5 27.5 0.000195141
-93 27.5 0.000167653
-92.5 27.5 0.000182237
-92 27.5 0.000213509
-91.5 27.5 0.000269843
-91 27.5 0.000210883
-90.5 27.5 0.000183408
-90 27.5 0.000130423
-89.5 27.5 9.91832e-05
-89 27.5 8.78924e-05
-88.5 27.5 0.000190684
-88 27.5 0.000114382
-87.5 27.5 6.15768e-05
-87 27.5 4.24494e-05
-86.5 27.5 9.08542e-05
-86 27.5 0.000124589
-85.5 27.5 5.97403e-05
-85 27.5 7.19984e-05
-84.5 27.5 6.64741e-05
-84 27.5 9.52557e-05
-83.5 27.5 9.37091e-05
-83 27.5 8.97945e-05
-82.5 27.5 0.000112657
-82 27.5 0.000212886
-81.5 27.5 0.000328662
-81 27.5 0.00013405
-119 28 -6.00308e-05
-118.5 28 0.000453872
-118 28 0.000224945
-117.5 28 0.000174839
-117 28 0.00020246
-116.5 28 0.000111577
-116 28 -8.51348e-06
-115.5 28 5.91582e-05
-115 28 4.82702e-05
-114.5 28 1.40027e-05
-114 28 0.000227491
-113.5 28 0.000106667
-113 28 6.22812e-05
-112.5 28 -2.8243e-05
-112 28 5.73339e-05
-111.5 28 0.000144948
-111 28 9.083e-05
-110.5 28 0.000127305
-110 28 9.60194e-05
-109.5 28 0.000248216
-109 28 0.000234262
-108.5 28 0.000232629
-108 28 0.000405809
-107.5 28 0.000178958
-107 28 8.97444e-06
-106.5 28 3.14536e-05
-106 28 0.000154457
-105.5 28 0.000178266
-105 28 9.00458e-05
-104.5 28 0.000125997
-104 28 0.000148405
-103.5 28 1.8504e-05
-103 28 0.000151782
-102.5 28 0.000276601
-102 28 0.000273804
-101.5 28 0.00020024
-101 28 0.000142599
-100.5 28 7.92478e-05
-100 28 0.000146841
-99.5 28 0.00020202
-99 28 0.000422383
-98.5 28 0.000267943
-98 28 0.000185733
-97.5 28 0.000377556
-97 28 0.00020156
-96.5 28 0.00016414
-96 28 0.000152683
-95.5 28 0.000106813
-95 28 2.5446e-05
-94.5 28 0.000170426
-94 28 0.000161627
-93.5 28 0.000181796
-93 28 0.000178269
-92.5 28 0.000204866
-92 28 0.000312842
-91.5 28 0.000390985
-91 28 0.000231516
-90.5 28 0.000228768
-90 28 0.000193095
-89.5 28 0.000104073
-89 28 0.000119751
-88.5 28 0.000126148
-88 28 9.23692e-05
-87.5 28 9.16091e-05
-87 28 0.000116158
-86.5 28 0.000139604
-86 28 0.000197725
-85.5 28 3.72365e-05
-85 28 0.000101555
-84.5 28 0.000131175
-84 28 9.08259e-05
-83.5 28 9.05884e-05
-83 28 7.00819e-05
-82.5 28 0.000127071
-82 28 0.000256952
-81.5 28 0.000599943
-81 28 -0.000303539
-119 28.5 -4.64408e-05
-118.5 28.5 0.000360252
-118 28.5 0.000182992
-117.5 28.5 -3.15811e-05
-117 28.5 0.000440763
-116.5 28.5 0.000170909
-116 28.5 5.78558e-06
-115.5 28.5 5.21665e-05
-115 28.5 4.61245e-05
-114.5 28.5 -1.08039e-05
-114 28.5 -1.11723e-05
-113.5 28.5 9.41637e-05
-113 28.5 0.00023707
-112.5 28.5 -5.77938e-06
-112 28.5 2.78913e-05
-111.5 28.5 -4.6972e-05
-111 28.5 0.000348217
-110.5 28.5 0.000151454
-110 28.5 4.23307e-05
-109.5 28.5 0.000304501
-109 28.5 0.000233831
-108.5 28.5 0.000221032
-108 28.5 0.000262132
-107.5 28.5 0.000178853
-107 28.5 -1.10609e-06
-106.5 28.5 0.000512381
-106 28.5 0.000235203
-105.5 28.5 0.000156596
-105 28.5 9.21355e-05
-104.5 28.5 0.00013188
-104 28.5 0.000147293
-103.5 28.5 3.16891e-05
-103 28.5 0.000150731
-102.5 28.5 0.000274728
-102 28.5 7.79452e-05
-101.5 28.5 0.000206118
-101 28.5 0.000374881
-100.5 28.5 -1.77253e-06
-100 28.5 0.000132551
-99.5 28.5 0.000168193
-99 28.5 0.000319609
-98.5 28.5 0.000292792
-98 28.5 0.000346218
-97.5 28.5 0.000147297
-97 28.5 0.000137966
-96.5 28.5 -7.39192e-06
-96 28.5 5.29741e-05
-95.5 28.5 0.000128015
-95 28.5 0.00021256
-94.5 28.5 4.34269e-05
-94 28.5 0.000119057
-93.5 28.5 9.26727e-05
-93 28.5 9.44539e-05
-92.5 28.5 0.000163419
-92 28.5 0.000271895
-91.5 28.5 -1.45532e-05
-91 28.5 0.000150266
-90.5 28.5 0.000322516
-90 28.5 -0.000190559
-89.5 28.5 2.34837e-05
-89 28.5 7.65722e-05
-88.5 28.5 -1.69047e-05
-88 28.5 4.63302e-05
-87.5 28.5 -5.68456e-05
-87 28.5 0.000369169
-86.5 28.5 0.000176664
-86 28.5 0.000154488
-85.5 28.5 1.22322e-05
-85 28.5 0.000147215
-84.5 28.5 0.000368351
-84 28.5 0.000174641
-83.5 28.5 9.73551e-05
-83 28.5 -2.29154e-05
-82.5 28.5 0.00015375
-82 28.5 0.000205394
-81.5 28.5 0.000267352
-81 28.5 3.791e-05
-119 29 3.53567e-05
-118.5 29 0.000227234
-118 29 0.000164316
-117.5 29 9.58357e-05
-117 29 0.000231234
-116.5 29 0.000177539
-116 29 0.000141825
-115.5 29 9.91214e-05
-115 29 8.49359e-05
-114.5 29 4.88234e-05
-114 29 1.73652e-05
-113.5 29 7.37209e-05
-113 29 0.000116264
-112.5 29 5.19461e-05
-112 29 3.79705e-05
-111.5 29 2.34141e-05
-111 29 0.000113407
-110.5 29 0.000117385
-110 29 0.000143194
-109.5 29 0.000187556
-109 29 0.000211044
-108.5 29 0.000239594
-108 29 0.000268451
-107.5 29 0.000220039
-107 29 0.000162689
-106.5 29 0.000217569
-106 29 0.000204943
-105.5 29 0.000198874
-105 29 0.000169993
-104.5 29 0.000156588
-104 29 0.000145822
-103.5 29 9.79054e-05
-103 29 0.000152066
-102.5 29 0.000195668
-102 29 0.000138811
-101.5 29 0.000193067
-101 29 0.000244792
-100.5 29 0.000114183
-100 29 0.000162876
-99.5 29 0.000211465
-99 29 0.000293155
-98.5 29 0.000284444
-98 29 0.000270982
-97.5 29 0.000174112
-97 29 0.000164136
-96.5 29 0.000150749
-96 29 0.000139725
-95.5 29 0.000145395
-95 29 0.000143244
-94.5 29 0.000101291
-94 29 0.000140827
-93.5 29 0.00013013
-93 29 9.26741e-05
-92.5 29 0.000112737
-92 29 9.31261e-05
-91.5 29 1.64906e-05
-91 29 8.62954e-05
-90.5 29 0.000115972
-90 29 -8.25674e-06
-89.5 29 3.3621e-05
-89 29 3.79622e-05
-88.5 29 2.42389e-05
-88 29 9.59317e-05
-87.5 29 0.000156661
-87 29 0.000186911
-86.5 29 0.000125398
-86 29 7.93155e-05
-85.5 29 6.59208e-05
-85 29 0.000133246
-84.5 29 0.000184084
-84 29 0.000134693
-83.5 29 0.000121169
-83 29 0.000108477
-82.5 29 0.000151771
-82 29 0.000177427
-81.5 29 0.00018328
-81 29 9.83528e-05
-119 29.5 -2.93261e-05
-118.5 29.5 0.000293827
-118 29.5 0.000154495
-117.5 29.5 6.29153e-05
-117 29.5 0.000187883
-116.5 29.5 0.000188158
-116 29.5 0.000293632
-115.5 29.5 0.000111408
-115 29.5 0.000129847
-114.5 29.5 8.05731e-05
-114 29.5 -4.49451e-05
-113.5 29.5 6.16552e-05
-113 29.5 8.5836e-05
-112.5 29.5 7.41389e-05
-112 29.5 4.02954e-05
-111.5 29.5 1.45592e-06
-111 29.5 -4.30293e-05
-110.5 29.5 7.86146e-05
-110 29.5 0.000245723
-109.5 29.5 8.36825e-05
-109 29.5 0.000184978
-108.5 29.5 0.000263852
-108 29.5 0.000318902
-107.5 29.5 0.000260277
-107 29.5 0.000236904
-106.5 29.5 -1.32132e-05
-106 29.5 0.000176315
-105.5 29.5 0.000259379
-105 29.5 0.000243187
-104.5 29.5 0.000183957
-104 29.5 0.000168548
-103.5 29.5 7.93339e-05
-103 29.5 0.000158869
-102.5 29.5 0.000186695
-102 29.5 0.000100405
-101.5 29.5 0.000191353
-101 29.5 0.000275184
-100.5 29.5 7.81346e-05
-100 29.5 0.000176818
-99.5 29.5 0.000221253
-99 29.5 0.000339009
-98.5 29.5 0.000290075
-98 29.5 0.000266716
-97.5 29.5 0.000125637
-97 29.5 0.000188324
-96.5 29.5 0.000294552
-96 29.5 0.000189872
-95.5 29.5 0.000164967
-95 29.5 0.000113973
-94.5 29.5 7.98519e-05
-94 29.5 0.000186367
-93.5 29.5 0.00014727
-93 29.5 1.59841e-05
-92.5 29.5 8.17844e-05
-92 29.5 -6.31751e-05
-91.5 29.5 -0.000106224
-91 29.5 4.18995e-05
-90.5 29.5 1.79311e-05
-90 29.5 -3.61299e-06
-89.5 29.5 5.60262e-05
-89 29.5 3.40951e-06
-88.5 29.5 -9.81202e-06
-88 29.5 0.000145906
-87.5 29.5 0.000399655
-87 29.5 0.000110833
-86.5 29.5 6.91187e-05
-86 29.5 -4.02755e-05
-85.5 29.5 3.02348e-05
-85 29.5 0.000129818
-84.5 29.5 8.24843e-05
-84 29.5 6.88302e-05
-83.5 29.5 0.000140489
-83 29.5 0.000189703
-82.5 29.5 0.000165315
-82 29.5 0.000164236
-81.5 29.5 0.000154427
-81 29.5 0.000119332
-119 30 -8.71488e-05
-118.5 30 0.000281521
-118 30 0.000122895
-117.5 30 -5.79136e-05
-117 30 0.000106556
-116.5 30 0.000140262
-116 30 0.000154418
-115.5 30 0.000353619
-115 30 0.000223416
-114.5 30 0.000322046
-114 30 4.6171e-05
-113.5 30 9.45663e-05
-113 30 8.08004e-05
-112.5 30 6.22101e-05
-112 30 4.97965e-05
-111.5 30 -6.13064e-06
-111 30 -4.54869e-05
-110.5 30 1.32533e-05
-110 30 -2.00428e-05
-109.5 30 0.000276224
-109 30 0.000162866
-108.5 30 0.000126092
-108 30 0.000488813
-107.5 30 0.000301622
-107 30 0.000289088
-106.5 30 0.000249351
-106 30 0.000207145
-105.5 30 0.000198604
-105 30 0.000152924
-104.5 30 0.000181883
-104 30 0.000154481
-103.5 30 0.00014757
-103 30 0.000198512
-102.5 30 0.000252833
-102 30 0.000122069
-101.5 30 0.000196142
-101 30 0.000214075
-100.5 30 0.00019095
-100 30 0.000216326
-99.5 30 0.000293573
-99 30 0.000316987
-98.5 30 0.000289602
-98 30 0.000320882
-97.5 30 5.69332e-05
-97 30 0.000176833
-96.5 30 0.000212998
-96 30 0.000364175
-95.5 30 0.000210006
-95 30 0.000128239
-94.5 30 0.000328433
-94 30 0.000345869
-93.5 30 0.000716245
-93 30 0.000359007
-92.5 30 0.000195067
-92 30 0.000179021
-91.5 30 0.000117973
-91 30 0.00011429
-90.5 30 0.000131908
-90 30 0.000363211
-89.5 30 0.000168709
-89 30 0.000173049
-88.5 30 -3.03845e-05
-88 30 0.000138379
-87.5 30 0.000302704
-87 30 -0.000198596
-86.5 30 3.55909e-05
-86 30 5.94039e-05
-85.5 30 0.000354552
-85 30 0.000240306
-84.5 30 0.000355334
-84 30 0.000216479
-83.5 30 0.000177577
-83 30 0.000202158
-82.5 30 0.000161812
-82 30 0.000149864
-81.5 30 0.000136264
-81 30 0.00011769
-119 30.5 6.03308e-05
-118.5 30.5 0.000156179
-118 30.5 0.000117148
-117.5 30.5 4.52881e-05
-117 30.5 7.77596e-05
-116.5 30.5 0.000107871
-116 30.5 0.000129744
-115.5 30.5 0.000190658
-115 30.5 0.000183719
-114.5 30.5 0.000203964
-114 30.5 0.000195255
-113.5 30.5 0.000155066
-113 30.5 0.000143674
-112.5 30.5 0.000128654
-112 30.5 9.11474e-05
-111.5 30.5 5.1778e-05
-111 30.5 -1.33828e-05
-110.5 30.5 -7.57201e-06
-110 30.5 -3.23932e-05
-109.5 30.5 5.37728e-05
-109 30.5 8.47075e-05
-108.5 30.5 0.00011152
-108 30.5 0.000238312
-107.5 30.5 0.000247582
-107 30.5 0.000275124
-106.5 30.5 0.00024971
-106 30.5 0.000212589
-105.5 30.5 0.000188034
-105 30.5 0.000187915
-104.5 30.5 0.000215897
-104 30.5 0.000233711
-103.5 30.5 0.000224067
-103 30.5 0.000242313
-102.5 30.5 0.000267113
-102 30.5 0.000231039
-101.5 30.5 0.000231001
-101 30.5 0.000232704
-100.5 30.5 0.0001881
-100 30.5 0.000217922
-99.5 30.5 0.000258398
-99 30.5 0.000287826
-98.5 30.5 0.000266333
-98 30.5 0.000246635
-97.5 30.5 0.00016365
-97 30.5 0.000198321
-96.5 30.5 0.000234375
-96 30.5 0.00024843
-95.5 30.5 0.000210951
-95 30.5 0.00017358
-94.5 30.5 0.000249622
-94 30.5 0.000284203
-93.5 30.5 0.000348794
-93 30.5 0.00022421
-92.5 30.5 0.000184661
-92 30.5 0.000170704
-91.5 30.5 0.000145968
-91 30.5 0.000150002
-90.5 30.5 0.000167588
-90 30.5 0.000202088
-89.5 30.5 0.000167926
-89 30.5 0.000158926
-88.5 30.5 0.000138793
-88 30.5 0.000148247
-87.5 30.5 0.000166127
-87 30.5 5.38805e-05
-86.5 30.5 0.000101357
-86 30.5 0.000144361
-85.5 30.5 0.000219565
-85 30.5 0.000214957
-84.5 30.5 0.000223368
-84 30.5 0.000169675
-83.5 30.5 0.000164236
-83 30.5 0.000161839
-82.5 30.5 0.000139401
-82 30.5 0.000132693
-81.5 30.5 0.000116577
-81 30.5 9.72547e-05
-119 31 0.000135337
-118.5 31 0.000122265
-118 31 0.000125737
-117.5 31 5.03719e-05
-117 31 4.00625e-05
-116.5 31 7.75192e-05
-116 31 7.16919e-05
-115.5 31 8.55606e-05
-115 31 0.000134826
-114.5 31 0.000131093
-114 31 0.000404867
-113.5 31 0.00020659
-113 31 0.000211021
-112.5 31 0.000226237
-112 31 0.000133907
-111.5 31 0.000119532
-111 31 -5.14502e-05
-110.5 31 -2.46619e-05
-110 31 -0.000156473
-109.5 31 -0.000130342
-109 31 7.89846e-06
-108.5 31 2.23233e-05
-108 31 9.60154e-05
-107.5 31 0.000195195
-107 31 0.000318299
-106.5 31 0.000290384
-106 31 0.000212183
-105.5 31 0.000141302
-105 31 0.000189257
-104.5 31 0.000254819
-104 31 0.000330021
-103.5 31 0.000287381
-103 31 0.000287352
-102.5 31 0.000332557
-102 31 0.000314447
-101.5 31 0.000266984
-101 31 0.000287515
-100.5 31 0.000121342
-100 31 0.00020989
-99.5 31 0.000242833
-99 31 0.00031131
-98.5 31 0.000252848
-98 31 0.000220256
-97.5 31 0.000162211
-97 31 0.00021571
-96.5 31 0.000288294
-96 31 0.000171443
-95.5 31 0.000204136
-95 31 0.00012399
-94.5 31 0.000203995
-94 31 0.000219096
-93.5 31 0.000170366
-93 31 4.6682e-05
-92.5 31 0.000165292
-92 31 0.000181665
-91.5 31 0.000161904
-91 31 0.00017387
-90.5 31 0.000203424
-90 31 0.000121832
-89.5 31 0.000154265
-89 31 0.000152268
-88.5 31 0.000302262
-88 31 0.000156909
-87.5 31 0.00012104
-87 31 0.000165048
-86.5 31 0.000160079
-86 31 0.000214409
-85.5 31 0.000164233
-85 31 0.000190754
-84.5 31 0.000147087
-84 31 8.60567e-05
-83.5 31 0.000147645
-83 31 0.000132782
-82.5 31 0.000101815
-82 31 0.000119143
-81.5 31 9.52593e-05
-81 31 5.30718e-05
-119 31.5 9.42852e-05
-118.5 31.5 0.000382478
-118 31.5 0.000190088
-117.5 31.5 0.000188947
-117 31.5 7.51671e-05
-116.5 31.5 7.2411e-05
-116 31.5 1.97428e-05
-115.5 31.5 0.000178295
-115 31.5 0.000108661
-114.5 31.5 3.68206e-05
-114 31.5 6.40191e-06
-113.5 31.5 0.000134886
-113 31.5 0.000210262
-112.5 31.5 2.86555e-05
-112 31.5 0.000132644
-111.5 31.5 0.000239242
-111 31.5 0.000135147
-110.5 31.5 5.54438e-05
-110 31.5 2.44776e-05
-109.5 31.5 -3.96164e-05
-109 31.5 8.96515e-06
-108.5 31.5 -2.90117e-05
-108 31.5 -6.24468e-05
-107.5 31.5 0.000124402
-107 31.5 0.000191938
-106.5 31.5 4.93771e-05
-106 31.5 0.000202563
-105.5 31.5 0.000304272
-105 31.5 0.000224523
-104.5 31.5 0.000294854
-104 31.5 0.000419782
-103.5 31.5 0.000262584
-103 31.5 0.000299771
-102.5 31.5 0.00031631
-102 31.5 0.000330929
-101.5 31.5 0.000268261
-101 31.5 0.00021357
-100.5 31.5 0.000295122
-100 31.5 0.000228317
-99.5 31.5 0.000163157
-99 31.5 0.000227204
-98.5 31.5 0.000221832
-98 31.5 0.000143544
-97.5 31.5 0.000321418
-97 31.5 0.000228128
-96.5 31.5 0.000101464
-96 31.5 0.000548562
-95.5 31.5 0.000259557
-95 31.5 0.000113054
-94.5 31.5 0.000347212
-94 31.5 0.000206745
-93.5 31.5 4.45926e-05
-93 31.5 0.000169708
-92.5 31.5 0.000211874
-92 31.5 0.000319598
-91.5 31.5 0.000148673
-91 31.5 0.000193016
-90.5 31.5 0.000288377
-90 31.5 -9.18541e-06
-89.5 31.5 0.000148328
-89 31.5 0.000312908
-88.5 31.5 -8.20648e-05
-88 31.5 9.71001e-05
-87.5 31.5 0.000107747
-87 31.5 0.000157074
-86.5 31.5 0.000189923
-86 31.5 0.000249596
-85.5 31.5 0.000260753
-85 31.5 0.000211052
-84.5 31.5 0.000228585
-84 31.5 0.000228439
-83.5 31.5 0.000182851
-83 31.5 0.000214732
-82.5 31.5 0.000175414
-82 31.5 0.000131866
-81.5 31.5 8.39976e-05
-81 31.5 -5.6753e-05
-119 32 8.84738e-05
-118.5 32 0.000151163
-118 32 0.000148617
-117.5 32 0.000143558
-117 32 0.000101964
-116.5 32 8.22047e-05
-116 32 7.22971e-05
-115.5 32 8.65797e-05
-115 32 9.65839e-05
-114.5 32 7.53322e-05
-114 32 8.89218e-05
-113.5 32 0.000110246
-113 32 0.000104149
-112.5 32 7.84839e-05
-112 32 0.000126856
-111.5 32 0.000171226
-111 32 0.0001337
-110.5 32 9.60857e-05
-110 32 8.70136e-05
-109.5 32 6.97281e-05
-109 32 6.11858e-05
-108.5 32 5.8955e-05
-108 32 7.97103e-05
-107.5 32 0.000131502
-107 32 0.000151226
-106.5 32 0.000154055
-106 32 0.000223593
-105.5 32 0.000280294
-105 32 0.000263132
-104.5 32 0.000304992
-104 32 0.000362786
-103.5 32 0.000337734
-103 32 0.000316283
-102.5 32 0.000295922
-102 32 0.000279341
-101.5 32 0.00026191
-101 32 0.000243318
-100.5 32 0.000269323
-100 32 0.000243441
-99.5 32 0.000222117
-99 32 0.000218951
-98.5 32 0.000232412
-98 32 0.000224573
-97.5 32 0.000255474
-97 32 0.000248362
-96.5 32 0.000233836
-96 32 0.000280963
-95.5 32 0.000232966
-95 32 0.000183383
-94.5 32 0.000219457
-94 32 0.000214045
-93.5 32 0.000188774
-93 32 0.000179489
-92.5 32 0.000217282
-92 32 0.00026324
-91.5 32 0.000198175
-91 32 0.000187776
-90.5 32 0.000180336
-90 32 8.86589e-05
-89.5 32 0.000140164
-89 32 0.00018203
-88.5 32 8.53268e-05
-88 32 0.000137554
-87.5 32 0.000176883
-87 32 0.000205188
-86.5 32 0.000202831
-86 32 0.000210229
-85.5 32 0.000209288
-85 32 0.00018691
-84.5 32 0.000173694
-84 32 0.000157898
-83.5 32 0.000164609
-83 32 0.000183979
-82.5 32 0.000186856
-82 32 0.000154214
-81.5 32 0.000129305
-81 32 6.9718e-05
-119 32.5 2.98078e-05
-118.5 32.5 -3.48992e-05
-118 32.5 0.000119934
-117.5 32.5 0.000140284
-117 32.5 0.00013302
-116.5 32.5 8.59205e-05
-116 32.5 0.000102073
-115.5 32.5 -1.05408e-05
-115 32.5 9.80919e-05
-114.5 32.5 6.72324e-05
-114 32.5 0.000142692
-113.5 32.5 9.45606e-05
-113 32.5 2.75184e-06
-112.5 32.5 6.17956e-05
-112 32.5 0.000126541
-111.5 32.5 0.000170658
-111 32.5 0.000151069
-110.5 32.5 0.000126167
-110 32.5 0.000177246
-109.5 32.5 0.000187323
-109 32.5 0.00010786
-108.5 32.5 0.000121878
-108 32.5 0.00018228
-107.5 32.5 0.000151221
-107 32.5 0.000106623
-106.5 32.5 0.000185927
-106 32.5 0.000252127
-105.5 32.5 0.000323735
-105 32.5 0.000266924
-104.5 32.5 0.000309018
-104 32.5 0.000377469
-103.5 32.5 0.000413586
-103 32.5 0.000336494
-102.5 32.5 0.00027501
-102 32.5 0.000221974
-101.5 32.5 0.000256491
-101 32.5 0.000243086
-100.5 32.5 0.000294558
-100 32.5 0.000260139
-99.5 32.5 0.000262707
-99 32.5 0.000184347
-98.5 32.5 0.000256711
-98 32.5 0.000272462
-97.5 32.5 0.000219913
-97 32.5 0.000270903
-96.5 32.5 0.000312565
-96 32.5 0.000100775
-95.5 32.5 0.000211431
-95 32.5 0.000174972
-94.5 32.5 0.000108509
-94 32.5 0.000232227
-93.5 32.5 0.000317661
-93 32.5 0.000144872
-92.5 32.5 0.00021588
-92 32.5 0.0003131
-91.5 32.5 0.000225574
-91 32.5 0.00018725
-90.5 32.5 0.000120853
-90 32.5 6.04128e-05
-89.5 32.5 0.000135691
-89 32.5 0.000162143
-88.5 32.5 0.000128412
-88 32.5 0.000178441
-87.5 32.5 0.000253329
-87 32.5 0.000275871
-86.5 32.5 0.000206982
-86 32.5 0.000183556
-85.5 32.5 0.00018637
-85 32.5 0.000162717
-84.5 32.5 0.000125331
-84 32.5 7.12685e-05
-83.5 32.5 0.000141498
-83 32.5 0.000177742
-82.5 32.5 0.000236415
-82 32.5 0.000177972
-81.5 32.5 0.000205121
-81 32.5 0.000145101
-119 33 8.67803e-05
-118.5 33 0.000324866
-118 33 0.00017032
-117.5 33 0.000100892
-117 33 -0.000257593
-116.5 33 5.11965e-05
-116 33 0.000191439
-115.5 33 0.000248169
-115 33 0.00017902
-114.5 33 0.000241234
-114 33 9.42487e-05
-113.5 33 0.000107318
-113 33 8.63717e-05
-112.5 33 3.16732e-05
-112 33 0.000144466
-111.5 33 0.000296249
-111 33 2.96668e-05
-110.5 33 0.000106697
-110 33 5.95468e-05
-109.5 33 6.5068e-05
-109 33 9.02815e-05
-108.5 33 7.41032e-05
-108 33 0.000215223
-107.5 33 0.000184816
-107 33 0.000237562
-106.5 33 0.000331577
-106 33 0.000284375
-105.5 33 0.000296226
-105 33 0.000189222
-104.5 33 0.000288122
-104 33 0.000305547
-103.5 33 0.000410846
-103 33 0.000350275
-102.5 33 0.000259062
-102 33 0.000339093
-101.5 33 0.000274237
-101 33 0.000165568
-100.5 33 0.00023616
-100 33 0.00025604
-99.5 33 0.00022173
-99 33 0.000359912
-98.5 33 0.000311016
-98 33 0.000348187
-97.5 33 0.000278201
-97 33 0.00030226
-96.5 33 0.000372965
-96 33 0.000138122
-95.5 33 0.000273407
-95 33 0.000419953
-94.5 33 0.000467856
-94 33 0.000279773
-93.5 33 0.000197963
-93 33 0.000182178
-92.5 33 0.000200828
-92 33 0.000196079
-91.5 33 -2.05747e-06
-91 33 0.000199376
-90.5 33 0.000387625
-90 33 0.000125261
-89.5 33 0.000165234
-89 33 0.000208241
-88.5 33 0.000117667
-88 33 0.000194932
-87.5 33 0.000259741
-87 33 0.000178292
-86.5 33 0.000186653
-86 33 0.000148421
-85.5 33 0.000148832
-85 33 0.000146825
-84.5 33 6.64504e-05
-84 33 0.000152243
-83.5 33 0.000135469
-83 33 0.00011754
-82.5 33 0.0002079
-82 33 0.000150553
-81.5 33 9.66331e-05
-81 33 -2.11869e-05
-119 33.5 0.000129822
-118.5 33.5 0.00023583
-118 33.5 0.00018579
-117.5 33.5 0.000135691
-117 33.5 4.45448e-05
-116.5 33.5 0.000103179
-116 33.5 0.000158878
-115.5 33.5 0.000191272
-115 33.5 0.000182605
-114.5 33.5 0.000189551
-114 33.5 0.000159405
-113.5 33.5 0.000135586
-113 33.5 0.000120934
-112.5 33.5 0.000111211
-112 33.5 0.000148159
-111.5 33.5 0.000172188
-111 33.5 0.00015024
-110.5 33.5 0.000152104
-110 33.5 0.000128823
-109.5 33.5 7.86349e-05
-109 33.5 9.54197e-05
-108.5 33.5 9.36915e-05
-108 33.5 0.00012947
-107.5 33.5 0.000170814
-107 33.5 0.000229336
-106.5 33.5 0.000312811
-106 33.5 0.000288442
-105.5 33.5 0.000268886
-105 33.5 0.000260705
-104.5 33.5 0.000307528
-104 33.5 0.000340369
-103.5 33.5 0.000390296
-103 33.5 0.00038435
-102.5 33.5 0.000366955
-102 33.5 0.000362244
-101.5 33.5 0.000318449
-101 33.5 0.000271924
-100.5 33.5 0.000284537
-100 33.5 0.000284818
-99.5 33.5 0.000288805
-99 33.5 0.000328327
-98.5 33.5 0.000327294
-98 33.5 0.00033427
-97.5 33.5 0.000317818
-97 33.5 0.000321933
-96.5 33.5 0.000323806
-96 33.5 0.000300231
-95.5 33.5 0.000315771
-95 33.5 0.000341947
-94.5 33.5 0.000311071
-94 33.5 0.000261818
-93.5 33.5 0.000212013
-93 33.5 0.000194336
-92.5 33.5 0.000215565
-92 33.5 0.000214593
-91.5 33.5 0.000205997
-91 33.5 0.00021664
-90.5 33.5 0.000238134
-90 33.5 0.000178343
-89.5 33.5 0.000185319
-89 33.5 0.000203541
-88.5 33.5 0.00023285
-88 33.5 0.000215306
-87.5 33.5 0.000207609
-87 33.5 0.000203248
-86.5 33.5 0.000197272
-86 33.5 0.000172143
-85.5 33.5 0.000209516
-85 33.5 0.000175291
-84.5 33.5 0.00013924
-84 33.5 0.000129656
-83.5 33.5 0.00012693
-83 33.5 0.000125291
-82.5 33.5 0.000168427
-82 33.5 0.000133743
-81.5 33.5 9.5374e-05
-81 33.5 8.45778e-05
-119 34 0.000101763
-118.5 34 0.000282419
-118 34 0.000208867
-117.5 34 0.000190377
-117 34 0.000221093
-116.5 34 0.000153882
-116 34 0.00015105
-115.5 34 0.000177605
-115 34 0.000182132
-114.5 34 0.000175685
-114 34 0.000232928
-113.5 34 0.000159246
-113 34 0.000147621
-112.5 34 0.000150745
-112 34 0.000153715
-111.5 34 7.53818e-05
-111 34 0.00024286
-110.5 34 0.000208892
-110 34 0.000202776
-109.5 34 1.88765e-05
-109 34 0.000104611
-108.5 34 8.41665e-05
-108 34 3.64389e-05
-107.5 34 0.000148299
-107 34 0.000215938
-106.5 34 0.000391342
-106 34 0.000294488
-105.5 34 0.000220359
-105 34 0.000280483
-104.5 34 0.000334129
-104 34 0.000355749
-103.5 34 0.000408428
-103 34 0.000427424
-102.5 34 0.000464316
-102 34 0.000419268
-101.5 34 0.000365879
-101 34 0.000323826
-100.5 34 0.000342188
-100 34 0.000316512
-99.5 34 0.000327821
-99 34 0.00033979
-98.5 34 0.00034179
-98 34 0.000337311
-97.5 34 0.000343998
-97 34 0.000338265
-96.5 34 0.000282642
-96 34 0.00043621
-95.5 34 0.000352536
-95 34 0.000317785
-94.5 34 0.000175308
-94 34 0.000244238
-93.5 34 0.000194005
-93 34 0.000168875
-92.5 34 0.000233532
-92 34 0.000222157
-91.5 34 0.000402115
-91 34 0.000232262
-90.5 34 0.000164754
-90 34 0.000189805
-89.5 34 0.000193006
-89 34 0.00019187
-88.5 34 0.000393448
-88 34 0.000235856
-87.5 34 0.000154006
-87 34 0.00021346
-86.5 34 0.00021234
-86 34 0.000142151
-85.5 34 0.000323211
-85 34 0.000205257
-84.5 34 0.000194179
-84 34 0.000103051
-83.5 34 0.000115112
-83 34 9.84793e-05
-82.5 34 0.000190128
-82 34 0.000120591
-81.5 34 6.42425e-05
-81 34 0.000169628
-119 34.5 0.000224011
-118.5 34.5 0.000219744
-118 34.5 0.000207761
-117.5 34.5 0.000292705
-117 34.5 0.000122004
-116.5 34.5 0.000166718
-116 34.5 0.000196781
-115.5 34.5 0.000157025
-115 34.5 0.000188051
-114.5 34.5 0.000254916
-114 34.5 -4.00012e-05
-113.5 34.5 0.000148464
-113 34.5 0.000260187
-112.5 34.5 0.00022879
-112 34.5 0.000201921
-111.5 34.5 0.000250534
-111 34.5 0.000348417
-110.5 34.5 0.000268796
-110 34.5 0.000296376
-109.5 34.5 0.000287682
-109 34.5 0.00017534
-108.5 34.5 9.46952e-05
-108 34.5 7.39904e-05
-107.5 34.5 0.000136853
-107 34.5 0.000139489
-106.5 34.5 0.000289421
-106 34.5 0.000286007
-105.5 34.5 0.000295373
-105 34.5 0.000377402
-104.5 34.5 0.000379513
-104 34.5 0.000404193
-103.5 34.5 0.000495932
-103 34.5 0.000463907
-102.5 34.5 0.000484973
-102 34.5 0.000460741
-101.5 34.5 0.000392722
-101 34.5 0.000376683
-100.5 34.5 0.000278591
-100 34.5 0.000309462
-99.5 34.5 0.000281409
-99 34.5 0.000351782
-98.5 34.5 0.000342108
-98 34.5 0.000325205
-97.5 34.5 0.000370096
-97 34.5 0.000373043
-96.5 34.5 0.000396695
-96 34.5 0.000423039
-95.5 34.5 0.000373553
-95 34.5 0.000314489
-94.5 34.5 0.000366172
-94 34.5 0.000295921
-93.5 34.5 0.000273271
-93 34.5 0.000302833
-92.5 34.5 0.000286035
-92 34.5 0.000352014
-91.5 34.5 3.35359e-05
-91 34.5 0.000193019
-90.5 34.5 0.000185665
-90 34.5 0.00017782
-89.5 34.5 0.000194663
-89 34.5 0.000196616
-88.5 34.5 0.000167188
-88 34.5 0.000220684
-87.5 34.5 0.000189061
-87 34.5 0.000475598
-86.5 34.5 0.000265248
-86 34.5 0.000227576
-85.5 34.5 0.000302854
-85 34.5 0.000180878
-84.5 34.5 4.83903e-05
-84 34.5 9.99868e-05
-83.5 34.5 0.000112642
-83 34.5 0.000125168
-82.5 34.5 0.000112139
-82 34.5 9.68523e-05
-81.5 34.5 8.5745e-05
-81 34.5 5.50716e-05
-119 35 0.00016105
-118.5 35 9.48774e-05
-118 35 0.00015995
-117.5 35 0.000240575
-117 35 0.000193318
-116.5 35 0.000177504
-116 35 0.000180847
-115.5 35 0.000158272
-115 35 0.000185881
-114.5 35 0.000208544
-114 35 0.000131168
-113.5 35 0.000173824
-113 35 0.000193586
-112.5 35 0.000180811
-112 35 0.000198168
-111.5 35 0.000223074
-111 35 0.000265439
-110.5 35 0.000266157
-110 35 0.000285255
-109.5 35 0.000293554
-109 35 0.000225948
-108.5 35 0.00017807
-108 35 0.000139557
-107.5 35 0.000152292
-107 35 0.000153271
-106.5 35 0.000222581
-106 35 0.000277836
-105.5 35 0.000326315
-105 35 0.000383013
-104.5 35 0.000410297
-104 35 0.000444808
-103.5 35 0.000485787
-103 35 0.00048262
-102.5 35 0.000478326
-102 35 0.00044087
-101.5 35 0.000419509
-101 35 0.000385052
-100.5 35 0.000323148
-100 35 0.000348396
-99.5 35 0.000350297
-99 35 0.000367935
-98.5 35 0.00038437
-98 35 0.000388626
-97.5 35 0.000415358
-97 35 0.000416228
-96.5 35 0.000422366
-96 35 0.000441377
-95.5 35 0.000403837
-95 35 0.000369023
-94.5 35 0.000349543
-94 35 0.000316763
-93.5 35 0.000288702
-93 35 0.000303181
-92.5 35 0.000306325
-92 35 0.000318316
-91.5 35 0.000229263
-91 35 0.000242426
-90.5 35 0.000246176
-90 35 0.000200552
-89.5 35 0.000207992
-89 35 0.000217617
-88.5 35 0.000267177
-88 35 0.000242829
-87.5 35 0.00022533
-87 35 0.000263068
-86.5 35 0.000220432
-86 35 0.000198431
-85.5 35 0.000210123
-85 35 0.00016888
-84.5 35 0.000124566
-84 35 0.000111704
-83.5 35 0.000113362
-83 35 0.000108669
-82.5 35 0.000109395
-82 35 7.48799e-05
-81.5 35 3.7148e-05
-81 35 9.40357e-05
-119 35.5 0.000177452
-118.5 35.5 -0.000130117
-118 35.5 0.000107719
-117.5 35.5 0.00029709
-117 35.5 0.000249181
-116.5 35.5 0.000176556
-116 35.5 0.000188065
-115.5 35.5 0.000121836
-115 35.5 0.000189578
-114.5 35.5 0.000230124
-114 35.5 0.000195409
-113.5 35.5 0.000202327
-113 35.5 0.000141263
-112.5 35.5 0.00010572
-112 35.5 0.000193481
-111.5 35.5 0.000191854
-111 35.5 0.000217844
-110.5 35.5 0.000257717
-110 35.5 0.000298436
-109.5 35.5 0.000377906
-109 35.5 0.000271353
-108.5 35.5 0.000248312
-108 35.5 0.000163939
-107.5 35.5 0.000167638
-107 35.5 0.000104718
-106.5 35.5 0.00016634
-106 35.5 0.000275703
-105.5 35.5 0.000354932
-105 35.5 0.000412078
-104.5 35.5 0.000436278
-104 35.5 0.000486631
-103.5 35.5 0.000526455
-103 35.5 0.000490025
-102.5 35.5 0.000478203
-97.5 35.5 0.000469555
-97 35.5 0.000447737
-96.5 35.5 0.000438888
-96 35.5 0.000501814
-95.5 35.5 0.000428411
-95 35.5 0.000408924
-94.5 35.5 0.000343667
-94 35.5 0.000331671
-93.5 35.5 0.00027191
-93 35.5 0.000315757
-92.5 35.5 0.000328869
-92 35.5 0.000361146
-91.5 35.5 0.00033708
-91 35.5 0.000291083
-90.5 35.5 0.000344139
-90 35.5 0.000181499
-89.5 35.5 0.000214549
-89 35.5 0.000209053
-88.5 35.5 0.000418082
-88 35.5 0.00026133
-87.5 35.5 0.000233508
-87 35.5 0.000117565
-86.5 35.5 0.000166195
-86 35.5 0.000154538
-85.5 35.5 0.000165193
-85 35.5 0.000160611
-84.5 35.5 0.000164288
-84 35.5 0.000105154
-83.5 35.5 0.000115046
-83 35.5 8.60457e-05
-82.5 35.5 0.000126013
-82 35.5 5.25713e-05
-81.5 35.5 -7.7509e-05
-81 35.5 0.000168769
-119 36 -4.29816e-05
-118.5 36 -1.48372e-05
-118 36 6.79676e-05
-117.5 36 0.000107204
-117 36 -2.09124e-05
-116.5 36 0.000133254
-116 36 0.000221479
-115.5 36 0.000191279
-115 36 0.00020528
-114.5 36 0.000280679
-114 36 0.00035158
-113.5 36 0.00027348
-113 36 0.000370898
-112.5 36 0.000258783
-112 36 0.00023837
-111.5 36 0.000227667
-111 36 0.000178551
-110.5 36 0.000246886
-110 36 0.000241278
-109.5 36 0.000286015
-109 36 0.000271829
-108.5 36 0.000255257
-108 36 0.000260164
-107.5 36 0.000214936
-107 36 0.000163576
-106.5 36 0.000120039
-106 36 0.000289999
-105.5 36 0.000385077
-105 36 0.000429786
-104.5 36 0.0004501
-104 36 0.000501633
-103.5 36 0.000421941
-96.5 36 0.000323339
-96 36 0.000437583
-95.5 36 0.000426423
-95 36 0.000413391
-94.5 36 0.000441711
-94 36 0.000372125
-93.5 36 0.000358353
-93 36 0.000373317
-92.5 36 0.000341809
-92 36 0.000350104
-91.5 36 0.000306487
-91 36 0.000288888
-90.5 36 0.000289813
-90 36 0.000217333
-89.5 36 0.000227259
-89 36 0.0002525
-88.5 36 0.000277235
-88 36 0.000218576
-87.5 36 9.74239e-05
-87 36 9.62335e-05
-86.5 36 0.000143822
-86 36 0.000130063
-85.5 36 4.4138e-05
-85 36 0.000149483
-84.5 36 0.000248651
-84 36 0.000167429
-83.5 36 0.000137202
-83 36 0.000133728
-82.5 36 0.000256613
-82 36 5.00275e-05
-81.5 36 -0.000221118
-81 36 0.000121539
-119 36.5 2.59363e-05
-118.5 36.5 1.90389e-05
-118 36.5 5.63596e-05
-117.5 36.5 7.75297e-05
-117 36.5 4.66494e-05
-116.5 36.5 0.00012918
-116 36.5 0.000188386
-115.5 36.5 0.000167507
-115 36.5 0.000178319
-114.5 36.5 0.000224331
-114 36.5 0.000260898
-113.5 36.5 0.000251988
-113 36.5 0.000278969
-112.5 36.5 0.000280633
-112 36.5 0.000270804
-111.5 36.5 0.000279486
-111 36.5 0.000275247
-110.5 36.5 0.000272861
-110 36.5 0.000270465
-109.5 36.5 0.000297404
-109 36.5 0.000274436
-108.5 36.5 0.000259762
-108 36.5 0.000273105
-107.5 36.5 0.000269897
-107 36.5 0.000272601
-106.5 36.5 0.000270749
-106 36.5 0.000335533
-105.5 36.5 0.000388427
-105 36.5 0.000432115
-104.5 36.5 0.000458494
-95.5 36.5 0.000437326
-95 36.5 0.000418201
-94.5 36.5 0.000407611
-94 36.5 0.000382764
-93.5 36.5 0.000364454
-93 36.5 0.000353373
-92.5 36.5 0.000333618
-92 36.5 0.000312046
-91.5 36.5 0.000283767
-91 36.5 0.000281216
-90.5 36.5 0.000271912
-90 36.5 0.000230988
-89.5 36.5 0.000230261
-89 36.5 0.000233232
-88.5 36.5 0.000238066
-88 36.5 0.000211053
-87.5 36.5 0.000166322
-87 36.5 0.000152574
-86.5 36.5 0.000160832
-86 36.5 0.000154113
-85.5 36.5 0.000133095
-85 36.5 0.000140451
-84.5 36.5 0.000141221
-84 36.5 0.000137713
-83.5 36.5 0.000135009
-83 36.5 0.000137639
-82.5 36.5 0.000168733
-82 36.5 7.47968e-05
-81.5 36.5 -1.70688e-05
-81 36.5 7.16095e-05
-119 37 7.43219e-05
-118.5 37 2.11073e-05
-118 37 5.29829e-05
-117.5 37 7.32411e-05
-117 37 1.56383e-05
-116.5 37 0.000132883
-116 37 0.000209623
-115.5 37 0.000129707
-115 37 0.00013463
-114.5 37 0.000191505
-114 37 0.000217432
-113.5 37 0.0002183
-113 37 0.000219369
-112.5 37 0.000323854
-112 37 0.000297501
-111.5 37 0.000344652
-111 37 0.000375106
-110.5 37 0.000295622
-110 37 0.000274611
-109.5 37 0.000345322
-109 37 0.000275305
-108.5 37 0.000248556
-108 37 0.00030772
-107.5 37 0.000319611
-107 37 0.000384655
-106.5 37 0.000362679
-106 37 0.000381639
-105.5 37 0.000399769
-105 37 0.000457833
-95 37 0.000411192
-94.5 37 0.000384555
-94 37 0.000387168
-93.5 37 0.000365213
-93 37 0.000339299
-92.5 37 0.00032707
-92 37 0.000275938
-91.5 37 0.000240861
-91 37 0.000277298
-90.5 37 0.000268021
-90 37 0.000215937
-89.5 37 0.000230365
-89 37 0.00021149
-88.5 37 0.000211092
-88 37 0.000211571
-87.5 37 0.000211991
-87 37 0.000190442
-86.5 37 0.00017983
-86 37 0.000183772
-85.5 37 0.000198497
-85 37 0.000130195
-84.5 37 3.4866e-05
-84 37 0.000107848
-83.5 37 0.000128497
-83 37 0.000126061
-82.5 37 0.000176979
-82 37 0.000100415
-81.5 37 5.56873e-05
-81 37 6.1302e-05
-119 37.5 -5.10964e-05
-118.5 37.5 2.09747e-05
-118 37.5 5.93473e-05
-117.5 37.5 7.31925e-05
-117 37.5 0.000179899
-116.5 37.5 0.000155242
-116 37.5 0.00025134
-115.5 37.5 -3.97164e-05
-115 37.5 5.86652e-05
-114.5 37.5 -4.28375e-05
-114 37.5 0.00015359
-113.5 37.5 0.000178547
-113 37.5 0.000184606
-112.5 37.5 0.000275257
-112 37.5 0.000286031
-111.5 37.5 0.000336568
-111 37.5 0.000283353
-110.5 37.5 0.000285119
-110 37.5 0.000276162
-109.5 37.5 0.000228098
-109 37.5 0.00025236
-108.5 37.5 0.000184032
-108 37.5 0.000264133
-107.5 37.5 0.000345231
-107 37.5 0.000445865
-106.5 37.5 0.000461924
-106 37.5 0.000431514
-105.5 37.5 0.000458932
-94.5 37.5 0.000394876
-94 37.5 0.000402047
-93.5 37.5 0.000398592
-93 37.5 0.000368687
-92.5 37.5 0.000341294
-92 37.5 0.000291881
-91.5 37.5 0.000243019
-91 37.5 0.000296081
-90.5 37.5 0.000358203
-90 37.5 0.000255552
-89.5 37.5 0.000244252
-89 37.5 0.000233393
-88.5 37.5 0.000211565
-88 37.5 0.00021637
-87.5 37.5 0.000211798
-87 37.5 0.000193257
-86.5 37.5 0.000191933
-86 37.5 0.000205236
-85.5 37.5 0.000135099
-85 37.5 0.0001346
-84.5 37.5 0.000109532
-84 37.5 0.000167345
-83.5 37.5 0.000134879
-83 37.5 0.000114351
-82.5 37.5 0.000217667
-82 37.5 0.000108962
-81.5 37.5 -3.12089e-05
-81 37.5 0.000169976
-119 38 8.11235e-06
-118.5 38 5.66257e-06
-118 38 8.06583e-05
-117.5 38 0.000114218
-117 38 0.000124592
-116.5 38 0.000126161
-116 38 0.000119167
-115.5 38 4.41352e-05
-115 38 7.58913e-05
-114.5 38 7.65844e-05
-114 38 0.000138805
-113.5 38 0.000154054
-113 38 0.000164894
-112.5 38 0.000226696
-112 38 0.000257764
-111.5 38 0.000289867
-111 38 0.000279773
-110.5 38 0.000285244
-110 38 0.000286088
-109.5 38 0.000276195
-109 38 0.000270121
-108.5 38 0.000254162
-108 38 0.000289617
-107.5 38 0.000361505
-107 38 0.00043232
-106.5 38 0.000458965
-106 38 0.000455915
-94 38 0.000422955
-93.5 38 0.000403764
-93 38 0.000391281
-92.5 38 0.000368161
-92 38 0.000347694
-91.5 38 0.000329049
-91 38 0.000311062
-90.5 38 0.000303582
-90 38 0.000280002
-89.5 38 0.000252999
-89 38 0.000233701
-88.5 38 0.000233972
-88 38 0.000222322
-87.5 38 0.000212313
-87 38 0.000210561
-86.5 38 0.000198162
-86 38 0.000188292
-85.5 38 0.000150778
-85 38 0.000152091
-84.5 38 0.000144235
-84 38 0.000138141
-83.5 38 0.000134678
-83 38 0.000137205
-82.5 38 0.000182093
-82 38 0.000127535
-81.5 38 7.44134e-05
-81 38 0.000129938
-119 38.5 1.28064e-05
-118.5 38.5 -9.00018e-05
-118 38.5 0.000115235
-117.5 38.5 0.000159931
-117 38.5 7.03014e-05
-116.5 38.5 0.000110427
-116 38.5 3.34924e-05
-115.5 38.5 4.39367e-05
-115 38.5 0.000102384
-114.5 38.5 0.000144753
-114 38.5 0.000153535
-113.5 38.5 0.000131538
-113 38.5 0.000108909
-112.5 38.5 0.000196772
-112 38.5 0.000232836
-111.5 38.5 0.000274256
-111 38.5 0.000263965
-110.5 38.5 0.000289006
-110 38.5 0.000299916
-109.5 38.5 0.000312309
-109 38.5 0.000289152
-108.5 38.5 0.00028511
-108 38.5 0.000278666
-107.5 38.5 0.0003746
-107 38.5 0.000457367
-106.5 38.5 0.000480059
-106 38.5 0.00046593
-94 38.5 0.000446812
-93.5 38.5 0.00040343
-93 38.5 0.000424345
-92.5 38.5 0.000392827
-92 38.5 0.000400653
-91.5 38.5 0.000418874
-91 38.5 0.000322212
-90.5 38.5 0.000264155
-90 38.5 0.000312352
-89.5 38.5 0.000260177
-89 38.5 0.00022415
-88.5 38.5 0.000263667
-88 38.5 0.000227112
-87.5 38.5 0.000212026
-87 38.5 0.000234576
-86.5 38.5 0.000201521
-86 38.5 0.000192643
-85.5 38.5 0.000138811
-85 38.5 0.000171514
-84.5 38.5 0.000175996
-84 38.5 0.000112693
-83.5 38.5 0.000130833
-83 38.5 0.000128908
-82.5 38.5 0.000215257
-82 38.5 0.00014317
-81.5 38.5 0.000102673
-81 38.5 0.000131069
-119 39 0.000315347
-118.5 39 0.000395371
-118 39 0.000234826
-117.5 39 0.000323937
-117 39 0.000277462
-116.5 39 0.00015158
-116 39 -8.91404e-06
-115.5 39 0.000236166
-115 39 0.000133437
-114.5 39 5.18774e-05
-114 39 0.000114921
-113.5 39 0.000103275
-113 39 -1.36271e-05
-112.5 39 0.000179199
-112 39 0.000208664
-111.5 39 0.000202266
-111 39 0.000343096
-110.5 39 0.0002946
-110 39 0.000320425
-109.5 39 0.000312781
-109 39 0.000305244
-108.5 39 0.000353436
-108 39 0.000399062
-107.5 39 0.000397257
-107 39 0.000470564
-106.5 39 0.000492245
-93.5 39 0.000433413
-93 39 0.000380455
-92.5 39 0.000396642
-92 39 0.000420149
-91.5 39 0.000371318
-91 39 0.000311605
-90.5 39 0.000209224
-90 39 0.000276295
-89.5 39 0.000258238
-89 39 0.000223203
-88.5 39 0.000188413
-88 39 0.000225434
-87.5 39 0.000243117
-87 39 0.000195855
-86.5 39 0.000197633
-86 39 0.000178439
-85.5 39 0.000190813
-85 39 0.000202491
-84.5 39 0.000268218
-84 39 5.3885e-05
-83.5 39 0.000127707
-83 39 0.00014076
-82.5 39 0.000170865
-82 39 0.000148091
-81.5 39 0.000113018
-81 39 0.000145525
-119 39.5 0.000254956
-118.5 39.5 0.00024824
-118 39.5 0.000231968
-117.5 39.5 0.000246955
-117 39.5 0.00024801
-116.5 39.5 0.000193432
-116 39.5 0.000153771
-115.5 39.5 0.000199476
-115 39.5 0.000157718
-114.5 39.5 0.000114323
-114 39.5 0.000134254
-113.5 39.5 0.00012337
-113 39.5 8.75673e-05
-112.5 39.5 0.000162716
-112 39.5 0.000204547
-111.5 39.5 0.000220378
-111 39.5 0.000260785
-110.5 39.5 0.000263265
-110 39.5 0.000273931
-109.5 39.5 0.000266899
-109 39.5 0.00029166
-108.5 39.5 0.000316291
-108 39.5 0.000348989
-107.5 39.5 0.000382519
-107 39.5 0.000416077
-106.5 39.5 0.000424643
-93.5 39.5 0.00043731
-93 39.5 0.000410519
-92.5 39.5 0.00039819
-92 39.5 0.000385824
-91.5 39.5 0.000353011
-91 39.5 0.000319594
-90.5 39.5 0.00028255
-90 39.5 0.000289024
-89.5 39.5 0.000266526
-89 39.5 0.000243118
-88.5 39.5 0.000229859
-88 39.5 0.00023435
-87.5 39.5 0.000231186
-87 39.5 0.00021293
-86.5 39.5 0.000202749
-86 39.5 0.000197354
-85.5 39.5 0.000201271
-85 39.5 0.000215952
-84.5 39.5 0.000235729
-84 39.5 0.000152109
-83.5 39.5 0.000145699
-83 39.5 0.000140467
-82.5 39.5 0.000161343
-82 39.5 0.000166706
-81.5 39.5 0.000159635
-81 39.5 0.000181227
-119 40 0.000237522
-118.5 40 0.000118592
-118 40 0.000216326
-117.5 40 0.000182829
-117 40 0.000268776
-116.5 40 0.000228927
-116 40 0.000259968
-115.5 40 0.00022607
-115 40 0.000187666
-114.5 40 0.000127612
-114 40 0.000166839
-113.5 40 0.000155351
-113 40 0.0001052
-112.5 40 0.000162119
-112 40 0.000213783
-111.5 40 0.000216237
-111 40 0.000205607
-110.5 40 0.00023528
-110 40 0.000247308
-109.5 40 0.000195433
-109 40 0.000275935
-108.5 40 0.000279888
-108 40 0.000296457
-107.5 40 0.000368767
-107 40 0.000385826
-106.5 40 0.000342386
-93.5 40 0.000431009
-93 40 0.000430622
-92.5 40 0.000401682
-92 40 0.000362348
-91.5 40 0.000331731
-91 40 0.000328059
-90.5 40 0.000322726
-90 40 0.000318288
-89.5 40 0.000279023
-89 40 0.000257491
-88.5 40 0.000253282
-88 40 0.000242517
-87.5 40 0.000234566
-87 40 0.000226873
-86.5 40 0.000201108
-86 40 0.000213326
-85.5 40 0.00021187
-85 40 0.00022886
-84.5 40 0.000270477
-84 40 0.000196317
-83.5 40 0.000163109
-83 40 0.00012161
-82.5 40 0.000155687
-82 40 0.000185805
-81.5 40 0.000177963
-81 40 0.000240028
-119 40.5 0.000400351
-118.5 40.5 0.000322985
-118 40.5 0.000251799
-117.5 40.5 0.000310065
-117 40.5 0.000130143
-116.5 40.5 0.000235055
-116 40.5 0.000299776
-115.5 40.5 0.000242914
-115 40.5 0.000225137
-114.5 40.5 0.000175594
-114 40.5 0.000227924
-113.5 40.5 0.000206095
-113 40.5 0.000158839
-112.5 40.5 0.000228633
-112 40.5 0.000248794
-111.5 40.5 0.000246208
-111 40.5 0.000122174
-110.5 40.5 0.000217933
-110 40.5 0.000177461
-109.5 40.5 0.000269653
-109 40.5 0.000295128
-108.5 40.5 0.000282788
-108 40.5 0.000421852
-107.5 40.5 0.000382641
-107 40.5 0.000327474
-106.5 40.5 0.000318601
-93.5 40.5 0.000465511
-93 40.5 0.00043954
-92.5 40.5 0.000412497
-92 40.5 0.000424754
-91.5 40.5 0.000372649
-91 40.5 0.000335694
-90.5 40.5 0.000339346
-90 40.5 0.000297618
-89.5 40.5 0.000283312
-89 40.5 0.00026153
-88.5 40.5 0.00029147
-88 40.5 0.000250196
-87.5 40.5 0.000249112
-87 40.5 9.19046e-05
-86.5 40.5 0.000184031
-86 40.5 0.000171856
-85.5 40.5 0.000118155
-85 40.5 0.000233656
-84.5 40.5 0.000330754
-84 40.5 0.000259773
-83.5 40.5 0.00018269
-83 40.5 0.000166444
-82.5 40.5 0.000366557
-82 40.5 0.00021723
-81.5 40.5 0.000308069
-81 40.5 0.000182682
-119 41 0.000217001
-118.5 41 0.000186971
-118 41 0.000234776
-117.5 41 0.000301741
-117 41 0.000220789
-116.5 41 0.000257119
-116 41 0.000321669
-115.5 41 0.000313094
-115 41 0.000270846
-114.5 41 0.000256461
-114 41 0.000284799
-113.5 41 0.000268408
-113 41 0.000270663
-112.5 41 0.000285768
-112 41 0.000303511
-111.5 41 0.000295384
-111 41 0.000220549
-110.5 41 0.000255808
-110 41 0.000264928
-109.5 41 0.000301233
-109 41 0.000327098
-108.5 41 0.000348572
-108 41 0.00040541
-107.5 41 0.000415392
-107 41 0.000413932
-106.5 41 0.000370495
-93.5 41 0.000433636
-93 41 0.000420438
-92.5 41 0.000405603
-92 41 0.000398373
-91.5 41 0.000351305
-91 41 0.000324887
-90.5 41 0.000309619
-90 41 0.000312018
-89.5 41 0.000288483
-89 41 0.000271923
-88.5 41 0.000260571
-88 41 0.00024822
-87.5 41 0.000232509
-87 41 0.000194052
-86.5 41 0.000213221
-86 41 0.000229312
-85.5 41 0.000217197
-85 41 0.000253719
-84.5 41 0.000311026
-84 41 0.000210751
-83.5 41 0.000163186
-83 41 0.000138778
-82.5 41 0.000179828
-82 41 0.00014769
-81.5 41 0.000120844
-81 41 0.000111802
-119 41.5 5.90458e-05
-118.5 41.5 1.44357e-05
-118 41.5 0.000218791
-117.5 41.5 0.000392906
-117 41.5 0.000237169
-116.5 41.5 0.000262992
-116 41.5 0.00039819
-115.5 41.5 0.000411989
-115 41.5 0.000302433
-114.5 41.5 0.000318519
-114 41.5 0.000382119
-113.5 41.5 0.000319233
-113 41.5 0.000367999
-112.5 41.5 0.000332606
-112 41.5 0.000368372
-111.5 41.5 0.000377166
-111 41.5 0.000234423
-110.5 41.5 0.000299346
-110 41.5 0.000328105
-109.5 41.5 0.0003341
-109 41.5 0.000359261
-108.5 41.5 0.000388376
-108 41.5 0.000423362
-107.5 41.5 0.000457011
-107 41.5 0.000514598
-106.5 41.5 0.000363808
-106 41.5 0.000444028
-94 41.5 0.000414552
-93.5 41.5 0.000412539
-93 41.5 0.000405827
-92.5 41.5 0.000397823
-92 41.5 0.000402461
-91.5 41.5 0.000322833
-91 41.5 0.000309133
-90.5 41.5 0.000268223
-90 41.5 0.000346861
-89.5 41.5 0.000289495
-89 41.5 0.000282177
-88.5 41.5 0.000231135
-88 41.5 0.000249564
-87.5 41.5 0.000230559
-87 41.5 0.000247748
-86.5 41.5 0.000238471
-86 41.5 0.000311471
-85.5 41.5 0.0002967
-85 41.5 0.000265817
-84.5 41.5 0.000403862
-84 41.5 0.000137691
-83.5 41.5 0.000129239
-83 41.5 6.88892e-05
-82.5 41.5 3.99879e-05
-82 41.5 8.1128e-05
-81.5 41.5 -7.85152e-05
-81 41.5 9.34912e-06
-119 42 0.000242461
-118.5 42 3.32418e-05
-118 42 0.000212337
-117.5 42 0.000420528
-117 42 0.000205436
-116.5 42 0.000212045
-116 42 0.000172466
-115.5 42 0.00041277
-115 42 0.000276911
-114.5 42 0.000195737
-114 42 0.000253126
-113.5 42 0.000323977
-113 42 0.000470605
-112.5 42 0.000719447
-112 42 0.00044625
-111.5 42 0.00050373
-111 42 0.00043957
-110.5 42 0.000356778
-110 42 0.000434517
-109.5 42 0.000375334
-109 42 0.000390974
-108.5 42 0.000498334
-108 42 0.000569811
-107.5 42 0.000489777
-107 42 0.00055804
-106.5 42 0.000495341
-106 42 0.000471886
-94 42 0.000421333
-93.5 42 0.000319605
-93 42 0.000396304
-92.5 42 0.000387803
-92 42 0.000385832
-91.5 42 0.000298378
-91 42 0.000301086
-90.5 42 0.000288059
-90 42 0.000244799
-89.5 42 0.000274013
-89 42 0.000277374
-88.5 42 0.000271333
-88 42 0.000264824
-87.5 42 0.00026116
-87 42 0.000326718
-86.5 42 0.000230225
-86 42 0.00017169
-85.5 42 7.22604e-05
-85 42 0.000202627
-84.5 42 0.000193528
-84 42 -8.26334e-05
-83.5 42 0.000112521
-83 42 0.000120518
-82.5 42 0.00024714
-82 42 0.000100812
-81.5 42 -8.04463e-05
-81 42 0.000203769
-119 42.5 0.000117235
-118.5 42.5 0.000147606
-118 42.5 0.000187903
-117.5 42.5 0.000259768
-117 42.5 0.000143586
-116.5 42.5 0.000171905
-116 42.5 0.000203023
-115.5 42.5 0.000273788
-115 42.5 0.00023684
-114.5 42.5 0.000221858
-114 42.5 0.000259321
-113.5 42.5 0.000290364
-113 42.5 0.000383261
-112.5 42.5 0.000470774
-112 42.5 0.00039035
-111.5 42.5 0.000391146
-111 42.5 0.000368494
-110.5 42.5 0.000349339
-110 42.5 0.000381896
-109.5 42.5 0.000369252
-109 42.5 0.000383564
-108.5 42.5 0.000435324
-108 42.5 0.000472191
-107.5 42.5 0.000465193
-107 42.5 0.000491699
-106.5 42.5 0.000474116
-106 42.5 0.000481602
-105.5 42.5 0.000499332
-94.5 42.5 0.000475214
-94 42.5 0.000426853
-93.5 42.5 0.00038058
-93 42.5 0.00038851
-92.5 42.5 0.000380069
-92 42.5 0.000363811
-91.5 42.5 0.000306363
-91 42.5 0.000300499
-90.5 42.5 0.000287818
-90 42.5 0.00025765
-89.5 42.5 0.000269454
-89 42.5 0.000280549
-88.5 42.5 0.00030246
-88 42.5 0.00027806
-87.5 42.5 0.000265197
-87 42.5 0.000254682
-86.5 42.5 0.000217488
-86 42.5 0.000173462
-85.5 42.5 0.000172173
-85 42.5 0.000207276
-84.5 42.5 0.000228222
-84 42.5 0.000144912
-83.5 42.5 0.000167123
-83 42.5 0.000189012
-82.5 42.5 0.000222659
-82 42.5 0.000131528
-81.5 42.5 5.58111e-05
-81 42.5 0.000159372
-119 43 -2.80943e-05
-118.5 43 0.000276235
-118 43 0.000158508
-117.5 43 0.000225397
-117 43 -4.97628e-06
-116.5 43 0.000132596
-116 43 0.000209621
-115.5 43 0.000206096
-115 43 0.000186109
-114.5 43 0.00022181
-114 43 0.000279991
-113.5 43 0.000228355
-113 43 0.000322273
-112.5 43 0.000357366
-112 43 0.000308121
-111.5 43 0.000309989
-111 43 0.00031315
-110.5 43 0.000324669
-110 43 0.000366617
-109.5 43 0.000358055
-109 43 0.000364166
-108.5 43 0.000391347
-108 43 0.00041787
-107.5 43 0.000432377
-107 43 0.000454089
-106.5 43 0.000444813
-106 43 0.00048605
-105.5 43 0.000530129
-105 43 0.000403455
-95 43 0.00053938
-94.5 43 0.000454731
-94 43 0.000434862
-93.5 43 0.000408616
-93 43 0.00038689
-92.5 43 0.000373286
-92 43 0.000367411
-91.5 43 0.000280016
-91 43 0.000299604
-90.5 43 0.000298373
-90 43 0.000242212
-89.5 43 0.000259979
-89 43 0.000279392
-88.5 43 0.000370182
-88 43 0.000289909
-87.5 43 0.000278505
-87 43 0.000200878
-86.5 43 0.000202371
-86 43 0.000136724
-85.5 43 0.000245715
-85 43 0.000222666
-84.5 43 0.000326643
-84 43 0.000309218
-83.5 43 0.000215286
-83 43 0.000249242
-82.5 43 0.000284518
-82 43 0.000151082
-81.5 43 7.75549e-05
-81 43 0.000182846
-119 43.5 0.000124027
-118.5 43.5 -0.000194145
-118 43.5 7.52623e-05
-117.5 43.5 7.06484e-05
-117 43.5 2.61442e-05
-116.5 43.5 0.000108358
-116 43.5 0.000179111
-115.5 43.5 6.92584e-06
-115 43.5 0.000112215
-114.5 43.5 0.000102076
-114 43.5 -6.96904e-05
-113.5 43.5 0.000109617
-113 43.5 4.00649e-05
-112.5 43.5 0.000101745
-112 43.5 0.000203853
-111.5 43.5 0.000156736
-111 43.5 0.00028807
-110.5 43.5 0.000281706
-110 43.5 0.000286636
-109.5 43.5 0.000306227
-109 43.5 0.000334156
-108.5 43.5 0.000271556
-108 43.5 0.00033325
-107.5 43.5 0.000396648
-107 43.5 0.000348179
-106.5 43.5 0.000538537
-106 43.5 0.000491529
-105.5 43.5 0.00052362
-105 43.5 0.000596895
-104.5 43.5 0.000496084
-95.5 43.5 0.000455271
-95 43.5 0.000476073
-94.5 43.5 0.000521297
-94 43.5 0.000446644
-93.5 43.5 0.00042214
-93 43.5 0.000430105
-92.5 43.5 0.000367287
-92 43.5 0.000382293
-91.5 43.5 0.000306967
-91 43.5 0.000309416
-90.5 43.5 0.000378411
-90 43.5 0.000164094
-89.5 43.5 0.000249713
-89 43.5 0.000268336
-88.5 43.5 0.000315821
-88 43.5 0.000279864
-87.5 43.5 0.000162188
-87 43.5 0.000328713
-86.5 43.5 0.000205714
-86 43.5 0.00014136
-85.5 43.5 0.000119218
-85 43.5 0.000194325
-84.5 43.5 0.000195921
-84 43.5 4.39486e-05
-83.5 43.5 0.000208641
-83 43.5 0.000423403
-82.5 43.5 0.000302452
-82 43.5 0.000141122
-81.5 43.5 -1.80416e-05
-81 43.5 0.000505167
-119 44 7.33795e-06
-118.5 44 -2.27276e-06
-118 44 9.61005e-05
-117.5 44 0.000120452
-117 44 5.42602e-05
-116.5 44 8.31015e-05
-116 44 8.73285e-05
-115.5 44 3.22328e-05
-115 44 8.55015e-05
-114.5 44 8.06795e-05
-114 44 1.34371e-05
-113.5 44 8.65836e-05
-113 44 7.89535e-05
-112.5 44 9.32869e-05
-112 44 0.000161527
-111.5 44 0.000167783
-111 44 0.000189446
-110.5 44 0.000237215
-110 44 0.000258127
-109.5 44 0.000300878
-109 44 0.000337755
-108.5 44 0.000341066
-108 44 0.000366658
-107.5 44 0.000404759
-107 44 0.00041981
-106.5 44 0.000466425
-106 44 0.000466196
-105.5 44 0.000489477
-105 44 0.000516938
-104.5 44 0.00045576
-104 44 0.000399454
-103.5 44 0.000349707
-96.5 44 0.000436798
-96 44 0.000410423
-95.5 44 0.00043207
-95 44 0.000448472
-94.5 44 0.00046854
-94 44 0.000433597
-93.5 44 0.000416287
-93 44 0.000359648
-92.5 44 0.000333213
-92 44 0.000320389
-91.5 44 0.000307609
-91 44 0.000294437
-90.5 44 0.000292685
-90 44 0.000210619
-89.5 44 0.000260195
-89 44 0.000303997
-88.5 44 0.000329115
-88 44 0.000295126
-87.5 44 0.000264448
-87 44 0.000209514
-86.5 44 0.000189233
-86 44 0.000163065
-85.5 44 0.000175179
-85 44 0.000199662
-84.5 44 0.000189927
-84 44 0.000142095
-83.5 44 0.000189685
-83 44 0.000228998
-82.5 44 0.000218121
-82 44 0.000113585
-81.5 44 2.40951e-05
-81 44 0.000193587
-119 44.5 -0.000140492
-118.5 44.5 0.00010602
-118 44.5 0.000144947
-117.5 44.5 0.00021432
-117 44.5 1.0157e-05
-116.5 44.5 6.77566e-05
-116 44.5 2.80558e-05
-115.5 44.5 -2.35384e-05
-115 44.5 8.18311e-05
-114.5 44.5 8.20637e-05
-114 44.5 -1.27781e-05
-113.5 44.5 9.15114e-05
-113 44.5 8.25548e-05
-112.5 44.5 3.49164e-05
-112 44.5 0.000141117
-111.5 44.5 0.000156123
-111 44.5 6.80756e-05
-110.5 44.5 0.000205625
-110 44.5 0.00020626
-109.5 44.5 0.000287735
-109 44.5 0.00035534
-108.5 44.5 0.000391825
-108 44.5 0.000389606
-107.5 44.5 0.000420417
-107 44.5 0.000471192
-106.5 44.5 0.000426337
-106 44.5 0.000426176
-105.5 44.5 0.000455749
-105 44.5 0.00050039
-104.5 44.5 0.000409852
-104 44.5 0.000317106
-103.5 44.5 0.000260233
-103 44.5 0.000377137
-102.5 44.5 0.000365263
-97.5 44.5 0.000430741
-97 44.5 0.000467399
-96.5 44.5 0.000462355
-96 44.5 0.000385902
-95.5 44.5 0.000407948
-95 44.5 0.000416421
-94.5 44.5 0.000446993
-94 44.5 0.000410661
-93.5 44.5 0.000446479
-93 44.5 0.00027431
-92.5 44.5 0.000292123
-92 44.5 0.000265394
-91.5 44.5 0.000308487
-91 44.5 0.000273544
-90.5 44.5 0.000260632
-90 44.5 0.000172038
-89.5 44.5 0.000268218
-89 44.5 0.000354139
-88.5 44.5 0.000379054
-88 44.5 0.000309063
-87.5 44.5 0.00038429
-87 44.5 5.98644e-05
-86.5 44.5 0.000173619
-86 44.5 0.000159208
-85.5 44.5 0.00020915
-85 44.5 0.000213413
-84.5 44.5 0.000201393
-84 44.5 0.000180548
-83.5 44.5 0.000176229
-83 44.5 6.17761e-05
-82.5 44.5 0.000193143
-82 44.5 8.25619e-05
-81.5 44.5 -8.84304e-05
-81 44.5 6.92945e-06
-119 45 2.58997e-05
-118.5 45 0.000352473
-118 45 0.000194178
-117.5 45 0.000145875
-117 45 0.000119068
-116.5 45 9.47968e-05
-116 45 8.19295e-05
-115.5 45 0.000101829
-115 45 0.000118517
-114.5 45 0.000199511
-114 45 0.000144314
-113.5 45 0.000137379
-113 45 0.000211919
-112.5 45 0.000138555
-112 45 0.00015484
-111.5 45 0.000133198
-111 45 8.13814e-05
-110.5 45 0.00022177
-110 45 0.000248988
-109.5 45 0.000450416
-109 45 0.00038912
-108.5 45 0.00038724
-108 45 0.000487237
-107.5 45 0.000425115
-107 45 0.000476191
-106.5 45 0.000309495
-106 45 0.000367441
-105.5 45 0.000376403
-105 45 0.000338735
-104.5 45 0.000366507
-104 45 0.000330697
-103.5 45 0.000306026
-103 45 0.000382877
-102.5 45 0.000472137
-102 45 0.000479393
-101.5 45 0.000461771
-101 45 0.000462939
-100.5 45 0.000473737
-100 45 0.000497596
-99.5 45 0.000555955
-99 45 0.000502271
-98.5 45 0.000476966
-98 45 0.000450793
-97.5 45 0.000547226
-97 45 0.000470467
-96.5 45 0.000465128
-96 45 0.000374678
-95.5 45 0.000384533
-95 45 0.000371166
-94.5 45 0.000401036
-94 45 0.000368518
-93.5 45 0.0003145
-93 45 0.000286565
-92.5 45 0.000261355
-92 45 0.000217405
-91.5 45 0.000257693
-91 45 0.000250259
-90.5 45 0.000220287
-90 45 0.00028783
-89.5 45 0.000280046
-89 45 0.000353701
-88.5 45 0.000206218
-88 45 0.000282557
-87.5 45 0.00030207
-87 45 0.000275955
-86.5 45 0.000202247
-86 45 0.000188921
-85.5 45 0.000464647
-85 45 0.000239953
-84.5 45 0.000132445
-84 45 0.000237918
-83.5 45 0.000191642
-83 45 0.000110716
-82.5 45 0.000191249
-82 45 7.79826e-05
-81.5 45 -0.000167086
-81 45 0.000175309
-119 45.5 0.000102987
-118.5 45.5 0.000259457
-118 45.5 0.000207737
-117.5 45.5 0.000169822
-117 45.5 8.64562e-05
-116.5 45.5 0.000123657
-116 45.5 0.000109831
-115.5 45.5 9.45063e-05
-115 45.5 0.000128467
-114.5 45.5 0.000194533
-114 45.5 0.000165918
-113.5 45.5 0.000154494
-113 45.5 0.000167655
-112.5 45.5 0.00016506
-112 45.5 0.000185116
-111.5 45.5 0.000196853
-111 45.5 0.000214423
-110.5 45.5 0.000273725
-110 45.5 0.00033625
-109.5 45.5 0.000416329
-109 45.5 0.000403768
-108.5 45.5 0.000411532
-108 45.5 0.000444753
-107.5 45.5 0.00039144
-107 45.5 0.000359148
-106.5 45.5 0.000282565
-106 45.5 0.000322276
-105.5 45.5 0.000341089
-105 45.5 0.000350649
-104.5 45.5 0.000349356
-104 45.5 0.000338768
-103.5 45.5 0.000341539
-103 45.5 0.000379879
-102.5 45.5 0.000431166
-102 45.5 0.000449948
-101.5 45.5 0.000437821
-101 45.5 0.000437738
-100.5 45.5 0.000457877
-100 45.5 0.000473295
-99.5 45.5 0.000509855
-99 45.5 0.00050126
-98.5 45.5 0.000482021
-98 45.5 0.000479668
-97.5 45.5 0.000498467
-97 45.5 0.000448741
-96.5 45.5 0.000427614
-96 45.5 0.000392797
-95.5 45.5 0.000366231
-95 45.5 0.00034779
-94.5 45.5 0.000346245
-94 45.5 0.000337247
-93.5 45.5 0.000302267
-93 45.5 0.000259291
-92.5 45.5 0.000234193
-92 45.5 0.000194884
-91.5 45.5 0.000213008
-91 45.5 0.000235231
-90.5 45.5 0.000246253
-90 45.5 0.000263055
-89.5 45.5 0.000267233
-89 45.5 0.000284152
-88.5 45.5 0.000258146
-88 45.5 0.000267774
-87.5 45.5 0.000263164
-87 45.5 0.000256699
-86.5 45.5 0.00020677
-86 45.5 0.000136174
-85.5 45.5 0.000208294
-85 45.5 0.000234917
-84.5 45.5 0.000232427
-84 45.5 0.000244147
-83.5 45.5 0.000211324
-83 45.5 0.000206188
-82.5 45.5 0.000204556
-82 45.5 0.000116603
-81.5 45.5 -2.93648e-05
-81 45.5 1.20055e-05
-119 46 0.000105731
-118.5 46 0.000297014
-118 46 0.000220527
-117.5 46 0.000219674
-117 46 -3.56941e-05
-116.5 46 0.000167361
-116 46 0.000135149
-115.5 46 5.89011e-05
-115 46 0.000126051
-114.5 46 0.000261261
-114 46 0.000190374
-113.5 46 0.000164385
-113 46 0.000134485
-112.5 46 0.000182069
-112 46 0.000224298
-111.5 46 0.000253267
-111 46 0.000320922
-110.5 46 0.000325429
-110 46 0.000419883
-109.5 46 0.00044254
-109 46 0.00040431
-108.5 46 0.000420637
-108 46 0.000459196
-107.5 46 0.000350042
-107 46 0.00026683
-106.5 46 0.000182258
-106 46 0.000286087
-105.5 46 0.00030949
-105 46 0.000370612
-104.5 46 0.000336749
-104 46 0.000337045
-103.5 46 0.000352488
-103 46 0.00036891
-102.5 46 0.00041921
-102 46 0.000448864
-101.5 46 0.000411266
-101 46 0.000399883
-100.5 46 0.000449758
-100 46 0.000447936
-99.5 46 0.000501471
-99 46 0.000517809
-98.5 46 0.000480519
-98 46 0.000500065
-97.5 46 0.000498613
-97 46 0.000419693
-96.5 46 0.000404019
-96 46 0.000410719
-95.5 46 0.000343911
-95 46 0.000314308
-94.5 46 0.000292141
-94 46 0.000314649
-93.5 46 0.000290251
-93 46 0.000215515
-92.5 46 0.000213757
-92 46 0.000142304
-91.5 46 0.000161666
-91 46 0.000226659
-90.5 46 0.000275215
-90 46 0.000245173
-89.5 46 0.000244309
-89 46 0.000237064
-88.5 46 0.000277727
-88 46 0.00025473
-87.5 46 0.000220041
-87 46 0.000256796
-86.5 46 0.000213142
-86 46 -1.27967e-05
-85.5 46 -3.65779e-05
-85 46 0.000235319
-84.5 46 0.000316286
-84 46 0.000276969
-83.5 46 0.000224482
-83 46 0.000310088
-82.5 46 0.000265199
-82 46 0.000177188
-81.5 46 -1.32603e-05
-81 46 -0.000188451
-119 46.5 2.25971e-05
-118.5 46.5 0.000225802
-118 46.5 0.000219711
-117.5 46.5 0.000166318
-117 46.5 0.000673552
-116.5 46.5 0.000276177
-116 46.5 0.000378285
-115.5 46.5 -7.9114e-05
-115 46.5 0.000106743
-114.5 46.5 0.000118852
-114 46.5 4.19746e-05
-113.5 46.5 0.000174785
-113 46.5 0.000254365
-112.5 46.5 0.000274346
-112 46.5 0.000268486
-111.5 46.5 0.00034083
-111 46.5 0.000483904
-110.5 46.5 0.00034412
-110 46.5 0.000372757
-109.5 46.5 0.000443273
-109 46.5 0.000378475
-108.5 46.5 0.000442691
-108 46.5 0.000313931
-107.5 46.5 0.000303946
-107 46.5 0.000193309
-106.5 46.5 0.000226246
-106 46.5 0.000277598
-105.5 46.5 0.000321051
-105 46.5 0.000270095
-104.5 46.5 0.000309054
-104 46.5 0.000360739
-103.5 46.5 0.000321534
-103 46.5 0.000348264
-102.5 46.5 0.000397246
-102 46.5 0.000344357
-101.5 46.5 0.000375263
-101 46.5 0.00037276
-100.5 46.5 0.000376531
-100 46.5 0.000405717
-99.5 46.5 0.00041042
-99 46.5 0.000433847
-98.5 46.5 0.000458463
-98 46.5 0.000547335
-97.5 46.5 0.000370218
-97 46.5 0.000372602
-96.5 46.5 0.000239767
-96 46.5 0.000316361
-95.5 46.5 0.000308964
-95 46.5 0.000246095
-94.5 46.5 0.000377247
-94 46.5 0.000308898
-93.5 46.5 0.000234263
-93 46.5 0.000268076
-92.5 46.5 0.000220858
-92 46.5 9.6013e-05
-91.5 46.5 0.000224683
-91 46.5 0.000226797
-90.5 46.5 0.000244303
-90 46.5 0.000268529
-89.5 46.5 0.000218867
-89 46.5 0.00024813
-88.5 46.5 0.000314168
-88 46.5 0.000247444
-87.5 46.5 0.000301222
-87 46.5 0.000538644
-86.5 46.5 0.000268983
-86 46.5 0.000390285
-85.5 46.5 0.000485834
-85 46.5 0.000289799
-84.5 46.5 0.000403812
-84 46.5 4.64913e-05
-83.5 46.5 0.000195671
-83 46.5 0.000128304
-82.5 46.5 0.000429097
-82 46.5 0.000274721
-81.5 46.5 0.000240656
-81 46.5 0.000163262
-119 47 0.000140981
-118.5 47 0.000223664
-118 47 0.000233153
-117.5 47 0.000186879
-117 47 0.000327493
-116.5 47 0.000243398
-116 47 0.000205077
-115.5 47 0.000123656
-115 47 0.000138421
-114.5 47 0.000148223
-114 47 0.000158343
-113.5 47 0.000200359
-113 47 0.00025285
-112.5 47 0.000294902
-112 47 0.000283243
-111.5 47 0.000321114
-111 47 0.000367081
-110.5 47 0.000304798
-110 47 0.000288144
-109.5 47 0.000326305
-109 47 0.000313312
-108.5 47 0.000311209
-108 47 0.000295105
-107.5 47 0.000289331
-107 47 0.000264864
-106.5 47 0.000260429
-106 47 0.000275998
-105.5 47 0.000289738
-105 47 0.000264749
-104.5 47 0.000272801
-104 47 0.000277294
-103.5 47 0.000262048
-103 47 0.000322066
-102.5 47 0.000367917
-102 47 0.000392808
-101.5 47 0.00034915
-101 47 0.000295524
-100.5 47 0.000343631
-100 47 0.000370984
-99.5 47 0.000392902
-99 47 0.000385865
-98.5 47 0.000418164
-98 47 0.000442173
-97.5 47 0.000405752
-97 47 0.00036403
-96.5 47 0.000297137
-96 47 0.000265934
-95.5 47 0.000291881
-95 47 0.00028824
-94.5 47 0.000305689
-94 47 0.000307893
-93.5 47 0.000294907
-93 47 0.000278755
-92.5 47 0.000252188
-92 47 0.000224228
-91.5 47 0.000231009
-91 47 0.000225186
-90.5 47 0.000190182
-90 47 0.000144434
-89.5 47 0.000170896
-89 47 0.000162706
-88.5 47 0.000201639
-88 47 0.000205307
-87.5 47 0.000206147
-87 47 0.000264431
-86.5 47 0.000201828
-86 47 0.000226528
-85.5 47 0.000309999
-85 47 0.000251232
-84.5 47 0.000273166
-84 47 0.000244439
-83.5 47 0.000214796
-83 47 0.000290221
-82.5 47 0.000431333
-82 47 0.000336707
-81.5 47 0.000343389
-81 47 0.000446279
-119 47.5 0.00018132
-118.5 47.5 0.0002361
-118 47.5 0.000257058
-117.5 47.5 8.9093e-05
-117 47.5 0.000106751
-116.5 47.5 0.000194056
-116 47.5 5.63181e-05
-115.5 47.5 0.000274408
-115 47.5 0.00017003
-114.5 47.5 0.000172803
-114 47.5 0.000256203
-113.5 47.5 0.000221369
-113 47.5 0.00026438
-112.5 47.5 0.000356094
-112 47.5 0.000277745
-111.5 47.5 0.000309257
-111 47.5 0.000324403
-110.5 47.5 0.000247965
-110 47.5 0.000177076
-109.5 47.5 0.000243617
-109 47.5 0.00024683
-108.5 47.5 0.000184073
-108 47.5 0.000266208
-107.5 47.5 0.00028192
-107 47.5 0.000324042
-106.5 47.5 0.000282697
-106 47.5 0.000272862
-105.5 47.5 0.000275082
-105 47.5 0.000235359
-104.5 47.5 0.000237571
-104 47.5 0.000203371
-103.5 47.5 0.00015333
-103 47.5 0.000299986
-102.5 47.5 0.000346357
-102 47.5 0.000479047
-101.5 47.5 0.000325686
-101 47.5 0.000155145
-100.5 47.5 0.00032255
-100 47.5 0.000337817
-99.5 47.5 0.000387519
-99 47.5 0.000310119
-98.5 47.5 0.000379685
-98 47.5 0.000364856
-97.5 47.5 0.000439706
-97 47.5 0.00036324
-96.5 47.5 0.000327324
-96 47.5 0.000171804
-95.5 47.5 0.00028562
-95 47.5 0.000313547
-94.5 47.5 0.000235606
-94 47.5 0.000312965
-93.5 47.5 0.000355679
-93 47.5 0.000289909
-92.5 47.5 0.000279272
-92 47.5 0.000329279
-91.5 47.5 0.000235152
-91 47.5 0.00023003
-90.5 47.5 0.000131974
-90 47.5 -3.67395e-05
-89.5 47.5 0.000136483
-89 47.5 4.69424e-05
-88.5 47.5 0.00010648
-88 47.5 0.000166662
-87.5 47.5 8.64079e-05
-87 47.5 7.66499e-05
-86.5 47.5 0.000111079
-86 47.5 5.47243e-05
-85.5 47.5 0.000243548
-85 47.5 0.000194733
-84.5 47.5 0.000199115
-84 47.5 0.00047966
-83.5 47.5 0.000193118
-83 47.5 0.000435797
-82.5 47.5 0.000589072
-82 47.5 0.000361422
-81.5 47.5 0.000419473
-81 47.5 0.000914984
-119 48 0.00063737
-118.5 48 0.000985225
-118 48 0.000312771
-117.5 48 0.000442694
-117 48 0.000376759
-116.5 48 0.00020186
-116 48 0.000234229
-115.5 48 0.000355673
-115 48 0.000169311
-114.5 48 0.000122675
-114 48 0.000257881
-113.5 48 0.000219648
-113 48 0.000272233
-112.5 48 0.00030038
-112 48 0.000238392
-111.5 48 0.000154502
-111 48 0.000138785
-110.5 48 0.000193529
-110 48 5.47231e-05
-109.5 48 0.000164423
-109 48 0.000200285
-108.5 48 0.000197152
-108 48 0.000290635
-107.5 48 0.000266503
-107 48 0.000335002
-106.5 48 0.000362536
-106 48 0.000262654
-105.5 48 0.000255089
-105 48 0.000233292
-104.5 48 0.000213808
-104 48 0.000213952
-103.5 48 0.000298723
-103 48 0.00030308
-102.5 48 0.000389322
-102 48 0.000461788
-101.5 48 0.000305149
-101 48 0.000215535
-100.5 48 0.000125728
-100 48 0.000298761
-99.5 48 0.000433802
-99 48 0.000344685
-98.5 48 0.000363004
-98 48 0.000378433
-97.5 48 0.000533241
-97 48 0.000356602
-96.5 48 0.000149036
-96 48 0.000570527
-95.5 48 0.000301556
-95 48 0.000172163
-94.5 48 0.000413032
-94 48 0.000324907
-93.5 48 0.000439344
-93 48 0.0003717
-92.5 48 0.000282819
-92 48 0.000353734
-91.5 48 0.000456907
-91 48 0.000258362
-90.5 48 0.000317561
-90 48 0.00030414
-89.5 48 0.000171805
-89 48 0.000240081
-88.5 48 0.000234433
-88 48 0.000165825
-87.5 48 0.000178049
-87 48 -0.000224458
-86.5 48 4.49234e-05
-86 48 2.97836e-05
-85.5 48 -1.7924e-05
-85 48 0.000128557
-84.5 48 0.000151418
-84 48 -0.000505552
-83.5 48 3.35692e-05
-83 48 -6.87621e-05
-82.5 48 0.000395824
-82 48 0.000290109
-81.5 48 0.000399019
-81 48 0.000146358
-119 48.5 0.000139399
-118.5 48.5 0.00026379
-118 48.5 0.000153178
-117.5 48.5 9.60261e-05
-117 48.5 0.000192577
-116.5 48.5 0.000165724
-116 48.5 0.000147163
-115.5 48.5 0.000150401
-115 48.5 0.000130314
-114.5 48.5 0.000100972
-114 48.5 0.000156635
-113.5 48.5 0.000195557
-113 48.5 0.000221602
-112.5 48.5 0.000213855
-112 48.5 0.000204053
-111.5 48.5 0.000160184
-111 48.5 0.00015939
-110.5 48.5 0.000196008
-110 48.5 0.000189798
-109.5 48.5 0.000155789
-109 48.5 0.000168578
-108.5 48.5 0.00015235
-108 48.5 0.000181722
-107.5 48.5 0.000225951
-107 48.5 0.000261936
-106.5 48.5 0.000266443
-106 48.5 0.000227332
-105.5 48.5 0.00018343
-105 48.5 0.000174511
-104.5 48.5 0.000186385
-104 48.5 0.000189382
-103.5 48.5 0.000252115
-103 48.5 0.000286458
-102.5 48.5 0.000327697
-102 48.5 0.00033282
-101.5 48.5 0.000268985
-101 48.5 0.000194554
-100.5 48.5 0.000154447
-100 48.5 0.000271981
-99.5 48.5 0.000367905
-99 48.5 0.000330113
-98.5 48.5 0.00034616
-98 48.5 0.000362815
-97.5 48.5 0.000433004
-97 48.5 0.000356131
-96.5 48.5 0.000278993
-96 48.5 0.000385317
-95.5 48.5 0.000284354
-95 48.5 0.000190864
-94.5 48.5 0.000256151
-94 48.5 0.000288228
-93.5 48.5 0.000325461
-93 48.5 0.000256106
-92.5 48.5 0.000238902
-92 48.5 0.000226195
-91.5 48.5 0.000263208
-91 48.5 0.000220884
-90.5 48.5 0.00019943
-90 48.5 0.000153677
-89.5 48.5 0.000157723
-89 48.5 0.000188733
-88.5 48.5 0.00017598
-88 48.5 0.000150389
-87.5 48.5 0.000121317
-87 48.5 -3.1781e-06
-86.5 48.5 5.37324e-05
-86 48.5 6.06424e-05
-85.5 48.5 3.23741e-05
-85 48.5 0.000109446
-84.5 48.5 0.000129076
-84 48.5 -6.90604e-05
-83.5 48.5 3.5434e-05
-83 48.5 1.80177e-06
-82.5 48.5 -8.27128e-05
-82 48.5 0.000163748
-81.5 48.5 0.000337252
-81 48.5 -3.03746e-06
-119 49 -0.000411608
-118.5 49 -0.000325068
-118 49 -2.18633e-05
-117.5 49 -0.000331553
-117 49 9.02612e-05
-116.5 49 0.000134338
-116 49 5.19284e-05
-115.5 49 -4.46257e-05
-115 49 9.61213e-05
-114.5 49 2.95208e-05
-114 49 5.95255e-05
-113.5 49 0.000175543
-113 49 0.000185125
-112.5 49 0.000120717
-112 49 0.000181081
-111.5 49 0.000133523
-111 49 0.000151379
-110.5 49 0.000215745
-110 49 0.000338781
-109.5 49 0.000116249
-109 49 0.0001492
-108.5 49 7.96487e-05
-108 49 6.04515e-05
-107.5 49 0.000187575
-107 49 0.000203108
-106.5 49 0.000191331
-106 49 0.000193415
-105.5 49 8.924e-05
-105 49 0.000102353
-104.5 49 0.000164499
-104 49 0.000132541
-103.5 49 0.000223199
-103 49 0.000267099
-102.5 49 0.000285229
-102 49 0.000238435
-101.5 49 0.000236486
-101 49 0.000151645
-100.5 49 9.19073e-05
-100 49 0.000255
-99.5 49 0.0003759
-99 49 0.000285587
-98.5 49 0.000330115
-98 49 0.000319245
-97.5 49 0.000415712
-97 49 0.000357686
-96.5 49 0.000311367
-96 49 0.000316707
-95.5 49 0.00026619
-95 49 0.00012253
-94.5 49 0.000116674
-94 49 0.000251744
-93.5 49 0.000271666
-93 49 0.000109955
-92.5 49 0.000193369
-92 49 6.95307e-05
-91.5 49 0.00011433
-91 49 0.000179771
-90.5 49 0.000101684
-90 49 -1.85544e-05
-89.5 49 0.000137739
-89 49 0.000166528
-88.5 49 0.00012759
-88 49 0.000142348
-87.5 49 0.000112726
-87 49 0.000111879
-86.5 49 8.24334e-05
-86 49 0.000107014
-85.5 49 1.7442e-05
-85 49 0.000109223
-84.5 49 0.000205286
-84 49 0.00017589
-83.5 49 8.17077e-05
-83 49 7.65112e-05
-82.5 49 -0.000788204
-82 49 5.40282e-05
-81.5 49 0.000544839
-81 49 -0.000425186
