-119 25 3.75682
-118.5 25 3.74101
-118 25 3.77174
-117.5 25 3.79088
-117 25 3.79355
-116.5 25 3.79743
-116 25 3.80115
-115.5 25 3.80218
-115 25 3.80448
-114.5 25 3.80684
-114 25 3.80814
-113.5 25 3.81248
-113 25 3.81562
-112.5 25 3.81569
-112 25 3.82713
-111.5 25 3.8327
-111 25 3.83293
-110.5 25 3.83178
-110 25 3.82757
-109.5 25 3.82105
-109 25 3.83105
-108.5 25 3.83802
-108 25 3.84185
-107.5 25 3.84202
-107 25 3.8349
-106.5 25 3.82462
-106 25 3.81782
-105.5 25 3.81578
-105 25 3.81506
-104.5 25 3.81772
-104 25 3.81603
-103.5 25 3.81809
-103 25 3.81679
-102.5 25 3.81548
-102 25 3.8193
-101.5 25 3.82273
-101 25 3.82619
-100.5 25 3.83026
-100 25 3.81641
-99.5 25 3.80329
-99 25 3.81493
-98.5 25 3.85518
-98 25 3.89898
-97.5 25 3.89222
-97 25 3.86261
-96.5 25 3.83403
-96 25 3.82224
-95.5 25 3.82155
-95 25 3.83302
-94.5 25 3.84937
-94 25 3.84515
-93.5 25 3.84703
-93 25 3.84682
-92.5 25 3.84434
-92 25 3.83788
-91.5 25 3.84252
-91 25 3.8424
-90.5 25 3.83741
-90 25 3.83073
-89.5 25 3.82994
-89 25 3.82709
-88.5 25 3.82486
-88 25 3.82748
-87.5 25 3.82762
-87 25 3.83251
-86.5 25 3.82823
-86 25 3.82223
-85.5 25 3.81453
-85 25 3.80894
-84.5 25 3.80829
-84 25 3.81412
-83.5 25 3.81536
-83 25 3.8037
-82.5 25 3.79763
-82 25 3.78928
-81.5 25 3.80526
-81 25 3.81846
-119 25.5 3.73167
-118.5 25.5 3.74556
-118 25.5 3.77911
-117.5 25.5 3.79115
-117 25.5 3.79364
-116.5 25.5 3.7975
-116 25.5 3.797
-115.5 25.5 3.79923
-115 25.5 3.80076
-114.5 25.5 3.79987
-114 25.5 3.80183
-113.5 25.5 3.80372
-113 25.5 3.79941
-112.5 25.5 3.80414
-112 25.5 3.81548
-111.5 25.5 3.81543
-111 25.5 3.81547
-110.5 25.5 3.81419
-110 25.5 3.80766
-109.5 25.5 3.81338
-109 25.5 3.82385
-108.5 25.5 3.82452
-108 25.5 3.82357
-107.5 25.5 3.81705
-107 25.5 3.80565
-106.5 25.5 3.80059
-106 25.5 3.80365
-105.5 25.5 3.80968
-105 25.5 3.81676
-104.5 25.5 3.8172
-104 25.5 3.81287
-103.5 25.5 3.80957
-103 25.5 3.80459
-102.5 25.5 3.80199
-102 25.5 3.81066
-101.5 25.5 3.81682
-101 25.5 3.82215
-100.5 25.5 3.82556
-100 25.5 3.81927
-99.5 25.5 3.81286
-99 25.5 3.80812
-98.5 25.5 3.82
-98 25.5 3.84427
-97.5 25.5 3.85917
-97 25.5 3.85101
-96.5 25.5 3.83563
-96 25.5 3.82033
-95.5 25.5 3.80812
-95 25.5 3.80339
-94.5 25.5 3.812
-94 25.5 3.81407
-93.5 25.5 3.81489
-93 25.5 3.8246
-92.5 25.5 3.82899
-92 25.5 3.82764
-91.5 25.5 3.82696
-91 25.5 3.83241
-90.5 25.5 3.83107
-90 25.5 3.82376
-89.5 25.5 3.81887
-89 25.5 3.81791
-88.5 25.5 3.81643
-88 25.5 3.8168
-87.5 25.5 3.81717
-87 25.5 3.82058
-86.5 25.5 3.82334
-86 25.5 3.81737
-85.5 25.5 3.80971
-85 25.5 3.80446
-84.5 25.5 3.80302
-84 25.5 3.8041
-83.5 25.5 3.8088
-83 25.5 3.79916
-82.5 25.5 3.7975
-82 25.5 3.7975
-81.5 25.5 3.80154
-81 25.5 3.81248
-119 26 3.74609
-118.5 26 3.76409
-118 26 3.79354
-117.5 26 3.80872
-117 26 3.81047
-116.5 26 3.80638
-116 26 3.80525
-115.5 26 3.80633
-115 26 3.80458
-114.5 26 3.80369
-114 26 3.80431
-113.5 26 3.80153
-113 26 3.79879
-112.5 26 3.80711
-112 26 3.80938
-111.5 26 3.8081
-111 26 3.80903
-110.5 26 3.80673
-110 26 3.80553
-109.5 26 3.81752
-109 26 3.81707
-108.5 26 3.81279
-108 26 3.80941
-107.5 26 3.80218
-107 26 3.79406
-106.5 26 3.79378
-106 26 3.79968
-105.5 26 3.80948
-105 26 3.8207
-104.5 26 3.82113
-104 26 3.81649
-103.5 26 3.80855
-103 26 3.80097
-102.5 26 3.79721
-102 26 3.79918
-101.5 26 3.80866
-101 26 3.81336
-100.5 26 3.81201
-100 26 3.81883
-99.5 26 3.82175
-99 26 3.81315
-98.5 26 3.78
-98 26 3.76117
-97.5 26 3.78582
-97 26 3.81572
-96.5 26 3.83197
-96 26 3.81773
-95.5 26 3.80208
-95 26 3.78756
-94.5 26 3.77224
-94 26 3.78115
-93.5 26 3.78851
-93 26 3.80367
-92.5 26 3.81101
-92 26 3.81305
-91.5 26 3.81409
-91 26 3.82247
-90.5 26 3.82779
-90 26 3.82918
-89.5 26 3.8199
-89 26 3.81378
-88.5 26 3.81609
-88 26 3.8147
-87.5 26 3.81814
-87 26 3.81532
-86.5 26 3.81792
-86 26 3.81611
-85.5 26 3.81439
-85 26 3.81209
-84.5 26 3.81314
-84 26 3.8075
-83.5 26 3.80659
-83 26 3.80419
-82.5 26 3.80033
-82 26 3.80261
-81.5 26 3.80267
-81 26 3.81834
-119 26.5 3.76064
-118.5 26.5 3.77168
-118 26.5 3.8063
-117.5 26.5 3.81829
-117 26.5 3.81345
-116.5 26.5 3.80795
-116 26.5 3.8098
-115.5 26.5 3.8092
-115 26.5 3.80879
-114.5 26.5 3.80977
-114 26.5 3.80707
-113.5 26.5 3.80446
-113 26.5 3.80425
-112.5 26.5 3.80576
-112 26.5 3.8054
-111.5 26.5 3.8056
-111 26.5 3.80565
-110.5 26.5 3.80555
-110 26.5 3.80775
-109.5 26.5 3.81091
-109 26.5 3.80837
-108.5 26.5 3.80698
-108 26.5 3.80118
-107.5 26.5 3.79803
-107 26.5 3.79511
-106.5 26.5 3.79714
-106 26.5 3.80019
-105.5 26.5 3.80861
-105 26.5 3.82232
-104.5 26.5 3.82188
-104 26.5 3.81899
-103.5 26.5 3.80987
-103 26.5 3.80149
-102.5 26.5 3.79894
-102 26.5 3.80371
-101.5 26.5 3.81304
-101 26.5 3.82167
-100.5 26.5 3.82577
-100 26.5 3.81657
-99.5 26.5 3.79851
-99 26.5 3.76854
-98.5 26.5 3.74198
-98 26.5 3.7275
-97.5 26.5 3.75114
-97 26.5 3.78935
-96.5 26.5 3.81744
-96 26.5 3.81453
-95.5 26.5 3.80655
-95 26.5 3.79187
-94.5 26.5 3.77557
-94 26.5 3.78129
-93.5 26.5 3.79081
-93 26.5 3.79791
-92.5 26.5 3.79639
-92 26.5 3.79336
-91.5 26.5 3.79908
-91 26.5 3.80935
-90.5 26.5 3.81653
-90 26.5 3.81965
-89.5 26.5 3.8152
-89 26.5 3.80178
-88.5 26.5 3.79759
-88 26.5 3.80097
-87.5 26.5 3.8108
-87 26.5 3.81598
-86.5 26.5 3.81609
-86 26.5 3.81217
-85.5 26.5 3.81755
-85 26.5 3.8186
-84.5 26.5 3.82386
-84 26.5 3.81262
-83.5 26.5 3.80656
-83 26.5 3.80848
-82.5 26.5 3.81421
-82 26.5 3.81884
-81.5 26.5 3.80822
-81 26.5 3.81325
-119 27 3.76951
-118.5 27 3.7822
-118 27 3.81595
-117.5 27 3.81831
-117 27 3.8101
-116.5 27 3.80738
-116 27 3.8092
-115.5 27 3.80971
-115 27 3.81352
-114.5 27 3.81243
-114 27 3.8104
-113.5 27 3.81042
-113 27 3.80774
-112.5 27 3.80617
-112 27 3.80536
-111.5 27 3.80674
-111 27 3.80784
-110.5 27 3.80921
-110 27 3.80767
-109.5 27 3.80544
-109 27 3.80491
-108.5 27 3.80528
-108 27 3.80569
-107.5 27 3.80462
-107 27 3.80097
-106.5 27 3.7972
-106 27 3.79834
-105.5 27 3.80541
-105 27 3.81161
-104.5 27 3.81434
-104 27 3.81677
-103.5 27 3.80564
-103 27 3.79821
-102.5 27 3.79692
-102 27 3.80496
-101.5 27 3.81637
-101 27 3.82842
-100.5 27 3.82858
-100 27 3.81062
-99.5 27 3.78414
-99 27 3.74356
-98.5 27 3.72625
-98 27 3.72163
-97.5 27 3.74296
-97 27 3.78194
-96.5 27 3.82277
-96 27 3.84843
-95.5 27 3.83735
-95 27 3.82445
-94.5 27 3.80943
-94 27 3.79775
-93.5 27 3.79404
-93 27 3.78767
-92.5 27 3.78242
-92 27 3.77299
-91.5 27 3.77443
-91 27 3.78958
-90.5 27 3.80156
-90 27 3.81145
-89.5 27 3.81557
-89 27 3.80445
-88.5 27 3.78541
-88 27 3.78244
-87.5 27 3.7919
-87 27 3.80839
-86.5 27 3.81485
-86 27 3.80786
-85.5 27 3.81114
-85 27 3.81985
-84.5 27 3.82897
-84 27 3.82464
-83.5 27 3.80853
-83 27 3.8144
-82.5 27 3.82821
-82 27 3.84692
-81.5 27 3.84538
-81 27 3.83642
-119 27.5 3.78116
-118.5 27.5 3.78402
-118 27.5 3.80949
-117.5 27.5 3.81425
-117 27.5 3.81159
-116.5 27.5 3.81086
-116 27.5 3.8109
-115.5 27.5 3.81199
-115 27.5 3.81407
-114.5 27.5 3.81412
-114 27.5 3.81557
-113.5 27.5 3.81306
-113 27.5 3.81057
-112.5 27.5 3.80986
-112 27.5 3.80639
-111.5 27.5 3.8078
-111 27.5 3.80984
-110.5 27.5 3.81052
-110 27.5 3.80791
-109.5 27.5 3.80642
-109 27.5 3.80517
-108.5 27.5 3.80721
-108 27.5 3.8144
-107.5 27.5 3.80817
-107 27.5 3.80196
-106.5 27.5 3.79699
-106 27.5 3.79941
-105.5 27.5 3.80075
-105 27.5 3.79625
-104.5 27.5 3.80417
-104 27.5 3.80845
-103.5 27.5 3.79702
-103 27.5 3.78982
-102.5 27.5 3.78677
-102 27.5 3.79194
-101.5 27.5 3.80824
-101 27.5 3.82067
-100.5 27.5 3.81518
-100 27.5 3.80046
-99.5 27.5 3.78097
-99 27.5 3.75398
-98.5 27.5 3.73993
-98 27.5 3.7401
-97.5 27.5 3.75231
-97 27.5 3.78153
-96.5 27.5 3.8199
-96 27.5 3.86945
-95.5 27.5 3.85963
-95 27.5 3.85686
-94.5 27.5 3.84656
-94 27.5 3.82624
-93.5 27.5 3.80607
-93 27.5 3.78177
-92.5 27.5 3.77739
-92 27.5 3.76725
-91.5 27.5 3.76588
-91 27.5 3.77978
-90.5 27.5 3.79158
-90 27.5 3.80951
-89.5 27.5 3.82253
-89 27.5 3.8221
-88.5 27.5 3.7985
-88 27.5 3.78614
-87.5 27.5 3.78548
-87 27.5 3.79807
-86.5 27.5 3.8071
-86 27.5 3.80584
-85.5 27.5 3.80663
-85 27.5 3.81474
-84.5 27.5 3.82097
-84 27.5 3.83031
-83.5 27.5 3.82362
-83 27.5 3.83048
-82.5 27.5 3.83987
-82 27.5 3.86388
-81.5 27.5 3.88139
-81 27.5 3.88718
-119 28 3.77752
-118.5 28 3.77063
-118 28 3.80716
-117.5 28 3.81616
-117 28 3.82039
-116.5 28 3.81706
-116 28 3.81341
-115.5 28 3.81302
-115 28 3.81544
-114.5 28 3.81756
-114 28 3.81612
-113.5 28 3.8136
-113 28 3.8145
-112.5 28 3.80959
-112 28 3.80284
-111.5 28 3.80436
-111 28 3.80907
-110.5 28 3.81204
-110 28 3.81122
-109.5 28 3.81007
-109 28 3.80581
-108.5 28 3.80741
-108 28 3.80931
-107.5 28 3.80653
-107 28 3.80811
-106.5 28 3.81024
-106 28 3.80591
-105.5 28 3.79866
-105 28 3.79146
-104.5 28 3.79511
-104 28 3.79527
-103.5 28 3.79
-103 28 3.78214
-102.5 28 3.77578
-102 28 3.77605
-101.5 28 3.79626
-101 28 3.80797
-100.5 28 3.7905
-100 28 3.78858
-99.5 28 3.7844
-99 28 3.76671
-98.5 28 3.76433
-98 28 3.76587
-97.5 28 3.76706
-97 28 3.7769
-96.5 28 3.78333
-96 28 3.78202
-95.5 28 3.81342
-95 28 3.83762
-94.5 28 3.85
-94 28 3.84851
-93.5 28 3.84645
-93 28 3.82428
-92.5 28 3.81224
-92 28 3.80175
-91.5 28 3.79561
-91 28 3.79713
-90.5 28 3.79649
-90 28 3.81561
-89.5 28 3.83309
-89 28 3.84823
-88.5 28 3.83209
-88 28 3.80933
-87.5 28 3.80035
-87 28 3.79935
-86.5 28 3.80608
-86 28 3.80206
-85.5 28 3.8043
-85 28 3.81233
-84.5 28 3.81531
-84 28 3.8272
-83.5 28 3.83252
-83 28 3.85007
-82.5 28 3.85701
-82 28 3.87944
-81.5 28 3.90694
-81 28 3.92568
-119 28.5 3.76666
-118.5 28.5 3.77222
-118 28.5 3.81071
-117.5 28.5 3.82505
-117 28.5 3.82715
-116.5 28.5 3.81943
-116 28.5 3.81669
-115.5 28.5 3.81636
-115 28.5 3.81614
-114.5 28.5 3.81489
-114 28.5 3.81117
-113.5 28.5 3.81186
-113 28.5 3.81072
-112.5 28.5 3.80221
-112 28.5 3.79861
-111.5 28.5 3.80314
-111 28.5 3.80889
-110.5 28.5 3.81272
-110 28.5 3.81438
-109.5 28.5 3.81011
-109 28.5 3.80528
-108.5 28.5 3.8068
-108 28.5 3.80532
-107.5 28.5 3.8093
-107 28.5 3.81537
-106.5 28.5 3.81368
-106 28.5 3.80254
-105.5 28.5 3.78932
-105 28.5 3.78149
-104.5 28.5 3.78153
-104 28.5 3.77894
-103.5 28.5 3.77955
-103 28.5 3.77371
-102.5 28.5 3.77279
-102 28.5 3.77905
-101.5 28.5 3.78992
-101 28.5 3.78901
-100.5 28.5 3.77857
-100 28.5 3.78881
-99.5 28.5 3.79767
-99 28.5 3.80106
-98.5 28.5 3.80507
-98 28.5 3.81002
-97.5 28.5 3.80509
-97 28.5 3.78843
-96.5 28.5 3.77309
-96 28.5 3.7433
-95.5 28.5 3.76257
-95 28.5 3.79391
-94.5 28.5 3.82717
-94 28.5 3.84372
-93.5 28.5 3.86648
-93 28.5 3.87603
-92.5 28.5 3.86107
-92 28.5 3.85612
-91.5 28.5 3.84416
-91 28.5 3.83283
-90.5 28.5 3.81299
-90 28.5 3.80987
-89.5 28.5 3.82658
-89 28.5 3.84928
-88.5 28.5 3.8575
-88 28.5 3.83935
-87.5 28.5 3.82767
-87 28.5 3.81799
-86.5 28.5 3.81367
-86 28.5 3.80927
-85.5 28.5 3.80281
-85 28.5 3.80672
-84.5 28.5 3.80475
-84 28.5 3.8193
-83.5 28.5 3.84203
-83 28.5 3.86901
-82.5 28.5 3.88272
-82 28.5 3.89283
-81.5 28.5 3.93142
-81 28.5 3.96295
-119 29 3.77733
-118.5 29 3.78649
-118 29 3.80526
-117.5 29 3.81754
-117 29 3.81886
-116.5 29 3.82294
-116 29 3.82261
-115.5 29 3.81982
-115 29 3.81498
-114.5 29 3.80963
-114 29 3.80619
-113.5 29 3.80658
-113 29 3.80481
-112.5 29 3.80124
-112 29 3.80164
-111.5 29 3.80629
-111 29 3.80919
-110.5 29 3.81342
-110 29 3.81333
-109.5 29 3.80914
-109 29 3.80823
-108.5 29 3.80833
-108 29 3.80545
-107.5 29 3.81012
-107 29 3.81138
-106.5 29 3.80461
-106 29 3.7937
-105.5 29 3.77815
-105 29 3.76801
-104.5 29 3.76684
-104 29 3.76354
-103.5 29 3.76235
-103 29 3.76028
-102.5 29 3.769
-102 29 3.77883
-101.5 29 3.78603
-101 29 3.78789
-100.5 29 3.79576
-100 29 3.80699
-99.5 29 3.81836
-99 29 3.83487
-98.5 29 3.84275
-98 29 3.84931
-97.5 29 3.84439
-97 29 3.81549
-96.5 29 3.79035
-96 29 3.78167
-95.5 29 3.76926
-95 29 3.7764
-94.5 29 3.79659
-94 29 3.81
-93.5 29 3.83315
-93 29 3.86322
-92.5 29 3.8594
-92 29 3.86783
-91.5 29 3.86459
-91 29 3.84716
-90.5 29 3.82263
-90 29 3.79951
-89.5 29 3.80459
-89 29 3.82635
-88.5 29 3.84693
-88 29 3.84552
-87.5 29 3.83854
-87 29 3.83738
-86.5 29 3.83279
-86 29 3.83148
-85.5 29 3.81513
-85 29 3.80871
-84.5 29 3.8036
-84 29 3.81774
-83.5 29 3.84979
-83 29 3.87414
-82.5 29 3.89418
-82 29 3.90607
-81.5 29 3.94929
-81 29 3.99223
-119 29.5 3.78452
-118.5 29.5 3.78203
-118 29.5 3.79021
-117.5 29.5 3.80327
-117 29.5 3.81498
-116.5 29.5 3.82709
-116 29.5 3.82423
-115.5 29.5 3.82378
-115 29.5 3.8143
-114.5 29.5 3.80774
-114 29.5 3.80373
-113.5 29.5 3.80697
-113 29.5 3.80518
-112.5 29.5 3.80313
-112 29.5 3.8081
-111.5 29.5 3.81323
-111 29.5 3.81609
-110.5 29.5 3.81573
-110 29.5 3.81318
-109.5 29.5 3.81116
-109 29.5 3.81171
-108.5 29.5 3.80855
-108 29.5 3.80992
-107.5 29.5 3.81382
-107 29.5 3.80917
-106.5 29.5 3.80546
-106 29.5 3.79197
-105.5 29.5 3.77494
-105 29.5 3.76289
-104.5 29.5 3.75235
-104 29.5 3.73729
-103.5 29.5 3.72714
-103 29.5 3.73004
-102.5 29.5 3.74365
-102 29.5 3.76005
-101.5 29.5 3.78086
-101 29.5 3.79836
-100.5 29.5 3.81843
-100 29.5 3.83222
-99.5 29.5 3.8473
-99 29.5 3.85566
-98.5 29.5 3.86041
-98 29.5 3.85864
-97.5 29.5 3.84806
-97 29.5 3.83333
-96.5 29.5 3.81666
-96 29.5 3.79414
-95.5 29.5 3.77935
-95 29.5 3.77346
-94.5 29.5 3.7601
-94 29.5 3.76322
-93.5 29.5 3.75561
-93 29.5 3.76596
-92.5 29.5 3.78659
-92 29.5 3.80047
-91.5 29.5 3.81952
-91 29.5 3.82528
-90.5 29.5 3.80313
-90 29.5 3.7783
-89.5 29.5 3.77576
-89 29.5 3.78828
-88.5 29.5 3.82363
-88 29.5 3.83739
-87.5 29.5 3.83734
-87 29.5 3.84522
-86.5 29.5 3.84478
-86 29.5 3.85302
-85.5 29.5 3.83585
-85 29.5 3.82571
-84.5 29.5 3.81634
-84 29.5 3.83154
-83.5 29.5 3.86897
-83 29.5 3.89544
-82.5 29.5 3.90199
-82 29.5 3.89843
-81.5 29.5 3.94121
-81 29.5 3.98994
-119 30 3.77951
-118.5 30 3.77262
-118 30 3.78006
-117.5 30 3.79187
-117 30 3.80687
-116.5 30 3.8192
-116 30 3.82592
-115.5 30 3.82493
-115 30 3.81195
-114.5 30 3.80777
-114 30 3.81249
-113.5 30 3.81687
-113 30 3.81365
-112.5 30 3.81591
-112 30 3.82409
-111.5 30 3.82275
-111 30 3.81654
-110.5 30 3.8095
-110 30 3.81055
-109.5 30 3.81331
-109 30 3.81368
-108.5 30 3.81113
-108 30 3.81449
-107.5 30 3.81537
-107 30 3.8143
-106.5 30 3.80629
-106 30 3.7884
-105.5 30 3.76861
-105 30 3.75305
-104.5 30 3.72996
-104 30 3.7069
-103.5 30 3.6953
-103 30 3.70367
-102.5 30 3.72016
-102 30 3.7495
-101.5 30 3.77006
-101 30 3.78586
-100.5 30 3.81874
-100 30 3.83997
-99.5 30 3.86097
-99 30 3.87633
-98.5 30 3.87211
-98 30 3.86079
-97.5 30 3.84938
-97 30 3.8423
-96.5 30 3.8353
-96 30 3.82065
-95.5 30 3.80333
-95 30 3.80336
-94.5 30 3.79456
-94 30 3.78277
-93.5 30 3.76429
-93 30 3.73634
-92.5 30 3.73715
-92 30 3.75166
-91.5 30 3.77467
-91 30 3.79628
-90.5 30 3.79829
-90 30 3.78496
-89.5 30 3.77985
-89 30 3.77767
-88.5 30 3.79729
-88 30 3.82031
-87.5 30 3.82132
-87 30 3.8321
-86.5 30 3.85206
-86 30 3.87443
-85.5 30 3.87275
-85 30 3.85059
-84.5 30 3.84174
-84 30 3.84186
-83.5 30 3.86091
-83 30 3.87191
-82.5 30 3.89072
-82 30 3.9028
-81.5 30 3.93268
-81 30 3.97428
-119 30.5 3.76856
-118.5 30.5 3.76981
-118 30.5 3.78382
-117.5 30.5 3.79359
-117 30.5 3.80126
-116.5 30.5 3.80227
-116 30.5 3.81226
-115.5 30.5 3.81565
-115 30.5 3.81856
-114.5 30.5 3.82319
-114 30.5 3.83253
-113.5 30.5 3.83112
-113 30.5 3.82765
-112.5 30.5 3.82647
-112 30.5 3.83096
-111.5 30.5 3.82306
-111 30.5 3.81144
-110.5 30.5 3.80269
-110 30.5 3.80255
-109.5 30.5 3.80026
-109 30.5 3.79811
-108.5 30.5 3.80087
-108 30.5 3.80262
-107.5 30.5 3.80869
-107 30.5 3.80984
-106.5 30.5 3.79381
-106 30.5 3.7761
-105.5 30.5 3.75135
-105 30.5 3.72943
-104.5 30.5 3.70711
-104 30.5 3.69118
-103.5 30.5 3.68677
-103 30.5 3.69497
-102.5 30.5 3.71463
-102 30.5 3.74325
-101.5 30.5 3.76072
-101 30.5 3.77047
-100.5 30.5 3.80382
-100 30.5 3.83101
-99.5 30.5 3.85578
-99 30.5 3.8818
-98.5 30.5 3.88113
-98 30.5 3.87185
-97.5 30.5 3.86702
-97 30.5 3.85845
-96.5 30.5 3.84966
-96 30.5 3.84469
-95.5 30.5 3.83296
-95 30.5 3.838
-94.5 30.5 3.86231
-94 30.5 3.84833
-93.5 30.5 3.83589
-93 30.5 3.8029
-92.5 30.5 3.76975
-92 30.5 3.76612
-91.5 30.5 3.78356
-91 30.5 3.79677
-90.5 30.5 3.80221
-90 30.5 3.8119
-89.5 30.5 3.81066
-89 30.5 3.81085
-88.5 30.5 3.81142
-88 30.5 3.8236
-87.5 30.5 3.82704
-87 30.5 3.82463
-86.5 30.5 3.8477
-86 30.5 3.87123
-85.5 30.5 3.89139
-85 30.5 3.87597
-84.5 30.5 3.86733
-84 30.5 3.86169
-83.5 30.5 3.86378
-83 30.5 3.86232
-82.5 30.5 3.86442
-82 30.5 3.88894
-81.5 30.5 3.91759
-81 30.5 3.95407
-119 31 3.77704
-118.5 31 3.78624
-118 31 3.79592
-117.5 31 3.79066
-117 31 3.77944
-116.5 31 3.78115
-116 31 3.80212
-115.5 31 3.81846
-115 31 3.83037
-114.5 31 3.83909
-114 31 3.84411
-113.5 31 3.83763
-113 31 3.83331
-112.5 31 3.83219
-112 31 3.83598
-111.5 31 3.82143
-111 31 3.79731
-110.5 31 3.78145
-110 31 3.76729
-109.5 31 3.75349
-109 31 3.76317
-108.5 31 3.77031
-108 31 3.77711
-107.5 31 3.78792
-107 31 3.7925
-106.5 31 3.7836
-106 31 3.75799
-105.5 31 3.7288
-105 31 3.69399
-104.5 31 3.68477
-104 31 3.67782
-103.5 31 3.67763
-103 31 3.6982
-102.5 31 3.72836
-102 31 3.7596
-101.5 31 3.7712
-101 31 3.77348
-100.5 31 3.79543
-100 31 3.82348
-99.5 31 3.85304
-99 31 3.88075
-98.5 31 3.88451
-98 31 3.88323
-97.5 31 3.88418
-97 31 3.87356
-96.5 31 3.8659
-96 31 3.85433
-95.5 31 3.84711
-95 31 3.85248
-94.5 31 3.86752
-94 31 3.87375
-93.5 31 3.8691
-93 31 3.83995
-92.5 31 3.80368
-92 31 3.78536
-91.5 31 3.79386
-91 31 3.80514
-90.5 31 3.80202
-90 31 3.81703
-89.5 31 3.8314
-89 31 3.8356
-88.5 31 3.83546
-88 31 3.84295
-87.5 31 3.85209
-87 31 3.85067
-86.5 31 3.8599
-86 31 3.87625
-85.5 31 3.88659
-85 31 3.87842
-84.5 31 3.86816
-84 31 3.86827
-83.5 31 3.8738
-83 31 3.87633
-82.5 31 3.8813
-82 31 3.90273
-81.5 31 3.93694
-81 31 3.95852
-119 31.5 3.79706
-118.5 31.5 3.79845
-118 31.5 3.79231
-117.5 31.5 3.78934
-117 31.5 3.79849
-116.5 31.5 3.80672
-116 31.5 3.81183
-115.5 31.5 3.81971
-115 31.5 3.832
-114.5 31.5 3.83628
-114 31.5 3.8326
-113.5 31.5 3.83054
-113 31.5 3.82375
-112.5 31.5 3.82272
-112 31.5 3.82443
-111.5 31.5 3.80549
-111 31.5 3.78115
-110.5 31.5 3.76149
-110 31.5 3.73744
-109.5 31.5 3.73375
-109 31.5 3.74391
-108.5 31.5 3.73472
-108 31.5 3.73357
-107.5 31.5 3.74499
-107 31.5 3.74748
-106.5 31.5 3.7307
-106 31.5 3.70981
-105.5 31.5 3.69031
-105 31.5 3.68323
-104.5 31.5 3.68807
-104 31.5 3.68297
-103.5 31.5 3.69213
-103 31.5 3.72339
-102.5 31.5 3.7576
-102 31.5 3.78799
-101.5 31.5 3.79296
-101 31.5 3.79312
-100.5 31.5 3.79667
-100 31.5 3.82207
-99.5 31.5 3.85046
-99 31.5 3.8678
-98.5 31.5 3.87091
-98 31.5 3.86852
-97.5 31.5 3.86924
-97 31.5 3.86953
-96.5 31.5 3.87038
-96 31.5 3.86519
-95.5 31.5 3.85018
-95 31.5 3.85061
-94.5 31.5 3.85712
-94 31.5 3.86881
-93.5 31.5 3.87735
-93 31.5 3.87079
-92.5 31.5 3.84517
-92 31.5 3.82433
-91.5 31.5 3.81662
-91 31.5 3.8211
-90.5 31.5 3.81238
-90 31.5 3.81386
-89.5 31.5 3.836
-89 31.5 3.84674
-88.5 31.5 3.85374
-88 31.5 3.85912
-87.5 31.5 3.86939
-87 31.5 3.87582
-86.5 31.5 3.87759
-86 31.5 3.88572
-85.5 31.5 3.88967
-85 31.5 3.88648
-84.5 31.5 3.87692
-84 31.5 3.87044
-83.5 31.5 3.87362
-83 31.5 3.87916
-82.5 31.5 3.89509
-82 31.5 3.92112
-81.5 31.5 3.95749
-81 31.5 3.9803
-119 32 3.81462
-118.5 32 3.80782
-118 32 3.8043
-117.5 32 3.81503
-117 32 3.8252
-116.5 32 3.82241
-116 32 3.8126
-115.5 32 3.80262
-115 32 3.80431
-114.5 32 3.80598
-114 32 3.81255
-113.5 32 3.82083
-113 32 3.81527
-112.5 32 3.81398
-112 32 3.80888
-111.5 32 3.79558
-111 32 3.78094
-110.5 32 3.76564
-110 32 3.74703
-109.5 32 3.73447
-109 32 3.71918
-108.5 32 3.69493
-108 32 3.68759
-107.5 32 3.69709
-107 32 3.68765
-106.5 32 3.67311
-106 32 3.67545
-105.5 32 3.68007
-105 32 3.70237
-104.5 32 3.70345
-104 32 3.70622
-103.5 32 3.72773
-103 32 3.75746
-102.5 32 3.78444
-102 32 3.80426
-101.5 32 3.81145
-101 32 3.81617
-100.5 32 3.81241
-100 32 3.82789
-99.5 32 3.84618
-99 32 3.84766
-98.5 32 3.84979
-98 32 3.84351
-97.5 32 3.83781
-97 32 3.84825
-96.5 32 3.85818
-96 32 3.86314
-95.5 32 3.84723
-95 32 3.84043
-94.5 32 3.84861
-94 32 3.85765
-93.5 32 3.86954
-93 32 3.88161
-92.5 32 3.87281
-92 32 3.86336
-91.5 32 3.85387
-91 32 3.84623
-90.5 32 3.83417
-90 32 3.82414
-89.5 32 3.83597
-89 32 3.84684
-88.5 32 3.86131
-88 32 3.87054
-87.5 32 3.8763
-87 32 3.87967
-86.5 32 3.88015
-86 32 3.88521
-85.5 32 3.89013
-85 32 3.89273
-84.5 32 3.89319
-84 32 3.8889
-83.5 32 3.88783
-83 32 3.88667
-82.5 32 3.89579
-82 32 3.92392
-81.5 32 3.96405
-81 32 3.99101
-119 32.5 3.81069
-118.5 32.5 3.79889
-118 32.5 3.80345
-117.5 32.5 3.82163
-117 32.5 3.82864
-116.5 32.5 3.81944
-116 32.5 3.79332
-115.5 32.5 3.77672
-115 32.5 3.77726
-114.5 32.5 3.79007
-114 32.5 3.81082
-113.5 32.5 3.82492
-113 32.5 3.81138
-112.5 32.5 3.80101
-112 32.5 3.79282
-111.5 32.5 3.788
-111 32.5 3.78337
-110.5 32.5 3.7733
-110 32.5 3.75284
-109.5 32.5 3.73264
-109 32.5 3.70629
-108.5 32.5 3.68239
-108 32.5 3.68163
-107.5 32.5 3.6848
-107 32.5 3.66592
-106.5 32.5 3.65932
-106 32.5 3.67091
-105.5 32.5 3.68646
-105 32.5 3.70945
-104.5 32.5 3.71436
-104 32.5 3.73604
-103.5 32.5 3.76876
-103 32.5 3.78594
-102.5 32.5 3.79438
-102 32.5 3.80483
-101.5 32.5 3.8129
-101 32.5 3.8225
-100.5 32.5 3.82378
-100 32.5 3.83078
-99.5 32.5 3.83966
-99 32.5 3.84277
-98.5 32.5 3.84245
-98 32.5 3.83864
-97.5 32.5 3.828
-97 32.5 3.83432
-96.5 32.5 3.84128
-96 32.5 3.83847
-95.5 32.5 3.83164
-95 32.5 3.8231
-94.5 32.5 3.82366
-94 32.5 3.83584
-93.5 32.5 3.84577
-93 32.5 3.86653
-92.5 32.5 3.87221
-92 32.5 3.874
-91.5 32.5 3.8736
-91 32.5 3.8646
-90.5 32.5 3.84823
-90 32.5 3.83292
-89.5 32.5 3.83934
-89 32.5 3.84508
-88.5 32.5 3.86329
-88 32.5 3.87758
-87.5 32.5 3.88277
-87 32.5 3.87779
-86.5 32.5 3.87185
-86 32.5 3.87327
-85.5 32.5 3.88076
-85 32.5 3.88963
-84.5 32.5 3.90321
-84 32.5 3.90976
-83.5 32.5 3.90952
-83 32.5 3.90439
-82.5 32.5 3.9037
-82 32.5 3.9232
-81.5 32.5 3.96904
-81 32.5 4.00062
-119 33 3.80132
-118.5 33 3.80734
-118 33 3.81312
-117.5 33 3.82397
-117 33 3.82189
-116.5 33 3.80289
-116 33 3.78024
-115.5 33 3.76381
-115 33 3.76293
-114.5 33 3.78493
-114 33 3.81786
-113.5 33 3.82743
-113 33 3.80821
-112.5 33 3.78982
-112 33 3.77679
-111.5 33 3.77132
-111 33 3.76567
-110.5 33 3.76181
-110 33 3.74647
-109.5 33 3.72027
-109 33 3.69528
-108.5 33 3.68637
-108 33 3.6883
-107.5 33 3.67904
-107 33 3.66242
-106.5 33 3.66383
-106 33 3.6741
-105.5 33 3.68936
-105 33 3.69882
-104.5 33 3.71393
-104 33 3.75411
-103.5 33 3.78138
-103 33 3.78456
-102.5 33 3.78147
-102 33 3.78494
-101.5 33 3.7967
-101 33 3.81079
-100.5 33 3.81898
-100 33 3.82302
-99.5 33 3.82804
-99 33 3.83582
-98.5 33 3.83669
-98 33 3.83912
-97.5 33 3.83591
-97 33 3.83232
-96.5 33 3.83484
-96 33 3.83291
-95.5 33 3.82847
-95 33 3.82573
-94.5 33 3.82102
-94 33 3.82346
-93.5 33 3.82472
-93 33 3.83462
-92.5 33 3.84557
-92 33 3.84927
-91.5 33 3.86418
-91 33 3.87464
-90.5 33 3.87156
-90 33 3.85468
-89.5 33 3.84618
-89 33 3.84757
-88.5 33 3.85974
-88 33 3.87516
-87.5 33 3.87816
-87 33 3.8728
-86.5 33 3.86058
-86 33 3.85405
-85.5 33 3.85904
-85 33 3.86964
-84.5 33 3.88834
-84 33 3.91229
-83.5 33 3.92153
-83 33 3.91045
-82.5 33 3.90657
-82 33 3.92364
-81.5 33 3.95995
-81 33 3.9997
-119 33.5 3.80711
-118.5 33.5 3.81295
-118 33.5 3.81726
-117.5 33.5 3.82033
-117 33.5 3.80722
-116.5 33.5 3.78089
-116 33.5 3.76325
-115.5 33.5 3.76019
-115 33.5 3.78077
-114.5 33.5 3.80774
-114 33.5 3.82438
-113.5 33.5 3.80593
-113 33.5 3.78253
-112.5 33.5 3.76125
-112 33.5 3.75301
-111.5 33.5 3.74314
-111 33.5 3.74193
-110.5 33.5 3.74067
-110 33.5 3.72747
-109.5 33.5 3.71005
-109 33.5 3.69852
-108.5 33.5 3.6931
-108 33.5 3.68045
-107.5 33.5 3.66403
-107 33.5 3.65477
-106.5 33.5 3.65708
-106 33.5 3.66729
-105.5 33.5 3.6762
-105 33.5 3.6824
-104.5 33.5 3.70823
-104 33.5 3.74266
-103.5 33.5 3.75985
-103 33.5 3.76827
-102.5 33.5 3.7667
-102 33.5 3.76803
-101.5 33.5 3.78016
-101 33.5 3.79256
-100.5 33.5 3.80259
-100 33.5 3.80879
-99.5 33.5 3.81482
-99 33.5 3.82153
-98.5 33.5 3.82643
-98 33.5 3.83359
-97.5 33.5 3.84492
-97 33.5 3.83971
-96.5 33.5 3.83723
-96 33.5 3.84347
-95.5 33.5 3.84223
-95 33.5 3.8437
-94.5 33.5 3.84299
-94 33.5 3.83646
-93.5 33.5 3.83221
-93 33.5 3.82768
-92.5 33.5 3.83192
-92 33.5 3.82973
-91.5 33.5 3.8393
-91 33.5 3.86049
-90.5 33.5 3.8744
-90 33.5 3.87803
-89.5 33.5 3.86991
-89 33.5 3.86913
-88.5 33.5 3.87161
-88 33.5 3.87778
-87.5 33.5 3.87084
-87 33.5 3.862
-86.5 33.5 3.8507
-86 33.5 3.83967
-85.5 33.5 3.83778
-85 33.5 3.84608
-84.5 33.5 3.86484
-84 33.5 3.89181
-83.5 33.5 3.91003
-83 33.5 3.91104
-82.5 33.5 3.90716
-82 33.5 3.92256
-81.5 33.5 3.95128
-81 33.5 3.98184
-119 34 3.8031
-118.5 34 3.80977
-118 34 3.80869
-117.5 34 3.80505
-117 34 3.78555
-116.5 34 3.76132
-116 34 3.75617
-115.5 34 3.77243
-115 34 3.80257
-114.5 34 3.81797
-114 34 3.80316
-113.5 34 3.76781
-113 34 3.75189
-112.5 34 3.74607
-112 34 3.73965
-111.5 34 3.73148
-111 34 3.73212
-110.5 34 3.72812
-110 34 3.71521
-109.5 34 3.70163
-109 34 3.69983
-108.5 34 3.68445
-108 34 3.65361
-107.5 34 3.63826
-107 34 3.63708
-106.5 34 3.64654
-106 34 3.66004
-105.5 34 3.67057
-105 34 3.68291
-104.5 34 3.70307
-104 34 3.72367
-103.5 34 3.74198
-103 34 3.7593
-102.5 34 3.76739
-102 34 3.76926
-101.5 34 3.77425
-101 34 3.77768
-100.5 34 3.78507
-100 34 3.79197
-99.5 34 3.80012
-99 34 3.80497
-98.5 34 3.81249
-98 34 3.82427
-97.5 34 3.83893
-97 34 3.84116
-96.5 34 3.84045
-96 34 3.83981
-95.5 34 3.84845
-95 34 3.85916
-94.5 34 3.86161
-94 34 3.85073
-93.5 34 3.84873
-93 34 3.84779
-92.5 34 3.84672
-92 34 3.84109
-91.5 34 3.84014
-91 34 3.85231
-90.5 34 3.86895
-90 34 3.88216
-89.5 34 3.88623
-89 34 3.88951
-88.5 34 3.8887
-88 34 3.89174
-87.5 34 3.87707
-87 34 3.86434
-86.5 34 3.85247
-86 34 3.83751
-85.5 34 3.82605
-85 34 3.82649
-84.5 34 3.8382
-84 34 3.86863
-83.5 34 3.89328
-83 34 3.90577
-82.5 34 3.90978
-82 34 3.92407
-81.5 34 3.95326
-81 34 3.97431
-119 34.5 3.80666
-118.5 34.5 3.81003
-118 34.5 3.7866
-117.5 34.5 3.78026
-117 34.5 3.78085
-116.5 34.5 3.77137
-116 34.5 3.76318
-115.5 34.5 3.77494
-115 34.5 3.79188
-114.5 34.5 3.80229
-114 34.5 3.77996
-113.5 34.5 3.75241
-113 34.5 3.7371
-112.5 34.5 3.72192
-112 34.5 3.71522
-111.5 34.5 3.71388
-111 34.5 3.71417
-110.5 34.5 3.70686
-110 34.5 3.70043
-109.5 34.5 3.70813
-109 34.5 3.71136
-108.5 34.5 3.67612
-108 34.5 3.63951
-107.5 34.5 3.6254
-107 34.5 3.62327
-106.5 34.5 3.63178
-106 34.5 3.64726
-105.5 34.5 3.66476
-105 34.5 3.67976
-104.5 34.5 3.69599
-104 34.5 3.71301
-103.5 34.5 3.73895
-103 34.5 3.76326
-102.5 34.5 3.77896
-102 34.5 3.78178
-101.5 34.5 3.77622
-101 34.5 3.76879
-100.5 34.5 3.76956
-100 34.5 3.77367
-99.5 34.5 3.78074
-99 34.5 3.78885
-98.5 34.5 3.7954
-98 34.5 3.80388
-97.5 34.5 3.81977
-97 34.5 3.83555
-96.5 34.5 3.84466
-96 34.5 3.8426
-95.5 34.5 3.83822
-95 34.5 3.84205
-94.5 34.5 3.85199
-94 34.5 3.85134
-93.5 34.5 3.85067
-93 34.5 3.86126
-92.5 34.5 3.86737
-92 34.5 3.86006
-91.5 34.5 3.85297
-91 34.5 3.85762
-90.5 34.5 3.87084
-90 34.5 3.88677
-89.5 34.5 3.90224
-89 34.5 3.9212
-88.5 34.5 3.91594
-88 34.5 3.8991
-87.5 34.5 3.87736
-87 34.5 3.86591
-86.5 34.5 3.86744
-86 34.5 3.85051
-85.5 34.5 3.83062
-85 34.5 3.82316
-84.5 34.5 3.81683
-84 34.5 3.83492
-83.5 34.5 3.86651
-83 34.5 3.88375
-82.5 34.5 3.90075
-82 34.5 3.92074
-81.5 34.5 3.94861
-81 34.5 3.97083
-119 35 3.81414
-118.5 35 3.7964
-118 35 3.76575
-117.5 35 3.75804
-117 35 3.76249
-116.5 35 3.76356
-116 35 3.75902
-115.5 35 3.76065
-115 35 3.76237
-114.5 35 3.76175
-114 35 3.74775
-113.5 35 3.73835
-113 35 3.72387
-112.5 35 3.70977
-112 35 3.70075
-111.5 35 3.70007
-111 35 3.69832
-110.5 35 3.69289
-110 35 3.69942
-109.5 35 3.71439
-109 35 3.71356
-108.5 35 3.68006
-108 35 3.64647
-107.5 35 3.62425
-107 35 3.61417
-106.5 35 3.61574
-106 35 3.63043
-105.5 35 3.64883
-105 35 3.666
-104.5 35 3.68757
-104 35 3.71107
-103.5 35 3.74127
-103 35 3.7693
-102.5 35 3.78671
-102 35 3.79229
-101.5 35 3.77999
-101 35 3.76681
-100.5 35 3.76041
-100 35 3.7595
-99.5 35 3.76514
-99 35 3.77761
-98.5 35 3.785
-98 35 3.79221
-97.5 35 3.80891
-97 35 3.83398
-96.5 35 3.84958
-96 35 3.85589
-95.5 35 3.84484
-95 35 3.83366
-94.5 35 3.82995
-94 35 3.83827
-93.5 35 3.8476
-93 35 3.86312
-92.5 35 3.87834
-92 35 3.8751
-91.5 35 3.8652
-91 35 3.86759
-90.5 35 3.87881
-90 35 3.895
-89.5 35 3.91365
-89 35 3.93248
-88.5 35 3.93537
-88 35 3.91465
-87.5 35 3.89182
-87 35 3.8734
-86.5 35 3.87146
-86 35 3.86055
-85.5 35 3.83843
-85 35 3.82327
-84.5 35 3.81599
-84 35 3.82007
-83.5 35 3.84147
-83 35 3.86094
-82.5 35 3.88066
-82 35 3.90499
-81.5 35 3.93308
-81 35 3.95658
-119 35.5 3.80973
-118.5 35.5 3.7701
-118 35.5 3.72722
-117.5 35.5 3.71793
-117 35.5 3.73111
-116.5 35.5 3.74397
-116 35.5 3.74104
-115.5 35.5 3.73486
-115 35.5 3.72526
-114.5 35.5 3.72145
-114 35.5 3.72617
-113.5 35.5 3.73497
-113 35.5 3.72483
-112.5 35.5 3.70406
-112 35.5 3.69098
-111.5 35.5 3.68875
-111 35.5 3.67986
-110.5 35.5 3.677
-110 35.5 3.69254
-109.5 35.5 3.71838
-109 35.5 3.72279
-108.5 35.5 3.69315
-108 35.5 3.656
-107.5 35.5 3.62696
-107 35.5 3.60599
-106.5 35.5 3.59957
-106 35.5 3.60517
-105.5 35.5 3.61814
-105 35.5 3.64099
-104.5 35.5 3.67263
-104 35.5 3.70516
-103.5 35.5 3.7437
-103 35.5 3.76994
-102.5 35.5 3.78204
-102 35.5 3.78461
-101.5 35.5 3.773
-101 35.5 3.76044
-100.5 35.5 3.74703
-100 35.5 3.74819
-99.5 35.5 3.75799
-99 35.5 3.76884
-98.5 35.5 3.79003
-98 35.5 3.80876
-97.5 35.5 3.82657
-97 35.5 3.85207
-96.5 35.5 3.87059
-96 35.5 3.87532
-95.5 35.5 3.86658
-95 35.5 3.85536
-94.5 35.5 3.84513
-94 35.5 3.84611
-93.5 35.5 3.86014
-93 35.5 3.87899
-92.5 35.5 3.89823
-92 35.5 3.89994
-91.5 35.5 3.88908
-91 35.5 3.88329
-90.5 35.5 3.89275
-90 35.5 3.90464
-89.5 35.5 3.91807
-89 35.5 3.93194
-88.5 35.5 3.93205
-88 35.5 3.91522
-87.5 35.5 3.89488
-87 35.5 3.88047
-86.5 35.5 3.8756
-86 35.5 3.87105
-85.5 35.5 3.84871
-85 35.5 3.82627
-84.5 35.5 3.81922
-84 35.5 3.8178
-83.5 35.5 3.82792
-83 35.5 3.84478
-82.5 35.5 3.86458
-82 35.5 3.88831
-81.5 35.5 3.91827
-81 35.5 3.94119
-119 36 3.79127
-118.5 36 3.73989
-118 36 3.69402
-117.5 36 3.68474
-117 36 3.70004
-116.5 36 3.71528
-116 36 3.71933
-115.5 36 3.71265
-115 36 3.69812
-114.5 36 3.68951
-114 36 3.71086
-113.5 36 3.72772
-113 36 3.71607
-112.5 36 3.70452
-112 36 3.69541
-111.5 36 3.68494
-111 36 3.67675
-110.5 36 3.68402
-110 36 3.69944
-109.5 36 3.71788
-109 36 3.71464
-108.5 36 3.6904
-108 36 3.65806
-107.5 36 3.62926
-107 36 3.60414
-106.5 36 3.57988
-106 36 3.56948
-105.5 36 3.58656
-105 36 3.61816
-104.5 36 3.65817
-104 36 3.70099
-103.5 36 3.73792
-103 36 3.76119
-102.5 36 3.77733
-102 36 3.77763
-101.5 36 3.77243
-101 36 3.76333
-100.5 36 3.75237
-100 36 3.75682
-99.5 36 3.77278
-99 36 3.79481
-98.5 36 3.82111
-98 36 3.84767
-97.5 36 3.86538
-97 36 3.87924
-96.5 36 3.89183
-96 36 3.89699
-95.5 36 3.89523
-95 36 3.88796
-94.5 36 3.87768
-94 36 3.87353
-93.5 36 3.8848
-93 36 3.89607
-92.5 36 3.90365
-92 36 3.90066
-91.5 36 3.89891
-91 36 3.89938
-90.5 36 3.89629
-90 36 3.9075
-89.5 36 3.91983
-89 36 3.92469
-88.5 36 3.92078
-88 36 3.90402
-87.5 36 3.88306
-87 36 3.87226
-86.5 36 3.87088
-86 36 3.8691
-85.5 36 3.85488
-85 36 3.83067
-84.5 36 3.81961
-84 36 3.81911
-83.5 36 3.82256
-83 36 3.82684
-82.5 36 3.84704
-82 36 3.87548
-81.5 36 3.90346
-81 36 3.9277
-119 36.5 3.76612
-118.5 36.5 3.71744
-118 36.5 3.67484
-117.5 36.5 3.66493
-117 36.5 3.67321
-116.5 36.5 3.68515
-116 36.5 3.69523
-115.5 36.5 3.69704
-115 36.5 3.69329
-114.5 36.5 3.69027
-114 36.5 3.69923
-113.5 36.5 3.69991
-113 36.5 3.69201
-112.5 36.5 3.68709
-112 36.5 3.68443
-111.5 36.5 3.6817
-111 36.5 3.69029
-110.5 36.5 3.7047
-110 36.5 3.71497
-109.5 36.5 3.7174
-109 36.5 3.69989
-108.5 36.5 3.67595
-108 36.5 3.64932
-107.5 36.5 3.62515
-107 36.5 3.59318
-106.5 36.5 3.56443
-106 36.5 3.557
-105.5 36.5 3.57277
-105 36.5 3.60549
-104.5 36.5 3.64848
-104 36.5 3.69225
-103.5 36.5 3.72698
-103 36.5 3.75539
-102.5 36.5 3.77898
-102 36.5 3.78504
-101.5 36.5 3.78254
-98.5 36.5 3.85846
-98 36.5 3.88259
-97.5 36.5 3.90226
-97 36.5 3.90889
-96.5 36.5 3.91132
-96 36.5 3.90841
-95.5 36.5 3.90654
-95 36.5 3.90463
-94.5 36.5 3.90114
-94 36.5 3.89563
-93.5 36.5 3.89855
-93 36.5 3.90407
-92.5 36.5 3.9024
-92 36.5 3.90024
-91.5 36.5 3.89786
-91 36.5 3.89804
-90.5 36.5 3.89257
-90 36.5 3.89572
-89.5 36.5 3.90382
-89 36.5 3.9056
-88.5 36.5 3.90012
-88 36.5 3.88508
-87.5 36.5 3.86859
-87 36.5 3.85818
-86.5 36.5 3.85498
-86 36.5 3.85524
-85.5 36.5 3.85158
-85 36.5 3.83512
-84.5 36.5 3.81861
-84 36.5 3.81609
-83.5 36.5 3.8196
-83 36.5 3.82253
-82.5 36.5 3.83364
-82 36.5 3.85236
-81.5 36.5 3.87549
-81 36.5 3.9073
-119 37 3.74418
-118.5 37 3.69332
-118 37 3.65258
-117.5 37 3.64789
-117 37 3.6525
-116.5 37 3.66351
-116 37 3.68068
-115.5 37 3.69127
-115 37 3.69553
-114.5 37 3.69115
-114 37 3.67967
-113.5 37 3.66286
-113 37 3.65469
-112.5 37 3.66203
-112 37 3.66813
-111.5 37 3.68132
-111 37 3.71132
-110.5 37 3.72548
-110 37 3.72753
-109.5 37 3.71009
-109 37 3.6802
-108.5 37 3.65704
-108 37 3.64378
-107.5 37 3.61947
-107 37 3.58712
-106.5 37 3.5614
-106 37 3.55611
-105.5 37 3.57127
-105 37 3.60369
-104.5 37 3.6453
-104 37 3.68426
-103.5 37 3.7168
-103 37 3.7551
-97 37 3.92846
-96.5 37 3.9292
-96 37 3.92239
-95.5 37 3.90865
-95 37 3.90284
-94.5 37 3.90459
-94 37 3.90086
-93.5 37 3.8941
-93 37 3.89482
-92.5 37 3.89038
-92 37 3.88872
-91.5 37 3.89515
-91 37 3.89615
-90.5 37 3.88686
-90 37 3.8842
-89.5 37 3.88691
-89 37 3.88572
-88.5 37 3.88025
-88 37 3.86686
-87.5 37 3.85257
-87 37 3.84339
-86.5 37 3.83743
-86 37 3.83786
-85.5 37 3.84309
-85 37 3.83573
-84.5 37 3.81671
-84 37 3.81601
-83.5 37 3.82485
-83 37 3.82513
-82.5 37 3.82979
-82 37 3.83514
-81.5 37 3.84369
-81 37 3.87826
-119 37.5 3.70705
-118.5 37.5 3.65955
-118 37.5 3.6334
-117.5 37.5 3.63842
-117 37.5 3.64952
-116.5 37.5 3.66511
-116 37.5 3.67869
-115.5 37.5 3.684
-115 37.5 3.69453
-114.5 37.5 3.69482
-114 37.5 3.66499
-113.5 37.5 3.63783
-113 37.5 3.63195
-112.5 37.5 3.62568
-112 37.5 3.63321
-111.5 37.5 3.67584
-111 37.5 3.70545
-110.5 37.5 3.70918
-110 37.5 3.71672
-109.5 37.5 3.7002
-109 37.5 3.67741
-108.5 37.5 3.65999
-108 37.5 3.62576
-107.5 37.5 3.58581
-107 37.5 3.56104
-106.5 37.5 3.55389
-106 37.5 3.56612
-105.5 37.5 3.58511
-105 37.5 3.6163
-104.5 37.5 3.64649
-104 37.5 3.67759
-103.5 37.5 3.72493
-96.5 37.5 3.93714
-96 37.5 3.92913
-95.5 37.5 3.91457
-95 37.5 3.90117
-94.5 37.5 3.90056
-94 37.5 3.90107
-93.5 37.5 3.88981
-93 37.5 3.88504
-92.5 37.5 3.88597
-92 37.5 3.88649
-91.5 37.5 3.88923
-91 37.5 3.88959
-90.5 37.5 3.88375
-90 37.5 3.87387
-89.5 37.5 3.87234
-89 37.5 3.87233
-88.5 37.5 3.86753
-88 37.5 3.8621
-87.5 37.5 3.85314
-87 37.5 3.83942
-86.5 37.5 3.83264
-86 37.5 3.83677
-85.5 37.5 3.83367
-85 37.5 3.82363
-84.5 37.5 3.81464
-84 37.5 3.82333
-83.5 37.5 3.84281
-83 37.5 3.84492
-82.5 37.5 3.84132
-82 37.5 3.84301
-81.5 37.5 3.84217
-81 37.5 3.85085
-119 38 3.67307
-118.5 38 3.63897
-118 38 3.62373
-117.5 38 3.63528
-117 38 3.65897
-116.5 38 3.67892
-116 38 3.68508
-115.5 38 3.68848
-115 38 3.69626
-114.5 38 3.68914
-114 38 3.65937
-113.5 38 3.63068
-113 38 3.61271
-112.5 38 3.605
-112 38 3.61692
-111.5 38 3.64912
-111 38 3.67517
-110.5 38 3.68961
-110 38 3.69766
-109.5 38 3.69176
-109 38 3.67586
-108.5 38 3.65159
-108 38 3.61014
-107.5 38 3.56983
-107 38 3.55159
-106.5 38 3.55775
-106 38 3.5784
-105.5 38 3.60284
-105 38 3.62493
-104.5 38 3.64253
-104 38 3.68271
-96 38 3.93485
-95.5 38 3.92171
-95 38 3.90627
-94.5 38 3.89888
-94 38 3.89686
-93.5 38 3.89191
-93 38 3.88834
-92.5 38 3.88978
-92 38 3.88929
-91.5 38 3.88535
-91 38 3.88021
-90.5 38 3.87335
-90 38 3.86568
-89.5 38 3.86375
-89 38 3.86826
-88.5 38 3.86784
-88 38 3.86293
-87.5 38 3.85578
-87 38 3.84505
-86.5 38 3.83809
-86 38 3.84103
-85.5 38 3.84158
-85 38 3.83368
-84.5 38 3.82728
-84 38 3.83244
-83.5 38 3.84835
-83 38 3.8606
-82.5 38 3.86362
-82 38 3.85989
-81.5 38 3.85005
-81 38 3.84978
-119 38.5 3.65306
-118.5 38.5 3.63044
-118 38.5 3.62574
-117.5 38.5 3.64874
-117 38.5 3.6865
-116.5 38.5 3.7041
-116 38.5 3.69858
-115.5 38.5 3.69885
-115 38.5 3.7096
-114.5 38.5 3.7011
-114 38.5 3.6729
-113.5 38.5 3.63701
-113 38.5 3.61032
-112.5 38.5 3.60115
-112 38.5 3.60817
-111.5 38.5 3.6273
-111 38.5 3.655
-110.5 38.5 3.67419
-110 38.5 3.68504
-109.5 38.5 3.69071
-109 38.5 3.67859
-108.5 38.5 3.65206
-108 38.5 3.60501
-107.5 38.5 3.56489
-107 38.5 3.5517
-106.5 38.5 3.564
-106 38.5 3.59106
-105.5 38.5 3.61217
-105 38.5 3.61931
-104.5 38.5 3.63669
-95.5 38.5 3.93087
-95 38.5 3.91242
-94.5 38.5 3.90026
-94 38.5 3.89452
-93.5 38.5 3.89332
-93 38.5 3.89457
-92.5 38.5 3.89674
-92 38.5 3.89533
-91.5 38.5 3.88443
-91 38.5 3.87198
-90.5 38.5 3.86142
-90 38.5 3.85457
-89.5 38.5 3.85504
-89 38.5 3.86524
-88.5 38.5 3.87195
-88 38.5 3.86664
-87.5 38.5 3.86045
-87 38.5 3.85141
-86.5 38.5 3.8449
-86 38.5 3.85033
-85.5 38.5 3.85629
-85 38.5 3.85155
-84.5 38.5 3.8432
-84 38.5 3.84211
-83.5 38.5 3.85116
-83 38.5 3.87081
-82.5 38.5 3.88396
-82 38.5 3.88016
-81.5 38.5 3.85905
-81 38.5 3.85055
-119 39 3.64916
-118.5 39 3.64961
-118 39 3.65402
-117.5 39 3.6841
-117 39 3.71253
-116.5 39 3.71404
-116 39 3.70454
-115.5 39 3.71528
-115 39 3.7342
-114.5 39 3.73178
-114 39 3.69641
-113.5 39 3.64645
-113 39 3.61823
-112.5 39 3.60585
-112 39 3.60967
-111.5 39 3.62445
-111 39 3.64917
-110.5 39 3.66536
-110 39 3.67347
-109.5 39 3.6858
-109 39 3.67398
-108.5 39 3.63489
-108 39 3.60336
-107.5 39 3.58139
-107 39 3.56496
-106.5 39 3.57758
-106 39 3.59748
-105.5 39 3.60708
-105 39 3.61886
-95 39 3.91713
-94.5 39 3.89528
-94 39 3.89425
-93.5 39 3.88961
-93 39 3.89255
-92.5 39 3.89795
-92 39 3.89184
-91.5 39 3.88428
-91 39 3.87561
-90.5 39 3.85844
-90 39 3.85225
-89.5 39 3.85501
-89 39 3.86009
-88.5 39 3.87222
-88 39 3.87315
-87.5 39 3.86329
-87 39 3.85878
-86.5 39 3.86026
-86 39 3.8686
-85.5 39 3.8771
-85 39 3.87306
-84.5 39 3.86039
-84 39 3.84812
-83.5 39 3.84971
-83 39 3.87331
-82.5 39 3.89648
-82 39 3.89678
-81.5 39 3.87583
-81 39 3.86003
-119 39.5 3.66006
-118.5 39.5 3.67086
-118 39.5 3.68152
-117.5 39.5 3.7069
-117 39.5 3.72463
-116.5 39.5 3.72462
-116 39.5 3.72308
-115.5 39.5 3.73153
-115 39.5 3.74451
-114.5 39.5 3.74322
-114 39.5 3.70559
-113.5 39.5 3.65904
-113 39.5 3.63578
-112.5 39.5 3.62709
-112 39.5 3.63186
-111.5 39.5 3.64301
-111 39.5 3.65429
-110.5 39.5 3.6647
-110 39.5 3.6735
-109.5 39.5 3.67024
-109 39.5 3.65003
-108.5 39.5 3.62377
-108 39.5 3.60038
-107.5 39.5 3.58454
-107 39.5 3.58095
-106.5 39.5 3.58857
-106 39.5 3.59493
-105.5 39.5 3.60553
-105 39.5 3.62403
-95 39.5 3.92142
-94.5 39.5 3.90106
-94 39.5 3.8919
-93.5 39.5 3.88807
-93 39.5 3.88742
-92.5 39.5 3.88944
-92 39.5 3.88925
-91.5 39.5 3.88816
-91 39.5 3.88316
-90.5 39.5 3.87226
-90 39.5 3.86496
-89.5 39.5 3.86408
-89 39.5 3.86587
-88.5 39.5 3.86953
-88 39.5 3.87048
-87.5 39.5 3.86856
-87 39.5 3.87136
-86.5 39.5 3.8798
-86 39.5 3.88985
-85.5 39.5 3.89569
-85 39.5 3.89018
-84.5 39.5 3.87312
-84 39.5 3.85581
-83.5 39.5 3.85636
-83 39.5 3.87898
-82.5 39.5 3.90065
-82 39.5 3.90206
-81.5 39.5 3.88669
-81 39.5 3.87244
-119 40 3.67166
-118.5 40 3.68656
-118 40 3.69329
-117.5 40 3.71698
-117 40 3.72804
-116.5 40 3.72531
-116 40 3.72879
-115.5 40 3.73228
-115 40 3.74416
-114.5 40 3.74987
-114 40 3.71127
-113.5 40 3.66998
-113 40 3.65906
-112.5 40 3.65497
-112 40 3.66321
-111.5 40 3.67127
-111 40 3.66538
-110.5 40 3.66512
-110 40 3.67312
-109.5 40 3.65434
-109 40 3.63047
-108.5 40 3.61661
-108 40 3.59571
-107.5 40 3.58772
-107 40 3.59776
-106.5 40 3.60126
-106 40 3.59829
-105.5 40 3.60605
-105 40 3.62796
-95 40 3.91754
-94.5 40 3.90112
-94 40 3.88808
-93.5 40 3.88739
-93 40 3.88441
-92.5 40 3.88437
-92 40 3.89033
-91.5 40 3.89685
-91 40 3.89654
-90.5 40 3.89113
-90 40 3.88376
-89.5 40 3.87878
-89 40 3.87763
-88.5 40 3.87316
-88 40 3.87134
-87.5 40 3.87581
-87 40 3.88657
-86.5 40 3.90061
-86 40 3.91156
-85.5 40 3.91401
-85 40 3.90549
-84.5 40 3.88337
-84 40 3.8609
-83.5 40 3.86134
-83 40 3.88752
-82.5 40 3.90817
-82 40 3.90676
-81.5 40 3.89282
-81 40 3.87877
-119 40.5 3.67719
-118.5 40.5 3.68482
-118 40.5 3.688
-117.5 40.5 3.70301
-117 40.5 3.7146
-116.5 40.5 3.71544
-116 40.5 3.71783
-115.5 40.5 3.73103
-115 40.5 3.73873
-114.5 40.5 3.73693
-114 40.5 3.72332
-113.5 40.5 3.70029
-113 40.5 3.68568
-112.5 40.5 3.68437
-112 40.5 3.69296
-111.5 40.5 3.70166
-111 40.5 3.68426
-110.5 40.5 3.66388
-110 40.5 3.65967
-109.5 40.5 3.6547
-109 40.5 3.64848
-108.5 40.5 3.62659
-108 40.5 3.60667
-107.5 40.5 3.61062
-107 40.5 3.62555
-106.5 40.5 3.62566
-106 40.5 3.61669
-105.5 40.5 3.61027
-105 40.5 3.6414
-95 40.5 3.89726
-94.5 40.5 3.8888
-94 40.5 3.88921
-93.5 40.5 3.88633
-93 40.5 3.88476
-92.5 40.5 3.89386
-92 40.5 3.90304
-91.5 40.5 3.90588
-91 40.5 3.90728
-90.5 40.5 3.90511
-90 40.5 3.89682
-89.5 40.5 3.8911
-89 40.5 3.88764
-88.5 40.5 3.88219
-88 40.5 3.88083
-87.5 40.5 3.8866
-87 40.5 3.9015
-86.5 40.5 3.91969
-86 40.5 3.92968
-85.5 40.5 3.92604
-85 40.5 3.91073
-84.5 40.5 3.88655
-84 40.5 3.87013
-83.5 40.5 3.87413
-83 40.5 3.90096
-82.5 40.5 3.91341
-82 40.5 3.90551
-81.5 40.5 3.90266
-81 40.5 3.88312
-119 41 3.66744
-118.5 41 3.67689
-118 41 3.68491
-117.5 41 3.69479
-117 41 3.70534
-116.5 41 3.70696
-116 41 3.70815
-115.5 41 3.71837
-115 41 3.72713
-114.5 41 3.73003
-114 41 3.71652
-113.5 41 3.69535
-113 41 3.69447
-112.5 41 3.70673
-112 41 3.7185
-111.5 41 3.72078
-111 41 3.6987
-110.5 41 3.67453
-110 41 3.66826
-109.5 41 3.66907
-109 41 3.66584
-108.5 41 3.64801
-108 41 3.63398
-107.5 41 3.6418
-107 41 3.66558
-106.5 41 3.66894
-106 41 3.65651
-105.5 41 3.65664
-105 41 3.672
-95 41 3.87779
-94.5 41 3.87337
-94 41 3.87539
-93.5 41 3.87927
-93 41 3.88801
-92.5 41 3.90068
-92 41 3.9116
-91.5 41 3.91613
-91 41 3.9184
-90.5 41 3.91749
-90 41 3.9096
-89.5 41 3.90264
-89 41 3.89868
-88.5 41 3.89467
-88 41 3.89363
-87.5 41 3.89872
-87 41 3.91523
-86.5 41 3.93306
-86 41 3.94056
-85.5 41 3.93625
-85 41 3.92041
-84.5 41 3.89876
-84 41 3.87711
-83.5 41 3.87356
-83 41 3.89124
-82.5 41 3.89816
-82 41 3.89463
-81.5 41 3.89388
-81 41 3.89
-119 41.5 3.65648
-118.5 41.5 3.66812
-118 41.5 3.67643
-117.5 41.5 3.68312
-117 41.5 3.69462
-116.5 41.5 3.69199
-116 41.5 3.68726
-115.5 41.5 3.69432
-115 41.5 3.70163
-114.5 41.5 3.71058
-114 41.5 3.69496
-113.5 41.5 3.66915
-113 41.5 3.68624
-112.5 41.5 3.71636
-112 41.5 3.73047
-111.5 41.5 3.73211
-111 41.5 3.70872
-110.5 41.5 3.68325
-110 41.5 3.68205
-109.5 41.5 3.69086
-109 41.5 3.69084
-108.5 41.5 3.67103
-108 41.5 3.65982
-107.5 41.5 3.67196
-107 41.5 3.71325
-106.5 41.5 3.72329
-106 41.5 3.70151
-105.5 41.5 3.70936
-105 41.5 3.71185
-104.5 41.5 3.71751
-95.5 41.5 3.88039
-95 41.5 3.86673
-94.5 41.5 3.86
-94 41.5 3.86257
-93.5 41.5 3.87025
-93 41.5 3.88551
-92.5 41.5 3.9035
-92 41.5 3.91704
-91.5 41.5 3.92201
-91 41.5 3.92511
-90.5 41.5 3.92676
-90 41.5 3.91972
-89.5 41.5 3.91486
-89 41.5 3.91385
-88.5 41.5 3.91211
-88 41.5 3.90993
-87.5 41.5 3.91058
-87 41.5 3.92681
-86.5 41.5 3.94271
-86 41.5 3.94729
-85.5 41.5 3.94108
-85 41.5 3.92305
-84.5 41.5 3.90306
-84 41.5 3.87195
-83.5 41.5 3.85903
-83 41.5 3.8757
-82.5 41.5 3.88251
-82 41.5 3.88471
-81.5 41.5 3.8866
-81 41.5 3.89874
-119 42 3.66354
-118.5 42 3.65594
-118 42 3.65411
-117.5 42 3.66735
-117 42 3.67493
-116.5 42 3.6667
-116 42 3.66044
-115.5 42 3.66081
-115 42 3.65713
-114.5 42 3.65758
-114 42 3.66458
-113.5 42 3.65142
-113 42 3.65926
-112.5 42 3.70046
-112 42 3.71273
-111.5 42 3.70575
-111 42 3.70606
-110.5 42 3.69474
-110 42 3.69172
-109.5 42 3.70942
-109 42 3.70938
-108.5 42 3.68141
-108 42 3.68113
-107.5 42 3.70324
-107 42 3.73551
-106.5 42 3.75651
-106 42 3.74605
-105.5 42 3.75689
-105 42 3.75187
-104.5 42 3.73822
-95.5 42 3.87903
-95 42 3.86055
-94.5 42 3.85306
-94 42 3.85704
-93.5 42 3.85766
-93 42 3.88014
-92.5 42 3.90668
-92 42 3.91728
-91.5 42 3.92411
-91 42 3.92532
-90.5 42 3.92621
-90 42 3.9315
-89.5 42 3.93702
-89 42 3.93889
-88.5 42 3.93527
-88 42 3.92959
-87.5 42 3.92953
-87 42 3.92772
-86.5 42 3.93815
-86 42 3.948
-85.5 42 3.92814
-85 42 3.90417
-84.5 42 3.8748
-84 42 3.85527
-83.5 42 3.85097
-83 42 3.85309
-82.5 42 3.8899
-82 42 3.90795
-81.5 42 3.89164
-81 42 3.92028
-119 42.5 3.66921
-118.5 42.5 3.64833
-118 42.5 3.64189
-117.5 42.5 3.656
-117 42.5 3.66029
-116.5 42.5 3.64986
-116 42.5 3.64211
-115.5 42.5 3.64354
-115 42.5 3.64254
-114.5 42.5 3.636
-114 42.5 3.62876
-113.5 42.5 3.61648
-113 42.5 3.62032
-112.5 42.5 3.64803
-112 42.5 3.66273
-111.5 42.5 3.66297
-111 42.5 3.66978
-110.5 42.5 3.67601
-110 42.5 3.6888
-109.5 42.5 3.69987
-109 42.5 3.69808
-108.5 42.5 3.69293
-108 42.5 3.69843
-107.5 42.5 3.71656
-107 42.5 3.73413
-106.5 42.5 3.7519
-106 42.5 3.75876
-105.5 42.5 3.77284
-105 42.5 3.78046
-104.5 42.5 3.76995
-104 42.5 3.76482
-96 42.5 3.89533
-95.5 42.5 3.88668
-95 42.5 3.87342
-94.5 42.5 3.86324
-94 42.5 3.85629
-93.5 42.5 3.85904
-93 42.5 3.88089
-92.5 42.5 3.90257
-92 42.5 3.91475
-91.5 42.5 3.91962
-91 42.5 3.92024
-90.5 42.5 3.92504
-90 42.5 3.9374
-89.5 42.5 3.95052
-89 42.5 3.9561
-88.5 42.5 3.94846
-88 42.5 3.92979
-87.5 42.5 3.91153
-87 42.5 3.90808
-86.5 42.5 3.92517
-86 42.5 3.9353
-85.5 42.5 3.93444
-85 42.5 3.92098
-84.5 42.5 3.89285
-84 42.5 3.87566
-83.5 42.5 3.87494
-83 42.5 3.88329
-82.5 42.5 3.90167
-82 42.5 3.9119
-81.5 42.5 3.914
-81 42.5 3.93123
-119 43 3.67606
-118.5 43 3.64685
-118 43 3.63936
-117.5 43 3.66339
-117 43 3.66622
-116.5 43 3.64816
-116 43 3.63688
-115.5 43 3.64237
-115 43 3.64668
-114.5 43 3.63286
-114 43 3.60711
-113.5 43 3.58262
-113 43 3.57833
-112.5 43 3.59592
-112 43 3.6076
-111.5 43 3.60903
-111 43 3.62441
-110.5 43 3.64155
-110 43 3.67005
-109.5 43 3.68562
-109 43 3.68074
-108.5 43 3.69404
-108 43 3.71282
-107.5 43 3.72912
-107 43 3.73632
-106.5 43 3.74626
-106 43 3.75679
-105.5 43 3.77273
-105 43 3.79137
-104.5 43 3.78724
-104 43 3.77331
-103.5 43 3.75459
-103 43 3.75233
-97 43 3.88983
-96.5 43 3.89303
-96 43 3.89469
-95.5 43 3.89524
-95 43 3.88719
-94.5 43 3.87286
-94 43 3.85755
-93.5 43 3.86014
-93 43 3.87759
-92.5 43 3.89467
-92 43 3.90688
-91.5 43 3.9103
-91 43 3.91015
-90.5 43 3.91891
-90 43 3.93945
-89.5 43 3.95916
-89 43 3.96882
-88.5 43 3.9567
-88 43 3.92531
-87.5 43 3.88962
-87 43 3.89369
-86.5 43 3.92686
-86 43 3.94038
-85.5 43 3.95722
-85 43 3.94967
-84.5 43 3.9181
-84 43 3.90113
-83.5 43 3.90472
-83 43 3.91645
-82.5 43 3.91411
-82 43 3.91294
-81.5 43 3.92843
-81 43 3.93743
-119 43.5 3.65878
-118.5 43.5 3.64892
-118 43.5 3.67116
-117.5 43.5 3.68815
-117 43.5 3.69385
-116.5 43.5 3.67328
-116 43.5 3.65701
-115.5 43.5 3.65587
-115 43.5 3.66249
-114.5 43.5 3.65152
-114 43.5 3.60747
-113.5 43.5 3.57394
-113 43.5 3.56938
-112.5 43.5 3.56369
-112 43.5 3.56538
-111.5 43.5 3.56407
-111 43.5 3.58075
-110.5 43.5 3.61494
-110 43.5 3.63939
-109.5 43.5 3.66136
-109 43.5 3.68236
-108.5 43.5 3.70495
-108 43.5 3.72423
-107.5 43.5 3.74883
-107 43.5 3.7574
-106.5 43.5 3.75901
-106 43.5 3.77032
-105.5 43.5 3.77478
-105 43.5 3.79
-104.5 43.5 3.79573
-104 43.5 3.7861
-103.5 43.5 3.75766
-103 43.5 3.74077
-102.5 43.5 3.74707
-102 43.5 3.75603
-98 43.5 3.88586
-97.5 43.5 3.8941
-97 43.5 3.89454
-96.5 43.5 3.89649
-96 43.5 3.9026
-95.5 43.5 3.90197
-95 43.5 3.89636
-94.5 43.5 3.87748
-94 43.5 3.85755
-93.5 43.5 3.85718
-93 43.5 3.86163
-92.5 43.5 3.87524
-92 43.5 3.89091
-91.5 43.5 3.89496
-91 43.5 3.89945
-90.5 43.5 3.91723
-90 43.5 3.94229
-89.5 43.5 3.96124
-89 43.5 3.97098
-88.5 43.5 3.95844
-88 43.5 3.92832
-87.5 43.5 3.89127
-87 43.5 3.90416
-86.5 43.5 3.95332
-86 43.5 3.96745
-85.5 43.5 3.9565
-85 43.5 3.93706
-84.5 43.5 3.91974
-84 43.5 3.91254
-83.5 43.5 3.91503
-83 43.5 3.92592
-82.5 43.5 3.91907
-82 43.5 3.909
-81.5 43.5 3.93362
-81 43.5 3.95813
-119 44 3.69036
-118.5 44 3.67571
-118 44 3.6936
-117.5 44 3.70889
-117 44 3.71104
-116.5 44 3.70122
-116 44 3.68756
-115.5 44 3.67138
-115 44 3.66682
-114.5 44 3.65665
-114 44 3.62638
-113.5 44 3.59951
-113 44 3.59132
-112.5 44 3.58138
-112 44 3.57583
-111.5 44 3.57061
-111 44 3.5645
-110.5 44 3.58529
-110 44 3.61502
-109.5 44 3.64515
-109 44 3.68132
-108.5 44 3.71976
-108 44 3.75377
-107.5 44 3.78235
-107 44 3.8008
-106.5 44 3.79565
-106 44 3.79087
-105.5 44 3.78956
-105 44 3.79906
-104.5 44 3.80173
-104 44 3.78417
-103.5 44 3.77066
-103 44 3.75632
-102.5 44 3.75929
-102 44 3.77568
-101.5 44 3.79407
-101 44 3.81677
-100.5 44 3.84521
-100 44 3.86541
-99.5 44 3.88181
-99 44 3.89314
-98.5 44 3.90213
-98 44 3.91013
-97.5 44 3.91546
-97 44 3.916
-96.5 44 3.91285
-96 44 3.90487
-95.5 44 3.8985
-95 44 3.88946
-94.5 44 3.87241
-94 44 3.85775
-93.5 44 3.84593
-93 44 3.83897
-92.5 44 3.85255
-92 44 3.87058
-91.5 44 3.88631
-91 44 3.90305
-90.5 44 3.92329
-90 44 3.94387
-89.5 44 3.9579
-89 44 3.9619
-88.5 44 3.948
-88 44 3.92393
-87.5 44 3.9015
-87 44 3.91276
-86.5 44 3.94614
-86 44 3.96454
-85.5 44 3.95916
-85 44 3.94232
-84.5 44 3.92806
-84 44 3.91774
-83.5 44 3.91582
-83 44 3.91631
-82.5 44 3.91135
-82 44 3.91881
-81.5 44 3.95111
-81 44 3.97757
-119 44.5 3.73297
-118.5 44.5 3.7106
-118 44.5 3.72367
-117.5 44.5 3.73981
-117 44.5 3.73548
-116.5 44.5 3.73305
-116 44.5 3.72759
-115.5 44.5 3.69876
-115 44.5 3.68379
-114.5 44.5 3.67703
-114 44.5 3.65322
-113.5 44.5 3.63637
-113 44.5 3.63218
-112.5 44.5 3.6195
-112 44.5 3.61268
-111.5 44.5 3.60969
-111 44.5 3.58578
-110.5 44.5 3.58615
-110 44.5 3.61971
-109.5 44.5 3.65461
-109 44.5 3.69596
-108.5 44.5 3.73978
-108 44.5 3.7826
-107.5 44.5 3.81444
-107 44.5 3.83668
-106.5 44.5 3.82507
-106 44.5 3.80709
-105.5 44.5 3.79796
-105 44.5 3.80623
-104.5 44.5 3.81456
-104 44.5 3.79408
-103.5 44.5 3.77461
-103 44.5 3.77384
-102.5 44.5 3.78317
-102 44.5 3.79766
-101.5 44.5 3.81271
-101 44.5 3.82826
-100.5 44.5 3.85155
-100 44.5 3.88269
-99.5 44.5 3.90911
-99 44.5 3.91772
-98.5 44.5 3.92814
-98 44.5 3.93577
-97.5 44.5 3.94743
-97 44.5 3.93727
-96.5 44.5 3.92065
-96 44.5 3.90354
-95.5 44.5 3.89538
-95 44.5 3.88485
-94.5 44.5 3.87208
-94 44.5 3.85574
-93.5 44.5 3.83101
-93 44.5 3.82027
-92.5 44.5 3.83887
-92 44.5 3.86274
-91.5 44.5 3.88783
-91 44.5 3.90913
-90.5 44.5 3.92757
-90 44.5 3.93947
-89.5 44.5 3.94563
-89 44.5 3.94631
-88.5 44.5 3.93456
-88 44.5 3.91777
-87.5 44.5 3.90134
-87 44.5 3.90505
-86.5 44.5 3.93022
-86 44.5 3.955
-85.5 44.5 3.95786
-85 44.5 3.94946
-84.5 44.5 3.93681
-84 44.5 3.92124
-83.5 44.5 3.91385
-83 44.5 3.90471
-82.5 44.5 3.90042
-82 44.5 3.9226
-81.5 44.5 3.96824
-81 44.5 3.99981
-119 45 3.77397
-118.5 45 3.74232
-118 45 3.74749
-117.5 45 3.77081
-117 45 3.76724
-116.5 45 3.75918
-116 45 3.75344
-115.5 45 3.7396
-115 45 3.72892
-114.5 45 3.71602
-114 45 3.69829
-113.5 45 3.68657
-113 45 3.68085
-112.5 45 3.66039
-112 45 3.64527
-111.5 45 3.6371
-111 45 3.62394
-110.5 45 3.62577
-110 45 3.64352
-109.5 45 3.68696
-109 45 3.73627
-108.5 45 3.76806
-108 45 3.80902
-107.5 45 3.84094
-107 45 3.85978
-106.5 45 3.84577
-106 45 3.81422
-105.5 45 3.80874
-105 45 3.81333
-104.5 45 3.82279
-104 45 3.81538
-103.5 45 3.79469
-103 45 3.79
-102.5 45 3.80276
-102 45 3.81507
-101.5 45 3.82521
-101 45 3.83736
-100.5 45 3.8537
-100 45 3.88818
-99.5 45 3.92273
-99 45 3.9419
-98.5 45 3.95261
-98 45 3.96053
-97.5 45 3.96083
-97 45 3.9409
-96.5 45 3.92193
-96 45 3.90843
-95.5 45 3.89964
-95 45 3.88833
-94.5 45 3.87326
-94 45 3.85136
-93.5 45 3.82671
-93 45 3.82644
-92.5 45 3.84299
-92 45 3.86241
-91.5 45 3.88677
-91 45 3.91078
-90.5 45 3.9225
-90 45 3.92299
-89.5 45 3.92556
-89 45 3.92808
-88.5 45 3.92373
-88 45 3.913
-87.5 45 3.89914
-87 45 3.90349
-86.5 45 3.91489
-86 45 3.93258
-85.5 45 3.96079
-85 45 3.97087
-84.5 45 3.95236
-84 45 3.92707
-83.5 45 3.91394
-83 45 3.89094
-82.5 45 3.8881
-82 45 3.921
-81.5 45 3.97985
-81 45 4.03074
-119 45.5 3.78413
-118.5 45.5 3.77003
-118 45.5 3.7779
-117.5 45.5 3.79761
-117 45.5 3.80397
-116.5 45.5 3.79455
-116 45.5 3.78609
-115.5 45.5 3.78323
-115 45.5 3.77391
-114.5 45.5 3.75593
-114 45.5 3.73478
-113.5 45.5 3.71383
-113 45.5 3.69868
-112.5 45.5 3.69005
-112 45.5 3.68129
-111.5 45.5 3.67667
-111 45.5 3.6741
-110.5 45.5 3.67695
-110 45.5 3.69172
-109.5 45.5 3.71705
-109 45.5 3.75378
-108.5 45.5 3.79132
-108 45.5 3.8268
-107.5 45.5 3.8492
-107 45.5 3.85083
-106.5 45.5 3.84573
-106 45.5 3.82507
-105.5 45.5 3.81833
-105 45.5 3.82467
-104.5 45.5 3.82957
-104 45.5 3.82404
-103.5 45.5 3.81372
-103 45.5 3.80647
-102.5 45.5 3.81201
-102 45.5 3.81865
-101.5 45.5 3.82558
-101 45.5 3.83448
-100.5 45.5 3.85603
-100 45.5 3.88657
-99.5 45.5 3.92176
-99 45.5 3.95545
-98.5 45.5 3.96641
-98 45.5 3.96724
-97.5 45.5 3.95402
-97 45.5 3.94356
-96.5 45.5 3.92969
-96 45.5 3.92125
-95.5 45.5 3.9088
-95 45.5 3.89609
-94.5 45.5 3.87887
-94 45.5 3.86143
-93.5 45.5 3.84478
-93 45.5 3.84179
-92.5 45.5 3.84519
-92 45.5 3.85848
-91.5 45.5 3.88115
-91 45.5 3.90197
-90.5 45.5 3.91014
-90 45.5 3.91134
-89.5 45.5 3.91395
-89 45.5 3.91845
-88.5 45.5 3.91984
-88 45.5 3.91722
-87.5 45.5 3.91426
-87 45.5 3.91749
-86.5 45.5 3.92037
-86 45.5 3.93022
-85.5 45.5 3.94353
-85 45.5 3.94284
-84.5 45.5 3.93048
-84 45.5 3.92231
-83.5 45.5 3.91954
-83 45.5 3.91513
-82.5 45.5 3.92669
-82 45.5 3.94464
-81.5 45.5 3.98609
-81 45.5 4.03549
-119 46 3.78021
-118.5 46 3.78122
-118 46 3.80023
-117.5 46 3.82489
-117 46 3.83865
-116.5 46 3.82512
-116 46 3.80587
-115.5 46 3.81085
-115 46 3.80631
-114.5 46 3.78255
-114 46 3.75985
-113.5 46 3.72736
-113 46 3.69469
-112.5 46 3.69983
-112 46 3.70828
-111.5 46 3.70876
-111 46 3.71695
-110.5 46 3.71992
-110 46 3.7278
-109.5 46 3.74588
-109 46 3.76244
-108.5 46 3.79764
-108 46 3.82838
-107.5 46 3.84821
-107 46 3.84278
-106.5 46 3.83354
-106 46 3.82609
-105.5 46 3.82505
-105 46 3.83072
-104.5 46 3.83167
-104 46 3.82145
-103.5 46 3.81194
-103 46 3.80788
-102.5 46 3.81274
-102 46 3.81403
-101.5 46 3.824
-101 46 3.83243
-100.5 46 3.84684
-100 46 3.87839
-99.5 46 3.91639
-99 46 3.95544
-98.5 46 3.97376
-98 46 3.97718
-97.5 46 3.96711
-97 46 3.95497
-96.5 46 3.94006
-96 46 3.92961
-95.5 46 3.91937
-95 46 3.90746
-94.5 46 3.89388
-94 46 3.88159
-93.5 46 3.86646
-93 46 3.85548
-92.5 46 3.85211
-92 46 3.86181
-91.5 46 3.88085
-91 46 3.89772
-90.5 46 3.90118
-90 46 3.90019
-89.5 46 3.89846
-89 46 3.90499
-88.5 46 3.91206
-88 46 3.91801
-87.5 46 3.92537
-87 46 3.92573
-86.5 46 3.91607
-86 46 3.9165
-85.5 46 3.91441
-85 46 3.90907
-84.5 46 3.91256
-84 46 3.92968
-83.5 46 3.93746
-83 46 3.95608
-82.5 46 3.97181
-82 46 3.97048
-81.5 46 3.99142
-81 46 4.04654
-119 46.5 3.78063
-118.5 46.5 3.78647
-118 46.5 3.81156
-117.5 46.5 3.85798
-117 46.5 3.87863
-116.5 46.5 3.85199
-116 46.5 3.82979
-115.5 46.5 3.81701
-115 46.5 3.81014
-114.5 46.5 3.78645
-114 46.5 3.76843
-113.5 46.5 3.75353
-113 46.5 3.69811
-112.5 46.5 3.69385
-112 46.5 3.73398
-111.5 46.5 3.74306
-111 46.5 3.75108
-110.5 46.5 3.74988
-110 46.5 3.74187
-109.5 46.5 3.75062
-109 46.5 3.76479
-108.5 46.5 3.79872
-108 46.5 3.82171
-107.5 46.5 3.83182
-107 46.5 3.83904
-106.5 46.5 3.83234
-106 46.5 3.82326
-105.5 46.5 3.82053
-105 46.5 3.82251
-104.5 46.5 3.82159
-104 46.5 3.80957
-103.5 46.5 3.79852
-103 46.5 3.80042
-102.5 46.5 3.81143
-102 46.5 3.81928
-101.5 46.5 3.8278
-101 46.5 3.83905
-100.5 46.5 3.84844
-100 46.5 3.87474
-99.5 46.5 3.91232
-99 46.5 3.95674
-98.5 46.5 3.98311
-98 46.5 3.99149
-97.5 46.5 3.98177
-97 46.5 3.96694
-96.5 46.5 3.95365
-96 46.5 3.94718
-95.5 46.5 3.93955
-95 46.5 3.92888
-94.5 46.5 3.92078
-94 46.5 3.90926
-93.5 46.5 3.89329
-93 46.5 3.88331
-92.5 46.5 3.87934
-92 46.5 3.88084
-91.5 46.5 3.89331
-91 46.5 3.89806
-90.5 46.5 3.89043
-90 46.5 3.87638
-89.5 46.5 3.87142
-89 46.5 3.88365
-88.5 46.5 3.89439
-88 46.5 3.90692
-87.5 46.5 3.91874
-87 46.5 3.90008
-86.5 46.5 3.88833
-86 46.5 3.88651
-85.5 46.5 3.87638
-85 46.5 3.88869
-84.5 46.5 3.91039
-84 46.5 3.92548
-83.5 46.5 3.94002
-83 46.5 3.97366
-82.5 46.5 3.98954
-82 46.5 3.99334
-81.5 46.5 4.02666
-81 46.5 4.05354
-119 47 3.79183
-118.5 47 3.80897
-118 47 3.83001
-117.5 47 3.8578
-117 47 3.87688
-116.5 47 3.85878
-116 47 3.84014
-115.5 47 3.82535
-115 47 3.80886
-114.5 47 3.78679
-114 47 3.76741
-113.5 47 3.75227
-113 47 3.73371
-112.5 47 3.73514
-112 47 3.76228
-111.5 47 3.7721
-111 47 3.77838
-110.5 47 3.7764
-110 47 3.76475
-109.5 47 3.76084
-109 47 3.7696
-108.5 47 3.78598
-108 47 3.80741
-107.5 47 3.81937
-107 47 3.83567
-106.5 47 3.84366
-106 47 3.83418
-105.5 47 3.81847
-105 47 3.80502
-104.5 47 3.80057
-104 47 3.793
-103.5 47 3.78278
-103 47 3.79082
-102.5 47 3.80928
-102 47 3.83164
-101.5 47 3.83762
-101 47 3.84383
-100.5 47 3.85361
-100 47 3.87503
-99.5 47 3.91276
-99 47 3.96137
-98.5 47 3.98857
-98 47 3.99807
-97.5 47 3.98812
-97 47 3.97723
-96.5 47 3.96972
-96 47 3.96621
-95.5 47 3.95871
-95 47 3.95325
-94.5 47 3.94873
-94 47 3.93785
-93.5 47 3.92671
-93 47 3.9174
-92.5 47 3.9121
-92 47 3.91012
-91.5 47 3.90769
-91 47 3.88785
-90.5 47 3.86375
-90 47 3.84998
-89.5 47 3.859
-89 47 3.86679
-88.5 47 3.87837
-88 47 3.88135
-87.5 47 3.86976
-87 47 3.8519
-86.5 47 3.85717
-86 47 3.85496
-85.5 47 3.84955
-85 47 3.86279
-84.5 47 3.89018
-84 47 3.90838
-83.5 47 3.93449
-83 47 3.97047
-82.5 47 3.97161
-82 47 3.97618
-81.5 47 4.01982
-81 47 4.01399
-119 47.5 3.79738
-118.5 47.5 3.82276
-118 47.5 3.83368
-117.5 47.5 3.84252
-117 47.5 3.85324
-116.5 47.5 3.83992
-116 47.5 3.82741
-115.5 47.5 3.82014
-115 47.5 3.80078
-114.5 47.5 3.77795
-114 47.5 3.76447
-113.5 47.5 3.74979
-113 47.5 3.74908
-112.5 47.5 3.77127
-112 47.5 3.79325
-111.5 47.5 3.79701
-111 47.5 3.80169
-110.5 47.5 3.80525
-110 47.5 3.79853
-109.5 47.5 3.78824
-109 47.5 3.78864
-108.5 47.5 3.79406
-108 47.5 3.8008
-107.5 47.5 3.80479
-107 47.5 3.82307
-106.5 47.5 3.83978
-106 47.5 3.8407
-105.5 47.5 3.82379
-105 47.5 3.79548
-104.5 47.5 3.78884
-104 47.5 3.78852
-103.5 47.5 3.78528
-103 47.5 3.78893
-102.5 47.5 3.80761
-102 47.5 3.83178
-101.5 47.5 3.83973
-101 47.5 3.8431
-100.5 47.5 3.84763
-100 47.5 3.86993
-99.5 47.5 3.9049
-99 47.5 3.95224
-98.5 47.5 3.98235
-98 47.5 3.99434
-97.5 47.5 3.98616
-97 47.5 3.98185
-96.5 47.5 3.9796
-96 47.5 3.97184
-95.5 47.5 3.96809
-95 47.5 3.96742
-94.5 47.5 3.96104
-94 47.5 3.95584
-93.5 47.5 3.95096
-93 47.5 3.94205
-92.5 47.5 3.93074
-92 47.5 3.92612
-91.5 47.5 3.91718
-91 47.5 3.88232
-90.5 47.5 3.86208
-90 47.5 3.8677
-89.5 47.5 3.87482
-89 47.5 3.87982
-88.5 47.5 3.88876
-88 47.5 3.86521
-87.5 47.5 3.8326
-87 47.5 3.82486
-86.5 47.5 3.83668
-86 47.5 3.82506
-85.5 47.5 3.8119
-85 47.5 3.83158
-84.5 47.5 3.85447
-84 47.5 3.86051
-83.5 47.5 3.89174
-83 47.5 3.91666
-82.5 47.5 3.88325
-82 47.5 3.89616
-81.5 47.5 3.96157
-81 47.5 3.9266
-119 48 3.81994
-118.5 48 3.83226
-118 48 3.8163
-117.5 48 3.83362
-117 48 3.82863
-116.5 48 3.80998
-116 48 3.80885
-115.5 48 3.80696
-115 48 3.79239
-114.5 48 3.76971
-114 48 3.76843
-113.5 48 3.77496
-113 48 3.77775
-112.5 48 3.7923
-112 48 3.80913
-111.5 48 3.8192
-111 48 3.8212
-110.5 48 3.82245
-110 48 3.82753
-109.5 48 3.82532
-109 48 3.81795
-108.5 48 3.80647
-108 48 3.80277
-107.5 48 3.79981
-107 48 3.80773
-106.5 48 3.82559
-106 48 3.83629
-105.5 48 3.83358
-105 48 3.80867
-104.5 48 3.78799
-104 48 3.78645
-103.5 48 3.79081
-103 48 3.79531
-102.5 48 3.80797
-102 48 3.82765
-101.5 48 3.83838
-101 48 3.8419
-100.5 48 3.85014
-100 48 3.87409
-99.5 48 3.90816
-99 48 3.9434
-98.5 48 3.97325
-98 48 3.98381
-97.5 48 3.98431
-97 48 3.98356
-96.5 48 3.9774
-96 48 3.97027
-95.5 48 3.97226
-95 48 3.96671
-94.5 48 3.95967
-94 48 3.96151
-93.5 48 3.95138
-93 48 3.92624
-92.5 48 3.91145
-92 48 3.91557
-91.5 48 3.89539
-91 48 3.87406
-90.5 48 3.867
-90 48 3.85607
-89.5 48 3.86522
-89 48 3.88853
-88.5 48 3.87353
-88 48 3.83617
-87.5 48 3.81804
-87 48 3.82251
-86.5 48 3.81634
-86 48 3.80383
-85.5 48 3.82524
-85 48 3.83883
-84.5 48 3.83043
-84 48 3.84484
-83.5 48 3.85405
-83 48 3.83722
-82.5 48 3.84326
-82 48 3.85605
-81.5 48 3.87487
-81 48 3.91222
-119 48.5 3.81905
-118.5 48.5 3.80875
-118 48.5 3.81253
-117.5 48.5 3.83431
-117 48.5 3.83458
-116.5 48.5 3.82205
-116 48.5 3.82043
-115.5 48.5 3.81728
-115 48.5 3.8125
-114.5 48.5 3.80461
-114 48.5 3.79882
-113.5 48.5 3.81118
-113 48.5 3.82106
-112.5 48.5 3.82952
-112 48.5 3.84439
-111.5 48.5 3.85698
-111 48.5 3.86183
-110.5 48.5 3.86632
-110 48.5 3.86973
-109.5 48.5 3.86369
-109 48.5 3.85522
-108.5 48.5 3.83928
-108 48.5 3.82322
-107.5 48.5 3.81758
-107 48.5 3.81221
-106.5 48.5 3.82189
-106 48.5 3.83821
-105.5 48.5 3.84205
-105 48.5 3.83427
-104.5 48.5 3.81274
-104 48.5 3.79978
-103.5 48.5 3.79594
-103 48.5 3.80396
-102.5 48.5 3.81852
-102 48.5 3.83462
-101.5 48.5 3.84568
-101 48.5 3.84844
-100.5 48.5 3.86119
-100 48.5 3.88814
-99.5 48.5 3.92203
-99 48.5 3.95325
-98.5 48.5 3.97476
-98 48.5 3.98364
-97.5 48.5 3.98821
-97 48.5 3.98644
-96.5 48.5 3.97925
-96 48.5 3.98042
-95.5 48.5 3.98021
-95 48.5 3.97019
-94.5 48.5 3.96395
-94 48.5 3.95825
-93.5 48.5 3.93383
-93 48.5 3.90656
-92.5 48.5 3.89335
-92 48.5 3.88103
-91.5 48.5 3.86561
-91 48.5 3.86323
-90.5 48.5 3.84971
-90 48.5 3.85295
-89.5 48.5 3.87552
-89 48.5 3.88624
-88.5 48.5 3.87363
-88 48.5 3.85856
-87.5 48.5 3.85054
-87 48.5 3.85183
-86.5 48.5 3.84714
-86 48.5 3.85274
-85.5 48.5 3.87058
-85 48.5 3.8687
-84.5 48.5 3.85826
-84 48.5 3.859
-83.5 48.5 3.86623
-83 48.5 3.86938
-82.5 48.5 3.86946
-82 48.5 3.84843
-81.5 48.5 3.8781
-81 48.5 3.94128
-119 49 3.858
-118.5 49 3.7969
-118 49 3.81853
-117.5 49 3.85342
-117 49 3.86131
-116.5 49 3.85396
-116 49 3.8609
-115.5 49 3.85874
-115 49 3.86324
-114.5 49 3.87455
-114 49 3.87199
-113.5 49 3.88287
-113 49 3.90255
-112.5 49 3.90275
-112 49 3.91076
-111.5 49 3.92727
-111 49 3.93031
-110.5 49 3.93617
-110 49 3.945
-109.5 49 3.93542
-109 49 3.92086
-108.5 49 3.9049
-108 49 3.88354
-107.5 49 3.87473
-107 49 3.86729
-106.5 49 3.86327
-106 49 3.87063
-105.5 49 3.87588
-105 49 3.86723
-104.5 49 3.84828
-104 49 3.83488
-103.5 49 3.82471
-103 49 3.82438
-102.5 49 3.83511
-102 49 3.85159
-101.5 49 3.86875
-101 49 3.88076
-100.5 49 3.89339
-100 49 3.91116
-99.5 49 3.93621
-99 49 3.95991
-98.5 49 3.98056
-98 49 3.99317
-97.5 49 4.00222
-97 49 4.00596
-96.5 49 4.00764
-96 49 4.01301
-95.5 49 4.01152
-95 49 4.00283
-94.5 49 3.99915
-94 49 3.98776
-93.5 49 3.96217
-93 49 3.94074
-92.5 49 3.92169
-92 49 3.91152
-91.5 49 3.91633
-91 49 3.91224
-90.5 49 3.89917
-90 49 3.91247
-89.5 49 3.92699
-89 49 3.92401
-88.5 49 3.91662
-88 49 3.9059
-87.5 49 3.89493
-87 49 3.88761
-86.5 49 3.88303
-86 49 3.88977
-85.5 49 3.89651
-85 49 3.88996
-84.5 49 3.86803
-84 49 3.86664
-83.5 49 3.88638
-83 49 3.904
-82.5 49 3.87459
-82 49 3.83453
-81.5 49 3.88614
-81 49 3.97172
