-119 25 652.311
-118.5 25 643.183
-118 25 634.315
-117.5 25 625.63
-117 25 617.068
-116.5 25 608.546
-116 25 600.114
-115.5 25 591.745
-115 25 583.422
-114.5 25 575.184
-114 25 567.037
-113.5 25 559.026
-113 25 551.18
-112.5 25 543.537
-112 25 536.15
-111.5 25 529.024
-111 25 522.121
-110.5 25 515.43
-110 25 508.977
-109.5 25 502.754
-109 25 496.888
-108.5 25 491.378
-108 25 486.213
-107.5 25 481.388
-107 25 476.84
-106.5 25 472.454
-106 25 468.228
-105.5 25 464.234
-105 25 460.515
-104.5 25 457.154
-104 25 454.105
-103.5 25 451.33
-103 25 448.793
-102.5 25 446.508
-102 25 444.441
-101.5 25 442.745
-101 25 441.411
-100.5 25 440.445
-100 25 439.902
-99.5 25 439.81
-99 25 440.25
-98.5 25 440.985
-98 25 441.962
-97.5 25 443.097
-97 25 444.568
-96.5 25 446.409
-96 25 448.7
-95.5 25 451.489
-95 25 454.644
-94.5 25 458.016
-94 25 461.63
-93.5 25 465.454
-93 25 469.45
-92.5 25 473.753
-92 25 478.398
-91.5 25 483.45
-91 25 488.726
-90.5 25 494.231
-90 25 499.96
-89.5 25 505.919
-89 25 512.134
-88.5 25 518.587
-88 25 525.272
-87.5 25 532.175
-87 25 539.271
-86.5 25 546.499
-86 25 553.853
-85.5 25 561.313
-85 25 568.925
-84.5 25 576.668
-84 25 584.477
-83.5 25 592.356
-83 25 600.382
-82.5 25 608.619
-82 25 617.006
-81.5 25 625.385
-81 25 633.597
-119 25.5 641.369
-118.5 25.5 632.154
-118 25.5 623.251
-117.5 25.5 614.509
-117 25.5 605.853
-116.5 25.5 597.304
-116 25.5 588.813
-115.5 25.5 580.402
-115 25.5 572.05
-114.5 25.5 563.755
-114 25.5 555.524
-113.5 25.5 547.418
-113 25.5 539.44
-112.5 25.5 531.595
-112 25.5 524.073
-111.5 25.5 516.79
-111 25.5 509.739
-110.5 25.5 502.906
-110 25.5 496.293
-109.5 25.5 489.867
-109 25.5 483.858
-108.5 25.5 478.194
-108 25.5 472.874
-107.5 25.5 467.893
-107 25.5 463.2
-106.5 25.5 458.717
-106 25.5 454.418
-105.5 25.5 450.35
-105 25.5 446.538
-104.5 25.5 443.079
-104 25.5 439.926
-103.5 25.5 437.098
-103 25.5 434.499
-102.5 25.5 432.157
-102 25.5 430.092
-101.5 25.5 428.357
-101 25.5 427.003
-100.5 25.5 426.049
-100 25.5 425.4
-99.5 25.5 425.212
-99 25.5 425.662
-98.5 25.5 426.623
-98 25.5 427.858
-97.5 25.5 428.997
-97 25.5 430.351
-96.5 25.5 432.12
-96 25.5 434.476
-95.5 25.5 437.355
-95 25.5 440.623
-94.5 25.5 444.16
-94 25.5 447.791
-93.5 25.5 451.668
-93 25.5 455.77
-92.5 25.5 460.208
-92 25.5 465.001
-91.5 25.5 470.207
-91 25.5 475.579
-90.5 25.5 481.164
-90 25.5 486.974
-89.5 25.5 493.086
-89 25.5 499.437
-88.5 25.5 506.026
-88 25.5 512.885
-87.5 25.5 519.932
-87 25.5 527.173
-86.5 25.5 534.456
-86 25.5 541.849
-85.5 25.5 549.372
-85 25.5 557.074
-84.5 25.5 564.879
-84 25.5 572.779
-83.5 25.5 580.788
-83 25.5 588.936
-82.5 25.5 597.331
-82 25.5 605.668
-81.5 25.5 613.986
-81 25.5 622.18
-119 26 630.609
-118.5 26 621.36
-118 26 612.376
-117.5 26 603.576
-117 26 594.856
-116.5 26 586.219
-116 26 577.655
-115.5 26 569.182
-115 26 560.77
-114.5 26 552.416
-114 26 544.123
-113.5 26 535.914
-113 26 527.809
-112.5 26 519.844
-112 26 512.131
-111.5 26 504.66
-111 26 497.443
-110.5 26 490.448
-110 26 483.677
-109.5 26 477.137
-109 26 470.928
-108.5 26 465.061
-108 26 459.555
-107.5 26 454.393
-107 26 449.542
-106.5 26 444.958
-106 26 440.6
-105.5 26 436.481
-105 26 432.617
-104.5 26 429.061
-104 26 425.807
-103.5 26 422.871
-103 26 420.188
-102.5 26 417.777
-102 26 415.672
-101.5 26 413.92
-101 26 412.538
-100.5 26 411.54
-100 26 410.91
-99.5 26 410.756
-99 26 411.2
-98.5 26 412.085
-98 26 413.263
-97.5 26 414.522
-97 26 416.007
-96.5 26 417.886
-96 26 420.281
-95.5 26 423.197
-95 26 426.498
-94.5 26 430.048
-94 26 433.787
-93.5 26 437.777
-93 26 442.055
-92.5 26 446.667
-92 26 451.634
-91.5 26 456.952
-91 26 462.461
-90.5 26 468.182
-90 26 474.137
-89.5 26 480.366
-89 26 486.862
-88.5 26 493.626
-88 26 500.621
-87.5 26 507.794
-87 26 515.091
-86.5 26 522.456
-86 26 529.935
-85.5 26 537.561
-85 26 545.346
-84.5 26 553.235
-84 26 561.222
-83.5 26 569.355
-83 26 577.622
-82.5 26 586.011
-82 26 594.329
-81.5 26 602.621
-81 26 610.896
-119 26.5 620.079
-118.5 26.5 610.724
-118 26.5 601.672
-117.5 26.5 592.823
-117 26.5 584.025
-116.5 26.5 575.284
-116 26.5 566.626
-115.5 26.5 558.084
-115 26.5 549.605
-114.5 26.5 541.193
-114 26.5 532.838
-113.5 26.5 524.539
-113 26.5 516.324
-112.5 26.5 508.231
-112 26.5 500.334
-111.5 26.5 492.66
-111 26.5 485.271
-110.5 26.5 478.107
-110 26.5 471.181
-109.5 26.5 464.505
-109 26.5 458.092
-108.5 26.5 452.003
-108 26.5 446.294
-107.5 26.5 440.943
-107 26.5 435.929
-106.5 26.5 431.241
-106 26.5 426.81
-105.5 26.5 422.641
-105 26.5 418.727
-104.5 26.5 415.081
-104 26.5 411.716
-103.5 26.5 408.68
-103 26.5 405.901
-102.5 26.5 403.411
-102 26.5 401.244
-101.5 26.5 399.475
-101 26.5 398.069
-100.5 26.5 397.041
-100 26.5 396.401
-99.5 26.5 396.224
-99 26.5 396.644
-98.5 26.5 397.402
-98 26.5 398.525
-97.5 26.5 399.89
-97 26.5 401.555
-96.5 26.5 403.597
-96 26.5 406.057
-95.5 26.5 409.039
-95 26.5 412.371
-94.5 26.5 415.919
-94 26.5 419.766
-93.5 26.5 423.892
-93 26.5 428.354
-92.5 26.5 433.138
-92 26.5 438.267
-91.5 26.5 443.745
-91 26.5 449.394
-90.5 26.5 455.264
-90 26.5 461.374
-89.5 26.5 467.73
-89 26.5 474.365
-88.5 26.5 481.306
-88 26.5 488.437
-87.5 26.5 495.733
-87 26.5 503.09
-86.5 26.5 510.534
-86 26.5 518.111
-85.5 26.5 525.86
-85 26.5 533.754
-84.5 26.5 541.737
-84 26.5 549.79
-83.5 26.5 558.034
-83 26.5 566.387
-82.5 26.5 574.79
-82 26.5 583.062
-81.5 26.5 591.342
-81 26.5 599.709
-119 27 609.824
-118.5 27 600.278
-118 27 591.127
-117.5 27 582.19
-117 27 573.311
-116.5 27 564.478
-116 27 555.738
-115.5 27 547.087
-115 27 538.548
-114.5 27 530.088
-114 27 521.664
-113.5 27 513.302
-113 27 505.011
-112.5 27 496.784
-112 27 488.716
-111.5 27 480.84
-111 27 473.235
-110.5 27 465.903
-110 27 458.814
-109.5 27 451.964
-109 27 445.367
-108.5 27 439.078
-108 27 433.125
-107.5 27 427.591
-107 27 422.411
-106.5 27 417.595
-106 27 413.055
-105.5 27 408.811
-105 27 404.874
-104.5 27 401.137
-104 27 397.68
-103.5 27 394.516
-103 27 391.636
-102.5 27 389.074
-102 27 386.873
-101.5 27 385.077
-101 27 383.672
-100.5 27 382.638
-100 27 381.893
-99.5 27 381.588
-99 27 381.828
-98.5 27 382.549
-98 27 383.667
-97.5 27 385.177
-97 27 387.059
-96.5 27 389.296
-96 27 391.871
-95.5 27 394.948
-95 27 398.296
-94.5 27 401.876
-94 27 405.857
-93.5 27 410.151
-93 27 414.751
-92.5 27 419.641
-92 27 424.91
-91.5 27 430.539
-91 27 436.344
-90.5 27 442.384
-90 27 448.652
-89.5 27 455.168
-89 27 461.928
-88.5 27 468.996
-88 27 476.277
-87.5 27 483.708
-87 27 491.165
-86.5 27 498.701
-86 27 506.385
-85.5 27 514.321
-85 27 522.313
-84.5 27 530.389
-84 27 538.496
-83.5 27 546.839
-83 27 555.271
-82.5 27 563.642
-82 27 571.893
-81.5 27 580.167
-81 27 588.598
-119 27.5 599.874
-118.5 27.5 590.166
-118 27.5 580.805
-117.5 27.5 571.691
-117 27.5 562.699
-116.5 27.5 553.787
-116 27.5 544.964
-115.5 27.5 536.228
-115 27.5 527.602
-114.5 27.5 519.069
-114 27.5 510.601
-113.5 27.5 502.178
-113 27.5 493.812
-112.5 27.5 485.502
-112 27.5 477.289
-111.5 27.5 469.238
-111 27.5 461.423
-110.5 27.5 453.879
-110 27.5 446.59
-109.5 27.5 439.555
-109 27.5 432.771
-108.5 27.5 426.29
-108 27.5 420.154
-107.5 27.5 414.388
-107 27.5 408.997
-106.5 27.5 403.993
-106 27.5 399.335
-105.5 27.5 394.992
-105 27.5 390.947
-104.5 27.5 387.163
-104 27.5 383.641
-103.5 27.5 380.356
-103 27.5 377.367
-102.5 27.5 374.716
-102 27.5 372.466
-101.5 27.5 370.661
-101 27.5 369.254
-100.5 27.5 368.167
-100 27.5 367.346
-99.5 27.5 366.942
-99 27.5 367.064
-98.5 27.5 367.736
-98 27.5 368.896
-97.5 27.5 370.529
-97 27.5 372.619
-96.5 27.5 375.113
-96 27.5 377.964
-95.5 27.5 381.068
-95 27.5 384.449
-94.5 27.5 388.083
-94 27.5 392.09
-93.5 27.5 396.426
-93 27.5 401.085
-92.5 27.5 406.127
-92 27.5 411.537
-91.5 27.5 417.308
-91 27.5 423.315
-90.5 27.5 429.558
-90 27.5 436.046
-89.5 27.5 442.756
-89 27.5 449.667
-88.5 27.5 456.806
-88 27.5 464.179
-87.5 27.5 471.698
-87 27.5 479.291
-86.5 27.5 486.976
-86 27.5 494.815
-85.5 27.5 502.857
-85 27.5 510.957
-84.5 27.5 519.13
-84 27.5 527.382
-83.5 27.5 535.768
-83 27.5 544.206
-82.5 27.5 552.576
-82 27.5 560.941
-81.5 27.5 569.375
-81 27.5 577.957
-119 28 590.238
-118.5 28 580.271
-118 28 570.709
-117.5 28 561.411
-117 28 552.285
-116.5 28 543.265
-116 28 534.342
-115.5 28 525.501
-115 28 516.78
-114.5 28 508.165
-114 28 499.649
-113.5 28 491.164
-113 28 482.741
-112.5 28 474.364
-112 28 466.025
-111.5 28 457.811
-111 28 449.797
-110.5 28 442.049
-110 28 434.548
-109.5 28 427.319
-109 28 420.331
-108.5 28 413.642
-108 28 407.321
-107.5 28 401.319
-107 28 395.697
-106.5 28 390.496
-106 28 385.691
-105.5 28 381.214
-105 28 377.035
-104.5 28 373.183
-104 28 369.602
-103.5 28 366.192
-103 28 363.088
-102.5 28 360.331
-102 28 358.005
-101.5 28 356.202
-101 28 354.803
-100.5 28 353.671
-100 28 352.767
-99.5 28 352.281
-99 28 352.322
-98.5 28 352.99
-98 28 354.204
-97.5 28 355.941
-97 28 358.209
-96.5 28 360.912
-96 28 364.022
-95.5 28 367.173
-95 28 370.662
-94.5 28 374.371
-94 28 378.448
-93.5 28 382.839
-93 28 387.543
-92.5 28 392.748
-92 28 398.301
-91.5 28 404.244
-91 28 410.444
-90.5 28 416.882
-90 28 423.61
-89.5 28 430.529
-89 28 437.59
-88.5 28 444.784
-88 28 452.241
-87.5 28 459.839
-87 28 467.549
-86.5 28 475.374
-86 28 483.35
-85.5 28 491.523
-85 28 499.712
-84.5 28 507.988
-84 28 516.386
-83.5 28 524.84
-83 28 533.325
-82.5 28 541.719
-82 28 550.269
-81.5 28 558.931
-81 28 567.717
-119 28.5 580.875
-118.5 28.5 570.68
-118 28.5 560.91
-117.5 28.5 551.382
-117 28.5 542.12
-116.5 28.5 532.948
-116 28.5 523.893
-115.5 28.5 514.939
-115 28.5 506.104
-114.5 28.5 497.385
-114 28.5 488.773
-113.5 28.5 480.233
-113 28.5 471.771
-112.5 28.5 463.331
-112 28.5 454.896
-111.5 28.5 446.56
-111 28.5 438.377
-110.5 28.5 430.427
-110 28.5 422.713
-109.5 28.5 415.276
-109 28.5 408.063
-108.5 28.5 401.143
-108 28.5 394.588
-107.5 28.5 388.386
-107 28.5 382.573
-106.5 28.5 377.181
-106 28.5 372.159
-105.5 28.5 367.496
-105 28.5 363.153
-104.5 28.5 359.188
-104 28.5 355.523
-103.5 28.5 352.051
-103 28.5 348.819
-102.5 28.5 345.929
-102 28.5 343.488
-101.5 28.5 341.692
-101 28.5 340.291
-100.5 28.5 339.02
-100 28.5 338.136
-99.5 28.5 337.662
-99 28.5 337.653
-98.5 28.5 338.372
-98 28.5 339.656
-97.5 28.5 341.458
-97 28.5 343.816
-96.5 28.5 346.562
-96 28.5 349.523
-95.5 28.5 352.986
-95 28.5 356.733
-94.5 28.5 360.667
-94 28.5 364.92
-93.5 28.5 369.498
-93 28.5 374.343
-92.5 28.5 379.704
-92 28.5 385.422
-91.5 28.5 391.514
-91 28.5 397.838
-90.5 28.5 404.417
-90 28.5 411.405
-89.5 28.5 418.511
-89 28.5 425.763
-88.5 28.5 433.06
-88 28.5 440.543
-87.5 28.5 448.184
-87 28.5 455.957
-86.5 28.5 463.935
-86 28.5 472.043
-85.5 28.5 480.301
-85 28.5 488.576
-84.5 28.5 496.976
-84 28.5 505.519
-83.5 28.5 514.044
-83 28.5 522.598
-82.5 28.5 531.102
-82 28.5 539.965
-81.5 28.5 548.926
-81 28.5 557.952
-119 29 571.7
-118.5 29 561.498
-118 29 551.509
-117.5 29 541.736
-117 29 532.206
-116.5 29 522.862
-116 29 513.663
-115.5 29 504.576
-115 29 495.6
-114.5 29 486.738
-114 29 478
-113.5 29 469.371
-113 29 460.837
-112.5 29 452.347
-112 29 443.87
-111.5 29 435.46
-111 29 427.144
-110.5 29 419.015
-110 29 411.094
-109.5 29 403.421
-109 29 395.993
-108.5 29 388.844
-108 29 382.028
-107.5 29 375.599
-107 29 369.564
-106.5 29 363.933
-106 29 358.685
-105.5 29 353.8
-105 29 349.276
-104.5 29 345.176
-104 29 341.408
-103.5 29 337.867
-103 29 334.548
-102.5 29 331.581
-102 29 329.072
-101.5 29 327.183
-101 29 325.709
-100.5 29 324.441
-100 29 323.555
-99.5 29 323.102
-99 29 323.175
-98.5 29 323.951
-98 29 325.325
-97.5 29 327.197
-97 29 329.53
-96.5 29 332.257
-96 29 335.321
-95.5 29 338.87
-95 29 342.773
-94.5 29 346.935
-94 29 351.402
-93.5 29 356.233
-93 29 361.387
-92.5 29 366.928
-92 29 372.858
-91.5 29 379.071
-91 29 385.488
-90.5 29 392.204
-90 29 399.285
-89.5 29 406.556
-89 29 413.973
-88.5 29 421.427
-88 29 428.999
-87.5 29 436.732
-87 29 444.642
-86.5 29 452.725
-86 29 460.916
-85.5 29 469.182
-85 29 477.546
-84.5 29 486.064
-84 29 494.735
-83.5 29 503.431
-83 29 512.166
-82.5 29 521.024
-82 29 530.183
-81.5 29 539.434
-81 29 548.646
-119 29.5 562.764
-118.5 29.5 552.532
-118 29.5 542.387
-117.5 29.5 532.386
-117 29.5 522.589
-116.5 29.5 513.056
-116 29.5 503.692
-115.5 29.5 494.45
-115 29.5 485.31
-114.5 29.5 476.274
-114 29.5 467.378
-113.5 29.5 458.63
-113 29.5 450.008
-112.5 29.5 441.474
-112 29.5 432.963
-111.5 29.5 424.515
-111 29.5 416.089
-110.5 29.5 407.811
-110 29.5 399.687
-109.5 29.5 391.789
-109 29.5 384.143
-108.5 29.5 376.756
-108 29.5 369.661
-107.5 29.5 362.984
-107 29.5 356.696
-106.5 29.5 350.807
-106 29.5 345.312
-105.5 29.5 340.181
-105 29.5 335.421
-104.5 29.5 331.157
-104 29.5 327.27
-103.5 29.5 323.643
-103 29.5 320.223
-102.5 29.5 317.188
-102 29.5 314.586
-101.5 29.5 312.667
-101 29.5 311.196
-100.5 29.5 309.922
-100 29.5 309.061
-99.5 29.5 308.637
-99 29.5 308.766
-98.5 29.5 309.632
-98 29.5 311.099
-97.5 29.5 313.026
-97 29.5 315.342
-96.5 29.5 318.071
-96 29.5 321.195
-95.5 29.5 324.828
-95 29.5 328.853
-94.5 29.5 333.172
-94 29.5 337.819
-93.5 29.5 342.906
-93 29.5 348.359
-92.5 29.5 354.12
-92 29.5 360.314
-91.5 29.5 366.691
-91 29.5 373.203
-90.5 29.5 380.036
-90 29.5 387.229
-89.5 29.5 394.645
-89 29.5 402.248
-88.5 29.5 409.865
-88 29.5 417.572
-87.5 29.5 425.443
-87 29.5 433.522
-86.5 29.5 441.718
-86 29.5 449.988
-85.5 29.5 458.251
-85 29.5 466.71
-84.5 29.5 475.369
-84 29.5 484.244
-83.5 29.5 493.169
-83 29.5 502.152
-82.5 29.5 511.351
-82 29.5 520.817
-81.5 29.5 530.309
-81 29.5 539.647
-119 30 553.932
-118.5 30 543.71
-118 30 533.483
-117.5 30 523.372
-117 30 513.339
-116.5 30 503.568
-116 30 493.971
-115.5 30 484.606
-115 30 475.282
-114.5 30 466.068
-114 30 456.966
-113.5 30 448.075
-113 30 439.297
-112.5 30 430.671
-112 30 422.157
-111.5 30 413.713
-111 30 405.255
-110.5 30 396.826
-110 30 388.52
-109.5 30 380.395
-109 30 372.533
-108.5 30 364.906
-108 30 357.561
-107.5 30 350.597
-107 30 344.009
-106.5 30 337.873
-106 30 332.096
-105.5 30 326.7
-105 30 321.683
-104.5 30 317.143
-104 30 313.019
-103.5 30 309.238
-103 30 305.761
-102.5 30 302.681
-102 30 300.048
-101.5 30 298.122
-101 30 296.695
-100.5 30 295.514
-100 30 294.667
-99.5 30 294.292
-99 30 294.448
-98.5 30 295.361
-98 30 296.861
-97.5 30 298.802
-97 30 301.194
-96.5 30 303.995
-96 30 307.145
-95.5 30 310.877
-95 30 314.989
-94.5 30 319.294
-94 30 324.129
-93.5 30 329.289
-93 30 334.891
-92.5 30 341.04
-92 30 347.477
-91.5 30 354.068
-91 30 360.851
-90.5 30 367.864
-90 30 375.164
-89.5 30 382.742
-89 30 390.447
-88.5 30 398.328
-88 30 406.255
-87.5 30 414.327
-87 30 422.622
-86.5 30 430.887
-86 30 439.226
-85.5 30 447.51
-85 30 456.178
-84.5 30 465.043
-84 30 474.17
-83.5 30 483.387
-83 30 492.731
-82.5 30 502.269
-82 30 511.776
-81.5 30 521.332
-81 30 530.673
-119 30.5 545.144
-118.5 30.5 534.884
-118 30.5 524.666
-117.5 30.5 514.524
-117 30.5 504.416
-116.5 30.5 494.419
-116 30.5 484.589
-115.5 30.5 474.984
-115 30.5 465.509
-114.5 30.5 456.156
-114 30.5 446.93
-113.5 30.5 437.859
-113 30.5 428.91
-112.5 30.5 420.116
-112 30.5 411.498
-111.5 30.5 402.978
-111 30.5 394.473
-110.5 30.5 385.968
-110 30.5 377.552
-109.5 30.5 369.256
-109 30.5 361.159
-108.5 30.5 353.3
-108 30.5 345.696
-107.5 30.5 338.453
-107 30.5 331.577
-106.5 30.5 325.099
-106 30.5 319.016
-105.5 30.5 313.308
-105 30.5 308
-104.5 30.5 303.153
-104 30.5 298.777
-103.5 30.5 294.826
-103 30.5 291.255
-102.5 30.5 288.121
-102 30.5 285.488
-101.5 30.5 283.516
-101 30.5 282.068
-100.5 30.5 280.986
-100 30.5 280.226
-99.5 30.5 279.926
-99 30.5 280.194
-98.5 30.5 281.137
-98 30.5 282.659
-97.5 30.5 284.661
-97 30.5 287.114
-96.5 30.5 289.987
-96 30.5 293.278
-95.5 30.5 297.109
-95 30.5 301.357
-94.5 30.5 305.91
-94 30.5 310.857
-93.5 30.5 316.178
-93 30.5 321.939
-92.5 30.5 328.22
-92 30.5 334.837
-91.5 30.5 341.663
-91 30.5 348.678
-90.5 30.5 355.924
-90 30.5 363.446
-89.5 30.5 371.154
-89 30.5 379
-88.5 30.5 387.009
-88 30.5 395.119
-87.5 30.5 403.353
-87 30.5 411.731
-86.5 30.5 420.171
-86 30.5 428.683
-85.5 30.5 437.274
-85 30.5 446.142
-84.5 30.5 455.236
-84 30.5 464.536
-83.5 30.5 473.943
-83 30.5 483.468
-82.5 30.5 493.102
-82 30.5 502.731
-81.5 30.5 512.331
-81 30.5 521.821
-119 31 536.546
-118.5 31 526.229
-118 31 516.001
-117.5 31 505.846
-117 31 495.689
-116.5 31 485.516
-116 31 475.479
-115.5 31 465.667
-115 31 456.043
-114.5 31 446.561
-114 31 437.21
-113.5 31 427.967
-113 31 418.826
-112.5 31 409.812
-112 31 401.044
-111.5 31 392.397
-111 31 383.803
-110.5 31 375.19
-110 31 366.667
-109.5 31 358.199
-109 31 349.895
-108.5 31 341.843
-108 31 333.981
-107.5 31 326.484
-107 31 319.332
-106.5 31 312.505
-106 31 306.085
-105.5 31 300.025
-105 31 294.367
-104.5 31 289.198
-104 31 284.565
-103.5 31 280.449
-103 31 276.773
-102.5 31 273.588
-102 31 270.912
-101.5 31 268.908
-101 31 267.437
-100.5 31 266.446
-100 31 265.754
-99.5 31 265.539
-99 31 265.922
-98.5 31 266.938
-98 31 268.518
-97.5 31 270.598
-97 31 273.127
-96.5 31 276.09
-96 31 279.507
-95.5 31 283.499
-95 31 287.95
-94.5 31 292.769
-94 31 297.874
-93.5 31 303.375
-93 31 309.269
-92.5 31 315.682
-92 31 322.466
-91.5 31 329.51
-91 31 336.739
-90.5 31 344.214
-90 31 352.001
-89.5 31 359.856
-89 31 367.84
-88.5 31 375.977
-88 31 384.245
-87.5 31 392.621
-87 31 401.104
-86.5 31 409.746
-86 31 418.489
-85.5 31 427.382
-85 31 436.484
-84.5 31 445.793
-84 31 455.263
-83.5 31 464.805
-83 31 474.445
-82.5 31 484.154
-82 31 493.9
-81.5 31 503.589
-81 31 513.218
-119 31.5 528.314
-118.5 31.5 517.895
-118 31.5 507.543
-117.5 31.5 497.219
-117 31.5 486.993
-116.5 31.5 476.831
-116 31.5 466.718
-115.5 31.5 456.709
-115 31.5 446.911
-114.5 31.5 437.287
-114 31.5 427.801
-113.5 31.5 418.386
-113 31.5 409.102
-112.5 31.5 399.845
-112 31.5 390.842
-111.5 31.5 381.974
-111 31.5 373.178
-110.5 31.5 364.429
-110 31.5 355.71
-109.5 31.5 347.043
-109 31.5 338.631
-108.5 31.5 330.421
-108 31.5 322.378
-107.5 31.5 314.63
-107 31.5 307.26
-106.5 31.5 300.155
-106 31.5 293.315
-105.5 31.5 286.868
-105 31.5 280.744
-104.5 31.5 275.298
-104 31.5 270.393
-103.5 31.5 266.067
-103 31.5 262.352
-102.5 31.5 259.172
-102 31.5 256.502
-101.5 31.5 254.394
-101 31.5 252.825
-100.5 31.5 251.839
-100 31.5 251.247
-99.5 31.5 251.151
-99 31.5 251.67
-98.5 31.5 252.754
-98 31.5 254.425
-97.5 31.5 256.622
-97 31.5 259.21
-96.5 31.5 262.28
-96 31.5 265.828
-95.5 31.5 270.007
-95 31.5 274.665
-94.5 31.5 279.659
-94 31.5 285.019
-93.5 31.5 290.758
-93 31.5 296.848
-92.5 31.5 303.422
-92 31.5 310.338
-91.5 31.5 317.59
-91 31.5 325.064
-90.5 31.5 332.762
-90 31.5 340.775
-89.5 31.5 348.809
-89 31.5 356.97
-88.5 31.5 365.262
-88 31.5 373.694
-87.5 31.5 382.249
-87 31.5 390.903
-86.5 31.5 399.732
-86 31.5 408.709
-85.5 31.5 417.848
-85 31.5 427.158
-84.5 31.5 436.627
-84 31.5 446.25
-83.5 31.5 455.963
-83 31.5 465.761
-82.5 31.5 475.612
-82 31.5 485.468
-81.5 31.5 495.297
-81 31.5 505.07
-119 32 520.478
-118.5 32 509.968
-118 32 499.492
-117.5 32 489.084
-117 32 478.781
-116.5 32 468.532
-116 32 458.315
-115.5 32 448.11
-115 32 438.059
-114.5 32 428.178
-114 32 418.492
-113.5 32 408.951
-113 32 399.523
-112.5 32 390.136
-112 32 380.906
-111.5 32 371.807
-111 32 362.812
-110.5 32 353.899
-110 32 345.024
-109.5 32 336.186
-109 32 327.517
-108.5 32 319.004
-108 32 310.693
-107.5 32 302.708
-107 32 295.041
-106.5 32 287.636
-106 32 280.534
-105.5 32 273.804
-105 32 267.461
-104.5 32 261.667
-104 32 256.452
-103.5 32 251.921
-103 32 248.101
-102.5 32 244.88
-102 32 242.176
-101.5 32 239.991
-101 32 238.357
-100.5 32 237.299
-100 32 236.754
-99.5 32 236.746
-99 32 237.315
-98.5 32 238.474
-98 32 240.213
-97.5 32 242.49
-97 32 245.243
-96.5 32 248.502
-96 32 252.274
-95.5 32 256.61
-95 32 261.449
-94.5 32 266.685
-94 32 272.308
-93.5 32 278.331
-93 32 284.731
-92.5 32 291.523
-92 32 298.65
-91.5 32 306.087
-91 32 313.75
-90.5 32 321.638
-90 32 329.764
-89.5 32 337.987
-89 32 346.343
-88.5 32 354.838
-88 32 363.449
-87.5 32 372.182
-87 32 381.052
-86.5 32 390.104
-86 32 399.326
-85.5 32 408.701
-85 32 418.22
-84.5 32 427.864
-84 32 437.616
-83.5 32 447.461
-83 32 457.383
-82.5 32 467.381
-82 32 477.414
-81.5 32 487.415
-81 32 497.354
-119 32.5 512.954
-118.5 32.5 502.353
-118 32.5 491.763
-117.5 32.5 481.277
-117 32.5 470.909
-116.5 32.5 460.559
-116 32.5 450.238
-115.5 32.5 439.817
-115 32.5 429.518
-114.5 32.5 419.353
-114 32.5 409.447
-113.5 32.5 399.764
-113 32.5 390.201
-112.5 32.5 380.661
-112 32.5 371.222
-111.5 32.5 361.907
-111 32.5 352.72
-110.5 32.5 343.658
-110 32.5 334.645
-109.5 32.5 325.604
-109 32.5 316.667
-108.5 32.5 307.818
-108 32.5 299.171
-107.5 32.5 290.918
-107 32.5 282.941
-106.5 32.5 275.223
-106 32.5 267.883
-105.5 32.5 260.933
-105 32.5 254.396
-104.5 32.5 248.286
-104 32.5 242.745
-103.5 32.5 237.98
-103 32.5 234.02
-102.5 32.5 230.707
-102 32.5 227.923
-101.5 32.5 225.647
-101 32.5 223.939
-100.5 32.5 222.813
-100 32.5 222.285
-99.5 32.5 222.327
-99 32.5 222.921
-98.5 32.5 224.151
-98 32.5 225.961
-97.5 32.5 228.337
-97 32.5 231.271
-96.5 32.5 234.748
-96 32.5 238.746
-95.5 32.5 243.27
-95 32.5 248.322
-94.5 32.5 253.817
-94 32.5 259.73
-93.5 32.5 266.086
-93 32.5 272.838
-92.5 32.5 279.905
-92 32.5 287.278
-91.5 32.5 294.92
-91 32.5 302.744
-90.5 32.5 310.778
-90 32.5 319.032
-89.5 32.5 327.428
-89 32.5 335.996
-88.5 32.5 344.725
-88 32.5 353.531
-87.5 32.5 362.459
-87 32.5 371.548
-86.5 32.5 380.841
-86 32.5 390.315
-85.5 32.5 399.933
-85 32.5 409.672
-84.5 32.5 419.504
-84 32.5 429.392
-83.5 32.5 439.367
-83 32.5 449.404
-82.5 32.5 459.561
-82 32.5 469.787
-81.5 32.5 479.968
-81 32.5 490.041
-119 33 505.594
-118.5 33 494.906
-118 33 484.274
-117.5 33 473.706
-117 33 463.248
-116.5 33 452.783
-116 33 442.328
-115.5 33 431.85
-115 33 421.361
-114.5 33 410.997
-114 33 400.814
-113.5 33 390.928
-113 33 381.126
-112.5 33 371.437
-112 33 361.797
-111.5 33 352.303
-111 33 342.926
-110.5 33 333.679
-110 33 324.546
-109.5 33 315.386
-109 33 306.191
-108.5 33 297.079
-108 33 288.118
-107.5 33 279.492
-107 33 271.122
-106.5 33 263.086
-106 33 255.468
-105.5 33 248.276
-105 33 241.556
-104.5 33 235.164
-104 33 229.374
-103.5 33 224.355
-103 33 220.094
-102.5 33 216.552
-102 33 213.647
-101.5 33 211.288
-101 33 209.538
-100.5 33 208.362
-100 33 207.81
-99.5 33 207.873
-99 33 208.536
-98.5 33 209.836
-98 33 211.748
-97.5 33 214.205
-97 33 217.327
-96.5 33 221.012
-96 33 225.189
-95.5 33 229.964
-95 33 235.247
-94.5 33 240.995
-94 33 247.283
-93.5 33 253.994
-93 33 261.136
-92.5 33 268.504
-92 33 276.166
-91.5 33 284.029
-91 33 291.995
-90.5 33 300.166
-90 33 308.525
-89.5 33 317.164
-89 33 325.966
-88.5 33 334.942
-88 33 343.955
-87.5 33 353.11
-87 33 362.415
-86.5 33 371.94
-86 33 381.657
-85.5 33 391.53
-85 33 401.501
-84.5 33 411.563
-84 33 421.643
-83.5 33 431.746
-83 33 441.927
-82.5 33 452.265
-82 33 462.611
-81.5 33 472.943
-81 33 483.157
-119 33.5 498.745
-118.5 33.5 487.918
-118 33.5 477.169
-117.5 33.5 466.494
-117 33.5 455.891
-116.5 33.5 445.257
-116 33.5 434.63
-115.5 33.5 424.033
-115 33.5 413.51
-114.5 33.5 403.104
-114 33.5 392.815
-113.5 33.5 382.625
-113 33.5 372.506
-112.5 33.5 362.489
-112 33.5 352.602
-111.5 33.5 342.847
-111 33.5 333.254
-110.5 33.5 323.823
-110 33.5 314.519
-109.5 33.5 305.251
-109 33.5 295.96
-108.5 33.5 286.72
-108 33.5 277.524
-107.5 33.5 268.514
-107 33.5 259.747
-106.5 33.5 251.323
-106 33.5 243.341
-105.5 33.5 235.811
-105 33.5 228.765
-104.5 33.5 222.156
-104 33.5 216.132
-103.5 33.5 210.796
-103 33.5 206.216
-102.5 33.5 202.393
-102 33.5 199.294
-101.5 33.5 196.845
-101 33.5 195.043
-100.5 33.5 193.844
-100 33.5 193.28
-99.5 33.5 193.367
-99 33.5 194.101
-98.5 33.5 195.496
-98 33.5 197.541
-97.5 33.5 200.192
-97 33.5 203.481
-96.5 33.5 207.373
-96 33.5 211.831
-95.5 33.5 216.874
-95 33.5 222.456
-94.5 33.5 228.549
-94 33.5 235.165
-93.5 33.5 242.199
-93 33.5 249.6
-92.5 33.5 257.242
-92 33.5 265.126
-91.5 33.5 273.22
-91 33.5 281.47
-90.5 33.5 289.902
-90 33.5 298.516
-89.5 33.5 307.351
-89 33.5 316.355
-88.5 33.5 325.492
-88 33.5 334.71
-87.5 33.5 344.077
-87 33.5 353.639
-86.5 33.5 363.41
-86 33.5 373.356
-85.5 33.5 383.46
-85 33.5 393.665
-84.5 33.5 403.942
-84 33.5 414.229
-83.5 33.5 424.522
-83 33.5 434.864
-82.5 33.5 445.298
-82 33.5 455.759
-81.5 33.5 466.189
-81 33.5 476.541
-119 34 492.35
-118.5 34 481.381
-118 34 470.478
-117.5 34 459.64
-117 34 448.89
-116.5 34 438.067
-116 34 427.265
-115.5 34 416.534
-115 34 405.98
-114.5 34 395.56
-114 34 385.206
-113.5 34 374.752
-113 34 364.328
-112.5 34 353.968
-112 34 343.804
-111.5 34 333.737
-111 34 323.874
-110.5 34 314.208
-110 34 304.696
-109.5 34 295.31
-109 34 285.94
-108.5 34 276.64
-108 34 267.238
-107.5 34 257.902
-107 34 248.762
-106.5 34 239.926
-106 34 231.553
-105.5 34 223.626
-105 34 216.226
-104.5 34 209.332
-104 34 203.022
-103.5 34 197.333
-103 34 192.421
-102.5 34 188.288
-102 34 184.965
-101.5 34 182.388
-101 34 180.512
-100.5 34 179.269
-100 34 178.694
-99.5 34 178.814
-99 34 179.623
-98.5 34 181.141
-98 34 183.363
-97.5 34 186.242
-97 34 189.741
-96.5 34 193.879
-96 34 198.652
-95.5 34 204.031
-95 34 209.978
-94.5 34 216.441
-94 34 223.4
-93.5 34 230.738
-93 34 238.392
-92.5 34 246.269
-92 34 254.37
-91.5 34 262.721
-91 34 271.283
-90.5 34 280.027
-90 34 288.923
-89.5 34 297.979
-89 34 307.18
-88.5 34 316.483
-88 34 325.899
-87.5 34 335.487
-87 34 345.318
-86.5 34 355.333
-86 34 365.48
-85.5 34 375.794
-85 34 386.205
-84.5 34 396.693
-84 34 407.193
-83.5 34 417.674
-83 34 428.169
-82.5 34 438.707
-82 34 449.279
-81.5 34 459.804
-81 34 470.263
-119 34.5 486.421
-118.5 34.5 475.345
-118 34.5 464.254
-117.5 34.5 453.153
-117 34.5 442.191
-116.5 34.5 431.273
-116 34.5 420.359
-115.5 34.5 409.491
-115 34.5 398.787
-114.5 34.5 388.206
-114 34.5 377.765
-113.5 34.5 367.187
-113 34.5 356.652
-112.5 34.5 346.071
-112 34.5 335.579
-111.5 34.5 325.21
-111 34.5 314.99
-110.5 34.5 304.98
-110 34.5 295.113
-109.5 34.5 285.481
-109 34.5 276.051
-108.5 34.5 266.666
-108 34.5 257.138
-107.5 34.5 247.599
-107 34.5 238.199
-106.5 34.5 228.998
-106 34.5 220.2
-105.5 34.5 211.84
-105 34.5 204.014
-104.5 34.5 196.74
-104 34.5 190.058
-103.5 34.5 184.024
-103 34.5 178.78
-102.5 34.5 174.343
-102 34.5 170.73
-101.5 34.5 167.945
-101 34.5 165.919
-100.5 34.5 164.619
-100 34.5 164.032
-99.5 34.5 164.198
-99 34.5 165.082
-98.5 34.5 166.749
-98 34.5 169.189
-97.5 34.5 172.33
-97 34.5 176.097
-96.5 34.5 180.544
-96 34.5 185.64
-95.5 34.5 191.46
-95 34.5 197.876
-94.5 34.5 204.77
-94 34.5 212.032
-93.5 34.5 219.69
-93 34.5 227.615
-92.5 34.5 235.713
-92 34.5 244.06
-91.5 34.5 252.677
-91 34.5 261.536
-90.5 34.5 270.578
-90 34.5 279.759
-89.5 34.5 289.07
-89 34.5 298.474
-88.5 34.5 307.927
-88 34.5 317.629
-87.5 34.5 327.496
-87 34.5 337.634
-86.5 34.5 347.821
-86 34.5 358.125
-85.5 34.5 368.583
-85 34.5 379.15
-84.5 34.5 389.793
-84 34.5 400.535
-83.5 34.5 411.201
-83 34.5 421.871
-82.5 34.5 432.551
-82 34.5 443.212
-81.5 34.5 453.839
-81 34.5 464.395
-119 35 481.155
-118.5 35 469.943
-118 35 458.657
-117.5 35 447.354
-117 35 436.146
-116.5 35 425.036
-116 35 413.97
-115.5 35 402.946
-115 35 392.02
-114.5 35 381.192
-114 35 370.485
-113.5 35 359.798
-113 35 349.142
-112.5 35 338.461
-112 35 327.784
-111.5 35 317.192
-111 35 306.699
-110.5 35 296.343
-110 35 286.149
-109.5 35 276.209
-109 35 266.525
-108.5 35 256.923
-108 35 247.272
-107.5 35 237.58
-107 35 227.963
-106.5 35 218.47
-106 35 209.291
-105.5 35 200.516
-105 35 192.222
-104.5 35 184.498
-104 35 177.395
-103.5 35 170.975
-103 35 165.361
-102.5 35 160.589
-102 35 156.667
-101.5 35 153.591
-101 35 151.352
-100.5 35 149.928
-100 35 149.301
-99.5 35 149.499
-99 35 150.506
-98.5 35 152.336
-98 35 154.989
-97.5 35 158.424
-97 35 162.573
-96.5 35 167.427
-96 35 172.969
-95.5 35 179.193
-95 35 185.994
-94.5 35 193.267
-94 35 200.93
-93.5 35 208.928
-93 35 217.159
-92.5 35 225.575
-92 35 234.219
-91.5 35 243.141
-91 35 252.324
-90.5 35 261.674
-90 35 271.155
-89.5 35 280.741
-89 35 290.4
-88.5 35 300.137
-88 35 310.064
-87.5 35 320.168
-87 35 330.462
-86.5 35 340.836
-86 35 351.299
-85.5 35 361.876
-85 35 372.582
-84.5 35 383.37
-84 35 394.227
-83.5 35 405.065
-83 35 415.888
-82.5 35 426.695
-82 35 437.474
-81.5 35 448.202
-81 35 458.867
-119 35.5 476.321
-118.5 35.5 465.029
-118 35.5 453.562
-117.5 35.5 442.059
-117 35.5 430.624
-116.5 35.5 419.33
-116 35.5 408.097
-115.5 35.5 396.893
-115 35.5 385.727
-114.5 35.5 374.61
-114 35.5 363.612
-113.5 35.5 352.767
-113 35.5 341.983
-112.5 35.5 331.218
-112 35.5 320.394
-111.5 35.5 309.64
-111 35.5 298.931
-110.5 35.5 288.282
-110 35.5 277.774
-109.5 35.5 267.499
-109 35.5 257.526
-108.5 35.5 247.656
-108 35.5 237.823
-107.5 35.5 227.942
-107 35.5 218.126
-106.5 35.5 208.345
-106 35.5 198.804
-105.5 35.5 189.61
-105 35.5 180.843
-104.5 35.5 172.647
-104 35.5 165.085
-103.5 35.5 158.227
-103 35.5 152.19
-102.5 35.5 147.016
-102 35.5 142.738
-101.5 35.5 139.314
-101 35.5 136.804
-100.5 35.5 135.221
-100 35.5 134.526
-99.5 35.5 134.768
-99 35.5 135.916
-98.5 35.5 137.948
-98 35.5 140.884
-97.5 35.5 144.699
-97 35.5 149.308
-96.5 35.5 154.641
-96 35.5 160.672
-95.5 35.5 167.334
-95 35.5 174.532
-94.5 35.5 182.195
-94 35.5 190.278
-93.5 35.5 198.656
-93 35.5 207.232
-92.5 35.5 216.004
-92 35.5 224.983
-91.5 35.5 234.245
-91 35.5 243.772
-90.5 35.5 253.421
-90 35.5 263.195
-89.5 35.5 273.052
-89 35.5 282.973
-88.5 35.5 292.972
-88 35.5 303.118
-87.5 35.5 313.421
-87 35.5 323.869
-86.5 35.5 334.407
-86 35.5 345.009
-85.5 35.5 355.684
-85 35.5 366.513
-84.5 35.5 377.412
-84 35.5 388.358
-83.5 35.5 399.323
-83 35.5 410.266
-82.5 35.5 421.188
-82 35.5 432.077
-81.5 35.5 442.897
-81 35.5 453.646
-119 36 471.735
-118.5 36 460.378
-118 36 448.803
-117.5 36 437.169
-117 36 425.576
-116.5 36 414.112
-116 36 402.711
-115.5 36 391.363
-115 36 379.998
-114.5 36 368.642
-114 36 357.327
-113.5 36 346.275
-113 36 335.255
-112.5 36 324.31
-112 36 313.385
-111.5 36 302.501
-111 36 291.635
-110.5 36 280.815
-110 36 270.12
-109.5 36 259.558
-109 36 249.221
-108.5 36 238.978
-108 36 228.838
-107.5 36 218.722
-107 36 208.665
-106.5 36 198.676
-106 36 188.742
-105.5 36 179.116
-105 36 169.899
-104.5 36 161.231
-104 36 153.192
-103.5 36 145.881
-103 36 139.318
-102.5 36 133.625
-102 36 128.904
-101.5 36 125.093
-101 36 122.274
-100.5 36 120.448
-100 36 119.704
-99.5 36 120.023
-99 36 121.324
-98.5 36 123.698
-98 36 127.052
-97.5 36 131.32
-97 36 136.461
-96.5 36 142.355
-96 36 148.911
-95.5 36 156.038
-95 36 163.679
-94.5 36 171.776
-94 36 180.266
-93.5 36 189.02
-93 36 197.973
-92.5 36 207.166
-92 36 216.561
-91.5 36 226.23
-91 36 236.001
-90.5 36 245.919
-90 36 255.952
-89.5 36 266.012
-89 36 276.157
-88.5 36 286.377
-88 36 296.732
-87.5 36 307.224
-87 36 317.856
-86.5 36 328.537
-86 36 339.278
-85.5 36 350.063
-85 36 360.97
-84.5 36 371.954
-84 36 382.974
-83.5 36 394.003
-83 36 405.033
-82.5 36 416.072
-82 36 427.012
-81.5 36 437.901
-81 36 448.706
-119 36.5 467.277
-118.5 36.5 455.873
-118 36.5 444.263
-117.5 36.5 432.585
-117 36.5 420.919
-116.5 36.5 409.321
-116 36.5 397.789
-115.5 36.5 386.313
-115 36.5 374.845
-114.5 36.5 363.382
-114 36.5 351.932
-113.5 36.5 340.593
-113 36.5 329.298
-112.5 36.5 318.073
-112 36.5 306.931
-111.5 36.5 295.846
-111 36.5 284.841
-110.5 36.5 273.925
-110 36.5 263.101
-109.5 36.5 252.358
-109 36.5 241.688
-108.5 36.5 231.078
-108 36.5 220.54
-107.5 36.5 210.097
-107 36.5 199.707
-106.5 36.5 189.382
-106 36.5 179.134
-105.5 36.5 169.13
-105 36.5 159.487
-104.5 36.5 150.346
-104 36.5 141.803
-103.5 36.5 133.943
-103 36.5 126.835
-102.5 36.5 120.583
-102 36.5 115.305
-101.5 36.5 111.054
-98.5 36.5 109.777
-98 36.5 113.613
-97.5 36.5 118.431
-97 36.5 124.133
-96.5 36.5 130.596
-96 36.5 137.711
-95.5 36.5 145.398
-95 36.5 153.57
-94.5 36.5 162.141
-94 36.5 171.036
-93.5 36.5 180.19
-93 36.5 189.556
-92.5 36.5 199.131
-92 36.5 208.896
-91.5 36.5 218.831
-91 36.5 228.851
-90.5 36.5 238.992
-90 36.5 249.233
-89.5 36.5 259.523
-89 36.5 269.888
-88.5 36.5 280.331
-88 36.5 290.886
-87.5 36.5 301.557
-87 36.5 312.329
-86.5 36.5 323.151
-86 36.5 334.023
-85.5 36.5 344.918
-85 36.5 355.87
-84.5 36.5 366.894
-84 36.5 377.973
-83.5 36.5 389.044
-83 36.5 400.112
-82.5 36.5 411.173
-82 36.5 422.173
-81.5 36.5 433.136
-81 36.5 444.026
-119 37 462.935
-118.5 37 451.517
-118 37 439.868
-117.5 37 428.182
-117 37 416.501
-116.5 37 404.839
-116 37 393.241
-115.5 37 381.703
-115 37 370.197
-114.5 37 358.702
-114 37 347.172
-113.5 37 335.617
-113 37 324.059
-112.5 37 312.55
-112 37 301.171
-111.5 37 289.858
-111 37 278.711
-110.5 37 267.695
-110 37 256.753
-109.5 37 245.859
-109 37 234.909
-108.5 37 223.972
-108 37 213.048
-107.5 37 202.254
-107 37 191.476
-106.5 37 180.79
-106 37 170.193
-105.5 37 159.815
-105 37 149.75
-104.5 37 140.128
-104 37 131.044
-103.5 37 122.582
-103 37 114.836
-97 37 112.4
-96.5 37 119.505
-96 37 127.231
-95.5 37 135.518
-95 37 144.246
-94.5 37 153.306
-94 37 162.612
-93.5 37 172.167
-93 37 181.925
-92.5 37 191.843
-92 37 201.928
-91.5 37 212.102
-91 37 222.332
-90.5 37 232.676
-90 37 243.118
-89.5 37 253.622
-89 37 264.197
-88.5 37 274.839
-88 37 285.568
-87.5 37 296.389
-87 37 307.279
-86.5 37 318.212
-86 37 329.197
-85.5 37 340.171
-85 37 351.156
-84.5 37 362.208
-84 37 373.335
-83.5 37 384.406
-83 37 395.468
-82.5 37 406.521
-82 37 417.54
-81.5 37 428.561
-81 37 439.532
-119 37.5 458.67
-118.5 37.5 447.167
-118 37.5 435.504
-117.5 37.5 423.823
-117 37.5 412.191
-116.5 37.5 400.566
-116 37.5 389.011
-115.5 37.5 377.456
-115 37.5 365.932
-114.5 37.5 354.445
-114 37.5 342.92
-113.5 37.5 331.235
-113 37.5 319.552
-112.5 37.5 307.871
-112 37.5 296.211
-111.5 37.5 284.681
-111 37.5 273.412
-110.5 37.5 262.182
-110 37.5 251.05
-109.5 37.5 239.987
-109 37.5 228.854
-108.5 37.5 217.735
-108 37.5 206.596
-107.5 37.5 195.374
-107 37.5 184.182
-106.5 37.5 173.044
-106 37.5 162.103
-105.5 37.5 151.352
-105 37.5 140.888
-104.5 37.5 130.777
-104 37.5 121.095
-103.5 37.5 111.961
-96.5 37.5 109.245
-96 37.5 117.662
-95.5 37.5 126.526
-95 37.5 135.773
-94.5 37.5 145.303
-94 37.5 155.023
-93.5 37.5 164.945
-93 37.5 175.061
-92.5 37.5 185.282
-92 37.5 195.612
-91.5 37.5 206.001
-91 37.5 216.467
-90.5 37.5 227.008
-90 37.5 237.642
-89.5 37.5 248.364
-89 37.5 259.12
-88.5 37.5 269.936
-88 37.5 280.797
-87.5 37.5 291.704
-87 37.5 302.661
-86.5 37.5 313.685
-86 37.5 324.716
-85.5 37.5 335.734
-85 37.5 346.803
-84.5 37.5 357.904
-84 37.5 369.039
-83.5 37.5 380.078
-83 37.5 391.084
-82.5 37.5 402.095
-82 37.5 413.103
-81.5 37.5 424.09
-81 37.5 435.091
-119 38 454.457
-118.5 38 442.895
-118 38 431.232
-117.5 38 419.563
-117 38 407.972
-116.5 38 396.441
-116 38 384.942
-115.5 38 373.426
-115 38 361.934
-114.5 38 350.452
-114 38 338.902
-113.5 38 327.218
-113 38 315.465
-112.5 38 303.674
-112 38 291.899
-111.5 38 280.226
-111 38 268.727
-110.5 38 257.324
-110 38 245.999
-109.5 38 234.743
-109 38 223.471
-108.5 38 212.178
-108 38 200.829
-107.5 38 189.348
-107 38 177.843
-106.5 38 166.391
-106 38 155.115
-105.5 38 144.024
-105 38 133.166
-104.5 38 122.543
-104 38 112.254
-96 38 109.135
-95.5 38 118.573
-95 38 128.31
-94.5 38 138.277
-94 38 148.412
-93.5 38 158.692
-93 38 169.097
-92.5 38 179.58
-92 38 190.128
-91.5 38 200.736
-91 38 211.423
-90.5 38 222.174
-90 38 233.002
-89.5 38 243.888
-89 38 254.796
-88.5 38 265.714
-88 38 276.66
-87.5 38 287.637
-87 38 298.65
-86.5 38 309.71
-86 38 320.777
-85.5 38 331.828
-85 38 342.896
-84.5 38 353.987
-84 38 365.084
-83.5 38 376.127
-83 38 387.127
-82.5 38 398.095
-82 38 409.059
-81.5 38 420.03
-81 38 431.043
-119 38.5 450.459
-118.5 38.5 438.863
-118 38.5 427.207
-117.5 38.5 415.562
-117 38.5 404.04
-116.5 38.5 392.612
-116 38.5 381.18
-115.5 38.5 369.699
-115 38.5 358.26
-114.5 38.5 346.824
-114 38.5 335.308
-113.5 38.5 323.658
-113 38.5 311.89
-112.5 38.5 300.055
-112 38.5 288.229
-111.5 38.5 276.452
-111 38.5 264.78
-110.5 38.5 253.234
-110 38.5 241.735
-109.5 38.5 230.319
-109 38.5 218.922
-108.5 38.5 207.476
-108 38.5 195.969
-107.5 38.5 184.284
-107 38.5 172.56
-106.5 38.5 160.862
-106 38.5 149.328
-105.5 38.5 137.944
-105 38.5 126.721
-104.5 38.5 115.605
-95.5 38.5 111.901
-95 38.5 122.084
-94.5 38.5 132.452
-94 38.5 142.951
-93.5 38.5 153.54
-93 38.5 164.194
-92.5 38.5 174.894
-92 38.5 185.627
-91.5 38.5 196.413
-91 38.5 207.284
-90.5 38.5 218.202
-90 38.5 229.188
-89.5 38.5 240.195
-89 38.5 251.209
-88.5 38.5 262.183
-88 38.5 273.176
-87.5 38.5 284.191
-87 38.5 295.229
-86.5 38.5 306.306
-86 38.5 317.381
-85.5 38.5 328.42
-85 38.5 339.447
-84.5 38.5 350.497
-84 38.5 361.556
-83.5 38.5 372.6
-83 38.5 383.606
-82.5 38.5 394.535
-82 38.5 405.452
-81.5 38.5 416.387
-81 38.5 427.417
-119 39 446.747
-118.5 39 435.186
-118 39 423.606
-117.5 39 412.049
-117 39 400.637
-116.5 39 389.238
-116 39 377.826
-115.5 39 366.356
-115 39 354.998
-114.5 39 343.632
-114 39 332.239
-113.5 39 320.622
-113 39 308.889
-112.5 39 297.069
-112 39 285.238
-111.5 39 273.433
-111 39 261.694
-110.5 39 250.057
-110 39 238.441
-109.5 39 226.876
-109 39 215.369
-108.5 39 203.766
-108 39 192.044
-107.5 39 180.278
-107 39 168.436
-106.5 39 156.587
-106 39 144.867
-105.5 39 133.216
-105 39 121.651
-95 39 117.305
-94.5 39 128.033
-94 39 138.804
-93.5 39 149.626
-93 39 160.494
-92.5 39 171.356
-92 39 182.239
-91.5 39 193.176
-91 39 204.134
-90.5 39 215.139
-90 39 226.212
-89.5 39 237.262
-89 39 248.324
-88.5 39 259.348
-88 39 270.346
-87.5 39 281.368
-87 39 292.425
-86.5 39 303.472
-86 39 314.509
-85.5 39 325.491
-85 39 336.461
-84.5 39 347.45
-84 39 358.478
-83.5 39 369.531
-83 39 380.548
-82.5 39 391.459
-82 39 402.335
-81.5 39 413.235
-81 39 424.225
-119 39.5 443.619
-118.5 39.5 432.096
-118 39.5 420.584
-117.5 39.5 409.114
-117 39.5 397.747
-116.5 39.5 386.377
-116 39.5 375.005
-115.5 39.5 363.616
-115 39.5 352.28
-114.5 39.5 340.968
-114 39.5 329.612
-113.5 39.5 318.051
-113 39.5 306.384
-112.5 39.5 294.652
-112 39.5 282.904
-111.5 39.5 271.181
-111 39.5 259.483
-110.5 39.5 247.819
-110 39.5 236.188
-109.5 39.5 224.579
-109 39.5 212.929
-108.5 39.5 201.21
-108 39.5 189.402
-107.5 39.5 177.537
-107 39.5 165.635
-106.5 39.5 153.749
-106 39.5 141.896
-105.5 39.5 130.068
-105 39.5 118.309
-95 39.5 114.276
-94.5 39.5 125.162
-94 39.5 136.101
-93.5 39.5 147.062
-93 39.5 158.039
-92.5 39.5 169.015
-92 39.5 179.993
-91.5 39.5 190.979
-91 39.5 201.965
-90.5 39.5 212.978
-90 39.5 224.022
-89.5 39.5 235.067
-89 39.5 246.11
-88.5 39.5 257.137
-88 39.5 268.155
-87.5 39.5 279.177
-87 39.5 290.203
-86.5 39.5 301.2
-86 39.5 312.164
-85.5 39.5 323.086
-85 39.5 334.001
-84.5 39.5 344.941
-84 39.5 355.942
-83.5 39.5 366.976
-83 39.5 377.968
-82.5 39.5 388.863
-82 39.5 399.722
-81.5 39.5 410.603
-81 39.5 421.544
-119 40 441.115
-118.5 40 429.646
-118 40 418.178
-117.5 40 406.746
-117 40 395.422
-116.5 40 384.059
-116 40 372.716
-115.5 40 361.374
-115 40 350.047
-114.5 40 338.773
-114 40 327.479
-113.5 40 315.96
-113 40 304.387
-112.5 40 292.778
-112 40 281.157
-111.5 40 269.579
-111 40 257.989
-110.5 40 246.356
-110 40 234.758
-109.5 40 223.172
-109 40 211.453
-108.5 40 199.71
-108 40 187.896
-107.5 40 176.012
-107 40 164.14
-106.5 40 152.314
-106 40 140.456
-105.5 40 128.605
-105 40 116.794
-95 40 113.083
-94.5 40 123.989
-94 40 134.969
-93.5 40 145.947
-93 40 156.929
-92.5 40 167.922
-92 40 178.902
-91.5 40 189.858
-91 40 200.797
-90.5 40 211.75
-90 40 222.713
-89.5 40 233.7
-89 40 244.684
-88.5 40 255.67
-88 40 266.673
-87.5 40 277.664
-87 40 288.635
-86.5 40 299.556
-86 40 310.436
-85.5 40 321.282
-85 40 332.136
-84.5 40 343.02
-84 40 353.991
-83.5 40 364.997
-83 40 375.956
-82.5 40 386.803
-82 40 397.633
-81.5 40 408.484
-81 40 419.386
-119 40.5 439.335
-118.5 40.5 427.894
-118 40.5 416.434
-117.5 40.5 405.009
-117 40.5 393.64
-116.5 40.5 382.289
-116 40.5 370.923
-115.5 40.5 359.587
-115 40.5 348.301
-114.5 40.5 337.009
-114 40.5 325.712
-113.5 40.5 314.335
-113 40.5 302.885
-112.5 40.5 291.406
-112 40.5 279.934
-111.5 40.5 268.494
-111 40.5 257.064
-110.5 40.5 245.506
-110 40.5 233.942
-109.5 40.5 222.354
-109 40.5 210.756
-108.5 40.5 199.124
-108 40.5 187.383
-107.5 40.5 175.621
-107 40.5 163.907
-106.5 40.5 152.247
-106 40.5 140.545
-105.5 40.5 128.844
-105 40.5 117.124
-95 40.5 113.819
-94.5 40.5 124.647
-94 40.5 135.495
-93.5 40.5 146.348
-93 40.5 157.234
-92.5 40.5 168.114
-92 40.5 178.965
-91.5 40.5 189.807
-91 40.5 200.652
-90.5 40.5 211.493
-90 40.5 222.355
-89.5 40.5 233.245
-89 40.5 244.14
-88.5 40.5 255.049
-88 40.5 265.973
-87.5 40.5 276.887
-87 40.5 287.775
-86.5 40.5 298.601
-86 40.5 309.382
-85.5 40.5 320.146
-85 40.5 330.94
-84.5 40.5 341.782
-84 40.5 352.705
-83.5 40.5 363.632
-83 40.5 374.525
-82.5 40.5 385.294
-82 40.5 396.113
-81.5 40.5 406.924
-81 40.5 417.755
-119 41 438.232
-118.5 41 426.79
-118 41 415.376
-117.5 41 403.98
-117 41 392.625
-116.5 41 381.292
-116 41 369.945
-115.5 41 358.618
-115 41 347.333
-114.5 41 336.059
-114 41 324.791
-113.5 41 313.433
-113 41 302.035
-112.5 41 290.67
-112 41 279.343
-111.5 41 268.046
-111 41 256.731
-110.5 41 245.299
-110 41 233.836
-109.5 41 222.368
-109 41 210.916
-108.5 41 199.438
-108 41 187.888
-107.5 41 176.341
-107 41 164.87
-106.5 41 153.514
-106 41 142.131
-105.5 41 130.777
-105 41 119.501
-95 41 116.43
-94.5 41 127.005
-94 41 137.626
-93.5 41 148.279
-93 41 158.949
-92.5 41 169.619
-92 41 180.276
-91.5 41 190.934
-91 41 201.607
-90.5 41 212.286
-90 41 222.992
-89.5 41 233.738
-89 41 244.501
-88.5 41 255.284
-88 41 266.081
-87.5 41 276.879
-87 41 287.654
-86.5 41 298.365
-86 41 309.045
-85.5 41 319.716
-85 41 330.419
-84.5 41 341.175
-84 41 351.995
-83.5 41 362.868
-83 41 373.706
-82.5 41 384.478
-82 41 395.277
-81.5 41 406.067
-81 41 416.868
-119 41.5 437.864
-118.5 41.5 426.451
-118 41.5 415.102
-117.5 41.5 403.741
-117 41.5 392.434
-116.5 41.5 381.145
-116 41.5 369.823
-115.5 41.5 358.506
-115 41.5 347.228
-114.5 41.5 335.956
-114 41.5 324.732
-113.5 41.5 313.365
-113 41.5 301.984
-112.5 41.5 290.724
-112 41.5 279.531
-111.5 41.5 268.364
-111 41.5 257.188
-110.5 41.5 245.889
-110 41.5 234.574
-109.5 41.5 223.287
-109 41.5 212.054
-108.5 41.5 200.806
-108 41.5 189.495
-107.5 41.5 178.229
-107 41.5 167.074
-106.5 41.5 156.163
-106 41.5 145.207
-105.5 41.5 134.333
-105 41.5 123.649
-104.5 41.5 113.093
-95.5 41.5 110.664
-95 41.5 120.706
-94.5 41.5 130.915
-94 41.5 141.21
-93.5 41.5 151.581
-93 41.5 161.971
-92.5 41.5 172.37
-92 41.5 182.771
-91.5 41.5 193.188
-91 41.5 203.642
-90.5 41.5 214.111
-90 41.5 224.613
-89.5 41.5 235.172
-89 41.5 245.749
-88.5 41.5 256.355
-88 41.5 266.977
-87.5 41.5 277.623
-87 41.5 288.264
-86.5 41.5 298.839
-86 41.5 309.405
-85.5 41.5 319.966
-85 41.5 330.573
-84.5 41.5 341.236
-84 41.5 351.956
-83.5 41.5 362.793
-83 41.5 373.588
-82.5 41.5 384.333
-82 41.5 395.091
-81.5 41.5 405.826
-81 41.5 416.574
-119 42 438.309
-118.5 42 427.008
-118 42 415.684
-117.5 42 404.376
-117 42 393.141
-116.5 42 381.888
-116 42 370.609
-115.5 42 359.325
-115 42 348.056
-114.5 42 336.757
-114 42 325.498
-113.5 42 314.247
-113 42 302.92
-112.5 42 291.731
-112 42 280.669
-111.5 42 269.57
-111 42 258.48
-110.5 42 247.401
-110 42 236.279
-109.5 42 225.228
-109 42 214.277
-108.5 42 203.295
-108 42 192.253
-107.5 42 181.381
-107 42 170.624
-106.5 42 160.129
-106 42 149.689
-105.5 42 139.391
-105 42 129.354
-104.5 42 119.436
-95.5 42 116.913
-95 42 126.4
-94.5 42 136.172
-94 42 146.06
-93.5 42 156.082
-93 42 166.186
-92.5 42 176.256
-92 42 186.37
-91.5 42 196.519
-91 42 206.714
-90.5 42 216.96
-90 42 227.238
-89.5 42 237.536
-89 42 247.866
-88.5 42 258.227
-88 42 268.641
-87.5 42 279.082
-87 42 289.535
-86.5 42 300.014
-86 42 310.433
-85.5 42 320.881
-85 42 331.426
-84.5 42 342.022
-84 42 352.743
-83.5 42 363.458
-83 42 374.217
-82.5 42 384.93
-82 42 395.493
-81.5 42 406.116
-81 42 416.774
-119 42.5 439.37
-118.5 42.5 428.185
-118 42.5 416.936
-117.5 42.5 405.723
-117 42.5 394.579
-116.5 42.5 383.414
-116 42.5 372.226
-115.5 42.5 361.035
-115 42.5 349.88
-114.5 42.5 338.716
-114 42.5 327.559
-113.5 42.5 316.384
-113 42.5 305.174
-112.5 42.5 294.055
-112 42.5 283.043
-111.5 42.5 272.035
-111 42.5 261.051
-110.5 42.5 250.118
-110 42.5 239.221
-109.5 42.5 228.44
-109 42.5 217.713
-108.5 42.5 207.012
-108 42.5 196.375
-107.5 42.5 185.897
-107 42.5 175.582
-106.5 42.5 165.467
-106 42.5 155.513
-105.5 42.5 145.774
-105 42.5 136.328
-104.5 42.5 127.148
-104 42.5 118.33
-96 42.5 116.104
-95.5 42.5 124.558
-95 42.5 133.401
-94.5 42.5 142.591
-94 42.5 152.019
-93.5 42.5 161.632
-93 42.5 171.35
-92.5 42.5 181.096
-92 42.5 190.897
-91.5 42.5 200.759
-91 42.5 210.693
-90.5 42.5 220.687
-90 42.5 230.716
-89.5 42.5 240.754
-89 42.5 250.821
-88.5 42.5 260.93
-88 42.5 271.13
-87.5 42.5 281.41
-87 42.5 291.76
-86.5 42.5 302.087
-86 42.5 312.39
-85.5 42.5 322.697
-85 42.5 333.042
-84.5 42.5 343.468
-84 42.5 354.002
-83.5 42.5 364.556
-83 42.5 375.121
-82.5 42.5 385.656
-82 42.5 396.142
-81.5 42.5 406.63
-81 42.5 417.116
-119 43 440.886
-118.5 43 429.824
-118 43 418.67
-117.5 43 407.592
-117 43 396.619
-116.5 43 385.6
-116 43 374.559
-115.5 43 363.516
-115 43 352.559
-114.5 43 341.601
-114 43 330.626
-113.5 43 319.571
-113 43 308.48
-112.5 43 297.453
-112 43 286.523
-111.5 43 275.603
-111 43 264.725
-110.5 43 253.947
-110 43 243.251
-109.5 43 232.751
-109 43 222.261
-108.5 43 211.856
-108 43 201.628
-107.5 43 191.567
-107 43 181.701
-106.5 43 172.005
-106 43 162.54
-105.5 43 153.345
-105 43 144.514
-104.5 43 136.069
-104 43 128.038
-103.5 43 120.503
-103 43 113.558
-97 43 111.773
-96.5 43 118.409
-96 43 125.628
-95.5 43 133.359
-95 43 141.519
-94.5 43 150.092
-94 43 159.008
-93.5 43 168.171
-93 43 177.474
-92.5 43 186.859
-92 43 196.324
-91.5 43 205.873
-91 43 215.527
-90.5 43 225.253
-90 43 235.018
-89.5 43 244.779
-89 43 254.575
-88.5 43 264.41
-88 43 274.388
-87.5 43 284.49
-87 43 294.743
-86.5 43 304.877
-86 43 315.02
-85.5 43 325.15
-85 43 335.26
-84.5 43 345.477
-84 43 355.8
-83.5 43 366.153
-83 43 376.497
-82.5 43 386.823
-82 43 397.212
-81.5 43 407.562
-81 43 417.886
-119 43.5 442.682
-118.5 43.5 431.628
-118 43.5 420.725
-117.5 43.5 409.852
-117 43.5 399.102
-116.5 43.5 388.314
-116 43.5 377.499
-115.5 43.5 366.68
-115 43.5 355.93
-114.5 43.5 345.213
-114 43.5 334.465
-113.5 43.5 323.539
-113 43.5 312.644
-112.5 43.5 301.773
-112 43.5 290.923
-111.5 43.5 280.132
-111 43.5 269.357
-110.5 43.5 258.763
-110 43.5 248.296
-109.5 43.5 237.967
-109 43.5 227.741
-108.5 43.5 217.699
-108 43.5 207.83
-107.5 43.5 198.162
-107 43.5 188.764
-106.5 43.5 179.535
-106 43.5 170.618
-105.5 43.5 162.021
-105 43.5 153.781
-104.5 43.5 146.032
-104 43.5 138.753
-103.5 43.5 132.022
-103 43.5 125.699
-102.5 43.5 120.03
-102 43.5 115.133
-98 43.5 113.649
-97.5 43.5 118.204
-97 43.5 123.525
-96.5 43.5 129.535
-96 43.5 136.074
-95.5 43.5 143.124
-95 43.5 150.637
-94.5 43.5 158.563
-94 43.5 166.942
-93.5 43.5 175.608
-93 43.5 184.487
-92.5 43.5 193.51
-92 43.5 202.623
-91.5 43.5 211.835
-91 43.5 221.184
-90.5 43.5 230.609
-90 43.5 240.073
-89.5 43.5 249.552
-89 43.5 259.079
-88.5 43.5 268.655
-88 43.5 278.38
-87.5 43.5 288.243
-87 43.5 298.284
-86.5 43.5 308.184
-86 43.5 318.046
-85.5 43.5 327.962
-85 43.5 337.96
-84.5 43.5 348.032
-84 43.5 358.177
-83.5 43.5 368.341
-83 43.5 378.521
-82.5 43.5 388.667
-82 43.5 398.917
-81.5 43.5 409.15
-81 43.5 419.3
-119 44 444.783
-118.5 44 433.981
-118 44 423.255
-117.5 44 412.605
-117 44 402.028
-116.5 44 391.442
-116 44 380.864
-115.5 44 370.271
-115 44 359.671
-114.5 44 349.103
-114 44 338.501
-113.5 44 327.807
-113 44 317.13
-112.5 44 306.487
-112 44 295.863
-111.5 44 285.302
-111 44 274.775
-110.5 44 264.317
-110 44 254.013
-109.5 44 243.863
-109 44 233.885
-108.5 44 224.149
-108 44 214.654
-107.5 44 205.436
-107 44 196.519
-106.5 44 187.886
-106 44 179.555
-105.5 44 171.548
-105 44 163.929
-104.5 44 156.82
-104 44 150.191
-103.5 44 144.012
-103 44 138.272
-102.5 44 133.127
-102 44 128.678
-101.5 44 125.03
-101 44 122.272
-100.5 44 120.437
-100 44 119.671
-99.5 44 119.995
-99 44 121.353
-98.5 44 123.662
-98 44 126.878
-97.5 44 130.913
-97 44 135.681
-96.5 44 141.122
-96 44 147.123
-95.5 44 153.621
-95 44 160.579
-94.5 44 167.962
-94 44 175.779
-93.5 44 183.944
-93 44 192.407
-92.5 44 201.046
-92 44 209.802
-91.5 44 218.661
-91 44 227.637
-90.5 44 236.704
-90 44 245.838
-89.5 44 255.025
-89 44 264.278
-88.5 44 273.617
-88 44 283.096
-87.5 44 292.711
-87 44 302.452
-86.5 44 312.145
-86 44 321.803
-85.5 44 331.488
-85 44 341.277
-84.5 44 351.141
-84 44 361.092
-83.5 44 371.082
-83 44 381.103
-82.5 44 391.14
-82 44 401.221
-81.5 44 411.264
-81 44 421.224
-119 44.5 447.125
-118.5 44.5 436.562
-118 44.5 426.019
-117.5 44.5 415.576
-117 44.5 405.179
-116.5 44.5 394.765
-116 44.5 384.408
-115.5 44.5 374.026
-115 44.5 363.564
-114.5 44.5 353.165
-114 44.5 342.738
-113.5 44.5 332.278
-113 44.5 321.858
-112.5 44.5 311.497
-112 44.5 301.132
-111.5 44.5 290.852
-111 44.5 280.607
-110.5 44.5 270.304
-110 44.5 260.205
-109.5 44.5 250.282
-109 44.5 240.592
-108.5 44.5 231.209
-108 44.5 222.118
-107.5 44.5 213.388
-107 44.5 204.998
-106.5 44.5 196.99
-106 44.5 189.242
-105.5 44.5 181.798
-105 44.5 174.737
-104.5 44.5 168.214
-104 44.5 162.149
-103.5 44.5 156.43
-103 44.5 151.148
-102.5 44.5 146.431
-102 44.5 142.341
-101.5 44.5 139.008
-101 44.5 136.482
-100.5 44.5 134.744
-100 44.5 133.998
-99.5 44.5 134.227
-99 44.5 135.39
-98.5 44.5 137.398
-98 44.5 140.232
-97.5 44.5 143.829
-97 44.5 148.124
-96.5 44.5 153.097
-96 44.5 158.655
-95.5 44.5 164.685
-95 44.5 171.166
-94.5 44.5 178.055
-94 44.5 185.365
-93.5 44.5 193.046
-93 44.5 201.113
-92.5 44.5 209.357
-92 44.5 217.743
-91.5 44.5 226.222
-91 44.5 234.81
-90.5 44.5 243.506
-90 44.5 252.303
-89.5 44.5 261.195
-89 44.5 270.177
-88.5 44.5 279.261
-88 44.5 288.487
-87.5 44.5 297.838
-87 44.5 307.317
-86.5 44.5 316.797
-86 44.5 326.258
-85.5 44.5 335.696
-85 44.5 345.248
-84.5 44.5 354.86
-84 44.5 364.598
-83.5 44.5 374.395
-83 44.5 384.251
-82.5 44.5 394.167
-82 44.5 404.086
-81.5 44.5 413.94
-81 44.5 423.673
-119 45 449.547
-118.5 45 439.193
-118 45 428.799
-117.5 45 418.52
-117 45 408.305
-116.5 45 398.06
-116 45 387.863
-115.5 45 377.645
-115 45 367.439
-114.5 45 357.26
-114 45 347.075
-113.5 45 336.9
-113 45 326.768
-112.5 45 316.681
-112 45 306.541
-111.5 45 296.493
-111 45 286.44
-110.5 45 276.464
-110 45 266.655
-109.5 45 257.037
-109 45 247.805
-108.5 45 238.867
-108 45 230.243
-107.5 45 222.064
-107 45 214.237
-106.5 45 206.842
-106 45 199.59
-105.5 45 192.651
-105 45 186.113
-104.5 45 180.043
-104 45 174.414
-103.5 45 169.121
-103 45 164.193
-102.5 45 159.799
-102 45 156.04
-101.5 45 153.003
-101 45 150.682
-100.5 45 149.08
-100 45 148.283
-99.5 45 148.356
-99 45 149.37
-98.5 45 151.131
-98 45 153.645
-97.5 45 156.815
-97 45 160.759
-96.5 45 165.347
-96 45 170.538
-95.5 45 176.165
-95 45 182.241
-94.5 45 188.699
-94 45 195.575
-93.5 45 202.844
-93 45 210.482
-92.5 45 218.309
-92 45 226.304
-91.5 45 234.418
-91 45 242.632
-90.5 45 250.955
-90 45 259.432
-89.5 45 268.043
-89 45 276.757
-88.5 45 285.581
-88 45 294.531
-87.5 45 303.623
-87 45 312.845
-86.5 45 322.095
-86 45 331.401
-85.5 45 340.667
-85 45 349.917
-84.5 45 359.25
-84 45 368.711
-83.5 45 378.297
-83 45 387.935
-82.5 45 397.742
-82 45 407.484
-81.5 45 417.194
-81 45 426.695
-119 45.5 451.932
-118.5 45.5 441.726
-118 45.5 431.533
-117.5 45.5 421.424
-117 45.5 411.393
-116.5 45.5 401.384
-116 45.5 391.385
-115.5 45.5 381.405
-115 45.5 371.481
-114.5 45.5 361.565
-114 45.5 351.653
-113.5 45.5 341.739
-113 45.5 331.829
-112.5 45.5 321.937
-112 45.5 312.077
-111.5 45.5 302.295
-111 45.5 292.585
-110.5 45.5 283.025
-110 45.5 273.643
-109.5 45.5 264.518
-109 45.5 255.72
-108.5 45.5 247.245
-108 45.5 239.158
-107.5 45.5 231.505
-107 45.5 224.2
-106.5 45.5 217.211
-106 45.5 210.429
-105.5 45.5 203.947
-105 45.5 197.836
-104.5 45.5 192.157
-104 45.5 186.877
-103.5 45.5 181.929
-103 45.5 177.363
-102.5 45.5 173.302
-102 45.5 169.852
-101.5 45.5 167.063
-101 45.5 164.911
-100.5 45.5 163.384
-100 45.5 162.563
-99.5 45.5 162.517
-99 45.5 163.311
-98.5 45.5 164.862
-98 45.5 167.125
-97.5 45.5 170.035
-97 45.5 173.632
-96.5 45.5 177.856
-96 45.5 182.656
-95.5 45.5 187.925
-95 45.5 193.634
-94.5 45.5 199.736
-94 45.5 206.226
-93.5 45.5 213.095
-93 45.5 220.307
-92.5 45.5 227.768
-92 45.5 235.417
-91.5 45.5 243.19
-91 45.5 251.066
-90.5 45.5 259.063
-90 45.5 267.217
-89.5 45.5 275.519
-89 45.5 283.939
-88.5 45.5 292.475
-88 45.5 301.134
-87.5 45.5 309.923
-87 45.5 318.836
-86.5 45.5 327.833
-86 45.5 336.906
-85.5 45.5 346
-85 45.5 355.109
-84.5 45.5 364.29
-84 45.5 373.549
-83.5 45.5 382.883
-83 45.5 392.29
-82.5 45.5 401.767
-82 45.5 411.271
-81.5 45.5 420.763
-81 45.5 430.144
-119 46 454.528
-118.5 46 444.451
-118 46 434.457
-117.5 46 424.545
-117 46 414.752
-116.5 46 405.017
-116 46 395.251
-115.5 46 385.515
-115 46 375.886
-114.5 46 366.24
-114 46 356.601
-113.5 46 346.946
-113 46 337.258
-112.5 46 327.556
-112 46 318.002
-111.5 46 308.556
-111 46 299.254
-110.5 46 290.18
-110 46 281.276
-109.5 46 272.673
-109 46 264.338
-108.5 46 256.323
-108 46 248.751
-107.5 46 241.591
-107 46 234.728
-106.5 46 228.097
-106 46 221.693
-105.5 46 215.599
-105 46 209.849
-104.5 46 204.527
-104 46 199.578
-103.5 46 194.934
-103 46 190.69
-102.5 46 186.929
-102 46 183.761
-101.5 46 181.194
-101 46 179.192
-100.5 46 177.71
-100 46 176.854
-99.5 46 176.677
-99 46 177.271
-98.5 46 178.623
-98 46 180.678
-97.5 46 183.358
-97 46 186.656
-96.5 46 190.552
-96 46 195
-95.5 46 199.931
-95 46 205.3
-94.5 46 211.069
-94 46 217.199
-93.5 46 223.694
-93 46 230.522
-92.5 46 237.643
-92 46 244.98
-91.5 46 252.442
-91 46 260.006
-90.5 46 267.702
-90 46 275.552
-89.5 46 283.565
-89 46 291.695
-88.5 46 299.936
-88 46 308.294
-87.5 46 316.76
-87 46 325.346
-86.5 46 334.072
-86 46 342.904
-85.5 46 351.815
-85 46 360.786
-84.5 46 369.833
-84 46 378.903
-83.5 46 387.984
-83 46 397.142
-82.5 46 406.263
-82 46 415.495
-81.5 46 424.755
-81 46 433.995
-119 46.5 457.53
-118.5 46.5 447.615
-118 46.5 437.829
-117.5 46.5 428.135
-117 46.5 418.693
-116.5 46.5 409.22
-116 46.5 399.745
-115.5 46.5 390.272
-115 46.5 380.852
-114.5 46.5 371.453
-114 46.5 362.022
-113.5 46.5 352.644
-113 46.5 343.273
-112.5 46.5 333.732
-112 46.5 324.534
-111.5 46.5 315.506
-111 46.5 306.692
-110.5 46.5 298.104
-110 46.5 289.706
-109.5 46.5 281.542
-109 46.5 273.675
-108.5 46.5 266.125
-108 46.5 259.061
-107.5 46.5 252.228
-107 46.5 245.689
-106.5 46.5 239.367
-106 46.5 233.285
-105.5 46.5 227.519
-105 46.5 222.117
-104.5 46.5 217.144
-104 46.5 212.501
-103.5 46.5 208.152
-103 46.5 204.199
-102.5 46.5 200.708
-102 46.5 197.81
-101.5 46.5 195.382
-101 46.5 193.481
-100.5 46.5 192.084
-100 46.5 191.185
-99.5 46.5 190.893
-99 46.5 191.274
-98.5 46.5 192.404
-98 46.5 194.235
-97.5 46.5 196.709
-97 46.5 199.773
-96.5 46.5 203.401
-96 46.5 207.536
-95.5 46.5 212.13
-95 46.5 217.167
-94.5 46.5 222.613
-94 46.5 228.404
-93.5 46.5 234.566
-93 46.5 241.057
-92.5 46.5 247.824
-92 46.5 254.847
-91.5 46.5 262.044
-91 46.5 269.336
-90.5 46.5 276.789
-90 46.5 284.367
-89.5 46.5 292.144
-89 46.5 300.014
-88.5 46.5 307.967
-88 46.5 316.036
-87.5 46.5 324.176
-87 46.5 332.423
-86.5 46.5 340.906
-86 46.5 349.447
-85.5 46.5 358.163
-85 46.5 366.945
-84.5 46.5 375.748
-84 46.5 384.582
-83.5 46.5 393.465
-83 46.5 402.364
-82.5 46.5 411.236
-82 46.5 420.195
-81.5 46.5 429.179
-81 46.5 438.112
-119 47 461.027
-118.5 47 451.375
-118 47 441.859
-117.5 47 432.438
-117 47 423.185
-116.5 47 413.956
-116 47 404.716
-115.5 47 395.495
-115 47 386.303
-114.5 47 377.118
-114 47 367.926
-113.5 47 358.774
-113 47 349.648
-112.5 47 340.566
-112 47 331.774
-111.5 47 323.199
-111 47 314.848
-110.5 47 306.725
-110 47 298.807
-109.5 47 291.099
-109 47 283.662
-108.5 47 276.534
-108 47 269.753
-107.5 47 263.193
-107 47 256.9
-106.5 47 250.873
-106 47 245.167
-105.5 47 239.787
-105 47 234.749
-104.5 47 230.066
-104 47 225.692
-103.5 47 221.616
-103 47 217.882
-102.5 47 214.589
-102 47 211.827
-101.5 47 209.551
-101 47 207.752
-100.5 47 206.404
-100 47 205.492
-99.5 47 205.091
-99 47 205.281
-98.5 47 206.201
-98 47 207.822
-97.5 47 210.1
-97 47 212.95
-96.5 47 216.324
-96 47 220.167
-95.5 47 224.461
-95 47 229.177
-94.5 47 234.287
-94 47 239.76
-93.5 47 245.592
-93 47 251.755
-92.5 47 258.194
-92 47 264.891
-91.5 47 271.807
-91 47 278.909
-90.5 47 286.213
-90 47 293.661
-89.5 47 301.202
-89 47 308.849
-88.5 47 316.563
-88 47 324.375
-87.5 47 332.302
-87 47 340.361
-86.5 47 348.548
-86 47 356.817
-85.5 47 365.242
-85 47 373.774
-84.5 47 382.315
-84 47 390.889
-83.5 47 399.513
-83 47 408.111
-82.5 47 416.733
-82 47 425.482
-81.5 47 434.185
-81 47 442.862
-119 47.5 465.153
-118.5 47.5 455.792
-118 47.5 446.566
-117.5 47.5 437.375
-117 47.5 428.309
-116.5 47.5 419.281
-116 47.5 410.23
-115.5 47.5 401.236
-115 47.5 392.27
-114.5 47.5 383.299
-114 47.5 374.343
-113.5 47.5 365.451
-113 47.5 356.623
-112.5 47.5 347.99
-112 47.5 339.658
-111.5 47.5 331.522
-111 47.5 323.6
-110.5 47.5 315.905
-110 47.5 308.423
-109.5 47.5 301.132
-109 47.5 294.084
-108.5 47.5 287.313
-108 47.5 280.794
-107.5 47.5 274.461
-107 47.5 268.4
-106.5 47.5 262.658
-106 47.5 257.33
-105.5 47.5 252.334
-105 47.5 247.647
-104.5 47.5 243.229
-104 47.5 239.082
-103.5 47.5 235.234
-103 47.5 231.669
-102.5 47.5 228.519
-102 47.5 225.875
-101.5 47.5 223.733
-101 47.5 222.036
-100.5 47.5 220.744
-100 47.5 219.811
-99.5 47.5 219.305
-99 47.5 219.292
-98.5 47.5 220.029
-98 47.5 221.452
-97.5 47.5 223.559
-97 47.5 226.204
-96.5 47.5 229.344
-96 47.5 232.918
-95.5 47.5 236.934
-95 47.5 241.345
-94.5 47.5 246.137
-94 47.5 251.295
-93.5 47.5 256.796
-93 47.5 262.646
-92.5 47.5 268.774
-92 47.5 275.156
-91.5 47.5 281.781
-91 47.5 288.682
-90.5 47.5 295.84
-90 47.5 303.177
-89.5 47.5 310.504
-89 47.5 317.971
-88.5 47.5 325.478
-88 47.5 333.099
-87.5 47.5 340.889
-87 47.5 348.827
-86.5 47.5 356.785
-86 47.5 364.817
-85.5 47.5 372.984
-85 47.5 381.281
-84.5 47.5 389.562
-84 47.5 397.892
-83.5 47.5 406.298
-83 47.5 414.629
-82.5 47.5 423.018
-82 47.5 431.64
-81.5 47.5 440.109
-81 47.5 448.473
-119 48 470.033
-118.5 48 461.049
-118 48 451.982
-117.5 48 442.992
-117 48 434.123
-116.5 48 425.208
-116 48 416.325
-115.5 48 407.522
-115 48 398.757
-114.5 48 390.012
-114 48 381.291
-113.5 48 372.752
-113 48 364.33
-112.5 48 356.136
-112 48 348.162
-111.5 48 340.401
-111 48 332.854
-110.5 48 325.49
-110 48 318.339
-109.5 48 311.438
-109 48 304.766
-108.5 48 298.309
-108 48 292.025
-107.5 48 285.984
-107 48 280.19
-106.5 48 274.781
-106 48 269.783
-105.5 48 265.111
-105 48 260.78
-104.5 48 256.55
-104 48 252.564
-103.5 48 248.876
-103 48 245.503
-102.5 48 242.51
-102 48 239.971
-101.5 48 237.948
-101 48 236.345
-100.5 48 235.114
-100 48 234.144
-99.5 48 233.554
-99 48 233.393
-98.5 48 233.938
-98 48 235.166
-97.5 48 237.097
-97 48 239.536
-96.5 48 242.447
-96 48 245.822
-95.5 48 249.57
-95 48 253.691
-94.5 48 258.21
-94 48 263.053
-93.5 48 268.205
-93 48 273.734
-92.5 48 279.625
-92 48 285.713
-91.5 48 291.987
-91 48 298.651
-90.5 48 305.481
-90 48 312.585
-89.5 48 319.823
-89 48 327.096
-88.5 48 334.426
-88 48 341.989
-87.5 48 349.706
-87 48 357.529
-86.5 48 365.371
-86 48 373.354
-85.5 48 381.381
-85 48 389.38
-84.5 48 397.52
-84 48 405.705
-83.5 48 413.872
-83 48 422.149
-82.5 48 430.503
-82 48 438.833
-81.5 48 447.248
-81 48 455.526
-119 48.5 475.601
-118.5 48.5 466.676
-118 48.5 457.748
-117.5 48.5 448.915
-117 48.5 440.196
-116.5 48.5 431.466
-116 48.5 422.792
-115.5 48.5 414.193
-115 48.5 405.648
-114.5 48.5 397.183
-114 48.5 388.808
-113.5 48.5 380.582
-113 48.5 372.541
-112.5 48.5 364.704
-112 48.5 357.049
-111.5 48.5 349.616
-111 48.5 342.392
-110.5 48.5 335.359
-110 48.5 328.562
-109.5 48.5 322.011
-109 48.5 315.66
-108.5 48.5 309.515
-108 48.5 303.548
-107.5 48.5 297.814
-107 48.5 292.361
-106.5 48.5 287.242
-106 48.5 282.48
-105.5 48.5 278.051
-105 48.5 273.908
-104.5 48.5 269.909
-104 48.5 266.131
-103.5 48.5 262.615
-103 48.5 259.389
-102.5 48.5 256.532
-102 48.5 254.119
-101.5 48.5 252.194
-101 48.5 250.669
-100.5 48.5 249.438
-100 48.5 248.419
-99.5 48.5 247.735
-99 48.5 247.484
-98.5 48.5 247.89
-98 48.5 248.964
-97.5 48.5 250.697
-97 48.5 252.955
-96.5 48.5 255.685
-96 48.5 258.836
-95.5 48.5 262.353
-95 48.5 266.246
-94.5 48.5 270.509
-94 48.5 275.087
-93.5 48.5 280.004
-93 48.5 285.285
-92.5 48.5 290.9
-92 48.5 296.77
-91.5 48.5 302.833
-91 48.5 309.165
-90.5 48.5 315.734
-90 48.5 322.538
-89.5 48.5 329.48
-89 48.5 336.525
-88.5 48.5 343.688
-88 48.5 351.038
-87.5 48.5 358.553
-87 48.5 366.187
-86.5 48.5 373.9
-86 48.5 381.712
-85.5 48.5 389.56
-85 48.5 397.428
-84.5 48.5 405.405
-84 48.5 413.472
-83.5 48.5 421.531
-83 48.5 429.65
-82.5 48.5 437.819
-82 48.5 446.097
-81.5 48.5 454.42
-81 48.5 462.584
-119 49 481.38
-118.5 49 472.484
-118 49 463.665
-117.5 49 454.974
-117 49 446.436
-116.5 49 437.884
-116 49 429.428
-115.5 49 421.055
-115 49 412.744
-114.5 49 404.579
-114 49 396.552
-113.5 49 388.633
-113 49 380.947
-112.5 49 373.451
-112 49 366.086
-111.5 49 358.971
-111 49 352.062
-110.5 49 345.344
-110 49 338.891
-109.5 49 332.686
-109 49 326.64
-108.5 49 320.821
-108 49 315.177
-107.5 49 309.757
-107 49 304.641
-106.5 49 299.792
-106 49 295.242
-105.5 49 291.022
-105 49 287.068
-104.5 49 283.266
-104 49 279.694
-103.5 49 276.359
-103 49 273.267
-102.5 49 270.532
-102 49 268.227
-101.5 49 266.395
-101 49 264.942
-100.5 49 263.715
-100 49 262.63
-99.5 49 261.873
-99 49 261.522
-98.5 49 261.827
-98 49 262.76
-97.5 49 264.326
-97 49 266.403
-96.5 49 268.955
-96 49 271.896
-95.5 49 275.188
-95 49 278.869
-94.5 49 282.909
-94 49 287.243
-93.5 49 291.946
-93 49 297.004
-92.5 49 302.366
-92 49 308.042
-91.5 49 313.889
-91 49 319.905
-90.5 49 326.205
-90 49 332.714
-89.5 49 339.326
-89 49 346.115
-88.5 49 353.06
-88 49 360.162
-87.5 49 367.438
-87 49 374.855
-86.5 49 382.394
-86 49 390.022
-85.5 49 397.696
-85 49 405.435
-84.5 49 413.264
-84 49 421.248
-83.5 49 429.191
-83 49 437.157
-82.5 49 445.112
-82 49 453.357
-81.5 49 461.627
-81 49 469.674
