-119 25 756.514
-118.5 25 746.425
-118 25 736.294
-117.5 25 726.207
-117 25 716.227
-116.5 25 706.477
-116 25 696.88
-115.5 25 687.312
-115 25 677.751
-114.5 25 668.255
-114 25 658.822
-113.5 25 649.744
-113 25 640.921
-112.5 25 632.271
-112 25 623.645
-111.5 25 615.241
-111 25 607.241
-110.5 25 599.654
-110 25 592.492
-109.5 25 585.709
-109 25 579.309
-108.5 25 573.345
-108 25 567.837
-107.5 25 562.719
-107 25 557.928
-106.5 25 553.314
-106 25 549.066
-105.5 25 545.091
-105 25 541.298
-104.5 25 537.43
-104 25 533.712
-103.5 25 530.351
-103 25 527.498
-102.5 25 525.008
-102 25 522.69
-101.5 25 520.945
-101 25 520.046
-100.5 25 520.208
-100 25 520.633
-99.5 25 522.198
-99 25 525.653
-98.5 25 534.557
-98 25 543.272
-97.5 25 545.776
-97 25 548.108
-96.5 25 549.325
-96 25 550.504
-95.5 25 550.281
-95 25 552.323
-94.5 25 559.723
-94 25 564.707
-93.5 25 568.498
-93 25 571.248
-92.5 25 576.278
-92 25 582.535
-91.5 25 589.24
-91 25 596.43
-90.5 25 604.011
-90 25 611.929
-89.5 25 619.787
-89 25 627.821
-88.5 25 636.285
-88 25 643.997
-87.5 25 651.555
-87 25 660.425
-86.5 25 667.294
-86 25 673.497
-85.5 25 678.663
-85 25 685.651
-84.5 25 693.263
-84 25 701.227
-83.5 25 709.155
-83 25 717.111
-82.5 25 724.98
-82 25 733.148
-81.5 25 741.88
-81 25 751.489
-119 25.5 743.567
-118.5 25.5 733.447
-118 25.5 723.323
-117.5 25.5 713.24
-117 25.5 703.157
-116.5 25.5 693.247
-116 25.5 683.456
-115.5 25.5 673.925
-115 25.5 664.304
-114.5 25.5 654.729
-114 25.5 645.211
-113.5 25.5 635.946
-113 25.5 626.859
-112.5 25.5 618.119
-112 25.5 609.375
-111.5 25.5 600.805
-111 25.5 592.511
-110.5 25.5 584.703
-110 25.5 577.287
-109.5 25.5 570.281
-109 25.5 563.672
-108.5 25.5 557.483
-108 25.5 551.774
-107.5 25.5 546.543
-107 25.5 541.65
-106.5 25.5 536.938
-106 25.5 532.603
-105.5 25.5 528.545
-105 25.5 524.734
-104.5 25.5 520.837
-104 25.5 517.067
-103.5 25.5 513.598
-103 25.5 510.689
-102.5 25.5 508.136
-102 25.5 505.727
-101.5 25.5 503.899
-101 25.5 502.892
-100.5 25.5 503.14
-100 25.5 503.721
-99.5 25.5 505.496
-99 25.5 508.95
-98.5 25.5 517.383
-98 25.5 525.036
-97.5 25.5 527.593
-97 25.5 532.114
-96.5 25.5 532.893
-96 25.5 532.199
-95.5 25.5 532.275
-95 25.5 534.939
-94.5 25.5 542.699
-94 25.5 548.353
-93.5 25.5 552.798
-93 25.5 554.824
-92.5 25.5 560.276
-92 25.5 567.036
-91.5 25.5 574.096
-91 25.5 581.474
-90.5 25.5 589.151
-90 25.5 597.31
-89.5 25.5 605.006
-89 25.5 612.817
-88.5 25.5 621.114
-88 25.5 630.014
-87.5 25.5 638.802
-87 25.5 645.959
-86.5 25.5 651.456
-86 25.5 656.462
-85.5 25.5 663.239
-85 25.5 670.698
-84.5 25.5 678.64
-84 25.5 686.707
-83.5 25.5 694.512
-83 25.5 702.364
-82.5 25.5 710.213
-82 25.5 718.844
-81.5 25.5 728.006
-81 25.5 738.232
-119 26 730.782
-118.5 26 720.54
-118 26 710.384
-117.5 26 700.292
-117 26 690.217
-116.5 26 680.194
-116 26 670.273
-115.5 26 660.53
-115 26 650.899
-114.5 26 641.356
-114 26 631.875
-113.5 26 622.397
-113 26 613.066
-112.5 26 604.049
-112 26 595.208
-111.5 26 586.541
-111 26 578.056
-110.5 26 569.96
-110 26 562.26
-109.5 26 555.003
-109 26 548.163
-108.5 26 541.761
-108 26 535.839
-107.5 26 530.417
-107 26 525.385
-106.5 26 520.631
-106 26 516.185
-105.5 26 512.031
-105 26 508.134
-104.5 26 504.244
-104 26 500.461
-103.5 26 496.922
-103 26 493.881
-102.5 26 491.219
-102 26 488.803
-101.5 26 486.896
-101 26 485.837
-100.5 26 485.948
-100 26 486.778
-99.5 26 488.937
-99 26 493.313
-98.5 26 501.373
-98 26 508.966
-97.5 26 512.021
-97 26 514.162
-96.5 26 515.227
-96 26 514.029
-95.5 26 515.383
-95 26 519.397
-94.5 26 526.083
-94 26 530.972
-93.5 26 534.8
-93 26 538.832
-92.5 26 544.727
-92 26 551.717
-91.5 26 559.086
-91 26 566.702
-90.5 26 574.489
-90 26 582.39
-89.5 26 590.164
-89 26 597.989
-88.5 26 606.156
-88 26 615.435
-87.5 26 624.21
-87 26 631.135
-86.5 26 636.057
-86 26 641.148
-85.5 26 648.187
-85 26 655.971
-84.5 26 664.02
-84 26 671.964
-83.5 26 679.764
-83 26 687.691
-82.5 26 695.959
-82 26 704.957
-81.5 26 714.419
-81 26 724.149
-119 26.5 718.169
-118.5 26.5 707.771
-118 26.5 697.546
-117.5 26.5 687.432
-117 26.5 677.371
-116.5 26.5 667.267
-116 26.5 657.225
-115.5 26.5 647.274
-115 26.5 637.595
-114.5 26.5 628.053
-114 26.5 618.636
-113.5 26.5 608.974
-113 26.5 599.414
-112.5 26.5 590.15
-112 26.5 581.207
-111.5 26.5 572.472
-111 26.5 563.784
-110.5 26.5 555.418
-110 26.5 547.41
-109.5 26.5 539.897
-109 26.5 532.804
-108.5 26.5 526.161
-108 26.5 519.988
-107.5 26.5 514.368
-107 26.5 509.197
-106.5 26.5 504.368
-106 26.5 499.794
-105.5 26.5 495.524
-105 26.5 491.606
-104.5 26.5 487.698
-104 26.5 483.886
-103.5 26.5 480.223
-103 26.5 477.107
-102.5 26.5 474.387
-102 26.5 471.916
-101.5 26.5 469.879
-101 26.5 468.705
-100.5 26.5 468.875
-100 26.5 469.796
-99.5 26.5 472.044
-99 26.5 476.473
-98.5 26.5 484.683
-98 26.5 492.944
-97.5 26.5 495.18
-97 26.5 494.702
-96.5 26.5 493.903
-96 26.5 494.724
-95.5 26.5 498.348
-95 26.5 503.808
-94.5 26.5 510.564
-94 26.5 514.078
-93.5 26.5 516.972
-93 26.5 522.767
-92.5 26.5 529.389
-92 26.5 536.687
-91.5 26.5 544.252
-91 26.5 552.036
-90.5 26.5 559.917
-90 26.5 567.662
-89.5 26.5 575.723
-89 26.5 583.773
-88.5 26.5 591.561
-88 26.5 600.834
-87.5 26.5 609.103
-87 26.5 615.687
-86.5 26.5 620.221
-86 26.5 625.661
-85.5 26.5 633.4
-85 26.5 641.433
-84.5 26.5 649.505
-84 26.5 657.274
-83.5 26.5 665.096
-83 26.5 673.19
-82.5 26.5 681.828
-82 26.5 691.13
-81.5 26.5 700.682
-81 26.5 709.921
-119 27 705.828
-118.5 27 695.237
-118 27 684.855
-117.5 27 674.605
-117 27 664.533
-116.5 27 654.419
-116 27 644.374
-115.5 27 634.331
-115 27 624.436
-114.5 27 614.661
-114 27 605.106
-113.5 27 595.554
-113 27 586.043
-112.5 27 576.447
-112 27 567.362
-111.5 27 558.5
-111 27 549.752
-110.5 27 541.106
-110 27 532.773
-109.5 27 524.957
-109 27 517.606
-108.5 27 510.713
-108 27 504.256
-107.5 27 498.412
-107 27 493.069
-106.5 27 488.148
-106 27 483.441
-105.5 27 479.055
-105 27 475.088
-104.5 27 471.158
-104 27 467.324
-103.5 27 463.564
-103 27 460.361
-102.5 27 457.56
-102 27 455.05
-101.5 27 452.893
-101 27 451.592
-100.5 27 451.769
-100 27 452.681
-99.5 27 454.846
-99 27 458.994
-98.5 27 465.059
-98 27 471.313
-97.5 27 474.82
-97 27 473.718
-96.5 27 472.428
-96 27 475.549
-95.5 27 481.797
-95 27 488.664
-94.5 27 495.088
-94 27 498.034
-93.5 27 501.234
-93 27 507.5
-92.5 27 514.366
-92 27 521.803
-91.5 27 529.51
-91 27 537.393
-90.5 27 545.353
-90 27 552.972
-89.5 27 561.84
-89 27 570.937
-88.5 27 580.102
-88 27 586.819
-87.5 27 592.915
-87 27 596.458
-86.5 27 603.284
-86 27 610.699
-85.5 27 619.088
-85 27 626.972
-84.5 27 634.819
-84 27 642.434
-83.5 27 650.579
-83 27 659.055
-82.5 27 668.122
-82 27 677.259
-81.5 27 686.514
-81 27 695.392
-119 27.5 693.71
-118.5 27.5 682.989
-118 27.5 672.417
-117.5 27.5 661.995
-117 27.5 651.743
-116.5 27.5 641.592
-116 27.5 631.521
-115.5 27.5 621.477
-115 27.5 611.477
-114.5 27.5 601.575
-114 27.5 591.827
-113.5 27.5 582.202
-113 27.5 572.629
-112.5 27.5 563.06
-112 27.5 553.743
-111.5 27.5 544.653
-111 27.5 535.761
-110.5 27.5 526.969
-110 27.5 518.422
-109.5 27.5 510.267
-109 27.5 502.603
-108.5 27.5 495.417
-108 27.5 488.712
-107.5 27.5 482.584
-107 27.5 477.005
-106.5 27.5 471.924
-106 27.5 467.126
-105.5 27.5 462.657
-105 27.5 458.557
-104.5 27.5 454.608
-104 27.5 450.758
-103.5 27.5 447.002
-103 27.5 443.654
-102.5 27.5 440.708
-102 27.5 438.134
-101.5 27.5 435.957
-101 27.5 434.621
-100.5 27.5 434.548
-100 27.5 435.197
-99.5 27.5 436.694
-99 27.5 439.233
-98.5 27.5 443.405
-98 27.5 447.939
-97.5 27.5 451.57
-97 27.5 452.913
-96.5 27.5 454.6
-96 27.5 459.752
-95.5 27.5 466.666
-95 27.5 473.292
-94.5 27.5 477.9
-94 27.5 481.448
-93.5 27.5 485.741
-93 27.5 492.163
-92.5 27.5 499.389
-92 27.5 507.008
-91.5 27.5 514.778
-91 27.5 522.738
-90.5 27.5 530.826
-90 27.5 539.081
-89.5 27.5 547.927
-89 27.5 556.604
-88.5 27.5 564.599
-88 27.5 570.513
-87.5 27.5 575.739
-87 27.5 580.96
-86.5 27.5 588.212
-86 27.5 596.256
-85.5 27.5 604.496
-85 27.5 612.295
-84.5 27.5 620.054
-84 27.5 627.994
-83.5 27.5 636.418
-83 27.5 645.177
-82.5 27.5 654.214
-82 27.5 663.222
-81.5 27.5 672.269
-81 27.5 681.319
-119 28 681.843
-118.5 28 670.957
-118 28 660.206
-117.5 28 649.594
-117 28 639.134
-116.5 28 628.89
-116 28 618.765
-115.5 28 608.724
-115 28 598.655
-114.5 28 588.662
-114 28 578.737
-113.5 28 569.01
-113 28 559.367
-112.5 28 549.786
-112 28 540.271
-111.5 28 530.955
-111 28 521.948
-110.5 28 513.015
-110 28 504.281
-109.5 28 495.792
-109 28 487.819
-108.5 28 480.322
-108 28 473.325
-107.5 28 466.884
-107 28 461.021
-106.5 28 455.797
-106 28 450.853
-105.5 28 446.267
-105 28 442.076
-104.5 28 438.104
-104 28 434.257
-103.5 28 430.431
-103 28 426.963
-102.5 28 423.892
-102 28 421.286
-101.5 28 418.995
-101 28 417.486
-100.5 28 417.278
-100 28 417.547
-99.5 28 418.292
-99 28 419
-98.5 28 421.791
-98 28 425.102
-97.5 28 429.36
-97 28 432.913
-96.5 28 437.115
-96 28 444.488
-95.5 28 451.838
-95 28 458.181
-94.5 28 460.569
-94 28 464.617
-93.5 28 469.918
-93 28 477.014
-92.5 28 484.619
-92 28 492.401
-91.5 28 500.196
-91 28 508.245
-90.5 28 516.441
-90 28 525.092
-89.5 28 533.824
-89 28 541.721
-88.5 28 548.475
-88 28 553.715
-87.5 28 558.902
-87 28 565.986
-86.5 28 573.837
-86 28 582.105
-85.5 28 590.041
-85 28 597.641
-84.5 28 605.415
-84 28 613.721
-83.5 28 622.461
-83 28 631.427
-82.5 28 640.444
-82 28 649.326
-81.5 28 658.313
-81 28 667.591
-119 28.5 670.164
-118.5 28.5 659.135
-118 28.5 648.235
-117.5 28.5 637.487
-117 28.5 626.86
-116.5 28.5 616.399
-116 28.5 606.076
-115.5 28.5 595.979
-115 28.5 585.903
-114.5 28.5 575.907
-114 28.5 565.899
-113.5 28.5 556.01
-113 28.5 546.217
-112.5 28.5 536.551
-112 28.5 526.926
-111.5 28.5 517.45
-111 28.5 508.251
-110.5 28.5 499.214
-110 28.5 490.371
-109.5 28.5 481.606
-109 28.5 473.299
-108.5 28.5 465.434
-108 28.5 458.153
-107.5 28.5 451.36
-107 28.5 445.168
-106.5 28.5 439.743
-106 28.5 434.631
-105.5 28.5 429.922
-105 28.5 425.622
-104.5 28.5 421.61
-104 28.5 417.752
-103.5 28.5 413.881
-103 28.5 410.279
-102.5 28.5 407.1
-102 28.5 404.48
-101.5 28.5 402.044
-101 28.5 400.307
-100.5 28.5 399.805
-100 28.5 399.845
-99.5 28.5 400.25
-99 28.5 400.529
-98.5 28.5 402.306
-98 28.5 405.173
-97.5 28.5 409.483
-97 28.5 414.266
-96.5 28.5 420.201
-96 28.5 428.138
-95.5 28.5 435.593
-95 28.5 441.857
-94.5 28.5 443.205
-94 28.5 448.238
-93.5 28.5 454.68
-93 28.5 462.4
-92.5 28.5 470.12
-92 28.5 477.875
-91.5 28.5 485.914
-91 28.5 493.95
-90.5 28.5 502.268
-90 28.5 511.003
-89.5 28.5 519.802
-89 28.5 527.621
-88.5 28.5 531.959
-88 28.5 537.469
-87.5 28.5 543.615
-87 28.5 551.625
-86.5 28.5 559.549
-86 28.5 567.576
-85.5 28.5 575.026
-85 28.5 582.963
-84.5 28.5 591.142
-84 28.5 599.821
-83.5 28.5 608.697
-83 28.5 617.749
-82.5 28.5 626.788
-82 28.5 635.693
-81.5 28.5 644.8
-81 28.5 654.526
-119 29 658.691
-118.5 29 647.514
-118 29 636.47
-117.5 29 625.588
-117 29 614.827
-116.5 29 604.19
-116 29 593.697
-115.5 29 583.384
-115 29 573.215
-114.5 29 563.149
-114 29 553.137
-113.5 29 543.173
-113 29 533.294
-112.5 29 523.499
-112 29 513.758
-111.5 29 504.126
-111 29 494.697
-110.5 29 485.522
-110 29 476.548
-109.5 29 467.682
-109 29 459.08
-108.5 29 450.85
-108 29 443.174
-107.5 29 436.046
-107 29 429.537
-106.5 29 423.73
-106 29 418.462
-105.5 29 413.659
-105 29 409.228
-104.5 29 405.086
-104 29 401.115
-103.5 29 397.211
-103 29 393.523
-102.5 29 390.275
-102 29 387.575
-101.5 29 385.12
-101 29 383.287
-100.5 29 382.441
-100 29 382.218
-99.5 29 382.36
-99 29 382.731
-98.5 29 384.199
-98 29 386.888
-97.5 29 390.954
-97 29 395.969
-96.5 29 402.146
-96 29 409.643
-95.5 29 417.082
-95 29 423.269
-94.5 29 427.031
-94 29 432.763
-93.5 29 439.92
-93 29 447.774
-92.5 29 455.605
-92 29 463.45
-91.5 29 471.353
-91 29 479.169
-90.5 29 487.454
-90 29 496.26
-89.5 29 504.544
-89 29 511.516
-88.5 29 516.175
-88 29 522.171
-87.5 29 529.203
-87 29 537.164
-86.5 29 545.01
-86 29 552.804
-85.5 29 560.49
-85 29 568.631
-84.5 29 577.138
-84 29 585.984
-83.5 29 594.979
-83 29 604.085
-82.5 29 613.197
-82 29 622.442
-81.5 29 631.988
-81 29 642.037
-119 29.5 647.537
-118.5 29.5 636.153
-118 29.5 624.946
-117.5 29.5 613.933
-117 29.5 603.039
-116.5 29.5 592.235
-116 29.5 581.565
-115.5 29.5 571.017
-115 29.5 560.703
-114.5 29.5 550.518
-114 29.5 540.48
-113.5 29.5 530.451
-113 29.5 520.519
-112.5 29.5 510.631
-112 29.5 500.784
-111.5 29.5 490.999
-111 29.5 481.323
-110.5 29.5 472.001
-110 29.5 462.925
-109.5 29.5 453.991
-109 29.5 445.122
-108.5 29.5 436.507
-108 29.5 428.443
-107.5 29.5 420.956
-107 29.5 414.067
-106.5 29.5 407.854
-106 29.5 402.382
-105.5 29.5 397.457
-105 29.5 392.864
-104.5 29.5 388.558
-104 29.5 384.458
-103.5 29.5 380.466
-103 29.5 376.656
-102.5 29.5 373.331
-102 29.5 370.708
-101.5 29.5 368.182
-101 29.5 366.226
-100.5 29.5 365.232
-100 29.5 364.892
-99.5 29.5 364.981
-99 29.5 365.398
-98.5 29.5 366.81
-98 29.5 369.351
-97.5 29.5 373.158
-97 29.5 377.898
-96.5 29.5 383.681
-96 29.5 390.711
-95.5 29.5 398.175
-95 29.5 404.83
-94.5 29.5 410.078
-94 29.5 416.787
-93.5 29.5 424.575
-93 29.5 432.524
-92.5 29.5 440.319
-92 29.5 448.175
-91.5 29.5 455.82
-91 29.5 463.21
-90.5 29.5 471.39
-90 29.5 480.551
-89.5 29.5 488.553
-89 29.5 495.376
-88.5 29.5 500.002
-88 29.5 506.995
-87.5 29.5 514.839
-87 29.5 522.815
-86.5 29.5 530.45
-86 29.5 538.127
-85.5 29.5 546.028
-85 29.5 554.397
-84.5 29.5 563.179
-84 29.5 572.239
-83.5 29.5 581.379
-83 29.5 590.64
-82.5 29.5 599.915
-82 29.5 609.604
-81.5 29.5 619.616
-81 29.5 630.115
-119 30 636.848
-118.5 30 625.084
-118 30 613.71
-117.5 30 602.501
-117 30 591.476
-116.5 30 580.516
-116 30 569.721
-115.5 30 559.026
-115 30 548.467
-114.5 30 538.052
-114 30 527.831
-113.5 30 517.791
-113 30 507.849
-112.5 30 497.918
-112 30 488.004
-111.5 30 478.151
-111 30 468.247
-110.5 30 458.681
-110 30 449.351
-109.5 30 440.569
-109 30 431.42
-108.5 30 422.495
-108 30 414.01
-107.5 30 406.157
-107 30 398.848
-106.5 30 392.152
-106 30 386.419
-105.5 30 381.296
-105 30 376.532
-104.5 30 372.005
-104 30 367.722
-103.5 30 363.582
-103 30 359.674
-102.5 30 356.263
-102 30 353.749
-101.5 30 351.189
-101 30 349.206
-100.5 30 348.221
-100 30 347.84
-99.5 30 347.951
-99 30 348.434
-98.5 30 349.87
-98 30 352.342
-97.5 30 355.878
-97 30 360.323
-96.5 30 365.832
-96 30 372.663
-95.5 30 379.65
-95 30 386.348
-94.5 30 392.931
-94 30 399.781
-93.5 30 407.47
-93 30 415.507
-92.5 30 423.432
-92 30 431.382
-91.5 30 438.069
-91 30 445.685
-90.5 30 453.905
-90 30 463.414
-89.5 30 471.531
-89 30 478.574
-88.5 30 484.516
-88 30 492.114
-87.5 30 500.387
-87 30 508.098
-86.5 30 515.706
-86 30 523.521
-85.5 30 531.793
-85 30 540.136
-84.5 30 549.031
-84 30 558.521
-83.5 30 567.889
-83 30 577.403
-82.5 30 587.101
-82 30 597.319
-81.5 30 607.859
-81 30 618.646
-119 30.5 626.665
-118.5 30.5 614.745
-118 30.5 603.021
-117.5 30.5 591.468
-117 30.5 580.131
-116.5 30.5 568.997
-116 30.5 558.046
-115.5 30.5 547.233
-115 30.5 536.515
-114.5 30.5 525.945
-114 30.5 515.53
-113.5 30.5 505.306
-113 30.5 495.213
-112.5 30.5 485.223
-112 30.5 475.296
-111.5 30.5 465.425
-111 30.5 455.531
-110.5 30.5 445.712
-110 30.5 436.085
-109.5 30.5 426.836
-109 30.5 417.69
-108.5 30.5 408.752
-108 30.5 399.986
-107.5 30.5 391.716
-107 30.5 383.975
-106.5 30.5 376.869
-106 30.5 370.659
-105.5 30.5 365.124
-105 30.5 360.08
-104.5 30.5 355.41
-104 30.5 351.003
-103.5 30.5 346.74
-103 30.5 342.736
-102.5 30.5 339.256
-102 30.5 336.534
-101.5 30.5 334.053
-101 30.5 332.16
-100.5 30.5 331.185
-100 30.5 330.903
-99.5 30.5 331.132
-99 30.5 331.748
-98.5 30.5 333.151
-98 30.5 335.48
-97.5 30.5 338.781
-97 30.5 343.104
-96.5 30.5 348.484
-96 30.5 354.875
-95.5 30.5 361.508
-95 30.5 368.097
-94.5 30.5 374.668
-94 30.5 381.554
-93.5 30.5 388.957
-93 30.5 396.904
-92.5 30.5 404.798
-92 30.5 412.526
-91.5 30.5 419.844
-91 30.5 428.079
-90.5 30.5 436.822
-90 30.5 445.873
-89.5 30.5 454.218
-89 30.5 461.872
-88.5 30.5 469.175
-88 30.5 476.931
-87.5 30.5 485.022
-87 30.5 492.871
-86.5 30.5 500.661
-86 30.5 508.637
-85.5 30.5 516.956
-85 30.5 525.645
-84.5 30.5 534.858
-84 30.5 544.654
-83.5 30.5 554.59
-83 30.5 564.651
-82.5 30.5 574.93
-82 30.5 585.527
-81.5 30.5 596.389
-81 30.5 607.386
-119 31 616.949
-118.5 31 604.854
-118 31 592.825
-117.5 31 580.917
-117 31 569.223
-116.5 31 557.849
-116 31 546.673
-115.5 31 535.706
-115 31 524.826
-114.5 31 514.128
-114 31 503.508
-113.5 31 493.064
-113 31 482.759
-112.5 31 472.657
-112 31 462.678
-111.5 31 452.81
-111 31 442.949
-110.5 31 432.899
-110 31 422.924
-109.5 31 413.191
-109 31 403.986
-108.5 31 395.089
-108 31 386.062
-107.5 31 377.463
-107 31 369.349
-106.5 31 361.773
-106 31 355.086
-105.5 31 349.09
-105 31 343.717
-104.5 31 338.899
-104 31 334.403
-103.5 31 330.001
-103 31 325.84
-102.5 31 322.2
-102 31 319.41
-101.5 31 316.889
-101 31 314.995
-100.5 31 314.114
-100 31 314.028
-99.5 31 314.483
-99 31 315.147
-98.5 31 316.508
-98 31 318.71
-97.5 31 321.815
-97 31 326.04
-96.5 31 331.264
-96 31 337.378
-95.5 31 343.714
-95 31 350.121
-94.5 31 356.382
-94 31 363.161
-93.5 31 370.21
-93 31 378.122
-92.5 31 385.949
-92 31 393.684
-91.5 31 401.58
-91 31 410.657
-90.5 31 419.869
-90 31 428.61
-89.5 31 437.126
-89 31 445.314
-88.5 31 453.566
-88 31 461.462
-87.5 31 469.538
-87 31 477.59
-86.5 31 485.629
-86 31 493.837
-85.5 31 502.321
-85 31 511.473
-84.5 31 521.084
-84 31 531.352
-83.5 31 541.866
-83 31 552.458
-82.5 31 563.247
-82 31 574.175
-81.5 31 585.316
-81 31 596.566
-119 31.5 607.505
-118.5 31.5 595.293
-118 31.5 583.116
-117.5 31.5 571.065
-117 31.5 559.03
-116.5 31.5 547.269
-116 31.5 535.654
-115.5 31.5 524.352
-115 31.5 513.379
-114.5 31.5 502.581
-114 31.5 491.837
-113.5 31.5 481.141
-113 31.5 470.617
-112.5 31.5 460.269
-112 31.5 450.138
-111.5 31.5 440.123
-111 31.5 430.254
-110.5 31.5 420.141
-110 31.5 410.044
-109.5 31.5 399.73
-109 31.5 390.244
-108.5 31.5 381.037
-108 31.5 372.084
-107.5 31.5 363.239
-107 31.5 354.936
-106.5 31.5 347.011
-106 31.5 339.758
-105.5 31.5 333.268
-105 31.5 327.548
-104.5 31.5 322.528
-104 31.5 317.893
-103.5 31.5 313.385
-103 31.5 309.058
-102.5 31.5 305.268
-102 31.5 302.386
-101.5 31.5 299.77
-101 31.5 297.82
-100.5 31.5 296.936
-100 31.5 297.096
-99.5 31.5 297.82
-99 31.5 298.542
-98.5 31.5 299.835
-98 31.5 301.936
-97.5 31.5 304.955
-97 31.5 309.089
-96.5 31.5 314.142
-96 31.5 319.955
-95.5 31.5 326.2
-95 31.5 332.608
-94.5 31.5 338.989
-94 31.5 345.709
-93.5 31.5 352.779
-93 31.5 360.219
-92.5 31.5 367.973
-92 31.5 375.917
-91.5 31.5 384.886
-91 31.5 394.025
-90.5 31.5 403.182
-90 31.5 411.691
-89.5 31.5 420.53
-89 31.5 429.172
-88.5 31.5 437.431
-88 31.5 445.79
-87.5 31.5 454.153
-87 31.5 462.641
-86.5 31.5 471.003
-86 31.5 479.523
-85.5 31.5 488.575
-85 31.5 498.313
-84.5 31.5 508.455
-84 31.5 519.215
-83.5 31.5 530.052
-83 31.5 541.005
-82.5 31.5 552.026
-82 31.5 563.28
-81.5 31.5 574.689
-81 31.5 586.253
-119 32 598.385
-118.5 32 586.01
-118 32 573.743
-117.5 32 561.576
-117 32 549.463
-116.5 32 537.438
-116 32 525.511
-115.5 32 513.804
-115 32 502.426
-114.5 32 491.248
-114 32 480.295
-113.5 32 469.465
-113 32 458.806
-112.5 32 448.27
-112 32 437.859
-111.5 32 427.568
-111 32 417.427
-110.5 32 407.288
-110 32 397.134
-109.5 32 386.882
-109 32 376.893
-108.5 32 367.131
-108 32 357.704
-107.5 32 348.677
-107 32 340.118
-106.5 32 331.993
-106 32 324.472
-105.5 32 317.694
-105 32 311.699
-104.5 32 306.35
-104 32 301.414
-103.5 32 296.734
-103 32 292.388
-102.5 32 288.565
-102 32 285.445
-101.5 32 282.741
-101 32 280.768
-100.5 32 279.889
-100 32 280.065
-99.5 32 280.82
-99 32 281.712
-98.5 32 283.007
-98 32 285.077
-97.5 32 288.172
-97 32 292.255
-96.5 32 297.196
-96 32 302.862
-95.5 32 308.994
-95 32 315.414
-94.5 32 321.979
-94 32 328.804
-93.5 32 335.971
-93 32 343.408
-92.5 32 351.282
-92 32 359.654
-91.5 32 368.779
-91 32 377.856
-90.5 32 386.876
-90 32 395.734
-89.5 32 404.687
-89 32 413.534
-88.5 32 422.13
-88 32 430.766
-87.5 32 439.453
-87 32 448.265
-86.5 32 457.254
-86 32 466.499
-85.5 32 476.224
-85 32 486.448
-84.5 32 497.027
-84 32 507.951
-83.5 32 519.037
-83 32 530.226
-82.5 32 541.535
-82 32 553.038
-81.5 32 564.67
-81 32 576.415
-119 32.5 589.757
-118.5 32.5 577.187
-118 32.5 564.817
-117.5 32.5 552.56
-117 32.5 540.427
-116.5 32.5 528.226
-116 32.5 516.05
-115.5 32.5 503.941
-115 32.5 492.116
-114.5 32.5 480.435
-114 32.5 469.182
-113.5 32.5 458.142
-113 32.5 447.328
-112.5 32.5 436.607
-112 32.5 425.897
-111.5 32.5 415.283
-111 32.5 404.843
-110.5 32.5 394.62
-110 32.5 384.454
-109.5 32.5 374.267
-109 32.5 363.906
-108.5 32.5 353.61
-108 32.5 343.595
-107.5 32.5 334.268
-107 32.5 325.398
-106.5 32.5 317.033
-106 32.5 309.287
-105.5 32.5 302.289
-105 32.5 296.086
-104.5 32.5 290.43
-104 32.5 285.188
-103.5 32.5 280.296
-103 32.5 275.873
-102.5 32.5 271.955
-102 32.5 268.687
-101.5 32.5 265.798
-101 32.5 263.691
-100.5 32.5 262.786
-100 32.5 262.986
-99.5 32.5 263.796
-99 32.5 264.766
-98.5 32.5 266.035
-98 32.5 268.101
-97.5 32.5 271.37
-97 32.5 275.45
-96.5 32.5 280.308
-96 32.5 285.908
-95.5 32.5 291.98
-95 32.5 298.472
-94.5 32.5 305.214
-94 32.5 312.204
-93.5 32.5 319.604
-93 32.5 327.182
-92.5 32.5 335.314
-92 32.5 344.011
-91.5 32.5 353.329
-91 32.5 362.28
-90.5 32.5 371.248
-90 32.5 380.432
-89.5 32.5 389.582
-89 32.5 398.694
-88.5 32.5 407.613
-88 32.5 416.559
-87.5 32.5 425.605
-87 32.5 434.824
-86.5 32.5 444.55
-86 32.5 454.56
-85.5 32.5 464.964
-85 32.5 475.654
-84.5 32.5 486.574
-84 32.5 497.627
-83.5 32.5 508.9
-83 32.5 520.267
-82.5 32.5 531.799
-82 32.5 543.501
-81.5 32.5 555.283
-81 32.5 567.195
-119 33 581.857
-118.5 33 569.041
-118 33 556.401
-117.5 33 543.979
-117 33 531.785
-116.5 33 519.453
-116 33 507.217
-115.5 33 494.964
-115 33 482.632
-114.5 33 470.492
-114 33 458.622
-113.5 33 447.265
-113 33 436.101
-112.5 33 425.261
-112 33 414.332
-111.5 33 403.534
-111 33 392.816
-110.5 33 382.308
-110 33 371.912
-109.5 33 361.651
-109 33 351.32
-108.5 33 341.022
-108 33 330.425
-107.5 33 320.484
-107 33 311.024
-106.5 33 302.318
-106 33 294.345
-105.5 33 287.164
-105 33 280.807
-104.5 33 274.806
-104 33 269.272
-103.5 33 264.25
-103 33 259.563
-102.5 33 255.446
-102 33 252.006
-101.5 33 248.911
-101 33 246.683
-100.5 33 245.794
-100 33 245.86
-99.5 33 246.587
-99 33 247.59
-98.5 33 248.939
-98 33 251.093
-97.5 33 254.634
-97 33 258.641
-96.5 33 263.378
-96 33 268.89
-95.5 33 275.005
-95 33 281.587
-94.5 33 288.444
-94 33 295.66
-93.5 33 303.243
-93 33 311.164
-92.5 33 319.819
-92 33 328.885
-91.5 33 338.032
-91 33 347.207
-90.5 33 356.43
-90 33 365.72
-89.5 33 375.183
-89 33 384.648
-88.5 33 394.016
-88 33 403.282
-87.5 33 412.707
-87 33 422.612
-86.5 33 433.036
-86 33 443.76
-85.5 33 454.722
-85 33 465.72
-84.5 33 476.914
-84 33 488.239
-83.5 33 499.63
-83 33 511.22
-82.5 33 522.952
-82 33 534.723
-81.5 33 546.625
-81 33 558.575
-119 33.5 574.246
-118.5 33.5 561.159
-118 33.5 548.269
-117.5 33.5 535.629
-117 33.5 523.181
-116.5 33.5 510.713
-116 33.5 498.321
-115.5 33.5 485.936
-115 33.5 473.512
-114.5 33.5 461.226
-114 33.5 449.086
-113.5 33.5 437.243
-113 33.5 425.608
-112.5 33.5 414.266
-112 33.5 403.121
-111.5 33.5 392.114
-111 33.5 381.231
-110.5 33.5 370.473
-110 33.5 359.859
-109.5 33.5 349.36
-109 33.5 338.921
-108.5 33.5 328.441
-108 33.5 317.832
-107.5 33.5 307.442
-107 33.5 297.472
-106.5 33.5 288.172
-106 33.5 279.785
-105.5 33.5 272.273
-105 33.5 265.574
-104.5 33.5 259.326
-104 33.5 253.533
-103.5 33.5 248.169
-103 33.5 243.23
-102.5 33.5 238.863
-102 33.5 235.125
-101.5 33.5 231.964
-101 33.5 229.711
-100.5 33.5 228.657
-100 33.5 228.615
-99.5 33.5 229.27
-99 33.5 230.319
-98.5 33.5 231.844
-98 33.5 234.224
-97.5 33.5 237.755
-97 33.5 241.76
-96.5 33.5 246.454
-96 33.5 252.015
-95.5 33.5 258.201
-95 33.5 264.891
-94.5 33.5 272.002
-94 33.5 279.542
-93.5 33.5 287.513
-93 33.5 295.962
-92.5 33.5 304.931
-92 33.5 314.168
-91.5 33.5 323.434
-91 33.5 332.811
-90.5 33.5 342.307
-90 33.5 351.912
-89.5 33.5 361.671
-89 33.5 371.457
-88.5 33.5 381.231
-88 33.5 391.057
-87.5 33.5 401.1
-87 33.5 411.616
-86.5 33.5 422.545
-86 33.5 433.723
-85.5 33.5 445.001
-85 33.5 456.298
-84.5 33.5 467.714
-84 33.5 479.21
-83.5 33.5 490.794
-83 33.5 502.54
-82.5 33.5 514.429
-82 33.5 526.413
-81.5 33.5 538.48
-81 33.5 550.595
-119 34 566.991
-118.5 34 553.531
-118 34 540.39
-117.5 34 527.5
-117 34 514.802
-116.5 34 502.135
-116 34 489.587
-115.5 34 477.112
-115 34 464.688
-114.5 34 452.432
-114 34 440.159
-113.5 34 427.95
-113 34 415.848
-112.5 34 403.988
-112 34 392.555
-111.5 34 381.257
-111 34 370.156
-110.5 34 359.143
-110 34 348.32
-109.5 34 337.589
-109 34 327.006
-108.5 34 316.358
-108 34 305.714
-107.5 34 294.983
-107 34 284.549
-106.5 34 274.575
-106 34 265.684
-105.5 34 257.694
-105 34 250.628
-104.5 34 244.046
-104 34 237.942
-103.5 34 232.173
-103 34 226.927
-102.5 34 222.288
-102 34 218.272
-101.5 34 214.963
-101 34 212.596
-100.5 34 211.399
-100 34 211.308
-99.5 34 211.96
-99 34 213.023
-98.5 34 214.662
-98 34 217.214
-97.5 34 220.967
-97 34 224.944
-96.5 34 229.625
-96 34 235.402
-95.5 34 241.746
-95 34 248.638
-94.5 34 256.087
-94 34 264.065
-93.5 34 272.52
-93 34 281.519
-92.5 34 290.755
-92 34 300.134
-91.5 34 309.54
-91 34 319.19
-90.5 34 329.048
-90 34 339.045
-89.5 34 349.192
-89 34 359.347
-88.5 34 369.539
-88 34 379.938
-87.5 34 390.541
-87 34 401.591
-86.5 34 412.891
-86 34 424.369
-85.5 34 435.85
-85 34 447.354
-84.5 34 458.981
-84 34 470.644
-83.5 34 482.431
-83 34 494.358
-82.5 34 506.435
-82 34 518.651
-81.5 34 530.907
-81 34 543.21
-119 34.5 559.991
-118.5 34.5 546.262
-118 34.5 532.9
-117.5 34.5 519.68
-117 34.5 506.657
-116.5 34.5 493.881
-116 34.5 481.108
-115.5 34.5 468.424
-115 34.5 456.083
-114.5 34.5 443.857
-114 34.5 431.699
-113.5 34.5 419.296
-113 34.5 407.049
-112.5 34.5 394.867
-112 34.5 382.905
-111.5 34.5 371.119
-111 34.5 359.521
-110.5 34.5 348.359
-110 34.5 337.36
-109.5 34.5 326.665
-109 34.5 315.785
-108.5 34.5 304.895
-108 34.5 293.868
-107.5 34.5 283.016
-107 34.5 272.314
-106.5 34.5 261.803
-106 34.5 252.248
-105.5 34.5 243.566
-105 34.5 235.977
-104.5 34.5 228.972
-104 34.5 222.479
-103.5 34.5 216.226
-103 34.5 210.715
-102.5 34.5 205.811
-102 34.5 201.49
-101.5 34.5 197.974
-101 34.5 195.428
-100.5 34.5 194.104
-100 34.5 193.934
-99.5 34.5 194.576
-99 34.5 195.52
-98.5 34.5 197.385
-98 34.5 200.214
-97.5 34.5 204.144
-97 34.5 208.255
-96.5 34.5 213.108
-96 34.5 219.198
-95.5 34.5 225.796
-95 34.5 233.021
-94.5 34.5 240.85
-94 34.5 249.415
-93.5 34.5 258.52
-93 34.5 268.201
-92.5 34.5 277.345
-92 34.5 286.656
-91.5 34.5 296.325
-91 34.5 306.448
-90.5 34.5 316.783
-90 34.5 327.295
-89.5 34.5 337.905
-89 34.5 348.511
-88.5 34.5 359.113
-88 34.5 370.007
-87.5 34.5 381.124
-87 34.5 392.522
-86.5 34.5 403.916
-86 34.5 415.474
-85.5 34.5 427.1
-85 34.5 438.835
-84.5 34.5 450.662
-84 34.5 462.547
-83.5 34.5 474.631
-83 34.5 486.823
-82.5 34.5 499.157
-82 34.5 511.532
-81.5 34.5 523.961
-81 34.5 536.412
-119 35 553.097
-118.5 35 539.545
-118 35 526.135
-117.5 35 512.807
-117 35 499.57
-116.5 35 486.546
-116 35 473.613
-115.5 35 460.754
-115 35 448.099
-114.5 35 435.585
-114 35 423.207
-113.5 35 410.816
-113 35 398.51
-112.5 35 386.217
-112 35 374
-111.5 35 361.942
-111 35 350.085
-110.5 35 338.525
-110 35 327.166
-109.5 35 316.041
-109 35 305.031
-108.5 35 294.021
-108 35 282.848
-107.5 35 271.715
-107 35 260.694
-106.5 35 249.816
-106 35 239.595
-105.5 35 230.206
-105 35 221.82
-104.5 35 214.231
-104 35 207.247
-103.5 35 200.71
-103 35 194.786
-102.5 35 189.516
-102 35 184.92
-101.5 35 181.097
-101 35 178.303
-100.5 35 176.771
-100 35 176.413
-99.5 35 176.959
-99 35 178.075
-98.5 35 180.102
-98 35 183.142
-97.5 35 187.141
-97 35 191.773
-96.5 35 197.163
-96 35 203.452
-95.5 35 210.425
-95 35 218.084
-94.5 35 226.484
-94 35 235.61
-93.5 35 245.188
-93 35 254.98
-92.5 35 264.493
-92 35 274.125
-91.5 35 284.247
-91 35 294.894
-90.5 35 305.76
-90 35 316.755
-89.5 35 327.775
-89 35 338.801
-88.5 35 349.831
-88 35 361.03
-87.5 35 372.41
-87 35 383.913
-86.5 35 395.455
-86 35 407.109
-85.5 35 418.917
-85 35 430.929
-84.5 35 443.036
-84 35 455.213
-83.5 35 467.515
-83 35 479.911
-82.5 35 492.399
-82 35 504.941
-81.5 35 517.509
-81 35 530.072
-119 35.5 546.786
-118.5 35.5 533.418
-118 35.5 520.058
-117.5 35.5 506.682
-117 35.5 493.226
-116.5 35.5 479.996
-116 35.5 466.906
-115.5 35.5 453.814
-115 35.5 440.799
-114.5 35.5 427.897
-114 35.5 415.236
-113.5 35.5 402.788
-113 35.5 390.447
-112.5 35.5 378.095
-112 35.5 365.725
-111.5 35.5 353.501
-111 35.5 341.442
-110.5 35.5 329.504
-110 35.5 317.714
-109.5 35.5 306.087
-109 35.5 294.904
-108.5 35.5 283.78
-108 35.5 272.401
-107.5 35.5 260.973
-107 35.5 249.678
-106.5 35.5 238.392
-106 35.5 227.57
-105.5 35.5 217.453
-105 35.5 208.269
-104.5 35.5 200.024
-104 35.5 192.484
-103.5 35.5 185.546
-103 35.5 179.128
-102.5 35.5 173.422
-102 35.5 168.497
-101.5 35.5 164.268
-101 35.5 161.118
-100.5 35.5 159.333
-100 35.5 158.795
-99.5 35.5 159.321
-99 35.5 160.55
-98.5 35.5 162.787
-98 35.5 166.122
-97.5 35.5 170.402
-97 35.5 175.665
-96.5 35.5 181.709
-96 35.5 188.384
-95.5 35.5 195.877
-95 35.5 204.074
-94.5 35.5 213.074
-94 35.5 222.74
-93.5 35.5 232.712
-93 35.5 242.716
-92.5 35.5 252.648
-92 35.5 262.719
-91.5 35.5 273.392
-91 35.5 284.591
-90.5 35.5 295.896
-90 35.5 307.282
-89.5 35.5 318.621
-89 35.5 330.003
-88.5 35.5 341.355
-88 35.5 352.796
-87.5 35.5 364.38
-87 35.5 375.983
-86.5 35.5 387.683
-86 35.5 399.477
-85.5 35.5 411.476
-85 35.5 423.776
-84.5 35.5 436.141
-84 35.5 448.559
-83.5 35.5 461.045
-83 35.5 473.602
-82.5 35.5 486.211
-82 35.5 498.888
-81.5 35.5 511.561
-81 35.5 524.222
-119 36 541.45
-118.5 36 528.037
-118 36 514.635
-117.5 36 501.134
-117 36 487.454
-116.5 36 474.086
-116 36 460.773
-115.5 36 447.488
-115 36 434.296
-114.5 36 421.146
-114 36 408.112
-113.5 36 395.46
-113 36 382.869
-112.5 36 370.437
-112 36 358.007
-111.5 36 345.625
-111 36 333.44
-110.5 36 321.216
-110 36 309.134
-109.5 36 297.097
-109 36 285.487
-108.5 36 273.97
-108 36 262.315
-107.5 36 250.59
-107 36 238.963
-106.5 36 227.449
-106 36 216.176
-105.5 36 205.488
-105 36 195.562
-104.5 36 186.512
-104 36 178.223
-103.5 36 170.712
-103 36 163.719
-102.5 36 157.468
-102 36 152.088
-101.5 36 147.469
-101 36 143.957
-100.5 36 141.804
-100 36 141.029
-99.5 36 141.454
-99 36 142.817
-98.5 36 145.471
-98 36 149.285
-97.5 36 154.143
-97 36 160.116
-96.5 36 166.905
-96 36 174.088
-95.5 36 182.417
-95 36 191.443
-94.5 36 201.078
-94 36 211.004
-93.5 36 221.185
-93 36 231.482
-92.5 36 242.121
-92 36 252.987
-91.5 36 264.31
-91 36 275.634
-90.5 36 287.131
-90 36 298.635
-89.5 36 310.201
-89 36 321.822
-88.5 36 333.441
-88 36 345.149
-87.5 36 356.947
-87 36 368.749
-86.5 36 380.734
-86 36 392.833
-85.5 36 405.1
-85 36 417.498
-84.5 36 430.004
-84 36 442.545
-83.5 36 455.181
-83 36 467.888
-82.5 36 480.638
-82 36 493.38
-81.5 36 506.114
-81 36 518.84
-119 36.5 536.652
-118.5 36.5 523.307
-118 36.5 509.844
-117.5 36.5 496.287
-117 36.5 482.59
-116.5 36.5 468.99
-116 36.5 455.508
-115.5 36.5 442.082
-115 36.5 428.696
-114.5 36.5 415.392
-114 36.5 402.194
-113.5 36.5 389.236
-113 36.5 376.423
-112.5 36.5 363.751
-112 36.5 351.078
-111.5 36.5 338.472
-111 36.5 325.957
-110.5 36.5 313.493
-110 36.5 301.128
-109.5 36.5 288.891
-109 36.5 276.852
-108.5 36.5 264.826
-108 36.5 252.762
-107.5 36.5 240.79
-107 36.5 228.864
-106.5 36.5 217.036
-106 36.5 205.432
-105.5 36.5 194.262
-105 36.5 183.674
-104.5 36.5 173.819
-104 36.5 164.714
-103.5 36.5 156.397
-103 36.5 148.756
-102.5 36.5 141.891
-102 36.5 135.891
-101.5 36.5 130.812
-101 36.5 126.902
-100.5 36.5 124.339
-100 36.5 123.318
-99.5 36.5 123.752
-99 36.5 125.476
-98.5 36.5 128.512
-98 36.5 132.878
-97.5 36.5 138.514
-97 36.5 145.258
-96.5 36.5 152.841
-96 36.5 161.054
-95.5 36.5 170.149
-95 36.5 179.868
-94.5 36.5 189.985
-94 36.5 200.331
-93.5 36.5 210.918
-93 36.5 221.728
-92.5 36.5 232.841
-92 36.5 244.212
-91.5 36.5 255.803
-91 36.5 267.369
-90.5 36.5 279.028
-90 36.5 290.724
-89.5 36.5 302.481
-89 36.5 314.305
-88.5 36.5 326.173
-88 36.5 338.146
-87.5 36.5 350.214
-87 36.5 362.334
-86.5 36.5 374.541
-86 36.5 386.873
-85.5 36.5 399.312
-85 36.5 411.843
-84.5 36.5 424.452
-84 36.5 437.111
-83.5 36.5 449.857
-83 36.5 462.671
-82.5 36.5 475.514
-82 36.5 488.317
-81.5 36.5 501.097
-81 36.5 513.836
-119 37 532.238
-118.5 37 518.992
-118 37 505.446
-117.5 37 491.863
-117 37 478.122
-116.5 37 464.353
-116 37 450.776
-115.5 37 437.265
-115 37 423.751
-114.5 37 410.376
-114 37 397.05
-113.5 37 383.83
-113 37 370.766
-112.5 37 357.837
-112 37 344.844
-111.5 37 331.986
-111 37 319.184
-110.5 37 306.511
-110 37 293.936
-109.5 37 281.565
-109 37 269.197
-108.5 37 256.721
-108 37 244.222
-107.5 37 231.986
-107 37 219.717
-106.5 37 207.523
-106 37 195.556
-105.5 37 183.923
-105 37 172.68
-104.5 37 162.041
-104 37 152.081
-103.5 37 142.918
-103 37 134.491
-102.5 37 126.868
-102 37 120.129
-101.5 37 114.437
-101 37 110.037
-100.5 37 106.991
-100 37 105.784
-99.5 37 106.348
-99 37 108.502
-98.5 37 112.023
-98 37 117.078
-97.5 37 123.657
-97 37 131.328
-96.5 37 139.827
-96 37 149.036
-95.5 37 158.922
-95 37 169.305
-94.5 37 179.899
-94 37 190.68
-93.5 37 201.714
-93 37 213.005
-92.5 37 224.505
-92 37 236.233
-91.5 37 248.039
-91 37 259.786
-90.5 37 271.631
-90 37 283.53
-89.5 37 295.484
-89 37 307.512
-88.5 37 319.594
-88 37 331.809
-87.5 37 344.132
-87 37 356.538
-86.5 37 368.944
-86 37 381.495
-85.5 37 394.099
-85 37 406.763
-84.5 37 419.466
-84 37 432.2
-83.5 37 445.011
-83 37 457.885
-82.5 37 470.793
-82 37 483.62
-81.5 37 496.435
-81 37 509.187
-119 37.5 528.104
-118.5 37.5 514.705
-118 37.5 501.162
-117.5 37.5 487.418
-117 37.5 473.573
-116.5 37.5 459.878
-116 37.5 446.224
-115.5 37.5 432.635
-115 37.5 419.199
-114.5 37.5 405.828
-114 37.5 392.463
-113.5 37.5 379.02
-113 37.5 365.668
-112.5 37.5 352.413
-112 37.5 339.145
-111.5 37.5 326.035
-111 37.5 313.245
-110.5 37.5 300.392
-110 37.5 287.781
-109.5 37.5 275.403
-109 37.5 262.686
-108.5 37.5 250.017
-108 37.5 237.333
-107.5 37.5 224.542
-107 37.5 211.801
-106.5 37.5 199.136
-106 37.5 186.763
-105.5 37.5 174.611
-105 37.5 162.756
-104.5 37.5 151.422
-104 37.5 140.628
-103.5 37.5 130.554
-103 37.5 121.158
-102.5 37.5 112.563
-102 37.5 104.926
-101.5 37.5 98.4468
-101 37.5 93.4401
-100.5 37.5 89.8735
-100 37.5 88.4504
-99.5 37.5 89.2513
-99 37.5 91.7647
-98.5 37.5 96.0764
-98 37.5 102.094
-97.5 37.5 109.825
-97 37.5 118.539
-96.5 37.5 128.028
-96 37.5 138.194
-95.5 37.5 148.697
-95 37.5 159.607
-94.5 37.5 170.712
-94 37.5 181.96
-93.5 37.5 193.427
-93 37.5 205.107
-92.5 37.5 216.943
-92 37.5 228.91
-91.5 37.5 240.841
-91 37.5 252.874
-90.5 37.5 264.933
-90 37.5 277.051
-89.5 37.5 289.26
-89 37.5 301.497
-88.5 37.5 313.791
-88 37.5 326.171
-87.5 37.5 338.614
-87 37.5 351.136
-86.5 37.5 363.828
-86 37.5 376.574
-85.5 37.5 389.428
-85 37.5 402.241
-84.5 37.5 415.035
-84 37.5 427.802
-83.5 37.5 440.604
-83 37.5 453.454
-82.5 37.5 466.366
-82 37.5 479.191
-81.5 37.5 492.026
-81 37.5 504.858
-119 38 524.913
-118.5 38 511.304
-118 38 497.546
-117.5 38 483.678
-117 38 469.807
-116.5 38 456.07
-116 38 442.391
-115.5 38 428.78
-115 38 415.275
-114.5 38 401.804
-114 38 388.332
-113.5 38 374.802
-113 38 361.238
-112.5 38 347.689
-112 38 334.194
-111.5 38 320.814
-111 38 307.728
-110.5 38 294.839
-110 38 282.095
-109.5 38 269.473
-109 38 256.728
-108.5 38 243.942
-108 38 231.077
-107.5 38 218.084
-107 38 205.093
-106.5 38 192.135
-106 38 179.324
-105.5 38 166.699
-105 38 154.316
-104.5 38 142.287
-104 38 130.665
-103.5 38 119.563
-103 38 109.068
-102.5 38 99.339
-102 38 90.5434
-101.5 38 82.9961
-101 38 77.068
-100.5 38 72.9391
-100 38 71.1107
-99.5 38 72.0832
-99 38 75.4692
-98.5 38 81.0036
-98 38 88.4208
-97.5 38 97.329
-97 38 107.077
-96.5 38 117.471
-96 38 128.33
-95.5 38 139.467
-95 38 150.891
-94.5 38 162.495
-94 38 174.244
-93.5 38 186.144
-93 38 198.173
-92.5 38 210.298
-92 38 222.484
-91.5 38 234.687
-91 38 246.97
-90.5 38 259.28
-90 38 271.619
-89.5 38 284.003
-89 38 296.413
-88.5 38 308.861
-88 38 321.393
-87.5 38 333.99
-87 38 346.677
-86.5 38 359.525
-86 38 372.441
-85.5 38 385.391
-85 38 398.284
-84.5 38 411.113
-84 38 423.873
-83.5 38 436.636
-83 38 449.409
-82.5 38 462.211
-82 38 475.021
-81.5 38 487.872
-81 38 500.732
-119 38.5 522.135
-118.5 38.5 508.395
-118 38.5 494.487
-117.5 38.5 480.562
-117 38.5 466.696
-116.5 38.5 452.972
-116 38.5 439.29
-115.5 38.5 425.661
-115 38.5 412.102
-114.5 38.5 398.539
-114 38.5 385.007
-113.5 38.5 371.446
-113 38.5 357.754
-112.5 38.5 343.998
-112 38.5 330.341
-111.5 38.5 316.688
-111 38.5 303.319
-110.5 38.5 290.341
-110 38.5 277.369
-109.5 38.5 264.49
-109 38.5 251.661
-108.5 38.5 238.756
-108 38.5 225.748
-107.5 38.5 212.623
-107 38.5 199.508
-106.5 38.5 186.341
-106 38.5 173.186
-105.5 38.5 160.206
-105 38.5 147.381
-104.5 38.5 134.721
-104 38.5 122.309
-103.5 38.5 110.197
-103 38.5 98.6061
-102.5 38.5 87.692
-102 38.5 77.5465
-101.5 38.5 68.5963
-101 38.5 61.4122
-100.5 38.5 56.3695
-99.5 38.5 55.3679
-99 38.5 59.9818
-98.5 38.5 67.0799
-98 38.5 76.1604
-97.5 38.5 86.4341
-97 38.5 97.1701
-96.5 38.5 108.384
-96 38.5 119.866
-95.5 38.5 131.562
-95 38.5 143.483
-94.5 38.5 155.554
-94 38.5 167.762
-93.5 38.5 180.058
-93 38.5 192.405
-92.5 38.5 204.792
-92 38.5 217.192
-91.5 38.5 229.64
-91 38.5 242.152
-90.5 38.5 254.674
-90 38.5 267.195
-89.5 38.5 279.724
-89 38.5 292.279
-88.5 38.5 304.847
-88 38.5 317.511
-87.5 38.5 330.229
-87 38.5 343.028
-86.5 38.5 355.985
-86 38.5 368.999
-85.5 38.5 381.992
-85 38.5 394.906
-84.5 38.5 407.743
-84 38.5 420.457
-83.5 38.5 433.155
-83 38.5 445.808
-82.5 38.5 458.456
-82 38.5 471.199
-81.5 38.5 484.033
-81 38.5 496.936
-119 39 519.155
-118.5 39 505.483
-118 39 491.802
-117.5 39 478.037
-117 39 464.274
-116.5 39 450.586
-116 39 436.945
-115.5 39 423.333
-115 39 409.767
-114.5 39 396.226
-114 39 382.732
-113.5 39 369.157
-113 39 355.49
-112.5 39 341.686
-112 39 327.954
-111.5 39 314.267
-111 39 300.784
-110.5 39 287.446
-110 39 274.151
-109.5 39 260.917
-109 39 247.834
-108.5 39 234.643
-108 39 221.39
-107.5 39 208.196
-107 39 194.95
-106.5 39 181.607
-106 39 168.306
-105.5 39 155.095
-105 39 142.045
-104.5 39 128.855
-104 39 115.76
-103.5 39 102.712
-103 39 90.244
-102.5 39 78.1972
-102 39 66.6872
-101.5 39 55.9063
-98.5 39 54.852
-98 39 65.8037
-97.5 39 77.4053
-97 39 89.0988
-96.5 39 100.96
-96 39 113.029
-95.5 39 125.309
-95 39 137.664
-94.5 39 150.187
-94 39 162.763
-93.5 39 175.361
-93 39 187.994
-92.5 39 200.604
-92 39 213.216
-91.5 39 225.86
-91 39 238.481
-90.5 39 251.113
-90 39 263.749
-89.5 39 276.406
-89 39 289.094
-88.5 39 301.821
-88 39 314.527
-87.5 39 327.314
-87 39 340.197
-86.5 39 353.158
-86 39 366.174
-85.5 39 379.167
-85 39 392.057
-84.5 39 404.904
-84 39 417.636
-83.5 39 430.22
-83 39 442.755
-82.5 39 455.195
-82 39 467.837
-81.5 39 480.552
-81 39 493.478
-119 39.5 516.905
-118.5 39.5 503.338
-118 39.5 489.707
-117.5 39.5 476.046
-117 39.5 462.394
-116.5 39.5 448.773
-116 39.5 435.201
-115.5 39.5 421.659
-115 39.5 408.132
-114.5 39.5 394.655
-114 39.5 381.209
-113.5 39.5 367.691
-113 39.5 354.123
-112.5 39.5 340.447
-112 39.5 326.732
-111.5 39.5 313.074
-111 39.5 299.475
-110.5 39.5 285.871
-110 39.5 272.344
-109.5 39.5 258.895
-109 39.5 245.5
-108.5 39.5 232.098
-108 39.5 218.626
-107.5 39.5 205.165
-107 39.5 191.722
-106.5 39.5 178.319
-106 39.5 164.956
-105.5 39.5 151.622
-105 39.5 138.328
-104.5 39.5 124.858
-104 39.5 111.345
-103.5 39.5 97.9102
-103 39.5 84.7962
-102.5 39.5 71.8873
-102 39.5 59.1412
-98 39.5 58.4164
-97.5 39.5 71.0847
-97 39.5 83.6455
-96.5 39.5 96.1534
-96 39.5 108.681
-95.5 39.5 121.299
-95 39.5 133.955
-94.5 39.5 146.695
-94 39.5 159.48
-93.5 39.5 172.267
-93 39.5 185.043
-92.5 39.5 197.791
-92 39.5 210.522
-91.5 39.5 223.246
-91 39.5 235.945
-90.5 39.5 248.636
-90 39.5 261.336
-89.5 39.5 274.056
-89 39.5 286.787
-88.5 39.5 299.539
-88 39.5 312.309
-87.5 39.5 325.139
-87 39.5 338.031
-86.5 39.5 350.953
-86 39.5 363.895
-85.5 39.5 376.798
-85 39.5 389.641
-84.5 39.5 402.433
-84 39.5 415.143
-83.5 39.5 427.725
-83 39.5 440.227
-82.5 39.5 452.668
-82 39.5 465.194
-81.5 39.5 477.84
-81 39.5 490.656
-119 40 515.044
-118.5 40 501.598
-118 40 488.007
-117.5 40 474.449
-117 40 460.923
-116.5 40 447.39
-116 40 433.921
-115.5 40 420.478
-115 40 407.005
-114.5 40 393.609
-114 40 380.255
-113.5 40 366.826
-113 40 353.42
-112.5 40 339.911
-112 40 326.254
-111.5 40 312.665
-111 40 299.021
-110.5 40 285.216
-110 40 271.532
-109.5 40 257.948
-109 40 244.355
-108.5 40 230.848
-108 40 217.207
-107.5 40 203.546
-107 40 189.988
-106.5 40 176.632
-106 40 163.314
-105.5 40 149.98
-105 40 136.669
-104.5 40 123.122
-104 40 109.489
-103.5 40 95.9865
-103 40 82.7163
-102.5 40 69.5259
-102 40 56.3414
-98 40 55.6948
-97.5 40 68.5847
-97 40 81.4545
-96.5 40 94.2387
-96 40 106.944
-95.5 40 119.68
-95 40 132.41
-94.5 40 145.185
-94 40 158.018
-93.5 40 170.845
-93 40 183.641
-92.5 40 196.416
-92 40 209.169
-91.5 40 221.901
-91 40 234.611
-90.5 40 247.304
-90 40 260.012
-89.5 40 272.732
-89 40 285.431
-88.5 40 298.138
-88 40 310.902
-87.5 40 323.71
-87 40 336.56
-86.5 40 349.397
-86 40 362.24
-85.5 40 375.018
-85 40 387.778
-84.5 40 400.495
-84 40 413.184
-83.5 40 425.761
-83 40 438.266
-82.5 40 450.711
-82 40 463.141
-81.5 40 475.697
-81 40 488.441
-119 40.5 513.254
-118.5 40.5 499.905
-118 40.5 486.492
-117.5 40.5 473.104
-117 40.5 459.706
-116.5 40.5 446.321
-116 40.5 432.965
-115.5 40.5 419.595
-115 40.5 406.248
-114.5 40.5 392.903
-114 40.5 379.582
-113.5 40.5 366.365
-113 40.5 353.064
-112.5 40.5 339.677
-112 40.5 326.191
-111.5 40.5 312.574
-111 40.5 298.932
-110.5 40.5 285.155
-110 40.5 271.321
-109.5 40.5 257.581
-109 40.5 244.102
-108.5 40.5 230.578
-108 40.5 216.9
-107.5 40.5 203.327
-107 40.5 189.872
-106.5 40.5 176.695
-106 40.5 163.544
-105.5 40.5 150.391
-105 40.5 137.168
-104.5 40.5 123.85
-104 40.5 110.436
-103.5 40.5 97.1506
-103 40.5 84.2409
-102.5 40.5 71.4762
-102 40.5 58.6596
-98 40.5 58.0827
-97.5 40.5 70.3537
-97 40.5 82.7915
-96.5 40.5 95.3174
-96 40.5 107.943
-95.5 40.5 120.505
-95 40.5 133.084
-94.5 40.5 145.728
-94 40.5 158.428
-93.5 40.5 171.11
-93 40.5 183.818
-92.5 40.5 196.526
-92 40.5 209.192
-91.5 40.5 221.876
-91 40.5 234.533
-90.5 40.5 247.183
-90 40.5 259.869
-89.5 40.5 272.496
-89 40.5 285.109
-88.5 40.5 297.709
-88 40.5 310.375
-87.5 40.5 323.043
-87 40.5 335.769
-86.5 40.5 348.526
-86 40.5 361.255
-85.5 40.5 373.942
-85 40.5 386.602
-84.5 40.5 399.234
-84 40.5 411.87
-83.5 40.5 424.389
-83 40.5 436.838
-82.5 40.5 449.238
-82 40.5 461.619
-81.5 40.5 474.073
-81 40.5 486.729
-119 41 511.934
-118.5 41 498.593
-118 41 485.28
-117.5 41 472.014
-117 41 458.802
-116.5 41 445.641
-116 41 432.485
-115.5 41 419.293
-115 41 406.081
-114.5 41 392.879
-114 41 379.741
-113.5 41 366.682
-113 41 353.559
-112.5 41 340.336
-112 41 326.961
-111.5 41 313.434
-111 41 299.821
-110.5 41 286.112
-110 41 272.325
-109.5 41 258.65
-109 41 245.188
-108.5 41 231.696
-108 41 218.124
-107.5 41 204.67
-107 41 191.4
-106.5 41 178.419
-106 41 165.601
-105.5 41 152.838
-105 41 140.04
-104.5 41 127.104
-104 41 114.194
-103.5 41 101.47
-103 41 89.1705
-102.5 41 77.2456
-102 41 65.6839
-98 41 64.99
-97.5 41 75.9716
-97 41 87.4357
-96.5 41 99.2594
-96 41 111.381
-95.5 41 123.607
-95 41 135.932
-94.5 41 148.303
-94 41 160.727
-93.5 41 173.185
-93 41 185.681
-92.5 41 198.191
-92 41 210.687
-91.5 41 223.191
-91 41 235.697
-90.5 41 248.211
-90 41 260.75
-89.5 41 273.287
-89 41 285.814
-88.5 41 298.329
-88 41 310.85
-87.5 41 323.373
-87 41 335.922
-86.5 41 348.501
-86 41 361.074
-85.5 41 373.634
-85 41 386.184
-84.5 41 398.712
-84 41 411.232
-83.5 41 423.695
-83 41 436.089
-82.5 41 448.438
-82 41 460.76
-81.5 41 473.123
-81 41 485.6
-119 41.5 511.11
-118.5 41.5 497.769
-118 41.5 484.542
-117.5 41.5 471.4
-117 41.5 458.388
-116.5 41.5 445.469
-116 41.5 432.543
-115.5 41.5 419.56
-115 41.5 406.504
-114.5 41.5 393.479
-114 41.5 380.569
-113.5 41.5 367.707
-113 41.5 354.777
-112.5 41.5 341.744
-112 41.5 328.505
-111.5 41.5 315.143
-111 41.5 301.684
-110.5 41.5 288.125
-110 41.5 274.467
-109.5 41.5 260.939
-109 41.5 247.594
-108.5 41.5 234.211
-108 41.5 220.763
-107.5 41.5 207.5
-107 41.5 194.467
-106.5 41.5 181.784
-106 41.5 169.387
-105.5 41.5 157.118
-105 41.5 144.893
-104.5 41.5 132.466
-104 41.5 120.252
-103.5 41.5 108.305
-103 41.5 96.9303
-102.5 41.5 86.1695
-102 41.5 76.1576
-101.5 41.5 67.0061
-101 41.5 59.5933
-100.5 41.5 54.4909
-99.5 41.5 54.8388
-99 41.5 59.9569
-98.5 41.5 66.8425
-98 41.5 75.3059
-97.5 41.5 84.6658
-97 41.5 94.869
-96.5 41.5 105.687
-96 41.5 117.067
-95.5 41.5 128.738
-95 41.5 140.659
-94.5 41.5 152.632
-94 41.5 164.686
-93.5 41.5 176.838
-93 41.5 189.046
-92.5 41.5 201.276
-92 41.5 213.518
-91.5 41.5 225.766
-91 41.5 238.045
-90.5 41.5 250.347
-90 41.5 262.687
-89.5 41.5 275.085
-89 41.5 287.489
-88.5 41.5 299.885
-88 41.5 312.235
-87.5 41.5 324.585
-87 41.5 336.936
-86.5 41.5 349.332
-86 41.5 361.736
-85.5 41.5 374.15
-85 41.5 386.59
-84.5 41.5 398.994
-84 41.5 411.394
-83.5 41.5 423.782
-83 41.5 436.093
-82.5 41.5 448.376
-82 41.5 460.625
-81.5 41.5 472.873
-81 41.5 485.189
-119 42 510.863
-118.5 42 497.539
-118 42 484.438
-117.5 42 471.47
-117 42 458.671
-116.5 42 445.888
-116 42 433.159
-115.5 42 420.383
-115 42 407.466
-114.5 42 394.65
-114 42 382.07
-113.5 42 369.318
-113 42 356.584
-112.5 42 343.712
-112 42 330.609
-111.5 42 317.582
-111 42 304.556
-110.5 42 291.044
-110 42 277.765
-109.5 42 264.561
-109 42 251.174
-108.5 42 237.994
-108 42 224.734
-107.5 42 211.738
-107 42 199.086
-106.5 42 186.771
-106 42 174.76
-105.5 42 162.941
-105 42 151.116
-104.5 42 139.416
-104 42 127.985
-103.5 42 117.099
-103 42 106.853
-102.5 42 97.3313
-102 42 88.6788
-101.5 42 80.981
-101 42 74.9293
-100.5 42 71.0647
-100 42 69.6396
-99.5 42 71.2288
-99 42 75.212
-98.5 42 80.744
-98 42 87.7516
-97.5 42 95.6229
-97 42 104.538
-96.5 42 114.227
-96 42 124.591
-95.5 42 135.557
-95 42 146.873
-94.5 42 158.392
-94 42 170.041
-93.5 42 181.857
-93 42 193.728
-92.5 42 205.617
-92 42 217.556
-91.5 42 229.512
-91 42 241.505
-90.5 42 253.556
-90 42 265.679
-89.5 42 277.837
-89 42 290.044
-88.5 42 302.268
-88 42 314.412
-87.5 42 326.583
-87 42 338.733
-86.5 42 351.014
-86 42 363.264
-85.5 42 375.526
-85 42 387.892
-84.5 42 400.19
-84 42 412.459
-83.5 42 424.743
-83 42 436.918
-82.5 42 449.08
-82 42 461.278
-81.5 42 473.437
-81 42 485.633
-119 42.5 511.231
-118.5 42.5 498.053
-118 42.5 485.034
-117.5 42.5 472.148
-117 42.5 459.426
-116.5 42.5 446.79
-116 42.5 434.147
-115.5 42.5 421.492
-115 42.5 408.845
-114.5 42.5 396.238
-114 42.5 383.73
-113.5 42.5 371.118
-113 42.5 358.451
-112.5 42.5 345.665
-112 42.5 332.766
-111.5 42.5 319.841
-111 42.5 306.885
-110.5 42.5 293.798
-110 42.5 280.765
-109.5 42.5 267.889
-109 42.5 255.066
-108.5 42.5 242.296
-108 42.5 229.552
-107.5 42.5 217.075
-107 42.5 204.897
-106.5 42.5 193.054
-106 42.5 181.532
-105.5 42.5 170.17
-105 42.5 158.955
-104.5 42.5 148.055
-104 42.5 137.565
-103.5 42.5 127.682
-103 42.5 118.441
-102.5 42.5 109.978
-102 42.5 102.42
-101.5 42.5 95.9592
-101 42.5 90.9328
-100.5 42.5 87.6435
-100 42.5 86.4569
-99.5 42.5 87.613
-99 42.5 90.7526
-98.5 42.5 95.3683
-98 42.5 101.266
-97.5 42.5 108.118
-97 42.5 115.911
-96.5 42.5 124.538
-96 42.5 133.926
-95.5 42.5 143.976
-95 42.5 154.501
-94.5 42.5 165.397
-94 42.5 176.569
-93.5 42.5 187.96
-93 42.5 199.47
-92.5 42.5 211.03
-92 42.5 222.63
-91.5 42.5 234.263
-91 42.5 245.955
-90.5 42.5 257.714
-90 42.5 269.54
-89.5 42.5 281.403
-89 42.5 293.318
-88.5 42.5 305.28
-88 42.5 317.263
-87.5 42.5 329.314
-87 42.5 341.44
-86.5 42.5 353.606
-86 42.5 365.801
-85.5 42.5 377.977
-85 42.5 390.126
-84.5 42.5 402.328
-84 42.5 414.517
-83.5 42.5 426.607
-83 42.5 438.669
-82.5 42.5 450.711
-82 42.5 462.752
-81.5 42.5 474.793
-81 42.5 486.825
-119 43 512.226
-118.5 43 499.214
-118 43 486.346
-117.5 43 473.562
-117 43 460.946
-116.5 43 448.467
-116 43 435.89
-115.5 43 423.319
-115 43 410.879
-114.5 43 398.385
-114 43 385.924
-113.5 43 373.405
-113 43 360.813
-112.5 43 348.128
-112 43 335.453
-111.5 43 322.669
-111 43 309.859
-110.5 43 297.214
-110 43 284.461
-109.5 43 272.013
-109 43 259.854
-108.5 43 247.633
-108 43 235.459
-107.5 43 223.622
-107 43 212.019
-106.5 43 200.744
-106 43 189.803
-105.5 43 178.94
-105 43 168.311
-104.5 43 158.163
-104 43 148.529
-103.5 43 139.594
-103 43 131.265
-102.5 43 123.742
-102 43 117.108
-101.5 43 111.612
-101 43 107.327
-100.5 43 104.294
-100 43 103.193
-99.5 43 104.067
-99 43 106.637
-98.5 43 110.539
-98 43 115.614
-97.5 43 121.643
-97 43 128.495
-96.5 43 136.165
-96 43 144.626
-95.5 43 153.757
-95 43 163.429
-94.5 43 173.619
-94 43 184.236
-93.5 43 195.154
-93 43 206.275
-92.5 43 217.475
-92 43 228.717
-91.5 43 239.983
-91 43 251.33
-90.5 43 262.747
-90 43 274.238
-89.5 43 285.76
-89 43 297.347
-88.5 43 309.024
-88 43 320.806
-87.5 43 332.701
-87 43 344.783
-86.5 43 356.786
-86 43 368.869
-85.5 43 380.904
-85 43 392.801
-84.5 43 404.906
-84 43 417.043
-83.5 43 428.952
-83 43 440.927
-82.5 43 452.859
-82 43 464.757
-81.5 43 476.688
-81 43 488.56
-119 43.5 513.749
-118.5 43.5 501.037
-118 43.5 488.439
-117.5 43.5 475.943
-117 43.5 463.578
-116.5 43.5 451.168
-116 43.5 438.772
-115.5 43.5 426.343
-115 43.5 413.849
-114.5 43.5 401.344
-114 43.5 388.839
-113.5 43.5 376.462
-113 43.5 364.009
-112.5 43.5 351.534
-112 43.5 339.206
-111.5 43.5 326.826
-111 43.5 314.506
-110.5 43.5 302.141
-110 43.5 289.907
-109.5 43.5 277.913
-109 43.5 266.083
-108.5 43.5 254.439
-108 43.5 242.789
-107.5 43.5 231.54
-107 43.5 220.646
-106.5 43.5 210.118
-106 43.5 199.603
-105.5 43.5 189.309
-105 43.5 179.195
-104.5 43.5 169.491
-104 43.5 160.538
-103.5 43.5 152.373
-103 43.5 144.94
-102.5 43.5 138.303
-102 43.5 132.545
-101.5 43.5 127.687
-101 43.5 123.838
-100.5 43.5 120.866
-100 43.5 119.83
-99.5 43.5 120.557
-99 43.5 122.754
-98.5 43.5 126.042
-98 43.5 130.432
-97.5 43.5 135.816
-97 43.5 141.907
-96.5 43.5 148.804
-96 43.5 156.423
-95.5 43.5 164.694
-95 43.5 173.568
-94.5 43.5 182.993
-94 43.5 192.993
-93.5 43.5 203.382
-93 43.5 214.074
-92.5 43.5 224.903
-92 43.5 235.792
-91.5 43.5 246.653
-91 43.5 257.579
-90.5 43.5 268.595
-90 43.5 279.711
-89.5 43.5 290.898
-89 43.5 302.176
-88.5 43.5 313.554
-88 43.5 325.072
-87.5 43.5 336.695
-87 43.5 348.521
-86.5 43.5 360.283
-86 43.5 371.942
-85.5 43.5 383.572
-85 43.5 395.495
-84.5 43.5 407.386
-84 43.5 419.376
-83.5 43.5 431.374
-83 43.5 443.284
-82.5 43.5 455.127
-82 43.5 467.022
-81.5 43.5 478.896
-81 43.5 490.611
-119 44 515.977
-118.5 44 503.518
-118 44 491.106
-117.5 44 478.809
-117 44 466.596
-116.5 44 454.391
-116 44 442.179
-115.5 44 429.886
-115 44 417.505
-114.5 44 405.112
-114 44 392.766
-113.5 44 380.534
-113 44 368.343
-112.5 44 356.191
-112 44 344.063
-111.5 44 331.971
-111 44 319.949
-110.5 44 307.957
-110 44 296.139
-109.5 44 284.531
-109 44 273.137
-108.5 44 261.96
-108 44 250.977
-107.5 44 240.422
-107 44 230.193
-106.5 44 220.189
-106 44 210.087
-105.5 44 200.145
-105 44 190.468
-104.5 44 181.391
-104 44 173.135
-103.5 44 165.774
-103 44 159.285
-102.5 44 153.521
-102 44 148.417
-101.5 44 143.895
-101 44 140.163
-100.5 44 137.377
-100 44 136.357
-99.5 44 136.942
-99 44 138.8
-98.5 44 141.657
-98 44 145.505
-97.5 44 150.28
-97 44 155.782
-96.5 44 162.024
-96 44 168.946
-95.5 44 176.488
-95 44 184.643
-94.5 44 193.394
-94 44 202.757
-93.5 44 212.606
-93 44 222.826
-92.5 44 233.204
-92 44 243.661
-91.5 44 254.119
-91 44 264.614
-90.5 44 275.202
-90 44 285.932
-89.5 44 296.79
-89 44 307.78
-88.5 44 318.89
-88 44 330.128
-87.5 44 341.514
-87 44 353.044
-86.5 44 364.561
-86 44 376.034
-85.5 44 387.497
-85 44 399.112
-84.5 44 410.788
-84 44 422.558
-83.5 44 434.374
-83 44 446.154
-82.5 44 457.889
-82 44 469.629
-81.5 44 481.308
-81 44 492.895
-119 44.5 518.6
-118.5 44.5 506.353
-118 44.5 494.103
-117.5 44.5 482.012
-117 44.5 469.984
-116.5 44.5 458.01
-116 44.5 446.032
-115.5 44.5 433.932
-115 44.5 421.732
-114.5 44.5 409.53
-114 44.5 397.398
-113.5 44.5 385.367
-113 44.5 373.452
-112.5 44.5 361.627
-112 44.5 349.701
-111.5 44.5 337.884
-111 44.5 326.155
-110.5 44.5 314.508
-110 44.5 303.101
-109.5 44.5 291.923
-109 44.5 281.04
-108.5 44.5 270.376
-108 44.5 259.992
-107.5 44.5 250.087
-107 44.5 240.412
-106.5 44.5 230.894
-106 44.5 221.071
-105.5 44.5 211.471
-105 44.5 202.214
-104.5 44.5 193.849
-104 44.5 186.364
-103.5 44.5 179.826
-103 44.5 174.219
-102.5 44.5 169.183
-102 44.5 164.592
-101.5 44.5 160.229
-101 44.5 156.55
-100.5 44.5 153.724
-100 44.5 152.768
-99.5 44.5 153.276
-99 44.5 154.884
-98.5 44.5 157.373
-98 44.5 160.773
-97.5 44.5 165.057
-97 44.5 170.036
-96.5 44.5 175.72
-96 44.5 182.052
-95.5 44.5 188.951
-95 44.5 196.455
-94.5 44.5 204.556
-94 44.5 213.312
-93.5 44.5 222.612
-93 44.5 232.364
-92.5 44.5 242.272
-92 44.5 252.304
-91.5 44.5 262.345
-91 44.5 272.395
-90.5 44.5 282.534
-90 44.5 292.868
-89.5 44.5 303.377
-89 44.5 314.061
-88.5 44.5 324.884
-88 44.5 335.814
-87.5 44.5 346.938
-87 44.5 358.207
-86.5 44.5 369.493
-86 44.5 380.827
-85.5 44.5 392.11
-85 44.5 403.42
-84.5 44.5 414.845
-84 44.5 426.363
-83.5 44.5 437.943
-83 44.5 449.546
-82.5 44.5 461.132
-82 44.5 472.707
-81.5 44.5 484.191
-81 44.5 495.621
-119 45 521.305
-118.5 45 509.173
-118 45 497.227
-117.5 45 485.397
-117 45 473.683
-116.5 45 461.9
-116 45 450.183
-115.5 45 438.361
-115 45 426.387
-114.5 45 414.475
-114 45 402.578
-113.5 45 390.725
-113 45 378.99
-112.5 45 367.368
-112 45 355.831
-111.5 45 344.41
-111 45 332.956
-110.5 45 321.712
-110 45 310.68
-109.5 45 300.067
-109 45 289.848
-108.5 45 279.848
-108 45 270.077
-107.5 45 260.484
-107 45 251.114
-106.5 45 241.813
-106 45 232.312
-105.5 45 223.088
-105 45 214.412
-104.5 45 207.01
-104 45 200.462
-103.5 45 194.85
-103 45 189.736
-102.5 45 185.085
-102 45 180.724
-101.5 45 176.504
-101 45 172.914
-100.5 45 170.223
-100 45 169.214
-99.5 45 169.507
-99 45 170.906
-98.5 45 173.167
-98 45 176.255
-97.5 45 180.059
-97 45 184.596
-96.5 45 189.771
-96 45 195.596
-95.5 45 201.934
-95 45 208.842
-94.5 45 216.346
-94 45 224.521
-93.5 45 233.253
-93 45 242.449
-92.5 45 251.953
-92 45 261.629
-91.5 45 271.273
-91 45 280.893
-90.5 45 290.584
-90 45 300.478
-89.5 45 310.61
-89 45 320.928
-88.5 45 331.394
-88 45 341.995
-87.5 45 352.776
-87 45 363.774
-86.5 45 374.833
-86 45 386.006
-85.5 45 397.055
-85 45 408.155
-84.5 45 419.363
-84 45 430.653
-83.5 45 441.999
-83 45 453.4
-82.5 45 464.894
-82 45 476.297
-81.5 45 487.749
-81 45 499.113
-119 45.5 524.595
-118.5 45.5 512.58
-118 45.5 500.699
-117.5 45.5 488.994
-117 45.5 477.417
-116.5 45.5 465.875
-116 45.5 454.364
-115.5 45.5 442.825
-115 45.5 431.245
-114.5 45.5 419.66
-114 45.5 408.098
-113.5 45.5 396.562
-113 45.5 385.103
-112.5 45.5 373.735
-112 45.5 362.517
-111.5 45.5 351.406
-111 45.5 340.459
-110.5 45.5 329.834
-110 45.5 319.416
-109.5 45.5 309.313
-109 45.5 299.505
-108.5 45.5 289.927
-108 45.5 280.541
-107.5 45.5 271.22
-107 45.5 262.042
-106.5 45.5 252.916
-106 45.5 243.984
-105.5 45.5 235.494
-105 45.5 227.756
-104.5 45.5 221.111
-104 45.5 215.341
-103.5 45.5 210.272
-103 45.5 205.495
-102.5 45.5 201.002
-102 45.5 196.727
-101.5 45.5 192.722
-101 45.5 189.342
-100.5 45.5 186.932
-100 45.5 185.849
-99.5 45.5 185.927
-99 45.5 187.034
-98.5 45.5 189.081
-98 45.5 191.929
-97.5 45.5 195.402
-97 45.5 199.523
-96.5 45.5 204.242
-96 45.5 209.538
-95.5 45.5 215.391
-95 45.5 221.796
-94.5 45.5 228.757
-94 45.5 236.326
-93.5 45.5 244.456
-93 45.5 253.121
-92.5 45.5 262.179
-92 45.5 271.467
-91.5 45.5 280.783
-91 45.5 290.067
-90.5 45.5 299.386
-90 45.5 308.853
-89.5 45.5 318.567
-89 45.5 328.465
-88.5 45.5 338.559
-88 45.5 348.788
-87.5 45.5 359.176
-87 45.5 369.749
-86.5 45.5 380.499
-86 45.5 391.381
-85.5 45.5 402.314
-85 45.5 413.284
-84.5 45.5 424.326
-84 45.5 435.403
-83.5 45.5 446.492
-83 45.5 457.634
-82.5 45.5 468.797
-82 45.5 479.972
-81.5 45.5 491.2
-81 45.5 502.396
-119 46 528.245
-118.5 46 516.277
-118 46 504.482
-117.5 46 492.929
-117 46 481.526
-116.5 46 470.265
-116 46 459.013
-115.5 46 447.792
-115 46 436.622
-114.5 46 425.373
-114 46 414.17
-113.5 46 403.001
-113 46 391.892
-112.5 46 380.845
-112 46 370.012
-111.5 46 359.269
-111 46 348.853
-110.5 46 338.871
-110 46 328.993
-109.5 46 319.298
-109 46 309.765
-108.5 46 300.461
-108 46 291.374
-107.5 46 282.253
-107 46 273.33
-106.5 46 264.468
-106 46 256.218
-105.5 46 248.547
-105 46 241.699
-104.5 46 235.793
-104 46 230.659
-103.5 46 226.06
-103 46 221.456
-102.5 46 217.042
-102 46 212.832
-101.5 46 208.996
-101 46 205.827
-100.5 46 203.663
-100 46 202.604
-99.5 46 202.501
-99 46 203.281
-98.5 46 205.115
-98 46 207.778
-97.5 46 210.956
-97 46 214.726
-96.5 46 219.042
-96 46 223.856
-95.5 46 229.275
-95 46 235.233
-94.5 46 241.681
-94 46 248.671
-93.5 46 256.184
-93 46 264.313
-92.5 46 272.913
-92 46 281.839
-91.5 46 290.877
-91 46 299.882
-90.5 46 308.903
-90 46 317.988
-89.5 46 327.325
-89 46 336.78
-88.5 46 346.494
-88 46 356.324
-87.5 46 366.288
-87 46 376.402
-86.5 46 386.806
-86 46 397.358
-85.5 46 408.138
-85 46 418.929
-84.5 46 429.769
-84 46 440.602
-83.5 46 451.389
-83 46 462.235
-82.5 46 473.016
-82 46 483.887
-81.5 46 494.83
-81 46 505.864
-119 46.5 531.909
-118.5 46.5 520.034
-118 46.5 508.617
-117.5 46.5 497.352
-117 46.5 486.264
-116.5 46.5 475.417
-116 46.5 464.558
-115.5 46.5 453.728
-115 46.5 442.858
-114.5 46.5 431.897
-114 46.5 420.901
-113.5 46.5 410.136
-113 46.5 399.418
-112.5 46.5 388.893
-112 46.5 378.486
-111.5 46.5 368.359
-111 46.5 358.606
-110.5 46.5 348.817
-110 46.5 339.289
-109.5 46.5 329.774
-109 46.5 320.378
-108.5 46.5 311.253
-108 46.5 302.34
-107.5 46.5 293.456
-107 46.5 284.816
-106.5 46.5 276.567
-106 46.5 269.154
-105.5 46.5 262.339
-105 46.5 256.191
-104.5 46.5 250.891
-104 46.5 246.175
-103.5 46.5 241.965
-103 46.5 237.471
-102.5 46.5 233.08
-102 46.5 229.013
-101.5 46.5 225.366
-101 46.5 222.42
-100.5 46.5 220.497
-100 46.5 219.499
-99.5 46.5 219.286
-99 46.5 219.633
-98.5 46.5 221.197
-98 46.5 223.633
-97.5 46.5 226.607
-97 46.5 230.098
-96.5 46.5 234.098
-96 46.5 238.502
-95.5 46.5 243.52
-95 46.5 249.081
-94.5 46.5 255.114
-94 46.5 261.55
-93.5 46.5 268.487
-93 46.5 275.989
-92.5 46.5 284.084
-92 46.5 292.583
-91.5 46.5 301.418
-91 46.5 310.24
-90.5 46.5 319.183
-90 46.5 328.034
-89.5 46.5 337.002
-89 46.5 346.023
-88.5 46.5 355.259
-88 46.5 364.746
-87.5 46.5 374.296
-87 46.5 384.048
-86.5 46.5 394.101
-86 46.5 404.289
-85.5 46.5 414.76
-85 46.5 425.236
-84.5 46.5 435.684
-84 46.5 446.216
-83.5 46.5 456.718
-83 46.5 467.209
-82.5 46.5 477.742
-82 46.5 488.299
-81.5 46.5 498.928
-81 46.5 509.547
-119 47 535.918
-118.5 47 524.597
-118 47 513.61
-117.5 47 502.765
-117 47 492.057
-116.5 47 481.524
-116 47 471.003
-115.5 47 460.469
-115 47 449.897
-114.5 47 439.281
-114 47 428.639
-113.5 47 418.068
-113 47 407.645
-112.5 47 397.41
-112 47 387.353
-111.5 47 377.602
-111 47 368.118
-110.5 47 358.731
-110 47 349.468
-109.5 47 340.233
-109 47 331.083
-108.5 47 322.163
-108 47 313.488
-107.5 47 305.079
-107 47 297.043
-106.5 47 289.581
-106 47 282.891
-105.5 47 276.806
-105 47 271.273
-104.5 47 266.473
-104 47 262.123
-103.5 47 257.937
-103 47 253.554
-102.5 47 249.259
-102 47 245.305
-101.5 47 241.845
-101 47 239.118
-100.5 47 237.368
-100 47 236.415
-99.5 47 236.053
-99 47 236.142
-98.5 47 237.308
-98 47 239.41
-97.5 47 242.209
-97 47 245.51
-96.5 47 249.252
-96 47 253.371
-95.5 47 258.013
-95 47 263.168
-94.5 47 268.807
-94 47 274.813
-93.5 47 281.262
-93 47 288.229
-92.5 47 295.737
-92 47 303.711
-91.5 47 312.123
-91 47 320.799
-90.5 47 329.71
-90 47 338.635
-89.5 47 347.444
-89 47 356.29
-88.5 47 365.197
-88 47 374.296
-87.5 47 383.5
-87 47 392.92
-86.5 47 402.567
-86 47 412.378
-85.5 47 422.41
-85 47 432.542
-84.5 47 442.656
-84 47 452.762
-83.5 47 462.898
-83 47 472.962
-82.5 47 483.12
-82 47 493.444
-81.5 47 503.77
-81 47 514.147
-119 47.5 540.728
-118.5 47.5 529.96
-118 47.5 519.479
-117.5 47.5 509.037
-117 47.5 498.655
-116.5 47.5 488.394
-116 47.5 478.121
-115.5 47.5 467.802
-115 47.5 457.464
-114.5 47.5 447.14
-114 47.5 436.791
-113.5 47.5 426.364
-113 47.5 416.174
-112.5 47.5 406.177
-112 47.5 396.431
-111.5 47.5 387.023
-111 47.5 377.816
-110.5 47.5 368.792
-110 47.5 359.803
-109.5 47.5 350.85
-109 47.5 341.993
-108.5 47.5 333.39
-108 47.5 325.088
-107.5 47.5 317.276
-107 47.5 309.915
-106.5 47.5 303.226
-106 47.5 297.242
-105.5 47.5 291.782
-105 47.5 286.687
-104.5 47.5 282.335
-104 47.5 278.273
-103.5 47.5 274.072
-103 47.5 269.738
-102.5 47.5 265.567
-102 47.5 261.739
-101.5 47.5 258.4
-101 47.5 255.792
-100.5 47.5 254.243
-100 47.5 253.359
-99.5 47.5 252.902
-99 47.5 252.552
-98.5 47.5 253.381
-98 47.5 255.199
-97.5 47.5 257.863
-97 47.5 260.996
-96.5 47.5 264.538
-96 47.5 268.382
-95.5 47.5 272.699
-95 47.5 277.491
-94.5 47.5 282.806
-94 47.5 288.417
-93.5 47.5 294.417
-93 47.5 300.882
-92.5 47.5 307.825
-92 47.5 315.215
-91.5 47.5 323.124
-91 47.5 331.538
-90.5 47.5 340.367
-90 47.5 349.409
-89.5 47.5 358.163
-89 47.5 367.043
-88.5 47.5 375.783
-88 47.5 384.65
-87.5 47.5 393.579
-87 47.5 402.711
-86.5 47.5 412.004
-86 47.5 421.431
-85.5 47.5 431.058
-85 47.5 440.878
-84.5 47.5 450.697
-84 47.5 460.438
-83.5 47.5 470.291
-83 47.5 479.95
-82.5 47.5 489.72
-82 47.5 499.828
-81.5 47.5 509.8
-81 47.5 519.85
-119 48 546.744
-118.5 48 536.491
-118 48 526.232
-117.5 48 516.07
-117 48 505.986
-116.5 48 495.791
-116 48 485.66
-115.5 48 475.47
-115 48 465.228
-114.5 48 455.034
-114 48 444.776
-113.5 48 434.652
-113 48 424.639
-112.5 48 414.823
-112 48 405.685
-111.5 48 396.695
-111 48 388.014
-110.5 48 379.2
-110 48 370.42
-109.5 48 361.634
-109 48 353.23
-108.5 48 345.083
-108 48 337.34
-107.5 48 330.199
-107 48 323.521
-106.5 48 317.586
-106 48 312.073
-105.5 48 307.017
-105 48 302.404
-104.5 48 298.334
-104 48 294.397
-103.5 48 289.853
-103 48 285.906
-102.5 48 282.124
-102 48 278.409
-101.5 48 275.057
-101 48 272.488
-100.5 48 271.113
-100 48 270.214
-99.5 48 269.638
-99 48 268.899
-98.5 48 269.475
-98 48 271.052
-97.5 48 273.565
-97 48 276.525
-96.5 48 279.881
-96 48 283.521
-95.5 48 287.573
-95 48 292.061
-94.5 48 297.039
-94 48 302.317
-93.5 48 307.934
-93 48 313.911
-92.5 48 320.425
-92 48 327.265
-91.5 48 334.48
-91 48 342.482
-90.5 48 350.77
-90 48 359.568
-89.5 48 368.606
-89 48 377.726
-88.5 48 386.718
-88 48 395.469
-87.5 48 404.361
-87 48 413.182
-86.5 48 422.192
-86 48 431.357
-85.5 48 440.68
-85 48 450.148
-84.5 48 459.735
-84 48 469.531
-83.5 48 479.11
-83 48 488.786
-82.5 48 498.29
-82 48 507.884
-81.5 48 517.461
-81 48 526.937
-119 48.5 553.427
-118.5 48.5 543.38
-118 48.5 533.291
-117.5 48.5 523.255
-117 48.5 513.248
-116.5 48.5 503.174
-116 48.5 493.116
-115.5 48.5 483.055
-115 48.5 472.99
-114.5 48.5 462.98
-114 48.5 453.047
-113.5 48.5 443.344
-113 48.5 433.862
-112.5 48.5 424.635
-112 48.5 415.744
-111.5 48.5 407.053
-111 48.5 398.474
-110.5 48.5 389.84
-110 48.5 381.3
-109.5 48.5 372.987
-109 48.5 365.062
-108.5 48.5 357.525
-108 48.5 350.443
-107.5 48.5 343.875
-107 48.5 337.829
-106.5 48.5 332.318
-106 48.5 327.205
-105.5 48.5 322.538
-105 48.5 318.308
-104.5 48.5 314.282
-104 48.5 310.303
-103.5 48.5 306.141
-103 48.5 302.202
-102.5 48.5 298.419
-102 48.5 294.744
-101.5 48.5 291.65
-101 48.5 289.333
-100.5 48.5 287.907
-100 48.5 286.833
-99.5 48.5 286
-99 48.5 285.308
-98.5 48.5 285.678
-98 48.5 287.049
-97.5 48.5 289.308
-97 48.5 292.074
-96.5 48.5 295.243
-96 48.5 298.725
-95.5 48.5 302.566
-95 48.5 306.814
-94.5 48.5 311.472
-94 48.5 316.478
-93.5 48.5 321.837
-93 48.5 327.543
-92.5 48.5 333.713
-92 48.5 340.258
-91.5 48.5 347.086
-91 48.5 354.395
-90.5 48.5 362.154
-90 48.5 370.456
-89.5 48.5 379.153
-89 48.5 388.054
-88.5 48.5 397.039
-88 48.5 405.964
-87.5 48.5 414.908
-87 48.5 423.78
-86.5 48.5 432.705
-86 48.5 441.734
-85.5 48.5 450.809
-85 48.5 459.922
-84.5 48.5 469.183
-84 48.5 478.639
-83.5 48.5 488.124
-83 48.5 497.716
-82.5 48.5 507.303
-82 48.5 516.841
-81.5 48.5 526.379
-81 48.5 535.831
-119 49 560.285
-118.5 49 550.394
-118 49 540.411
-117.5 49 530.469
-117 49 520.531
-116.5 49 510.548
-116 49 500.581
-115.5 49 490.674
-115 49 480.818
-114.5 49 471.06
-114 49 461.486
-113.5 49 452.268
-113 49 443.361
-112.5 49 434.716
-112 49 426.063
-111.5 49 417.624
-111 49 409.152
-110.5 49 400.683
-110 49 392.426
-109.5 49 384.62
-109 49 377.22
-108.5 49 370.298
-108 49 363.852
-107.5 49 357.816
-107 49 352.322
-106.5 49 347.19
-106 49 342.398
-105.5 49 338.052
-105 49 334.171
-104.5 49 330.169
-104 49 326.231
-103.5 49 322.383
-103 49 318.472
-102.5 49 314.698
-102 49 310.972
-101.5 49 308.134
-101 49 306.005
-100.5 49 304.612
-100 49 303.352
-99.5 49 302.367
-99 49 301.571
-98.5 49 301.851
-98 49 303.041
-97.5 49 305.102
-97 49 307.647
-96.5 49 310.629
-96 49 313.939
-95.5 49 317.577
-95 49 321.605
-94.5 49 325.992
-94 49 330.751
-93.5 49 335.9
-93 49 341.357
-92.5 49 347.26
-92 49 353.6
-91.5 49 360.055
-91 49 366.728
-90.5 49 373.929
-90 49 381.687
-89.5 49 389.907
-89 49 398.436
-88.5 49 407.317
-88 49 416.344
-87.5 49 425.38
-87 49 434.329
-86.5 49 443.228
-86 49 452.191
-85.5 49 461.073
-85 49 469.846
-84.5 49 478.774
-84 49 487.907
-83.5 49 497.266
-83 49 506.803
-82.5 49 516.535
-82 49 526.123
-81.5 49 535.768
-81 49 545.251
