85 22 3.95596
85.5 22 3.95596
86 22 3.95596
86.5 22 3.95596
87 22 3.95596
87.5 22 3.95596
88 22 3.95596
88.5 22 3.95596
89 22 3.95596
89.5 22 3.95596
90 22 3.95596
90.5 22 3.95596
91 22 3.95596
91.5 22 3.95596
92 22 3.95596
92.5 22 3.95596
93 22 3.95596
93.5 22 3.95596
94 22 3.95672
94.5 22 3.96238
95 22 3.96763
95.5 22 3.97229
96 22 3.96295
96.5 22 3.96409
97 22 4.02743
97.5 22 4.04234
98 22 4.05702
98.5 22 4.07103
99 22 4.08327
99.5 22 3.9789
100 22 3.98111
100.5 22 4.07788
101 22 3.98346
101.5 22 3.93391
102 22 4.00235
102.5 22 3.94924
103 22 3.84036
103.5 22 3.96999
104 22 3.95198
104.5 22 4.00139
105 22 4.1805
105.5 22 4.1717
106 22 4.04695
106.5 22 3.86139
107 22 4.02866
107.5 22 4.00364
108 22 4.00935
108.5 22 4.08768
109 22 3.99988
109.5 22 4.02574
110 22 4.0391
110.5 22 4.00734
111 22 4.05506
111.5 22 4.05164
112 22 4.02292
112.5 22 4.05299
113 22 3.99524
113.5 22 4.08243
114 22 3.99957
114.5 22 3.98323
115 22 4.00679
115.5 22 3.98096
116 22 3.97831
116.5 22 3.98062
117 22 3.97942
117.5 22 3.97272
118 22 3.92624
118.5 22 3.9271
119 22 3.88887
119.5 22 3.89075
120 22 3.89571
120.5 22 4.09036
121 22 4.08719
121.5 22 4.07854
122 22 4.06583
122.5 22 3.96823
123 22 3.96706
123.5 22 3.95788
124 22 3.95768
124.5 22 3.95734
125 22 3.95252
125.5 22 3.95312
126 22 3.95388
126.5 22 3.95464
127 22 3.9556
127.5 22 3.95596
128 22 3.95596
128.5 22 3.95596
129 22 3.95596
129.5 22 3.95596
130 22 3.95596
130.5 22 3.95596
131 22 3.95596
131.5 22 3.95596
132 22 3.95596
132.5 22 3.95596
133 22 3.95596
85 22.5 3.95596
85.5 22.5 3.95596
86 22.5 3.95596
86.5 22.5 3.95596
87 22.5 3.95596
87.5 22.5 3.95596
88 22.5 3.95596
88.5 22.5 3.95596
89 22.5 3.95596
89.5 22.5 3.95596
90 22.5 3.95596
90.5 22.5 3.95596
91 22.5 3.95596
91.5 22.5 3.95596
92 22.5 3.95596
92.5 22.5 3.95596
93 22.5 3.95596
93.5 22.5 3.95596
94 22.5 3.96083
94.5 22.5 3.96673
95 22.5 3.97215
95.5 22.5 3.9771
96 22.5 3.98154
96.5 22.5 3.96519
97 22.5 3.966
97.5 22.5 3.99896
98 22.5 4.00395
98.5 22.5 4.07524
99 22.5 4.09052
99.5 22.5 4.10563
100 22.5 4.05686
100.5 22.5 4.4329
101 22.5 3.78773
101.5 22.5 3.87199
102 22.5 3.96217
102.5 22.5 3.89632
103 22.5 3.89709
103.5 22.5 4.261
104 22.5 4.16862
104.5 22.5 3.99078
105 22.5 4.04121
105.5 22.5 4.0202
106 22.5 4.03188
106.5 22.5 4.2608
107 22.5 4.04789
107.5 22.5 3.94282
108 22.5 4.04513
108.5 22.5 4.01578
109 22.5 3.98457
109.5 22.5 4.0267
110 22.5 4.08011
110.5 22.5 3.9666
111 22.5 4.01465
111.5 22.5 4.02898
112 22.5 3.95132
112.5 22.5 3.99695
113 22.5 4.06748
113.5 22.5 4.01277
114 22.5 4.09649
114.5 22.5 4.09931
115 22.5 4.00145
115.5 22.5 3.96478
116 22.5 3.96509
116.5 22.5 3.98381
117 22.5 3.9756
117.5 22.5 3.88562
118 22.5 3.8888
118.5 22.5 3.92359
119 22.5 3.87932
119.5 22.5 3.88274
120 22.5 3.92851
120.5 22.5 4.11318
121 22.5 4.10858
121.5 22.5 4.09682
122 22.5 3.97137
122.5 22.5 3.97046
123 22.5 3.96907
123.5 22.5 3.95845
124 22.5 3.95821
124.5 22.5 3.95084
125 22.5 3.95134
125.5 22.5 3.95196
126 22.5 3.95276
126.5 22.5 3.95368
127 22.5 3.9497
127.5 22.5 3.9524
128 22.5 3.95536
128.5 22.5 3.95596
129 22.5 3.95596
129.5 22.5 3.95596
130 22.5 3.95596
130.5 22.5 3.95596
131 22.5 3.95596
131.5 22.5 3.95596
132 22.5 3.95596
132.5 22.5 3.95596
133 22.5 3.95596
85 23 3.95596
85.5 23 3.95596
86 23 3.95596
86.5 23 3.95596
87 23 3.95596
87.5 23 3.95596
88 23 3.95596
88.5 23 3.95596
89 23 3.95596
89.5 23 3.95596
90 23 3.95596
90.5 23 3.95596
91 23 3.95596
91.5 23 3.95596
92 23 3.95596
92.5 23 3.95596
93 23 3.95576
93.5 23 3.95543
94 23 3.96417
94.5 23 3.97027
95 23 3.97597
95.5 23 3.98119
96 23 3.98599
96.5 23 3.99009
97 23 3.9667
97.5 23 3.96718
98 23 4.00839
98.5 23 4.01347
99 23 4.08331
99.5 23 3.9355
100 23 3.92708
100.5 23 3.86906
101 23 3.87298
101.5 23 3.89919
102 23 3.89245
102.5 23 3.96859
103 23 3.88405
103.5 23 4.3861
104 23 3.94737
104.5 23 4.02117
105 23 3.95781
105.5 23 3.9853
106 23 3.99425
106.5 23 3.89757
107 23 3.98547
107.5 23 3.9722
108 23 3.99723
108.5 23 3.90011
109 23 3.9161
109.5 23 3.90922
110 23 4.00362
110.5 23 3.9735
111 23 4.01566
111.5 23 4.06313
112 23 3.90342
112.5 23 4.06054
113 23 3.94807
113.5 23 4.07891
114 23 4.06074
114.5 23 3.94138
115 23 4.06678
115.5 23 4.07158
116 23 3.97571
116.5 23 4.07817
117 23 4.0353
117.5 23 3.87676
118 23 3.91792
118.5 23 4.05432
119 23 3.8698
119.5 23 4.06759
120 23 4.06252
120.5 23 4.13613
121 23 4.12788
121.5 23 3.97409
122 23 3.97361
122.5 23 3.97236
123 23 3.95922
123.5 23 3.95898
124 23 3.95865
124.5 23 3.94975
125 23 3.95022
125.5 23 3.95094
126 23 3.9518
126.5 23 3.94218
127 23 3.94464
127.5 23 3.94754
128 23 3.95011
128.5 23 3.95107
129 23 3.95255
129.5 23 3.95466
130 23 3.95596
130.5 23 3.95596
131 23 3.95596
131.5 23 3.95596
132 23 3.95596
132.5 23 3.95596
133 23 3.95596
85 23.5 3.95596
85.5 23.5 3.95596
86 23.5 3.95596
86.5 23.5 3.95596
87 23.5 3.95596
87.5 23.5 3.95596
88 23.5 3.95596
88.5 23.5 3.95596
89 23.5 3.95596
89.5 23.5 3.95596
90 23.5 3.95596
90.5 23.5 3.95596
91 23.5 3.95596
91.5 23.5 3.95596
92 23.5 3.95838
92.5 23.5 3.95529
93 23.5 3.95485
93.5 23.5 3.95444
94 23.5 3.95418
94.5 23.5 3.97291
95 23.5 3.9788
95.5 23.5 3.98434
96 23.5 3.9895
96.5 23.5 3.99413
97 23.5 3.998
97.5 23.5 3.96747
98 23.5 3.96755
98.5 23.5 3.96747
99 23.5 4.02261
99.5 23.5 3.96091
100 23.5 4.0049
100.5 23.5 3.83578
101 23.5 3.99237
101.5 23.5 3.913
102 23.5 3.97849
102.5 23.5 3.9389
103 23.5 3.84188
103.5 23.5 3.84656
104 23.5 3.84383
104.5 23.5 3.88388
105 23.5 3.95687
105.5 23.5 3.84317
106 23.5 3.94277
106.5 23.5 4.2714
107 23.5 3.97165
107.5 23.5 3.85608
108 23.5 4.04097
108.5 23.5 4.01496
109 23.5 3.94128
109.5 23.5 3.95913
110 23.5 4.05635
110.5 23.5 4.0626
111 23.5 4.00922
111.5 23.5 4.01543
112 23.5 3.97056
112.5 23.5 3.96807
113 23.5 4.04805
113.5 23.5 4.05864
114 23.5 4.09366
114.5 23.5 3.93846
115 23.5 3.95852
115.5 23.5 4.06764
116 23.5 4.07467
116.5 23.5 3.95161
117 23.5 3.92282
117.5 23.5 4.08795
118 23.5 4.05251
118.5 23.5 4.0668
119 23.5 4.04579
119.5 23.5 4.08194
120 23.5 3.92065
120.5 23.5 4.15912
121 23.5 4.13799
121.5 23.5 3.97637
122 23.5 3.97555
122.5 23.5 3.96007
123 23.5 3.95995
123.5 23.5 3.95952
124 23.5 3.94905
124.5 23.5 3.94919
125 23.5 3.94945
125.5 23.5 3.95012
126 23.5 3.93516
126.5 23.5 3.93722
127 23.5 3.93992
127.5 23.5 3.94308
128 23.5 3.94399
128.5 23.5 3.94498
129 23.5 3.9467
129.5 23.5 3.94902
130 23.5 3.95183
130.5 23.5 3.9551
131 23.5 3.95596
131.5 23.5 3.95596
132 23.5 3.95596
132.5 23.5 3.95596
133 23.5 3.95596
85 24 3.95596
85.5 24 3.95596
86 24 3.95596
86.5 24 3.95596
87 24 3.95596
87.5 24 3.95596
88 24 3.95596
88.5 24 3.95596
89 24 3.95434
89.5 24 3.95194
90 24 3.95012
90.5 24 3.94899
91 24 3.94859
91.5 24 3.93715
92 24 3.96891
92.5 24 3.97315
93 24 3.95388
93.5 24 3.95347
94 24 3.95305
94.5 24 3.96269
95 24 3.96392
95.5 24 3.98636
96 24 3.99179
96.5 24 3.99687
97 24 4.00146
97.5 24 4.00526
98 24 3.96747
98.5 24 3.96701
99 24 4.01839
99.5 24 3.99347
100 24 4.02614
100.5 24 3.93033
101 24 3.99336
101.5 24 4.03423
102 24 3.97047
102.5 24 3.91088
103 24 3.84774
103.5 24 3.88799
104 24 3.8833
104.5 24 3.9352
105 24 3.90356
105.5 24 3.9125
106 24 4.0005
106.5 24 4.00244
107 24 3.9845
107.5 24 4.0288
108 24 4.05643
108.5 24 4.12838
109 24 4.0816
109.5 24 3.92629
110 24 3.9487
110.5 24 4.02462
111 24 3.97439
111.5 24 3.95874
112 24 4.02521
112.5 24 4.05764
113 24 4.05011
113.5 24 4.07081
114 24 4.04066
114.5 24 3.94355
115 24 4.0282
115.5 24 3.91996
116 24 4.0085
116.5 24 3.9641
117 24 3.9739
117.5 24 4.043
118 24 4.10359
118.5 24 4.05755
119 24 4.08104
119.5 24 4.05982
120 24 3.91589
120.5 24 4.08785
121 24 3.96018
121.5 24 3.97859
122 24 3.97659
122.5 24 3.96078
123 24 3.96059
123.5 24 3.94899
124 24 3.94895
124.5 24 3.94889
125 24 3.94915
125.5 24 3.94976
126 24 3.93032
126.5 24 3.93256
127 24 3.93562
127.5 24 3.93766
128 24 3.93804
128.5 24 3.9392
129 24 3.94111
129.5 24 3.94365
130 24 3.9467
130.5 24 3.95025
131 24 3.95418
131.5 24 3.95596
132 24 3.95596
132.5 24 3.95596
133 24 3.95596
85 24.5 3.94176
85.5 24.5 3.94101
86 24.5 3.96046
86.5 24.5 3.97068
87 24.5 3.9717
87.5 24.5 3.95882
88 24.5 3.96134
88.5 24.5 3.95189
89 24.5 3.94757
89.5 24.5 3.94473
90 24.5 3.94259
90.5 24.5 3.94123
91 24.5 3.94077
91.5 24.5 3.91791
92 24.5 3.97909
92.5 24.5 3.98392
93 24.5 3.95296
93.5 24.5 3.9524
94 24.5 3.95195
94.5 24.5 3.95165
95 24.5 3.96532
95.5 24.5 3.96644
96 24.5 3.87297
96.5 24.5 3.86285
97 24.5 4.00283
97.5 24.5 4.00751
98 24.5 4.01182
98.5 24.5 3.95202
99 24.5 4.0429
99.5 24.5 4.051
100 24.5 3.94694
100.5 24.5 4.01943
101 24.5 3.99936
101.5 24.5 3.90016
102 24.5 3.949
102.5 24.5 3.88098
103 24.5 3.89523
103.5 24.5 3.9937
104 24.5 3.90583
104.5 24.5 3.94826
105 24.5 3.95286
105.5 24.5 3.95074
106 24.5 4.03479
106.5 24.5 3.97399
107 24.5 3.92818
107.5 24.5 3.9454
108 24.5 4.07377
108.5 24.5 4.07308
109 24.5 4.01261
109.5 24.5 4.08622
110 24.5 4.0705
110.5 24.5 3.93124
111 24.5 4.3821
111.5 24.5 3.97152
112 24.5 3.99341
112.5 24.5 3.95433
113 24.5 4.08708
113.5 24.5 4.01224
114 24.5 3.95485
114.5 24.5 3.90486
115 24.5 3.96833
115.5 24.5 4.01634
116 24.5 3.91879
116.5 24.5 3.97368
117 24.5 3.93957
117.5 24.5 4.02431
118 24.5 3.9974
118.5 24.5 4.04929
119 24.5 4.07262
119.5 24.5 3.96925
120 24.5 3.92909
120.5 24.5 3.92831
121 24.5 4.05132
121.5 24.5 4.00062
122 24.5 3.90865
122.5 24.5 3.9615
123 24.5 3.96086
123.5 24.5 3.94915
124 24.5 3.94905
124.5 24.5 3.94895
125 24.5 3.94898
125.5 24.5 3.92428
126 24.5 3.92608
126.5 24.5 3.92862
127 24.5 3.93186
127.5 24.5 3.93168
128 24.5 3.93215
128.5 24.5 3.93355
129 24.5 3.93575
129.5 24.5 3.93862
130 24.5 3.94197
130.5 24.5 3.94584
131 24.5 3.96034
131.5 24.5 3.95858
132 24.5 3.95656
132.5 24.5 3.95596
133 24.5 3.95596
85 25 3.92633
85.5 25 3.92543
86 25 3.9645
86.5 25 3.98572
87 25 3.98773
87.5 25 3.96167
88 25 3.96662
88.5 25 3.94686
89 25 3.94067
89.5 25 3.93726
90 25 3.93466
90.5 25 3.93304
91 25 3.93248
91.5 25 3.89837
92 25 3.91554
92.5 25 3.99446
93 25 3.99875
93.5 25 3.95139
94 25 3.95078
94.5 25 3.95046
95 25 3.95034
95.5 25 3.9676
96 25 3.96859
96.5 25 3.85334
97 25 3.84248
97.5 25 3.83724
98 25 3.88726
98.5 25 3.93951
99 25 4.00595
99.5 25 4.05935
100 25 4.02187
100.5 25 4.02917
101 25 3.98399
101.5 25 3.97241
102 25 3.9758
102.5 25 3.88456
103 25 3.9414
103.5 25 4.01164
104 25 3.90594
104.5 25 3.96912
105 25 3.96688
105.5 25 4.606
106 25 4.5616
106.5 25 4.4413
107 25 4.02861
107.5 25 4.07289
108 25 3.94665
108.5 25 4.04544
109 25 4.04232
109.5 25 4.03142
110 25 4.03879
110.5 25 3.97873
111 25 3.93598
111.5 25 3.98472
112 25 4.05251
112.5 25 4.04022
113 25 4.04542
113.5 25 4.02996
114 25 4.02504
114.5 25 3.95993
115 25 3.93617
115.5 25 4.03603
116 25 3.95144
116.5 25 4.0435
117 25 3.96259
117.5 25 3.99944
118 25 4.0029
118.5 25 4.00988
119 25 4.04258
119.5 25 4.09183
120 25 4.02356
120.5 25 3.98338
121 25 3.99592
121.5 25 4.3221
122 25 3.86115
122.5 25 3.87807
123 25 3.88843
123.5 25 3.94932
124 25 3.94915
124.5 25 3.94841
125 25 3.9191
125.5 25 3.92
126 25 3.92228
126.5 25 3.92538
127 25 3.89051
127.5 25 3.92569
128 25 3.92627
128.5 25 3.92798
129 25 3.93058
129.5 25 3.93393
130 25 3.93776
130.5 25 3.96548
131 25 3.96382
131.5 25 3.9619
132 25 3.95964
132.5 25 3.95722
133 25 3.95596
85 25.5 3.91045
85.5 25.5 3.90935
86 25.5 3.96809
86.5 25.5 4.0009
87 25.5 4.00403
87.5 25.5 3.96436
88 25.5 3.97158
88.5 25.5 3.94091
89 25.5 3.94213
89.5 25.5 3.9297
90 25.5 3.9265
90.5 25.5 3.92451
91 25.5 3.92375
91.5 25.5 3.87852
92 25.5 3.90077
92.5 25.5 4.00453
93 25.5 4.00967
93.5 25.5 3.95034
94 25.5 3.94965
94.5 25.5 3.94917
95 25.5 3.94898
95.5 25.5 3.87117
96 25.5 3.96957
96.5 25.5 3.97052
97 25.5 3.83574
97.5 25.5 3.82205
98 25.5 3.90671
98.5 25.5 4.02537
99 25.5 4.00711
99.5 25.5 4.04568
100 25.5 4.00016
100.5 25.5 4.0064
101 25.5 4.05607
101.5 25.5 3.9884
102 25.5 4.03114
102.5 25.5 4.00191
103 25.5 3.90835
103.5 25.5 3.99822
104 25.5 3.94947
104.5 25.5 3.94612
105 25.5 3.9948
105.5 25.5 4.10032
106 25.5 3.92858
106.5 25.5 4.05006
107 25.5 4.00232
107.5 25.5 4.06768
108 25.5 4.03059
108.5 25.5 4.03763
109 25.5 4.02885
109.5 25.5 4.03756
110 25.5 4.03001
110.5 25.5 4.04857
111 25.5 3.98281
111.5 25.5 4.09709
112 25.5 4.04648
112.5 25.5 3.97149
113 25.5 3.98089
113.5 25.5 4.0549
114 25.5 4.0373
114.5 25.5 3.99603
115 25.5 3.93773
115.5 25.5 3.99721
116 25.5 4.0568
116.5 25.5 3.99049
117 25.5 4.00771
117.5 25.5 3.97461
118 25.5 4.01642
118.5 25.5 4.05167
119 25.5 4.08864
119.5 25.5 4.07539
120 25.5 4.0593
120.5 25.5 3.87838
121 25.5 3.91968
121.5 25.5 3.90214
122 25.5 3.84148
122.5 25.5 3.85673
123 25.5 3.85357
123.5 25.5 3.92695
124 25.5 3.9483
124.5 25.5 3.86933
125 25.5 3.87301
125.5 25.5 3.91626
126 25.5 3.9194
126.5 25.5 3.95385
127 25.5 3.87808
127.5 25.5 3.91974
128 25.5 3.92046
128.5 25.5 3.92262
129 25.5 3.92583
129.5 25.5 3.92972
130 25.5 3.97063
130.5 25.5 3.96917
131 25.5 3.96724
131.5 25.5 3.96498
132 25.5 3.96246
132.5 25.5 3.95984
133 25.5 3.9566
85 26 3.89419
85.5 26 3.89286
86 26 3.97107
86.5 26 4.01606
87 26 4.02043
87.5 26 3.96696
88 26 3.97608
88.5 26 3.93404
89 26 3.93662
89.5 26 3.92213
90 26 3.91817
90.5 26 3.91563
91 26 3.91473
91.5 26 3.85844
92 26 3.88529
92.5 26 4.04792
93 26 4.0202
93.5 26 4.0245
94 26 3.94856
94.5 26 3.94793
95 26 3.94763
95.5 26 4.00473
96 26 3.85135
96.5 26 3.84614
97 26 3.97214
97.5 26 4.2311
98 26 4.00822
98.5 26 3.87032
99 26 4.07131
99.5 26 4.06537
100 26 4.02777
100.5 26 4.07074
101 26 4.07206
101.5 26 4.0948
102 26 4.08499
102.5 26 4.0925
103 26 3.99707
103.5 26 3.94195
104 26 3.95302
104.5 26 4.00293
105 26 4.00229
105.5 26 4.06059
106 26 4.02758
106.5 26 4.00869
107 26 3.99151
107.5 26 4.0206
108 26 4.00071
108.5 26 3.95712
109 26 4.06731
109.5 26 4.06643
110 26 4.04507
110.5 26 4.03448
111 26 4.08727
111.5 26 4.03656
112 26 4.09187
112.5 26 4.1037
113 26 4.05037
113.5 26 4.09103
114 26 3.9509
114.5 26 4.00546
115 26 4.0145
115.5 26 4.02558
116 26 3.98619
116.5 26 3.97105
117 26 3.94646
117.5 26 4.04516
118 26 3.98311
118.5 26 3.99458
119 26 3.99349
119.5 26 3.96847
120 26 4.0388
120.5 26 4.06141
121 26 3.94819
121.5 26 3.83432
122 26 3.86418
122.5 26 3.84114
123 26 3.82126
123.5 26 3.90428
124 26 3.92294
124.5 26 3.85859
125 26 3.91034
125.5 26 3.9541
126 26 3.95409
126.5 26 3.91695
127 26 3.8659
127.5 26 3.9139
128 26 3.91505
128.5 26 3.91793
129 26 3.92176
129.5 26 3.97237
130 26 3.97435
130.5 26 3.97259
131 26 3.97043
131.5 26 3.96791
132 26 3.96508
132.5 26 3.95934
133 26 3.958
85 26.5 3.87743
85.5 26.5 3.87576
86 26.5 3.97365
86.5 26.5 4.0312
87 26.5 4.03685
87.5 26.5 3.96949
88 26.5 3.98022
88.5 26.5 3.92638
89 26.5 3.93075
89.5 26.5 4.03085
90 26.5 3.9099
90.5 26.5 3.9065
91 26.5 3.90524
91.5 26.5 3.8382
92 26.5 3.86903
92.5 26.5 4.06661
93 26.5 4.02987
93.5 26.5 4.03571
94 26.5 4.03799
94.5 26.5 3.94672
95 26.5 4.0093
95.5 26.5 4.01168
96 26.5 4.0093
96.5 26.5 3.83053
97 26.5 3.80656
97.5 26.5 3.83129
98 26.5 3.96482
98.5 26.5 3.90114
99 26.5 4.07078
99.5 26.5 3.96942
100 26.5 3.96789
100.5 26.5 3.9421
101 26.5 3.89868
101.5 26.5 3.92176
102 26.5 3.93263
102.5 26.5 4.05934
103 26.5 3.98265
103.5 26.5 4.01605
104 26.5 3.96434
104.5 26.5 4.01445
105 26.5 4.06837
105.5 26.5 4.06759
106 26.5 4.09201
106.5 26.5 4.03003
107 26.5 4.00414
107.5 26.5 4.01378
108 26.5 4.08406
108.5 26.5 4.01708
109 26.5 4.03818
109.5 26.5 4.0366
110 26.5 4.11818
110.5 26.5 4.08761
111 26.5 3.99962
111.5 26.5 4.06866
112 26.5 3.98692
112.5 26.5 4.06661
113 26.5 4.03268
113.5 26.5 4.05334
114 26.5 4.00694
114.5 26.5 3.98299
115 26.5 4.04607
115.5 26.5 3.97559
116 26.5 3.93574
116.5 26.5 3.98328
117 26.5 3.96051
117.5 26.5 4.02552
118 26.5 3.9928
118.5 26.5 3.93658
119 26.5 3.99147
119.5 26.5 4.01914
120 26.5 4.0338
120.5 26.5 4.02112
121 26.5 3.90338
121.5 26.5 3.92079
122 26.5 3.89525
122.5 26.5 3.8658
123 26.5 3.86221
123.5 26.5 3.84104
124 26.5 3.88665
124.5 26.5 3.92535
125 26.5 3.96735
125.5 26.5 3.95426
126 26.5 3.95414
126.5 26.5 3.91209
127 26.5 3.91371
127.5 26.5 3.90805
128 26.5 3.91006
128.5 26.5 3.9142
129 26.5 3.97665
129.5 26.5 3.97939
130 26.5 3.97793
130.5 26.5 3.97581
131 26.5 3.97325
131.5 26.5 3.96364
132 26.5 3.96224
132.5 26.5 3.96074
133 26.5 3.9592
85 27 3.86033
85.5 27 3.85797
86 27 3.97576
86.5 27 4.04636
87 27 4.05341
87.5 27 3.97187
88 27 3.984
88.5 27 3.91795
89 27 3.92436
89.5 27 4.04438
90 27 3.90204
90.5 27 3.89717
91 27 3.89535
91.5 27 3.8177
92 27 3.85177
92.5 27 4.08549
93 27 3.95294
93.5 27 4.04594
94 27 4.0834
94.5 27 4.0891
95 27 3.94478
95.5 27 4.01854
96 27 3.88958
96.5 27 3.94669
97 27 3.95708
97.5 27 3.82573
98 27 4.396
98.5 27 4.02716
99 27 4.02515
99.5 27 4.00368
100 27 4.07778
100.5 27 4.05258
101 27 4.06352
101.5 27 4.11881
102 27 4.07516
102.5 27 4.05357
103 27 4.04521
103.5 27 4.08664
104 27 4.05684
104.5 27 4.03766
105 27 4.04859
105.5 27 4.11833
106 27 4.11458
106.5 27 4.02481
107 27 4.0444
107.5 27 4.6253
108 27 4.0572
108.5 27 4.07526
109 27 4.05851
109.5 27 4.04689
110 27 4.09514
110.5 27 4.03629
111 27 4.05169
111.5 27 4.07794
112 27 4.03398
112.5 27 4.03573
113 27 4.01702
113.5 27 4.03555
114 27 4.03316
114.5 27 4.03794
115 27 4.05184
115.5 27 4.03212
116 27 4.01518
116.5 27 4.02573
117 27 4.00282
117.5 27 3.9736
118 27 4.00388
118.5 27 4.02827
119 27 4.01334
119.5 27 3.94574
120 27 3.98694
120.5 27 3.99259
121 27 3.9621
121.5 27 3.94482
122 27 3.99676
122.5 27 3.8917
123 27 3.86887
123.5 27 3.86413
124 27 3.88764
124.5 27 3.8774
125 27 3.91605
125.5 27 3.95424
126 27 3.96646
126.5 27 3.90716
127 27 3.84169
127.5 27 3.90224
128 27 3.90743
128.5 27 3.98088
129 27 3.98387
129.5 27 3.98311
130 27 3.98119
130.5 27 3.97853
131 27 3.96654
131.5 27 3.96514
132 27 3.96364
132.5 27 3.96194
133 27 3.94735
85 27.5 3.8429
85.5 27.5 3.83937
86 27.5 3.97736
86.5 27.5 4.06159
87 27.5 4.07004
87.5 27.5 3.97408
88 27.5 3.98734
88.5 27.5 3.90875
89 27.5 3.91751
89.5 27.5 4.05722
90 27.5 4.02727
90.5 27.5 3.88851
91 27.5 3.80391
91.5 27.5 3.79694
92 27.5 3.80391
92.5 27.5 4.10441
93 27.5 4.09801
93.5 27.5 4.09702
94 27.5 4.06216
94.5 27.5 4.10593
95 27.5 4.05781
95.5 27.5 3.85208
96 27.5 4.01281
96.5 27.5 4.0275
97 27.5 3.86862
97.5 27.5 4.02794
98 27.5 3.92203
98.5 27.5 3.93817
99 27.5 4.03723
99.5 27.5 4.01953
100 27.5 4.00496
100.5 27.5 4.03487
101 27.5 4.06598
101.5 27.5 4.08142
102 27.5 4.03569
102.5 27.5 4.10166
103 27.5 4.1285
103.5 27.5 4.08437
104 27.5 4.02685
104.5 27.5 4.08579
105 27.5 4.14226
105.5 27.5 4.14942
106 27.5 4.04741
106.5 27.5 4.13641
107 27.5 4.09098
107.5 27.5 4.09867
108 27.5 4.09076
108.5 27.5 4.17209
109 27.5 4.08545
109.5 27.5 4.15885
110 27.5 4.13966
110.5 27.5 4.09559
111 27.5 4.04321
111.5 27.5 4.05489
112 27.5 4.02797
112.5 27.5 3.99674
113 27.5 4.02752
113.5 27.5 3.9862
114 27.5 4.06084
114.5 27.5 4.08025
115 27.5 4.06712
115.5 27.5 4.06255
116 27.5 3.98541
116.5 27.5 4.0193
117 27.5 4.0318
117.5 27.5 3.92731
118 27.5 3.92626
118.5 27.5 3.96179
119 27.5 4.01888
119.5 27.5 3.96315
120 27.5 4.01845
120.5 27.5 3.99753
121 27.5 3.98637
121.5 27.5 3.94427
122 27.5 3.99736
122.5 27.5 3.85457
123 27.5 3.85062
123.5 27.5 3.87536
124 27.5 3.84569
124.5 27.5 3.84244
125 27.5 3.91356
125.5 27.5 3.91234
126 27.5 3.88515
126.5 27.5 3.9251
127 27.5 3.85942
127.5 27.5 3.92686
128 27.5 3.98511
128.5 27.5 3.94035
129 27.5 3.94093
129.5 27.5 3.98653
130 27.5 3.98377
130.5 27.5 3.96942
131 27.5 3.96802
131.5 27.5 3.96638
132 27.5 3.94056
132.5 27.5 3.94246
133 27.5 3.94471
85 28 3.82631
85.5 28 3.81954
86 28 3.82631
86.5 28 4.07668
87 28 4.07164
87.5 28 3.97613
88 28 3.9755
88.5 28 3.89871
89 28 3.90212
89.5 28 4.0695
90 28 4.06551
90.5 28 4.057
91 28 3.87438
91.5 28 3.77602
92 28 4.486
92.5 28 4.12341
93 28 3.94962
93.5 28 4.11501
94 28 3.92906
94.5 28 3.95681
95 28 3.92875
95.5 28 3.96149
96 28 4.07584
96.5 28 4.03069
97 28 4.0265
97.5 28 3.87173
98 28 4.04828
98.5 28 4.4516
99 28 4.08528
99.5 28 4.07968
100 28 4.07537
100.5 28 4.02367
101 28 4.0163
101.5 28 4.01217
102 28 4.04866
102.5 28 4.07264
103 28 4.03303
103.5 28 4.11505
104 28 4.03917
104.5 28 4.13741
105 28 4.09237
105.5 28 4.10586
106 28 4.10803
106.5 28 4.0944
107 28 4.20217
107.5 28 4.13042
108 28 4.18668
108.5 28 4.1539
109 28 4.10944
109.5 28 4.15551
110 28 4.1345
110.5 28 4.10409
111 28 4.1098
111.5 28 4.08641
112 28 3.97195
112.5 28 4.06248
113 28 4.08079
113.5 28 4.06399
114 28 4.113
114.5 28 4.06677
115 28 4.3834
115.5 28 3.99536
116 28 3.95034
116.5 28 3.99163
117 28 3.94156
117.5 28 3.99631
118 28 3.96504
118.5 28 4.00623
119 28 4.02489
119.5 28 3.94105
120 28 3.9971
120.5 28 4.01557
121 28 3.98424
121.5 28 3.95185
122 28 3.88791
122.5 28 3.95396
123 28 3.92011
123.5 28 3.90531
124 28 3.87169
124.5 28 3.824
125 28 3.84305
125.5 28 3.83993
126 28 3.91384
126.5 28 3.89684
127 28 3.88133
127.5 28 3.99719
128 28 3.97079
128.5 28 3.93861
129 28 3.99191
129.5 28 3.973
130 28 3.97226
130.5 28 3.97082
131 28 3.96908
131.5 28 3.93606
132 28 3.93782
132.5 28 3.93992
133 28 3.94242
85 28.5 3.817
85.5 28.5 4.3795
86 28.5 3.97921
86.5 28.5 4.09182
87 28.5 4.10356
87.5 28.5 3.97802
88 28.5 3.99271
88.5 28.5 3.88799
89 28.5 3.90236
89.5 28.5 4.08098
90 28.5 4.04365
90.5 28.5 4.06755
91 28.5 3.87916
91.5 28.5 4.0923
92 28.5 3.90667
92.5 28.5 4.00608
93 28.5 4.05925
93.5 28.5 3.98775
94 28.5 3.97
94.5 28.5 3.99733
95 28.5 4.07539
95.5 28.5 4.6032
96 28.5 4.02052
96.5 28.5 3.96817
97 28.5 3.86993
97.5 28.5 4.00519
98 28.5 3.84288
98.5 28.5 4.05555
99 28.5 4.0386
99.5 28.5 3.98078
100 28.5 3.97466
100.5 28.5 3.97651
101 28.5 3.97385
101.5 28.5 3.98307
102 28.5 4.07697
102.5 28.5 4.17093
103 28.5 4.06768
103.5 28.5 4.09506
104 28.5 4.14318
104.5 28.5 4.08853
105 28.5 4.10862
105.5 28.5 4.06639
106 28.5 4.10035
106.5 28.5 4.13711
107 28.5 4.12478
107.5 28.5 4.15904
108 28.5 4.14166
108.5 28.5 4.19237
109 28.5 4.14436
109.5 28.5 4.21133
110 28.5 4.15139
110.5 28.5 4.11503
111 28.5 4.10349
111.5 28.5 4.10972
112 28.5 4.12638
112.5 28.5 4.08207
113 28.5 4.02789
113.5 28.5 4.00012
114 28.5 4.02375
114.5 28.5 3.93114
115 28.5 3.99837
115.5 28.5 4.01607
116 28.5 3.9942
116.5 28.5 3.91237
117 28.5 4.01997
117.5 28.5 4.00666
118 28.5 3.91062
118.5 28.5 3.98927
119 28.5 3.93681
119.5 28.5 3.97573
120 28.5 4.0157
120.5 28.5 4.02803
121 28.5 3.99533
121.5 28.5 4.0156
122 28.5 3.93345
122.5 28.5 3.85608
123 28.5 3.83556
123.5 28.5 3.82554
124 28.5 3.87107
124.5 28.5 3.82826
125 28.5 3.83312
125.5 28.5 3.86762
126 28.5 3.9437
126.5 28.5 3.93813
127 28.5 3.87653
127.5 28.5 3.96896
128 28.5 3.90951
128.5 28.5 3.95963
129 28.5 3.96357
129.5 28.5 3.9751
130 28.5 3.97326
130.5 28.5 3.97136
131 28.5 3.93177
131.5 28.5 3.93333
132 28.5 3.93548
132.5 28.5 3.94082
133 28.5 3.94252
85 29 3.82621
85.5 29 3.85722
86 29 3.79739
86.5 29 3.83229
87 29 4.07603
87.5 29 4.01623
88 29 3.96328
88.5 29 3.89426
89 29 3.89784
89.5 29 4.03204
90 29 4.02864
90.5 29 3.9799
91 29 3.96625
91.5 29 4.01318
92 29 3.94994
92.5 29 4.05792
93 29 4.02849
93.5 29 4.07329
94 29 4.11748
94.5 29 4.05921
95 29 3.94494
95.5 29 4.13851
96 29 4.0042
96.5 29 3.84504
97 29 4.5461
97.5 29 3.81576
98 29 3.98437
98.5 29 3.90564
99 29 3.99848
99.5 29 4.01341
100 29 3.93614
100.5 29 4.03391
101 29 3.99227
101.5 29 4.04272
102 29 4.06677
102.5 29 4.09776
103 29 4.09426
103.5 29 4.10479
104 29 4.04378
104.5 29 4.1865
105 29 4.13792
105.5 29 4.05501
106 29 4.12889
106.5 29 4.15335
107 29 4.1872
107.5 29 4.15423
108 29 4.15311
108.5 29 4.19745
109 29 4.17434
109.5 29 4.15392
110 29 4.18953
110.5 29 4.16636
111 29 4.12345
111.5 29 4.0853
112 29 4.13371
112.5 29 4.08311
113 29 3.97325
113.5 29 3.99902
114 29 4.0511
114.5 29 3.98057
115 29 3.92546
115.5 29 4.04214
116 29 3.94397
116.5 29 3.92096
117 29 3.96671
117.5 29 3.94521
118 29 3.94319
118.5 29 3.95968
119 29 3.98738
119.5 29 4.0284
120 29 3.96997
120.5 29 3.96339
121 29 3.98978
121.5 29 3.98307
122 29 4.04625
122.5 29 3.84808
123 29 3.86339
123.5 29 3.89679
124 29 3.86736
124.5 29 3.84568
125 29 3.88055
125.5 29 3.85959
126 29 3.85569
126.5 29 3.89596
127 29 3.85209
127.5 29 3.92389
128 29 3.90497
128.5 29 3.94965
129 29 3.95516
129.5 29 3.93164
130 29 3.97226
130.5 29 3.92787
131 29 3.92899
131.5 29 3.93119
132 29 3.93764
132.5 29 3.93908
133 29 3.9076
85 29.5 4.0095
85.5 29.5 3.94602
86 29.5 3.89559
86.5 29.5 3.81291
87 29.5 3.92787
87.5 29.5 3.87991
88 29.5 3.92424
88.5 29.5 3.99765
89 29.5 3.90361
89.5 29.5 4.03066
90 29.5 3.93189
90.5 29.5 4.00361
91 29.5 3.85376
91.5 29.5 3.92493
92 29.5 4.08219
92.5 29.5 4.04886
93 29.5 3.94873
93.5 29.5 3.84239
94 29.5 4.0587
94.5 29.5 4.00182
95 29.5 3.94584
95.5 29.5 4.05094
96 29.5 4.03639
96.5 29.5 3.97969
97 29.5 3.95026
97.5 29.5 3.89473
98 29.5 4.11137
98.5 29.5 4.08902
99 29.5 4.04575
99.5 29.5 3.94066
100 29.5 4.04139
100.5 29.5 4.036
101 29.5 4.02757
101.5 29.5 4.01872
102 29.5 3.99854
102.5 29.5 4.12295
103 29.5 4.13722
103.5 29.5 4.12029
104 29.5 4.01861
104.5 29.5 4.13455
105 29.5 4.10794
105.5 29.5 4.15782
106 29.5 4.08641
106.5 29.5 4.14888
107 29.5 4.13846
107.5 29.5 4.13466
108 29.5 4.11014
108.5 29.5 4.12538
109 29.5 4.17524
109.5 29.5 4.12871
110 29.5 4.13716
110.5 29.5 4.10435
111 29.5 4.06803
111.5 29.5 4.02309
112 29.5 3.96846
112.5 29.5 3.93879
113 29.5 4.04263
113.5 29.5 3.97384
114 29.5 4.02141
114.5 29.5 4.03758
115 29.5 3.96929
115.5 29.5 4.03553
116 29.5 3.97996
116.5 29.5 3.93054
117 29.5 4.02262
117.5 29.5 4.00962
118 29.5 3.93033
118.5 29.5 4.01048
119 29.5 3.94513
119.5 29.5 4.05912
120 29.5 3.95742
120.5 29.5 3.95245
121 29.5 4.01375
121.5 29.5 3.99396
122 29.5 3.98724
122.5 29.5 3.88699
123 29.5 3.82873
123.5 29.5 3.87386
124 29.5 3.85413
124.5 29.5 3.88024
125 29.5 3.85107
125.5 29.5 3.8874
126 29.5 3.82707
126.5 29.5 3.87263
127 29.5 3.88077
127.5 29.5 3.85534
128 29.5 3.84927
128.5 29.5 3.87585
129 29.5 3.92418
129.5 29.5 3.93127
130 29.5 3.94678
130.5 29.5 3.92476
131 29.5 3.92744
131.5 29.5 3.93456
132 29.5 3.9361
132.5 29.5 3.89591
133 29.5 3.9014
85 30 3.88722
85.5 30 3.67484
86 30 3.74976
86.5 30 3.98563
87 30 4.00939
87.5 30 3.84684
88 30 3.90568
88.5 30 4.02297
89 30 3.84427
89.5 30 3.99577
90 30 4.03199
90.5 30 4.04877
91 30 3.97048
91.5 30 4.04569
92 30 3.90758
92.5 30 3.90103
93 30 3.97218
93.5 30 4.05091
94 30 3.98165
94.5 30 3.88984
95 30 4.04294
95.5 30 3.97011
96 30 4.10261
96.5 30 3.9711
97 30 4.09154
97.5 30 4.06412
98 30 4.1272
98.5 30 4.06398
99 30 4.05459
99.5 30 3.93071
100 30 3.9819
100.5 30 4.05414
101 30 4.00834
101.5 30 3.98378
102 30 4.09145
102.5 30 4.05864
103 30 4.11883
103.5 30 4.13705
104 30 4.12807
104.5 30 4.14858
105 30 4.10741
105.5 30 4.11811
106 30 4.09464
106.5 30 4.1537
107 30 4.12976
107.5 30 4.12238
108 30 4.11951
108.5 30 4.09871
109 30 4.07759
109.5 30 4.09742
110 30 4.11534
110.5 30 4.10244
111 30 4.04896
111.5 30 4.03636
112 30 3.9945
112.5 30 4.02838
113 30 3.95305
113.5 30 4.0674
114 30 4.0957
114.5 30 4.09112
115 30 4.00705
115.5 30 4.04429
116 30 4.08245
116.5 30 4.04335
117 30 3.95934
117.5 30 4.0127
118 30 3.99912
118.5 30 3.94146
119 30 4.00006
119.5 30 4.01344
120 30 4.00738
120.5 30 3.93537
121 30 3.98097
121.5 30 4.08551
122 30 3.97165
122.5 30 3.97754
123 30 3.8562
123.5 30 3.89368
124 30 3.8887
124.5 30 3.90559
125 30 3.85582
125.5 30 3.90342
126 30 3.88248
126.5 30 3.87851
127 30 3.80774
127.5 30 3.8727
128 30 3.87611
128.5 30 3.90294
129 30 3.9194
129.5 30 3.89222
130 30 3.96253
130.5 30 3.93213
131 30 3.93152
131.5 30 3.8819
132 30 3.88464
132.5 30 3.89038
133 30 3.93816
85 30.5 3.94481
85.5 30.5 3.80879
86 30.5 3.86041
86.5 30.5 4.03237
87 30.5 4.09605
87.5 30.5 3.84938
88 30.5 3.99455
88.5 30.5 3.88968
89 30.5 4.01579
89.5 30.5 4.07598
90 30.5 3.87685
90.5 30.5 3.97019
91 30.5 4.06034
91.5 30.5 3.8609
92 30.5 3.90478
92.5 30.5 3.88749
93 30.5 3.75984
93.5 30.5 3.83006
94 30.5 3.87246
94.5 30.5 3.91325
95 30.5 3.96797
95.5 30.5 4.09108
96 30.5 4.08517
96.5 30.5 3.90576
97 30.5 3.9926
97.5 30.5 3.78252
98 30.5 3.86554
98.5 30.5 3.93475
99 30.5 3.91582
99.5 30.5 4.09033
100 30.5 4.00523
100.5 30.5 4.06208
101 30.5 4.03995
101.5 30.5 3.9978
102 30.5 4.03626
102.5 30.5 4.09692
103 30.5 4.13366
103.5 30.5 4.14469
104 30.5 4.14805
104.5 30.5 4.10436
105 30.5 4.09224
105.5 30.5 4.07333
106 30.5 4.12229
106.5 30.5 4.09956
107 30.5 4.0771
107.5 30.5 4.09625
108 30.5 4.13926
108.5 30.5 4.10087
109 30.5 4.06159
109.5 30.5 4.08874
110 30.5 4.08591
110.5 30.5 4.08451
111 30.5 4.04431
111.5 30.5 4.04638
112 30.5 4.01485
112.5 30.5 4.01496
113 30.5 4.00868
113.5 30.5 4.06599
114 30.5 4.05258
114.5 30.5 4.03381
115 30.5 4.00897
115.5 30.5 3.93799
116 30.5 4.02442
116.5 30.5 4.07007
117 30.5 3.96932
117.5 30.5 4.00619
118 30.5 3.93683
118.5 30.5 3.88218
119 30.5 3.94062
119.5 30.5 3.98057
120 30.5 4.04674
120.5 30.5 3.99436
121 30.5 4.01258
121.5 30.5 4.01104
122 30.5 3.98384
122.5 30.5 3.93295
123 30.5 3.95374
123.5 30.5 3.90712
124 30.5 3.87509
124.5 30.5 3.87986
125 30.5 3.88364
125.5 30.5 3.88068
126 30.5 3.88883
126.5 30.5 3.8545
127 30.5 3.92416
127.5 30.5 3.8475
128 30.5 3.8492
128.5 30.5 3.86664
129 30.5 3.87085
129.5 30.5 3.88074
130 30.5 3.92657
130.5 30.5 3.95271
131 30.5 3.88115
131.5 30.5 3.87347
132 30.5 3.88073
132.5 30.5 3.93541
133 30.5 3.93679
85 31 3.91964
85.5 31 3.92724
86 31 3.89615
86.5 31 4.08599
87 31 4.02413
87.5 31 3.95281
88 31 4.03108
88.5 31 3.92458
89 31 3.87883
89.5 31 3.91017
90 31 3.99162
90.5 31 3.93781
91 31 3.87742
91.5 31 3.97516
92 31 3.87205
92.5 31 3.78104
93 31 3.74301
93.5 31 3.84259
94 31 3.85266
94.5 31 3.68504
95 31 3.88304
95.5 31 3.8563
96 31 3.76511
96.5 31 3.83901
97 31 4.02076
97.5 31 3.92078
98 31 4.00612
98.5 31 3.9008
99 31 3.85828
99.5 31 4.06434
100 31 4.02895
100.5 31 4.03503
101 31 4.02267
101.5 31 4.04382
102 31 4.02286
102.5 31 4.04798
103 31 4.03435
103.5 31 4.13607
104 31 4.08021
104.5 31 4.14053
105 31 4.15139
105.5 31 4.12934
106 31 4.17175
106.5 31 4.08614
107 31 4.1058
107.5 31 4.07191
108 31 4.17051
108.5 31 4.13574
109 31 4.18541
109.5 31 4.12745
110 31 4.04967
110.5 31 4.07736
111 31 4.04249
111.5 31 4.03551
112 31 4.08164
112.5 31 4.02061
113 31 4.02323
113.5 31 4.04667
114 31 4.05295
114.5 31 3.98829
115 31 4.03582
115.5 31 3.99266
116 31 3.95641
116.5 31 3.98329
117 31 3.99283
117.5 31 4.01262
118 31 4.0443
118.5 31 3.92478
119 31 3.94545
119.5 31 4.00518
120 31 3.94474
120.5 31 4.00242
121 31 4.02091
121.5 31 4.02425
122 31 4.02635
122.5 31 3.9889
123 31 3.86349
123.5 31 3.84218
124 31 3.86128
124.5 31 3.89374
125 31 3.88647
125.5 31 3.90257
126 31 3.88117
126.5 31 3.85977
127 31 3.86002
127.5 31 3.84109
128 31 3.81182
128.5 31 3.86983
129 31 3.87312
129.5 31 3.89175
130 31 3.93468
130.5 31 3.97331
131 31 3.92374
131.5 31 3.89335
132 31 3.93272
132.5 31 3.86187
133 31 3.86521
85 31.5 3.92941
85.5 31.5 4.01792
86 31.5 4.02338
86.5 31.5 3.9843
87 31.5 3.99601
87.5 31.5 3.96009
88 31.5 3.82433
88.5 31.5 3.91036
89 31.5 3.81652
89.5 31.5 3.80648
90 31.5 3.9595
90.5 31.5 3.9191
91 31.5 3.8652
91.5 31.5 3.70904
92 31.5 3.8757
92.5 31.5 3.90548
93 31.5 3.80273
93.5 31.5 3.85737
94 31.5 3.95484
94.5 31.5 4.5058
95 31.5 3.93003
95.5 31.5 3.82705
96 31.5 3.96837
96.5 31.5 3.82712
97 31.5 4.01924
97.5 31.5 3.96245
98 31.5 3.92947
98.5 31.5 4.01203
99 31.5 4.01702
99.5 31.5 4.02569
100 31.5 4.01161
100.5 31.5 3.96618
101 31.5 4.02813
101.5 31.5 4.0072
102 31.5 4.05878
102.5 31.5 4.05064
103 31.5 3.99898
103.5 31.5 4.01791
104 31.5 4.07686
104.5 31.5 4.12667
105 31.5 4.1224
105.5 31.5 4.16515
106 31.5 4.14675
106.5 31.5 4.10306
107 31.5 4.14446
107.5 31.5 4.14132
108 31.5 4.11193
108.5 31.5 4.17788
109 31.5 4.11461
109.5 31.5 4.12584
110 31.5 4.15295
110.5 31.5 4.10481
111 31.5 4.12073
111.5 31.5 4.16391
112 31.5 4.09835
112.5 31.5 4.03601
113 31.5 4.11426
113.5 31.5 4.04981
114 31.5 4.074
114.5 31.5 4.08474
115 31.5 4.02387
115.5 31.5 4.07423
116 31.5 4.05871
116.5 31.5 3.99342
117 31.5 4.00673
117.5 31.5 4.01423
118 31.5 3.98124
118.5 31.5 3.92022
119 31.5 4.4097
119.5 31.5 3.94017
120 31.5 3.9523
120.5 31.5 3.97739
121 31.5 4.06036
121.5 31.5 4.03256
122 31.5 4.04127
122.5 31.5 3.96867
123 31.5 3.86987
123.5 31.5 3.89811
124 31.5 3.92465
124.5 31.5 3.97726
125 31.5 3.98265
125.5 31.5 3.88666
126 31.5 3.88666
126.5 31.5 3.87302
127 31.5 3.916
127.5 31.5 3.84051
128 31.5 3.87784
128.5 31.5 3.83792
129 31.5 3.82125
129.5 31.5 3.86508
130 31.5 3.96455
130.5 31.5 4.5275
131 31.5 3.9591
131.5 31.5 3.83379
132 31.5 3.90144
132.5 31.5 3.85119
133 31.5 3.88109
85 32 3.92773
85.5 32 3.79804
86 32 3.92567
86.5 32 3.91679
87 32 3.89432
87.5 32 3.89833
88 32 3.72693
88.5 32 3.79582
89 32 3.7916
89.5 32 3.85548
90 32 3.79347
90.5 32 3.90918
91 32 4.03366
91.5 32 3.88109
92 32 3.90846
92.5 32 3.9791
93 32 3.79461
93.5 32 3.88646
94 32 3.96804
94.5 32 4.01745
95 32 3.99371
95.5 32 3.91229
96 32 4.06267
96.5 32 3.83298
97 32 3.7456
97.5 32 4.076
98 32 4.00807
98.5 32 4.07154
99 32 3.91446
99.5 32 3.9481
100 32 3.9415
100.5 32 4.00049
101 32 4.03517
101.5 32 4.04357
102 32 3.93487
102.5 32 3.96513
103 32 4.00643
103.5 32 4.06676
104 32 4.09113
104.5 32 4.04632
105 32 4.14493
105.5 32 4.13327
106 32 4.18037
106.5 32 4.14629
107 32 4.15696
107.5 32 4.16561
108 32 4.12729
108.5 32 4.14853
109 32 4.04752
109.5 32 4.12522
110 32 4.07344
110.5 32 4.10942
111 32 4.08687
111.5 32 4.1092
112 32 4.09564
112.5 32 4.0691
113 32 4.06031
113.5 32 4.09088
114 32 4.04018
114.5 32 4.05926
115 32 4.00835
115.5 32 4.05445
116 32 3.9283
116.5 32 3.91584
117 32 4.0081
117.5 32 4.03809
118 32 4.04687
118.5 32 4.03059
119 32 3.92414
119.5 32 4.0229
120 32 3.88799
120.5 32 3.98903
121 32 3.9934
121.5 32 4.02144
122 32 3.95407
122.5 32 3.86786
123 32 3.9359
123.5 32 3.87032
124 32 3.91917
124.5 32 3.91526
125 32 3.86803
125.5 32 3.88823
126 32 3.87416
126.5 32 3.90193
127 32 3.87854
127.5 32 3.83885
128 32 3.85906
128.5 32 3.83702
129 32 3.84544
129.5 32 3.8936
130 32 3.90289
130.5 32 4.10441
131 32 4.13669
131.5 32 3.90939
132 32 3.87936
132.5 32 3.87166
133 32 3.88149
85 32.5 3.90659
85.5 32.5 3.80162
86 32.5 3.86928
86.5 32.5 3.93554
87 32.5 3.97326
87.5 32.5 3.93095
88 32.5 3.88619
88.5 32.5 3.95798
89 32.5 4.02967
89.5 32.5 3.93549
90 32.5 3.81794
90.5 32.5 3.91512
91 32.5 3.89999
91.5 32.5 4.03844
92 32.5 3.7681
92.5 32.5 3.74171
93 32.5 3.80732
93.5 32.5 4.01411
94 32.5 3.92329
94.5 32.5 3.82287
95 32.5 3.91292
95.5 32.5 3.94738
96 32.5 3.98795
96.5 32.5 3.75023
97 32.5 3.73239
97.5 32.5 3.84567
98 32.5 3.84242
98.5 32.5 3.88999
99 32.5 3.93205
99.5 32.5 4.0179
100 32.5 3.86144
100.5 32.5 3.81428
101 32.5 4.00806
101.5 32.5 4.0376
102 32.5 4.01232
102.5 32.5 3.89656
103 32.5 4.06728
103.5 32.5 4.01809
104 32.5 4.03298
104.5 32.5 4.08673
105 32.5 4.12404
105.5 32.5 4.1317
106 32.5 4.15999
106.5 32.5 4.09985
107 32.5 4.19608
107.5 32.5 4.11505
108 32.5 4.0808
108.5 32.5 4.09931
109 32.5 4.03769
109.5 32.5 4.00256
110 32.5 3.99476
110.5 32.5 4.0595
111 32.5 4.0716
111.5 32.5 4.05913
112 32.5 4.07317
112.5 32.5 4.12386
113 32.5 4.10203
113.5 32.5 3.94668
114 32.5 4.12483
114.5 32.5 4.12055
115 32.5 4.08136
115.5 32.5 4.03936
116 32.5 4.00514
116.5 32.5 3.9595
117 32.5 3.86684
117.5 32.5 4.03186
118 32.5 3.95761
118.5 32.5 4.00122
119 32.5 3.96991
119.5 32.5 4.05327
120 32.5 4.01266
120.5 32.5 3.91351
121 32.5 3.87571
121.5 32.5 3.92982
122 32.5 3.86247
122.5 32.5 3.857
123 32.5 3.90844
123.5 32.5 3.94456
124 32.5 3.85852
124.5 32.5 3.89698
125 32.5 3.89541
125.5 32.5 3.87647
126 32.5 3.9305
126.5 32.5 3.92743
127 32.5 3.87725
127.5 32.5 3.89743
128 32.5 3.8891
128.5 32.5 3.87043
129 32.5 3.87834
129.5 32.5 3.86559
130 32.5 3.89142
130.5 32.5 3.98138
131 32.5 4.3312
131.5 32.5 4.10946
132 32.5 3.92838
132.5 32.5 3.9141
133 32.5 3.90936
85 33 3.91534
85.5 33 3.82788
86 33 3.71559
86.5 33 3.67488
87 33 3.82898
87.5 33 3.84986
88 33 3.88833
88.5 33 3.99171
89 33 4.00504
89.5 33 3.81229
90 33 3.96122
90.5 33 3.67301
91 33 3.79925
91.5 33 3.71939
92 33 3.95211
92.5 33 3.92216
93 33 3.91688
93.5 33 3.99663
94 33 3.95634
94.5 33 3.82278
95 33 3.87004
95.5 33 3.79931
96 33 3.9607
96.5 33 3.99853
97 33 3.85965
97.5 33 3.91718
98 33 3.89596
98.5 33 3.82282
99 33 3.87256
99.5 33 3.75493
100 33 3.98983
100.5 33 3.91585
101 33 3.9653
101.5 33 3.97153
102 33 3.914
102.5 33 3.89875
103 33 3.98097
103.5 33 4.03539
104 33 4.02844
104.5 33 4.0737
105 33 4.12607
105.5 33 4.13345
106 33 4.17289
106.5 33 4.11118
107 33 4.08955
107.5 33 4.04172
108 33 4.05059
108.5 33 4.07982
109 33 3.96839
109.5 33 4.08197
110 33 4.09165
110.5 33 3.96052
111 33 4.03387
111.5 33 4.03405
112 33 4.06052
112.5 33 4.04468
113 33 4.07945
113.5 33 4.06518
114 33 4.07673
114.5 33 4.10162
115 33 4.08347
115.5 33 4.05845
116 33 4.03948
116.5 33 3.95431
117 33 4.04152
117.5 33 3.95824
118 33 3.97478
118.5 33 3.96604
119 33 3.98997
119.5 33 3.98896
120 33 3.94635
120.5 33 3.97095
121 33 3.89064
121.5 33 4.00454
122 33 3.86515
122.5 33 3.83452
123 33 3.92912
123.5 33 3.8244
124 33 3.86398
124.5 33 3.92373
125 33 3.88079
125.5 33 3.89594
126 33 3.93215
126.5 33 3.84407
127 33 3.89055
127.5 33 3.9277
128 33 3.92019
128.5 33 3.84453
129 33 3.87453
129.5 33 3.87693
130 33 3.99882
130.5 33 4.00201
131 33 3.96176
131.5 33 3.90483
132 33 3.93543
132.5 33 4.02676
133 33 4.1282
85 33.5 3.93858
85.5 33.5 3.78574
86 33.5 4.4725
86.5 33.5 3.83657
87 33.5 3.80603
87.5 33.5 4.1748
88 33.5 3.86463
88.5 33.5 3.94629
89 33.5 3.94956
89.5 33.5 3.81621
90 33.5 3.55667
90.5 33.5 3.82705
91 33.5 3.63496
91.5 33.5 3.95048
92 33.5 3.89036
92.5 33.5 3.93751
93 33.5 3.72351
93.5 33.5 3.87984
94 33.5 3.93246
94.5 33.5 3.82043
95 33.5 3.7431
95.5 33.5 3.87409
96 33.5 3.92401
96.5 33.5 3.78908
97 33.5 3.89652
97.5 33.5 3.96027
98 33.5 3.8493
98.5 33.5 3.9407
99 33.5 3.97192
99.5 33.5 3.99558
100 33.5 3.88605
100.5 33.5 3.88116
101 33.5 3.98115
101.5 33.5 3.94414
102 33.5 3.98997
102.5 33.5 4.00506
103 33.5 3.99905
103.5 33.5 4.05296
104 33.5 4.03904
104.5 33.5 3.97411
105 33.5 4.13615
105.5 33.5 3.99973
106 33.5 4.13516
106.5 33.5 4.0563
107 33.5 4.06179
107.5 33.5 4.09826
108 33.5 4.02818
108.5 33.5 4.0518
109 33.5 4.00387
109.5 33.5 4.09119
110 33.5 4.06505
110.5 33.5 4.02966
111 33.5 3.95708
111.5 33.5 4.02044
112 33.5 4.06842
112.5 33.5 4.11722
113 33.5 4.08646
113.5 33.5 4.03964
114 33.5 4.10923
114.5 33.5 4.05472
115 33.5 4.03649
115.5 33.5 3.97051
116 33.5 4.07009
116.5 33.5 3.97045
117 33.5 3.9798
117.5 33.5 4.01874
118 33.5 4.02547
118.5 33.5 4.04501
119 33.5 3.99022
119.5 33.5 3.99038
120 33.5 3.90377
120.5 33.5 3.78423
121 33.5 3.86445
121.5 33.5 3.85706
122 33.5 3.88642
122.5 33.5 3.91949
123 33.5 3.9527
123.5 33.5 3.94258
124 33.5 3.86802
124.5 33.5 3.89628
125 33.5 3.89114
125.5 33.5 3.93137
126 33.5 3.92368
126.5 33.5 3.88274
127 33.5 3.92801
127.5 33.5 3.86399
128 33.5 3.92316
128.5 33.5 3.91696
129 33.5 3.87725
129.5 33.5 3.84497
130 33.5 3.74541
130.5 33.5 4.1042
131 33.5 4.06905
131.5 33.5 3.90656
132 33.5 3.91432
132.5 33.5 4.3439
133 33.5 4.10942
85 34 3.92629
85.5 34 3.72674
86 34 3.68466
86.5 34 3.84801
87 34 4.01811
87.5 34 4.5783
88 34 3.97051
88.5 34 4.0915
89 34 3.98515
89.5 34 3.7736
90 34 3.7676
90.5 34 3.76279
91 34 3.87445
91.5 34 3.76412
92 34 3.80659
92.5 34 3.80794
93 34 3.80307
93.5 34 3.74258
94 34 3.85539
94.5 34 3.90325
95 34 3.87644
95.5 34 3.8229
96 34 3.99522
96.5 34 3.81519
97 34 3.78441
97.5 34 4.02046
98 34 3.91905
98.5 34 3.81034
99 34 3.80557
99.5 34 3.86932
100 34 3.95205
100.5 34 4.5733
101 34 3.86722
101.5 34 3.9709
102 34 3.95061
102.5 34 3.96293
103 34 4.06227
103.5 34 3.91014
104 34 3.79162
104.5 34 3.98132
105 34 4.03856
105.5 34 4.12686
106 34 4.08844
106.5 34 4.00936
107 34 4.04533
107.5 34 4.02517
108 34 3.94552
108.5 34 4.04838
109 34 4.04385
109.5 34 4.06978
110 34 4.06877
110.5 34 4.13433
111 34 4.05774
111.5 34 4.04381
112 34 3.95027
112.5 34 4.01269
113 34 4.02694
113.5 34 3.98542
114 34 4.07547
114.5 34 4.07323
115 34 4.04623
115.5 34 4.04125
116 34 3.98313
116.5 34 4.04693
117 34 3.9728
117.5 34 4.00493
118 34 4.02392
118.5 34 3.97884
119 34 4.03352
119.5 34 3.9725
120 34 3.96547
120.5 34 3.81444
121 34 3.82123
121.5 34 3.88208
122 34 3.91066
122.5 34 3.91455
123 34 3.94942
123.5 34 3.92808
124 34 3.92815
124.5 34 3.97112
125 34 3.91646
125.5 34 3.95769
126 34 3.92825
126.5 34 3.90598
127 34 3.89746
127.5 34 3.84862
128 34 3.92425
128.5 34 3.90621
129 34 3.88349
129.5 34 3.85584
130 34 3.91387
130.5 34 3.88013
131 34 4.02107
131.5 34 3.76294
132 34 4.00304
132.5 34 4.00835
133 34 3.93423
85 34.5 3.82382
85.5 34.5 3.77475
86 34.5 3.8185
86.5 34.5 3.75285
87 34.5 3.85218
87.5 34.5 3.83237
88 34.5 3.9029
88.5 34.5 3.90403
89 34.5 3.67617
89.5 34.5 3.77929
90 34.5 3.81615
90.5 34.5 3.81385
91 34.5 3.82556
91.5 34.5 3.67452
92 34.5 3.78806
92.5 34.5 3.68329
93 34.5 3.69276
93.5 34.5 3.72565
94 34.5 3.88784
94.5 34.5 3.69054
95 34.5 3.94176
95.5 34.5 3.9398
96 34.5 3.91265
96.5 34.5 3.75787
97 34.5 3.86821
97.5 34.5 3.88636
98 34.5 3.90412
98.5 34.5 3.73906
99 34.5 3.96206
99.5 34.5 3.81007
100 34.5 4.04714
100.5 34.5 3.76932
101 34.5 3.93086
101.5 34.5 3.91208
102 34.5 3.81148
102.5 34.5 4.3645
103 34.5 3.84413
103.5 34.5 3.86832
104 34.5 4.00447
104.5 34.5 4.05214
105 34.5 3.95544
105.5 34.5 3.84172
106 34.5 3.95793
106.5 34.5 3.97238
107 34.5 4.07614
107.5 34.5 4.00851
108 34.5 4.01574
108.5 34.5 3.87336
109 34.5 4.2084
109.5 34.5 3.95765
110 34.5 3.96987
110.5 34.5 3.87133
111 34.5 4.08696
111.5 34.5 3.95437
112 34.5 3.87301
112.5 34.5 3.8126
113 34.5 3.96603
113.5 34.5 3.92778
114 34.5 3.90599
114.5 34.5 4.00862
115 34.5 3.917
115.5 34.5 4.03443
116 34.5 3.98225
116.5 34.5 4.5233
117 34.5 4.09143
117.5 34.5 4.02846
118 34.5 4.2427
118.5 34.5 4.09641
119 34.5 4.00755
119.5 34.5 3.91012
120 34.5 3.92171
120.5 34.5 3.89812
121 34.5 3.8869
121.5 34.5 3.89901
122 34.5 3.94896
122.5 34.5 3.89028
123 34.5 3.96917
123.5 34.5 3.98004
124 34.5 3.96709
124.5 34.5 3.96632
125 34.5 3.96073
125.5 34.5 3.93011
126 34.5 3.89837
126.5 34.5 3.9194
127 34.5 4.2714
127.5 34.5 3.96137
128 34.5 3.91466
128.5 34.5 3.91703
129 34.5 3.93741
129.5 34.5 3.91341
130 34.5 3.87153
130.5 34.5 3.90124
131 34.5 3.90717
131.5 34.5 3.91208
132 34.5 4.03109
132.5 34.5 3.91861
133 34.5 3.84652
85 35 3.82894
85.5 35 3.78552
86 35 3.64698
86.5 35 3.67821
87 35 3.66964
87.5 35 4.30403
88 35 3.83805
88.5 35 4.02104
89 35 3.73686
89.5 35 3.92168
90 35 3.86316
90.5 35 3.85018
91 35 3.97399
91.5 35 3.70333
92 35 3.67196
92.5 35 3.71012
93 35 3.85031
93.5 35 3.70247
94 35 3.68681
94.5 35 3.69792
95 35 3.7275
95.5 35 3.8696
96 35 3.93757
96.5 35 3.76982
97 35 3.95502
97.5 35 4.01406
98 35 4.00217
98.5 35 3.73288
99 35 3.95054
99.5 35 3.94625
100 35 3.98361
100.5 35 4.00501
101 35 3.98074
101.5 35 3.90325
102 35 4.0905
102.5 35 4.09552
103 35 3.86143
103.5 35 3.89259
104 35 3.90963
104.5 35 3.78697
105 35 3.80077
105.5 35 3.79319
106 35 3.73764
106.5 35 4.07769
107 35 3.91648
107.5 35 4.13018
108 35 4.07479
108.5 35 4.09939
109 35 3.99123
109.5 35 3.91923
110 35 4.055
110.5 35 3.87094
111 35 3.97697
111.5 35 3.97401
112 35 3.88727
112.5 35 4.1252
113 35 3.94978
113.5 35 3.89871
114 35 3.8736
114.5 35 3.89639
115 35 4.0368
115.5 35 4.06738
116 35 4.0635
116.5 35 4.03437
117 35 3.98901
117.5 35 3.98346
118 35 3.91341
118.5 35 3.80162
119 35 3.90966
119.5 35 3.80578
120 35 3.90599
120.5 35 3.86711
121 35 3.88618
121.5 35 3.91496
122 35 3.95655
122.5 35 3.94179
123 35 3.9833
123.5 35 3.93348
124 35 3.97992
124.5 35 3.92138
125 35 3.91233
125.5 35 3.87663
126 35 3.86087
126.5 35 3.95316
127 35 3.91261
127.5 35 4.0897
128 35 3.83831
128.5 35 4.07335
129 35 3.87672
129.5 35 3.8669
130 35 3.92174
130.5 35 3.89866
131 35 3.88025
131.5 35 3.89968
132 35 3.88634
132.5 35 4.07396
133 35 3.89127
85 35.5 3.70674
85.5 35.5 3.85512
86 35.5 3.75039
86.5 35.5 3.87131
87 35.5 3.68075
87.5 35.5 3.83354
88 35.5 3.87798
88.5 35.5 4.06268
89 35.5 4.01176
89.5 35.5 3.91565
90 35.5 3.67721
90.5 35.5 3.74391
91 35.5 3.8965
91.5 35.5 3.82384
92 35.5 3.80181
92.5 35.5 3.93226
93 35.5 3.7415
93.5 35.5 3.94578
94 35.5 3.78862
94.5 35.5 3.88549
95 35.5 3.83667
95.5 35.5 3.84108
96 35.5 3.89489
96.5 35.5 3.79155
97 35.5 3.78469
97.5 35.5 3.79489
98 35.5 3.97065
98.5 35.5 3.67719
99 35.5 3.9566
99.5 35.5 3.88781
100 35.5 3.7974
100.5 35.5 3.90234
101 35.5 3.81383
101.5 35.5 3.78576
102 35.5 3.90329
102.5 35.5 4.04717
103 35.5 4.00853
103.5 35.5 3.80676
104 35.5 3.82722
104.5 35.5 4.2457
105 35.5 3.84627
105.5 35.5 3.89375
106 35.5 3.89782
106.5 35.5 4.05095
107 35.5 3.90379
107.5 35.5 4.09516
108 35.5 4.07123
108.5 35.5 3.99876
109 35.5 3.96593
109.5 35.5 4.02947
110 35.5 3.95404
110.5 35.5 3.83967
111 35.5 3.98426
111.5 35.5 3.89412
112 35.5 3.85186
112.5 35.5 3.82382
113 35.5 3.89989
113.5 35.5 3.87891
114 35.5 4.00068
114.5 35.5 3.91881
115 35.5 3.90329
115.5 35.5 3.90261
116 35.5 3.93539
116.5 35.5 4.04363
117 35.5 3.99649
117.5 35.5 3.87345
118 35.5 3.75225
118.5 35.5 3.93347
119 35.5 3.91261
119.5 35.5 3.82981
120 35.5 3.91825
120.5 35.5 3.84956
121 35.5 3.91833
121.5 35.5 3.85074
122 35.5 3.95899
122.5 35.5 3.9432
123 35.5 3.88712
123.5 35.5 3.89339
124 35.5 3.94773
124.5 35.5 3.91401
125 35.5 3.93975
125.5 35.5 3.89907
126 35.5 3.89628
126.5 35.5 4.3924
127 35.5 4.03331
127.5 35.5 4.2506
128 35.5 3.941
128.5 35.5 3.95509
129 35.5 3.88278
129.5 35.5 3.9324
130 35.5 3.9104
130.5 35.5 3.85555
131 35.5 3.88414
131.5 35.5 3.91327
132 35.5 3.97196
132.5 35.5 3.88355
133 35.5 3.9594
85 36 3.90073
85.5 36 3.92104
86 36 4.09112
86.5 36 3.79327
87 36 3.77422
87.5 36 4.2278
88 36 4.07082
88.5 36 3.98886
89 36 3.92794
89.5 36 3.924
90 36 3.6308
90.5 36 3.81062
91 36 3.78313
91.5 36 3.68145
92 36 3.72856
92.5 36 3.89905
93 36 3.74015
93.5 36 3.96302
94 36 3.84772
94.5 36 4.0346
95 36 4.00201
95.5 36 3.88486
96 36 3.91838
96.5 36 3.85926
97 36 3.8898
97.5 36 3.77123
98 36 3.78693
98.5 36 3.86914
99 36 3.74172
99.5 36 3.72356
100 36 3.74527
100.5 36 3.98868
101 36 3.945
101.5 36 3.87502
102 36 3.86728
102.5 36 3.9941
103 36 4.02908
103.5 36 3.9582
104 36 3.97372
104.5 36 3.95645
105 36 4.4108
105.5 36 3.92145
106 36 4.3454
106.5 36 4.11743
107 36 4.16405
107.5 36 3.98402
108 36 4.13574
108.5 36 3.98934
109 36 4.05682
109.5 36 4.03071
110 36 4.0282
110.5 36 4.0383
111 36 3.94534
111.5 36 3.99741
112 36 3.8938
112.5 36 3.86563
113 36 3.8848
113.5 36 4.05598
114 36 3.97281
114.5 36 3.95062
115 36 4.00331
115.5 36 4.0654
116 36 3.93138
116.5 36 3.91735
117 36 3.8394
117.5 36 3.84934
118 36 3.79435
118.5 36 3.75265
119 36 3.90394
119.5 36 4.44889
120 36 3.86022
120.5 36 3.87759
121 36 3.92394
121.5 36 3.93852
122 36 3.96683
122.5 36 3.94972
123 36 4.00579
123.5 36 4.00069
124 36 3.93134
124.5 36 3.93838
125 36 3.92103
125.5 36 3.93985
126 36 3.97341
126.5 36 3.90065
127 36 3.94927
127.5 36 3.97648
128 36 3.9651
128.5 36 4.01109
129 36 4.06779
129.5 36 4.01432
130 36 3.88474
130.5 36 3.85819
131 36 3.82515
131.5 36 3.85143
132 36 3.93516
132.5 36 3.90475
133 36 3.91698
85 36.5 3.93904
85.5 36.5 3.81378
86 36.5 4.09191
86.5 36.5 4.237
87 36.5 4.4146
87.5 36.5 4.10274
88 36.5 3.85795
88.5 36.5 3.96698
89 36.5 3.81904
89.5 36.5 3.95792
90 36.5 3.73309
90.5 36.5 3.73943
91 36.5 3.67365
91.5 36.5 3.74496
92 36.5 3.99276
92.5 36.5 3.85212
93 36.5 3.87741
93.5 36.5 3.97255
94 36.5 3.92895
94.5 36.5 3.86262
95 36.5 4.00775
95.5 36.5 3.98536
96 36.5 3.94521
96.5 36.5 3.75986
97 36.5 3.76928
97.5 36.5 3.85166
98 36.5 4.5593
98.5 36.5 4.07756
99 36.5 3.99086
99.5 36.5 3.95298
100 36.5 3.96286
100.5 36.5 3.95459
101 36.5 4.00407
101.5 36.5 3.94222
102 36.5 4.07666
102.5 36.5 4.06297
103 36.5 3.95872
103.5 36.5 3.99978
104 36.5 3.83216
104.5 36.5 3.85651
105 36.5 4.3602
105.5 36.5 4.07052
106 36.5 3.8747
106.5 36.5 4.08476
107 36.5 4.10404
107.5 36.5 4.11008
108 36.5 3.98592
108.5 36.5 4.15224
109 36.5 4.06073
109.5 36.5 4.08586
110 36.5 4.05971
110.5 36.5 4.11899
111 36.5 4.05388
111.5 36.5 4.03139
112 36.5 4.2002
112.5 36.5 3.84064
113 36.5 3.87751
113.5 36.5 3.9612
114 36.5 3.91088
114.5 36.5 3.76789
115 36.5 4.2613
115.5 36.5 4.01689
116 36.5 3.92361
116.5 36.5 3.84458
117 36.5 3.83058
117.5 36.5 3.88473
118 36.5 3.89279
118.5 36.5 3.89135
119 36.5 3.90584
119.5 36.5 3.81875
120 36.5 3.95296
120.5 36.5 3.82156
121 36.5 4.0617
121.5 36.5 3.92911
122 36.5 3.94318
122.5 36.5 4.00333
123 36.5 3.95136
123.5 36.5 4.00478
124 36.5 3.94244
124.5 36.5 3.90623
125 36.5 3.94004
125.5 36.5 3.953
126 36.5 3.97799
126.5 36.5 3.95432
127 36.5 3.91614
127.5 36.5 3.83231
128 36.5 3.95839
128.5 36.5 3.84716
129 36.5 4.06432
129.5 36.5 3.95651
130 36.5 3.96453
130.5 36.5 3.8074
131 36.5 3.82073
131.5 36.5 3.84387
132 36.5 3.9116
132.5 36.5 3.92278
133 36.5 3.9488
85 37 4.4984
85.5 37 3.93076
86 37 3.87425
86.5 37 4.04412
87 37 3.94646
87.5 37 3.86477
88 37 4.03355
88.5 37 3.88801
89 37 3.91903
89.5 37 3.83492
90 37 3.91495
90.5 37 3.82927
91 37 3.65155
91.5 37 3.78706
92 37 3.80382
92.5 37 4.05611
93 37 3.89062
93.5 37 3.89661
94 37 3.89288
94.5 37 3.8322
95 37 3.80445
95.5 37 3.8676
96 37 3.82143
96.5 37 3.95006
97 37 3.9877
97.5 37 3.86716
98 37 3.87791
98.5 37 3.76194
99 37 3.983
99.5 37 4.01605
100 37 3.84003
100.5 37 3.73559
101 37 4.01187
101.5 37 3.90502
102 37 4.5982
102.5 37 3.9595
103 37 3.90589
103.5 37 3.86124
104 37 4.3096
104.5 37 3.97691
105 37 4.2668
105.5 37 3.93524
106 37 4.043
106.5 37 4.08812
107 37 3.99327
107.5 37 4.6955
108 37 4.17098
108.5 37 4.14868
109 37 3.99363
109.5 37 4.09095
110 37 4.093
110.5 37 4.00772
111 37 3.90254
111.5 37 3.92259
112 37 4.2952
112.5 37 4.1731
113 37 3.93898
113.5 37 3.9247
114 37 3.84067
114.5 37 3.87409
115 37 3.85668
115.5 37 4.02301
116 37 4.05691
116.5 37 3.85058
117 37 3.96821
117.5 37 3.93095
118 37 3.89382
118.5 37 3.94622
119 37 3.67308
119.5 37 3.97015
120 37 3.94927
120.5 37 3.95842
121 37 3.85276
121.5 37 3.90775
122 37 3.87374
122.5 37 4.04593
123 37 3.9845
123.5 37 3.99058
124 37 3.97157
124.5 37 3.96279
125 37 3.97106
125.5 37 3.97674
126 37 3.95798
126.5 37 4.10522
127 37 3.88179
127.5 37 4.02646
128 37 3.92584
128.5 37 4.02274
129 37 3.86935
129.5 37 3.86393
130 37 3.76948
130.5 37 3.76842
131 37 3.78053
131.5 37 3.87103
132 37 3.94206
132.5 37 3.92462
133 37 3.84823
85 37.5 3.98582
85.5 37.5 3.91504
86 37.5 4.0579
86.5 37.5 4.01691
87 37.5 3.85322
87.5 37.5 3.89539
88 37.5 3.88322
88.5 37.5 4.01204
89 37.5 3.76831
89.5 37.5 3.92145
90 37.5 3.86484
90.5 37.5 3.91308
91 37.5 3.81384
91.5 37.5 3.9045
92 37.5 3.90972
92.5 37.5 3.9588
93 37.5 3.79481
93.5 37.5 3.84043
94 37.5 3.97255
94.5 37.5 3.87274
95 37.5 3.77188
95.5 37.5 3.82259
96 37.5 3.81241
96.5 37.5 4.6625
97 37.5 4.5382
97.5 37.5 4.00921
98 37.5 3.87874
98.5 37.5 4.02708
99 37.5 3.96922
99.5 37.5 3.94703
100 37.5 3.8407
100.5 37.5 4.0354
101 37.5 3.8818
101.5 37.5 3.93847
102 37.5 3.94528
102.5 37.5 4.0974
103 37.5 3.9536
103.5 37.5 4.02058
104 37.5 3.96912
104.5 37.5 4.04133
105 37.5 4.06032
105.5 37.5 3.91194
106 37.5 4.12276
106.5 37.5 4.04226
107 37.5 4.11029
107.5 37.5 4.0975
108 37.5 3.88032
108.5 37.5 4.628
109 37.5 4.01492
109.5 37.5 4.03004
110 37.5 4.12016
110.5 37.5 4.03408
111 37.5 3.93953
111.5 37.5 3.89564
112 37.5 3.82434
112.5 37.5 3.93129
113 37.5 3.90044
113.5 37.5 3.94294
114 37.5 3.81492
114.5 37.5 3.94747
115 37.5 3.99128
115.5 37.5 3.8989
116 37.5 4.00793
116.5 37.5 3.91694
117 37.5 3.78549
117.5 37.5 3.77009
118 37.5 3.92939
118.5 37.5 4.06459
119 37.5 3.89321
119.5 37.5 3.91278
120 37.5 4.1802
120.5 37.5 3.872
121 37.5 4.4305
121.5 37.5 3.94155
122 37.5 3.87387
122.5 37.5 3.94692
123 37.5 3.94943
123.5 37.5 3.94656
124 37.5 3.91327
124.5 37.5 3.93841
125 37.5 3.9296
125.5 37.5 4.3516
126 37.5 4.4155
126.5 37.5 3.90995
127 37.5 3.926
127.5 37.5 3.96591
128 37.5 3.89353
128.5 37.5 3.94137
129 37.5 3.85783
129.5 37.5 3.89366
130 37.5 3.83988
130.5 37.5 3.90435
131 37.5 3.93765
131.5 37.5 3.91178
132 37.5 3.96096
132.5 37.5 3.89583
133 37.5 3.94981
85 38 4.14407
85.5 38 4.17418
86 38 3.9205
86.5 38 4.03223
87 38 3.95179
87.5 38 4.09133
88 38 3.9533
88.5 38 3.97538
89 38 3.93045
89.5 38 3.99002
90 38 3.91633
90.5 38 3.93029
91 38 3.90327
91.5 38 3.89565
92 38 3.91799
92.5 38 3.90279
93 38 3.75409
93.5 38 3.9083
94 38 3.81217
94.5 38 3.7845
95 38 3.88321
95.5 38 3.90062
96 38 3.95035
96.5 38 3.80689
97 38 3.97182
97.5 38 3.7812
98 38 3.85283
98.5 38 3.93215
99 38 3.9731
99.5 38 3.84304
100 38 3.975
100.5 38 3.88643
101 38 3.79575
101.5 38 4.027
102 38 4.05713
102.5 38 3.98052
103 38 3.87321
103.5 38 4.03245
104 38 3.91153
104.5 38 3.96152
105 38 3.86071
105.5 38 4.00391
106 38 4.08204
106.5 38 4.12617
107 38 4.10106
107.5 38 4.3887
108 38 4.06242
108.5 38 4.01162
109 38 4.1475
109.5 38 3.94653
110 38 3.99096
110.5 38 4.05872
111 38 3.94366
111.5 38 4.04568
112 38 4.01672
112.5 38 4.00817
113 38 3.94341
113.5 38 3.93878
114 38 3.99816
114.5 38 3.88966
115 38 3.90227
115.5 38 3.947
116 38 3.99798
116.5 38 3.82104
117 38 3.88012
117.5 38 3.86991
118 38 4.02613
118.5 38 3.98089
119 38 3.93114
119.5 38 3.88325
120 38 3.94252
120.5 38 3.8918
121 38 3.90441
121.5 38 3.90273
122 38 3.94381
122.5 38 3.94462
123 38 3.93838
123.5 38 3.97302
124 38 3.94774
124.5 38 3.90709
125 38 4.35876
125.5 38 3.95671
126 38 3.92185
126.5 38 3.84732
127 38 3.91919
127.5 38 3.91803
128 38 4.00427
128.5 38 3.9675
129 38 3.91607
129.5 38 3.90594
130 38 3.8594
130.5 38 3.8858
131 38 3.89828
131.5 38 3.91892
132 38 3.90999
132.5 38 3.9114
133 38 3.84178
85 38.5 4.03754
85.5 38.5 4.17734
86 38.5 4.12458
86.5 38.5 4.04088
87 38.5 4.05544
87.5 38.5 4.0055
88 38.5 4.06879
88.5 38.5 4.10336
89 38.5 3.90343
89.5 38.5 4.4774
90 38.5 3.81678
90.5 38.5 4.01685
91 38.5 3.80977
91.5 38.5 3.95495
92 38.5 3.87655
92.5 38.5 3.94224
93 38.5 3.84419
93.5 38.5 3.97926
94 38.5 3.95211
94.5 38.5 4.01499
95 38.5 3.9253
95.5 38.5 4.2933
96 38.5 3.88219
96.5 38.5 3.87952
97 38.5 3.80697
97.5 38.5 3.82964
98 38.5 3.81704
98.5 38.5 3.96472
99 38.5 3.90605
99.5 38.5 4.225
100 38.5 3.81542
100.5 38.5 4.04657
101 38.5 3.97932
101.5 38.5 3.94341
102 38.5 3.98938
102.5 38.5 4.04972
103 38.5 4.02484
103.5 38.5 4.08406
104 38.5 4.5574
104.5 38.5 4.4764
105 38.5 3.85977
105.5 38.5 3.86787
106 38.5 4.734
106.5 38.5 4.5032
107 38.5 4.6472
107.5 38.5 4.7212
108 38.5 4.11129
108.5 38.5 3.94966
109 38.5 3.98348
109.5 38.5 3.90896
110 38.5 4.06424
110.5 38.5 3.98043
111 38.5 4.02515
111.5 38.5 3.84132
112 38.5 3.89149
112.5 38.5 3.7968
113 38.5 3.88446
113.5 38.5 4.4269
114 38.5 3.93518
114.5 38.5 3.899
115 38.5 3.95751
115.5 38.5 4.2035
116 38.5 3.95564
116.5 38.5 3.94438
117 38.5 3.90932
117.5 38.5 3.8061
118 38.5 3.9209
118.5 38.5 3.92161
119 38.5 3.88438
119.5 38.5 3.87434
120 38.5 3.83005
120.5 38.5 3.88982
121 38.5 3.88424
121.5 38.5 3.90486
122 38.5 3.9168
122.5 38.5 3.91498
123 38.5 3.96055
123.5 38.5 3.99832
124 38.5 3.93279
124.5 38.5 3.89244
125 38.5 4.02437
125.5 38.5 3.90847
126 38.5 4.1575
126.5 38.5 3.7934
127 38.5 4.00849
127.5 38.5 4.05083
128 38.5 3.8576
128.5 38.5 3.90106
129 38.5 3.87393
129.5 38.5 3.88291
130 38.5 3.88072
130.5 38.5 3.8763
131 38.5 3.85489
131.5 38.5 3.90718
132 38.5 3.92122
132.5 38.5 3.86239
133 38.5 3.91527
85 39 3.99493
85.5 39 4.0968
86 39 4.12483
86.5 39 3.86203
87 39 4.0927
87.5 39 3.95256
88 39 4.11276
88.5 39 4.04126
89 39 3.98574
89.5 39 3.9919
90 39 3.90384
90.5 39 3.97981
91 39 3.8812
91.5 39 3.83131
92 39 4.0265
92.5 39 3.82902
93 39 4.05272
93.5 39 4.06355
94 39 3.94279
94.5 39 3.91625
95 39 3.88902
95.5 39 3.94159
96 39 3.94078
96.5 39 3.83541
97 39 4.5094
97.5 39 3.76893
98 39 3.71865
98.5 39 3.89639
99 39 4.05087
99.5 39 3.92016
100 39 4.01466
100.5 39 3.97006
101 39 3.98586
101.5 39 4.06321
102 39 4.0881
102.5 39 3.94764
103 39 4.11379
103.5 39 4.11049
104 39 3.9203
104.5 39 4.02667
105 39 3.92376
105.5 39 3.94966
106 39 4.04732
106.5 39 4.08118
107 39 4.01338
107.5 39 4.12485
108 39 3.99946
108.5 39 3.89966
109 39 4.10385
109.5 39 3.98261
110 39 3.9082
110.5 39 4.01717
111 39 4.00196
111.5 39 3.86205
112 39 3.81179
112.5 39 3.78173
113 39 3.97577
113.5 39 4.2167
114 39 3.7984
114.5 39 3.98214
115 39 3.79864
115.5 39 3.94627
116 39 4.2354
116.5 39 3.92036
117 39 3.99333
117.5 39 4.02139
118 39 3.90659
118.5 39 3.88196
119 39 3.91313
119.5 39 3.89503
120 39 3.93036
120.5 39 3.90239
121 39 3.97501
121.5 39 4.1109
122 39 3.93933
122.5 39 3.93309
123 39 3.9329
123.5 39 4.01066
124 39 3.9161
124.5 39 3.90783
125 39 3.87062
125.5 39 4.0187
126 39 4.08645
126.5 39 3.89676
127 39 3.87053
127.5 39 3.93678
128 39 3.95558
128.5 39 3.88258
129 39 3.86089
129.5 39 3.72518
130 39 3.76395
130.5 39 3.82538
131 39 3.9207
131.5 39 3.82316
132 39 3.85358
132.5 39 3.93088
133 39 3.95054
85 39.5 4.16663
85.5 39.5 4.06095
86 39.5 4.06806
86.5 39.5 4.5675
87 39.5 4.08357
87.5 39.5 3.98876
88 39.5 4.14315
88.5 39.5 3.93959
89 39.5 4.02807
89.5 39.5 4.08367
90 39.5 4.07935
90.5 39.5 4.04323
91 39.5 3.94936
91.5 39.5 3.97602
92 39.5 3.88807
92.5 39.5 3.9314
93 39.5 3.99733
93.5 39.5 4.02752
94 39.5 3.87467
94.5 39.5 4.06181
95 39.5 3.96693
95.5 39.5 4.00869
96 39.5 3.91606
96.5 39.5 3.86726
97 39.5 4.06557
97.5 39.5 3.88355
98 39.5 3.86897
98.5 39.5 3.85348
99 39.5 4.12971
99.5 39.5 3.97881
100 39.5 4.05331
100.5 39.5 4.04915
101 39.5 4.11693
101.5 39.5 4.2567
102 39.5 4.4143
102.5 39.5 4.5507
103 39.5 4.398
103.5 39.5 4.03816
104 39.5 4.4697
104.5 39.5 3.89334
105 39.5 3.99851
105.5 39.5 4.02469
106 39.5 4.07701
106.5 39.5 4.12744
107 39.5 4.06064
107.5 39.5 4.07708
108 39.5 4.06195
108.5 39.5 4.0621
109 39.5 4.18263
109.5 39.5 4.1381
110 39.5 3.94971
110.5 39.5 3.88965
111 39.5 4.1643
111.5 39.5 3.76804
112 39.5 3.89789
112.5 39.5 3.83558
113 39.5 3.82434
113.5 39.5 3.74962
114 39.5 3.81455
114.5 39.5 3.95432
115 39.5 3.88883
115.5 39.5 3.89631
116 39.5 3.96056
116.5 39.5 3.99972
117 39.5 3.78793
117.5 39.5 3.97806
118 39.5 3.90843
118.5 39.5 3.75109
119 39.5 4.04281
119.5 39.5 4.08066
120 39.5 3.97161
120.5 39.5 3.95937
121 39.5 3.98286
121.5 39.5 4.12403
122 39.5 3.89451
122.5 39.5 3.9319
123 39.5 3.92387
123.5 39.5 3.9516
124 39.5 3.90461
124.5 39.5 4.00722
125 39.5 4.03567
125.5 39.5 4.00187
126 39.5 3.96045
126.5 39.5 3.88183
127 39.5 3.72992
127.5 39.5 3.84749
128 39.5 3.83605
128.5 39.5 3.80626
129 39.5 3.86611
129.5 39.5 3.83647
130 39.5 3.87353
130.5 39.5 3.87272
131 39.5 3.90667
131.5 39.5 3.92412
132 39.5 3.91362
132.5 39.5 3.97336
133 39.5 3.92682
85 40 4.18818
85.5 40 3.99725
86 40 4.13763
86.5 40 4.03488
87 40 4.03877
87.5 40 4.07273
88 40 4.04522
88.5 40 3.97643
89 40 3.96616
89.5 40 3.90179
90 40 3.98625
90.5 40 4.02876
91 40 3.95551
91.5 40 3.99997
92 40 4.06615
92.5 40 3.95824
93 40 4.0193
93.5 40 4.14984
94 40 4.05055
94.5 40 4.15548
95 40 4.10151
95.5 40 3.96208
96 40 3.89898
96.5 40 4.00689
97 40 4.12673
97.5 40 3.97908
98 40 4.02598
98.5 40 3.88741
99 40 4.09476
99.5 40 4.3322
100 40 4.11158
100.5 40 4.08244
101 40 3.92993
101.5 40 4.5007
102 40 4.5546
102.5 40 4.3367
103 40 3.99196
103.5 40 4.4797
104 40 4.7055
104.5 40 4.06931
105 40 4.09037
105.5 40 3.90237
106 40 3.90433
106.5 40 4.01742
107 40 3.98128
107.5 40 4.01155
108 40 3.90173
108.5 40 4.0505
109 40 3.99372
109.5 40 3.96247
110 40 3.92077
110.5 40 4.3665
111 40 3.83464
111.5 40 3.76514
112 40 3.95907
112.5 40 3.71558
113 40 3.78161
113.5 40 4.1898
114 40 3.87282
114.5 40 4.1101
115 40 3.96037
115.5 40 3.91717
116 40 3.85303
116.5 40 3.81933
117 40 3.93494
117.5 40 3.93832
118 40 4.00305
118.5 40 4.03175
119 40 3.98519
119.5 40 4.03254
120 40 4.01549
120.5 40 3.95978
121 40 3.96364
121.5 40 3.96187
122 40 3.95643
122.5 40 3.83553
123 40 3.99053
123.5 40 3.87078
124 40 3.96783
124.5 40 4.01113
125 40 4.04163
125.5 40 3.92869
126 40 3.78766
126.5 40 3.99251
127 40 3.89493
127.5 40 4.08025
128 40 3.76591
128.5 40 3.84721
129 40 3.86831
129.5 40 3.8452
130 40 3.90779
130.5 40 3.89421
131 40 3.97899
131.5 40 3.92839
132 40 4.00416
132.5 40 3.96827
133 40 3.97194
85 40.5 4.011
85.5 40.5 4.08352
86 40.5 4.09756
86.5 40.5 4.1869
87 40.5 4.13955
87.5 40.5 4.11847
88 40.5 4.06898
88.5 40.5 4.18
89 40.5 4.12342
89.5 40.5 4.11318
90 40.5 3.97124
90.5 40.5 3.95198
91 40.5 3.98976
91.5 40.5 4.0459
92 40.5 4.07352
92.5 40.5 4.02405
93 40.5 4.13663
93.5 40.5 4.10486
94 40.5 3.91543
94.5 40.5 3.98398
95 40.5 4.01962
95.5 40.5 3.90999
96 40.5 4.06148
96.5 40.5 3.9745
97 40.5 3.96675
97.5 40.5 4.05246
98 40.5 3.98796
98.5 40.5 4.06612
99 40.5 4.06881
99.5 40.5 4.05301
100 40.5 3.9775
100.5 40.5 4.3278
101 40.5 3.92432
101.5 40.5 4.3584
102 40.5 4.4538
102.5 40.5 4.317
103 40.5 4.4273
103.5 40.5 4.03396
104 40.5 3.95718
104.5 40.5 3.92718
105 40.5 3.93777
105.5 40.5 4.01023
106 40.5 3.97327
106.5 40.5 3.94802
107 40.5 3.80077
107.5 40.5 3.97846
108 40.5 3.77725
108.5 40.5 4.04446
109 40.5 3.99196
109.5 40.5 4.4573
110 40.5 4.4214
110.5 40.5 3.82401
111 40.5 3.99131
111.5 40.5 3.84502
112 40.5 4.2689
112.5 40.5 3.74678
113 40.5 3.74951
113.5 40.5 4.139
114 40.5 4.00051
114.5 40.5 3.92074
115 40.5 3.98078
115.5 40.5 4.4466
116 40.5 4.06549
116.5 40.5 3.89604
117 40.5 3.99192
117.5 40.5 3.85837
118 40.5 4.01404
118.5 40.5 4.07802
119 40.5 4.04971
119.5 40.5 3.99938
120 40.5 4.04821
120.5 40.5 4.1951
121 40.5 3.9751
121.5 40.5 4.09142
122 40.5 4.6188
122.5 40.5 4.4363
123 40.5 3.88899
123.5 40.5 4.01599
124 40.5 3.91628
124.5 40.5 3.86885
125 40.5 4.02092
125.5 40.5 3.88265
126 40.5 4.10077
126.5 40.5 3.84866
127 40.5 3.76639
127.5 40.5 3.89935
128 40.5 3.93423
128.5 40.5 3.99556
129 40.5 3.91465
129.5 40.5 3.90727
130 40.5 3.87747
130.5 40.5 3.87281
131 40.5 3.913
131.5 40.5 3.90914
132 40.5 3.92841
132.5 40.5 3.94121
133 40.5 3.90677
85 41 4.0026
85.5 41 3.98886
86 41 4.09041
86.5 41 4.04687
87 41 4.04276
87.5 41 4.03243
88 41 4.12031
88.5 41 4.04366
89 41 4.11864
89.5 41 3.93205
90 41 4.04792
90.5 41 4.07596
91 41 3.84278
91.5 41 4.08253
92 41 4.16443
92.5 41 4.1092
93 41 3.99698
93.5 41 4.05164
94 41 3.94654
94.5 41 4.02534
95 41 3.94028
95.5 41 4.10274
96 41 3.92063
96.5 41 3.90263
97 41 4.298
97.5 41 4.05825
98 41 4.01469
98.5 41 4.5431
99 41 3.93981
99.5 41 4.02768
100 41 4.04364
100.5 41 4.4774
101 41 4.18832
101.5 41 4.16423
102 41 4.10687
102.5 41 4.3474
103 41 4.6214
103.5 41 4.07218
104 41 3.92598
104.5 41 4.00323
105 41 3.82814
105.5 41 3.94343
106 41 3.93259
106.5 41 3.96963
107 41 3.85148
107.5 41 3.83725
108 41 4.06159
108.5 41 3.96874
109 41 4.06709
109.5 41 3.97954
110 41 4.4222
110.5 41 4.01786
111 41 3.91868
111.5 41 3.78171
112 41 3.89363
112.5 41 3.91811
113 41 3.63508
113.5 41 4.0633
114 41 3.7931
114.5 41 3.95309
115 41 3.84419
115.5 41 3.99174
116 41 4.02444
116.5 41 3.99679
117 41 3.92776
117.5 41 3.9541
118 41 4.1879
118.5 41 4.02293
119 41 4.03247
119.5 41 3.98799
120 41 4.02668
120.5 41 3.99373
121 41 4.00003
121.5 41 3.92279
122 41 4.01735
122.5 41 3.96893
123 41 3.97416
123.5 41 3.9614
124 41 4.14846
124.5 41 4.07151
125 41 4.0528
125.5 41 4.03405
126 41 3.95712
126.5 41 3.93853
127 41 4.1748
127.5 41 3.88308
128 41 3.89541
128.5 41 3.81474
129 41 3.92524
129.5 41 3.80289
130 41 3.84799
130.5 41 3.87297
131 41 3.85459
131.5 41 3.81963
132 41 3.74521
132.5 41 3.85987
133 41 3.82388
85 41.5 4.06309
85.5 41.5 4.03742
86 41.5 4.06805
86.5 41.5 4.04381
87 41.5 4.02444
87.5 41.5 4.01111
88 41.5 3.92105
88.5 41.5 4.03495
89 41.5 3.91701
89.5 41.5 4.02818
90 41.5 4.03414
90.5 41.5 4.00388
91 41.5 4.05631
91.5 41.5 4.01032
92 41.5 4.10861
92.5 41.5 4.12633
93 41.5 4.0727
93.5 41.5 4.08612
94 41.5 3.9906
94.5 41.5 3.92701
95 41.5 4.0675
95.5 41.5 4.13005
96 41.5 4.09247
96.5 41.5 3.94903
97 41.5 4.02055
97.5 41.5 3.93257
98 41.5 4.16304
98.5 41.5 3.98773
99 41.5 4.10131
99.5 41.5 3.94701
100 41.5 3.96421
100.5 41.5 3.99628
101 41.5 4.03597
101.5 41.5 4.00334
102 41.5 4.03963
102.5 41.5 4.02413
103 41.5 4.4945
103.5 41.5 4.3671
104 41.5 4.3113
104.5 41.5 4.03444
105 41.5 3.89936
105.5 41.5 3.99717
106 41.5 3.99189
106.5 41.5 4.06449
107 41.5 3.93736
107.5 41.5 4.06309
108 41.5 4.08117
108.5 41.5 3.97814
109 41.5 3.94046
109.5 41.5 4.12407
110 41.5 3.84023
110.5 41.5 3.99477
111 41.5 4.16119
111.5 41.5 3.92146
112 41.5 3.89596
112.5 41.5 3.85166
113 41.5 3.90681
113.5 41.5 4.02833
114 41.5 3.89752
114.5 41.5 3.98929
115 41.5 3.9643
115.5 41.5 3.97089
116 41.5 4.06615
116.5 41.5 4.2717
117 41.5 4.2515
117.5 41.5 3.97371
118 41.5 3.80536
118.5 41.5 4.23491
119 41.5 4.00083
119.5 41.5 4.3889
120 41.5 3.88458
120.5 41.5 4.04996
121 41.5 4.04549
121.5 41.5 3.95829
122 41.5 4.04436
122.5 41.5 4.07659
123 41.5 4.1119
123.5 41.5 3.99056
124 41.5 4.09618
124.5 41.5 3.91449
125 41.5 3.80021
125.5 41.5 3.88433
126 41.5 3.90076
126.5 41.5 3.79951
127 41.5 4.02485
127.5 41.5 3.99644
128 41.5 3.7939
128.5 41.5 3.97361
129 41.5 3.8334
129.5 41.5 3.96395
130 41.5 3.8845
130.5 41.5 3.90601
131 41.5 3.89743
131.5 41.5 3.7734
132 41.5 3.78842
132.5 41.5 3.86729
133 41.5 3.85908
85 42 4.13059
85.5 42 4.07804
86 42 4.0591
86.5 42 3.94805
87 42 4.01926
87.5 42 4.04206
88 42 4.205
88.5 42 3.98906
89 42 4.07111
89.5 42 3.99117
90 42 3.91516
90.5 42 3.94834
91 42 4.03309
91.5 42 4.04848
92 42 4.0428
92.5 42 4.01609
93 42 3.91178
93.5 42 4.579
94 42 4.15046
94.5 42 3.97307
95 42 4.08241
95.5 42 3.99389
96 42 4.0524
96.5 42 4.0719
97 42 3.98801
97.5 42 4.08569
98 42 3.94518
98.5 42 4.0312
99 42 4.14865
99.5 42 3.91373
100 42 3.98859
100.5 42 3.98574
101 42 3.89044
101.5 42 4.07743
102 42 3.86535
102.5 42 3.95735
103 42 4.09824
103.5 42 4.6327
104 42 3.94669
104.5 42 3.93286
105 42 4.00754
105.5 42 3.97555
106 42 4.03344
106.5 42 4.01242
107 42 3.78901
107.5 42 3.88008
108 42 4.03834
108.5 42 4.1981
109 42 4.3339
109.5 42 4.382
110 42 3.89788
110.5 42 4.2023
111 42 4.5795
111.5 42 4.03411
112 42 4.08025
112.5 42 4.02146
113 42 3.9854
113.5 42 4.3268
114 42 4.1333
114.5 42 3.80627
115 42 3.96653
115.5 42 3.96326
116 42 3.88762
116.5 42 3.95346
117 42 3.9271
117.5 42 3.90714
118 42 3.80219
118.5 42 3.83222
119 42 3.99493
119.5 42 3.87832
120 42 3.92651
120.5 42 3.91161
121 42 4.02266
121.5 42 3.93733
122 42 4.10994
122.5 42 4.10985
123 42 4.06503
123.5 42 4.09329
124 42 3.85175
124.5 42 3.94176
125 42 3.91779
125.5 42 3.88458
126 42 3.83499
126.5 42 3.95385
127 42 3.97786
127.5 42 3.92665
128 42 4.03921
128.5 42 3.92501
129 42 3.89097
129.5 42 4.16156
130 42 4.0445
130.5 42 3.93146
131 42 3.88278
131.5 42 3.90187
132 42 3.91896
132.5 42 3.90376
133 42 3.88587
85 42.5 4.02341
85.5 42.5 4.08474
86 42.5 4.00408
86.5 42.5 4.00734
87 42.5 4.03273
87.5 42.5 4.11594
88 42.5 3.9937
88.5 42.5 4.04527
89 42.5 4.05486
89.5 42.5 4.10214
90 42.5 4.07424
90.5 42.5 3.86732
91 42.5 3.95798
91.5 42.5 3.97749
92 42.5 4.0705
92.5 42.5 3.98756
93 42.5 3.89764
93.5 42.5 3.8791
94 42.5 4.06996
94.5 42.5 4.36
95 42.5 3.98794
95.5 42.5 3.97214
96 42.5 4.15183
96.5 42.5 4.12469
97 42.5 3.97929
97.5 42.5 3.86663
98 42.5 4.0723
98.5 42.5 4.4067
99 42.5 3.95547
99.5 42.5 3.91382
100 42.5 4.00163
100.5 42.5 4.08422
101 42.5 4.03309
101.5 42.5 3.92674
102 42.5 4.01963
102.5 42.5 3.94951
103 42.5 4.00337
103.5 42.5 3.87367
104 42.5 3.71636
104.5 42.5 3.83673
105 42.5 4.05822
105.5 42.5 4.1917
106 42.5 4.09896
106.5 42.5 3.92897
107 42.5 3.94384
107.5 42.5 4.05182
108 42.5 4.5077
108.5 42.5 3.93027
109 42.5 4.3856
109.5 42.5 4.3453
110 42.5 4.1513
110.5 42.5 4.17925
111 42.5 4.05791
111.5 42.5 4.10554
112 42.5 3.96981
112.5 42.5 4.04006
113 42.5 3.99805
113.5 42.5 4.01003
114 42.5 3.70532
114.5 42.5 4.12434
115 42.5 3.73481
115.5 42.5 3.95893
116 42.5 3.93242
116.5 42.5 3.91174
117 42.5 3.7794
117.5 42.5 4.2835
118 42.5 3.97574
118.5 42.5 3.90672
119 42.5 3.98647
119.5 42.5 3.92191
120 42.5 4.01229
120.5 42.5 3.90002
121 42.5 4.00986
121.5 42.5 3.96901
122 42.5 4.00759
122.5 42.5 4.15195
123 42.5 3.97286
123.5 42.5 4.2608
124 42.5 3.95214
124.5 42.5 4.3401
125 42.5 3.91059
125.5 42.5 3.8463
126 42.5 3.89914
126.5 42.5 3.91793
127 42.5 4.03483
127.5 42.5 3.87688
128 42.5 4.0088
128.5 42.5 3.84992
129 42.5 3.774
129.5 42.5 3.84901
130 42.5 3.96602
130.5 42.5 4.00534
131 42.5 3.90907
131.5 42.5 3.91052
132 42.5 3.93626
132.5 42.5 3.87296
133 42.5 3.88955
85 43 3.91773
85.5 43 3.95081
86 43 4.09237
86.5 43 3.84486
87 43 4.0021
87.5 43 4.20222
88 43 4.4758
88.5 43 3.9906
89 43 3.91596
89.5 43 4.12601
90 43 3.99904
90.5 43 4.07949
91 43 4.117
91.5 43 3.97999
92 43 3.91586
92.5 43 3.87621
93 43 4.01034
93.5 43 4.1953
94 43 3.97299
94.5 43 4.00285
95 43 4.23373
95.5 43 3.9845
96 43 4.01757
96.5 43 3.97591
97 43 4.10239
97.5 43 4.4946
98 43 4.5327
98.5 43 3.89986
99 43 4.00405
99.5 43 4.00742
100 43 3.85851
100.5 43 3.78444
101 43 3.94246
101.5 43 3.94012
102 43 3.95454
102.5 43 4.03908
103 43 4.3501
103.5 43 3.85564
104 43 4.12745
104.5 43 4.2117
105 43 3.99696
105.5 43 3.82373
106 43 3.88677
106.5 43 4.01875
107 43 4.08994
107.5 43 4.12997
108 43 4.15637
108.5 43 3.8662
109 43 4.10673
109.5 43 3.8547
110 43 4.2386
110.5 43 3.90438
111 43 4.03441
111.5 43 3.90147
112 43 3.84666
112.5 43 3.85146
113 43 4.3825
113.5 43 3.81445
114 43 4.01973
114.5 43 3.87841
115 43 3.86502
115.5 43 4.02178
116 43 3.97643
116.5 43 4.00997
117 43 3.8782
117.5 43 4.1909
118 43 3.9079
118.5 43 3.98859
119 43 3.95835
119.5 43 4.04244
120 43 4.6644
120.5 43 4.00436
121 43 4.09505
121.5 43 4.07226
122 43 4.4011
122.5 43 3.90467
123 43 3.99223
123.5 43 4.03769
124 43 3.96325
124.5 43 4.01886
125 43 4.02728
125.5 43 3.92584
126 43 4.07712
126.5 43 4.0288
127 43 3.93585
127.5 43 3.8545
128 43 3.97364
128.5 43 3.97736
129 43 4.0181
129.5 43 3.90901
130 43 3.89336
130.5 43 3.93802
131 43 3.94224
131.5 43 4.00296
132 43 3.89456
132.5 43 3.99946
133 43 3.95086
85 43.5 4.01105
85.5 43.5 3.82189
86 43.5 3.89382
86.5 43.5 3.98212
87 43.5 3.8795
87.5 43.5 3.95378
88 43.5 4.0057
88.5 43.5 3.90791
89 43.5 3.987
89.5 43.5 4.00561
90 43.5 3.90658
90.5 43.5 3.92899
91 43.5 4.0302
91.5 43.5 3.92193
92 43.5 3.88035
92.5 43.5 4.01167
93 43.5 4.0815
93.5 43.5 4.4634
94 43.5 3.97534
94.5 43.5 4.01325
95 43.5 4.4238
95.5 43.5 4.2357
96 43.5 3.85547
96.5 43.5 4.02287
97 43.5 4.11598
97.5 43.5 4.2376
98 43.5 3.99898
98.5 43.5 4.00132
99 43.5 3.91966
99.5 43.5 4.241
100 43.5 3.80508
100.5 43.5 4.22528
101 43.5 4.11553
101.5 43.5 4.02034
102 43.5 4.3736
102.5 43.5 4.02098
103 43.5 4.3237
103.5 43.5 3.99066
104 43.5 4.1413
104.5 43.5 3.96025
105 43.5 4.01062
105.5 43.5 3.98161
106 43.5 4.05149
106.5 43.5 4.0111
107 43.5 4.06502
107.5 43.5 3.87113
108 43.5 4.2068
108.5 43.5 3.87104
109 43.5 3.9845
109.5 43.5 4.4156
110 43.5 4.2715
110.5 43.5 3.88479
111 43.5 4.2683
111.5 43.5 3.72358
112 43.5 4.17858
112.5 43.5 4.09087
113 43.5 3.89573
113.5 43.5 3.84895
114 43.5 3.93405
114.5 43.5 3.83891
115 43.5 4.02685
115.5 43.5 3.80628
116 43.5 3.87644
116.5 43.5 3.96777
117 43.5 3.94658
117.5 43.5 3.93242
118 43.5 3.93191
118.5 43.5 4.08388
119 43.5 4.03316
119.5 43.5 4.08419
120 43.5 4.10648
120.5 43.5 4.10897
121 43.5 4.13281
121.5 43.5 4.12306
122 43.5 4.13635
122.5 43.5 4.08273
123 43.5 4.10043
123.5 43.5 4.1576
124 43.5 4.06594
124.5 43.5 4.07677
125 43.5 4.02024
125.5 43.5 3.8945
126 43.5 4.09534
126.5 43.5 4.06706
127 43.5 4.05574
127.5 43.5 3.7763
128 43.5 4.0141
128.5 43.5 3.99149
129 43.5 3.80301
129.5 43.5 3.75472
130 43.5 4.03793
130.5 43.5 4.05547
131 43.5 3.97023
131.5 43.5 3.91587
132 43.5 3.9195
132.5 43.5 3.89011
133 43.5 3.94217
85 44 4.3261
85.5 44 3.86847
86 44 3.81849
86.5 44 3.97102
87 44 3.85393
87.5 44 3.96775
88 44 3.89179
88.5 44 4.05254
89 44 3.99513
89.5 44 4.05938
90 44 4.07491
90.5 44 4.01661
91 44 3.95245
91.5 44 4.03992
92 44 4.009
92.5 44 4.0101
93 44 4.28105
93.5 44 4.25538
94 44 3.88523
94.5 44 3.85595
95 44 4.0023
95.5 44 4.03124
96 44 3.90741
96.5 44 3.96002
97 44 3.9171
97.5 44 4.00319
98 44 3.98175
98.5 44 4.08833
99 44 4.02147
99.5 44 3.86017
100 44 3.87421
100.5 44 3.92668
101 44 3.97246
101.5 44 3.91449
102 44 4.10942
102.5 44 4.05021
103 44 3.88723
103.5 44 4.3419
104 44 3.97194
104.5 44 3.93101
105 44 4.03869
105.5 44 3.78082
106 44 3.79068
106.5 44 3.89637
107 44 4.16237
107.5 44 4.5461
108 44 4.4726
108.5 44 3.97669
109 44 4.1933
109.5 44 4.05148
110 44 4.03846
110.5 44 4.13967
111 44 4.0732
111.5 44 3.94645
112 44 4.591
112.5 44 4.3784
113 44 4.3015
113.5 44 3.83545
114 44 4.03989
114.5 44 4.05597
115 44 3.91538
115.5 44 3.79504
116 44 3.83913
116.5 44 3.82584
117 44 3.98528
117.5 44 3.94894
118 44 4.05251
118.5 44 4.04313
119 44 4.12816
119.5 44 4.11213
120 44 4.15834
120.5 44 4.16058
121 44 4.16178
121.5 44 4.12653
122 44 4.12727
122.5 44 4.13571
123 44 4.10896
123.5 44 4.15668
124 44 4.05422
124.5 44 4.06525
125 44 4.06837
125.5 44 3.97606
126 44 4.10891
126.5 44 4.06543
127 44 4.00636
127.5 44 3.8509
128 44 4.0881
128.5 44 4.02064
129 44 4.0103
129.5 44 4.03113
130 44 4.05663
130.5 44 3.79919
131 44 4.0358
131.5 44 3.90608
132 44 4.0545
132.5 44 4.2005
133 44 4.1892
85 44.5 4.12718
85.5 44.5 4.15415
86 44.5 3.80954
86.5 44.5 3.94595
87 44.5 4.00289
87.5 44.5 3.87525
88 44.5 3.9545
88.5 44.5 3.90211
89 44.5 4.1586
89.5 44.5 3.95802
90 44.5 3.97395
90.5 44.5 4.08982
91 44.5 3.80272
91.5 44.5 3.94269
92 44.5 3.91713
92.5 44.5 3.86882
93 44.5 4.3951
93.5 44.5 4.094
94 44.5 4.18905
94.5 44.5 4.05178
95 44.5 4.4485
95.5 44.5 4.2309
96 44.5 3.87209
96.5 44.5 4.06306
97 44.5 4.05291
97.5 44.5 3.96867
98 44.5 4.02436
98.5 44.5 3.85644
99 44.5 3.86934
99.5 44.5 3.96947
100 44.5 4.04814
100.5 44.5 3.92668
101 44.5 3.93575
101.5 44.5 4.2641
102 44.5 4.01676
102.5 44.5 4.04331
103 44.5 3.89985
103.5 44.5 4.01225
104 44.5 3.95364
104.5 44.5 4.03692
105 44.5 4.21094
105.5 44.5 3.95208
106 44.5 4.4609
106.5 44.5 3.99204
107 44.5 4.5514
107.5 44.5 3.92367
108 44.5 4.4141
108.5 44.5 4.16026
109 44.5 3.97682
109.5 44.5 3.80015
110 44.5 3.92172
110.5 44.5 4.3013
111 44.5 3.95904
111.5 44.5 4.03239
112 44.5 4.388
112.5 44.5 4.18338
113 44.5 4.4841
113.5 44.5 3.83004
114 44.5 3.97029
114.5 44.5 3.86036
115 44.5 3.88928
115.5 44.5 3.73512
116 44.5 3.92845
116.5 44.5 3.95586
117 44.5 3.9745
117.5 44.5 3.91489
118 44.5 4.01715
118.5 44.5 4.0169
119 44.5 4.05518
119.5 44.5 4.02462
120 44.5 4.16923
120.5 44.5 4.11571
121 44.5 4.13461
121.5 44.5 4.16673
122 44.5 4.10828
122.5 44.5 4.03033
123 44.5 4.0936
123.5 44.5 4.09576
124 44.5 4.00477
124.5 44.5 4.09509
125 44.5 4.01927
125.5 44.5 4.04045
126 44.5 3.98167
126.5 44.5 4.04495
127 44.5 4.0337
127.5 44.5 4.12983
128 44.5 4.07349
128.5 44.5 4.08641
129 44.5 4.01207
129.5 44.5 3.87309
130 44.5 3.96394
130.5 44.5 4.1299
131 44.5 3.8775
131.5 44.5 3.84268
132 44.5 3.78959
132.5 44.5 3.82965
133 44.5 3.9066
85 45 3.8397
85.5 45 3.86925
86 45 4.06462
86.5 45 4.4852
87 45 4.04584
87.5 45 3.93094
88 45 4.1791
88.5 45 4.2563
89 45 3.91363
89.5 45 3.97506
90 45 4.03393
90.5 45 4.05443
91 45 3.92989
91.5 45 4.3291
92 45 3.95276
92.5 45 4.02084
93 45 4.279
93.5 45 3.91174
94 45 3.91507
94.5 45 4.0786
95 45 4.07342
95.5 45 4.14501
96 45 4.02042
96.5 45 4.00344
97 45 4.07035
97.5 45 3.84147
98 45 3.81456
98.5 45 4.1418
99 45 4.02623
99.5 45 4.0857
100 45 3.94531
100.5 45 4.2558
101 45 3.80988
101.5 45 4.00733
102 45 4.00493
102.5 45 3.96159
103 45 4.03617
103.5 45 4.13494
104 45 4.04407
104.5 45 4.15092
105 45 4.16672
105.5 45 4.5742
106 45 3.83984
106.5 45 3.83239
107 45 4.07172
107.5 45 3.8094
108 45 4.5834
108.5 45 3.95706
109 45 3.70638
109.5 45 4.466
110 45 4.05968
110.5 45 4.0982
111 45 4.1721
111.5 45 4.09345
112 45 4.04234
112.5 45 4.12212
113 45 3.98075
113.5 45 3.99552
114 45 4.08251
114.5 45 3.81882
115 45 3.9539
115.5 45 3.97185
116 45 4.1876
116.5 45 3.98753
117 45 4.07814
117.5 45 3.92595
118 45 3.9029
118.5 45 4.07681
119 45 4.08521
119.5 45 4.14945
120 45 4.02261
120.5 45 4.00697
121 45 4.13534
121.5 45 4.16785
122 45 4.03888
122.5 45 4.07334
123 45 4.06145
123.5 45 4.05821
124 45 4.06362
124.5 45 4.0621
125 45 3.9194
125.5 45 3.94012
126 45 4.06397
126.5 45 4.10209
127 45 4.0854
127.5 45 4.07496
128 45 4.03734
128.5 45 4.10238
129 45 4.08904
129.5 45 4.05486
130 45 3.97834
130.5 45 3.83006
131 45 3.74571
131.5 45 4.08226
132 45 3.9612
132.5 45 4.1141
133 45 3.9833
85 45.5 4.4354
85.5 45.5 4.02442
86 45.5 4.10416
86.5 45.5 3.87761
87 45.5 3.8864
87.5 45.5 3.91471
88 45.5 3.97969
88.5 45.5 4.378
89 45.5 4.4811
89.5 45.5 3.9939
90 45.5 3.91265
90.5 45.5 4.02234
91 45.5 4.2993
91.5 45.5 4.02377
92 45.5 3.9199
92.5 45.5 3.98653
93 45.5 3.97635
93.5 45.5 3.88907
94 45.5 3.86259
94.5 45.5 3.92212
95 45.5 3.88631
95.5 45.5 3.90628
96 45.5 4.43818
96.5 45.5 3.88502
97 45.5 3.8566
97.5 45.5 4.03003
98 45.5 3.88121
98.5 45.5 3.93049
99 45.5 3.97916
99.5 45.5 4.2564
100 45.5 3.79588
100.5 45.5 3.86987
101 45.5 3.94969
101.5 45.5 3.97474
102 45.5 3.92239
102.5 45.5 4.13611
103 45.5 3.95701
103.5 45.5 4.0057
104 45.5 4.14819
104.5 45.5 3.99233
105 45.5 3.84756
105.5 45.5 3.86852
106 45.5 3.78909
106.5 45.5 3.70575
107 45.5 3.75796
107.5 45.5 4.5693
108 45.5 3.96697
108.5 45.5 3.73501
109 45.5 3.81169
109.5 45.5 4.13474
110 45.5 3.87856
110.5 45.5 4.12371
111 45.5 3.92951
111.5 45.5 4.12203
112 45.5 3.90524
112.5 45.5 4.04351
113 45.5 4.03245
113.5 45.5 3.98472
114 45.5 4.4838
114.5 45.5 4.031
115 45.5 3.90583
115.5 45.5 3.93364
116 45.5 4.06562
116.5 45.5 4.02866
117 45.5 4.046
117.5 45.5 4.07714
118 45.5 3.95872
118.5 45.5 4.05403
119 45.5 4.11439
119.5 45.5 4.1215
120 45.5 4.0706
120.5 45.5 4.05741
121 45.5 3.96401
121.5 45.5 4.12699
122 45.5 4.0819
122.5 45.5 3.9819
123 45.5 4.07486
123.5 45.5 4.0831
124 45.5 4.01156
124.5 45.5 4.00705
125 45.5 4.06113
125.5 45.5 3.96403
126 45.5 4.05874
126.5 45.5 4.04889
127 45.5 4.12321
127.5 45.5 4.10027
128 45.5 4.02613
128.5 45.5 4.02085
129 45.5 4.04095
129.5 45.5 4.03503
130 45.5 4.06967
130.5 45.5 3.9106
131 45.5 3.92604
131.5 45.5 4.08273
132 45.5 4.1127
132.5 45.5 4.1774
133 45.5 4.3052
85 46 4.05043
85.5 46 4.0172
86 46 4.01561
86.5 46 3.88774
87 46 4.02519
87.5 46 3.97595
88 46 4.06716
88.5 46 4.01721
89 46 3.86819
89.5 46 4.06078
90 46 4.08622
90.5 46 3.97065
91 46 3.75381
91.5 46 3.91305
92 46 4.1808
92.5 46 3.89449
93 46 4.3281
93.5 46 3.99799
94 46 3.95067
94.5 46 3.90611
95 46 3.99856
95.5 46 3.7563
96 46 3.83826
96.5 46 4.24635
97 46 4.1291
97.5 46 3.74652
98 46 3.74166
98.5 46 3.81024
99 46 3.94561
99.5 46 3.92059
100 46 4.2573
100.5 46 3.90595
101 46 3.77311
101.5 46 4.00886
102 46 3.97446
102.5 46 4.4872
103 46 3.80937
103.5 46 3.82459
104 46 3.8516
104.5 46 3.88439
105 46 4.34602
105.5 46 4.363
106 46 3.662
106.5 46 3.61266
107 46 3.65374
107.5 46 3.82236
108 46 3.97084
108.5 46 4.2999
109 46 3.85543
109.5 46 4.3039
110 46 4.16426
110.5 46 4.09488
111 46 3.95016
111.5 46 4.23224
112 46 3.86119
112.5 46 4.13222
113 46 4.2499
113.5 46 3.6789
114 46 4.03231
114.5 46 3.93327
115 46 3.93837
115.5 46 3.79506
116 46 3.84534
116.5 46 4.03359
117 46 4.08997
117.5 46 4.05097
118 46 4.10441
118.5 46 3.90142
119 46 4.03855
119.5 46 4.10107
120 46 4.09988
120.5 46 4.06399
121 46 4.10643
121.5 46 3.99965
122 46 4.06337
122.5 46 4.0485
123 46 4.09647
123.5 46 4.11061
124 46 4.04514
124.5 46 3.95157
125 46 4.03928
125.5 46 4.08549
126 46 4.03565
126.5 46 4.08095
127 46 4.04443
127.5 46 4.07447
128 46 4.02278
128.5 46 3.9635
129 46 3.95791
129.5 46 4.01335
130 46 4.0643
130.5 46 3.94272
131 46 3.91333
131.5 46 3.90046
132 46 4.06918
132.5 46 3.763
133 46 4.0082
85 46.5 3.87197
85.5 46.5 4.00991
86 46.5 4.02974
86.5 46.5 4.0158
87 46.5 4.04358
87.5 46.5 4.04351
88 46.5 4.00445
88.5 46.5 4.03398
89 46.5 3.99888
89.5 46.5 3.96101
90 46.5 3.90705
90.5 46.5 3.94284
91 46.5 3.83431
91.5 46.5 4.18513
92 46.5 4.2901
92.5 46.5 3.7071
93 46.5 3.81283
93.5 46.5 3.90219
94 46.5 4.10086
94.5 46.5 4.07552
95 46.5 3.85511
95.5 46.5 4.19566
96 46.5 3.93443
96.5 46.5 4.00186
97 46.5 3.80491
97.5 46.5 4.2805
98 46.5 3.7999
98.5 46.5 3.92087
99 46.5 4.18584
99.5 46.5 4.0851
100 46.5 3.73525
100.5 46.5 3.91198
101 46.5 4.12909
101.5 46.5 3.98844
102 46.5 3.70841
102.5 46.5 3.70815
103 46.5 4.07158
103.5 46.5 3.77004
104 46.5 3.66308
104.5 46.5 4.02028
105 46.5 4.02907
105.5 46.5 3.82166
106 46.5 4.06794
106.5 46.5 3.7111
107 46.5 3.93527
107.5 46.5 3.87686
108 46.5 3.84253
108.5 46.5 4.32665
109 46.5 4.33247
109.5 46.5 4.2992
110 46.5 4.2982
110.5 46.5 4.07942
111 46.5 4.07608
111.5 46.5 4.20094
112 46.5 4.1942
112.5 46.5 4.11292
113 46.5 4.10875
113.5 46.5 3.596
114 46.5 3.84492
114.5 46.5 3.831
115 46.5 4.29973
115.5 46.5 3.90503
116 46.5 3.97231
116.5 46.5 3.85094
117 46.5 3.98583
117.5 46.5 4.04213
118 46.5 4.02827
118.5 46.5 4.05373
119 46.5 4.12281
119.5 46.5 4.2579
120 46.5 4.07191
120.5 46.5 4.08178
121 46.5 3.95991
121.5 46.5 4.02722
122 46.5 4.0276
122.5 46.5 4.14235
123 46.5 4.15073
123.5 46.5 4.09371
124 46.5 4.08037
124.5 46.5 3.99331
125 46.5 4.02994
125.5 46.5 4.04121
126 46.5 4.03854
126.5 46.5 4.05015
127 46.5 4.00519
127.5 46.5 3.98861
128 46.5 3.98906
128.5 46.5 4.03263
129 46.5 4.01709
129.5 46.5 4.04581
130 46.5 4.02514
130.5 46.5 4.00723
131 46.5 4.02076
131.5 46.5 4.00101
132 46.5 3.96981
132.5 46.5 3.9008
133 46.5 3.78545
85 47 3.82406
85.5 47 3.80974
86 47 3.7954
86.5 47 4.03138
87 47 3.76669
87.5 47 4.06226
88 47 4.14152
88.5 47 4.0851
89 47 4.06304
89.5 47 4.06483
90 47 3.95549
90.5 47 4.07771
91 47 3.86495
91.5 47 4.0305
92 47 3.80524
92.5 47 3.89642
93 47 3.75378
93.5 47 3.68985
94 47 3.8373
94.5 47 3.81142
95 47 3.78824
95.5 47 3.80219
96 47 4.0447
96.5 47 3.77007
97 47 3.63661
97.5 47 3.92944
98 47 4.1739
98.5 47 3.93797
99 47 4.3816
99.5 47 3.76588
100 47 3.76052
100.5 47 3.76588
101 47 3.98436
101.5 47 3.98504
102 47 3.98436
102.5 47 3.73574
103 47 3.89574
103.5 47 4.31665
104 47 3.76843
104.5 47 3.99631
105 47 4.01398
105.5 47 3.83704
106 47 3.84032
106.5 47 3.74041
107 47 3.74659
107.5 47 3.88813
108 47 3.89042
108.5 47 3.89557
109 47 3.88669
109.5 47 4.2948
110 47 3.75844
110.5 47 4.06392
111 47 3.95162
111.5 47 4.16973
112 47 3.88579
112.5 47 4.09361
113 47 3.66905
113.5 47 3.86037
114 47 3.94125
114.5 47 4.09692
115 47 4.10702
115.5 47 3.9825
116 47 4.00344
116.5 47 3.83466
117 47 3.95074
117.5 47 4.12465
118 47 4.05337
118.5 47 3.95505
119 47 3.91141
119.5 47 3.80056
120 47 4.06739
120.5 47 4.01758
121 47 3.97514
121.5 47 3.95888
122 47 4.09047
122.5 47 4.01879
123 47 4.08471
123.5 47 4.15331
124 47 4.15788
124.5 47 4.15164
125 47 3.98091
125.5 47 3.91041
126 47 4.09131
126.5 47 4.07497
127 47 4.00008
127.5 47 3.91546
128 47 3.96563
128.5 47 3.99816
129 47 4.05163
129.5 47 4.09982
130 47 3.99133
130.5 47 3.96736
131 47 3.97928
131.5 47 3.84228
132 47 4.00731
132.5 47 3.85121
133 47 3.92161
85 47.5 3.89938
85.5 47.5 3.89307
86 47.5 3.8867
86.5 47.5 3.79216
87 47.5 3.87384
87.5 47.5 4.4568
88 47.5 3.83169
88.5 47.5 3.89604
89 47.5 3.80987
89.5 47.5 3.72108
90 47.5 3.91205
90.5 47.5 3.70657
91 47.5 3.74645
91.5 47.5 4.4553
92 47.5 4.08542
92.5 47.5 3.77151
93 47.5 4.02152
93.5 47.5 3.83882
94 47.5 3.92748
94.5 47.5 3.99063
95 47.5 4.02934
95.5 47.5 3.86761
96 47.5 3.82474
96.5 47.5 3.79112
97 47.5 3.79549
97.5 47.5 3.93378
98 47.5 3.93463
98.5 47.5 3.9422
99 47.5 3.94302
99.5 47.5 3.8852
100 47.5 3.89106
100.5 47.5 4.08808
101 47.5 4.0903
101.5 47.5 3.98159
102 47.5 3.90898
102.5 47.5 3.90537
103 47.5 4.1097
103.5 47.5 4.1057
104 47.5 4.1097
104.5 47.5 3.99211
105 47.5 3.99125
105.5 47.5 3.98916
106 47.5 4.04342
106.5 47.5 3.76922
107 47.5 3.93996
107.5 47.5 3.89873
108 47.5 3.89989
108.5 47.5 3.90304
109 47.5 3.90737
109.5 47.5 3.84907
110 47.5 3.7867
110.5 47.5 4.04846
111 47.5 3.95227
111.5 47.5 4.13879
112 47.5 3.72549
112.5 47.5 3.70243
113 47.5 3.68093
113.5 47.5 3.66325
114 47.5 4.07772
114.5 47.5 3.78136
115 47.5 3.70782
115.5 47.5 4.07311
116 47.5 4.00153
116.5 47.5 4.2986
117 47.5 4.00625
117.5 47.5 3.9951
118 47.5 4.10826
118.5 47.5 4.08392
119 47.5 4.08146
119.5 47.5 3.85953
120 47.5 3.87101
120.5 47.5 4.05729
121 47.5 4.05865
121.5 47.5 3.90822
122 47.5 3.88639
122.5 47.5 3.97998
123 47.5 4.02016
123.5 47.5 3.95525
124 47.5 3.94695
124.5 47.5 4.09999
125 47.5 4.02802
125.5 47.5 3.87259
126 47.5 3.83657
126.5 47.5 4.1287
127 47.5 3.93691
127.5 47.5 3.89229
128 47.5 3.99813
128.5 47.5 4.0846
129 47.5 3.95613
129.5 47.5 3.81148
130 47.5 4.05125
130.5 47.5 4.10129
131 47.5 3.87955
131.5 47.5 3.94672
132 47.5 4.2787
132.5 47.5 4.4251
133 47.5 4.3448
85 48 3.90088
85.5 48 3.89521
86 48 3.88978
86.5 48 3.8853
87 48 3.85492
87.5 48 4.4285
88 48 3.85492
88.5 48 3.90326
89 48 3.9047
89.5 48 3.74736
90 48 3.75276
90.5 48 3.73453
91 48 3.74027
91.5 48 4.4271
92 48 4.4215
92.5 48 3.79253
93 48 3.79681
93.5 48 3.85276
94 48 3.85564
94.5 48 3.988
95 48 3.98742
95.5 48 3.87928
96 48 3.8816
96.5 48 3.88688
97 48 3.70755
97.5 48 3.93771
98 48 3.8136
98.5 48 3.94586
99 48 3.89475
99.5 48 3.89603
100 48 3.89946
100.5 48 3.9042
101 48 4.07098
101.5 48 3.91763
102 48 3.9145
102.5 48 3.91221
103 48 3.91137
103.5 48 3.75625
104 48 3.81119
104.5 48 3.98785
105 48 3.98735
105.5 48 3.98604
106 48 3.98417
106.5 48 3.79757
107 48 3.94227
107.5 48 3.90872
108 48 3.90946
108.5 48 3.91151
109 48 3.91462
109.5 48 3.86909
110 48 3.81485
110.5 48 4.03302
111 48 3.95291
111.5 48 3.76363
112 48 3.74275
112.5 48 3.72377
113 48 3.8287
113.5 48 3.81678
114 48 3.80703
114.5 48 3.80269
115 48 4.7587
115.5 48 4.13144
116 48 3.67362
116.5 48 4.00339
117 48 4.02129
117.5 48 4.12749
118 48 3.98977
118.5 48 4.07427
119 48 4.02329
119.5 48 3.97236
120 48 4.09087
120.5 48 4.3583
121 48 4.4915
121.5 48 3.97025
122 48 4.02966
122.5 48 3.92722
123 48 4.09063
123.5 48 4.11011
124 48 4.04781
124.5 48 3.91714
125 48 3.9302
125.5 48 4.3432
126 48 4.10506
126.5 48 4.0693
127 48 3.89587
127.5 48 3.82831
128 48 4.02109
128.5 48 4.03606
129 48 4.03741
129.5 48 4.1053
130 48 3.76024
130.5 48 3.85712
131 48 4.01104
131.5 48 3.78853
132 48 3.76291
132.5 48 3.96842
133 48 4.15182
85 48.5 3.90529
85.5 48.5 3.90058
86 48.5 3.89661
86.5 48.5 3.89385
87 48.5 3.89283
87.5 48.5 3.86818
88 48.5 3.86029
88.5 48.5 3.91025
89 48.5 3.84277
89.5 48.5 3.77365
90 48.5 3.92246
90.5 48.5 3.76244
91 48.5 3.79361
91.5 48.5 4.4007
92 48.5 4.05837
92.5 48.5 3.81339
93 48.5 4.00836
93.5 48.5 3.86655
94 48.5 3.93873
94.5 48.5 3.98506
95 48.5 4.01562
95.5 48.5 3.89047
96 48.5 3.89165
96.5 48.5 3.89491
97 48.5 3.89949
97.5 48.5 3.94131
98 48.5 3.83515
98.5 48.5 3.94895
99 48.5 3.90583
99.5 48.5 3.90663
100 48.5 3.90882
100.5 48.5 3.91217
101 48.5 4.0517
101.5 48.5 3.92307
102 48.5 3.92078
102.5 48.5 3.91923
103 48.5 3.91875
103.5 48.5 3.78611
104 48.5 3.83218
104.5 48.5 3.98349
105 48.5 3.98318
105.5 48.5 3.98222
106 48.5 3.98081
106.5 48.5 3.8253
107 48.5 3.94457
107.5 48.5 3.91811
108 48.5 3.91859
108.5 48.5 3.92006
109 48.5 3.92243
109.5 48.5 3.92536
110 48.5 3.84285
110.5 48.5 4.01756
111 48.5 3.9535
111.5 48.5 3.87319
112 48.5 3.86174
112.5 48.5 3.8507
113 48.5 3.84053
113.5 48.5 4.6079
114 48.5 4.6443
114.5 48.5 4.675
115 48.5 4.10762
115.5 48.5 4.11161
116 48.5 3.98212
116.5 48.5 3.77557
117 48.5 4.13386
117.5 48.5 4.00386
118 48.5 4.04489
118.5 48.5 4.16969
119 48.5 4.3473
119.5 48.5 4.3735
120 48.5 4.00616
120.5 48.5 4.09036
121 48.5 4.11845
121.5 48.5 3.94504
122 48.5 4.05456
122.5 48.5 4.3029
123 48.5 4.0426
123.5 48.5 4.06546
124 48.5 4.2719
124.5 48.5 4.27735
125 48.5 4.0784
125.5 48.5 3.89689
126 48.5 4.06416
126.5 48.5 3.8611
127 48.5 3.98254
127.5 48.5 3.99613
128 48.5 4.02418
128.5 48.5 4.40277
129 48.5 4.145
129.5 48.5 4.11837
130 48.5 3.74652
130.5 48.5 3.79895
131 48.5 3.79674
131.5 48.5 3.72961
132 48.5 3.81066
132.5 48.5 3.96717
133 48.5 3.96693
85 49 3.91144
85.5 49 3.90771
86 49 3.90475
86.5 49 3.90282
87 49 3.90214
87.5 49 3.8832
88 49 3.87442
88.5 49 3.91709
89 49 3.85909
89.5 49 3.79986
90 49 3.92753
90.5 49 3.79028
91 49 3.81704
91.5 49 4.3763
92 49 4.04448
92.5 49 3.83417
93 49 4.00135
93.5 49 3.88004
94 49 3.94324
94.5 49 3.98179
95 49 4.0082
95.5 49 3.90127
96 49 3.902
96.5 49 3.90422
97 49 3.90752
97.5 49 3.94456
98 49 3.85619
98.5 49 3.95145
99 49 3.91597
99.5 49 3.91653
100 49 3.91811
100.5 49 3.92053
101 49 3.93117
101.5 49 3.92893
102 49 3.92722
102.5 49 3.9261
103 49 3.92574
103.5 49 3.81515
104 49 3.85298
104.5 49 3.97912
105 49 3.97884
105.5 49 3.9781
106 49 3.97697
106.5 49 3.97545
107 49 3.94688
107.5 49 3.92687
108 49 3.92725
108.5 49 3.92833
109 49 3.93012
109.5 49 3.93241
110 49 3.87097
110.5 49 4.00216
111 49 3.89353
111.5 49 3.88308
112 49 3.95604
112.5 49 3.95397
113 49 3.95135
113.5 49 3.94826
114 49 4.5976
114.5 49 4.6159
115 49 3.97773
115.5 49 3.97897
116 49 3.79987
116.5 49 4.16421
117 49 4.01305
117.5 49 3.92795
118 49 4.04037
118.5 49 4.10127
119 49 4.10847
119.5 49 4.3619
120 49 3.95975
120.5 49 3.97938
121 49 4.00272
121.5 49 3.85435
122 49 4.15446
122.5 49 4.3567
123 49 4.09714
123.5 49 4.07806
124 49 3.98384
124.5 49 3.87976
125 49 4.06352
125.5 49 4.00415
126 49 4.1343
126.5 49 4.01739
127 49 4.03474
127.5 49 3.88101
128 49 4.13607
128.5 49 4.4575
129 49 4.4293
129.5 49 3.94815
130 49 3.69339
130.5 49 3.81686
131 49 3.8204
131.5 49 3.75424
132 49 3.7592
132.5 49 3.77049
133 49 4.10779
85 49.5 3.91855
85.5 49.5 3.91556
86 49.5 3.91328
86.5 49.5 3.91182
87 49.5 3.91134
87.5 49.5 3.89704
88 49.5 3.88835
88.5 49.5 3.92387
89 49.5 3.8754
89.5 49.5 3.82604
90 49.5 3.93243
90.5 49.5 3.81802
91 49.5 3.84041
91.5 49.5 3.86067
92 49.5 4.0303
92.5 49.5 3.85479
93 49.5 3.99422
93.5 49.5 3.89332
94 49.5 3.94706
94.5 49.5 3.97822
95 49.5 4.00032
95.5 49.5 3.91154
96 49.5 3.91208
96.5 49.5 3.91365
97 49.5 3.91621
97.5 49.5 3.91945
98 49.5 3.87675
98.5 49.5 3.95344
99 49.5 3.92541
99.5 49.5 3.92577
100 49.5 3.92696
100.5 49.5 3.92877
101 49.5 3.93667
101.5 49.5 3.9349
102 49.5 3.93352
102.5 49.5 3.93272
103 49.5 3.9324
103.5 49.5 3.84369
104 49.5 3.87376
104.5 49.5 3.97464
105 49.5 3.9744
105.5 49.5 3.9738
106 49.5 3.97285
106.5 49.5 3.97161
107 49.5 3.94919
107.5 49.5 3.93502
108 49.5 3.9353
108.5 49.5 3.93616
109 49.5 3.93753
109.5 49.5 3.9394
110 49.5 3.94159
110.5 49.5 3.91394
111 49.5 3.95893
111.5 49.5 3.95836
112 49.5 3.95735
112.5 49.5 3.95604
113 49.5 3.95444
113.5 49.5 3.95272
114 49.5 3.9511
114.5 49.5 4.0998
115 49.5 4.11359
115.5 49.5 4.12635
116 49.5 4.13672
116.5 49.5 4.14118
117 49.5 4.13672
117.5 49.5 4.0325
118 49.5 4.18814
118.5 49.5 4.4347
119 49.5 3.8867
119.5 49.5 4.4108
120 49.5 3.83579
120.5 49.5 3.99293
121 49.5 4.00222
121.5 49.5 3.94279
122 49.5 4.09938
122.5 49.5 4.48432
123 49.5 4.08678
123.5 49.5 4.01255
124 49.5 3.97627
124.5 49.5 3.89154
125 49.5 4.04237
125.5 49.5 3.94471
126 49.5 4.2033
126.5 49.5 4.02782
127 49.5 4.16081
127.5 49.5 4.05214
128 49.5 4.3326
128.5 49.5 4.3393
129 49.5 4.3579
129.5 49.5 3.65843
130 49.5 3.66664
130.5 49.5 3.94301
131 49.5 3.64073
131.5 49.5 3.77902
132 49.5 3.78161
132.5 49.5 3.78879
133 49.5 3.79904
85 50 3.92624
85.5 50 3.92382
86 50 3.92194
86.5 50 3.92083
87 50 3.92039
87.5 50 3.91004
88 50 3.90215
88.5 50 3.93042
89 50 3.89165
89.5 50 3.85219
90 50 3.93723
90.5 50 3.84577
91 50 3.86366
91.5 50 3.8824
92 50 4.01585
92.5 50 3.87524
93 50 3.98688
93.5 50 3.90634
94 50 3.95027
94.5 50 3.97437
95 50 3.99218
95.5 50 3.92141
96 50 3.92185
96.5 50 3.92302
97 50 3.92498
97.5 50 3.92758
98 50 3.93066
98.5 50 3.95488
99 50 3.93405
99.5 50 3.93437
100 50 3.93526
100.5 50 3.93671
101 50 3.94219
101.5 50 3.94074
102 50 3.93962
102.5 50 3.93898
103 50 3.93876
103.5 50 3.87198
104 50 3.89436
104.5 50 3.97004
105 50 3.96986
105.5 50 3.9694
106 50 3.96857
106.5 50 3.96747
107 50 3.96614
107.5 50 3.94257
108 50 3.94279
108.5 50 3.9435
109 50 3.9446
109.5 50 3.94609
110 50 3.95855
110.5 50 3.95902
111 50 3.95916
111.5 50 3.95901
112 50 3.95849
112.5 50 3.95778
113 50 3.95694
113.5 50 4.06323
114 50 4.07631
114.5 50 4.08866
115 50 4.09984
115.5 50 4.10927
116 50 4.11577
116.5 50 4.11669
117 50 4.09324
117.5 50 4.08334
118 50 4.08425
118.5 50 3.94058
119 50 3.94312
119.5 50 4.04111
120 50 3.99226
120.5 50 4.1991
121 50 4.09576
121.5 50 4.10017
122 50 3.93943
122.5 50 3.85473
123 50 4.03593
123.5 50 3.86152
124 50 4.13153
124.5 50 3.81993
125 50 4.01806
125.5 50 4.27467
126 50 4.07684
126.5 50 4.11335
127 50 4.327
127.5 50 4.02431
128 50 4.1873
128.5 50 4.3369
129 50 4.3274
129.5 50 4.3427
130 50 4.3373
130.5 50 3.66222
131 50 4.02087
131.5 50 3.7934
132 50 3.80561
132.5 50 3.81067
133 50 3.81846
85 50.5 3.9342
85.5 50.5 3.93213
86 50.5 3.93063
86.5 50.5 3.92967
87 50.5 3.92933
87.5 50.5 3.92236
88 50.5 3.91586
88.5 50.5 3.93694
89 50.5 3.90786
89.5 50.5 3.87824
90 50.5 3.94193
90.5 50.5 3.87349
91 50.5 3.88687
91.5 50.5 3.90243
92 50.5 4.00122
92.5 50.5 3.89568
93 50.5 3.97927
93.5 50.5 3.91914
94 50.5 3.95274
94.5 50.5 3.97022
95 50.5 3.9837
95.5 50.5 3.93076
96 50.5 3.9311
96.5 50.5 3.93207
97 50.5 3.93363
97.5 50.5 3.93569
98 50.5 3.93827
98.5 50.5 3.95581
99 50.5 3.94204
99.5 50.5 3.9423
100 50.5 3.94297
100.5 50.5 3.94413
101 50.5 3.94761
101.5 50.5 3.94642
102 50.5 3.94552
102.5 50.5 3.94498
103 50.5 3.94482
103.5 50.5 3.9001
104 50.5 3.91498
104.5 50.5 3.96544
105 50.5 3.96526
105.5 50.5 3.96484
106 50.5 3.96415
106.5 50.5 3.96313
107 50.5 3.96194
107.5 50.5 3.94963
108 50.5 3.94979
108.5 50.5 3.95029
109 50.5 3.95118
109.5 50.5 3.9524
110 50.5 3.95771
110.5 50.5 3.95851
111 50.5 3.959
111.5 50.5 3.95921
112 50.5 3.95915
112.5 50.5 3.95889
113 50.5 4.03898
113.5 50.5 4.05115
114 50.5 4.06253
114.5 50.5 4.07293
115 50.5 4.08186
115.5 50.5 3.773
116 50.5 4.04628
116.5 50.5 4.05444
117 50.5 4.06195
117.5 50.5 4.06799
118 50.5 3.94349
118.5 50.5 3.94305
119 50.5 3.52983
119.5 50.5 3.91728
120 50.5 3.94937
120.5 50.5 3.87121
121 50.5 3.93896
121.5 50.5 4.13536
122 50.5 3.94034
122.5 50.5 3.69021
123 50.5 3.84641
123.5 50.5 3.92042
124 50.5 4.2067
124.5 50.5 3.99975
125 50.5 4.01714
125.5 50.5 4.00732
126 50.5 3.92133
126.5 50.5 3.96582
127 50.5 3.77492
127.5 50.5 3.87031
128 50.5 4.0154
128.5 50.5 4.3256
129 50.5 4.3236
129.5 50.5 4.3191
130 50.5 4.3137
130.5 50.5 4.3083
131 50.5 4.3189
131.5 50.5 3.72617
132 50.5 3.74261
132.5 50.5 3.83406
133 50.5 3.8402
85 51 3.94241
85.5 51 3.94057
86 51 3.93927
86.5 51 3.93849
87 51 3.93821
87.5 51 3.93413
88 51 3.92941
88.5 51 3.94339
89 51 3.92402
89.5 51 3.90425
90 51 3.94664
90.5 51 3.90107
91 51 3.91002
91.5 51 3.92133
92 51 3.9863
92.5 51 3.91593
93 51 3.97149
93.5 51 3.93171
94 51 3.95452
94.5 51 3.96578
95 51 3.9748
95.5 51 3.93968
96 51 3.93998
96.5 51 3.94076
97 51 3.94198
97.5 51 3.94368
98 51 3.94582
98.5 51 3.95609
99 51 3.94939
99.5 51 3.94957
100 51 3.95009
100.5 51 3.95106
101 51 3.95289
101.5 51 3.95186
102 51 3.95116
102.5 51 3.95068
103 51 3.95052
103.5 51 3.92817
104 51 3.93558
104.5 51 3.96068
105 51 3.96054
105.5 51 3.96022
106 51 3.95953
106.5 51 3.95869
107 51 3.95757
107.5 51 3.95628
108 51 3.95596
108.5 51 3.95596
109 51 3.95596
109.5 51 3.95596
110 51 3.95631
110.5 51 3.95746
111 51 3.95823
111.5 51 3.95874
112 51 4.00169
112.5 51 4.01376
113 51 4.02526
113.5 51 4.036
114 51 4.04584
114.5 51 4.05453
115 51 4.02421
115.5 51 4.03207
116 51 4.03938
116.5 51 4.04608
117 51 4.05152
117.5 51 4.05534
118 51 3.60449
118.5 51 3.5846
119 51 3.92394
119.5 51 3.61364
120 51 3.92697
120.5 51 3.99867
121 51 4.08073
121.5 51 4.01042
122 51 4.02338
122.5 51 3.9364
123 51 3.68008
123.5 51 3.89132
124 51 3.79202
124.5 51 4.2352
125 51 3.81687
125.5 51 3.97776
126 51 3.59962
126.5 51 3.7836
127 51 3.96832
127.5 51 3.88007
128 51 3.88181
128.5 51 3.88604
129 51 4.3144
129.5 51 4.3118
130 51 4.3081
130.5 51 3.85981
131 51 3.86997
131.5 51 3.88012
132 51 3.77607
132.5 51 3.79183
133 51 3.86325
85 51.5 3.95075
85.5 51.5 3.94921
86 51.5 3.94806
86.5 51.5 3.94738
87 51.5 3.94714
87.5 51.5 3.94533
88 51.5 3.94283
88.5 51.5 3.94973
89 51.5 3.94007
89.5 51.5 3.93025
90 51.5 3.95132
90.5 51.5 3.92864
91 51.5 3.93311
91.5 51.5 3.93923
92 51.5 3.9712
92.5 51.5 3.93603
93 51.5 3.96376
93.5 51.5 3.94397
94 51.5 3.95558
94.5 51.5 3.96105
95 51.5 3.96556
95.5 51.5 3.94811
96 51.5 3.94829
96.5 51.5 3.94893
97 51.5 3.94995
97.5 51.5 3.95141
98 51.5 3.95314
98.5 51.5 3.95518
99 51.5 3.95596
99.5 51.5 3.95596
100 51.5 3.95596
100.5 51.5 3.95596
101 51.5 3.95596
101.5 51.5 3.95596
102 51.5 3.95596
102.5 51.5 3.95596
103 51.5 3.95596
103.5 51.5 3.95596
104 51.5 3.95596
104.5 51.5 3.95596
105 51.5 3.95596
105.5 51.5 3.95596
106 51.5 3.95596
106.5 51.5 3.95596
107 51.5 3.95596
107.5 51.5 3.95596
108 51.5 3.95596
108.5 51.5 3.95596
109 51.5 3.95596
109.5 51.5 3.95596
110 51.5 3.95596
110.5 51.5 3.95596
111 51.5 3.96452
111.5 51.5 3.97652
112 51.5 3.98801
112.5 51.5 3.99895
113 51.5 4.00925
113.5 51.5 4.0187
114 51.5 4.00168
114.5 51.5 4.00938
115 51.5 4.01665
115.5 51.5 4.02351
116 51.5 4.02965
116.5 51.5 4.035
117 51.5 3.67933
117.5 51.5 3.71725
118 51.5 3.69544
118.5 51.5 3.67526
119 51.5 3.65902
119.5 51.5 3.65211
120 51.5 3.93011
120.5 51.5 3.80621
121 51.5 4.1494
121.5 51.5 3.82166
122 51.5 3.97651
122.5 51.5 3.61937
123 51.5 3.86938
123.5 51.5 3.94696
124 51.5 3.99437
124.5 51.5 3.92384
125 51.5 4.05529
125.5 51.5 4.2666
126 51.5 4.04293
126.5 51.5 3.80293
127 51.5 3.80632
127.5 51.5 3.81445
128 51.5 3.89065
128.5 51.5 3.89325
129 51.5 3.89694
129.5 51.5 3.90145
130 51.5 3.866
130.5 51.5 3.87312
131 51.5 3.88102
131.5 51.5 3.88952
132 51.5 3.89825
132.5 51.5 3.90714
133 51.5 3.84112
85 52 3.95596
85.5 52 3.95596
86 52 3.95596
86.5 52 3.95596
87 52 3.95596
87.5 52 3.95596
88 52 3.95596
88.5 52 3.95596
89 52 3.95596
89.5 52 3.95596
90 52 3.95596
90.5 52 3.95596
91 52 3.95596
91.5 52 3.95596
92 52 3.95596
92.5 52 3.95596
93 52 3.95596
93.5 52 3.95596
94 52 3.95596
94.5 52 3.95596
95 52 3.95596
95.5 52 3.95596
96 52 3.95596
96.5 52 3.95596
97 52 3.95596
97.5 52 3.95596
98 52 3.95596
98.5 52 3.95596
99 52 3.95596
99.5 52 3.95596
100 52 3.95596
100.5 52 3.95596
101 52 3.95596
101.5 52 3.95596
102 52 3.95596
102.5 52 3.95596
103 52 3.95596
103.5 52 3.95596
104 52 3.95596
104.5 52 3.95596
105 52 3.95596
105.5 52 3.95596
106 52 3.95596
106.5 52 3.95596
107 52 3.95596
107.5 52 3.95596
108 52 3.95596
108.5 52 3.95596
109 52 3.95596
109.5 52 3.95596
110 52 3.95596
110.5 52 3.95596
111 52 3.95596
111.5 52 3.96178
112 52 3.97238
112.5 52 3.98233
113 52 3.97877
113.5 52 3.98639
114 52 3.99376
114.5 52 4.00072
115 52 4.00722
115.5 52 4.01307
116 52 4.01831
116.5 52 3.7761
117 52 3.75563
117.5 52 3.73629
118 52 3.9379
118.5 52 3.93625
119 52 3.93479
119.5 52 3.93357
120 52 3.82618
120.5 52 3.8232
121 52 3.97743
121.5 52 4.10445
122 52 4.10371
122.5 52 3.98267
123 52 4.00644
123.5 52 4.3747
124 52 4.2179
124.5 52 3.94085
125 52 3.92856
125.5 52 4.2626
126 52 4.262
126.5 52 4.2607
127 52 3.82388
127.5 52 3.82883
128 52 3.83612
128.5 52 3.84481
129 52 3.90452
129.5 52 3.90801
130 52 3.91209
130.5 52 3.88752
131 52 3.89386
131.5 52 3.9008
132 52 3.90824
132.5 52 3.91601
133 52 3.92406
