85 22 3.9524
85.5 22 3.9524
86 22 3.9524
86.5 22 3.9524
87 22 3.9524
87.5 22 3.9524
88 22 3.9524
88.5 22 3.9524
89 22 3.9524
89.5 22 3.9524
90 22 3.9524
90.5 22 3.9524
91 22 3.9524
91.5 22 3.9524
92 22 3.9524
92.5 22 3.9524
93 22 3.9524
93.5 22 3.9524
94 22 3.95293
94.5 22 3.95701
95 22 3.96074
95.5 22 3.96394
96 22 3.95543
96.5 22 3.95562
97 22 4.01881
97.5 22 4.0326
98 22 4.04618
98.5 22 4.05907
99 22 4.07036
99.5 22 3.96999
100 22 3.97151
100.5 22 4.06199
101 22 3.97711
101.5 22 3.92654
102 22 3.98301
102.5 22 3.93752
103 22 3.84478
103.5 22 3.95354
104 22 3.94754
104.5 22 3.97695
105 22 4.1805
105.5 22 4.1717
106 22 3.95434
106.5 22 3.85904
107 22 4.01445
107.5 22 3.99378
108 22 3.99892
108.5 22 4.06702
109 22 3.99531
109.5 22 4.01854
110 22 4.02499
110.5 22 3.99667
111 22 4.03714
111.5 22 4.03219
112 22 4.01579
112.5 22 4.03307
113 22 3.98804
113.5 22 4.05958
114 22 3.99476
114.5 22 3.98006
115 22 3.99993
115.5 22 3.98086
116 22 3.97787
116.5 22 3.97974
117 22 3.97842
117.5 22 3.97357
118 22 3.92541
118.5 22 3.92617
119 22 3.88672
119.5 22 3.88855
120 22 3.89341
120.5 22 4.07987
121 22 4.07686
121.5 22 4.06868
122 22 4.05665
122.5 22 3.96079
123 22 3.96003
123.5 22 3.95319
124 22 3.95311
124.5 22 3.95292
125 22 3.94886
125.5 22 3.94946
126 22 3.95024
126.5 22 3.95103
127 22 3.95201
127.5 22 3.9524
128 22 3.9524
128.5 22 3.9524
129 22 3.9524
129.5 22 3.9524
130 22 3.9524
130.5 22 3.9524
131 22 3.9524
131.5 22 3.9524
132 22 3.9524
132.5 22 3.9524
133 22 3.9524
85 22.5 3.9524
85.5 22.5 3.9524
86 22.5 3.9524
86.5 22.5 3.9524
87 22.5 3.9524
87.5 22.5 3.9524
88 22.5 3.9524
88.5 22.5 3.9524
89 22.5 3.9524
89.5 22.5 3.9524
90 22.5 3.9524
90.5 22.5 3.9524
91 22.5 3.9524
91.5 22.5 3.9524
92 22.5 3.9524
92.5 22.5 3.9524
93 22.5 3.9524
93.5 22.5 3.9524
94 22.5 3.95592
94.5 22.5 3.96009
95 22.5 3.96383
95.5 22.5 3.96714
96 22.5 3.97007
96.5 22.5 3.95567
97 22.5 3.95548
97.5 22.5 3.98568
98 22.5 3.98938
98.5 22.5 4.06296
99 22.5 4.07702
99.5 22.5 4.09088
100 22.5 4.0356
100.5 22.5 4.4329
101 22.5 3.79798
101.5 22.5 3.86605
102 22.5 3.94276
102.5 22.5 3.89012
103 22.5 3.88849
103.5 22.5 4.261
104 22.5 4.08024
104.5 22.5 3.98021
105 22.5 4.02041
105.5 22.5 4.00343
106 22.5 4.01122
106.5 22.5 4.2608
107 22.5 4.03063
107.5 22.5 3.94287
108 22.5 4.02587
108.5 22.5 4.00323
109 22.5 3.98044
109.5 22.5 4.01327
110 22.5 4.05814
110.5 22.5 3.96474
111 22.5 4.00367
111.5 22.5 4.01402
112 22.5 3.95403
112.5 22.5 3.98677
113 22.5 4.04602
113.5 22.5 4.00623
114 22.5 4.07391
114.5 22.5 4.07573
115 22.5 3.9982
115.5 22.5 3.96287
116 22.5 3.96392
116.5 22.5 3.98325
117 22.5 3.97721
117.5 22.5 3.88369
118 22.5 3.88682
118.5 22.5 3.92298
119 22.5 3.87739
119.5 22.5 3.88073
120 22.5 3.92529
120.5 22.5 4.10143
121 22.5 4.09708
121.5 22.5 4.08598
122 22.5 3.96285
122.5 22.5 3.96225
123 22.5 3.96135
123.5 22.5 3.95347
124 22.5 3.95338
124.5 22.5 3.9471
125 22.5 3.9476
125.5 22.5 3.94827
126 22.5 3.94907
126.5 22.5 3.95004
127 22.5 3.94611
127.5 22.5 3.94881
128 22.5 3.9518
128.5 22.5 3.9524
129 22.5 3.9524
129.5 22.5 3.9524
130 22.5 3.9524
130.5 22.5 3.9524
131 22.5 3.9524
131.5 22.5 3.9524
132 22.5 3.9524
132.5 22.5 3.9524
133 22.5 3.9524
85 23 3.9524
85.5 23 3.9524
86 23 3.9524
86.5 23 3.9524
87 23 3.9524
87.5 23 3.9524
88 23 3.9524
88.5 23 3.9524
89 23 3.9524
89.5 23 3.9524
90 23 3.9524
90.5 23 3.9524
91 23 3.9524
91.5 23 3.9524
92 23 3.9524
92.5 23 3.9524
93 23 3.95207
93.5 23 3.95158
94 23 3.95831
94.5 23 3.96255
95 23 3.9664
95.5 23 3.96981
96 23 3.97288
96.5 23 3.97537
97 23 3.95513
97.5 23 3.95451
98 23 3.99262
98.5 23 3.99629
99 23 4.07037
99.5 23 3.9282
100 23 3.91985
100.5 23 3.86444
101 23 3.86773
101.5 23 3.88633
102 23 3.88375
102.5 23 3.94681
103 23 3.87294
103.5 23 4.3861
104 23 3.93551
104.5 23 4.00188
105 23 3.9531
105.5 23 3.96816
106 23 3.97677
106.5 23 3.90167
107 23 3.97788
107.5 23 3.96607
108 23 3.98793
108.5 23 3.90512
109 23 3.91598
109.5 23 3.91286
110 23 4.00076
110.5 23 3.97164
111 23 4.00745
111.5 23 4.04467
112 23 3.90811
112.5 23 3.9935
113 23 3.95205
113.5 23 4.05799
114 23 4.04184
114.5 23 3.94294
115 23 4.04519
115.5 23 4.04733
116 23 3.96741
116.5 23 4.06235
117 23 4.02917
117.5 23 3.87505
118 23 3.91785
118.5 23 4.04824
119 23 3.86807
119.5 23 4.05844
120 23 4.05366
120.5 23 4.12312
121 23 4.11533
121.5 23 3.96457
122 23 3.96426
122.5 23 3.96347
123 23 3.95382
123.5 23 3.95373
124 23 3.95354
124.5 23 3.94595
125 23 3.94643
125.5 23 3.9472
126 23 3.94809
126.5 23 3.93854
127 23 3.94103
127.5 23 3.94393
128 23 3.94713
128.5 23 3.94799
129 23 3.9493
129.5 23 3.95122
130 23 3.9524
130.5 23 3.9524
131 23 3.9524
131.5 23 3.9524
132 23 3.9524
132.5 23 3.9524
133 23 3.9524
85 23.5 3.9524
85.5 23.5 3.9524
86 23.5 3.9524
86.5 23.5 3.9524
87 23.5 3.9524
87.5 23.5 3.9524
88 23.5 3.9524
88.5 23.5 3.9524
89 23.5 3.9524
89.5 23.5 3.9524
90 23.5 3.9524
90.5 23.5 3.9524
91 23.5 3.9524
91.5 23.5 3.9524
92 23.5 3.95474
92.5 23.5 3.95134
93 23.5 3.95067
93.5 23.5 3.95002
94 23.5 3.94961
94.5 23.5 3.96436
95 23.5 3.96828
95.5 23.5 3.97182
96 23.5 3.97502
96.5 23.5 3.97778
97 23.5 3.97993
97.5 23.5 3.95375
98 23.5 3.9526
98.5 23.5 3.95189
99 23.5 4.00274
99.5 23.5 3.95076
100 23.5 3.97885
100.5 23.5 3.83493
101 23.5 3.96763
101.5 23.5 3.90248
102 23.5 3.96111
102.5 23.5 3.92628
103 23.5 3.84449
103.5 23.5 3.85655
104 23.5 3.85396
104.5 23.5 3.89194
105 23.5 3.94847
105.5 23.5 3.85259
106 23.5 3.93611
106.5 23.5 4.2714
107 23.5 3.95695
107.5 23.5 3.86135
108 23.5 4.02248
108.5 23.5 4.00354
109 23.5 3.9395
109.5 23.5 3.95435
110 23.5 4.03553
110.5 23.5 4.04385
111 23.5 4.00129
111.5 23.5 3.99908
112 23.5 3.96235
112.5 23.5 3.96475
113 23.5 4.03137
113.5 23.5 4.03974
114 23.5 4.06974
114.5 23.5 3.94127
115 23.5 3.95152
115.5 23.5 4.04274
116 23.5 4.05111
116.5 23.5 3.94931
117 23.5 3.92739
117.5 23.5 4.08216
118 23.5 4.05139
118.5 23.5 4.06043
119 23.5 4.04091
119.5 23.5 4.07208
120 23.5 3.91752
120.5 23.5 4.14481
121 23.5 4.12488
121.5 23.5 3.96599
122 23.5 3.9655
122.5 23.5 3.95433
123 23.5 3.95429
123.5 23.5 3.954
124 23.5 3.94525
124.5 23.5 3.94536
125 23.5 3.94565
125.5 23.5 3.94633
126 23.5 3.93147
126.5 23.5 3.93356
127 23.5 3.93626
127.5 23.5 3.93944
128 23.5 3.94164
128.5 23.5 3.94252
129 23.5 3.94404
129.5 23.5 3.94616
130 23.5 3.94866
130.5 23.5 3.95164
131 23.5 3.9524
131.5 23.5 3.9524
132 23.5 3.9524
132.5 23.5 3.9524
133 23.5 3.9524
85 24 3.9524
85.5 24 3.9524
86 24 3.9524
86.5 24 3.9524
87 24 3.9524
87.5 24 3.9524
88 24 3.9524
88.5 24 3.9524
89 24 3.95073
89.5 24 3.9482
90 24 3.94633
90.5 24 3.94516
91 24 3.94476
91.5 24 3.9347
92 24 3.96501
92.5 24 3.9691
93 24 3.94919
93.5 24 3.94854
94 24 3.94794
94.5 24 3.9549
95 24 3.95518
95.5 24 3.97308
96 24 3.97639
96.5 24 3.97931
97 24 3.98181
97.5 24 3.98375
98 24 3.95177
98.5 24 3.94968
99 24 3.99928
99.5 24 3.9727
100 24 3.99938
100.5 24 3.91719
101 24 3.97476
101.5 24 4.00989
102 24 3.95477
102.5 24 3.90179
103 24 3.85211
103.5 24 3.89363
104 24 3.89048
104.5 24 3.93508
105 24 3.90544
105.5 24 3.91145
106 24 3.98454
106.5 24 3.99258
107 24 3.97212
107.5 24 4.01203
108 24 4.04274
108.5 24 4.02994
109 24 4.06564
109.5 24 3.93205
110 24 3.9495
110.5 24 4.00858
111 24 3.97229
111.5 24 3.95766
112 24 4.00695
112.5 24 4.03819
113 24 4.03531
113.5 24 4.05441
114 24 4.02738
114.5 24 3.94148
115 24 4.01118
115.5 24 3.92531
116 24 3.99946
116.5 24 3.95587
117 24 3.96326
117.5 24 4.04127
118 24 4.09592
118.5 24 4.05257
119 24 4.07371
119.5 24 4.05337
120 24 3.91286
120.5 24 4.08299
121 24 3.94856
121.5 24 3.96733
122 24 3.96614
122.5 24 3.95473
123 24 3.95465
123.5 24 3.94516
124 24 3.94515
124.5 24 3.94506
125 24 3.94535
125.5 24 3.94421
126 24 3.92666
126.5 24 3.92887
127 24 3.93196
127.5 24 3.93595
128 24 3.93628
128.5 24 3.93734
129 24 3.93906
129.5 24 3.94133
130 24 3.94404
130.5 24 3.94725
131 24 3.95079
131.5 24 3.9524
132 24 3.9524
132.5 24 3.9524
133 24 3.9524
85 24.5 3.94018
85.5 24.5 3.93952
86 24.5 3.9577
86.5 24.5 3.96543
87 24.5 3.9665
87.5 24.5 3.95503
88 24.5 3.95785
88.5 24.5 3.94967
89 24.5 3.94369
89.5 24.5 3.94075
90 24.5 3.93851
90.5 24.5 3.93713
91 24.5 3.93664
91.5 24.5 3.91654
92 24.5 3.97489
92.5 24.5 3.97958
93 24.5 3.94779
93.5 24.5 3.94695
94 24.5 3.94629
94.5 24.5 3.94586
95 24.5 3.95553
95.5 24.5 3.95565
96 24.5 3.86804
96.5 24.5 3.85774
97 24.5 3.98251
97.5 24.5 3.98486
98 24.5 3.98675
98.5 24.5 3.93691
99 24.5 4.01629
99.5 24.5 4.02439
100 24.5 3.93281
100.5 24.5 4.00017
101 24.5 3.97958
101.5 24.5 3.89765
102 24.5 3.93904
102.5 24.5 3.88081
103 24.5 3.89286
103.5 24.5 3.9804
104 24.5 3.91182
104.5 24.5 3.94723
105 24.5 3.9501
105.5 24.5 3.95059
106 24.5 4.0226
106.5 24.5 3.97257
107 24.5 3.9272
107.5 24.5 3.94076
108 24.5 4.05727
108.5 24.5 4.06146
109 24.5 4.00487
109.5 24.5 4.06647
110 24.5 4.05268
110.5 24.5 3.93468
111 24.5 4.3821
111.5 24.5 3.96903
112 24.5 3.99019
112.5 24.5 3.96019
113 24.5 4.07212
113.5 24.5 4.00491
114 24.5 3.95798
114.5 24.5 3.91194
115 24.5 3.96262
115.5 24.5 4.00289
116 24.5 3.92269
116.5 24.5 3.96565
117 24.5 3.93835
117.5 24.5 4.01923
118 24.5 4.00099
118.5 24.5 4.04175
119 24.5 4.06296
119.5 24.5 3.96891
120 24.5 3.92606
120.5 24.5 3.9223
121 24.5 4.04339
121.5 24.5 4.00079
122 24.5 3.90274
122.5 24.5 3.95513
123 24.5 3.95476
123.5 24.5 3.94535
124 24.5 3.94525
124.5 24.5 3.94515
125 24.5 3.94293
125.5 24.5 3.92064
126 24.5 3.92244
126.5 24.5 3.92496
127 24.5 3.92817
127.5 24.5 3.93058
128 24.5 3.93101
128.5 24.5 3.93228
129 24.5 3.93423
129.5 24.5 3.93681
130 24.5 3.93982
130.5 24.5 3.94328
131 24.5 3.95685
131.5 24.5 3.95507
132 24.5 3.953
132.5 24.5 3.9524
133 24.5 3.9524
85 25 3.92674
85.5 25 3.92597
86 25 3.96252
86.5 25 3.97872
87 25 3.98084
87.5 25 3.95767
88 25 3.96321
88.5 25 3.94596
89 25 3.93654
89.5 25 3.93302
90 25 3.93029
90.5 25 3.92862
91 25 3.92804
91.5 25 3.89808
92 25 3.91843
92.5 25 3.98984
93 25 3.99402
93.5 25 3.94545
94 25 3.9446
94.5 25 3.94411
95 25 3.94394
95.5 25 3.95578
96 25 3.95573
96.5 25 3.84812
97 25 3.83711
97.5 25 3.83177
98 25 3.88116
98.5 25 3.92403
99 25 3.98965
99.5 25 4.03667
100 25 4.00444
100.5 25 4.00976
101 25 3.96939
101.5 25 3.96213
102 25 3.96318
102.5 25 3.89059
103 25 3.93794
103.5 25 4.00097
104 25 3.91241
104.5 25 3.96837
105 25 3.96404
105.5 25 4.606
106 25 4.5616
106.5 25 4.4413
107 25 4.01833
107.5 25 4.05272
108 25 3.95231
108.5 25 4.03929
109 25 4.03358
109.5 25 4.0259
110 25 4.03285
110.5 25 3.97809
111 25 3.94218
111.5 25 3.98118
112 25 4.03957
112.5 25 4.03018
113 25 4.03749
113.5 25 4.01457
114 25 4.01078
114.5 25 3.95874
115 25 3.93656
115.5 25 4.02048
116 25 3.94981
116.5 25 4.02395
117 25 3.95573
117.5 25 3.98958
118 25 3.99294
118.5 25 4.00197
119 25 4.03733
119.5 25 4.08414
120 25 4.01535
120.5 25 3.97628
121 25 3.98972
121.5 25 4.3221
122 25 3.85617
122.5 25 3.87407
123 25 3.88817
123.5 25 3.94553
124 25 3.94535
124.5 25 3.94185
125 25 3.91551
125.5 25 3.91641
126 25 3.91864
126.5 25 3.92174
127 25 3.89075
127.5 25 3.9252
128 25 3.92573
128.5 25 3.92725
129 25 3.9296
129.5 25 3.93261
130 25 3.93605
130.5 25 3.96209
131 25 3.96041
131.5 25 3.95844
132 25 3.95615
132.5 25 3.95368
133 25 3.9524
85 25.5 3.91277
85.5 25.5 3.9118
86 25.5 3.96692
86.5 25.5 3.99211
87 25.5 3.99541
87.5 25.5 3.96012
88 25.5 3.96819
88.5 25.5 3.94127
89 25.5 3.94001
89.5 25.5 3.92518
90 25.5 3.92186
90.5 25.5 3.9198
91 25.5 3.91902
91.5 25.5 3.87925
92 25.5 3.90568
92.5 25.5 3.99962
93 25.5 4.00461
93.5 25.5 3.94394
94 25.5 3.94294
94.5 25.5 3.94226
95 25.5 3.942
95.5 25.5 3.87713
96 25.5 3.95573
96.5 25.5 3.95553
97 25.5 3.83027
97.5 25.5 3.81639
98 25.5 3.89099
98.5 25.5 4.00101
99 25.5 3.99417
99.5 25.5 4.02354
100 25.5 3.98744
100.5 25.5 3.99576
101 25.5 4.03758
101.5 25.5 3.98203
102 25.5 4.01261
102.5 25.5 3.98792
103 25.5 3.91042
103.5 25.5 3.99029
104 25.5 3.95264
104.5 25.5 3.95069
105 25.5 3.99666
105.5 25.5 4.08682
106 25.5 3.93862
106.5 25.5 4.04117
107 25.5 4.00757
107.5 25.5 4.06392
108 25.5 4.02769
108.5 25.5 4.03204
109 25.5 4.02492
109.5 25.5 4.03387
110 25.5 4.0188
110.5 25.5 4.04005
111 25.5 3.98596
111.5 25.5 4.07717
112 25.5 4.02966
112.5 25.5 3.97391
113 25.5 3.98331
113.5 25.5 4.03869
114 25.5 4.02282
114.5 25.5 3.98766
115 25.5 3.93747
115.5 25.5 3.98706
116 25.5 4.03793
116.5 25.5 3.98307
117 25.5 3.99663
117.5 25.5 3.9699
118 25.5 4.00836
118.5 25.5 4.03504
119 25.5 4.07265
119.5 25.5 4.07212
120 25.5 4.052
120.5 25.5 3.88031
121 25.5 3.91777
121.5 25.5 3.89611
122 25.5 3.83611
122.5 25.5 3.85356
123 25.5 3.85235
123.5 25.5 3.92104
124 25.5 3.94125
124.5 25.5 3.86999
125 25.5 3.8735
125.5 25.5 3.9127
126 25.5 3.91581
126.5 25.5 3.94899
127 25.5 3.87908
127.5 25.5 3.91984
128 25.5 3.92048
128.5 25.5 3.92242
129 25.5 3.92532
129.5 25.5 3.92884
130 25.5 3.96733
130.5 25.5 3.96585
131 25.5 3.96388
131.5 25.5 3.96159
132 25.5 3.95902
132.5 25.5 3.95635
133 25.5 3.95301
85 26 3.89834
85.5 26 3.89715
86 26 3.97066
86.5 26 4.00544
87 26 4.01008
87.5 26 3.96247
88 26 3.97269
88.5 26 3.93562
89 26 3.93494
89.5 26 3.91735
90 26 3.91324
90.5 26 3.9106
91 26 3.9097
91.5 26 3.86015
92 26 3.8921
92.5 26 4.03652
93 26 4.01488
93.5 26 4.01905
94 26 3.94141
94.5 26 3.94049
95 26 3.94006
95.5 26 4.0005
96 26 3.85912
96.5 26 3.85435
97 26 3.95497
97.5 26 4.2311
98 26 3.99645
98.5 26 3.86653
99 26 4.04587
99.5 26 4.04367
100 26 4.00928
100.5 26 4.05209
101 26 4.05426
101.5 26 4.07351
102 26 4.07293
102.5 26 4.07907
103 26 3.99771
103.5 26 3.94972
104 26 3.96025
104.5 26 4.00334
105 26 4.00366
105.5 26 4.05398
106 26 4.02926
106.5 26 4.01099
107 26 4.00171
107.5 26 4.02258
108 26 4.00281
108.5 26 3.96781
109 26 4.05994
109.5 26 4.06165
110 26 4.03946
110.5 26 4.02991
111 26 4.0733
111.5 26 4.03287
112 26 4.07642
112.5 26 4.08934
113 26 4.03665
113.5 26 4.07084
114 26 3.95263
114.5 26 3.99565
115 26 4.0012
115.5 26 4.01062
116 26 3.9797
116.5 26 3.96594
117 26 3.94741
117.5 26 4.03454
118 26 3.97976
118.5 26 3.99212
119 26 3.99046
119.5 26 3.9735
120 26 4.02989
120.5 26 4.05045
121 26 3.94424
121.5 26 3.83783
122 26 3.86333
122.5 26 3.8374
123 26 3.8177
123.5 26 3.89959
124 26 3.91852
124.5 26 3.85971
125 26 3.90685
125.5 26 3.9489
126 26 3.94896
126.5 26 3.91197
127 26 3.86763
127.5 26 3.91458
128 26 3.91564
128.5 26 3.91822
129 26 3.92166
129.5 26 3.96997
130 26 3.9711
130.5 26 3.96932
131 26 3.96713
131.5 26 3.96456
132 26 3.96169
132.5 26 3.95573
133 26 3.95441
85 26.5 3.88329
85.5 26.5 3.88179
86 26.5 3.97399
86.5 26.5 4.0187
87 26.5 4.02469
87.5 26.5 3.96473
88 26.5 3.97681
88.5 26.5 3.92912
89 26.5 3.92948
89.5 26.5 4.02067
90 26.5 3.9047
90.5 26.5 3.90118
91 26.5 3.89989
91.5 26.5 3.84086
92 26.5 3.87768
92.5 26.5 4.05355
93 26.5 4.02426
93.5 26.5 4.02995
94 26.5 4.03218
94.5 26.5 3.93879
95 26.5 4.00503
95.5 26.5 4.00736
96 26.5 4.00503
96.5 26.5 3.83998
97 26.5 3.81735
97.5 26.5 3.84076
98 26.5 3.96394
98.5 26.5 3.89926
99 26.5 4.05118
99.5 26.5 3.96402
100 26.5 3.96567
100.5 26.5 3.94383
101 26.5 3.90476
101.5 26.5 3.93162
102 26.5 3.94035
102.5 26.5 4.05226
103 26.5 3.98683
103.5 26.5 4.01664
104 26.5 3.97255
104.5 26.5 4.01597
105 26.5 4.06238
105.5 26.5 4.06524
106 26.5 4.09064
106.5 26.5 4.03682
107 26.5 4.01222
107.5 26.5 4.01385
108 26.5 4.07864
108.5 26.5 4.02087
109 26.5 4.03893
109.5 26.5 4.03208
110 26.5 4.10322
110.5 26.5 4.07721
111 26.5 4.0014
111.5 26.5 4.06138
112 26.5 3.99161
112.5 26.5 4.05701
113 26.5 4.02558
113.5 26.5 4.04094
114 26.5 4.00079
114.5 26.5 3.97916
115 26.5 4.03025
115.5 26.5 3.97269
116 26.5 3.93373
116.5 26.5 3.97098
117 26.5 3.95104
117.5 26.5 4.01319
118 26.5 3.99082
118.5 26.5 3.94024
119 26.5 3.98839
119.5 26.5 4.0146
120 26.5 4.02557
120.5 26.5 4.01387
121 26.5 3.90253
121.5 26.5 3.91671
122 26.5 3.8928
122.5 26.5 3.86221
123 26.5 3.85484
123.5 26.5 3.83743
124 26.5 3.88074
124.5 26.5 3.91956
125 26.5 3.95439
125.5 26.5 3.94884
126 26.5 3.94892
126.5 26.5 3.90696
127 26.5 3.90863
127.5 26.5 3.90932
128 26.5 3.91114
128.5 26.5 3.91488
129 26.5 3.97458
129.5 26.5 3.97624
130 26.5 3.97476
130.5 26.5 3.97259
131 26.5 3.97
131.5 26.5 3.96003
132 26.5 3.95863
132.5 26.5 3.95713
133 26.5 3.95561
85 27 3.8678
85.5 27 3.86566
86 27 3.97684
86.5 27 4.0319
87 27 4.03942
87.5 27 3.96681
88 27 3.98054
88.5 27 3.92175
89 27 3.92346
89.5 27 4.03263
90 27 3.89657
90.5 27 3.89156
91 27 3.88969
91.5 27 3.82129
92 27 3.86212
92.5 27 4.07077
93 27 3.95558
93.5 27 4.03991
94 27 4.07195
94.5 27 4.07728
95 27 3.93607
95.5 27 4.01412
96 27 3.89962
96.5 27 3.95177
97 27 3.96235
97.5 27 3.83586
98 27 4.396
98.5 27 4.01722
99 27 4.01565
99.5 27 3.99472
100 27 4.05737
100.5 27 4.03539
101 27 4.04562
101.5 27 4.10042
102 27 4.06176
102.5 27 4.04876
103 27 4.04384
103.5 27 4.07597
104 27 4.05415
104.5 27 4.04035
105 27 4.05157
105.5 27 4.11144
106 27 4.11119
106.5 27 4.0313
107 27 4.04799
107.5 27 4.6253
108 27 4.058
108.5 27 4.07528
109 27 4.06327
109.5 27 4.04838
110 27 4.0914
110.5 27 4.03685
111 27 4.0504
111.5 27 4.07272
112 27 4.03034
112.5 27 4.03188
113 27 4.01534
113.5 27 4.03057
114 27 4.02229
114.5 27 4.02715
115 27 4.03851
115.5 27 4.01967
116 27 4.00009
116.5 27 4.00925
117 27 3.99316
117.5 27 3.96908
118 27 3.99665
118.5 27 4.01628
119 27 4.00453
119.5 27 3.94677
120 27 3.9772
120.5 27 3.98969
121 27 3.95931
121.5 27 3.9385
122 27 3.98762
122.5 27 3.88891
123 27 3.86487
123.5 27 3.85817
124 27 3.87803
124.5 27 3.87474
125 27 3.9076
125.5 27 3.94463
126 27 3.95757
126.5 27 3.90186
127 27 3.84491
127.5 27 3.90407
128 27 3.90877
128.5 27 3.9791
129 27 3.98079
129.5 27 3.98001
130 27 3.97804
130.5 27 3.97536
131 27 3.96293
131.5 27 3.96153
132 27 3.96003
132.5 27 3.95833
133 27 3.94422
85 27.5 3.85181
85.5 27.5 3.84855
86 27.5 3.97912
86.5 27.5 4.04514
87 27.5 4.05418
87.5 27.5 3.96871
88 27.5 3.98373
88.5 27.5 3.91361
89 27.5 3.91695
89.5 27.5 4.04384
90 27.5 4.01782
90.5 27.5 3.88262
91 27.5 3.80811
91.5 27.5 3.80143
92 27.5 3.80811
92.5 27.5 4.08801
93 27.5 4.08216
93.5 27.5 4.07752
94 27.5 4.05569
94.5 27.5 4.09304
95 27.5 4.04326
95.5 27.5 3.8636
96 27.5 4.01596
96.5 27.5 4.02323
97 27.5 3.87931
97.5 27.5 4.02525
98 27.5 3.92764
98.5 27.5 3.94054
99 27.5 4.0205
99.5 27.5 4.0093
100 27.5 3.99607
100.5 27.5 4.02288
101 27.5 4.04984
101.5 27.5 4.06618
102 27.5 4.036
102.5 27.5 4.09011
103 27.5 4.11402
103.5 27.5 4.07863
104 27.5 4.03103
104.5 27.5 4.08091
105 27.5 4.13337
105.5 27.5 4.14124
106 27.5 4.05495
106.5 27.5 4.13158
107 27.5 4.09
107.5 27.5 4.09999
108 27.5 4.09239
108.5 27.5 4.16015
109 27.5 4.08672
109.5 27.5 4.15121
110 27.5 4.12718
110.5 27.5 4.08978
111 27.5 4.04438
111.5 27.5 4.0492
112 27.5 4.02731
112.5 27.5 3.99245
113 27.5 4.02677
113.5 27.5 3.9914
114 27.5 4.05203
114.5 27.5 4.06636
115 27.5 4.04947
115.5 27.5 4.04346
116 27.5 3.97154
116.5 27.5 4.00321
117 27.5 4.01651
117.5 27.5 3.92885
118 27.5 3.92814
118.5 27.5 3.95796
119 27.5 4.00392
119.5 27.5 3.96281
120 27.5 4.00747
120.5 27.5 3.99194
121 27.5 3.98076
121.5 27.5 3.94212
122 27.5 3.9894
122.5 27.5 3.85323
123 27.5 3.85055
123.5 27.5 3.87247
124 27.5 3.84347
124.5 27.5 3.84136
125 27.5 3.90294
125.5 27.5 3.90805
126 27.5 3.88295
126.5 27.5 3.92151
127 27.5 3.85922
127.5 27.5 3.92756
128 27.5 3.98362
128.5 27.5 3.93803
129 27.5 3.93856
129.5 27.5 3.98348
130 27.5 3.98069
130.5 27.5 3.96576
131 27.5 3.96436
131.5 27.5 3.96274
132 27.5 3.9378
132.5 27.5 3.93957
133 27.5 3.94173
85 28 3.83639
85.5 28 3.83003
86 28 3.83639
86.5 28 4.05813
87 28 4.05379
87.5 28 3.97042
88 28 3.96993
88.5 28 3.90452
89 28 3.90762
89.5 28 4.05434
90 28 4.05096
90.5 28 4.03986
91 28 3.86808
91.5 28 3.78139
92 28 4.486
92.5 28 4.10527
93 28 3.95394
93.5 28 4.09328
94 28 3.93428
94.5 28 3.95823
95 28 3.93175
95.5 28 3.96205
96 28 4.06505
96.5 28 4.03181
97 28 4.01202
97.5 28 3.88266
98 28 4.03121
98.5 28 4.4516
99 28 4.07193
99.5 28 4.06342
100 28 4.05367
100.5 28 4.01088
101 28 4.00807
101.5 28 4.00724
102 28 4.04615
102.5 28 4.06903
103 28 4.03518
103.5 28 4.1066
104 28 4.04513
104.5 28 4.13004
105 28 4.09622
105.5 28 4.10842
106 28 4.10739
106.5 28 4.09694
107 28 4.18833
107.5 28 4.12583
108 28 4.17308
108.5 28 4.14672
109 28 4.10861
109.5 28 4.1443
110 28 4.12757
110.5 28 4.10106
111 28 4.09984
111.5 28 4.07811
112 28 3.976
112.5 28 4.04541
113 28 4.06712
113.5 28 4.05738
114 28 4.09864
114.5 28 4.05305
115 28 4.3834
115.5 28 3.98567
116 28 3.94605
116.5 28 3.97688
117 28 3.93867
117.5 28 3.98083
118 28 3.9553
118.5 28 3.99347
119 28 4.01363
119.5 28 3.94046
120 28 3.98633
120.5 28 4.00519
121 28 3.97821
121.5 28 3.95046
122 28 3.88456
122.5 28 3.94773
123 28 3.91088
123.5 28 3.89757
124 28 3.86693
124.5 28 3.81855
125 28 3.83021
125.5 28 3.83075
126 28 3.90676
126.5 28 3.89348
127 28 3.87469
127.5 28 3.98767
128 28 3.9651
128.5 28 3.93644
129 28 3.98893
129.5 28 3.96929
130 28 3.96857
130.5 28 3.96716
131 28 3.96544
131.5 28 3.93355
132 28 3.93521
132.5 28 3.93718
133 28 3.93956
85 28.5 3.82764
85.5 28.5 4.3795
86 28.5 3.98224
86.5 28.5 4.07114
87 28.5 4.08378
87.5 28.5 3.97194
88 28.5 3.98868
88.5 28.5 3.89468
89 28.5 3.90238
89.5 28.5 4.06391
90 28.5 4.03174
90.5 28.5 4.04821
91 28.5 3.88556
91.5 28.5 4.07553
92 28.5 3.90718
92.5 28.5 3.99873
93 28.5 4.04789
93.5 28.5 3.98209
94 28.5 3.96468
94.5 28.5 3.98871
95 28.5 4.06333
95.5 28.5 4.6032
96 28.5 4.01711
96.5 28.5 3.9659
97 28.5 3.87845
97.5 28.5 3.99567
98 28.5 3.85428
98.5 28.5 4.0406
99 28.5 4.0253
99.5 28.5 3.97887
100 28.5 3.96936
100.5 28.5 3.96902
101 28.5 3.96646
101.5 28.5 3.98241
102 28.5 4.07136
102.5 28.5 4.15352
103 28.5 4.06658
103.5 28.5 4.09255
104 28.5 4.13713
104.5 28.5 4.0908
105 28.5 4.11121
105.5 28.5 4.07228
106 28.5 4.10267
106.5 28.5 4.13228
107 28.5 4.12368
107.5 28.5 4.15437
108 28.5 4.13983
108.5 28.5 4.18317
109 28.5 4.14185
109.5 28.5 4.19566
110 28.5 4.13945
110.5 28.5 4.10827
111 28.5 4.09582
111.5 28.5 4.09715
112 28.5 4.10665
112.5 28.5 4.06105
113 28.5 4.01769
113.5 28.5 4.00097
114 28.5 4.02062
114.5 28.5 3.94003
115 28.5 3.9901
115.5 28.5 4.0078
116 28.5 3.989
116.5 28.5 3.9153
117 28.5 4.00625
117.5 28.5 3.99233
118 28.5 3.91253
118.5 28.5 3.97703
119 28.5 3.93742
119.5 28.5 3.97095
120 28.5 4.0032
120.5 28.5 4.00809
121 28.5 3.98485
121.5 28.5 3.9979
122 28.5 3.92927
122.5 28.5 3.85324
123 28.5 3.82667
123.5 28.5 3.82298
124 28.5 3.86707
124.5 28.5 3.82562
125 28.5 3.82667
125.5 28.5 3.85981
126 28.5 3.93572
126.5 28.5 3.93069
127 28.5 3.86698
127.5 28.5 3.95847
128 28.5 3.90802
128.5 28.5 3.95658
129 28.5 3.96117
129.5 28.5 3.97139
130 28.5 3.96957
130.5 28.5 3.96767
131 28.5 3.9295
131.5 28.5 3.93096
132 28.5 3.93302
132.5 28.5 3.93716
133 28.5 3.93886
85 29 3.83629
85.5 29 3.86723
86 29 3.80754
86.5 29 3.83564
87 29 4.05157
87.5 29 3.99988
88 29 3.95989
88.5 29 3.89082
89 29 3.89874
89.5 29 4.01952
90 29 4.0197
90.5 29 3.9726
91 29 3.95409
91.5 29 3.99809
92 29 3.9394
92.5 29 4.03402
93 29 4.01364
93.5 29 4.04978
94 29 4.09522
94.5 29 4.05147
95 29 3.94318
95.5 29 4.11852
96 29 3.99981
96.5 29 3.85566
97 29 4.5461
97.5 29 3.82179
98 29 3.97931
98.5 29 3.91267
99 29 3.99602
99.5 29 4.00208
100 29 3.93358
100.5 29 4.01113
101 29 3.97737
101.5 29 4.02377
102 29 4.05812
102.5 29 4.08875
103 29 4.08909
103.5 29 4.09632
104 29 4.04627
104.5 29 4.17121
105 29 4.13067
105.5 29 4.06187
106 29 4.12679
106.5 29 4.14756
107 29 4.17829
107.5 29 4.14839
108 29 4.15081
108.5 29 4.18888
109 29 4.16633
109.5 29 4.14933
110 29 4.17466
110.5 29 4.1511
111 29 4.11061
111.5 29 4.07626
112 29 4.1144
112.5 29 4.06553
113 29 3.97198
113.5 29 3.99443
114 29 4.03848
114.5 29 3.98083
115 29 3.93093
115.5 29 4.03215
116 29 3.94541
116.5 29 3.92618
117 29 3.95816
117.5 29 3.94223
118 29 3.9375
118.5 29 3.95326
119 29 3.97854
119.5 29 4.0151
120 29 3.96436
120.5 29 3.95585
121 29 3.97259
121.5 29 3.97294
122 29 4.0237
122.5 29 3.84258
123 29 3.85585
123.5 29 3.88925
124 29 3.86219
124.5 29 3.8439
125 29 3.8773
125.5 29 3.85749
126 29 3.84617
126.5 29 3.88534
127 29 3.8456
127.5 29 3.91542
128 29 3.89484
128.5 29 3.9412
129 29 3.9516
129.5 29 3.92976
130 29 3.96857
130.5 29 3.92585
131 29 3.92689
131.5 29 3.92897
132 29 3.93403
132.5 29 3.93544
133 29 3.90574
85 29.5 3.9962
85.5 29.5 3.92732
86 29.5 3.87821
86.5 29.5 3.81154
87 29.5 3.91749
87.5 29.5 3.87322
88 29.5 3.92434
88.5 29.5 3.98747
89 29.5 3.90664
89.5 29.5 4.01645
90 29.5 3.92886
90.5 29.5 3.99333
91 29.5 3.85725
91.5 29.5 3.92788
92 29.5 4.06481
92.5 29.5 4.02989
93 29.5 3.94209
93.5 29.5 3.85001
94 29.5 4.04459
94.5 29.5 3.98949
95 29.5 3.94582
95.5 29.5 4.04108
96 29.5 4.02792
96.5 29.5 3.97933
97 29.5 3.95387
97.5 29.5 3.9022
98 29.5 4.09499
98.5 29.5 4.07112
99 29.5 4.03439
99.5 29.5 3.94254
100 29.5 4.02203
100.5 29.5 4.01564
101 29.5 4.00921
101.5 29.5 4.00881
102 29.5 3.99598
102.5 29.5 4.1072
103 29.5 4.12304
103.5 29.5 4.10544
104 29.5 4.02789
104.5 29.5 4.12889
105 29.5 4.10631
105.5 29.5 4.15057
106 29.5 4.08876
106.5 29.5 4.1419
107 29.5 4.13836
107.5 29.5 4.13549
108 29.5 4.11531
108.5 29.5 4.12613
109 29.5 4.16259
109.5 29.5 4.12481
110 29.5 4.13081
110.5 29.5 4.10321
111 29.5 4.06646
111.5 29.5 4.02607
112 29.5 3.97473
112.5 29.5 3.94628
113 29.5 4.03067
113.5 29.5 3.97753
114 29.5 4.0146
114.5 29.5 4.03048
115 29.5 3.97319
115.5 29.5 4.03155
116 29.5 3.97559
116.5 29.5 3.92785
117 29.5 4.00219
117.5 29.5 3.99358
118 29.5 3.92555
118.5 29.5 3.99273
119 29.5 3.94183
119.5 29.5 4.03658
120 29.5 3.94856
120.5 29.5 3.94295
121 29.5 3.99905
121.5 29.5 3.9795
122 29.5 3.97763
122.5 29.5 3.88013
123 29.5 3.82939
123.5 29.5 3.86924
124 29.5 3.84935
124.5 29.5 3.87663
125 29.5 3.85239
125.5 29.5 3.88288
126 29.5 3.82666
126.5 29.5 3.86308
127 29.5 3.86773
127.5 29.5 3.85012
128 29.5 3.84168
128.5 29.5 3.87205
129 29.5 3.92227
129.5 29.5 3.92634
130 29.5 3.94673
130.5 29.5 3.92293
131 29.5 3.92543
131.5 29.5 3.931
132 29.5 3.93251
132.5 29.5 3.89454
133 29.5 3.89979
85 30 3.87025
85.5 30 3.68094
86 30 3.75603
86.5 30 3.96662
87 30 4.00104
87.5 30 3.85665
88 30 3.90761
88.5 30 4.00807
89 30 3.8472
89.5 30 3.98725
90 30 4.02166
90.5 30 4.02509
91 30 3.95539
91.5 30 4.02831
92 30 3.91007
92.5 30 3.89718
93 30 3.96068
93.5 30 4.03624
94 30 3.97958
94.5 30 3.89767
95 30 4.02868
95.5 30 3.9633
96 30 4.08528
96.5 30 3.97308
97 30 4.08007
97.5 30 4.04783
98 30 4.10938
98.5 30 4.04518
99 30 4.04519
99.5 30 3.93293
100 30 3.97286
100.5 30 4.03469
101 30 3.99606
101.5 30 3.98107
102 30 4.07397
102.5 30 4.04903
103 30 4.10223
103.5 30 4.11784
104 30 4.11782
104.5 30 4.14216
105 30 4.10245
105.5 30 4.11303
106 30 4.09888
106.5 30 4.14906
107 30 4.1278
107.5 30 4.12499
108 30 4.12105
108.5 30 4.10279
109 30 4.08174
109.5 30 4.10081
110 30 4.10839
110.5 30 4.09722
111 30 4.04966
111.5 30 4.03465
112 30 3.99809
112.5 30 4.0222
113 30 3.95976
113.5 30 4.0549
114 30 4.07893
114.5 30 4.07681
115 30 4.00857
115.5 30 4.03291
116 30 4.06138
116.5 30 4.02414
117 30 3.95678
117.5 30 3.99741
118 30 3.98283
118.5 30 3.93604
119 30 3.98319
119.5 30 3.99825
120 30 3.99774
120.5 30 3.92963
121 30 3.96379
121.5 30 4.06075
122 30 3.96308
122.5 30 3.96966
123 30 3.8554
123.5 30 3.8875
124 30 3.88431
124.5 30 3.90244
125 30 3.85321
125.5 30 3.89629
126 30 3.88002
126.5 30 3.8725
127 30 3.80691
127.5 30 3.86299
128 30 3.86583
128.5 30 3.89227
129 30 3.91395
129.5 30 3.88881
130 30 3.95669
130.5 30 3.93094
131 30 3.92798
131.5 30 3.88122
132 30 3.88381
132.5 30 3.88928
133 30 3.93261
85 30.5 3.92005
85.5 30.5 3.80923
86 30.5 3.86251
86.5 30.5 4.01067
87 30.5 4.07671
87.5 30.5 3.85824
88 30.5 3.98332
88.5 30.5 3.89056
89 30.5 4.00268
89.5 30.5 4.0492
90 30.5 3.87465
90.5 30.5 3.96067
91 30.5 4.03612
91.5 30.5 3.86276
92 30.5 3.89836
92.5 30.5 3.88273
93 30.5 3.76978
93.5 30.5 3.82848
94 30.5 3.86716
94.5 30.5 3.9157
95 30.5 3.95852
95.5 30.5 4.0724
96 30.5 4.06043
96.5 30.5 3.90498
97 30.5 3.9668
97.5 30.5 3.78684
98 30.5 3.86125
98.5 30.5 3.93057
99 30.5 3.91308
99.5 30.5 4.0749
100 30.5 3.99834
100.5 30.5 4.04582
101 30.5 4.02631
101.5 30.5 3.98598
102 30.5 4.02657
102.5 30.5 4.08156
103 30.5 4.11692
103.5 30.5 4.1309
104 30.5 4.13348
104.5 30.5 4.09813
105 30.5 4.0877
105.5 30.5 4.07641
106 30.5 4.11834
106.5 30.5 4.10237
107 30.5 4.07642
107.5 30.5 4.09591
108 30.5 4.13477
108.5 30.5 4.10417
109 30.5 4.06723
109.5 30.5 4.09032
110 30.5 4.08745
110.5 30.5 4.08221
111 30.5 4.04814
111.5 30.5 4.0446
112 30.5 4.01624
112.5 30.5 4.01325
113 30.5 4.00956
113.5 30.5 4.05566
114 30.5 4.04733
114.5 30.5 4.03244
115 30.5 4.00936
115.5 30.5 3.9427
116 30.5 4.01172
116.5 30.5 4.04812
117 30.5 3.96553
117.5 30.5 3.98949
118 30.5 3.93112
118.5 30.5 3.88931
119 30.5 3.93708
119.5 30.5 3.96766
120 30.5 4.02623
120.5 30.5 3.97935
121 30.5 3.99192
121.5 30.5 3.99066
122 30.5 3.97583
122.5 30.5 3.9245
123 30.5 3.94388
123.5 30.5 3.89987
124 30.5 3.87194
124.5 30.5 3.8779
125 30.5 3.88108
125.5 30.5 3.88156
126 30.5 3.88937
126.5 30.5 3.85289
127 30.5 3.91515
127.5 30.5 3.84193
128 30.5 3.84388
128.5 30.5 3.85969
129 30.5 3.86587
129.5 30.5 3.8762
130 30.5 3.92164
130.5 30.5 3.94615
131 30.5 3.87803
131.5 30.5 3.87318
132 30.5 3.88009
132.5 30.5 3.92952
133 30.5 3.9311
85 31 3.90285
85.5 31 3.91138
86 31 3.89222
86.5 31 4.06873
87 31 4.0131
87.5 31 3.94866
88 31 4.01055
88.5 31 3.92119
89 31 3.88085
89.5 31 3.9027
90 31 3.96494
90.5 31 3.92289
91 31 3.86949
91.5 31 3.95631
92 31 3.8688
92.5 31 3.78021
93 31 3.75241
93.5 31 3.8369
94 31 3.84619
94.5 31 3.69591
95 31 3.87875
95.5 31 3.85432
96 31 3.7729
96.5 31 3.84377
97 31 4.00284
97.5 31 3.91634
98 31 3.99701
98.5 31 3.90278
99 31 3.86114
99.5 31 4.04223
100 31 4.01704
100.5 31 4.01855
101 31 4.01136
101.5 31 4.02685
102 31 4.01237
102.5 31 4.03902
103 31 4.03296
103.5 31 4.1221
104 31 4.07154
104.5 31 4.12418
105 31 4.14106
105.5 31 4.12505
106 31 4.15718
106.5 31 4.0881
107 31 4.10419
107.5 31 4.07574
108 31 4.15862
108.5 31 4.13293
109 31 4.17154
109.5 31 4.11993
110 31 4.05643
110.5 31 4.07924
111 31 4.04547
111.5 31 4.04039
112 31 4.07561
112.5 31 4.02215
113 31 4.0247
113.5 31 4.04106
114 31 4.04556
114.5 31 3.98953
115 31 4.02232
115.5 31 3.98749
116 31 3.95529
116.5 31 3.97587
117 31 3.98087
117.5 31 3.99553
118 31 4.02035
118.5 31 3.92207
119 31 3.93261
119.5 31 3.98267
120 31 3.93593
120.5 31 3.98186
121 31 3.99986
121.5 31 4.00757
122 31 4.00194
122.5 31 3.97826
123 31 3.86022
123.5 31 3.84201
124 31 3.85882
124.5 31 3.89038
125 31 3.88352
125.5 31 3.90055
126 31 3.87531
126.5 31 3.85645
127 31 3.86019
127.5 31 3.83874
128 31 3.81199
128.5 31 3.86133
129 31 3.86878
129.5 31 3.88225
130 31 3.93129
130.5 31 3.96823
131 31 3.91771
131.5 31 3.89035
132 31 3.92652
132.5 31 3.86504
133 31 3.86811
85 31.5 3.9101
85.5 31.5 4.00002
86 31.5 4.00285
86.5 31.5 3.97526
87 31.5 3.98468
87.5 31.5 3.9479
88 31.5 3.83007
88.5 31.5 3.90389
89 31.5 3.811
89.5 31.5 3.80723
90 31.5 3.94768
90.5 31.5 3.9058
91 31.5 3.86093
91.5 31.5 3.71818
92 31.5 3.85429
92.5 31.5 3.89547
93 31.5 3.80661
93.5 31.5 3.85535
94 31.5 3.9386
94.5 31.5 4.5058
95 31.5 3.91102
95.5 31.5 3.82126
96 31.5 3.94815
96.5 31.5 3.82692
97 31.5 3.99236
97.5 31.5 3.94868
98 31.5 3.92707
98.5 31.5 4.00168
99 31.5 4.00191
99.5 31.5 4.00274
100 31.5 3.99762
100.5 31.5 3.95988
101 31.5 4.01233
101.5 31.5 3.99272
102 31.5 4.03559
102.5 31.5 4.03651
103 31.5 3.99534
103.5 31.5 4.01735
104 31.5 4.07063
104.5 31.5 4.11443
105 31.5 4.11269
105.5 31.5 4.15404
106 31.5 4.13911
106.5 31.5 4.10216
107 31.5 4.13372
107.5 31.5 4.135
108 31.5 4.109
108.5 31.5 4.16812
109 31.5 4.11219
109.5 31.5 4.11851
110 31.5 4.14438
110.5 31.5 4.10146
111 31.5 4.11236
111.5 31.5 4.14552
112 31.5 4.08433
112.5 31.5 4.03452
113 31.5 4.10154
113.5 31.5 4.04405
114 31.5 4.05618
114.5 31.5 4.07141
115 31.5 4.01999
115.5 31.5 4.05775
116 31.5 4.04509
116.5 31.5 3.98629
117 31.5 3.99279
117.5 31.5 3.99311
118 31.5 3.96513
118.5 31.5 3.92039
119 31.5 4.4097
119.5 31.5 3.9327
120 31.5 3.92996
120.5 31.5 3.96267
121 31.5 4.03699
121.5 31.5 4.01569
122 31.5 4.02836
122.5 31.5 3.96095
123 31.5 3.86599
123.5 31.5 3.89142
124 31.5 3.91806
124.5 31.5 3.96998
125 31.5 3.97222
125.5 31.5 3.88322
126 31.5 3.8831
126.5 31.5 3.87134
127 31.5 3.9087
127.5 31.5 3.83648
128 31.5 3.87262
128.5 31.5 3.83451
129 31.5 3.81175
129.5 31.5 3.8589
130 31.5 3.95864
130.5 31.5 4.5275
131 31.5 3.95631
131.5 31.5 3.8341
132 31.5 3.89517
132.5 31.5 3.85522
133 31.5 3.88048
85 32 3.90234
85.5 32 3.79696
86 32 3.9109
86.5 32 3.90393
87 32 3.88187
87.5 32 3.88346
88 32 3.73267
88.5 32 3.79414
89 32 3.79797
89.5 32 3.84373
90 32 3.79306
90.5 32 3.89824
91 32 4.01667
91.5 32 3.88246
92 32 3.90223
92.5 32 3.96462
93 32 3.80055
93.5 32 3.88129
94 32 3.94821
94.5 32 4.0009
95 32 3.9825
95.5 32 3.89584
96 32 4.04258
96.5 32 3.83825
97 32 3.75544
97.5 32 4.04902
98 32 3.97975
98.5 32 4.04905
99 32 3.91022
99.5 32 3.94185
100 32 3.93618
100.5 32 3.98936
101 32 4.01613
101.5 32 4.01803
102 32 3.93365
102.5 32 3.95756
103 32 3.99367
103.5 32 4.05336
104 32 4.07719
104.5 32 4.04451
105 32 4.12926
105.5 32 4.12289
106 32 4.16294
106.5 32 4.13609
107 32 4.14795
107.5 32 4.15428
108 32 4.12334
108.5 32 4.13898
109 32 4.05357
109.5 32 4.11531
110 32 4.07063
110.5 32 4.09883
111 32 4.08101
111.5 32 4.09763
112 32 4.08219
112.5 32 4.05555
113 32 4.04817
113.5 32 4.07554
114 32 4.03413
114.5 32 4.04746
115 32 4.00058
115.5 32 4.04056
116 32 3.93096
116.5 32 3.91687
117 32 3.99399
117.5 32 4.01458
118 32 4.02504
118.5 32 4.01599
119 32 3.91588
119.5 32 3.99976
120 32 3.88298
120.5 32 3.96735
121 32 3.97744
121.5 32 3.99722
122 32 3.93237
122.5 32 3.86231
123 32 3.93163
123.5 32 3.87012
124 32 3.91702
124.5 32 3.91077
125 32 3.86684
125.5 32 3.88438
126 32 3.87072
126.5 32 3.8977
127 32 3.87319
127.5 32 3.83585
128 32 3.85562
128.5 32 3.83682
129 32 3.83316
129.5 32 3.88989
130 32 3.90265
130.5 32 4.08708
131 32 4.12543
131.5 32 3.90785
132 32 3.87951
132.5 32 3.87063
133 32 3.88273
85 32.5 3.8876
85.5 32.5 3.80062
86 32.5 3.85871
86.5 32.5 3.91769
87 32.5 3.95559
87.5 32.5 3.91068
88 32.5 3.88397
88.5 32.5 3.94543
89 32.5 4.01063
89.5 32.5 3.92263
90 32.5 3.81352
90.5 32.5 3.89203
91 32.5 3.87834
91.5 32.5 4.01329
92 32.5 3.77274
92.5 32.5 3.75086
93 32.5 3.8135
93.5 32.5 3.9956
94 32.5 3.91841
94.5 32.5 3.82326
95 32.5 3.89688
95.5 32.5 3.93056
96 32.5 3.9654
96.5 32.5 3.75423
97 32.5 3.74199
97.5 32.5 3.84711
98 32.5 3.84593
98.5 32.5 3.88684
99 32.5 3.92639
99.5 32.5 4.00076
100 32.5 3.8634
100.5 32.5 3.81955
101 32.5 3.98494
101.5 32.5 4.01272
102 32.5 3.99164
102.5 32.5 3.89819
103 32.5 4.04421
103.5 32.5 4.00962
104 32.5 4.02668
104.5 32.5 4.07211
105 32.5 4.11257
105.5 32.5 4.11827
106 32.5 4.14979
106.5 32.5 4.09846
107 32.5 4.18341
107.5 32.5 4.11087
108 32.5 4.08173
108.5 32.5 4.09782
109 32.5 4.04358
109.5 32.5 4.00951
110 32.5 4.00116
110.5 32.5 4.05071
111 32.5 4.06281
111.5 32.5 4.05249
112 32.5 4.05586
112.5 32.5 4.1026
113 32.5 4.0866
113.5 32.5 3.95752
114 32.5 4.10823
114.5 32.5 4.10134
115 32.5 4.06239
115.5 32.5 4.02435
116 32.5 3.99274
116.5 32.5 3.95232
117 32.5 3.87412
117.5 32.5 4.01153
118 32.5 3.95265
118.5 32.5 3.98982
119 32.5 3.96229
119.5 32.5 4.02532
120 32.5 3.99208
120.5 32.5 3.91041
121 32.5 3.88232
121.5 32.5 3.9235
122 32.5 3.86273
122.5 32.5 3.85539
123 32.5 3.90643
123.5 32.5 3.93926
124 32.5 3.85845
124.5 32.5 3.896
125 32.5 3.89485
125.5 32.5 3.87686
126 32.5 3.92852
126.5 32.5 3.92067
127 32.5 3.86961
127.5 32.5 3.88999
128 32.5 3.88551
128.5 32.5 3.86274
129 32.5 3.87008
129.5 32.5 3.8599
130 32.5 3.88361
130.5 32.5 3.97149
131 32.5 4.3312
131.5 32.5 4.09073
132 32.5 3.92499
132.5 32.5 3.91051
133 32.5 3.90938
85 33 3.8866
85.5 33 3.8269
86 33 3.72389
86.5 33 3.68399
87 33 3.82175
87.5 33 3.84896
88 33 3.87983
88.5 33 3.96732
89 33 3.98002
89.5 33 3.79769
90 33 3.93602
90.5 33 3.67455
91 33 3.79334
91.5 33 3.72528
92 33 3.92308
92.5 33 3.90783
93 33 3.8982
93.5 33 3.9674
94 33 3.92958
94.5 33 3.81914
95 33 3.86296
95.5 33 3.80432
96 33 3.94981
96.5 33 3.98805
97 33 3.8637
97.5 33 3.89665
98 33 3.88695
98.5 33 3.82528
99 33 3.86633
99.5 33 3.76184
100 33 3.97082
100.5 33 3.91019
101 33 3.94853
101.5 33 3.9561
102 33 3.90775
102.5 33 3.89191
103 33 3.96552
103.5 33 4.01374
104 33 4.02309
104.5 33 4.06293
105 33 4.11396
105.5 33 4.12141
106 33 4.1607
106.5 33 4.10247
107 33 4.08575
107.5 33 4.04282
108 33 4.05369
108.5 33 4.08241
109 33 3.97799
109.5 33 4.07438
110 33 4.08295
110.5 33 3.96428
111 33 4.02628
111.5 33 4.02387
112 33 4.05073
112.5 33 4.04011
113 33 4.0694
113.5 33 4.06327
114 33 4.07077
114.5 33 4.08199
115 33 4.06684
115.5 33 4.04363
116 33 4.02693
116.5 33 3.95226
117 33 4.01991
117.5 33 3.95197
118 33 3.96755
118.5 33 3.95884
119 33 3.97415
119.5 33 3.97302
120 33 3.94217
120.5 33 3.956
121 33 3.89086
121.5 33 3.98775
122 33 3.87026
122.5 33 3.83791
123 33 3.92397
123.5 33 3.82694
124 33 3.86139
124.5 33 3.91684
125 33 3.88123
125.5 33 3.89499
126 33 3.92995
126.5 33 3.8418
127 33 3.88464
127.5 33 3.91786
128 33 3.91011
128.5 33 3.83869
129 33 3.86975
129.5 33 3.87308
130 33 3.98105
130.5 33 3.98907
131 33 3.95925
131.5 33 3.90685
132 33 3.93677
132.5 33 4.02387
133 33 4.10679
85 33.5 3.91007
85.5 33.5 3.78466
86 33.5 4.4725
86.5 33.5 3.83776
87 33.5 3.8018
87.5 33.5 4.1748
88 33.5 3.86492
88.5 33.5 3.93157
89 33.5 3.92378
89.5 33.5 3.80581
90 33.5 3.56263
90.5 33.5 3.80319
91 33.5 3.63498
91.5 33.5 3.92623
92 33.5 3.86872
92.5 33.5 3.91312
93 33.5 3.72666
93.5 33.5 3.86385
94 33.5 3.90563
94.5 33.5 3.81125
95 33.5 3.74403
95.5 33.5 3.86748
96 33.5 3.90643
96.5 33.5 3.78464
97 33.5 3.89471
97.5 33.5 3.93207
98 33.5 3.83148
98.5 33.5 3.92474
99 33.5 3.94951
99.5 33.5 3.97412
100 33.5 3.87216
100.5 33.5 3.87679
101 33.5 3.9646
101.5 33.5 3.93719
102 33.5 3.97186
102.5 33.5 3.98609
103 33.5 3.98169
103.5 33.5 4.02984
104 33.5 4.01934
104.5 33.5 3.97621
105 33.5 4.11415
105.5 33.5 3.9968
106 33.5 4.12442
106.5 33.5 4.05723
107 33.5 4.05666
107.5 33.5 4.09018
108 33.5 4.03184
108.5 33.5 4.05366
109 33.5 4.0089
109.5 33.5 4.07381
110 33.5 4.05821
110.5 33.5 4.02795
111 33.5 3.95864
111.5 33.5 4.0107
112 33.5 4.05424
112.5 33.5 4.09957
113 33.5 4.07027
113.5 33.5 4.03417
114 33.5 4.09275
114.5 33.5 4.04654
115 33.5 4.02455
115.5 33.5 3.96995
116 33.5 4.04831
116.5 33.5 3.96838
117 33.5 3.9673
117.5 33.5 4.00436
118 33.5 4.01707
118.5 33.5 4.03405
119 33.5 3.9847
119.5 33.5 3.97956
120 33.5 3.90534
120.5 33.5 3.79356
121 33.5 3.86293
121.5 33.5 3.85523
122 33.5 3.88461
122.5 33.5 3.91448
123 33.5 3.9475
123.5 33.5 3.93882
124 33.5 3.86819
124.5 33.5 3.89369
125 33.5 3.88913
125.5 33.5 3.92538
126 33.5 3.9219
126.5 33.5 3.87671
127 33.5 3.92466
127.5 33.5 3.86109
128 33.5 3.91761
128.5 33.5 3.91432
129 33.5 3.87425
129.5 33.5 3.84629
130 33.5 3.75308
130.5 33.5 4.08106
131 33.5 4.06153
131.5 33.5 3.91723
132 33.5 3.91437
132.5 33.5 4.3439
133 33.5 4.09883
85 34 3.89802
85.5 34 3.72486
86 34 3.68629
86.5 34 3.84955
87 34 4.00146
87.5 34 4.5783
88 34 3.96196
88.5 34 4.0915
89 34 3.95863
89.5 34 3.7478
90 34 3.74539
90.5 34 3.73928
91 34 3.85511
91.5 34 3.76138
92 34 3.78481
92.5 34 3.80167
93 34 3.78391
93.5 34 3.74346
94 34 3.84147
94.5 34 3.88577
95 34 3.86552
95.5 34 3.8221
96 34 3.97015
96.5 34 3.81458
97 34 3.78929
97.5 34 3.99895
98 34 3.90955
98.5 34 3.80419
99 34 3.80355
99.5 34 3.85341
100 34 3.94162
100.5 34 4.5733
101 34 3.86913
101.5 34 3.95122
102 34 3.93953
102.5 34 3.95363
103 34 4.04032
103.5 34 3.90572
104 34 3.80231
104.5 34 3.97128
105 34 4.02355
105.5 34 4.10733
106 34 4.07152
106.5 34 4.00685
107 34 4.04123
107.5 34 4.02451
108 34 3.9525
108.5 34 4.04462
109 34 4.0406
109.5 34 4.06255
110 34 4.06198
110.5 34 4.11599
111 34 4.04509
111.5 34 4.02369
112 34 3.95332
112.5 34 4.00515
113 34 4.01733
113.5 34 3.9872
114 34 4.06002
114.5 34 4.06393
115 34 4.03773
115.5 34 4.02748
116 34 3.97463
116.5 34 4.0302
117 34 3.97107
117.5 34 3.99445
118 34 4.00417
118.5 34 3.97337
119 34 4.01457
119.5 34 3.96557
120 34 3.95973
120.5 34 3.82147
121 34 3.82177
121.5 34 3.87844
122 34 3.90152
122.5 34 3.90598
123 34 3.94601
123.5 34 3.9263
124 34 3.92608
124.5 34 3.97037
125 34 3.91648
125.5 34 3.95733
126 34 3.92445
126.5 34 3.90154
127 34 3.89482
127.5 34 3.84842
128 34 3.92286
128.5 34 3.90206
129 34 3.87966
129.5 34 3.86008
130 34 3.9056
130.5 34 3.87417
131 34 4.00537
131.5 34 3.77263
132 34 3.99571
132.5 34 4.00721
133 34 3.94275
85 34.5 3.79992
85.5 34.5 3.76896
86 34.5 3.82407
86.5 34.5 3.76024
87 34.5 3.85733
87.5 34.5 3.8309
88 34.5 3.89585
88.5 34.5 3.88594
89 34.5 3.68306
89.5 34.5 3.74235
90 34.5 3.79495
90.5 34.5 3.79185
91 34.5 3.80591
91.5 34.5 3.6638
92 34.5 3.77558
92.5 34.5 3.68441
93 34.5 3.69452
93.5 34.5 3.72599
94 34.5 3.86455
94.5 34.5 3.69664
95 34.5 3.9148
95.5 34.5 3.92173
96 34.5 3.89808
96.5 34.5 3.76012
97 34.5 3.85366
97.5 34.5 3.88026
98 34.5 3.88876
98.5 34.5 3.74707
99 34.5 3.94333
99.5 34.5 3.81417
100 34.5 4.02478
100.5 34.5 3.77803
101 34.5 3.91053
101.5 34.5 3.91098
102 34.5 3.81848
102.5 34.5 4.3645
103 34.5 3.84906
103.5 34.5 3.87474
104 34.5 3.99607
104.5 34.5 4.03603
105 34.5 3.9457
105.5 34.5 3.85068
106 34.5 3.96286
106.5 34.5 3.97753
107 34.5 4.06467
107.5 34.5 4.00968
108 34.5 4.01386
108.5 34.5 3.88044
109 34.5 4.2084
109.5 34.5 3.95267
110 34.5 3.97385
110.5 34.5 3.87707
111 34.5 4.06279
111.5 34.5 3.95105
112 34.5 3.87962
112.5 34.5 3.8199
113 34.5 3.94503
113.5 34.5 3.93305
114 34.5 3.90364
114.5 34.5 3.99326
115 34.5 3.92059
115.5 34.5 4.02049
116 34.5 3.97634
116.5 34.5 4.5233
117 34.5 4.07854
117.5 34.5 4.02025
118 34.5 4.2427
118.5 34.5 4.07735
119 34.5 3.99725
119.5 34.5 3.90392
120 34.5 3.91663
120.5 34.5 3.89724
121 34.5 3.88783
121.5 34.5 3.89684
122 34.5 3.94447
122.5 34.5 3.88584
123 34.5 3.96597
123.5 34.5 3.97284
124 34.5 3.95942
124.5 34.5 3.96185
125 34.5 3.96009
125.5 34.5 3.92676
126 34.5 3.89876
126.5 34.5 3.91661
127 34.5 4.2714
127.5 34.5 3.94926
128 34.5 3.90924
128.5 34.5 3.91837
129 34.5 3.93245
129.5 34.5 3.90951
130 34.5 3.86396
130.5 34.5 3.89391
131 34.5 3.90118
131.5 34.5 3.91135
132 34.5 4.03444
132.5 34.5 3.91563
133 34.5 3.85084
85 35 3.82824
85.5 35 3.78928
86 35 3.6577
86.5 35 3.68229
87 35 3.66801
87.5 35 4.14275
88 35 3.82948
88.5 35 3.99509
89 35 3.73515
89.5 35 3.90554
90 35 3.84419
90.5 35 3.8242
91 35 3.94132
91.5 35 3.70121
92 35 3.6757
92.5 35 3.70763
93 35 3.83898
93.5 35 3.69395
94 35 3.69008
94.5 35 3.70342
95 35 3.72471
95.5 35 3.85549
96 35 3.92026
96.5 35 3.77946
97 35 3.93737
97.5 35 3.98828
98 35 3.97385
98.5 35 3.73722
99 35 3.92576
99.5 35 3.92995
100 35 3.95805
100.5 35 3.98409
101 35 3.95584
101.5 35 3.9
102 35 4.07361
102.5 35 4.08028
103 35 3.87008
103.5 35 3.89315
104 35 3.91004
104.5 35 3.79534
105 35 3.80728
105.5 35 3.80081
106 35 3.74919
106.5 35 4.06854
107 35 3.92466
107.5 35 4.11299
108 35 4.0618
108.5 35 4.08213
109 35 3.99189
109.5 35 3.92045
110 35 4.03879
110.5 35 3.87531
111 35 3.97098
111.5 35 3.96546
112 35 3.88791
112.5 35 4.1252
113 35 3.93803
113.5 35 3.89481
114 35 3.87255
114.5 35 3.89615
115 35 4.02164
115.5 35 4.05749
116 35 4.04487
116.5 35 4.02226
117 35 3.97978
117.5 35 3.97179
118 35 3.89317
118.5 35 3.80247
119 35 3.90863
119.5 35 3.80678
120 35 3.90309
120.5 35 3.86574
121 35 3.88545
121.5 35 3.91393
122 35 3.95144
122.5 35 3.93771
123 35 3.97866
123.5 35 3.93331
124 35 3.97545
124.5 35 3.92226
125 35 3.90903
125.5 35 3.87785
126 35 3.85779
126.5 35 3.94706
127 35 3.91483
127.5 35 4.0897
128 35 3.84505
128.5 35 4.05215
129 35 3.87838
129.5 35 3.86529
130 35 3.91534
130.5 35 3.89045
131 35 3.87366
131.5 35 3.89431
132 35 3.88898
132.5 35 4.066
133 35 3.89711
85 35.5 3.71229
85.5 35.5 3.84242
86 35.5 3.75813
86.5 35.5 3.846
87 35.5 3.68282
87.5 35.5 3.83018
88 35.5 3.86809
88.5 35.5 4.0359
89 35.5 3.98666
89.5 35.5 3.88579
90 35.5 3.67956
90.5 35.5 3.74161
91 35.5 3.86779
91.5 35.5 3.80971
92 35.5 3.77984
92.5 35.5 3.91527
93 35.5 3.74082
93.5 35.5 3.9263
94 35.5 3.78483
94.5 35.5 3.86972
95 35.5 3.83068
95.5 35.5 3.83664
96 35.5 3.87206
96.5 35.5 3.79269
97 35.5 3.78581
97.5 35.5 3.79731
98 35.5 3.94983
98.5 35.5 3.68586
99 35.5 3.93092
99.5 35.5 3.87407
100 35.5 3.79728
100.5 35.5 3.89631
101 35.5 3.81158
101.5 35.5 3.79655
102 35.5 3.90478
102.5 35.5 4.03054
103 35.5 4.00177
103.5 35.5 3.81502
104 35.5 3.83711
104.5 35.5 4.2457
105 35.5 3.85037
105.5 35.5 3.8897
106 35.5 3.90653
106.5 35.5 4.04356
107 35.5 3.91048
107.5 35.5 4.08163
108 35.5 4.06113
108.5 35.5 3.99984
109 35.5 3.96622
109.5 35.5 4.02027
110 35.5 3.95426
110.5 35.5 3.84817
111 35.5 3.97698
111.5 35.5 3.89937
112 35.5 3.85801
112.5 35.5 3.83092
113 35.5 3.89754
113.5 35.5 3.88194
114 35.5 3.98361
114.5 35.5 3.91732
115 35.5 3.902
115.5 35.5 3.90205
116 35.5 3.92878
116.5 35.5 4.02542
117 35.5 3.99068
117.5 35.5 3.86754
118 35.5 3.75698
118.5 35.5 3.92031
119 35.5 3.90765
119.5 35.5 3.82485
120 35.5 3.91154
120.5 35.5 3.85119
121 35.5 3.91769
121.5 35.5 3.8543
122 35.5 3.95745
122.5 35.5 3.94252
123 35.5 3.89063
123.5 35.5 3.89544
124 35.5 3.94443
124.5 35.5 3.91518
125 35.5 3.93464
125.5 35.5 3.90119
126 35.5 3.90007
126.5 35.5 4.3924
127 35.5 4.02316
127.5 35.5 4.2506
128 35.5 3.93463
128.5 35.5 3.95033
129 35.5 3.89084
129.5 35.5 3.92603
130 35.5 3.90508
130.5 35.5 3.85694
131 35.5 3.87787
131.5 35.5 3.90394
132 35.5 3.96747
132.5 35.5 3.88203
133 35.5 3.95488
85 36 3.89768
85.5 36 3.90653
86 36 4.08467
86.5 36 3.78914
87 36 3.78398
87.5 36 4.2278
88 36 4.05373
88.5 36 3.97013
89 36 3.91622
89.5 36 3.89912
90 36 3.63984
90.5 36 3.79204
91 36 3.77742
91.5 36 3.68736
92 36 3.72766
92.5 36 3.88862
93 36 3.74129
93.5 36 3.93634
94 36 3.83898
94.5 36 4.01158
95 36 3.97762
95.5 36 3.87572
96 36 3.91381
96.5 36 3.84746
97 36 3.88275
97.5 36 3.77431
98 36 3.7965
98.5 36 3.85594
99 36 3.75136
99.5 36 3.73076
100 36 3.75562
100.5 36 3.97174
101 36 3.92996
101.5 36 3.87761
102 36 3.86723
102.5 36 3.98506
103 36 4.01944
103.5 36 3.94836
104 36 3.97631
104.5 36 3.95531
105 36 4.4108
105.5 36 3.91925
106 36 4.3454
106.5 36 4.10083
107 36 4.14589
107.5 36 3.98568
108 36 4.1187
108.5 36 3.99278
109 36 4.0461
109.5 36 4.02124
110 36 4.01997
110.5 36 4.02926
111 36 3.94983
111.5 36 3.99431
112 36 3.89807
112.5 36 3.86512
113 36 3.8775
113.5 36 4.03173
114 36 3.94935
114.5 36 3.93353
115 36 3.9848
115.5 36 4.04931
116 36 3.92149
116.5 36 3.91583
117 36 3.84726
117.5 36 3.85451
118 36 3.79747
118.5 36 3.75924
119 36 3.90577
119.5 36 4.28231
120 36 3.86398
120.5 36 3.87989
121 36 3.92379
121.5 36 3.9395
122 36 3.96551
122.5 36 3.94989
123 36 3.998
123.5 36 3.995
124 36 3.92946
124.5 36 3.9374
125 36 3.92132
125.5 36 3.94112
126 36 3.96752
126.5 36 3.9047
127 36 3.95152
127.5 36 3.96579
128 36 3.95606
128.5 36 3.99265
129 36 4.05202
129.5 36 4.00001
130 36 3.87952
130.5 36 3.85677
131 36 3.8219
131.5 36 3.84454
132 36 3.92999
132.5 36 3.90695
133 36 3.91148
85 36.5 3.92825
85.5 36.5 3.82091
86 36.5 4.07433
86.5 36.5 4.237
87 36.5 4.4146
87.5 36.5 4.08063
88 36.5 3.8539
88.5 36.5 3.94298
89 36.5 3.80398
89.5 36.5 3.93842
90 36.5 3.73421
90.5 36.5 3.73904
91 36.5 3.67931
91.5 36.5 3.74418
92 36.5 3.96618
92.5 36.5 3.85322
93 36.5 3.86806
93.5 36.5 3.94882
94 36.5 3.9205
94.5 36.5 3.86508
95 36.5 3.99373
95.5 36.5 3.97381
96 36.5 3.93054
96.5 36.5 3.76267
97 36.5 3.77827
97.5 36.5 3.85088
98 36.5 4.5593
98.5 36.5 4.05698
99 36.5 3.96922
99.5 36.5 3.94507
100 36.5 3.94692
100.5 36.5 3.93801
101 36.5 3.98664
101.5 36.5 3.9307
102 36.5 4.05633
102.5 36.5 4.05445
103 36.5 3.95889
103.5 36.5 3.98735
104 36.5 3.84042
104.5 36.5 3.86486
105 36.5 4.3602
105.5 36.5 4.0525
106 36.5 3.87749
106.5 36.5 4.07427
107 36.5 4.09603
107.5 36.5 4.10657
108 36.5 3.99129
108.5 36.5 4.13866
109 36.5 4.0505
109.5 36.5 4.08297
110 36.5 4.04516
110.5 36.5 4.10173
111 36.5 4.05197
111.5 36.5 4.02304
112 36.5 4.2002
112.5 36.5 3.84767
113 36.5 3.86364
113.5 36.5 3.95415
114 36.5 3.88397
114.5 36.5 3.76833
115 36.5 4.2613
115.5 36.5 4.00124
116 36.5 3.92249
116.5 36.5 3.84453
117 36.5 3.83239
117.5 36.5 3.88354
118 36.5 3.87875
118.5 36.5 3.8829
119 36.5 3.89851
119.5 36.5 3.82732
120 36.5 3.94475
120.5 36.5 3.82889
121 36.5 4.0617
121.5 36.5 3.92855
122 36.5 3.93942
122.5 36.5 3.99657
123 36.5 3.95033
123.5 36.5 4.00114
124 36.5 3.94266
124.5 36.5 3.90584
125 36.5 3.94094
125.5 36.5 3.95405
126 36.5 3.97509
126.5 36.5 3.96396
127 36.5 3.92224
127.5 36.5 3.84091
128 36.5 3.94819
128.5 36.5 3.85238
129 36.5 4.04283
129.5 36.5 3.95143
130 36.5 3.95869
130.5 36.5 3.80542
131 36.5 3.81663
131.5 36.5 3.84333
132 36.5 3.90523
132.5 36.5 3.92353
133 36.5 3.94175
85 37 4.4984
85.5 37 3.93091
86 37 3.8775
86.5 37 4.02288
87 37 3.94302
87.5 37 3.85705
88 37 4.01526
88.5 37 3.87878
89 37 3.91307
89.5 37 3.82581
90 37 3.90199
90.5 37 3.82341
91 37 3.65573
91.5 37 3.79401
92 37 3.80653
92.5 37 4.03228
93 37 3.89172
93.5 37 3.88701
94 37 3.88844
94.5 37 3.83406
95 37 3.80838
95.5 37 3.85776
96 37 3.8229
96.5 37 3.93932
97 37 3.96815
97.5 37 3.86545
98 37 3.86695
98.5 37 3.76656
99 37 3.96586
99.5 37 3.9943
100 37 3.83939
100.5 37 3.74414
101 37 3.99363
101.5 37 3.89802
102 37 4.5982
102.5 37 3.95845
103 37 3.91444
103.5 37 3.86493
104 37 4.3096
104.5 37 3.97647
105 37 4.2668
105.5 37 3.93682
106 37 4.03477
106.5 37 4.07672
107 37 3.99978
107.5 37 4.6955
108 37 4.15509
108.5 37 4.13706
109 37 3.99658
109.5 37 4.08863
110 37 4.08038
110.5 37 4.00616
111 37 3.90864
111.5 37 3.92915
112 37 4.2952
112.5 37 4.1731
113 37 3.92723
113.5 37 3.91406
114 37 3.83295
114.5 37 3.88078
115 37 3.85942
115.5 37 4.00821
116 37 4.05102
116.5 37 3.85771
117 37 3.96084
117.5 37 3.91718
118 37 3.89003
118.5 37 3.92752
119 37 3.68287
119.5 37 3.96888
120 37 3.94687
120.5 37 3.94609
121 37 3.85705
121.5 37 3.90623
122 37 3.8757
122.5 37 4.04276
123 37 3.98636
123.5 37 3.98867
124 37 3.97035
124.5 37 3.96218
125 37 3.96842
125.5 37 3.97313
126 37 3.95979
126.5 37 4.09184
127 37 3.88582
127.5 37 4.01398
128 37 3.91424
128.5 37 4.00063
129 37 3.8726
129.5 37 3.85915
130 37 3.76955
130.5 37 3.76197
131 37 3.77668
131.5 37 3.86693
132 37 3.93385
132.5 37 3.91935
133 37 3.84598
85 37.5 3.96978
85.5 37.5 3.91966
86 37.5 4.03835
86.5 37.5 3.9997
87 37.5 3.85927
87.5 37.5 3.89249
88 37.5 3.87677
88.5 37.5 3.989
89 37.5 3.77771
89.5 37.5 3.90929
90 37.5 3.85844
90.5 37.5 3.90344
91 37.5 3.81314
91.5 37.5 3.88668
92 37.5 3.88823
92.5 37.5 3.95453
93 37.5 3.80223
93.5 37.5 3.84177
94 37.5 3.94535
94.5 37.5 3.86913
95 37.5 3.77529
95.5 37.5 3.82489
96 37.5 3.81742
96.5 37.5 4.6625
97 37.5 4.5382
97.5 37.5 3.98748
98 37.5 3.87352
98.5 37.5 4.00389
99 37.5 3.95052
99.5 37.5 3.94212
100 37.5 3.84441
100.5 37.5 4.01826
101 37.5 3.87567
101.5 37.5 3.93261
102 37.5 3.94177
102.5 37.5 4.07797
103 37.5 3.95546
103.5 37.5 4.00432
104 37.5 3.96744
104.5 37.5 4.03364
105 37.5 4.05214
105.5 37.5 3.91977
106 37.5 4.10589
106.5 37.5 4.03177
107 37.5 4.09637
107.5 37.5 4.09137
108 37.5 3.88823
108.5 37.5 4.628
109 37.5 4.01961
109.5 37.5 4.03268
110 37.5 4.10954
110.5 37.5 4.03774
111 37.5 3.9478
111.5 37.5 3.90292
112 37.5 3.83496
112.5 37.5 3.92003
113 37.5 3.89602
113.5 37.5 3.93227
114 37.5 3.81924
114.5 37.5 3.92738
115 37.5 3.96462
115.5 37.5 3.89717
116 37.5 4.00117
116.5 37.5 3.90986
117 37.5 3.78859
117.5 37.5 3.7688
118 37.5 3.90669
118.5 37.5 4.04733
119 37.5 3.89197
119.5 37.5 3.90914
120 37.5 4.1802
120.5 37.5 3.87652
121 37.5 4.4305
121.5 37.5 3.94028
122 37.5 3.88076
122.5 37.5 3.94431
123 37.5 3.94917
123.5 37.5 3.94912
124 37.5 3.91471
124.5 37.5 3.93438
125 37.5 3.93053
125.5 37.5 4.3516
126 37.5 4.4155
126.5 37.5 3.91827
127 37.5 3.91721
127.5 37.5 3.95111
128 37.5 3.89141
128.5 37.5 3.93031
129 37.5 3.84655
129.5 37.5 3.88811
130 37.5 3.83172
130.5 37.5 3.89658
131 37.5 3.93081
131.5 37.5 3.90746
132 37.5 3.95195
132.5 37.5 3.89266
133 37.5 3.94485
85 38 4.1293
85.5 38 4.15631
86 38 3.92514
86.5 38 4.01322
87 38 3.94598
87.5 38 4.06953
88 38 3.9533
88.5 38 3.96178
89 38 3.92627
89.5 38 3.97052
90 38 3.9113
90.5 38 3.91996
91 38 3.8958
91.5 38 3.88163
92 38 3.91138
92.5 38 3.89166
93 38 3.76078
93.5 38 3.89141
94 38 3.8151
94.5 38 3.78716
95 38 3.87188
95.5 38 3.89962
96 38 3.94735
96.5 38 3.81544
97 38 3.95739
97.5 38 3.78652
98 38 3.85696
98.5 38 3.91813
99 38 3.96314
99.5 38 3.84289
100 38 3.96529
100.5 38 3.87236
101 38 3.80618
101.5 38 4.01462
102 38 4.04597
102.5 38 3.97166
103 38 3.88181
103.5 38 4.02388
104 38 3.91925
104.5 38 3.95984
105 38 3.86918
105.5 38 3.9979
106 38 4.08016
106.5 38 4.10781
107 38 4.09644
107.5 38 4.3887
108 38 4.05956
108.5 38 4.01885
109 38 4.1358
109.5 38 3.9488
110 38 3.99272
110.5 38 4.05704
111 38 3.95272
111.5 38 4.03486
112 38 3.99697
112.5 38 3.99061
113 38 3.93208
113.5 38 3.92611
114 38 3.97758
114.5 38 3.87811
115 38 3.89721
115.5 38 3.94514
116 38 3.98716
116.5 38 3.82714
117 38 3.87646
117.5 38 3.8704
118 38 4.01404
118.5 38 3.96549
119 38 3.91329
119.5 38 3.87945
120 38 3.93805
120.5 38 3.891
121 38 3.90143
121.5 38 3.9042
122 38 3.93978
122.5 38 3.94213
123 38 3.9374
123.5 38 3.974
124 38 3.94493
124.5 38 3.9074
125 38 4.22234
125.5 38 3.95547
126 38 3.92312
126.5 38 3.85616
127 38 3.91325
127.5 38 3.9138
128 38 3.99482
128.5 38 3.95432
129 38 3.91114
129.5 38 3.90047
130 38 3.85315
130.5 38 3.88048
131 38 3.89544
131.5 38 3.91885
132 38 3.90604
132.5 38 3.90317
133 38 3.84
85 38.5 4.03418
85.5 38.5 4.15937
86 38.5 4.11135
86.5 38.5 4.03378
87 38.5 4.03852
87.5 38.5 4.0055
88 38.5 4.05834
88.5 38.5 4.08822
89 38.5 3.90849
89.5 38.5 4.4774
90 38.5 3.82564
90.5 38.5 4.00389
91 38.5 3.82012
91.5 38.5 3.94452
92 38.5 3.88128
92.5 38.5 3.93795
93 38.5 3.85261
93.5 38.5 3.96771
94 38.5 3.94183
94.5 38.5 3.99216
95 38.5 3.91385
95.5 38.5 4.2933
96 38.5 3.88634
96.5 38.5 3.87425
97 38.5 3.81188
97.5 38.5 3.82695
98 38.5 3.82327
98.5 38.5 3.94948
99 38.5 3.90039
99.5 38.5 4.225
100 38.5 3.82011
100.5 38.5 4.02994
101 38.5 3.96341
101.5 38.5 3.94111
102 38.5 3.98401
102.5 38.5 4.04698
103 38.5 4.0211
103.5 38.5 4.07251
104 38.5 4.5574
104.5 38.5 4.4764
105 38.5 3.87105
105.5 38.5 3.87624
106 38.5 4.734
106.5 38.5 4.5032
107 38.5 4.6472
107.5 38.5 4.7212
108 38.5 4.10201
108.5 38.5 3.95965
109 38.5 3.97997
109.5 38.5 3.91499
110 38.5 4.06316
110.5 38.5 3.98375
111 38.5 4.01658
111.5 38.5 3.85108
112 38.5 3.88382
112.5 38.5 3.79841
113 38.5 3.86375
113.5 38.5 4.4269
114 38.5 3.92554
114.5 38.5 3.88384
115 38.5 3.93993
115.5 38.5 4.2035
116 38.5 3.94045
116.5 38.5 3.93369
117 38.5 3.89675
117.5 38.5 3.81247
118 38.5 3.91929
118.5 38.5 3.91746
119 38.5 3.88365
119.5 38.5 3.87258
120 38.5 3.82693
120.5 38.5 3.88628
121 38.5 3.88341
121.5 38.5 3.90396
122 38.5 3.91575
122.5 38.5 3.91679
123 38.5 3.96009
123.5 38.5 3.99676
124 38.5 3.93484
124.5 38.5 3.89495
125 38.5 4.01133
125.5 38.5 3.90873
126 38.5 4.1575
126.5 38.5 3.79779
127 38.5 3.98647
127.5 38.5 4.03874
128 38.5 3.85946
128.5 38.5 3.89817
129 38.5 3.87076
129.5 38.5 3.87263
130 38.5 3.87254
130.5 38.5 3.87364
131 38.5 3.85347
131.5 38.5 3.90379
132 38.5 3.90945
132.5 38.5 3.85726
133 38.5 3.90836
85 39 3.99374
85.5 39 4.08628
86 39 4.11008
86.5 39 3.87296
87 39 4.08125
87.5 39 3.95778
88 39 4.10282
88.5 39 4.0377
89 39 3.98838
89.5 39 3.98311
90 39 3.91273
90.5 39 3.97857
91 39 3.8885
91.5 39 3.84244
92 39 4.01388
92.5 39 3.83773
93 39 4.03736
93.5 39 4.04328
94 39 3.94614
94.5 39 3.92123
95 39 3.88561
95.5 39 3.93058
96 39 3.92835
96.5 39 3.83868
97 39 4.5094
97.5 39 3.77931
98 39 3.72908
98.5 39 3.90054
99 39 4.02812
99.5 39 3.91406
100 39 3.99513
100.5 39 3.96278
101 39 3.97338
101.5 39 4.05665
102 39 4.07746
102.5 39 3.95387
103 39 4.09987
103.5 39 4.09311
104 39 3.92469
104.5 39 4.01747
105 39 3.92725
105.5 39 3.94863
106 39 4.04378
106.5 39 4.07142
107 39 4.0116
107.5 39 4.11294
108 39 4.00295
108.5 39 3.91113
109 39 4.09435
109.5 39 3.98297
110 39 3.91699
110.5 39 4.01663
111 39 3.99413
111.5 39 3.86585
112 39 3.81489
112.5 39 3.79
113 39 3.95011
113.5 39 4.2167
114 39 3.80558
114.5 39 3.96522
115 39 3.80765
115.5 39 3.93162
116 39 4.2354
116.5 39 3.90869
117 39 3.98149
117.5 39 4.0011
118 39 3.90344
118.5 39 3.87549
119 39 3.91435
119.5 39 3.89557
120 39 3.93224
120.5 39 3.9027
121 39 3.97296
121.5 39 4.10372
122 39 3.93603
122.5 39 3.93192
123 39 3.93569
123.5 39 4.00511
124 39 3.91678
124.5 39 3.9093
125 39 3.87346
125.5 39 4.0054
126 39 4.06365
126.5 39 3.89239
127 39 3.87187
127.5 39 3.93673
128 39 3.94916
128.5 39 3.87907
129 39 3.85706
129.5 39 3.72259
130 39 3.76509
130.5 39 3.8236
131 39 3.91272
131.5 39 3.82238
132 39 3.84994
132.5 39 3.92563
133 39 3.94984
85 39.5 4.14854
85.5 39.5 4.06061
86 39.5 4.06648
86.5 39.5 4.5675
87 39.5 4.07158
87.5 39.5 3.99212
88 39.5 4.1266
88.5 39.5 3.94628
89 39.5 4.02567
89.5 39.5 4.07261
90 39.5 4.07264
90.5 39.5 4.03752
91 39.5 3.95563
91.5 39.5 3.97793
92 39.5 3.89564
92.5 39.5 3.93697
93 39.5 3.99057
93.5 39.5 4.02503
94 39.5 3.8849
94.5 39.5 4.05444
95 39.5 3.96747
95.5 39.5 4.00461
96 39.5 3.91596
96.5 39.5 3.87514
97 39.5 4.04616
97.5 39.5 3.87857
98 39.5 3.87282
98.5 39.5 3.859
99 39.5 4.1104
99.5 39.5 3.9785
100 39.5 4.03839
100.5 39.5 4.02727
101 39.5 4.10126
101.5 39.5 4.2567
102 39.5 4.4143
102.5 39.5 4.5507
103 39.5 4.398
103.5 39.5 4.02674
104 39.5 4.4697
104.5 39.5 3.89517
105 39.5 3.97734
105.5 39.5 4.01715
106 39.5 4.06605
106.5 39.5 4.11027
107 39.5 4.0501
107.5 39.5 4.06546
108 39.5 4.05084
108.5 39.5 4.05133
109 39.5 4.16628
109.5 39.5 4.12387
110 39.5 3.95354
110.5 39.5 3.89704
111 39.5 4.1643
111.5 39.5 3.77878
112 39.5 3.89728
112.5 39.5 3.83287
113 39.5 3.81819
113.5 39.5 3.75833
114 39.5 3.8121
114.5 39.5 3.94373
115 39.5 3.89123
115.5 39.5 3.88894
116 39.5 3.9453
116.5 39.5 3.98529
117 39.5 3.79738
117.5 39.5 3.97078
118 39.5 3.90247
118.5 39.5 3.75858
119 39.5 4.03451
119.5 39.5 4.0654
120 39.5 3.96956
120.5 39.5 3.95722
121 39.5 3.98022
121.5 39.5 4.113
122 39.5 3.90564
122.5 39.5 3.92565
123 39.5 3.92333
123.5 39.5 3.94974
124 39.5 3.90522
124.5 39.5 4.00981
125 39.5 4.0209
125.5 39.5 3.98629
126 39.5 3.95027
126.5 39.5 3.87705
127 39.5 3.7361
127.5 39.5 3.84236
128 39.5 3.83014
128.5 39.5 3.80096
129 39.5 3.86035
129.5 39.5 3.835
130 39.5 3.87221
130.5 39.5 3.86918
131 39.5 3.89988
131.5 39.5 3.91897
132 39.5 3.90637
132.5 39.5 3.96633
133 39.5 3.92396
85 40 4.17229
85.5 40 3.99518
86 40 4.12449
86.5 40 4.02858
87 40 4.04009
87.5 40 4.06529
88 40 4.04768
88.5 40 3.98229
89 40 3.97324
89.5 40 3.90941
90 40 3.98925
90.5 40 4.02786
91 40 3.96039
91.5 40 3.99931
92 40 4.05678
92.5 40 3.96713
93 40 4.02276
93.5 40 4.1336
94 40 4.05114
94.5 40 4.13829
95 40 4.08764
95.5 40 3.95949
96 40 3.9045
96.5 40 3.99761
97 40 4.10573
97.5 40 3.96399
98 40 4.00743
98.5 40 3.88697
99 40 4.0743
99.5 40 4.3322
100 40 4.09464
100.5 40 4.06793
101 40 3.93926
101.5 40 4.5007
102 40 4.5546
102.5 40 4.3367
103 40 3.99372
103.5 40 4.4797
104 40 4.7055
104.5 40 4.06089
105 40 4.0764
105.5 40 3.90901
106 40 3.91032
106.5 40 4.00509
107 40 3.97684
107.5 40 4.00576
108 40 3.91025
108.5 40 4.04332
109 40 3.9947
109.5 40 3.95834
110 40 3.92728
110.5 40 4.3665
111 40 3.8426
111.5 40 3.77508
112 40 3.94442
112.5 40 3.72351
113 40 3.78303
113.5 40 4.1898
114 40 3.87182
114.5 40 4.1101
115 40 3.95172
115.5 40 3.91651
116 40 3.85864
116.5 40 3.82612
117 40 3.93238
117.5 40 3.93187
118 40 3.9821
118.5 40 4.00988
119 40 3.99108
119.5 40 4.0353
120 40 4.00689
120.5 40 3.95694
121 40 3.95761
121.5 40 3.96053
122 40 3.96309
122.5 40 3.84566
123 40 3.98098
123.5 40 3.88069
124 40 3.9701
124.5 40 4.00542
125 40 4.02887
125.5 40 3.92808
126 40 3.79579
126.5 40 3.97425
127 40 3.8714
127.5 40 3.99482
128 40 3.77438
128.5 40 3.84331
129 40 3.8623
129.5 40 3.84799
130 40 3.90544
130.5 40 3.89179
131 40 3.96439
131.5 40 3.92258
132 40 3.9954
132.5 40 3.96853
133 40 3.97006
85 40.5 4.01354
85.5 40.5 4.07571
86 40.5 4.0888
86.5 40.5 4.17242
87 40.5 4.12659
87.5 40.5 4.1089
88 40.5 4.06732
88.5 40.5 4.16645
89 40.5 4.10899
89.5 40.5 4.10261
90 40.5 3.97666
90.5 40.5 3.95818
91 40.5 3.98725
91.5 40.5 4.04429
92 40.5 4.06268
92.5 40.5 4.01535
93 40.5 4.12362
93.5 40.5 4.09597
94 40.5 3.925
94.5 40.5 3.98591
95 40.5 4.01422
95.5 40.5 3.91507
96 40.5 4.04188
96.5 40.5 3.97079
97 40.5 3.9635
97.5 40.5 4.03454
98 40.5 3.91552
98.5 40.5 4.04544
99 40.5 4.05958
99.5 40.5 4.04205
100 40.5 3.98189
100.5 40.5 4.3278
101 40.5 3.93223
101.5 40.5 4.3584
102 40.5 4.4538
102.5 40.5 4.317
103 40.5 4.4273
103.5 40.5 4.03145
104 40.5 3.96165
104.5 40.5 3.92818
105 40.5 3.92393
105.5 40.5 3.99295
106 40.5 3.96487
106.5 40.5 3.95444
107 40.5 3.81125
107.5 40.5 3.97223
108 40.5 3.78823
108.5 40.5 4.03118
109 40.5 3.99038
109.5 40.5 4.4573
110 40.5 4.4214
110.5 40.5 3.83075
111 40.5 3.98301
111.5 40.5 3.85373
112 40.5 4.2689
112.5 40.5 3.74339
113 40.5 3.75371
113.5 40.5 4.139
114 40.5 3.98943
114.5 40.5 3.91354
115 40.5 3.97448
115.5 40.5 4.4466
116 40.5 4.0465
116.5 40.5 3.90066
117 40.5 3.98838
117.5 40.5 3.86755
118 40.5 3.99991
118.5 40.5 4.06291
119 40.5 4.0437
119.5 40.5 3.99296
120 40.5 4.02809
120.5 40.5 4.1951
121 40.5 3.97337
121.5 40.5 4.07724
122 40.5 4.6188
122.5 40.5 4.4363
123 40.5 3.89846
123.5 40.5 4.00845
124 40.5 3.92007
124.5 40.5 3.87755
125 40.5 4.01193
125.5 40.5 3.88311
126 40.5 4.07789
126.5 40.5 3.84311
127 40.5 3.77228
127.5 40.5 3.88731
128 40.5 3.92641
128.5 40.5 3.9803
129 40.5 3.90528
129.5 40.5 3.90512
130 40.5 3.87545
130.5 40.5 3.87169
131 40.5 3.90316
131.5 40.5 3.89953
132 40.5 3.92543
132.5 40.5 3.93916
133 40.5 3.90648
85 41 4.0018
85.5 41 3.98876
86 41 4.07815
86.5 41 4.04206
87 41 4.04452
87.5 41 4.0339
88 41 4.11164
88.5 41 4.0417
89 41 4.09999
89.5 41 3.93982
90 41 4.03999
90.5 41 4.06534
91 41 3.85071
91.5 41 4.06593
92 41 4.14888
92.5 41 4.10295
93 41 3.99798
93.5 41 4.04908
94 41 3.95623
94.5 41 4.02519
95 41 3.94289
95.5 41 4.09127
96 41 3.92395
96.5 41 3.90849
97 41 4.298
97.5 41 4.05073
98 41 4.00009
98.5 41 4.5431
99 41 3.93937
99.5 41 4.02163
100 41 4.04362
100.5 41 4.4774
101 41 4.17494
101.5 41 4.15413
102 41 4.10299
102.5 41 4.3474
103 41 4.6214
103.5 41 4.05709
104 41 3.9315
104.5 41 4.00457
105 41 3.83876
105.5 41 3.94743
106 41 3.93915
106.5 41 3.96726
107 41 3.85756
107.5 41 3.84304
108 41 4.0434
108.5 41 3.96234
109 41 4.05317
109.5 41 3.97673
110 41 4.4222
110.5 41 4.01003
111 41 3.91077
111.5 41 3.79191
112 41 3.86837
112.5 41 3.89428
113 41 3.64233
113.5 41 4.0633
114 41 3.79681
114.5 41 3.95167
115 41 3.85088
115.5 41 3.98082
116 41 4.01829
116.5 41 3.99989
117 41 3.92884
117.5 41 3.95862
118 41 4.1879
118.5 41 4.00484
119 41 4.0229
119.5 41 3.98911
120 41 4.02595
120.5 41 3.99693
121 41 3.99234
121.5 41 3.9231
122 41 4.01156
122.5 41 3.96867
123 41 3.97233
123.5 41 3.96072
124 41 4.12788
124.5 41 4.05139
125 41 4.03659
125.5 41 4.01589
126 41 3.94015
126.5 41 3.9283
127 41 4.1748
127.5 41 3.88557
128 41 3.88792
128.5 41 3.82257
129 41 3.91445
129.5 41 3.81063
130 41 3.84855
130.5 41 3.86606
131 41 3.84439
131.5 41 3.81045
132 41 3.75102
132.5 41 3.86131
133 41 3.82197
85 41.5 4.05449
85.5 41.5 4.03827
86 41.5 4.05973
86.5 41.5 4.031
87 41.5 4.01538
87.5 41.5 4.00894
88 41.5 3.93228
88.5 41.5 4.03009
89 41.5 3.92721
89.5 41.5 4.03067
90 41.5 4.02613
90.5 41.5 3.99851
91 41.5 4.03991
91.5 41.5 4.00121
92 41.5 4.09487
92.5 41.5 4.11053
93 41.5 4.05927
93.5 41.5 4.08097
94 41.5 3.99314
94.5 41.5 3.93802
95 41.5 4.05221
95.5 41.5 4.11455
96 41.5 4.08129
96.5 41.5 3.95118
97 41.5 4.01743
97.5 41.5 3.93841
98 41.5 4.14173
98.5 41.5 3.98747
99 41.5 4.09369
99.5 41.5 3.9483
100 41.5 3.96816
100.5 41.5 3.99648
101 41.5 4.02373
101.5 41.5 4.00437
102 41.5 4.02501
102.5 41.5 4.01656
103 41.5 4.4945
103.5 41.5 4.3671
104 41.5 4.3113
104.5 41.5 4.03695
105 41.5 3.91015
105.5 41.5 3.99131
106 41.5 3.98169
106.5 41.5 4.05589
107 41.5 3.93899
107.5 41.5 4.04385
108 41.5 4.06386
108.5 41.5 3.97465
109 41.5 3.94581
109.5 41.5 4.10583
110 41.5 3.85061
110.5 41.5 3.99702
111 41.5 4.14554
111.5 41.5 3.92309
112 41.5 3.89079
112.5 41.5 3.84624
113 41.5 3.89467
113.5 41.5 4.01464
114 41.5 3.89745
114.5 41.5 3.9771
115 41.5 3.94555
115.5 41.5 3.97145
116 41.5 4.05851
116.5 41.5 4.2717
117 41.5 4.2515
117.5 41.5 3.97166
118 41.5 3.81176
118.5 41.5 4.11213
119 41.5 3.99128
119.5 41.5 4.3889
120 41.5 3.89171
120.5 41.5 4.03377
121 41.5 4.02786
121.5 41.5 3.95941
122 41.5 4.03442
122.5 41.5 4.06465
123 41.5 4.10126
123.5 41.5 3.99151
124 41.5 4.07763
124.5 41.5 3.91388
125 41.5 3.80881
125.5 41.5 3.88994
126 41.5 3.90146
126.5 41.5 3.80891
127 41.5 4.00724
127.5 41.5 3.97327
128 41.5 3.79588
128.5 41.5 3.95003
129 41.5 3.82795
129.5 41.5 3.96175
130 41.5 3.87732
130.5 41.5 3.90303
131 41.5 3.88454
131.5 41.5 3.76901
132 41.5 3.79367
132.5 41.5 3.86668
133 41.5 3.85662
85 42 4.11587
85.5 42 4.06539
86 42 4.05353
86.5 42 3.95105
87 42 4.01384
87.5 42 4.04407
88 42 4.1933
88.5 42 3.99175
89 42 4.06083
89.5 42 3.98531
90 42 3.91865
90.5 42 3.94992
91 42 4.02462
91.5 42 4.03525
92 42 4.03401
92.5 42 4.0104
93 42 3.92064
93.5 42 4.579
94 42 4.1344
94.5 42 3.97798
95 42 4.07467
95.5 42 3.99445
96 42 4.04151
96.5 42 4.06126
97 42 3.98664
97.5 42 4.07004
98 42 3.95218
98.5 42 4.02495
99 42 4.1277
99.5 42 3.91934
100 42 3.98624
100.5 42 3.97841
101 42 3.89413
101.5 42 4.05934
102 42 3.86649
102.5 42 3.95317
103 42 4.08107
103.5 42 4.6327
104 42 3.95499
104.5 42 3.93635
105 42 4.00114
105.5 42 3.97496
106 42 4.02116
106.5 42 4.00183
107 42 3.79946
107.5 42 3.88535
108 42 4.02248
108.5 42 4.1981
109 42 4.3339
109.5 42 4.382
110 42 3.89771
110.5 42 4.2023
111 42 4.5795
111.5 42 4.02847
112 42 4.06914
112.5 42 4.00354
113 42 3.96479
113.5 42 4.3268
114 42 4.1333
114.5 42 3.81025
115 42 3.9498
115.5 42 3.9545
116 42 3.89101
116.5 42 3.94432
117 42 3.9198
117.5 42 3.91361
118 42 3.81086
118.5 42 3.83827
119 42 3.97913
119.5 42 3.88716
120 42 3.92434
120.5 42 3.90956
121 42 4.01124
121.5 42 3.94133
122 42 4.09568
122.5 42 4.09942
123 42 4.05944
123.5 42 4.0751
124 42 3.86045
124.5 42 3.93887
125 42 3.9181
125.5 42 3.88837
126 42 3.84514
126.5 42 3.94355
127 42 3.95542
127.5 42 3.90997
128 42 4.01006
128.5 42 3.90409
129 42 3.88164
129.5 42 4.0536
130 42 4.0445
130.5 42 3.92616
131 42 3.88019
131.5 42 3.89521
132 42 3.9102
132.5 42 3.89939
133 42 3.88026
85 42.5 4.01394
85.5 42.5 4.07023
86 42.5 4.00069
86.5 42.5 4.00453
87 42.5 4.03209
87.5 42.5 4.10422
88 42.5 3.98838
88.5 42.5 4.03396
89 42.5 4.04412
89.5 42.5 4.09067
90 42.5 4.06079
90.5 42.5 3.87603
91 42.5 3.95539
91.5 42.5 3.97329
92 42.5 4.05336
92.5 42.5 3.98146
93 42.5 3.90678
93.5 42.5 3.88987
94 42.5 4.05816
94.5 42.5 4.36
95 42.5 3.99231
95.5 42.5 3.97558
96 42.5 4.14228
96.5 42.5 4.11529
97 42.5 3.97812
97.5 42.5 3.87701
98 42.5 4.06339
98.5 42.5 4.4067
99 42.5 3.95147
99.5 42.5 3.91919
100 42.5 3.9974
100.5 42.5 4.07016
101 42.5 4.02648
101.5 42.5 3.92963
102 42.5 3.99783
102.5 42.5 3.93911
103 42.5 3.9886
103.5 42.5 3.86874
104 42.5 3.72703
104.5 42.5 3.84606
105 42.5 4.05443
105.5 42.5 4.1917
106 42.5 4.0829
106.5 42.5 3.93573
107 42.5 3.94567
107.5 42.5 4.04042
108 42.5 4.5077
108.5 42.5 3.93611
109 42.5 4.3856
109.5 42.5 4.3453
110 42.5 4.1513
110.5 42.5 4.07055
111 42.5 4.05054
111.5 42.5 4.09728
112 42.5 3.97389
112.5 42.5 4.02109
113 42.5 3.97525
113.5 42.5 3.9998
114 42.5 3.71626
114.5 42.5 4.0263
115 42.5 3.73332
115.5 42.5 3.94233
116 42.5 3.91892
116.5 42.5 3.90918
117 42.5 3.78831
117.5 42.5 4.2835
118 42.5 3.96043
118.5 42.5 3.90411
119 42.5 3.97195
119.5 42.5 3.92413
120 42.5 4.00846
120.5 42.5 3.90341
121 42.5 4.00549
121.5 42.5 3.97123
122 42.5 4.01149
122.5 42.5 4.13447
123 42.5 3.97276
123.5 42.5 4.2608
124 42.5 3.95397
124.5 42.5 4.3401
125 42.5 3.91023
125.5 42.5 3.85323
126 42.5 3.90165
126.5 42.5 3.90597
127 42.5 4.0113
127.5 42.5 3.87522
128 42.5 4.0088
128.5 42.5 3.84093
129 42.5 3.77771
129.5 42.5 3.84857
130 42.5 3.95425
130.5 42.5 3.98737
131 42.5 3.90401
131.5 42.5 3.90884
132 42.5 3.92911
132.5 42.5 3.87007
133 42.5 3.88469
85 43 3.92693
85.5 43 3.96021
86 43 4.07933
86.5 43 3.85726
87 43 4.00024
87.5 43 4.18686
88 43 4.4758
88.5 43 3.98874
89 43 3.92422
89.5 43 4.10775
90 43 3.99648
90.5 43 4.0665
91 43 4.10357
91.5 43 3.97591
92 43 3.92133
92.5 43 3.88295
93 43 4.00926
93.5 43 4.1953
94 43 3.97077
94.5 43 4.00226
95 43 4.13229
95.5 43 3.98648
96 43 4.01103
96.5 43 3.9712
97 43 4.08965
97.5 43 4.4946
98 43 4.5327
98.5 43 3.90972
99 43 4.00198
99.5 43 3.99509
100 43 3.85887
100.5 43 3.79518
101 43 3.94075
101.5 43 3.94017
102 43 3.94734
102.5 43 4.02839
103 43 4.3501
103.5 43 3.86001
104 43 4.10916
104.5 43 4.2117
105 43 3.99327
105.5 43 3.83411
106 43 3.88555
106.5 43 4.01761
107 43 4.08168
107.5 43 4.11786
108 43 4.06035
108.5 43 3.87047
109 43 4.09304
109.5 43 3.85377
110 43 4.2386
110.5 43 3.91058
111 43 4.01986
111.5 43 3.90477
112 43 3.85479
112.5 43 3.8495
113 43 4.3825
113.5 43 3.8229
114 43 4.00579
114.5 43 3.88076
115 43 3.86309
115.5 43 4.0075
116 43 3.96236
116.5 43 3.99693
117 43 3.87554
117.5 43 4.1909
118 43 3.90895
118.5 43 3.98371
119 43 3.95776
119.5 43 4.03283
120 43 4.6644
120.5 43 3.99789
121 43 4.07503
121.5 43 4.05552
122 43 4.4011
122.5 43 3.91477
123 43 3.99425
123.5 43 4.02922
124 43 3.96291
124.5 43 4.01158
125 43 4.01207
125.5 43 3.9169
126 43 4.05285
126.5 43 4.01791
127 43 3.93526
127.5 43 3.85821
128 43 3.96044
128.5 43 3.9569
129 43 4.0181
129.5 43 3.90245
130 43 3.88435
130.5 43 3.91319
131 43 3.92068
131.5 43 3.98318
132 43 3.88994
132.5 43 3.99775
133 43 3.95819
85 43.5 3.99741
85.5 43.5 3.83378
86 43.5 3.90358
86.5 43.5 3.98458
87 43.5 3.88587
87.5 43.5 3.95534
88 43.5 4.00372
88.5 43.5 3.91385
89 43.5 3.98805
89.5 43.5 4.00424
90 43.5 3.91105
90.5 43.5 3.92386
91 43.5 4.01584
91.5 43.5 3.92408
92 43.5 3.8888
92.5 43.5 4.00302
93 43.5 4.07061
93.5 43.5 4.4634
94 43.5 3.97439
94.5 43.5 4.00134
95 43.5 4.4238
95.5 43.5 4.2357
96 43.5 3.86557
96.5 43.5 4.01887
97 43.5 4.09984
97.5 43.5 4.2376
98 43.5 3.98575
98.5 43.5 3.98541
99 43.5 3.9161
99.5 43.5 4.241
100 43.5 3.81208
100.5 43.5 4.10994
101 43.5 4.02684
101.5 43.5 4.00676
102 43.5 4.3736
102.5 43.5 4.00484
103 43.5 4.3237
103.5 43.5 3.98165
104 43.5 4.1413
104.5 43.5 3.96164
105 43.5 4.00708
105.5 43.5 3.97956
106 43.5 4.04011
106.5 43.5 4.00046
107 43.5 4.0462
107.5 43.5 3.87885
108 43.5 4.2068
108.5 43.5 3.8798
109 43.5 3.9837
109.5 43.5 4.4156
110 43.5 4.2715
110.5 43.5 3.89346
111 43.5 4.2683
111.5 43.5 3.73139
112 43.5 4.07946
112.5 43.5 4.00308
113 43.5 3.89336
113.5 43.5 3.8522
114 43.5 3.93266
114.5 43.5 3.84367
115 43.5 4.0103
115.5 43.5 3.81434
116 43.5 3.86856
116.5 43.5 3.95498
117 43.5 3.93657
117.5 43.5 3.92238
118 43.5 3.92856
118.5 43.5 4.06892
119 43.5 4.02681
119.5 43.5 4.07479
120 43.5 4.09473
120.5 43.5 4.09872
121 43.5 4.11467
121.5 43.5 4.10712
122 43.5 4.11992
122.5 43.5 4.07411
123 43.5 4.09645
123.5 43.5 4.14324
124 43.5 4.06152
124.5 43.5 4.05866
125 43.5 4.00666
125.5 43.5 3.90007
126 43.5 4.08003
126.5 43.5 4.0526
127 43.5 4.04216
127.5 43.5 3.78719
128 43.5 3.99349
128.5 43.5 3.97423
129 43.5 3.81253
129.5 43.5 3.76461
130 43.5 4.02584
130.5 43.5 4.03272
131 43.5 3.95988
131.5 43.5 3.90815
132 43.5 3.89877
132.5 43.5 3.88701
133 43.5 3.9399
85 44 4.3261
85.5 44 3.87072
86 44 3.82438
86.5 44 3.97361
87 44 3.86047
87.5 44 3.96277
88 44 3.89409
88.5 44 4.0436
89 44 3.99554
89.5 44 4.04522
90 44 4.06717
90.5 44 4.01097
91 44 3.94747
91.5 44 4.03093
92 44 3.99916
92.5 44 3.99321
93 44 4.1585
93.5 44 4.13937
94 44 3.89029
94.5 44 3.866
95 44 4.00069
95.5 44 4.03227
96 44 3.90883
96.5 44 3.95834
97 44 3.9244
97.5 44 3.99936
98 44 3.97782
98.5 44 4.07532
99 44 4.0119
99.5 44 3.86576
100 44 3.87736
100.5 44 3.92131
101 44 3.95918
101.5 44 3.9192
102 44 4.08818
102.5 44 4.02941
103 44 3.89761
103.5 44 4.3419
104 44 3.96765
104.5 44 3.92686
105 44 4.03474
105.5 44 3.79046
106 44 3.79249
106.5 44 3.89781
107 44 4.14147
107.5 44 4.5461
108 44 4.4726
108.5 44 3.97274
109 44 4.1933
109.5 44 4.05316
110 44 4.04102
110.5 44 4.12781
111 44 4.0732
111.5 44 3.94054
112 44 4.591
112.5 44 4.3784
113 44 4.3015
113.5 44 3.83925
114 44 4.02263
114.5 44 4.04398
115 44 3.91694
115.5 44 3.80393
116 44 3.84406
116.5 44 3.8346
117 44 3.97298
117.5 44 3.94279
118 44 4.03864
118.5 44 4.03463
119 44 4.11049
119.5 44 4.10376
120 44 4.13981
120.5 44 4.14803
121 44 4.14948
121.5 44 4.11191
122 44 4.11089
122.5 44 4.12104
123 44 4.09741
123.5 44 4.13813
124 44 4.05043
124.5 44 4.05389
125 44 4.05106
125.5 44 3.97262
126 44 4.08706
126.5 44 4.05161
127 44 4.00174
127.5 44 3.85888
128 44 4.07015
128.5 44 4.00892
129 44 3.99235
129.5 44 4.00908
130 44 4.03669
130.5 44 3.80866
131 44 4.0358
131.5 44 3.88716
132 44 4.0545
132.5 44 4.2005
133 44 4.1892
85 44.5 4.10758
85.5 44.5 4.13852
86 44.5 3.81125
86.5 44.5 3.93818
87 44.5 3.99974
87.5 44.5 3.88209
88 44.5 3.95196
88.5 44.5 3.90365
89 44.5 4.1586
89.5 44.5 3.95541
90 44.5 3.96724
90.5 44.5 4.07217
91 44.5 3.81236
91.5 44.5 3.93849
92 44.5 3.91835
92.5 44.5 3.87233
93 44.5 4.3951
93.5 44.5 4.08323
94 44.5 4.17144
94.5 44.5 4.03484
95 44.5 4.4485
95.5 44.5 4.2309
96 44.5 3.87958
96.5 44.5 4.05071
97 44.5 4.03626
97.5 44.5 3.96374
98 44.5 4.00935
98.5 44.5 3.86279
99 44.5 3.87371
99.5 44.5 3.96534
100 44.5 4.02937
100.5 44.5 3.92131
101 44.5 3.92916
101.5 44.5 4.2641
102 44.5 3.99964
102.5 44.5 4.0321
103 44.5 3.9039
103.5 44.5 3.99941
104 44.5 3.95163
104.5 44.5 4.02793
105 44.5 4.09829
105.5 44.5 3.95191
106 44.5 4.4609
106.5 44.5 3.9831
107 44.5 4.5514
107.5 44.5 3.93415
108 44.5 4.4141
108.5 44.5 4.145
109 44.5 3.97848
109.5 44.5 3.81058
110 44.5 3.92523
110.5 44.5 4.3013
111 44.5 3.95623
111.5 44.5 4.01767
112 44.5 4.388
112.5 44.5 4.17788
113 44.5 4.4841
113.5 44.5 3.82482
114 44.5 3.94851
114.5 44.5 3.86199
115 44.5 3.88125
115.5 44.5 3.74303
116 44.5 3.91988
116.5 44.5 3.94512
117 44.5 3.95389
117.5 44.5 3.91254
118 44.5 4.0087
118.5 44.5 4.01597
119 44.5 4.05179
119.5 44.5 4.02906
120 44.5 4.15195
120.5 44.5 4.11088
121 44.5 4.12167
121.5 44.5 4.1492
122 44.5 4.0948
122.5 44.5 4.02796
123 44.5 4.08203
123.5 44.5 4.08502
124 44.5 4.00411
124.5 44.5 4.0748
125 44.5 4.0118
125.5 44.5 4.02829
126 44.5 3.98033
126.5 44.5 4.0357
127 44.5 4.02652
127.5 44.5 4.10871
128 44.5 4.06248
128.5 44.5 4.06802
129 44.5 4.00101
129.5 44.5 3.87898
130 44.5 3.95779
130.5 44.5 4.1299
131 44.5 3.86766
131.5 44.5 3.83397
132 44.5 3.79442
132.5 44.5 3.83185
133 44.5 3.90023
85 45 3.85059
85.5 45 3.88048
86 45 4.05044
86.5 45 4.4852
87 45 4.03356
87.5 45 3.92213
88 45 4.1791
88.5 45 4.2563
89 45 3.91856
89.5 45 3.96871
90 45 4.02197
90.5 45 4.04247
91 45 3.92872
91.5 45 4.3291
92 45 3.95705
92.5 45 4.01723
93 45 4.279
93.5 45 3.91598
94 45 3.91905
94.5 45 4.0653
95 45 4.05924
95.5 45 4.12768
96 45 4.00599
96.5 45 3.99172
97 45 4.05472
97.5 45 3.84545
98 45 3.82257
98.5 45 4.1418
99 45 4.01136
99.5 45 4.06763
100 45 3.94419
100.5 45 4.2558
101 45 3.81874
101.5 45 3.9919
102 45 3.99204
102.5 45 3.94142
103 45 4.02592
103.5 45 4.11895
104 45 4.03091
104.5 45 4.13593
105 45 4.15495
105.5 45 4.5742
106 45 3.84792
106.5 45 3.83747
107 45 4.04956
107.5 45 3.81497
108 45 4.5834
108.5 45 3.96519
109 45 3.71456
109.5 45 4.466
110 45 4.06149
110.5 45 4.08384
111 45 4.1721
111.5 45 4.0842
112 45 4.03167
112.5 45 4.11246
113 45 3.97775
113.5 45 4.00609
114 45 4.06146
114.5 45 3.82432
115 45 3.94072
115.5 45 3.95796
116 45 4.1876
116.5 45 3.97811
117 45 4.06586
117.5 45 3.92802
118 45 3.90835
118.5 45 4.06041
119 45 4.07054
119.5 45 4.13197
120 45 4.02403
120.5 45 4.01082
121 45 4.1183
121.5 45 4.14944
122 45 4.02806
122.5 45 4.06242
123 45 4.05406
123.5 45 4.05152
124 45 4.04572
124.5 45 4.04323
125 45 3.92299
125.5 45 3.9411
126 45 4.05211
126.5 45 4.08365
127 45 4.06319
127.5 45 4.06075
128 45 4.03212
128.5 45 4.08253
129 45 4.0728
129.5 45 4.04251
130 45 3.97299
130.5 45 3.83473
131 45 3.75486
131.5 45 3.99398
132 45 3.95068
132.5 45 4.1141
133 45 3.91709
85 45.5 4.4354
85.5 45.5 4.02367
86 45.5 4.09168
86.5 45.5 3.88781
87 45.5 3.89463
87.5 45.5 3.91798
88 45.5 3.98013
88.5 45.5 4.378
89 45.5 4.4811
89.5 45.5 3.98604
90 45.5 3.92308
90.5 45.5 4.01062
91 45.5 4.2993
91.5 45.5 4.00832
92 45.5 3.91631
92.5 45.5 3.97803
93 45.5 3.96685
93.5 45.5 3.89466
94 45.5 3.86569
94.5 45.5 3.91858
95 45.5 3.88494
95.5 45.5 3.9053
96 45.5 4.27495
96.5 45.5 3.88786
97 45.5 3.86458
97.5 45.5 4.01794
98 45.5 3.88343
98.5 45.5 3.93279
99 45.5 3.96668
99.5 45.5 4.2564
100 45.5 3.79744
100.5 45.5 3.87131
101 45.5 3.93125
101.5 45.5 3.96766
102 45.5 3.92549
102.5 45.5 4.11772
103 45.5 3.95577
103.5 45.5 3.98868
104 45.5 4.1344
104.5 45.5 3.98291
105 45.5 3.85823
105.5 45.5 3.87909
106 45.5 3.79869
106.5 45.5 3.70714
107 45.5 3.76622
107.5 45.5 4.5693
108 45.5 3.95672
108.5 45.5 3.74361
109 45.5 3.81467
109.5 45.5 4.12952
110 45.5 3.88842
110.5 45.5 4.11541
111 45.5 3.93996
111.5 45.5 4.11793
112 45.5 3.89884
112.5 45.5 4.02259
113 45.5 4.03743
113.5 45.5 3.97932
114 45.5 4.4838
114.5 45.5 4.01918
115 45.5 3.90024
115.5 45.5 3.92112
116 45.5 4.0476
116.5 45.5 4.0142
117 45.5 4.03907
117.5 45.5 4.06115
118 45.5 3.96156
118.5 45.5 4.04355
119 45.5 4.10153
119.5 45.5 4.10714
120 45.5 4.06089
120.5 45.5 4.0514
121 45.5 3.96995
121.5 45.5 4.11146
122 45.5 4.06661
122.5 45.5 3.98642
123 45.5 4.06214
123.5 45.5 4.0698
124 45.5 4.0028
124.5 45.5 3.99514
125 45.5 4.04174
125.5 45.5 3.96352
126 45.5 4.0425
126.5 45.5 4.03869
127 45.5 4.1039
127.5 45.5 4.08111
128 45.5 4.02308
128.5 45.5 4.0184
129 45.5 4.0309
129.5 45.5 4.02375
130 45.5 4.05317
130.5 45.5 3.90274
131 45.5 3.92589
131.5 45.5 4.06811
132 45.5 4.1127
132.5 45.5 4.1774
133 45.5 4.3052
85 46 4.04392
85.5 46 4.01615
86 46 4.01449
86.5 46 3.89663
87 46 4.0174
87.5 46 3.97549
88 46 4.05215
88.5 46 4.00347
89 46 3.87383
89.5 46 4.04743
90 46 4.07018
90.5 46 3.96233
91 46 3.76426
91.5 46 3.91259
92 46 4.1808
92.5 46 3.89146
93 46 4.3281
93.5 46 3.98314
94 46 3.94042
94.5 46 3.90115
95 46 3.97878
95.5 46 3.76694
96 46 3.84453
96.5 46 4.1238
97 46 4.1291
97.5 46 3.7527
98 46 3.74886
98.5 46 3.81473
99 46 3.92735
99.5 46 3.90946
100 46 4.13162
100.5 46 3.90016
101 46 3.7728
101.5 46 3.99385
102 46 3.96211
102.5 46 4.4872
103 46 3.8071
103.5 46 3.82423
104 46 3.84628
104.5 46 3.88644
105 46 4.18623
105.5 46 4.363
106 46 3.67011
106.5 46 3.61869
107 46 3.65384
107.5 46 3.81001
108 46 3.95992
108.5 46 4.15869
109 46 3.83084
109.5 46 4.3039
110 46 4.06082
110.5 46 4.09137
111 46 3.95086
111.5 46 4.2225
112 46 3.87134
112.5 46 4.11259
113 46 4.2499
113.5 46 3.6789
114 46 3.95873
114.5 46 3.9443
115 46 3.93808
115.5 46 3.80307
116 46 3.85262
116.5 46 4.01515
117 46 4.07959
117.5 46 4.04177
118 46 4.08231
118.5 46 3.90852
119 46 4.03716
119.5 46 4.08642
120 46 4.08826
120.5 46 4.0583
121 46 4.09063
121.5 46 4.00358
122 46 4.05497
122.5 46 4.04411
123 46 4.08702
123.5 46 4.09247
124 46 4.03076
124.5 46 3.94744
125 46 4.01769
125.5 46 4.06359
126 46 4.02535
126.5 46 4.06465
127 46 4.03779
127.5 46 4.06223
128 46 4.01914
128.5 46 3.96777
129 46 3.95945
129.5 46 4.00596
130 46 4.04555
130.5 46 3.94531
131 46 3.91269
131.5 46 3.90247
132 46 4.05236
132.5 46 3.77098
133 46 4.0082
85 46.5 3.883
85.5 46.5 4.00854
86 46.5 4.02013
86.5 46.5 4.00862
87 46.5 4.03276
87.5 46.5 4.02686
88 46.5 4.0004
88.5 46.5 4.01691
89 46.5 3.99537
89.5 46.5 3.96323
90 46.5 3.91444
90.5 46.5 3.93205
91 46.5 3.83814
91.5 46.5 4.07385
92 46.5 4.2901
92.5 46.5 3.71762
93 46.5 3.8099
93.5 46.5 3.89291
94 46.5 4.08319
94.5 46.5 3.98646
95 46.5 3.85894
95.5 46.5 4.08294
96 46.5 3.9234
96.5 46.5 4.00522
97 46.5 3.81499
97.5 46.5 4.2805
98 46.5 3.80176
98.5 46.5 3.91167
99 46.5 4.07239
99.5 46.5 4.0851
100 46.5 3.73466
100.5 46.5 3.90648
101 46.5 4.1088
101.5 46.5 3.98297
102 46.5 3.71701
102.5 46.5 3.71554
103 46.5 4.04573
103.5 46.5 3.77466
104 46.5 3.66303
104.5 46.5 3.99548
105 46.5 4.00991
105.5 46.5 3.81519
106 46.5 4.04756
106.5 46.5 3.70231
107 46.5 3.92953
107.5 46.5 3.85987
108 46.5 3.83125
108.5 46.5 4.18151
109 46.5 4.18645
109.5 46.5 4.2992
110 46.5 4.2982
110.5 46.5 4.07588
111 46.5 4.07257
111.5 46.5 4.19188
112 46.5 4.18529
112.5 46.5 4.09527
113 46.5 4.09152
113.5 46.5 3.60571
114 46.5 3.85388
114.5 46.5 3.82011
115 46.5 4.17088
115.5 46.5 3.90625
116 46.5 3.95937
116.5 46.5 3.85649
117 46.5 3.98439
117.5 46.5 4.03203
118 46.5 4.01616
118.5 46.5 4.04363
119 46.5 4.10709
119.5 46.5 4.2579
120 46.5 4.05365
120.5 46.5 4.06193
121 46.5 3.96201
121.5 46.5 4.02356
122 46.5 4.02853
122.5 46.5 4.12672
123 46.5 4.13413
123.5 46.5 4.08622
124 46.5 4.06387
124.5 46.5 3.98557
125 46.5 4.01754
125.5 46.5 4.03266
126 46.5 4.02602
126.5 46.5 4.03385
127 46.5 4.00111
127.5 46.5 3.98353
128 46.5 3.98283
128.5 46.5 4.01962
129 46.5 4.00144
129.5 46.5 4.02916
130 46.5 4.01422
130.5 46.5 3.99316
131 46.5 4.00179
131.5 46.5 3.98609
132 46.5 3.95767
132.5 46.5 3.9
133 46.5 3.79124
85 47 3.8278
85.5 47 3.81423
86 47 3.8006
86.5 47 4.02162
87 47 3.77325
87.5 47 4.04954
88 47 4.12189
88.5 47 4.07167
89 47 4.04507
89.5 47 4.05367
90 47 3.95339
90.5 47 4.06582
91 47 3.86009
91.5 47 4.0305
92 47 3.80707
92.5 47 3.88638
93 47 3.75361
93.5 47 3.6999
94 47 3.82826
94.5 47 3.82038
95 47 3.79447
95.5 47 3.7965
96 47 4.0447
96.5 47 3.77417
97 47 3.64669
97.5 47 3.93672
98 47 4.1739
98.5 47 3.9284
99 47 4.3816
99.5 47 3.76478
100 47 3.75952
100.5 47 3.76478
101 47 3.97919
101.5 47 3.97982
102 47 3.97919
102.5 47 3.74209
103 47 3.88346
103.5 47 4.17442
104 47 3.77974
104.5 47 3.98405
105 47 3.99252
105.5 47 3.83089
106 47 3.83424
106.5 47 3.73186
107 47 3.73812
107.5 47 3.87258
108 47 3.87518
108.5 47 3.88105
109 47 3.86665
109.5 47 4.2948
110 47 3.76733
110.5 47 4.06038
111 47 3.95142
111.5 47 4.16136
112 47 3.89341
112.5 47 4.07789
113 47 3.6791
113.5 47 3.86781
114 47 3.87921
114.5 47 4.08515
115 47 4.08646
115.5 47 3.98064
116 47 3.99809
116.5 47 3.84372
117 47 3.94793
117.5 47 4.11608
118 47 4.04206
118.5 47 3.94568
119 47 3.91295
119.5 47 3.81203
120 47 4.0484
120.5 47 4.00423
121 47 3.96435
121.5 47 3.9527
122 47 4.07675
122.5 47 4.0235
123 47 4.08173
123.5 47 4.13876
124 47 4.13828
124.5 47 4.13088
125 47 3.97793
125.5 47 3.91635
126 47 4.07026
126.5 47 4.05581
127 47 3.98846
127.5 47 3.9192
128 47 3.95967
128.5 47 3.98729
129 47 4.0341
129.5 47 4.07926
130 47 3.98123
130.5 47 3.96287
131 47 3.97112
131.5 47 3.84421
132 47 3.99437
132.5 47 3.85634
133 47 3.91226
85 47.5 3.90038
85.5 47.5 3.89451
86 47.5 3.88856
86.5 47.5 3.79751
87 47.5 3.8766
87.5 47.5 4.4568
88 47.5 3.83306
88.5 47.5 3.89416
89 47.5 3.80921
89.5 47.5 3.72276
90 47.5 3.90732
90.5 47.5 3.7095
91 47.5 3.74679
91.5 47.5 4.4553
92 47.5 4.06313
92.5 47.5 3.77732
93 47.5 4.00734
93.5 47.5 3.84432
94 47.5 3.93739
94.5 47.5 3.99104
95 47.5 4.03371
95.5 47.5 3.86797
96 47.5 3.81927
96.5 47.5 3.79451
97 47.5 3.79871
97.5 47.5 3.93998
98 47.5 3.94062
98.5 47.5 3.93329
99 47.5 3.93428
99.5 47.5 3.89665
100 47.5 3.90185
100.5 47.5 4.07207
101 47.5 4.07409
101.5 47.5 3.97658
102 47.5 3.89841
102.5 47.5 3.89431
103 47.5 4.1097
103.5 47.5 4.1057
104 47.5 4.1097
104.5 47.5 3.9809
105 47.5 3.98027
105.5 47.5 3.97867
106 47.5 4.02713
106.5 47.5 3.76104
107 47.5 3.93479
107.5 47.5 3.88466
108 47.5 3.88597
108.5 47.5 3.88959
109 47.5 3.89458
109.5 47.5 3.85955
110 47.5 3.794
110.5 47.5 4.0449
111 47.5 3.95161
111.5 47.5 4.13112
112 47.5 3.73311
112.5 47.5 3.71108
113 47.5 3.6905
113.5 47.5 3.67355
114 47.5 4.06713
114.5 47.5 3.77247
115 47.5 3.71573
115.5 47.5 3.98864
116 47.5 3.99235
116.5 47.5 4.2986
117 47.5 4.00152
117.5 47.5 3.9951
118 47.5 4.09127
118.5 47.5 4.06138
119 47.5 4.06168
119.5 47.5 3.86075
120 47.5 3.87509
120.5 47.5 4.05055
121 47.5 4.04569
121.5 47.5 3.91254
122 47.5 3.8924
122.5 47.5 3.98432
123 47.5 4.02031
123.5 47.5 3.95905
124 47.5 3.94995
124.5 47.5 4.07809
125 47.5 4.01836
125.5 47.5 3.88219
126 47.5 3.84042
126.5 47.5 4.1287
127 47.5 3.93647
127.5 47.5 3.89898
128 47.5 3.99322
128.5 47.5 4.06121
129 47.5 3.95228
129.5 47.5 3.81929
130 47.5 4.03309
130.5 47.5 4.01714
131 47.5 3.87537
131.5 47.5 3.93681
132 47.5 4.2787
132.5 47.5 4.4251
133 47.5 4.3448
85 48 3.90176
85.5 48 3.8965
86 48 3.89146
86.5 48 3.88728
87 48 3.86574
87.5 48 4.4285
88 48 3.86574
88.5 48 3.9013
89 48 3.90272
89.5 48 3.74844
90 48 3.75371
90.5 48 3.7368
91 48 3.74239
91.5 48 4.4271
92 48 4.4215
92.5 48 3.79746
93 48 3.80157
93.5 48 3.85743
94 48 3.86013
94.5 48 3.98812
95 48 3.98747
95.5 48 3.87935
96 48 3.8816
96.5 48 3.88671
97 48 3.71507
97.5 48 3.94284
98 48 3.82264
98.5 48 3.93765
99 48 3.90505
99.5 48 3.90616
100 48 3.90907
100.5 48 3.91311
101 48 4.0567
101.5 48 3.90821
102 48 3.90466
102.5 48 3.90206
103 48 3.90112
103.5 48 3.7663
104 48 3.81974
104.5 48 3.97767
105 48 3.9773
105.5 48 3.9763
106 48 3.97484
106.5 48 3.78985
107 48 3.93734
107.5 48 3.89615
108 48 3.89698
108.5 48 3.89937
109 48 3.90297
109.5 48 3.87764
110 48 3.82051
110.5 48 4.02948
111 48 3.95179
111.5 48 3.76949
112 48 3.74959
112.5 48 3.73146
113 48 3.82084
113.5 48 3.80862
114 48 3.79866
114.5 48 3.79422
115 48 4.7587
115.5 48 4.1225
116 48 3.68258
116.5 48 4.00476
117 48 4.00923
117.5 48 4.11345
118 48 3.9883
118.5 48 4.05962
119 48 4.0168
119.5 48 3.97158
120 48 4.07344
120.5 48 4.3583
121 48 4.4915
121.5 48 3.96991
122 48 4.02356
122.5 48 3.93457
123 48 4.08281
123.5 48 4.09612
124 48 4.03914
124.5 48 3.92269
125 48 3.93713
125.5 48 4.3432
126 48 4.08633
126.5 48 4.05773
127 48 3.90542
127.5 48 3.83585
128 48 4.00996
128.5 48 4.02451
129 48 4.02076
129.5 48 4.1053
130 48 3.76647
130.5 48 3.84826
131 48 3.99425
131.5 48 3.78919
132 48 3.77058
132.5 48 3.9694
133 48 4.14178
85 48.5 3.90585
85.5 48.5 3.90146
86 48.5 3.89778
86.5 48.5 3.89524
87 48.5 3.8943
87.5 48.5 3.87797
88 48.5 3.86073
88.5 48.5 3.90818
89 48.5 3.84155
89.5 48.5 3.77411
90 48.5 3.91809
90.5 48.5 3.76402
91 48.5 3.79317
91.5 48.5 4.4007
92 48.5 4.04081
92.5 48.5 3.81742
93 48.5 3.99681
93.5 48.5 3.87035
94 48.5 3.9462
94.5 48.5 3.98484
95 48.5 4.01833
95.5 48.5 3.89018
96 48.5 3.89131
96.5 48.5 3.89447
97 48.5 3.89888
97.5 48.5 3.94526
98 48.5 3.84267
98.5 48.5 3.94143
99 48.5 3.91448
99.5 48.5 3.91515
100 48.5 3.91698
100.5 48.5 3.91974
101 48.5 4.03932
101.5 48.5 3.91442
102 48.5 3.91182
102.5 48.5 3.91005
103 48.5 3.9095
103.5 48.5 3.79458
104 48.5 3.83918
104.5 48.5 3.97434
105 48.5 3.97409
105.5 48.5 3.97336
106 48.5 3.97226
106.5 48.5 3.81812
107 48.5 3.93989
107.5 48.5 3.90703
108 48.5 3.90758
108.5 48.5 3.90932
109 48.5 3.91208
109.5 48.5 3.91555
110 48.5 3.84678
110.5 48.5 4.014
111 48.5 3.95189
111.5 48.5 3.86658
112 48.5 3.85479
112.5 48.5 3.8434
113 48.5 3.83296
113.5 48.5 4.6079
114 48.5 4.6443
114.5 48.5 4.675
115 48.5 4.09944
115.5 48.5 4.10331
116 48.5 3.98322
116.5 48.5 3.77967
117 48.5 4.11581
117.5 48.5 4.00215
118 48.5 4.04013
118.5 48.5 4.15497
119 48.5 4.3473
119.5 48.5 4.3735
120 48.5 3.99276
120.5 48.5 4.07683
121 48.5 4.10443
121.5 48.5 3.947
122 48.5 4.04369
122.5 48.5 4.3029
123 48.5 4.02305
123.5 48.5 4.05125
124 48.5 4.2719
124.5 48.5 4.17249
125 48.5 4.05965
125.5 48.5 3.89547
126 48.5 4.05088
126.5 48.5 3.87001
127 48.5 3.97893
127.5 48.5 3.97712
128 48.5 4.01893
128.5 48.5 4.25861
129 48.5 4.145
129.5 48.5 4.09908
130 48.5 3.75709
130.5 48.5 3.7965
131 48.5 3.75495
131.5 48.5 3.7361
132 48.5 3.81068
132.5 48.5 3.96768
133 48.5 3.96734
85 49 3.91154
85.5 49 3.90807
86 49 3.90534
86.5 49 3.90355
87 49 3.90292
87.5 49 3.89143
88 49 3.87435
88.5 49 3.91487
89 49 3.85755
89.5 49 3.79976
90 49 3.9233
90.5 49 3.79116
91 49 3.81621
91.5 49 4.3763
92 49 4.02914
92.5 49 3.83722
93 49 3.99105
93.5 49 3.88293
94 49 3.94934
94.5 49 3.98118
95 49 4.01006
95.5 49 3.90061
96 49 3.90132
96.5 49 3.90347
97 49 3.90664
97.5 49 3.94737
98 49 3.86208
98.5 49 3.94461
99 49 3.92286
99.5 49 3.92332
100 49 3.9246
100.5 49 3.92652
101 49 3.9237
101.5 49 3.92111
102 49 3.91916
102.5 49 3.91787
103 49 3.91748
103.5 49 3.82186
104 49 3.85838
104.5 49 3.97094
105 49 3.97071
105.5 49 3.97012
106 49 3.96925
106.5 49 3.96806
107 49 3.94244
107.5 49 3.9173
108 49 3.91775
108.5 49 3.91903
109 49 3.92113
109.5 49 3.92386
110 49 3.87309
110.5 49 3.9986
111 49 3.88757
111.5 49 3.87678
112 49 3.96493
112.5 49 3.9642
113 49 3.96271
113.5 49 3.96054
114 49 4.5976
114.5 49 4.6159
115 49 3.97802
115.5 49 3.97948
116 49 3.80304
116.5 49 4.15765
117 49 3.99662
117.5 49 3.93547
118 49 4.03729
118.5 49 4.09089
119 49 4.09729
119.5 49 4.3619
120 49 3.95743
120.5 49 3.96937
121 49 4.00116
121.5 49 3.86373
122 49 4.13747
122.5 49 4.3567
123 49 4.07861
123.5 49 4.05909
124 49 3.98196
124.5 49 3.88616
125 49 4.04761
125.5 49 3.99106
126 49 4.1343
126.5 49 4.00706
127 49 4.02939
127.5 49 3.88416
128 49 4.11944
128.5 49 4.4575
129 49 4.4293
129.5 49 3.89756
130 49 3.76338
130.5 49 3.81422
131 49 3.81774
131.5 49 3.75966
132 49 3.7644
132.5 49 3.7752
133 49 4.09919
85 49.5 3.91809
85.5 49.5 3.91534
86 49.5 3.91323
86.5 49.5 3.91187
87 49.5 3.91144
87.5 49.5 3.90351
88 49.5 3.88776
88.5 49.5 3.92147
89 49.5 3.87354
89.5 49.5 3.82534
90 49.5 3.92833
90.5 49.5 3.81819
91 49.5 3.83917
91.5 49.5 3.87022
92 49.5 4.01712
92.5 49.5 3.85684
93 49.5 3.98511
93.5 49.5 3.89523
94 49.5 3.95173
94.5 49.5 3.97722
95 49.5 4.0013
95.5 49.5 3.91046
96 49.5 3.91098
96.5 49.5 3.91251
97 49.5 3.91497
97.5 49.5 3.91806
98 49.5 3.88093
98.5 49.5 3.94729
99 49.5 3.93042
99.5 49.5 3.93068
100 49.5 3.93163
100.5 49.5 3.933
101 49.5 3.93001
101.5 49.5 3.92797
102 49.5 3.92639
102.5 49.5 3.92547
103 49.5 3.9251
103.5 49.5 3.84852
104 49.5 3.8775
104.5 49.5 3.96744
105 49.5 3.96722
105.5 49.5 3.96675
106 49.5 3.96601
106.5 49.5 3.96505
107 49.5 3.94499
107.5 49.5 3.92696
108 49.5 3.92732
108.5 49.5 3.92833
109 49.5 3.92996
109.5 49.5 3.93222
110 49.5 3.93485
110.5 49.5 3.90872
111 49.5 3.96374
111.5 49.5 3.96463
112 49.5 3.96499
112.5 49.5 3.96493
113 49.5 3.96438
113.5 49.5 3.96354
114 49.5 3.96255
114.5 49.5 4.09435
115 49.5 4.1079
115.5 49.5 4.12044
116 49.5 4.13064
116.5 49.5 4.135
117 49.5 4.13064
117.5 49.5 3.9648
118 49.5 4.17363
118.5 49.5 4.4347
119 49.5 3.89654
119.5 49.5 4.4108
120 49.5 3.83889
120.5 49.5 3.98363
121 49.5 3.99948
121.5 49.5 3.94694
122 49.5 4.08083
122.5 49.5 4.328
123 49.5 4.07769
123.5 49.5 4.00664
124 49.5 3.96787
124.5 49.5 3.88978
125 49.5 4.02747
125.5 49.5 3.94266
126 49.5 4.10609
126.5 49.5 4.02614
127 49.5 4.1423
127.5 49.5 4.04401
128 49.5 4.3326
128.5 49.5 4.3393
129 49.5 4.3579
129.5 49.5 3.67122
130 49.5 3.67936
130.5 49.5 3.89096
131 49.5 3.65377
131.5 49.5 3.78334
132 49.5 3.78581
132.5 49.5 3.79269
133 49.5 3.80248
85 50 3.92516
85.5 50 3.92294
86 50 3.92124
86.5 50 3.92019
87 50 3.91978
87.5 50 3.91466
88 50 3.90101
88.5 50 3.92781
89 50 3.88945
89.5 50 3.8509
90 50 3.93325
90.5 50 3.84523
91 50 3.86195
91.5 50 3.8897
92 50 4.00474
92.5 50 3.87627
93 50 3.97897
93.5 50 3.90724
94 50 3.95344
94.5 50 3.9729
95 50 3.99225
95.5 50 3.91992
96 50 3.92033
96.5 50 3.92146
97 50 3.92332
97.5 50 3.9258
98 50 3.9287
98.5 50 3.94938
99 50 3.93705
99.5 50 3.9373
100 50 3.93795
100.5 50 3.93906
101 50 3.93638
101.5 50 3.93471
102 50 3.93342
102.5 50 3.93268
103 50 3.93241
103.5 50 3.87484
104 50 3.89637
104.5 50 3.96377
105 50 3.96363
105.5 50 3.96327
106 50 3.96258
106.5 50 3.96173
107 50 3.96067
107.5 50 3.93603
108 50 3.9363
108.5 50 3.93713
109 50 3.93847
109.5 50 3.94028
110 50 3.95889
110.5 50 3.96093
111 50 3.96252
111.5 50 3.96377
112 50 3.9645
112.5 50 3.96491
113 50 3.96502
113.5 50 4.05832
114 50 4.07123
114.5 50 4.08336
115 50 4.09437
115.5 50 4.10366
116 50 4.11003
116.5 50 4.03229
117 50 4.01357
117.5 50 4.00565
118 50 4.08311
118.5 50 3.94957
119 50 3.95394
119.5 50 4.02922
120 50 3.97459
120.5 50 4.1991
121 50 4.07889
121.5 50 4.08565
122 50 3.93984
122.5 50 3.86164
123 50 4.01679
123.5 50 3.86782
124 50 4.04537
124.5 50 3.82554
125 50 4.01703
125.5 50 4.16547
126 50 4.06339
126.5 50 4.03058
127 50 4.327
127.5 50 4.02189
128 50 4.1873
128.5 50 4.3369
129 50 4.3274
129.5 50 4.3427
130 50 4.3373
130.5 50 3.67489
131 50 3.95449
131.5 50 3.7934
132 50 3.80876
132.5 50 3.8136
133 50 3.82102
85 50.5 3.93247
85.5 50.5 3.93056
86 50.5 3.92919
86.5 50.5 3.92833
87 50.5 3.92801
87.5 50.5 3.92505
88 50.5 3.91415
88.5 50.5 3.93413
89 50.5 3.90535
89.5 50.5 3.87636
90 50.5 3.93808
90.5 50.5 3.8722
91 50.5 3.88472
91.5 50.5 3.90724
92 50.5 3.99211
92.5 50.5 3.89563
93 50.5 3.97248
93.5 50.5 3.91899
94 50.5 3.95432
94.5 50.5 3.96829
95 50.5 3.9829
95.5 50.5 3.9288
96 50.5 3.92912
96.5 50.5 3.93005
97 50.5 3.93151
97.5 50.5 3.93347
98 50.5 3.93587
98.5 50.5 3.95098
99 50.5 3.94294
99.5 50.5 3.9431
100 50.5 3.94361
100.5 50.5 3.94442
101 50.5 3.94265
101.5 50.5 3.94127
102 50.5 3.94025
102.5 50.5 3.93961
103 50.5 3.93942
103.5 50.5 3.9009
104 50.5 3.91518
104.5 50.5 3.96009
105 50.5 3.95996
105.5 50.5 3.95962
106 50.5 3.95904
106.5 50.5 3.95822
107 50.5 3.95727
107.5 50.5 3.9446
108 50.5 3.94478
108.5 50.5 3.94541
109 50.5 3.94649
109.5 50.5 3.94801
110 50.5 3.95647
110.5 50.5 3.95875
111 50.5 3.96061
111.5 50.5 3.96211
112 50.5 3.9632
112.5 50.5 3.96397
113 50.5 4.03441
113.5 50.5 4.04642
114 50.5 4.05762
114.5 50.5 4.0679
115 50.5 4.07669
115.5 50.5 3.78179
116 50.5 4.0445
116.5 50.5 4.05281
117 50.5 4.06043
117.5 50.5 4.06657
118 50.5 3.95098
118.5 50.5 3.95082
119 50.5 3.53674
119.5 50.5 3.90764
120 50.5 3.95867
120.5 50.5 3.87065
121 50.5 3.94165
121.5 50.5 4.0568
122 50.5 3.92955
122.5 50.5 3.70122
123 50.5 3.84702
123.5 50.5 3.91168
124 50.5 4.2067
124.5 50.5 3.99396
125 50.5 4.01792
125.5 50.5 3.99741
126 50.5 3.91989
126.5 50.5 3.94619
127 50.5 3.78493
127.5 50.5 3.87544
128 50.5 4.01286
128.5 50.5 4.3256
129 50.5 4.3236
129.5 50.5 4.3191
130 50.5 4.3137
130.5 50.5 4.3083
131 50.5 4.3189
131.5 50.5 3.73627
132 50.5 3.75189
132.5 50.5 3.83594
133 50.5 3.84181
85 51 3.93999
85.5 51 3.9383
86 51 3.93712
86.5 51 3.93639
87 51 3.93616
87.5 51 3.93479
88 51 3.92711
88.5 51 3.94036
89 51 3.92116
89.5 51 3.9018
90 51 3.9429
90.5 51 3.89905
91 51 3.90741
91.5 51 3.92348
92 51 3.97912
92.5 51 3.91474
93 51 3.9658
93.5 51 3.93047
94 51 3.95445
94.5 51 3.96332
95 51 3.97307
95.5 51 3.93722
96 51 3.93752
96.5 51 3.93825
97 51 3.93939
97.5 51 3.94097
98 51 3.94296
98.5 51 3.95189
99 51 3.9481
99.5 51 3.94823
100 51 3.94855
100.5 51 3.94923
101 51 3.94881
101.5 51 3.94762
102 51 3.94679
102.5 51 3.94624
103 51 3.94605
103.5 51 3.92683
104 51 3.93392
104.5 51 3.95624
105 51 3.95612
105.5 51 3.95588
106 51 3.9553
106.5 51 3.95461
107 51 3.95369
107.5 51 3.95264
108 51 3.9524
108.5 51 3.9524
109 51 3.9524
109.5 51 3.9524
110 51 3.95321
110.5 51 3.95575
111 51 3.95784
111.5 51 3.95952
112 51 3.99761
112.5 51 4.00952
113 51 4.02089
113.5 51 4.03148
114 51 4.04117
114.5 51 4.04975
115 51 4.02204
115.5 51 4.03005
116 51 4.03747
116.5 51 4.0443
117 51 4.04984
117.5 51 4.05371
118 51 3.60957
118.5 51 3.59017
119 51 3.915
119.5 51 3.61256
120 51 3.93386
120.5 51 4.00543
121 51 4.08752
121.5 51 3.99809
122 51 3.96281
122.5 51 3.9291
123 51 3.69278
123.5 51 3.8975
124 51 3.79993
124.5 51 4.2352
125 51 3.82165
125.5 51 3.91596
126 51 3.61217
126.5 51 3.79239
127 51 3.95067
127.5 51 3.8843
128 51 3.88589
128.5 51 3.88973
129 51 4.3144
129.5 51 4.3118
130 51 4.3081
130.5 51 3.87014
131 51 3.87927
131.5 51 3.88828
132 51 3.78351
132.5 51 3.79837
133 51 3.86384
85 51.5 3.94762
85.5 51.5 3.94623
86 51.5 3.94517
86.5 51.5 3.94454
87 51.5 3.94433
87.5 51.5 3.94389
88 51.5 3.9399
88.5 51.5 3.94643
89 51.5 3.93687
89.5 51.5 3.92725
90 51.5 3.94766
90.5 51.5 3.92583
91 51.5 3.93001
91.5 51.5 3.93859
92 51.5 3.96588
92.5 51.5 3.93366
93 51.5 3.95914
93.5 51.5 3.94157
94 51.5 3.9538
94.5 51.5 3.95805
95 51.5 3.96292
95.5 51.5 3.94513
96 51.5 3.94526
96.5 51.5 3.94588
97 51.5 3.94683
97.5 51.5 3.94819
98 51.5 3.94978
98.5 51.5 3.95167
99 51.5 3.9524
99.5 51.5 3.9524
100 51.5 3.9524
100.5 51.5 3.9524
101 51.5 3.9524
101.5 51.5 3.9524
102 51.5 3.9524
102.5 51.5 3.9524
103 51.5 3.9524
103.5 51.5 3.9524
104 51.5 3.9524
104.5 51.5 3.9524
105 51.5 3.9524
105.5 51.5 3.9524
106 51.5 3.9524
106.5 51.5 3.9524
107 51.5 3.9524
107.5 51.5 3.9524
108 51.5 3.9524
108.5 51.5 3.9524
109 51.5 3.9524
109.5 51.5 3.9524
110 51.5 3.9524
110.5 51.5 3.9524
111 51.5 3.96086
111.5 51.5 3.97273
112 51.5 3.98411
112.5 51.5 3.9949
113 51.5 4.00507
113.5 51.5 4.01443
114 51.5 3.99909
114.5 51.5 4.00692
115 51.5 4.01433
115.5 51.5 4.02134
116 51.5 4.02758
116.5 51.5 4.03302
117 51.5 3.68253
117.5 51.5 3.71518
118 51.5 3.69356
118.5 51.5 3.67355
119 51.5 3.65746
119.5 51.5 3.65062
120 51.5 3.92806
120.5 51.5 3.80379
121 51.5 4.14581
121.5 51.5 3.82769
122 51.5 3.92502
122.5 51.5 3.63306
123 51.5 3.86667
123.5 51.5 3.94977
124 51.5 3.97428
124.5 51.5 3.9266
125 51.5 3.97355
125.5 51.5 4.2666
126 51.5 3.96915
126.5 51.5 3.81052
127 51.5 3.81367
127.5 51.5 3.82129
128 51.5 3.8939
128.5 51.5 3.89625
129 51.5 3.89958
129.5 51.5 3.90365
130 51.5 3.87571
130.5 51.5 3.88208
131 51.5 3.88905
131.5 51.5 3.8965
132 51.5 3.90404
132.5 51.5 3.91163
133 51.5 3.84476
85 52 3.9524
85.5 52 3.9524
86 52 3.9524
86.5 52 3.9524
87 52 3.9524
87.5 52 3.9524
88 52 3.9524
88.5 52 3.9524
89 52 3.9524
89.5 52 3.9524
90 52 3.9524
90.5 52 3.9524
91 52 3.9524
91.5 52 3.9524
92 52 3.9524
92.5 52 3.9524
93 52 3.9524
93.5 52 3.9524
94 52 3.9524
94.5 52 3.9524
95 52 3.9524
95.5 52 3.9524
96 52 3.9524
96.5 52 3.9524
97 52 3.9524
97.5 52 3.9524
98 52 3.9524
98.5 52 3.9524
99 52 3.9524
99.5 52 3.9524
100 52 3.9524
100.5 52 3.9524
101 52 3.9524
101.5 52 3.9524
102 52 3.9524
102.5 52 3.9524
103 52 3.9524
103.5 52 3.9524
104 52 3.9524
104.5 52 3.9524
105 52 3.9524
105.5 52 3.9524
106 52 3.9524
106.5 52 3.9524
107 52 3.9524
107.5 52 3.9524
108 52 3.9524
108.5 52 3.9524
109 52 3.9524
109.5 52 3.9524
110 52 3.9524
110.5 52 3.9524
111 52 3.9524
111.5 52 3.95814
112 52 3.96862
112.5 52 3.97848
113 52 3.97569
113.5 52 3.98349
114 52 3.991
114.5 52 3.99811
115 52 4.00473
115.5 52 4.01067
116 52 4.01601
116.5 52 3.77356
117 52 3.75326
117.5 52 3.73407
118 52 3.93536
118.5 52 3.9338
119 52 3.93244
119.5 52 3.9313
120 52 3.82347
120.5 52 3.82054
121 52 3.96083
121.5 52 4.09866
122 52 4.08984
122.5 52 3.97761
123 52 3.94033
123.5 52 4.3747
124 52 4.2179
124.5 52 3.93494
125 52 3.93057
125.5 52 4.2626
126 52 4.262
126.5 52 4.2607
127 52 3.83008
127.5 52 3.83469
128 52 3.84149
128.5 52 3.84957
129 52 3.90643
129.5 52 3.90955
130 52 3.91321
130.5 52 3.89475
131 52 3.90026
131.5 52 3.90625
132 52 3.91261
132.5 52 3.91916
133 52 3.92594
