85 22 3.89672
85.5 22 3.89672
86 22 3.89672
86.5 22 3.89672
87 22 3.89672
87.5 22 3.89672
88 22 3.89672
88.5 22 3.89672
89 22 3.89672
89.5 22 3.89672
90 22 3.89672
90.5 22 3.89672
91 22 3.89672
91.5 22 3.89672
92 22 3.89672
92.5 22 3.89672
93 22 3.89672
93.5 22 3.89672
94 22 3.89598
94.5 22 3.89046
95 22 3.8851
95.5 22 3.87982
96 22 3.87305
96.5 22 3.86701
97 22 3.9088
97.5 22 3.91027
98 22 3.91139
98.5 22 3.91216
99 22 3.91251
99.5 22 3.86073
100 22 3.85546
100.5 22 3.90062
101 22 3.8619
101.5 22 3.82887
102 22 3.8333
102.5 22 3.81155
103 22 3.82856
103.5 22 3.85489
104 22 3.89103
104.5 22 3.85288
105 22 3.86591
105.5 22 3.86526
106 22 3.75889
106.5 22 3.85665
107 22 3.92899
107.5 22 3.92829
108 22 3.92655
108.5 22 3.93421
109 22 3.92714
109.5 22 3.94671
110 22 3.92148
110.5 22 3.92369
111 22 3.9324
111.5 22 3.92068
112 22 3.95848
112.5 22 3.92077
113 22 3.91446
113.5 22 3.91493
114 22 3.94693
114.5 22 3.942
115 22 3.93741
115.5 22 3.95077
116 22 3.94524
116.5 22 3.95534
117 22 3.95265
117.5 22 3.94956
118 22 3.90331
118.5 22 3.90322
119 22 3.85851
119.5 22 3.85967
120 22 3.86263
120.5 22 3.96186
121 22 3.96045
121.5 22 3.95653
122 22 3.95079
122.5 22 3.8889
123 22 3.88965
123.5 22 3.88836
124 22 3.88916
124.5 22 3.8903
125 22 3.88926
125.5 22 3.89065
126 22 3.8923
126.5 22 3.89404
127 22 3.89613
127.5 22 3.89672
128 22 3.89672
128.5 22 3.89672
129 22 3.89672
129.5 22 3.89672
130 22 3.89672
130.5 22 3.89672
131 22 3.89672
131.5 22 3.89672
132 22 3.89672
132.5 22 3.89672
133 22 3.89672
85 22.5 3.89672
85.5 22.5 3.89672
86 22.5 3.89672
86.5 22.5 3.89672
87 22.5 3.89672
87.5 22.5 3.89672
88 22.5 3.89672
88.5 22.5 3.89672
89 22.5 3.89672
89.5 22.5 3.89672
90 22.5 3.89672
90.5 22.5 3.89672
91 22.5 3.89672
91.5 22.5 3.89672
92 22.5 3.89672
92.5 22.5 3.89672
93 22.5 3.89672
93.5 22.5 3.89672
94 22.5 3.8921
94.5 22.5 3.88604
95 22.5 3.87997
95.5 22.5 3.87405
96 22.5 3.86843
96.5 22.5 3.86048
97 22.5 3.85384
97.5 22.5 3.87286
98 22.5 3.86933
98.5 22.5 3.91228
99 22.5 3.91265
99.5 22.5 3.91253
100 22.5 3.88824
100.5 22.5 3.94143
101 22.5 3.82821
101.5 22.5 3.80977
102 22.5 3.81647
102.5 22.5 3.83174
103 22.5 3.84034
103.5 22.5 3.87195
104 22.5 3.92643
104.5 22.5 3.90697
105 22.5 3.90888
105.5 22.5 3.89521
106 22.5 3.89096
106.5 22.5 3.88866
107 22.5 3.89956
107.5 22.5 3.91933
108 22.5 3.93106
108.5 22.5 3.92531
109 22.5 3.92272
109.5 22.5 3.93007
110 22.5 3.93228
110.5 22.5 3.93385
111 22.5 3.93589
111.5 22.5 3.93512
112 22.5 3.95065
112.5 22.5 3.93525
113 22.5 3.93359
113.5 22.5 3.92843
114 22.5 3.93086
114.5 22.5 3.93111
115 22.5 3.95818
115.5 22.5 3.93614
116 22.5 3.95035
116.5 22.5 3.96261
117 22.5 3.95853
117.5 22.5 3.85942
118 22.5 3.86118
118.5 22.5 3.90374
119 22.5 3.85277
119.5 22.5 3.85484
120 22.5 3.88366
120.5 22.5 3.97182
121 22.5 3.96986
121.5 22.5 3.96472
122 22.5 3.8867
122.5 22.5 3.88735
123 22.5 3.8883
123.5 22.5 3.88622
124 22.5 3.88727
124.5 22.5 3.88513
125 22.5 3.88638
125.5 22.5 3.88797
126 22.5 3.88981
126.5 22.5 3.8919
127 22.5 3.89102
127.5 22.5 3.89357
128 22.5 3.89622
128.5 22.5 3.89672
129 22.5 3.89672
129.5 22.5 3.89672
130 22.5 3.89672
130.5 22.5 3.89672
131 22.5 3.89672
131.5 22.5 3.89672
132 22.5 3.89672
132.5 22.5 3.89672
133 22.5 3.89672
85 23 3.89672
85.5 23 3.89672
86 23 3.89672
86.5 23 3.89672
87 23 3.89672
87.5 23 3.89672
88 23 3.89672
88.5 23 3.89672
89 23 3.89672
89.5 23 3.89672
90 23 3.89672
90.5 23 3.89672
91 23 3.89672
91.5 23 3.89672
92 23 3.89672
92.5 23 3.89672
93 23 3.89573
93.5 23 3.89408
94 23 3.88872
94.5 23 3.88216
95 23 3.87549
95.5 23 3.86887
96 23 3.8624
96.5 23 3.85648
97 23 3.84705
97.5 23 3.83987
98 23 3.8661
98.5 23 3.86217
99 23 3.91251
99.5 23 3.88229
100 23 3.84531
100.5 23 3.8179
101 23 3.80231
101.5 23 3.79487
102 23 3.80936
102.5 23 3.827
103 23 3.8262
103.5 23 3.9933
104 23 3.87833
104.5 23 3.89409
105 23 3.90741
105.5 23 3.89919
106 23 3.90291
106.5 23 3.90499
107 23 3.88784
107.5 23 3.90569
108 23 3.91816
108.5 23 3.92552
109 23 3.91973
109.5 23 3.9238
110 23 3.94387
110.5 23 3.94011
111 23 3.94454
111.5 23 3.93901
112 23 3.92499
112.5 23 3.88818
113 23 3.95368
113.5 23 3.91791
114 23 3.91684
114.5 23 3.92596
115 23 3.91796
115.5 23 3.91557
116 23 3.91563
116.5 23 3.95038
117 23 3.97073
117.5 23 3.85453
118 23 3.90459
118.5 23 3.97097
119 23 3.84699
119.5 23 3.95908
120 23 3.95622
120.5 23 3.98148
121 23 3.97806
121.5 23 3.88461
122 23 3.88496
122.5 23 3.8859
123 23 3.88329
123.5 23 3.88414
124 23 3.88543
124.5 23 3.8823
125 23 3.88364
125.5 23 3.88548
126 23 3.88757
126.5 23 3.88411
127 23 3.88626
127.5 23 3.88906
128 23 3.89491
128.5 23 3.89521
129 23 3.89572
129.5 23 3.89637
130 23 3.89672
130.5 23 3.89672
131 23 3.89672
131.5 23 3.89672
132 23 3.89672
132.5 23 3.89672
133 23 3.89672
85 23.5 3.89672
85.5 23.5 3.89672
86 23.5 3.89672
86.5 23.5 3.89672
87 23.5 3.89672
87.5 23.5 3.89672
88 23.5 3.89672
88.5 23.5 3.89672
89 23.5 3.89672
89.5 23.5 3.89672
90 23.5 3.89672
90.5 23.5 3.89672
91 23.5 3.89672
91.5 23.5 3.89672
92 23.5 3.89823
92.5 23.5 3.89354
93 23.5 3.89129
93.5 23.5 3.88945
94 23.5 3.88805
94.5 23.5 3.87913
95 23.5 3.87191
95.5 23.5 3.86464
96 23.5 3.85737
96.5 23.5 3.85035
97 23.5 3.84397
97.5 23.5 3.83303
98 23.5 3.82494
98.5 23.5 3.82084
99 23.5 3.85466
99.5 23.5 3.83828
100 23.5 3.82528
100.5 23.5 3.79908
101 23.5 3.78692
101.5 23.5 3.78795
102 23.5 3.79844
102.5 23.5 3.81194
103 23.5 3.83498
103.5 23.5 3.88478
104 23.5 3.88211
104.5 23.5 3.9171
105 23.5 3.90531
105.5 23.5 3.90827
106 23.5 3.91614
106.5 23.5 3.97851
107 23.5 3.87102
107.5 23.5 3.90041
108 23.5 3.91328
108.5 23.5 3.91639
109 23.5 3.92181
109.5 23.5 3.93248
110 23.5 3.94543
110.5 23.5 3.93639
111 23.5 3.9311
111.5 23.5 3.91942
112 23.5 3.92766
112.5 23.5 3.92383
113 23.5 3.92082
113.5 23.5 3.92416
114 23.5 3.92112
114.5 23.5 3.93801
115 23.5 3.89918
115.5 23.5 3.89924
116 23.5 3.89682
116.5 23.5 3.93144
117 23.5 3.9519
117.5 23.5 4.00959
118 23.5 4.00849
118.5 23.5 3.98009
119 23.5 3.96689
119.5 23.5 3.96691
120 23.5 3.87942
120.5 23.5 3.99095
121 23.5 3.98234
121.5 23.5 3.88271
122 23.5 3.88336
122.5 23.5 3.8809
123 23.5 3.88135
123.5 23.5 3.88239
124 23.5 3.87966
124.5 23.5 3.88036
125 23.5 3.88145
125.5 23.5 3.88319
126 23.5 3.8776
126.5 23.5 3.87945
127 23.5 3.88196
127.5 23.5 3.88491
128 23.5 3.893
128.5 23.5 3.89335
129 23.5 3.89385
129.5 23.5 3.89461
130 23.5 3.89546
130.5 23.5 3.89647
131 23.5 3.89672
131.5 23.5 3.89672
132 23.5 3.89672
132.5 23.5 3.89672
133 23.5 3.89672
85 24 3.89672
85.5 24 3.89672
86 24 3.89672
86.5 24 3.89672
87 24 3.89672
87.5 24 3.89672
88 24 3.89672
88.5 24 3.89672
89 24 3.89582
89.5 24 3.89436
90 24 3.89325
90.5 24 3.89254
91 24 3.89229
91.5 24 3.8915
92 24 3.90442
92.5 24 3.90694
93 24 3.88696
93.5 24 3.88481
94 24 3.88322
94.5 24 3.87224
95 24 3.86661
95.5 24 3.86185
96 24 3.85389
96.5 24 3.84587
97 24 3.83799
97.5 24 3.83097
98 24 3.81984
98.5 24 3.80915
99 24 3.82127
99.5 24 3.82388
100 24 3.81729
100.5 24 3.81063
101 24 3.8125
101.5 24 3.81557
102 24 3.79847
102.5 24 3.81292
103 24 3.83594
103.5 24 3.86508
104 24 3.89647
104.5 24 3.90695
105 24 3.88796
105.5 24 3.89784
106 24 3.90989
106.5 24 3.92624
107 24 3.89861
107.5 24 3.90985
108 24 3.97671
108.5 24 3.83584
109 24 3.94491
109.5 24 3.93249
110 24 3.9429
110.5 24 3.94917
111 24 3.92799
111.5 24 3.91543
112 24 3.92341
112.5 24 3.94525
113 24 3.94725
113.5 24 3.93508
114 24 3.94989
114.5 24 3.93902
115 24 3.91341
115.5 24 3.92729
116 24 3.9233
116.5 24 3.91186
117 24 3.91988
117.5 24 4.00096
118 24 4.0049
118.5 24 3.98029
119 24 3.98183
119.5 24 3.96924
120 24 3.88224
120.5 24 3.97704
121 24 3.87479
121.5 24 3.88072
122 24 3.88251
122.5 24 3.87876
123 24 3.87951
123.5 24 3.87823
124 24 3.87837
124.5 24 3.87892
125 24 3.88011
125.5 24 3.87443
126 24 3.87334
126.5 24 3.8753
127 24 3.878
127.5 24 3.89113
128 24 3.89128
128.5 24 3.89158
129 24 3.89219
129.5 24 3.89294
130 24 3.89385
130.5 24 3.89496
131 24 3.89622
131.5 24 3.89672
132 24 3.89672
132.5 24 3.89672
133 24 3.89672
85 24.5 3.89426
85.5 24.5 3.89412
86 24.5 3.8992
86.5 24.5 3.89482
87 24.5 3.89523
87.5 24.5 3.8928
88 24.5 3.89551
88.5 24.5 3.89376
89 24.5 3.89164
89.5 24.5 3.88977
90 24.5 3.88841
90.5 24.5 3.88751
91 24.5 3.8872
91.5 24.5 3.88528
92 24.5 3.91035
92.5 24.5 3.91322
93 24.5 3.88267
93.5 24.5 3.88028
94 24.5 3.87833
94.5 24.5 3.87714
95 24.5 3.86049
95.5 24.5 3.85466
96 24.5 3.81931
96.5 24.5 3.80984
97 24.5 3.8355
97.5 24.5 3.82653
98 24.5 3.81735
98.5 24.5 3.7991
99 24.5 3.83136
99.5 24.5 3.82279
100 24.5 3.81873
100.5 24.5 3.84355
101 24.5 3.83494
101.5 24.5 3.83473
102 24.5 3.83685
102.5 24.5 3.83143
103 24.5 3.84402
103.5 24.5 3.85863
104 24.5 3.89428
104.5 24.5 3.90404
105 24.5 3.91407
105.5 24.5 3.92747
106 24.5 3.9072
106.5 24.5 3.93968
107 24.5 3.91133
107.5 24.5 3.90016
108 24.5 3.95788
108.5 24.5 3.96514
109 24.5 3.95112
109.5 24.5 3.95077
110 24.5 3.94696
110.5 24.5 3.94523
111 24.5 4.06438
111.5 24.5 3.92804
112 24.5 3.93827
112.5 24.5 3.96099
113 24.5 3.93452
113.5 24.5 3.97077
114 24.5 3.95322
114.5 24.5 3.93954
115 24.5 3.92291
115.5 24.5 3.91092
116 24.5 3.93304
116.5 24.5 3.9348
117 24.5 3.92762
117.5 24.5 3.95784
118 24.5 3.97334
118.5 24.5 3.96446
119 24.5 3.96046
119.5 24.5 3.92551
120 24.5 3.88395
120.5 24.5 3.8552
121 24.5 3.94344
121.5 24.5 3.9446
122 24.5 3.83448
122.5 24.5 3.87647
123 24.5 3.87851
123.5 24.5 3.87743
124 24.5 3.87768
124.5 24.5 3.87827
125 24.5 3.86969
125.5 24.5 3.86863
126 24.5 3.86993
126.5 24.5 3.87199
127 24.5 3.87464
127.5 24.5 3.88926
128 24.5 3.88942
128.5 24.5 3.88987
129 24.5 3.89052
129.5 24.5 3.89143
130 24.5 3.89244
130.5 24.5 3.8936
131 24.5 3.90162
131.5 24.5 3.89967
132 24.5 3.89742
132.5 24.5 3.89672
133 24.5 3.89672
85 25 3.89086
85.5 25 3.8906
86 25 3.90109
86.5 25 3.89257
87 25 3.89324
87.5 25 3.88822
88 25 3.89346
88.5 25 3.8896
89 25 3.8871
89.5 25 3.88484
90 25 3.88313
90.5 25 3.88197
91 25 3.88162
91.5 25 3.87822
92 25 3.88985
92.5 25 3.91931
93 25 3.92173
93.5 25 3.87584
94 25 3.8736
94.5 25 3.8721
95 25 3.87165
95.5 25 3.84854
96 25 3.84246
96.5 25 3.80093
97 25 3.79072
97.5 25 3.78582
98 25 3.79264
98.5 25 3.76122
99 25 3.81337
99.5 25 3.83192
100 25 3.83358
100.5 25 3.85119
101 25 3.85293
101.5 25 3.86046
102 25 3.86684
102.5 25 3.85777
103 25 3.86961
103.5 25 3.8853
104 25 3.90052
104.5 25 3.91697
105 25 3.92018
105.5 25 4.13223
106 25 4.11838
106.5 25 4.09217
107 25 3.96455
107.5 25 3.93412
108 25 3.96767
108.5 25 3.98105
109 25 3.98558
109.5 25 3.96983
110 25 3.95969
110.5 25 3.94823
111 25 3.95034
111.5 25 3.96247
112 25 3.95594
112.5 25 3.94907
113 25 3.9541
113.5 25 3.93222
114 25 3.92986
114.5 25 3.93641
115 25 3.90753
115.5 25 3.93943
116 25 3.93762
116.5 25 3.93499
117 25 3.91505
117.5 25 3.92587
118 25 3.93958
118.5 25 3.94658
119 25 3.9775
119.5 25 3.9923
120 25 3.93763
120.5 25 3.90396
121 25 3.91787
121.5 25 3.93722
122 25 3.81538
122.5 25 3.825
123 25 3.85471
123.5 25 3.87645
124 25 3.87734
124.5 25 3.86535
125 25 3.86476
125.5 25 3.86537
126 25 3.86707
126.5 25 3.86948
127 25 3.85665
127.5 25 3.88735
128 25 3.88755
128.5 25 3.88816
129 25 3.88896
129.5 25 3.89002
130 25 3.89118
130.5 25 3.90722
131 25 3.90537
131.5 25 3.90322
132 25 3.90082
132.5 25 3.89812
133 25 3.89672
85 25.5 3.8867
85.5 25.5 3.88634
86 25.5 3.90218
86.5 25.5 3.89003
87 25.5 3.89096
87.5 25.5 3.8831
88 25.5 3.89056
88.5 25.5 3.88405
89 25.5 3.86812
89.5 25.5 3.87971
90 25.5 3.8775
90.5 25.5 3.87604
91 25.5 3.87554
91.5 25.5 3.8703
92 25.5 3.88671
92.5 25.5 3.9251
93 25.5 3.92802
93.5 25.5 3.87175
94 25.5 3.86901
94.5 25.5 3.86711
95 25.5 3.86647
95.5 25.5 3.8689
96 25.5 3.83659
96.5 25.5 3.82991
97 25.5 3.78441
97.5 25.5 3.77155
98 25.5 3.76376
98.5 25.5 3.76728
99 25.5 3.81569
99.5 25.5 3.83065
100 25.5 3.83993
100.5 25.5 3.86315
101 25.5 3.86656
101.5 25.5 3.8869
102 25.5 3.88501
102.5 25.5 3.86671
103 25.5 3.87118
103.5 25.5 3.89201
104 25.5 3.91223
104.5 25.5 3.92795
105 25.5 3.93162
105.5 25.5 3.94448
106 25.5 3.97577
106.5 25.5 3.97357
107 25.5 4.01525
107.5 25.5 3.998
108 25.5 3.9669
108.5 25.5 3.98402
109 25.5 3.98551
109.5 25.5 4.0032
110 25.5 3.97532
110.5 25.5 3.96956
111 25.5 3.96795
111.5 25.5 3.96078
112 25.5 3.9535
112.5 25.5 3.96756
113 25.5 3.97064
113.5 25.5 3.94152
114 25.5 3.92148
114.5 25.5 3.92447
115 25.5 3.92223
115.5 25.5 3.92918
116 25.5 3.93269
116.5 25.5 3.92303
117 25.5 3.92128
117.5 25.5 3.93049
118 25.5 3.94964
118.5 25.5 3.93392
119 25.5 3.96989
119.5 25.5 4.00484
120 25.5 3.97446
120.5 25.5 3.87289
121 25.5 3.87705
121.5 25.5 3.84435
122 25.5 3.80902
122.5 25.5 3.82039
123 25.5 3.82083
123.5 25.5 3.85298
124 25.5 3.8618
124.5 25.5 3.84366
125 25.5 3.84612
125.5 25.5 3.86266
126 25.5 3.86492
126.5 25.5 3.8783
127 25.5 3.84948
127.5 25.5 3.88544
128 25.5 3.88569
128.5 25.5 3.88634
129 25.5 3.8874
129.5 25.5 3.88866
130 25.5 3.91261
130.5 25.5 3.91111
131 25.5 3.90906
131.5 25.5 3.90662
132 25.5 3.90392
132.5 25.5 3.90102
133 25.5 3.89738
85 26 3.88174
85.5 26 3.88134
86 26 3.90242
86.5 26 3.88679
87 26 3.88823
87.5 26 3.87749
88 26 3.88632
88.5 26 3.877
89 26 3.85673
89.5 26 3.87438
90 26 3.87156
90.5 26 3.86971
91 26 3.86905
91.5 26 3.86159
92 26 3.88306
92.5 26 3.90964
93 26 3.93406
93.5 26 3.93647
94 26 3.86477
94.5 26 3.86223
95 26 3.86123
95.5 26 3.9214
96 26 3.86178
96.5 26 3.85977
97 26 3.81715
97.5 26 3.84929
98 26 3.85453
98.5 26 3.79974
99 26 3.81744
99.5 26 3.83886
100 26 3.8359
100.5 26 3.877
101 26 3.89451
101.5 26 3.89126
102 26 3.91724
102.5 26 3.90811
103 26 3.91475
103.5 26 3.92006
104 26 3.93675
104.5 26 3.95066
105 26 3.97133
105.5 26 3.99277
106 26 3.99047
106.5 26 4.01613
107 26 4.03327
107.5 26 3.99911
108 26 3.98865
108.5 26 3.99923
109 26 4.00392
109.5 26 4.001
110 26 3.97842
110.5 26 3.97503
111 26 3.97553
111.5 26 3.97918
112 26 3.97474
112.5 26 3.98008
113 26 3.95996
113.5 26 3.9466
114 26 3.93625
114.5 26 3.93294
115 26 3.93219
115.5 26 3.92551
116 26 3.91264
116.5 26 3.91247
117 26 3.93888
117.5 26 3.94918
118 26 3.95123
118.5 26 3.95143
119 26 3.94939
119.5 26 3.96626
120 26 3.95854
120.5 26 3.95167
121 26 3.90133
121.5 26 3.85328
122 26 3.84193
122.5 26 3.81191
123 26 3.79426
123.5 26 3.84107
124 26 3.85622
124.5 26 3.83665
125 26 3.85844
125.5 26 3.87432
126 26 3.87516
126.5 26 3.85392
127 26 3.84266
127.5 26 3.88367
128 26 3.88402
128.5 26 3.88493
129 26 3.88609
129.5 26 3.90907
130 26 3.91656
130.5 26 3.91476
131 26 3.91241
131.5 26 3.90976
132 26 3.90672
132.5 26 3.89987
133 26 3.89862
85 26.5 3.87598
85.5 26.5 3.87533
86 26.5 3.90173
86.5 26.5 3.8828
87 26.5 3.88481
87.5 26.5 3.87118
88 26.5 3.8806
88.5 26.5 3.86848
89 26.5 3.84416
89.5 26.5 3.88525
90 26.5 3.86554
90.5 26.5 3.86303
91 26.5 3.86212
91.5 26.5 3.85208
92 26.5 3.8789
92.5 26.5 3.91154
93 26.5 3.93955
93.5 26.5 3.94277
94 26.5 3.94408
94.5 26.5 3.85779
95 26.5 3.92343
95.5 26.5 3.9245
96 26.5 3.92343
96.5 26.5 3.8539
97 26.5 3.85675
97.5 26.5 3.86042
98 26.5 3.89069
98.5 26.5 3.83417
99 26.5 3.85331
99.5 26.5 3.84325
100 26.5 3.857
100.5 26.5 3.86323
101 26.5 3.87674
101.5 26.5 3.91844
102 26.5 3.89848
102.5 26.5 3.92981
103 26.5 3.92758
103.5 26.5 3.9324
104 26.5 3.94975
104.5 26.5 3.96307
105 26.5 3.98631
105.5 26.5 3.9989
106 26.5 4.05095
106.5 26.5 4.03058
107 26.5 4.03091
107.5 26.5 4.00344
108 26.5 4.01315
108.5 26.5 4.02271
109 26.5 4.01812
109.5 26.5 4.00402
110 26.5 4.0055
110.5 26.5 3.97863
111 26.5 3.98569
111.5 26.5 3.99693
112 26.5 3.99303
112.5 26.5 3.98163
113 26.5 3.97239
113.5 26.5 3.96463
114 26.5 3.95494
114.5 26.5 3.95457
115 26.5 3.93875
115.5 26.5 3.93172
116 26.5 3.91749
116.5 26.5 3.91163
117 26.5 3.91128
117.5 26.5 3.95155
118 26.5 3.95265
118.5 26.5 3.93933
119 26.5 3.93792
119.5 26.5 3.9507
120 26.5 3.96592
120.5 26.5 3.94882
121 26.5 3.88898
121.5 26.5 3.8853
122 26.5 3.86925
122.5 26.5 3.83042
123 26.5 3.80809
123.5 26.5 3.80251
124 26.5 3.82683
124.5 26.5 3.85286
125 26.5 3.85223
125.5 26.5 3.87183
126 26.5 3.87407
126.5 26.5 3.84916
127 26.5 3.85076
127.5 26.5 3.88191
128 26.5 3.88251
128.5 26.5 3.88377
129 26.5 3.91191
129.5 26.5 3.92181
130 26.5 3.92031
130.5 26.5 3.91811
131 26.5 3.91541
131.5 26.5 3.90392
132 26.5 3.90262
132.5 26.5 3.90122
133 26.5 3.89972
85 27 3.86922
85.5 27 3.86827
86 27 3.8999
86.5 27 3.87803
87 27 3.88064
87.5 27 3.86399
88 27 3.87319
88.5 27 3.85821
89 27 3.83015
89.5 27 3.87773
90 27 3.85976
90.5 27 3.85615
91 27 3.85469
91.5 27 3.84188
92 27 3.87394
92.5 27 3.91324
93 27 3.89798
93.5 27 3.94846
94 27 3.94597
94.5 27 3.948
95 27 3.85071
95.5 27 3.92744
96 27 3.91016
96.5 27 3.9294
97 27 3.92817
97.5 27 3.86015
98 27 3.95123
98.5 27 3.89072
99 27 3.85684
99.5 27 3.84709
100 27 3.85906
100.5 27 3.86074
101 27 3.871
101.5 27 3.89984
102 27 3.89114
102.5 27 3.91336
103 27 3.93507
103.5 27 3.94045
104 27 3.96892
104.5 27 3.98244
105 27 4.01195
105.5 27 4.02548
106 27 4.02992
106.5 27 4.02942
107 27 4.03292
107.5 27 4.10183
108 27 4.02831
108.5 27 4.03712
109 27 4.04686
109.5 27 4.02858
110 27 4.0371
110.5 27 4.00627
111 27 4.00471
111.5 27 4.00585
112 27 3.99134
112.5 27 3.98507
113 27 3.97935
113.5 27 3.97926
114 27 3.97428
114.5 27 3.95946
115 27 3.94732
115.5 27 3.93479
116 27 3.91329
116.5 27 3.91889
117 27 3.92035
117.5 27 3.92965
118 27 3.93556
118.5 27 3.94148
119 27 3.93894
119.5 27 3.94226
120 27 3.93423
120.5 27 3.94947
121 27 3.92859
121.5 27 3.89806
122 27 3.91296
122.5 27 3.85741
123 27 3.82915
123.5 27 3.81718
124 27 3.80704
124.5 27 3.83233
125 27 3.83619
125.5 27 3.86409
126 27 3.8695
126.5 27 3.84424
127 27 3.82922
127.5 27 3.87994
128 27 3.88166
128.5 27 3.91429
129 27 3.92646
129.5 27 3.92571
130 27 3.92371
130.5 27 3.92101
131 27 3.90667
131.5 27 3.90537
132 27 3.90392
132.5 27 3.90232
133 27 3.89284
85 27.5 3.86157
85.5 27.5 3.85987
86 27.5 3.89688
86.5 27.5 3.87231
87 27.5 3.87568
87.5 27.5 3.8559
88 27.5 3.8639
88.5 27.5 3.84582
89 27.5 3.8145
89.5 27.5 3.86758
90 27.5 3.88527
90.5 27.5 3.84957
91 27.5 3.83464
91.5 27.5 3.83093
92 27.5 3.83464
92.5 27.5 3.9147
93 27.5 3.91426
93.5 27.5 3.89609
94 27.5 3.95738
94.5 27.5 3.95387
95 27.5 3.92047
95.5 27.5 3.89685
96 27.5 3.96379
96.5 27.5 3.93396
97 27.5 3.90106
97.5 27.5 3.92594
98 27.5 3.88938
98.5 27.5 3.88695
99 27.5 3.86181
99.5 27.5 3.84714
100 27.5 3.83641
100.5 27.5 3.84541
101 27.5 3.8582
101.5 27.5 3.89338
102 27.5 3.94127
102.5 27.5 3.94154
103 27.5 3.9494
103.5 27.5 3.96308
104 27.5 3.99221
104.5 27.5 4.00318
105 27.5 4.03597
105.5 27.5 4.05138
106 27.5 4.05454
106.5 27.5 4.03145
107 27.5 4.04933
107.5 27.5 4.05249
108 27.5 4.05036
108.5 27.5 4.04789
109 27.5 4.04309
109.5 27.5 4.04759
110 27.5 4.03518
110.5 27.5 4.02435
111 27.5 4.00027
111.5 27.5 3.9839
112 27.5 3.96845
112.5 27.5 3.97144
113 27.5 3.99529
113.5 27.5 3.97589
114 27.5 3.97676
114.5 27.5 3.96192
115 27.5 3.94828
115.5 27.5 3.92762
116 27.5 3.90894
116.5 27.5 3.90834
117 27.5 3.91666
117.5 27.5 3.9136
118 27.5 3.9263
118.5 27.5 3.91984
119 27.5 3.92331
119.5 27.5 3.93501
120 27.5 3.93061
120.5 27.5 3.93408
121 27.5 3.93781
121.5 27.5 3.92236
122 27.5 3.91782
122.5 27.5 3.8409
123 27.5 3.84163
123.5 27.5 3.84174
124 27.5 3.82068
124.5 27.5 3.81812
125 27.5 3.82289
125.5 27.5 3.84362
126 27.5 3.83118
126.5 27.5 3.86401
127 27.5 3.83122
127.5 27.5 3.88999
128 27.5 3.91663
128.5 27.5 3.88586
129 27.5 3.88626
129.5 27.5 3.92916
130 27.5 3.92636
130.5 27.5 3.90922
131 27.5 3.90802
131.5 27.5 3.90657
132 27.5 3.88966
132.5 27.5 3.89052
133 27.5 3.89158
85 28 3.85341
85.5 28 3.84986
86 28 3.85341
86.5 28 3.86554
87 28 3.8679
87.5 28 3.84672
88 28 3.84988
88.5 28 3.83105
89 28 3.83618
89.5 28 3.85456
90 28 3.85928
90.5 28 3.85821
91 28 3.83868
91.5 28 3.81913
92 28 3.93834
92.5 28 3.9159
93 28 3.8954
93.5 28 3.89473
94 28 3.89377
94.5 28 3.88844
95 28 3.90251
95.5 28 3.90131
96 28 3.91955
96.5 28 3.95054
97 28 3.89521
97.5 28 3.89834
98 28 3.88304
98.5 28 3.93396
99 28 3.88109
99.5 28 3.85071
100 28 3.81167
100.5 28 3.81101
101 28 3.8345
101.5 28 3.87634
102 28 3.9214
102.5 28 3.95917
103 28 3.97149
103.5 28 3.99007
104 28 4.01859
104.5 28 4.03406
105 28 4.06417
105.5 28 4.06591
106 28 4.06682
106.5 28 4.06936
107 28 4.06986
107.5 28 4.06495
108 28 4.06373
108.5 28 4.06997
109 28 4.06199
109.5 28 4.05014
110 28 4.03563
110.5 28 4.03259
111 28 4.01357
111.5 28 3.99681
112 28 3.97396
112.5 28 3.96153
113 28 3.98076
113.5 28 3.97335
114 28 3.96753
114.5 28 3.96493
115 28 4.03126
115.5 28 3.93731
116 28 3.92358
116.5 28 3.90999
117 28 3.91105
117.5 28 3.90975
118 28 3.91079
118.5 28 3.91926
119 28 3.93092
119.5 28 3.92287
120 28 3.91866
120.5 28 3.91731
121 28 3.92265
121.5 28 3.92573
122 28 3.86258
122.5 28 3.89464
123 28 3.85307
123.5 28 3.84548
124 28 3.82943
124.5 28 3.79332
125 28 3.75761
125.5 28 3.75888
126 28 3.82776
126.5 28 3.84772
127 28 3.80285
127.5 28 3.88211
128 28 3.88532
128.5 28 3.88466
129 28 3.93446
129.5 28 3.91232
130 28 3.91172
130.5 28 3.91042
131 28 3.90892
131.5 28 3.88784
132 28 3.88855
132.5 28 3.88936
133 28 3.89052
85 28.5 3.84845
85.5 28.5 3.91002
86 28.5 3.88624
86.5 28.5 3.85759
87 28.5 3.86269
87.5 28.5 3.83636
88 28.5 3.83829
88.5 28.5 3.81351
89 28.5 3.77736
89.5 28.5 3.83806
90 28.5 3.8625
90.5 28.5 3.8439
91 28.5 3.82666
91.5 28.5 3.86126
92 28.5 3.83244
92.5 28.5 3.85959
93 28.5 3.88162
93.5 28.5 3.87025
94 28.5 3.86482
94.5 28.5 3.88706
95 28.5 3.91039
95.5 28.5 3.97212
96 28.5 3.92063
96.5 28.5 3.88615
97 28.5 3.86701
97.5 28.5 3.85229
98 28.5 3.85598
98.5 28.5 3.86951
99 28.5 3.84665
99.5 28.5 3.83694
100 28.5 3.79939
100.5 28.5 3.78235
101 28.5 3.79514
101.5 28.5 3.85975
102 28.5 3.92358
102.5 28.5 3.95057
103 28.5 3.98151
103.5 28.5 4.0068
104 28.5 4.02739
104.5 28.5 4.04347
105 28.5 4.07186
105.5 28.5 4.0586
106 28.5 4.07522
106.5 28.5 4.07842
107 28.5 4.07972
107.5 28.5 4.07533
108 28.5 4.07817
108.5 28.5 4.07991
109 28.5 4.0734
109.5 28.5 4.05417
110 28.5 4.05077
110.5 28.5 4.02226
111 28.5 4.0155
111.5 28.5 3.9923
112 28.5 3.95564
112.5 28.5 3.94349
113 28.5 3.95697
113.5 28.5 3.97903
114 28.5 3.9863
114.5 28.5 3.97185
115 28.5 3.9516
115.5 28.5 3.94629
116 28.5 3.94338
116.5 28.5 3.91993
117 28.5 3.91623
117.5 28.5 3.91279
118 28.5 3.91699
118.5 28.5 3.92621
119 28.5 3.93686
119.5 28.5 3.91676
120 28.5 3.91532
120.5 28.5 3.90469
121 28.5 3.91301
121.5 28.5 3.91443
122 28.5 3.89631
122.5 28.5 3.83792
123 28.5 3.79775
123.5 28.5 3.81554
124 28.5 3.83355
124.5 28.5 3.80553
125 28.5 3.79376
125.5 28.5 3.81038
126 28.5 3.85201
126.5 28.5 3.8457
127 28.5 3.77551
127.5 28.5 3.85345
128 28.5 3.85817
128.5 28.5 3.88908
129 28.5 3.90658
129.5 28.5 3.91402
130 28.5 3.91252
130.5 28.5 3.91092
131 28.5 3.88618
131.5 28.5 3.88673
132 28.5 3.88759
132.5 28.5 3.8877
133 28.5 3.88851
85 29 3.85336
85.5 29 3.81563
86 29 3.78655
86.5 29 3.7714
87 29 3.80243
87.5 29 3.80996
88 29 3.80831
88.5 29 3.74032
89 29 3.74373
89.5 29 3.78895
90 29 3.80557
90.5 29 3.78566
91 29 3.76704
91.5 29 3.78082
92 29 3.75314
92.5 29 3.78234
93 29 3.80031
93.5 29 3.8355
94 29 3.8708
94.5 29 3.90695
95 29 3.86709
95.5 29 3.90832
96 29 3.89833
96.5 29 3.86146
97 29 3.92327
97.5 29 3.79224
98 29 3.84439
98.5 29 3.8492
99 29 3.85701
99.5 29 3.83435
100 29 3.78147
100.5 29 3.75532
101 29 3.77165
101.5 29 3.81438
102 29 3.89717
102.5 29 3.9601
103 29 3.99131
103.5 29 4.00324
104 29 4.03815
104.5 29 4.04298
105 29 4.06558
105.5 29 4.0595
106 29 4.07624
106.5 29 4.08548
107 29 4.0861
107.5 29 4.08899
108 29 4.08438
108.5 29 4.08868
109 29 4.0765
109.5 29 4.06903
110 29 4.04932
110.5 29 4.03728
111 29 4.03024
111.5 29 4.00038
112 29 3.97914
112.5 29 3.94855
113 29 3.95163
113.5 29 3.95339
114 29 3.97024
114.5 29 3.97092
115 29 3.9471
115.5 29 3.95176
116 29 3.93912
116.5 29 3.94706
117 29 3.91757
117.5 29 3.91643
118 29 3.91466
118.5 29 3.91803
119 29 3.91714
119.5 29 3.91186
120 29 3.91209
120.5 29 3.90662
121 29 3.89477
121.5 29 3.89663
122 29 3.89603
122.5 29 3.82222
123 29 3.82332
123.5 29 3.84895
124 29 3.82882
124.5 29 3.81925
125 29 3.84148
125.5 29 3.83161
126 29 3.78011
126.5 29 3.81707
127 29 3.77643
127.5 29 3.82879
128 29 3.80637
128.5 29 3.85321
129 29 3.89075
129.5 29 3.87572
130 29 3.91172
130.5 29 3.88461
131 29 3.88506
131.5 29 3.88597
132 29 3.88663
132.5 29 3.88704
133 29 3.87032
85 29.5 3.80835
85.5 29.5 3.71655
86 29.5 3.71724
86.5 29.5 3.72479
87 29.5 3.76972
87.5 29.5 3.76949
88 29.5 3.8046
88.5 29.5 3.76136
89 29.5 3.75603
89.5 29.5 3.77791
90 29.5 3.76187
90.5 29.5 3.75843
91 29.5 3.74222
91.5 29.5 3.80263
92 29.5 3.78291
92.5 29.5 3.77522
93 29.5 3.76757
93.5 29.5 3.79401
94 29.5 3.82764
94.5 29.5 3.82419
95 29.5 3.82854
95.5 29.5 3.86094
96 29.5 3.87536
96.5 29.5 3.85595
97 29.5 3.85823
97.5 29.5 3.84192
98 29.5 3.85322
98.5 29.5 3.83351
99 29.5 3.85214
99.5 29.5 3.82188
100 29.5 3.78666
100.5 29.5 3.77352
101 29.5 3.76514
101.5 29.5 3.81564
102 29.5 3.87864
102.5 29.5 3.94268
103 29.5 3.97565
103.5 29.5 3.98884
104 29.5 4.04343
104.5 29.5 4.03406
105 29.5 4.04375
105.5 29.5 4.06347
106 29.5 4.06908
106.5 29.5 4.0829
107 29.5 4.09031
107.5 29.5 4.10115
108 29.5 4.10384
108.5 29.5 4.08903
109 29.5 4.06662
109.5 29.5 4.0606
110 29.5 4.05431
110.5 29.5 4.03925
111 29.5 4.0238
111.5 29.5 4.00337
112 29.5 3.98866
112.5 29.5 3.96967
113 29.5 3.9516
113.5 29.5 3.95811
114 29.5 3.97415
114.5 29.5 3.96484
115 29.5 3.96767
115.5 29.5 3.9783
116 29.5 3.94815
116.5 29.5 3.91461
117 29.5 3.8989
117.5 29.5 3.89658
118 29.5 3.89038
118.5 29.5 3.91107
119 29.5 3.90905
119.5 29.5 3.88743
120 29.5 3.90659
120.5 29.5 3.89498
121 29.5 3.89652
121.5 29.5 3.88902
122 29.5 3.89135
122.5 29.5 3.8469
123 29.5 3.83544
123.5 29.5 3.8386
124 29.5 3.82584
124.5 29.5 3.8457
125 29.5 3.84244
125.5 29.5 3.83688
126 29.5 3.82043
126.5 29.5 3.80187
127 29.5 3.76434
127.5 29.5 3.7937
128 29.5 3.76882
128.5 29.5 3.81626
129 29.5 3.87353
129.5 29.5 3.85439
130 29.5 3.89471
130.5 29.5 3.88359
131 29.5 3.88446
131.5 29.5 3.8858
132 29.5 3.88622
132.5 29.5 3.86513
133 29.5 3.8675
85 30 3.66343
85.5 30 3.6349
86 30 3.70798
86.5 30 3.76872
87 30 3.80837
87.5 30 3.79198
88 30 3.78434
88.5 30 3.76715
89 30 3.72593
89.5 30 3.77535
90 30 3.7955
90.5 30 3.75548
91 30 3.72991
91.5 30 3.74323
92 30 3.75519
92.5 30 3.75002
93 30 3.77236
93.5 30 3.80205
94 30 3.81259
94.5 30 3.81175
95 30 3.82127
95.5 30 3.81464
96 30 3.85381
96.5 30 3.86117
97 30 3.87363
97.5 30 3.8372
98 30 3.86869
98.5 30 3.81228
99 30 3.84688
99.5 30 3.81639
100 30 3.81778
100.5 30 3.80534
101 30 3.79316
101.5 30 3.81628
102 30 3.87285
102.5 30 3.92168
103 30 3.95531
103.5 30 3.96927
104 30 4.01738
104.5 30 4.03237
105 30 4.0276
105.5 30 4.05891
106 30 4.07658
106.5 30 4.08515
107 30 4.08143
107.5 30 4.09824
108 30 4.08401
108.5 30 4.08288
109 30 4.05923
109.5 30 4.06625
110 30 4.0382
110.5 30 4.0285
111 30 4.01481
111.5 30 3.9878
112 30 3.97826
112.5 30 3.97178
113 30 3.96381
113.5 30 3.95819
114 30 3.97822
114.5 30 3.98586
115 30 3.97364
115.5 30 3.92575
116 30 3.93452
116.5 30 3.91466
117 30 3.90725
117.5 30 3.9044
118 30 3.89901
118.5 30 3.88705
119 30 3.9011
119.5 30 3.89904
120 30 3.91372
120.5 30 3.89046
121 30 3.88166
121.5 30 3.89897
122 30 3.89193
122.5 30 3.90613
123 30 3.8456
123.5 30 3.84714
124 30 3.85248
124.5 30 3.86696
125 30 3.83145
125.5 30 3.84189
126 30 3.85593
126.5 30 3.81456
127 30 3.78497
127.5 30 3.79629
128 30 3.78351
128.5 30 3.80402
129 30 3.84667
129.5 30 3.82912
130 30 3.88066
130.5 30 3.88748
131 30 3.88498
131.5 30 3.85942
132 30 3.86053
132.5 30 3.86285
133 30 3.87466
85 30.5 3.65786
85.5 30.5 3.68555
86 30.5 3.75247
86.5 30.5 3.78559
87 30.5 3.81948
87.5 30.5 3.7831
88 30.5 3.74693
88.5 30.5 3.73714
89 30.5 3.74754
89.5 30.5 3.74244
90 30.5 3.7227
90.5 30.5 3.75792
91 30.5 3.74735
91.5 30.5 3.74354
92 30.5 3.70561
92.5 30.5 3.7101
93 30.5 3.72037
93.5 30.5 3.73619
94 30.5 3.74235
94.5 30.5 3.80387
95 30.5 3.79738
95.5 30.5 3.8095
96 30.5 3.78989
96.5 30.5 3.75713
97 30.5 3.73379
97.5 30.5 3.72021
98 30.5 3.73903
98.5 30.5 3.76483
99 30.5 3.75717
99.5 30.5 3.81425
100 30.5 3.80668
100.5 30.5 3.8143
101 30.5 3.81367
101.5 30.5 3.80986
102 30.5 3.8412
102.5 30.5 3.88468
103 30.5 3.94042
103.5 30.5 3.98071
104 30.5 4.01809
104.5 30.5 4.01813
105 30.5 4.04655
105.5 30.5 4.04678
106 30.5 4.07457
106.5 30.5 4.06886
107 30.5 4.04979
107.5 30.5 4.06491
108 30.5 4.06679
108.5 30.5 4.08471
109 30.5 4.05715
109.5 30.5 4.04651
110 30.5 4.04944
110.5 30.5 4.03342
111 30.5 4.01933
111.5 30.5 3.9957
112 30.5 3.98144
112.5 30.5 3.98629
113 30.5 3.9699
113.5 30.5 3.97848
114 30.5 3.9824
114.5 30.5 3.98383
115 30.5 3.96846
115.5 30.5 3.94323
116 30.5 3.93075
116.5 30.5 3.92115
117 30.5 3.91294
117.5 30.5 3.90291
118 30.5 3.88466
118.5 30.5 3.90048
119 30.5 3.89407
119.5 30.5 3.90894
120 30.5 3.89447
120.5 30.5 3.89043
121 30.5 3.89235
121.5 30.5 3.90219
122 30.5 3.91689
122.5 30.5 3.86585
123 30.5 3.87064
123.5 30.5 3.85014
124 30.5 3.84299
124.5 30.5 3.85185
125 30.5 3.85336
125.5 30.5 3.86945
126 30.5 3.86818
126.5 30.5 3.82214
127 30.5 3.84707
127.5 30.5 3.80355
128 30.5 3.78426
128.5 30.5 3.78844
129 30.5 3.81045
129.5 30.5 3.82726
130 30.5 3.87157
130.5 30.5 3.86691
131 30.5 3.84315
131.5 30.5 3.85603
132 30.5 3.85901
132.5 30.5 3.87208
133 30.5 3.8734
85 31 3.65128
85.5 31 3.69871
86 31 3.75276
86.5 31 3.81629
87 31 3.7889
87.5 31 3.77772
88 31 3.75403
88.5 31 3.73874
89 31 3.73751
89.5 31 3.71627
90 31 3.69454
90.5 31 3.71713
91 31 3.69356
91.5 31 3.72649
92 31 3.72576
92.5 31 3.68519
93 31 3.69968
93.5 31 3.71506
94 31 3.71015
94.5 31 3.69301
95 31 3.7483
95.5 31 3.72954
96 31 3.72044
96.5 31 3.73829
97 31 3.74947
97.5 31 3.76141
98 31 3.7951
98.5 31 3.79167
99 31 3.77419
99.5 31 3.81008
100 31 3.80717
100.5 31 3.80706
101 31 3.81479
101.5 31 3.80758
102 31 3.81589
102.5 31 3.87297
103 31 3.91875
103.5 31 3.95712
104 31 3.97814
104.5 31 4.01093
105 31 4.03292
105.5 31 4.03787
106 31 4.04186
106.5 31 4.05446
107 31 4.04576
107.5 31 4.05355
108 31 4.05547
108.5 31 4.06863
109 31 4.06203
109.5 31 4.03783
110 31 4.04932
110.5 31 4.03844
111 31 4.02329
111.5 31 4.01592
112 31 3.9827
112.5 31 3.98731
113 31 3.9857
113.5 31 3.98273
114 31 3.9769
114.5 31 3.96238
115 31 3.95914
115.5 31 3.95717
116 31 3.93982
116.5 31 3.92779
117 31 3.91204
117.5 31 3.90293
118 31 3.88114
118.5 31 3.89423
119 31 3.86088
119.5 31 3.87291
120 31 3.8899
120.5 31 3.88583
121 31 3.88135
121.5 31 3.89924
122 31 3.87494
122.5 31 3.88898
123 31 3.83654
123.5 31 3.83092
124 31 3.83665
124.5 31 3.85679
125 31 3.85585
125.5 31 3.8674
126 31 3.82877
126.5 31 3.82384
127 31 3.85152
127.5 31 3.80349
128 31 3.79041
128.5 31 3.79052
129 31 3.80986
129.5 31 3.80655
130 31 3.88237
130.5 31 3.89021
131 31 3.85037
131.5 31 3.8477
132 31 3.86956
132.5 31 3.85952
133 31 3.86043
85 31.5 3.65144
85.5 31.5 3.73163
86 31.5 3.78325
86.5 31.5 3.77135
87 31.5 3.77536
87.5 31.5 3.74195
88 31.5 3.72841
88.5 31.5 3.7195
89 31.5 3.68843
89.5 31.5 3.68759
90 31.5 3.71524
90.5 31.5 3.69799
91 31.5 3.70734
91.5 31.5 3.68009
92 31.5 3.68275
92.5 31.5 3.73729
93 31.5 3.72152
93.5 31.5 3.69992
94 31.5 3.72607
94.5 31.5 3.76243
95 31.5 3.71303
95.5 31.5 3.70174
96 31.5 3.71329
96.5 31.5 3.71448
97 31.5 3.71839
97.5 31.5 3.75263
98 31.5 3.78491
98.5 31.5 3.80306
99 31.5 3.80782
99.5 31.5 3.79421
100 31.5 3.77822
100.5 31.5 3.79646
101 31.5 3.80527
101.5 31.5 3.80692
102 31.5 3.80167
102.5 31.5 3.83513
103 31.5 3.85755
103.5 31.5 3.9264
104 31.5 3.98771
104.5 31.5 3.99612
105 31.5 4.01945
105.5 31.5 4.04399
106 31.5 4.04212
106.5 31.5 4.06259
107 31.5 4.03608
107.5 31.5 4.03884
108 31.5 4.04716
108.5 31.5 4.05694
109 31.5 4.05641
109.5 31.5 4.04634
110 31.5 4.04431
110.5 31.5 4.02948
111 31.5 4.0224
111.5 31.5 4.00528
112 31.5 3.97303
112.5 31.5 3.98298
113 31.5 3.9803
113.5 31.5 3.97303
114 31.5 3.97888
114.5 31.5 3.98447
115 31.5 3.96858
115.5 31.5 3.95272
116 31.5 3.93798
116.5 31.5 3.92554
117 31.5 3.89719
117.5 31.5 3.89945
118 31.5 3.89257
118.5 31.5 3.89701
119 31.5 3.94631
119.5 31.5 3.8481
120 31.5 3.83535
120.5 31.5 3.88086
121 31.5 3.88692
121.5 31.5 3.89554
122 31.5 3.91161
122.5 31.5 3.89872
123 31.5 3.84426
123.5 31.5 3.84401
124 31.5 3.86536
124.5 31.5 3.89956
125 31.5 3.89492
125.5 31.5 3.8587
126 31.5 3.84909
126.5 31.5 3.85048
127 31.5 3.84608
127.5 31.5 3.80015
128 31.5 3.81551
128.5 31.5 3.79179
129 31.5 3.74231
129.5 31.5 3.79221
130 31.5 3.8817
130.5 31.5 3.99866
131 31.5 3.90191
131.5 31.5 3.8185
132 31.5 3.83554
132.5 31.5 3.85643
133 31.5 3.85355
85 32 3.65906
85.5 32 3.7006
86 32 3.74353
86.5 32 3.73833
87 32 3.71157
87.5 32 3.68135
88 32 3.66955
88.5 32 3.66612
89 32 3.68439
89.5 32 3.66038
90 32 3.68436
90.5 32 3.71398
91 32 3.75452
91.5 32 3.74437
92 32 3.73539
92.5 32 3.74318
93 32 3.71816
93.5 32 3.70347
94 32 3.70677
94.5 32 3.74245
95 32 3.7537
95.5 32 3.70801
96 32 3.75152
96.5 32 3.74115
97 32 3.71727
97.5 32 3.74113
98 32 3.73102
98.5 32 3.7908
99 32 3.77512
99.5 32 3.79235
100 32 3.77659
100.5 32 3.79523
101 32 3.79054
101.5 32 3.80096
102 32 3.81432
102.5 32 3.80195
103 32 3.82621
103.5 32 3.87171
104 32 3.94394
104.5 32 3.97484
105 32 3.99983
105.5 32 4.02299
106 32 4.02045
106.5 32 4.04579
107 32 4.03943
107.5 32 4.03742
108 32 4.05985
108.5 32 4.05034
109 32 4.04509
109.5 32 4.02913
110 32 4.01465
110.5 32 4.00666
111 32 4.00153
111.5 32 4.00882
112 32 3.96652
112.5 32 3.95791
113 32 3.9673
113.5 32 3.98856
114 32 3.964
114.5 32 3.96524
115 32 3.95115
115.5 32 3.94874
116 32 3.91833
116.5 32 3.89573
117 32 3.89986
117.5 32 3.88047
118 32 3.88174
118.5 32 3.87911
119 32 3.87179
119.5 32 3.83925
120 32 3.85582
120.5 32 3.8672
121 32 3.87382
121.5 32 3.8648
122 32 3.82608
122.5 32 3.8296
123 32 3.89728
123.5 32 3.86398
124 32 3.89528
124.5 32 3.88552
125 32 3.85836
125.5 32 3.85131
126 32 3.84605
126.5 32 3.85867
127 32 3.8255
127.5 32 3.80409
128 32 3.82506
128.5 32 3.81594
129 32 3.74356
129.5 32 3.8043
130 32 3.85488
130.5 32 3.92581
131 32 3.96572
131.5 32 3.86129
132 32 3.84697
132.5 32 3.84223
133 32 3.86645
85 32.5 3.6809
85.5 32.5 3.70692
86 32.5 3.68868
86.5 32.5 3.68224
87 32.5 3.69705
87.5 32.5 3.67442
88 32.5 3.70206
88.5 32.5 3.71217
89 32.5 3.70949
89.5 32.5 3.70085
90 32.5 3.66977
90.5 32.5 3.67377
91 32.5 3.67621
91.5 32.5 3.70094
92 32.5 3.66905
92.5 32.5 3.69272
93 32.5 3.72893
93.5 32.5 3.75075
94 32.5 3.75156
94.5 32.5 3.71149
95 32.5 3.68836
95.5 32.5 3.69864
96 32.5 3.69169
96.5 32.5 3.66523
97 32.5 3.68217
97.5 32.5 3.72867
98 32.5 3.74432
98.5 32.5 3.75479
99 32.5 3.75455
99.5 32.5 3.77039
100 32.5 3.75048
100.5 32.5 3.74312
101 32.5 3.75922
101.5 32.5 3.77481
102 32.5 3.76873
102.5 32.5 3.78465
103 32.5 3.79059
103.5 32.5 3.83302
104 32.5 3.91079
104.5 32.5 3.94535
105 32.5 3.99776
105.5 32.5 3.99559
106 32.5 4.02592
106.5 32.5 4.03958
107 32.5 4.05191
107.5 32.5 4.04445
108 32.5 4.05038
108.5 32.5 4.05209
109 32.5 4.02245
109.5 32.5 4.00232
110 32.5 4.00587
110.5 32.5 3.98603
111 32.5 3.98704
111.5 32.5 3.97325
112 32.5 3.95676
112.5 32.5 3.95625
113 32.5 3.97042
113.5 32.5 3.98816
114 32.5 3.98151
114.5 32.5 3.94476
115 32.5 3.93825
115.5 32.5 3.94467
116 32.5 3.91162
116.5 32.5 3.90018
117 32.5 3.89526
117.5 32.5 3.91734
118 32.5 3.89539
118.5 32.5 3.87923
119 32.5 3.87517
119.5 32.5 3.85898
120 32.5 3.886
120.5 32.5 3.89132
121 32.5 3.90312
121.5 32.5 3.88831
122 32.5 3.86019
122.5 32.5 3.84414
123 32.5 3.88216
123.5 32.5 3.89781
124 32.5 3.85779
124.5 32.5 3.88075
125 32.5 3.87392
125.5 32.5 3.86551
126 32.5 3.88975
126.5 32.5 3.87529
127 32.5 3.81716
127.5 32.5 3.82971
128 32.5 3.83596
128.5 32.5 3.80161
129 32.5 3.79666
129.5 32.5 3.80394
130 32.5 3.81956
130.5 32.5 3.88878
131 32.5 3.92983
131.5 32.5 3.94402
132 32.5 3.8757
132.5 32.5 3.86338
133 32.5 3.8833
85 33 3.64341
85.5 33 3.68617
86 33 3.66473
86.5 33 3.64254
87 33 3.67506
87.5 33 3.69935
88 33 3.70846
88.5 33 3.724
89 33 3.6961
89.5 33 3.63108
90 33 3.64593
90.5 33 3.60121
91 33 3.63624
91.5 33 3.6516
92 33 3.64986
92.5 33 3.66901
93 33 3.69355
93.5 33 3.67361
94 33 3.65299
94.5 33 3.63905
95 33 3.64221
95.5 33 3.67645
96 33 3.71413
96.5 33 3.73931
97 33 3.7448
97.5 33 3.71195
98 33 3.7028
98.5 33 3.72308
99 33 3.70561
99.5 33 3.69715
100 33 3.7297
100.5 33 3.74603
101 33 3.7524
101.5 33 3.76334
102 33 3.75408
102.5 33 3.75287
103 33 3.78386
103.5 33 3.82869
104 33 3.87997
104.5 33 3.93454
105 33 3.97532
105.5 33 3.98738
106 33 4.01195
106.5 33 4.01571
107 33 4.01514
107.5 33 4.02094
108 33 4.02005
108.5 33 4.04817
109 33 4.01121
109.5 33 3.98853
110 33 4.00636
110.5 33 3.96004
111 33 3.95627
111.5 33 3.95593
112 33 3.96268
112.5 33 3.97027
113 33 3.96893
113.5 33 4.00718
114 33 3.9931
114.5 33 3.96087
115 33 3.94896
115.5 33 3.93128
116 33 3.92441
116.5 33 3.91967
117 33 3.91148
117.5 33 3.90372
118 33 3.9124
118.5 33 3.89019
119 33 3.88473
119.5 33 3.86265
120 33 3.9019
120.5 33 3.88435
121 33 3.88714
121.5 33 3.91169
122 33 3.90216
122.5 33 3.86232
123 33 3.87955
123.5 33 3.83678
124 33 3.8404
124.5 33 3.86747
125 33 3.8718
125.5 33 3.88064
126 33 3.9009
126.5 33 3.83579
127 33 3.83267
127.5 33 3.8458
128 33 3.83923
128.5 33 3.79747
129 33 3.82323
129.5 33 3.82772
130 33 3.86827
130.5 33 3.89323
131 33 3.90036
131.5 33 3.88789
132 33 3.91411
132.5 33 3.97562
133 33 3.95843
85 33.5 3.65584
85.5 33.5 3.6675
86 33.5 3.72947
86.5 33.5 3.70808
87 33.5 3.68927
87.5 33.5 3.76202
88 33.5 3.73118
88.5 33.5 3.71582
89 33.5 3.65084
89.5 33.5 3.62295
90 33.5 3.541
90.5 33.5 3.57131
91 33.5 3.5562
91.5 33.5 3.64543
92 33.5 3.65042
92.5 33.5 3.63576
93 33.5 3.60887
93.5 33.5 3.61954
94 33.5 3.6206
94.5 33.5 3.62247
95 33.5 3.62934
95.5 33.5 3.65112
96 33.5 3.68275
96.5 33.5 3.66041
97 33.5 3.70642
97.5 33.5 3.6778
98 33.5 3.66
98.5 33.5 3.69485
99 33.5 3.692
99.5 33.5 3.70798
100 33.5 3.7037
100.5 33.5 3.72367
101 33.5 3.77128
101.5 33.5 3.77661
102 33.5 3.76445
102.5 33.5 3.7664
103 33.5 3.78289
103.5 33.5 3.80678
104 33.5 3.8521
104.5 33.5 3.90693
105 33.5 3.92622
105.5 33.5 3.94279
106 33.5 3.99292
106.5 33.5 4.00585
107 33.5 3.99206
107.5 33.5 4.00049
108 33.5 4.01982
108.5 33.5 4.02166
109 33.5 4.00335
109.5 33.5 3.97557
110 33.5 3.98068
110.5 33.5 3.97958
111 33.5 3.94026
111.5 33.5 3.9382
112 33.5 3.94854
112.5 33.5 3.94708
113 33.5 3.9504
113.5 33.5 3.98949
114 33.5 3.97176
114.5 33.5 3.96111
115 33.5 3.94726
115.5 33.5 3.9306
116 33.5 3.918
116.5 33.5 3.92062
117 33.5 3.90095
117.5 33.5 3.91095
118 33.5 3.94322
118.5 33.5 3.92177
119 33.5 3.896
119.5 33.5 3.88619
120 33.5 3.89782
120.5 33.5 3.83977
121 33.5 3.84853
121.5 33.5 3.84646
122 33.5 3.86185
122.5 33.5 3.88327
123 33.5 3.89498
123.5 33.5 3.89795
124 33.5 3.86281
124.5 33.5 3.86274
125 33.5 3.86455
125.5 33.5 3.87842
126 33.5 3.89419
126.5 33.5 3.84567
127 33.5 3.88031
127.5 33.5 3.83686
128 33.5 3.87121
128.5 33.5 3.87485
129 33.5 3.83744
129.5 33.5 3.83377
130 33.5 3.77602
130.5 33.5 3.89053
131 33.5 3.96671
131.5 33.5 3.96073
132 33.5 3.89897
132.5 33.5 4.02398
133 33.5 3.98017
85 34 3.64339
85.5 34 3.63453
86 34 3.61916
86.5 34 3.74564
87 34 3.78808
87.5 34 3.85519
88 34 3.78686
88.5 34 3.68102
89 34 3.6591
89.5 34 3.55277
90 34 3.51344
90.5 34 3.53189
91 34 3.58345
91.5 34 3.60143
92 34 3.57665
92.5 34 3.60916
93 34 3.58416
93.5 34 3.6132
94 34 3.62386
94.5 34 3.65294
95 34 3.66977
95.5 34 3.68218
96 34 3.69415
96.5 34 3.69564
97 34 3.69186
97.5 34 3.70295
98 34 3.69344
98.5 34 3.66466
99 34 3.67126
99.5 34 3.66964
100 34 3.73835
100.5 34 3.81716
101 34 3.77652
101.5 34 3.76592
102 34 3.78522
102.5 34 3.78157
103 34 3.8016
103.5 34 3.78915
104 34 3.81452
104.5 34 3.85899
105 34 3.88322
105.5 34 3.93014
106 34 3.94944
106.5 34 3.95713
107 34 3.98534
107.5 34 3.97776
108 34 3.97395
108.5 34 3.9909
109 34 3.97093
109.5 34 3.96787
110 34 3.9726
110.5 34 3.95937
111 34 3.929
111.5 34 3.90929
112 34 3.92354
112.5 34 3.91872
113 34 3.93304
113.5 34 3.97809
114 34 3.95904
114.5 34 3.96501
115 34 3.94445
115.5 34 3.9373
116 34 3.92654
116.5 34 3.92301
117 34 3.92584
117.5 34 3.92416
118 34 3.91203
118.5 34 3.91915
119 34 3.88561
119.5 34 3.88182
120 34 3.8962
120.5 34 3.85358
121 34 3.82651
121.5 34 3.85038
122 34 3.84406
122.5 34 3.85409
123 34 3.90321
123.5 34 3.90914
124 34 3.91632
124.5 34 3.94513
125 34 3.90724
125.5 34 3.93106
126 34 3.88747
126.5 34 3.86905
127 34 3.86949
127.5 34 3.84229
128 34 3.89399
128.5 34 3.86897
129 34 3.84253
129.5 34 3.86374
130 34 3.8289
130.5 34 3.82195
131 34 3.88265
131.5 34 3.84047
132 34 3.95771
132.5 34 3.98088
133 34 3.95927
85 34.5 3.64803
85.5 34.5 3.67691
86 34.5 3.76218
86.5 34.5 3.73189
87 34.5 3.79166
87.5 34.5 3.75216
88 34.5 3.74939
88.5 34.5 3.67158
89 34.5 3.6037
89.5 34.5 3.49459
90 34.5 3.54312
90.5 34.5 3.5379
91 34.5 3.57136
91.5 34.5 3.53416
92 34.5 3.57396
92.5 34.5 3.56607
93 34.5 3.58771
93.5 34.5 3.62194
94 34.5 3.66254
94.5 34.5 3.6574
95 34.5 3.6514
95.5 34.5 3.687
96 34.5 3.70887
96.5 34.5 3.69053
97 34.5 3.68721
97.5 34.5 3.687
98 34.5 3.66665
98.5 34.5 3.67601
99 34.5 3.73469
99.5 34.5 3.72531
100 34.5 3.74688
100.5 34.5 3.72647
101 34.5 3.74851
101.5 34.5 3.82005
102 34.5 3.78635
102.5 34.5 3.8261
103 34.5 3.80605
103.5 34.5 3.84352
104 34.5 3.86955
104.5 34.5 3.89346
105 34.5 3.85471
105.5 34.5 3.87563
106 34.5 3.924
106.5 34.5 3.96078
107 34.5 3.96605
107.5 34.5 3.97267
108 34.5 3.9627
108.5 34.5 3.90631
109 34.5 3.91859
109.5 34.5 3.90051
110 34.5 3.94208
110.5 34.5 3.88302
111 34.5 3.89237
111.5 34.5 3.8989
112 34.5 3.88088
112.5 34.5 3.83473
113 34.5 3.82179
113.5 34.5 3.9406
114 34.5 3.8806
114.5 34.5 3.9094
115 34.5 3.91065
115.5 34.5 3.93538
116 34.5 3.93742
116.5 34.5 4.04215
117 34.5 3.97189
117.5 34.5 3.96101
118 34.5 3.95974
118.5 34.5 3.95137
119 34.5 3.91669
119.5 34.5 3.87177
120 34.5 3.8881
120.5 34.5 3.88395
121 34.5 3.88936
121.5 34.5 3.88087
122 34.5 3.90973
122.5 34.5 3.86112
123 34.5 3.91966
123.5 34.5 3.90616
124 34.5 3.90194
124.5 34.5 3.92763
125 34.5 3.93889
125.5 34.5 3.90202
126 34.5 3.90093
126.5 34.5 3.87818
127 34.5 3.94437
127.5 34.5 3.87641
128 34.5 3.87563
128.5 34.5 3.90648
129 34.5 3.88257
129.5 34.5 3.86977
130 34.5 3.79547
130.5 34.5 3.81945
131 34.5 3.8436
131.5 34.5 3.87824
132 34.5 3.99341
132.5 34.5 3.92475
133 34.5 3.88579
85 35 3.74215
85.5 35 3.73731
86 35 3.68892
86.5 35 3.679
87 35 3.64355
87.5 35 3.75559
88 35 3.68558
88.5 35 3.70843
89 35 3.61799
89.5 35 3.62402
90 35 3.59928
90.5 35 3.57009
91 35 3.59708
91.5 35 3.57712
92 35 3.59133
92.5 35 3.58222
93 35 3.63831
93.5 35 3.56647
94 35 3.63213
94.5 35 3.6372
95 35 3.63729
95.5 35 3.66674
96 35 3.69276
96.5 35 3.72807
97 35 3.7096
97.5 35 3.70195
98 35 3.68751
98.5 35 3.65656
99 35 3.69263
99.5 35 3.72187
100 35 3.74421
100.5 35 3.78134
101 35 3.78185
101.5 35 3.82231
102 35 3.88828
102.5 35 3.88758
103 35 3.85329
103.5 35 3.85561
104 35 3.85931
104.5 35 3.81315
105 35 3.78743
105.5 35 3.82315
106 35 3.80104
106.5 35 3.97419
107 35 3.9243
107.5 35 3.97953
108 35 3.95791
108.5 35 3.95331
109 35 3.95789
109.5 35 3.90872
110 35 3.93064
110.5 35 3.8929
111 35 3.90915
111.5 35 3.88995
112 35 3.88054
112.5 35 3.91261
113 35 3.85406
113.5 35 3.85318
114 35 3.84663
114.5 35 3.89209
115 35 3.93247
115.5 35 3.97038
116 35 3.93404
116.5 35 3.93964
117 35 3.91799
117.5 35 3.90467
118 35 3.82292
118.5 35 3.80453
119 35 3.89047
119.5 35 3.81578
120 35 3.87566
120.5 35 3.85694
121 35 3.87399
121.5 35 3.89555
122 35 3.90384
122.5 35 3.89469
123 35 3.92157
123.5 35 3.9107
124 35 3.93297
124.5 35 3.92224
125 35 3.89299
125.5 35 3.88546
126 35 3.85381
126.5 35 3.90547
127 35 3.92255
127.5 35 3.91682
128 35 3.87622
128.5 35 3.92469
129 35 3.87539
129.5 35 3.84305
130 35 3.84727
130.5 35 3.8331
131 35 3.82353
131.5 35 3.84637
132 35 3.89193
132.5 35 3.99094
133 35 3.9157
85 35.5 3.72361
85.5 35.5 3.74953
86 35.5 3.75875
86.5 35.5 3.70482
87 35.5 3.65829
87.5 35.5 3.71574
88 35.5 3.73145
88.5 35.5 3.73982
89 35.5 3.68486
89.5 35.5 3.61836
90 35.5 3.59194
90.5 35.5 3.59095
91 35.5 3.61231
91.5 35.5 3.63007
92 35.5 3.57552
92.5 35.5 3.67891
93 35.5 3.65732
93.5 35.5 3.6715
94 35.5 3.66293
94.5 35.5 3.65888
95 35.5 3.66967
95.5 35.5 3.68316
96 35.5 3.67053
96.5 35.5 3.69467
97 35.5 3.70001
97.5 35.5 3.70144
98 35.5 3.70505
98.5 35.5 3.65657
99 35.5 3.70619
99.5 35.5 3.71569
100 35.5 3.73139
100.5 35.5 3.78924
101 35.5 3.76568
101.5 35.5 3.80213
102 35.5 3.83636
102.5 35.5 3.89848
103 35.5 3.89107
103.5 35.5 3.83268
104 35.5 3.85462
104.5 35.5 3.90995
105 35.5 3.81916
105.5 35.5 3.83064
106 35.5 3.92224
106.5 35.5 3.97242
107 35.5 3.91276
107.5 35.5 3.97159
108 35.5 3.96756
108.5 35.5 3.97466
109 35.5 3.95129
109.5 35.5 3.95053
110 35.5 3.91344
110.5 35.5 3.87187
111 35.5 3.9199
111.5 35.5 3.89557
112 35.5 3.86859
112.5 35.5 3.87084
113 35.5 3.88561
113.5 35.5 3.89331
114 35.5 3.8711
114.5 35.5 3.89848
115 35.5 3.88994
115.5 35.5 3.88792
116 35.5 3.89575
116.5 35.5 3.92611
117 35.5 3.93279
117.5 35.5 3.83879
118 35.5 3.79518
118.5 35.5 3.83149
119 35.5 3.87159
119.5 35.5 3.80864
120 35.5 3.87165
120.5 35.5 3.86427
121 35.5 3.899
121.5 35.5 3.87434
122 35.5 3.92537
122.5 35.5 3.91081
123 35.5 3.88947
123.5 35.5 3.89342
124 35.5 3.91883
124.5 35.5 3.91449
125 35.5 3.90669
125.5 35.5 3.91306
126 35.5 3.92019
126.5 35.5 4.02531
127 35.5 3.9686
127.5 35.5 4.00212
128 35.5 3.9036
128.5 35.5 3.90161
129 35.5 3.91633
129.5 35.5 3.87501
130 35.5 3.85567
130.5 35.5 3.85071
131 35.5 3.83467
131.5 35.5 3.84566
132 35.5 3.91516
132.5 35.5 3.85238
133 35.5 3.90387
85 36 3.81909
85.5 36 3.78392
86 36 3.92564
86.5 36 3.70644
87 36 3.76686
87.5 36 3.80759
88 36 3.81908
88.5 36 3.75887
89 36 3.72361
89.5 36 3.66414
90 36 3.6225
90.5 36 3.60267
91 36 3.63966
91.5 36 3.62328
92 36 3.64477
92.5 36 3.7314
93 36 3.66925
93.5 36 3.70332
94 36 3.73169
94.5 36 3.79308
95 36 3.77189
95.5 36 3.74463
96 36 3.76163
96.5 36 3.70459
97 36 3.74759
97.5 36 3.71018
98 36 3.77774
98.5 36 3.71456
99 36 3.74289
99.5 36 3.73364
100 36 3.76502
100.5 36 3.80883
101 36 3.80488
101.5 36 3.82445
102 36 3.82199
102.5 36 3.87058
103 36 3.91335
103.5 36 3.86087
104 36 3.91897
104.5 36 3.90515
105 36 3.92489
105.5 36 3.86683
106 36 3.94412
106.5 36 3.9678
107 36 4.00016
107.5 36 3.95051
108 36 3.98173
108.5 36 3.98872
109 36 3.98449
109.5 36 3.96048
110 36 3.95476
110.5 36 3.93849
111 36 3.94214
111.5 36 3.96122
112 36 3.90283
112.5 36 3.87131
113 36 3.85778
113.5 36 3.9025
114 36 3.85985
114.5 36 3.84189
115 36 3.88417
115.5 36 3.94412
116 36 3.88079
116.5 36 3.90353
117 36 3.87714
117.5 36 3.8681
118 36 3.81672
118.5 36 3.78382
119 36 3.89678
119.5 36 3.89251
120 36 3.87524
120.5 36 3.89082
121 36 3.92944
121.5 36 3.94252
122 36 3.9511
122.5 36 3.93706
123 36 3.93214
123.5 36 3.93752
124 36 3.90859
124.5 36 3.92133
125 36 3.92211
125.5 36 3.93902
126 36 3.92743
126.5 36 3.93322
127 36 3.95485
127.5 36 3.93119
128 36 3.91437
128.5 36 3.90075
129 36 3.94394
129.5 36 3.91822
130 36 3.84366
130.5 36 3.84352
131 36 3.80048
131.5 36 3.79873
132 36 3.88129
132.5 36 3.89176
133 36 3.86139
85 36.5 3.79816
85.5 36.5 3.79698
86 36.5 3.85984
86.5 36.5 3.80435
87 36.5 3.864
87.5 36.5 3.82808
88 36.5 3.76845
88.5 36.5 3.72101
89 36.5 3.64641
89.5 36.5 3.71074
90 36.5 3.6573
90.5 36.5 3.64445
91 36.5 3.64028
91.5 36.5 3.67045
92 36.5 3.74172
92.5 36.5 3.79118
93 36.5 3.75993
93.5 36.5 3.75091
94 36.5 3.77381
94.5 36.5 3.79296
95 36.5 3.82041
95.5 36.5 3.80567
96 36.5 3.77994
96.5 36.5 3.74028
97 36.5 3.77241
97.5 36.5 3.782
98 36.5 3.87839
98.5 36.5 3.87212
99 36.5 3.80962
99.5 36.5 3.8239
100 36.5 3.79667
100.5 36.5 3.80961
101 36.5 3.84335
101.5 36.5 3.82168
102 36.5 3.87449
102.5 36.5 3.90949
103 36.5 3.89451
103.5 36.5 3.87359
104 36.5 3.85028
104.5 36.5 3.87574
105 36.5 3.95557
105.5 36.5 3.91825
106 36.5 3.86334
106.5 36.5 3.97227
107 36.5 3.9986
107.5 36.5 4.02708
108 36.5 3.99575
108.5 36.5 4.03981
109 36.5 3.99214
109.5 36.5 4.03575
110 36.5 3.98086
110.5 36.5 4.00412
111 36.5 4.01083
111.5 36.5 3.96573
112 36.5 3.97835
112.5 36.5 3.87986
113 36.5 3.82657
113.5 36.5 3.90163
114 36.5 3.78334
114.5 36.5 3.7755
115 36.5 3.87833
115.5 36.5 3.91126
116 36.5 3.9023
116.5 36.5 3.85888
117 36.5 3.84376
117.5 36.5 3.84962
118 36.5 3.8314
118.5 36.5 3.84092
119 36.5 3.85955
119.5 36.5 3.85605
120 36.5 3.88026
120.5 36.5 3.86892
121 36.5 3.89067
121.5 36.5 3.91367
122 36.5 3.90684
122.5 36.5 3.94324
123 36.5 3.93003
123.5 36.5 3.96603
124 36.5 3.93217
124.5 36.5 3.90168
125 36.5 3.94055
125.5 36.5 3.94721
126 36.5 3.94757
126.5 36.5 3.99866
127 36.5 3.94352
127.5 36.5 3.88784
128 36.5 3.89707
128.5 36.5 3.8753
129 36.5 3.92163
129.5 36.5 3.90299
130 36.5 3.89866
130.5 36.5 3.79806
131 36.5 3.80276
131.5 36.5 3.83786
132 36.5 3.85559
132.5 36.5 3.90086
133 36.5 3.88385
85 37 3.92276
85.5 37 3.8555
86 37 3.81816
86.5 37 3.82148
87 37 3.82543
87.5 37 3.75537
88 37 3.79682
88.5 37 3.74371
89 37 3.77757
89.5 37 3.69934
90 37 3.72308
90.5 37 3.70045
91 37 3.6499
91.5 37 3.74381
92 37 3.74375
92.5 37 3.83489
93 37 3.82889
93.5 37 3.78481
94 37 3.8075
94.5 37 3.77778
95 37 3.78489
95.5 37 3.77367
96 37 3.77538
96.5 37 3.81526
97 37 3.80751
97.5 37 3.79757
98 37 3.76776
98.5 37 3.74228
99 37 3.79653
99.5 37 3.8325
100 37 3.7813
100.5 37 3.76623
101 37 3.84421
101.5 37 3.80236
102 37 3.9416
102.5 37 3.88282
103 37 3.90414
103.5 37 3.84808
104 37 3.92701
104.5 37 3.93213
105 37 3.9449
105.5 37 3.90322
106 37 3.94629
106.5 37 3.97141
107 37 3.9874
107.5 37 4.0753
108 37 4.03524
108.5 37 4.02223
109 37 3.99032
109.5 37 4.0376
110 37 4.00266
110.5 37 3.97829
111 37 3.93967
111.5 37 3.95088
112 37 3.97754
112.5 37 3.93784
113 37 3.86385
113.5 37 3.86805
114 37 3.79291
114.5 37 3.88485
115 37 3.82731
115.5 37 3.88131
116 37 3.97342
116.5 37 3.88798
117 37 3.87787
117.5 37 3.83182
118 37 3.84793
118.5 37 3.8351
119 37 3.76703
119.5 37 3.93431
120 37 3.88608
120.5 37 3.87309
121 37 3.87101
121.5 37 3.89202
122 37 3.89866
122.5 37 3.98591
123 37 3.9726
123.5 37 3.95567
124 37 3.94963
124.5 37 3.94277
125 37 3.93973
125.5 37 3.94347
126 37 3.95958
126.5 37 3.99648
127 37 3.8915
127.5 37 3.9066
128 37 3.84995
128.5 37 3.86912
129 37 3.86017
129.5 37 3.82805
130 37 3.77871
130.5 37 3.75634
131 37 3.78074
131.5 37 3.8445
132 37 3.87982
132.5 37 3.88329
133 37 3.84406
85 37.5 3.84772
85.5 37.5 3.87253
86 37.5 3.8542
86.5 37.5 3.82139
87 37.5 3.83036
87.5 37.5 3.79078
88 37.5 3.77646
88.5 37.5 3.77535
89 37.5 3.7527
89.5 37.5 3.77654
90 37.5 3.73595
90.5 37.5 3.74536
91 37.5 3.73608
91.5 37.5 3.75239
92 37.5 3.74838
92.5 37.5 3.83699
93 37.5 3.78532
93.5 37.5 3.79053
94 37.5 3.7566
94.5 37.5 3.78155
95 37.5 3.74313
95.5 37.5 3.78926
96 37.5 3.79087
96.5 37.5 3.91829
97 37.5 3.88054
97.5 37.5 3.7966
98 37.5 3.78103
98.5 37.5 3.78926
99 37.5 3.7934
99.5 37.5 3.80285
100 37.5 3.80064
100.5 37.5 3.83801
101 37.5 3.8013
101.5 37.5 3.82014
102 37.5 3.84496
102.5 37.5 3.88499
103 37.5 3.90143
103.5 37.5 3.88966
104 37.5 3.89415
104.5 37.5 3.94207
105 37.5 3.97505
105.5 37.5 3.91998
106 37.5 3.9943
106.5 37.5 3.94568
107 37.5 3.99651
107.5 37.5 4.02505
108 37.5 3.92307
108.5 37.5 4.04074
109 37.5 4.00596
109.5 37.5 4.01949
110 37.5 4.0204
110.5 37.5 4.01179
111 37.5 3.97344
111.5 37.5 3.93664
112 37.5 3.88246
112.5 37.5 3.85938
113 37.5 3.86937
113.5 37.5 3.86705
114 37.5 3.82755
114.5 37.5 3.82467
115 37.5 3.81408
115.5 37.5 3.84744
116 37.5 3.91146
116.5 37.5 3.85749
117 37.5 3.79939
117.5 37.5 3.78515
118 37.5 3.81333
118.5 37.5 3.89189
119 37.5 3.86168
119.5 37.5 3.87406
120 37.5 3.89653
120.5 37.5 3.86463
121 37.5 3.97423
121.5 37.5 3.91577
122 37.5 3.91267
122.5 37.5 3.91718
123 37.5 3.93727
123.5 37.5 3.95267
124 37.5 3.9158
124.5 37.5 3.90816
125 37.5 3.93028
125.5 37.5 4.03807
126 37.5 4.04865
126.5 37.5 3.93854
127 37.5 3.87001
127.5 37.5 3.87415
128 37.5 3.86621
128.5 37.5 3.85494
129 37.5 3.79771
129.5 37.5 3.84087
130 37.5 3.80484
130.5 37.5 3.8607
131 37.5 3.88675
131.5 37.5 3.88287
132 37.5 3.89883
132.5 37.5 3.87524
133 37.5 3.89881
85 38 3.94768
85.5 38 3.94408
86 38 3.88751
86.5 38 3.85348
87 38 3.84493
87.5 38 3.8611
88 38 3.85777
88.5 38 3.81591
89 38 3.82701
89.5 38 3.80275
90 38 3.79607
90.5 38 3.79498
91 38 3.79913
91.5 38 3.78991
92 38 3.81406
92.5 38 3.78736
93 38 3.75059
93.5 38 3.77272
94 38 3.75094
94.5 38 3.73372
95 38 3.75876
95.5 38 3.82552
96 38 3.8272
96.5 38 3.79236
97 38 3.78926
97.5 38 3.74799
98 38 3.77804
98.5 38 3.76781
99 38 3.80129
99.5 38 3.76547
100 38 3.79453
100.5 38 3.74389
101 38 3.80159
101.5 38 3.86488
102 38 3.89564
102.5 38 3.88067
103 38 3.89975
103.5 38 3.94626
104 38 3.92732
104.5 38 3.93114
105 38 3.89596
105.5 38 3.95588
106 38 4.01769
106.5 38 3.97425
107 38 4.02925
107.5 38 4.0827
108 38 4.00072
108.5 38 4.03833
109 38 4.04576
109.5 38 3.96483
110 38 3.9891
110.5 38 4.00764
111 38 3.97495
111.5 38 3.96006
112 38 3.89672
112.5 38 3.86791
113 38 3.84391
113.5 38 3.84274
114 38 3.87319
114.5 38 3.81685
115 38 3.84188
115.5 38 3.91495
116 38 3.90755
116.5 38 3.83031
117 38 3.82776
117.5 38 3.86097
118 38 3.92019
118.5 38 3.87592
119 38 3.83034
119.5 38 3.84034
120 38 3.87177
120.5 38 3.86108
121 38 3.87664
121.5 38 3.90153
122 38 3.91208
122.5 38 3.91455
123 38 3.91703
123.5 38 3.9694
124 38 3.92277
124.5 38 3.9024
125 38 3.94526
125.5 38 3.93456
126 38 3.92991
126.5 38 3.88952
127 38 3.85695
127.5 38 3.86441
128 38 3.89677
128.5 38 3.87256
129 38 3.86849
129.5 38 3.86363
130 38 3.83408
130.5 38 3.85423
131 38 3.88364
131.5 38 3.91436
132 38 3.88217
132.5 38 3.85788
133 38 3.83545
85 38.5 3.92894
85.5 38.5 3.96642
86 38.5 3.94717
86.5 38.5 3.91044
87 38.5 3.88503
87.5 38.5 3.91084
88 38.5 3.90671
88.5 38.5 3.90195
89 38.5 3.86969
89.5 38.5 3.92356
90 38.5 3.83478
90.5 38.5 3.87166
91 38.5 3.84891
91.5 38.5 3.85578
92 38.5 3.85038
92.5 38.5 3.83367
93 38.5 3.82789
93.5 38.5 3.81475
94 38.5 3.8004
94.5 38.5 3.79595
95 38.5 3.77818
95.5 38.5 3.79895
96 38.5 3.81353
96.5 38.5 3.76253
97 38.5 3.76749
97.5 38.5 3.74353
98 38.5 3.773
98.5 38.5 3.79825
99 38.5 3.77203
99.5 38.5 3.81595
100 38.5 3.77331
100.5 38.5 3.85514
101 38.5 3.84197
101.5 38.5 3.88143
102 38.5 3.91374
102.5 38.5 3.98592
103 38.5 3.96654
103.5 38.5 3.98131
104 38.5 4.03518
104.5 38.5 4.02302
105 38.5 3.91142
105.5 38.5 3.89781
106 38.5 4.09992
106.5 38.5 4.04191
107 38.5 4.08093
107.5 38.5 4.13582
108 38.5 4.03004
108.5 38.5 3.99955
109 38.5 3.96181
109.5 38.5 3.94685
110 38.5 4.00827
110.5 38.5 3.97687
111 38.5 3.94902
111.5 38.5 3.88555
112 38.5 3.84117
112.5 38.5 3.79535
113 38.5 3.79351
113.5 38.5 3.95307
114 38.5 3.85702
114.5 38.5 3.81365
115 38.5 3.84748
115.5 38.5 3.91997
116 38.5 3.85777
116.5 38.5 3.84735
117 38.5 3.83436
117.5 38.5 3.85305
118 38.5 3.87833
118.5 38.5 3.86384
119 38.5 3.86333
119.5 38.5 3.84327
120 38.5 3.79459
120.5 38.5 3.85285
121 38.5 3.87243
121.5 38.5 3.88927
122 38.5 3.90061
122.5 38.5 3.91702
123 38.5 3.93876
123.5 38.5 3.96052
124 38.5 3.93647
124.5 38.5 3.90296
125 38.5 3.91183
125.5 38.5 3.89829
126 38.5 3.95304
126.5 38.5 3.83609
127 38.5 3.87373
127.5 38.5 3.92425
128 38.5 3.86368
128.5 38.5 3.86581
129 38.5 3.8424
129.5 38.5 3.81673
130 38.5 3.84544
130.5 38.5 3.85927
131 38.5 3.85902
131.5 38.5 3.88682
132 38.5 3.85525
132.5 38.5 3.8351
133 38.5 3.86867
85 39 3.92677
85.5 39 3.95198
86 39 3.95576
86.5 39 3.89745
87 39 3.94184
87.5 39 3.93188
88 39 3.94743
88.5 39 3.93213
89 39 3.92112
89.5 39 3.89046
90 39 3.90463
90.5 39 3.90111
91 39 3.88193
91.5 39 3.8693
92 39 3.8951
92.5 39 3.83779
93 39 3.88478
93.5 39 3.88522
94 39 3.8896
94.5 39 3.86448
95 39 3.80004
95.5 39 3.78486
96 39 3.78017
96.5 39 3.77968
97 39 3.83395
97.5 39 3.78117
98 39 3.75167
98.5 39 3.84011
99 39 3.82989
99.5 39 3.82184
100 39 3.83916
100.5 39 3.86946
101 39 3.89368
101.5 39 3.95628
102 39 3.97357
102.5 39 3.94682
103 39 3.98661
103.5 39 3.97432
104 39 3.92029
104.5 39 3.92293
105 39 3.90934
105.5 39 3.91668
106 39 3.97651
106.5 39 3.99368
107 39 3.96427
107.5 39 4.01473
108 39 3.99929
108.5 39 3.99615
109 39 4.02016
109.5 39 3.9577
110 39 3.94489
110.5 39 3.98347
111 39 3.94979
111.5 39 3.87916
112 39 3.80872
112.5 39 3.80956
113 39 3.81217
113.5 39 3.87722
114 39 3.81955
114.5 39 3.84366
115 39 3.84216
115.5 39 3.82748
116 39 3.89442
116.5 39 3.84723
117 39 3.88093
117.5 39 3.88779
118 39 3.85572
118.5 39 3.84496
119 39 3.89941
119.5 39 3.88102
120 39 3.91155
120.5 39 3.89163
121 39 3.93389
121.5 39 4.01509
122 39 3.90183
122.5 39 3.90821
123 39 3.93695
123.5 39 3.94687
124 39 3.91326
124.5 39 3.90239
125 39 3.8778
125.5 39 3.91254
126 39 3.92263
126.5 39 3.84813
127 39 3.86882
127.5 39 3.91132
128 39 3.89371
128.5 39 3.85449
129 39 3.84059
129.5 39 3.74867
130 39 3.80456
130.5 39 3.83485
131 39 3.86902
131.5 39 3.83725
132 39 3.84158
132.5 39 3.88479
133 39 3.94285
85 39.5 3.99795
85.5 39.5 4.00091
86 39.5 3.99266
86.5 39.5 4.04015
87 39.5 3.96011
87.5 39.5 3.95369
88 39.5 3.96407
88.5 39.5 3.93017
89 39.5 3.93603
89.5 39.5 3.94308
90 39.5 3.95536
90.5 39.5 3.93217
91 39.5 3.9194
91.5 39.5 3.89265
92 39.5 3.87188
92.5 39.5 3.89443
93 39.5 3.91574
93.5 39.5 3.93129
94 39.5 3.88923
94.5 39.5 3.91746
95 39.5 3.88017
95.5 39.5 3.86203
96 39.5 3.83187
96.5 39.5 3.83265
97 39.5 3.85126
97.5 39.5 3.80334
98 39.5 3.8254
98.5 39.5 3.82496
99 39.5 3.90873
99.5 39.5 3.8969
100 39.5 3.90182
100.5 39.5 3.88503
101 39.5 3.95977
101.5 39.5 3.98403
102 39.5 4.00698
102.5 39.5 4.04031
103 39.5 4.00199
103.5 39.5 3.9284
104 39.5 3.97492
104.5 39.5 3.88226
105 39.5 3.86962
105.5 39.5 3.92811
106 39.5 3.96037
106.5 39.5 3.98255
107 39.5 3.95913
107.5 39.5 3.9708
108 39.5 3.96962
108.5 39.5 3.97876
109 39.5 4.02205
109.5 39.5 3.9957
110 39.5 3.94489
110.5 39.5 3.92277
111 39.5 3.93249
111.5 39.5 3.83032
112 39.5 3.86146
112.5 39.5 3.78906
113 39.5 3.77153
113.5 39.5 3.79035
114 39.5 3.80341
114.5 39.5 3.84622
115 39.5 3.87079
115.5 39.5 3.83833
116 39.5 3.86272
116.5 39.5 3.88704
117 39.5 3.8388
117.5 39.5 3.8824
118 39.5 3.8474
118.5 39.5 3.79759
119 39.5 3.93801
119.5 39.5 3.95633
120 39.5 3.94151
120.5 39.5 3.93015
121 39.5 3.95046
121.5 39.5 4.0109
122 39.5 3.95527
122.5 39.5 3.88803
123 39.5 3.89925
123.5 39.5 3.92319
124 39.5 3.89839
124.5 39.5 3.97359
125 39.5 3.91662
125.5 39.5 3.88281
126 39.5 3.8832
126.5 39.5 3.84219
127 39.5 3.79339
127.5 39.5 3.82729
128 39.5 3.80525
128.5 39.5 3.79067
129 39.5 3.8348
129.5 39.5 3.83783
130 39.5 3.87296
130.5 39.5 3.85825
131 39.5 3.86052
131.5 39.5 3.88695
132 39.5 3.87374
132.5 39.5 3.92287
133 39.5 3.90977
85 40 3.99968
85.5 40 3.95424
86 40 3.99304
86.5 40 3.95717
87 40 3.98172
87.5 40 3.97657
88 40 3.98528
88.5 40 3.95761
89 40 3.95327
89.5 40 3.91297
90 40 3.94682
90.5 40 3.95539
91 40 3.93339
91.5 40 3.93311
92 40 3.92928
92.5 40 3.96739
93 40 3.98604
93.5 40 3.98785
94 40 3.9857
94.5 40 3.94513
95 40 3.92824
95.5 40 3.86026
96 40 3.85256
96.5 40 3.8805
97 40 3.91441
97.5 40 3.85731
98 40 3.86526
98.5 40 3.83268
99 40 3.9089
99.5 40 3.97893
100 40 3.93658
100.5 40 3.93538
101 40 3.94816
101.5 40 4.02581
102 40 4.05599
102.5 40 4.01677
103 40 3.97676
103.5 40 4.02148
104 40 4.06189
104.5 40 3.96351
105 40 3.94973
105.5 40 3.89274
106 40 3.90119
106.5 40 3.9283
107 40 3.90461
107.5 40 3.9419
108 40 3.94614
108.5 40 3.97443
109 40 3.95682
109.5 40 3.91585
110 40 3.91683
110.5 40 3.9419
111 40 3.85002
111.5 40 3.82014
112 40 3.866
112.5 40 3.75473
113 40 3.76394
113.5 40 3.84006
114 40 3.8319
114.5 40 3.89943
115 40 3.88548
115.5 40 3.8753
116 40 3.85829
116.5 40 3.85169
117 40 3.88756
117.5 40 3.87452
118 40 3.86866
118.5 40 3.87643
119 40 3.97156
119.5 40 3.99685
120 40 3.9354
120.5 40 3.91725
121 40 3.90203
121.5 40 3.92789
122 40 3.97127
122.5 40 3.89812
123 40 3.92387
123.5 40 3.91627
124 40 3.9437
124.5 40 3.92141
125 40 3.9278
125.5 40 3.90329
126 40 3.84086
126.5 40 3.86677
127 40 3.7962
127.5 40 3.83371
128 40 3.82746
128.5 40 3.83239
129 40 3.83791
129.5 40 3.86392
130 40 3.88688
130.5 40 3.87511
131 40 3.87667
131.5 40 3.88785
132 40 3.93551
132.5 40 3.96396
133 40 3.95261
85 40.5 3.97744
85.5 40.5 3.97365
86 40.5 3.9839
86.5 40.5 4.01755
87 40.5 3.99672
87.5 40.5 4.00044
88 40.5 3.98196
88.5 40.5 3.99662
89 40.5 3.96222
89.5 40.5 3.9761
90 40.5 3.94629
90.5 40.5 3.94416
91 40.5 3.92633
91.5 40.5 3.97001
92 40.5 3.95931
92.5 40.5 3.95575
93 40.5 4.01775
93.5 40.5 3.99281
94 40.5 3.9377
94.5 40.5 3.93855
95 40.5 3.91488
95.5 40.5 3.88025
96 40.5 3.8753
96.5 40.5 3.89264
97 40.5 3.8953
97.5 40.5 3.89737
98 40.5 3.7899
98.5 40.5 3.88582
99 40.5 3.95032
99.5 40.5 3.9359
100 40.5 3.95732
100.5 40.5 3.99014
101 40.5 3.94885
101.5 40.5 3.99976
102 40.5 4.02988
102.5 40.5 3.9988
103 40.5 4.01675
103.5 40.5 3.96666
104 40.5 3.94022
104.5 40.5 3.90562
105 40.5 3.8533
105.5 40.5 3.86782
106 40.5 3.88055
106.5 40.5 3.9373
107 40.5 3.84738
107.5 40.5 3.89752
108 40.5 3.82973
108.5 40.5 3.9101
109 40.5 3.92081
109.5 40.5 3.9662
110 40.5 3.96271
110.5 40.5 3.83605
111 40.5 3.87889
111.5 40.5 3.86739
112 40.5 3.85624
112.5 40.5 3.71774
113 40.5 3.76206
113.5 40.5 3.82846
114 40.5 3.85144
114.5 40.5 3.84836
115 40.5 3.90856
115.5 40.5 3.96054
116 40.5 3.90723
116.5 40.5 3.88882
117 40.5 3.95048
117.5 40.5 3.92045
118 40.5 3.89951
118.5 40.5 3.94011
119 40.5 3.96325
119.5 40.5 3.95286
120 40.5 3.91266
120.5 40.5 3.93045
121 40.5 3.92984
121.5 40.5 3.97264
122 40.5 4.07247
122.5 40.5 4.03011
123 40.5 3.93937
123.5 40.5 3.94971
124 40.5 3.93338
124.5 40.5 3.91042
125 40.5 3.9197
125.5 40.5 3.87927
126 40.5 3.9167
126.5 40.5 3.82137
127 40.5 3.80316
127.5 40.5 3.82355
128 40.5 3.86539
128.5 40.5 3.87694
129 40.5 3.84839
129.5 40.5 3.88213
130 40.5 3.85967
130.5 40.5 3.8555
131 40.5 3.849
131.5 40.5 3.86156
132 40.5 3.91294
132.5 40.5 3.92644
133 40.5 3.90522
85 41 3.96199
85.5 41 3.9645
86 41 3.98767
86.5 41 3.96454
87 41 3.99852
87.5 41 3.99282
88 41 4.00666
88.5 41 3.964
89 41 3.95987
89.5 41 3.93329
90 41 3.94725
90.5 41 3.96762
91 41 3.89378
91.5 41 3.94939
92 41 4.00702
92.5 41 4.02878
93 41 3.98336
93.5 41 3.98924
94 41 3.96215
94.5 41 3.9462
95 41 3.91197
95.5 41 3.95252
96 41 3.89292
96.5 41 3.89608
97 41 3.93297
97.5 41 3.93834
98 41 3.89888
98.5 41 3.97877
99 41 3.90457
99.5 41 3.94248
100 41 3.9765
100.5 41 4.03667
101 41 4.03234
101.5 41 4.02838
102 41 4.01173
102.5 41 3.98523
103 41 4.07031
103.5 41 3.95716
104 41 3.92972
104.5 41 3.95801
105 41 3.88457
105.5 41 3.92901
106 41 3.92745
106.5 41 3.90482
107 41 3.852
107.5 41 3.85927
108 41 3.89724
108.5 41 3.89466
109 41 3.90136
109.5 41 3.89473
110 41 3.96855
110.5 41 3.91673
111 41 3.85978
111.5 41 3.83181
112 41 3.73861
112.5 41 3.75348
113 41 3.68754
113.5 41 3.8147
114 41 3.79237
114.5 41 3.89774
115 41 3.86833
115.5 41 3.90461
116 41 3.93263
116.5 41 3.95293
117 41 3.91087
117.5 41 3.95655
118 41 3.9281
118.5 41 3.91313
119 41 3.94864
119.5 41 3.95859
120 41 4.0031
120.5 41 3.98525
121 41 3.94115
121.5 41 3.92398
122 41 3.96681
122.5 41 3.96343
123 41 3.94808
123.5 41 3.93101
124 41 3.96384
124.5 41 3.92385
125 41 3.91914
125.5 41 3.8946
126 41 3.83115
126.5 41 3.86327
127 41 3.90396
127.5 41 3.87801
128 41 3.8401
128.5 41 3.84094
129 41 3.83654
129.5 41 3.84552
130 41 3.85275
130.5 41 3.82463
131 41 3.80119
131.5 41 3.79309
132 41 3.81256
132.5 41 3.8795
133 41 3.83186
85 41.5 3.96212
85.5 41.5 3.97996
86 41.5 3.98037
86.5 41.5 3.9493
87 41.5 3.93036
87.5 41.5 3.96707
88 41.5 3.96385
88.5 41.5 3.97836
89 41.5 3.95625
89.5 41.5 3.99319
90 41.5 3.95113
90.5 41.5 3.94745
91 41.5 3.95503
91.5 41.5 3.95557
92 41.5 4.00763
92.5 41.5 3.99231
93 41.5 3.95489
93.5 41.5 3.98764
94 41.5 3.96521
94.5 41.5 3.96892
95 41.5 3.94827
95.5 41.5 3.98028
96 41.5 3.96091
96.5 41.5 3.93175
97 41.5 3.94606
97.5 41.5 3.92362
98 41.5 3.95501
98.5 41.5 3.92876
99 41.5 3.96808
99.5 41.5 3.91902
100 41.5 3.94633
100.5 41.5 3.94114
101 41.5 3.91259
101.5 41.5 3.95696
102 41.5 3.92995
102.5 41.5 3.95473
103 41.5 4.04339
103.5 41.5 3.98363
104 41.5 4.00026
104.5 41.5 3.98278
105 41.5 3.93797
105.5 41.5 3.92703
106 41.5 3.90622
106.5 41.5 3.94449
107 41.5 3.91104
107.5 41.5 3.90573
108 41.5 3.92525
108.5 41.5 3.92076
109 41.5 3.92881
109.5 41.5 3.95013
110 41.5 3.89168
110.5 41.5 3.95479
111 41.5 3.98391
111.5 41.5 3.91519
112 41.5 3.82498
112.5 41.5 3.78669
113 41.5 3.78461
113.5 41.5 3.86752
114 41.5 3.8643
114.5 41.5 3.88252
115 41.5 3.85489
115.5 41.5 3.94818
116 41.5 3.9717
116.5 41.5 3.94968
117 41.5 3.9529
117.5 41.5 3.93105
118 41.5 3.84458
118.5 41.5 3.85485
119 41.5 3.93031
119.5 41.5 3.96162
120 41.5 3.91327
120.5 41.5 3.92482
121 41.5 3.92522
121.5 41.5 3.93583
122 41.5 3.95274
122.5 41.5 3.97046
123 41.5 3.99353
123.5 41.5 3.95179
124 41.5 3.94729
124.5 41.5 3.89315
125 41.5 3.85536
125.5 41.5 3.89889
126 41.5 3.87704
126.5 41.5 3.84318
127 41.5 3.88818
127.5 41.5 3.83771
128 41.5 3.78284
128.5 41.5 3.81047
129 41.5 3.79529
129.5 41.5 3.91499
130 41.5 3.83185
130.5 41.5 3.88667
131 41.5 3.83308
131.5 41.5 3.77843
132 41.5 3.84092
132.5 41.5 3.86928
133 41.5 3.85287
85 42 3.96984
85.5 42 3.95316
86 42 3.96834
86.5 42 3.93378
87 42 3.95891
87.5 42 3.99386
88 42 4.04595
88.5 42 3.95377
89 42 3.94736
89.5 42 3.93038
90 42 3.92604
90.5 42 3.95525
91 42 3.96924
91.5 42 3.95119
92 42 3.95793
92.5 42 3.94504
93 42 3.93526
93.5 42 4.045
94 42 4.00176
94.5 42 3.97755
95 42 3.99224
95.5 42 3.97363
96 42 3.95944
96.5 42 3.96289
97 42 3.93536
97.5 42 3.94495
98 42 3.94021
98.5 42 3.93241
99 42 3.94738
99.5 42 3.91342
100 42 3.93418
100.5 42 3.90701
101 42 3.90085
101.5 42 3.93422
102 42 3.86754
102.5 42 3.91516
103 42 3.94545
103.5 42 4.03869
104 42 3.95536
104.5 42 3.92773
105 42 3.92687
105.5 42 3.93376
106 42 3.92695
106.5 42 3.91293
107 42 3.85256
107.5 42 3.89057
108 42 3.91873
108.5 42 3.98324
109 42 4.0053
109.5 42 3.97125
110 42 3.88396
110.5 42 3.94242
111 42 4.04281
111.5 42 3.96351
112 42 3.96913
112.5 42 3.85856
113 42 3.82025
113.5 42 3.97157
114 42 3.9483
114.5 42 3.82782
115 42 3.83712
115.5 42 3.86002
116 42 3.89645
116.5 42 3.88341
117 42 3.87247
117.5 42 3.92265
118 42 3.85128
118.5 42 3.86536
119 42 3.891
119.5 42 3.91359
120 42 3.90023
120.5 42 3.89259
121 42 3.93999
121.5 42 3.93805
122 42 3.97636
122.5 42 4.00169
123 42 3.97895
123.5 42 3.95529
124 42 3.89712
124.5 42 3.89523
125 42 3.89042
125.5 42 3.89823
126 42 3.88652
126.5 42 3.85579
127 42 3.82716
127.5 42 3.8135
128 42 3.82799
128.5 42 3.80446
129 42 3.80948
129.5 42 3.82048
130 42 3.84182
130.5 42 3.89746
131 42 3.873
131.5 42 3.86707
132 42 3.87308
132.5 42 3.87242
133 42 3.85067
85 42.5 3.92715
85.5 42.5 3.93962
86 42.5 3.94726
86.5 42.5 3.9459
87 42.5 3.97449
87.5 42.5 3.99397
88 42.5 3.94484
88.5 42.5 3.93368
89 42.5 3.95285
89.5 42.5 3.96602
90 42.5 3.95731
90.5 42.5 3.91066
91 42.5 3.92299
91.5 42.5 3.91907
92 42.5 3.92554
92.5 42.5 3.92741
93 42.5 3.94125
93.5 42.5 3.94169
94 42.5 3.98217
94.5 42.5 4.04163
95 42.5 3.98431
95.5 42.5 3.96951
96 42.5 4.02066
96.5 42.5 3.99883
97 42.5 3.92309
97.5 42.5 3.90278
98 42.5 3.94469
98.5 42.5 3.94542
99 42.5 3.90688
99.5 42.5 3.91305
100 42.5 3.92268
100.5 42.5 3.93746
101 42.5 3.94507
101.5 42.5 3.90906
102 42.5 3.88815
102.5 42.5 3.87749
103 42.5 3.89724
103.5 42.5 3.8532
104 42.5 3.79719
104.5 42.5 3.88761
105 42.5 3.95486
105.5 42.5 3.93517
106 42.5 3.94462
106.5 42.5 3.92889
107 42.5 3.90966
107.5 42.5 3.93969
108 42.5 4.01911
108.5 42.5 3.94954
109 42.5 4.00878
109.5 42.5 3.96
110 42.5 3.92717
110.5 42.5 3.8509
111 42.5 3.94536
111.5 42.5 3.97393
112 42.5 3.95842
112.5 42.5 3.87191
113 42.5 3.84563
113.5 42.5 3.91405
114 42.5 3.78982
114.5 42.5 3.83139
115 42.5 3.74827
115.5 42.5 3.83326
116 42.5 3.82929
116.5 42.5 3.89263
117 42.5 3.83002
117.5 42.5 3.90346
118 42.5 3.87107
118.5 42.5 3.87888
119 42.5 3.89951
119.5 42.5 3.91866
120 42.5 3.95603
120.5 42.5 3.91696
121 42.5 3.95273
121.5 42.5 3.953
122 42.5 3.99742
122.5 42.5 4.00145
123 42.5 3.95217
123.5 42.5 3.95453
124 42.5 3.93363
124.5 42.5 3.97374
125 42.5 3.90183
125.5 42.5 3.88886
126 42.5 3.90631
126.5 42.5 3.83999
127 42.5 3.87097
127.5 42.5 3.84817
128 42.5 3.80364
128.5 42.5 3.79657
129 42.5 3.79176
129.5 42.5 3.81776
130 42.5 3.85527
130.5 42.5 3.87205
131 42.5 3.86853
131.5 42.5 3.89736
132 42.5 3.88583
132.5 42.5 3.85086
133 42.5 3.85267
85 43 3.92927
85.5 43 3.95908
86 43 3.95207
86.5 43 3.90608
87 43 3.93627
87.5 43 4.01312
88 43 4.03575
88.5 43 3.94805
89 43 3.94234
89.5 43 3.97729
90 43 3.93837
90.5 43 3.96241
91 43 3.97394
91.5 43 3.91891
92 43 3.91383
92.5 43 3.90829
93 43 3.97114
93.5 43 3.98635
94 43 3.95635
94.5 43 3.97775
95 43 3.95989
95.5 43 3.96709
96 43 3.93872
96.5 43 3.92497
97 43 3.96259
97.5 43 3.97714
98 43 4.00866
98.5 43 3.92781
99 43 3.93415
99.5 43 3.89719
100 43 3.85434
100.5 43 3.85026
101 43 3.89948
101.5 43 3.90742
102 43 3.89183
102.5 43 3.92837
103 43 3.97189
103.5 43 3.87551
104 43 3.95544
104.5 43 3.9383
105 43 3.92109
105.5 43 3.87462
106 43 3.86594
106.5 43 3.94671
107 43 3.97332
107.5 43 3.97564
108 43 3.87484
108.5 43 3.88195
109 43 3.95964
109.5 43 3.84894
110 43 3.89954
110.5 43 3.91181
111 43 3.90371
111.5 43 3.89562
112 43 3.8855
112.5 43 3.82509
113 43 3.97503
113.5 43 3.84805
114 43 3.8923
114.5 43 3.85912
115 43 3.87272
115.5 43 3.91971
116 43 3.86986
116.5 43 3.89049
117 43 3.84965
117.5 43 3.89615
118 43 3.87862
118.5 43 3.91011
119 43 3.9293
119.5 43 3.96634
120 43 4.0973
120.5 43 3.95132
121 43 3.9586
121.5 43 3.951
122 43 4.00648
122.5 43 3.9572
123 43 3.97548
123.5 43 3.96743
124 43 3.95136
124.5 43 3.95573
125 43 3.93104
125.5 43 3.88522
126 43 3.90222
126.5 43 3.91741
127 43 3.90213
127.5 43 3.86574
128 43 3.86647
128.5 43 3.83606
129 43 3.87271
129.5 43 3.8422
130 43 3.80972
130.5 43 3.7848
131 43 3.82591
131.5 43 3.88402
132 43 3.85574
132.5 43 3.94208
133 43 3.97732
85 43.5 3.90065
85.5 43.5 3.87554
86 43.5 3.91492
86.5 43.5 3.94089
87 43.5 3.89028
87.5 43.5 3.91075
88 43.5 3.93477
88.5 43.5 3.92489
89 43.5 3.96525
89.5 43.5 3.9688
90 43.5 3.91814
90.5 43.5 3.89057
91 43.5 3.91266
91.5 43.5 3.90781
92 43.5 3.91608
92.5 43.5 3.93406
93 43.5 3.97731
93.5 43.5 4.02818
94 43.5 3.95262
94.5 43.5 3.93566
95 43.5 4.01246
95.5 43.5 3.9803
96 43.5 3.90272
96.5 43.5 3.94568
97 43.5 3.96072
97.5 43.5 3.91018
98 43.5 3.89009
98.5 43.5 3.88495
99 43.5 3.88672
99.5 43.5 3.91064
100 43.5 3.84526
100.5 43.5 3.87772
101 43.5 3.86591
101.5 43.5 3.91481
102 43.5 3.94294
102.5 43.5 3.90027
103 43.5 3.95867
103.5 43.5 3.89702
104 43.5 3.90908
104.5 43.5 3.90969
105 43.5 3.92689
105.5 43.5 3.91973
106 43.5 3.92212
106.5 43.5 3.9093
107 43.5 3.91917
107.5 43.5 3.90487
108 43.5 3.9471
108.5 43.5 3.90903
109 43.5 3.94974
109.5 43.5 4.0288
110 43.5 3.9621
110.5 43.5 3.93246
111 43.5 3.95609
111.5 43.5 3.79183
112 43.5 3.88797
112.5 43.5 3.84142
113 43.5 3.8618
113.5 43.5 3.84571
114 43.5 3.88568
114.5 43.5 3.85827
115 43.5 3.89887
115.5 43.5 3.87184
116 43.5 3.83015
116.5 43.5 3.86923
117 43.5 3.85477
117.5 43.5 3.86738
118 43.5 3.89238
118.5 43.5 3.94464
119 43.5 3.95592
119.5 43.5 3.99622
120 43.5 3.99796
120.5 43.5 4.00627
121 43.5 3.98806
121.5 43.5 3.99135
122 43.5 3.99943
122.5 43.5 3.99565
123 43.5 4.02459
123.5 43.5 4.02803
124 43.5 3.99464
124.5 43.5 3.95513
125 43.5 3.9293
125.5 43.5 3.91946
126 43.5 3.97024
126.5 43.5 3.94534
127 43.5 3.93961
127.5 43.5 3.88312
128 43.5 3.87212
128.5 43.5 3.87048
129 43.5 3.85833
129.5 43.5 3.81679
130 43.5 3.91959
130.5 43.5 3.87515
131 43.5 3.87854
131.5 43.5 3.86137
132 43.5 3.80683
132.5 43.5 3.87246
133 43.5 3.92671
85 44 3.95037
85.5 44 3.86571
86 44 3.82077
86.5 44 3.91787
87 44 3.84992
87.5 44 3.88459
88 44 3.87604
88.5 44 3.93269
89 44 3.94296
89.5 44 3.93687
90 44 3.96821
90.5 44 3.93442
91 44 3.88281
91.5 44 3.92219
92 44 3.92392
92.5 44 3.9096
93 44 3.92118
93.5 44 3.91015
94 44 3.91458
94.5 44 3.91262
95 44 3.94668
95.5 44 3.97159
96 44 3.89241
96.5 44 3.91116
97 44 3.92367
97.5 44 3.93269
98 44 3.91688
98.5 44 3.94177
99 44 3.91559
99.5 44 3.87665
100 44 3.87603
100.5 44 3.88782
101 44 3.88471
101.5 44 3.90831
102 44 3.92739
102.5 44 3.90429
103 44 3.91733
103.5 44 3.93913
104 44 3.896
104.5 44 3.86898
105 44 3.93739
105.5 44 3.83055
106 44 3.79928
106.5 44 3.87458
107 44 3.95598
107.5 44 3.98589
108 44 4.00263
108.5 44 3.92574
109 44 3.97233
109.5 44 4.01119
110 44 4.01862
110.5 44 4.00609
111 44 3.91253
111.5 44 3.90098
112 44 4.02169
112.5 44 3.98041
113 44 3.97873
113.5 44 3.85479
114 44 3.90461
114.5 44 3.92376
115 44 3.88709
115.5 44 3.84539
116 44 3.86164
116.5 44 3.85993
117 44 3.87933
117.5 44 3.88909
118 44 3.92962
118.5 44 3.95273
119 44 3.98426
119.5 44 4.0257
120 44 4.01349
120.5 44 4.02445
121 44 4.02633
121.5 44 3.99939
122 44 3.99367
122.5 44 4.00471
123 44 3.99939
123.5 44 4.00545
124 44 3.9865
124.5 44 3.95897
125 44 3.93646
125.5 44 3.92956
126 44 3.93793
126.5 44 3.941
127 44 3.93524
127.5 44 3.8856
128 44 3.91713
128.5 44 3.89989
129 44 3.89036
129.5 44 3.88024
130 44 3.91268
130.5 44 3.85412
131 44 3.87477
131.5 44 3.81516
132 44 3.81142
132.5 44 3.89321
133 44 3.91169
85 44.5 3.90347
85.5 44.5 3.94189
86 44.5 3.79396
86.5 44.5 3.83851
87 44.5 3.90354
87.5 44.5 3.87519
88 44.5 3.90011
88.5 44.5 3.87819
89 44.5 3.90507
89.5 44.5 3.89557
90 44.5 3.89513
90.5 44.5 3.93339
91 44.5 3.84053
91.5 44.5 3.89052
92 44.5 3.89951
92.5 44.5 3.87908
93 44.5 3.98645
93.5 44.5 3.95782
94 44.5 3.99651
94.5 44.5 3.90905
95 44.5 3.96621
95.5 44.5 3.93644
96 44.5 3.89203
96.5 44.5 3.9262
97 44.5 3.91835
97.5 44.5 3.90448
98 44.5 3.9076
98.5 44.5 3.87492
99 44.5 3.87495
99.5 44.5 3.90535
100 44.5 3.9117
100.5 44.5 3.88782
101 44.5 3.86384
101.5 44.5 3.92582
102 44.5 3.88213
102.5 44.5 3.91994
103 44.5 3.89393
103.5 44.5 3.89367
104 44.5 3.90126
104.5 44.5 3.92461
105 44.5 3.86334
105.5 44.5 3.91124
106 44.5 3.94168
106.5 44.5 3.89689
107 44.5 3.99647
107.5 44.5 3.95133
108 44.5 4.01878
108.5 44.5 3.99112
109 44.5 3.94303
109.5 44.5 3.8663
110 44.5 3.93248
110.5 44.5 3.9736
111 44.5 3.91407
111.5 44.5 3.90442
112 44.5 3.99759
112.5 44.5 4.0796
113 44.5 4.06167
113.5 44.5 3.81493
114 44.5 3.85047
114.5 44.5 3.86245
115 44.5 3.83253
115.5 44.5 3.79554
116 44.5 3.85926
116.5 44.5 3.88064
117 44.5 3.86394
117.5 44.5 3.89165
118 44.5 3.92731
118.5 44.5 3.95471
119 44.5 3.98232
119.5 44.5 4.01197
120 44.5 4.02395
120.5 44.5 4.02674
121 44.5 4.0145
121.5 44.5 4.01643
122 44.5 3.98432
122.5 44.5 3.99339
123 44.5 3.98713
123.5 44.5 3.986
124 44.5 3.95483
124.5 44.5 3.92957
125 44.5 3.91926
125.5 44.5 3.91877
126 44.5 3.93546
126.5 44.5 3.93878
127 44.5 3.94609
127.5 44.5 3.95336
128 44.5 3.95733
128.5 44.5 3.9312
129 44.5 3.92038
129.5 44.5 3.88329
130 44.5 3.89516
130.5 44.5 3.88388
131 44.5 3.80145
131.5 44.5 3.79461
132 44.5 3.8098
132.5 44.5 3.82281
133 44.5 3.84449
85 45 3.8739
85.5 45 3.89919
86 45 3.92141
86.5 45 3.97079
87 45 3.90612
87.5 45 3.85408
88 45 3.89362
88.5 45 3.95079
89 45 3.89388
89.5 45 3.89701
90 45 3.91482
90.5 45 3.91871
91 45 3.88516
91.5 45 3.91398
92 45 3.93654
92.5 45 3.94657
93 45 3.93594
93.5 45 3.91477
94 45 3.91255
94.5 45 3.93697
95 45 3.92986
95.5 45 3.95624
96 45 3.90632
96.5 45 3.90175
97 45 3.92189
97.5 45 3.86003
98 45 3.8577
98.5 45 3.90079
99 45 3.89256
99.5 45 3.91108
100 45 3.89432
100.5 45 3.90685
101 45 3.85925
101.5 45 3.88069
102 45 3.89433
102.5 45 3.84058
103 45 3.90584
103.5 45 3.95409
104 45 3.91535
104.5 45 3.96582
105 45 4.00225
105.5 45 3.97827
106 45 3.86535
106.5 45 3.84235
107 45 3.89401
107.5 45 3.83341
108 45 4.01245
108.5 45 3.95916
109 45 3.77999
109.5 45 4.00395
110 45 4.01348
110.5 45 3.97362
111 45 3.97441
111.5 45 3.9862
112 45 3.9356
112.5 45 4.00077
113 45 3.94597
113.5 45 4.03548
114 45 3.92979
114.5 45 3.847
115 45 3.87219
115.5 45 3.86489
116 45 3.89397
116.5 45 3.91481
117 45 3.95245
117.5 45 3.92207
118 45 3.91694
118.5 45 3.93767
119 45 3.96387
119.5 45 3.99971
120 45 4.00029
120.5 45 3.99633
121 45 4.01125
121.5 45 4.0181
122 45 3.96987
122.5 45 3.98
123 45 3.983
123.5 45 3.97515
124 45 3.9244
124.5 45 3.91069
125 45 3.90827
125.5 45 3.91076
126 45 3.93469
126.5 45 3.94401
127 45 3.94002
127.5 45 3.9613
128 45 3.97474
128.5 45 3.9536
129 45 3.94487
129.5 45 3.9257
130 45 3.89182
130.5 45 3.84387
131 45 3.81477
131.5 45 3.82669
132 45 3.88962
132.5 45 3.87274
133 45 3.80444
85 45.5 3.99455
85.5 45.5 3.97016
86 45.5 3.96798
86.5 45.5 3.91797
87 45.5 3.90861
87.5 45.5 3.88837
88 45.5 3.91413
88.5 45.5 3.91467
89 45.5 3.9421
89.5 45.5 3.90639
90 45.5 3.93259
90.5 45.5 3.91567
91 45.5 3.93797
91.5 45.5 3.89239
92 45.5 3.88002
92.5 45.5 3.89779
93 45.5 3.88556
93.5 45.5 3.88284
94 45.5 3.85992
94.5 45.5 3.87525
95 45.5 3.86213
95.5 45.5 3.86935
96 45.5 3.90088
96.5 45.5 3.87034
97 45.5 3.87773
97.5 45.5 3.89873
98 45.5 3.86633
98.5 45.5 3.89776
99 45.5 3.87206
99.5 45.5 3.90648
100 45.5 3.80486
100.5 45.5 3.85508
101 45.5 3.84866
101.5 45.5 3.88559
102 45.5 3.89803
102.5 45.5 3.95036
103 45.5 3.90181
103.5 45.5 3.87643
104 45.5 3.97161
104.5 45.5 3.89728
105 45.5 3.88693
105.5 45.5 3.90531
106 45.5 3.83222
106.5 45.5 3.72913
107 45.5 3.8094
107.5 45.5 3.98103
108 45.5 3.87201
108.5 45.5 3.79378
109 45.5 3.82464
109.5 45.5 4.02525
110 45.5 3.92537
110.5 45.5 4.00346
111 45.5 3.97216
111.5 45.5 4.04438
112 45.5 3.86752
112.5 45.5 3.9069
113 45.5 4.00471
113.5 45.5 3.95063
114 45.5 4.06437
114.5 45.5 3.91515
115 45.5 3.86848
115.5 45.5 3.8567
116 45.5 3.91014
116.5 45.5 3.92881
117 45.5 3.97311
117.5 45.5 3.94755
118 45.5 3.93291
118.5 45.5 3.94748
119 45.5 3.96832
119.5 45.5 3.99179
120 45.5 3.98787
120.5 45.5 3.99656
121 45.5 3.98843
121.5 45.5 3.99613
122 45.5 3.97581
122.5 45.5 3.98609
123 45.5 3.98356
123.5 45.5 3.97211
124 45.5 3.94039
124.5 45.5 3.90648
125 45.5 3.91128
125.5 45.5 3.91694
126 45.5 3.92297
126.5 45.5 3.94396
127 45.5 3.96855
127.5 45.5 3.97394
128 45.5 3.97778
128.5 45.5 3.96177
129 45.5 3.95421
129.5 45.5 3.93909
130 45.5 3.92233
130.5 45.5 3.85359
131 45.5 3.89701
131.5 45.5 3.94799
132 45.5 3.86557
132.5 45.5 3.88123
133 45.5 3.88991
85 46 3.95035
85.5 46 3.96224
86 46 3.96044
86.5 46 3.91721
87 46 3.91885
87.5 46 3.91275
88 46 3.92224
88.5 46 3.88905
89 46 3.87253
89.5 46 3.92549
90 46 3.93758
90.5 46 3.89355
91 46 3.81872
91.5 46 3.87087
92 46 3.88173
92.5 46 3.84933
93 46 3.88805
93.5 46 3.87413
94 46 3.8574
94.5 46 3.85677
95 46 3.86176
95.5 46 3.81974
96 46 3.85056
96.5 46 3.85988
97 46 3.87578
97.5 46 3.7954
98 46 3.79229
98.5 46 3.82264
99 46 3.84014
99.5 46 3.84753
100 46 3.87054
100.5 46 3.84763
101 46 3.77719
101.5 46 3.87875
102 46 3.86267
102.5 46 3.97149
103 46 3.78312
103.5 46 3.81389
104 46 3.78964
104.5 46 3.86336
105 46 3.80621
105.5 46 3.89445
106 46 3.72299
106.5 46 3.68222
107 46 3.68787
107.5 46 3.75726
108 46 3.88104
108.5 46 3.84683
109 46 3.73649
109.5 46 3.97998
110 46 3.84989
110.5 46 4.02143
111 46 3.92627
111.5 46 4.10623
112 46 3.91492
112.5 46 3.98067
113 46 4.0344
113.5 46 3.70781
114 46 3.83467
114.5 46 3.97867
115 46 3.91062
115.5 46 3.84484
116 46 3.87459
116.5 46 3.92771
117 46 3.99818
117.5 46 3.95882
118 46 3.93614
118.5 46 3.92412
119 46 3.98878
119.5 46 3.98207
120 46 3.97398
120.5 46 3.98781
121 46 3.99959
121.5 46 3.99429
122 46 4.00018
122.5 46 4.00745
123 46 4.012
123.5 46 3.9839
124 46 3.95348
124.5 46 3.9073
125 46 3.90471
125.5 46 3.92529
126 46 3.93585
126.5 46 3.94405
127 46 3.97819
127.5 46 3.98171
128 46 3.97384
128.5 46 3.96877
129 46 3.95676
129.5 46 3.94407
130 46 3.90707
130.5 46 3.90617
131 46 3.88462
131.5 46 3.90404
132 46 3.94808
132.5 46 3.80509
133 46 3.8204
85 46.5 3.91553
85.5 46.5 3.95422
86 46.5 3.91733
86.5 46.5 3.91636
87 46.5 3.92064
87.5 46.5 3.90933
88 46.5 3.92501
88.5 46.5 3.90294
89 46.5 3.93239
89.5 46.5 3.92165
90 46.5 3.9025
90.5 46.5 3.84522
91 46.5 3.82954
91.5 46.5 3.83735
92 46.5 3.88116
92.5 46.5 3.77837
93 46.5 3.79547
93.5 46.5 3.8333
94 46.5 3.90554
94.5 46.5 3.80064
95 46.5 3.83804
95.5 46.5 3.83858
96 46.5 3.83558
96.5 46.5 3.9553
97 46.5 3.85782
97.5 46.5 3.90935
98 46.5 3.8126
98.5 46.5 3.837
99 46.5 3.83168
99.5 46.5 3.88121
100 46.5 3.7476
100.5 46.5 3.85409
101 46.5 3.92215
101.5 46.5 3.89953
102 46.5 3.75519
102.5 46.5 3.75256
103 46.5 3.85856
103.5 46.5 3.78458
104 46.5 3.68443
104.5 46.5 3.81957
105 46.5 3.85534
105.5 46.5 3.76431
106 46.5 3.88456
106.5 46.5 3.68791
107 46.5 3.86946
107.5 46.5 3.78227
108 46.5 3.77666
108.5 46.5 3.85743
109 46.5 3.85974
109.5 46.5 3.97615
110 46.5 3.97526
110.5 46.5 4.00755
111 46.5 4.00455
111.5 46.5 4.08238
112 46.5 4.07726
112.5 46.5 3.9722
113 46.5 3.9704
113.5 46.5 3.69062
114 46.5 3.92203
114.5 46.5 3.79874
115 46.5 3.90525
115.5 46.5 3.89034
116 46.5 3.88924
116.5 46.5 3.89536
117 46.5 3.96488
117.5 46.5 3.95301
118 46.5 3.92435
118.5 46.5 3.96504
119 46.5 3.99551
119.5 46.5 4.00943
120 46.5 3.93411
120.5 46.5 3.94058
121 46.5 3.95669
121.5 46.5 3.97535
122 46.5 4.00716
122.5 46.5 4.00797
123 46.5 4.02242
123.5 46.5 4.00557
124 46.5 3.96398
124.5 46.5 3.92309
125 46.5 3.94733
125.5 46.5 3.94786
126 46.5 3.93672
126.5 46.5 3.9445
127 46.5 3.95116
127.5 46.5 3.93165
128 46.5 3.94819
128.5 46.5 3.95607
129 46.5 3.93466
129.5 46.5 3.94091
130 46.5 3.91655
130.5 46.5 3.91226
131 46.5 3.8933
131.5 46.5 3.89256
132 46.5 3.89254
132.5 46.5 3.86797
133 46.5 3.81808
85 47 3.83627
85.5 47 3.82903
86 47 3.8216
86.5 47 3.91774
87 47 3.80623
87.5 47 3.93642
88 47 3.94858
88.5 47 3.93944
89 47 3.90531
89.5 47 3.9126
90 47 3.8703
90.5 47 3.89758
91 47 3.80131
91.5 47 3.80022
92 47 3.78908
92.5 47 3.80114
93 47 3.74898
93.5 47 3.74775
94 47 3.78213
94.5 47 3.85534
95 47 3.82088
95.5 47 3.76749
96 47 3.84709
96.5 47 3.75574
97 47 3.71654
97.5 47 3.93431
98 47 3.90324
98.5 47 3.87978
99 47 4.02082
99.5 47 3.76916
100 47 3.76545
100.5 47 3.76916
101 47 3.89989
101.5 47 3.89984
102 47 3.89989
102.5 47 3.76972
103 47 3.80813
103.5 47 3.86396
104 47 3.85365
104.5 47 3.87631
105 47 3.83334
105.5 47 3.77963
106 47 3.78294
106.5 47 3.71132
107 47 3.71629
107.5 47 3.7961
108 47 3.799
108.5 47 3.80557
109 47 3.77468
109.5 47 3.97197
110 47 3.81937
110.5 47 3.99368
111 47 3.9204
111.5 47 4.05867
112 47 3.91541
112.5 47 3.96359
113 47 3.75479
113.5 47 3.92162
114 47 3.77877
114.5 47 3.97009
115 47 3.93429
115.5 47 3.93826
116 47 3.92989
116.5 47 3.89688
117 47 3.93597
117.5 47 4.00994
118 47 3.93883
118.5 47 3.86837
119 47 3.89796
119.5 47 3.87704
120 47 3.91437
120.5 47 3.90905
121 47 3.89593
121.5 47 3.90525
122 47 3.98406
122.5 47 4.01213
123 47 4.02997
123.5 47 4.03051
124 47 3.99447
124.5 47 3.97658
125 47 3.95512
125.5 47 3.94006
126 47 3.94095
126.5 47 3.94566
127 47 3.93084
127.5 47 3.93548
128 47 3.94401
128.5 47 3.93608
129 47 3.92567
129.5 47 3.93455
130 47 3.92439
130.5 47 3.91474
131 47 3.9067
131.5 47 3.86022
132 47 3.90432
132.5 47 3.85739
133 47 3.85799
85 47.5 3.88775
85.5 47.5 3.88603
86 47.5 3.88415
86.5 47.5 3.81984
87 47.5 3.87996
87.5 47.5 3.99086
88 47.5 3.82619
88.5 47.5 3.85278
89 47.5 3.79263
89.5 47.5 3.74152
90 47.5 3.83819
90.5 47.5 3.72664
91 47.5 3.73678
91.5 47.5 3.96312
92 47.5 3.89152
92.5 47.5 3.79323
93 47.5 3.87971
93.5 47.5 3.84566
94 47.5 3.94374
94.5 47.5 3.94822
95 47.5 3.98372
95.5 47.5 3.86435
96 47.5 3.78682
96.5 47.5 3.77249
97 47.5 3.77599
97.5 47.5 3.93186
98 47.5 3.93132
98.5 47.5 3.88405
99 47.5 3.8849
99.5 47.5 3.94142
100 47.5 3.94091
100.5 47.5 3.91875
101 47.5 3.91896
101.5 47.5 3.90006
102 47.5 3.8265
102.5 47.5 3.8214
103 47.5 3.87433
103.5 47.5 3.87257
104 47.5 3.87433
104.5 47.5 3.87953
105 47.5 3.88018
105.5 47.5 3.88162
106 47.5 3.88948
106.5 47.5 3.73474
107 47.5 3.87651
107.5 47.5 3.80963
108 47.5 3.81118
108.5 47.5 3.81534
109 47.5 3.82115
109.5 47.5 3.90322
110 47.5 3.83211
110.5 47.5 3.97981
111 47.5 3.91732
111.5 47.5 4.03517
112 47.5 3.78659
112.5 47.5 3.77413
113 47.5 3.76192
113.5 47.5 3.75123
114 47.5 3.96095
114.5 47.5 3.74973
115 47.5 3.77361
115.5 47.5 3.83193
116 47.5 3.92257
116.5 47.5 3.98038
117 47.5 3.9531
117.5 47.5 3.96622
118 47.5 3.95699
118.5 47.5 3.91097
119 47.5 3.9377
119.5 47.5 3.8632
120 47.5 3.87815
120.5 47.5 3.9655
121 47.5 3.9567
121.5 47.5 3.91327
122 47.5 3.91392
122.5 47.5 3.9957
123 47.5 4.01231
123.5 47.5 3.97776
124 47.5 3.95129
124.5 47.5 3.94941
125 47.5 3.97261
125.5 47.5 3.943
126 47.5 3.87558
126.5 47.5 3.91566
127 47.5 3.92916
127.5 47.5 3.92984
128 47.5 3.92654
128.5 47.5 3.90352
129 47.5 3.90469
129.5 47.5 3.8602
130 47.5 3.92268
130.5 47.5 3.86496
131 47.5 3.85684
131.5 47.5 3.8751
132 47.5 3.94363
132.5 47.5 3.94894
133 47.5 3.95472
85 48 3.88815
85.5 48 3.88663
86 48 3.88507
86.5 48 3.88375
87 48 3.90445
87.5 48 3.96094
88 48 3.90445
88.5 48 3.85953
89 48 3.86083
89.5 48 3.76007
90 48 3.76383
90.5 48 3.74718
91 48 3.75139
91.5 48 3.9615
92 48 3.96108
92.5 48 3.80715
93 48 3.80991
93.5 48 3.85387
94 48 3.85552
94.5 48 3.94514
95 48 3.94443
95.5 48 3.87157
96 48 3.87297
96.5 48 3.87598
97 48 3.76264
97.5 48 3.92892
98 48 3.85712
98.5 48 3.88776
99 48 3.94023
99.5 48 3.93993
100 48 3.9391
100.5 48 3.93763
101 48 3.91684
101.5 48 3.83877
102 48 3.83422
102.5 48 3.83101
103 48 3.82986
103.5 48 3.82089
104 48 3.86941
104.5 48 3.88251
105 48 3.88286
105.5 48 3.88375
106 48 3.88489
106.5 48 3.75806
107 48 3.87987
107.5 48 3.82301
108 48 3.82396
108.5 48 3.82681
109 48 3.83117
109.5 48 3.90522
110 48 3.844
110.5 48 3.96598
111 48 3.91404
111.5 48 3.8064
112 48 3.79569
112.5 48 3.78574
113 48 3.78821
113.5 48 3.77842
114 48 3.77045
114.5 48 3.76694
115 48 4.19289
115.5 48 4.019
116 48 3.73917
116.5 48 3.98022
117 48 3.93547
117.5 48 4.00003
118 48 3.95161
118.5 48 3.95151
119 48 3.95319
119.5 48 3.93316
120 48 3.9471
120.5 48 4.03134
121 48 4.03771
121.5 48 3.93544
122 48 3.9402
122.5 48 3.97008
123 48 4.01307
123.5 48 3.99788
124 48 3.97451
124.5 48 3.94639
125 48 3.98889
125.5 48 4.05968
126 48 3.97929
126.5 48 3.98534
127 48 3.95035
127.5 48 3.87854
128 48 3.94376
128.5 48 3.94619
129 48 3.93569
129.5 48 3.90108
130 48 3.81436
130.5 48 3.80917
131 48 3.87201
131.5 48 3.80086
132 48 3.82376
132.5 48 3.94261
133 48 4.01189
85 48.5 3.88922
85.5 48.5 3.88805
86 48.5 3.88704
86.5 48.5 3.88623
87 48.5 3.88593
87.5 48.5 3.90727
88 48.5 3.84534
88.5 48.5 3.86578
89 48.5 3.81753
89.5 48.5 3.77827
90 48.5 3.85315
90.5 48.5 3.76738
91 48.5 3.77508
91.5 48.5 3.95942
92 48.5 3.89798
92.5 48.5 3.82043
93 48.5 3.88754
93.5 48.5 3.86148
94 48.5 3.94035
94.5 48.5 3.94136
95 48.5 3.9673
95.5 48.5 3.87794
96 48.5 3.87859
96.5 48.5 3.8803
97 48.5 3.88256
97.5 48.5 3.92552
98 48.5 3.86523
98.5 48.5 3.89088
99 48.5 3.93709
99.5 48.5 3.93679
100 48.5 3.93595
100.5 48.5 3.93447
101 48.5 3.91436
101.5 48.5 3.84658
102 48.5 3.84328
102.5 48.5 3.84108
103 48.5 3.84032
103.5 48.5 3.83509
104 48.5 3.87535
104.5 48.5 3.88529
105 48.5 3.88549
105.5 48.5 3.88603
106 48.5 3.88687
106.5 48.5 3.78137
107 48.5 3.88302
107.5 48.5 3.83603
108 48.5 3.83678
108.5 48.5 3.83889
109 48.5 3.8423
109.5 48.5 3.84666
110 48.5 3.85535
110.5 48.5 3.95211
111 48.5 3.9107
111.5 48.5 3.82549
112 48.5 3.81575
112.5 48.5 3.80652
113 48.5 3.79804
113.5 48.5 4.12803
114 48.5 4.14446
114.5 48.5 4.15793
115 48.5 4.00291
115.5 48.5 4.00561
116 48.5 3.95806
116.5 48.5 3.79615
117 48.5 3.97881
117.5 48.5 3.97491
118 48.5 3.9893
118.5 48.5 4.01939
119 48.5 3.96815
119.5 48.5 3.94828
120 48.5 3.89922
120.5 48.5 3.97547
121 48.5 3.98437
121.5 48.5 3.93893
122 48.5 3.9623
122.5 48.5 3.99595
123 48.5 3.92528
123.5 48.5 3.95802
124 48.5 4.01868
124.5 48.5 3.98924
125 48.5 3.97561
125.5 48.5 3.88488
126 48.5 3.9691
126.5 48.5 3.92322
127 48.5 3.93851
127.5 48.5 3.88917
128 48.5 3.98043
128.5 48.5 3.96422
129 48.5 3.96035
129.5 48.5 3.96115
130 48.5 3.82396
130.5 48.5 3.7893
131 48.5 3.71494
131.5 48.5 3.78637
132 48.5 3.81383
132.5 48.5 3.93782
133 48.5 3.93683
85 49 3.89059
85.5 49 3.88983
86 49 3.88912
86.5 49 3.88866
87 49 3.88846
87.5 49 3.90823
88 49 3.85417
88.5 49 3.87148
89 49 3.82961
89.5 49 3.79613
90 49 3.86014
90.5 49 3.78713
91 49 3.79361
91.5 49 3.93641
92 49 3.89992
92.5 49 3.83311
93 49 3.89049
93.5 49 3.86838
94 49 3.93689
94.5 49 3.93678
95 49 3.95835
95.5 49 3.88347
96 49 3.88382
96.5 49 3.88477
97 49 3.88633
97.5 49 3.92172
98 49 3.87235
98.5 49 3.89346
99 49 3.93263
99.5 49 3.93234
100 49 3.93155
100.5 49 3.93016
101 49 3.85855
101.5 49 3.85525
102 49 3.85264
102.5 49 3.85109
103 49 3.85049
103.5 49 3.84733
104 49 3.88054
104.5 49 3.88787
105 49 3.88797
105.5 49 3.88836
106 49 3.88895
106.5 49 3.8897
107 49 3.88613
107.5 49 3.84881
108 49 3.84941
108.5 49 3.85107
109 49 3.85377
109.5 49 3.85733
110 49 3.86619
110.5 49 3.93829
111 49 3.84275
111.5 49 3.83387
112 49 3.99423
112.5 49 4.00452
113 49 4.0131
113.5 49 4.0493
114 49 4.12328
114.5 49 4.13169
115 49 3.94799
115.5 49 3.95083
116 49 3.81061
116.5 49 4.10908
117 49 3.92439
117.5 49 3.95586
118 49 3.98259
118.5 49 3.98565
119 49 3.97691
119.5 49 3.95969
120 49 3.91931
120.5 49 3.9062
121 49 3.95642
121.5 49 3.90368
122 49 4.01088
122.5 49 4.06453
123 49 3.94925
123.5 49 3.94113
124 49 3.93895
124.5 49 3.91326
125 49 3.95616
125.5 49 3.92547
126 49 3.95042
126.5 49 3.94068
127 49 3.95812
127.5 49 3.89969
128 49 4.0059
128.5 49 4.05005
129 49 4.15344
129.5 49 3.85446
130 49 3.81578
130.5 49 3.8019
131 49 3.80436
131.5 49 3.7994
132 49 3.80196
132.5 49 3.8078
133 49 3.98673
85 49.5 3.89202
85.5 49.5 3.89141
86 49.5 3.891
86.5 49.5 3.89069
87 49.5 3.89059
87.5 49.5 3.90803
88 49.5 3.86245
88.5 49.5 3.87668
89 49.5 3.84145
89.5 49.5 3.81373
90 49.5 3.86683
90.5 49.5 3.80648
91 49.5 3.81174
91.5 49.5 3.8908
92 49.5 3.90116
92.5 49.5 3.84514
93 49.5 3.89274
93.5 49.5 3.87464
94 49.5 3.93248
94.5 49.5 3.93156
95 49.5 3.94895
95.5 49.5 3.88799
96 49.5 3.88825
96.5 49.5 3.8889
97 49.5 3.88981
97.5 49.5 3.89097
98 49.5 3.8786
98.5 49.5 3.89533
99 49.5 3.92718
99.5 49.5 3.92693
100 49.5 3.92609
100.5 49.5 3.9248
101 49.5 3.86677
101.5 49.5 3.86411
102 49.5 3.86206
102.5 49.5 3.86081
103 49.5 3.86041
103.5 49.5 3.85852
104 49.5 3.88497
104.5 49.5 3.89015
105 49.5 3.8902
105.5 49.5 3.89049
106 49.5 3.89094
106.5 49.5 3.89148
107 49.5 3.88904
107.5 49.5 3.86134
108 49.5 3.86179
108.5 49.5 3.86314
109 49.5 3.86535
109.5 49.5 3.86831
110 49.5 3.87196
110.5 49.5 3.86032
111 49.5 3.96237
111.5 49.5 3.97393
112 49.5 3.98458
112.5 49.5 3.99413
113 49.5 4.00238
113.5 49.5 4.00898
114 49.5 4.01369
114.5 49.5 4.04482
115 49.5 4.05861
115.5 49.5 4.0714
116 49.5 4.0818
116.5 49.5 4.08624
117 49.5 4.0818
117.5 49.5 3.86306
118 49.5 4.06187
118.5 49.5 4.03663
119 49.5 3.94239
119.5 49.5 4.00164
120 49.5 3.87165
120.5 49.5 3.93035
121 49.5 3.9551
121.5 49.5 3.94639
122 49.5 3.95962
122.5 49.5 4.01326
123 49.5 3.99381
123.5 49.5 3.93745
124 49.5 3.90282
124.5 49.5 3.88138
125 49.5 3.93573
125.5 49.5 3.93125
126 49.5 3.91982
126.5 49.5 3.98597
127 49.5 4.00912
127.5 49.5 3.98442
128 49.5 4.04894
128.5 49.5 4.04342
129 49.5 4.06976
129.5 49.5 3.86489
130 49.5 3.86682
130.5 49.5 3.83379
131 49.5 3.84036
131.5 49.5 3.81217
132 49.5 3.81353
132.5 49.5 3.8171
133 49.5 3.82234
85 50 3.8933
85.5 50 3.89294
86 50 3.89263
86.5 50 3.89243
87 50 3.89238
87.5 50 3.90693
88 50 3.87028
88.5 50 3.88148
89 50 3.85308
89.5 50 3.831
90 50 3.87322
90.5 50 3.82538
91 50 3.82947
91.5 50 3.8944
92 50 3.9016
92.5 50 3.85662
93 50 3.89444
93.5 50 3.88031
94 50 3.92707
94.5 50 3.92574
95 50 3.93911
95.5 50 3.89168
96 50 3.89178
96.5 50 3.89218
97 50 3.89284
97.5 50 3.8936
98 50 3.89441
98.5 50 3.8966
99 50 3.92077
99.5 50 3.92052
100 50 3.91978
100.5 50 3.91858
101 50 3.87523
101.5 50 3.87303
102 50 3.87138
102.5 50 3.87032
103 50 3.86997
103.5 50 3.86896
104 50 3.88881
104.5 50 3.89218
105 50 3.89228
105.5 50 3.89242
106 50 3.89277
106.5 50 3.89322
107 50 3.89371
107.5 50 3.87352
108 50 3.87392
108.5 50 3.87507
109 50 3.87688
109.5 50 3.87933
110 50 3.92724
110.5 50 3.9396
111 50 3.95116
111.5 50 3.96193
112 50 3.97179
112.5 50 3.98055
113 50 3.98806
113.5 50 4.0078
114 50 4.02104
114.5 50 4.03363
115 50 4.04492
115.5 50 4.05436
116 50 4.06086
116.5 50 3.8787
117 50 3.87455
117.5 50 3.87278
118 50 4.07101
118.5 50 3.99727
119 50 3.99102
119.5 50 3.9557
120 50 3.90165
120.5 50 3.97179
121 50 3.95761
121.5 50 3.97874
122 50 3.93205
122.5 50 3.89403
123 50 3.90184
123.5 50 3.89675
124 50 3.89827
124.5 50 3.86808
125 50 3.98376
125.5 50 3.95299
126 50 3.97844
126.5 50 3.90148
127 50 4.00207
127.5 50 3.99291
128 50 3.98192
128.5 50 4.03942
129 50 4.03013
129.5 50 4.05342
130 50 4.04715
130.5 50 3.84693
131 50 3.85092
131.5 50 3.85663
132 50 3.82561
132.5 50 3.82812
133 50 3.832
85 50.5 3.89438
85.5 50.5 3.89418
86 50.5 3.89397
86.5 50.5 3.89382
87 50.5 3.89376
87.5 50.5 3.90517
88 50.5 3.87776
88.5 50.5 3.88579
89 50.5 3.86441
89.5 50.5 3.84796
90 50.5 3.8793
90.5 50.5 3.84389
91 50.5 3.8469
91.5 50.5 3.89649
92 50.5 3.90139
92.5 50.5 3.86756
93 50.5 3.89555
93.5 50.5 3.88532
94 50.5 3.92081
94.5 50.5 3.91932
95 50.5 3.92896
95.5 50.5 3.89441
96 50.5 3.89446
96.5 50.5 3.89471
97 50.5 3.89502
97.5 50.5 3.89553
98 50.5 3.89594
98.5 50.5 3.89732
99 50.5 3.91356
99.5 50.5 3.91331
100 50.5 3.91262
100.5 50.5 3.91142
101 50.5 3.88365
101.5 50.5 3.88174
102 50.5 3.88039
102.5 50.5 3.87954
103 50.5 3.87924
103.5 50.5 3.8788
104 50.5 3.89205
104.5 50.5 3.89401
105 50.5 3.89401
105.5 50.5 3.89421
106 50.5 3.8944
106.5 50.5 3.89475
107 50.5 3.8951
107.5 50.5 3.8854
108 50.5 3.88575
108.5 50.5 3.8867
109 50.5 3.8882
109.5 50.5 3.89031
110 50.5 3.91493
110.5 50.5 3.9266
111 50.5 3.93741
111.5 50.5 3.94743
112 50.5 3.95645
112.5 50.5 3.96441
113 50.5 3.98301
113.5 50.5 3.9955
114 50.5 4.0071
114.5 50.5 4.01764
115 50.5 4.02673
115.5 50.5 3.84414
116 50.5 4.01991
116.5 50.5 4.03093
117 50.5 4.04101
117.5 50.5 4.04915
118 50.5 3.986
118.5 50.5 3.98778
119 50.5 3.59729
119.5 50.5 3.86938
120 50.5 4.00962
120.5 50.5 3.89736
121 50.5 3.94217
121.5 50.5 3.94679
122 50.5 3.88626
122.5 50.5 3.79108
123 50.5 3.86793
123.5 50.5 3.88533
124 50.5 3.95132
124.5 50.5 3.95213
125 50.5 3.98958
125.5 50.5 3.94571
126 50.5 3.9123
126.5 50.5 3.87697
127 50.5 3.84742
127.5 50.5 3.903
128 50.5 3.98123
128.5 50.5 4.02816
129 50.5 4.02607
129.5 50.5 4.02119
130 50.5 4.01507
130.5 50.5 4.0084
131 50.5 4.02374
131.5 50.5 3.81515
132 50.5 3.82325
132.5 50.5 3.83965
133 50.5 3.84267
85 51 3.89532
85.5 51 3.89516
86 51 3.89496
86.5 51 3.89485
87 51 3.89485
87.5 51 3.90286
88 51 3.8846
88.5 51 3.8899
89 51 3.8755
89.5 51 3.86458
90 51 3.88524
90.5 51 3.86205
91 51 3.86389
91.5 51 3.89758
92 51 3.90048
92.5 51 3.87784
93 51 3.89615
93.5 51 3.88974
94 51 3.9136
94.5 51 3.91236
95 51 3.91856
95.5 51 3.8962
96 51 3.8962
96.5 51 3.8963
97 51 3.89646
97.5 51 3.89666
98 51 3.89682
98.5 51 3.89735
99 51 3.90554
99.5 51 3.9053
100 51 3.90465
100.5 51 3.90345
101 51 3.89186
101.5 51 3.89031
102 51 3.88916
102.5 51 3.88841
103 51 3.88821
103.5 51 3.88814
104 51 3.89474
104.5 51 3.89549
105 51 3.89554
105.5 51 3.89564
106 51 3.89584
106.5 51 3.89608
107 51 3.89633
107.5 51 3.89668
108 51 3.89672
108.5 51 3.89672
109 51 3.89672
109.5 51 3.89672
110 51 3.90042
110.5 51 3.91134
111 51 3.92146
111.5 51 3.93073
112 51 3.94459
112.5 51 3.95703
113 51 3.96887
113.5 51 3.97996
114 51 3.99001
114.5 51 3.99895
115 51 3.99006
115.5 51 4.00064
116 51 4.01062
116.5 51 4.01961
117 51 4.02704
117.5 51 4.03213
118 51 3.65137
118.5 51 3.63709
119 51 3.87393
119.5 51 3.62478
120 51 3.9634
120.5 51 4.03854
121 51 4.08794
121.5 51 3.9344
122 51 3.88737
122.5 51 3.89363
123 51 3.85518
123.5 51 3.91838
124 51 3.847
124.5 51 3.94295
125 51 3.85995
125.5 51 3.82471
126 51 3.79651
126.5 51 3.85058
127 51 3.88093
127.5 51 3.90341
128 51 3.90347
128.5 51 3.90354
129 51 4.01582
129.5 51 4.01268
130 51 4.0082
130.5 51 3.93017
131 51 3.93008
131.5 51 3.92856
132 51 3.83777
132.5 51 3.84403
133 51 3.85375
85 51.5 3.8963
85.5 51.5 3.8961
86 51.5 3.89599
86.5 51.5 3.89594
87 51.5 3.89589
87.5 51.5 3.89999
88 51.5 3.89098
88.5 51.5 3.89351
89 51.5 3.88634
89.5 51.5 3.8809
90 51.5 3.89108
90.5 51.5 3.87966
91 51.5 3.88063
91.5 51.5 3.8976
92 51.5 3.89893
92.5 51.5 3.88758
93 51.5 3.89662
93.5 51.5 3.89351
94 51.5 3.90554
94.5 51.5 3.90484
95 51.5 3.90777
95.5 51.5 3.89698
96 51.5 3.89694
96.5 51.5 3.89699
97 51.5 3.89694
97.5 51.5 3.897
98 51.5 3.89696
98.5 51.5 3.89682
99 51.5 3.89672
99.5 51.5 3.89672
100 51.5 3.89672
100.5 51.5 3.89672
101 51.5 3.89672
101.5 51.5 3.89672
102 51.5 3.89672
102.5 51.5 3.89672
103 51.5 3.89672
103.5 51.5 3.89672
104 51.5 3.89672
104.5 51.5 3.89672
105 51.5 3.89672
105.5 51.5 3.89672
106 51.5 3.89672
106.5 51.5 3.89672
107 51.5 3.89672
107.5 51.5 3.89672
108 51.5 3.89672
108.5 51.5 3.89672
109 51.5 3.89672
109.5 51.5 3.89672
110 51.5 3.89672
110.5 51.5 3.89672
111 51.5 3.90577
111.5 51.5 3.91831
112 51.5 3.9303
112.5 51.5 3.94169
113 51.5 3.95238
113.5 51.5 3.96213
114 51.5 3.95932
114.5 51.5 3.96985
115 51.5 3.97983
115.5 51.5 3.98911
116 51.5 3.9975
116.5 51.5 4.00463
117 51.5 3.70447
117.5 51.5 3.70573
118 51.5 3.68858
118.5 51.5 3.6728
119 51.5 3.66012
119.5 51.5 3.6547
120 51.5 3.91709
120.5 51.5 3.80862
121 51.5 4.08208
121.5 51.5 3.8757
122 51.5 3.87881
122.5 51.5 3.82117
123 51.5 3.86754
123.5 51.5 3.94436
124 51.5 3.88503
124.5 51.5 3.90727
125 51.5 3.83152
125.5 51.5 3.95207
126 51.5 3.8405
126.5 51.5 3.85751
127 51.5 3.85867
127.5 51.5 3.86135
128 51.5 3.90362
128.5 51.5 3.90359
129 51.5 3.90356
129.5 51.5 3.90339
130 51.5 3.93036
130.5 51.5 3.92976
131 51.5 3.92836
131.5 51.5 3.92632
132 51.5 3.92364
132.5 51.5 3.92045
133 51.5 3.86193
85 52 3.89672
85.5 52 3.89672
86 52 3.89672
86.5 52 3.89672
87 52 3.89672
87.5 52 3.89672
88 52 3.89672
88.5 52 3.89672
89 52 3.89672
89.5 52 3.89672
90 52 3.89672
90.5 52 3.89672
91 52 3.89672
91.5 52 3.89672
92 52 3.89672
92.5 52 3.89672
93 52 3.89672
93.5 52 3.89672
94 52 3.89672
94.5 52 3.89672
95 52 3.89672
95.5 52 3.89672
96 52 3.89672
96.5 52 3.89672
97 52 3.89672
97.5 52 3.89672
98 52 3.89672
98.5 52 3.89672
99 52 3.89672
99.5 52 3.89672
100 52 3.89672
100.5 52 3.89672
101 52 3.89672
101.5 52 3.89672
102 52 3.89672
102.5 52 3.89672
103 52 3.89672
103.5 52 3.89672
104 52 3.89672
104.5 52 3.89672
105 52 3.89672
105.5 52 3.89672
106 52 3.89672
106.5 52 3.89672
107 52 3.89672
107.5 52 3.89672
108 52 3.89672
108.5 52 3.89672
109 52 3.89672
109.5 52 3.89672
110 52 3.89672
110.5 52 3.89672
111 52 3.89672
111.5 52 3.90292
112 52 3.91401
112.5 52 3.9244
113 52 3.92807
113.5 52 3.9385
114 52 3.94854
114.5 52 3.95807
115 52 3.96685
115.5 52 3.97489
116 52 3.98198
116.5 52 3.75229
117 52 3.73606
117.5 52 3.72076
118 52 3.91196
118.5 52 3.91308
119 52 3.91411
119.5 52 3.91494
120 52 3.82074
120.5 52 3.81893
121 52 3.87284
121.5 52 4.02747
122 52 4.01074
122.5 52 3.94347
123 52 3.84879
123.5 52 4.01836
124 52 3.97011
124.5 52 3.8772
125 52 3.90703
125.5 52 3.9502
126 52 3.94985
126.5 52 3.94907
127 52 3.86434
127.5 52 3.86586
128 52 3.86804
128.5 52 3.87058
129 52 3.90331
129.5 52 3.90313
130 52 3.90291
130.5 52 3.92686
131 52 3.92506
131.5 52 3.92281
132 52 3.92006
132.5 52 3.91687
133 52 3.91328
