85 22 3.56794
85.5 22 3.56794
86 22 3.56794
86.5 22 3.56794
87 22 3.56794
87.5 22 3.56794
88 22 3.56794
88.5 22 3.56794
89 22 3.56794
89.5 22 3.56794
90 22 3.56794
90.5 22 3.56794
91 22 3.56794
91.5 22 3.56794
92 22 3.56794
92.5 22 3.56794
93 22 3.56794
93.5 22 3.56794
94 22 3.56764
94.5 22 3.56524
95 22 3.5629
95.5 22 3.56046
96 22 3.5785
96.5 22 3.58034
97 22 3.57834
97.5 22 3.57981
98 22 3.58115
98.5 22 3.58239
99 22 3.58333
99.5 22 3.55909
100 22 3.55719
100.5 22 3.5614
101 22 3.53128
101.5 22 3.52314
102 22 3.53364
102.5 22 3.50315
103 22 3.52022
103.5 22 3.59886
104 22 3.65178
104.5 22 3.66038
105 22 3.68518
105.5 22 3.66833
106 22 3.65898
106.5 22 3.73071
107 22 3.73053
107.5 22 3.76788
108 22 3.76069
108.5 22 3.76166
109 22 3.76845
109.5 22 3.79264
110 22 3.78766
110.5 22 3.79239
111 22 3.78659
111.5 22 3.77481
112 22 3.79628
112.5 22 3.74971
113 22 3.7689
113.5 22 3.78967
114 22 3.79594
114.5 22 3.77415
115 22 3.74335
115.5 22 3.72623
116 22 3.71068
116.5 22 3.71143
117 22 3.70485
117.5 22 3.68331
118 22 3.67859
118.5 22 3.67561
119 22 3.66016
119.5 22 3.65798
120 22 3.6522
120.5 22 3.64179
121 22 3.64035
121.5 22 3.63634
122 22 3.63022
122.5 22 3.55831
123 22 3.55915
123.5 22 3.58
124 22 3.57858
124.5 22 3.57696
125 22 3.57114
125.5 22 3.57088
126 22 3.57038
126.5 22 3.56932
127 22 3.56832
127.5 22 3.56794
128 22 3.56794
128.5 22 3.56794
129 22 3.56794
129.5 22 3.56794
130 22 3.56794
130.5 22 3.56794
131 22 3.56794
131.5 22 3.56794
132 22 3.56794
132.5 22 3.56794
133 22 3.56794
85 22.5 3.56794
85.5 22.5 3.56794
86 22.5 3.56794
86.5 22.5 3.56794
87 22.5 3.56794
87.5 22.5 3.56794
88 22.5 3.56794
88.5 22.5 3.56794
89 22.5 3.56794
89.5 22.5 3.56794
90 22.5 3.56794
90.5 22.5 3.56794
91 22.5 3.56794
91.5 22.5 3.56794
92 22.5 3.56794
92.5 22.5 3.56794
93 22.5 3.56794
93.5 22.5 3.56794
94 22.5 3.5659
94.5 22.5 3.56326
95 22.5 3.56056
95.5 22.5 3.55788
96 22.5 3.55538
96.5 22.5 3.58206
97 22.5 3.58354
97.5 22.5 3.57901
98 22.5 3.57971
98.5 22.5 3.58271
99 22.5 3.58389
99.5 22.5 3.58477
100 22.5 3.59067
100.5 22.5 3.54447
101 22.5 3.51076
101.5 22.5 3.50891
102 22.5 3.51154
102.5 22.5 3.53725
103 22.5 3.52636
103.5 22.5 3.51078
104 22.5 3.68549
104.5 22.5 3.69184
105 22.5 3.71455
105.5 22.5 3.69474
106 22.5 3.67783
106.5 22.5 3.67053
107 22.5 3.71603
107.5 22.5 3.75053
108 22.5 3.77087
108.5 22.5 3.76714
109 22.5 3.75683
109.5 22.5 3.77925
110 22.5 3.78063
110.5 22.5 3.8006
111 22.5 3.78376
111.5 22.5 3.80004
112 22.5 3.806
112.5 22.5 3.79701
113 22.5 3.80834
113.5 22.5 3.77433
114 22.5 3.78458
114.5 22.5 3.79553
115 22.5 3.77137
115.5 22.5 3.75874
116 22.5 3.7424
116.5 22.5 3.72937
117 22.5 3.70327
117.5 22.5 3.68418
118 22.5 3.67964
118.5 22.5 3.68783
119 22.5 3.67068
119.5 22.5 3.66698
120 22.5 3.6627
120.5 22.5 3.65177
121 22.5 3.64983
121.5 22.5 3.64467
122 22.5 3.55585
122.5 22.5 3.55665
123 22.5 3.55773
123.5 22.5 3.58314
124 22.5 3.58162
124.5 22.5 3.57143
125 22.5 3.57141
125.5 22.5 3.5713
126 22.5 3.571
126.5 22.5 3.57046
127 22.5 3.56882
127.5 22.5 3.56888
128 22.5 3.56814
128.5 22.5 3.56794
129 22.5 3.56794
129.5 22.5 3.56794
130 22.5 3.56794
130.5 22.5 3.56794
131 22.5 3.56794
131.5 22.5 3.56794
132 22.5 3.56794
132.5 22.5 3.56794
133 22.5 3.56794
85 23 3.56794
85.5 23 3.56794
86 23 3.56794
86.5 23 3.56794
87 23 3.56794
87.5 23 3.56794
88 23 3.56794
88.5 23 3.56794
89 23 3.56794
89.5 23 3.56794
90 23 3.56794
90.5 23 3.56794
91 23 3.56794
91.5 23 3.56794
92 23 3.56794
92.5 23 3.56794
93 23 3.56556
93.5 23 3.56174
94 23 3.56448
94.5 23 3.56158
95 23 3.55848
95.5 23 3.55554
96 23 3.55264
96.5 23 3.55003
97 23 3.58482
97.5 23 3.58594
98 23 3.58017
98.5 23 3.58061
99 23 3.58333
99.5 23 3.62711
100 23 3.57347
100.5 23 3.50629
101 23 3.44104
101.5 23 3.44602
102 23 3.45177
102.5 23 3.51235
103 23 3.54419
103.5 23 3.62119
104 23 3.63137
104.5 23 3.63522
105 23 3.67793
105.5 23 3.6798
106 23 3.69521
106.5 23 3.70522
107 23 3.69707
107.5 23 3.74123
108 23 3.76447
108.5 23 3.77622
109 23 3.81499
109.5 23 3.79545
110 23 3.77844
110.5 23 3.78429
111 23 3.80352
111.5 23 3.79811
112 23 3.79361
112.5 23 3.7889
113 23 3.8032
113.5 23 3.77481
114 23 3.73834
114.5 23 3.76151
115 23 3.76691
115.5 23 3.76762
116 23 3.77122
116.5 23 3.75479
117 23 3.71991
117.5 23 3.69649
118 23 3.7072
118.5 23 3.68721
119 23 3.68065
119.5 23 3.65993
120 23 3.65577
120.5 23 3.66105
121 23 3.65783
121.5 23 3.55349
122 23 3.55389
122.5 23 3.55497
123 23 3.58735
123.5 23 3.58593
124 23 3.58421
124.5 23 3.57159
125 23 3.57133
125.5 23 3.57143
126 23 3.57134
126.5 23 3.56846
127 23 3.56846
127.5 23 3.56852
128 23 3.5763
128.5 23 3.57502
129 23 3.57284
129.5 23 3.56982
130 23 3.56794
130.5 23 3.56794
131 23 3.56794
131.5 23 3.56794
132 23 3.56794
132.5 23 3.56794
133 23 3.56794
85 23.5 3.56794
85.5 23.5 3.56794
86 23.5 3.56794
86.5 23.5 3.56794
87 23.5 3.56794
87.5 23.5 3.56794
88 23.5 3.56794
88.5 23.5 3.56794
89 23.5 3.56794
89.5 23.5 3.56794
90 23.5 3.56794
90.5 23.5 3.56794
91 23.5 3.56794
91.5 23.5 3.56794
92 23.5 3.56542
92.5 23.5 3.5604
93 23.5 3.55508
93.5 23.5 3.55076
94 23.5 3.54739
94.5 23.5 3.56016
95 23.5 3.5569
95.5 23.5 3.55366
96 23.5 3.55039
96.5 23.5 3.54729
97 23.5 3.54445
97.5 23.5 3.58676
98 23.5 3.58758
98.5 23.5 3.58786
99 23.5 3.58097
99.5 23.5 3.57246
100 23.5 3.52117
100.5 23.5 3.46819
101 23.5 3.43143
101.5 23.5 3.41464
102 23.5 3.41997
102.5 23.5 3.43477
103 23.5 3.50664
103.5 23.5 3.54315
104 23.5 3.54394
104.5 23.5 3.62975
105 23.5 3.65932
105.5 23.5 3.63242
106 23.5 3.702
106.5 23.5 3.72113
107 23.5 3.67571
107.5 23.5 3.75175
108 23.5 3.76953
108.5 23.5 3.75872
109 23.5 3.76255
109.5 23.5 3.78851
110 23.5 3.81415
110.5 23.5 3.79258
111 23.5 3.77561
111.5 23.5 3.77525
112 23.5 3.79603
112.5 23.5 3.7653
113 23.5 3.77485
113.5 23.5 3.76748
114 23.5 3.75613
114.5 23.5 3.77271
115 23.5 3.75045
115.5 23.5 3.73204
116 23.5 3.7082
116.5 23.5 3.70669
117 23.5 3.76626
117.5 23.5 3.73603
118 23.5 3.71587
118.5 23.5 3.70109
119 23.5 3.68519
119.5 23.5 3.67165
120 23.5 3.68606
120.5 23.5 3.66969
121 23.5 3.66175
121.5 23.5 3.55113
122 23.5 3.55201
122.5 23.5 3.59191
123 23.5 3.59113
123.5 23.5 3.58907
124 23.5 3.57501
124.5 23.5 3.57385
125 23.5 3.57211
125.5 23.5 3.57127
126 23.5 3.56884
126.5 23.5 3.5688
127 23.5 3.56866
127.5 23.5 3.56846
128 23.5 3.585
128.5 23.5 3.58348
129 23.5 3.5809
129.5 23.5 3.57774
130 23.5 3.57388
130.5 23.5 3.56918
131 23.5 3.56794
131.5 23.5 3.56794
132 23.5 3.56794
132.5 23.5 3.56794
133 23.5 3.56794
85 24 3.56794
85.5 24 3.56794
86 24 3.56794
86.5 24 3.56794
87 24 3.56794
87.5 24 3.56794
88 24 3.56794
88.5 24 3.56794
89 24 3.56478
89.5 24 3.55996
90 24 3.5564
90.5 24 3.55413
91 24 3.55339
91.5 24 3.55075
92 24 3.55431
92.5 24 3.54957
93 24 3.54465
93.5 24 3.53959
94 24 3.53571
94.5 24 3.52399
95 24 3.51417
95.5 24 3.55237
96 24 3.54887
96.5 24 3.54531
97 24 3.54181
97.5 24 3.53871
98 24 3.58796
98.5 24 3.58845
99 24 3.5158
99.5 24 3.5417
100 24 3.51597
100.5 24 3.48369
101 24 3.4315
101.5 24 3.41148
102 24 3.3924
102.5 24 3.38074
103 24 3.43929
103.5 24 3.49386
104 24 3.54278
104.5 24 3.58588
105 24 3.57512
105.5 24 3.60719
106 24 3.68039
106.5 24 3.69065
107 24 3.68603
107.5 24 3.70121
108 24 3.79485
108.5 24 3.75193
109 24 3.74862
109.5 24 3.73497
110 24 3.75738
110.5 24 3.79182
111 24 3.75735
111.5 24 3.76454
112 24 3.78659
112.5 24 3.78786
113 24 3.80546
113.5 24 3.77238
114 24 3.79189
114.5 24 3.77873
115 24 3.7422
115.5 24 3.7261
116 24 3.72036
116.5 24 3.744
117 24 3.75913
117.5 24 3.76988
118 24 3.71966
118.5 24 3.67235
119 24 3.69388
119.5 24 3.68626
120 24 3.7003
120.5 24 3.65655
121 24 3.59098
121.5 24 3.54865
122 24 3.55093
122.5 24 3.59569
123 24 3.59437
123.5 24 3.5808
124 24 3.57948
124.5 24 3.57661
125 24 3.57429
125.5 24 3.57548
126 24 3.57036
126.5 24 3.56932
127 24 3.56884
127.5 24 3.59447
128 24 3.59389
128.5 24 3.59211
129 24 3.5892
129.5 24 3.5855
130 24 3.5809
130.5 24 3.57606
131 24 3.57052
131.5 24 3.56794
132 24 3.56794
132.5 24 3.56794
133 24 3.56794
85 24.5 3.54278
85.5 24.5 3.54144
86 24.5 3.53544
86.5 24.5 3.53542
87 24.5 3.53273
87.5 24.5 3.53215
88 24.5 3.52934
88.5 24.5 3.52584
89 24.5 3.55131
89.5 24.5 3.54565
90 24.5 3.54143
90.5 24.5 3.53881
91 24.5 3.53791
91.5 24.5 3.53239
92 24.5 3.54289
92.5 24.5 3.53735
93 24.5 3.53447
93.5 24.5 3.52851
94 24.5 3.52399
94.5 24.5 3.52111
95 24.5 3.50345
95.5 24.5 3.49333
96 24.5 3.49937
96.5 24.5 3.49033
97 24.5 3.54069
97.5 24.5 3.53683
98 24.5 3.53277
98.5 24.5 3.51722
99 24.5 3.49006
99.5 24.5 3.46864
100 24.5 3.49756
100.5 24.5 3.485
101 24.5 3.43941
101.5 24.5 3.39497
102 24.5 3.3681
102.5 24.5 3.34729
103 24.5 3.34254
103.5 24.5 3.38886
104 24.5 3.47929
104.5 24.5 3.56491
105 24.5 3.59011
105.5 24.5 3.63131
106 24.5 3.64931
106.5 24.5 3.6578
107 24.5 3.69432
107.5 24.5 3.70556
108 24.5 3.7452
108.5 24.5 3.75491
109 24.5 3.764
109.5 24.5 3.76571
110 24.5 3.76478
110.5 24.5 3.75245
111 24.5 3.80725
111.5 24.5 3.74762
112 24.5 3.7515
112.5 24.5 3.7586
113 24.5 3.75126
113.5 24.5 3.80667
114 24.5 3.76912
114.5 24.5 3.75268
115 24.5 3.72608
115.5 24.5 3.73217
116 24.5 3.76724
116.5 24.5 3.76841
117 24.5 3.75428
117.5 24.5 3.76102
118 24.5 3.75359
118.5 24.5 3.72212
119 24.5 3.72781
119.5 24.5 3.68021
120 24.5 3.68614
120.5 24.5 3.64731
121 24.5 3.59035
121.5 24.5 3.56843
122 24.5 3.57543
122.5 24.5 3.59915
123 24.5 3.59603
123.5 24.5 3.58716
124 24.5 3.58496
124.5 24.5 3.58032
125 24.5 3.58047
125.5 24.5 3.57558
126 24.5 3.5738
126.5 24.5 3.57144
127 24.5 3.56952
127.5 24.5 3.60311
128 24.5 3.60247
128.5 24.5 3.60045
129 24.5 3.59729
129.5 24.5 3.59299
130 24.5 3.58792
130.5 24.5 3.58224
131 24.5 3.5795
131.5 24.5 3.57494
132 24.5 3.56964
132.5 24.5 3.56794
133 24.5 3.56794
85 25 3.51505
85.5 25 3.51341
86 25 3.5021
86.5 25 3.50233
87 25 3.49619
87.5 25 3.49457
88 25 3.49018
88.5 25 3.4831
89 25 3.53767
89.5 25 3.53111
90 25 3.52615
90.5 25 3.52307
91 25 3.52197
91.5 25 3.51301
92 25 3.49719
92.5 25 3.52483
93 25 3.51964
93.5 25 3.51783
94 25 3.51237
94.5 25 3.50869
95 25 3.50745
95.5 25 3.48281
96 25 3.47229
96.5 25 3.48169
97 25 3.47175
97.5 25 3.46685
98 25 3.4659
98.5 25 3.39417
99 25 3.43671
99.5 25 3.4292
100 25 3.42826
100.5 25 3.45209
101 25 3.40084
101.5 25 3.38228
102 25 3.36308
102.5 25 3.32938
103 25 3.32695
103.5 25 3.35627
104 25 3.39115
104.5 25 3.50796
105 25 3.60719
105.5 25 3.69211
106 25 3.71386
106.5 25 3.71474
107 25 3.7074
107.5 25 3.70955
108 25 3.74686
108.5 25 3.75442
109 25 3.78306
109.5 25 3.77111
110 25 3.74132
110.5 25 3.72636
111 25 3.70639
111.5 25 3.76886
112 25 3.75114
112.5 25 3.73827
113 25 3.74266
113.5 25 3.75401
114 25 3.74104
114.5 25 3.76186
115 25 3.74259
115.5 25 3.75913
116 25 3.74851
116.5 25 3.73498
117 25 3.73032
117.5 25 3.73287
118 25 3.77318
118.5 25 3.79422
119 25 3.78962
119.5 25 3.72638
120 25 3.70544
120.5 25 3.6773
121 25 3.6475
121.5 25 3.62287
122 25 3.61365
122.5 25 3.57715
123 25 3.59329
123.5 25 3.59296
124 25 3.5877
124.5 25 3.58641
125 25 3.5811
125.5 25 3.58006
126 25 3.5776
126.5 25 3.57444
127 25 3.57717
127.5 25 3.61119
128 25 3.61041
128.5 25 3.60813
129 25 3.60459
129.5 25 3.59991
130 25 3.59433
130.5 25 3.59274
131 25 3.5884
131.5 25 3.58334
132 25 3.57764
132.5 25 3.57124
133 25 3.56794
85 25.5 3.48643
85.5 25.5 3.48453
86 25.5 3.46818
86.5 25.5 3.46943
87 25.5 3.45941
87.5 25.5 3.45585
88 25.5 3.45136
88.5 25.5 3.44027
89 25.5 3.44323
89.5 25.5 3.51661
90 25.5 3.51069
90.5 25.5 3.50691
91 25.5 3.50563
91.5 25.5 3.49272
92 25.5 3.47273
92.5 25.5 3.51242
93 25.5 3.50598
93.5 25.5 3.50785
94 25.5 3.50099
94.5 25.5 3.49633
95 25.5 3.49459
95.5 25.5 3.46832
96 25.5 3.46237
96.5 25.5 3.45105
97 25.5 3.46545
97.5 25.5 3.45251
98 25.5 3.42532
98.5 25.5 3.37618
99 25.5 3.39022
99.5 25.5 3.4109
100 25.5 3.39189
100.5 25.5 3.39073
101 25.5 3.36837
101.5 25.5 3.39596
102 25.5 3.39507
102.5 25.5 3.34425
103 25.5 3.29619
103.5 25.5 3.3442
104 25.5 3.37995
104.5 25.5 3.46728
105 25.5 3.56163
105.5 25.5 3.59104
106 25.5 3.65022
106.5 25.5 3.65321
107 25.5 3.67104
107.5 25.5 3.69276
108 25.5 3.69486
108.5 25.5 3.69824
109 25.5 3.72256
109.5 25.5 3.7446
110 25.5 3.7585
110.5 25.5 3.73909
111 25.5 3.70675
111.5 25.5 3.71298
112 25.5 3.73772
112.5 25.5 3.74154
113 25.5 3.73768
113.5 25.5 3.76648
114 25.5 3.74866
114.5 25.5 3.77184
115 25.5 3.76107
115.5 25.5 3.75122
116 25.5 3.7447
116.5 25.5 3.72328
117 25.5 3.71566
117.5 25.5 3.71603
118 25.5 3.74911
118.5 25.5 3.78195
119 25.5 3.81498
119.5 25.5 3.79013
120 25.5 3.73444
120.5 25.5 3.69222
121 25.5 3.65578
121.5 25.5 3.63985
122 25.5 3.65489
122.5 25.5 3.60734
123 25.5 3.59994
123.5 25.5 3.6056
124 25.5 3.59491
124.5 25.5 3.60972
125 25.5 3.60856
125.5 25.5 3.58489
126 25.5 3.58076
126.5 25.5 3.59137
127 25.5 3.58082
127.5 25.5 3.61916
128 25.5 3.61808
128.5 25.5 3.61509
129 25.5 3.61095
129.5 25.5 3.60577
130 25.5 3.60572
130.5 25.5 3.60208
131 25.5 3.59718
131.5 25.5 3.59134
132 25.5 3.5849
132.5 25.5 3.5781
133 25.5 3.57102
85 26 3.45731
85.5 26 3.45501
86 26 3.43382
86.5 26 3.4358
87 26 3.42175
87.5 26 3.41633
88 26 3.41184
88.5 26 3.39775
89 26 3.40271
89.5 26 3.50249
90 26 3.49524
90.5 26 3.49046
91 26 3.48882
91.5 26 3.4715
92 26 3.44797
92.5 26 3.4447
93 26 3.49216
93.5 26 3.48636
94 26 3.49052
94.5 26 3.48412
95 26 3.48158
95.5 26 3.47372
96 26 3.44574
96.5 26 3.43996
97 26 3.42965
97.5 26 3.39947
98 26 3.40451
98.5 26 3.42023
99 26 3.39257
99.5 26 3.3821
100 26 3.33616
100.5 26 3.32271
101 26 3.34681
101.5 26 3.37664
102 26 3.42031
102.5 26 3.35615
103 26 3.26867
103.5 26 3.29039
104 26 3.32605
104.5 26 3.41965
105 26 3.51998
105.5 26 3.58387
106 26 3.57956
106.5 26 3.67566
107 26 3.66004
107.5 26 3.66782
108 26 3.66607
108.5 26 3.67483
109 26 3.71481
109.5 26 3.71139
110 26 3.70085
110.5 26 3.70805
111 26 3.71068
111.5 26 3.72415
112 26 3.71724
112.5 26 3.75873
113 26 3.779
113.5 26 3.77391
114 26 3.7441
114.5 26 3.76452
115 26 3.75298
115.5 26 3.74519
116 26 3.72558
116.5 26 3.71085
117 26 3.71976
117.5 26 3.72568
118 26 3.75279
118.5 26 3.76159
119 26 3.74119
119.5 26 3.73994
120 26 3.74852
120.5 26 3.71084
121 26 3.7106
121.5 26 3.68393
122 26 3.66616
122.5 26 3.64498
123 26 3.61986
123.5 26 3.61
124 26 3.62008
124.5 26 3.61276
125 26 3.59237
125.5 26 3.60017
126 26 3.59849
126.5 26 3.59883
127 26 3.5856
127.5 26 3.62758
128 26 3.626
128.5 26 3.62182
129 26 3.61631
129.5 26 3.60145
130 26 3.61496
130.5 26 3.61072
131 26 3.60522
131.5 26 3.59878
132 26 3.59164
132.5 26 3.58296
133 26 3.57702
85 26.5 3.42768
85.5 26.5 3.42472
86 26.5 3.39923
86.5 26.5 3.40154
87 26.5 3.38309
87.5 26.5 3.37597
88 26.5 3.37197
88.5 26.5 3.35581
89 26.5 3.36262
89.5 26.5 3.37682
90 26.5 3.48006
90.5 26.5 3.47384
91 26.5 3.4716
91.5 26.5 3.4493
92 26.5 3.42289
92.5 26.5 3.4181
93 26.5 3.47903
93.5 26.5 3.47085
94 26.5 3.46757
94.5 26.5 3.47284
95 26.5 3.46371
95.5 26.5 3.45835
96 26.5 3.46371
96.5 26.5 3.42284
97 26.5 3.40462
97.5 26.5 3.38795
98 26.5 3.38678
98.5 26.5 3.3973
99 26.5 3.34737
99.5 26.5 3.3163
100 26.5 3.30109
100.5 26.5 3.30841
101 26.5 3.32373
101.5 26.5 3.41226
102 26.5 3.43212
102.5 26.5 3.35974
103 26.5 3.27434
103.5 26.5 3.2617
104 26.5 3.28256
104.5 26.5 3.37552
105 26.5 3.45145
105.5 26.5 3.5078
106 26.5 3.55382
106.5 26.5 3.52942
107 26.5 3.57651
107.5 26.5 3.6123
108 26.5 3.61915
108.5 26.5 3.66072
109 26.5 3.67303
109.5 26.5 3.69142
110 26.5 3.69241
110.5 26.5 3.69685
111 26.5 3.72569
111.5 26.5 3.73464
112 26.5 3.72393
112.5 26.5 3.7508
113 26.5 3.79277
113.5 26.5 3.7847
114 26.5 3.75315
114.5 26.5 3.76579
115 26.5 3.75052
115.5 26.5 3.7574
116 26.5 3.73097
116.5 26.5 3.71616
117 26.5 3.73533
117.5 26.5 3.76651
118 26.5 3.75776
118.5 26.5 3.76621
119 26.5 3.7613
119.5 26.5 3.74247
120 26.5 3.7912
120.5 26.5 3.75787
121 26.5 3.74314
121.5 26.5 3.7251
122 26.5 3.70323
122.5 26.5 3.67198
123 26.5 3.64698
123.5 26.5 3.6198
124 26.5 3.61982
124.5 26.5 3.62516
125 26.5 3.63432
125.5 26.5 3.60467
126 26.5 3.60065
126.5 26.5 3.60664
127 26.5 3.60405
127.5 26.5 3.6355
128 26.5 3.6329
128.5 26.5 3.62724
129 26.5 3.60858
129.5 26.5 3.62738
130 26.5 3.62384
130.5 26.5 3.6186
131 26.5 3.61226
131.5 26.5 3.60133
132 26.5 3.59544
132.5 26.5 3.5891
133 26.5 3.58226
85 27 3.39758
85.5 27 3.39352
86 27 3.36447
86.5 27 3.3667
87 27 3.34359
87.5 27 3.33455
88 27 3.33187
88.5 27 3.31444
89 27 3.32302
89.5 27 3.33963
90 27 3.46592
90.5 27 3.4573
91 27 3.45396
91.5 27 3.42614
92 27 3.39741
92.5 27 3.39084
93 27 3.40331
93.5 27 3.45597
94 27 3.43199
94.5 27 3.42523
95 27 3.45476
95.5 27 3.44237
96 27 3.41991
96.5 27 3.42641
97 27 3.4133
97.5 27 3.39459
98 27 3.4033
98.5 27 3.41541
99 27 3.3458
99.5 27 3.30803
100 27 3.29953
100.5 27 3.28306
101 27 3.29813
101.5 27 3.36226
102 27 3.41203
102.5 27 3.3688
103 27 3.30755
103.5 27 3.30917
104 27 3.31573
104.5 27 3.39985
105 27 3.46649
105.5 27 3.49422
106 27 3.517
106.5 27 3.51787
107 27 3.52912
107.5 27 3.57119
108 27 3.5922
108.5 27 3.61983
109 27 3.64559
109.5 27 3.66315
110 27 3.69702
110.5 27 3.70315
111 27 3.69719
111.5 27 3.69787
112 27 3.71999
112.5 27 3.74382
113 27 3.76954
113.5 27 3.77283
114 27 3.78534
114.5 27 3.76282
115 27 3.75257
115.5 27 3.77542
116 27 3.74415
116.5 27 3.74951
117 27 3.76938
117.5 27 3.77336
118 27 3.76002
118.5 27 3.76613
119 27 3.71751
119.5 27 3.73636
120 27 3.78464
120.5 27 3.78259
121 27 3.76418
121.5 27 3.74524
122 27 3.70038
122.5 27 3.68717
123 27 3.6571
123.5 27 3.65862
124 27 3.61902
124.5 27 3.62354
125 27 3.63874
125.5 27 3.65939
126 27 3.633
126.5 27 3.61416
127 27 3.59561
127.5 27 3.64291
128 27 3.63634
128.5 27 3.61468
129 27 3.6382
129.5 27 3.63646
130 27 3.63178
130.5 27 3.62538
131 27 3.61355
131.5 27 3.60787
132 27 3.60133
132.5 27 3.59426
133 27 3.58404
85 27.5 3.3676
85.5 27.5 3.36156
86 27.5 3.32962
86.5 27.5 3.33136
87 27.5 3.30325
87.5 27.5 3.29235
88 27.5 3.29178
88.5 27.5 3.27359
89 27.5 3.28385
89.5 27.5 3.30287
90 27.5 3.3147
90.5 27.5 3.44194
91 27.5 3.4102
91.5 27.5 3.402
92 27.5 3.4102
92.5 27.5 3.36296
93 27.5 3.37238
93.5 27.5 3.37125
94 27.5 3.43112
94.5 27.5 3.40472
95 27.5 3.4112
95.5 27.5 3.4253
96 27.5 3.42792
96.5 27.5 3.42753
97 27.5 3.42487
97.5 27.5 3.41362
98 27.5 3.37649
98.5 27.5 3.39615
99 27.5 3.34041
99.5 27.5 3.28157
100 27.5 3.26755
100.5 27.5 3.23513
101 27.5 3.22627
101.5 27.5 3.27698
102 27.5 3.38893
102.5 27.5 3.36421
103 27.5 3.36247
103.5 27.5 3.34731
104 27.5 3.4227
104.5 27.5 3.46951
105 27.5 3.51934
105.5 27.5 3.54286
106 27.5 3.56591
106.5 27.5 3.57624
107 27.5 3.56304
107.5 27.5 3.57584
108 27.5 3.58603
108.5 27.5 3.59493
109 27.5 3.60848
109.5 27.5 3.63739
110 27.5 3.6622
110.5 27.5 3.67482
111 27.5 3.68114
111.5 27.5 3.69871
112 27.5 3.71897
112.5 27.5 3.76493
113 27.5 3.77945
113.5 27.5 3.74478
114 27.5 3.77055
114.5 27.5 3.78976
115 27.5 3.76938
115.5 27.5 3.76308
116 27.5 3.75723
116.5 27.5 3.73767
117 27.5 3.73714
117.5 27.5 3.73742
118 27.5 3.74444
118.5 27.5 3.75345
119 27.5 3.70881
119.5 27.5 3.73376
120 27.5 3.76732
120.5 27.5 3.76049
121 27.5 3.77276
121.5 27.5 3.76064
122 27.5 3.70732
122.5 27.5 3.71233
123 27.5 3.68748
123.5 27.5 3.67432
124 27.5 3.65914
124.5 27.5 3.65949
125 27.5 3.64111
125.5 27.5 3.64265
126 27.5 3.6362
126.5 27.5 3.62538
127 27.5 3.64387
127.5 27.5 3.6303
128 27.5 3.62055
128.5 27.5 3.61871
129 27.5 3.61659
129.5 27.5 3.64444
130 27.5 3.6379
130.5 27.5 3.62519
131 27.5 3.61959
131.5 27.5 3.61311
132 27.5 3.59678
132.5 27.5 3.59316
133 27.5 3.58892
85 28 3.33993
85.5 28 3.32901
86 28 3.33993
86.5 28 3.29569
87 28 3.30765
87.5 28 3.24948
88 28 3.26378
88.5 28 3.23335
89 28 3.24673
89.5 28 3.2665
90 28 3.27854
90.5 28 3.24516
91 28 3.41734
91.5 28 3.37684
92 28 3.34561
92.5 28 3.33443
93 28 3.3473
93.5 28 3.34377
94 28 3.36125
94.5 28 3.3859
95 28 3.40312
95.5 28 3.42457
96 28 3.42683
96.5 28 3.42422
97 28 3.38957
97.5 28 3.38699
98 28 3.38289
98.5 28 3.34173
99 28 3.33428
99.5 28 3.2771
100 28 3.22882
100.5 28 3.20762
101 28 3.19738
101.5 28 3.26301
102 28 3.3518
102.5 28 3.38433
103 28 3.36363
103.5 28 3.4376
104 28 3.50656
104.5 28 3.54911
105 28 3.58137
105.5 28 3.59421
106 28 3.61797
106.5 28 3.59547
107 28 3.60266
107.5 28 3.59174
108 28 3.59194
108.5 28 3.61215
109 28 3.63534
109.5 28 3.6876
110 28 3.62678
110.5 28 3.65691
111 28 3.66259
111.5 28 3.67282
112 28 3.7099
112.5 28 3.74563
113 28 3.77837
113.5 28 3.75382
114 28 3.73653
114.5 28 3.74052
115 28 3.7858
115.5 28 3.75757
116 28 3.75472
116.5 28 3.73133
117 28 3.72555
117.5 28 3.73345
118 28 3.71963
118.5 28 3.72484
119 28 3.68132
119.5 28 3.70317
120 28 3.75944
120.5 28 3.74511
121 28 3.75908
121.5 28 3.75
122 28 3.72392
122.5 28 3.71508
123 28 3.70327
123.5 28 3.67834
124 28 3.6666
124.5 28 3.68082
125 28 3.6582
125.5 28 3.63271
126 28 3.62968
126.5 28 3.66835
127 28 3.61063
127.5 28 3.60204
128 28 3.6039
128.5 28 3.625
129 28 3.6566
129.5 28 3.63892
130 28 3.6362
130.5 28 3.63057
131 28 3.62385
131.5 28 3.60692
132 28 3.60294
132.5 28 3.59802
133 28 3.59326
85 28.5 3.32509
85.5 28.5 3.29599
86 28.5 3.26017
86.5 28.5 3.25985
87 28.5 3.22094
87.5 28.5 3.20628
88 28.5 3.21213
88.5 28.5 3.19374
89 28.5 3.20722
89.5 28.5 3.23063
90 28.5 3.23728
90.5 28.5 3.20363
91 28.5 3.19444
91.5 28.5 3.20431
92 28.5 3.23104
92.5 28.5 3.26231
93 28.5 3.28459
93.5 28.5 3.31761
94 28.5 3.35054
94.5 28.5 3.37156
95 28.5 3.39828
95.5 28.5 3.42605
96 28.5 3.41612
96.5 28.5 3.40406
97 28.5 3.37147
97.5 28.5 3.30959
98 28.5 3.31562
98.5 28.5 3.30081
99 28.5 3.25874
99.5 28.5 3.27433
100 28.5 3.1759
100.5 28.5 3.15329
101 28.5 3.15964
101.5 28.5 3.27107
102 28.5 3.40131
102.5 28.5 3.38159
103 28.5 3.37997
103.5 28.5 3.47582
104 28.5 3.53543
104.5 28.5 3.63714
105 28.5 3.63965
105.5 28.5 3.63102
106 28.5 3.65685
106.5 28.5 3.63841
107 28.5 3.62392
107.5 28.5 3.63047
108 28.5 3.62372
108.5 28.5 3.62264
109 28.5 3.64835
109.5 28.5 3.69978
110 28.5 3.72213
110.5 28.5 3.64877
111 28.5 3.65907
111.5 28.5 3.6678
112 28.5 3.69745
112.5 28.5 3.74515
113 28.5 3.75964
113.5 28.5 3.74188
114 28.5 3.76319
114.5 28.5 3.74943
115 28.5 3.77399
115.5 28.5 3.76476
116 28.5 3.75242
116.5 28.5 3.74496
117 28.5 3.73672
117.5 28.5 3.72639
118 28.5 3.71655
118.5 28.5 3.72276
119 28.5 3.70346
119.5 28.5 3.73339
120 28.5 3.72707
120.5 28.5 3.73148
121 28.5 3.74082
121.5 28.5 3.74648
122 28.5 3.73492
122.5 28.5 3.73327
123 28.5 3.73441
123.5 28.5 3.73243
124 28.5 3.70333
124.5 28.5 3.68061
125 28.5 3.67406
125.5 28.5 3.67172
126 28.5 3.66065
126.5 28.5 3.63463
127 28.5 3.61187
127.5 28.5 3.61113
128 28.5 3.60872
128.5 28.5 3.63731
129 28.5 3.65734
129.5 28.5 3.64668
130 28.5 3.63986
130.5 28.5 3.63275
131 28.5 3.61704
131.5 28.5 3.61332
132 28.5 3.6082
132.5 28.5 3.58488
133 28.5 3.58178
85 29 3.33983
85.5 29 3.18828
86 29 3.17227
86.5 29 3.14766
87 29 3.14233
87.5 29 3.14434
88 29 3.14436
88.5 29 3.14457
89 29 3.1541
89.5 29 3.15918
90 29 3.19732
90.5 29 3.17386
91 29 3.15435
91.5 29 3.15264
92 29 3.1662
92.5 29 3.19318
93 29 3.22566
93.5 29 3.2796
94 29 3.33327
94.5 29 3.3758
95 29 3.38658
95.5 29 3.39547
96 29 3.39468
96.5 29 3.39334
97 29 3.35493
97.5 29 3.26739
98 29 3.23369
98.5 29 3.23549
99 29 3.21613
99.5 29 3.18308
100 29 3.19974
100.5 29 3.10122
101 29 3.12757
101.5 29 3.22
102 29 3.34182
102.5 29 3.44565
103 29 3.47449
103.5 29 3.53482
104 29 3.60677
104.5 29 3.64547
105 29 3.6637
105.5 29 3.66642
106 29 3.68762
106.5 29 3.6781
107 29 3.65159
107.5 29 3.633
108 29 3.6279
108.5 29 3.6328
109 29 3.6474
109.5 29 3.65695
110 29 3.68336
110.5 29 3.68323
111 29 3.69067
111.5 29 3.68475
112 29 3.72273
112.5 29 3.75044
113 29 3.78397
113.5 29 3.70316
114 29 3.73667
114.5 29 3.73663
115 29 3.74835
115.5 29 3.74347
116 29 3.74769
116.5 29 3.74896
117 29 3.73821
117.5 29 3.73989
118 29 3.74548
118.5 29 3.71745
119 29 3.71343
119.5 29 3.70222
120 29 3.69576
120.5 29 3.7307
121 29 3.75355
121.5 29 3.73748
122 29 3.73096
122.5 29 3.74129
123 29 3.74399
123.5 29 3.74123
124 29 3.70541
124.5 29 3.68323
125 29 3.66644
125.5 29 3.67693
126 29 3.65513
126.5 29 3.6818
127 29 3.61687
127.5 29 3.62236
128 29 3.62585
128.5 29 3.62417
129 29 3.63796
129.5 29 3.60326
130 29 3.63626
130.5 29 3.62621
131 29 3.62373
131.5 29 3.61844
132 29 3.59346
132.5 29 3.58902
133 29 3.57379
85 29.5 3.13781
85.5 29.5 3.08156
86 29.5 3.10237
86.5 29.5 3.10829
87 29.5 3.11253
87.5 29.5 3.1164
88 29.5 3.14771
88.5 29.5 3.12749
89 29.5 3.15343
89.5 29.5 3.16825
90 29.5 3.1241
90.5 29.5 3.18229
91 29.5 3.16434
91.5 29.5 3.17363
92 29.5 3.15423
92.5 29.5 3.17091
93 29.5 3.19429
93.5 29.5 3.22782
94 29.5 3.23949
94.5 29.5 3.24546
95 29.5 3.2667
95.5 29.5 3.27811
96 29.5 3.29693
96.5 29.5 3.30395
97 29.5 3.28253
97.5 29.5 3.24639
98 29.5 3.22247
98.5 29.5 3.22326
99 29.5 3.20619
99.5 29.5 3.21973
100 29.5 3.15715
100.5 29.5 3.16211
101 29.5 3.13788
101.5 29.5 3.21731
102 29.5 3.28667
102.5 29.5 3.43659
103 29.5 3.50765
103.5 29.5 3.53926
104 29.5 3.60689
104.5 29.5 3.63139
105 29.5 3.65088
105.5 29.5 3.69285
106 29.5 3.69351
106.5 29.5 3.70539
107 29.5 3.66445
107.5 29.5 3.63388
108 29.5 3.61603
108.5 29.5 3.63504
109 29.5 3.61398
109.5 29.5 3.61526
110 29.5 3.63269
110.5 29.5 3.65416
111 29.5 3.66814
111.5 29.5 3.68889
112 29.5 3.71947
112.5 29.5 3.74981
113 29.5 3.74276
113.5 29.5 3.68889
114 29.5 3.69913
114.5 29.5 3.70239
115 29.5 3.70324
115.5 29.5 3.71595
116 29.5 3.72559
116.5 29.5 3.71911
117 29.5 3.74019
117.5 29.5 3.74962
118 29.5 3.72653
118.5 29.5 3.73686
119 29.5 3.71684
119.5 29.5 3.70876
120 29.5 3.75034
120.5 29.5 3.74091
121 29.5 3.72009
121.5 29.5 3.72841
122 29.5 3.7406
122.5 29.5 3.75203
123 29.5 3.73789
123.5 29.5 3.73886
124 29.5 3.71423
124.5 29.5 3.70259
125 29.5 3.67917
125.5 29.5 3.64117
126 29.5 3.65901
126.5 29.5 3.67091
127 29.5 3.62935
127.5 29.5 3.62676
128 29.5 3.60464
128.5 29.5 3.61987
129 29.5 3.63406
129.5 29.5 3.61247
130 29.5 3.6049
130.5 29.5 3.63453
131 29.5 3.62715
131.5 29.5 3.60306
132 29.5 3.59818
132.5 29.5 3.58069
133 29.5 3.57695
85 30 3.09214
85.5 30 3.0994
86 30 3.14023
86.5 30 3.16189
87 30 3.15427
87.5 30 3.15766
88 30 3.16217
88.5 30 3.15338
89 30 3.15968
89.5 30 3.17965
90 30 3.17919
90.5 30 3.1313
91 30 3.16505
91.5 30 3.15364
92 30 3.16189
92.5 30 3.14824
93 30 3.16074
93.5 30 3.17676
94 30 3.18352
94.5 30 3.17764
95 30 3.21343
95.5 30 3.23133
96 30 3.22907
96.5 30 3.22464
97 30 3.2298
97.5 30 3.21364
98 30 3.20617
98.5 30 3.22346
99 30 3.25451
99.5 30 3.22615
100 30 3.1813
100.5 30 3.21046
101 30 3.2367
101.5 30 3.22394
102 30 3.27735
102.5 30 3.40116
103 30 3.51364
103.5 30 3.54094
104 30 3.57839
104.5 30 3.60339
105 30 3.63707
105.5 30 3.65509
106 30 3.67331
106.5 30 3.66853
107 30 3.64974
107.5 30 3.6292
108 30 3.61144
108.5 30 3.59895
109 30 3.57721
109.5 30 3.57514
110 30 3.59197
110.5 30 3.62809
111 30 3.6447
111.5 30 3.67839
112 30 3.70778
112.5 30 3.70816
113 30 3.70951
113.5 30 3.702
114 30 3.71078
114.5 30 3.72361
115 30 3.69475
115.5 30 3.69475
116 30 3.69455
116.5 30 3.72152
117 30 3.7269
117.5 30 3.73078
118 30 3.71347
118.5 30 3.69951
119 30 3.6988
119.5 30 3.72557
120 30 3.71669
120.5 30 3.73782
121 30 3.72985
121.5 30 3.70395
122 30 3.70141
122.5 30 3.72352
123 30 3.71913
123.5 30 3.74636
124 30 3.73147
124.5 30 3.71941
125 30 3.70023
125.5 30 3.68444
126 30 3.68499
126.5 30 3.65741
127 30 3.64214
127.5 30 3.65268
128 30 3.62718
128.5 30 3.60987
129 30 3.62565
129.5 30 3.61794
130 30 3.61454
130.5 30 3.60019
131 30 3.61232
131.5 30 3.59195
132 30 3.58971
132.5 30 3.58497
133 30 3.57977
85 30.5 3.12276
85.5 30.5 3.16391
86 30.5 3.22572
86.5 30.5 3.21263
87 30.5 3.22131
87.5 30.5 3.2018
88 30.5 3.20561
88.5 30.5 3.19107
89 30.5 3.17875
89.5 30.5 3.17034
90 30.5 3.17084
90.5 30.5 3.17944
91 30.5 3.16949
91.5 30.5 3.15721
92 30.5 3.14683
92.5 30.5 3.14657
93 30.5 3.15468
93.5 30.5 3.15586
94 30.5 3.16077
94.5 30.5 3.18941
95 30.5 3.18107
95.5 30.5 3.20967
96 30.5 3.20902
96.5 30.5 3.19049
97 30.5 3.15942
97.5 30.5 3.15638
98 30.5 3.16013
98.5 30.5 3.16176
99 30.5 3.17459
99.5 30.5 3.17981
100 30.5 3.19383
100.5 30.5 3.18568
101 30.5 3.25596
101.5 30.5 3.29278
102 30.5 3.26869
102.5 30.5 3.31531
103 30.5 3.47751
103.5 30.5 3.54154
104 30.5 3.60265
104.5 30.5 3.61866
105 30.5 3.63359
105.5 30.5 3.62482
106 30.5 3.69543
106.5 30.5 3.64798
107 30.5 3.62356
107.5 30.5 3.60792
108 30.5 3.58926
108.5 30.5 3.59468
109 30.5 3.58234
109.5 30.5 3.58118
110 30.5 3.59232
110.5 30.5 3.60607
111 30.5 3.63308
111.5 30.5 3.66732
112 30.5 3.71095
112.5 30.5 3.72605
113 30.5 3.69182
113.5 30.5 3.68711
114 30.5 3.70277
114.5 30.5 3.72008
115 30.5 3.71116
115.5 30.5 3.70676
116 30.5 3.68277
116.5 30.5 3.67792
117 30.5 3.70195
117.5 30.5 3.70846
118 30.5 3.70368
118.5 30.5 3.6882
119 30.5 3.68374
119.5 30.5 3.7301
120 30.5 3.70454
120.5 30.5 3.72206
121 30.5 3.72133
121.5 30.5 3.74379
122 30.5 3.73242
122.5 30.5 3.7281
123 30.5 3.71241
123.5 30.5 3.74208
124 30.5 3.72342
124.5 30.5 3.71735
125 30.5 3.70148
125.5 30.5 3.67789
126 30.5 3.66177
126.5 30.5 3.66096
127 30.5 3.67707
127.5 30.5 3.6933
128 30.5 3.61964
128.5 30.5 3.60168
129 30.5 3.62319
129.5 30.5 3.63983
130 30.5 3.65123
130.5 30.5 3.59041
131 30.5 3.59764
131.5 30.5 3.59886
132 30.5 3.59289
132.5 30.5 3.58839
133 30.5 3.58381
85 31 3.14115
85.5 31 3.20596
86 31 3.22638
86.5 31 3.24675
87 31 3.22626
87.5 31 3.21288
88 31 3.21035
88.5 31 3.19689
89 31 3.18693
89.5 31 3.16065
90 31 3.13942
90.5 31 3.15466
91 31 3.17028
91.5 31 3.16186
92 31 3.1637
92.5 31 3.15326
93 31 3.17831
93.5 31 3.18441
94 31 3.1814
94.5 31 3.14558
95 31 3.18883
95.5 31 3.17872
96 31 3.18549
96.5 31 3.16647
97 31 3.17131
97.5 31 3.18221
98 31 3.19642
98.5 31 3.19132
99 31 3.18042
99.5 31 3.18967
100 31 3.20431
100.5 31 3.20753
101 31 3.21314
101.5 31 3.2758
102 31 3.30892
102.5 31 3.27494
103 31 3.39966
103.5 31 3.51341
104 31 3.56832
104.5 31 3.57143
105 31 3.62653
105.5 31 3.58619
106 31 3.63224
106.5 31 3.6325
107 31 3.60456
107.5 31 3.59115
108 31 3.5781
108.5 31 3.56721
109 31 3.57118
109.5 31 3.56978
110 31 3.57846
110.5 31 3.5922
111 31 3.63245
111.5 31 3.6764
112 31 3.69755
112.5 31 3.68784
113 31 3.68256
113.5 31 3.68758
114 31 3.68691
114.5 31 3.70953
115 31 3.71965
115.5 31 3.71081
116 31 3.67108
116.5 31 3.65762
117 31 3.66073
117.5 31 3.68188
118 31 3.69376
118.5 31 3.69853
119 31 3.70059
119.5 31 3.70431
120 31 3.7069
120.5 31 3.71502
121 31 3.71338
121.5 31 3.7241
122 31 3.71426
122.5 31 3.68064
123 31 3.70799
123.5 31 3.71434
124 31 3.72007
124.5 31 3.70573
125 31 3.68737
125.5 31 3.68891
126 31 3.68645
126.5 31 3.67425
127 31 3.71985
127.5 31 3.6499
128 31 3.63016
128.5 31 3.62058
129 31 3.6273
129.5 31 3.61455
130 31 3.65258
130.5 31 3.60935
131 31 3.56742
131.5 31 3.54528
132 31 3.59694
132.5 31 3.5751
133 31 3.57312
85 31.5 3.16639
85.5 31.5 3.18417
86 31.5 3.19711
86.5 31.5 3.18763
87 31.5 3.18774
87.5 31.5 3.18436
88 31.5 3.16901
88.5 31.5 3.15165
89 31.5 3.14939
89.5 31.5 3.1176
90 31.5 3.10464
90.5 31.5 3.12223
91 31.5 3.15644
91.5 31.5 3.16006
92 31.5 3.14484
92.5 31.5 3.17442
93 31.5 3.18652
93.5 31.5 3.1831
94 31.5 3.18
94.5 31.5 3.17363
95 31.5 3.1462
95.5 31.5 3.15032
96 31.5 3.15488
96.5 31.5 3.1604
97 31.5 3.1314
97.5 31.5 3.17128
98 31.5 3.20838
98.5 31.5 3.22238
99 31.5 3.21203
99.5 31.5 3.17839
100 31.5 3.16086
100.5 31.5 3.20317
101 31.5 3.27584
101.5 31.5 3.28163
102 31.5 3.2668
102.5 31.5 3.29667
103 31.5 3.33785
103.5 31.5 3.46297
104 31.5 3.55799
104.5 31.5 3.54934
105 31.5 3.60666
105.5 31.5 3.63625
106 31.5 3.59547
106.5 31.5 3.62664
107 31.5 3.55591
107.5 31.5 3.54784
108 31.5 3.57565
108.5 31.5 3.5488
109 31.5 3.56326
109.5 31.5 3.559
110 31.5 3.5741
110.5 31.5 3.61029
111 31.5 3.66011
111.5 31.5 3.67599
112 31.5 3.704
112.5 31.5 3.71295
113 31.5 3.71917
113.5 31.5 3.70432
114 31.5 3.74654
114.5 31.5 3.72038
115 31.5 3.71082
115.5 31.5 3.70314
116 31.5 3.67092
116.5 31.5 3.66811
117 31.5 3.66919
117.5 31.5 3.69872
118 31.5 3.7208
118.5 31.5 3.71897
119 31.5 3.68172
119.5 31.5 3.67259
120 31.5 3.67186
120.5 31.5 3.68995
121 31.5 3.67664
121.5 31.5 3.68195
122 31.5 3.71206
122.5 31.5 3.7188
123 31.5 3.71258
123.5 31.5 3.69667
124 31.5 3.71027
124.5 31.5 3.70224
125 31.5 3.70157
125.5 31.5 3.71836
126 31.5 3.70458
126.5 31.5 3.69759
127 31.5 3.67549
127.5 31.5 3.65748
128 31.5 3.64136
128.5 31.5 3.61929
129 31.5 3.6135
129.5 31.5 3.61434
130 31.5 3.64465
130.5 31.5 3.61705
131 31.5 3.54092
131.5 31.5 3.51421
132 31.5 3.54568
132.5 31.5 3.5812
133 31.5 3.63283
85 32 3.13321
85.5 32 3.15989
86 32 3.15545
86.5 32 3.16112
87 32 3.14705
87.5 32 3.14123
88 32 3.12255
88.5 32 3.11987
89 32 3.11393
89.5 32 3.08978
90 32 3.08973
90.5 32 3.12111
91 32 3.14858
91.5 32 3.17252
92 32 3.1802
92.5 32 3.17969
93 32 3.18496
93.5 32 3.18912
94 32 3.17963
94.5 32 3.16784
95 32 3.14799
95.5 32 3.12563
96 32 3.12823
96.5 32 3.15616
97 32 3.16296
97.5 32 3.16495
98 32 3.20112
98.5 32 3.22559
99 32 3.22461
99.5 32 3.20168
100 32 3.16095
100.5 32 3.19187
101 32 3.25342
101.5 32 3.289
102 32 3.29705
102.5 32 3.31707
103 32 3.30769
103.5 32 3.38257
104 32 3.48052
104.5 32 3.53419
105 32 3.6
105.5 32 3.5986
106 32 3.60308
106.5 32 3.61452
107 32 3.57172
107.5 32 3.56436
108 32 3.58466
108.5 32 3.5669
109 32 3.53499
109.5 32 3.521
110 32 3.54587
110.5 32 3.60786
111 32 3.65503
111.5 32 3.69411
112 32 3.69699
112.5 32 3.72788
113 32 3.72356
113.5 32 3.72209
114 32 3.72684
114.5 32 3.71005
115 32 3.70224
115.5 32 3.70977
116 32 3.6841
116.5 32 3.67528
117 32 3.67926
117.5 32 3.67218
118 32 3.67486
118.5 32 3.65883
119 32 3.66957
119.5 32 3.66036
120 32 3.64066
120.5 32 3.65594
121 32 3.66246
121.5 32 3.66282
122 32 3.6652
122.5 32 3.68301
123 32 3.71685
123.5 32 3.71758
124 32 3.73228
124.5 32 3.76895
125 32 3.74021
125.5 32 3.71415
126 32 3.71875
126.5 32 3.69731
127 32 3.67233
127.5 32 3.64525
128 32 3.66142
128.5 32 3.64503
129 32 3.59961
129.5 32 3.60415
130 32 3.63181
130.5 32 3.6272
131 32 3.55389
131.5 32 3.55386
132 32 3.52789
132.5 32 3.53013
133 32 3.58541
85 32.5 3.10776
85.5 32.5 3.13439
86 32.5 3.15234
86.5 32.5 3.1575
87 32.5 3.16216
87.5 32.5 3.15627
88 32.5 3.17711
88.5 32.5 3.16878
89 32.5 3.14766
89.5 32.5 3.10488
90 32.5 3.09121
90.5 32.5 3.10069
91 32.5 3.11795
91.5 32.5 3.14594
92 32.5 3.1572
92.5 32.5 3.15634
93 32.5 3.16535
93.5 32.5 3.18099
94 32.5 3.1917
94.5 32.5 3.17652
95 32.5 3.14091
95.5 32.5 3.12623
96 32.5 3.12211
96.5 32.5 3.11045
97 32.5 3.16784
97.5 32.5 3.19062
98 32.5 3.19759
98.5 32.5 3.22334
99 32.5 3.20577
99.5 32.5 3.17668
100 32.5 3.17665
100.5 32.5 3.19746
101 32.5 3.23465
101.5 32.5 3.24603
102 32.5 3.22129
102.5 32.5 3.23068
103 32.5 3.1943
103.5 32.5 3.25036
104 32.5 3.37226
104.5 32.5 3.45777
105 32.5 3.5815
105.5 32.5 3.57941
106 32.5 3.59794
106.5 32.5 3.60251
107 32.5 3.59011
107.5 32.5 3.5868
108 32.5 3.59194
108.5 32.5 3.57607
109 32.5 3.54888
109.5 32.5 3.53766
110 32.5 3.56595
110.5 32.5 3.61925
111 32.5 3.65695
111.5 32.5 3.6684
112 32.5 3.68054
112.5 32.5 3.71144
113 32.5 3.70691
113.5 32.5 3.7022
114 32.5 3.72659
114.5 32.5 3.69406
115 32.5 3.69724
115.5 32.5 3.70547
116 32.5 3.70378
116.5 32.5 3.72385
117 32.5 3.72424
117.5 32.5 3.7017
118 32.5 3.6758
118.5 32.5 3.66259
119 32.5 3.67138
119.5 32.5 3.66568
120 32.5 3.62497
120.5 32.5 3.63166
121 32.5 3.62846
121.5 32.5 3.64652
122 32.5 3.65369
122.5 32.5 3.65795
123 32.5 3.68874
123.5 32.5 3.71631
124 32.5 3.71862
124.5 32.5 3.73801
125 32.5 3.71233
125.5 32.5 3.71509
126 32.5 3.71403
126.5 32.5 3.73159
127 32.5 3.69456
127.5 32.5 3.66201
128 32.5 3.6417
128.5 32.5 3.64422
129 32.5 3.61538
129.5 32.5 3.61223
130 32.5 3.60092
130.5 32.5 3.57494
131 32.5 3.53818
131.5 32.5 3.52498
132 32.5 3.5766
132.5 32.5 3.55237
133 32.5 3.5991
85 33 3.09761
85.5 33 3.16702
86 33 3.19673
86.5 33 3.19237
87 33 3.20851
87.5 33 3.20271
88 33 3.20082
88.5 33 3.1674
89 33 3.1391
89.5 33 3.09852
90 33 3.07319
90.5 33 3.07863
91 33 3.0869
91.5 33 3.10646
92 33 3.10062
92.5 33 3.09682
93 33 3.12103
93.5 33 3.11277
94 33 3.09816
94.5 33 3.08141
95 33 3.08721
95.5 33 3.12288
96 33 3.14771
96.5 33 3.18233
97 33 3.21523
97.5 33 3.22547
98 33 3.1883
98.5 33 3.19802
99 33 3.15845
99.5 33 3.15306
100 33 3.1711
100.5 33 3.20103
101 33 3.22865
101.5 33 3.21829
102 33 3.19568
102.5 33 3.17101
103 33 3.18683
103.5 33 3.20812
104 33 3.27638
104.5 33 3.44115
105 33 3.55516
105.5 33 3.56583
106 33 3.58415
106.5 33 3.58182
107 33 3.57692
107.5 33 3.58686
108 33 3.5935
108.5 33 3.62002
109 33 3.59266
109.5 33 3.57543
110 33 3.60077
110.5 33 3.60517
111 33 3.65824
111.5 33 3.69248
112 33 3.69174
112.5 33 3.7023
113 33 3.72599
113.5 33 3.71937
114 33 3.70955
114.5 33 3.68501
115 33 3.69209
115.5 33 3.70456
116 33 3.6932
116.5 33 3.71418
117 33 3.71734
117.5 33 3.69363
118 33 3.69645
118.5 33 3.66152
119 33 3.6394
119.5 33 3.6391
120 33 3.61921
120.5 33 3.62734
121 33 3.63925
121.5 33 3.65722
122 33 3.71871
122.5 33 3.68855
123 33 3.67425
123.5 33 3.68925
124 33 3.69426
124.5 33 3.71403
125 33 3.71441
125.5 33 3.73107
126 33 3.73611
126.5 33 3.75197
127 33 3.70271
127.5 33 3.67906
128 33 3.66133
128.5 33 3.65589
129 33 3.65399
129.5 33 3.62473
130 33 3.60159
130.5 33 3.57253
131 33 3.58248
131.5 33 3.60185
132 33 3.63204
132.5 33 3.65353
133 33 3.64686
85 33.5 3.13639
85.5 33.5 3.18166
86 33.5 3.21067
86.5 33.5 3.20594
87 33.5 3.21891
87.5 33.5 3.19802
88 33.5 3.1796
88.5 33.5 3.15058
89 33.5 3.11262
89.5 33.5 3.07408
90 33.5 3.05375
90.5 33.5 3.05157
91 33.5 3.05433
91.5 33.5 3.08857
92 33.5 3.09626
92.5 33.5 3.069
93 33.5 3.06968
93.5 33.5 3.06444
94 33.5 3.05953
94.5 33.5 3.08659
95 33.5 3.10526
95.5 33.5 3.11349
96 33.5 3.14867
96.5 33.5 3.17703
97 33.5 3.19152
97.5 33.5 3.16528
98 33.5 3.14585
98.5 33.5 3.14752
99 33.5 3.14456
99.5 33.5 3.12277
100 33.5 3.12776
100.5 33.5 3.18435
101 33.5 3.20325
101.5 33.5 3.19997
102 33.5 3.18056
102.5 33.5 3.17728
103 33.5 3.18253
103.5 33.5 3.20006
104 33.5 3.34305
104.5 33.5 3.49353
105 33.5 3.48896
105.5 33.5 3.53264
106 33.5 3.56879
106.5 33.5 3.58253
107 33.5 3.58776
107.5 33.5 3.58624
108 33.5 3.62464
108.5 33.5 3.64972
109 33.5 3.60569
109.5 33.5 3.60293
110 33.5 3.60664
110.5 33.5 3.63467
111 33.5 3.63602
111.5 33.5 3.66864
112 33.5 3.69476
112.5 33.5 3.65886
113 33.5 3.71406
113.5 33.5 3.72276
114 33.5 3.68686
114.5 33.5 3.69764
115 33.5 3.71054
115.5 33.5 3.68769
116 33.5 3.67611
116.5 33.5 3.68636
117 33.5 3.71759
117.5 33.5 3.69798
118 33.5 3.69426
118.5 33.5 3.69243
119 33.5 3.66893
119.5 33.5 3.65724
120 33.5 3.62659
120.5 33.5 3.63077
121 33.5 3.63358
121.5 33.5 3.67026
122 33.5 3.6641
122.5 33.5 3.71387
123 33.5 3.67315
123.5 33.5 3.70643
124 33.5 3.69264
124.5 33.5 3.70869
125 33.5 3.70699
125.5 33.5 3.73147
126 33.5 3.74859
126.5 33.5 3.739
127 33.5 3.71838
127.5 33.5 3.7034
128 33.5 3.69279
128.5 33.5 3.68807
129 33.5 3.67057
129.5 33.5 3.65393
130 33.5 3.59236
130.5 33.5 3.57998
131 33.5 3.62572
131.5 33.5 3.66724
132 33.5 3.6487
132.5 33.5 3.63253
133 33.5 3.64415
85 34 3.14166
85.5 34 3.16973
86 34 3.19316
86.5 34 3.20516
87 34 3.21372
87.5 34 3.19037
88 34 3.16663
88.5 34 3.1187
89 34 3.0943
89.5 34 3.07353
90 34 3.03981
90.5 34 3.03103
91 34 3.02097
91.5 34 3.02397
92 34 3.03826
92.5 34 3.05308
93 34 3.04253
93.5 34 3.06334
94 34 3.06009
94.5 34 3.08929
95 34 3.13061
95.5 34 3.18693
96 34 3.21283
96.5 34 3.20786
97 34 3.1723
97.5 34 3.13373
98 34 3.11164
98.5 34 3.09021
99 34 3.09836
99.5 34 3.10579
100 34 3.1387
100.5 34 3.17335
101 34 3.21368
101.5 34 3.19979
102 34 3.18942
102.5 34 3.20337
103 34 3.20882
103.5 34 3.25947
104 34 3.37303
104.5 34 3.42795
105 34 3.45308
105.5 34 3.51685
106 34 3.5636
106.5 34 3.58398
107 34 3.60195
107.5 34 3.62469
108 34 3.6135
108.5 34 3.59036
109 34 3.55687
109.5 34 3.61034
110 34 3.62995
110.5 34 3.64275
111 34 3.64434
111.5 34 3.65257
112 34 3.65591
112.5 34 3.65234
113 34 3.69788
113.5 34 3.71827
114 34 3.68303
114.5 34 3.6556
115 34 3.67006
115.5 34 3.65055
116 34 3.64735
116.5 34 3.64146
117 34 3.66824
117.5 34 3.66826
118 34 3.70615
118.5 34 3.72651
119 34 3.69029
119.5 34 3.6902
120 34 3.6503
120.5 34 3.65479
121 34 3.65663
121.5 34 3.65973
122 34 3.67804
122.5 34 3.68016
123 34 3.66472
123.5 34 3.72594
124 34 3.72912
124.5 34 3.72895
125 34 3.72556
125.5 34 3.72202
126 34 3.70686
126.5 34 3.71457
127 34 3.71237
127.5 34 3.71868
128 34 3.71831
128.5 34 3.71213
129 34 3.67498
129.5 34 3.67457
130 34 3.63712
130.5 34 3.64465
131 34 3.65275
131.5 34 3.65969
132 34 3.65673
132.5 34 3.64145
133 34 3.67734
85 34.5 3.17121
85.5 34.5 3.18801
86 34.5 3.19147
86.5 34.5 3.17738
87 34.5 3.17704
87.5 34.5 3.17402
88 34.5 3.14615
88.5 34.5 3.09816
89 34.5 3.06934
89.5 34.5 3.04205
90 34.5 3.03055
90.5 34.5 3.02817
91 34.5 3.01229
91.5 34.5 2.99039
92 34.5 3.00023
92.5 34.5 3.00388
93 34.5 3.04018
93.5 34.5 3.07292
94 34.5 3.10982
94.5 34.5 3.12944
95 34.5 3.15161
95.5 34.5 3.16787
96 34.5 3.19365
96.5 34.5 3.15993
97 34.5 3.11824
97.5 34.5 3.08654
98 34.5 3.08132
98.5 34.5 3.10243
99 34.5 3.14335
99.5 34.5 3.19043
100 34.5 3.20125
100.5 34.5 3.21003
101 34.5 3.21887
101.5 34.5 3.25788
102 34.5 3.2206
102.5 34.5 3.22254
103 34.5 3.27084
103.5 34.5 3.33388
104 34.5 3.39923
104.5 34.5 3.42974
105 34.5 3.46993
105.5 34.5 3.52621
106 34.5 3.5312
106.5 34.5 3.56432
107 34.5 3.5806
107.5 34.5 3.62559
108 34.5 3.61789
108.5 34.5 3.55735
109 34.5 3.58048
109.5 34.5 3.63465
110 34.5 3.62543
110.5 34.5 3.61895
111 34.5 3.61822
111.5 34.5 3.62239
112 34.5 3.62685
112.5 34.5 3.64088
113 34.5 3.65432
113.5 34.5 3.70264
114 34.5 3.6708
114.5 34.5 3.65184
115 34.5 3.66402
115.5 34.5 3.66261
116 34.5 3.67343
116.5 34.5 3.69109
117 34.5 3.6902
117.5 34.5 3.70019
118 34.5 3.71132
118.5 34.5 3.74107
119 34.5 3.7264
119.5 34.5 3.69796
120 34.5 3.70544
120.5 34.5 3.68932
121 34.5 3.71811
121.5 34.5 3.69234
122 34.5 3.69481
122.5 34.5 3.68509
123 34.5 3.65123
123.5 34.5 3.65486
124 34.5 3.69117
124.5 34.5 3.70659
125 34.5 3.72411
125.5 34.5 3.72821
126 34.5 3.75175
126.5 34.5 3.73783
127 34.5 3.74444
127.5 34.5 3.74772
128 34.5 3.73869
128.5 34.5 3.71577
129 34.5 3.68699
129.5 34.5 3.67053
130 34.5 3.62401
130.5 34.5 3.63794
131 34.5 3.66073
131.5 34.5 3.64365
132 34.5 3.64895
132.5 34.5 3.69225
133 34.5 3.68978
85 35 3.19527
85.5 35 3.19747
86 35 3.19277
86.5 35 3.18742
87 35 3.15702
87.5 35 3.14818
88 35 3.11701
88.5 35 3.09453
89 35 3.07796
89.5 35 3.06176
90 35 3.04591
90.5 35 3.04637
91 35 3.02423
91.5 35 3.00797
92 35 3.01335
92.5 35 3.03389
93 35 3.06259
93.5 35 3.09847
94 35 3.12908
94.5 35 3.16708
95 35 3.1582
95.5 35 3.15479
96 35 3.12283
96.5 35 3.13434
97 35 3.09616
97.5 35 3.11429
98 35 3.13982
98.5 35 3.14505
99 35 3.1783
99.5 35 3.22795
100 35 3.25672
100.5 35 3.27183
101 35 3.26619
101.5 35 3.28128
102 35 3.28495
102.5 35 3.27192
103 35 3.3429
103.5 35 3.36447
104 35 3.37993
104.5 35 3.37966
105 35 3.43088
105.5 35 3.48064
106 35 3.45177
106.5 35 3.5511
107 35 3.56529
107.5 35 3.60985
108 35 3.59741
108.5 35 3.58584
109 35 3.59601
109.5 35 3.62421
110 35 3.62119
110.5 35 3.61021
111 35 3.61248
111.5 35 3.58954
112 35 3.60577
112.5 35 3.6365
113 35 3.65078
113.5 35 3.64856
114 35 3.66733
114.5 35 3.68221
115 35 3.68107
115.5 35 3.69629
116 35 3.68495
116.5 35 3.69036
117 35 3.69822
117.5 35 3.69849
118 35 3.68631
118.5 35 3.68605
119 35 3.71736
119.5 35 3.68648
120 35 3.69457
120.5 35 3.68675
121 35 3.6711
121.5 35 3.68988
122 35 3.6831
122.5 35 3.67783
123 35 3.65156
123.5 35 3.66414
124 35 3.68327
124.5 35 3.69935
125 35 3.69569
125.5 35 3.71752
126 35 3.73201
126.5 35 3.74234
127 35 3.75362
127.5 35 3.6917
128 35 3.72354
128.5 35 3.73166
129 35 3.6992
129.5 35 3.68296
130 35 3.66055
130.5 35 3.67846
131 35 3.67157
131.5 35 3.66988
132 35 3.68607
132.5 35 3.72838
133 35 3.6993
85 35.5 3.21997
85.5 35.5 3.22615
86 35.5 3.2125
86.5 35.5 3.19171
87 35.5 3.15921
87.5 35.5 3.15187
88 35.5 3.15333
88.5 35.5 3.11491
89 35.5 3.09393
89.5 35.5 3.07256
90 35.5 3.07353
90.5 35.5 3.05057
91 35.5 3.04565
91.5 35.5 3.04567
92 35.5 3.06351
92.5 35.5 3.09899
93 35.5 3.13623
93.5 35.5 3.15665
94 35.5 3.16701
94.5 35.5 3.17327
95 35.5 3.16901
95.5 35.5 3.14376
96 35.5 3.12682
96.5 35.5 3.12558
97 35.5 3.17156
97.5 35.5 3.18357
98 35.5 3.18392
98.5 35.5 3.20492
99 35.5 3.21088
99.5 35.5 3.25665
100 35.5 3.29914
100.5 35.5 3.34344
101 35.5 3.3101
101.5 35.5 3.29348
102 35.5 3.30984
102.5 35.5 3.37018
103 35.5 3.40188
103.5 35.5 3.38453
104 35.5 3.4027
104.5 35.5 3.42268
105 35.5 3.46523
105.5 35.5 3.47538
106 35.5 3.50499
106.5 35.5 3.57633
107 35.5 3.58508
107.5 35.5 3.60887
108 35.5 3.58105
108.5 35.5 3.59164
109 35.5 3.61503
109.5 35.5 3.61978
110 35.5 3.60154
110.5 35.5 3.6164
111 35.5 3.6294
111.5 35.5 3.60605
112 35.5 3.60035
112.5 35.5 3.62708
113 35.5 3.66216
113.5 35.5 3.67433
114 35.5 3.69013
114.5 35.5 3.6876
115 35.5 3.6611
115.5 35.5 3.6731
116 35.5 3.69794
116.5 35.5 3.69218
117 35.5 3.69586
117.5 35.5 3.6711
118 35.5 3.66702
118.5 35.5 3.67212
119 35.5 3.683
119.5 35.5 3.66073
120 35.5 3.69475
120.5 35.5 3.6947
121 35.5 3.69012
121.5 35.5 3.67783
122 35.5 3.69348
122.5 35.5 3.66648
123 35.5 3.64666
123.5 35.5 3.64793
124 35.5 3.71528
124.5 35.5 3.71509
125 35.5 3.71518
125.5 35.5 3.71801
126 35.5 3.72694
126.5 35.5 3.73243
127 35.5 3.76018
127.5 35.5 3.79003
128 35.5 3.75701
128.5 35.5 3.73096
129 35.5 3.7079
129.5 35.5 3.70922
130 35.5 3.69355
130.5 35.5 3.67324
131 35.5 3.70757
131.5 35.5 3.72946
132 35.5 3.70568
132.5 35.5 3.69202
133 35.5 3.69044
85 36 3.27222
85.5 36 3.26792
86 36 3.24986
86.5 36 3.21369
87 36 3.20452
87.5 36 3.18914
88 36 3.16237
88.5 36 3.14665
89 36 3.11642
89.5 36 3.09983
90 36 3.103
90.5 36 3.10153
91 36 3.10529
91.5 36 3.10752
92 36 3.12986
92.5 36 3.17142
93 36 3.21424
93.5 36 3.23141
94 36 3.25112
94.5 36 3.2727
95 36 3.24772
95.5 36 3.24649
96 36 3.23173
96.5 36 3.2262
97 36 3.24603
97.5 36 3.26988
98 36 3.3008
98.5 36 3.24857
99 36 3.27599
99.5 36 3.30176
100 36 3.32021
100.5 36 3.35065
101 36 3.32249
101.5 36 3.34517
102 36 3.34926
102.5 36 3.39005
103 36 3.44135
103.5 36 3.41801
104 36 3.47014
104.5 36 3.4593
105 36 3.47305
105.5 36 3.4905
106 36 3.50195
106.5 36 3.54089
107 36 3.57834
107.5 36 3.56846
108 36 3.58156
108.5 36 3.60698
109 36 3.63467
109.5 36 3.6206
110 36 3.63169
110.5 36 3.6298
111 36 3.63061
111.5 36 3.63336
112 36 3.63343
112.5 36 3.62714
113 36 3.65134
113.5 36 3.71594
114 36 3.6743
114.5 36 3.65714
115 36 3.66
115.5 36 3.68101
116 36 3.6778
116.5 36 3.6833
117 36 3.68923
117.5 36 3.68567
118 36 3.64425
118.5 36 3.62546
119 36 3.67526
119.5 36 3.64129
120 36 3.70954
120.5 36 3.70388
121 36 3.73525
121.5 36 3.74086
122 36 3.74366
122.5 36 3.67364
123 36 3.64622
123.5 36 3.66878
124 36 3.69576
124.5 36 3.70956
125 36 3.72196
125.5 36 3.74412
126 36 3.73597
126.5 36 3.7404
127 36 3.74738
127.5 36 3.75101
128 36 3.71687
128.5 36 3.6969
129 36 3.7322
129.5 36 3.74105
130 36 3.69859
130.5 36 3.70955
131 36 3.68926
131.5 36 3.69133
132 36 3.71778
132.5 36 3.70293
133 36 3.72186
85 36.5 3.32276
85.5 36.5 3.31442
86 36.5 3.28828
86.5 36.5 3.27222
87 36.5 3.25528
87.5 36.5 3.23331
88 36.5 3.20798
88.5 36.5 3.16908
89 36.5 3.15764
89.5 36.5 3.15959
90 36.5 3.15485
90.5 36.5 3.14649
91 36.5 3.15656
91.5 36.5 3.20572
92 36.5 3.29117
92.5 36.5 3.32454
93 36.5 3.30615
93.5 36.5 3.27877
94 36.5 3.27812
94.5 36.5 3.2948
95 36.5 3.28519
95.5 36.5 3.29887
96 36.5 3.2941
96.5 36.5 3.30223
97 36.5 3.31126
97.5 36.5 3.30899
98 36.5 3.31964
98.5 36.5 3.35197
99 36.5 3.35265
99.5 36.5 3.37218
100 36.5 3.32593
100.5 36.5 3.35667
101 36.5 3.33643
101.5 36.5 3.34448
102 36.5 3.36195
102.5 36.5 3.4031
103 36.5 3.44167
103.5 36.5 3.42028
104 36.5 3.45291
104.5 36.5 3.45241
105 36.5 3.44587
105.5 36.5 3.49532
106 36.5 3.5004
106.5 36.5 3.53835
107 36.5 3.58921
107.5 36.5 3.59054
108 36.5 3.57196
108.5 36.5 3.62188
109 36.5 3.62559
109.5 36.5 3.64938
110 36.5 3.65018
110.5 36.5 3.65664
111 36.5 3.66488
111.5 36.5 3.65006
112 36.5 3.6481
112.5 36.5 3.62747
113 36.5 3.60952
113.5 36.5 3.6542
114 36.5 3.64259
114.5 36.5 3.62579
115 36.5 3.64191
115.5 36.5 3.66625
116 36.5 3.67159
116.5 36.5 3.66086
117 36.5 3.66563
117.5 36.5 3.66002
118 36.5 3.6386
118.5 36.5 3.64731
119 36.5 3.66447
119.5 36.5 3.65328
120 36.5 3.67637
120.5 36.5 3.68783
121 36.5 3.70775
121.5 36.5 3.72387
122 36.5 3.70985
122.5 36.5 3.701
123 36.5 3.68075
123.5 36.5 3.71288
124 36.5 3.68963
124.5 36.5 3.68985
125 36.5 3.72378
125.5 36.5 3.74029
126 36.5 3.74977
126.5 36.5 3.76737
127 36.5 3.74917
127.5 36.5 3.7402
128 36.5 3.72334
128.5 36.5 3.72861
129 36.5 3.75141
129.5 36.5 3.75272
130 36.5 3.75506
130.5 36.5 3.75054
131 36.5 3.76849
131.5 36.5 3.76808
132 36.5 3.74208
132.5 36.5 3.75226
133 36.5 3.76999
85 37 3.36033
85.5 37 3.33822
86 37 3.31789
86.5 37 3.30513
87 37 3.27748
87.5 37 3.26484
88 37 3.24868
88.5 37 3.23664
89 37 3.20905
89.5 37 3.20099
90 37 3.20144
90.5 37 3.20354
91 37 3.20167
91.5 37 3.25586
92 37 3.27956
92.5 37 3.34736
93 37 3.32014
93.5 37 3.27129
94 37 3.26801
94.5 37 3.24022
95 37 3.255
95.5 37 3.2747
96 37 3.29592
96.5 37 3.29792
97 37 3.28626
97.5 37 3.29775
98 37 3.30276
98.5 37 3.30035
99 37 3.32468
99.5 37 3.40671
100 37 3.35178
100.5 37 3.31783
101 37 3.33223
101.5 37 3.3257
102 37 3.34769
102.5 37 3.38478
103 37 3.4225
103.5 37 3.42328
104 37 3.45364
104.5 37 3.49854
105 37 3.41487
105.5 37 3.46781
106 37 3.51657
106.5 37 3.53586
107 37 3.56361
107.5 37 3.56117
108 37 3.60492
108.5 37 3.62142
109 37 3.60163
109.5 37 3.62831
110 37 3.63512
110.5 37 3.62837
111 37 3.64167
111.5 37 3.64595
112 37 3.63494
112.5 37 3.60308
113 37 3.58257
113.5 37 3.6066
114 37 3.62638
114.5 37 3.63425
115 37 3.61279
115.5 37 3.6422
116 37 3.66612
116.5 37 3.65225
117 37 3.64103
117.5 37 3.64468
118 37 3.63355
118.5 37 3.66108
119 37 3.68095
119.5 37 3.70603
120 37 3.66678
120.5 37 3.67847
121 37 3.69581
121.5 37 3.72249
122 37 3.73319
122.5 37 3.72075
123 37 3.68974
123.5 37 3.69849
124 37 3.70535
124.5 37 3.72223
125 37 3.73376
125.5 37 3.7335
126 37 3.73964
126.5 37 3.74892
127 37 3.7497
127.5 37 3.72775
128 37 3.71765
128.5 37 3.72015
129 37 3.73737
129.5 37 3.75386
130 37 3.77133
130.5 37 3.7902
131 37 3.79385
131.5 37 3.772
132 37 3.77538
132.5 37 3.79142
133 37 3.81257
85 37.5 3.38078
85.5 37.5 3.37213
86 37.5 3.36077
86.5 37.5 3.345
87 37.5 3.33311
87.5 37.5 3.31159
88 37.5 3.29355
88.5 37.5 3.29238
89 37.5 3.27688
89.5 37.5 3.26516
90 37.5 3.25206
90.5 37.5 3.25936
91 37.5 3.26514
91.5 37.5 3.28114
92 37.5 3.27202
92.5 37.5 3.27821
93 37.5 3.24465
93.5 37.5 3.20591
94 37.5 3.19038
94.5 37.5 3.26391
95 37.5 3.25757
95.5 37.5 3.2909
96 37.5 3.26541
96.5 37.5 3.26383
97 37.5 3.24485
97.5 37.5 3.24124
98 37.5 3.261
98.5 37.5 3.22382
99 37.5 3.2281
99.5 37.5 3.27101
100 37.5 3.29455
100.5 37.5 3.3091
101 37.5 3.2652
101.5 37.5 3.35095
102 37.5 3.35076
102.5 37.5 3.39994
103 37.5 3.43527
103.5 37.5 3.4824
104 37.5 3.50183
104.5 37.5 3.50745
105 37.5 3.4841
105.5 37.5 3.49007
106 37.5 3.55563
106.5 37.5 3.53784
107 37.5 3.56993
107.5 37.5 3.58547
108 37.5 3.58494
108.5 37.5 3.60697
109 37.5 3.62318
109.5 37.5 3.63669
110 37.5 3.63124
110.5 37.5 3.62202
111 37.5 3.60621
111.5 37.5 3.60829
112 37.5 3.60924
112.5 37.5 3.58866
113 37.5 3.57823
113.5 37.5 3.57736
114 37.5 3.64863
114.5 37.5 3.62894
115 37.5 3.62883
115.5 37.5 3.62855
116 37.5 3.64853
116.5 37.5 3.6338
117 37.5 3.63913
117.5 37.5 3.64585
118 37.5 3.65318
118.5 37.5 3.63544
119 37.5 3.67042
119.5 37.5 3.6621
120 37.5 3.65288
120.5 37.5 3.66902
121 37.5 3.69463
121.5 37.5 3.69727
122 37.5 3.69601
122.5 37.5 3.7022
123 37.5 3.72362
123.5 37.5 3.72878
124 37.5 3.70776
124.5 37.5 3.70667
125 37.5 3.71651
125.5 37.5 3.71991
126 37.5 3.73814
126.5 37.5 3.72459
127 37.5 3.70672
127.5 37.5 3.7065
128 37.5 3.70227
128.5 37.5 3.71751
129 37.5 3.71604
129.5 37.5 3.76087
130 37.5 3.8143
130.5 37.5 3.81895
131 37.5 3.80576
131.5 37.5 3.79492
132 37.5 3.80626
132.5 37.5 3.80529
133 37.5 3.79825
85 38 3.40162
85.5 38 3.40207
86 38 3.40359
86.5 38 3.39255
87 38 3.38972
87.5 38 3.36391
88 38 3.36203
88.5 38 3.35081
89 38 3.34466
89.5 38 3.32962
90 38 3.30318
90.5 38 3.32157
91 38 3.32007
91.5 38 3.32839
92 38 3.27896
92.5 38 3.24911
93 38 3.21941
93.5 38 3.21509
94 38 3.19995
94.5 38 3.21553
95 38 3.26059
95.5 38 3.26441
96 38 3.24659
96.5 38 3.2192
97 38 3.20143
97.5 38 3.18074
98 38 3.19699
98.5 38 3.19797
99 38 3.21788
99.5 38 3.23821
100 38 3.26212
100.5 38 3.254
101 38 3.30144
101.5 38 3.37805
102 38 3.42697
102.5 38 3.44811
103 38 3.4851
103.5 38 3.53139
104 38 3.52248
104.5 38 3.50371
105 38 3.44212
105.5 38 3.53605
106 38 3.55356
106.5 38 3.55118
107 38 3.57959
107.5 38 3.61025
108 38 3.60509
108.5 38 3.64958
109 38 3.63941
109.5 38 3.6265
110 38 3.63342
110.5 38 3.6372
111 38 3.62431
111.5 38 3.60045
112 38 3.58881
112.5 38 3.58878
113 38 3.61186
113.5 38 3.56386
114 38 3.6514
114.5 38 3.67655
115 38 3.64016
115.5 38 3.65654
116 38 3.65452
116.5 38 3.62135
117 38 3.63275
117.5 38 3.63399
118 38 3.61869
118.5 38 3.63429
119 38 3.64564
119.5 38 3.65171
120 38 3.59555
120.5 38 3.62243
121 38 3.6738
121.5 38 3.69488
122 38 3.68857
122.5 38 3.6826
123 38 3.68029
123.5 38 3.72221
124 38 3.70841
124.5 38 3.71127
125 38 3.71955
125.5 38 3.70264
126 38 3.71009
126.5 38 3.69648
127 38 3.652
127.5 38 3.68934
128 38 3.69519
128.5 38 3.72109
129 38 3.7194
129.5 38 3.78455
130 38 3.82481
130.5 38 3.81453
131 38 3.83195
131.5 38 3.84569
132 38 3.81307
132.5 38 3.78647
133 38 3.79337
85 38.5 3.41808
85.5 38.5 3.4328
86 38.5 3.42236
86.5 38.5 3.43689
87 38.5 3.39323
87.5 38.5 3.38087
88 38.5 3.3853
88.5 38.5 3.37631
89 38.5 3.3893
89.5 38.5 3.38209
90 38.5 3.38844
90.5 38.5 3.39086
91 38.5 3.38312
91.5 38.5 3.34257
92 38.5 3.29349
92.5 38.5 3.24806
93 38.5 3.24555
93.5 38.5 3.27199
94 38.5 3.33107
94.5 38.5 3.32125
95 38.5 3.2671
95.5 38.5 3.21309
96 38.5 3.20538
96.5 38.5 3.18294
97 38.5 3.20662
97.5 38.5 3.18864
98 38.5 3.20545
98.5 38.5 3.21441
99 38.5 3.23438
99.5 38.5 3.27351
100 38.5 3.34503
100.5 38.5 3.40443
101 38.5 3.40843
101.5 38.5 3.46031
102 38.5 3.47209
102.5 38.5 3.54881
103 38.5 3.53689
103.5 38.5 3.53965
104 38.5 3.51558
104.5 38.5 3.49808
105 38.5 3.43605
105.5 38.5 3.49345
106 38.5 3.53541
106.5 38.5 3.55863
107 38.5 3.57441
107.5 38.5 3.6017
108 38.5 3.60095
108.5 38.5 3.6269
109 38.5 3.63424
109.5 38.5 3.62506
110 38.5 3.62891
110.5 38.5 3.62999
111 38.5 3.61802
111.5 38.5 3.59259
112 38.5 3.55905
112.5 38.5 3.53865
113 38.5 3.53448
113.5 38.5 3.57943
114 38.5 3.62044
114.5 38.5 3.67079
115 38.5 3.668
115.5 38.5 3.67595
116 38.5 3.66809
116.5 38.5 3.63487
117 38.5 3.62212
117.5 38.5 3.61798
118 38.5 3.58871
118.5 38.5 3.60309
119 38.5 3.66362
119.5 38.5 3.65827
120 38.5 3.61707
120.5 38.5 3.64976
121 38.5 3.662
121.5 38.5 3.68396
122 38.5 3.69014
122.5 38.5 3.69922
123 38.5 3.70636
123.5 38.5 3.70246
124 38.5 3.70185
124.5 38.5 3.69111
125 38.5 3.68948
125.5 38.5 3.72515
126 38.5 3.72269
126.5 38.5 3.69986
127 38.5 3.68221
127.5 38.5 3.6885
128 38.5 3.70258
128.5 38.5 3.72439
129 38.5 3.74817
129.5 38.5 3.7902
130 38.5 3.83359
130.5 38.5 3.78452
131 38.5 3.82181
131.5 38.5 3.82709
132 38.5 3.80065
132.5 38.5 3.79125
133 38.5 3.79365
85 39 3.40002
85.5 39 3.39639
86 39 3.38834
86.5 39 3.40719
87 39 3.39528
87.5 39 3.41034
88 39 3.39376
88.5 39 3.40957
89 39 3.4384
89.5 39 3.44839
90 39 3.44064
90.5 39 3.43859
91 39 3.4215
91.5 39 3.41585
92 39 3.40248
92.5 39 3.41612
93 39 3.40806
93.5 39 3.42915
94 39 3.44481
94.5 39 3.38863
95 39 3.31432
95.5 39 3.24361
96 39 3.2209
96.5 39 3.24358
97 39 3.22233
97.5 39 3.25226
98 39 3.26893
98.5 39 3.29272
99 39 3.32964
99.5 39 3.35301
100 39 3.39441
100.5 39 3.4744
101 39 3.49086
101.5 39 3.48838
102 39 3.5109
102.5 39 3.51696
103 39 3.54444
103.5 39 3.53074
104 39 3.48969
104.5 39 3.47593
105 39 3.44915
105.5 39 3.47853
106 39 3.48798
106.5 39 3.55579
107 39 3.58598
107.5 39 3.60458
108 39 3.58583
108.5 39 3.57439
109 39 3.61739
109.5 39 3.57296
110 39 3.59977
110.5 39 3.64991
111 39 3.62448
111.5 39 3.59749
112 39 3.54966
112.5 39 3.52783
113 39 3.509
113.5 39 3.53574
114 39 3.55296
114.5 39 3.61032
115 39 3.62599
115.5 39 3.6246
116 39 3.63273
116.5 39 3.62806
117 39 3.62417
117.5 39 3.62543
118 39 3.59311
118.5 39 3.62069
119 39 3.63933
119.5 39 3.65919
120 39 3.6639
120.5 39 3.65686
121 39 3.65365
121.5 39 3.66415
122 39 3.66868
122.5 39 3.66776
123 39 3.70938
123.5 39 3.72383
124 39 3.70395
124.5 39 3.6718
125 39 3.69147
125.5 39 3.71793
126 39 3.7144
126.5 39 3.68902
127 39 3.70336
127.5 39 3.6983
128 39 3.72576
128.5 39 3.74829
129 39 3.79113
129.5 39 3.82142
130 39 3.84175
130.5 39 3.81602
131 39 3.79394
131.5 39 3.80926
132 39 3.79773
132.5 39 3.78789
133 39 3.82189
85 39.5 3.45376
85.5 39.5 3.4531
86 39.5 3.46224
86.5 39.5 3.48272
87 39.5 3.46659
87.5 39.5 3.46319
88 39.5 3.43717
88.5 39.5 3.42779
89 39.5 3.43112
89.5 39.5 3.47449
90 39.5 3.4843
90.5 39.5 3.48628
91 39.5 3.46119
91.5 39.5 3.49129
92 39.5 3.52238
92.5 39.5 3.54166
93 39.5 3.5352
93.5 39.5 3.49109
94 39.5 3.47193
94.5 39.5 3.43707
95 39.5 3.38817
95.5 39.5 3.34016
96 39.5 3.3305
96.5 39.5 3.38459
97 39.5 3.40194
97.5 39.5 3.34811
98 39.5 3.36211
98.5 39.5 3.39005
99 39.5 3.44111
99.5 39.5 3.4902
100 39.5 3.43307
100.5 39.5 3.4742
101 39.5 3.54649
101.5 39.5 3.55031
102 39.5 3.59089
102.5 39.5 3.59135
103 39.5 3.5895
103.5 39.5 3.5308
104 39.5 3.50653
104.5 39.5 3.46278
105 39.5 3.45599
105.5 39.5 3.46422
106 39.5 3.48019
106.5 39.5 3.52707
107 39.5 3.5567
107.5 39.5 3.58101
108 39.5 3.57657
108.5 39.5 3.54362
109 39.5 3.58259
109.5 39.5 3.5783
110 39.5 3.5786
110.5 39.5 3.60348
111 39.5 3.60034
111.5 39.5 3.58767
112 39.5 3.57362
112.5 39.5 3.51172
113 39.5 3.49404
113.5 39.5 3.49549
114 39.5 3.52155
114.5 39.5 3.54922
115 39.5 3.58553
115.5 39.5 3.60782
116 39.5 3.61206
116.5 39.5 3.61982
117 39.5 3.62654
117.5 39.5 3.61018
118 39.5 3.60373
118.5 39.5 3.62022
119 39.5 3.65755
119.5 39.5 3.6832
120 39.5 3.69458
120.5 39.5 3.68737
121 39.5 3.68754
121.5 39.5 3.69234
122 39.5 3.66626
122.5 39.5 3.6603
123 39.5 3.6928
123.5 39.5 3.71084
124 39.5 3.70156
124.5 39.5 3.71393
125 39.5 3.69679
125.5 39.5 3.66733
126 39.5 3.69686
126.5 39.5 3.70472
127 39.5 3.69784
127.5 39.5 3.69661
128 39.5 3.75028
128.5 39.5 3.79151
129 39.5 3.78926
129.5 39.5 3.80738
130 39.5 3.82206
130.5 39.5 3.81064
131 39.5 3.78512
131.5 39.5 3.81453
132 39.5 3.80914
132.5 39.5 3.80239
133 39.5 3.81843
85 40 3.37807
85.5 40 3.37543
86 40 3.40824
86.5 40 3.42237
87 40 3.43261
87.5 40 3.45516
88 40 3.44707
88.5 40 3.46043
89 40 3.4529
89.5 40 3.46873
90 40 3.49992
90.5 40 3.51832
91 40 3.53596
91.5 40 3.55315
92 40 3.57319
92.5 40 3.60601
93 40 3.61516
93.5 40 3.59954
94 40 3.57993
94.5 40 3.56896
95 40 3.52348
95.5 40 3.45775
96 40 3.44802
96.5 40 3.52395
97 40 3.54619
97.5 40 3.50712
98 40 3.45464
98.5 40 3.44833
99 40 3.52715
99.5 40 3.56701
100 40 3.52064
100.5 40 3.51686
101 40 3.54824
101.5 40 3.57341
102 40 3.60228
102.5 40 3.60487
103 40 3.57331
103.5 40 3.56146
104 40 3.553
104.5 40 3.53331
105 40 3.48458
105.5 40 3.45771
106 40 3.45524
106.5 40 3.50654
107 40 3.46621
107.5 40 3.53569
108 40 3.53637
108.5 40 3.52296
109 40 3.55089
109.5 40 3.53775
110 40 3.53473
110.5 40 3.54636
111 40 3.52368
111.5 40 3.51623
112 40 3.52601
112.5 40 3.49755
113 40 3.47673
113.5 40 3.47288
114 40 3.51614
114.5 40 3.51884
115 40 3.53853
115.5 40 3.57039
116 40 3.59458
116.5 40 3.59308
117 40 3.61914
117.5 40 3.64606
118 40 3.63342
118.5 40 3.65057
119 40 3.67318
119.5 40 3.69677
120 40 3.69703
120.5 40 3.6685
121 40 3.67112
121.5 40 3.69645
122 40 3.70179
122.5 40 3.67361
123 40 3.68178
123.5 40 3.66482
124 40 3.67955
124.5 40 3.67958
125 40 3.69668
125.5 40 3.68402
126 40 3.65789
126.5 40 3.67584
127 40 3.69861
127.5 40 3.69707
128 40 3.75259
128.5 40 3.77984
129 40 3.76867
129.5 40 3.78852
130 40 3.78093
130.5 40 3.78398
131 40 3.78249
131.5 40 3.81843
132 40 3.82366
132.5 40 3.83019
133 40 3.81705
85 40.5 3.38055
85.5 40.5 3.38107
86 40.5 3.40454
86.5 40.5 3.44233
87 40.5 3.45592
87.5 40.5 3.46639
88 40.5 3.4606
88.5 40.5 3.47851
89 40.5 3.48931
89.5 40.5 3.51591
90 40.5 3.5228
90.5 40.5 3.53412
91 40.5 3.56591
91.5 40.5 3.60041
92 40.5 3.62504
92.5 40.5 3.61971
93 40.5 3.6328
93.5 40.5 3.64033
94 40.5 3.62858
94.5 40.5 3.63222
95 40.5 3.58022
95.5 40.5 3.52646
96 40.5 3.50578
96.5 40.5 3.55503
97 40.5 3.55955
97.5 40.5 3.54683
98 40.5 3.54332
98.5 40.5 3.50844
99 40.5 3.53284
99.5 40.5 3.54154
100 40.5 3.53628
100.5 40.5 3.56989
101 40.5 3.57742
101.5 40.5 3.57737
102 40.5 3.58733
102.5 40.5 3.59263
103 40.5 3.57277
103.5 40.5 3.57381
104 40.5 3.55363
104.5 40.5 3.54615
105 40.5 3.5325
105.5 40.5 3.49836
106 40.5 3.44916
106.5 40.5 3.48209
107 40.5 3.41563
107.5 40.5 3.44658
108 40.5 3.44845
108.5 40.5 3.46865
109 40.5 3.5035
109.5 40.5 3.52188
110 40.5 3.49841
110.5 40.5 3.51077
111 40.5 3.50641
111.5 40.5 3.49603
112 40.5 3.46722
112.5 40.5 3.44181
113 40.5 3.47549
113.5 40.5 3.46421
114 40.5 3.49432
114.5 40.5 3.52321
115 40.5 3.51313
115.5 40.5 3.54287
116 40.5 3.57812
116.5 40.5 3.6141
117 40.5 3.66443
117.5 40.5 3.70584
118 40.5 3.66232
118.5 40.5 3.67882
119 40.5 3.6616
119.5 40.5 3.68439
120 40.5 3.66298
120.5 40.5 3.65821
121 40.5 3.66146
121.5 40.5 3.70124
122 40.5 3.69615
122.5 40.5 3.69694
123 40.5 3.7147
123.5 40.5 3.74946
124 40.5 3.71617
124.5 40.5 3.69201
125 40.5 3.70595
125.5 40.5 3.71107
126 40.5 3.69103
126.5 40.5 3.6757
127 40.5 3.65947
127.5 40.5 3.68713
128 40.5 3.70603
128.5 40.5 3.72364
129 40.5 3.75207
129.5 40.5 3.77304
130 40.5 3.75757
130.5 40.5 3.75128
131 40.5 3.78093
131.5 40.5 3.82133
132 40.5 3.84574
132.5 40.5 3.83222
133 40.5 3.8345
85 41 3.40118
85.5 41 3.42381
86 41 3.45148
86.5 41 3.48821
87 41 3.5002
87.5 41 3.5187
88 41 3.52008
88.5 41 3.50847
89 41 3.52369
89.5 41 3.53138
90 41 3.56633
90.5 41 3.57002
91 41 3.58096
91.5 41 3.59114
92 41 3.61488
92.5 41 3.637
93 41 3.62514
93.5 41 3.64397
94 41 3.6494
94.5 41 3.63331
95 41 3.61464
95.5 41 3.58379
96 41 3.54539
96.5 41 3.56985
97 41 3.57209
97.5 41 3.56441
98 41 3.55697
98.5 41 3.53219
99 41 3.5435
99.5 41 3.54372
100 41 3.54456
100.5 41 3.57561
101 41 3.56655
101.5 41 3.56991
102 41 3.56131
102.5 41 3.57782
103 41 3.56647
103.5 41 3.56083
104 41 3.54492
104.5 41 3.55566
105 41 3.53824
105.5 41 3.53366
106 41 3.53084
106.5 41 3.48019
107 41 3.42542
107.5 41 3.447
108 41 3.42062
108.5 41 3.45937
109 41 3.46994
109.5 41 3.49897
110 41 3.50382
110.5 41 3.51638
111 41 3.50487
111.5 41 3.496
112 41 3.47909
112.5 41 3.48474
113 41 3.45387
113.5 41 3.4877
114 41 3.5051
114.5 41 3.52028
115 41 3.49274
115.5 41 3.55104
116 41 3.58044
116.5 41 3.5944
117 41 3.66529
117.5 41 3.69008
118 41 3.64718
118.5 41 3.63449
119 41 3.65498
119.5 41 3.64579
120 41 3.68752
120.5 41 3.71731
121 41 3.70195
121.5 41 3.70619
122 41 3.72079
122.5 41 3.72717
123 41 3.72152
123.5 41 3.71629
124 41 3.68181
124.5 41 3.67897
125 41 3.68891
125.5 41 3.70526
126 41 3.68703
126.5 41 3.67747
127 41 3.66038
127.5 41 3.61469
128 41 3.60307
128.5 41 3.64367
129 41 3.71102
129.5 41 3.76352
130 41 3.78364
130.5 41 3.74963
131 41 3.76641
131.5 41 3.79861
132 41 3.83177
132.5 41 3.8268
133 41 3.81201
85 41.5 3.39833
85.5 41.5 3.44051
86 41.5 3.49651
86.5 41.5 3.51491
87 41.5 3.5225
87.5 41.5 3.51184
88 41.5 3.50163
88.5 41.5 3.5257
89 41.5 3.54855
89.5 41.5 3.54601
90 41.5 3.55284
90.5 41.5 3.57786
91 41.5 3.59248
91.5 41.5 3.60342
92 41.5 3.60519
92.5 41.5 3.63464
93 41.5 3.64795
93.5 41.5 3.66308
94 41.5 3.65536
94.5 41.5 3.64482
95 41.5 3.61524
95.5 41.5 3.59839
96 41.5 3.60075
96.5 41.5 3.59715
97 41.5 3.58645
97.5 41.5 3.57737
98 41.5 3.58251
98.5 41.5 3.55604
99 41.5 3.55546
99.5 41.5 3.5608
100 41.5 3.56252
100.5 41.5 3.55039
101 41.5 3.54807
101.5 41.5 3.54872
102 41.5 3.55711
102.5 41.5 3.55986
103 41.5 3.56794
103.5 41.5 3.56516
104 41.5 3.5686
104.5 41.5 3.56326
105 41.5 3.56074
105.5 41.5 3.55498
106 41.5 3.5473
106.5 41.5 3.53234
107 41.5 3.51983
107.5 41.5 3.50784
108 41.5 3.47624
108.5 41.5 3.51142
109 41.5 3.55015
109.5 41.5 3.5501
110 41.5 3.54085
110.5 41.5 3.55675
111 41.5 3.55551
111.5 41.5 3.52458
112 41.5 3.52092
112.5 41.5 3.51966
113 41.5 3.48427
113.5 41.5 3.5166
114 41.5 3.54714
114.5 41.5 3.53508
115 41.5 3.53371
115.5 41.5 3.58076
116 41.5 3.62467
116.5 41.5 3.60379
117 41.5 3.60563
117.5 41.5 3.65524
118 41.5 3.61474
118.5 41.5 3.62421
119 41.5 3.64705
119.5 41.5 3.63067
120 41.5 3.65867
120.5 41.5 3.69027
121 41.5 3.68914
121.5 41.5 3.69768
122 41.5 3.71048
122.5 41.5 3.70508
123 41.5 3.69951
123.5 41.5 3.69541
124 41.5 3.69103
124.5 41.5 3.66582
125 41.5 3.66831
125.5 41.5 3.67331
126 41.5 3.65266
126.5 41.5 3.63156
127 41.5 3.64818
127.5 41.5 3.62113
128 41.5 3.56803
128.5 41.5 3.56037
129 41.5 3.65591
129.5 41.5 3.75148
130 41.5 3.76669
130.5 41.5 3.8179
131 41.5 3.81055
131.5 41.5 3.80599
132 41.5 3.83168
132.5 41.5 3.80978
133 41.5 3.8033
85 42 3.424
85.5 42 3.43344
86 42 3.47074
86.5 42 3.49878
87 42 3.51222
87.5 42 3.51138
88 42 3.524
88.5 42 3.52717
89 42 3.53498
89.5 42 3.53271
90 42 3.52841
90.5 42 3.56248
91 42 3.5869
91.5 42 3.59336
92 42 3.60586
92.5 42 3.59895
93 42 3.58571
93.5 42 3.60325
94 42 3.61729
94.5 42 3.59813
95 42 3.61162
95.5 42 3.61786
96 42 3.61076
96.5 42 3.60569
97 42 3.60667
97.5 42 3.59543
98 42 3.57173
98.5 42 3.56401
99 42 3.5627
99.5 42 3.56376
100 42 3.5553
100.5 42 3.55286
101 42 3.5515
101.5 42 3.54256
102 42 3.54662
102.5 42 3.55856
103 42 3.57598
103.5 42 3.57302
104 42 3.57072
104.5 42 3.56754
105 42 3.55738
105.5 42 3.5438
106 42 3.53681
106.5 42 3.52373
107 42 3.52457
107.5 42 3.51777
108 42 3.54763
108.5 42 3.58311
109 42 3.61593
109.5 42 3.59446
110 42 3.58975
110.5 42 3.59192
111 42 3.56954
111.5 42 3.53575
112 42 3.57975
112.5 42 3.52429
113 42 3.5226
113.5 42 3.58959
114 42 3.57147
114.5 42 3.53261
115 42 3.53738
115.5 42 3.56254
116 42 3.56806
116.5 42 3.57976
117 42 3.58735
117.5 42 3.61756
118 42 3.61245
118.5 42 3.62844
119 42 3.61424
119.5 42 3.64529
120 42 3.65191
120.5 42 3.66319
121 42 3.68012
121.5 42 3.6957
122 42 3.70509
122.5 42 3.71615
123 42 3.70234
123.5 42 3.71225
124 42 3.69428
124.5 42 3.70377
125 42 3.68508
125.5 42 3.67201
126 42 3.67881
126.5 42 3.66498
127 42 3.64491
127.5 42 3.61749
128 42 3.61095
128.5 42 3.61816
129 42 3.61999
129.5 42 3.67161
130 42 3.75173
130.5 42 3.83998
131 42 3.8225
131.5 42 3.8073
132 42 3.8112
132.5 42 3.80962
133 42 3.7748
85 42.5 3.45012
85.5 42.5 3.46008
86 42.5 3.45654
86.5 42.5 3.46605
87 42.5 3.47547
87.5 42.5 3.48548
88 42.5 3.48686
88.5 42.5 3.50614
89 42.5 3.50526
89.5 42.5 3.4995
90 42.5 3.5174
90.5 42.5 3.52554
91 42.5 3.51157
91.5 42.5 3.50883
92 42.5 3.51457
92.5 42.5 3.53222
93 42.5 3.55106
93.5 42.5 3.58139
94 42.5 3.60263
94.5 42.5 3.62883
95 42.5 3.64298
95.5 42.5 3.65018
96 42.5 3.65367
96.5 42.5 3.63087
97 42.5 3.60841
97.5 42.5 3.58539
98 42.5 3.57841
98.5 42.5 3.57673
99 42.5 3.57981
99.5 42.5 3.5652
100 42.5 3.5586
100.5 42.5 3.56134
101 42.5 3.56948
101.5 42.5 3.56559
102 42.5 3.57195
102.5 42.5 3.56553
103 42.5 3.56099
103.5 42.5 3.56054
104 42.5 3.54263
104.5 42.5 3.54624
105 42.5 3.53517
105.5 42.5 3.53553
106 42.5 3.52447
106.5 42.5 3.52625
107 42.5 3.51309
107.5 42.5 3.53847
108 42.5 3.55837
108.5 42.5 3.58075
109 42.5 3.59913
109.5 42.5 3.60359
110 42.5 3.61381
110.5 42.5 3.59433
111 42.5 3.56255
111.5 42.5 3.544
112 42.5 3.55882
112.5 42.5 3.54289
113 42.5 3.54983
113.5 42.5 3.57117
114 42.5 3.55371
114.5 42.5 3.53405
115 42.5 3.53815
115.5 42.5 3.57403
116 42.5 3.55786
116.5 42.5 3.56053
117 42.5 3.55599
117.5 42.5 3.57512
118 42.5 3.59734
118.5 42.5 3.62901
119 42.5 3.65041
119.5 42.5 3.67258
120 42.5 3.68747
120.5 42.5 3.66355
121 42.5 3.69808
121.5 42.5 3.73812
122 42.5 3.72493
122.5 42.5 3.72535
123 42.5 3.72282
123.5 42.5 3.71403
124 42.5 3.70175
124.5 42.5 3.70931
125 42.5 3.71071
125.5 42.5 3.70946
126 42.5 3.71387
126.5 42.5 3.68353
127 42.5 3.67023
127.5 42.5 3.64818
128 42.5 3.62002
128.5 42.5 3.64604
129 42.5 3.6832
129.5 42.5 3.67433
130 42.5 3.71304
130.5 42.5 3.75104
131 42.5 3.78854
131.5 42.5 3.83506
132 42.5 3.82141
132.5 42.5 3.78283
133 42.5 3.76666
85 43 3.43357
85.5 43 3.46631
86 43 3.47831
86.5 43 3.47442
87 43 3.47168
87.5 43 3.48113
88 43 3.46875
88.5 43 3.4795
89 43 3.50481
89.5 43 3.49616
90 43 3.47518
90.5 43 3.49823
91 43 3.48759
91.5 43 3.48063
92 43 3.48867
92.5 43 3.51279
93 43 3.55017
93.5 43 3.58153
94 43 3.60057
94.5 43 3.61609
95 43 3.63875
95.5 43 3.63274
96 43 3.61437
96.5 43 3.61873
97 43 3.61515
97.5 43 3.61531
98 43 3.60808
98.5 43 3.59091
99 43 3.58047
99.5 43 3.58484
100 43 3.57668
100.5 43 3.57882
101 43 3.57969
101.5 43 3.58308
102 43 3.56917
102.5 43 3.56739
103 43 3.55187
103.5 43 3.55679
104 43 3.53897
104.5 43 3.54305
105 43 3.53345
105.5 43 3.51939
106 43 3.50811
106.5 43 3.51103
107 43 3.52389
107.5 43 3.54497
108 43 3.55767
108.5 43 3.58219
109 43 3.59275
109.5 43 3.60161
110 43 3.60289
110.5 43 3.6145
111 43 3.58253
111.5 43 3.53684
112 43 3.51144
112.5 43 3.53212
113 43 3.59147
113.5 43 3.56879
114 43 3.57333
114.5 43 3.56181
115 43 3.59049
115.5 43 3.59323
116 43 3.57515
116.5 43 3.56754
117 43 3.56227
117.5 43 3.5701
118 43 3.60072
118.5 43 3.63033
119 43 3.69974
119.5 43 3.71652
120 43 3.70124
120.5 43 3.67487
121 43 3.68118
121.5 43 3.6905
122 43 3.68753
122.5 43 3.7096
123 43 3.72712
123.5 43 3.7309
124 43 3.74022
124.5 43 3.72456
125 43 3.71797
125.5 43 3.74044
126 43 3.74812
126.5 43 3.71433
127 43 3.71435
127.5 43 3.69577
128 43 3.67704
128.5 43 3.69161
129 43 3.72887
129.5 43 3.67945
130 43 3.69386
130.5 43 3.68585
131 43 3.7106
131.5 43 3.73218
132 43 3.75497
132.5 43 3.7446
133 43 3.77513
85 43.5 3.3957
85.5 43.5 3.40438
86 43.5 3.38198
86.5 43.5 3.39253
87 43.5 3.40708
87.5 43.5 3.43013
88 43.5 3.43745
88.5 43.5 3.46074
89 43.5 3.49564
89.5 43.5 3.50878
90 43.5 3.48089
90.5 43.5 3.47212
91 43.5 3.45104
91.5 43.5 3.45886
92 43.5 3.50045
92.5 43.5 3.51442
93 43.5 3.54087
93.5 43.5 3.56999
94 43.5 3.59793
94.5 43.5 3.60952
95 43.5 3.6044
95.5 43.5 3.62921
96 43.5 3.61783
96.5 43.5 3.60931
97 43.5 3.61893
97.5 43.5 3.6186
98 43.5 3.59716
98.5 43.5 3.60982
99 43.5 3.59794
99.5 43.5 3.60076
100 43.5 3.59508
100.5 43.5 3.58822
101 43.5 3.56484
101.5 43.5 3.55761
102 43.5 3.54064
102.5 43.5 3.54624
103 43.5 3.5383
103.5 43.5 3.5289
104 43.5 3.51329
104.5 43.5 3.51229
105 43.5 3.50819
105.5 43.5 3.50413
106 43.5 3.50939
106.5 43.5 3.52216
107 43.5 3.53006
107.5 43.5 3.54667
108 43.5 3.55331
108.5 43.5 3.55825
109 43.5 3.58189
109.5 43.5 3.61193
110 43.5 3.59533
110.5 43.5 3.59671
111 43.5 3.60717
111.5 43.5 3.56835
112 43.5 3.56114
112.5 43.5 3.58995
113 43.5 3.59151
113.5 43.5 3.57505
114 43.5 3.58663
114.5 43.5 3.57196
115 43.5 3.58601
115.5 43.5 3.56016
116 43.5 3.56941
116.5 43.5 3.57781
117 43.5 3.58763
117.5 43.5 3.60659
118 43.5 3.61762
118.5 43.5 3.64719
119 43.5 3.70492
119.5 43.5 3.71492
120 43.5 3.71518
120.5 43.5 3.69347
121 43.5 3.68557
121.5 43.5 3.68565
122 43.5 3.68732
122.5 43.5 3.70141
123 43.5 3.73472
123.5 43.5 3.73525
124 43.5 3.73349
124.5 43.5 3.71655
125 43.5 3.71104
125.5 43.5 3.73548
126 43.5 3.73422
126.5 43.5 3.72634
127 43.5 3.73504
127.5 43.5 3.73282
128 43.5 3.71178
128.5 43.5 3.70174
129 43.5 3.7003
129.5 43.5 3.67444
130 43.5 3.70049
130.5 43.5 3.69005
131 43.5 3.69217
131.5 43.5 3.69482
132 43.5 3.69759
132.5 43.5 3.70727
133 43.5 3.72391
85 44 3.37164
85.5 44 3.37105
86 44 3.30456
86.5 44 3.27444
87 44 3.28717
87.5 44 3.34594
88 44 3.37772
88.5 44 3.42034
89 44 3.46209
89.5 44 3.49944
90 44 3.51203
90.5 44 3.4688
91 44 3.43688
91.5 44 3.43455
92 44 3.4741
92.5 44 3.49957
93 44 3.52506
93.5 44 3.55126
94 44 3.57004
94.5 44 3.59022
95 44 3.59628
95.5 44 3.60377
96 44 3.60891
96.5 44 3.60871
97 44 3.60397
97.5 44 3.59195
98 44 3.58749
98.5 44 3.57591
99 44 3.56381
99.5 44 3.56127
100 44 3.55765
100.5 44 3.55141
101 44 3.53904
101.5 44 3.54332
102 44 3.54186
102.5 44 3.53688
103 44 3.53086
103.5 44 3.51821
104 44 3.52027
104.5 44 3.50038
105 44 3.50345
105.5 44 3.51212
106 44 3.50468
106.5 44 3.50514
107 44 3.53114
107.5 44 3.53617
108 44 3.54863
108.5 44 3.56629
109 44 3.5854
109.5 44 3.5969
110 44 3.61602
110.5 44 3.6069
111 44 3.60704
111.5 44 3.5887
112 44 3.57806
112.5 44 3.62596
113 44 3.62358
113.5 44 3.60168
114 44 3.59714
114.5 44 3.58983
115 44 3.56471
115.5 44 3.56138
116 44 3.56541
116.5 44 3.57709
117 44 3.59527
117.5 44 3.61419
118 44 3.63491
118.5 44 3.65654
119 44 3.67046
119.5 44 3.73078
120 44 3.71372
120.5 44 3.73176
121 44 3.69796
121.5 44 3.70293
122 44 3.70771
122.5 44 3.71909
123 44 3.72293
123.5 44 3.71489
124 44 3.70995
124.5 44 3.71119
125 44 3.71915
125.5 44 3.71187
126 44 3.70767
126.5 44 3.71865
127 44 3.71029
127.5 44 3.68238
128 44 3.6799
128.5 44 3.6857
129 44 3.68641
129.5 44 3.65815
130 44 3.68262
130.5 44 3.64462
131 44 3.64238
131.5 44 3.65076
132 44 3.64498
132.5 44 3.65371
133 44 3.68195
85 44.5 3.37315
85.5 44.5 3.36781
86 44.5 3.30081
86.5 44.5 3.27275
87 44.5 3.32424
87.5 44.5 3.37381
88 44.5 3.42364
88.5 44.5 3.44586
89 44.5 3.48161
89.5 44.5 3.48074
90 44.5 3.46954
90.5 44.5 3.4513
91 44.5 3.42603
91.5 44.5 3.46485
92 44.5 3.47752
92.5 44.5 3.4987
93 44.5 3.5299
93.5 44.5 3.55207
94 44.5 3.57308
94.5 44.5 3.58304
95 44.5 3.5854
95.5 44.5 3.57768
96 44.5 3.57471
96.5 44.5 3.56905
97 44.5 3.56575
97.5 44.5 3.57381
98 44.5 3.57015
98.5 44.5 3.57407
99 44.5 3.55716
99.5 44.5 3.55331
100 44.5 3.54838
100.5 44.5 3.55141
101 44.5 3.53306
101.5 44.5 3.53564
102 44.5 3.52849
102.5 44.5 3.51891
103 44.5 3.51687
103.5 44.5 3.51472
104 44.5 3.50995
104.5 44.5 3.51374
105 44.5 3.51382
105.5 44.5 3.51342
106 44.5 3.51726
106.5 44.5 3.50842
107 44.5 3.51932
107.5 44.5 3.53828
108 44.5 3.5483
108.5 44.5 3.55912
109 44.5 3.58618
109.5 44.5 3.58954
110 44.5 3.60868
110.5 44.5 3.61934
111 44.5 3.6029
111.5 44.5 3.59548
112 44.5 3.57438
112.5 44.5 3.5998
113 44.5 3.61414
113.5 44.5 3.58872
114 44.5 3.58984
114.5 44.5 3.58683
115 44.5 3.55478
115.5 44.5 3.55339
116 44.5 3.54862
116.5 44.5 3.59257
117 44.5 3.59119
117.5 44.5 3.61146
118 44.5 3.6134
118.5 44.5 3.61655
119 44.5 3.63253
119.5 44.5 3.65925
120 44.5 3.69618
120.5 44.5 3.70384
121 44.5 3.71271
121.5 44.5 3.72631
122 44.5 3.72117
122.5 44.5 3.72219
123 44.5 3.69699
123.5 44.5 3.68721
124 44.5 3.68822
124.5 44.5 3.69343
125 44.5 3.68894
125.5 44.5 3.6894
126 44.5 3.70762
126.5 44.5 3.7289
127 44.5 3.70762
127.5 44.5 3.69173
128 44.5 3.7066
128.5 44.5 3.68438
129 44.5 3.66271
129.5 44.5 3.60645
130 44.5 3.65596
130.5 44.5 3.65481
131 44.5 3.63944
131.5 44.5 3.65406
132 44.5 3.65344
132.5 44.5 3.61727
133 44.5 3.64941
85 45 3.40942
85.5 45 3.39471
86 45 3.39669
86.5 45 3.36706
87 45 3.38844
87.5 45 3.39468
88 45 3.41593
88.5 45 3.47066
89 45 3.47992
89.5 45 3.491
90 45 3.50192
90.5 45 3.48738
91 45 3.4671
91.5 45 3.46942
92 45 3.48528
92.5 45 3.5152
93 45 3.52334
93.5 45 3.54246
94 45 3.5425
94.5 45 3.54376
95 45 3.54988
95.5 45 3.55185
96 45 3.55159
96.5 45 3.5392
97 45 3.53669
97.5 45 3.53897
98 45 3.54668
98.5 45 3.54978
99 45 3.54112
99.5 45 3.54372
100 45 3.53754
100.5 45 3.52684
101 45 3.53042
101.5 45 3.5185
102 45 3.51594
102.5 45 3.5162
103 45 3.50928
103.5 45 3.51345
104 45 3.51235
104.5 45 3.51623
105 45 3.51445
105.5 45 3.51832
106 45 3.52302
106.5 45 3.51744
107 45 3.52956
107.5 45 3.54084
108 45 3.54698
108.5 45 3.54556
109 45 3.57251
109.5 45 3.5794
110 45 3.57868
110.5 45 3.60162
111 45 3.59568
111.5 45 3.60035
112 45 3.57872
112.5 45 3.5832
113 45 3.5956
113.5 45 3.59515
114 45 3.5654
114.5 45 3.57219
115 45 3.57879
115.5 45 3.55319
116 45 3.55649
116.5 45 3.59538
117 45 3.60966
117.5 45 3.61811
118 45 3.58244
118.5 45 3.58552
119 45 3.60461
119.5 45 3.64245
120 45 3.67236
120.5 45 3.69191
121 45 3.6938
121.5 45 3.74979
122 45 3.74711
122.5 45 3.71977
123 45 3.70553
123.5 45 3.68828
124 45 3.67758
124.5 45 3.68248
125 45 3.6724
125.5 45 3.67506
126 45 3.69992
126.5 45 3.73846
127 45 3.76261
127.5 45 3.75536
128 45 3.7249
128.5 45 3.69676
129 45 3.66583
129.5 45 3.63045
130 45 3.66494
130.5 45 3.66292
131 45 3.69525
131.5 45 3.71481
132 45 3.68018
132.5 45 3.64191
133 45 3.63837
85 45.5 3.484
85.5 45.5 3.48751
86 45.5 3.47195
86.5 45.5 3.45898
87 45.5 3.44609
87.5 45.5 3.43655
88 45.5 3.4469
88.5 45.5 3.47735
89 45.5 3.47032
89.5 45.5 3.49906
90 45.5 3.52955
90.5 45.5 3.51262
91 45.5 3.48914
91.5 45.5 3.43143
92 45.5 3.49098
92.5 45.5 3.49183
93 45.5 3.50453
93.5 45.5 3.50281
94 45.5 3.49589
94.5 45.5 3.49267
95 45.5 3.50892
95.5 45.5 3.50729
96 45.5 3.51889
96.5 45.5 3.53441
97 45.5 3.52663
97.5 45.5 3.52779
98 45.5 3.52137
98.5 45.5 3.52493
99 45.5 3.50563
99.5 45.5 3.51337
100 45.5 3.49993
100.5 45.5 3.50829
101 45.5 3.51128
101.5 45.5 3.51298
102 45.5 3.51056
102.5 45.5 3.50732
103 45.5 3.51316
103.5 45.5 3.50065
104 45.5 3.50849
104.5 45.5 3.51671
105 45.5 3.51732
105.5 45.5 3.52396
106 45.5 3.51764
106.5 45.5 3.5285
107 45.5 3.53268
107.5 45.5 3.5362
108 45.5 3.53674
108.5 45.5 3.54122
109 45.5 3.5527
109.5 45.5 3.56818
110 45.5 3.56932
110.5 45.5 3.5821
111 45.5 3.58613
111.5 45.5 3.60276
112 45.5 3.6082
112.5 45.5 3.59106
113 45.5 3.58389
113.5 45.5 3.59298
114 45.5 3.58668
114.5 45.5 3.57546
115 45.5 3.57757
115.5 45.5 3.56823
116 45.5 3.55494
116.5 45.5 3.59656
117 45.5 3.64935
117.5 45.5 3.6071
118 45.5 3.57754
118.5 45.5 3.5784
119 45.5 3.59738
119.5 45.5 3.61849
120 45.5 3.65828
120.5 45.5 3.69196
121 45.5 3.68472
121.5 45.5 3.71952
122 45.5 3.74229
122.5 45.5 3.73912
123 45.5 3.73212
123.5 45.5 3.7326
124 45.5 3.67997
124.5 45.5 3.6763
125 45.5 3.66716
125.5 45.5 3.6947
126 45.5 3.7114
126.5 45.5 3.75238
127 45.5 3.76544
127.5 45.5 3.78664
128 45.5 3.76818
128.5 45.5 3.70677
129 45.5 3.69693
129.5 45.5 3.69235
130 45.5 3.67975
130.5 45.5 3.66021
131 45.5 3.69734
131.5 45.5 3.7098
132 45.5 3.66745
132.5 45.5 3.61961
133 45.5 3.61476
85 46 3.51394
85.5 46 3.49727
86 46 3.49939
86.5 46 3.47262
87 46 3.46927
87.5 46 3.47665
88 46 3.48697
88.5 46 3.48078
89 46 3.48651
89.5 46 3.53971
90 46 3.53033
90.5 46 3.49674
91 46 3.40442
91.5 46 3.44105
92 46 3.46194
92.5 46 3.45826
93 46 3.45736
93.5 46 3.46002
94 46 3.47384
94.5 46 3.47944
95 46 3.4803
95.5 46 3.48258
96 46 3.49736
96.5 46 3.5007
97 46 3.5122
97.5 46 3.51069
98 46 3.50432
98.5 46 3.50611
99 46 3.50749
99.5 46 3.50175
100 46 3.50711
100.5 46 3.50458
101 46 3.50706
101.5 46 3.51062
102 46 3.50804
102.5 46 3.50681
103 46 3.51023
103.5 46 3.51399
104 46 3.51147
104.5 46 3.5197
105 46 3.51368
105.5 46 3.52726
106 46 3.52876
106.5 46 3.52885
107 46 3.52919
107.5 46 3.53856
108 46 3.54349
108.5 46 3.55602
109 46 3.55546
109.5 46 3.56705
110 46 3.56944
110.5 46 3.58456
111 46 3.57948
111.5 46 3.59559
112 46 3.60898
112.5 46 3.61673
113 46 3.59307
113.5 46 3.57743
114 46 3.59383
114.5 46 3.58787
115 46 3.5837
115.5 46 3.58126
116 46 3.56148
116.5 46 3.60052
117 46 3.6563
117.5 46 3.67284
118 46 3.62505
118.5 46 3.60824
119 46 3.62441
119.5 46 3.66129
120 46 3.66822
120.5 46 3.68321
121 46 3.69856
121.5 46 3.72204
122 46 3.77038
122.5 46 3.76889
123 46 3.74611
123.5 46 3.72763
124 46 3.71278
124.5 46 3.67087
125 46 3.69529
125.5 46 3.71284
126 46 3.72115
126.5 46 3.74643
127 46 3.77025
127.5 46 3.82312
128 46 3.78623
128.5 46 3.74251
129 46 3.72614
129.5 46 3.74321
130 46 3.66089
130.5 46 3.64693
131 46 3.6595
131.5 46 3.74772
132 46 3.79685
132.5 46 3.62567
133 46 3.61806
85 46.5 3.50448
85.5 46.5 3.50689
86 46.5 3.49599
86.5 46.5 3.48426
87 46.5 3.48335
87.5 46.5 3.51876
88 46.5 3.52454
88.5 46.5 3.52883
89 46.5 3.55175
89.5 46.5 3.54994
90 46.5 3.52274
90.5 46.5 3.44521
91 46.5 3.40297
91.5 46.5 3.42985
92 46.5 3.42201
92.5 46.5 3.42063
93 46.5 3.426
93.5 46.5 3.43901
94 46.5 3.45188
94.5 46.5 3.47738
95 46.5 3.47518
95.5 46.5 3.48142
96 46.5 3.47214
96.5 46.5 3.4797
97 46.5 3.48244
97.5 46.5 3.49345
98 46.5 3.49537
98.5 46.5 3.50229
99 46.5 3.49921
99.5 46.5 3.51619
100 46.5 3.50095
100.5 46.5 3.51288
101 46.5 3.50668
101.5 46.5 3.5041
102 46.5 3.50486
102.5 46.5 3.50911
103 46.5 3.50289
103.5 46.5 3.50911
104 46.5 3.51397
104.5 46.5 3.51479
105 46.5 3.51926
105.5 46.5 3.51675
106 46.5 3.52134
106.5 46.5 3.52976
107 46.5 3.53027
107.5 46.5 3.5342
108 46.5 3.54462
108.5 46.5 3.56096
109 46.5 3.5619
109.5 46.5 3.56904
110 46.5 3.56942
110.5 46.5 3.58392
111 46.5 3.58376
111.5 46.5 3.59293
112 46.5 3.59235
112.5 46.5 3.61202
113 46.5 3.611
113.5 46.5 3.57903
114 46.5 3.60636
114.5 46.5 3.58792
115 46.5 3.58166
115.5 46.5 3.59138
116 46.5 3.57739
116.5 46.5 3.58744
117 46.5 3.6428
117.5 46.5 3.65193
118 46.5 3.61457
118.5 46.5 3.62223
119 46.5 3.62636
119.5 46.5 3.63595
120 46.5 3.62555
120.5 46.5 3.66386
121 46.5 3.69749
121.5 46.5 3.71216
122 46.5 3.74599
122.5 46.5 3.74107
123 46.5 3.73975
123.5 46.5 3.71795
124 46.5 3.69665
124.5 46.5 3.6583
125 46.5 3.71707
125.5 46.5 3.70358
126 46.5 3.70334
126.5 46.5 3.72658
127 46.5 3.7448
127.5 46.5 3.74123
128 46.5 3.78686
128.5 46.5 3.77682
129 46.5 3.74745
129.5 46.5 3.73715
130 46.5 3.67321
130.5 46.5 3.65216
131 46.5 3.63841
131.5 46.5 3.65999
132 46.5 3.72519
132.5 46.5 3.64719
133 46.5 3.63605
85 47 3.5076
85.5 47 3.50048
86 47 3.4933
86.5 47 3.49449
87 47 3.47856
87.5 47 3.50859
88 47 3.53204
88.5 47 3.55906
89 47 3.56133
89.5 47 3.53257
90 47 3.49077
90.5 47 3.43337
91 47 3.43056
91.5 47 3.42022
92 47 3.43936
92.5 47 3.43518
93 47 3.4344
93.5 47 3.43699
94 47 3.4256
94.5 47 3.4437
95 47 3.45638
95.5 47 3.45992
96 47 3.4689
96.5 47 3.44453
97 47 3.47835
97.5 47 3.48825
98 47 3.49591
98.5 47 3.50041
99 47 3.49955
99.5 47 3.51108
100 47 3.50936
100.5 47 3.51108
101 47 3.51376
101.5 47 3.51206
102 47 3.51376
102.5 47 3.51695
103 47 3.51953
103.5 47 3.5247
104 47 3.52723
104.5 47 3.51543
105 47 3.52605
105.5 47 3.52461
106 47 3.52621
106.5 47 3.5362
107 47 3.53748
107.5 47 3.54136
108 47 3.54274
108.5 47 3.54576
109 47 3.56193
109.5 47 3.57054
110 47 3.57062
110.5 47 3.58298
111 47 3.57836
111.5 47 3.5902
112 47 3.60248
112.5 47 3.60712
113 47 3.57814
113.5 47 3.60247
114 47 3.57884
114.5 47 3.58531
115 47 3.58323
115.5 47 3.59027
116 47 3.58763
116.5 47 3.59332
117 47 3.61878
117.5 47 3.64058
118 47 3.62227
118.5 47 3.59135
119 47 3.60446
119.5 47 3.60934
120 47 3.60251
120.5 47 3.62442
121 47 3.64385
121.5 47 3.67478
122 47 3.71952
122.5 47 3.73278
123 47 3.74973
123.5 47 3.74101
124 47 3.72819
124.5 47 3.71455
125 47 3.75021
125.5 47 3.71083
126 47 3.72626
126.5 47 3.73811
127 47 3.74245
127.5 47 3.75377
128 47 3.7768
128.5 47 3.76222
129 47 3.73681
129.5 47 3.71025
130 47 3.69881
130.5 47 3.66523
131 47 3.68427
131.5 47 3.68711
132 47 3.67828
132.5 47 3.6179
133 47 3.62416
85 47.5 3.57171
85.5 47.5 3.57144
86 47.5 3.57112
86.5 47.5 3.49166
87 47.5 3.56978
87.5 47.5 3.55932
88 47.5 3.51068
88.5 47.5 3.52417
89 47.5 3.52446
89.5 47.5 3.50516
90 47.5 3.48084
90.5 47.5 3.46224
91 47.5 3.44939
91.5 47.5 3.45175
92 47.5 3.44544
92.5 47.5 3.43359
93 47.5 3.44833
93.5 47.5 3.43691
94 47.5 3.44435
94.5 47.5 3.45042
95 47.5 3.45652
95.5 47.5 3.47054
96 47.5 3.47522
96.5 47.5 3.45842
97 47.5 3.46134
97.5 47.5 3.49823
98 47.5 3.50029
98.5 47.5 3.50944
99 47.5 3.51126
99.5 47.5 3.51016
100 47.5 3.51424
100.5 47.5 3.523
101 47.5 3.5222
101.5 47.5 3.51982
102 47.5 3.53107
102.5 47.5 3.52793
103 47.5 3.53234
103.5 47.5 3.531
104 47.5 3.53234
104.5 47.5 3.52369
105 47.5 3.52533
105.5 47.5 3.52901
106 47.5 3.53663
106.5 47.5 3.54207
107 47.5 3.54281
107.5 47.5 3.54764
108 47.5 3.54828
108.5 47.5 3.55
109 47.5 3.55232
109.5 47.5 3.57164
110 47.5 3.57083
110.5 47.5 3.58168
111 47.5 3.57732
111.5 47.5 3.58748
112 47.5 3.57677
112.5 47.5 3.57742
113 47.5 3.57792
113.5 47.5 3.5783
114 47.5 3.58454
114.5 47.5 3.57788
115 47.5 3.57508
115.5 47.5 3.58535
116 47.5 3.58989
116.5 47.5 3.60441
117 47.5 3.6079
117.5 47.5 3.64252
118 47.5 3.63438
118.5 47.5 3.61091
119 47.5 3.62243
119.5 47.5 3.61591
120 47.5 3.61762
120.5 47.5 3.64414
121 47.5 3.65915
121.5 47.5 3.66118
122 47.5 3.71263
122.5 47.5 3.75068
123 47.5 3.76468
123.5 47.5 3.75953
124 47.5 3.74449
124.5 47.5 3.74542
125 47.5 3.71406
125.5 47.5 3.74642
126 47.5 3.74116
126.5 47.5 3.74233
127 47.5 3.75249
127.5 47.5 3.76474
128 47.5 3.741
128.5 47.5 3.73132
129 47.5 3.72886
129.5 47.5 3.70919
130 47.5 3.70383
130.5 47.5 3.66104
131 47.5 3.66604
131.5 47.5 3.67107
132 47.5 3.66309
132.5 47.5 3.63742
133 47.5 3.63199
85 48 3.57173
85.5 48 3.57156
86 48 3.5713
86.5 48 3.57096
87 48 3.56213
87.5 48 3.56171
88 48 3.56213
88.5 48 3.53068
89 48 3.5319
89.5 48 3.51347
90 48 3.51515
90.5 48 3.47488
91 48 3.47736
91.5 48 3.46516
92 48 3.46794
92.5 48 3.4498
93 48 3.45304
93.5 48 3.45238
94 48 3.45556
94.5 48 3.46456
95 48 3.46744
95.5 48 3.48334
96 48 3.48592
96.5 48 3.49178
97 48 3.50107
97.5 48 3.50801
98 48 3.51464
98.5 48 3.51812
99 48 3.51692
99.5 48 3.51782
100 48 3.52034
100.5 48 3.52396
101 48 3.52956
101.5 48 3.53835
102 48 3.53571
102.5 48 3.53377
103 48 3.53307
103.5 48 3.537
104 48 3.53922
104.5 48 3.53139
105 48 3.53219
105.5 48 3.53437
106 48 3.53741
106.5 48 3.54741
107 48 3.54812
107.5 48 3.55305
108 48 3.55339
108.5 48 3.55447
109 48 3.55599
109.5 48 3.57218
110 48 3.57085
110.5 48 3.58013
111 48 3.57603
111.5 48 3.57545
112 48 3.57619
112.5 48 3.57683
113 48 3.58157
113.5 48 3.58099
114 48 3.58031
114.5 48 3.57997
115 48 3.60117
115.5 48 3.59426
116 48 3.58728
116.5 48 3.62171
117 48 3.59334
117.5 48 3.64548
118 48 3.6575
118.5 48 3.64183
119 48 3.64804
119.5 48 3.64498
120 48 3.65362
120.5 48 3.67434
121 48 3.67674
121.5 48 3.68684
122 48 3.69356
122.5 48 3.72452
123 48 3.76878
123.5 48 3.76945
124 48 3.7551
124.5 48 3.77734
125 48 3.79842
125.5 48 3.82992
126 48 3.80482
126.5 48 3.79802
127 48 3.78543
127.5 48 3.75951
128 48 3.77604
128.5 48 3.77937
129 48 3.75134
129.5 48 3.69527
130 48 3.63604
130.5 48 3.62435
131 48 3.62446
131.5 48 3.6282
132 48 3.63458
132.5 48 3.64192
133 48 3.64772
85 48.5 3.57173
85.5 48.5 3.57173
86 48.5 3.57162
86.5 48.5 3.5715
87 48.5 3.57144
87.5 48.5 3.56373
88 48.5 3.52597
88.5 48.5 3.53666
89 48.5 3.53611
89.5 48.5 3.52147
90 48.5 3.5007
90.5 48.5 3.48726
91 48.5 3.47778
91.5 48.5 3.47856
92 48.5 3.47538
92.5 48.5 3.46576
93 48.5 3.47646
93.5 48.5 3.46768
94 48.5 3.4751
94.5 48.5 3.47847
95 48.5 3.48275
95.5 48.5 3.49579
96 48.5 3.49711
96.5 48.5 3.50069
97 48.5 3.50575
97.5 48.5 3.51744
98 48.5 3.5234
98.5 48.5 3.52642
99 48.5 3.52522
99.5 48.5 3.52578
100 48.5 3.52754
100.5 48.5 3.53016
101 48.5 3.5367
101.5 48.5 3.54289
102 48.5 3.54105
102.5 48.5 3.53975
103 48.5 3.53931
103.5 48.5 3.54263
104 48.5 3.54462
104.5 48.5 3.53845
105 48.5 3.53895
105.5 48.5 3.54033
106 48.5 3.54251
106.5 48.5 3.55219
107 48.5 3.5529
107.5 48.5 3.55761
108 48.5 3.55781
108.5 48.5 3.55849
109 48.5 3.55953
109.5 48.5 3.56075
110 48.5 3.57071
110.5 48.5 3.57829
111 48.5 3.57443
111.5 48.5 3.58125
112 48.5 3.58173
112.5 48.5 3.58191
113 48.5 3.58189
113.5 48.5 3.59723
114 48.5 3.59856
114.5 48.5 3.59948
115 48.5 3.5929
115.5 48.5 3.59318
116 48.5 3.60859
116.5 48.5 3.61101
117 48.5 3.64683
117.5 48.5 3.63423
118 48.5 3.65616
118.5 48.5 3.66919
119 48.5 3.63567
119.5 48.5 3.60853
120 48.5 3.64119
120.5 48.5 3.66038
121 48.5 3.67438
121.5 48.5 3.67687
122 48.5 3.66547
122.5 48.5 3.68988
123 48.5 3.73185
123.5 48.5 3.70799
124 48.5 3.74377
124.5 48.5 3.78221
125 48.5 3.78366
125.5 48.5 3.7224
126 48.5 3.7816
126.5 48.5 3.78571
127 48.5 3.7595
127.5 48.5 3.76503
128 48.5 3.80816
128.5 48.5 3.82258
129 48.5 3.79111
129.5 48.5 3.74957
130 48.5 3.65085
130.5 48.5 3.58639
131 48.5 3.62482
131.5 48.5 3.63444
132 48.5 3.62074
132.5 48.5 3.63434
133 48.5 3.63284
85 49 3.57165
85.5 49 3.57171
86 49 3.57177
86.5 49 3.57175
87 49 3.57175
87.5 49 3.56541
88 49 3.53303
88.5 49 3.5422
89 49 3.54151
89.5 49 3.52911
90 49 3.51043
90.5 49 3.49949
91 49 3.49157
91.5 49 3.49185
92 49 3.48983
92.5 49 3.48137
93 49 3.49011
93.5 49 3.48278
94 49 3.48991
94.5 49 3.49205
95 49 3.49551
95.5 49 3.50777
96 49 3.50863
96.5 49 3.51105
97 49 3.51475
97.5 49 3.5267
98 49 3.53186
98.5 49 3.53442
99 49 3.53318
99.5 49 3.53362
100 49 3.53488
100.5 49 3.53684
101 49 3.54957
101.5 49 3.54777
102 49 3.54633
102.5 49 3.54543
103 49 3.54513
103.5 49 3.54791
104 49 3.54956
104.5 49 3.54489
105 49 3.54529
105.5 49 3.54623
106 49 3.54777
106.5 49 3.54975
107 49 3.55702
107.5 49 3.56133
108 49 3.56153
108.5 49 3.56191
109 49 3.56255
109.5 49 3.56343
110 49 3.57039
110.5 49 3.57619
111 49 3.57969
111.5 49 3.58063
112 49 3.5904
112.5 49 3.59246
113 49 3.59422
113.5 49 3.59573
114 49 3.59683
114.5 49 3.59757
115 49 3.605
115.5 49 3.60614
116 49 3.60848
116.5 49 3.64382
117 49 3.6567
117.5 49 3.66331
118 49 3.65819
118.5 49 3.66434
119 49 3.65964
119.5 49 3.60448
120 49 3.61667
120.5 49 3.6308
121 49 3.65483
121.5 49 3.65141
122 49 3.68561
122.5 49 3.72944
123 49 3.71465
123.5 49 3.70137
124 49 3.70714
124.5 49 3.7312
125 49 3.73226
125.5 49 3.70497
126 49 3.71518
126.5 49 3.74274
127 49 3.7595
127.5 49 3.77488
128 49 3.80649
128.5 49 3.79365
129 49 3.91238
129.5 49 3.87997
130 49 3.77903
130.5 49 3.58597
131 49 3.58587
131.5 49 3.62736
132 49 3.62592
132.5 49 3.62268
133 49 3.63076
85 49.5 3.57127
85.5 49.5 3.57149
86 49.5 3.57157
86.5 49.5 3.57165
87 49.5 3.57165
87.5 49.5 3.56679
88 49.5 3.53963
88.5 49.5 3.54729
89 49.5 3.54669
89.5 49.5 3.53645
90 49.5 3.51995
90.5 49.5 3.51151
91 49.5 3.50509
91.5 49.5 3.50493
92 49.5 3.50389
92.5 49.5 3.49669
93 49.5 3.50343
93.5 49.5 3.49773
94 49.5 3.50419
94.5 49.5 3.50525
95 49.5 3.50791
95.5 49.5 3.51923
96 49.5 3.51979
96.5 49.5 3.52161
97 49.5 3.52443
97.5 49.5 3.52801
98 49.5 3.5399
98.5 49.5 3.54196
99 49.5 3.54086
99.5 49.5 3.54116
100 49.5 3.54216
100.5 49.5 3.54372
101 49.5 3.55393
101.5 49.5 3.55255
102 49.5 3.55145
102.5 49.5 3.55081
103 49.5 3.55055
103.5 49.5 3.55273
104 49.5 3.55408
104.5 49.5 3.55079
105 49.5 3.55099
105.5 49.5 3.55173
106 49.5 3.55287
106.5 49.5 3.55435
107 49.5 3.56063
107.5 49.5 3.56425
108 49.5 3.56435
108.5 49.5 3.56459
109 49.5 3.56503
109.5 49.5 3.56555
110 49.5 3.56613
110.5 49.5 3.57717
111 49.5 3.58368
111.5 49.5 3.58619
112 49.5 3.58845
112.5 49.5 3.5904
113 49.5 3.59208
113.5 49.5 3.5934
114 49.5 3.59438
114.5 49.5 3.62537
115 49.5 3.62972
115.5 49.5 3.6336
116 49.5 3.63661
116.5 49.5 3.63783
117 49.5 3.63661
117.5 49.5 3.68475
118 49.5 3.67754
118.5 49.5 3.65259
119 49.5 3.66612
119.5 49.5 3.64738
120 49.5 3.64013
120.5 49.5 3.66328
121 49.5 3.66202
121.5 49.5 3.655
122 49.5 3.67322
122.5 49.5 3.70631
123 49.5 3.69182
123.5 49.5 3.69444
124 49.5 3.68742
124.5 49.5 3.68684
125 49.5 3.70404
125.5 49.5 3.72338
126 49.5 3.72708
126.5 49.5 3.75758
127 49.5 3.76524
127.5 49.5 3.8205
128 49.5 3.80749
128.5 49.5 3.81899
129 49.5 3.82495
129.5 49.5 3.84918
130 49.5 3.84298
130.5 49.5 3.75304
131 49.5 3.74298
131.5 49.5 3.62018
132 49.5 3.61944
132.5 49.5 3.61734
133 49.5 3.6144
85 50 3.57061
85.5 50 3.57089
86 50 3.57101
86.5 50 3.57115
87 50 3.57115
87.5 50 3.56775
88 50 3.54613
88.5 50 3.55191
89 50 3.55163
89.5 50 3.54354
90 50 3.52931
90.5 50 3.52337
91 50 3.51831
91.5 50 3.51795
92 50 3.51765
92.5 50 3.51171
93 50 3.51655
93.5 50 3.51235
94 50 3.51811
94.5 50 3.51826
95 50 3.52016
95.5 50 3.5302
96 50 3.53064
96.5 50 3.53206
97 50 3.53418
97.5 50 3.5371
98 50 3.54048
98.5 50 3.54918
99 50 3.54824
99.5 50 3.54848
100 50 3.54924
100.5 50 3.55054
101 50 3.55824
101.5 50 3.5571
102 50 3.55626
102.5 50 3.55576
103 50 3.55563
103.5 50 3.55721
104 50 3.55825
104.5 50 3.55603
105 50 3.55623
105.5 50 3.55677
106 50 3.55761
106.5 50 3.55875
107 50 3.56009
107.5 50 3.56637
108 50 3.56647
108.5 50 3.56661
109 50 3.56685
109.5 50 3.56713
110 50 3.57567
110.5 50 3.57858
111 50 3.58118
111.5 50 3.58362
112 50 3.58571
112.5 50 3.58759
113 50 3.58915
113.5 50 3.61266
114 50 3.61738
114.5 50 3.62161
115 50 3.62537
115.5 50 3.62835
116 50 3.6304
116.5 50 3.66819
117 50 3.67295
117.5 50 3.67491
118 50 3.67251
118.5 50 3.65959
119 50 3.65422
119.5 50 3.63681
120 50 3.64453
120.5 50 3.66119
121 50 3.65835
121.5 50 3.66301
122 50 3.66855
122.5 50 3.67193
123 50 3.67442
123.5 50 3.7021
124 50 3.71681
124.5 50 3.70396
125 50 3.71998
125.5 50 3.73832
126 50 3.75179
126.5 50 3.76943
127 50 3.75423
127.5 50 3.77544
128 50 3.79185
128.5 50 3.81693
129 50 3.78683
129.5 50 3.79145
130 50 3.77895
130.5 50 3.73262
131 50 3.72606
131.5 50 3.7168
132 50 3.61246
132.5 50 3.61096
133 50 3.60866
85 50.5 3.56962
85.5 50.5 3.56994
86 50.5 3.57011
86.5 50.5 3.57025
87 50.5 3.57025
87.5 50.5 3.56834
88 50.5 3.55232
88.5 50.5 3.55627
89 50.5 3.55622
89.5 50.5 3.55022
90 50.5 3.53857
90.5 50.5 3.53497
91 50.5 3.53121
91.5 50.5 3.53081
92 50.5 3.53094
92.5 50.5 3.52644
93 50.5 3.52922
93.5 50.5 3.52671
94 50.5 3.53148
94.5 50.5 3.5312
95 50.5 3.5325
95.5 50.5 3.54058
96 50.5 3.54098
96.5 50.5 3.54204
97 50.5 3.5438
97.5 50.5 3.54612
98 50.5 3.54888
98.5 50.5 3.55594
99 50.5 3.5553
99.5 50.5 3.5555
100 50.5 3.5561
100.5 50.5 3.5571
101 50.5 3.56226
101.5 50.5 3.56142
102 50.5 3.56078
102.5 50.5 3.56038
103 50.5 3.56022
103.5 50.5 3.56127
104 50.5 3.56197
104.5 50.5 3.56073
105 50.5 3.56086
105.5 50.5 3.56126
106 50.5 3.5619
106.5 50.5 3.56274
107 50.5 3.56372
107.5 50.5 3.56768
108 50.5 3.56772
108.5 50.5 3.56776
109 50.5 3.5678
109.5 50.5 3.56794
110 50.5 3.57267
110.5 50.5 3.57551
111 50.5 3.57809
111.5 50.5 3.58038
112 50.5 3.5824
112.5 50.5 3.58416
113 50.5 3.60347
113.5 50.5 3.60813
114 50.5 3.6124
114.5 50.5 3.61618
115 50.5 3.6193
115.5 50.5 3.64948
116 50.5 3.64085
116.5 50.5 3.64762
117 50.5 3.65382
117.5 50.5 3.65886
118 50.5 3.64833
118.5 50.5 3.65011
119 50.5 3.59749
119.5 50.5 3.65681
120 50.5 3.67466
120.5 50.5 3.64677
121 50.5 3.65246
121.5 50.5 3.7003
122 50.5 3.66784
122.5 50.5 3.66344
123 50.5 3.68163
123.5 50.5 3.69441
124 50.5 3.71583
124.5 50.5 3.70651
125 50.5 3.70403
125.5 50.5 3.73122
126 50.5 3.723
126.5 50.5 3.70359
127 50.5 3.68922
127.5 50.5 3.72382
128 50.5 3.75152
128.5 50.5 3.78873
129 50.5 3.78347
129.5 50.5 3.77127
130 50.5 3.75611
130.5 50.5 3.73979
131 50.5 3.73299
131.5 50.5 3.6988
132 50.5 3.68976
132.5 50.5 3.60412
133 50.5 3.60232
85 51 3.56866
85.5 51 3.56888
86 51 3.56902
86.5 51 3.56906
87 51 3.56906
87.5 51 3.5686
88 51 3.5581
88.5 51 3.56064
89 51 3.56054
89.5 51 3.55658
90 51 3.54802
90.5 51 3.54638
91 51 3.54382
91.5 51 3.54352
92 51 3.54388
92.5 51 3.54078
93 51 3.54176
93.5 51 3.54082
94 51 3.54432
94.5 51 3.54396
95 51 3.5447
95.5 51 3.55044
96 51 3.5507
96.5 51 3.55156
97 51 3.55296
97.5 51 3.55482
98 51 3.55708
98.5 51 3.5622
99 51 3.5619
99.5 51 3.5621
100 51 3.5626
100.5 51 3.5634
101 51 3.56592
101.5 51 3.56528
102 51 3.56478
102.5 51 3.56444
103 51 3.56434
103.5 51 3.56488
104 51 3.56529
104.5 51 3.5647
105 51 3.5648
105.5 51 3.56504
106 51 3.56554
106.5 51 3.56612
107 51 3.56686
107.5 51 3.5677
108 51 3.56794
108.5 51 3.56794
109 51 3.56794
109.5 51 3.56794
110 51 3.56888
110.5 51 3.57177
111 51 3.57429
111.5 51 3.57651
112 51 3.58832
112.5 51 3.59338
113 51 3.59802
113.5 51 3.60233
114 51 3.60611
114.5 51 3.60944
115 51 3.62275
115.5 51 3.62915
116 51 3.63515
116.5 51 3.64059
117 51 3.64517
117.5 51 3.64834
118 51 3.59724
118.5 51 3.59754
119 51 3.64733
119.5 51 3.61129
120 51 3.66261
120.5 51 3.65804
121 51 3.66058
121.5 51 3.66376
122 51 3.68552
122.5 51 3.68032
123 51 3.68472
123.5 51 3.68638
124 51 3.67035
124.5 51 3.66451
125 51 3.66287
125.5 51 3.66855
126 51 3.65689
126.5 51 3.67075
127 51 3.68677
127.5 51 3.70808
128 51 3.70518
128.5 51 3.69824
129 51 3.75791
129.5 51 3.75035
130 51 3.73929
130.5 51 3.72603
131 51 3.71147
131.5 51 3.69599
132 51 3.67098
132.5 51 3.66204
133 51 3.59558
85 51.5 3.56834
85.5 51.5 3.56842
86 51.5 3.56846
86.5 51.5 3.56846
87 51.5 3.5685
87.5 51.5 3.56848
88 51.5 3.56328
88.5 51.5 3.5646
89 51.5 3.56442
89.5 51.5 3.56254
90 51.5 3.55806
90.5 51.5 3.55732
91 51.5 3.55616
91.5 51.5 3.55596
92 51.5 3.55624
92.5 51.5 3.55462
93 51.5 3.55484
93.5 51.5 3.55462
94 51.5 3.55648
94.5 51.5 3.55626
95 51.5 3.55656
95.5 51.5 3.55956
96 51.5 3.5598
96.5 51.5 3.56046
97 51.5 3.56156
97.5 51.5 3.56312
98 51.5 3.56498
98.5 51.5 3.56718
99 51.5 3.56794
99.5 51.5 3.56794
100 51.5 3.56794
100.5 51.5 3.56794
101 51.5 3.56794
101.5 51.5 3.56794
102 51.5 3.56794
102.5 51.5 3.56794
103 51.5 3.56794
103.5 51.5 3.56794
104 51.5 3.56794
104.5 51.5 3.56794
105 51.5 3.56794
105.5 51.5 3.56794
106 51.5 3.56794
106.5 51.5 3.56794
107 51.5 3.56794
107.5 51.5 3.56794
108 51.5 3.56794
108.5 51.5 3.56794
109 51.5 3.56794
109.5 51.5 3.56794
110 51.5 3.56794
110.5 51.5 3.56794
111 51.5 3.57194
111.5 51.5 3.57745
112 51.5 3.58249
112.5 51.5 3.58714
113 51.5 3.59152
113.5 51.5 3.5954
114 51.5 3.60448
114.5 51.5 3.61068
115 51.5 3.61658
115.5 51.5 3.62212
116 51.5 3.62717
116.5 51.5 3.63149
117 51.5 3.59471
117.5 51.5 3.60635
118 51.5 3.60797
118.5 51.5 3.6092
119 51.5 3.61
119.5 51.5 3.6103
120 51.5 3.69264
120.5 51.5 3.67018
121 51.5 3.69368
121.5 51.5 3.68761
122 51.5 3.72333
122.5 51.5 3.6998
123 51.5 3.68952
123.5 51.5 3.6855
124 51.5 3.66803
124.5 51.5 3.62883
125 51.5 3.61634
125.5 51.5 3.63142
126 51.5 3.65757
126.5 51.5 3.65993
127 51.5 3.65793
127.5 51.5 3.65327
128 51.5 3.6904
128.5 51.5 3.68604
129 51.5 3.67966
129.5 51.5 3.6719
130 51.5 3.71727
130.5 51.5 3.70671
131 51.5 3.69455
131.5 51.5 3.68117
132 51.5 3.66685
132.5 51.5 3.65187
133 51.5 3.634
85 52 3.56794
85.5 52 3.56794
86 52 3.56794
86.5 52 3.56794
87 52 3.56794
87.5 52 3.56794
88 52 3.56794
88.5 52 3.56794
89 52 3.56794
89.5 52 3.56794
90 52 3.56794
90.5 52 3.56794
91 52 3.56794
91.5 52 3.56794
92 52 3.56794
92.5 52 3.56794
93 52 3.56794
93.5 52 3.56794
94 52 3.56794
94.5 52 3.56794
95 52 3.56794
95.5 52 3.56794
96 52 3.56794
96.5 52 3.56794
97 52 3.56794
97.5 52 3.56794
98 52 3.56794
98.5 52 3.56794
99 52 3.56794
99.5 52 3.56794
100 52 3.56794
100.5 52 3.56794
101 52 3.56794
101.5 52 3.56794
102 52 3.56794
102.5 52 3.56794
103 52 3.56794
103.5 52 3.56794
104 52 3.56794
104.5 52 3.56794
105 52 3.56794
105.5 52 3.56794
106 52 3.56794
106.5 52 3.56794
107 52 3.56794
107.5 52 3.56794
108 52 3.56794
108.5 52 3.56794
109 52 3.56794
109.5 52 3.56794
110 52 3.56794
110.5 52 3.56794
111 52 3.56794
111.5 52 3.57072
112 52 3.57555
112.5 52 3.57997
113 52 3.58613
113.5 52 3.59223
114 52 3.59813
114.5 52 3.60372
115 52 3.60896
115.5 52 3.61368
116 52 3.6179
116.5 52 3.60046
117 52 3.60274
117.5 52 3.60467
118 52 3.65729
118.5 52 3.66477
119 52 3.67175
119.5 52 3.67727
120 52 3.65984
120.5 52 3.66148
121 52 3.68367
121.5 52 3.71609
122 52 3.71305
122.5 52 3.68736
123 52 3.69792
123.5 52 3.70232
124 52 3.6754
124.5 52 3.60819
125 52 3.62407
125.5 52 3.62441
126 52 3.62315
126.5 52 3.62027
127 52 3.64791
127.5 52 3.64501
128 52 3.64075
128.5 52 3.63569
129 52 3.6664
129.5 52 3.6602
130 52 3.65284
130.5 52 3.68433
131 52 3.67411
131.5 52 3.66259
132 52 3.65007
132.5 52 3.63659
133 52 3.62281
