85 22 3.4282
85.5 22 3.4282
86 22 3.4282
86.5 22 3.4282
87 22 3.4282
87.5 22 3.4282
88 22 3.4282
88.5 22 3.4282
89 22 3.4282
89.5 22 3.4282
90 22 3.4282
90.5 22 3.4282
91 22 3.4282
91.5 22 3.4282
92 22 3.4282
92.5 22 3.4282
93 22 3.4282
93.5 22 3.4282
94 22 3.428
94.5 22 3.4263
95 22 3.4247
95.5 22 3.423
96 22 3.43347
96.5 22 3.43428
97 22 3.43976
97.5 22 3.44182
98 22 3.44382
98.5 22 3.44587
99 22 3.44772
99.5 22 3.42122
100 22 3.41973
100.5 22 3.41414
101 22 3.37337
101.5 22 3.37323
102 22 3.35914
102.5 22 3.33813
103 22 3.3419
103.5 22 3.41726
104 22 3.48649
104.5 22 3.50731
105 22 3.55149
105.5 22 3.55066
106 22 3.54875
106.5 22 3.60528
107 22 3.57918
107.5 22 3.59191
108 22 3.60845
108.5 22 3.61041
109 22 3.64366
109.5 22 3.68197
110 22 3.66959
110.5 22 3.67183
111 22 3.65963
111.5 22 3.64684
112 22 3.66181
112.5 22 3.6225
113 22 3.65957
113.5 22 3.68441
114 22 3.6867
114.5 22 3.65382
115 22 3.61818
115.5 22 3.60546
116 22 3.58642
116.5 22 3.56784
117 22 3.56099
117.5 22 3.5395
118 22 3.53919
118.5 22 3.53604
119 22 3.52644
119.5 22 3.52389
120 22 3.51719
120.5 22 3.49605
121 22 3.4946
121.5 22 3.49065
122 22 3.48464
122.5 22 3.41037
123 22 3.41187
123.5 22 3.44091
124 22 3.43931
124.5 22 3.43746
125 22 3.43356
125.5 22 3.43286
126 22 3.43176
126.5 22 3.43005
127 22 3.4287
127.5 22 3.4282
128 22 3.4282
128.5 22 3.4282
129 22 3.4282
129.5 22 3.4282
130 22 3.4282
130.5 22 3.4282
131 22 3.4282
131.5 22 3.4282
132 22 3.4282
132.5 22 3.4282
133 22 3.4282
85 22.5 3.4282
85.5 22.5 3.4282
86 22.5 3.4282
86.5 22.5 3.4282
87 22.5 3.4282
87.5 22.5 3.4282
88 22.5 3.4282
88.5 22.5 3.4282
89 22.5 3.4282
89.5 22.5 3.4282
90 22.5 3.4282
90.5 22.5 3.4282
91 22.5 3.4282
91.5 22.5 3.4282
92 22.5 3.4282
92.5 22.5 3.4282
93 22.5 3.4282
93.5 22.5 3.4282
94 22.5 3.4268
94.5 22.5 3.425
95 22.5 3.423
95.5 22.5 3.4211
96 22.5 3.4194
96.5 22.5 3.43498
97 22.5 3.43558
97.5 22.5 3.44182
98 22.5 3.44297
98.5 22.5 3.44652
99 22.5 3.44877
99.5 22.5 3.45082
100 22.5 3.42253
100.5 22.5 3.38644
101 22.5 3.3333
101.5 22.5 3.34755
102 22.5 3.33837
102.5 22.5 3.36197
103 22.5 3.37061
103.5 22.5 3.3821
104 22.5 3.53307
104.5 22.5 3.53626
105 22.5 3.56516
105.5 22.5 3.55888
106 22.5 3.54048
106.5 22.5 3.55676
107 22.5 3.58949
107.5 22.5 3.63197
108 22.5 3.62133
108.5 22.5 3.62848
109 22.5 3.62341
109.5 22.5 3.65514
110 22.5 3.65518
110.5 22.5 3.67815
111 22.5 3.63907
111.5 22.5 3.65518
112 22.5 3.66489
112.5 22.5 3.66347
113 22.5 3.69392
113.5 22.5 3.6726
114 22.5 3.67647
114.5 22.5 3.66861
115 22.5 3.64558
115.5 22.5 3.62699
116 22.5 3.59351
116.5 22.5 3.58654
117 22.5 3.56035
117.5 22.5 3.55957
118 22.5 3.55397
118.5 22.5 3.54924
119 22.5 3.5389
119.5 22.5 3.53445
120 22.5 3.52749
120.5 22.5 3.50606
121 22.5 3.50411
121.5 22.5 3.49896
122 22.5 3.40588
122.5 22.5 3.40728
123 22.5 3.40917
123.5 22.5 3.44481
124 22.5 3.44291
124.5 22.5 3.43526
125 22.5 3.43486
125.5 22.5 3.43421
126 22.5 3.43331
126.5 22.5 3.43206
127 22.5 3.42751
127.5 22.5 3.42835
128 22.5 3.42825
128.5 22.5 3.4282
129 22.5 3.4282
129.5 22.5 3.4282
130 22.5 3.4282
130.5 22.5 3.4282
131 22.5 3.4282
131.5 22.5 3.4282
132 22.5 3.4282
132.5 22.5 3.4282
133 22.5 3.4282
85 23 3.4282
85.5 23 3.4282
86 23 3.4282
86.5 23 3.4282
87 23 3.4282
87.5 23 3.4282
88 23 3.4282
88.5 23 3.4282
89 23 3.4282
89.5 23 3.4282
90 23 3.4282
90.5 23 3.4282
91 23 3.4282
91.5 23 3.4282
92 23 3.4282
92.5 23 3.4282
93 23 3.42525
93.5 23 3.4205
94 23 3.4258
94.5 23 3.4237
95 23 3.4216
95.5 23 3.4195
96 23 3.4175
96.5 23 3.41565
97 23 3.43604
97.5 23 3.43644
98 23 3.44392
98.5 23 3.44498
99 23 3.44772
99.5 23 3.46986
100 23 3.41556
100.5 23 3.34814
101 23 3.27948
101.5 23 3.28569
102 23 3.30246
102.5 23 3.3661
103 23 3.40588
103.5 23 3.46579
104 23 3.47717
104.5 23 3.49327
105 23 3.51746
105.5 23 3.50967
106 23 3.52468
106.5 23 3.57912
107 23 3.5655
107.5 23 3.60896
108 23 3.64078
108.5 23 3.63852
109 23 3.67907
109.5 23 3.6683
110 23 3.66009
110.5 23 3.65688
111 23 3.68807
111.5 23 3.67449
112 23 3.67278
112.5 23 3.68478
113 23 3.69565
113.5 23 3.67254
114 23 3.62656
114.5 23 3.62802
115 23 3.64648
115.5 23 3.63296
116 23 3.62832
116.5 23 3.61176
117 23 3.5773
117.5 23 3.57497
118 23 3.5705
118.5 23 3.55029
119 23 3.55095
119.5 23 3.52737
120 23 3.52247
120.5 23 3.51552
121 23 3.51221
121.5 23 3.40163
122 23 3.40238
122.5 23 3.40433
123 23 3.45012
123.5 23 3.44832
124 23 3.44611
124.5 23 3.43667
125 23 3.43577
125.5 23 3.43516
126 23 3.43436
126.5 23 3.42522
127 23 3.42571
127.5 23 3.42661
128 23 3.4373
128.5 23 3.43585
129 23 3.43345
129.5 23 3.43025
130 23 3.4282
130.5 23 3.4282
131 23 3.4282
131.5 23 3.4282
132 23 3.4282
132.5 23 3.4282
133 23 3.4282
85 23.5 3.4282
85.5 23.5 3.4282
86 23.5 3.4282
86.5 23.5 3.4282
87 23.5 3.4282
87.5 23.5 3.4282
88 23.5 3.4282
88.5 23.5 3.4282
89 23.5 3.4282
89.5 23.5 3.4282
90 23.5 3.4282
90.5 23.5 3.4282
91 23.5 3.4282
91.5 23.5 3.4282
92 23.5 3.42485
92.5 23.5 3.4188
93 23.5 3.41226
93.5 23.5 3.40686
94 23.5 3.40276
94.5 23.5 3.42275
95 23.5 3.4205
95.5 23.5 3.4182
96 23.5 3.41595
96.5 23.5 3.41375
97 23.5 3.4118
97.5 23.5 3.43665
98 23.5 3.43675
98.5 23.5 3.43685
99 23.5 3.44653
99.5 23.5 3.41247
100 23.5 3.37096
100.5 23.5 3.32279
101 23.5 3.28441
101.5 23.5 3.27863
102 23.5 3.2866
102.5 23.5 3.29856
103 23.5 3.35121
103.5 23.5 3.39426
104 23.5 3.40779
104.5 23.5 3.46969
105 23.5 3.49172
105.5 23.5 3.46624
106 23.5 3.52947
106.5 23.5 3.57346
107 23.5 3.53444
107.5 23.5 3.6114
108 23.5 3.64409
108.5 23.5 3.62107
109 23.5 3.63619
109.5 23.5 3.64721
110 23.5 3.66359
110.5 23.5 3.67509
111 23.5 3.64745
111.5 23.5 3.65666
112 23.5 3.67332
112.5 23.5 3.657
113 23.5 3.67569
113.5 23.5 3.66334
114 23.5 3.63828
114.5 23.5 3.62608
115 23.5 3.62133
115.5 23.5 3.59201
116 23.5 3.57843
116.5 23.5 3.57362
117 23.5 3.63303
117.5 23.5 3.59724
118 23.5 3.57539
118.5 23.5 3.56554
119 23.5 3.55004
119.5 23.5 3.54127
120 23.5 3.55515
120.5 23.5 3.52447
121 23.5 3.51632
121.5 23.5 3.39774
122 23.5 3.39913
122.5 23.5 3.45637
123 23.5 3.45532
123.5 23.5 3.45242
124 23.5 3.44297
124.5 23.5 3.44092
125 23.5 3.43787
125.5 23.5 3.43582
126 23.5 3.42398
126.5 23.5 3.42438
127 23.5 3.42482
127.5 23.5 3.42532
128 23.5 3.44726
128.5 23.5 3.44541
129 23.5 3.44251
129.5 23.5 3.4389
130 23.5 3.4346
130.5 23.5 3.42955
131 23.5 3.4282
131.5 23.5 3.4282
132 23.5 3.4282
132.5 23.5 3.4282
133 23.5 3.4282
85 24 3.4282
85.5 24 3.4282
86 24 3.4282
86.5 24 3.4282
87 24 3.4282
87.5 24 3.4282
88 24 3.4282
88.5 24 3.4282
89 24 3.4245
89.5 24 3.419
90 24 3.4149
90.5 24 3.41235
91 24 3.41145
91.5 24 3.40865
92 24 3.4101
92.5 24 3.40391
93 24 3.39931
93.5 24 3.39306
94 24 3.38827
94.5 24 3.3805
95 24 3.36995
95.5 24 3.4173
96 24 3.41485
96.5 24 3.4124
97 24 3.41
97.5 24 3.40794
98 24 3.4368
98.5 24 3.43671
99 24 3.36026
99.5 24 3.38988
100 24 3.36796
100.5 24 3.33685
101 24 3.29677
101.5 24 3.28225
102 24 3.26708
102.5 24 3.23757
103 24 3.27541
103.5 24 3.35918
104 24 3.41352
104.5 24 3.44426
105 24 3.4324
105.5 24 3.44968
106 24 3.52097
106.5 24 3.54624
107 24 3.55252
107.5 24 3.55316
108 24 3.65749
108.5 24 3.62917
109 24 3.60881
109.5 24 3.6202
110 24 3.62822
110.5 24 3.63104
111 24 3.63967
111.5 24 3.64663
112 24 3.66194
112.5 24 3.65718
113 24 3.6725
113.5 24 3.65658
114 24 3.66065
114.5 24 3.63487
115 24 3.60695
115.5 24 3.59084
116 24 3.583
116.5 24 3.60994
117 24 3.61944
117.5 24 3.6505
118 24 3.58753
118.5 24 3.53059
119 24 3.56592
119.5 24 3.55977
120 24 3.5643
120.5 24 3.52985
121 24 3.45018
121.5 24 3.39369
122 24 3.39739
122.5 24 3.46177
123 24 3.45992
123.5 24 3.45267
124 24 3.45047
124.5 24 3.44577
125 24 3.44157
125.5 24 3.43079
126 24 3.42478
126.5 24 3.42398
127 24 3.42408
127.5 24 3.45861
128 24 3.45781
128.5 24 3.45566
129 24 3.45221
129.5 24 3.44786
130 24 3.44251
130.5 24 3.43705
131 24 3.43095
131.5 24 3.4282
132 24 3.4282
132.5 24 3.4282
133 24 3.4282
85 24.5 3.40453
85.5 24.5 3.40328
86 24.5 3.40043
86.5 24.5 3.39699
87 24.5 3.39219
87.5 24.5 3.39154
88 24.5 3.39308
88.5 24.5 3.39228
89 24.5 3.40915
89.5 24.5 3.40275
90 24.5 3.39805
90.5 24.5 3.3951
91 24.5 3.3941
91.5 24.5 3.38844
92 24.5 3.39521
92.5 24.5 3.38796
93 24.5 3.38667
93.5 24.5 3.37942
94 24.5 3.37372
94.5 24.5 3.37012
95 24.5 3.3584
95.5 24.5 3.3476
96 24.5 3.36043
96.5 24.5 3.35192
97 24.5 3.4093
97.5 24.5 3.40664
98 24.5 3.40389
98.5 24.5 3.39543
99 24.5 3.35413
99.5 24.5 3.33245
100 24.5 3.35844
100.5 24.5 3.35176
101 24.5 3.30241
101.5 24.5 3.2597
102 24.5 3.23373
102.5 24.5 3.1986
103 24.5 3.18058
103.5 24.5 3.24436
104 24.5 3.33633
104.5 24.5 3.40853
105 24.5 3.45053
105.5 24.5 3.48316
106 24.5 3.50942
106.5 24.5 3.51562
107 24.5 3.54465
107.5 24.5 3.54987
108 24.5 3.59162
108.5 24.5 3.61221
109 24.5 3.59995
109.5 24.5 3.6117
110 24.5 3.62687
110.5 24.5 3.60731
111 24.5 3.63319
111.5 24.5 3.60497
112 24.5 3.61426
112.5 24.5 3.6276
113 24.5 3.63508
113.5 24.5 3.65501
114 24.5 3.63246
114.5 24.5 3.61654
115 24.5 3.58725
115.5 24.5 3.6031
116 24.5 3.63016
116.5 24.5 3.61967
117 24.5 3.61366
117.5 24.5 3.6254
118 24.5 3.64334
118.5 24.5 3.59522
119 24.5 3.61526
119.5 24.5 3.56052
120 24.5 3.54015
120.5 24.5 3.51408
121 24.5 3.45124
121.5 24.5 3.41564
122 24.5 3.4343
122.5 24.5 3.46697
123 24.5 3.46227
123.5 24.5 3.46341
124 24.5 3.45966
124.5 24.5 3.45187
125 24.5 3.43615
125.5 24.5 3.43059
126 24.5 3.42854
126.5 24.5 3.42593
127 24.5 3.42413
127.5 24.5 3.46936
128 24.5 3.46851
128.5 24.5 3.46601
129 24.5 3.46201
129.5 24.5 3.45681
130 24.5 3.45071
130.5 24.5 3.44401
131 24.5 3.43731
131.5 24.5 3.4337
132 24.5 3.42955
132.5 24.5 3.4282
133 24.5 3.4282
85 25 3.37942
85.5 25 3.37797
86 25 3.37256
86.5 25 3.36637
87 25 3.35618
87.5 25 3.35438
88 25 3.35911
88.5 25 3.3566
89 25 3.3939
89.5 25 3.3867
90 25 3.38124
90.5 25 3.37789
91 25 3.37669
91.5 25 3.36779
92 25 3.35654
92.5 25 3.37202
93 25 3.36542
93.5 25 3.36617
94 25 3.35933
94.5 25 3.35483
95 25 3.35328
95.5 25 3.33636
96 25 3.3252
96.5 25 3.34397
97 25 3.33481
97.5 25 3.33041
98 25 3.3349
98.5 25 3.2703
99 25 3.31425
99.5 25 3.29562
100 25 3.30274
100.5 25 3.31252
101 25 3.28097
101.5 25 3.23966
102 25 3.22689
102.5 25 3.19147
103 25 3.18579
103.5 25 3.21394
104 25 3.23503
104.5 25 3.35006
105 25 3.4461
105.5 25 3.51117
106 25 3.52614
106.5 25 3.5535
107 25 3.52879
107.5 25 3.5627
108 25 3.57876
108.5 25 3.59698
109 25 3.6235
109.5 25 3.61511
110 25 3.59992
110.5 25 3.59203
111 25 3.5601
111.5 25 3.60186
112 25 3.58196
112.5 25 3.58453
113 25 3.60959
113.5 25 3.60857
114 25 3.60375
114.5 25 3.62086
115 25 3.61934
115.5 25 3.61228
116 25 3.60161
116.5 25 3.58091
117 25 3.57543
117.5 25 3.59015
118 25 3.63933
118.5 25 3.66474
119 25 3.68434
119.5 25 3.60162
120 25 3.56363
120.5 25 3.53788
121 25 3.51722
121.5 25 3.47991
122 25 3.47275
122.5 25 3.43923
123 25 3.45514
123.5 25 3.47365
124 25 3.46441
124.5 25 3.44341
125 25 3.43724
125.5 25 3.43604
126 25 3.43299
126.5 25 3.42929
127 25 3.4502
127.5 25 3.47981
128 25 3.47881
128.5 25 3.47581
129 25 3.47121
129.5 25 3.46536
130 25 3.45841
130.5 25 3.44807
131 25 3.44442
131.5 25 3.44036
132 25 3.43586
132.5 25 3.43085
133 25 3.4282
85 25.5 3.3546
85.5 25.5 3.353
86 25.5 3.34494
86.5 25.5 3.33736
87 25.5 3.32127
87.5 25.5 3.31751
88 25.5 3.32684
88.5 25.5 3.32163
89 25.5 3.32419
89.5 25.5 3.37099
90 25.5 3.36464
90.5 25.5 3.36064
91 25.5 3.35929
91.5 25.5 3.34674
92 25.5 3.33229
92.5 25.5 3.35637
93 25.5 3.34822
93.5 25.5 3.35373
94 25.5 3.34528
94.5 25.5 3.33953
95 25.5 3.33743
95.5 25.5 3.31411
96 25.5 3.31466
96.5 25.5 3.30276
97 25.5 3.32916
97.5 25.5 3.31761
98 25.5 3.30368
98.5 25.5 3.24113
99 25.5 3.26524
99.5 25.5 3.28284
100 25.5 3.25816
100.5 25.5 3.25312
101 25.5 3.23874
101.5 25.5 3.25525
102 25.5 3.27406
102.5 25.5 3.21407
103 25.5 3.17674
103.5 25.5 3.21476
104 25.5 3.22218
104.5 25.5 3.31933
105 25.5 3.43054
105.5 25.5 3.44512
106 25.5 3.49078
106.5 25.5 3.50308
107 25.5 3.50162
107.5 25.5 3.53492
108 25.5 3.54406
108.5 25.5 3.54744
109 25.5 3.54624
109.5 25.5 3.56387
110 25.5 3.56988
110.5 25.5 3.57293
111 25.5 3.57024
111.5 25.5 3.55158
112 25.5 3.55642
112.5 25.5 3.58244
113 25.5 3.60428
113.5 25.5 3.62308
114 25.5 3.60912
114.5 25.5 3.62767
115 25.5 3.63155
115.5 25.5 3.6179
116 25.5 3.60915
116.5 25.5 3.58157
117 25.5 3.55878
117.5 25.5 3.57055
118 25.5 3.60954
118.5 25.5 3.65249
119 25.5 3.67811
119.5 25.5 3.67705
120 25.5 3.60065
120.5 25.5 3.55686
121 25.5 3.53077
121.5 25.5 3.49981
122 25.5 3.50733
122.5 25.5 3.47528
123 25.5 3.47536
123.5 25.5 3.4691
124 25.5 3.45491
124.5 25.5 3.48218
125 25.5 3.48028
125.5 25.5 3.44219
126 25.5 3.43684
126.5 25.5 3.44541
127 25.5 3.45785
127.5 25.5 3.49051
128 25.5 3.48901
128.5 25.5 3.48501
129 25.5 3.47951
129.5 25.5 3.47281
130 25.5 3.45903
130.5 25.5 3.45593
131 25.5 3.45187
131.5 25.5 3.44697
132 25.5 3.44156
132.5 25.5 3.43621
133 25.5 3.43185
85 26 3.33053
85.5 26 3.32858
86 26 3.31752
86.5 26 3.30849
87 26 3.28675
87.5 26 3.2814
88 26 3.29497
88.5 26 3.28741
89 26 3.29172
89.5 26 3.35594
90 26 3.34839
90.5 26 3.34349
91 26 3.34174
91.5 26 3.32533
92 26 3.30793
92.5 26 3.2941
93 26 3.33123
93.5 26 3.32418
94 26 3.33234
94.5 26 3.32439
95 26 3.32129
95.5 26 3.3054
96 26 3.28916
96.5 26 3.28281
97 26 3.2802
97.5 26 3.2649
98 26 3.30492
98.5 26 3.31375
99 26 3.27666
99.5 26 3.25959
100 26 3.21277
100.5 26 3.20579
101 26 3.24726
101.5 26 3.28954
102 26 3.31822
102.5 26 3.22712
103 26 3.15018
103.5 26 3.17633
104 26 3.17999
104.5 26 3.2749
105 26 3.3702
105.5 26 3.40198
106 26 3.42058
106.5 26 3.49815
107 26 3.50108
107.5 26 3.487
108 26 3.51334
108.5 26 3.52338
109 26 3.55874
109.5 26 3.54358
110 26 3.53533
110.5 26 3.54687
111 26 3.5588
111.5 26 3.58141
112 26 3.5698
112.5 26 3.60423
113 26 3.6196
113.5 26 3.61496
114 26 3.58564
114.5 26 3.62465
115 26 3.62258
115.5 26 3.60266
116 26 3.58192
116.5 26 3.56616
117 26 3.56762
117.5 26 3.57341
118 26 3.61374
118.5 26 3.61542
119 26 3.60413
119.5 26 3.63816
120 26 3.62272
120.5 26 3.57649
121 26 3.57585
121.5 26 3.53992
122 26 3.52687
122.5 26 3.50711
123 26 3.48195
123.5 26 3.48392
124 26 3.49398
124.5 26 3.48753
125 26 3.45204
125.5 26 3.45582
126 26 3.45381
126.5 26 3.46283
127 26 3.46749
127.5 26 3.50231
128 26 3.50006
128.5 26 3.49426
129 26 3.48666
129.5 26 3.47056
130 26 3.46699
130.5 26 3.46328
131 26 3.45863
131.5 26 3.45322
132 26 3.44717
132.5 26 3.4463
133 26 3.43905
85 26.5 3.30686
85.5 26.5 3.30456
86 26.5 3.29045
86.5 26.5 3.27982
87 26.5 3.25243
87.5 26.5 3.24573
88 26.5 3.26364
88.5 26.5 3.25424
89 26.5 3.2599
89.5 26.5 3.27959
90 26.5 3.33269
90.5 26.5 3.32634
91 26.5 3.32409
91.5 26.5 3.30353
92 26.5 3.28353
92.5 26.5 3.26634
93 26.5 3.31528
93.5 26.5 3.30538
94 26.5 3.30153
94.5 26.5 3.3105
95 26.5 3.29286
95.5 26.5 3.28636
96 26.5 3.29286
96.5 26.5 3.26411
97 26.5 3.25329
97.5 26.5 3.25469
98 26.5 3.27468
98.5 26.5 3.30766
99 26.5 3.24408
99.5 26.5 3.19586
100 26.5 3.17019
100.5 26.5 3.18835
101 26.5 3.24822
101.5 26.5 3.3523
102 26.5 3.36352
102.5 26.5 3.2593
103 26.5 3.16951
103.5 26.5 3.16374
104 26.5 3.16073
104.5 26.5 3.24756
105 26.5 3.29638
105.5 26.5 3.33942
106 26.5 3.35915
106.5 26.5 3.35867
107 26.5 3.41202
107.5 26.5 3.42382
108 26.5 3.45392
108.5 26.5 3.50437
109 26.5 3.51518
109.5 26.5 3.52554
110 26.5 3.53435
110.5 26.5 3.5268
111 26.5 3.55704
111.5 26.5 3.58001
112 26.5 3.5837
112.5 26.5 3.61878
113 26.5 3.64228
113.5 26.5 3.6237
114 26.5 3.60637
114.5 26.5 3.62669
115 26.5 3.62038
115.5 26.5 3.62095
116 26.5 3.59309
116.5 26.5 3.56914
117 26.5 3.5875
117.5 26.5 3.62281
118 26.5 3.62395
118.5 26.5 3.62207
119 26.5 3.64896
119.5 26.5 3.63088
120 26.5 3.66636
120.5 26.5 3.63133
121 26.5 3.60751
121.5 26.5 3.58438
122 26.5 3.57863
122.5 26.5 3.542
123 26.5 3.5115
123.5 26.5 3.48699
124 26.5 3.49408
124.5 26.5 3.50127
125 26.5 3.50898
125.5 26.5 3.46142
126 26.5 3.45642
126.5 26.5 3.47383
127 26.5 3.47008
127.5 26.5 3.51366
128 26.5 3.50981
128.5 26.5 3.50171
129 26.5 3.48126
129.5 26.5 3.47785
130 26.5 3.47469
130.5 26.5 3.47009
131 26.5 3.46463
131.5 26.5 3.46914
132 26.5 3.46174
132.5 26.5 3.45379
133 26.5 3.4454
85 27 3.28354
85.5 27 3.28049
86 27 3.26363
86.5 27 3.2514
87 27 3.21831
87.5 27 3.21031
88 27 3.23272
88.5 27 3.22207
89 27 3.22878
89.5 27 3.25196
90 27 3.31829
90.5 27 3.30968
91 27 3.30633
91.5 27 3.28122
92 27 3.25897
92.5 27 3.23844
93 27 3.23846
93.5 27 3.28778
94 27 3.26273
94.5 27 3.25499
95 27 3.2882
95.5 27 3.26671
96 27 3.24735
96.5 27 3.26018
97 27 3.26208
97.5 27 3.26537
98 27 3.29149
98.5 27 3.31677
99 27 3.25974
99.5 27 3.21311
100 27 3.19707
100.5 27 3.17404
101 27 3.19917
101.5 27 3.27169
102 27 3.33388
102.5 27 3.30021
103 27 3.21554
103.5 27 3.21958
104 27 3.19803
104.5 27 3.27291
105 27 3.31437
105.5 27 3.35354
106 27 3.37335
106.5 27 3.36358
107 27 3.35961
107.5 27 3.38321
108 27 3.42102
108.5 27 3.45342
109 27 3.50357
109.5 27 3.51206
110 27 3.53529
110.5 27 3.54202
111 27 3.53722
111.5 27 3.53258
112 27 3.56251
112.5 27 3.61662
113 27 3.6317
113.5 27 3.62437
114 27 3.62929
114.5 27 3.63124
115 27 3.62643
115.5 27 3.63686
116 27 3.59437
116.5 27 3.59808
117 27 3.61814
117.5 27 3.63701
118 27 3.62295
118.5 27 3.61298
119 27 3.58621
119.5 27 3.62127
120 27 3.65227
120.5 27 3.65435
121 27 3.62602
121.5 27 3.60648
122 27 3.57079
122.5 27 3.56064
123 27 3.51952
123.5 27 3.52043
124 27 3.48256
124.5 27 3.49942
125 27 3.50999
125.5 27 3.53149
126 27 3.49955
126.5 27 3.48453
127 27 3.48812
127.5 27 3.5247
128 27 3.51486
128.5 27 3.49121
129 27 3.48746
129.5 27 3.4859
130 27 3.48175
130.5 27 3.4761
131 27 3.48479
131.5 27 3.47744
132 27 3.46914
132.5 27 3.46019
133 27 3.44122
85 27.5 3.26097
85.5 27.5 3.25652
86 27.5 3.23716
86.5 27.5 3.22328
87 27.5 3.18449
87.5 27.5 3.17529
88 27.5 3.20235
88.5 27.5 3.19054
89 27.5 3.19821
89.5 27.5 3.22474
90 27.5 3.23034
90.5 27.5 3.29443
91 27.5 3.26617
91.5 27.5 3.25847
92 27.5 3.26617
92.5 27.5 3.21034
93 27.5 3.21979
93.5 27.5 3.21424
94 27.5 3.25894
94.5 27.5 3.23184
95 27.5 3.23116
95.5 27.5 3.24725
96 27.5 3.2514
96.5 27.5 3.26551
97 27.5 3.28999
97.5 27.5 3.29401
98 27.5 3.27039
98.5 27.5 3.29622
99 27.5 3.24664
99.5 27.5 3.18969
100 27.5 3.16892
100.5 27.5 3.13232
101 27.5 3.13116
101.5 27.5 3.18626
102 27.5 3.28089
102.5 27.5 3.27414
103 27.5 3.27164
103.5 27.5 3.25509
104 27.5 3.28523
104.5 27.5 3.32454
105 27.5 3.36103
105.5 27.5 3.3795
106 27.5 3.4028
106.5 27.5 3.42688
107 27.5 3.39974
107.5 27.5 3.39745
108 27.5 3.41553
108.5 27.5 3.43011
109 27.5 3.45958
109.5 27.5 3.49502
110 27.5 3.50571
110.5 27.5 3.5098
111 27.5 3.50739
111.5 27.5 3.5244
112 27.5 3.57317
112.5 27.5 3.62384
113 27.5 3.64194
113.5 27.5 3.61329
114 27.5 3.62667
114.5 27.5 3.64819
115 27.5 3.6367
115.5 27.5 3.63084
116 27.5 3.61032
116.5 27.5 3.5962
117 27.5 3.59646
117.5 27.5 3.6052
118 27.5 3.60994
118.5 27.5 3.59649
119 27.5 3.57746
119.5 27.5 3.59959
120 27.5 3.62975
120.5 27.5 3.63552
121 27.5 3.63826
121.5 27.5 3.62042
122 27.5 3.57765
122.5 27.5 3.58729
123 27.5 3.55611
123.5 27.5 3.54654
124 27.5 3.52142
124.5 27.5 3.5303
125 27.5 3.51225
125.5 27.5 3.52851
126 27.5 3.52197
126.5 27.5 3.49933
127 27.5 3.51825
127.5 27.5 3.50038
128 27.5 3.50146
128.5 27.5 3.48677
129 27.5 3.48397
129.5 27.5 3.49306
130 27.5 3.48716
130.5 27.5 3.49998
131 27.5 3.49258
131.5 27.5 3.48419
132 27.5 3.45243
132.5 27.5 3.44912
133 27.5 3.44537
85 28 3.24056
85.5 28 3.23265
86 28 3.24056
86.5 28 3.19551
87 28 3.20472
87.5 28 3.14062
88 28 3.15212
88.5 28 3.15962
89 28 3.16988
89.5 28 3.19792
90 28 3.20683
90.5 28 3.16149
91 28 3.27033
91.5 28 3.23531
92 28 3.20981
92.5 28 3.18213
93 28 3.18055
93.5 28 3.18693
94 28 3.19531
94.5 28 3.21751
95 28 3.23258
95.5 28 3.25283
96 28 3.2648
96.5 28 3.28305
97 28 3.28632
97.5 28 3.29415
98 28 3.30333
98.5 28 3.26169
99 28 3.24554
99.5 28 3.19847
100 28 3.14394
100.5 28 3.12638
101 28 3.11841
101.5 28 3.19291
102 28 3.28451
102.5 28 3.27774
103 28 3.2443
103.5 28 3.33108
104 28 3.36202
104.5 28 3.3885
105 28 3.41847
105.5 28 3.4201
106 28 3.45073
106.5 28 3.42398
107 28 3.4195
107.5 28 3.39605
108 28 3.41712
108.5 28 3.4538
109 28 3.4791
109.5 28 3.53276
110 28 3.5013
110.5 28 3.51375
111 28 3.50719
111.5 28 3.52543
112 28 3.56066
112.5 28 3.60853
113 28 3.63865
113.5 28 3.61331
114 28 3.61727
114.5 28 3.58373
115 28 3.63028
115.5 28 3.61686
116 28 3.62183
116.5 28 3.59568
117 28 3.58384
117.5 28 3.58467
118 28 3.57914
118.5 28 3.55919
119 28 3.5262
119.5 28 3.56492
120 28 3.61985
120.5 28 3.62851
121 28 3.62401
121.5 28 3.60653
122 28 3.58562
122.5 28 3.58475
123 28 3.5742
123.5 28 3.53977
124 28 3.52891
124.5 28 3.533
125 28 3.53033
125.5 28 3.52956
126 28 3.521
126.5 28 3.54575
127 28 3.49088
127.5 28 3.47268
128 28 3.4823
128.5 28 3.49537
129 28 3.50407
129.5 28 3.51822
130 28 3.51468
130.5 28 3.50703
131 28 3.49818
131.5 28 3.46233
132 28 3.45843
132.5 28 3.45358
133 28 3.44922
85 28.5 3.2298
85.5 28.5 3.20893
86 28.5 3.18522
86.5 28.5 3.16809
87 28.5 3.1181
87.5 28.5 3.1064
88 28.5 3.1432
88.5 28.5 3.12936
89 28.5 3.13887
89.5 28.5 3.1715
90 28.5 3.17445
90.5 28.5 3.13002
91 28.5 3.10713
91.5 28.5 3.11019
92 28.5 3.12137
92.5 28.5 3.14524
93 28.5 3.15482
93.5 28.5 3.18793
94 28.5 3.21419
94.5 28.5 3.22996
95 28.5 3.25167
95.5 28.5 3.28735
96 28.5 3.30041
96.5 28.5 3.31021
97 28.5 3.29573
97.5 28.5 3.23043
98 28.5 3.22351
98.5 28.5 3.22307
99 28.5 3.19724
99.5 28.5 3.19737
100 28.5 3.09722
100.5 28.5 3.08035
101 28.5 3.10127
101.5 28.5 3.21803
102 28.5 3.32099
102.5 28.5 3.27423
103 28.5 3.2584
103.5 28.5 3.34278
104 28.5 3.39124
104.5 28.5 3.46896
105 28.5 3.46622
105.5 28.5 3.46801
106 28.5 3.47743
106.5 28.5 3.46271
107 28.5 3.44037
107.5 28.5 3.43843
108 28.5 3.44274
108.5 28.5 3.45437
109 28.5 3.48262
109.5 28.5 3.53539
110 28.5 3.5788
110.5 28.5 3.50793
111 28.5 3.48595
111.5 28.5 3.50061
112 28.5 3.55031
112.5 28.5 3.60017
113 28.5 3.62659
113.5 28.5 3.61007
114 28.5 3.62888
114.5 28.5 3.61084
115 28.5 3.62696
115.5 28.5 3.62655
116 28.5 3.62324
116.5 28.5 3.61485
117 28.5 3.60414
117.5 28.5 3.58644
118 28.5 3.57319
118.5 28.5 3.5669
119 28.5 3.54716
119.5 28.5 3.57315
120 28.5 3.5801
120.5 28.5 3.59679
121 28.5 3.61357
121.5 28.5 3.6111
122 28.5 3.59832
122.5 28.5 3.60402
123 28.5 3.59875
123.5 28.5 3.59774
124 28.5 3.56584
124.5 28.5 3.54493
125 28.5 3.5273
125.5 28.5 3.52929
126 28.5 3.53481
126.5 28.5 3.50726
127 28.5 3.509
127.5 28.5 3.49106
128 28.5 3.48816
128.5 28.5 3.51637
129 28.5 3.53093
129.5 28.5 3.52887
130 28.5 3.51952
130.5 28.5 3.50998
131 28.5 3.47289
131.5 28.5 3.46894
132 28.5 3.46364
132.5 28.5 3.43439
133 28.5 3.43218
85 29 3.24056
85.5 29 3.13014
86 29 3.11938
86.5 29 3.08689
87 29 3.0701
87.5 29 3.07616
88 29 3.07906
88.5 29 3.08371
89 29 3.09206
89.5 29 3.09695
90 29 3.12911
90.5 29 3.10561
91 29 3.08257
91.5 29 3.07307
92 29 3.08817
92.5 29 3.11331
93 29 3.14756
93.5 29 3.19278
94 29 3.22732
94.5 29 3.25541
95 29 3.26432
95.5 29 3.28554
96 29 3.29807
96.5 29 3.30241
97 29 3.274
97.5 29 3.18904
98 29 3.16242
98.5 29 3.15971
99 29 3.1464
99.5 29 3.1176
100 29 3.11797
100.5 29 3.02705
101 29 3.06089
101.5 29 3.16004
102 29 3.25705
102.5 29 3.34651
103 29 3.34737
103.5 29 3.39068
104 29 3.4385
104.5 29 3.45611
105 29 3.47605
105.5 29 3.49563
106 29 3.49656
106.5 29 3.49408
107 29 3.47238
107.5 29 3.44472
108 29 3.44113
108.5 29 3.44932
109 29 3.4653
109.5 29 3.48349
110 29 3.51619
110.5 29 3.51787
111 29 3.5192
111.5 29 3.52835
112 29 3.58154
112.5 29 3.61909
113 29 3.63992
113.5 29 3.5777
114 29 3.58548
114.5 29 3.57263
115 29 3.60151
115.5 29 3.59402
116 29 3.6051
116.5 29 3.61599
117 29 3.60004
117.5 29 3.60123
118 29 3.61652
118.5 29 3.58166
119 29 3.57852
119.5 29 3.56534
120 29 3.56204
120.5 29 3.60143
121 29 3.60971
121.5 29 3.60334
122 29 3.59785
122.5 29 3.61282
123 29 3.61274
123.5 29 3.61008
124 29 3.57722
124.5 29 3.55267
125 29 3.52902
125.5 29 3.54616
126 29 3.52199
126.5 29 3.56408
127 29 3.531
127.5 29 3.51056
128 29 3.50902
128.5 29 3.50188
129 29 3.51357
129.5 29 3.48315
130 29 3.51468
130.5 29 3.48264
131 29 3.47999
131.5 29 3.47434
132 29 3.44209
132.5 29 3.43789
133 29 3.42144
85 29.5 3.04538
85.5 29.5 3.01764
86 29.5 3.0345
86.5 29.5 3.03496
87 29.5 3.04499
87.5 29.5 3.06591
88 29.5 3.09642
88.5 29.5 3.07483
89 29.5 3.10448
89.5 29.5 3.12197
90 29.5 3.06534
90.5 29.5 3.12918
91 29.5 3.1269
91.5 29.5 3.12537
92 29.5 3.10611
92.5 29.5 3.12456
93 29.5 3.1471
93.5 29.5 3.17322
94 29.5 3.17115
94.5 29.5 3.16024
95 29.5 3.18199
95.5 29.5 3.19923
96 29.5 3.22138
96.5 29.5 3.22668
97 29.5 3.21246
97.5 29.5 3.17695
98 29.5 3.15535
98.5 29.5 3.16004
99 29.5 3.13945
99.5 29.5 3.14861
100 29.5 3.07962
100.5 29.5 3.09389
101 29.5 3.07673
101.5 29.5 3.1479
102 29.5 3.20773
102.5 29.5 3.36078
103 29.5 3.37294
103.5 29.5 3.39632
104 29.5 3.44497
104.5 29.5 3.47799
105 29.5 3.48112
105.5 29.5 3.51587
106 29.5 3.51558
106.5 29.5 3.52139
107 29.5 3.48627
107.5 29.5 3.44274
108 29.5 3.42147
108.5 29.5 3.43433
109 29.5 3.41872
109.5 29.5 3.44108
110 29.5 3.46568
110.5 29.5 3.48993
111 29.5 3.50385
111.5 29.5 3.55003
112 29.5 3.59021
112.5 29.5 3.61852
113 29.5 3.61471
113.5 29.5 3.55122
114 29.5 3.537
114.5 29.5 3.53469
115 29.5 3.55703
115.5 29.5 3.57762
116 29.5 3.58688
116.5 29.5 3.57764
117 29.5 3.59656
117.5 29.5 3.61304
118 29.5 3.6089
118.5 29.5 3.6073
119 29.5 3.58517
119.5 29.5 3.58311
120 29.5 3.59283
120.5 29.5 3.59911
121 29.5 3.60067
121.5 29.5 3.61101
122 29.5 3.62538
122.5 29.5 3.62885
123 29.5 3.60907
123.5 29.5 3.62314
124 29.5 3.58816
124.5 29.5 3.57107
125 29.5 3.55076
125.5 29.5 3.49479
126 29.5 3.49622
126.5 29.5 3.53463
127 29.5 3.54057
127.5 29.5 3.52294
128 29.5 3.50184
128.5 29.5 3.50446
129 29.5 3.50947
129.5 29.5 3.49535
130 29.5 3.47946
130.5 29.5 3.49195
131 29.5 3.4837
131.5 29.5 3.45135
132 29.5 3.44665
132.5 29.5 3.42684
133 29.5 3.42359
85 30 3.02844
85.5 30 3.04378
86 30 3.06526
86.5 30 3.07064
87 30 3.07667
87.5 30 3.09086
88 30 3.10544
88.5 30 3.09519
89 30 3.09974
89.5 30 3.12682
90 30 3.13051
90.5 30 3.06122
91 30 3.11118
91.5 30 3.11958
92 30 3.11606
92.5 30 3.11234
93 30 3.12898
93.5 30 3.13904
94 30 3.14504
94.5 30 3.12113
95 30 3.13912
95.5 30 3.15921
96 30 3.16084
96.5 30 3.16184
97 30 3.17518
97.5 30 3.15858
98 30 3.13366
98.5 30 3.13274
99 30 3.1707
99.5 30 3.15351
100 30 3.11874
100.5 30 3.15483
101 30 3.16976
101.5 30 3.16688
102 30 3.20182
102.5 30 3.33411
103 30 3.38276
103.5 30 3.39299
104 30 3.41707
104.5 30 3.45964
105 30 3.48347
105.5 30 3.49037
106 30 3.5054
106.5 30 3.49002
107 30 3.46513
107.5 30 3.43775
108 30 3.42389
108.5 30 3.41251
109 30 3.39648
109.5 30 3.40497
110 30 3.42981
110.5 30 3.45404
111 30 3.48214
111.5 30 3.51817
112 30 3.54351
112.5 30 3.55583
113 30 3.56151
113.5 30 3.53978
114 30 3.53141
114.5 30 3.5517
115 30 3.5486
115.5 30 3.55858
116 30 3.55174
116.5 30 3.58111
117 30 3.59045
117.5 30 3.59085
118 30 3.57497
118.5 30 3.56187
119 30 3.55712
119.5 30 3.5823
120 30 3.59268
120.5 30 3.60075
121 30 3.58501
121.5 30 3.58776
122 30 3.57722
122.5 30 3.59091
123 30 3.59006
123.5 30 3.63134
124 30 3.60567
124.5 30 3.59531
125 30 3.56982
125.5 30 3.5376
126 30 3.53036
126.5 30 3.53225
127 30 3.52732
127.5 30 3.54271
128 30 3.52424
128.5 30 3.49645
129 30 3.50337
129.5 30 3.50999
130 30 3.48742
130.5 30 3.46352
131 30 3.4605
131.5 30 3.43775
132 30 3.43555
132.5 30 3.43084
133 30 3.42361
85 30.5 3.08105
85.5 30.5 3.10883
86 30.5 3.1624
86.5 30.5 3.13089
87 30.5 3.14508
87.5 30.5 3.13856
88 30.5 3.14726
88.5 30.5 3.13415
89 30.5 3.12289
89.5 30.5 3.10774
90 30.5 3.10859
90.5 30.5 3.11959
91 30.5 3.09518
91.5 30.5 3.0977
92 30.5 3.09587
92.5 30.5 3.08949
93 30.5 3.1152
93.5 30.5 3.11909
94 30.5 3.1187
94.5 30.5 3.14406
95 30.5 3.12847
95.5 30.5 3.15822
96 30.5 3.15343
96.5 30.5 3.14191
97 30.5 3.12035
97.5 30.5 3.12458
98 30.5 3.11326
98.5 30.5 3.10683
99 30.5 3.12418
99.5 30.5 3.12847
100 30.5 3.12664
100.5 30.5 3.12398
101 30.5 3.19458
101.5 30.5 3.22427
102 30.5 3.19247
102.5 30.5 3.24101
103 30.5 3.3592
103.5 30.5 3.37749
104 30.5 3.43395
104.5 30.5 3.45384
105 30.5 3.46993
105.5 30.5 3.46613
106 30.5 3.52191
106.5 30.5 3.48344
107 30.5 3.4314
107.5 30.5 3.41739
108 30.5 3.40404
108.5 30.5 3.40693
109 30.5 3.40999
109.5 30.5 3.42168
110 30.5 3.43452
110.5 30.5 3.43649
111 30.5 3.46874
111.5 30.5 3.52309
112 30.5 3.55644
112.5 30.5 3.55801
113 30.5 3.53114
113.5 30.5 3.51222
114 30.5 3.53609
114.5 30.5 3.56601
115 30.5 3.56398
115.5 30.5 3.55569
116 30.5 3.52335
116.5 30.5 3.52849
117 30.5 3.55285
117.5 30.5 3.55475
118 30.5 3.54711
118.5 30.5 3.55438
119 30.5 3.53913
119.5 30.5 3.57218
120 30.5 3.56689
120.5 30.5 3.58276
121 30.5 3.57677
121.5 30.5 3.58963
122 30.5 3.5979
122.5 30.5 3.61925
123 30.5 3.58421
123.5 30.5 3.6273
124 30.5 3.60849
124.5 30.5 3.59176
125 30.5 3.56169
125.5 30.5 3.52686
126 30.5 3.51688
126.5 30.5 3.55001
127 30.5 3.55213
127.5 30.5 3.59293
128 30.5 3.5116
128.5 30.5 3.49633
129 30.5 3.5077
129.5 30.5 3.52107
130 30.5 3.50951
130.5 30.5 3.45367
131 30.5 3.45966
131.5 30.5 3.4446
132 30.5 3.4387
132.5 30.5 3.43131
133 30.5 3.42706
85 31 3.08798
85.5 31 3.14455
86 31 3.15931
86.5 31 3.17113
87 31 3.15627
87.5 31 3.15135
88 31 3.15145
88.5 31 3.14443
89 31 3.13787
89.5 31 3.11306
90 31 3.08537
90.5 31 3.10217
91 31 3.10126
91.5 31 3.09641
92 31 3.1046
92.5 31 3.0905
93 31 3.12069
93.5 31 3.1407
94 31 3.14669
94.5 31 3.10989
95 31 3.14206
95.5 31 3.14548
96 31 3.15484
96.5 31 3.11628
97 31 3.12193
97.5 31 3.13118
98 31 3.13988
98.5 31 3.13133
99 31 3.12253
99.5 31 3.1213
100 31 3.1346
100.5 31 3.15612
101 31 3.15748
101.5 31 3.20701
102 31 3.23463
102.5 31 3.19421
103 31 3.30263
103.5 31 3.37054
104 31 3.40061
104.5 31 3.39946
105 31 3.45107
105.5 31 3.41222
106 31 3.44858
106.5 31 3.47822
107 31 3.42038
107.5 31 3.41367
108 31 3.39099
108.5 31 3.3954
109 31 3.42145
109.5 31 3.42637
110 31 3.43167
110.5 31 3.44163
111 31 3.48405
111.5 31 3.53447
112 31 3.55495
112.5 31 3.53856
113 31 3.53481
113.5 31 3.51224
114 31 3.5305
114.5 31 3.57357
115 31 3.56234
115.5 31 3.55139
116 31 3.501
116.5 31 3.4942
117 31 3.50704
117.5 31 3.53589
118 31 3.55385
118.5 31 3.54554
119 31 3.55396
119.5 31 3.55099
120 31 3.55119
120.5 31 3.57117
121 31 3.57531
121.5 31 3.59483
122 31 3.57945
122.5 31 3.55004
123 31 3.57417
123.5 31 3.59394
124 31 3.59402
124.5 31 3.56899
125 31 3.53442
125.5 31 3.55831
126 31 3.56634
126.5 31 3.55857
127 31 3.6066
127.5 31 3.53985
128 31 3.52433
128.5 31 3.51329
129 31 3.5174
129.5 31 3.48864
130 31 3.51276
130.5 31 3.47165
131 31 3.42428
131.5 31 3.40569
132 31 3.43947
132.5 31 3.4238
133 31 3.4216
85 31.5 3.10925
85.5 31.5 3.10982
86 31.5 3.11494
86.5 31.5 3.11307
87 31.5 3.12555
87.5 31.5 3.12688
88 31.5 3.11977
88.5 31.5 3.09987
89 31.5 3.09996
89.5 31.5 3.06452
90 31.5 3.05456
90.5 31.5 3.07251
91 31.5 3.09584
91.5 31.5 3.09855
92 31.5 3.08809
92.5 31.5 3.10711
93 31.5 3.12245
93.5 31.5 3.12668
94 31.5 3.14504
94.5 31.5 3.14772
95 31.5 3.11303
95.5 31.5 3.11185
96 31.5 3.1169
96.5 31.5 3.11702
97 31.5 3.06666
97.5 31.5 3.11054
98 31.5 3.14355
98.5 31.5 3.16244
99 31.5 3.15783
99.5 31.5 3.12757
100 31.5 3.09899
100.5 31.5 3.13076
101 31.5 3.20701
101.5 31.5 3.21076
102 31.5 3.20973
102.5 31.5 3.22107
103 31.5 3.24295
103.5 31.5 3.34887
104 31.5 3.41239
104.5 31.5 3.37201
105 31.5 3.40938
105.5 31.5 3.45783
106 31.5 3.42201
106.5 31.5 3.44641
107 31.5 3.38755
107.5 31.5 3.38241
108 31.5 3.38483
108.5 31.5 3.36991
109 31.5 3.39532
109.5 31.5 3.40988
110 31.5 3.42726
110.5 31.5 3.46907
111 31.5 3.51609
111.5 31.5 3.52911
112 31.5 3.54671
112.5 31.5 3.56486
113 31.5 3.57998
113.5 31.5 3.55987
114 31.5 3.56719
114.5 31.5 3.57742
115 31.5 3.5615
115.5 31.5 3.54098
116 31.5 3.49724
116.5 31.5 3.50411
117 31.5 3.52669
117.5 31.5 3.5504
118 31.5 3.56288
118.5 31.5 3.56631
119 31.5 3.54696
119.5 31.5 3.53927
120 31.5 3.51728
120.5 31.5 3.51996
121 31.5 3.51061
121.5 31.5 3.53472
122 31.5 3.57396
122.5 31.5 3.58282
123 31.5 3.57807
123.5 31.5 3.56875
124 31.5 3.57613
124.5 31.5 3.56109
125 31.5 3.55146
125.5 31.5 3.57769
126 31.5 3.59052
126.5 31.5 3.57254
127 31.5 3.55392
127.5 31.5 3.5498
128 31.5 3.53698
128.5 31.5 3.50615
129 31.5 3.50711
129.5 31.5 3.5021
130 31.5 3.52581
130.5 31.5 3.4822
131 31.5 3.36972
131.5 31.5 3.363
132 31.5 3.40156
132.5 31.5 3.43075
133 31.5 3.4791
85 32 3.07819
85.5 32 3.08233
86 32 3.07953
86.5 32 3.0976
87 32 3.09163
87.5 32 3.08882
88 32 3.07262
88.5 32 3.06927
89 32 3.06187
89.5 32 3.03597
90 32 3.03892
90.5 32 3.06538
91 32 3.08411
91.5 32 3.10531
92 32 3.11166
92.5 32 3.10826
93 32 3.1204
93.5 32 3.13073
94 32 3.13142
94.5 32 3.12696
95 32 3.10156
95.5 32 3.07697
96 32 3.07244
96.5 32 3.08612
97 32 3.10101
97.5 32 3.09566
98 32 3.13814
98.5 32 3.15581
99 32 3.1552
99.5 32 3.14302
100 32 3.09729
100.5 32 3.11462
101 32 3.17009
101.5 32 3.19855
102 32 3.21957
102.5 32 3.23892
103 32 3.22773
103.5 32 3.27265
104 32 3.36136
104.5 32 3.39178
105 32 3.44207
105.5 32 3.4476
106 32 3.42127
106.5 32 3.43904
107 32 3.41747
107.5 32 3.40937
108 32 3.40495
108.5 32 3.38775
109 32 3.36294
109.5 32 3.35172
110 32 3.3841
110.5 32 3.45615
111 32 3.50657
111.5 32 3.52399
112 32 3.52695
112.5 32 3.5651
113 32 3.57361
113.5 32 3.56386
114 32 3.57736
114.5 32 3.57711
115 32 3.55469
115.5 32 3.56779
116 32 3.52762
116.5 32 3.51383
117 32 3.52477
117.5 32 3.54268
118 32 3.54363
118.5 32 3.53986
119 32 3.53403
119.5 32 3.51634
120 32 3.48019
120.5 32 3.49579
121 32 3.4989
121.5 32 3.50359
122 32 3.50609
122.5 32 3.53129
123 32 3.56939
123.5 32 3.5703
124 32 3.58964
124.5 32 3.63662
125 32 3.60548
125.5 32 3.59014
126 32 3.60123
126.5 32 3.57543
127 32 3.55776
127.5 32 3.53175
128 32 3.53333
128.5 32 3.52551
129 32 3.50233
129.5 32 3.51512
130 32 3.5186
130.5 32 3.48488
131 32 3.38365
131.5 32 3.40333
132 32 3.37931
132.5 32 3.37736
133 32 3.42332
85 32.5 3.04674
85.5 32.5 3.05843
86 32.5 3.08237
86.5 32.5 3.09476
87 32.5 3.1021
87.5 32.5 3.10139
88 32.5 3.12069
88.5 32.5 3.10874
89 32.5 3.09048
89.5 32.5 3.05122
90 32.5 3.04067
90.5 32.5 3.05391
91 32.5 3.06243
91.5 32.5 3.07896
92 32.5 3.0962
92.5 32.5 3.0902
93 32.5 3.08742
93.5 32.5 3.10623
94 32.5 3.12203
94.5 32.5 3.1158
95 32.5 3.09132
95.5 32.5 3.07383
96 32.5 3.06499
96.5 32.5 3.04946
97 32.5 3.09803
97.5 32.5 3.13144
98 32.5 3.14254
98.5 32.5 3.15805
99 32.5 3.13516
99.5 32.5 3.11519
100 32.5 3.1096
100.5 32.5 3.12946
101 32.5 3.16122
101.5 32.5 3.17057
102 32.5 3.14353
102.5 32.5 3.14617
103 32.5 3.12055
103.5 32.5 3.16728
104 32.5 3.25366
104.5 32.5 3.34939
105 32.5 3.45824
105.5 32.5 3.4486
106 32.5 3.47055
106.5 32.5 3.47832
107 32.5 3.45434
107.5 32.5 3.44864
108 32.5 3.44208
108.5 32.5 3.41925
109 32.5 3.38573
109.5 32.5 3.36135
110 32.5 3.39589
110.5 32.5 3.45163
111 32.5 3.49794
111.5 32.5 3.49355
112 32.5 3.50475
112.5 32.5 3.54038
113 32.5 3.56425
113.5 32.5 3.58359
114 32.5 3.58511
114.5 32.5 3.55895
115 32.5 3.54607
115.5 32.5 3.56722
116 32.5 3.55454
116.5 32.5 3.58016
117 32.5 3.58607
117.5 32.5 3.5551
118 32.5 3.54473
118.5 32.5 3.53752
119 32.5 3.53584
119.5 32.5 3.49319
120 32.5 3.44614
120.5 32.5 3.43479
121 32.5 3.43143
121.5 32.5 3.46345
122 32.5 3.48337
122.5 32.5 3.48383
123 32.5 3.52064
123.5 32.5 3.55443
124 32.5 3.57748
124.5 32.5 3.61244
125 32.5 3.58335
125.5 32.5 3.59198
126 32.5 3.59368
126.5 32.5 3.60654
127 32.5 3.57997
127.5 32.5 3.5496
128 32.5 3.53413
128.5 32.5 3.53923
129 32.5 3.51337
129.5 32.5 3.4943
130 32.5 3.46918
130.5 32.5 3.42904
131 32.5 3.40832
131.5 32.5 3.40284
132 32.5 3.43127
132.5 32.5 3.40522
133 32.5 3.45248
85 33 3.04748
85.5 33 3.10346
86 33 3.13806
86.5 33 3.13775
87 33 3.15659
87.5 33 3.14315
88 33 3.13606
88.5 33 3.10649
89 33 3.08218
89.5 33 3.04587
90 33 3.02441
90.5 33 3.03336
91 33 3.03262
91.5 33 3.04205
92 33 3.03825
92.5 33 3.03205
93 33 3.04418
93.5 33 3.03233
94 33 3.02981
94.5 33 3.02764
95 33 3.04012
95.5 33 3.07887
96 33 3.10007
96.5 33 3.12923
97 33 3.15949
97.5 33 3.16764
98 33 3.13008
98.5 33 3.13774
99 33 3.10298
99.5 33 3.09788
100 33 3.10465
100.5 33 3.12796
101 33 3.14942
101.5 33 3.14322
102 33 3.12955
102.5 33 3.08153
103 33 3.08959
103.5 33 3.10776
104 33 3.16258
104.5 33 3.33674
105 33 3.42445
105.5 33 3.43729
106 33 3.47601
106.5 33 3.45768
107 33 3.46261
107.5 33 3.47665
108 33 3.46489
108.5 33 3.4704
109 33 3.44005
109.5 33 3.40838
110 33 3.42804
110.5 33 3.43838
111 33 3.49335
111.5 33 3.51395
112 33 3.51723
112.5 33 3.54079
113 33 3.57502
113.5 33 3.57659
114 33 3.54439
114.5 33 3.51136
115 33 3.51344
115.5 33 3.53592
116 33 3.53698
116.5 33 3.54959
117 33 3.55095
117.5 33 3.5493
118 33 3.55973
118.5 33 3.53602
119 33 3.4815
119.5 33 3.45903
120 33 3.43691
120.5 33 3.43503
121 33 3.43483
121.5 33 3.45436
122 33 3.54941
122.5 33 3.51921
123 33 3.51621
123.5 33 3.53566
124 33 3.55652
124.5 33 3.58605
125 33 3.58799
125.5 33 3.60504
126 33 3.61572
126.5 33 3.62694
127 33 3.60239
127.5 33 3.5677
128 33 3.54261
128.5 33 3.53741
129 33 3.54353
129.5 33 3.51287
130 33 3.46945
130.5 33 3.4285
131 33 3.41462
131.5 33 3.43931
132 33 3.49171
132.5 33 3.47761
133 33 3.47806
85 33.5 3.08128
85.5 33.5 3.11421
86 33.5 3.13394
86.5 33.5 3.14296
87 33.5 3.1587
87.5 33.5 3.13506
88 33.5 3.10967
88.5 33.5 3.08401
89 33.5 3.05559
89.5 33.5 3.01908
90 33.5 3.00571
90.5 33.5 3.00402
91 33.5 3.00098
91.5 33.5 3.03308
92 33.5 3.03155
92.5 33.5 3.01238
93 33.5 3.00006
93.5 33.5 2.99531
94 33.5 3.00678
94.5 33.5 3.03922
95 33.5 3.06251
95.5 33.5 3.06472
96 33.5 3.10017
96.5 33.5 3.13156
97 33.5 3.14532
97.5 33.5 3.1255
98 33.5 3.09502
98.5 33.5 3.08439
99 33.5 3.08219
99.5 33.5 3.05534
100 33.5 3.07027
100.5 33.5 3.11001
101 33.5 3.13001
101.5 33.5 3.12387
102 33.5 3.11629
102.5 33.5 3.08779
103 33.5 3.0869
103.5 33.5 3.10174
104 33.5 3.24851
104.5 33.5 3.3731
105 33.5 3.33973
105.5 33.5 3.40608
106 33.5 3.45391
106.5 33.5 3.45309
107 33.5 3.46004
107.5 33.5 3.44685
108 33.5 3.47985
108.5 33.5 3.4947
109 33.5 3.46168
109.5 33.5 3.44769
110 33.5 3.4537
110.5 33.5 3.48965
111 33.5 3.49969
111.5 33.5 3.52258
112 33.5 3.53877
112.5 33.5 3.5101
113 33.5 3.5659
113.5 33.5 3.56378
114 33.5 3.52593
114.5 33.5 3.52487
115 33.5 3.53879
115.5 33.5 3.50969
116 33.5 3.50535
116.5 33.5 3.52643
117 33.5 3.54984
117.5 33.5 3.54068
118 33.5 3.56258
118.5 33.5 3.56747
119 33.5 3.54837
119.5 33.5 3.4955
120 33.5 3.44938
120.5 33.5 3.43068
121 33.5 3.44507
121.5 33.5 3.49803
122 33.5 3.49344
122.5 33.5 3.56433
123 33.5 3.5344
123.5 33.5 3.55963
124 33.5 3.55396
124.5 33.5 3.58249
125 33.5 3.58408
125.5 33.5 3.61297
126 33.5 3.63247
126.5 33.5 3.62636
127 33.5 3.61708
127.5 33.5 3.59264
128 33.5 3.57445
128.5 33.5 3.57266
129 33.5 3.55804
129.5 33.5 3.54407
130 33.5 3.49448
130.5 33.5 3.45783
131 33.5 3.47873
131.5 33.5 3.52362
132 33.5 3.49918
132.5 33.5 3.4612
133 33.5 3.47787
85 34 3.07495
85.5 34 3.09087
86 34 3.10734
86.5 34 3.116
87 34 3.13034
87.5 34 3.11123
88 34 3.09452
88.5 34 3.05729
89 34 3.03539
89.5 34 3.02481
90 34 2.99291
90.5 34 2.98507
91 34 2.97172
91.5 34 2.97073
92 34 2.98248
92.5 34 2.99349
93 34 2.99093
93.5 34 3.00389
94 34 3.01058
94.5 34 3.04062
95 34 3.08112
95.5 34 3.14107
96 34 3.16701
96.5 34 3.16566
97 34 3.12533
97.5 34 3.08033
98 34 3.05218
98.5 34 3.03962
99 34 3.04192
99.5 34 3.0581
100 34 3.08581
100.5 34 3.1026
101 34 3.13347
101.5 34 3.13096
102 34 3.11191
102.5 34 3.10879
103 34 3.09803
103.5 34 3.16086
104 34 3.26824
104.5 34 3.29101
105 34 3.30737
105.5 34 3.38604
106 34 3.44412
106.5 34 3.46523
107 34 3.45968
107.5 34 3.46813
108 34 3.45016
108.5 34 3.43024
109 34 3.40492
109.5 34 3.44893
110 34 3.47687
110.5 34 3.50695
111 34 3.49382
111.5 34 3.49958
112 34 3.51867
112.5 34 3.52846
113 34 3.56338
113.5 34 3.55135
114 34 3.5168
114.5 34 3.51075
115 34 3.51922
115.5 34 3.48773
116 34 3.48437
116.5 34 3.49233
117 34 3.5186
117.5 34 3.5198
118 34 3.56195
118.5 34 3.58081
119 34 3.56458
119.5 34 3.54824
120 34 3.48271
120.5 34 3.47847
121 34 3.47246
121.5 34 3.47473
122 34 3.49784
122.5 34 3.51563
123 34 3.51366
123.5 34 3.56864
124 34 3.56968
124.5 34 3.58127
125 34 3.58989
125.5 34 3.59582
126 34 3.57983
126.5 34 3.5977
127 34 3.59819
127.5 34 3.61388
128 34 3.60505
128.5 34 3.59909
129 34 3.57281
129.5 34 3.56742
130 34 3.53317
130.5 34 3.53528
131 34 3.55035
131.5 34 3.53197
132 34 3.51408
132.5 34 3.4911
133 34 3.53348
85 34.5 3.07885
85.5 34.5 3.09166
86 34.5 3.09002
86.5 34.5 3.0856
87 34.5 3.08865
87.5 34.5 3.08739
88 34.5 3.06932
88.5 34.5 3.03395
89 34.5 3.01053
89.5 34.5 2.99466
90 34.5 2.98247
90.5 34.5 2.98216
91 34.5 2.96686
91.5 34.5 2.94396
92 34.5 2.95296
92.5 34.5 2.95127
93 34.5 3.00209
93.5 34.5 3.02966
94 34.5 3.07135
94.5 34.5 3.09375
95 34.5 3.10596
95.5 34.5 3.11961
96 34.5 3.14368
96.5 34.5 3.11052
97 34.5 3.06418
97.5 34.5 3.03357
98 34.5 3.02657
98.5 34.5 3.0575
99 34.5 3.09226
99.5 34.5 3.12215
100 34.5 3.12367
100.5 34.5 3.14165
101 34.5 3.14431
101.5 34.5 3.17797
102 34.5 3.13408
102.5 34.5 3.1234
103 34.5 3.15854
103.5 34.5 3.22044
104 34.5 3.26853
104.5 34.5 3.28935
105 34.5 3.31812
105.5 34.5 3.376
106 34.5 3.39617
106.5 34.5 3.43695
107 34.5 3.44647
107.5 34.5 3.47651
108 34.5 3.45919
108.5 34.5 3.3905
109 34.5 3.40062
109.5 34.5 3.45225
110 34.5 3.458
110.5 34.5 3.4616
111 34.5 3.4614
111.5 34.5 3.46614
112 34.5 3.49201
112.5 34.5 3.51237
113 34.5 3.52717
113.5 34.5 3.54404
114 34.5 3.50661
114.5 34.5 3.49105
115 34.5 3.50071
115.5 34.5 3.48916
116 34.5 3.51077
116.5 34.5 3.51989
117 34.5 3.53436
117.5 34.5 3.545
118 34.5 3.55646
118.5 34.5 3.60079
119 34.5 3.59473
119.5 34.5 3.56084
120 34.5 3.54555
120.5 34.5 3.53354
121 34.5 3.56508
121.5 34.5 3.51899
122 34.5 3.51541
122.5 34.5 3.50047
123 34.5 3.4849
123.5 34.5 3.49654
124 34.5 3.53653
124.5 34.5 3.54139
125 34.5 3.57228
125.5 34.5 3.58457
126 34.5 3.60897
126.5 34.5 3.62066
127 34.5 3.63425
127.5 34.5 3.63619
128 34.5 3.62639
128.5 34.5 3.60014
129 34.5 3.57563
129.5 34.5 3.55603
130 34.5 3.50452
130.5 34.5 3.53184
131 34.5 3.55083
131.5 34.5 3.54244
132 34.5 3.55032
132.5 34.5 3.55208
133 34.5 3.58053
85 35 3.09222
85.5 35 3.09807
86 35 3.08927
86.5 35 3.09964
87 35 3.07379
87.5 35 3.06414
88 35 3.04102
88.5 35 3.0256
89 35 3.01564
89.5 35 3.00458
90 35 2.99298
90.5 35 2.99577
91 35 2.97706
91.5 35 2.96485
92 35 2.9694
92.5 35 2.98796
93 35 3.02005
93.5 35 3.06884
94 35 3.09185
94.5 35 3.13524
95 35 3.12588
95.5 35 3.1104
96 35 3.07675
96.5 35 3.07364
97 35 3.03344
97.5 35 3.05004
98 35 3.08024
98.5 35 3.09497
99 35 3.11863
99.5 35 3.14912
100 35 3.17443
100.5 35 3.19507
101 35 3.1949
101.5 35 3.20301
102 35 3.19539
102.5 35 3.16836
103 35 3.22954
103.5 35 3.24296
104 35 3.25397
104.5 35 3.2612
105 35 3.32167
105.5 35 3.34916
106 35 3.34225
106.5 35 3.4102
107 35 3.44091
107.5 35 3.47008
108 35 3.45727
108.5 35 3.43119
109 35 3.41915
109.5 35 3.44663
110 35 3.45668
110.5 35 3.44883
111 35 3.44198
111.5 35 3.42376
112 35 3.45747
112.5 35 3.49228
113 35 3.52008
113.5 35 3.51279
114 35 3.50702
114.5 35 3.50341
115 35 3.49926
115.5 35 3.51827
116 35 3.52368
116.5 35 3.5339
117 35 3.54816
117.5 35 3.56815
118 35 3.55331
118.5 35 3.5661
119 35 3.58891
119.5 35 3.55328
120 35 3.54887
120.5 35 3.5448
121 35 3.51319
121.5 35 3.52712
122 35 3.51634
122.5 35 3.52161
123 35 3.48777
123.5 35 3.51352
124 35 3.51167
124.5 35 3.52321
125 35 3.5247
125.5 35 3.55884
126 35 3.58242
126.5 35 3.60848
127 35 3.62192
127.5 35 3.57033
128 35 3.60094
128.5 35 3.60821
129 35 3.57222
129.5 35 3.54811
130 35 3.52927
130.5 35 3.5357
131 35 3.53997
131.5 35 3.54119
132 35 3.54515
132.5 35 3.60171
133 35 3.57738
85 35.5 3.12023
85.5 35.5 3.13057
86 35.5 3.12315
86.5 35.5 3.11463
87 35.5 3.09011
87.5 35.5 3.07762
88 35.5 3.07478
88.5 35.5 3.03722
89 35.5 3.02051
89.5 35.5 3.01074
90 35.5 3.02152
90.5 35.5 3.00252
91 35.5 3.00151
91.5 35.5 3.00016
92 35.5 3.01761
92.5 35.5 3.05202
93 35.5 3.08697
93.5 35.5 3.11182
94 35.5 3.12371
94.5 35.5 3.131
95 35.5 3.1258
95.5 35.5 3.09081
96 35.5 3.06857
96.5 35.5 3.07211
97 35.5 3.10764
97.5 35.5 3.11285
98 35.5 3.12508
98.5 35.5 3.14783
99 35.5 3.14779
99.5 35.5 3.17503
100 35.5 3.20742
100.5 35.5 3.24762
101 35.5 3.22039
101.5 35.5 3.20474
102 35.5 3.22369
102.5 35.5 3.28185
103 35.5 3.28491
103.5 35.5 3.25957
104 35.5 3.27922
104.5 35.5 3.3082
105 35.5 3.34529
105.5 35.5 3.35183
106 35.5 3.37998
106.5 35.5 3.43942
107 35.5 3.4444
107.5 35.5 3.4603
108 35.5 3.44078
108.5 35.5 3.44543
109 35.5 3.45026
109.5 35.5 3.46689
110 35.5 3.46468
110.5 35.5 3.48114
111 35.5 3.47879
111.5 35.5 3.44705
112 35.5 3.44647
112.5 35.5 3.48774
113 35.5 3.5249
113.5 35.5 3.51122
114 35.5 3.53745
114.5 35.5 3.51613
115 35.5 3.50128
115.5 35.5 3.50919
116 35.5 3.55189
116.5 35.5 3.54423
117 35.5 3.54144
117.5 35.5 3.53996
118 35.5 3.54075
118.5 35.5 3.5489
119 35.5 3.55855
119.5 35.5 3.52183
120 35.5 3.54757
120.5 35.5 3.54111
121 35.5 3.52684
121.5 35.5 3.50408
122 35.5 3.5181
122.5 35.5 3.48901
123 35.5 3.48044
123.5 35.5 3.47114
124 35.5 3.54567
124.5 35.5 3.54357
125 35.5 3.54955
125.5 35.5 3.5516
126 35.5 3.56917
126.5 35.5 3.58103
127 35.5 3.6124
127.5 35.5 3.61336
128 35.5 3.60591
128.5 35.5 3.60361
129 35.5 3.5869
129.5 35.5 3.57487
130 35.5 3.55585
130.5 35.5 3.5261
131 35.5 3.57947
131.5 35.5 3.60408
132 35.5 3.56513
132.5 35.5 3.58978
133 35.5 3.59225
85 36 3.17349
85.5 36 3.17633
86 36 3.16072
86.5 36 3.1344
87 36 3.11865
87.5 36 3.10649
88 36 3.08493
88.5 36 3.07721
89 36 3.05744
89.5 36 3.05357
90 36 3.06261
90.5 36 3.05647
91 36 3.05358
91.5 36 3.05079
92 36 3.07179
92.5 36 3.1121
93 36 3.14198
93.5 36 3.15155
94 36 3.18018
94.5 36 3.20466
95 36 3.18484
95.5 36 3.18189
96 36 3.16519
96.5 36 3.14397
97 36 3.17101
97.5 36 3.19812
98 36 3.21663
98.5 36 3.1818
99 36 3.20491
99.5 36 3.20961
100 36 3.21575
100.5 36 3.24071
101 36 3.21842
101.5 36 3.25006
102 36 3.25666
102.5 36 3.28557
103 36 3.33399
103.5 36 3.29303
104 36 3.34179
104.5 36 3.34535
105 36 3.34085
105.5 36 3.36603
106 36 3.36566
106.5 36 3.40231
107 36 3.4235
107.5 36 3.414
108 36 3.43254
108.5 36 3.44728
109 36 3.46902
109.5 36 3.46141
110 36 3.49058
110.5 36 3.4894
111 36 3.47463
111.5 36 3.47208
112 36 3.46995
112.5 36 3.49012
113 36 3.52166
113.5 36 3.56295
114 36 3.53106
114.5 36 3.49739
115 36 3.51075
115.5 36 3.51041
116 36 3.51947
116.5 36 3.548
117 36 3.55391
117.5 36 3.55127
118 36 3.51663
118.5 36 3.50158
119 36 3.55064
119.5 36 3.50635
120 36 3.54828
120.5 36 3.54697
121 36 3.56873
121.5 36 3.58338
122 36 3.58573
122.5 36 3.48794
123 36 3.4565
123.5 36 3.47273
124 36 3.53364
124.5 36 3.55527
125 36 3.56009
125.5 36 3.58679
126 36 3.58781
126.5 36 3.58172
127 36 3.59111
127.5 36 3.58776
128 36 3.58514
128.5 36 3.57438
129 36 3.61219
129.5 36 3.62511
130 36 3.56558
130.5 36 3.58864
131 36 3.58271
131.5 36 3.59723
132 36 3.61917
132.5 36 3.61812
133 36 3.64681
85 36.5 3.22167
85.5 36.5 3.2165
86 36.5 3.18525
86.5 36.5 3.17383
87 36.5 3.16861
87.5 36.5 3.15394
88 36.5 3.13802
88.5 36.5 3.10601
89 36.5 3.09905
89.5 36.5 3.10265
90 36.5 3.10214
90.5 36.5 3.09079
91 36.5 3.09889
91.5 36.5 3.14171
92 36.5 3.22792
92.5 36.5 3.2517
93 36.5 3.1964
93.5 36.5 3.14316
94 36.5 3.14607
94.5 36.5 3.16371
95 36.5 3.14588
95.5 36.5 3.15524
96 36.5 3.16177
96.5 36.5 3.17096
97 36.5 3.1804
97.5 36.5 3.19782
98 36.5 3.22493
98.5 36.5 3.25117
99 36.5 3.25551
99.5 36.5 3.27343
100 36.5 3.21994
100.5 36.5 3.25643
101 36.5 3.23477
101.5 36.5 3.2569
102 36.5 3.26621
102.5 36.5 3.28745
103 36.5 3.3313
103.5 36.5 3.30152
104 36.5 3.34277
104.5 36.5 3.34878
105 36.5 3.31624
105.5 36.5 3.36989
106 36.5 3.36976
106.5 36.5 3.40256
107 36.5 3.4424
107.5 36.5 3.43014
108 36.5 3.40038
108.5 36.5 3.44793
109 36.5 3.45622
109.5 36.5 3.47643
110 36.5 3.49495
110.5 36.5 3.50519
111 36.5 3.50876
111.5 36.5 3.49287
112 36.5 3.48619
112.5 36.5 3.4803
113 36.5 3.48129
113.5 36.5 3.51974
114 36.5 3.50157
114.5 36.5 3.47061
115 36.5 3.487
115.5 36.5 3.47822
116 36.5 3.49377
116.5 36.5 3.51248
117 36.5 3.53171
117.5 36.5 3.52907
118 36.5 3.50414
118.5 36.5 3.5116
119 36.5 3.52209
119.5 36.5 3.526
120 36.5 3.52984
120.5 36.5 3.54629
121 36.5 3.56654
121.5 36.5 3.57826
122 36.5 3.56705
122.5 36.5 3.53878
123 36.5 3.50621
123.5 36.5 3.53257
124 36.5 3.51306
124.5 36.5 3.52837
125 36.5 3.56601
125.5 36.5 3.59406
126 36.5 3.6089
126.5 36.5 3.61543
127 36.5 3.60494
127.5 36.5 3.61162
128 36.5 3.60115
128.5 36.5 3.6084
129 36.5 3.6341
129.5 36.5 3.65119
130 36.5 3.67205
130.5 36.5 3.67176
131 36.5 3.69614
131.5 36.5 3.69941
132 36.5 3.67066
132.5 36.5 3.6834
133 36.5 3.71171
85 37 3.24764
85.5 37 3.24045
86 37 3.23242
86.5 37 3.22551
87 37 3.20105
87.5 37 3.1887
88 37 3.18172
88.5 37 3.17646
89 37 3.15495
89.5 37 3.14475
90 37 3.13796
90.5 37 3.13527
91 37 3.12802
91.5 37 3.17124
92 37 3.17999
92.5 37 3.22658
93 37 3.17531
93.5 37 3.1143
94 37 3.11081
94.5 37 3.09024
95 37 3.10674
95.5 37 3.14521
96 37 3.17644
96.5 37 3.18192
97 37 3.1748
97.5 37 3.19872
98 37 3.21649
98.5 37 3.22627
99 37 3.23989
99.5 37 3.30522
100 37 3.2609
100.5 37 3.24127
101 37 3.238
101.5 37 3.24233
102 37 3.24467
102.5 37 3.27453
103 37 3.29937
103.5 37 3.30227
104 37 3.33042
104.5 37 3.38105
105 37 3.28234
105.5 37 3.34078
106 37 3.38445
106.5 37 3.38533
107 37 3.42528
107.5 37 3.39667
108 37 3.42894
108.5 37 3.44071
109 37 3.43209
109.5 37 3.4509
110 37 3.47791
110.5 37 3.49038
111 37 3.50103
111.5 37 3.49626
112 37 3.48891
112.5 37 3.44617
113 37 3.44183
113.5 37 3.47491
114 37 3.5098
114.5 37 3.48766
115 37 3.45513
115.5 37 3.46661
116 37 3.47228
116.5 37 3.48696
117 37 3.48087
117.5 37 3.46582
118 37 3.47904
118.5 37 3.49471
119 37 3.50782
119.5 37 3.56749
120 37 3.53552
120.5 37 3.53848
121 37 3.54836
121.5 37 3.58079
122 37 3.59942
122.5 37 3.57481
123 37 3.53048
123.5 37 3.52801
124 37 3.53794
124.5 37 3.554
125 37 3.57768
125.5 37 3.58222
126 37 3.57589
126.5 37 3.5884
127 37 3.5992
127.5 37 3.60812
128 37 3.59332
128.5 37 3.60376
129 37 3.64791
129.5 37 3.67958
130 37 3.71106
130.5 37 3.72823
131 37 3.72254
131.5 37 3.69617
132 37 3.70107
132.5 37 3.72285
133 37 3.75428
85 37.5 3.24783
85.5 37.5 3.2548
86 37.5 3.25093
86.5 37.5 3.24536
87 37.5 3.24549
87.5 37.5 3.23007
88 37.5 3.21207
88.5 37.5 3.21784
89 37.5 3.20554
89.5 37.5 3.19459
90 37.5 3.17824
90.5 37.5 3.17196
91 37.5 3.17581
91.5 37.5 3.18607
92 37.5 3.161
92.5 37.5 3.14306
93 37.5 3.08932
93.5 37.5 3.05443
94 37.5 3.04498
94.5 37.5 3.15476
95 37.5 3.15724
95.5 37.5 3.19891
96 37.5 3.18389
96.5 37.5 3.18379
97 37.5 3.16673
97.5 37.5 3.17541
98 37.5 3.20039
98.5 37.5 3.16154
99 37.5 3.16629
99.5 37.5 3.2016
100 37.5 3.2273
100.5 37.5 3.23022
101 37.5 3.18238
101.5 37.5 3.25077
102 37.5 3.23754
102.5 37.5 3.28979
103 37.5 3.30244
103.5 37.5 3.35808
104 37.5 3.35963
104.5 37.5 3.36827
105 37.5 3.3191
105.5 37.5 3.35984
106 37.5 3.40313
106.5 37.5 3.36568
107 37.5 3.40586
107.5 37.5 3.41923
108 37.5 3.42762
108.5 37.5 3.44969
109 37.5 3.46762
109.5 37.5 3.47247
110 37.5 3.4531
110.5 37.5 3.46756
111 37.5 3.47066
111.5 37.5 3.46782
112 37.5 3.46526
112.5 37.5 3.44816
113 37.5 3.42727
113.5 37.5 3.44351
114 37.5 3.51181
114.5 37.5 3.48472
115 37.5 3.45777
115.5 37.5 3.44343
116 37.5 3.46358
116.5 37.5 3.46386
117 37.5 3.48705
117.5 37.5 3.4677
118 37.5 3.46874
118.5 37.5 3.45491
119 37.5 3.4891
119.5 37.5 3.48741
120 37.5 3.52564
120.5 37.5 3.54242
121 37.5 3.55191
121.5 37.5 3.55057
122 37.5 3.55006
122.5 37.5 3.54777
123 37.5 3.57277
123.5 37.5 3.56395
124 37.5 3.55052
124.5 37.5 3.53761
125 37.5 3.54599
125.5 37.5 3.56007
126 37.5 3.59045
126.5 37.5 3.57803
127 37.5 3.57558
127.5 37.5 3.58081
128 37.5 3.57762
128.5 37.5 3.59268
129 37.5 3.61298
129.5 37.5 3.70632
130 37.5 3.76518
130.5 37.5 3.75286
131 37.5 3.73018
131.5 37.5 3.71358
132 37.5 3.73251
132.5 37.5 3.74512
133 37.5 3.75383
85 38 3.23884
85.5 38 3.24749
86 38 3.25597
86.5 38 3.25434
87 38 3.25139
87.5 38 3.23937
88 38 3.24255
88.5 38 3.24168
89 38 3.2466
89.5 38 3.23195
90 38 3.20774
90.5 38 3.21601
91 38 3.20987
91.5 38 3.21677
92 38 3.16557
92.5 38 3.12383
93 38 3.09153
93.5 38 3.08604
94 38 3.07304
94.5 38 3.11448
95 38 3.18334
95.5 38 3.19581
96 38 3.18204
96.5 38 3.15893
97 38 3.15217
97.5 38 3.12153
98 38 3.13273
98.5 38 3.12535
99 38 3.13751
99.5 38 3.16311
100 38 3.17713
100.5 38 3.17161
101 38 3.21339
101.5 38 3.26496
102 38 3.29753
102.5 38 3.32103
103 38 3.33139
103.5 38 3.40019
104 38 3.36745
104.5 38 3.33777
105 38 3.26807
105.5 38 3.40545
106 38 3.37693
106.5 38 3.36203
107 38 3.39704
107.5 38 3.44443
108 38 3.43952
108.5 38 3.48773
109 38 3.46894
109.5 38 3.47259
110 38 3.48384
110.5 38 3.48291
111 38 3.4741
111.5 38 3.46181
112 38 3.45047
112.5 38 3.47414
113 38 3.49152
113.5 38 3.43435
114 38 3.50486
114.5 38 3.52571
115 38 3.47018
115.5 38 3.46383
116 38 3.45925
116.5 38 3.46219
117 38 3.47337
117.5 38 3.4509
118 38 3.43368
118.5 38 3.45518
119 38 3.46836
119.5 38 3.47462
120 38 3.43802
120.5 38 3.47461
121 38 3.52127
121.5 38 3.5312
122 38 3.51426
122.5 38 3.5167
123 38 3.515
123.5 38 3.55095
124 38 3.53591
124.5 38 3.53907
125 38 3.54826
125.5 38 3.54929
126 38 3.57192
126.5 38 3.56239
127 38 3.52098
127.5 38 3.55824
128 38 3.56663
128.5 38 3.61053
129 38 3.62784
129.5 38 3.7177
130 38 3.76181
130.5 38 3.75644
131 38 3.77243
131.5 38 3.78438
132 38 3.75756
132.5 38 3.72648
133 38 3.73413
85 38.5 3.23044
85.5 38.5 3.25037
86 38.5 3.23324
86.5 38.5 3.25842
87 38.5 3.22151
87.5 38.5 3.212
88 38.5 3.22139
88.5 38.5 3.22955
89 38.5 3.26077
89.5 38.5 3.26641
90 38.5 3.28079
90.5 38.5 3.28567
91 38.5 3.28275
91.5 38.5 3.23361
92 38.5 3.16883
92.5 38.5 3.1096
93 38.5 3.11584
93.5 38.5 3.14813
94 38.5 3.22441
94.5 38.5 3.23805
95 38.5 3.20295
95.5 38.5 3.14984
96 38.5 3.14723
96.5 38.5 3.12497
97 38.5 3.14359
97.5 38.5 3.13302
98 38.5 3.1318
98.5 38.5 3.14335
99 38.5 3.15272
99.5 38.5 3.19338
100 38.5 3.25487
100.5 38.5 3.29027
101 38.5 3.27354
101.5 38.5 3.34996
102 38.5 3.34338
102.5 38.5 3.38794
103 38.5 3.36907
103.5 38.5 3.40395
104 38.5 3.37157
104.5 38.5 3.34544
105 38.5 3.28413
105.5 38.5 3.36399
106 38.5 3.37127
106.5 38.5 3.3794
107 38.5 3.40304
107.5 38.5 3.447
108 38.5 3.43677
108.5 38.5 3.47055
109 38.5 3.48663
109.5 38.5 3.47608
110 38.5 3.48957
110.5 38.5 3.49203
111 38.5 3.48726
111.5 38.5 3.47668
112 38.5 3.43993
112.5 38.5 3.42073
113 38.5 3.41392
113.5 38.5 3.45142
114 38.5 3.48683
114.5 38.5 3.53397
115 38.5 3.49862
115.5 38.5 3.48565
116 38.5 3.4794
116.5 38.5 3.46919
117 38.5 3.45837
117.5 38.5 3.43639
118 38.5 3.41398
118.5 38.5 3.42077
119 38.5 3.48695
119.5 38.5 3.48387
120 38.5 3.42802
120.5 38.5 3.48219
121 38.5 3.50272
121.5 38.5 3.53127
122 38.5 3.53063
122.5 38.5 3.53514
123 38.5 3.54634
123.5 38.5 3.53511
124 38.5 3.52936
124.5 38.5 3.51686
125 38.5 3.52809
125.5 38.5 3.57328
126 38.5 3.58445
126.5 38.5 3.58044
127 38.5 3.54091
127.5 38.5 3.54921
128 38.5 3.57712
128.5 38.5 3.63494
129 38.5 3.69047
129.5 38.5 3.74895
130 38.5 3.76333
130.5 38.5 3.70249
131 38.5 3.75625
131.5 38.5 3.76458
132 38.5 3.73674
132.5 38.5 3.73342
133 38.5 3.73103
85 39 3.19082
85.5 39 3.18212
86 39 3.16138
86.5 39 3.18932
87 39 3.18243
87.5 39 3.20257
88 39 3.20873
88.5 39 3.23646
89 39 3.2782
89.5 39 3.30382
90 39 3.30409
90.5 39 3.30263
91 39 3.29675
91.5 39 3.29635
92 39 3.29672
92.5 39 3.31785
93 39 3.30671
93.5 39 3.3211
94 39 3.34413
94.5 39 3.30494
95 39 3.25713
95.5 39 3.19546
96 39 3.16896
96.5 39 3.18518
97 39 3.1523
97.5 39 3.16324
98 39 3.19761
98.5 39 3.2041
99 39 3.23672
99.5 39 3.24145
100 39 3.28465
100.5 39 3.35672
101 39 3.34541
101.5 39 3.35204
102 39 3.37234
102.5 39 3.37287
103 39 3.40316
103.5 39 3.39051
104 39 3.3578
104.5 39 3.34803
105 39 3.3176
105.5 39 3.34359
106 39 3.34267
106.5 39 3.41293
107 39 3.43335
107.5 39 3.449
108 39 3.42092
108.5 39 3.42034
109 39 3.45017
109.5 39 3.42548
110 39 3.45704
110.5 39 3.50873
111 39 3.49974
111.5 39 3.488
112 39 3.4489
112.5 39 3.40863
113 39 3.38169
113.5 39 3.40356
114 39 3.44474
114.5 39 3.48798
115 39 3.48234
115.5 39 3.47097
116 39 3.48847
116.5 39 3.4673
117 39 3.44284
117.5 39 3.44111
118 39 3.42009
118.5 39 3.44036
119 39 3.42018
119.5 39 3.46249
120 39 3.47204
120.5 39 3.44654
121 39 3.47533
121.5 39 3.52851
122 39 3.5207
122.5 39 3.52398
123 39 3.54968
123.5 39 3.56685
124 39 3.53545
124.5 39 3.51781
125 39 3.55029
125.5 39 3.56457
126 39 3.55807
126.5 39 3.56187
127 39 3.566
127.5 39 3.56993
128 39 3.62138
128.5 39 3.65631
129 39 3.72246
129.5 39 3.76791
130 39 3.76704
130.5 39 3.746
131 39 3.72121
131.5 39 3.74164
132 39 3.73433
132.5 39 3.72573
133 39 3.74684
85 39.5 3.18758
85.5 39.5 3.18714
86 39.5 3.20419
86.5 39.5 3.23706
87 39.5 3.23014
87.5 39.5 3.25652
88 39.5 3.24369
88.5 39.5 3.25724
89 39.5 3.26595
89.5 39.5 3.33116
90 39.5 3.35148
90.5 39.5 3.35722
91 39.5 3.3396
91.5 39.5 3.3847
92 39.5 3.41161
92.5 39.5 3.41879
93 39.5 3.40337
93.5 39.5 3.37881
94 39.5 3.38392
94.5 39.5 3.35555
95 39.5 3.31332
95.5 39.5 3.2754
96 39.5 3.26955
96.5 39.5 3.30254
97 39.5 3.30398
97.5 39.5 3.24393
98 39.5 3.25509
98.5 39.5 3.28609
99 39.5 3.33312
99.5 39.5 3.36375
100 39.5 3.29995
100.5 39.5 3.35587
101 39.5 3.41201
101.5 39.5 3.41365
102 39.5 3.45217
102.5 39.5 3.44563
103 39.5 3.46131
103.5 39.5 3.40259
104 39.5 3.37778
104.5 39.5 3.34336
105 39.5 3.32628
105.5 39.5 3.3226
106 39.5 3.32413
106.5 39.5 3.37907
107 39.5 3.43429
107.5 39.5 3.40601
108 39.5 3.40364
108.5 39.5 3.39748
109 39.5 3.41851
109.5 39.5 3.42494
110 39.5 3.43098
110.5 39.5 3.47445
111 39.5 3.50389
111.5 39.5 3.50002
112 39.5 3.46934
112.5 39.5 3.40665
113 39.5 3.37358
113.5 39.5 3.35737
114 39.5 3.38327
114.5 39.5 3.41607
115 39.5 3.4514
115.5 39.5 3.46669
116 39.5 3.47076
116.5 39.5 3.47101
117 39.5 3.46645
117.5 39.5 3.45479
118 39.5 3.45886
118.5 39.5 3.48623
119 39.5 3.52104
119.5 39.5 3.48604
120 39.5 3.49815
120.5 39.5 3.49898
121 39.5 3.4961
121.5 39.5 3.5176
122 39.5 3.52153
122.5 39.5 3.52082
123 39.5 3.53687
123.5 39.5 3.55513
124 39.5 3.55061
124.5 39.5 3.56852
125 39.5 3.57432
125.5 39.5 3.53227
126 39.5 3.5424
126.5 39.5 3.57096
127 39.5 3.56631
127.5 39.5 3.58538
128 39.5 3.66272
128.5 39.5 3.72224
129 39.5 3.71244
129.5 39.5 3.73198
130 39.5 3.74313
130.5 39.5 3.74161
131 39.5 3.71994
131.5 39.5 3.7614
132 39.5 3.74328
132.5 39.5 3.7263
133 39.5 3.74001
85 40 3.13183
85.5 40 3.13108
86 40 3.18054
86.5 40 3.20319
87 40 3.23575
87.5 40 3.26973
88 40 3.27062
88.5 40 3.29364
89 40 3.3027
89.5 40 3.33133
90 40 3.36728
90.5 40 3.38812
91 40 3.40947
91.5 40 3.43352
92 40 3.44274
92.5 40 3.48258
93 40 3.4746
93.5 40 3.46189
94 40 3.45686
94.5 40 3.45849
95 40 3.42853
95.5 40 3.36911
96 40 3.34679
96.5 40 3.41506
97 40 3.42594
97.5 40 3.38712
98 40 3.33522
98.5 40 3.31047
99 40 3.39296
99.5 40 3.42742
100 40 3.39849
100.5 40 3.39368
101 40 3.4191
101.5 40 3.43537
102 40 3.45338
102.5 40 3.46417
103 40 3.43911
103.5 40 3.43185
104 40 3.42939
104.5 40 3.40294
105 40 3.34864
105.5 40 3.32629
106 40 3.30413
106.5 40 3.34956
107 40 3.3076
107.5 40 3.36773
108 40 3.37337
108.5 40 3.37424
109 40 3.38127
109.5 40 3.37516
110 40 3.39464
110.5 40 3.41162
111 40 3.41815
111.5 40 3.44307
112 40 3.44917
112.5 40 3.40876
113 40 3.3697
113.5 40 3.34674
114 40 3.38771
114.5 40 3.36784
115 40 3.39504
115.5 40 3.42933
116 40 3.46188
116.5 40 3.45496
117 40 3.46266
117.5 40 3.49764
118 40 3.49321
118.5 40 3.51472
119 40 3.53963
119.5 40 3.56079
120 40 3.52674
120.5 40 3.51228
121 40 3.50612
121.5 40 3.5414
122 40 3.55616
122.5 40 3.53238
123 40 3.53494
123.5 40 3.54019
124 40 3.54617
124.5 40 3.54913
125 40 3.57142
125.5 40 3.55376
126 40 3.51778
126.5 40 3.53795
127 40 3.55321
127.5 40 3.581
128 40 3.66351
128.5 40 3.6956
129 40 3.68414
129.5 40 3.71122
130 40 3.69938
130.5 40 3.71185
131 40 3.72397
131.5 40 3.75394
132 40 3.75753
132.5 40 3.75658
133 40 3.73894
85 40.5 3.16433
85.5 40.5 3.16203
86 40.5 3.19657
86.5 40.5 3.25441
87 40.5 3.27835
87.5 40.5 3.30049
88 40.5 3.31016
88.5 40.5 3.33594
89 40.5 3.34519
89.5 40.5 3.37757
90 40.5 3.39021
90.5 40.5 3.40266
91 40.5 3.4434
91.5 40.5 3.47821
92 40.5 3.49282
92.5 40.5 3.48367
93 40.5 3.49862
93.5 40.5 3.51642
94 40.5 3.50847
94.5 40.5 3.51241
95 40.5 3.46983
95.5 40.5 3.42564
96 40.5 3.40395
96.5 40.5 3.44467
97 40.5 3.44333
97.5 40.5 3.43566
98 40.5 3.41709
98.5 40.5 3.38209
99 40.5 3.4039
99.5 40.5 3.41984
100 40.5 3.40721
100.5 40.5 3.43457
101 40.5 3.44182
101.5 40.5 3.43733
102 40.5 3.44219
102.5 40.5 3.44729
103 40.5 3.43561
103.5 40.5 3.43986
104 40.5 3.4194
104.5 40.5 3.4123
105 40.5 3.41332
105.5 40.5 3.37762
106 40.5 3.3196
106.5 40.5 3.32474
107 40.5 3.2209
107.5 40.5 3.26651
108 40.5 3.27217
108.5 40.5 3.30328
109 40.5 3.3514
109.5 40.5 3.36966
110 40.5 3.36098
110.5 40.5 3.38342
111 40.5 3.36788
111.5 40.5 3.3629
112 40.5 3.34343
112.5 40.5 3.33345
113 40.5 3.36829
113.5 40.5 3.34209
114 40.5 3.36107
114.5 40.5 3.38237
115 40.5 3.37826
115.5 40.5 3.40328
116 40.5 3.43959
116.5 40.5 3.47421
117 40.5 3.50175
117.5 40.5 3.53098
118 40.5 3.51443
118.5 40.5 3.53152
119 40.5 3.509
119.5 40.5 3.51728
120 40.5 3.5094
120.5 40.5 3.51454
121 40.5 3.50674
121.5 40.5 3.53227
122 40.5 3.52697
122.5 40.5 3.55274
123 40.5 3.57049
123.5 40.5 3.61403
124 40.5 3.57464
124.5 40.5 3.55692
125 40.5 3.58311
125.5 40.5 3.59245
126 40.5 3.56583
126.5 40.5 3.54023
127 40.5 3.54967
127.5 40.5 3.56327
128 40.5 3.58372
128.5 40.5 3.62127
129 40.5 3.66938
129.5 40.5 3.69791
130 40.5 3.67887
130.5 40.5 3.6791
131 40.5 3.71529
131.5 40.5 3.76167
132 40.5 3.78202
132.5 40.5 3.76771
133 40.5 3.77042
85 41 3.2029
85.5 41 3.23173
86 41 3.26997
86.5 41 3.31984
87 41 3.34227
87.5 41 3.36731
88 41 3.37294
88.5 41 3.37067
89 41 3.39315
89.5 41 3.39906
90 41 3.42577
90.5 41 3.4424
91 41 3.46467
91.5 41 3.46893
92 41 3.4889
92.5 41 3.50601
93 41 3.50343
93.5 41 3.52007
94 41 3.53855
94.5 41 3.53208
95 41 3.50529
95.5 41 3.46309
96 41 3.43117
96.5 41 3.45682
97 41 3.46206
97.5 41 3.45137
98 41 3.44457
98.5 41 3.41687
99 41 3.42204
99.5 41 3.41954
100 41 3.41057
100.5 41 3.43258
101 41 3.42623
101.5 41 3.42683
102 41 3.42162
102.5 41 3.43557
103 41 3.4326
103.5 41 3.43418
104 41 3.42053
104.5 41 3.43129
105 41 3.41344
105.5 41 3.40366
106 41 3.40196
106.5 41 3.33116
107 41 3.22633
107.5 41 3.2613
108 41 3.24122
108.5 41 3.28801
109 41 3.3197
109.5 41 3.35928
110 41 3.37619
110.5 41 3.39174
111 41 3.39984
111.5 41 3.37498
112 41 3.36691
112.5 41 3.37641
113 41 3.34601
113.5 41 3.35641
114 41 3.36468
114.5 41 3.3653
115 41 3.36754
115.5 41 3.39883
116 41 3.41772
116.5 41 3.44891
117 41 3.50984
117.5 41 3.51997
118 41 3.50042
118.5 41 3.4883
119 41 3.48271
119.5 41 3.48112
120 41 3.51337
120.5 41 3.54714
121 41 3.5328
121.5 41 3.53393
122 41 3.54256
122.5 41 3.55268
123 41 3.57529
123.5 41 3.57977
124 41 3.53316
124.5 41 3.5322
125 41 3.54279
125.5 41 3.57552
126 41 3.56541
126.5 41 3.54083
127 41 3.53336
127.5 41 3.49102
128 41 3.47483
128.5 41 3.53038
129 41 3.63297
129.5 41 3.70317
130 41 3.7149
130.5 41 3.68932
131 41 3.70892
131.5 41 3.74063
132 41 3.76639
132.5 41 3.76112
133 41 3.75207
85 41.5 3.22353
85.5 41.5 3.28774
86 41.5 3.35598
86.5 41.5 3.37623
87 41.5 3.38982
87.5 41.5 3.39034
88 41.5 3.38747
88.5 41.5 3.40478
89 41.5 3.41296
89.5 41.5 3.41335
90 41.5 3.42803
90.5 41.5 3.45593
91 41.5 3.47547
91.5 41.5 3.48013
92 41.5 3.47539
92.5 41.5 3.50845
93 41.5 3.53139
93.5 41.5 3.54776
94 41.5 3.53687
94.5 41.5 3.52985
95 41.5 3.5123
95.5 41.5 3.48986
96 41.5 3.48213
96.5 41.5 3.47768
97 41.5 3.47501
97.5 41.5 3.46312
98 41.5 3.46503
98.5 41.5 3.43174
99 41.5 3.42531
99.5 41.5 3.42871
100 41.5 3.42886
100.5 41.5 3.41536
101 41.5 3.4143
101.5 41.5 3.42114
102 41.5 3.43063
102.5 41.5 3.43712
103 41.5 3.44587
103.5 41.5 3.43884
104 41.5 3.44853
104.5 41.5 3.43316
105 41.5 3.4362
105.5 41.5 3.42576
106 41.5 3.41716
106.5 41.5 3.39966
107 41.5 3.36886
107.5 41.5 3.34239
108 41.5 3.31394
108.5 41.5 3.3609
109 41.5 3.40908
109.5 41.5 3.41841
110 41.5 3.41428
110.5 41.5 3.423
111 41.5 3.42035
111.5 41.5 3.40412
112 41.5 3.39365
112.5 41.5 3.39171
113 41.5 3.37232
113.5 41.5 3.38117
114 41.5 3.3951
114.5 41.5 3.38773
115 41.5 3.40016
115.5 41.5 3.41673
116 41.5 3.44533
116.5 41.5 3.44284
117 41.5 3.45971
117.5 41.5 3.5011
118 41.5 3.46672
118.5 41.5 3.46518
119 41.5 3.47125
119.5 41.5 3.4698
120 41.5 3.5012
120.5 41.5 3.5227
121 41.5 3.52869
121.5 41.5 3.53909
122 41.5 3.54043
122.5 41.5 3.53861
123 41.5 3.55136
123.5 41.5 3.55837
124 41.5 3.53042
124.5 41.5 3.51785
125 41.5 3.52833
125.5 41.5 3.52919
126 41.5 3.52017
126.5 41.5 3.5038
127 41.5 3.50382
127.5 41.5 3.49324
128 41.5 3.43414
128.5 41.5 3.43658
129 41.5 3.57186
129.5 41.5 3.69041
130 41.5 3.71082
130.5 41.5 3.74222
131 41.5 3.7492
131.5 41.5 3.74031
132 41.5 3.75846
132.5 41.5 3.73895
133 41.5 3.73574
85 42 3.27579
85.5 42 3.29118
86 42 3.3424
86.5 42 3.37316
87 42 3.3878
87.5 42 3.38979
88 42 3.40658
88.5 42 3.41292
89 42 3.41632
89.5 42 3.40618
90 42 3.40567
90.5 42 3.44281
91 42 3.46781
91.5 42 3.47217
92 42 3.48323
92.5 42 3.48232
93 42 3.47178
93.5 42 3.49003
94 42 3.50941
94.5 42 3.48956
95 42 3.48928
95.5 42 3.49218
96 42 3.49501
96.5 42 3.49591
97 42 3.49292
97.5 42 3.47953
98 42 3.44974
98.5 42 3.44314
99 42 3.43635
99.5 42 3.43934
100 42 3.43313
100.5 42 3.43333
101 42 3.43287
101.5 42 3.42421
102 42 3.42467
102.5 42 3.43473
103 42 3.44894
103.5 42 3.45104
104 42 3.4451
104.5 42 3.4409
105 42 3.42521
105.5 42 3.41232
106 42 3.40017
106.5 42 3.38328
107 42 3.37919
107.5 42 3.38032
108 42 3.41466
108.5 42 3.44412
109 42 3.47383
109.5 42 3.46181
110 42 3.45446
110.5 42 3.4408
111 42 3.41445
111.5 42 3.38093
112 42 3.41277
112.5 42 3.37195
113 42 3.38957
113.5 42 3.41349
114 42 3.40167
114.5 42 3.39138
115 42 3.40456
115.5 42 3.40307
116 42 3.38955
116.5 42 3.41698
117 42 3.4276
117.5 42 3.44991
118 42 3.44546
118.5 42 3.45118
119 42 3.4448
119.5 42 3.47911
120 42 3.49301
120.5 42 3.49666
121 42 3.52292
121.5 42 3.53748
122 42 3.53659
122.5 42 3.54586
123 42 3.54249
123.5 42 3.57203
124 42 3.5456
124.5 42 3.55685
125 42 3.55241
125.5 42 3.54021
126 42 3.53779
126.5 42 3.53347
127 42 3.49764
127.5 42 3.48624
128 42 3.47766
128.5 42 3.4918
129 42 3.51785
129.5 42 3.58997
130 42 3.70081
130.5 42 3.76867
131 42 3.74997
131.5 42 3.73382
132 42 3.7268
132.5 42 3.73961
133 42 3.70241
85 42.5 3.33169
85.5 42.5 3.34124
86 42.5 3.33524
86.5 42.5 3.35227
87 42.5 3.36351
87.5 42.5 3.36423
88 42.5 3.36956
88.5 42.5 3.39186
89 42.5 3.38163
89.5 42.5 3.36194
90 42.5 3.37461
90.5 42.5 3.38585
91 42.5 3.38114
91.5 42.5 3.38557
92 42.5 3.38728
92.5 42.5 3.40972
93 42.5 3.43008
93.5 42.5 3.45618
94 42.5 3.47119
94.5 42.5 3.4968
95 42.5 3.50946
95.5 42.5 3.51892
96 42.5 3.52428
96.5 42.5 3.50352
97 42.5 3.4838
97.5 42.5 3.46185
98 42.5 3.46044
98.5 42.5 3.45878
99 42.5 3.45919
99.5 42.5 3.44279
100 42.5 3.43683
100.5 42.5 3.43489
101 42.5 3.43955
101.5 42.5 3.43335
102 42.5 3.43441
102.5 42.5 3.432
103 42.5 3.4283
103.5 42.5 3.43558
104 42.5 3.41468
104.5 42.5 3.41879
105 42.5 3.39891
105.5 42.5 3.40012
106 42.5 3.38458
106.5 42.5 3.38762
107 42.5 3.37303
107.5 42.5 3.39878
108 42.5 3.41933
108.5 42.5 3.43929
109 42.5 3.45749
109.5 42.5 3.4575
110 42.5 3.4686
110.5 42.5 3.44824
111 42.5 3.41764
111.5 42.5 3.3917
112 42.5 3.37899
112.5 42.5 3.38861
113 42.5 3.40305
113.5 42.5 3.40627
114 42.5 3.41128
114.5 42.5 3.38903
115 42.5 3.39852
115.5 42.5 3.41623
116 42.5 3.39459
116.5 42.5 3.38774
117 42.5 3.38553
117.5 42.5 3.4109
118 42.5 3.43469
118.5 42.5 3.46586
119 42.5 3.48462
119.5 42.5 3.51577
120 42.5 3.52263
120.5 42.5 3.49712
121 42.5 3.50893
121.5 42.5 3.56469
122 42.5 3.55631
122.5 42.5 3.55521
123 42.5 3.56858
123.5 42.5 3.57484
124 42.5 3.55699
124.5 42.5 3.56488
125 42.5 3.57816
125.5 42.5 3.58061
126 42.5 3.57938
126.5 42.5 3.56076
127 42.5 3.55061
127.5 42.5 3.51976
128 42.5 3.50437
128.5 42.5 3.52514
129 42.5 3.57353
129.5 42.5 3.58115
130 42.5 3.60799
130.5 42.5 3.67093
131 42.5 3.72145
131.5 42.5 3.76137
132 42.5 3.75351
132.5 42.5 3.71645
133 42.5 3.69097
85 43 3.32506
85.5 43 3.35248
86 43 3.36882
86.5 43 3.37659
87 43 3.37893
87.5 43 3.37121
88 43 3.3617
88.5 43 3.36302
89 43 3.39291
89.5 43 3.3558
90 43 3.33021
90.5 43 3.36749
91 43 3.35778
91.5 43 3.35048
92 43 3.35723
92.5 43 3.38248
93 43 3.41634
93.5 43 3.44611
94 43 3.4673
94.5 43 3.47951
95 43 3.50571
95.5 43 3.50914
96 43 3.49404
96.5 43 3.50513
97 43 3.50069
97.5 43 3.50029
98 43 3.49359
98.5 43 3.47284
99 43 3.46179
99.5 43 3.46114
100 43 3.44675
100.5 43 3.4479
101 43 3.44491
101.5 43 3.4536
102 43 3.43665
102.5 43 3.43744
103 43 3.42159
103.5 43 3.42899
104 43 3.40565
104.5 43 3.41205
105 43 3.39831
105.5 43 3.38207
106 43 3.36778
106.5 43 3.36983
107 43 3.38089
107.5 43 3.4012
108 43 3.4134
108.5 43 3.43805
109 43 3.45
109.5 43 3.45685
110 43 3.45795
110.5 43 3.47489
111 43 3.43345
111.5 43 3.38654
112 43 3.36118
112.5 43 3.3931
113 43 3.43881
113.5 43 3.41531
114 43 3.41759
114.5 43 3.41041
115 43 3.42287
115.5 43 3.4224
116 43 3.41959
116.5 43 3.40668
117 43 3.41266
117.5 43 3.42626
118 43 3.46176
118.5 43 3.48912
119 43 3.54082
119.5 43 3.55748
120 43 3.5237
120.5 43 3.50738
121 43 3.49651
121.5 43 3.503
122 43 3.51528
122.5 43 3.55782
123 43 3.56839
123.5 43 3.57239
124 43 3.57944
124.5 43 3.5691
125 43 3.57887
125.5 43 3.60339
126 43 3.60159
126.5 43 3.59007
127 43 3.57221
127.5 43 3.54946
128 43 3.54377
128.5 43 3.57235
129 43 3.60651
129.5 43 3.58576
130 43 3.58879
130.5 43 3.58677
131 43 3.61489
131.5 43 3.63569
132 43 3.67363
132.5 43 3.65109
133 43 3.67346
85 43.5 3.27767
85.5 43.5 3.30739
86 43.5 3.26398
86.5 43.5 3.25942
87 43.5 3.2792
87.5 43.5 3.2976
88 43.5 3.30914
88.5 43.5 3.33958
89 43.5 3.37289
89.5 43.5 3.38459
90 43.5 3.34964
90.5 43.5 3.35446
91 43.5 3.3352
91.5 43.5 3.34016
92 43.5 3.37347
92.5 43.5 3.38093
93 43.5 3.40889
93.5 43.5 3.4358
94 43.5 3.4646
94.5 43.5 3.4792
95 43.5 3.47811
95.5 43.5 3.507
96 43.5 3.49206
96.5 43.5 3.48331
97 43.5 3.4968
97.5 43.5 3.49176
98 43.5 3.46756
98.5 43.5 3.48181
99 43.5 3.46342
99.5 43.5 3.46876
100 43.5 3.46666
100.5 43.5 3.46469
101 43.5 3.44597
101.5 43.5 3.44277
102 43.5 3.42252
102.5 43.5 3.42243
103 43.5 3.40999
103.5 43.5 3.398
104 43.5 3.37721
104.5 43.5 3.37676
105 43.5 3.36827
105.5 43.5 3.35869
106 43.5 3.36145
106.5 43.5 3.3716
107 43.5 3.37935
107.5 43.5 3.398
108 43.5 3.40615
108.5 43.5 3.4119
109 43.5 3.43923
109.5 43.5 3.47003
110 43.5 3.45602
110.5 43.5 3.45309
111 43.5 3.46174
111.5 43.5 3.40437
112 43.5 3.40287
112.5 43.5 3.4403
113 43.5 3.4463
113.5 43.5 3.42282
114 43.5 3.4239
114.5 43.5 3.41298
115 43.5 3.4149
115.5 43.5 3.38732
116 43.5 3.41707
116.5 43.5 3.41974
117 43.5 3.43452
117.5 43.5 3.46195
118 43.5 3.48104
118.5 43.5 3.51329
119 43.5 3.55126
119.5 43.5 3.55837
120 43.5 3.54004
120.5 43.5 3.5257
121 43.5 3.51355
121.5 43.5 3.49587
122 43.5 3.50932
122.5 43.5 3.53211
123 43.5 3.57678
123.5 43.5 3.56985
124 43.5 3.5555
124.5 43.5 3.5434
125 43.5 3.56156
125.5 43.5 3.59904
126 43.5 3.60019
126.5 43.5 3.59618
127 43.5 3.60115
127.5 43.5 3.5964
128 43.5 3.58178
128.5 43.5 3.56793
129 43.5 3.56533
129.5 43.5 3.56848
130 43.5 3.58395
130.5 43.5 3.57524
131 43.5 3.58017
131.5 43.5 3.58046
132 43.5 3.577
132.5 43.5 3.57754
133 43.5 3.59294
85 44 3.23111
85.5 44 3.24219
86 44 3.15967
86.5 44 3.10202
87 44 3.0718
87.5 44 3.12148
88 44 3.17802
88.5 44 3.24807
89 44 3.3042
89.5 44 3.35119
90 44 3.37906
90.5 44 3.34767
91 44 3.3196
91.5 44 3.31371
92 44 3.34421
92.5 44 3.37431
93 44 3.40387
93.5 44 3.42827
94 44 3.44444
94.5 44 3.46634
95 44 3.4694
95.5 44 3.47901
96 44 3.48521
96.5 44 3.48341
97 44 3.47951
97.5 44 3.47209
98 44 3.47283
98.5 44 3.46187
99 44 3.45176
99.5 44 3.4515
100 44 3.4503
100.5 44 3.44005
101 44 3.42256
101.5 44 3.42278
102 44 3.41589
102.5 44 3.40909
103 44 3.3987
103.5 44 3.38221
104 44 3.38107
104.5 44 3.35513
105 44 3.35788
105.5 44 3.35914
106 44 3.35079
106.5 44 3.35149
107 44 3.38044
107.5 44 3.38819
108 44 3.40085
108.5 44 3.4175
109 44 3.4329
109.5 44 3.44575
110 44 3.46375
110.5 44 3.4517
111 44 3.45321
111.5 44 3.42817
112 44 3.41703
112.5 44 3.46792
113 44 3.46685
113.5 44 3.44342
114 44 3.43713
114.5 44 3.43473
115 44 3.40942
115.5 44 3.40103
116 44 3.41416
116.5 44 3.42253
117 44 3.43714
117.5 44 3.45724
118 44 3.47723
118.5 44 3.50957
119 44 3.52726
119.5 44 3.57895
120 44 3.54412
120.5 44 3.57568
121 44 3.54007
121.5 44 3.53509
122 44 3.5379
122.5 44 3.5514
123 44 3.54791
123.5 44 3.54206
124 44 3.52592
124.5 44 3.52967
125 44 3.56969
125.5 44 3.56787
126 44 3.5616
126.5 44 3.58383
127 44 3.58493
127.5 44 3.55481
128 44 3.55425
128.5 44 3.56463
129 44 3.55314
129.5 44 3.52346
130 44 3.55575
130.5 44 3.5328
131 44 3.53204
131.5 44 3.53116
132 44 3.52263
132.5 44 3.52279
133 44 3.54502
85 44.5 3.18361
85.5 44.5 3.1653
86 44.5 3.06498
86.5 44.5 3.02434
87 44.5 3.09558
87.5 44.5 3.15901
88 44.5 3.23239
88.5 44.5 3.28523
89 44.5 3.34015
89.5 44.5 3.35011
90 44.5 3.3405
90.5 44.5 3.32907
91 44.5 3.30112
91.5 44.5 3.33727
92 44.5 3.35861
92.5 44.5 3.37902
93 44.5 3.40394
93.5 44.5 3.4182
94 44.5 3.4415
94.5 44.5 3.44961
95 44.5 3.45406
95.5 44.5 3.4513
96 44.5 3.45354
96.5 44.5 3.44863
97 44.5 3.44778
97.5 44.5 3.45868
98 44.5 3.45597
98.5 44.5 3.46241
99 44.5 3.43997
99.5 44.5 3.43752
100 44.5 3.43182
100.5 44.5 3.44005
101 44.5 3.40918
101.5 44.5 3.40804
102 44.5 3.39529
102.5 44.5 3.3807
103 44.5 3.37941
103.5 44.5 3.37291
104 44.5 3.36757
104.5 44.5 3.36813
105 44.5 3.36653
105.5 44.5 3.36224
106 44.5 3.36186
106.5 44.5 3.35011
107 44.5 3.36186
107.5 44.5 3.38297
108 44.5 3.39346
108.5 44.5 3.39773
109 44.5 3.42673
109.5 44.5 3.42684
110 44.5 3.44928
110.5 44.5 3.46067
111 44.5 3.43708
111.5 44.5 3.43891
112 44.5 3.41951
112.5 44.5 3.44835
113 44.5 3.4622
113.5 44.5 3.43355
114 44.5 3.43386
114.5 44.5 3.43332
115 44.5 3.41574
115.5 44.5 3.40765
116 44.5 3.40934
116.5 44.5 3.41517
117 44.5 3.4177
117.5 44.5 3.44
118 44.5 3.45054
118.5 44.5 3.46043
119 44.5 3.47902
119.5 44.5 3.49994
120 44.5 3.52616
120.5 44.5 3.54726
121 44.5 3.54813
121.5 44.5 3.56089
122 44.5 3.55519
122.5 44.5 3.56028
123 44.5 3.53053
123.5 44.5 3.51501
124 44.5 3.51301
124.5 44.5 3.52899
125 44.5 3.54534
125.5 44.5 3.5578
126 44.5 3.56871
126.5 44.5 3.59207
127 44.5 3.58631
127.5 44.5 3.55274
128 44.5 3.57532
128.5 44.5 3.55873
129 44.5 3.54177
129.5 44.5 3.48273
130 44.5 3.53383
130.5 44.5 3.54516
131 44.5 3.52745
131.5 44.5 3.53706
132 44.5 3.53702
132.5 44.5 3.4826
133 44.5 3.51003
85 45 3.23176
85.5 45 3.19934
86 45 3.19341
86.5 45 3.15721
87 45 3.18684
87.5 45 3.21225
88 45 3.242
88.5 45 3.31906
89 45 3.34608
89.5 45 3.36631
90 45 3.38273
90.5 45 3.36468
91 45 3.35425
91.5 45 3.3573
92 45 3.36705
92.5 45 3.40115
93 45 3.39992
93.5 45 3.42112
94 45 3.42033
94.5 45 3.42148
95 45 3.42838
95.5 45 3.43328
96 45 3.43617
96.5 45 3.42426
97 45 3.42396
97.5 45 3.42471
98 45 3.43111
98.5 45 3.42968
99 45 3.42167
99.5 45 3.42293
100 45 3.41798
100.5 45 3.40622
101 45 3.40988
101.5 45 3.39972
102 45 3.39123
102.5 45 3.38849
103 45 3.3798
103.5 45 3.37836
104 45 3.37617
104.5 45 3.37113
105 45 3.37023
105.5 45 3.3669
106 45 3.36657
106.5 45 3.35692
107 45 3.36618
107.5 45 3.37364
108 45 3.37975
108.5 45 3.37844
109 45 3.40354
109.5 45 3.41459
110 45 3.41474
110.5 45 3.44312
111 45 3.43641
111.5 45 3.43971
112 45 3.4261
112.5 45 3.43324
113 45 3.44724
113.5 45 3.43706
114 45 3.41763
114.5 45 3.4233
115 45 3.43256
115.5 45 3.40649
116 45 3.41564
116.5 45 3.43514
117 45 3.43019
117.5 45 3.44202
118 45 3.42069
118.5 45 3.4183
119 45 3.43055
119.5 45 3.46685
120 45 3.50496
120.5 45 3.52641
121 45 3.53055
121.5 45 3.57615
122 45 3.57307
122.5 45 3.57111
123 45 3.54627
123.5 45 3.50976
124 45 3.51332
124.5 45 3.51385
125 45 3.53143
125.5 45 3.53916
126 45 3.56491
126.5 45 3.59938
127 45 3.61393
127.5 45 3.61835
128 45 3.57027
128.5 45 3.55482
129 45 3.53913
129.5 45 3.50148
130 45 3.54488
130.5 45 3.54522
131 45 3.57928
131.5 45 3.5992
132 45 3.57005
132.5 45 3.509
133 45 3.50625
85 45.5 3.31561
85.5 45.5 3.30763
86 45.5 3.28969
86.5 45.5 3.27622
87 45.5 3.28332
87.5 45.5 3.27895
88 45.5 3.29404
88.5 45.5 3.33917
89 45.5 3.3475
89.5 45.5 3.38172
90 45.5 3.41782
90.5 45.5 3.39791
91 45.5 3.39891
91.5 45.5 3.33631
92 45.5 3.38263
92.5 45.5 3.38369
93 45.5 3.40103
93.5 45.5 3.40138
94 45.5 3.39727
94.5 45.5 3.39098
95 45.5 3.41237
95.5 45.5 3.40727
96 45.5 3.41589
96.5 45.5 3.42814
97 45.5 3.4185
97.5 45.5 3.41651
98 45.5 3.41609
98.5 45.5 3.41929
99 45.5 3.40153
99.5 45.5 3.40859
100 45.5 3.39224
100.5 45.5 3.39855
101 45.5 3.39686
101.5 45.5 3.39577
102 45.5 3.38838
102.5 45.5 3.38279
103 45.5 3.38425
103.5 45.5 3.36167
104 45.5 3.36742
104.5 45.5 3.37128
105 45.5 3.36386
105.5 45.5 3.36402
106 45.5 3.35448
106.5 45.5 3.36019
107 45.5 3.36923
107.5 45.5 3.37039
108 45.5 3.36993
108.5 45.5 3.37548
109 45.5 3.38629
109.5 45.5 3.40598
110 45.5 3.40787
110.5 45.5 3.42108
111 45.5 3.42397
111.5 45.5 3.44327
112 45.5 3.45177
112.5 45.5 3.43425
113 45.5 3.43839
113.5 45.5 3.44438
114 45.5 3.42991
114.5 45.5 3.41642
115 45.5 3.42197
115.5 45.5 3.41437
116 45.5 3.39961
116.5 45.5 3.43748
117 45.5 3.48631
117.5 45.5 3.43527
118 45.5 3.41549
118.5 45.5 3.41235
119 45.5 3.42571
119.5 45.5 3.44276
120 45.5 3.48805
120.5 45.5 3.52127
121 45.5 3.51995
121.5 45.5 3.56162
122 45.5 3.56562
122.5 45.5 3.57489
123 45.5 3.57737
123.5 45.5 3.5671
124 45.5 3.50673
124.5 45.5 3.49587
125 45.5 3.50228
125.5 45.5 3.55039
126 45.5 3.56894
126.5 45.5 3.61079
127 45.5 3.62119
127.5 45.5 3.65379
128 45.5 3.62617
128.5 45.5 3.56513
129 45.5 3.56444
129.5 45.5 3.55381
130 45.5 3.54794
130.5 45.5 3.52445
131 45.5 3.56815
131.5 45.5 3.58834
132 45.5 3.55841
132.5 45.5 3.49203
133 45.5 3.49313
85 46 3.35797
85.5 46 3.32197
86 46 3.32507
86.5 46 3.29431
87 46 3.31394
87.5 46 3.33392
88 46 3.35095
88.5 46 3.35814
89 46 3.37481
89.5 46 3.43226
90 46 3.42639
90.5 46 3.40926
91 46 3.32488
91.5 46 3.3478
92 46 3.36716
92.5 46 3.36895
93 46 3.36646
93.5 46 3.3704
94 46 3.3857
94.5 46 3.38925
95 46 3.3902
95.5 46 3.38801
96 46 3.40202
96.5 46 3.40462
97 46 3.41517
97.5 46 3.41123
98 46 3.40727
98.5 46 3.40688
99 46 3.40249
99.5 46 3.39394
100 46 3.39755
100.5 46 3.38831
101 46 3.38922
101.5 46 3.38529
102 46 3.37864
102.5 46 3.37196
103 46 3.37112
103.5 46 3.36584
104 46 3.3601
104.5 46 3.36625
105 46 3.35187
105.5 46 3.36422
106 46 3.36023
106.5 46 3.35763
107 46 3.35693
107.5 46 3.37304
108 46 3.37055
108.5 46 3.39089
109 46 3.38655
109.5 46 3.39899
110 46 3.40628
110.5 46 3.42158
111 46 3.41613
111.5 46 3.43112
112 46 3.45096
112.5 46 3.45696
113 46 3.42125
113.5 46 3.43069
114 46 3.43156
114.5 46 3.42328
115 46 3.41924
115.5 46 3.42238
116 46 3.40183
116.5 46 3.44066
117 46 3.48491
117.5 46 3.49818
118 46 3.44677
118.5 46 3.44266
119 46 3.44103
119.5 46 3.48039
120 46 3.49778
120.5 46 3.52001
121 46 3.52727
121.5 46 3.56966
122 46 3.58737
122.5 46 3.59923
123 46 3.58736
123.5 46 3.55964
124 46 3.52774
124.5 46 3.48223
125 46 3.50688
125.5 46 3.54758
126 46 3.56951
126.5 46 3.58689
127 46 3.60848
127.5 46 3.67475
128 46 3.63455
128.5 46 3.59895
129 46 3.58238
129.5 46 3.5967
130 46 3.52348
130.5 46 3.50869
131 46 3.53459
131.5 46 3.62584
132 46 3.66709
132.5 46 3.48925
133 46 3.49233
85 46.5 3.34215
85.5 46.5 3.33606
86 46.5 3.35512
86.5 46.5 3.3301
87 46.5 3.34486
87.5 46.5 3.39553
88 46.5 3.40123
88.5 46.5 3.41587
89 46.5 3.4474
89.5 46.5 3.45113
90 46.5 3.43291
90.5 46.5 3.36449
91 46.5 3.32463
91.5 46.5 3.34659
92 46.5 3.34328
92.5 46.5 3.34113
93 46.5 3.34473
93.5 46.5 3.34526
94 46.5 3.35811
94.5 46.5 3.38356
95 46.5 3.38206
95.5 46.5 3.39121
96 46.5 3.38201
96.5 46.5 3.38751
97 46.5 3.38772
97.5 46.5 3.39482
98 46.5 3.39353
98.5 46.5 3.39529
99 46.5 3.39015
99.5 46.5 3.40212
100 46.5 3.38666
100.5 46.5 3.39332
101 46.5 3.37889
101.5 46.5 3.37181
102 46.5 3.36946
102.5 46.5 3.36778
103 46.5 3.36257
103.5 46.5 3.36234
104 46.5 3.3614
104.5 46.5 3.35946
105 46.5 3.36286
105.5 46.5 3.35832
106 46.5 3.36068
106.5 46.5 3.36394
107 46.5 3.35713
107.5 46.5 3.36923
108 46.5 3.38199
108.5 46.5 3.39769
109 46.5 3.39909
109.5 46.5 3.40359
110 46.5 3.40453
110.5 46.5 3.42317
111 46.5 3.42352
111.5 46.5 3.43092
112 46.5 3.43087
112.5 46.5 3.45416
113 46.5 3.45356
113.5 46.5 3.43194
114 46.5 3.43776
114.5 46.5 3.42268
115 46.5 3.40981
115.5 46.5 3.41793
116 46.5 3.40546
116.5 46.5 3.40602
117 46.5 3.45783
117.5 46.5 3.46604
118 46.5 3.43536
118.5 46.5 3.46723
119 46.5 3.45795
119.5 46.5 3.46176
120 46.5 3.45046
120.5 46.5 3.49011
121 46.5 3.5338
121.5 46.5 3.56269
122 46.5 3.58596
122.5 46.5 3.58175
123 46.5 3.58151
123.5 46.5 3.55717
124 46.5 3.51932
124.5 46.5 3.47165
125 46.5 3.52141
125.5 46.5 3.53064
126 46.5 3.53717
126.5 46.5 3.56586
127 46.5 3.58097
127.5 46.5 3.59223
128 46.5 3.62839
128.5 46.5 3.62232
129 46.5 3.60284
129.5 46.5 3.60416
130 46.5 3.53034
130.5 46.5 3.50862
131 46.5 3.50634
131.5 46.5 3.52839
132 46.5 3.57729
132.5 46.5 3.50512
133 46.5 3.49581
85 47 3.38204
85.5 47 3.37679
86 47 3.37148
86.5 47 3.35382
87 47 3.36072
87.5 47 3.39965
88 47 3.41602
88.5 47 3.46498
89 47 3.47407
89.5 47 3.44421
90 47 3.40536
90.5 47 3.34795
91 47 3.342
91.5 47 3.32921
92 47 3.34591
92.5 47 3.34306
93 47 3.34436
93.5 47 3.3521
94 47 3.34119
94.5 47 3.35755
95 47 3.36561
95.5 47 3.37071
96 47 3.37217
96.5 47 3.35148
97 47 3.37883
97.5 47 3.38498
98 47 3.39024
98.5 47 3.39374
99 47 3.39294
99.5 47 3.39262
100 47 3.39157
100.5 47 3.39262
101 47 3.37977
101.5 47 3.37836
102 47 3.37977
102.5 47 3.37498
103 47 3.38281
103.5 47 3.37762
104 47 3.37093
104.5 47 3.36629
105 47 3.37116
105.5 47 3.36752
106 47 3.36942
106.5 47 3.37269
107 47 3.37444
107.5 47 3.37823
108 47 3.38008
108.5 47 3.38413
109 47 3.39854
109.5 47 3.40783
110 47 3.41232
110.5 47 3.42457
111 47 3.41932
111.5 47 3.43062
112 47 3.44756
112.5 47 3.45136
113 47 3.41778
113.5 47 3.43721
114 47 3.41528
114.5 47 3.41743
115 47 3.40507
115.5 47 3.40624
116 47 3.41938
116.5 47 3.40365
117 47 3.41867
117.5 47 3.43999
118 47 3.43126
118.5 47 3.42686
119 47 3.46077
119.5 47 3.45133
120 47 3.44817
120.5 47 3.47757
121 47 3.50815
121.5 47 3.52757
122 47 3.56924
122.5 47 3.57571
123 47 3.58878
123.5 47 3.57719
124 47 3.55812
124.5 47 3.53292
125 47 3.56382
125.5 47 3.53245
126 47 3.56266
126.5 47 3.58145
127 47 3.58924
127.5 47 3.60223
128 47 3.61739
128.5 47 3.60867
129 47 3.59475
129.5 47 3.57383
130 47 3.55444
130.5 47 3.5198
131 47 3.54898
131.5 47 3.54738
132 47 3.5299
132.5 47 3.47173
133 47 3.47719
85 47.5 3.46317
85.5 47.5 3.46626
86 47.5 3.46915
86.5 47.5 3.37028
87 47.5 3.47443
87.5 47.5 3.45724
88 47.5 3.41767
88.5 47.5 3.43756
89 47.5 3.42513
89.5 47.5 3.40608
90 47.5 3.39201
90.5 47.5 3.37421
91 47.5 3.36231
91.5 47.5 3.36924
92 47.5 3.3597
92.5 47.5 3.35199
93 47.5 3.3643
93.5 47.5 3.35499
94 47.5 3.36294
94.5 47.5 3.3625
95 47.5 3.36661
95.5 47.5 3.3837
96 47.5 3.37878
96.5 47.5 3.36
97 47.5 3.3618
97.5 47.5 3.39024
98 47.5 3.3913
98.5 47.5 3.3982
99 47.5 3.3991
99.5 47.5 3.39816
100 47.5 3.40016
100.5 47.5 3.39126
101 47.5 3.39061
101.5 47.5 3.38487
102 47.5 3.39232
102.5 47.5 3.38967
103 47.5 3.38508
103.5 47.5 3.38383
104 47.5 3.38508
104.5 47.5 3.3747
105 47.5 3.3764
105.5 47.5 3.3802
106 47.5 3.37948
106.5 47.5 3.38103
107 47.5 3.37563
107.5 47.5 3.38668
108 47.5 3.38758
108.5 47.5 3.38998
109 47.5 3.39343
109.5 47.5 3.41183
110 47.5 3.41517
110.5 47.5 3.42577
111 47.5 3.42062
111.5 47.5 3.43061
112 47.5 3.42012
112.5 47.5 3.41923
113 47.5 3.41833
113.5 47.5 3.41748
114 47.5 3.41983
114.5 47.5 3.41364
115 47.5 3.40121
115.5 47.5 3.40124
116 47.5 3.39772
116.5 47.5 3.42
117 47.5 3.41022
117.5 47.5 3.439
118 47.5 3.42597
118.5 47.5 3.42261
119 47.5 3.44256
119.5 47.5 3.45774
120 47.5 3.46922
120.5 47.5 3.47676
121 47.5 3.4958
121.5 47.5 3.51322
122 47.5 3.56963
122.5 47.5 3.58002
123 47.5 3.58641
123.5 47.5 3.58581
124 47.5 3.57496
124.5 47.5 3.57104
125 47.5 3.53107
125.5 47.5 3.55971
126 47.5 3.56919
126.5 47.5 3.59028
127 47.5 3.60631
127.5 47.5 3.62481
128 47.5 3.60517
128.5 47.5 3.5984
129 47.5 3.59184
129.5 47.5 3.56753
130 47.5 3.56212
130.5 47.5 3.51245
131 47.5 3.51719
131.5 47.5 3.52822
132 47.5 3.52328
132.5 47.5 3.51025
133 47.5 3.48974
85 48 3.46237
85.5 48 3.46526
86 48 3.4678
86.5 48 3.46975
87 48 3.45506
87.5 48 3.45546
88 48 3.45506
88.5 48 3.43778
89 48 3.43783
89.5 48 3.40934
90 48 3.41
90.5 48 3.38062
91 48 3.38198
91.5 48 3.37611
92 48 3.37751
92.5 48 3.36116
93 48 3.36301
93.5 48 3.36361
94 48 3.36536
94.5 48 3.37012
95 48 3.37162
95.5 48 3.38982
96 48 3.39107
96.5 48 3.39383
97 48 3.39101
97.5 48 3.39531
98 48 3.39981
98.5 48 3.40256
99 48 3.40147
99.5 48 3.40192
100 48 3.40317
100.5 48 3.40498
101 48 3.39636
101.5 48 3.39873
102 48 3.39637
102.5 48 3.39472
103 48 3.39407
103.5 48 3.38993
104 48 3.38464
104.5 48 3.3827
105 48 3.3836
105.5 48 3.38595
106 48 3.3892
106.5 48 3.38893
107 48 3.38438
107.5 48 3.39448
108 48 3.39503
108.5 48 3.39663
109 48 3.39903
109.5 48 3.41548
110 48 3.41777
110.5 48 3.42672
111 48 3.42182
111.5 48 3.42137
112 48 3.42067
112.5 48 3.42002
113 48 3.42154
113.5 48 3.41979
114 48 3.41819
114.5 48 3.41749
115 48 3.39981
115.5 48 3.40493
116 48 3.39702
116.5 48 3.42354
117 48 3.39912
117.5 48 3.43771
118 48 3.44663
118.5 48 3.44336
119 48 3.45027
119.5 48 3.46784
120 48 3.4991
120.5 48 3.50163
121 48 3.50174
121.5 48 3.53406
122 48 3.56357
122.5 48 3.55721
123 48 3.59016
123.5 48 3.60175
124 48 3.5872
124.5 48 3.60533
125 48 3.61226
125.5 48 3.62884
126 48 3.62506
126.5 48 3.63223
127 48 3.63016
127.5 48 3.64057
128 48 3.6412
128.5 48 3.65249
129 48 3.61459
129.5 48 3.55638
130 48 3.49048
130.5 48 3.45937
131 48 3.46676
131.5 48 3.48333
132 48 3.48978
132.5 48 3.49733
133 48 3.4941
85 48.5 3.46008
85.5 48.5 3.46257
86 48.5 3.46456
86.5 48.5 3.46591
87 48.5 3.46636
87.5 48.5 3.45332
88 48.5 3.4218
88.5 48.5 3.43764
89 48.5 3.42736
89.5 48.5 3.41241
90 48.5 3.40019
90.5 48.5 3.38699
91 48.5 3.37804
91.5 48.5 3.38288
92 48.5 3.37618
92.5 48.5 3.37017
93 48.5 3.37873
93.5 48.5 3.37213
94 48.5 3.37922
94.5 48.5 3.37748
95 48.5 3.38054
95.5 48.5 3.39568
96 48.5 3.39628
96.5 48.5 3.39799
97 48.5 3.4004
97.5 48.5 3.40037
98 48.5 3.40443
98.5 48.5 3.40673
99 48.5 3.40563
99.5 48.5 3.40588
100 48.5 3.40678
100.5 48.5 3.40808
101 48.5 3.40197
101.5 48.5 3.40278
102 48.5 3.40108
102.5 48.5 3.39993
103 48.5 3.39953
103.5 48.5 3.39584
104 48.5 3.39134
104.5 48.5 3.3904
105 48.5 3.39095
105.5 48.5 3.39255
106 48.5 3.39495
106.5 48.5 3.39648
107 48.5 3.39273
107.5 48.5 3.40168
108 48.5 3.40208
108.5 48.5 3.40322
109 48.5 3.40497
109.5 48.5 3.40717
110 48.5 3.42021
110.5 48.5 3.42756
111 48.5 3.42277
111.5 48.5 3.42668
112 48.5 3.42563
112.5 48.5 3.42443
113 48.5 3.42313
113.5 48.5 3.4092
114 48.5 3.40696
114.5 48.5 3.40506
115 48.5 3.40972
115.5 48.5 3.40897
116 48.5 3.40825
116.5 48.5 3.41295
117 48.5 3.45443
117.5 48.5 3.4465
118 48.5 3.45957
118.5 48.5 3.47274
119 48.5 3.44807
119.5 48.5 3.44571
120 48.5 3.47182
120.5 48.5 3.48114
121 48.5 3.49899
121.5 48.5 3.51082
122 48.5 3.51159
122.5 48.5 3.53669
123 48.5 3.55656
123.5 48.5 3.54128
124 48.5 3.57528
124.5 48.5 3.61539
125 48.5 3.61402
125.5 48.5 3.56263
126 48.5 3.61755
126.5 48.5 3.62416
127 48.5 3.61982
127.5 48.5 3.64158
128 48.5 3.66757
128.5 48.5 3.67792
129 48.5 3.63753
129.5 48.5 3.60969
130 48.5 3.51002
130.5 48.5 3.4274
131 48.5 3.47339
131.5 48.5 3.48753
132 48.5 3.47627
132.5 48.5 3.48993
133 48.5 3.48838
85 49 3.45663
85.5 49 3.45873
86 49 3.46038
86.5 49 3.46142
87 49 3.46177
87.5 49 3.45088
88 49 3.42331
88.5 49 3.43711
89 49 3.42822
89.5 49 3.41532
90 49 3.40406
90.5 49 3.39325
91 49 3.38575
91.5 49 3.38959
92 49 3.38415
92.5 49 3.37904
93 49 3.3857
93.5 49 3.38059
94 49 3.38699
94.5 49 3.38475
95 49 3.38725
95.5 49 3.40125
96 49 3.4017
96.5 49 3.4028
97 49 3.40451
97.5 49 3.40528
98 49 3.40884
98.5 49 3.41079
99 49 3.40964
99.5 49 3.40989
100 49 3.41054
100.5 49 3.41154
101 49 3.40899
101.5 49 3.40728
102 49 3.40593
102.5 49 3.40508
103 49 3.40478
103.5 49 3.40169
104 49 3.3979
104.5 49 3.3977
105 49 3.3981
105.5 49 3.39925
106 49 3.4011
106.5 49 3.4034
107 49 3.40062
107.5 49 3.40827
108 49 3.40857
108.5 49 3.40942
109 49 3.41067
109.5 49 3.41242
110 49 3.42251
110.5 49 3.42811
111 49 3.42822
111.5 49 3.42752
112 49 3.41704
112.5 49 3.41514
113 49 3.4132
113.5 49 3.41145
114 49 3.40985
114.5 49 3.4087
115 49 3.41539
115.5 49 3.41359
116 49 3.41833
116.5 49 3.42346
117 49 3.44775
117.5 49 3.47581
118 49 3.4713
118.5 49 3.48066
119 49 3.47683
119.5 49 3.42873
120 49 3.43838
120.5 49 3.46655
121 49 3.48438
121.5 49 3.48882
122 49 3.50718
122.5 49 3.53102
123 49 3.54799
123.5 49 3.53554
124 49 3.55013
124.5 49 3.57448
125 49 3.57542
125.5 49 3.54536
126 49 3.56669
126.5 49 3.58738
127 49 3.61433
127.5 49 3.63538
128 49 3.65231
128.5 49 3.64409
129 49 3.72355
129.5 49 3.73561
130 49 3.62492
130.5 49 3.42864
131 49 3.42884
131.5 49 3.48093
132 49 3.47963
132.5 49 3.47658
133 49 3.47974
85 49.5 3.45234
85.5 49.5 3.45419
86 49.5 3.45554
86.5 49.5 3.45643
87 49.5 3.45668
87.5 49.5 3.44814
88 49.5 3.42463
88.5 49.5 3.43617
89 49.5 3.42883
89.5 49.5 3.41803
90 49.5 3.40782
90.5 49.5 3.39942
91 49.5 3.39322
91.5 49.5 3.39626
92 49.5 3.39196
92.5 49.5 3.38776
93 49.5 3.39256
93.5 49.5 3.38891
94 49.5 3.39461
94.5 49.5 3.39187
95 49.5 3.39382
95.5 49.5 3.40657
96 49.5 3.40692
96.5 49.5 3.40772
97 49.5 3.40897
97.5 49.5 3.41063
98 49.5 3.41315
98.5 49.5 3.41465
99 49.5 3.41365
99.5 49.5 3.4138
100 49.5 3.4143
100.5 49.5 3.41511
101 49.5 3.41324
101.5 49.5 3.41184
102 49.5 3.41084
102.5 49.5 3.41019
103 49.5 3.40989
103.5 49.5 3.40739
104 49.5 3.40435
104.5 49.5 3.4047
105 49.5 3.405
105.5 49.5 3.4058
106 49.5 3.4072
106.5 49.5 3.4091
107 49.5 3.40827
107.5 49.5 3.41427
108 49.5 3.41452
108.5 49.5 3.41512
109 49.5 3.41611
109.5 49.5 3.41741
110 49.5 3.41901
110.5 49.5 3.42907
111 49.5 3.42188
111.5 49.5 3.42033
112 49.5 3.41873
112.5 49.5 3.41709
113 49.5 3.41559
113.5 49.5 3.41419
114 49.5 3.4131
114.5 49.5 3.42933
115 49.5 3.42839
115.5 49.5 3.4274
116 49.5 3.4264
116.5 49.5 3.426
117 49.5 3.4264
117.5 49.5 3.48673
118 49.5 3.48729
118.5 49.5 3.47573
119 49.5 3.48386
119.5 49.5 3.46391
120 49.5 3.46206
120.5 49.5 3.47443
121 49.5 3.49376
121.5 49.5 3.48317
122 49.5 3.49808
122.5 49.5 3.52544
123 49.5 3.52551
123.5 49.5 3.54091
124 49.5 3.53541
124.5 49.5 3.53421
125 49.5 3.55116
125.5 49.5 3.56586
126 49.5 3.5749
126.5 49.5 3.59753
127 49.5 3.60146
127.5 49.5 3.6758
128 49.5 3.62791
128.5 49.5 3.64428
129 49.5 3.65686
129.5 49.5 3.7008
130 49.5 3.694
130.5 49.5 3.59876
131 49.5 3.58891
131.5 49.5 3.47432
132 49.5 3.47362
132.5 49.5 3.47172
133 49.5 3.46897
85 50 3.44736
85.5 50 3.449
86 50 3.45025
86.5 50 3.45095
87 50 3.45125
87.5 50 3.4449
88 50 3.42594
88.5 50 3.43474
89 50 3.42925
89.5 50 3.4206
90 50 3.41149
90.5 50 3.40548
91 50 3.40053
91.5 50 3.40288
92 50 3.39968
92.5 50 3.39633
93 50 3.39933
93.5 50 3.39708
94 50 3.40198
94.5 50 3.39898
95 50 3.40048
95.5 50 3.41168
96 50 3.41183
96.5 50 3.41243
97 50 3.41349
97.5 50 3.41474
98 50 3.4163
98.5 50 3.41841
99 50 3.41751
99.5 50 3.41766
100 50 3.41807
100.5 50 3.41872
101 50 3.41759
101.5 50 3.41644
102 50 3.41559
102.5 50 3.41509
103 50 3.41489
103.5 50 3.41294
104 50 3.41065
104.5 50 3.4112
105 50 3.4115
105.5 50 3.4122
106 50 3.4133
106.5 50 3.41475
107 50 3.41655
107.5 50 3.41966
108 50 3.41986
108.5 50 3.42031
109 50 3.42106
109.5 50 3.42211
110 50 3.42596
110.5 50 3.42462
111 50 3.42327
111.5 50 3.42198
112 50 3.42058
112.5 50 3.41933
113 50 3.41814
113.5 50 3.43086
114 50 3.43047
114.5 50 3.42993
115 50 3.42933
115.5 50 3.42869
116 50 3.42824
116.5 50 3.47976
117 50 3.48186
117.5 50 3.48267
118 50 3.48277
118.5 50 3.48392
119 50 3.48552
119.5 50 3.45768
120 50 3.4688
120.5 50 3.47952
121 50 3.49317
121.5 50 3.48003
122 50 3.49411
122.5 50 3.50925
123 50 3.52903
123.5 50 3.54941
124 50 3.55362
124.5 50 3.54872
125 50 3.56516
125.5 50 3.58382
126 50 3.58359
126.5 50 3.59076
127 50 3.58516
127.5 50 3.61151
128 50 3.61438
128.5 50 3.6457
129 50 3.61537
129.5 50 3.62634
130 50 3.61499
130.5 50 3.57885
131 50 3.5727
131.5 50 3.5638
132 50 3.46727
132.5 50 3.46597
133 50 3.46392
85 50.5 3.44177
85.5 50.5 3.44331
86 50.5 3.44436
86.5 50.5 3.44501
87 50.5 3.44521
87.5 50.5 3.44131
88 50.5 3.42716
88.5 50.5 3.4333
89 50.5 3.42941
89.5 50.5 3.42286
90 50.5 3.41495
90.5 50.5 3.4115
91 50.5 3.4077
91.5 50.5 3.40939
92 50.5 3.4072
92.5 50.5 3.40469
93 50.5 3.40585
93.5 50.5 3.4051
94 50.5 3.40904
94.5 50.5 3.40635
95 50.5 3.40745
95.5 50.5 3.4164
96 50.5 3.41655
96.5 50.5 3.41705
97 50.5 3.4178
97.5 50.5 3.41886
98 50.5 3.42011
98.5 50.5 3.42198
99 50.5 3.42132
99.5 50.5 3.42142
100 50.5 3.42173
100.5 50.5 3.42233
101 50.5 3.42179
101.5 50.5 3.42089
102 50.5 3.42024
102.5 50.5 3.41979
103 50.5 3.41964
103.5 50.5 3.41835
104 50.5 3.41675
104.5 50.5 3.41745
105 50.5 3.41765
105.5 50.5 3.41815
106 50.5 3.41905
106.5 50.5 3.42025
107 50.5 3.42165
107.5 50.5 3.42446
108 50.5 3.42456
108.5 50.5 3.4249
109 50.5 3.4254
109.5 50.5 3.4261
110 50.5 3.42701
110.5 50.5 3.42596
111 50.5 3.42487
111.5 50.5 3.42377
112 50.5 3.42267
112.5 50.5 3.42163
113 50.5 3.43125
113.5 50.5 3.43116
114 50.5 3.43091
114.5 50.5 3.43062
115 50.5 3.43027
115.5 50.5 3.47089
116 50.5 3.46655
116.5 50.5 3.47006
117 50.5 3.47326
117.5 50.5 3.47581
118 50.5 3.47766
118.5 50.5 3.47866
119 50.5 3.49219
119.5 50.5 3.49596
120 50.5 3.48997
120.5 50.5 3.47404
121 50.5 3.48266
121.5 50.5 3.51393
122 50.5 3.49776
122.5 50.5 3.49621
123 50.5 3.52429
123.5 50.5 3.53315
124 50.5 3.55028
124.5 50.5 3.54602
125 50.5 3.53803
125.5 50.5 3.55849
126 50.5 3.5463
126.5 50.5 3.53468
127 50.5 3.52882
127.5 50.5 3.56218
128 50.5 3.58954
128.5 50.5 3.62009
129 50.5 3.61538
129.5 50.5 3.60443
130 50.5 3.59097
130.5 50.5 3.57637
131 50.5 3.57352
131.5 50.5 3.54669
132 50.5 3.53824
132.5 50.5 3.45982
133 50.5 3.45817
85 51 3.43618
85.5 51 3.43743
86 51 3.43822
86.5 51 3.43877
87 51 3.43897
87.5 51 3.43737
88 51 3.42792
88.5 51 3.43202
89 51 3.42942
89.5 51 3.42502
90 51 3.41877
90.5 51 3.41727
91 51 3.41472
91.5 51 3.41591
92 51 3.41451
92.5 51 3.41286
93 51 3.41237
93.5 51 3.41296
94 51 3.41586
94.5 51 3.41387
95 51 3.41452
95.5 51 3.42077
96 51 3.42092
96.5 51 3.42127
97 51 3.42187
97.5 51 3.42267
98 51 3.42363
98.5 51 3.42524
99 51 3.42494
99.5 51 3.42504
100 51 3.42529
100.5 51 3.42574
101 51 3.42585
101.5 51 3.4251
102 51 3.4245
102.5 51 3.4242
103 51 3.4241
103.5 51 3.42345
104 51 3.4227
104.5 51 3.4231
105 51 3.4232
105.5 51 3.4237
106 51 3.42435
106.5 51 3.4253
107 51 3.42645
107.5 51 3.42785
108 51 3.4282
108.5 51 3.4282
109 51 3.4282
109.5 51 3.4282
110 51 3.428
110.5 51 3.42726
111 51 3.42646
111.5 51 3.42556
112 51 3.43078
112.5 51 3.43103
113 51 3.43119
113.5 51 3.4313
114 51 3.4312
114.5 51 3.43111
115 51 3.45724
115.5 51 3.46054
116 51 3.46365
116.5 51 3.46645
117 51 3.4688
117.5 51 3.47046
118 51 3.4832
118.5 51 3.4857
119 51 3.4889
119.5 51 3.50295
120 51 3.4914
120.5 51 3.48374
121 51 3.50033
121.5 51 3.5006
122 51 3.51367
122.5 51 3.51137
123 51 3.50624
123.5 51 3.51059
124 51 3.50187
124.5 51 3.50182
125 51 3.4989
125.5 51 3.50192
126 51 3.49287
126.5 51 3.51101
127 51 3.52132
127.5 51 3.54812
128 51 3.54552
128.5 51 3.53941
129 51 3.59257
129.5 51 3.58577
130 51 3.57597
130.5 51 3.56421
131 51 3.55136
131.5 51 3.53775
132 51 3.52083
132.5 51 3.51258
133 51 3.45221
85 51.5 3.43134
85.5 51.5 3.43229
86 51.5 3.43294
86.5 51.5 3.43334
87 51.5 3.43349
87.5 51.5 3.43299
88 51.5 3.42828
88.5 51.5 3.43033
89 51.5 3.42899
89.5 51.5 3.42679
90 51.5 3.42353
90.5 51.5 3.42283
91 51.5 3.42163
91.5 51.5 3.42223
92 51.5 3.42153
92.5 51.5 3.42068
93 51.5 3.42008
93.5 51.5 3.42073
94 51.5 3.42223
94.5 51.5 3.42118
95 51.5 3.42148
95.5 51.5 3.42468
96 51.5 3.42478
96.5 51.5 3.42508
97 51.5 3.42559
97.5 51.5 3.42624
98 51.5 3.42699
98.5 51.5 3.4279
99 51.5 3.4282
99.5 51.5 3.4282
100 51.5 3.4282
100.5 51.5 3.4282
101 51.5 3.4282
101.5 51.5 3.4282
102 51.5 3.4282
102.5 51.5 3.4282
103 51.5 3.4282
103.5 51.5 3.4282
104 51.5 3.4282
104.5 51.5 3.4282
105 51.5 3.4282
105.5 51.5 3.4282
106 51.5 3.4282
106.5 51.5 3.4282
107 51.5 3.4282
107.5 51.5 3.4282
108 51.5 3.4282
108.5 51.5 3.4282
109 51.5 3.4282
109.5 51.5 3.4282
110 51.5 3.4282
110.5 51.5 3.4282
111 51.5 3.4289
111.5 51.5 3.42976
112 51.5 3.43032
112.5 51.5 3.43068
113 51.5 3.43098
113.5 51.5 3.43119
114 51.5 3.44772
114.5 51.5 3.45098
115 51.5 3.45408
115.5 51.5 3.45694
116 51.5 3.45954
116.5 51.5 3.46179
117 51.5 3.47315
117.5 51.5 3.48411
118 51.5 3.48831
118.5 51.5 3.49216
119 51.5 3.49511
119.5 51.5 3.49631
120 51.5 3.52327
120.5 51.5 3.51945
121 51.5 3.53289
121.5 51.5 3.5272
122 51.5 3.5348
122.5 51.5 3.53085
123 51.5 3.51642
123.5 51.5 3.51343
124 51.5 3.50007
124.5 51.5 3.47005
125 51.5 3.45519
125.5 51.5 3.47203
126 51.5 3.49386
126.5 51.5 3.5021
127 51.5 3.50055
127.5 51.5 3.4968
128 51.5 3.53246
128.5 51.5 3.52866
129 51.5 3.52306
129.5 51.5 3.5163
130 51.5 3.55646
130.5 51.5 3.5472
131 51.5 3.5365
131.5 51.5 3.52474
132 51.5 3.51224
132.5 51.5 3.49918
133 51.5 3.48707
85 52 3.4282
85.5 52 3.4282
86 52 3.4282
86.5 52 3.4282
87 52 3.4282
87.5 52 3.4282
88 52 3.4282
88.5 52 3.4282
89 52 3.4282
89.5 52 3.4282
90 52 3.4282
90.5 52 3.4282
91 52 3.4282
91.5 52 3.4282
92 52 3.4282
92.5 52 3.4282
93 52 3.4282
93.5 52 3.4282
94 52 3.4282
94.5 52 3.4282
95 52 3.4282
95.5 52 3.4282
96 52 3.4282
96.5 52 3.4282
97 52 3.4282
97.5 52 3.4282
98 52 3.4282
98.5 52 3.4282
99 52 3.4282
99.5 52 3.4282
100 52 3.4282
100.5 52 3.4282
101 52 3.4282
101.5 52 3.4282
102 52 3.4282
102.5 52 3.4282
103 52 3.4282
103.5 52 3.4282
104 52 3.4282
104.5 52 3.4282
105 52 3.4282
105.5 52 3.4282
106 52 3.4282
106.5 52 3.4282
107 52 3.4282
107.5 52 3.4282
108 52 3.4282
108.5 52 3.4282
109 52 3.4282
109.5 52 3.4282
110 52 3.4282
110.5 52 3.4282
111 52 3.4282
111.5 52 3.4287
112 52 3.42951
112.5 52 3.43007
113 52 3.43796
113.5 52 3.44127
114 52 3.44442
114.5 52 3.44732
115 52 3.45003
115.5 52 3.45253
116 52 3.45473
116.5 52 3.47196
117 52 3.47631
117.5 52 3.48026
118 52 3.4963
118.5 52 3.5021
119 52 3.50736
119.5 52 3.51151
120 52 3.5094
120.5 52 3.51095
121 52 3.53724
121.5 52 3.5544
122 52 3.53658
122.5 52 3.52225
123 52 3.52267
123.5 52 3.52842
124 52 3.50676
124.5 52 3.4446
125 52 3.46685
125.5 52 3.46708
126 52 3.46618
126.5 52 3.46418
127 52 3.49234
127.5 52 3.48999
128 52 3.48654
128.5 52 3.48244
129 52 3.51155
129.5 52 3.5061
130 52 3.49979
130.5 52 3.5275
131 52 3.51859
131.5 52 3.50859
132 52 3.49763
132.5 52 3.48598
133 52 3.47412
