85 22 3.13748
85.5 22 3.13748
86 22 3.13748
86.5 22 3.13748
87 22 3.13748
87.5 22 3.13748
88 22 3.13748
88.5 22 3.13748
89 22 3.13748
89.5 22 3.13748
90 22 3.13748
90.5 22 3.13748
91 22 3.13748
91.5 22 3.13748
92 22 3.13748
92.5 22 3.13748
93 22 3.13748
93.5 22 3.13748
94 22 3.13757
94.5 22 3.13757
95 22 3.13756
95.5 22 3.13736
96 22 3.14074
96.5 22 3.14144
97 22 3.13676
97.5 22 3.13656
98 22 3.13656
98.5 22 3.13715
99 22 3.13775
99.5 22 3.12241
100 22 3.1205
100.5 22 3.11061
101 22 3.04954
101.5 22 3.08133
102 22 3.07097
102.5 22 3.0161
103 22 3.02778
103.5 22 3.07524
104 22 3.14612
104.5 22 3.17504
105 22 3.21446
105.5 22 3.23083
106 22 3.22135
106.5 22 3.24495
107 22 3.20446
107.5 22 3.18196
108 22 3.21337
108.5 22 3.21456
109 22 3.2367
109.5 22 3.28178
110 22 3.26148
110.5 22 3.2861
111 22 3.28862
111.5 22 3.26319
112 22 3.27767
112.5 22 3.22776
113 22 3.2501
113.5 22 3.28292
114 22 3.3085
114.5 22 3.23288
115 22 3.21986
115.5 22 3.15767
116 22 3.15175
116.5 22 3.19993
117 22 3.19563
117.5 22 3.14168
118 22 3.15015
118.5 22 3.14955
119 22 3.07833
119.5 22 3.08032
120 22 3.08532
120.5 22 3.12472
121 22 3.12492
121.5 22 3.12532
122 22 3.12601
122.5 22 3.06947
123 22 3.07576
123.5 22 3.11891
124 22 3.1201
124.5 22 3.1222
125 22 3.08885
125.5 22 3.09794
126 22 3.10862
126.5 22 3.1196
127 22 3.13338
127.5 22 3.13748
128 22 3.13748
128.5 22 3.13748
129 22 3.13748
129.5 22 3.13748
130 22 3.13748
130.5 22 3.13748
131 22 3.13748
131.5 22 3.13748
132 22 3.13748
132.5 22 3.13748
133 22 3.13748
85 22.5 3.13748
85.5 22.5 3.13748
86 22.5 3.13748
86.5 22.5 3.13748
87 22.5 3.13748
87.5 22.5 3.13748
88 22.5 3.13748
88.5 22.5 3.13748
89 22.5 3.13748
89.5 22.5 3.13748
90 22.5 3.13748
90.5 22.5 3.13748
91 22.5 3.13748
91.5 22.5 3.13748
92 22.5 3.13748
92.5 22.5 3.13748
93 22.5 3.13748
93.5 22.5 3.13748
94 22.5 3.13757
94.5 22.5 3.13766
95 22.5 3.13746
95.5 22.5 3.13725
96 22.5 3.13704
96.5 22.5 3.14203
97 22.5 3.14262
97.5 22.5 3.12385
98 22.5 3.12205
98.5 22.5 3.13735
99 22.5 3.13815
99.5 22.5 3.13894
100 22.5 3.1069
100.5 22.5 3.10537
101 22.5 2.99445
101.5 22.5 3.04574
102 22.5 3.06096
102.5 22.5 3.0708
103 22.5 3.15133
103.5 22.5 3.18764
104 22.5 3.28246
104.5 22.5 3.24519
105 22.5 3.24892
105.5 22.5 3.24682
106 22.5 3.22232
106.5 22.5 3.22423
107 22.5 3.22327
107.5 22.5 3.25827
108 22.5 3.24156
108.5 22.5 3.2162
109 22.5 3.23458
109.5 22.5 3.28024
110 22.5 3.29257
110.5 22.5 3.27994
111 22.5 3.27556
111.5 22.5 3.27715
112 22.5 3.27553
112.5 22.5 3.26416
113 22.5 3.28752
113.5 22.5 3.27822
114 22.5 3.27868
114.5 22.5 3.26766
115 22.5 3.26797
115.5 22.5 3.25058
116 22.5 3.21673
116.5 22.5 3.21183
117 22.5 3.1455
117.5 22.5 3.16736
118 22.5 3.16606
118.5 22.5 3.15196
119 22.5 3.06845
119.5 22.5 3.07204
120 22.5 3.09416
120.5 22.5 3.12352
121 22.5 3.12382
121.5 22.5 3.12442
122 22.5 3.0516
122.5 22.5 3.05699
123 22.5 3.06488
123.5 22.5 3.11621
124 22.5 3.11751
124.5 22.5 3.0599
125 22.5 3.06878
125.5 22.5 3.07997
126 22.5 3.09265
126.5 22.5 3.10612
127 22.5 3.1184
127.5 22.5 3.12739
128 22.5 3.13588
128.5 22.5 3.13748
129 22.5 3.13748
129.5 22.5 3.13748
130 22.5 3.13748
130.5 22.5 3.13748
131 22.5 3.13748
131.5 22.5 3.13748
132 22.5 3.13748
132.5 22.5 3.13748
133 22.5 3.13748
85 23 3.13748
85.5 23 3.13748
86 23 3.13748
86.5 23 3.13748
87 23 3.13748
87.5 23 3.13748
88 23 3.13748
88.5 23 3.13748
89 23 3.13748
89.5 23 3.13748
90 23 3.13748
90.5 23 3.13748
91 23 3.13748
91.5 23 3.13748
92 23 3.13748
92.5 23 3.13748
93 23 3.13378
93.5 23 3.12778
94 23 3.13757
94.5 23 3.13746
95 23 3.13725
95.5 23 3.13704
96 23 3.13684
96.5 23 3.13673
97 23 3.14331
97.5 23 3.1439
98 23 3.12045
98.5 23 3.11854
99 23 3.13775
99.5 23 3.16219
100 23 3.11977
100.5 23 3.08226
101 23 2.99774
101.5 23 2.99822
102 23 3.07602
102.5 23 3.12995
103 23 3.17785
103.5 23 3.17987
104 23 3.20072
104.5 23 3.2084
105 23 3.223
105.5 23 3.19932
106 23 3.20043
106.5 23 3.24521
107 23 3.20784
107.5 23 3.24752
108 23 3.2467
108.5 23 3.22427
109 23 3.28337
109.5 23 3.29554
110 23 3.26056
110.5 23 3.30495
111 23 3.29629
111.5 23 3.30396
112 23 3.28886
112.5 23 3.29515
113 23 3.29115
113.5 23 3.29152
114 23 3.25584
114.5 23 3.24265
115 23 3.27178
115.5 23 3.27606
116 23 3.26976
116.5 23 3.24302
117 23 3.18765
117.5 23 3.17097
118 23 3.15647
118.5 23 3.14359
119 23 3.05826
119.5 23 3.13683
120 23 3.13563
120.5 23 3.12232
121 23 3.12272
121.5 23 3.03512
122 23 3.03802
122.5 23 3.0455
123 23 3.11322
123.5 23 3.11352
124 23 3.11522
124.5 23 3.03843
125 23 3.04841
125.5 23 3.06209
126 23 3.07717
126.5 23 3.09263
127 23 3.10072
127.5 23 3.11081
128 23 3.12621
128.5 23 3.1281
129 23 3.13109
129.5 23 3.13508
130 23 3.13748
130.5 23 3.13748
131 23 3.13748
131.5 23 3.13748
132 23 3.13748
132.5 23 3.13748
133 23 3.13748
85 23.5 3.13748
85.5 23.5 3.13748
86 23.5 3.13748
86.5 23.5 3.13748
87 23.5 3.13748
87.5 23.5 3.13748
88 23.5 3.13748
88.5 23.5 3.13748
89 23.5 3.13748
89.5 23.5 3.13748
90 23.5 3.13748
90.5 23.5 3.13748
91 23.5 3.13748
91.5 23.5 3.13748
92 23.5 3.13448
92.5 23.5 3.12577
93 23.5 3.11757
93.5 23.5 3.11097
94 23.5 3.10587
94.5 23.5 3.13736
95 23.5 3.13715
95.5 23.5 3.13694
96 23.5 3.13674
96.5 23.5 3.13662
97 23.5 3.13642
97.5 23.5 3.1445
98 23.5 3.14509
98.5 23.5 3.14539
99 23.5 3.11504
99.5 23.5 3.12129
100 23.5 3.12046
100.5 23.5 3.08786
101 23.5 3.02781
101.5 23.5 3.0359
102 23.5 3.12119
102.5 23.5 3.1157
103 23.5 3.12464
103.5 23.5 3.14069
104 23.5 3.1643
104.5 23.5 3.21143
105 23.5 3.18821
105.5 23.5 3.20216
106 23.5 3.219
106.5 23.5 3.21993
107 23.5 3.19896
107.5 23.5 3.27579
108 23.5 3.28944
108.5 23.5 3.26121
109 23.5 3.26366
109.5 23.5 3.26909
110 23.5 3.28486
110.5 23.5 3.26118
111 23.5 3.27528
111.5 23.5 3.27644
112 23.5 3.31048
112.5 23.5 3.29286
113 23.5 3.28261
113.5 23.5 3.27762
114 23.5 3.25909
114.5 23.5 3.24946
115 23.5 3.26787
115.5 23.5 3.23658
116 23.5 3.2221
116.5 23.5 3.18508
117 23.5 3.23998
117.5 23.5 3.2279
118 23.5 3.18764
118.5 23.5 3.1454
119 23.5 3.15304
119.5 23.5 3.14085
120 23.5 3.0815
120.5 23.5 3.12093
121 23.5 3.12222
121.5 23.5 3.02024
122 23.5 3.02553
122.5 23.5 3.11432
123 23.5 3.11412
123.5 23.5 3.11342
124 23.5 3.01567
124.5 23.5 3.02236
125 23.5 3.03174
125.5 23.5 3.04522
126 23.5 3.06856
126.5 23.5 3.07586
127 23.5 3.08504
127.5 23.5 3.09553
128 23.5 3.11494
128.5 23.5 3.11673
129 23.5 3.11962
129.5 23.5 3.12411
130 23.5 3.1297
130.5 23.5 3.13598
131 23.5 3.13748
131.5 23.5 3.13748
132 23.5 3.13748
132.5 23.5 3.13748
133 23.5 3.13748
85 24 3.13748
85.5 24 3.13748
86 24 3.13748
86.5 24 3.13748
87 24 3.13748
87.5 24 3.13748
88 24 3.13748
88.5 24 3.13748
89 24 3.13478
89.5 24 3.13077
90 24 3.12777
90.5 24 3.12587
91 24 3.12517
91.5 24 3.12466
92 24 3.12146
92.5 24 3.11605
93 24 3.10177
93.5 24 3.09407
94 24 3.08836
94.5 24 3.10314
95 24 3.09564
95.5 24 3.13684
96 24 3.13663
96.5 24 3.13652
97 24 3.13632
97.5 24 3.13621
98 24 3.14549
98.5 24 3.14628
99 24 3.06699
99.5 24 3.11599
100 24 3.13046
100.5 24 3.09786
101 24 3.07908
101.5 24 3.09652
102 24 3.12396
102.5 24 3.06618
103 24 3.05265
103.5 24 3.13217
104 24 3.17494
104.5 24 3.19524
105 24 3.19545
105.5 24 3.18186
106 24 3.19431
106.5 24 3.232
107 24 3.22775
107.5 24 3.24318
108 24 3.31133
108.5 24 3.30721
109 24 3.25931
109.5 24 3.26798
110 24 3.28357
110.5 24 3.27492
111 24 3.2579
111.5 24 3.26508
112 24 3.26539
112.5 24 3.28429
113 24 3.29012
113.5 24 3.26437
114 24 3.28116
114.5 24 3.26245
115 24 3.25055
115.5 24 3.25202
116 24 3.23504
116.5 24 3.25514
117 24 3.27554
117.5 24 3.2961
118 24 3.2175
118.5 24 3.14026
119 24 3.15658
119.5 24 3.1481
120 24 3.11885
120.5 24 3.01319
121 24 3.0097
121.5 24 3.00496
122 24 3.01894
122.5 24 3.11572
123 24 3.11522
123.5 24 3.0044
124 24 3.005
124.5 24 3.00909
125 24 3.02016
125.5 24 3.03959
126 24 3.05358
126.5 24 3.06008
127 24 3.07006
127.5 24 3.10467
128 24 3.10527
128.5 24 3.10706
129 24 3.10996
129.5 24 3.11434
130 24 3.11962
130.5 24 3.12661
131 24 3.13419
131.5 24 3.13748
132 24 3.13748
132.5 24 3.13748
133 24 3.13748
85 24.5 3.13786
85.5 24.5 3.13785
86 24.5 3.13376
86.5 24.5 3.13254
87 24.5 3.12943
87.5 24.5 3.12764
88 24.5 3.12985
88.5 24.5 3.12745
89 24.5 3.12337
89.5 24.5 3.11857
90 24.5 3.11506
90.5 24.5 3.11276
91 24.5 3.11206
91.5 24.5 3.11125
92 24.5 3.10844
92.5 24.5 3.10224
93 24.5 3.08646
93.5 24.5 3.07776
94 24.5 3.07106
94.5 24.5 3.06686
95 24.5 3.08763
95.5 24.5 3.08002
96 24.5 3.14516
96.5 24.5 3.14584
97 24.5 3.13631
97.5 24.5 3.1361
98 24.5 3.1359
98.5 24.5 3.12731
99 24.5 3.12248
99.5 24.5 3.06699
100 24.5 3.1048
100.5 24.5 3.15293
101 24.5 3.09507
101.5 24.5 3.08104
102 24.5 3.09178
102.5 24.5 3.07094
103 24.5 2.98763
103.5 24.5 3.06891
104 24.5 3.11476
104.5 24.5 3.16274
105 24.5 3.23385
105.5 24.5 3.22336
106 24.5 3.221
106.5 24.5 3.2199
107 24.5 3.2315
107.5 24.5 3.24246
108 24.5 3.23028
108.5 24.5 3.24306
109 24.5 3.25354
109.5 24.5 3.21388
110 24.5 3.22578
110.5 24.5 3.24624
111 24.5 3.23873
111.5 24.5 3.22746
112 24.5 3.25134
112.5 24.5 3.27012
113 24.5 3.27872
113.5 24.5 3.30497
114 24.5 3.26703
114.5 24.5 3.26534
115 24.5 3.23904
115.5 24.5 3.23754
116 24.5 3.25175
116.5 24.5 3.23846
117 24.5 3.24626
117.5 24.5 3.27936
118 24.5 3.29516
118.5 24.5 3.22193
119 24.5 3.17125
119.5 24.5 3.07671
120 24.5 3.03894
120.5 24.5 2.9686
121 24.5 2.98624
121.5 24.5 3.02894
122 24.5 3.05114
122.5 24.5 3.11712
123 24.5 3.11582
123.5 24.5 3.00132
124 24.5 3.00242
124.5 24.5 3.0046
125 24.5 3.01872
125.5 24.5 3.04261
126 24.5 3.04481
126.5 24.5 3.0493
127 24.5 3.05798
127.5 24.5 3.0955
128 24.5 3.0962
128.5 24.5 3.09839
129 24.5 3.10178
129.5 24.5 3.10617
130 24.5 3.11145
130.5 24.5 3.11813
131 24.5 3.13189
131.5 24.5 3.13418
132 24.5 3.13668
132.5 24.5 3.13748
133 24.5 3.13748
85 25 3.13803
85.5 25 3.13803
86 25 3.12984
86.5 25 3.12891
87 25 3.12179
87.5 25 3.11761
88 25 3.12402
88.5 25 3.11724
89 25 3.11186
89.5 25 3.10646
90 25 3.10226
90.5 25 3.09976
91 25 3.09886
91.5 25 3.09743
92 25 3.09771
92.5 25 3.08872
93 25 3.08322
93.5 25 3.06216
94 25 3.05425
94.5 25 3.04905
95 25 3.04725
95.5 25 3.07232
96 25 3.0647
96.5 25 3.14633
97 25 3.14691
97.5 25 3.14711
98 25 3.1623
98.5 25 3.04997
99 25 3.11144
99.5 25 3.07866
100 25 3.10248
100.5 25 3.10537
101 25 3.11222
101.5 25 3.05194
102 25 3.05773
102.5 25 3.09799
103 25 3.05276
103.5 25 3.08055
104 25 3.0531
104.5 25 3.10939
105 25 3.17138
105.5 25 3.22907
106 25 3.21871
106.5 25 3.24213
107 25 3.21609
107.5 25 3.2444
108 25 3.20504
108.5 25 3.25166
109 25 3.24134
109.5 25 3.22852
110 25 3.21464
110.5 25 3.22786
111 25 3.2339
111.5 25 3.24119
112 25 3.2371
112.5 25 3.2428
113 25 3.25396
113.5 25 3.21482
114 25 3.23287
114.5 25 3.24917
115 25 3.24405
115.5 25 3.24275
116 25 3.24295
116.5 25 3.24672
117 25 3.23472
117.5 25 3.24985
118 25 3.31793
118.5 25 3.30296
119 25 3.28083
119.5 25 3.17092
120 25 3.05238
120.5 25 3.0313
121 25 3.05372
121.5 25 3.06567
122 25 3.08456
122.5 25 3.06999
123 25 3.04581
123.5 25 2.99804
124 25 3.00102
124.5 25 3.00175
125 25 3.03593
125.5 25 3.03702
126 25 3.03992
126.5 25 3.04401
127 25 3.06513
127.5 25 3.08594
128 25 3.08693
128.5 25 3.08962
129 25 3.09381
129.5 25 3.09899
130 25 3.10477
130.5 25 3.1264
131 25 3.1278
131.5 25 3.13
132 25 3.13288
132.5 25 3.13598
133 25 3.13748
85 25.5 3.13851
85.5 25.5 3.13861
86 25.5 3.12562
86.5 25.5 3.12797
87 25.5 3.11606
87.5 25.5 3.10808
88 25.5 3.12069
88.5 25.5 3.10711
89 25.5 3.10172
89.5 25.5 3.09446
90 25.5 3.08965
90.5 25.5 3.08655
91 25.5 3.08545
91.5 25.5 3.08342
92 25.5 3.08448
92.5 25.5 3.07581
93 25.5 3.0692
93.5 25.5 3.04785
94 25.5 3.03815
94.5 25.5 3.03155
95 25.5 3.02924
95.5 25.5 3.02558
96 25.5 3.0575
96.5 25.5 3.04949
97 25.5 3.1472
97.5 25.5 3.14779
98 25.5 3.16016
98.5 25.5 3.05646
99 25.5 3.0972
99.5 25.5 3.0742
100 25.5 3.02614
100.5 25.5 3.0214
101 25.5 3.04707
101.5 25.5 3.0938
102 25.5 3.11254
102.5 25.5 3.1078
103 25.5 3.06766
103.5 25.5 3.1174
104 25.5 3.05467
104.5 25.5 3.11434
105 25.5 3.17668
105.5 25.5 3.18125
106 25.5 3.22359
106.5 25.5 3.20622
107 25.5 3.1986
107.5 25.5 3.19351
108 25.5 3.21262
108.5 25.5 3.22872
109 25.5 3.23559
109.5 25.5 3.21468
110 25.5 3.22138
110.5 25.5 3.24682
111 25.5 3.24092
111.5 25.5 3.23668
112 25.5 3.20222
112.5 25.5 3.22612
113 25.5 3.25244
113.5 25.5 3.2619
114 25.5 3.25642
114.5 25.5 3.26096
115 25.5 3.24408
115.5 25.5 3.23786
116 25.5 3.24054
116.5 25.5 3.22353
117 25.5 3.21862
117.5 25.5 3.2578
118 25.5 3.29371
118.5 25.5 3.29555
119 25.5 3.30557
119.5 25.5 3.32369
120 25.5 3.16022
120.5 25.5 3.09196
121 25.5 3.10645
121.5 25.5 3.06236
122 25.5 3.08429
122.5 25.5 3.09958
123 25.5 3.08047
123.5 25.5 3.02483
124 25.5 2.99547
124.5 25.5 3.04844
125 25.5 3.05263
125.5 25.5 3.03474
126 25.5 3.03623
126.5 25.5 3.03219
127 25.5 3.05686
127.5 25.5 3.07726
128 25.5 3.07826
128.5 25.5 3.08105
129 25.5 3.08623
129.5 25.5 3.09241
130 25.5 3.12212
130.5 25.5 3.12341
131 25.5 3.125
131.5 25.5 3.1268
132 25.5 3.1292
132.5 25.5 3.13259
133 25.5 3.14048
85 26 3.14008
85.5 26 3.14018
86 26 3.12111
86.5 26 3.12674
87 26 3.11091
87.5 26 3.09974
88 26 3.11726
88.5 26 3.09719
89 26 3.0918
89.5 26 3.08295
90 26 3.07714
90.5 26 3.07334
91 26 3.07204
91.5 26 3.0692
92 26 3.07136
92.5 26 3.06314
93 26 3.05578
93.5 26 3.05028
94 26 3.02354
94.5 26 3.01464
95 26 3.01124
95.5 26 2.99947
96 26 3.00158
96.5 26 2.99548
97 26 3.03448
97.5 26 3.09788
98 26 3.20134
98.5 26 3.18556
99 26 3.15043
99.5 26 3.08463
100 26 3.05053
100.5 26 3.09705
101 26 3.12981
101.5 26 3.17252
102 26 3.18244
102.5 26 3.10715
103 26 3.05894
103.5 26 3.10711
104 26 3.05804
104.5 26 3.112
105 26 3.13666
105.5 26 3.06368
106 26 3.1492
106.5 26 3.21212
107 26 3.22398
107.5 26 3.18356
108 26 3.21998
108.5 26 3.27562
109 26 3.27428
109.5 26 3.25564
110 26 3.22885
110.5 26 3.22991
111 26 3.23684
111.5 26 3.22202
112 26 3.22783
112.5 26 3.26154
113 26 3.266
113.5 26 3.25072
114 26 3.2446
114.5 26 3.26857
115 26 3.26608
115.5 26 3.24575
116 26 3.21845
116.5 26 3.20376
117 26 3.21795
117.5 26 3.23703
118 26 3.29788
118.5 26 3.28959
119 26 3.28855
119.5 26 3.31968
120 26 3.23636
120.5 26 3.14975
121 26 3.15221
121.5 26 3.07165
122 26 3.05317
122.5 26 3.07998
123 26 3.08766
123.5 26 3.09488
124 26 3.03179
124.5 26 3.03626
125 26 3.03235
125.5 26 3.0196
126 26 3.0222
126.5 26 3.03816
127 26 3.05389
127.5 26 3.07189
128 26 3.07288
128.5 26 3.07557
129 26 3.07995
129.5 26 3.0873
130 26 3.11892
130.5 26 3.12042
131 26 3.12231
131.5 26 3.12441
132 26 3.1268
132.5 26 3.15248
133 26 3.14628
85 26.5 3.14196
85.5 26.5 3.14216
86 26.5 3.11659
86.5 26.5 3.12521
87 26.5 3.10548
87.5 26.5 3.0918
88 26.5 3.11363
88.5 26.5 3.08807
89 26.5 3.08228
89.5 26.5 3.09978
90 26.5 3.06504
90.5 26.5 3.06014
91 26.5 3.05834
91.5 26.5 3.05489
92 26.5 3.05844
92.5 26.5 3.04862
93 26.5 3.04347
93.5 26.5 3.03596
94 26.5 3.03316
94.5 26.5 2.99934
95 26.5 2.98696
95.5 26.5 2.98047
96 26.5 2.98696
96.5 26.5 2.97758
97 26.5 3.01419
97.5 26.5 3.09508
98 26.5 3.17393
98.5 26.5 3.20056
99 26.5 3.13804
99.5 26.5 3.05867
100 26.5 3.00957
100.5 26.5 3.06438
101 26.5 3.16898
101.5 26.5 3.25134
102 26.5 3.25569
102.5 26.5 3.18147
103 26.5 3.08432
103.5 26.5 3.11101
104 26.5 3.09878
104.5 26.5 3.12786
105 26.5 3.09564
105.5 26.5 3.11186
106 26.5 3.1423
106.5 26.5 3.13583
107 26.5 3.18333
107.5 26.5 3.17901
108 26.5 3.19718
108.5 26.5 3.26165
109 26.5 3.26014
109.5 26.5 3.25699
110 26.5 3.24376
110.5 26.5 3.20018
111 26.5 3.21752
111.5 26.5 3.23268
112 26.5 3.21866
112.5 26.5 3.2643
113 26.5 3.25762
113.5 26.5 3.2395
114 26.5 3.2651
114.5 26.5 3.26746
115 26.5 3.2361
115.5 26.5 3.26484
116 26.5 3.25003
116.5 26.5 3.23737
117 26.5 3.25183
117.5 26.5 3.27261
118 26.5 3.2865
118.5 26.5 3.28781
119 26.5 3.28576
119.5 26.5 3.31005
120 26.5 3.32939
120.5 26.5 3.22636
121 26.5 3.17637
121.5 26.5 3.10585
122 26.5 3.1024
122.5 26.5 3.10463
123 26.5 3.0907
123.5 26.5 3.06673
124 26.5 3.06205
124.5 26.5 3.09472
125 26.5 3.03086
125.5 26.5 3.01201
126 26.5 3.0188
126.5 26.5 3.03648
127 26.5 3.03707
127.5 26.5 3.06622
128 26.5 3.0682
128.5 26.5 3.07209
129 26.5 3.07433
129.5 26.5 3.11553
130 26.5 3.11643
130.5 26.5 3.11782
131 26.5 3.11982
131.5 26.5 3.17488
132 26.5 3.16718
132.5 26.5 3.15948
133 26.5 3.15168
85 27 3.14354
85.5 27 3.14373
86 27 3.11187
86.5 27 3.12338
87 27 3.09984
87.5 27 3.08367
88 27 3.1098
88.5 27 3.07955
89 27 3.07285
89.5 27 3.09366
90 27 3.05384
90.5 27 3.04713
91 27 3.04453
91.5 27 3.04047
92 27 3.04562
92.5 27 3.0343
93 27 3.0345
93.5 27 3.02304
94 27 3.00039
94.5 27 2.99479
95 27 2.97533
95.5 27 2.96136
96 27 2.9565
96.5 27 3.00516
97 27 3.07576
97.5 27 3.12866
98 27 3.18763
98.5 27 3.21554
99 27 3.18262
99.5 27 3.1402
100 27 3.09642
100.5 27 3.02746
101 27 3.07284
101.5 27 3.19902
102 27 3.24628
102.5 27 3.20662
103 27 3.13915
103.5 27 3.15621
104 27 3.1248
104.5 27 3.15037
105 27 3.15746
105.5 27 3.20946
106 27 3.22396
106.5 27 3.14059
107 27 3.10513
107.5 27 3.13563
108 27 3.18387
108.5 27 3.21924
109 27 3.29756
109.5 27 3.27285
110 27 3.26636
110.5 27 3.23638
111 27 3.22487
111.5 27 3.19982
112 27 3.20536
112.5 27 3.23839
113 27 3.22504
113.5 27 3.2499
114 27 3.25974
114.5 27 3.24878
115 27 3.21562
115.5 27 3.26198
116 27 3.24636
116.5 27 3.25201
117 27 3.26182
117.5 27 3.29299
118 27 3.29579
118.5 27 3.29058
119 27 3.27124
119.5 27 3.32136
120 27 3.33048
120.5 27 3.27887
121 27 3.19644
121.5 27 3.11877
122 27 3.0984
122.5 27 3.08917
123 27 3.03236
123.5 27 3.03944
124 27 3.062
124.5 27 3.08092
125 27 3.05257
125.5 27 3.05477
126 27 3.03607
126.5 27 3.0347
127 27 3.05483
127.5 27 3.06034
128 27 3.06562
128.5 27 3.06096
129 27 3.11254
129.5 27 3.11304
130 27 3.11434
130.5 27 3.11603
131 27 3.19138
131.5 27 3.18358
132 27 3.17488
132.5 27 3.16558
133 27 3.11911
85 27.5 3.14481
85.5 27.5 3.14501
86 27.5 3.10696
86.5 27.5 3.12134
87 27.5 3.0939
87.5 27.5 3.07534
88 27.5 3.10578
88.5 27.5 3.07102
89 27.5 3.06333
89.5 27.5 3.08734
90 27.5 3.09437
90.5 27.5 3.03532
91 27.5 3.03076
91.5 27.5 3.02585
92 27.5 3.03076
92.5 27.5 3.02007
93 27.5 3.02488
93.5 27.5 3.01901
94 27.5 3.00262
94.5 27.5 2.97837
95 27.5 2.9476
95.5 27.5 2.99933
96 27.5 3.00474
96.5 27.5 3.04741
97 27.5 3.13514
97.5 27.5 3.15908
98 27.5 3.1389
98.5 27.5 3.20094
99 27.5 3.191
99.5 27.5 3.11614
100 27.5 3.06644
100.5 27.5 3.01848
101 27.5 3.00323
101.5 27.5 3.04616
102 27.5 3.13611
102.5 27.5 3.16134
103 27.5 3.20143
103.5 27.5 3.19702
104 27.5 3.14527
104.5 27.5 3.18086
105 27.5 3.19507
105.5 27.5 3.19568
106 27.5 3.20022
106.5 27.5 3.24908
107 27.5 3.18137
107.5 27.5 3.15034
108 27.5 3.18054
108.5 27.5 3.20036
109 27.5 3.26382
109.5 27.5 3.29435
110 27.5 3.25837
110.5 27.5 3.22856
111 27.5 3.19417
111.5 27.5 3.16583
112 27.5 3.23034
112.5 27.5 3.23143
113 27.5 3.24902
113.5 27.5 3.25427
114 27.5 3.25627
114.5 27.5 3.25206
115 27.5 3.237
115.5 27.5 3.26488
116 27.5 3.25615
116.5 27.5 3.26295
117 27.5 3.25602
117.5 27.5 3.2715
118 27.5 3.29048
118.5 27.5 3.26329
119 27.5 3.25995
119.5 27.5 3.29138
120 27.5 3.29715
120.5 27.5 3.29721
121 27.5 3.23002
121.5 27.5 3.14774
122 27.5 3.10844
122.5 27.5 3.15009
123 27.5 3.09539
123.5 27.5 3.11324
124 27.5 3.07492
124.5 27.5 3.08279
125 27.5 3.03391
125.5 27.5 3.0603
126 27.5 3.0434
126.5 27.5 3.0403
127 27.5 3.00104
127.5 27.5 3.03393
128 27.5 3.04958
128.5 27.5 3.08852
129 27.5 3.08922
129.5 27.5 3.11075
130 27.5 3.11264
130.5 27.5 3.20798
131 27.5 3.19988
131.5 27.5 3.19078
132 27.5 3.10654
132.5 27.5 3.10983
133 27.5 3.11382
85 28 3.14569
85.5 28 3.14598
86 28 3.14569
86.5 28 3.11901
87 28 3.11982
87.5 28 3.06681
88 28 3.06972
88.5 28 3.0624
89 28 3.06531
89.5 28 3.08102
90 28 3.08313
90.5 28 3.04235
91 28 3.01641
91.5 28 3.01114
92 28 3.02038
92.5 28 3.00615
93 28 3.00805
93.5 28 3.00469
94 28 3.01282
94.5 28 3.0098
95 28 3.00621
95.5 28 3.0382
96 28 3.0709
96.5 28 3.12817
97 28 3.17598
97.5 28 3.1956
98 28 3.18994
98.5 28 3.13649
99 28 3.18791
99.5 28 3.15878
100 28 3.07721
100.5 28 3.08127
101 28 3.06464
101.5 28 3.13324
102 28 3.21076
102.5 28 3.09533
103 28 3.09722
103.5 28 3.22324
104 28 3.16793
104.5 28 3.18612
105 28 3.16029
105.5 28 3.13972
106 28 3.19596
106.5 28 3.2009
107 28 3.20328
107.5 28 3.18788
108 28 3.20231
108.5 28 3.22356
109 28 3.25214
109.5 28 3.30583
110 28 3.29566
110.5 28 3.27046
111 28 3.21199
111.5 28 3.19686
112 28 3.19217
112.5 28 3.24541
113 28 3.25822
113.5 28 3.25796
114 28 3.24298
114.5 28 3.22095
115 28 3.25019
115.5 28 3.2253
116 28 3.26276
116.5 28 3.26026
117 28 3.25106
117.5 28 3.24412
118 28 3.26329
118.5 28 3.22112
119 28 3.26082
119.5 28 3.25194
120 28 3.28514
120.5 28 3.29273
121 28 3.25836
121.5 28 3.1472
122 28 3.11295
122.5 28 3.10933
123 28 3.10746
123.5 28 3.06884
124 28 3.10137
124.5 28 3.07092
125 28 3.04882
125.5 28 3.07924
126 28 3.06241
126.5 28 3.02173
127 28 3.02397
127.5 28 3.0178
128 28 3.05042
128.5 28 3.08694
129 28 3.10716
129.5 28 3.22858
130 28 3.22448
130.5 28 3.21588
131 28 3.20598
131.5 28 3.10225
132 28 3.10384
132.5 28 3.10564
133 28 3.10983
85 28.5 3.14608
85.5 28.5 3.14665
86 28.5 3.09682
86.5 28.5 3.11628
87 28.5 3.08113
87.5 28.5 3.05808
88 28.5 3.09712
88.5 28.5 3.05378
89 28.5 3.04439
89.5 28.5 3.0747
90 28.5 3.08084
90.5 28.5 3.03053
91 28.5 3.01852
91.5 28.5 3.03116
92 28.5 3.02979
92.5 28.5 3.04534
93 28.5 3.02914
93.5 28.5 3.05014
94 28.5 3.06663
94.5 28.5 3.06299
95 28.5 3.07759
95.5 28.5 3.14354
96 28.5 3.15169
96.5 28.5 3.16985
97 28.5 3.1874
97.5 28.5 3.11882
98 28.5 3.12445
98.5 28.5 3.15961
99 28.5 3.14743
99.5 28.5 3.13803
100 28.5 3.05079
100.5 28.5 3.07702
101 28.5 3.09297
101.5 28.5 3.18251
102 28.5 3.22296
102.5 28.5 3.1576
103 28.5 3.11643
103.5 28.5 3.16936
104 28.5 3.15358
104.5 28.5 3.15996
105 28.5 3.10067
105.5 28.5 3.07296
106 28.5 3.07717
106.5 28.5 3.14296
107 28.5 3.18881
107.5 28.5 3.18682
108 28.5 3.21252
108.5 28.5 3.23654
109 28.5 3.26134
109.5 28.5 3.28165
110 28.5 3.34246
110.5 28.5 3.29866
111 28.5 3.23565
111.5 28.5 3.24022
112 28.5 3.23847
112.5 28.5 3.22128
113 28.5 3.24721
113.5 28.5 3.29813
114 28.5 3.26579
114.5 28.5 3.24246
115 28.5 3.26756
115.5 28.5 3.27035
116 28.5 3.23846
116.5 28.5 3.23146
117 28.5 3.24134
117.5 28.5 3.25482
118 28.5 3.254
118.5 28.5 3.24127
119 28.5 3.24736
119.5 28.5 3.2289
120 28.5 3.26282
120.5 28.5 3.26164
121 28.5 3.27456
121.5 28.5 3.18338
122 28.5 3.11805
122.5 28.5 3.13273
123 28.5 3.09504
123.5 28.5 3.09615
124 28.5 3.06628
124.5 28.5 3.05014
125 28.5 3.06601
125.5 28.5 3.05534
126 28.5 3.02458
126.5 28.5 3.0063
127 28.5 3.01532
127.5 28.5 3.03274
128 28.5 3.02785
128.5 28.5 3.02614
129 28.5 3.00756
129.5 28.5 3.24098
130 28.5 3.23008
130.5 28.5 3.21918
131 28.5 3.10066
131.5 28.5 3.10096
132 28.5 3.10165
132.5 28.5 3.08335
133 28.5 3.08744
85 29 3.14569
85.5 29 3.07067
86 29 3.04531
86.5 29 3.03796
87 29 3.01874
87.5 29 2.9801
88 29 2.98618
88.5 29 2.99648
89 29 2.99331
89.5 29 3.0092
90 29 3.0362
90.5 29 3.02156
91 29 2.99916
91.5 29 3.01712
92 29 3.05496
92.5 29 3.09657
93 29 3.12474
93.5 29 3.15026
94 29 3.15007
94.5 29 3.1361
95 29 3.13555
95.5 29 3.1566
96 29 3.16074
96.5 29 3.16333
97 29 3.14949
97.5 29 3.08136
98 29 3.09032
98.5 29 3.12077
99 29 3.11699
99.5 29 3.08347
100 29 3.10093
100.5 29 3.01455
101 29 3.04708
101.5 29 3.11561
102 29 3.15147
102.5 29 3.22545
103 29 3.21318
103.5 29 3.16129
104 29 3.10183
104.5 29 3.05712
105 29 3.04006
105.5 29 3.06137
106 29 3.0428
106.5 29 3.11933
107 29 3.14824
107.5 29 3.18024
108 29 3.17363
108.5 29 3.19282
109 29 3.22993
109.5 29 3.23216
110 29 3.24371
110.5 29 3.27418
111 29 3.26875
111.5 29 3.23769
112 29 3.21898
112.5 29 3.21167
113 29 3.24482
113.5 29 3.25785
114 29 3.28196
114.5 29 3.24035
115 29 3.26434
115.5 29 3.25543
116 29 3.25686
116.5 29 3.23759
117 29 3.24028
117.5 29 3.26994
118 29 3.28423
118.5 29 3.28234
119 29 3.27071
119.5 29 3.21558
120 29 3.23421
120.5 29 3.26503
121 29 3.27902
121.5 29 3.24291
122 29 3.1855
122.5 29 3.1493
123 29 3.10066
123.5 29 3.0761
124 29 3.05684
124.5 29 3.05718
125 29 3.04358
125.5 29 3.0454
126 29 2.99517
126.5 29 3.15335
127 29 3.05332
127.5 29 3.03186
128 29 3.00509
128.5 29 3.04668
129 29 3.06918
129.5 29 3.08082
130 29 3.22448
130.5 29 3.09997
131 29 3.10017
131.5 29 3.10056
132 29 3.08056
132.5 29 3.08096
133 29 3.08094
85 29.5 3.002
85.5 29.5 2.97832
86 29.5 2.99756
86.5 29.5 3.00427
87 29.5 3.03208
87.5 29.5 3.0612
88 29.5 3.05474
88.5 29.5 3.01806
89 29.5 3.04665
89.5 29.5 3.07326
90 29.5 3.0242
90.5 29.5 3.0902
91 29.5 3.10644
91.5 29.5 3.08793
92 29.5 3.09847
92.5 29.5 3.12615
93 29.5 3.16784
93.5 29.5 3.18594
94 29.5 3.15685
94.5 29.5 3.09129
95 29.5 3.09924
95.5 29.5 3.10808
96 29.5 3.12728
96.5 29.5 3.14227
97 29.5 3.15553
97.5 29.5 3.13402
98 29.5 3.1208
98.5 29.5 3.10078
99 29.5 3.09214
99.5 29.5 3.1102
100 29.5 3.03875
100.5 29.5 3.08623
101 29.5 3.07444
101.5 29.5 3.11668
102 29.5 3.12554
102.5 29.5 3.23286
103 29.5 3.19017
103.5 29.5 3.17193
104 29.5 3.18432
104.5 29.5 3.10655
105 29.5 3.08581
105.5 29.5 3.15123
106 29.5 3.14941
106.5 29.5 3.12705
107 29.5 3.1258
107.5 29.5 3.12792
108 29.5 3.15868
108.5 29.5 3.18612
109 29.5 3.17364
109.5 29.5 3.18578
110 29.5 3.21069
110.5 29.5 3.22752
111 29.5 3.20533
111.5 29.5 3.21684
112 29.5 3.25406
112.5 29.5 3.2689
113 29.5 3.25518
113.5 29.5 3.20691
114 29.5 3.21297
114.5 29.5 3.20642
115 29.5 3.23427
115.5 29.5 3.25425
116 29.5 3.23179
116.5 29.5 3.23994
117 29.5 3.27025
117.5 29.5 3.30601
118 29.5 3.28624
118.5 29.5 3.3286
119 29.5 3.2766
119.5 29.5 3.29323
120 29.5 3.2641
120.5 29.5 3.25064
121 29.5 3.24396
121.5 29.5 3.26703
122 29.5 3.24677
122.5 29.5 3.19258
123 29.5 3.10778
123.5 29.5 3.09474
124 29.5 3.05793
124.5 29.5 3.06279
125 29.5 3.04669
125.5 29.5 2.99452
126 29.5 3.01735
126.5 29.5 3.04815
127 29.5 3.04481
127.5 29.5 3.04946
128 29.5 3.03724
128.5 29.5 3.03874
129 29.5 3.10271
129.5 29.5 3.0685
130 29.5 3.06655
130.5 29.5 3.10167
131 29.5 3.09987
131.5 29.5 3.08147
132 29.5 3.08097
132.5 29.5 3.07845
133 29.5 3.07804
85 30 3.00888
85.5 30 3.02328
86 30 3.03488
86.5 30 3.01428
87 30 3.02428
87.5 30 3.0386
88 30 3.0702
88.5 30 3.05232
89 30 3.05484
89.5 30 3.10231
90 30 3.12219
90.5 30 2.9967
91 30 3.08706
91.5 30 3.13877
92 30 3.10457
92.5 30 3.11766
93 30 3.14337
93.5 30 3.15617
94 30 3.16595
94.5 30 3.0901
95 30 3.06942
95.5 30 3.10413
96 30 3.12353
96.5 30 3.12334
97 30 3.13943
97.5 30 3.11923
98 30 3.07502
98.5 30 3.04939
99 30 3.06359
99.5 30 3.10811
100 30 3.09129
100.5 30 3.13126
101 30 3.13886
101.5 30 3.13937
102 30 3.145
102.5 30 3.22922
103 30 3.1186
103.5 30 3.07087
104 30 3.08025
104.5 30 3.18252
105 30 3.14396
105.5 30 3.14386
106 30 3.16661
106.5 30 3.11055
107 30 3.05888
107.5 30 3.05098
108 30 3.09085
108.5 30 3.12873
109 30 3.16148
109.5 30 3.18015
110 30 3.20522
110.5 30 3.22421
111 30 3.2101
111.5 30 3.14699
112 30 3.11195
112.5 30 3.10014
113 30 3.1637
113.5 30 3.16853
114 30 3.17136
114.5 30 3.22108
115 30 3.24477
115.5 30 3.2529
116 30 3.1911
116.5 30 3.19233
117 30 3.26062
117.5 30 3.27568
118 30 3.2799
118.5 30 3.27411
119 30 3.28987
119.5 30 3.27709
120 30 3.23986
120.5 30 3.24198
121 30 3.21069
121.5 30 3.22197
122 30 3.207
122.5 30 3.16404
123 30 3.13147
123.5 30 3.11519
124 30 3.07513
124.5 30 3.07081
125 30 3.04012
125.5 30 3.03479
126 30 3.04934
126.5 30 3.03812
127 30 3.03815
127.5 30 3.09238
128 30 3.09195
128.5 30 3.08954
129 30 3.0897
129.5 30 3.07239
130 30 3.07755
130.5 30 3.09985
131 30 3.08247
131.5 30 3.08455
132 30 3.08305
132.5 30 3.08005
133 30 3.05167
85 30.5 3.07159
85.5 30.5 3.0761
86 30.5 3.12217
86.5 30.5 3.0612
87 30.5 3.079
87.5 30.5 3.06271
88 30.5 3.07103
88.5 30.5 3.06085
89 30.5 3.06476
89.5 30.5 3.07292
90 30.5 3.08551
90.5 30.5 3.08849
91 30.5 3.0231
91.5 30.5 3.05058
92 30.5 3.08597
92.5 30.5 3.05386
93 30.5 3.11975
93.5 30.5 3.11977
94 30.5 3.11596
94.5 30.5 3.14388
95 30.5 3.10171
95.5 30.5 3.1284
96 30.5 3.12559
96.5 30.5 3.1317
97 30.5 3.10133
97.5 30.5 3.11265
98 30.5 3.07557
98.5 30.5 3.05747
99 30.5 3.05778
99.5 30.5 3.08016
100 30.5 3.10428
100.5 30.5 3.10848
101 30.5 3.17948
101.5 30.5 3.1518
102 30.5 3.11075
102.5 30.5 3.17245
103 30.5 3.11712
103.5 30.5 3.00909
104 30.5 3.0446
104.5 30.5 3.12847
105 30.5 3.09614
105.5 30.5 3.08466
106 30.5 3.17796
106.5 30.5 3.12844
107 30.5 3.03463
107.5 30.5 3.00096
108 30.5 2.98048
108.5 30.5 3.02528
109 30.5 3.10856
109.5 30.5 3.16147
110 30.5 3.17228
110.5 30.5 3.17515
111 30.5 3.21065
111.5 30.5 3.15451
112 30.5 3.09484
112.5 30.5 3.08777
113 30.5 3.08804
113.5 30.5 3.07855
114 30.5 3.18416
114.5 30.5 3.24154
115 30.5 3.28559
115.5 30.5 3.29634
116 30.5 3.22334
116.5 30.5 3.21904
117 30.5 3.2215
117.5 30.5 3.25293
118 30.5 3.26018
118.5 30.5 3.26079
119 30.5 3.26028
119.5 30.5 3.2506
120 30.5 3.23416
120.5 30.5 3.20911
121 30.5 3.19341
121.5 30.5 3.20382
122 30.5 3.21171
122.5 30.5 3.18582
123 30.5 3.13026
123.5 30.5 3.11528
124 30.5 3.06704
124.5 30.5 3.06303
125 30.5 3.0368
125.5 30.5 3.01668
126 30.5 3.03691
126.5 30.5 3.02088
127 30.5 3.12941
127.5 30.5 3.19936
128 30.5 3.10053
128.5 30.5 3.0908
129 30.5 3.08636
129.5 30.5 3.11475
130 30.5 3.0854
130.5 30.5 3.12022
131 30.5 3.17126
131.5 30.5 3.08905
132 30.5 3.08515
132.5 30.5 3.05028
133 30.5 3.05008
85 31 3.07767
85.5 31 3.09182
86 31 3.09994
86.5 31 3.10201
87 31 3.09182
87.5 31 3.09631
88 31 3.09374
88.5 31 3.10944
89 31 3.10504
89.5 31 3.09642
90 31 3.07012
90.5 31 3.09091
91 31 3.04802
91.5 31 3.01696
92 31 3.03375
92.5 31 3.03691
93 31 3.08757
93.5 31 3.14815
94 31 3.15697
94.5 31 3.10936
95 31 3.12233
95.5 31 3.15729
96 31 3.11846
96.5 31 3.05276
97 31 3.06546
97.5 31 3.07947
98 31 3.09666
98.5 31 3.10261
99 31 3.09579
99.5 31 3.09927
100 31 3.09858
100.5 31 3.11304
101 31 3.11762
101.5 31 3.14342
102 31 3.12928
102.5 31 3.14944
103 31 3.17758
103.5 31 3.09848
104 31 2.98302
104.5 31 2.96128
105 31 3.06436
105.5 31 3.01181
106 31 3.0555
106.5 31 3.0695
107 31 3.03607
107.5 31 3.02092
108 31 2.98913
108.5 31 3.02898
109 31 3.10485
109.5 31 3.17008
110 31 3.19664
110.5 31 3.2157
111 31 3.26413
111.5 31 3.2487
112 31 3.16698
112.5 31 3.16899
113 31 3.18763
113.5 31 3.14812
114 31 3.20037
114.5 31 3.24986
115 31 3.2703
115.5 31 3.25524
116 31 3.21392
116.5 31 3.2112
117 31 3.20352
117.5 31 3.18664
118 31 3.18869
118.5 31 3.14381
119 31 3.19469
119.5 31 3.18454
120 31 3.16546
120.5 31 3.14616
121 31 3.18234
121.5 31 3.23448
122 31 3.19643
122.5 31 3.1644
123 31 3.13404
123.5 31 3.09531
124 31 3.07191
124.5 31 3.02269
125 31 2.99762
125.5 31 3.06076
126 31 3.05783
126.5 31 3.11862
127 31 3.22188
127.5 31 3.12532
128 31 3.09246
128.5 31 3.07998
129 31 3.10589
129.5 31 3.03638
130 31 3.07758
130.5 31 3.06068
131 31 3.11347
131.5 31 3.1662
132 31 3.05068
132.5 31 3.05577
133 31 3.05437
85 31.5 3.05462
85.5 31.5 3.04114
86 31.5 3.03853
86.5 31.5 3.04924
87 31.5 3.07614
87.5 31.5 3.08007
88 31.5 3.07968
88.5 31.5 3.07626
89 31.5 3.09011
89.5 31.5 3.05172
90 31.5 3.05162
90.5 31.5 3.05423
91 31.5 3.05065
91.5 31.5 3.02469
92 31.5 3.02308
92.5 31.5 3.03184
93 31.5 3.06702
93.5 31.5 3.09612
94 31.5 3.1507
94.5 31.5 3.1723
95 31.5 3.1124
95.5 31.5 3.07008
96 31.5 3.07269
96.5 31.5 3.02902
97 31.5 2.9724
97.5 31.5 3.06233
98 31.5 3.08623
98.5 31.5 3.12102
99 31.5 3.11712
99.5 31.5 3.11788
100 31.5 3.08076
100.5 31.5 3.09679
101 31.5 3.13375
101.5 31.5 3.15743
102 31.5 3.17003
102.5 31.5 3.15824
103 31.5 3.16605
103.5 31.5 3.18891
104 31.5 3.15693
104.5 31.5 2.95882
105 31.5 2.9505
105.5 31.5 3.07054
106 31.5 3.03172
106.5 31.5 3.04845
107 31.5 2.96728
107.5 31.5 2.98128
108 31.5 3.03325
108.5 31.5 3.04419
109 31.5 3.10948
109.5 31.5 3.17294
110 31.5 3.23896
110.5 31.5 3.27924
111 31.5 3.29313
111.5 31.5 3.28216
112 31.5 3.22237
112.5 31.5 3.21887
113 31.5 3.27853
113.5 31.5 3.25985
114 31.5 3.23905
114.5 31.5 3.27681
115 31.5 3.2444
115.5 31.5 3.23686
116 31.5 3.20775
116.5 31.5 3.20388
117 31.5 3.17441
117.5 31.5 3.20148
118 31.5 3.19499
118.5 31.5 3.12972
119 31.5 3.16998
119.5 31.5 3.1463
120 31.5 3.13422
120.5 31.5 3.14768
121 31.5 3.12374
121.5 31.5 3.14914
122 31.5 3.17955
122.5 31.5 3.14993
123 31.5 3.13217
123.5 31.5 3.09944
124 31.5 3.05768
124.5 31.5 3.03463
125 31.5 3.03132
125.5 31.5 3.07357
126 31.5 3.10802
126.5 31.5 3.11722
127 31.5 3.1398
127.5 31.5 3.12592
128 31.5 3.13151
128.5 31.5 3.11638
129 31.5 3.05299
129.5 31.5 3.10158
130 31.5 3.09905
130.5 31.5 3.04576
131 31.5 3.04153
131.5 31.5 3.12089
132 31.5 3.12466
132.5 31.5 3.06018
133 31.5 2.99088
85 32 3.01229
85.5 32 2.99078
86 32 2.98859
86.5 32 3.03996
87 32 3.0317
87.5 32 3.05566
88 32 3.04077
88.5 32 3.04566
89 32 3.02297
89.5 32 3.00806
90 32 3.01952
90.5 32 3.02075
91 32 2.99409
91.5 32 3.02428
92 32 3.06041
92.5 32 3.05591
93 32 3.05914
93.5 32 3.10072
94 32 3.105
94.5 32 3.1119
95 32 3.07445
95.5 32 3.0095
96 32 2.97984
96.5 32 2.97842
97 32 3.01228
97.5 32 3.04812
98 32 3.08504
98.5 32 3.1102
99 32 3.11691
99.5 32 3.13468
100 32 3.06891
100.5 32 3.05034
101 32 3.09323
101.5 32 3.12124
102 32 3.17232
102.5 32 3.18812
103 32 3.15954
103.5 32 3.15306
104 32 3.20601
104.5 32 3.15712
105 32 3.12099
105.5 32 3.11454
106 32 3.04659
106.5 32 3.13598
107 32 3.06083
107.5 32 3.08866
108 32 3.13052
108.5 32 3.1105
109 32 3.08369
109.5 32 3.09649
110 32 3.14837
110.5 32 3.22057
111 32 3.24467
111.5 32 3.20498
112 32 3.18284
112.5 32 3.19677
113 32 3.23832
113.5 32 3.23754
114 32 3.24947
114.5 32 3.26093
115 32 3.21246
115.5 32 3.21567
116 32 3.18889
116.5 32 3.16819
117 32 3.16122
117.5 32 3.18014
118 32 3.20269
118.5 32 3.19312
119 32 3.16122
119.5 32 3.1277
120 32 3.07505
120.5 32 3.09625
121 32 3.09139
121.5 32 3.08611
122 32 3.09369
122.5 32 3.10708
123 32 3.13413
123.5 32 3.11706
124 32 3.08935
124.5 32 3.1617
125 32 3.08649
125.5 32 3.13052
126 32 3.14085
126.5 32 3.13412
127 32 3.13517
127.5 32 3.09838
128 32 3.12402
128.5 32 3.1308
129 32 3.07346
129.5 32 3.05707
130 32 3.09022
130.5 32 3.08954
131 32 3.02795
131.5 32 3.10094
132 32 3.0836
132.5 32 3.11434
133 32 3.071
85 32.5 2.99095
85.5 32.5 2.97766
86 32.5 3.01344
86.5 32.5 3.01929
87 32.5 3.0305
87.5 32.5 3.0362
88 32.5 3.06818
88.5 32.5 3.05397
89 32.5 3.05026
89.5 32.5 3.01847
90 32.5 3.01377
90.5 32.5 3.02308
91 32.5 3.00986
91.5 32.5 2.99668
92 32.5 3.01261
92.5 32.5 3.03286
93 32.5 3.02474
93.5 32.5 3.01996
94 32.5 3.01398
94.5 32.5 3.04424
95 32.5 3.04814
95.5 32.5 3.02148
96 32.5 2.99321
96.5 32.5 2.94394
97 32.5 3.00315
97.5 32.5 3.08022
98 32.5 3.09053
98.5 32.5 3.09925
99 32.5 3.0923
99.5 32.5 3.0858
100 32.5 3.07529
100.5 32.5 3.07822
101 32.5 3.1051
101.5 32.5 3.09315
102 32.5 3.06564
102.5 32.5 3.12706
103 32.5 3.10618
103.5 32.5 3.10235
104 32.5 3.13634
104.5 32.5 3.20174
105 32.5 3.24842
105.5 32.5 3.2086
106 32.5 3.22301
106.5 32.5 3.28136
107 32.5 3.25712
107.5 32.5 3.26329
108 32.5 3.2262
108.5 32.5 3.1676
109 32.5 3.11878
109.5 32.5 3.09008
110 32.5 3.13956
110.5 32.5 3.18579
111 32.5 3.20989
111.5 32.5 3.1682
112 32.5 3.11912
112.5 32.5 3.13053
113 32.5 3.20825
113.5 32.5 3.25109
114 32.5 3.21868
114.5 32.5 3.17808
115 32.5 3.16934
115.5 32.5 3.21991
116 32.5 3.21794
116.5 32.5 3.23726
117 32.5 3.21606
117.5 32.5 3.1969
118 32.5 3.19998
118.5 32.5 3.18311
119 32.5 3.13841
119.5 32.5 3.0551
120 32.5 2.98081
120.5 32.5 2.91302
121 32.5 2.91095
121.5 32.5 2.9651
122 32.5 3.03324
122.5 32.5 3.043
123 32.5 3.03301
123.5 32.5 3.06562
124 32.5 3.11349
124.5 32.5 3.19045
125 32.5 3.1346
125.5 32.5 3.14663
126 32.5 3.15879
126.5 32.5 3.14977
127 32.5 3.12868
127.5 32.5 3.12198
128 32.5 3.11954
128.5 32.5 3.15498
129 32.5 3.1395
129.5 32.5 3.11488
130 32.5 3.10922
130.5 32.5 3.08277
131 32.5 3.12618
131.5 32.5 3.15358
132 32.5 3.14094
132.5 32.5 3.08924
133 32.5 3.1362
85 33 2.99396
85.5 33 3.00531
86 33 3.0452
86.5 33 3.04173
87 33 3.07401
87.5 33 3.04755
88 33 3.05641
88.5 33 3.05708
89 33 3.04336
89.5 33 3.02703
90 33 3.02222
90.5 33 3.01922
91 33 3.00254
91.5 33 2.97956
92 33 2.97706
92.5 33 2.96446
93 33 2.96615
93.5 33 2.94498
94 33 2.95437
94.5 33 2.96526
95 33 2.98048
95.5 33 3.02009
96 33 3.03471
96.5 33 3.06847
97 33 3.09586
97.5 33 3.10414
98 33 3.09713
98.5 33 3.11185
99 33 3.08664
99.5 33 3.08545
100 33 3.05451
100.5 33 3.10297
101 33 3.10597
101.5 33 3.06982
102 33 3.06894
102.5 33 3.02831
103 33 3.04208
103.5 33 3.02455
104 33 3.0878
104.5 33 3.18092
105 33 3.23306
105.5 33 3.26902
106 33 3.30894
106.5 33 3.27678
107 33 3.28498
107.5 33 3.30667
108 33 3.28503
108.5 33 3.25015
109 33 3.20365
109.5 33 3.16327
110 33 3.18094
110.5 33 3.20525
111 33 3.22806
111.5 33 3.19878
112 33 3.2178
112.5 33 3.19037
113 33 3.22358
113.5 33 3.22438
114 33 3.17421
114.5 33 3.11164
115 33 3.07379
115.5 33 3.12566
116 33 3.1495
116.5 33 3.19031
117 33 3.20056
117.5 33 3.19539
118 33 3.21467
118.5 33 3.17542
119 33 3.03186
119.5 33 2.95542
120 33 2.91672
120.5 33 2.89654
121 33 2.90576
121.5 33 2.93666
122 33 3.12231
122.5 33 3.0934
123 33 3.05962
123.5 33 3.08477
124 33 3.09791
124.5 33 3.11294
125 33 3.11015
125.5 33 3.14415
126 33 3.15948
126.5 33 3.2025
127 33 3.16426
127.5 33 3.14946
128 33 3.13895
128.5 33 3.15828
129 33 3.18766
129.5 33 3.19002
130 33 3.15612
130.5 33 3.16082
131 33 3.10073
131.5 33 3.11247
132 33 3.18109
132.5 33 3.18396
133 33 3.15224
85 33.5 3.02488
85.5 33.5 3.02581
86 33.5 3.02891
86.5 33.5 3.03215
87 33.5 3.05774
87.5 33.5 3.02877
88 33.5 3.02002
88.5 33.5 3.0083
89 33.5 2.99938
89.5 33.5 2.97788
90 33.5 2.97038
90.5 33.5 2.97384
91 33.5 2.96184
91.5 33.5 2.98804
92 33.5 2.96527
92.5 33.5 2.97832
93 33.5 2.93235
93.5 33.5 2.92976
94 33.5 2.95007
94.5 33.5 2.98587
95 33.5 3.02423
95.5 33.5 3.02914
96 33.5 3.07471
96.5 33.5 3.11778
97 33.5 3.1151
97.5 33.5 3.09394
98 33.5 3.05926
98.5 33.5 3.05189
99 33.5 3.06495
99.5 33.5 3.06241
100 33.5 3.06167
100.5 33.5 3.07268
101 33.5 3.0935
101.5 33.5 3.05594
102 33.5 3.05698
102.5 33.5 3.02333
103 33.5 3.01022
103.5 33.5 3.0546
104 33.5 3.14627
104.5 33.5 3.17016
105 33.5 3.1585
105.5 33.5 3.24249
106 33.5 3.29241
106.5 33.5 3.27754
107 33.5 3.28889
107.5 33.5 3.2826
108 33.5 3.33485
108.5 33.5 3.2931
109 33.5 3.24254
109.5 33.5 3.22039
110 33.5 3.22018
110.5 33.5 3.25413
111 33.5 3.26464
111.5 33.5 3.24706
112 33.5 3.22826
112.5 33.5 3.2098
113 33.5 3.21772
113.5 33.5 3.1784
114 33.5 3.13604
114.5 33.5 2.96766
115 33.5 3.01448
115.5 33.5 3.025
116 33.5 3.11062
116.5 33.5 3.18539
117 33.5 3.21534
117.5 33.5 3.18657
118 33.5 3.20369
118.5 33.5 3.22566
119 33.5 3.17169
119.5 33.5 3.08412
120 33.5 3.00057
120.5 33.5 2.96113
121 33.5 2.95115
121.5 33.5 3.02156
122 33.5 2.98659
122.5 33.5 3.1361
123 33.5 3.11533
123.5 33.5 3.13498
124 33.5 3.13181
124.5 33.5 3.15223
125 33.5 3.1353
125.5 33.5 3.18702
126 33.5 3.19833
126.5 33.5 3.22232
127 33.5 3.1935
127.5 33.5 3.19642
128 33.5 3.1849
128.5 33.5 3.17108
129 33.5 3.1835
129.5 33.5 3.21671
130 33.5 3.21947
130.5 33.5 3.18275
131 33.5 3.17595
131.5 33.5 3.19289
132 33.5 3.16902
132.5 33.5 3.16664
133 33.5 3.15675
85 34 2.99964
85.5 34 3.01192
86 34 3.018
86.5 34 2.99876
87 34 3.03907
87.5 34 3.00236
88 34 3.00692
88.5 34 2.99778
89 34 2.99303
89.5 34 2.99924
90 34 2.96466
90.5 34 2.95284
91 34 2.94601
91.5 34 2.93883
92 34 2.95702
92.5 34 2.96292
93 34 2.94786
93.5 34 2.94446
94 34 2.9427
94.5 34 2.98507
95 34 3.04622
95.5 34 3.1177
96 34 3.15349
96.5 34 3.14402
97 34 3.07194
97.5 34 3.0424
98 34 3.04116
98.5 34 3.0247
99 34 3.03977
99.5 34 3.08074
100 34 3.11568
100.5 34 3.09172
101 34 3.08638
101.5 34 3.06046
102 34 3.04747
102.5 34 3.05161
103 34 2.98339
103.5 34 3.07574
104 34 3.14513
104.5 34 3.11508
105 34 3.13828
105.5 34 3.20513
106 34 3.27652
106.5 34 3.28283
107 34 3.24425
107.5 34 3.22481
108 34 3.14288
108.5 34 3.07984
109 34 3.07827
109.5 34 3.15538
110 34 3.21333
110.5 34 3.2549
111 34 3.2323
111.5 34 3.22209
112 34 3.2218
112.5 34 3.18676
113 34 3.22427
113.5 34 3.16473
114 34 3.11274
114.5 34 3.04077
115 34 3.07308
115.5 34 3.06159
116 34 3.09534
116.5 34 3.1811
117 34 3.19936
117.5 34 3.17828
118 34 3.18122
118.5 34 3.22778
119 34 3.19919
119.5 34 3.11884
120 34 3.06205
120.5 34 3.05746
121 34 3.01858
121.5 34 2.96673
122 34 2.96259
122.5 34 3.03686
123 34 3.1202
123.5 34 3.1495
124 34 3.1614
124.5 34 3.16741
125 34 3.19439
125.5 34 3.20338
126 34 3.19022
126.5 34 3.20729
127 34 3.25055
127.5 34 3.23091
128 34 3.19052
128.5 34 3.19674
129 34 3.2072
129.5 34 3.20646
130 34 3.18488
130.5 34 3.17895
131 34 3.22903
131.5 34 3.22167
132 34 3.24392
132.5 34 3.21907
133 34 3.22614
85 34.5 2.9813
85.5 34.5 3.00476
86 34.5 2.99915
86.5 34.5 2.97424
87 34.5 2.97859
87.5 34.5 2.99338
88 34.5 2.97683
88.5 34.5 2.96691
89 34.5 2.96915
89.5 34.5 2.97784
90 34.5 2.9649
90.5 34.5 2.97001
91 34.5 2.95692
91.5 34.5 2.93302
92 34.5 2.94989
92.5 34.5 2.94768
93 34.5 2.98596
93.5 34.5 2.98525
94 34.5 3.02528
94.5 34.5 3.05249
95 34.5 3.09062
95.5 34.5 3.11149
96 34.5 3.1124
96.5 34.5 3.08748
97 34.5 3.02872
97.5 34.5 3.0147
98 34.5 3.03165
98.5 34.5 3.07845
99 34.5 3.10422
99.5 34.5 3.11581
100 34.5 3.07659
100.5 34.5 3.12973
101 34.5 3.11074
101.5 34.5 3.10285
102 34.5 3.06494
102.5 34.5 3.05874
103 34.5 3.04997
103.5 34.5 3.11424
104 34.5 3.11699
104.5 34.5 3.13309
105 34.5 3.1455
105.5 34.5 3.14556
106 34.5 3.21798
106.5 34.5 3.24524
107 34.5 3.2048
107.5 34.5 3.21661
108 34.5 3.17052
108.5 34.5 3.02497
109 34.5 2.9553
109.5 34.5 3.02404
110 34.5 3.06652
110.5 34.5 3.12869
111 34.5 3.16452
111.5 34.5 3.18161
112 34.5 3.18876
112.5 34.5 3.17043
113 34.5 3.1825
113.5 34.5 3.14259
114 34.5 3.0555
114.5 34.5 2.95012
115 34.5 3.02125
115.5 34.5 3.05018
116 34.5 3.11545
116.5 34.5 3.14436
117 34.5 3.20933
117.5 34.5 3.22822
118 34.5 3.23104
118.5 34.5 3.26548
119 34.5 3.25796
119.5 34.5 3.18213
120 34.5 3.13385
120.5 34.5 3.11806
121 34.5 3.17521
121.5 34.5 3.03924
122 34.5 2.9941
122.5 34.5 2.99828
123 34.5 3.05891
123.5 34.5 3.06612
124 34.5 3.13294
124.5 34.5 3.13668
125 34.5 3.1558
125.5 34.5 3.16339
126 34.5 3.19956
126.5 34.5 3.27056
127 34.5 3.27502
127.5 34.5 3.2785
128 34.5 3.26207
128.5 34.5 3.2099
129 34.5 3.20868
129.5 34.5 3.20128
130 34.5 3.1018
130.5 34.5 3.09824
131 34.5 3.18336
131.5 34.5 3.19012
132 34.5 3.26076
132.5 34.5 3.23383
133 34.5 3.28551
85 35 2.97581
85.5 35 2.98142
86 35 2.9524
86.5 35 2.97919
87 35 2.95924
87.5 35 2.94538
88 35 2.94912
88.5 35 2.96597
89 35 2.9788
89.5 35 2.97313
90 35 2.96989
90.5 35 2.98578
91 35 2.96503
91.5 35 2.95514
92 35 2.95316
92.5 35 2.97374
93 35 2.99625
93.5 35 3.03948
94 35 3.06604
94.5 35 3.12532
95 35 3.13739
95.5 35 3.12116
96 35 3.0765
96.5 35 3.05576
97 35 3.01378
97.5 35 3.02809
98 35 3.05508
98.5 35 3.07431
99 35 3.09478
99.5 35 3.10608
100 35 3.1158
100.5 35 3.11128
101 35 3.13924
101.5 35 3.14794
102 35 3.11725
102.5 35 3.08754
103 35 3.10209
103.5 35 3.12094
104 35 3.1027
104.5 35 3.11822
105 35 3.14442
105.5 35 3.13924
106 35 3.1952
106.5 35 3.21528
107 35 3.18158
107.5 35 3.19174
108 35 3.21279
108.5 35 3.21309
109 35 3.1382
109.5 35 3.11022
110 35 3.06336
110.5 35 3.04685
111 35 3.08158
111.5 35 3.13528
112 35 3.185
112.5 35 3.17266
113 35 3.13705
113.5 35 3.13614
114 35 3.00292
114.5 35 2.95472
115 35 3.0039
115.5 35 3.08803
116 35 3.10681
116.5 35 3.17869
117 35 3.21756
117.5 35 3.27363
118 35 3.26252
118.5 35 3.26597
119 35 3.29043
119.5 35 3.2069
120 35 3.14732
120.5 35 3.16603
121 35 3.09687
121.5 35 3.0634
122 35 2.99469
122.5 35 3.01488
123 35 3.00324
123.5 35 3.09128
124 35 3.0736
124.5 35 3.12434
125 35 3.12287
125.5 35 3.14906
126 35 3.20611
126.5 35 3.24684
127 35 3.2724
127.5 35 3.24584
128 35 3.27342
128.5 35 3.24994
129 35 3.19717
129.5 35 3.11151
130 35 3.03376
130.5 35 3.03125
131 35 3.03862
131.5 35 3.09197
132 35 3.10687
132.5 35 3.17815
133 35 3.22153
85 35.5 2.96228
85.5 35.5 2.97448
86 35.5 2.95868
86.5 35.5 2.96546
87 35.5 2.96884
87.5 35.5 2.95522
88 35.5 2.98151
88.5 35.5 2.9456
89 35.5 2.95769
89.5 35.5 2.95379
90 35.5 2.96482
90.5 35.5 2.9547
91 35.5 2.96586
91.5 35.5 2.96239
92 35.5 2.97329
92.5 35.5 2.9933
93 35.5 3.02864
93.5 35.5 3.04712
94 35.5 3.0756
94.5 35.5 3.12968
95 35.5 3.13166
95.5 35.5 3.10048
96 35.5 3.06587
96.5 35.5 3.0722
97 35.5 3.08378
97.5 35.5 3.09366
98 35.5 3.10088
98.5 35.5 3.1269
99 35.5 3.11063
99.5 35.5 3.09924
100 35.5 3.07132
100.5 35.5 3.08948
101 35.5 3.1176
101.5 35.5 3.1102
102 35.5 3.10905
102.5 35.5 3.1616
103 35.5 3.13082
103.5 35.5 3.12927
104 35.5 3.12142
104.5 35.5 3.15673
105 35.5 3.16642
105.5 35.5 3.19391
106 35.5 3.20286
106.5 35.5 3.16343
107 35.5 3.10062
107.5 35.5 3.14102
108 35.5 3.16055
108.5 35.5 3.18638
109 35.5 3.20742
109.5 35.5 3.23613
110 35.5 3.22544
110.5 35.5 3.21584
111 35.5 3.14932
111.5 35.5 3.12836
112 35.5 3.20878
112.5 35.5 3.2503
113 35.5 3.23468
113.5 35.5 3.17519
114 35.5 3.11151
114.5 35.5 3.04614
115 35.5 3.07812
115.5 35.5 3.06868
116 35.5 3.16902
116.5 35.5 3.19769
117 35.5 3.22811
117.5 35.5 3.23366
118 35.5 3.23537
118.5 35.5 3.23989
119 35.5 3.27122
119.5 35.5 3.22474
120 35.5 3.17161
120.5 35.5 3.20358
121 35.5 3.14872
121.5 35.5 3.07336
122 35.5 3.0375
122.5 35.5 2.97794
123 35.5 2.94616
123.5 35.5 3.00889
124 35.5 3.13052
124.5 35.5 3.13823
125 35.5 3.14535
125.5 35.5 3.15733
126 35.5 3.19223
126.5 35.5 3.24562
127 35.5 3.25659
127.5 35.5 3.25259
128 35.5 3.27486
128.5 35.5 3.29189
129 35.5 3.25098
129.5 35.5 3.09964
130 35.5 2.99802
130.5 35.5 2.97077
131 35.5 3.0157
131.5 35.5 3.01758
132 35.5 3.00887
132.5 35.5 3.15396
133 35.5 3.15356
85 36 2.94471
85.5 36 2.95366
86 36 2.94152
86.5 36 2.94281
87 36 2.93552
87.5 36 2.95157
88 36 2.95231
88.5 36 2.96742
89 36 2.94874
89.5 36 2.96092
90 36 2.98232
90.5 36 2.97212
91 36 2.97855
91.5 36 2.97353
92 36 2.97198
92.5 36 2.99259
93 36 2.99362
93.5 36 2.9803
94 36 3.03276
94.5 36 3.10673
95 36 3.12341
95.5 36 3.14807
96 36 3.11458
96.5 36 3.09575
97 36 3.09989
97.5 36 3.10858
98 36 3.14265
98.5 36 3.14791
99 36 3.13077
99.5 36 3.09798
100 36 3.0146
100.5 36 3.02996
101 36 3.08304
101.5 36 3.11954
102 36 3.11366
102.5 36 3.15916
103 36 3.17806
103.5 36 3.12411
104 36 3.16504
104.5 36 3.18306
105 36 3.14985
105.5 36 3.18616
106 36 3.13914
106.5 36 3.13107
107 36 3.10024
107.5 36 3.10642
108 36 3.18048
108.5 36 3.14853
109 36 3.188
109.5 36 3.19446
110 36 3.25281
110.5 36 3.24478
111 36 3.20733
111.5 36 3.19196
112 36 3.18811
112.5 36 3.26829
113 36 3.28454
113.5 36 3.27232
114 36 3.24762
114.5 36 3.10989
115 36 3.12819
115.5 36 3.07553
116 36 3.10615
116.5 36 3.23278
117 36 3.23494
117.5 36 3.23531
118 36 3.2215
118.5 36 3.25609
119 36 3.25366
119.5 36 3.23984
120 36 3.22709
120.5 36 3.18201
121 36 3.23107
121.5 36 3.2119
122 36 3.21558
122.5 36 3.05328
123 36 3.01877
123.5 36 3.02255
124 36 3.15311
124.5 36 3.17962
125 36 3.17393
125.5 36 3.2055
126 36 3.19206
126.5 36 3.26252
127 36 3.25525
127.5 36 3.26515
128 36 3.31563
128.5 36 3.29018
129 36 3.27659
129.5 36 3.14679
130 36 2.98887
130.5 36 2.99789
131 36 3.01506
131.5 36 3.05855
132 36 3.08672
132.5 36 3.11092
133 36 3.2062
85 36.5 2.91657
85.5 36.5 2.95647
86 36.5 2.92936
86.5 36.5 2.94087
87 36.5 2.9579
87.5 36.5 2.96554
88 36.5 2.95554
88.5 36.5 2.95082
89 36.5 2.96341
89.5 36.5 2.94573
90 36.5 2.96779
90.5 36.5 2.9772
91 36.5 2.9891
91.5 36.5 2.99863
92 36.5 3.0388
92.5 36.5 3.02463
93 36.5 2.98526
93.5 36.5 2.9151
94 36.5 2.8931
94.5 36.5 2.90702
95 36.5 2.87631
95.5 36.5 2.90658
96 36.5 2.91728
96.5 36.5 2.93494
97 36.5 2.95115
97.5 36.5 2.97175
98 36.5 3.05496
98.5 36.5 3.13449
99 36.5 3.13582
99.5 36.5 3.1443
100 36.5 3.04384
100.5 36.5 3.05649
101 36.5 3.10263
101.5 36.5 3.1439
102 36.5 3.13274
102.5 36.5 3.17807
103 36.5 3.17475
103.5 36.5 3.10191
104 36.5 3.15167
104.5 36.5 3.20606
105 36.5 3.12408
105.5 36.5 3.16651
106 36.5 3.12398
106.5 36.5 3.14132
107 36.5 3.14554
107.5 36.5 3.11144
108 36.5 3.10775
108.5 36.5 3.17369
109 36.5 3.18569
109.5 36.5 3.19421
110 36.5 3.22647
110.5 36.5 3.25225
111 36.5 3.2737
111.5 36.5 3.23342
112 36.5 3.20102
112.5 36.5 3.24329
113 36.5 3.27363
113.5 36.5 3.23988
114 36.5 3.24581
114.5 36.5 3.04076
115 36.5 3.06144
115.5 36.5 2.98607
116 36.5 3.05793
116.5 36.5 3.1244
117 36.5 3.15856
117.5 36.5 3.18494
118 36.5 3.16611
118.5 36.5 3.21222
119 36.5 3.14643
119.5 36.5 3.22716
120 36.5 3.24757
120.5 36.5 3.22712
121 36.5 3.23896
121.5 36.5 3.21431
122 36.5 3.17885
122.5 36.5 3.14986
123 36.5 3.09957
123.5 36.5 3.13204
124 36.5 3.11634
124.5 36.5 3.1815
125 36.5 3.221
125.5 36.5 3.20446
126 36.5 3.21313
126.5 36.5 3.25951
127 36.5 3.27385
127.5 36.5 3.29972
128 36.5 3.27944
128.5 36.5 3.28373
129 36.5 3.24107
129.5 36.5 3.13264
130 36.5 3.06913
130.5 36.5 3.08361
131 36.5 3.10987
131.5 36.5 3.11216
132 36.5 3.13785
132.5 36.5 3.11578
133 36.5 3.2496
85 37 2.90289
85.5 37 2.92702
86 37 2.94384
86.5 37 2.9394
87 37 2.9119
87.5 37 2.93453
88 37 2.95808
88.5 37 2.96397
89 37 2.95211
89.5 37 2.95172
90 37 2.95524
90.5 37 2.9936
91 37 2.98055
91.5 37 3.01866
92 37 2.93632
92.5 37 2.97982
93 37 2.94036
93.5 37 2.83253
94 37 2.79466
94.5 37 2.78361
95 37 2.79391
95.5 37 2.85038
96 37 2.9175
96.5 37 2.93982
97 37 2.92769
97.5 37 2.9743
98 37 3.07157
98.5 37 3.13354
99 37 3.13661
99.5 37 3.1917
100 37 3.1649
100.5 37 3.11292
101 37 3.14598
101.5 37 3.16785
102 37 3.14798
102.5 37 3.17298
103 37 3.14353
103.5 37 3.13536
104 37 3.18569
104.5 37 3.2193
105 37 3.0889
105.5 37 3.13525
106 37 3.13682
106.5 37 3.14825
107 37 3.13377
107.5 37 3.09818
108 37 3.13902
108.5 37 3.13102
109 37 3.13679
109.5 37 3.16905
110 37 3.2335
110.5 37 3.22865
111 37 3.26071
111.5 37 3.24452
112 37 3.21852
112.5 37 3.17522
113 37 3.22577
113.5 37 3.23326
114 37 3.29921
114.5 37 3.09638
115 37 3.00517
115.5 37 2.99792
116 37 2.97295
116.5 37 2.98302
117 37 2.98646
117.5 37 3.00467
118 37 3.06334
118.5 37 3.04541
119 37 3.03132
119.5 37 3.16508
120 37 3.22962
120.5 37 3.25559
121 37 3.23382
121.5 37 3.26443
122 37 3.25139
122.5 37 3.18295
123 37 3.12076
123.5 37 3.10349
124 37 3.15921
124.5 37 3.19107
125 37 3.19724
125.5 37 3.18896
126 37 3.1972
126.5 37 3.21851
127 37 3.22763
127.5 37 3.27863
128 37 3.27232
128.5 37 3.27664
129 37 3.27194
129.5 37 3.18861
130 37 3.14495
130.5 37 3.156
131 37 3.14724
131.5 37 3.18155
132 37 3.15028
132.5 37 3.19437
133 37 3.23254
85 37.5 2.86437
85.5 37.5 2.91886
86 37.5 2.90275
86.5 37.5 2.91304
87 37.5 2.91852
87.5 37.5 2.9107
88 37.5 2.91706
88.5 37.5 2.95284
89 37.5 2.95378
89.5 37.5 2.95826
90 37.5 2.97282
90.5 37.5 2.97503
91 37.5 2.98187
91.5 37.5 2.96575
92 37.5 2.95015
92.5 37.5 2.89786
93 37.5 2.86406
93.5 37.5 2.83646
94 37.5 2.76163
94.5 37.5 2.90668
95 37.5 2.90424
95.5 37.5 3.00228
96 37.5 3.00658
96.5 37.5 3.02107
97 37.5 3.01422
97.5 37.5 3.0529
98 37.5 3.12143
98.5 37.5 3.09958
99 37.5 3.11836
99.5 37.5 3.16282
100 37.5 3.17287
100.5 37.5 3.1523
101 37.5 3.10746
101.5 37.5 3.15148
102 37.5 3.12866
102.5 37.5 3.15634
103 37.5 3.11279
103.5 37.5 3.1663
104 37.5 3.14327
104.5 37.5 3.16186
105 37.5 3.09057
105.5 37.5 3.17039
106 37.5 3.15448
106.5 37.5 3.10894
107 37.5 3.09548
107.5 37.5 3.11732
108 37.5 3.15479
108.5 37.5 3.13952
109 37.5 3.15484
109.5 37.5 3.19036
110 37.5 3.17623
110.5 37.5 3.21731
111 37.5 3.26057
111.5 37.5 3.26156
112 37.5 3.17858
112.5 37.5 3.09761
113 37.5 3.17257
113.5 37.5 3.22573
114 37.5 3.26199
114.5 37.5 3.20444
115 37.5 2.99265
115.5 37.5 2.94136
116 37.5 2.97754
116.5 37.5 2.9314
117 37.5 2.95512
117.5 37.5 2.90548
118 37.5 2.91283
118.5 37.5 2.88494
119 37.5 2.88635
119.5 37.5 2.92007
120 37.5 3.10519
120.5 37.5 3.22045
121 37.5 3.20665
121.5 37.5 3.17736
122 37.5 3.15769
122.5 37.5 3.16642
123 37.5 3.20247
123.5 37.5 3.13477
124 37.5 3.18519
124.5 37.5 3.1542
125 37.5 3.19956
125.5 37.5 3.22455
126 37.5 3.21649
126.5 37.5 3.21181
127 37.5 3.23751
127.5 37.5 3.24236
128 37.5 3.23216
128.5 37.5 3.26336
129 37.5 3.25731
129.5 37.5 3.21017
130 37.5 3.19949
130.5 37.5 3.20161
131 37.5 3.19493
131.5 37.5 3.1768
132 37.5 3.20182
132.5 37.5 3.21512
133 37.5 3.24522
85 38 2.82916
85.5 38 2.86731
86 38 2.86237
86.5 38 2.88091
87 38 2.87934
87.5 38 2.89303
88 38 2.91775
88.5 38 2.9235
89 38 2.94518
89.5 38 2.95243
90 38 2.95959
90.5 38 2.97349
91 38 2.95993
91.5 38 2.96158
92 38 2.91827
92.5 38 2.9211
93 38 2.8955
93.5 38 2.8577
94 38 2.83862
94.5 38 2.92532
95 38 3.01134
95.5 38 3.05856
96 38 3.10179
96.5 38 3.08634
97 38 3.08724
97.5 38 3.07736
98 38 3.10632
98.5 38 3.0967
99 38 3.10052
99.5 38 3.12262
100 38 3.12562
100.5 38 3.12984
101 38 3.12747
101.5 38 3.12301
102 38 3.1482
102.5 38 3.13029
103 38 3.1083
103.5 38 3.17626
104 38 3.12212
104.5 38 3.10207
105 38 3.05122
105.5 38 3.16028
106 38 3.11593
106.5 38 3.045
107 38 3.07658
107.5 38 3.12676
108 38 3.15605
108.5 38 3.20309
109 38 3.1764
109.5 38 3.20129
110 38 3.20719
110.5 38 3.21524
111 38 3.23071
111.5 38 3.26457
112 38 3.21891
112.5 38 3.23226
113 38 3.20777
113.5 38 3.23747
114 38 3.26945
114.5 38 3.19677
115 38 3.03058
115.5 38 2.91412
116 38 2.89155
116.5 38 2.93218
117 38 2.96347
117.5 38 2.92746
118 38 2.88518
118.5 38 2.86878
119 38 2.81647
119.5 38 2.79815
120 38 2.88074
120.5 38 3.05113
121 38 3.14892
121.5 38 3.15238
122 38 3.14089
122.5 38 3.12221
123 38 3.13249
123.5 38 3.18668
124 38 3.16548
124.5 38 3.16417
125 38 3.208
125.5 38 3.22388
126 38 3.22301
126.5 38 3.21223
127 38 3.20887
127.5 38 3.2264
128 38 3.21727
128.5 38 3.27266
129 38 3.21876
129.5 38 3.1801
130 38 3.21375
130.5 38 3.20568
131 38 3.22409
131.5 38 3.2447
132 38 3.20211
132.5 38 3.19489
133 38 3.18434
85 38.5 2.83921
85.5 38.5 2.89137
86 38.5 2.8428
86.5 38.5 2.90785
87 38.5 2.86335
87.5 38.5 2.85821
88 38.5 2.88522
88.5 38.5 2.88026
89 38.5 2.91858
89.5 38.5 2.94102
90 38.5 2.95087
90.5 38.5 2.98382
91 38.5 2.99735
91.5 38.5 2.95954
92 38.5 2.93868
92.5 38.5 2.89783
93 38.5 2.89979
93.5 38.5 2.93714
94 38.5 3.00154
94.5 38.5 3.06906
95 38.5 3.09977
95.5 38.5 3.09518
96 38.5 3.10011
96.5 38.5 3.10323
97 38.5 3.11181
97.5 38.5 3.11105
98 38.5 3.11269
98.5 38.5 3.11488
99 38.5 3.1068
99.5 38.5 3.11087
100 38.5 3.11264
100.5 38.5 3.08854
101 38.5 3.07092
101.5 38.5 3.15972
102 38.5 3.1468
102.5 38.5 3.1665
103 38.5 3.13408
103.5 38.5 3.18804
104 38.5 3.13894
104.5 38.5 3.1136
105 38.5 3.06867
105.5 38.5 3.13796
106 38.5 3.06046
106.5 38.5 2.9617
107 38.5 3.08208
107.5 38.5 3.13349
108 38.5 3.14227
108.5 38.5 3.21278
109 38.5 3.22307
109.5 38.5 3.23608
110 38.5 3.25097
110.5 38.5 3.22396
111 38.5 3.24604
111.5 38.5 3.2672
112 38.5 3.24279
112.5 38.5 3.22042
113 38.5 3.23429
113.5 38.5 3.23103
114 38.5 3.28044
114.5 38.5 3.22617
115 38.5 3.08833
115.5 38.5 2.93894
116 38.5 2.92444
116.5 38.5 2.96494
117 38.5 2.9239
117.5 38.5 2.90154
118 38.5 2.92392
118.5 38.5 2.89536
119 38.5 2.84494
119.5 38.5 2.77658
120 38.5 2.72844
120.5 38.5 2.97048
121 38.5 3.10372
121.5 38.5 3.17108
122 38.5 3.16588
122.5 38.5 3.16207
123 38.5 3.16878
123.5 38.5 3.12034
124 38.5 3.14
124.5 38.5 3.15368
125 38.5 3.18972
125.5 38.5 3.247
126 38.5 3.22892
126.5 38.5 3.23459
127 38.5 3.19341
127.5 38.5 3.19492
128 38.5 3.20509
128.5 38.5 3.24066
129 38.5 3.23458
129.5 38.5 3.21768
130 38.5 3.21673
130.5 38.5 3.20472
131 38.5 3.19554
131.5 38.5 3.22201
132 38.5 3.18224
132.5 38.5 3.23122
133 38.5 3.22674
85 39 2.7804
85.5 39 2.79336
86 39 2.80974
86.5 39 2.86079
87 39 2.82686
87.5 39 2.82826
88 39 2.86836
88.5 39 2.9045
89 39 2.90626
89.5 39 2.96458
90 39 2.99176
90.5 39 3.01667
91 39 3.0142
91.5 39 2.9897
92 39 2.98028
92.5 39 3.03485
93 39 3.04586
93.5 39 3.09456
94 39 3.13563
94.5 39 3.17607
95 39 3.18384
95.5 39 3.15191
96 39 3.14854
96.5 39 3.15741
97 39 3.12458
97.5 39 3.08584
98 39 3.13278
98.5 39 3.06406
99 39 3.08675
99.5 39 3.06519
100 39 3.10758
100.5 39 3.13437
101 39 3.12825
101.5 39 3.17277
102 39 3.1808
102.5 39 3.16111
103 39 3.19442
103.5 39 3.17692
104 39 3.13586
104.5 39 3.13994
105 39 3.09203
105.5 39 3.13642
106 39 3.10767
106.5 39 3.07135
107 39 3.17827
107.5 39 3.19218
108 39 3.12173
108.5 39 3.13358
109 39 3.14967
109.5 39 3.17179
110 39 3.20785
110.5 39 3.26284
111 39 3.27935
111.5 39 3.32038
112 39 3.27596
112.5 39 3.21889
113 39 3.20774
113.5 39 3.22609
114 39 3.23872
114.5 39 3.22722
115 39 3.15934
115.5 39 3.09006
116 39 3.02834
116.5 39 2.9972
117 39 2.96628
117.5 39 2.90364
118 39 2.91631
118.5 39 2.90383
119 39 2.82866
119.5 39 2.80588
120 39 2.80324
120.5 39 2.89125
121 39 3.03061
121.5 39 3.17153
122 39 3.17281
122.5 39 3.195
123 39 3.18278
123.5 39 3.14273
124 39 3.16406
124.5 39 3.17496
125 39 3.22105
125.5 39 3.26207
126 39 3.25521
126.5 39 3.22768
127 39 3.21303
127.5 39 3.21004
128 39 3.24296
128.5 39 3.20682
129 39 3.23724
129.5 39 3.2406
130 39 3.22757
130.5 39 3.29881
131 39 3.25017
131.5 39 3.26583
132 39 3.27536
132.5 39 3.23116
133 39 3.25075
85 39.5 2.76398
85.5 39.5 2.76645
86 39.5 2.78202
86.5 39.5 2.85399
87 39.5 2.85197
87.5 39.5 2.91055
88 39.5 2.9169
88.5 39.5 2.97284
89 39.5 2.95593
89.5 39.5 2.9886
90 39.5 3.02107
90.5 39.5 3.03768
91 39.5 2.99859
91.5 39.5 3.0542
92 39.5 3.07997
92.5 39.5 3.09001
93 39.5 3.13786
93.5 39.5 3.15966
94 39.5 3.20252
94.5 39.5 3.22393
95 39.5 3.23929
95.5 39.5 3.21748
96 39.5 3.1933
96.5 39.5 3.2012
97 39.5 3.18918
97.5 39.5 3.12407
98 39.5 3.10812
98.5 39.5 3.09354
99 39.5 3.08688
99.5 39.5 3.1199
100 39.5 3.0931
100.5 39.5 3.13796
101 39.5 3.18726
101.5 39.5 3.19633
102 39.5 3.21964
102.5 39.5 3.20564
103 39.5 3.23581
103.5 39.5 3.19145
104 39.5 3.18691
104.5 39.5 3.14784
105 39.5 3.11654
105.5 39.5 3.12053
106 39.5 3.10641
106.5 39.5 3.13111
107 39.5 3.18848
107.5 39.5 3.12831
108 39.5 3.12096
108.5 39.5 3.11427
109 39.5 3.15359
109.5 39.5 3.16938
110 39.5 3.19106
110.5 39.5 3.223
111 39.5 3.29794
111.5 39.5 3.35763
112 39.5 3.34436
112.5 39.5 3.24844
113 39.5 3.20922
113.5 39.5 3.15666
114 39.5 3.1928
114.5 39.5 3.19076
115 39.5 3.20405
115.5 39.5 3.24286
116 39.5 3.16608
116.5 39.5 3.02332
117 39.5 2.98609
117.5 39.5 2.978
118 39.5 2.98458
118.5 39.5 3.02983
119 39.5 3.06596
119.5 39.5 2.95492
120 39.5 2.97545
120.5 39.5 2.97568
121 39.5 3.02896
121.5 39.5 3.11208
122 39.5 3.17241
122.5 39.5 3.20317
123 39.5 3.19026
123.5 39.5 3.19667
124 39.5 3.20885
124.5 39.5 3.19189
125 39.5 3.20078
125.5 39.5 3.23309
126 39.5 3.26978
126.5 39.5 3.2186
127 39.5 3.25276
127.5 39.5 3.2348
128 39.5 3.21486
128.5 39.5 3.21219
129 39.5 3.24229
129.5 39.5 3.246
130 39.5 3.23874
130.5 39.5 3.23498
131 39.5 3.25074
131.5 39.5 3.3486
132 39.5 3.31045
132.5 39.5 3.26989
133 39.5 3.26506
85 40 2.72154
85.5 40 2.7522
86 40 2.81116
86.5 40 2.83071
87 40 2.856
87.5 40 2.91099
88 40 2.91883
88.5 40 2.97758
89 40 3.00063
89.5 40 3.0385
90 40 3.0772
90.5 40 3.05623
91 40 3.07844
91.5 40 3.11684
92 40 3.12275
92.5 40 3.15249
93 40 3.1662
93.5 40 3.19474
94 40 3.20974
94.5 40 3.2447
95 40 3.25908
95.5 40 3.2421
96 40 3.20221
96.5 40 3.24484
97 40 3.2237
97.5 40 3.20362
98 40 3.16177
98.5 40 3.10528
99 40 3.16833
99.5 40 3.2038
100 40 3.18789
100.5 40 3.19251
101 40 3.19762
101.5 40 3.18964
102 40 3.20416
102.5 40 3.23271
103 40 3.20296
103.5 40 3.19205
104 40 3.21144
104.5 40 3.20492
105 40 3.16338
105.5 40 3.12184
106 40 3.07982
106.5 40 3.05936
107 40 3.05715
107.5 40 3.09154
108 40 3.06694
108.5 40 3.06078
109 40 3.1081
109.5 40 3.12254
110 40 3.13498
110.5 40 3.16259
111 40 3.22875
111.5 40 3.34651
112 40 3.36837
112.5 40 3.31594
113 40 3.23208
113.5 40 3.15256
114 40 3.16497
114.5 40 3.13427
115 40 3.15708
115.5 40 3.22873
116 40 3.23517
116.5 40 3.1792
117 40 3.14403
117.5 40 3.17516
118 40 3.12916
118.5 40 3.13664
119 40 3.10398
119.5 40 3.11192
120 40 3.10044
120.5 40 3.07758
121 40 3.02666
121.5 40 3.06647
122 40 3.14925
122.5 40 3.19427
123 40 3.21553
123.5 40 3.24014
124 40 3.25021
124.5 40 3.20917
125 40 3.21507
125.5 40 3.23773
126 40 3.23517
126.5 40 3.21968
127 40 3.22693
127.5 40 3.21959
128 40 3.23958
128.5 40 3.27156
129 40 3.24435
129.5 40 3.25425
130 40 3.22428
130.5 40 3.23662
131 40 3.30489
131.5 40 3.25608
132 40 3.31933
132.5 40 3.39549
133 40 3.32605
85 40.5 2.79061
85.5 40.5 2.76025
86 40.5 2.79877
86.5 40.5 2.92595
87 40.5 2.92171
87.5 40.5 2.92717
88 40.5 2.96528
88.5 40.5 3.01272
89 40.5 3.04852
89.5 40.5 3.09385
90 40.5 3.10895
90.5 40.5 3.12804
91 40.5 3.16995
91.5 40.5 3.17688
92 40.5 3.21372
92.5 40.5 3.21748
93 40.5 3.21932
93.5 40.5 3.23338
94 40.5 3.23776
94.5 40.5 3.2607
95 40.5 3.24801
95.5 40.5 3.26035
96 40.5 3.2555
96.5 40.5 3.27025
97 40.5 3.25836
97.5 40.5 3.26585
98 40.5 3.24803
98.5 40.5 3.18738
99 40.5 3.19819
99.5 40.5 3.21291
100 40.5 3.17742
100.5 40.5 3.2064
101 40.5 3.20461
101.5 40.5 3.19362
102 40.5 3.19094
102.5 40.5 3.20212
103 40.5 3.20543
103.5 40.5 3.22852
104 40.5 3.20544
104.5 40.5 3.20193
105 40.5 3.20309
105.5 40.5 3.16876
106 40.5 3.06987
106.5 40.5 3.01314
107 40.5 2.88573
107.5 40.5 2.9344
108 40.5 2.96982
108.5 40.5 3.02335
109 40.5 3.08287
109.5 40.5 3.11554
110 40.5 3.11403
110.5 40.5 3.11316
111 40.5 3.10765
111.5 40.5 3.16377
112 40.5 3.18988
112.5 40.5 3.20336
113 40.5 3.25515
113.5 40.5 3.15632
114 40.5 3.16811
114.5 40.5 3.18702
115 40.5 3.15159
115.5 40.5 3.18226
116 40.5 3.21194
116.5 40.5 3.22056
117 40.5 3.23104
117.5 40.5 3.24994
118 40.5 3.23686
118.5 40.5 3.2732
119 40.5 3.16741
119.5 40.5 3.14561
120 40.5 3.14403
120.5 40.5 3.09658
121 40.5 3.0335
121.5 40.5 3.07378
122 40.5 3.07631
122.5 40.5 3.17332
123 40.5 3.26821
123.5 40.5 3.28763
124 40.5 3.25701
124.5 40.5 3.24932
125 40.5 3.24257
125.5 40.5 3.24415
126 40.5 3.22332
126.5 40.5 3.23229
127 40.5 3.23953
127.5 40.5 3.22155
128 40.5 3.2164
128.5 40.5 3.23933
129 40.5 3.29593
129.5 40.5 3.28688
130 40.5 3.20375
130.5 40.5 3.23103
131 40.5 3.26442
131.5 40.5 3.38332
132 40.5 3.38166
132.5 40.5 3.44435
133 40.5 3.38457
85 41 2.8172
85.5 41 2.85526
86 41 2.85797
86.5 41 2.93854
87 41 2.96567
87.5 41 2.99298
88 41 3.04013
88.5 41 3.08495
89 41 3.13125
89.5 41 3.12168
90 41 3.16074
90.5 41 3.18527
91 41 3.19774
91.5 41 3.23812
92 41 3.22904
92.5 41 3.22974
93 41 3.24473
93.5 41 3.24739
94 41 3.25388
94.5 41 3.26609
95 41 3.25925
95.5 41 3.25409
96 41 3.25984
96.5 41 3.27816
97 41 3.28308
97.5 41 3.26688
98 41 3.25161
98.5 41 3.21902
99 41 3.21531
99.5 41 3.2042
100 41 3.1848
100.5 41 3.20388
101 41 3.19761
101.5 41 3.19692
102 41 3.19962
102.5 41 3.22149
103 41 3.21341
103.5 41 3.23024
104 41 3.20018
104.5 41 3.22304
105 41 3.17619
105.5 41 3.161
106 41 3.16186
106.5 41 3.05602
107 41 2.87301
107.5 41 2.8808
108 41 2.8949
108.5 41 2.94471
109 41 3.06663
109.5 41 3.14029
110 41 3.18689
110.5 41 3.20348
111 41 3.21132
111.5 41 3.17059
112 41 3.21222
112.5 41 3.20435
113 41 3.16185
113.5 41 3.17
114 41 3.17111
114.5 41 3.15572
115 41 3.18502
115.5 41 3.20962
116 41 3.2024
116.5 41 3.2254
117 41 3.24544
117.5 41 3.23996
118 41 3.23845
118.5 41 3.25706
119 41 3.207
119.5 41 3.17191
120 41 3.21342
120.5 41 3.19352
121 41 3.11171
121.5 41 3.03914
122 41 3.04968
122.5 41 3.09324
123 41 3.25285
123.5 41 3.28811
124 41 3.23186
124.5 41 3.23565
125 41 3.26466
125.5 41 3.27977
126 41 3.29214
126.5 41 3.24168
127 41 3.24218
127.5 41 3.2251
128 41 3.20333
128.5 41 3.2147
129 41 3.27133
129.5 41 3.294
130 41 3.24523
130.5 41 3.23498
131 41 3.26987
131.5 41 3.31675
132 41 3.39206
132.5 41 3.401
133 41 3.39927
85 41.5 2.84518
85.5 41.5 2.95374
86 41.5 2.98786
86.5 41.5 2.98316
87 41.5 3.01024
87.5 41.5 3.06697
88 41.5 3.10977
88.5 41.5 3.14439
89 41.5 3.16244
89.5 41.5 3.15426
90 41.5 3.16619
90.5 41.5 3.22923
91 41.5 3.23796
91.5 41.5 3.24053
92 41.5 3.22253
92.5 41.5 3.24525
93 41.5 3.27232
93.5 41.5 3.28835
94 41.5 3.25047
94.5 41.5 3.26498
95 41.5 3.2858
95.5 41.5 3.26858
96 41.5 3.28929
96.5 41.5 3.27671
97 41.5 3.2889
97.5 41.5 3.2693
98 41.5 3.2696
98.5 41.5 3.22201
99 41.5 3.20751
99.5 41.5 3.2156
100 41.5 3.22188
100.5 41.5 3.20778
101 41.5 3.2117
101.5 41.5 3.22302
102 41.5 3.24082
102.5 41.5 3.24176
103 41.5 3.24416
103.5 41.5 3.22417
104 41.5 3.21799
104.5 41.5 3.19723
105 41.5 3.21051
105.5 41.5 3.18506
106 41.5 3.17187
106.5 41.5 3.14859
107 41.5 3.10323
107.5 41.5 3.03644
108 41.5 2.97971
108.5 41.5 3.06449
109 41.5 3.13859
109.5 41.5 3.19226
110 41.5 3.22121
110.5 41.5 3.23247
111 41.5 3.24323
111.5 41.5 3.22666
112 41.5 3.21781
112.5 41.5 3.20394
113 41.5 3.20382
113.5 41.5 3.19052
114 41.5 3.18285
114.5 41.5 3.17992
115 41.5 3.19774
115.5 41.5 3.17083
116 41.5 3.17972
116.5 41.5 3.19223
117 41.5 3.21394
117.5 41.5 3.22236
118 41.5 3.20266
118.5 41.5 3.21657
119 41.5 3.20122
119.5 41.5 3.17522
120 41.5 3.2183
120.5 41.5 3.17475
121 41.5 3.16088
121.5 41.5 3.17639
122 41.5 3.12971
122.5 41.5 3.13921
123 41.5 3.13155
123.5 41.5 3.26579
124 41.5 3.23677
124.5 41.5 3.22765
125 41.5 3.24875
125.5 41.5 3.25763
126 41.5 3.25982
126.5 41.5 3.24936
127 41.5 3.24005
127.5 41.5 3.24647
128 41.5 3.20075
128.5 41.5 3.17322
129 41.5 3.26555
129.5 41.5 3.28374
130 41.5 3.20904
130.5 41.5 3.22344
131 41.5 3.26068
131.5 41.5 3.29003
132 41.5 3.35816
132.5 41.5 3.27758
133 41.5 3.29135
85 42 2.93606
85.5 42 2.96174
86 42 3.0025
86.5 42 3.02626
87 42 3.07161
87.5 42 3.1084
88 42 3.14018
88.5 42 3.16049
89 42 3.1638
89.5 42 3.15987
90 42 3.19989
90.5 42 3.22961
91 42 3.2548
91.5 42 3.24105
92 42 3.24944
92.5 42 3.25172
93 42 3.22809
93.5 42 3.24417
94 42 3.26491
94.5 42 3.2651
95 42 3.29184
95.5 42 3.29942
96 42 3.30553
96.5 42 3.30095
97 42 3.27498
97.5 42 3.26284
98 42 3.22245
98.5 42 3.22135
99 42 3.21893
99.5 42 3.22661
100 42 3.22064
100.5 42 3.22286
101 42 3.23315
101.5 42 3.22097
102 42 3.21599
102.5 42 3.21978
103 42 3.22617
103.5 42 3.22576
104 42 3.22901
104.5 42 3.21493
105 42 3.19902
105.5 42 3.16463
106 42 3.15234
106.5 42 3.11057
107 42 3.0995
107.5 42 3.1006
108 42 3.13373
108.5 42 3.17163
109 42 3.20272
109.5 42 3.21839
110 42 3.23364
110.5 42 3.2021
111 42 3.19545
111.5 42 3.18834
112 42 3.19232
112.5 42 3.16113
113 42 3.19582
113.5 42 3.18351
114 42 3.17863
114.5 42 3.18364
115 42 3.19787
115.5 42 3.18601
116 42 3.15202
116.5 42 3.15828
117 42 3.14069
117.5 42 3.16908
118 42 3.17106
118.5 42 3.17894
119 42 3.16313
119.5 42 3.16726
120 42 3.17613
120.5 42 3.19813
121 42 3.16595
121.5 42 3.19043
122 42 3.19276
122.5 42 3.18066
123 42 3.2019
123.5 42 3.2587
124 42 3.27034
124.5 42 3.27307
125 42 3.2685
125.5 42 3.242
126 42 3.24846
126.5 42 3.25675
127 42 3.23516
127.5 42 3.23937
128 42 3.2081
128.5 42 3.18905
129 42 3.2034
129.5 42 3.27474
130 42 3.31223
130.5 42 3.24408
131 42 3.1973
131.5 42 3.23676
132 42 3.22089
132.5 42 3.25113
133 42 3.27384
85 42.5 2.99052
85.5 42.5 3.01729
86 42.5 3.03422
86.5 42.5 3.05665
87 42.5 3.07416
87.5 42.5 3.08681
88 42.5 3.11962
88.5 42.5 3.14197
89 42.5 3.12389
89.5 42.5 3.16184
90 42.5 3.15326
90.5 42.5 3.16906
91 42.5 3.16498
91.5 42.5 3.1734
92 42.5 3.17977
92.5 42.5 3.20686
93 42.5 3.22113
93.5 42.5 3.24374
94 42.5 3.24437
94.5 42.5 3.28071
95 42.5 3.2938
95.5 42.5 3.27872
96 42.5 3.28202
96.5 42.5 3.25284
97 42.5 3.26621
97.5 42.5 3.23095
98 42.5 3.24594
98.5 42.5 3.24782
99 42.5 3.24684
99.5 42.5 3.22755
100 42.5 3.21816
100.5 42.5 3.21678
101 42.5 3.22245
101.5 42.5 3.22592
102 42.5 3.23578
102.5 42.5 3.22482
103 42.5 3.23939
103.5 42.5 3.25908
104 42.5 3.22899
104.5 42.5 3.21275
105 42.5 3.17963
105.5 42.5 3.15845
106 42.5 3.12896
106.5 42.5 3.13734
107 42.5 3.11484
107.5 42.5 3.14583
108 42.5 3.16121
108.5 42.5 3.159
109 42.5 3.18358
109.5 42.5 3.19356
110 42.5 3.20003
110.5 42.5 3.20995
111 42.5 3.19736
111.5 42.5 3.17503
112 42.5 3.14644
112.5 42.5 3.15857
113 42.5 3.18423
113.5 42.5 3.17664
114 42.5 3.19316
114.5 42.5 3.15419
115 42.5 3.17441
115.5 42.5 3.17844
116 42.5 3.15296
116.5 42.5 3.14077
117 42.5 3.14836
117.5 42.5 3.15178
118 42.5 3.1628
118.5 42.5 3.18376
119 42.5 3.17691
119.5 42.5 3.19642
120 42.5 3.2083
120.5 42.5 3.15076
121 42.5 3.17312
121.5 42.5 3.18604
122 42.5 3.19292
122.5 42.5 3.17786
123 42.5 3.20994
123.5 42.5 3.25172
124 42.5 3.26578
124.5 42.5 3.28448
125 42.5 3.27614
125.5 42.5 3.25324
126 42.5 3.25262
126.5 42.5 3.27059
127 42.5 3.23931
127.5 42.5 3.23858
128 42.5 3.23982
128.5 42.5 3.23074
129 42.5 3.25286
129.5 42.5 3.26898
130 42.5 3.30134
130.5 42.5 3.28984
131 42.5 3.27381
131.5 42.5 3.3279
132 42.5 3.32981
132.5 42.5 3.29562
133 42.5 3.23316
85 43 3.01791
85.5 43 3.03026
86 43 3.03227
86.5 43 3.0886
87 43 3.10592
87.5 43 3.09135
88 43 3.08624
88.5 43 3.08722
89 43 3.11931
89.5 43 3.10736
90 43 3.10838
90.5 43 3.1427
91 43 3.14727
91.5 43 3.14017
92 43 3.16432
92.5 43 3.18811
93 43 3.21601
93.5 43 3.22044
94 43 3.24793
94.5 43 3.25134
95 43 3.27933
95.5 43 3.27804
96 43 3.2517
96.5 43 3.27547
97 43 3.26367
97.5 43 3.27954
98 43 3.25955
98.5 43 3.23646
99 43 3.23445
99.5 43 3.24195
100 43 3.22816
100.5 43 3.22904
101 43 3.23092
101.5 43 3.24481
102 43 3.22622
102.5 43 3.23412
103 43 3.21763
103.5 43 3.22464
104 43 3.18516
104.5 43 3.18584
105 43 3.17304
105.5 43 3.14652
106 43 3.12719
106.5 43 3.1244
107 43 3.12929
107.5 43 3.13839
108 43 3.15242
108.5 43 3.17154
109 43 3.17171
109.5 43 3.18938
110 43 3.21111
110.5 43 3.21362
111 43 3.18769
111.5 43 3.16176
112 43 3.12739
112.5 43 3.1332
113 43 3.174
113.5 43 3.17986
114 43 3.15837
114.5 43 3.16419
115 43 3.13328
115.5 43 3.1351
116 43 3.13969
116.5 43 3.15628
117 43 3.17076
117.5 43 3.17336
118 43 3.21375
118.5 43 3.21606
119 43 3.23058
119.5 43 3.20242
120 43 3.21288
120.5 43 3.15156
121 43 3.11502
121.5 43 3.1022
122 43 3.11019
122.5 43 3.17279
123 43 3.19488
123.5 43 3.21216
124 43 3.21254
124.5 43 3.25286
125 43 3.25208
125.5 43 3.23658
126 43 3.23554
126.5 43 3.27161
127 43 3.2493
127.5 43 3.24058
128 43 3.2509
128.5 43 3.27342
129 43 3.28644
129.5 43 3.25058
130 43 3.27315
130.5 43 3.25447
131 43 3.2814
131.5 43 3.23024
132 43 3.30654
132.5 43 3.27686
133 43 3.23737
85 43.5 2.99323
85.5 43.5 3.02628
86 43.5 2.97052
86.5 43.5 2.95734
87 43.5 2.9718
87.5 43.5 3.03132
88 43.5 3.03588
88.5 43.5 3.04952
89 43.5 3.0822
89.5 43.5 3.10868
90 43.5 3.09975
90.5 43.5 3.13663
91 43.5 3.14288
91.5 43.5 3.15375
92 43.5 3.1935
92.5 43.5 3.19481
93 43.5 3.21381
93.5 43.5 3.21914
94 43.5 3.24943
94.5 43.5 3.25383
95 43.5 3.24463
95.5 43.5 3.27702
96 43.5 3.25245
96.5 43.5 3.24883
97 43.5 3.25884
97.5 43.5 3.25814
98 43.5 3.22757
98.5 43.5 3.25833
99 43.5 3.21488
99.5 43.5 3.23275
100 43.5 3.23215
100.5 43.5 3.24824
101 43.5 3.22578
101.5 43.5 3.23457
102 43.5 3.20638
102.5 43.5 3.20578
103 43.5 3.19713
103.5 43.5 3.17802
104 43.5 3.14983
104.5 43.5 3.15651
105 43.5 3.14411
105.5 43.5 3.12709
106 43.5 3.11728
106.5 43.5 3.12214
107 43.5 3.1267
107.5 43.5 3.1437
108 43.5 3.14241
108.5 43.5 3.14845
109 43.5 3.18108
109.5 43.5 3.21845
110 43.5 3.20175
110.5 43.5 3.21431
111 43.5 3.208
111.5 43.5 3.16205
112 43.5 3.1459
112.5 43.5 3.17854
113 43.5 3.2087
113.5 43.5 3.17816
114 43.5 3.16145
114.5 43.5 3.16188
115 43.5 3.151
115.5 43.5 3.13883
116 43.5 3.13681
116.5 43.5 3.15658
117 43.5 3.17886
117.5 43.5 3.22774
118 43.5 3.24307
118.5 43.5 3.26637
119 43.5 3.25448
119.5 43.5 3.22192
120 43.5 3.21291
120.5 43.5 3.14716
121 43.5 3.11175
121.5 43.5 3.09299
122 43.5 3.13089
122.5 43.5 3.14619
123 43.5 3.19988
123.5 43.5 3.19515
124 43.5 3.1252
124.5 43.5 3.17191
125 43.5 3.18446
125.5 43.5 3.20205
126 43.5 3.21452
126.5 43.5 3.25552
127 43.5 3.26569
127.5 43.5 3.25342
128 43.5 3.26203
128.5 43.5 3.27879
129 43.5 3.2607
129.5 43.5 3.22927
130 43.5 3.26332
130.5 43.5 3.26526
131 43.5 3.2605
131.5 43.5 3.24087
132 43.5 3.21298
132.5 43.5 3.22719
133 43.5 3.23246
85 44 2.95666
85.5 44 2.99272
86 44 2.91613
86.5 44 2.85831
87 44 2.77365
87.5 44 2.816
88 44 2.89345
88.5 44 2.96326
89 44 3.00706
89.5 44 3.05278
90 44 3.08818
90.5 44 3.10754
91 44 3.13265
91.5 44 3.16125
92 44 3.20361
92.5 44 3.20499
93 44 3.21322
93.5 44 3.24557
94 44 3.23831
94.5 44 3.25741
95 44 3.24514
95.5 44 3.25882
96 44 3.25153
96.5 44 3.25332
97 44 3.24583
97.5 44 3.25213
98 44 3.26622
98.5 44 3.25216
99 44 3.25166
99.5 44 3.25496
100 44 3.26245
100.5 44 3.24207
101 44 3.21319
101.5 44 3.20737
102 44 3.19348
102.5 44 3.18707
103 44 3.1891
103.5 44 3.17
104 44 3.17169
104.5 44 3.14288
105 44 3.14727
105.5 44 3.15503
106 44 3.13379
106.5 44 3.12591
107 44 3.1487
107.5 44 3.15429
108 44 3.14794
108.5 44 3.17528
109 44 3.18717
109.5 44 3.19023
110 44 3.20325
110.5 44 3.21301
111 44 3.21699
111.5 44 3.19195
112 44 3.17154
112.5 44 3.22169
113 44 3.2288
113.5 44 3.20868
114 44 3.20713
114.5 44 3.17518
115 44 3.1434
115.5 44 3.13522
116 44 3.14929
116.5 44 3.16795
117 44 3.17428
117.5 44 3.20903
118 44 3.22843
118.5 44 3.26144
119 44 3.26268
119.5 44 3.25592
120 44 3.24901
120.5 44 3.22964
121 44 3.1581
121.5 44 3.13216
122 44 3.15951
122.5 44 3.18897
123 44 3.17629
123.5 44 3.1556
124 44 3.04947
124.5 44 3.08112
125 44 3.14644
125.5 44 3.14668
126 44 3.16419
126.5 44 3.21576
127 44 3.24311
127.5 44 3.26588
128 44 3.2773
128.5 44 3.31109
129 44 3.29351
129.5 44 3.23243
130 44 3.2616
130.5 44 3.2944
131 44 3.29363
131.5 44 3.26534
132 44 3.24088
132.5 44 3.21815
133 44 3.20968
85 44.5 2.93366
85.5 44.5 2.88447
86 44.5 2.78018
86.5 44.5 2.74508
87 44.5 2.80486
87.5 44.5 2.8595
88 44.5 2.90954
88.5 44.5 2.95352
89 44.5 3.03092
89.5 44.5 3.07489
90 44.5 3.0782
90.5 44.5 3.12623
91 44.5 3.12359
91.5 44.5 3.17206
92 44.5 3.18378
92.5 44.5 3.19029
93 44.5 3.21655
93.5 44.5 3.22667
94 44.5 3.25325
94.5 44.5 3.24948
95 44.5 3.24927
95.5 44.5 3.23959
96 44.5 3.24809
96.5 44.5 3.24154
97 44.5 3.23875
97.5 44.5 3.25353
98 44.5 3.25863
98.5 44.5 3.2797
99 44.5 3.23925
99.5 44.5 3.24742
100 44.5 3.23754
100.5 44.5 3.24207
101 44.5 3.20754
101.5 44.5 3.211
102 44.5 3.2026
102.5 44.5 3.19028
103 44.5 3.1801
103.5 44.5 3.1723
104 44.5 3.16097
104.5 44.5 3.16336
105 44.5 3.16052
105.5 44.5 3.15691
106 44.5 3.14462
106.5 44.5 3.12116
107 44.5 3.12226
107.5 44.5 3.14424
108 44.5 3.15216
108.5 44.5 3.14386
109 44.5 3.17037
109.5 44.5 3.16166
110 44.5 3.18438
110.5 44.5 3.21197
111 44.5 3.17902
111.5 44.5 3.20658
112 44.5 3.18078
112.5 44.5 3.21495
113 44.5 3.22925
113.5 44.5 3.20419
114 44.5 3.20167
114.5 44.5 3.18347
115 44.5 3.14376
115.5 44.5 3.12974
116 44.5 3.13575
116.5 44.5 3.14068
117 44.5 3.13693
117.5 44.5 3.17148
118 44.5 3.18276
118.5 44.5 3.22602
119 44.5 3.24054
119.5 44.5 3.23037
120 44.5 3.26136
120.5 44.5 3.24537
121 44.5 3.21511
121.5 44.5 3.19638
122 44.5 3.17522
122.5 44.5 3.19579
123 44.5 3.15567
123.5 44.5 3.1108
124 44.5 3.01157
124.5 44.5 3.04769
125 44.5 3.0894
125.5 44.5 3.13299
126 44.5 3.16074
126.5 44.5 3.19778
127 44.5 3.24546
127.5 44.5 3.21864
128 44.5 3.28389
128.5 44.5 3.30281
129 44.5 3.2925
129.5 44.5 3.2208
130 44.5 3.26012
130.5 44.5 3.27691
131 44.5 3.30299
131.5 44.5 3.30651
132 44.5 3.2593
132.5 44.5 3.21344
133 44.5 3.22183
85 45 2.9529
85.5 45 2.91221
86 45 2.87881
86.5 45 2.86547
87 45 2.90479
87.5 45 2.939
88 45 2.96549
88.5 45 3.02945
89 45 3.04631
89.5 45 3.07583
90 45 3.12293
90.5 45 3.14247
91 45 3.1861
91.5 45 3.19668
92 45 3.2023
92.5 45 3.24038
93 45 3.22169
93.5 45 3.24588
94 45 3.23877
94.5 45 3.232
95 45 3.23718
95.5 45 3.24459
96 45 3.25938
96.5 45 3.2473
97 45 3.25279
97.5 45 3.2464
98 45 3.25919
98.5 45 3.24967
99 45 3.23281
99.5 45 3.22313
100 45 3.21874
100.5 45 3.20634
101 45 3.2207
101.5 45 3.20972
102 45 3.1982
102.5 45 3.18712
103 45 3.16922
103.5 45 3.16738
104 45 3.16486
104.5 45 3.15725
105 45 3.16182
105.5 45 3.15122
106 45 3.1462
106.5 45 3.1369
107 45 3.13932
107.5 45 3.13651
108 45 3.13002
108.5 45 3.12514
109 45 3.14515
109.5 45 3.16223
110 45 3.15646
110.5 45 3.19716
111 45 3.19262
111.5 45 3.19564
112 45 3.20476
112.5 45 3.20626
113 45 3.20679
113.5 45 3.1865
114 45 3.1804
114.5 45 3.17689
115 45 3.17509
115.5 45 3.13766
116 45 3.14194
116.5 45 3.13726
117 45 3.11592
117.5 45 3.15619
118 45 3.13162
118.5 45 3.1388
119 45 3.17636
119.5 45 3.21554
120 45 3.23265
120.5 45 3.23827
121 45 3.23609
121.5 45 3.24532
122 45 3.20625
122.5 45 3.19799
123 45 3.16196
123.5 45 3.08634
124 45 3.02436
124.5 45 3.01274
125 45 3.09455
125.5 45 3.07562
126 45 3.12828
126.5 45 3.18523
127 45 3.21283
127.5 45 3.23708
128 45 3.24133
128.5 45 3.26152
129 45 3.30646
129.5 45 3.28314
130 45 3.28501
130.5 45 3.28452
131 45 3.28014
131.5 45 3.27768
132 45 3.2756
132.5 45 3.21906
133 45 3.23002
85 45.5 2.98797
85.5 45.5 2.96398
86 45.5 2.96073
86.5 45.5 2.97064
87 45.5 3.01671
87.5 45.5 2.98434
88 45.5 3.01812
88.5 45.5 3.0731
89 45.5 3.08479
89.5 45.5 3.13133
90 45.5 3.16865
90.5 45.5 3.20785
91 45.5 3.22843
91.5 45.5 3.21154
92 45.5 3.23865
92.5 45.5 3.22698
93 45.5 3.25116
93.5 45.5 3.24837
94 45.5 3.2431
94.5 45.5 3.23139
95 45.5 3.27038
95.5 45.5 3.26488
96 45.5 3.26835
96.5 45.5 3.27326
97 45.5 3.24639
97.5 45.5 3.24727
98 45.5 3.25558
98.5 45.5 3.2588
99 45.5 3.24181
99.5 45.5 3.24252
100 45.5 3.21205
100.5 45.5 3.21215
101 45.5 3.2123
101.5 45.5 3.20878
102 45.5 3.19558
102.5 45.5 3.19096
103 45.5 3.18696
103.5 45.5 3.15276
104 45.5 3.16204
104.5 45.5 3.16842
105 45.5 3.14651
105.5 45.5 3.14261
106 45.5 3.13441
106.5 45.5 3.1337
107 45.5 3.1467
107.5 45.5 3.13771
108 45.5 3.13833
108.5 45.5 3.13244
109 45.5 3.14502
109.5 45.5 3.16284
110 45.5 3.16614
110.5 45.5 3.16539
111 45.5 3.17128
111.5 45.5 3.1864
112 45.5 3.19953
112.5 45.5 3.21098
113 45.5 3.20418
113.5 45.5 3.20879
114 45.5 3.1801
114.5 45.5 3.1618
115 45.5 3.14444
115.5 45.5 3.12984
116 45.5 3.13584
116.5 45.5 3.15673
117 45.5 3.18832
117.5 45.5 3.14371
118 45.5 3.12484
118.5 45.5 3.1298
119 45.5 3.13442
119.5 45.5 3.1561
120 45.5 3.21757
120.5 45.5 3.22458
121 45.5 3.23459
121.5 45.5 3.23979
122 45.5 3.21771
122.5 45.5 3.20109
123 45.5 3.18686
123.5 45.5 3.17864
124 45.5 3.01754
124.5 45.5 2.95808
125 45.5 3.00135
125.5 45.5 3.08161
126 45.5 3.06497
126.5 45.5 3.17265
127 45.5 3.21589
127.5 45.5 3.25931
128 45.5 3.24726
128.5 45.5 3.23628
129 45.5 3.29811
129.5 45.5 3.31004
130 45.5 3.28989
130.5 45.5 3.26391
131 45.5 3.28546
131.5 45.5 3.28618
132 45.5 3.29593
132.5 45.5 3.23422
133 45.5 3.22002
85 46 3.07034
85.5 46 2.98358
86 46 2.98788
86.5 46 2.98915
87 46 3.04164
87.5 46 3.0785
88 46 3.08498
88.5 46 3.11053
89 46 3.13368
89.5 46 3.20114
90 46 3.23188
90.5 46 3.23397
91 46 3.21745
91.5 46 3.23003
92 46 3.23406
92.5 46 3.23428
93 46 3.23546
93.5 46 3.24644
94 46 3.26036
94.5 46 3.25945
95 46 3.26344
95.5 46 3.24658
96 46 3.25769
96.5 46 3.2502
97 46 3.25483
97.5 46 3.2489
98 46 3.24342
98.5 46 3.23933
99 46 3.22951
99.5 46 3.21472
100 46 3.21621
100.5 46 3.20022
101 46 3.2008
101.5 46 3.19834
102 46 3.18704
102.5 46 3.17802
103 46 3.17292
103.5 46 3.15903
104 46 3.15671
104.5 46 3.15991
105 46 3.13632
105.5 46 3.1495
106 46 3.1423
106.5 46 3.142
107 46 3.14101
107.5 46 3.14131
108 46 3.12804
108.5 46 3.15411
109 46 3.14682
109.5 46 3.16311
110 46 3.16972
110.5 46 3.18612
111 46 3.17346
111.5 46 3.18886
112 46 3.20382
112.5 46 3.23028
113 46 3.20399
113.5 46 3.20542
114 46 3.19201
114.5 46 3.1666
115 46 3.13892
115.5 46 3.12845
116 46 3.10267
116.5 46 3.19308
117 46 3.19122
117.5 46 3.20131
118 46 3.17537
118.5 46 3.16906
119 46 3.16558
119.5 46 3.18158
120 46 3.21286
120.5 46 3.24077
121 46 3.23578
121.5 46 3.26037
122 46 3.26458
122.5 46 3.26545
123 46 3.22444
123.5 46 3.1606
124 46 3.07475
124.5 46 2.9367
125 46 2.99502
125.5 46 3.06125
126 46 3.07426
126.5 46 3.097
127 46 3.16942
127.5 46 3.23475
128 46 3.2231
128.5 46 3.24148
129 46 3.27565
129.5 46 3.28184
130 46 3.2307
130.5 46 3.18044
131 46 3.25574
131.5 46 3.33556
132 46 3.31141
132.5 46 3.2367
133 46 3.23202
85 46.5 3.01977
85.5 46.5 3.00308
86 46.5 3.11517
86.5 46.5 3.05504
87 46.5 3.11866
87.5 46.5 3.14947
88 46.5 3.14986
88.5 46.5 3.17996
89 46.5 3.22406
89.5 46.5 3.27813
90 46.5 3.27073
90.5 46.5 3.23329
91 46.5 3.21593
91.5 46.5 3.21418
92 46.5 3.22605
92.5 46.5 3.23603
93 46.5 3.2477
93.5 46.5 3.22354
94 46.5 3.23034
94.5 46.5 3.26201
95 46.5 3.24735
95.5 46.5 3.25127
96 46.5 3.23539
96.5 46.5 3.22981
97 46.5 3.22373
97.5 46.5 3.23491
98 46.5 3.22292
98.5 46.5 3.21872
99 46.5 3.20973
99.5 46.5 3.20592
100 46.5 3.18894
100.5 46.5 3.19352
101 46.5 3.17791
101.5 46.5 3.17356
102 46.5 3.16907
102.5 46.5 3.16773
103 46.5 3.16114
103.5 46.5 3.16301
104 46.5 3.15323
104.5 46.5 3.15052
105 46.5 3.1481
105.5 46.5 3.1425
106 46.5 3.1403
106.5 46.5 3.14249
107 46.5 3.14209
107.5 46.5 3.14991
108 46.5 3.14123
108.5 46.5 3.15283
109 46.5 3.15253
109.5 46.5 3.16073
110 46.5 3.16023
110.5 46.5 3.18134
111 46.5 3.18024
111.5 46.5 3.18268
112 46.5 3.18138
112.5 46.5 3.22039
113 46.5 3.21829
113.5 46.5 3.19842
114 46.5 3.21018
114.5 46.5 3.18058
115 46.5 3.133
115.5 46.5 3.10084
116 46.5 3.08256
116.5 46.5 3.09073
117 46.5 3.17519
117.5 46.5 3.15662
118 46.5 3.15653
118.5 46.5 3.1757
119 46.5 3.18118
119.5 46.5 3.1789
120 46.5 3.17108
120.5 46.5 3.21887
121 46.5 3.245
121.5 46.5 3.265
122 46.5 3.2821
122.5 46.5 3.28354
123 46.5 3.2384
123.5 46.5 3.17168
124 46.5 3.07866
124.5 46.5 2.97101
125 46.5 3.00224
125.5 46.5 3.07208
126 46.5 3.04788
126.5 46.5 3.1001
127 46.5 3.12599
127.5 46.5 3.2015
128 46.5 3.25399
128.5 46.5 3.29292
129 46.5 3.29123
129.5 46.5 3.29378
130 46.5 3.20046
130.5 46.5 3.22648
131 46.5 3.2578
131.5 46.5 3.28179
132 46.5 3.27224
132.5 46.5 3.23151
133 46.5 3.20298
85 47 3.14468
85.5 47 3.14528
86 47 3.14578
86.5 47 3.11547
87 47 3.14658
87.5 47 3.1778
88 47 3.18624
88.5 47 3.25106
89 47 3.28182
89.5 47 3.2926
90 47 3.2573
90.5 47 3.20609
91 47 3.21524
91.5 47 3.20015
92 47 3.21754
92.5 47 3.21234
93 47 3.20807
93.5 47 3.22046
94 47 3.20678
94.5 47 3.21798
95 47 3.22847
95.5 47 3.22909
96 47 3.22168
96.5 47 3.20033
97 47 3.2177
97.5 47 3.2198
98 47 3.21902
98.5 47 3.20746
99 47 3.20614
99.5 47 3.18214
100 47 3.18334
100.5 47 3.18214
101 47 3.16917
101.5 47 3.16997
102 47 3.16917
102.5 47 3.16484
103 47 3.177
103.5 47 3.1648
104 47 3.16028
104.5 47 3.15545
105 47 3.14914
105.5 47 3.14251
106 47 3.14242
106.5 47 3.14251
107 47 3.14241
107.5 47 3.14903
108 47 3.14883
108.5 47 3.14834
109 47 3.14565
109.5 47 3.15825
110 47 3.16355
110.5 47 3.17636
111 47 3.16448
111.5 47 3.17659
112 47 3.18953
112.5 47 3.2104
113 47 3.16457
113.5 47 3.2009
114 47 3.17006
114.5 47 3.17816
115 47 3.13598
115.5 47 3.10108
116 47 3.07295
116.5 47 3.06184
117 47 3.07494
117.5 47 3.09656
118 47 3.10576
118.5 47 3.1276
119 47 3.17749
119.5 47 3.17181
120 47 3.20187
120.5 47 3.22285
121 47 3.23899
121.5 47 3.25389
122 47 3.28248
122.5 47 3.25074
123 47 3.23009
123.5 47 3.16898
124 47 3.13399
124.5 47 3.05056
125 47 3.10057
125.5 47 3.05811
126 47 3.11164
126.5 47 3.11736
127 47 3.13529
127.5 47 3.2205
128 47 3.21054
128.5 47 3.25525
129 47 3.29288
129.5 47 3.26543
130 47 3.21256
130.5 47 3.15612
131 47 3.19461
131.5 47 3.21806
132 47 3.21354
132.5 47 3.16114
133 47 3.14388
85 47.5 3.20398
85.5 47.5 3.21189
86 47.5 3.2198
86.5 47.5 3.14588
87 47.5 3.23541
87.5 47.5 3.22448
88 47.5 3.21654
88.5 47.5 3.25241
89 47.5 3.24695
89.5 47.5 3.2449
90 47.5 3.23771
90.5 47.5 3.2257
91 47.5 3.21481
91.5 47.5 3.23548
92 47.5 3.2218
92.5 47.5 3.20923
93 47.5 3.23198
93.5 47.5 3.19595
94 47.5 3.20298
94.5 47.5 3.19796
95 47.5 3.21133
95.5 47.5 3.2122
96 47.5 3.2174
96.5 47.5 3.19395
97 47.5 3.19265
97.5 47.5 3.21102
98 47.5 3.20922
98.5 47.5 3.19986
99 47.5 3.19826
99.5 47.5 3.19724
100 47.5 3.19364
100.5 47.5 3.16892
101 47.5 3.16942
101.5 47.5 3.16618
102 47.5 3.17011
102.5 47.5 3.17201
103 47.5 3.1614
103.5 47.5 3.162
104 47.5 3.1614
104.5 47.5 3.15376
105 47.5 3.15336
105.5 47.5 3.15257
106 47.5 3.14044
106.5 47.5 3.14233
107 47.5 3.14193
107.5 47.5 3.14804
108 47.5 3.14794
108.5 47.5 3.14765
109 47.5 3.14706
109.5 47.5 3.15566
110 47.5 3.16027
110.5 47.5 3.17127
111 47.5 3.1598
111.5 47.5 3.1711
112 47.5 3.1582
112.5 47.5 3.16088
113 47.5 3.16328
113.5 47.5 3.16527
114 47.5 3.17307
114.5 47.5 3.17415
115 47.5 3.14225
115.5 47.5 3.12354
116 47.5 3.0756
116.5 47.5 3.07857
117 47.5 3.06167
117.5 47.5 3.08465
118 47.5 3.06952
118.5 47.5 3.10131
119 47.5 3.15324
119.5 47.5 3.17978
120 47.5 3.20957
120.5 47.5 3.20156
121 47.5 3.20979
121.5 47.5 3.2403
122 47.5 3.28996
122.5 47.5 3.27662
123 47.5 3.24143
123.5 47.5 3.19521
124 47.5 3.15457
124.5 47.5 3.13557
125 47.5 3.1059
125.5 47.5 3.10985
126 47.5 3.12164
126.5 47.5 3.18513
127 47.5 3.21823
127.5 47.5 3.22863
128 47.5 3.23036
128.5 47.5 3.26235
129 47.5 3.28153
129.5 47.5 3.27931
130 47.5 3.2956
130.5 47.5 3.18476
131 47.5 3.20021
131.5 47.5 3.22487
132 47.5 3.20386
132.5 47.5 3.20517
133 47.5 3.13318
85 48 3.20208
85.5 48 3.20928
86 48 3.21599
86.5 48 3.2215
87 48 3.21317
87.5 48 3.21517
88 48 3.21317
88.5 48 3.23921
89 48 3.23651
89.5 48 3.23342
90 48 3.23112
90.5 48 3.21641
91 48 3.21451
91.5 48 3.2251
92 48 3.223
92.5 48 3.20174
93 48 3.20024
93.5 48 3.18986
94 48 3.18856
94.5 48 3.19067
95 48 3.18917
95.5 48 3.2042
96 48 3.2026
96.5 48 3.1988
97 48 3.20052
97.5 48 3.20212
98 48 3.20143
98.5 48 3.19226
99 48 3.19134
99.5 48 3.19054
100 48 3.18825
100.5 48 3.18495
101 48 3.16503
101.5 48 3.16522
102 48 3.16702
102.5 48 3.16831
103 48 3.16872
103.5 48 3.15911
104 48 3.1557
104.5 48 3.15198
105 48 3.15178
105.5 48 3.15128
106 48 3.15049
106.5 48 3.14205
107 48 3.14175
107.5 48 3.14696
108 48 3.14686
108.5 48 3.14657
109 48 3.14617
109.5 48 3.15298
110 48 3.15688
110.5 48 3.16609
111 48 3.15511
111.5 48 3.15381
112 48 3.1562
112.5 48 3.1584
113 48 3.16578
113.5 48 3.16797
114 48 3.16976
114.5 48 3.17046
115 48 3.15416
115.5 48 3.14734
116 48 3.09954
116.5 48 3.0741
117 48 3.03818
117.5 48 3.05178
118 48 3.06077
118.5 48 3.0969
119 48 3.13113
119.5 48 3.14104
120 48 3.19869
120.5 48 3.20027
121 48 3.18781
121.5 48 3.2219
122 48 3.26268
122.5 48 3.26908
123 48 3.2629
123.5 48 3.23847
124 48 3.19673
124.5 48 3.19212
125 48 3.15985
125.5 48 3.2019
126 48 3.20958
126.5 48 3.21188
127 48 3.21191
127.5 48 3.24082
128 48 3.25689
128.5 48 3.29445
129 48 3.28274
129.5 48 3.24281
130 48 3.193
130.5 48 3.17996
131 48 3.18887
131.5 48 3.20398
132 48 3.18872
132.5 48 3.17626
133 48 3.16147
85 48.5 3.19657
85.5 48.5 3.20248
86 48.5 3.20748
86.5 48.5 3.21089
87 48.5 3.21219
87.5 48.5 3.20566
88 48.5 3.19784
88.5 48.5 3.22591
89 48.5 3.22326
89.5 48.5 3.22183
90 48.5 3.21463
90.5 48.5 3.20702
91 48.5 3.19853
91.5 48.5 3.21471
92 48.5 3.20392
92.5 48.5 3.19414
93 48.5 3.2105
93.5 48.5 3.18366
94 48.5 3.18898
94.5 48.5 3.18337
95 48.5 3.19394
95.5 48.5 3.19619
96 48.5 3.19529
96.5 48.5 3.19289
97 48.5 3.18939
97.5 48.5 3.19323
98 48.5 3.19254
98.5 48.5 3.18457
99 48.5 3.18385
99.5 48.5 3.18325
100 48.5 3.18165
100.5 48.5 3.17916
101 48.5 3.16064
101.5 48.5 3.16193
102 48.5 3.16332
102.5 48.5 3.16422
103 48.5 3.16452
103.5 48.5 3.15622
104 48.5 3.15331
104.5 48.5 3.15019
105 48.5 3.15009
105.5 48.5 3.14969
106 48.5 3.149
106.5 48.5 3.14167
107 48.5 3.14137
107.5 48.5 3.14568
108 48.5 3.14568
108.5 48.5 3.14538
109 48.5 3.14509
109.5 48.5 3.1446
110 48.5 3.1533
110.5 48.5 3.1607
111 48.5 3.15032
111.5 48.5 3.15701
112 48.5 3.1593
112.5 48.5 3.1615
113 48.5 3.16349
113.5 48.5 3.15058
114 48.5 3.15158
114.5 48.5 3.15227
115 48.5 3.14645
115.5 48.5 3.14655
116 48.5 3.13434
116.5 48.5 3.07789
117 48.5 3.10733
117.5 48.5 3.0953
118 48.5 3.09948
118.5 48.5 3.11065
119 48.5 3.1269
119.5 48.5 3.1446
120 48.5 3.15812
120.5 48.5 3.1712
121 48.5 3.1888
121.5 48.5 3.20929
122 48.5 3.22389
122.5 48.5 3.25736
123 48.5 3.23867
123.5 48.5 3.23101
124 48.5 3.23776
124.5 48.5 3.24079
125 48.5 3.1978
125.5 48.5 3.22245
126 48.5 3.25792
126.5 48.5 3.24382
127 48.5 3.23146
127.5 48.5 3.24641
128 48.5 3.27469
128.5 48.5 3.28802
129 48.5 3.27375
129.5 48.5 3.29421
130 48.5 3.21671
130.5 48.5 3.15658
131 48.5 3.17553
131.5 48.5 3.17068
132 48.5 3.19569
132.5 48.5 3.17126
133 48.5 3.17026
85 49 3.18866
85.5 49 3.19346
86 49 3.19727
86.5 49 3.19967
87 49 3.20057
87.5 49 3.19615
88 49 3.18843
88.5 49 3.21251
89 49 3.21126
89.5 49 3.21014
90 49 3.20294
90.5 49 3.19743
91 49 3.19023
91.5 49 3.20412
92 49 3.19483
92.5 49 3.18645
93 49 3.19952
93.5 49 3.17737
94 49 3.18188
94.5 49 3.17597
95 49 3.18505
95.5 49 3.188
96 49 3.1874
96.5 49 3.18569
97 49 3.18309
97.5 49 3.18414
98 49 3.18355
98.5 49 3.17687
99 49 3.17626
99.5 49 3.17586
100 49 3.17466
100.5 49 3.17266
101 49 3.15674
101.5 49 3.15824
102 49 3.15933
102.5 49 3.16003
103 49 3.16023
103.5 49 3.15323
104 49 3.15082
104.5 49 3.1483
105 49 3.1482
105.5 49 3.14791
106 49 3.14741
106.5 49 3.14672
107 49 3.14099
107.5 49 3.1444
108 49 3.1443
108.5 49 3.1441
109 49 3.14381
109.5 49 3.14341
110 49 3.14972
110.5 49 3.15522
111 49 3.15263
111.5 49 3.15492
112 49 3.14671
112.5 49 3.1478
113 49 3.1487
113.5 49 3.14959
114 49 3.15029
114.5 49 3.15078
115 49 3.13546
115.5 49 3.13516
116 49 3.0859
116.5 49 3.15762
117 49 3.12627
117.5 49 3.14226
118 49 3.12958
118.5 49 3.13456
119 49 3.12532
119.5 49 3.11532
120 49 3.13632
120.5 49 3.17122
121 49 3.1792
121.5 49 3.18907
122 49 3.21908
122.5 49 3.21579
123 49 3.24496
123.5 49 3.21041
124 49 3.21622
124.5 49 3.21816
125 49 3.22544
125.5 49 3.22502
126 49 3.25742
126.5 49 3.26411
127 49 3.25044
127.5 49 3.24576
128 49 3.25195
128.5 49 3.25586
129 49 3.28834
129.5 49 3.32231
130 49 3.2796
130.5 49 3.15469
131 49 3.15439
131.5 49 3.16698
132 49 3.16628
132.5 49 3.16458
133 49 3.15617
85 49.5 3.17945
85.5 49.5 3.18335
86 49.5 3.18636
86.5 49.5 3.18816
87 49.5 3.18886
87.5 49.5 3.18654
88 49.5 3.17912
88.5 49.5 3.19891
89 49.5 3.19917
89.5 49.5 3.19834
90 49.5 3.19105
90.5 49.5 3.18784
91 49.5 3.18174
91.5 49.5 3.19333
92 49.5 3.18554
92.5 49.5 3.17856
93 49.5 3.18833
93.5 49.5 3.17107
94 49.5 3.17468
94.5 49.5 3.16848
95 49.5 3.17616
95.5 49.5 3.17979
96 49.5 3.17939
96.5 49.5 3.17799
97 49.5 3.17599
97.5 49.5 3.17319
98 49.5 3.17455
98.5 49.5 3.16907
99 49.5 3.16866
99.5 49.5 3.16836
100 49.5 3.16736
100.5 49.5 3.16576
101 49.5 3.15304
101.5 49.5 3.15424
102 49.5 3.15514
102.5 49.5 3.15574
103 49.5 3.15594
103.5 49.5 3.15024
104 49.5 3.14833
104.5 49.5 3.14642
105 49.5 3.14632
105.5 49.5 3.14602
106 49.5 3.14562
106.5 49.5 3.14503
107 49.5 3.14041
107.5 49.5 3.14292
108 49.5 3.14292
108.5 49.5 3.14272
109 49.5 3.14242
109.5 49.5 3.14203
110 49.5 3.14163
110.5 49.5 3.14814
111 49.5 3.14374
111.5 49.5 3.14482
112 49.5 3.14582
112.5 49.5 3.14671
113 49.5 3.14751
113.5 49.5 3.1483
114 49.5 3.1488
114.5 49.5 3.15246
115 49.5 3.15356
115.5 49.5 3.15465
116 49.5 3.15544
116.5 49.5 3.15584
117 49.5 3.15544
117.5 49.5 3.16234
118 49.5 3.16675
118.5 49.5 3.15944
119 49.5 3.15691
119.5 49.5 3.14909
120 49.5 3.19129
120.5 49.5 3.18602
121 49.5 3.2152
121.5 49.5 3.19978
122 49.5 3.20968
122.5 49.5 3.22648
123 49.5 3.24037
123.5 49.5 3.23879
124 49.5 3.2211
124.5 49.5 3.2169
125 49.5 3.21174
125.5 49.5 3.22555
126 49.5 3.25572
126.5 49.5 3.27272
127 49.5 3.24022
127.5 49.5 3.25386
128 49.5 3.1923
128.5 49.5 3.23809
129 49.5 3.23681
129.5 49.5 3.3019
130 49.5 3.2979
130.5 49.5 3.2609
131 49.5 3.2538
131.5 49.5 3.16338
132 49.5 3.16298
132.5 49.5 3.16188
133 49.5 3.16038
85 50 3.16943
85.5 50 3.17264
86 50 3.17504
86.5 50 3.17654
87 50 3.17704
87.5 50 3.17682
88 50 3.17061
88.5 50 3.1853
89 50 3.18707
89.5 50 3.18645
90 50 3.17906
90.5 50 3.17804
91 50 3.17305
91.5 50 3.18244
92 50 3.17625
92.5 50 3.17066
93 50 3.17694
93.5 50 3.16457
94 50 3.16748
94.5 50 3.16128
95 50 3.16746
95.5 50 3.17149
96 50 3.17119
96.5 50 3.17009
97 50 3.16839
97.5 50 3.16609
98 50 3.16329
98.5 50 3.16137
99 50 3.16106
99.5 50 3.16076
100 50 3.15996
100.5 50 3.15857
101 50 3.14906
101.5 50 3.15006
102 50 3.15085
102.5 50 3.15135
103 50 3.15155
103.5 50 3.14725
104 50 3.14574
104.5 50 3.14434
105 50 3.14433
105.5 50 3.14404
106 50 3.14374
106.5 50 3.14324
107 50 3.14264
107.5 50 3.14144
108 50 3.14134
108.5 50 3.14124
109 50 3.14094
109.5 50 3.14064
110 50 3.14066
110.5 50 3.14175
111 50 3.14274
111.5 50 3.14373
112 50 3.14463
112.5 50 3.14542
113 50 3.14612
113.5 50 3.1491
114 50 3.15038
114.5 50 3.15148
115 50 3.15246
115.5 50 3.15326
116 50 3.15376
116.5 50 3.15685
117 50 3.15835
117.5 50 3.15904
118 50 3.17843
118.5 50 3.19306
119 50 3.18441
119.5 50 3.15692
120 50 3.1955
120.5 50 3.19661
121 50 3.2027
121.5 50 3.1863
122 50 3.21786
122.5 50 3.22798
123 50 3.24998
123.5 50 3.24929
124 50 3.2421
124.5 50 3.22029
125 50 3.22413
125.5 50 3.22576
126 50 3.23464
126.5 50 3.25402
127 50 3.23823
127.5 50 3.25051
128 50 3.2186
128.5 50 3.23354
129 50 3.22489
129.5 50 3.22411
130 50 3.21941
130.5 50 3.2466
131 50 3.24219
131.5 50 3.23579
132 50 3.15938
132.5 50 3.15868
133 50 3.15748
85 50.5 3.15882
85.5 50.5 3.16162
86 50.5 3.16363
86.5 50.5 3.16493
87 50.5 3.16533
87.5 50.5 3.16701
88 50.5 3.16241
88.5 50.5 3.1725
89 50.5 3.17487
89.5 50.5 3.17446
90 50.5 3.16696
90.5 50.5 3.16815
91 50.5 3.16426
91.5 50.5 3.17145
92 50.5 3.16686
92.5 50.5 3.16266
93 50.5 3.16545
93.5 50.5 3.15787
94 50.5 3.16018
94.5 50.5 3.15508
95 50.5 3.15967
95.5 50.5 3.16319
96 50.5 3.16289
96.5 50.5 3.16199
97 50.5 3.16059
97.5 50.5 3.15859
98 50.5 3.15618
98.5 50.5 3.15358
99 50.5 3.15337
99.5 50.5 3.15317
100 50.5 3.15247
100.5 50.5 3.15127
101 50.5 3.14486
101.5 50.5 3.14586
102 50.5 3.14656
102.5 50.5 3.14696
103 50.5 3.14706
103.5 50.5 3.14416
104 50.5 3.14325
104.5 50.5 3.14235
105 50.5 3.14225
105.5 50.5 3.14205
106 50.5 3.14175
106.5 50.5 3.14126
107 50.5 3.14066
107.5 50.5 3.13976
108 50.5 3.13966
108.5 50.5 3.13946
109 50.5 3.13916
109.5 50.5 3.13877
110 50.5 3.13946
110.5 50.5 3.14056
111 50.5 3.14155
111.5 50.5 3.14235
112 50.5 3.14324
112.5 50.5 3.14393
113 50.5 3.14681
113.5 50.5 3.148
114 50.5 3.14909
114.5 50.5 3.14999
115 50.5 3.15088
115.5 50.5 3.15126
116 50.5 3.16634
116.5 50.5 3.16894
117 50.5 3.17134
117.5 50.5 3.17324
118 50.5 3.18638
118.5 50.5 3.18738
119 50.5 3.21655
119.5 50.5 3.20908
120 50.5 3.2047
120.5 50.5 3.2032
121 50.5 3.19211
121.5 50.5 3.23028
122 50.5 3.21218
122.5 50.5 3.20098
123 50.5 3.24617
123.5 50.5 3.2344
124 50.5 3.24726
124.5 50.5 3.22561
125 50.5 3.20582
125.5 50.5 3.22932
126 50.5 3.22302
126.5 50.5 3.2208
127 50.5 3.21929
127.5 50.5 3.2161
128 50.5 3.23542
128.5 50.5 3.22112
129 50.5 3.21892
129.5 50.5 3.21391
130 50.5 3.2076
130.5 50.5 3.20079
131 50.5 3.2019
131.5 50.5 3.22349
132 50.5 3.21739
132.5 50.5 3.15528
133 50.5 3.15438
85 51 3.1493
85.5 51 3.15121
86 51 3.15271
86.5 51 3.15352
87 51 3.15382
87.5 51 3.1572
88 51 3.1542
88.5 51 3.16079
89 51 3.16258
89.5 51 3.16236
90 51 3.15587
90.5 51 3.15816
91 51 3.15546
91.5 51 3.16036
92 51 3.15726
92.5 51 3.15447
93 51 3.15406
93.5 51 3.15117
94 51 3.15278
94.5 51 3.14928
95 51 3.15237
95.5 51 3.15478
96 51 3.15458
96.5 51 3.15378
97 51 3.15248
97.5 51 3.15078
98 51 3.14858
98.5 51 3.14558
99 51 3.14557
99.5 51 3.14537
100 51 3.14477
100.5 51 3.14367
101 51 3.14027
101.5 51 3.14117
102 51 3.14187
102.5 51 3.14217
103 51 3.14237
103.5 51 3.14097
104 51 3.14056
104.5 51 3.13996
105 51 3.13996
105.5 51 3.13976
106 51 3.13937
106.5 51 3.13897
107 51 3.13837
107.5 51 3.13768
108 51 3.13748
108.5 51 3.13748
109 51 3.13748
109.5 51 3.13748
110 51 3.13788
110.5 51 3.13907
111 51 3.14016
111.5 51 3.14096
112 51 3.14304
112.5 51 3.14423
113 51 3.14542
113.5 51 3.14651
114 51 3.1475
114.5 51 3.1483
115 51 3.15935
115.5 51 3.16175
116 51 3.16414
116.5 51 3.16624
117 51 3.16794
117.5 51 3.16914
118 51 3.20347
118.5 51 3.20697
119 51 3.20019
119.5 51 3.22666
120 51 3.21558
120.5 51 3.2052
121 51 3.22688
121.5 51 3.22749
122 51 3.20302
122.5 51 3.2161
123 51 3.21656
123.5 51 3.21845
124 51 3.22394
124.5 51 3.20018
125 51 3.19991
125.5 51 3.20532
126 51 3.20078
126.5 51 3.19785
127 51 3.2105
127.5 51 3.2075
128 51 3.2059
128.5 51 3.2022
129 51 3.2083
129.5 51 3.2052
130 51 3.20059
130.5 51 3.19518
131 51 3.18918
131.5 51 3.18286
132 51 3.20489
132.5 51 3.19898
133 51 3.15108
85 51.5 3.14199
85.5 51.5 3.14329
86 51.5 3.14429
86.5 51.5 3.1449
87 51.5 3.1451
87.5 51.5 3.14729
88 51.5 3.14588
88.5 51.5 3.14918
89 51.5 3.15008
89.5 51.5 3.14997
90 51.5 3.14658
90.5 51.5 3.14787
91 51.5 3.14647
91.5 51.5 3.14907
92 51.5 3.14747
92.5 51.5 3.14598
93 51.5 3.14527
93.5 51.5 3.14437
94 51.5 3.14518
94.5 51.5 3.14338
95 51.5 3.14497
95.5 51.5 3.14618
96 51.5 3.14598
96.5 51.5 3.14528
97 51.5 3.14408
97.5 51.5 3.14258
98 51.5 3.14068
98.5 51.5 3.13838
99 51.5 3.13748
99.5 51.5 3.13748
100 51.5 3.13748
100.5 51.5 3.13748
101 51.5 3.13748
101.5 51.5 3.13748
102 51.5 3.13748
102.5 51.5 3.13748
103 51.5 3.13748
103.5 51.5 3.13748
104 51.5 3.13748
104.5 51.5 3.13748
105 51.5 3.13748
105.5 51.5 3.13748
106 51.5 3.13748
106.5 51.5 3.13748
107 51.5 3.13748
107.5 51.5 3.13748
108 51.5 3.13748
108.5 51.5 3.13748
109 51.5 3.13748
109.5 51.5 3.13748
110 51.5 3.13748
110.5 51.5 3.13748
111 51.5 3.13867
111.5 51.5 3.14026
112 51.5 3.14155
112.5 51.5 3.14274
113 51.5 3.14383
113.5 51.5 3.14473
114 51.5 3.15226
114.5 51.5 3.15466
115 51.5 3.15695
115.5 51.5 3.15905
116 51.5 3.16105
116.5 51.5 3.16275
117 51.5 3.19009
117.5 51.5 3.20139
118 51.5 3.20678
118.5 51.5 3.21178
119 51.5 3.21567
119.5 51.5 3.21737
120 51.5 3.23536
120.5 51.5 3.23118
121 51.5 3.24182
121.5 51.5 3.2461
122 51.5 3.22559
122.5 51.5 3.25417
123 51.5 3.23398
123.5 51.5 3.22757
124 51.5 3.22464
124.5 51.5 3.19567
125 51.5 3.1782
125.5 51.5 3.18226
126 51.5 3.19673
126.5 51.5 3.19135
127 51.5 3.19015
127.5 51.5 3.18745
128 51.5 3.19809
128.5 51.5 3.19579
129 51.5 3.19239
129.5 51.5 3.18839
130 51.5 3.19158
130.5 51.5 3.18727
131 51.5 3.18226
131.5 51.5 3.17685
132 51.5 3.17104
132.5 51.5 3.16494
133 51.5 3.18048
85 52 3.13748
85.5 52 3.13748
86 52 3.13748
86.5 52 3.13748
87 52 3.13748
87.5 52 3.13748
88 52 3.13748
88.5 52 3.13748
89 52 3.13748
89.5 52 3.13748
90 52 3.13748
90.5 52 3.13748
91 52 3.13748
91.5 52 3.13748
92 52 3.13748
92.5 52 3.13748
93 52 3.13748
93.5 52 3.13748
94 52 3.13748
94.5 52 3.13748
95 52 3.13748
95.5 52 3.13748
96 52 3.13748
96.5 52 3.13748
97 52 3.13748
97.5 52 3.13748
98 52 3.13748
98.5 52 3.13748
99 52 3.13748
99.5 52 3.13748
100 52 3.13748
100.5 52 3.13748
101 52 3.13748
101.5 52 3.13748
102 52 3.13748
102.5 52 3.13748
103 52 3.13748
103.5 52 3.13748
104 52 3.13748
104.5 52 3.13748
105 52 3.13748
105.5 52 3.13748
106 52 3.13748
106.5 52 3.13748
107 52 3.13748
107.5 52 3.13748
108 52 3.13748
108.5 52 3.13748
109 52 3.13748
109.5 52 3.13748
110 52 3.13748
110.5 52 3.13748
111 52 3.13748
111.5 52 3.13837
112 52 3.13976
112.5 52 3.14096
113 52 3.14497
113.5 52 3.14746
114 52 3.14976
114.5 52 3.15196
115 52 3.15396
115.5 52 3.15576
116 52 3.15745
116.5 52 3.18641
117 52 3.1916
117.5 52 3.1966
118 52 3.20779
118.5 52 3.21368
119 52 3.21908
119.5 52 3.22338
120 52 3.21839
120.5 52 3.22039
121 52 3.24909
121.5 52 3.28196
122 52 3.24689
122.5 52 3.22731
123 52 3.23141
123.5 52 3.24461
124 52 3.23457
124.5 52 3.18234
125 52 3.18778
125.5 52 3.17666
126 52 3.17566
126.5 52 3.17346
127 52 3.18425
127.5 52 3.18246
128 52 3.17996
128.5 52 3.17696
129 52 3.18559
129.5 52 3.18239
130 52 3.17869
130.5 52 3.17806
131 52 3.17395
131.5 52 3.16924
132 52 3.16414
132.5 52 3.15873
133 52 3.15382
