87 24 -0.0804585
87.5 24 -0.0770766
88 24 0.0284014
88.5 24 -0.00249745
89 24 -0.000233931
89.5 24 -3.09179e-05
90 24 8.93983e-05
90.5 24 0.000358817
91 24 0.000381675
91.5 24 0.000268137
92 24 0.000437597
92.5 24 0.000413629
93 24 0.000478918
93.5 24 0.000626856
94 24 0.00077194
94.5 24 0.000803495
95 24 0.000968353
95.5 24 0.00129885
96 24 0.00110098
96.5 24 0.00121723
97 24 0.0011511
97.5 24 0.00127737
98 24 0.00105745
98.5 24 0.00103384
99 24 0.000678516
99.5 24 0.000359664
100 24 0.000668212
100.5 24 0.000388032
101 24 0.000192644
101.5 24 0.000147688
102 24 6.79573e-05
102.5 24 0.00019161
103 24 0.000353343
103.5 24 0.000159159
104 24 -3.67563e-05
104.5 24 -0.000158941
105 24 -0.000262211
105.5 24 -0.000116589
106 24 -0.000245778
106.5 24 -0.000309854
107 24 -0.000200734
107.5 24 -0.000157327
108 24 -0.000187873
108.5 24 -0.00014268
109 24 -0.000124816
109.5 24 -0.000177537
110 24 8.23814e-05
110.5 24 0.000110735
111 24 0.000202032
111.5 24 -0.000344591
112 24 0.000265008
112.5 24 0.000178447
113 24 -9.611e-05
113.5 24 0.00022288
114 24 0.000104482
114.5 24 8.72817e-05
115 24 -4.39113e-05
115.5 24 -0.000126644
116 24 -5.20934e-05
116.5 24 8.80469e-05
117 24 8.98681e-05
117.5 24 8.31354e-05
118 24 0.000312432
118.5 24 0.00010177
119 24 0.000122438
119.5 24 0.000169254
120 24 0.000211919
120.5 24 0.000172664
121 24 0.000185227
121.5 24 0.000283539
122 24 6.20655e-05
122.5 24 8.13148e-05
123 24 -3.61116e-05
123.5 24 0.0131126
124 24 -0.000105551
124.5 24 0.000322721
125 24 -0.00149597
125.5 24 0.014991
126 24 -0.038742
126.5 24 -0.0271222
127 24 0.0277368
127.5 24 -0.000981606
128 24 -0.000507655
128.5 24 -0.00118994
129 24 -0.00127928
129.5 24 0.0301513
130 24 -0.10745
130.5 24 0.0340961
131 24 -0.00226866
87 24.5 0.0276301
87.5 24.5 0.0271973
88 24.5 0.00147834
88.5 24.5 0.000608546
89 24.5 0.000481275
89.5 24.5 0.000199041
90 24.5 0.00022517
90.5 24.5 -3.51719e-05
91 24.5 -0.000110199
91.5 24.5 -0.000127188
92 24.5 -0.000249382
92.5 24.5 -0.000360402
93 24.5 -0.000509965
93.5 24.5 -0.000641884
94 24.5 -0.000721394
94.5 24.5 -0.000728082
95 24.5 -0.00100835
95.5 24.5 -0.000862642
96 24.5 -0.000723775
96.5 24.5 -0.000687183
97 24.5 -0.000505127
97.5 24.5 -0.000299951
98 24.5 -0.000124412
98.5 24.5 -0.000120135
99 24.5 -9.39331e-05
99.5 24.5 7.9542e-05
100 24.5 -0.000171013
100.5 24.5 0.000128792
101 24.5 -0.000208005
101.5 24.5 -0.000267574
102 24.5 -5.27359e-05
102.5 24.5 6.41838e-05
103 24.5 0.000326847
103.5 24.5 0.000591845
104 24.5 0.00053124
104.5 24.5 0.000513302
105 24.5 0.000419759
105.5 24.5 0.000409508
106 24.5 0.00043729
106.5 24.5 0.000204962
107 24.5 5.61284e-05
107.5 24.5 0.000240095
108 24.5 0.000190992
108.5 24.5 0.000109258
109 24.5 0.00014191
109.5 24.5 0.000162707
110 24.5 0.000147512
110.5 24.5 6.55327e-05
111 24.5 4.44469e-05
111.5 24.5 4.22943e-05
112 24.5 9.48688e-06
112.5 24.5 2.06686e-05
113 24.5 3.31969e-05
113.5 24.5 1.63957e-05
114 24.5 5.91457e-05
114.5 24.5 2.39676e-07
115 24.5 0.000170461
115.5 24.5 -5.32166e-05
116 24.5 0.00010803
116.5 24.5 -8.91598e-06
117 24.5 9.00623e-05
117.5 24.5 0.00018285
118 24.5 7.83347e-05
118.5 24.5 0.00021994
119 24.5 0.000111016
119.5 24.5 0.000122519
120 24.5 0.000210128
120.5 24.5 0.00023033
121 24.5 7.00813e-05
121.5 24.5 0.000290271
122 24.5 0.00012716
122.5 24.5 -0.00100849
123 24.5 0.0156122
123.5 24.5 -0.053674
124 24.5 0.0154712
124.5 24.5 -0.000752211
125 24.5 0.000210205
125.5 24.5 -0.000391634
126 24.5 0.027847
126.5 24.5 -0.0251532
127 24.5 -0.0402468
127.5 24.5 0.0146427
128 24.5 0.0123869
128.5 24.5 0.0249106
129 24.5 0.000602551
129.5 24.5 -0.000860588
130 24.5 0.0309393
130.5 24.5 -0.00650526
131 24.5 0.0052208
87 25 -0.00273139
87.5 25 -0.00259065
88 25 -0.000662077
88.5 25 -0.000288289
89 25 -9.29789e-05
89.5 25 8.99829e-05
90 25 2.20901e-05
90.5 25 0.000529137
91 25 0.000511646
91.5 25 0.000581716
92 25 0.000528822
92.5 25 0.000635258
93 25 0.000664339
93.5 25 0.000620337
94 25 0.000669636
94.5 25 0.000629888
95 25 0.000480261
95.5 25 0.000309059
96 25 0.000376619
96.5 25 0.00037637
97 25 0.000210902
97.5 25 0.000109395
98 25 -1.07569e-05
98.5 25 -1.57221e-05
99 25 -5.32616e-05
99.5 25 -0.000163629
100 25 0.00021326
100.5 25 -0.000164015
101 25 -1.86715e-05
101.5 25 -0.000110792
102 25 -0.000521643
102.5 25 -0.000418533
103 25 -0.000329682
103.5 25 -0.000344452
104 25 0.000142105
104.5 25 0.00011961
105 25 0.000107483
105.5 25 0.000198511
106 25 0.000255893
106.5 25 0.000158162
107 25 0.000161542
107.5 25 0.000104698
108 25 0.000209234
108.5 25 0.000136406
109 25 0.000229692
109.5 25 0.000122078
110 25 0.000153561
110.5 25 0.000124276
111 25 0.000176597
111.5 25 0.000253657
112 25 5.10606e-05
112.5 25 9.25937e-05
113 25 6.5201e-05
113.5 25 7.03849e-05
114 25 6.87817e-05
114.5 25 0.000138511
115 25 -6.11611e-05
115.5 25 0.000162238
116 25 -1.99083e-05
116.5 25 4.3957e-05
117 25 9.95353e-05
117.5 25 -7.19123e-05
118 25 0.00056905
118.5 25 0.00012257
119 25 0.000168141
119.5 25 0.000492825
120 25 0.000228255
120.5 25 0.000166402
121 25 0.000175032
121.5 25 0.000175982
122 25 0.000207604
122.5 25 9.32977e-05
123 25 6.96031e-05
123.5 25 0.0129665
124 25 -9.04167e-05
124.5 25 0.000220652
125 25 0.000147362
125.5 25 0.000549498
126 25 -0.00153365
126.5 25 0.0122781
127 25 0.0377893
127.5 25 0.013758
128 25 -0.0224359
128.5 25 -0.0661854
129 25 0.0312763
129.5 25 0.0104208
130 25 0.0136463
130.5 25 -0.0372771
131 25 0.0159672
87 25.5 0.00166413
87.5 25.5 0.0010565
88 25.5 0.000704132
88.5 25.5 0.000364106
89 25.5 0.000479166
89.5 25.5 0.000226388
90 25.5 8.64888e-05
90.5 25.5 -7.81381e-05
91 25.5 -8.86215e-05
91.5 25.5 -0.000193612
92 25.5 -0.000278365
92.5 25.5 -0.000164067
93 25.5 -0.000130413
93.5 25.5 -0.00023251
94 25.5 -0.000201915
94.5 25.5 -0.000196643
95 25.5 -0.000261702
95.5 25.5 -6.58612e-05
96 25.5 -0.000126089
96.5 25.5 -3.90405e-05
97 25.5 5.98339e-05
97.5 25.5 4.81367e-05
98 25.5 0.000232512
98.5 25.5 0.000334037
99 25.5 0.000393323
99.5 25.5 0.0004051
100 25.5 0.000160922
100.5 25.5 0.000354331
101 25.5 0.000323491
101.5 25.5 1.70822e-06
102 25.5 0.000252939
102.5 25.5 -0.000248723
103 25.5 -7.86828e-05
103.5 25.5 -7.71285e-05
104 25.5 -9.96613e-05
104.5 25.5 3.72316e-05
105 25.5 6.42671e-05
105.5 25.5 -4.39094e-05
106 25.5 -1.20042e-05
106.5 25.5 2.11167e-06
107 25.5 -8.60028e-05
107.5 25.5 8.79692e-05
108 25.5 -5.75299e-05
108.5 25.5 5.89032e-05
109 25.5 5.58598e-05
109.5 25.5 0.000119872
110 25.5 9.30307e-05
110.5 25.5 8.47379e-05
111 25.5 9.7142e-05
111.5 25.5 0.000152528
112 25.5 0.000236947
112.5 25.5 7.92976e-05
113 25.5 0.00014883
113.5 25.5 0.000244983
114 25.5 -1.37506e-05
114.5 25.5 0.000122916
115 25.5 0.000136089
115.5 25.5 8.74485e-05
116 25.5 2.86681e-05
116.5 25.5 -4.64585e-06
117 25.5 -4.44337e-05
117.5 25.5 4.2742e-05
118 25.5 -6.94772e-05
118.5 25.5 0.000135459
119 25.5 0.000195978
119.5 25.5 0.000180391
120 25.5 0.000228213
120.5 25.5 0.000183808
121 25.5 0.000228813
121.5 25.5 0.000235354
122 25.5 0.000270365
122.5 25.5 0.000230298
123 25.5 0.000113505
123.5 25.5 -0.000762127
124 25.5 -4.15943e-05
124.5 25.5 -1.41596e-05
125 25.5 0.000117379
125.5 25.5 0.000441076
126 25.5 0.0114151
126.5 25.5 0.0310291
127 25.5 -0.110526
127.5 25.5 0.029726
128 25.5 0.0418829
128.5 25.5 -0.0769201
129 25.5 0.0453958
131 25.5 0.0154184
87 26 -0.000295536
87.5 26 0.000654222
88 26 0.00054479
88.5 26 -0.000143856
89 26 -2.74126e-05
89.5 26 0.000187498
90 26 0.000446115
90.5 26 0.000227795
91 26 0.0003975
91.5 26 0.000406397
92 26 0.00050103
92.5 26 0.000559558
93 26 0.000429069
93.5 26 0.000506849
94 26 0.000356777
94.5 26 0.000269085
95 26 0.000130083
95.5 26 0.000107536
96 26 -5.7413e-05
96.5 26 4.00532e-05
97 26 -4.28096e-05
97.5 26 -7.5782e-05
98 26 -0.000107815
98.5 26 -1.09807e-07
99 26 8.78767e-05
99.5 26 0.000180615
100 26 0.000231399
100.5 26 0.000146934
101 26 0.000157354
101.5 26 0.000179543
102 26 0.000147627
102.5 26 2.37255e-05
103 26 -5.76123e-05
103.5 26 -3.6477e-05
104 26 2.84532e-05
104.5 26 0.000198375
105 26 0.000268559
105.5 26 0.000214992
106 26 0.000146819
106.5 26 7.57263e-05
107 26 0.000139545
107.5 26 3.98912e-05
108 26 0.000191907
108.5 26 -5.18934e-05
109 26 3.63537e-05
109.5 26 5.43384e-06
110 26 6.11763e-05
110.5 26 2.82866e-05
111 26 8.88467e-05
111.5 26 0.000141309
112 26 0.000144087
112.5 26 0.00017128
113 26 -2.22672e-05
113.5 26 0.000217849
114 26 0.000171539
114.5 26 2.77234e-05
115 26 8.37483e-05
115.5 26 3.70445e-05
116 26 0.000157411
116.5 26 -2.1457e-07
117 26 0.000166744
117.5 26 -4.85594e-05
118 26 0.000379402
118.5 26 1.56961e-05
119 26 0.00010481
119.5 26 0.000202429
120 26 0.000255584
120.5 26 0.000160507
121 26 0.000185426
121.5 26 0.000266381
122 26 0.000290739
122.5 26 0.000219785
123 26 0.000142486
123.5 26 3.5125e-05
124 26 -3.70491e-05
124.5 26 -0.000134369
125 26 -0.000751526
125.5 26 0.0162723
126 26 -0.0539556
126.5 26 0.0161708
127 26 0.0380408
127.5 26 -0.000793372
128 26 0.0206162
128.5 26 -0.00756562
129 26 0.026394
87 26.5 0.0117782
87.5 26.5 -0.000878579
88 26.5 0.000925814
88.5 26.5 0.00106425
89 26.5 0.000751186
89.5 26.5 0.000470146
90 26.5 0.0003015
90.5 26.5 0.000293142
91 26.5 -0.000203702
91.5 26.5 -7.0651e-05
92 26.5 -0.000106848
92.5 26.5 7.83721e-05
93 26.5 0.000190962
93.5 26.5 0.000135439
94 26.5 8.03427e-05
94.5 26.5 0.000120948
95 26.5 0.000178114
95.5 26.5 0.000169718
96 26.5 0.000228085
96.5 26.5 4.65086e-05
97 26.5 0.000169125
97.5 26.5 0.000216512
98 26.5 9.94474e-06
98.5 26.5 6.12302e-05
99 26.5 0.000164227
99.5 26.5 0.000103177
100 26.5 0.000266355
100.5 26.5 0.000189845
101 26.5 -7.29774e-05
101.5 26.5 7.48072e-05
102 26.5 7.71829e-05
102.5 26.5 0.000181321
103 26.5 -5.22713e-05
103.5 26.5 2.06436e-05
104 26.5 6.7098e-05
104.5 26.5 9.23971e-05
105 26.5 0.000136238
105.5 26.5 0.000165086
106 26.5 1.4508e-06
106.5 26.5 2.93286e-05
107 26.5 -1.56512e-05
107.5 26.5 6.18136e-05
108 26.5 7.73769e-05
108.5 26.5 0.000143386
109 26.5 0.000121592
109.5 26.5 -3.65445e-06
110 26.5 0.000100225
110.5 26.5 7.76697e-05
111 26.5 0.000152785
111.5 26.5 7.91195e-05
112 26.5 5.63599e-05
112.5 26.5 0.000324807
113 26.5 0.000255189
113.5 26.5 4.15083e-05
114 26.5 0.000150288
114.5 26.5 9.4831e-05
115 26.5 -2.4958e-05
115.5 26.5 0.000136842
116 26.5 0.000130613
116.5 26.5 0.000135381
117 26.5 6.39046e-05
117.5 26.5 0.000102758
118 26.5 2.86324e-05
118.5 26.5 9.55498e-05
119 26.5 7.02458e-05
119.5 26.5 0.000111067
120 26.5 0.000248512
120.5 26.5 0.000210776
121 26.5 0.000214918
121.5 26.5 0.000231345
122 26.5 0.000241412
122.5 26.5 0.000292434
123 26.5 0.000237919
123.5 26.5 0.000123114
124 26.5 6.2234e-05
124.5 26.5 -0.000222294
125 26.5 0.000200389
125.5 26.5 0.00016917
126 26.5 0.0125623
126.5 26.5 0.0164934
127 26.5 -0.0576077
127.5 26.5 0.0320335
128 26.5 -0.05676
128.5 26.5 0.0212874
129 26.5 0.0069196
87 27 -0.0553229
87.5 27 0.0283058
88 27 -0.00204994
88.5 27 -0.000673125
89 27 0.000211227
89.5 27 0.000723027
90 27 0.000589778
90.5 27 0.000373865
91 27 0.000296405
91.5 27 0.00022518
92 27 9.0618e-05
92.5 27 0.000268779
93 27 0.000293826
93.5 27 0.000208229
94 27 0.000154233
94.5 27 0.000123588
95 27 0.000223612
95.5 27 0.000284574
96 27 0.000205126
96.5 27 9.77293e-05
97 27 -3.3972e-05
97.5 27 0.000124542
98 27 0.000128747
98.5 27 1.87319e-05
99 27 -0.000124521
99.5 27 0.000119712
100 27 0.000301898
100.5 27 0.000304158
101 27 0.000247368
101.5 27 0.000289038
102 27 0.000257255
102.5 27 0.000119061
103 27 1.89664e-05
103.5 27 0.000158996
104 27 0.000103603
104.5 27 6.54583e-05
105 27 8.30269e-05
105.5 27 0.000162185
106 27 3.12698e-05
106.5 27 8.2681e-05
107 27 0.000125937
107.5 27 2.65939e-05
108 27 0.000112936
108.5 27 0.000121552
109 27 -4.22158e-05
109.5 27 7.7561e-05
110 27 1.58938e-05
110.5 27 6.41034e-07
111 27 0.000101491
111.5 27 6.54944e-05
112 27 2.01829e-05
112.5 27 8.97794e-05
113 27 0.000177818
113.5 27 0.000161501
114 27 2.63129e-05
114.5 27 5.10337e-05
115 27 0.00013557
115.5 27 6.98873e-05
116 27 0.000211309
116.5 27 -4.18151e-05
117 27 0.000148831
117.5 27 2.79286e-05
118 27 7.83676e-05
118.5 27 7.24248e-05
119 27 1.69564e-05
119.5 27 0.000103183
120 27 0.000179754
120.5 27 0.000237189
121 27 0.000201191
121.5 27 0.000206194
122 27 0.000259868
122.5 27 0.000225868
123 27 0.000277895
123.5 27 0.00027011
124 27 -3.39546e-05
124.5 27 7.3749e-05
125 27 -0.000241249
125.5 27 0.00035935
126 27 -0.000413235
126.5 27 0.000593065
127 27 0.0131084
127.5 27 -0.000409191
128 27 0.0255604
128.5 27 0.00442704
129 27 0.0126107
129.5 27 -0.0697949
87 27.5 0.0293432
87.5 27.5 -0.0553033
88 27.5 0.0159427
88.5 27.5 -0.00157761
89 27.5 -0.000717122
89.5 27.5 -0.000217167
90 27.5 0.000523068
90.5 27.5 0.000446867
91 27.5 0.00034945
91.5 27.5 0.00015396
92 27.5 2.00135e-05
92.5 27.5 3.86048e-05
93 27.5 0.000166644
93.5 27.5 0.000221503
94 27.5 0.000126549
94.5 27.5 7.73316e-05
95 27.5 7.49833e-05
95.5 27.5 0.000192068
96 27.5 0.000216813
96.5 27.5 0.000218197
97 27.5 6.67923e-05
97.5 27.5 3.06278e-05
98 27.5 4.60835e-05
98.5 27.5 4.46392e-05
99 27.5 -7.39523e-05
99.5 27.5 -9.92692e-05
100 27.5 9.36071e-05
100.5 27.5 0.000374644
101 27.5 0.000407553
101.5 27.5 0.000190249
102 27.5 0.000222549
102.5 27.5 0.000171551
103 27.5 0.000300205
103.5 27.5 0.000388866
104 27.5 8.71739e-05
104.5 27.5 0.000292862
105 27.5 0.000179973
105.5 27.5 0.000186736
106 27.5 0.000155867
106.5 27.5 0.00016669
107 27.5 0.000246482
107.5 27.5 0.000197162
108 27.5 6.66473e-05
108.5 27.5 9.8299e-05
109 27.5 0.000117683
109.5 27.5 3.44993e-05
110 27.5 7.99014e-05
110.5 27.5 1.401e-05
111 27.5 0.000105345
111.5 27.5 4.24584e-05
112 27.5 0.000104222
112.5 27.5 8.00292e-05
113 27.5 0.000151403
113.5 27.5 0.000173292
114 27.5 0.000103501
114.5 27.5 0.000128314
115 27.5 3.14515e-05
115.5 27.5 0.000166299
116 27.5 0.000136993
116.5 27.5 0.00027096
117 27.5 0.000133179
117.5 27.5 -1.2079e-05
118 27.5 0.00011833
118.5 27.5 0.000120647
119 27.5 1.66243e-05
119.5 27.5 2.66061e-05
120 27.5 0.000237713
120.5 27.5 0.000140129
121 27.5 0.000131882
121.5 27.5 0.000208609
122 27.5 0.000172657
122.5 27.5 0.000262596
123 27.5 0.000270974
123.5 27.5 0.000239798
124 27.5 9.90291e-05
124.5 27.5 8.81599e-05
125 27.5 -0.000130195
125.5 27.5 4.61952e-05
126 27.5 0.000396059
126.5 27.5 0.00053369
127 27.5 -0.00160762
127.5 27.5 0.0160105
128 27.5 -0.0562092
128.5 27.5 0.0268469
129 27.5 0.0319069
129.5 27.5 -0.00351163
130 27.5 -0.0299613
130.5 27.5 -0.00252012
131 27.5 -0.0221429
87 28 -0.000880625
87.5 28 0.0130403
88 28 1.4502e-05
88.5 28 -0.000186983
89 28 -0.0003942
89.5 28 -0.000641196
90 28 -0.00052313
90.5 28 -5.17019e-05
91 28 0.000172705
91.5 28 0.000190414
92 28 0.000233563
92.5 28 0.000224896
93 28 0.000163761
93.5 28 0.000159704
94 28 0.000170607
94.5 28 7.66634e-05
95 28 6.03457e-05
95.5 28 8.0741e-05
96 28 0.000178265
96.5 28 0.000286379
97 28 0.0001982
97.5 28 4.54863e-05
98 28 -3.41336e-05
98.5 28 5.54728e-05
99 28 -2.18105e-05
99.5 28 -0.000168084
100 28 -6.20616e-05
100.5 28 2.92745e-05
101 28 0.000402787
101.5 28 0.000232827
102 28 0.000444055
102.5 28 -1.05785e-05
103 28 9.99666e-05
103.5 28 0.000310438
104 28 0.000223257
104.5 28 0.000114392
105 28 7.38337e-05
105.5 28 -6.98327e-05
106 28 0.000392165
106.5 28 0.000141642
107 28 0.000256866
107.5 28 0.000220769
108 28 0.000155995
108.5 28 0.000212772
109 28 0.000162282
109.5 28 0.000239142
110 28 5.14598e-05
110.5 28 7.30407e-05
111 28 4.70493e-05
111.5 28 8.30002e-05
112 28 2.31286e-05
112.5 28 0.00011276
113 28 7.56316e-05
113.5 28 5.1469e-05
114 28 0.00021212
114.5 28 5.39045e-05
115 28 0.000341849
115.5 28 7.23439e-05
116 28 -2.22459e-05
116.5 28 5.86436e-05
117 28 0.000169559
117.5 28 0.000130125
118 28 0.000101507
118.5 28 0.000134393
119 28 6.15567e-05
119.5 28 5.37294e-05
120 28 8.18133e-05
120.5 28 0.000188253
121 28 4.84489e-05
121.5 28 0.000174378
122 28 0.000191946
122.5 28 0.00024474
123 28 0.000353344
123.5 28 0.000189313
124 28 0.000172969
124.5 28 7.91278e-05
125 28 -5.80506e-05
125.5 28 9.47168e-06
126 28 0.000149184
126.5 28 0.000583043
127 28 0.000509464
127.5 28 -0.00128735
128 28 0.0289461
128.5 28 -0.0443669
129 28 0.0592196
129.5 28 -0.0641697
130 28 0.0308022
130.5 28 -0.0249785
131 28 0.0098183
87 28.5 -0.000750331
87.5 28.5 -0.00143951
88 28.5 -0.000424707
88.5 28.5 -0.000463088
89 28.5 -8.38941e-05
89.5 28.5 -0.000140485
90 28.5 -0.000525588
90.5 28.5 -0.000633661
91 28.5 -0.000565799
91.5 28.5 -0.000110002
92 28.5 -0.00010975
92.5 28.5 0.000270706
93 28.5 9.00036e-05
93.5 28.5 -9.15875e-07
94 28.5 8.29001e-05
94.5 28.5 0.000161829
95 28.5 2.25595e-05
95.5 28.5 1.27801e-06
96 28.5 -4.00544e-07
96.5 28.5 2.1655e-05
97 28.5 -5.25941e-06
97.5 28.5 2.21562e-05
98 28.5 -5.05415e-05
98.5 28.5 -0.000148678
99 28.5 2.25625e-05
99.5 28.5 -2.55564e-05
100 28.5 -6.17486e-05
100.5 28.5 0.000144065
101 28.5 0.000162813
101.5 28.5 0.000477825
102 28.5 0.000336958
102.5 28.5 0.000394223
103 28.5 0.00024739
103.5 28.5 4.94383e-05
104 28.5 0.000163769
104.5 28.5 0.000283767
105 28.5 7.61207e-05
105.5 28.5 0.000305004
106 28.5 -1.00615e-05
106.5 28.5 0.000271559
107 28.5 0.000125742
107.5 28.5 0.000179995
108 28.5 0.000154962
108.5 28.5 0.000119234
109 28.5 0.000112624
109.5 28.5 0.000220964
110 28.5 0.000166011
110.5 28.5 0.000209515
111 28.5 0.000187981
111.5 28.5 -2.75982e-06
112 28.5 0.000150183
112.5 28.5 9.71109e-05
113 28.5 3.76589e-05
113.5 28.5 4.20955e-05
114 28.5 9.86667e-05
114.5 28.5 0.0001286
115 28.5 0.000145814
115.5 28.5 -0.000105546
116 28.5 0.000248822
116.5 28.5 -5.93102e-05
117 28.5 0.00015407
117.5 28.5 0.000128047
118 28.5 0.000118267
118.5 28.5 0.000226567
119 28.5 0.000132884
119.5 28.5 0.000153608
120 28.5 7.04742e-05
120.5 28.5 8.65439e-05
121 28.5 0.000257644
121.5 28.5 0.000143842
122 28.5 0.00020345
122.5 28.5 8.79884e-05
123 28.5 0.000467115
123.5 28.5 0.000322796
124 28.5 0.000273819
124.5 28.5 1.21957e-05
125 28.5 0.000143619
125.5 28.5 -3.22886e-05
126 28.5 0.000190785
126.5 28.5 0.000329517
127 28.5 0.000719687
127.5 28.5 -0.00107737
128 28.5 0.0145767
128.5 28.5 -0.0265089
129 28.5 -0.0277497
129.5 28.5 0.0809365
130 28.5 -0.04512
130.5 28.5 -0.0522051
87 29 -0.00205075
87.5 29 -0.00118431
88 29 -0.00179293
88.5 29 -0.00114747
89 29 -0.00086714
89.5 29 -0.000716457
90 29 -0.000409234
90.5 29 -0.000447231
91 29 -0.000408335
91.5 29 -0.000614489
92 29 -0.000177719
92.5 29 -0.000115939
93 29 0.00014889
93.5 29 2.34368e-05
94 29 1.22142e-06
94.5 29 3.70061e-05
95 29 0.000175143
95.5 29 0.000101279
96 29 7.92424e-05
96.5 29 -0.000107862
97 29 -0.000155637
97.5 29 5.42662e-05
98 29 -4.61405e-05
98.5 29 -2.56648e-05
99 29 -0.000211268
99.5 29 -1.7089e-05
100 29 -7.49489e-05
100.5 29 -1.93704e-05
101 29 0.000138054
101.5 29 0.000225929
102 29 0.000540958
102.5 29 0.000210358
103 29 0.000138166
103.5 29 0.000116059
104 29 0.000385491
104.5 29 0.000110417
105 29 0.000193955
105.5 29 0.000180064
106 29 0.000251522
106.5 29 -4.95762e-05
107 29 0.000192378
107.5 29 6.24749e-05
108 29 6.46482e-05
108.5 29 0.000132096
109 29 0.000175086
109.5 29 0.000194607
110 29 0.000198659
110.5 29 0.000171017
111 29 0.000207485
111.5 29 0.000215304
112 29 0.00010836
112.5 29 0.000211404
113 29 0.000173773
113.5 29 -4.40207e-05
114 29 7.43763e-05
114.5 29 0.00012541
115 29 9.35378e-05
115.5 29 0.000128595
116 29 -2.10197e-05
116.5 29 0.000216587
117 29 0.000113296
117.5 29 8.70738e-05
118 29 0.000205888
118.5 29 -1.42646e-05
119 29 9.65947e-05
119.5 29 9.29873e-05
120 29 0.000333572
120.5 29 -4.1382e-05
121 29 0.000100965
121.5 29 0.000158213
122 29 0.000154308
122.5 29 0.000219
123 29 0.000247787
123.5 29 0.000385756
124 29 0.000326731
124.5 29 0.000175129
125 29 4.93432e-05
125.5 29 7.39966e-05
126 29 1.52023e-05
126.5 29 0.000164307
127 29 0.000629976
127.5 29 0.000317641
128 29 -0.00120935
128.5 29 0.0272933
129 29 -0.0257108
129.5 29 -0.0412138
130 29 0.0495716
87 29.5 0.00112407
87.5 29.5 0.00110322
88 29.5 0.000283301
88.5 29.5 -0.000137554
89 29.5 -0.000788775
89.5 29.5 -0.00077942
90 29.5 -0.000897245
90.5 29.5 -0.000848562
91 29.5 -0.000576914
91.5 29.5 -0.000666679
92 29.5 -0.000547511
92.5 29.5 -0.000313459
93 29.5 -0.000209918
93.5 29.5 -0.00012704
94 29.5 -8.93537e-06
94.5 29.5 -0.000107907
95 29.5 -6.02942e-05
95.5 29.5 0.00016464
96 29.5 9.51702e-05
96.5 29.5 0.00014245
97 29.5 7.56205e-05
97.5 29.5 -2.04107e-05
98 29.5 0.000292614
98.5 29.5 0.000253838
99 29.5 0.000239502
99.5 29.5 -9.72801e-06
100 29.5 8.03001e-05
100.5 29.5 -4.7634e-05
101 29.5 0.000140695
101.5 29.5 5.6137e-05
102 29.5 0.000299868
102.5 29.5 0.000239197
103 29.5 0.000356315
103.5 29.5 -2.50285e-05
104 29.5 8.25298e-05
104.5 29.5 0.000134994
105 29.5 0.000127081
105.5 29.5 0.000131619
106 29.5 0.000131018
106.5 29.5 5.82315e-05
107 29.5 2.9033e-05
107.5 29.5 0.000133657
108 29.5 0.000106342
108.5 29.5 0.000199542
109 29.5 0.000124636
109.5 29.5 0.000173304
110 29.5 0.000182499
110.5 29.5 0.000113288
111 29.5 7.24878e-05
111.5 29.5 2.40259e-05
112 29.5 0.000157192
112.5 29.5 0.00021922
113 29.5 8.24032e-05
113.5 29.5 0.000119662
114 29.5 7.6943e-05
114.5 29.5 9.19895e-05
115 29.5 2.86511e-05
115.5 29.5 9.94117e-05
116 29.5 8.86635e-05
116.5 29.5 5.58734e-05
117 29.5 0.000155104
117.5 29.5 0.000137609
118 29.5 0.000100245
118.5 29.5 9.03325e-05
119 29.5 2.28007e-05
119.5 29.5 0.000146436
120 29.5 1.28343e-05
120.5 29.5 0.000301584
121 29.5 0.0001414
121.5 29.5 0.000133194
122 29.5 0.000162033
122.5 29.5 0.000206444
123 29.5 0.000280841
123.5 29.5 0.000333296
124 29.5 0.000323628
124.5 29.5 0.000245289
125 29.5 0.00020213
125.5 29.5 -0.000205861
126 29.5 0.000402288
126.5 29.5 0.000238569
127 29.5 0.0003746
127.5 29.5 0.000566172
128 29.5 -0.000215187
128.5 29.5 -0.00103157
129 29.5 0.0109553
129.5 29.5 0.0131791
130 29.5 0.00417839
130.5 29.5 0.011968
87 30 -0.000781025
87.5 30 0.000323226
88 30 0.000922285
88.5 30 0.00126634
89 30 0.00133847
89.5 30 0.000598343
90 30 0.000252204
90.5 30 -7.52e-05
91 30 -0.000453812
91.5 30 -0.000678993
92 30 -0.000814077
92.5 30 -0.000764936
93 30 -0.000685439
93.5 30 -0.000492694
94 30 -0.000736488
94.5 30 -0.000275026
95 30 -0.000168846
95.5 30 -0.00025319
96 30 -6.53532e-05
96.5 30 -2.66617e-05
97 30 -8.21279e-05
97.5 30 -0.000183889
98 30 -7.37896e-05
98.5 30 0.000262843
99 30 0.000261044
99.5 30 0.000334147
100 30 0.000138802
100.5 30 0.000206104
101 30 0.000229279
101.5 30 0.000259706
102 30 0.000196252
102.5 30 0.000303992
103 30 0.000271491
103.5 30 0.000260415
104 30 0.000242003
104.5 30 -0.000103357
105 30 0.000194183
105.5 30 8.06805e-05
106 30 4.21915e-05
106.5 30 5.01933e-05
107 30 -6.69487e-05
107.5 30 -1.16039e-05
108 30 9.71278e-05
108.5 30 0.000145649
109 30 0.00014148
109.5 30 5.38204e-05
110 30 0.000107196
110.5 30 0.000143993
111 30 0.000186864
111.5 30 -3.03114e-06
112 30 0.000215075
112.5 30 0.000150296
113 30 0.000248424
113.5 30 2.01116e-05
114 30 0.000212668
114.5 30 0.000101882
115 30 7.36172e-05
115.5 30 5.34815e-06
116 30 0.000120206
116.5 30 7.17634e-05
117 30 9.05009e-05
117.5 30 -0.000111222
118 30 0.000430111
118.5 30 2.34109e-05
119 30 4.69656e-05
119.5 30 0.000121556
120 30 0.000155633
120.5 30 0.00030847
121 30 -2.62046e-05
121.5 30 0.000252671
122 30 4.87652e-05
122.5 30 0.00011192
123 30 0.000305665
123.5 30 0.000245891
124 30 0.000273199
124.5 30 0.000108122
125 30 0.000161525
125.5 30 -0.000202666
126 30 0.000140097
126.5 30 0.000235937
127 30 0.000575832
127.5 30 0.000515657
128 30 0.000140962
128.5 30 -0.000291305
129 30 0.0111905
129.5 30 0.0126602
130 30 0.00321192
130.5 30 0.00828777
87 30.5 -0.000485503
87.5 30.5 -0.000129289
88 30.5 -0.000361339
88.5 30.5 -0.000177403
89 30.5 -2.03511e-05
89.5 30.5 0.000292314
90 30.5 0.000572071
90.5 30.5 0.000553618
91 30.5 0.000503528
91.5 30.5 0.000701469
92 30.5 0.000216251
92.5 30.5 0.000138492
93 30.5 -0.000374823
93.5 30.5 -0.000101532
94 30.5 -0.000243009
94.5 30.5 -4.48886e-05
95 30.5 -0.000436814
95.5 30.5 -7.55446e-05
96 30.5 -0.000534826
96.5 30.5 -0.000235091
97 30.5 -0.000263649
97.5 30.5 -0.000178376
98 30.5 -0.000297678
98.5 30.5 -0.000166974
99 30.5 -2.67073e-06
99.5 30.5 0.000142732
100 30.5 0.0001338
100.5 30.5 8.03462e-05
101 30.5 0.000188309
101.5 30.5 0.000225424
102 30.5 0.000234323
102.5 30.5 0.000244117
103 30.5 0.000334068
103.5 30.5 0.000338777
104 30.5 0.0001613
104.5 30.5 0.000202455
105 30.5 6.2158e-05
105.5 30.5 -0.000332975
106 30.5 0.000491434
106.5 30.5 -0.000153754
107 30.5 6.19913e-05
107.5 30.5 -4.5307e-05
108 30.5 3.76371e-05
108.5 30.5 0.000172901
109 30.5 0.000189669
109.5 30.5 0.000197573
110 30.5 0.000209124
110.5 30.5 0.000178179
111 30.5 4.15787e-05
111.5 30.5 8.4839e-05
112 30.5 4.89156e-05
112.5 30.5 0.000279453
113 30.5 0.00022756
113.5 30.5 0.000217723
114 30.5 0.000266956
114.5 30.5 0.000193181
115 30.5 0.000196785
115.5 30.5 7.53171e-05
116 30.5 7.83403e-05
116.5 30.5 0.000119811
117 30.5 5.35281e-05
117.5 30.5 0.000126144
118 30.5 -8.59858e-05
118.5 30.5 0.000366267
119 30.5 0.000103005
119.5 30.5 6.15438e-05
120 30.5 0.000254341
120.5 30.5 -4.35835e-06
121 30.5 0.000477692
121.5 30.5 -3.40765e-05
122 30.5 0.000125623
122.5 30.5 0.000310418
123 30.5 0.000159455
123.5 30.5 0.000118348
124 30.5 0.000333152
124.5 30.5 0.000431277
125 30.5 0.000315909
125.5 30.5 0.00010187
126 30.5 -0.000290788
126.5 30.5 0.00038227
127 30.5 0.000426116
127.5 30.5 0.000712295
128 30.5 -0.00108488
128.5 30.5 0.0159531
129 30.5 -0.0392081
129.5 30.5 -0.028777
130 30.5 0.0180525
130.5 30.5 0.0135482
87 31 -5.39073e-05
87.5 31 -0.00034677
88 31 2.76239e-05
88.5 31 -3.46975e-05
89 31 5.74324e-05
89.5 31 0.000157099
90 31 -0.000103503
90.5 31 -0.000154159
91 31 5.38619e-05
91.5 31 -0.000197573
92 31 4.83774e-05
92.5 31 -0.000104848
93 31 1.49917e-05
93.5 31 0.000263459
94 31 -0.000190263
94.5 31 -1.57896e-05
95 31 0.000152516
95.5 31 4.69312e-05
96 31 8.81046e-05
96.5 31 -0.000275434
97 31 0.000166791
97.5 31 -5.70261e-05
98 31 0.000250149
98.5 31 -0.000101808
99 31 -8.0322e-05
99.5 31 -6.8105e-05
100 31 0.000149365
100.5 31 8.14926e-05
101 31 9.87997e-05
101.5 31 8.33609e-05
102 31 0.000227897
102.5 31 0.000211839
103 31 0.000319729
103.5 31 0.00024828
104 31 0.000287225
104.5 31 5.68987e-05
105 31 0.00013594
105.5 31 0.000182968
106 31 -0.000386941
106.5 31 0.000215709
107 31 -6.79859e-05
107.5 31 2.70668e-05
108 31 -3.98454e-06
108.5 31 7.89948e-05
109 31 0.000158299
109.5 31 0.000223599
110 31 0.000184784
110.5 31 0.000196167
111 31 0.000263007
111.5 31 0.000130762
112 31 8.34521e-05
112.5 31 0.000104079
113 31 0.000221319
113.5 31 0.000280631
114 31 0.000195274
114.5 31 0.000211094
115 31 0.000251661
115.5 31 0.0001068
116 31 0.00012463
116.5 31 2.51353e-05
117 31 0.000118104
117.5 31 5.66221e-06
118 31 0.00020229
118.5 31 -8.88011e-05
119 31 0.00020627
119.5 31 0.00011553
120 31 8.51805e-05
120.5 31 0.000222168
121 31 6.65119e-05
121.5 31 5.84388e-05
122 31 0.000200093
122.5 31 2.4436e-05
123 31 0.000298696
123.5 31 0.000247319
124 31 0.00022792
124.5 31 0.000224466
125 31 0.000651384
125.5 31 0.000210361
126 31 -1.65574e-05
126.5 31 -0.000289422
127 31 0.00042734
127.5 31 0.000653739
128 31 0.000437392
128.5 31 -0.00116642
129 31 0.0304434
129.5 31 -0.0318277
130 31 0.0194785
130.5 31 0.000690474
87 31.5 -0.000415553
87.5 31.5 -0.000198
88 31.5 -2.08665e-05
88.5 31.5 0.000114711
89 31.5 0.000173859
89.5 31.5 6.36442e-05
90 31.5 0.000231939
90.5 31.5 0.000543244
91 31.5 0.000169086
91.5 31.5 7.10636e-05
92 31.5 0.000219521
92.5 31.5 5.95428e-05
93 31.5 9.9675e-05
93.5 31.5 -0.000708009
94 31.5 -5.17945e-05
94.5 31.5 -0.000337216
95 31.5 -0.000182803
95.5 31.5 -0.000193294
96 31.5 5.02512e-06
96.5 31.5 -1.71818e-05
97 31.5 -0.000406081
97.5 31.5 0.00036097
98 31.5 -0.000313256
98.5 31.5 0.000289673
99 31.5 -7.81458e-06
99.5 31.5 -9.25396e-05
100 31.5 -5.23463e-05
100.5 31.5 9.4478e-05
101 31.5 0.000168428
101.5 31.5 0.000172868
102 31.5 0.000154615
102.5 31.5 0.00027416
103 31.5 0.000288541
103.5 31.5 0.000367875
104 31.5 0.000290668
104.5 31.5 0.000207319
105 31.5 4.46451e-05
105.5 31.5 4.03437e-05
106 31.5 0.000203042
106.5 31.5 -0.000155156
107 31.5 9.09421e-05
107.5 31.5 -1.33658e-05
108 31.5 1.42863e-05
108.5 31.5 2.17359e-05
109 31.5 9.29716e-05
109.5 31.5 9.66774e-05
110 31.5 0.00011581
110.5 31.5 0.000138406
111 31.5 3.55632e-05
111.5 31.5 0.000234058
112 31.5 0.000201574
112.5 31.5 6.31608e-05
113 31.5 7.04078e-05
113.5 31.5 0.000192445
114 31.5 0.00033944
114.5 31.5 0.000103768
115 31.5 0.000195572
115.5 31.5 0.000166435
116 31.5 0.000160472
116.5 31.5 9.82733e-05
117 31.5 3.84684e-05
117.5 31.5 0.00013746
118 31.5 0.000125858
118.5 31.5 0.000483567
119 31.5 -0.00013927
119.5 31.5 0.000273064
120 31.5 6.8471e-05
120.5 31.5 3.3881e-05
121 31.5 6.42085e-05
121.5 31.5 0.00030688
122 31.5 9.5681e-05
122.5 31.5 0.000287681
123 31.5 0.000119849
123.5 31.5 0.000171346
124 31.5 0.000228576
124.5 31.5 0.000329196
125 31.5 0.000134865
125.5 31.5 0.000601088
126 31.5 0.000201096
126.5 31.5 -0.000279272
127 31.5 9.34508e-05
127.5 31.5 0.000595247
128 31.5 0.000922874
128.5 31.5 -0.00165519
129 31.5 0.0166407
129.5 31.5 -0.0448879
130 31.5 0.0206619
130.5 31.5 0.00129923
87 32 -0.0011287
87.5 32 -0.000618188
88 32 -0.000246635
88.5 32 -0.000730302
89 32 -0.000171279
89.5 32 -0.000142392
90 32 0.000201417
90.5 32 0.000208419
91 32 0.000554382
91.5 32 0.000649023
92 32 0.000391594
92.5 32 0.000217593
93 32 0.000349038
93.5 32 0.000491876
94 32 0.000100948
94.5 32 2.53669e-05
95 32 -0.00010973
95.5 32 -0.0001995
96 32 -0.000141768
96.5 32 1.63248e-05
97 32 -0.000192433
97.5 32 -8.71235e-05
98 32 -6.0612e-05
98.5 32 -9.54663e-05
99 32 -0.000301693
99.5 32 -1.00869e-05
100 32 -0.000137685
100.5 32 -0.000152525
101 32 1.81607e-05
101.5 32 8.26479e-05
102 32 0.000167057
102.5 32 0.000113496
103 32 0.000199447
103.5 32 0.000216799
104 32 0.000278561
104.5 32 0.000344183
105 32 0.000207916
105.5 32 0.000131786
106 32 0.000194971
106.5 32 0.000296306
107 32 -0.000188638
107.5 32 0.000178014
108 32 0.000614414
108.5 32 -0.00022974
109 32 -1.47989e-05
109.5 32 6.67786e-05
110 32 9.2207e-05
110.5 32 0.000217014
111 32 0.000195722
111.5 32 0.000136027
112 32 0.000291434
112.5 32 0.000178746
113 32 0.000137393
113.5 32 0.000108817
114 32 0.000140106
114.5 32 0.000215339
115 32 0.000171464
115.5 32 0.000237296
116 32 0.000256923
116.5 32 0.000276993
117 32 0.000128335
117.5 32 0.000202163
118 32 -5.60218e-07
118.5 32 4.32803e-05
119 32 0.000105255
119.5 32 -0.000113815
120 32 0.000303021
120.5 32 0.000144106
121 32 0.000141093
121.5 32 4.43483e-05
122 32 0.000296314
122.5 32 0.000175792
123 32 0.000277562
123.5 32 0.000337624
124 32 0.000195094
124.5 32 0.000227931
125 32 0.000359949
125.5 32 0.000260527
126 32 0.000569264
126.5 32 0.000138126
127 32 -0.000412167
127.5 32 0.000229284
128 32 0.000765396
128.5 32 0.000483343
129 32 -0.00100057
129.5 32 0.0113945
130 32 0.0120701
130.5 32 -0.0328509
87 32.5 -0.000410294
87.5 32.5 -0.000113643
88 32.5 -0.000219471
88.5 32.5 -0.000139947
89 32.5 -0.00041063
89.5 32.5 -0.000292121
90 32.5 -0.00076368
90.5 32.5 -0.000269991
91 32.5 -0.000180683
91.5 32.5 -7.56589e-05
92 32.5 -2.12327e-05
92.5 32.5 1.33764e-05
93 32.5 0.000139318
93.5 32.5 0.000132469
94 32.5 0.000208589
94.5 32.5 7.225e-05
95 32.5 5.89913e-05
95.5 32.5 -2.86179e-05
96 32.5 -4.88248e-05
96.5 32.5 1.78639e-05
97 32.5 0.00024948
97.5 32.5 -3.81307e-05
98 32.5 -4.77239e-05
98.5 32.5 -0.000163919
99 32.5 -0.000124295
99.5 32.5 -0.000335673
100 32.5 -0.000611167
100.5 32.5 -0.000165595
101 32.5 -0.00014069
101.5 32.5 -0.000169275
102 32.5 -0.000106784
102.5 32.5 1.15229e-05
103 32.5 -8.52242e-05
103.5 32.5 0.000159232
104 32.5 0.000100518
104.5 32.5 0.00013007
105 32.5 0.000261317
105.5 32.5 0.000103445
106 32.5 0.000200584
106.5 32.5 6.11198e-05
107 32.5 0.000146717
107.5 32.5 0.000125438
108 32.5 -0.000257749
108.5 32.5 9.19122e-05
109 32.5 8.38597e-05
109.5 32.5 3.03833e-05
110 32.5 0.000252011
110.5 32.5 -2.99064e-05
111 32.5 0.000261185
111.5 32.5 0.000228822
112 32.5 0.000350614
112.5 32.5 0.000175228
113 32.5 6.8696e-05
113.5 32.5 0.000165306
114 32.5 -3.35092e-05
114.5 32.5 0.000134957
115 32.5 7.09867e-05
115.5 32.5 0.000239438
116 32.5 0.000222632
116.5 32.5 0.000274101
117 32.5 0.000313518
117.5 32.5 0.000253257
118 32.5 0.000189329
118.5 32.5 8.44939e-05
119 32.5 -6.9177e-05
119.5 32.5 0.000342023
120 32.5 -3.5524e-05
120.5 32.5 0.000308646
121 32.5 0.000204746
121.5 32.5 0.000317332
122 32.5 0.000142831
122.5 32.5 0.000203432
123 32.5 0.000204131
123.5 32.5 0.000500739
124 32.5 0.00032179
124.5 32.5 0.00019195
125 32.5 -3.69742e-05
125.5 32.5 0.000247524
126 32.5 0.000405185
126.5 32.5 0.000413543
127 32.5 -0.000113787
127.5 32.5 -0.000435569
128 32.5 0.000865371
128.5 32.5 0.00171516
129 32.5 -0.000514155
129.5 32.5 0.000430297
130 32.5 -2.96531e-05
130.5 32.5 0.00984696
87 33 -0.000206338
87.5 33 2.78061e-05
88 33 0.000140288
88.5 33 -0.000193674
89 33 -8.96296e-05
89.5 33 -0.000169142
90 33 -2.08094e-05
90.5 33 -0.000203055
91 33 -0.000260706
91.5 33 -0.000268293
92 33 -0.000153954
92.5 33 -0.000205257
93 33 -0.000278926
93.5 33 0.000261143
94 33 -0.00025686
94.5 33 3.5454e-05
95 33 -9.07335e-05
95.5 33 -4.72807e-05
96 33 0.000265338
96.5 33 6.68441e-06
97 33 -9.50242e-05
97.5 33 0.000511175
98 33 4.69532e-05
98.5 33 3.84922e-05
99 33 -9.6708e-05
99.5 33 0.000153553
100 33 0.000106594
100.5 33 0.000120698
101 33 -0.000503374
101.5 33 -0.000203908
102 33 0.000110191
102.5 33 -0.000437578
103 33 0.000131374
103.5 33 4.87762e-05
104 33 0.000227678
104.5 33 0.000311765
105 33 0.000279031
105.5 33 9.68029e-05
106 33 0.000184193
106.5 33 -6.70734e-06
107 33 0.000170624
107.5 33 8.22102e-05
108 33 -1.24455e-05
108.5 33 3.08885e-07
109 33 0.000246331
109.5 33 -1.77858e-05
110 33 0.000156691
110.5 33 4.49703e-05
111 33 8.74395e-05
111.5 33 0.000222351
112 33 0.000188319
112.5 33 0.000275872
113 33 0.000159837
113.5 33 4.79459e-05
114 33 0.000140705
114.5 33 4.34749e-05
115 33 0.000158274
115.5 33 0.000249235
116 33 0.000314795
116.5 33 0.000216164
117 33 0.000373479
117.5 33 0.000337126
118 33 0.000167529
118.5 33 0.000243698
119 33 0.000171074
119.5 33 3.63805e-05
120 33 0.000238017
120.5 33 0.000112661
121 33 -4.32315e-06
121.5 33 0.000226669
122 33 0.000368754
122.5 33 -5.74297e-05
123 33 0.000258053
123.5 33 -3.56993e-05
124 33 0.000316072
124.5 33 0.000379029
125 33 0.000309337
125.5 33 0.000131484
126 33 0.000340558
126.5 33 0.0002466
127 33 0.000609309
127.5 33 4.04932e-05
128 33 -2.79997e-05
128.5 33 0.000867926
129 33 0.00111866
129.5 33 -0.00284556
130 33 0.00137275
130.5 33 0.0105143
87 33.5 -0.000704517
87.5 33.5 -0.00037096
88 33.5 -0.000569964
88.5 33.5 3.15554e-05
89 33.5 -0.000383256
89.5 33.5 -0.000270932
90 33.5 -0.000167404
90.5 33.5 -1.59592e-05
91 33.5 6.00465e-05
91.5 33.5 -0.000130948
92 33.5 -5.95202e-05
92.5 33.5 5.41403e-05
93 33.5 7.86687e-05
93.5 33.5 9.7544e-05
94 33.5 7.06515e-05
94.5 33.5 -8.16821e-05
95 33.5 0.000189795
95.5 33.5 -8.24735e-05
96 33.5 -0.000138575
96.5 33.5 -0.000144385
97 33.5 -0.000309843
97.5 33.5 -0.000470967
98 33.5 0.000334781
98.5 33.5 -0.000459031
99 33.5 8.93303e-05
99.5 33.5 -0.000463688
100 33.5 0.000162293
100.5 33.5 6.21679e-05
101 33.5 0.000336214
101.5 33.5 -5.48489e-05
102 33.5 -0.00024222
102.5 33.5 -3.06428e-05
103 33.5 0.000151406
103.5 33.5 -1.06309e-05
104 33.5 0.000219719
104.5 33.5 0.000291773
105 33.5 0.000232535
105.5 33.5 0.000191135
106 33.5 0.000237617
106.5 33.5 0.000158068
107 33.5 7.87049e-05
107.5 33.5 7.98081e-05
108 33.5 0.000160223
108.5 33.5 0.00013052
109 33.5 -2.95451e-05
109.5 33.5 -4.82942e-06
110 33.5 -0.000251233
110.5 33.5 4.70358e-05
111 33.5 7.13419e-05
111.5 33.5 0.000342877
112 33.5 2.05431e-05
112.5 33.5 0.000132549
113 33.5 -0.000565552
113.5 33.5 0.000213296
114 33.5 8.5419e-05
114.5 33.5 7.72685e-05
115 33.5 9.91572e-05
115.5 33.5 0.000282096
116 33.5 9.90727e-05
116.5 33.5 0.000215591
117 33.5 0.000279329
117.5 33.5 0.000294225
118 33.5 0.000244188
118.5 33.5 0.000182321
119 33.5 0.000184526
119.5 33.5 0.000349802
120 33.5 8.61005e-05
120.5 33.5 0.000178819
121 33.5 0.000306086
121.5 33.5 4.09228e-05
122 33.5 -3.22981e-05
122.5 33.5 0.000233297
123 33.5 0.000288774
123.5 33.5 0.000363211
124 33.5 0.000242646
124.5 33.5 -0.00017049
125 33.5 0.000602222
125.5 33.5 0.000438444
126 33.5 0.000411272
126.5 33.5 0.000194098
127 33.5 0.000246317
127.5 33.5 0.000301261
128 33.5 0.000301713
128.5 33.5 0.000784726
129 33.5 -0.000657841
129.5 33.5 0.000921638
130 33.5 0.0137435
130.5 33.5 -0.027901
87 34 0.000206864
87.5 34 2.66573e-05
88 34 -0.000375233
88.5 34 -0.000163101
89 34 -0.000701248
89.5 34 -0.000201917
90 34 -0.000558769
90.5 34 -0.000402118
91 34 -0.000104096
91.5 34 -7.20154e-05
92 34 -0.000162405
92.5 34 -0.000168905
93 34 0.000157047
93.5 34 -0.000185156
94 34 0.000380304
94.5 34 0.000336407
95 34 0.000433214
95.5 34 0.000299111
96 34 0.00036553
96.5 34 -7.80369e-05
97 34 0.000278409
97.5 34 0.000156046
98 34 -0.000115875
98.5 34 7.77191e-05
99 34 -4.93772e-05
99.5 34 0.000308359
100 34 -6.91654e-05
100.5 34 1.8371e-05
101 34 7.92181e-05
101.5 34 -2.77009e-05
102 34 2.4841e-05
102.5 34 1.669e-05
103 34 6.46459e-05
103.5 34 0.000107018
104 34 -1.30976e-05
104.5 34 0.000339414
105 34 0.000280508
105.5 34 0.000223889
106 34 8.43163e-05
106.5 34 0.000217712
107 34 0.000167984
107.5 34 8.40577e-05
108 34 -6.55786e-05
108.5 34 6.51055e-05
109 34 0.000115285
109.5 34 -0.000222715
110 34 0.000813206
110.5 34 -5.13834e-05
111 34 0.000149204
111.5 34 -7.13752e-05
112 34 0.000131896
112.5 34 9.28924e-05
113 34 0.0132269
113.5 34 0.00023017
114 34 7.61156e-05
114.5 34 0.000214162
115 34 4.15567e-06
115.5 34 0.000244792
116 34 0.00011248
116.5 34 0.000127818
117 34 0.000154865
117.5 34 0.000309265
118 34 0.000269748
118.5 34 0.000195289
119 34 0.00031204
119.5 34 0.000371963
120 34 0.000343536
120.5 34 0.000192952
121 34 0.000109728
121.5 34 0.000262319
122 34 0.000120936
122.5 34 0.000117067
123 34 0.000315388
123.5 34 0.000460528
124 34 0.000470612
124.5 34 0.000432398
125 34 -0.000330853
125.5 34 0.000480382
126 34 0.00021775
126.5 34 0.0006404
127 34 0.000127213
127.5 34 0.000148322
128 34 0.000118642
128.5 34 0.000400527
129 34 0.0006663
129.5 34 -0.00133617
130 34 0.0198796
130.5 34 -0.0228379
131 34 -0.0194615
87 34.5 5.68025e-05
87.5 34.5 0.00022305
88 34.5 -0.000206405
88.5 34.5 -0.000136777
89 34.5 -9.43008e-06
89.5 34.5 -0.000173592
90 34.5 5.53663e-05
90.5 34.5 -0.000223974
91 34.5 -0.000344337
91.5 34.5 -0.000239596
92 34.5 -0.000182739
92.5 34.5 -0.000332006
93 34.5 -0.000351672
93.5 34.5 -7.574e-05
94 34.5 -4.06377e-05
94.5 34.5 -4.07655e-05
95 34.5 -6.36871e-06
95.5 34.5 0.000140441
96 34.5 0.000199909
96.5 34.5 0.000310164
97 34.5 0.000135379
97.5 34.5 0.000115359
98 34.5 -0.000206982
98.5 34.5 0.000125217
99 34.5 1.21595e-05
99.5 34.5 0.000179258
100 34.5 0.000204235
100.5 34.5 0.000240052
101 34.5 4.31257e-05
101.5 34.5 0.000176109
102 34.5 5.7891e-05
102.5 34.5 -8.35659e-05
103 34.5 0.000131604
103.5 34.5 0.000140532
104 34.5 0.000104175
104.5 34.5 -5.4566e-05
105 34.5 0.000238839
105.5 34.5 0.000289601
106 34.5 0.000179935
106.5 34.5 0.000214087
107 34.5 0.000131452
107.5 34.5 0.000135345
108 34.5 0.00017786
108.5 34.5 -6.24081e-05
109 34.5 -0.000118304
109.5 34.5 0.000306556
110 34.5 -4.3737e-05
110.5 34.5 -0.000199933
111 34.5 0.000308002
111.5 34.5 -0.000189959
112 34.5 -0.000972043
112.5 34.5 0.0189651
113 34.5 -0.059866
113.5 34.5 0.0192166
114 34.5 -0.00105344
114.5 34.5 0.000114011
115 34.5 0.000242378
115.5 34.5 9.73328e-05
116 34.5 0.000182293
116.5 34.5 0.000153691
117 34.5 0.000112452
117.5 34.5 0.000213515
118 34.5 0.000259153
118.5 34.5 0.000304529
119 34.5 0.000383727
119.5 34.5 0.000264859
120 34.5 0.000345432
120.5 34.5 0.000118859
121 34.5 0.000240605
121.5 34.5 0.000143793
122 34.5 0.000183724
122.5 34.5 0.000477453
123 34.5 0.000197593
123.5 34.5 9.19748e-05
124 34.5 0.000288408
124.5 34.5 0.000436729
125 34.5 0.000647966
125.5 34.5 -0.000137711
126 34.5 3.54184e-05
126.5 34.5 0.000148291
127 34.5 0.00071627
127.5 34.5 0.000395269
128 34.5 -0.000316995
128.5 34.5 -0.000822983
129 34.5 0.00545711
129.5 34.5 0.00387222
130 34.5 -0.000486752
130.5 34.5 0.0115329
131 34.5 0.0157774
87 35 -3.35305e-05
87.5 35 1.67284e-05
88 35 -3.58375e-05
88.5 35 -9.28375e-05
89 35 4.23871e-05
89.5 35 -9.54123e-06
90 35 -5.5266e-05
90.5 35 0.000266221
91 35 0.000155377
91.5 35 0.000236788
92 35 -0.000148539
92.5 35 9.68195e-05
93 35 7.06658e-05
93.5 35 -0.000108167
94 35 -0.000135335
94.5 35 1.62849e-06
95 35 -4.75874e-05
95.5 35 -6.82967e-05
96 35 6.32627e-05
96.5 35 0.000138837
97 35 0.000289526
97.5 35 0.000297029
98 35 0.000367072
98.5 35 0.00020816
99 35 0.000227876
99.5 35 0.000269079
100 35 0.000367357
100.5 35 0.000126281
101 35 0.000236726
101.5 35 -6.61019e-05
102 35 0.000159517
102.5 35 0.000126438
103 35 -4.4396e-05
103.5 35 0.000304956
104 35 6.85512e-05
104.5 35 6.73695e-05
105 35 0.000156948
105.5 35 1.90646e-05
106 35 0.000132804
106.5 35 -6.91218e-05
107 35 0.000277272
107.5 35 0.000278545
108 35 0.000268776
108.5 35 0.000187288
109 35 0.000190548
109.5 35 5.2644e-05
110 35 0.00010729
110.5 35 0.000139799
111 35 8.32996e-05
111.5 35 2.64022e-05
112 35 5.15699e-05
112.5 35 0.000214791
113 35 0.0130303
113.5 35 0.000221744
114 35 0.000186472
114.5 35 0.000116286
115 35 0.000223843
115.5 35 0.000174111
116 35 9.09665e-05
116.5 35 0.000268099
117 35 0.000171615
117.5 35 0.000210552
118 35 0.000205843
118.5 35 0.000306323
119 35 0.000259823
119.5 35 0.00027586
120 35 0.000276898
120.5 35 0.000303161
121 35 7.43358e-05
121.5 35 0.00029775
122 35 0.000394819
122.5 35 4.23158e-05
123 35 0.000290571
123.5 35 0.000201458
124 35 0.000255866
124.5 35 0.000147166
125 35 2.55027e-06
125.5 35 0.000835922
126 35 0.000474301
126.5 35 0.000212596
127 35 0.000174972
127.5 35 0.000220491
128 35 0.0010248
128.5 35 0.000692473
129 35 0.0114424
129.5 35 -0.0302544
130 35 0.0202122
130.5 35 -0.0123611
131 35 -0.005207
87 35.5 -1.52984e-05
87.5 35.5 7.6781e-05
88 35.5 -6.66484e-05
88.5 35.5 0.000185642
89 35.5 -0.000272665
89.5 35.5 3.54449e-05
90 35.5 -4.91645e-05
90.5 35.5 0.00015757
91 35.5 0.000242196
91.5 35.5 -1.60105e-05
92 35.5 0.00028742
92.5 35.5 0.000404506
93 35.5 9.48925e-05
93.5 35.5 0.00036572
94 35.5 -1.51478e-05
94.5 35.5 0.000127681
95 35.5 2.33634e-05
95.5 35.5 1.18794e-05
96 35.5 -0.000121995
96.5 35.5 0.000225316
97 35.5 0.000386343
97.5 35.5 0.000272167
98 35.5 0.00026119
98.5 35.5 0.000433943
99 35.5 0.000224675
99.5 35.5 0.00022407
100 35.5 0.000404994
100.5 35.5 0.000404278
101 35.5 -2.95004e-05
101.5 35.5 0.000450279
102 35.5 0.000159966
102.5 35.5 0.000265576
103 35.5 0.000270229
103.5 35.5 0.000109477
104 35.5 0.000154399
104.5 35.5 7.94574e-05
105 35.5 5.1571e-05
105.5 35.5 8.4035e-05
106 35.5 7.48292e-05
106.5 35.5 0.00039242
107 35.5 0.000179359
107.5 35.5 0.000129554
108 35.5 -2.24738e-05
108.5 35.5 0.000271252
109 35.5 0.000189014
109.5 35.5 0.000270648
110 35.5 0.000195142
110.5 35.5 3.12918e-05
111 35.5 0.000195566
111.5 35.5 0.000106768
112 35.5 0.000204768
112.5 35.5 7.99664e-05
113 35.5 -0.000458163
113.5 35.5 1.31502e-05
114 35.5 0.000361538
114.5 35.5 0.000323317
115 35.5 0.000204952
115.5 35.5 0.000228112
116 35.5 -0.000112486
116.5 35.5 0.000279417
117 35.5 0.000172203
117.5 35.5 4.88666e-05
118 35.5 0.000271098
118.5 35.5 6.93732e-05
119 35.5 0.000351456
119.5 35.5 0.000213114
120 35.5 0.000339974
120.5 35.5 0.000354965
121 35.5 0.000485832
121.5 35.5 0.000328329
122 35.5 0.000255632
122.5 35.5 0.000520783
123 35.5 0.00013506
123.5 35.5 6.3083e-05
124 35.5 0.000479697
124.5 35.5 0.000591428
125 35.5 0.000654749
125.5 35.5 0.000285449
126 35.5 0.000217656
126.5 35.5 0.00074825
127 35.5 0.000925718
127.5 35.5 0.000109276
128 35.5 -0.000132673
128.5 35.5 -0.0125447
129 35.5 0.016391
129.5 35.5 -0.00609784
130 35.5 0.00801097
130.5 35.5 -0.00747952
131 35.5 0.0070009
87 36 -0.00128503
87.5 36 -0.000450263
88 36 -0.000266527
88.5 36 -2.86221e-05
89 36 0.000179511
89.5 36 5.65244e-05
90 36 0.000131049
90.5 36 -7.7438e-05
91 36 0.000330192
91.5 36 0.000271276
92 36 0.000249095
92.5 36 0.000217101
93 36 0.000550664
93.5 36 0.000535185
94 36 0.000385046
94.5 36 0.000103614
95 36 0.000298116
95.5 36 0.000143469
96 36 0.000273828
96.5 36 0.000120393
97 36 0.000342767
97.5 36 0.000381537
98 36 0.000214992
98.5 36 0.00036099
99 36 0.000226061
99.5 36 0.000641471
100 36 0.000243821
100.5 36 0.000408333
101 36 0.000122876
101.5 36 0.000263866
102 36 0.000125355
102.5 36 0.000317182
103 36 0.00021958
103.5 36 0.000280421
104 36 0.0001195
104.5 36 0.000101769
105 36 4.30995e-05
105.5 36 0.000281104
106 36 0.000132911
106.5 36 0.000132673
107 36 2.60761e-05
107.5 36 0.000307668
108 36 0.000209557
108.5 36 0.000237543
109 36 0.000257189
109.5 36 0.000154235
110 36 9.68785e-05
110.5 36 0.000206521
111 36 0.000120198
111.5 36 0.000149343
112 36 0.000232714
112.5 36 0.000158423
113 36 -1.57355e-06
113.5 36 0.000125718
114 36 -0.000330496
114.5 36 0.00033896
115 36 0.000245785
115.5 36 5.7174e-05
116 36 0.000356205
116.5 36 -8.99875e-05
117 36 0.000214424
117.5 36 0.000193959
118 36 0.000108357
118.5 36 0.000186418
119 36 0.000178862
119.5 36 0.00022218
120 36 0.000358498
120.5 36 0.000462972
121 36 0.00033504
121.5 36 0.000465973
122 36 0.000460576
122.5 36 4.6452e-05
123 36 0.000285258
123.5 36 0.000360819
124 36 0.000530998
124.5 36 0.0001958
125 36 0.000363841
125.5 36 0.000820944
126 36 0.000752461
126.5 36 0.000390852
127 36 0.000101989
127.5 36 0.00164678
128 36 -0.0204985
128.5 36 0.074268
129 36 -0.0482092
129.5 36 0.00751367
130 36 -0.0130436
130.5 36 -0.0106122
131 36 -0.0117082
87 36.5 0.000592427
87.5 36.5 -0.00122855
88 36.5 -0.00176574
88.5 36.5 -0.000672078
89 36.5 -0.000294599
89.5 36.5 -0.000181603
90 36.5 2.95331e-06
90.5 36.5 0.000201757
91 36.5 1.14456e-05
91.5 36.5 0.000181579
92 36.5 0.000354964
92.5 36.5 9.31838e-05
93 36.5 0.000355664
93.5 36.5 0.000107136
94 36.5 0.000496575
94.5 36.5 8.78259e-05
95 36.5 0.000236133
95.5 36.5 0.000525226
96 36.5 -0.000609531
96.5 36.5 0.000491803
97 36.5 0.000172624
97.5 36.5 6.65979e-05
98 36.5 0.00016668
98.5 36.5 -0.000165909
99 36.5 0.000128117
99.5 36.5 0.000345496
100 36.5 0.000502823
100.5 36.5 0.000285545
101 36.5 0.000293212
101.5 36.5 2.30143e-05
102 36.5 7.7828e-05
102.5 36.5 9.4334e-05
103 36.5 0.000278382
103.5 36.5 0.000220015
104 36.5 0.000146719
104.5 36.5 0.000120552
105 36.5 0.000103431
105.5 36.5 0.000127828
106 36.5 0.00016505
106.5 36.5 0.000218918
107 36.5 9.02348e-05
107.5 36.5 0.000421633
108 36.5 -0.000154919
108.5 36.5 0.000332891
109 36.5 0.000181212
109.5 36.5 0.000123258
110 36.5 0.000486027
110.5 36.5 -2.58535e-05
111 36.5 0.000336695
111.5 36.5 -2.02127e-05
112 36.5 0.000236269
112.5 36.5 5.76525e-05
113 36.5 0.000216024
113.5 36.5 0.000159309
114 36.5 0.000149822
114.5 36.5 -2.62791e-05
115 36.5 6.45856e-05
115.5 36.5 0.000447082
116 36.5 9.08806e-05
116.5 36.5 0.000466441
117 36.5 0.00023042
117.5 36.5 7.75571e-06
118 36.5 -0.000608548
118.5 36.5 8.20851e-05
119 36.5 5.23754e-05
119.5 36.5 0.000214407
120 36.5 0.000357174
120.5 36.5 0.000259518
121 36.5 0.000434161
121.5 36.5 0.000319216
122 36.5 0.000175394
122.5 36.5 0.000456335
123 36.5 0.0003846
123.5 36.5 0.000275903
124 36.5 0.00046526
124.5 36.5 0.000607131
125 36.5 0.000706668
125.5 36.5 -0.000377335
126 36.5 -4.73919e-05
126.5 36.5 0.000736128
127 36.5 0.000804241
127.5 36.5 0.000924154
128 36.5 0.00204836
128.5 36.5 -0.0108486
129 36.5 0.0235672
129.5 36.5 -0.044701
130 36.5 0.0317341
130.5 36.5 0.0105147
131 36.5 0.0287329
87 37 0.0018038
87.5 37 0.00168587
88 37 0.000553145
88.5 37 -0.00127352
89 37 -0.00186344
89.5 37 -0.000779072
90 37 -0.00109497
90.5 37 -0.000625542
91 37 -0.000353583
91.5 37 -0.000190798
92 37 -0.000140478
92.5 37 -0.000109319
93 37 -0.00031467
93.5 37 -0.000105349
94 37 -2.65309e-05
94.5 37 2.32091e-05
95 37 6.44134e-06
95.5 37 0.000108403
96 37 -2.23656e-05
96.5 37 -3.29799e-05
97 37 5.5161e-05
97.5 37 4.54249e-05
98 37 -0.000145507
98.5 37 -0.000141915
99 37 -0.000122077
99.5 37 -0.000205098
100 37 7.91654e-05
100.5 37 0.00028746
101 37 0.000132883
101.5 37 0.000293509
102 37 0.000162636
102.5 37 3.29861e-05
103 37 0.000175909
103.5 37 0.000159432
104 37 0.000245353
104.5 37 0.000218565
105 37 0.000109868
105.5 37 0.000133123
106 37 0.000166565
106.5 37 0.000150399
107 37 0.00016249
107.5 37 9.17062e-05
108 37 0.000143137
108.5 37 5.36053e-05
109 37 -0.000585783
109.5 37 7.2896e-05
110 37 -5.64342e-05
110.5 37 0.000174821
111 37 0.000118827
111.5 37 0.000165044
112 37 0.000180165
112.5 37 0.000158322
113 37 -0.000760994
113.5 37 -0.000736314
114 37 -0.000528131
114.5 37 -0.000715353
115 37 -0.000805165
115.5 37 -0.000118431
116 37 -0.000480427
116.5 37 -0.000308283
117 37 0.000333859
117.5 37 -0.000301242
118 37 0.0129423
118.5 37 0.0003012
119 37 0.000492246
119.5 37 0.000486675
120 37 0.000361196
120.5 37 0.000473121
121 37 0.000113129
121.5 37 0.000213697
122 37 0.000490369
122.5 37 0.000309411
123 37 0.000260361
123.5 37 0.00076262
124 37 0.000393637
124.5 37 0.000151987
125 37 0.000462085
125.5 37 0.00153173
126 37 0.000659354
126.5 37 -0.000967844
127 37 0.000374629
127.5 37 0.00015917
128 37 -0.00165288
128.5 37 0.00417655
129 37 0.00455133
129.5 37 0.0128322
130 37 0.000782783
130.5 37 0.000309576
131 37 -0.00483487
87 37.5 -0.000136846
87.5 37.5 0.000410503
88 37.5 0.00114604
88.5 37.5 0.00145332
89 37.5 0.00121687
89.5 37.5 0.000273989
90 37.5 -0.000203258
90.5 37.5 -0.000678525
91 37.5 -0.000860249
91.5 37.5 -0.00078859
92 37.5 -0.000853925
92.5 37.5 -0.00067738
93 37.5 -0.000700002
93.5 37.5 -0.000634693
94 37.5 -0.000525119
94.5 37.5 -0.000424787
95 37.5 -0.000198689
95.5 37.5 -0.000317802
96 37.5 -8.77742e-05
96.5 37.5 -0.000202018
97 37.5 -0.0003414
97.5 37.5 -0.000268723
98 37.5 -0.000107083
98.5 37.5 -0.000144712
99 37.5 -0.000101313
99.5 37.5 -0.000237315
100 37.5 -0.000310695
100.5 37.5 -0.000315529
101 37.5 3.07153e-05
101.5 37.5 0.000113769
102 37.5 0.000322339
102.5 37.5 0.000334651
103 37.5 0.000306193
103.5 37.5 0.00026756
104 37.5 0.000248271
104.5 37.5 0.000310556
105 37.5 0.000217674
105.5 37.5 0.000211038
106 37.5 0.000253633
106.5 37.5 0.000218153
107 37.5 0.000213433
107.5 37.5 0.00016847
108 37.5 0.00015043
108.5 37.5 0.00012606
109 37.5 0.0131944
109.5 37.5 7.99405e-05
110 37.5 0.00040498
110.5 37.5 0.000177828
111 37.5 3.09912e-05
111.5 37.5 0.0001365
112 37.5 0.000257172
112.5 37.5 0.000316513
113 37.5 0.0130879
113.5 37.5 0.0132765
114 37.5 0.0122917
114.5 37.5 0.013247
115 37.5 0.012419
115.5 37.5 0.00599584
116 37.5 0.013117
116.5 37.5 -0.000237207
117 37.5 -0.00154033
117.5 37.5 0.0328259
118 37.5 -0.0625109
118.5 37.5 0.0197787
119 37.5 -0.0010458
119.5 37.5 0.000168938
120 37.5 -3.67405e-05
120.5 37.5 0.000275789
121 37.5 8.18406e-05
121.5 37.5 0.000438572
122 37.5 0.000348954
122.5 37.5 0.000334929
123 37.5 0.00094201
123.5 37.5 -5.54953e-05
124 37.5 0.000121534
124.5 37.5 0.000851554
125 37.5 0.000279684
125.5 37.5 -0.000154744
126 37.5 -0.00861508
126.5 37.5 0.000692799
127 37.5 -0.000901022
127.5 37.5 0.0027111
128 37.5 0.00733637
128.5 37.5 -0.0177571
129 37.5 -0.0111101
129.5 37.5 -0.012725
130 37.5 -0.0110387
130.5 37.5 -0.0150544
131 37.5 0.00431947
87 38 9.46876e-05
87.5 38 0.000238351
88 38 0.000111604
88.5 38 4.99722e-06
89 38 0.000419493
89.5 38 0.000554894
90 38 0.000727621
90.5 38 0.000945357
91 38 0.000505754
91.5 38 0.000316712
92 38 -0.000147878
92.5 38 -0.000329577
93 38 -0.00039392
93.5 38 -0.000448035
94 38 -0.000329959
94.5 38 -0.000320041
95 38 -0.000418501
95.5 38 -0.000323142
96 38 -0.000276968
96.5 38 -0.000242834
97 38 -0.000179941
97.5 38 -0.00010858
98 38 -9.07798e-05
98.5 38 -0.000162855
99 38 -8.71831e-05
99.5 38 8.08383e-05
100 38 -6.46008e-05
100.5 38 -4.88949e-05
101 38 -0.000155555
101.5 38 -0.000109201
102 38 0.000177316
102.5 38 0.000204234
103 38 0.000388772
103.5 38 0.000455063
104 38 0.000326218
104.5 38 0.000157002
105 38 0.000295907
105.5 38 0.0001965
106 38 0.000338144
106.5 38 0.000345523
107 38 0.000408406
107.5 38 0.000359287
108 38 -0.00103279
108.5 38 0.0209768
109 38 -0.0629604
109.5 38 0.0202752
110 38 -0.00122597
110.5 38 0.000192972
111 38 0.000209287
111.5 38 0.00017536
112 38 -0.00176412
112.5 38 0.0186056
113 38 -0.0431078
113.5 38 -0.0232059
114 38 -0.0104597
114.5 38 -0.024351
115 38 -0.0216454
115.5 38 0.0190308
116 38 -0.0528796
116.5 38 0.0320695
117 38 0.0199645
117.5 38 -0.0506144
118 38 0.0340107
118.5 38 -0.000793871
119 38 0.000341297
119.5 38 -0.000151174
120 38 0.000374148
120.5 38 0.000112068
121 38 0.00025977
121.5 38 0.000654744
122 38 0.000205156
122.5 38 0.00103929
123 38 -0.000519304
123.5 38 0.000711378
124 38 0.000488537
124.5 38 -0.00103147
125 38 0.00244135
125.5 38 -0.0252138
126 38 0.0271521
126.5 38 -0.000109842
87 38.5 0.000365043
87.5 38.5 0.000293403
88 38.5 0.000379854
88.5 38.5 0.000385772
89 38.5 0.000238802
89.5 38.5 0.000319752
90 38.5 0.000164958
90.5 38.5 0.000211645
91 38.5 0.000315547
91.5 38.5 3.52329e-07
92 38.5 0.000176639
92.5 38.5 2.95042e-05
93 38.5 -4.16887e-05
93.5 38.5 3.46711e-05
94 38.5 -6.15076e-07
94.5 38.5 -1.29388e-05
95 38.5 -0.00011336
95.5 38.5 -0.000162977
96 38.5 -0.000135786
96.5 38.5 -5.8154e-05
97 38.5 -5.34315e-05
97.5 38.5 6.79604e-05
98 38.5 0.000126428
98.5 38.5 -6.67182e-05
99 38.5 0.00028264
99.5 38.5 -0.000217986
100 38.5 0.000620835
100.5 38.5 -4.18701e-05
101 38.5 0.000206722
101.5 38.5 -6.70813e-05
102 38.5 -7.24942e-05
102.5 38.5 -0.000112697
103 38.5 2.84561e-05
103.5 38.5 6.37514e-05
104 38.5 0.000242698
104.5 38.5 0.000467817
105 38.5 -1.6826e-05
105.5 38.5 0.000249891
106 38.5 0.000193708
106.5 38.5 0.000277695
107 38.5 0.000176454
107.5 38.5 0.000304564
108 38.5 -0.00070925
108.5 38.5 0.000176538
109 38.5 0.0123895
109.5 38.5 0.0133029
110 38.5 -0.00146666
110.5 38.5 0.000243955
111 38.5 5.76707e-06
111.5 38.5 7.85456e-05
112 38.5 0.0132113
112.5 38.5 0.013133
113 38.5 0.0112025
113.5 38.5 0.0336471
114 38.5 -0.051787
114.5 38.5 0.0537584
115 38.5 -0.0185974
115.5 38.5 -0.0360549
116 38.5 0.053758
116.5 38.5 -0.0666791
117 38.5 0.0413463
117.5 38.5 -0.0386472
118 38.5 0.0200921
118.5 38.5 -0.000317308
119 38.5 9.30912e-05
119.5 38.5 0.00107621
120 38.5 -0.0001621
120.5 38.5 0.000282084
121 38.5 0.000969381
121.5 38.5 -1.15815e-05
122 38.5 0.000862292
122.5 38.5 -0.000160794
123 38.5 0.000680779
123.5 38.5 0.000246745
124 38.5 -0.000513206
124.5 38.5 -0.000597115
125 38.5 -0.0310571
125.5 38.5 0.0404972
87 39 0.000252419
87.5 39 0.000468786
88 39 0.000333987
88.5 39 0.000447722
89 39 0.000571015
89.5 39 0.000531049
90 39 0.000316741
90.5 39 0.000423117
91 39 0.000198036
91.5 39 0.000326756
92 39 0.000420576
92.5 39 0.000259618
93 39 0.000270466
93.5 39 0.00018846
94 39 0.0001119
94.5 39 -1.27405e-06
95 39 -0.000149648
95.5 39 -7.63745e-05
96 39 -3.31165e-05
96.5 39 -6.87186e-05
97 39 0.000150833
97.5 39 8.59997e-05
98 39 0.000218223
98.5 39 0.000128455
99 39 0.000122619
99.5 39 0.00022446
100 39 4.37193e-05
100.5 39 0.000350221
101 39 0.000302807
101.5 39 4.53497e-05
102 39 -4.50373e-05
102.5 39 -0.000162743
103 39 -0.000178034
103.5 39 -0.000220568
104 39 -0.000176369
104.5 39 -0.000127052
105 39 -2.96896e-05
105.5 39 -0.00080893
106 39 0.000163763
106.5 39 7.74016e-05
107 39 0.000200062
107.5 39 0.000118693
108 39 0.0130916
108.5 39 -0.00286706
109 39 0.0330202
109.5 39 -0.0661514
110 39 0.0474491
110.5 39 -0.000891808
111 39 -0.00122546
111.5 39 0.0203424
112 39 -0.0438695
112.5 39 -0.0422433
113 39 0.0325184
113.5 39 0.010679
114 39 0.0116043
114.5 39 0.0207853
115 39 -0.0408842
115.5 39 0.0357333
116 39 -0.00150504
116.5 39 0.0115143
117 39 0.0215001
117.5 39 -0.0524579
118 39 0.0220927
118.5 39 -0.00125496
119 39 0.000221376
119.5 39 0.00050367
120 39 4.70738e-05
120.5 39 0.000830109
121 39 0.000105791
121.5 39 0.00058218
122 39 0.000125276
122.5 39 0.000301624
123 39 0.000808907
123.5 39 -0.00148832
124 39 -0.0156783
124.5 39 -0.00097889
125 39 0.0546679
87 39.5 -9.92683e-05
87.5 39.5 0.000368407
88 39.5 0.000237885
88.5 39.5 0.000291296
89 39.5 0.000201579
89.5 39.5 0.00021776
90 39.5 0.00038237
90.5 39.5 0.000328443
91 39.5 0.000419757
91.5 39.5 0.00033493
92 39.5 0.00044233
92.5 39.5 0.000492904
93 39.5 0.000548032
93.5 39.5 0.000445786
94 39.5 0.000294188
94.5 39.5 0.000211925
95 39.5 0.000289052
95.5 39.5 0.000147182
96 39.5 0.000227266
96.5 39.5 0.000281346
97 39.5 0.000115519
97.5 39.5 0.00014627
98 39.5 0.000135499
98.5 39.5 0.000223864
99 39.5 0.000190966
99.5 39.5 0.000189166
100 39.5 9.0966e-05
100.5 39.5 6.97407e-05
101 39.5 0.000134787
101.5 39.5 0.000119856
102 39.5 9.71663e-05
102.5 39.5 8.57067e-05
103 39.5 -0.00010877
103.5 39.5 -0.000991334
104 39.5 -0.000189015
104.5 39.5 -0.000218351
105 39.5 -0.000193736
105.5 39.5 0.0130167
106 39.5 4.9256e-05
106.5 39.5 0.000113904
107 39.5 -0.00135901
107.5 39.5 0.0216382
108 39.5 -0.0659928
108.5 39.5 0.069276
109 39.5 -0.0574806
109.5 39.5 0.103964
110 39.5 -0.13002
110.5 39.5 0.0425476
111 39.5 0.00724211
111.5 39.5 0.00113057
112 39.5 0.0120643
112.5 39.5 0.0326809
113 39.5 -0.0435113
113.5 39.5 -0.0421888
114 39.5 0.0178104
114.5 39.5 0.0205882
115 39.5 -0.0514796
115.5 39.5 0.020476
116 39.5 -0.00185254
116.5 39.5 1.3128e-05
117 39.5 0.000447692
117.5 39.5 0.0121639
118 39.5 0.000609361
118.5 39.5 5.74091e-05
119 39.5 0.00085593
119.5 39.5 -0.000185939
120 39.5 0.000374067
120.5 39.5 -5.81712e-05
121 39.5 0.000639431
121.5 39.5 0.000434392
122 39.5 2.46744e-05
122.5 39.5 0.000655416
123 39.5 0.000629922
123.5 39.5 -0.0209628
124 39.5 0.0677307
124.5 39.5 -0.0294988
87 40 -1.7634e-06
87.5 40 0.000226438
88 40 0.000140527
88.5 40 0.00025314
89 40 0.000197894
89.5 40 0.000294514
90 40 0.000181988
90.5 40 0.000228694
91 40 0.000392943
91.5 40 0.000285202
92 40 0.000352225
92.5 40 0.000386141
93 40 0.000386191
93.5 40 0.000378342
94 40 0.000270653
94.5 40 0.000424066
95 40 0.000104215
95.5 40 0.000205713
96 40 0.000307499
96.5 40 0.000378462
97 40 0.00029635
97.5 40 0.000280081
98 40 0.000159353
98.5 40 0.000209276
99 40 0.000276406
99.5 40 0.000177805
100 40 9.62829e-05
100.5 40 0.000127588
101 40 0.000263001
101.5 40 0.000200717
102 40 0.000125388
102.5 40 0.000166745
103 40 7.37093e-05
103.5 40 0.0130088
104 40 8.42461e-05
104.5 40 -0.00133992
105 40 0.0219177
105.5 40 -0.0657169
106 40 0.0219115
106.5 40 -0.00148875
107 40 -0.00074954
107.5 40 -0.00333158
108 40 0.0553768
108.5 40 -0.114273
109 40 0.0413129
109.5 40 -0.114953
110 40 0.0667015
110.5 40 0.0329969
111 40 -0.0652518
111.5 40 0.0221492
112 40 -0.00194353
112.5 40 -0.000824792
113 40 0.0133124
113.5 40 0.0126845
114 40 0.000181187
114.5 40 0.00039976
115 40 0.0122527
115.5 40 0.000179284
116 40 0.000654482
116.5 40 9.90983e-05
117 40 0.000559115
117.5 40 -0.00111295
118 40 0.000613208
118.5 40 8.9637e-05
119 40 0.00114591
119.5 40 -3.37958e-05
120 40 0.000338089
120.5 40 6.62951e-05
121 40 0.000543951
121.5 40 0.000619354
122 40 0.000656572
122.5 40 0.00078971
123 40 -0.00100027
123.5 40 0.00307026
124 40 -0.0282558
87 40.5 -3.06205e-05
87.5 40.5 0.000365026
88 40.5 0.000145493
88.5 40.5 0.000189658
89 40.5 0.00022264
89.5 40.5 0.000161766
90 40.5 0.000199576
90.5 40.5 0.000324769
91 40.5 0.000107023
91.5 40.5 0.000254215
92 40.5 0.000260923
92.5 40.5 0.000181893
93 40.5 0.000162758
93.5 40.5 0.000100076
94 40.5 5.16004e-05
94.5 40.5 0.000218309
95 40.5 0.000223752
95.5 40.5 2.58379e-05
96 40.5 0.000215118
96.5 40.5 7.6309e-05
97 40.5 0.00013583
97.5 40.5 9.87749e-05
98 40.5 0.000161299
98.5 40.5 6.7282e-05
99 40.5 5.36172e-05
99.5 40.5 7.03468e-05
100 40.5 0.000129633
100.5 40.5 7.55745e-05
101 40.5 0.000129429
101.5 40.5 1.33555e-05
102 40.5 0.000118367
102.5 40.5 -0.00141248
103 40.5 0.0222331
103.5 40.5 -0.0676913
104 40.5 0.0205746
104.5 40.5 -0.00152551
105 40.5 -2.34386e-05
105.5 40.5 0.0128227
106 40.5 -1.33983e-05
106.5 40.5 -0.00103819
107 40.5 0.0129666
107.5 40.5 0.0124912
108 40.5 -0.000544608
108.5 40.5 0.0259514
109 40.5 0.0237815
109.5 40.5 0.0245239
110 40.5 0.0209554
110.5 40.5 -0.0666059
111 40.5 0.035435
111.5 40.5 -0.00136118
112 40.5 1.60169e-05
112.5 40.5 -2.36586e-05
113 40.5 -0.0003611
113.5 40.5 -0.000939518
114 40.5 0.000293932
114.5 40.5 0.000234667
115 40.5 -0.000236857
115.5 40.5 9.92468e-05
116 40.5 9.00545e-05
116.5 40.5 0.000399456
117 40.5 0.000453215
117.5 40.5 0.000239243
118 40.5 0.000461769
118.5 40.5 0.000203898
119 40.5 0.000340182
119.5 40.5 0.000288003
120 40.5 0.000693822
120.5 40.5 0.000208543
121 40.5 0.000903166
121.5 40.5 -0.000468248
122 40.5 0.000638564
122.5 40.5 -0.000154358
123 40.5 0.00218813
123.5 40.5 -0.0343577
124 40.5 0.0655106
87 41 0.000106442
87.5 41 0.000454455
88 41 0.000197724
88.5 41 0.000363585
89 41 0.00025216
89.5 41 0.000277627
90 41 0.000298595
90.5 41 0.000291641
91 41 0.000200397
91.5 41 0.000319362
92 41 0.000268965
92.5 41 0.000244823
93 41 0.000123003
93.5 41 0.000122111
94 41 0.00011055
94.5 41 2.84455e-05
95 41 4.65553e-05
95.5 41 2.8675e-05
96 41 -1.20562e-05
96.5 41 9.77676e-05
97 41 7.54807e-05
97.5 41 0.000131907
98 41 -3.06959e-05
98.5 41 4.75872e-05
99 41 2.45272e-05
99.5 41 -2.4121e-06
100 41 -0.000199664
100.5 41 3.95741e-05
101 41 -5.13012e-05
101.5 41 -1.87394e-05
102 41 4.10372e-05
102.5 41 -6.25615e-05
103 41 0.000100156
103.5 41 0.0384915
104 41 0.0260679
104.5 41 -0.000657035
105 41 -0.000946807
105.5 41 -0.0017147
106 41 -0.00149718
106.5 41 0.034098
107 41 -0.0442061
107.5 41 -0.0441858
108 41 0.0196649
108.5 41 0.0196461
109 41 -0.0677993
109.5 41 0.0211243
110 41 -0.00137223
110.5 41 0.0130172
111 41 -0.000907277
111.5 41 0.000230611
112 41 -9.10432e-05
112.5 41 0.000152405
113 41 0.000275452
113.5 41 0.000184789
114 41 0.000267958
114.5 41 0.000272138
115 41 0.000240306
115.5 41 0.000182922
116 41 0.000368663
116.5 41 0.000308431
117 41 0.00014069
117.5 41 0.000533001
118 41 0.000232184
118.5 41 0.00042109
119 41 5.60676e-06
119.5 41 0.000831428
120 41 -0.000742219
120.5 41 0.000733788
121 41 0.00165606
121.5 41 -0.000617341
122 41 0.00114779
122.5 41 -0.000684749
123 41 -0.0198008
123.5 41 0.0670759
124 41 -0.034256
87 41.5 7.24514e-05
87.5 41.5 0.000283993
88 41.5 0.000137
88.5 41.5 0.000143238
89 41.5 7.94561e-05
89.5 41.5 0.000224228
90 41.5 6.7134e-05
90.5 41.5 0.000383276
91 41.5 0.000293215
91.5 41.5 0.000364421
92 41.5 0.000297563
92.5 41.5 0.000260344
93 41.5 0.000281713
93.5 41.5 0.000290273
94 41.5 0.000238989
94.5 41.5 0.00015597
95 41.5 0.00024745
95.5 41.5 0.000136156
96 41.5 0.000141441
96.5 41.5 0.000136669
97 41.5 0.000133563
97.5 41.5 0.000158318
98 41.5 0.00011533
98.5 41.5 0.000174642
99 41.5 0.000133599
99.5 41.5 0.000141566
100 41.5 0.000156158
100.5 41.5 9.56976e-05
101 41.5 9.59125e-05
101.5 41.5 0.000113946
102 41.5 9.33983e-05
102.5 41.5 -0.0026579
103 41.5 0.0429079
103.5 41.5 -0.0887853
104 41.5 -0.0891849
104.5 41.5 0.0563724
105 41.5 0.0102075
105.5 41.5 0.0116577
106 41.5 0.0232993
106.5 41.5 -0.0675203
107 41.5 0.0362108
107.5 41.5 0.0118218
108 41.5 0.000287299
108.5 41.5 0.000228066
109 41.5 0.0131932
109.5 41.5 0.000247528
110 41.5 0.00034041
110.5 41.5 -0.000608367
111 41.5 0.000149609
111.5 41.5 0.000115037
112 41.5 0.000114026
112.5 41.5 0.000132133
113 41.5 0.000175962
113.5 41.5 0.000278136
114 41.5 0.000340718
114.5 41.5 0.00026574
115 41.5 0.000345841
115.5 41.5 0.00038437
116 41.5 0.000234647
116.5 41.5 9.13085e-05
117 41.5 0.000554786
117.5 41.5 7.22198e-06
118 41.5 0.00031072
118.5 41.5 0.000383728
119 41.5 0.000544136
119.5 41.5 0.000644231
120 41.5 -0.000171578
120.5 41.5 0.000715442
121 41.5 -0.000182979
121.5 41.5 0.000382363
122 41.5 0.000697038
122.5 41.5 -0.000173668
123 41.5 0.00169309
123.5 41.5 -0.0130435
124 41.5 0.00185329
87 42 0.000191627
87.5 42 0.00042045
88 42 0.000201524
88.5 42 0.000307889
89 42 0.000467337
89.5 42 0.000134129
90 42 0.000311561
90.5 42 0.000150378
91 42 0.000157712
91.5 42 5.42697e-05
92 42 0.00034195
92.5 42 0.000102413
93 42 0.000206531
93.5 42 0.000129508
94 42 0.000325293
94.5 42 0.000273883
95 42 0.000258789
95.5 42 0.000241932
96 42 0.000235566
96.5 42 0.00024446
97 42 0.000168385
97.5 42 0.000175588
98 42 0.000228985
98.5 42 0.000213525
99 42 0.000327297
99.5 42 0.000312051
100 42 0.000289391
100.5 42 0.000220029
101 42 0.000357509
101.5 42 0.000269186
102 42 0.000632287
102.5 42 0.000141089
103 42 0.000365741
103.5 42 0.0246771
104 42 0.0482854
104.5 42 -0.0458179
105 42 -0.0213964
105.5 42 -0.0458579
106 42 0.0222981
106.5 42 0.0119549
107 42 -0.000529237
107.5 42 -0.00056289
108 42 0.000273537
108.5 42 0.000368034
109 42 -0.000604992
109.5 42 0.000271057
110 42 0.000359486
110.5 42 0.000322688
111 42 0.000292907
111.5 42 0.000265238
112 42 0.000257256
112.5 42 0.000191069
113 42 0.000358692
113.5 42 0.000218968
114 42 9.63568e-05
114.5 42 0.000244497
115 42 0.000159192
115.5 42 0.000264393
116 42 0.000225448
116.5 42 0.00021476
117 42 0.000490698
117.5 42 -3.00639e-05
118 42 0.000559963
118.5 42 5.18506e-05
119 42 -7.21698e-05
119.5 42 0.000696657
120 42 -2.71596e-05
120.5 42 0.00051115
121 42 0.00110793
121.5 42 -0.000644726
122 42 0.00117476
122.5 42 -0.0018572
123 42 0.00248158
123.5 42 -0.0122937
124 42 0.001631
87 42.5 -0.000203869
87.5 42.5 0.000231218
88 42.5 0.000140542
88.5 42.5 0.000175705
89 42.5 0.000258011
89.5 42.5 0.000175344
90 42.5 0.000214686
90.5 42.5 0.000182345
91 42.5 3.63809e-05
91.5 42.5 0.000350004
92 42.5 -0.000383754
92.5 42.5 0.000396505
93 42.5 0.000119628
93.5 42.5 0.000273782
94 42.5 0.000183459
94.5 42.5 0.000154355
95 42.5 0.000305253
95.5 42.5 0.000204106
96 42.5 0.000188124
96.5 42.5 0.000156346
97 42.5 0.000190214
97.5 42.5 0.000112104
98 42.5 0.000240102
98.5 42.5 0.000100937
99 42.5 0.000224021
99.5 42.5 0.000154354
100 42.5 0.000194388
100.5 42.5 0.000160653
101 42.5 0.000237903
101.5 42.5 0.00021816
102 42.5 0.000136937
102.5 42.5 0.000230803
103 42.5 0.000177584
103.5 42.5 -0.00136336
104 42.5 -0.0014967
104.5 42.5 0.0131536
105 42.5 0.0132182
105.5 42.5 0.0132069
106 42.5 0.00018663
106.5 42.5 -0.000529854
107 42.5 0.000175921
107.5 42.5 0.000286507
108 42.5 0.000305243
108.5 42.5 0.000251775
109 42.5 0.00029265
109.5 42.5 0.000251882
110 42.5 0.000137842
110.5 42.5 0.000208973
111 42.5 0.000185195
111.5 42.5 0.000151859
112 42.5 0.000218191
112.5 42.5 0.000204032
113 42.5 0.000179278
113.5 42.5 0.000140212
114 42.5 0.000140238
114.5 42.5 0.000147745
115 42.5 0.000154778
115.5 42.5 0.000233596
116 42.5 0.000127565
116.5 42.5 0.000227101
117 42.5 0.000256188
117.5 42.5 -8.06817e-05
118 42.5 0.000296462
118.5 42.5 0.00050757
119 42.5 0.000527429
119.5 42.5 0.000155469
120 42.5 0.000579828
120.5 42.5 7.88033e-06
121 42.5 0.000892064
121.5 42.5 -0.000199718
122 42.5 0.000618778
122.5 42.5 0.00250909
123 42.5 -0.0251779
123.5 42.5 0.0708573
124 42.5 -0.024307
87 43 -0.000367683
87.5 43 -1.19853e-05
88 43 -6.92353e-05
88.5 43 -9.69466e-05
89 43 -0.000150535
89.5 43 0.000186894
90 43 6.83959e-05
90.5 43 0.000277905
91 43 0.000283105
91.5 43 0.00021887
92 43 0.000365389
92.5 43 0.000243685
93 43 0.000339897
93.5 43 0.000195447
94 43 0.000262856
94.5 43 0.000262677
95 43 7.43956e-05
95.5 43 0.000258475
96 43 0.000200881
96.5 43 0.000269062
97 43 0.000225194
97.5 43 0.000146253
98 43 0.000244944
98.5 43 0.000161172
99 43 0.00012608
99.5 43 0.000262698
100 43 0.000158893
100.5 43 0.000288873
101 43 0.000139858
101.5 43 0.000201113
102 43 0.000348054
102.5 43 0.000155109
103 43 0.000118476
103.5 43 0.000263342
104 43 0.000181018
104.5 43 -0.000717235
105 43 -0.000561945
105.5 43 -0.000696342
106 43 0.000339724
106.5 43 8.82933e-05
107 43 0.000184965
107.5 43 9.96985e-05
108 43 0.000107837
108.5 43 0.000183328
109 43 0.000150061
109.5 43 0.000203621
110 43 0.000159558
110.5 43 7.30356e-05
111 43 0.000144237
111.5 43 5.68137e-05
112 43 0.000222329
112.5 43 7.02079e-05
113 43 0.000240451
113.5 43 5.40453e-05
114 43 0.000122428
114.5 43 0.000259286
115 43 0.000292403
115.5 43 0.000233291
116 43 0.000212829
116.5 43 3.58312e-05
117 43 0.000276319
117.5 43 0.000379093
118 43 0.000138858
118.5 43 0.000252355
119 43 0.000226547
119.5 43 0.000268156
120 43 0.00069423
120.5 43 0.000214143
121 43 0.000871397
121.5 43 0.000169402
122 43 0.00074347
122.5 43 -0.000764034
123 43 -3.74648e-05
123.5 43 -0.00997193
124 43 -0.00349694
124.5 43 -0.0127642
87 43.5 -5.87063e-05
87.5 43.5 0.000107121
88 43.5 8.53817e-05
88.5 43.5 -7.98615e-05
89 43.5 -1.13708e-05
89.5 43.5 -1.4265e-05
90 43.5 3.64116e-05
90.5 43.5 1.71822e-05
91 43.5 8.19298e-05
91.5 43.5 0.000186499
92 43.5 0.000296843
92.5 43.5 0.000163222
93 43.5 0.000176912
93.5 43.5 0.000378141
94 43.5 -2.08253e-06
94.5 43.5 0.000231482
95 43.5 0.000103633
95.5 43.5 0.000215139
96 43.5 8.90107e-05
96.5 43.5 0.000175287
97 43.5 0.000181442
97.5 43.5 0.000122441
98 43.5 0.000226665
98.5 43.5 0.000120211
99 43.5 0.000264769
99.5 43.5 0.000127952
100 43.5 0.000121106
100.5 43.5 9.48765e-05
101 43.5 4.27153e-05
101.5 43.5 0.000135351
102 43.5 8.23987e-05
102.5 43.5 9.60683e-05
103 43.5 0.000184607
103.5 43.5 -1.03318e-05
104 43.5 8.34055e-05
104.5 43.5 0.000173788
105 43.5 6.06272e-05
105.5 43.5 0.000232905
106 43.5 8.52437e-05
106.5 43.5 0.000237867
107 43.5 0.000171007
107.5 43.5 6.42486e-05
108 43.5 0.000102058
108.5 43.5 8.89486e-05
109 43.5 0.000138676
109.5 43.5 0.000174563
110 43.5 0.000106375
110.5 43.5 9.7041e-05
111 43.5 3.79422e-05
111.5 43.5 0.000181526
112 43.5 0.00013235
112.5 43.5 0.000121654
113 43.5 0.00022396
113.5 43.5 0.000201185
114 43.5 0.000157112
114.5 43.5 0.000167998
115 43.5 0.000399871
115.5 43.5 0.000234164
116 43.5 0.000176099
116.5 43.5 0.000213577
117 43.5 0.000195415
117.5 43.5 0.000478815
118 43.5 0.000193758
118.5 43.5 0.000438336
119 43.5 0.000286869
119.5 43.5 0.000391705
120 43.5 0.000645076
120.5 43.5 -2.93862e-05
121 43.5 0.000723937
121.5 43.5 0.000132355
122 43.5 4.61956e-05
122.5 43.5 0.00104314
123 43.5 -0.000776849
123.5 43.5 -0.00196806
124 43.5 -0.00736923
124.5 43.5 0.0562015
87 44 0.000100416
87.5 44 0.000564265
88 44 0.000388392
88.5 44 0.000314813
89 44 0.000149632
89.5 44 0.00016377
90 44 -7.64704e-05
90.5 44 -0.000155139
91 44 -9.44532e-05
91.5 44 6.01234e-05
92 44 3.56718e-05
92.5 44 7.3271e-05
93 44 0.000142303
93.5 44 0.000195231
94 44 0.000143829
94.5 44 0.000434785
95 44 0.000121168
95.5 44 -1.32893e-05
96 44 0.000131187
96.5 44 4.87703e-05
97 44 6.9148e-05
97.5 44 2.01807e-05
98 44 2.42747e-05
98.5 44 9.42466e-05
99 44 2.62205e-06
99.5 44 4.56944e-05
100 44 0.000162071
100.5 44 2.71197e-05
101 44 -3.89909e-05
101.5 44 2.88385e-05
102 44 4.51481e-05
102.5 44 2.22416e-05
103 44 3.61998e-05
103.5 44 6.97869e-05
104 44 6.81537e-05
104.5 44 2.99258e-05
105 44 9.5794e-05
105.5 44 3.94093e-05
106 44 0.000188253
106.5 44 7.27681e-05
107 44 0.000219279
107.5 44 0.000121447
108 44 0.000156552
108.5 44 0.000143512
109 44 0.000267942
109.5 44 0.000170318
110 44 0.000188476
110.5 44 0.0001836
111 44 0.000283072
111.5 44 0.000184399
112 44 0.000290135
112.5 44 0.000244126
113 44 0.000201877
113.5 44 0.000312196
114 44 0.000197392
114.5 44 -2.74551e-05
115 44 0.000285536
115.5 44 0.000178563
116 44 0.00040813
116.5 44 0.000212356
117 44 0.000389154
117.5 44 0.000334567
118 44 0.000593356
118.5 44 0.00033393
119 44 0.000209427
119.5 44 0.000547709
120 44 0.000195684
120.5 44 0.00059336
121 44 -4.44313e-05
121.5 44 0.00120887
122 44 -0.000258438
122.5 44 0.000632444
123 44 0.00120666
123.5 44 -0.00145969
124 44 -0.0119744
124.5 44 0.00215101
125 44 0.0441478
125.5 44 -0.0261492
87 44.5 -0.000506425
87.5 44.5 0.000203202
88 44.5 6.77423e-05
88.5 44.5 0.000352665
89 44.5 0.000447672
89.5 44.5 0.000290425
90 44.5 0.000357273
90.5 44.5 8.04999e-05
91 44.5 4.63448e-05
91.5 44.5 1.24718e-05
92 44.5 -1.04609e-06
92.5 44.5 -5.95692e-05
93 44.5 -1.86939e-05
93.5 44.5 -3.53476e-05
94 44.5 -0.000116728
94.5 44.5 0.000111272
95 44.5 6.5096e-06
95.5 44.5 0.000295053
96 44.5 0.000251318
96.5 44.5 0.000111707
97 44.5 0.000122309
97.5 44.5 5.50954e-05
98 44.5 3.60681e-05
98.5 44.5 -7.00683e-05
99 44.5 0.000125448
99.5 44.5 -5.54844e-05
100 44.5 6.74247e-05
100.5 44.5 -1.97146e-05
101 44.5 0.00013898
101.5 44.5 6.65232e-05
102 44.5 9.14398e-05
102.5 44.5 2.02982e-05
103 44.5 2.36826e-05
103.5 44.5 8.07197e-05
104 44.5 5.47602e-05
104.5 44.5 0.000125477
105 44.5 3.6929e-05
105.5 44.5 0.000112389
106 44.5 2.81919e-05
106.5 44.5 0.000289497
107 44.5 0.000192247
107.5 44.5 0.000224264
108 44.5 0.000184134
108.5 44.5 0.000143806
109 44.5 0.000247052
109.5 44.5 0.000183947
110 44.5 0.000278941
110.5 44.5 0.000265601
111 44.5 0.000233555
111.5 44.5 0.000312392
112 44.5 0.00022208
112.5 44.5 0.000191392
113 44.5 0.00016161
113.5 44.5 0.000321576
114 44.5 7.8654e-05
114.5 44.5 0.00016374
115 44.5 0.000171638
115.5 44.5 0.000396805
116 44.5 0.000286596
116.5 44.5 0.000275384
117 44.5 0.000457321
117.5 44.5 0.000399704
118 44.5 0.000307088
118.5 44.5 0.000244075
119 44.5 0.00052006
119.5 44.5 0.000179868
120 44.5 0.000306163
120.5 44.5 0.000392253
121 44.5 0.000642346
121.5 44.5 0.00020237
122 44.5 0.00106851
122.5 44.5 -0.000120698
123 44.5 0.000408986
123.5 44.5 0.00114193
124 44.5 -0.00134316
124.5 44.5 -0.0263518
125 44.5 0.0478083
125.5 44.5 -0.013339
126 44.5 -0.0035552
87 45 -0.000642557
87.5 45 -0.000494732
88 45 -0.000489534
88.5 45 -0.000345351
89 45 -0.000266345
89.5 45 0.000170561
90 45 0.000183562
90.5 45 0.000343077
91 45 0.000315161
91.5 45 0.000367797
92 45 0.000361234
92.5 45 0.000304875
93 45 9.73004e-05
93.5 45 3.63341e-05
94 45 -6.94119e-05
94.5 45 -0.000173893
95 45 -0.000175444
95.5 45 -0.000176072
96 45 -0.000186875
96.5 45 2.07614e-05
97 45 2.35766e-05
97.5 45 0.000247263
98 45 -2.00955e-05
98.5 45 0.000196656
99 45 -4.38966e-05
99.5 45 0.000124816
100 45 -5.68161e-05
100.5 45 3.50445e-05
101 45 4.55779e-06
101.5 45 4.04131e-05
102 45 8.81327e-05
102.5 45 0.000212286
103 45 0.000119133
103.5 45 0.000117352
104 45 0.00022222
104.5 45 9.07843e-05
105 45 0.000170111
105.5 45 4.82715e-05
106 45 0.000190263
106.5 45 0.000143486
107 45 0.000264103
107.5 45 0.000190181
108 45 0.000186508
108.5 45 0.000241426
109 45 0.000152396
109.5 45 0.000210747
110 45 0.000157497
110.5 45 0.000168346
111 45 0.000302887
111.5 45 0.000126539
112 45 0.00014541
112.5 45 0.000195438
113 45 0.000161222
113.5 45 0.000169606
114 45 0.000236577
114.5 45 0.000271866
115 45 0.000155125
115.5 45 0.000252278
116 45 0.000288007
116.5 45 0.000347128
117 45 0.00024635
117.5 45 0.000334267
118 45 0.000196173
118.5 45 0.000502317
119 45 0.000281719
119.5 45 0.000315441
120 45 0.000369599
120.5 45 0.000176304
121 45 0.00071041
121.5 45 0.000468889
122 45 0.000374845
122.5 45 0.00127409
123 45 -0.00018231
123.5 45 0.000739072
124 45 0.00122179
124.5 45 -0.00127678
125 45 -0.0117845
125.5 45 0.00201225
126 45 -0.000608268
126.5 45 -0.0236244
127 45 0.0712302
127.5 45 -0.0266604
128 45 0.000516756
128.5 45 0.000335758
129 45 -0.000259762
129.5 45 8.72984e-05
130 45 -0.00484789
130.5 45 -0.00432649
131 45 0.000301768
87 45.5 0.000429215
87.5 45.5 0.000632815
88 45.5 7.77967e-05
88.5 45.5 -0.000208076
89 45.5 -0.000274174
89.5 45.5 -0.000455942
90 45.5 -0.000300356
90.5 45.5 -0.000222967
91 45.5 -0.000144289
91.5 45.5 7.50405e-05
92 45.5 -0.000123861
92.5 45.5 0.000236975
93 45.5 0.000276463
93.5 45.5 0.000353128
94 45.5 0.000232444
94.5 45.5 0.000239045
95 45.5 4.17402e-05
95.5 45.5 -6.51572e-05
96 45.5 -0.000143984
96.5 45.5 -0.000170701
97 45.5 -0.000103599
97.5 45.5 -0.000128322
98 45.5 6.74959e-05
98.5 45.5 1.38069e-05
99 45.5 -0.00212009
99.5 45.5 0.000104079
100 45.5 0.000269063
100.5 45.5 0.000114051
101 45.5 8.20877e-05
101.5 45.5 5.34112e-05
102 45.5 2.49706e-05
102.5 45.5 4.43902e-05
103 45.5 0.000164579
103.5 45.5 0.000157468
104 45.5 0.000166225
104.5 45.5 0.000251847
105 45.5 0.000140214
105.5 45.5 0.000209163
106 45.5 0.000101581
106.5 45.5 0.000270891
107 45.5 0.000147343
107.5 45.5 0.000138854
108 45.5 0.000138589
108.5 45.5 0.000184178
109 45.5 0.000212319
109.5 45.5 0.000166609
110 45.5 0.000118729
110.5 45.5 0.00022057
111 45.5 7.72231e-05
111.5 45.5 0.000181532
112 45.5 8.08467e-05
112.5 45.5 8.24266e-05
113 45.5 0.000270983
113.5 45.5 0.000107869
114 45.5 0.00026207
114.5 45.5 -3.78794e-06
115 45.5 0.000294044
115.5 45.5 0.000165627
116 45.5 0.000226512
116.5 45.5 0.00019329
117 45.5 0.000227816
117.5 45.5 0.000262692
118 45.5 0.000206851
118.5 45.5 0.000343305
119 45.5 0.000210131
119.5 45.5 0.000387657
120 45.5 0.000374731
120.5 45.5 0.000344915
121 45.5 0.000229334
121.5 45.5 0.000548233
122 45.5 0.000303012
122.5 45.5 6.51749e-05
123 45.5 0.00122355
123.5 45.5 -0.000899987
124 45.5 9.82705e-06
124.5 45.5 0.00155359
125 45.5 0.000766737
125.5 45.5 -0.000630363
126 45.5 -0.000525358
126.5 45.5 0.00119354
127 45.5 -0.0115452
127.5 45.5 0.00141444
128 45.5 0.00159987
128.5 45.5 0.00113948
129 45.5 0.000779794
129.5 45.5 0.000670181
130 45.5 0.00209736
130.5 45.5 0.00141827
131 45.5 0.000736608
87 46 0.000132744
87.5 46 0.000663194
88 46 0.000609398
88.5 46 0.000494134
89 46 0.000565227
89.5 46 0.000278082
90 46 4.76775e-05
90.5 46 -0.000454004
91 46 -0.000512438
91.5 46 -0.000635696
92 46 -0.0004324
92.5 46 -0.000486982
93 46 -0.000357735
93.5 46 -0.000148492
94 46 0.00011255
94.5 46 0.00019014
95 46 0.000353798
95.5 46 0.000355214
96 46 0.000449709
96.5 46 0.000121237
97 46 0.000179499
97.5 46 3.64736e-05
98 46 -0.000221108
98.5 46 -0.000125766
99 46 0.0363028
99.5 46 -9.0706e-06
100 46 -0.00293631
100.5 46 6.32491e-05
101 46 0.00037208
101.5 46 0.000252652
102 46 0.0002039
102.5 46 0.000219957
103 46 3.88718e-05
103.5 46 0.000153461
104 46 6.06053e-05
104.5 46 0.000178997
105 46 9.99705e-05
105.5 46 8.32743e-05
106 46 0.000175712
106.5 46 0.000151941
107 46 0.000200459
107.5 46 0.000130134
108 46 0.000141683
108.5 46 0.000152565
109 46 0.000119319
109.5 46 7.82378e-05
110 46 0.000153418
110.5 46 0.000108642
111 46 0.000196592
111.5 46 0.00012663
112 46 0.000252778
112.5 46 0.000204292
113 46 0.000296208
113.5 46 0.000241778
114 46 0.000299457
114.5 46 0.00017383
115 46 0.000267627
115.5 46 0.000214275
116 46 0.000216816
116.5 46 0.000208607
117 46 0.000288654
117.5 46 0.000284815
118 46 0.000157893
118.5 46 0.000203751
119 46 0.000388246
119.5 46 0.000328498
120 46 0.000363383
120.5 46 0.000532896
121 46 0.000309475
121.5 46 0.00014225
122 46 0.000814658
122.5 46 0.000592121
123 46 2.36973e-05
123.5 46 0.00128918
124 46 0.000720128
124.5 46 -0.000371781
125 46 4.07413e-05
125.5 46 0.00105236
126 46 9.01248e-05
126.5 46 -2.86012e-05
127 46 0.00010109
127.5 46 0.0015508
128 46 -0.00143208
128.5 46 5.15743e-05
129 46 0.000499427
129.5 46 0.000942913
130 46 -0.000783006
130.5 46 0.000535967
131 46 -0.00101124
87 46.5 -0.000450448
87.5 46.5 -0.000537295
88 46.5 -0.000369601
88.5 46.5 0.000112872
89 46.5 0.00021654
89.5 46.5 0.000502765
90 46.5 0.000524656
90.5 46.5 0.000484029
91 46.5 0.000344204
91.5 46.5 0.000259837
92 46.5 6.22139e-05
92.5 46.5 -4.69542e-05
93 46.5 -0.000272372
93.5 46.5 -0.00037303
94 46.5 -0.000491613
94.5 46.5 -0.000385309
95 46.5 -0.000338534
95.5 46.5 -9.80212e-05
96 46.5 5.67083e-05
96.5 46.5 0.000268613
97 46.5 0.000307118
97.5 46.5 0.000401865
98 46.5 -0.00445286
98.5 46.5 0.0770479
99 46.5 -0.211822
99.5 46.5 0.0765951
100 46.5 0.0419613
100.5 46.5 -0.000112619
101 46.5 -0.000104725
101.5 46.5 -0.0021378
102 46.5 0.00026653
102.5 46.5 6.57707e-05
103 46.5 0.000202079
103.5 46.5 0.000228945
104 46.5 0.000222035
104.5 46.5 8.82426e-05
105 46.5 0.000117078
105.5 46.5 8.7528e-05
106 46.5 3.70608e-05
106.5 46.5 8.00913e-05
107 46.5 0.000151403
107.5 46.5 0.000177217
108 46.5 0.000177809
108.5 46.5 0.000318746
109 46.5 0.0003274
109.5 46.5 0.000209801
110 46.5 0.000213525
110.5 46.5 0.000156488
111 46.5 0.000262756
111.5 46.5 0.00024344
112 46.5 0.000213236
112.5 46.5 0.000166393
113 46.5 0.000245454
113.5 46.5 0.00031094
114 46.5 0.000130899
114.5 46.5 0.000330228
115 46.5 7.40617e-05
115.5 46.5 0.000422548
116 46.5 0.000165684
116.5 46.5 0.000370972
117 46.5 0.000210075
117.5 46.5 0.000462175
118 46.5 0.000302257
118.5 46.5 0.00035868
119 46.5 0.000378421
119.5 46.5 0.000373804
120 46.5 0.000453389
120.5 46.5 0.000244529
121 46.5 0.000631853
121.5 46.5 0.000376028
122 46.5 0.000250543
122.5 46.5 0.000517243
123 46.5 0.000700549
123.5 46.5 -0.000475446
124 46.5 0.000490459
124.5 46.5 0.000277113
125 46.5 0.00176253
125.5 46.5 -0.00117225
126 46.5 0.000237937
126.5 46.5 0.000672737
127 46.5 0.000771335
127.5 46.5 1.257e-05
128 46.5 0.000517082
128.5 46.5 0.000657128
129 46.5 0.000528988
129.5 46.5 0.000736686
130 46.5 0.000264151
130.5 46.5 0.00157087
131 46.5 -0.0278858
87 47 -0.000216727
87.5 47 -0.000620772
88 47 -0.000683154
88.5 47 -0.000897069
89 47 -0.000638285
89.5 47 -0.000729374
90 47 -0.000486663
90.5 47 -0.000140559
91 47 0.000275226
91.5 47 0.000590679
92 47 0.000744894
92.5 47 0.000723419
93 47 0.000765368
93.5 47 0.00040647
94 47 0.000330281
94.5 47 -8.08329e-06
95 47 -0.000125259
95.5 47 -0.000458548
96 47 -0.000529539
96.5 47 -0.000414438
97 47 -0.000217712
97.5 47 -0.000148908
98 47 4.45227e-05
98.5 47 0.000216853
99 47 0.0307278
99.5 47 0.10018
100 47 -0.274162
100.5 47 0.100346
101 47 -0.0059534
101.5 47 0.033772
102 47 -5.75408e-05
102.5 47 -0.00171079
103 47 -5.26448e-05
103.5 47 -1.3642e-05
104 47 8.93505e-05
104.5 47 0.000163782
105 47 0.000200985
105.5 47 0.000305057
106 47 0.000205537
106.5 47 0.000269544
107 47 0.000179007
107.5 47 7.06514e-05
108 47 0.000111161
108.5 47 0.000267635
109 47 0.000140522
109.5 47 0.000290426
110 47 0.000244979
110.5 47 0.000294454
111 47 0.000314965
111.5 47 0.000337829
112 47 0.000213148
112.5 47 0.000283959
113 47 0.000248925
113.5 47 0.000266714
114 47 0.000335077
114.5 47 3.41869e-05
115 47 0.000333994
115.5 47 0.000142961
116 47 0.000589412
116.5 47 0.000267869
117 47 0.000343359
117.5 47 0.000304689
118 47 0.00034063
118.5 47 0.000300274
119 47 0.000252344
119.5 47 0.000424765
120 47 0.000183722
120.5 47 0.000377276
121 47 0.000190403
121.5 47 0.00024992
122 47 0.000300222
122.5 47 0.000154912
123 47 0.000380831
123.5 47 9.83858e-05
124 47 0.000745373
124.5 47 0.000619653
125 47 -0.000678842
125.5 47 0.0011557
126 47 0.000824422
126.5 47 0.000960792
127 47 -0.000218676
127.5 47 0.00169824
128 47 0.000500541
128.5 47 0.000671735
129 47 0.000327761
129.5 47 0.000814519
130 47 -0.000179469
130.5 47 -0.00182853
131 47 0.011467
87 47.5 0.000419698
87.5 47.5 0.000281918
88 47.5 -0.000301276
88.5 47.5 -8.07862e-05
89 47.5 -0.000432753
89.5 47.5 -0.000481036
90 47.5 -0.000720981
90.5 47.5 -0.000853166
91 47.5 -0.000826695
91.5 47.5 -0.000768852
92 47.5 -0.000496796
92.5 47.5 -0.000196768
93 47.5 6.5806e-05
93.5 47.5 0.000484614
94 47.5 0.000554093
94.5 47.5 0.000914172
95 47.5 0.000796084
95.5 47.5 0.000747421
96 47.5 0.000640313
96.5 47.5 0.000236637
97 47.5 7.58498e-05
97.5 47.5 -0.000187174
98 47.5 -0.000348167
98.5 47.5 -0.000401625
99 47.5 -0.0027322
99.5 47.5 -0.000351101
100 47.5 0.0465216
100.5 47.5 -0.00453479
101 47.5 0.073345
101.5 47.5 -0.199689
102 47.5 0.0736158
102.5 47.5 0.0220617
103 47.5 0.000448726
103.5 47.5 0.000378349
104 47.5 6.65513e-05
104.5 47.5 -0.00170275
105 47.5 -2.73312e-05
105.5 47.5 -0.000242266
106 47.5 2.65229e-05
106.5 47.5 0.000113167
107 47.5 0.000286108
107.5 47.5 0.000246232
108 47.5 0.000388053
108.5 47.5 0.00041995
109 47.5 0.000318401
109.5 47.5 0.000302279
110 47.5 0.000236119
110.5 47.5 0.000162651
111 47.5 0.000112721
111.5 47.5 0.000178874
112 47.5 6.42775e-05
112.5 47.5 0.000205937
113 47.5 0.000250728
113.5 47.5 0.000246368
114 47.5 0.000139476
114.5 47.5 0.000232577
115 47.5 0.00011497
115.5 47.5 0.000267981
116 47.5 0.000252631
116.5 47.5 0.000267243
117 47.5 0.000343152
117.5 47.5 0.000301659
118 47.5 0.000245563
118.5 47.5 0.000223687
119 47.5 0.000297013
119.5 47.5 0.000166104
120 47.5 0.000201455
120.5 47.5 0.000265829
121 47.5 0.000362506
121.5 47.5 0.00027383
122 47.5 0.000386622
122.5 47.5 0.000507078
123 47.5 7.47089e-05
123.5 47.5 0.000178986
124 47.5 0.000102149
124.5 47.5 7.12691e-05
125 47.5 0.00150512
125.5 47.5 0.000205683
126 47.5 0.000487629
126.5 47.5 -0.000460622
127 47.5 0.000629857
127.5 47.5 0.000680817
128 47.5 4.57948e-05
128.5 47.5 0.00049243
129 47.5 0.000965559
129.5 47.5 6.97591e-05
130 47.5 -0.000145219
130.5 47.5 -0.000384512
131 47.5 0.00773828
87 48 0.0011997
87.5 48 0.00123228
88 48 0.00078667
88.5 48 0.000528536
89 48 0.000614231
89.5 48 0.000183011
90 48 0.000141317
90.5 48 -0.000122156
91 48 -0.000313974
91.5 48 -0.00045445
92 48 -0.000788837
92.5 48 -0.000734239
93 48 -0.000762928
93.5 48 -0.000884386
94 48 -0.000399057
94.5 48 -0.000714488
95 48 -0.000267716
95.5 48 0.000436503
96 48 0.000197065
96.5 48 0.00085388
97 48 0.0010395
97.5 48 0.00100921
98 48 0.000846185
98.5 48 0.000700014
99 48 0.000431063
99.5 48 9.92701e-05
100 48 -0.00305556
100.5 48 -0.000529017
101 48 -0.000541982
101.5 48 0.0293415
102 48 0.0572781
102.5 48 -0.156816
103 48 0.0574755
103.5 48 -0.00346227
104 48 -0.000288563
104.5 48 0.0256124
105 48 0.000600182
105.5 48 0.000575362
106 48 -0.000466104
106.5 48 0.000159992
107 48 0.000100715
107.5 48 -3.98668e-05
108 48 -9.4461e-05
108.5 48 2.05937e-06
109 48 0.000210731
109.5 48 0.000139798
110 48 0.00017578
110.5 48 0.000178783
111 48 0.000170521
111.5 48 0.00012801
112 48 0.000167867
112.5 48 0.000101648
113 48 0.000171265
113.5 48 0.000122042
114 48 9.80586e-05
114.5 48 0.000279781
115 48 0.000185041
115.5 48 2.68253e-05
116 48 0.000154305
116.5 48 0.000219031
117 48 0.000333771
117.5 48 0.000261085
118 48 0.000261018
118.5 48 0.000255409
119 48 0.000316858
119.5 48 0.000132322
120 48 0.000237006
120.5 48 0.000222254
121 48 0.000369712
121.5 48 0.000345756
122 48 0.00032312
122.5 48 0.000350428
123 48 8.82753e-05
123.5 48 0.000673846
124 48 0.000658973
124.5 48 3.91179e-05
125 48 0.000452622
125.5 48 0.000271264
126 48 7.4618e-05
126.5 48 0.00135643
127 48 0.000802848
127.5 48 -0.000560503
128 48 0.000610643
128.5 48 0.000414159
129 48 0.00102975
129.5 48 -0.000416867
130 48 -0.00227144
130.5 48 0.0116366
131 48 -0.0144945
87 48.5 2.7904e-06
87.5 48.5 0.000156787
88 48.5 0.000267034
88.5 48.5 0.000891786
89 48.5 0.00108237
89.5 48.5 0.00115203
90 48.5 0.00118699
90.5 48.5 0.000933721
91 48.5 0.000832569
91.5 48.5 0.00057982
92 48.5 0.000425305
92.5 48.5 0.000188616
93 48.5 2.56983e-05
93.5 48.5 -0.000172639
94 48.5 -0.000418487
94.5 48.5 -0.000503528
95 48.5 -0.00071168
95.5 48.5 -0.000869996
96 48.5 -0.000787206
96.5 48.5 -0.000864266
97 48.5 -0.000611986
97.5 48.5 -0.000336956
98 48.5 9.0564e-05
98.5 48.5 0.000424484
99 48.5 0.000675385
99.5 48.5 0.000876765
100 48.5 0.000895831
100.5 48.5 0.000992319
101 48.5 0.000928306
101.5 48.5 -0.00137705
102 48.5 0.000596252
102.5 48.5 0.0257609
103 48.5 -7.6861e-06
103.5 48.5 -0.00390196
104 48.5 0.0712358
104.5 48.5 -0.146308
105 48.5 0.0580962
105.5 48.5 -0.00367412
106 48.5 0.0128496
106.5 48.5 0.000382299
107 48.5 0.000317353
107.5 48.5 0.000515008
108 48.5 0.000535863
108.5 48.5 0.000535124
109 48.5 0.000264989
109.5 48.5 0.0002042
110 48.5 6.13321e-05
110.5 48.5 -0.000150273
111 48.5 -0.000158876
111.5 48.5 -7.17024e-05
112 48.5 -5.78679e-05
112.5 48.5 0.000122452
113 48.5 0.000219722
113.5 48.5 0.000282572
114 48.5 0.000272616
114.5 48.5 0.000319895
115 48.5 0.000209907
115.5 48.5 6.68627e-05
116 48.5 0.000172723
116.5 48.5 0.000288836
117 48.5 0.000171074
117.5 48.5 0.000312981
118 48.5 0.000168566
118.5 48.5 0.000311169
119 48.5 0.000115135
119.5 48.5 0.000291825
120 48.5 0.000228012
120.5 48.5 0.000441281
121 48.5 0.000324159
121.5 48.5 0.000163035
122 48.5 0.000409369
122.5 48.5 0.000324342
123 48.5 0.000591692
123.5 48.5 0.000311558
124 48.5 0.000379826
124.5 48.5 0.000533017
125 48.5 5.09866e-05
125.5 48.5 0.001212
126 48.5 0.000318446
126.5 48.5 0.000408136
127 48.5 2.98614e-05
127.5 48.5 0.000445408
128 48.5 0.00073472
128.5 48.5 0.00109606
129 48.5 8.10342e-05
129.5 48.5 0.0113385
130 48.5 -0.00338164
130.5 48.5 0.0523176
131 48.5 -0.0776761
87 49 6.1196e-05
87.5 49 -0.00117089
88 49 -0.00104899
88.5 49 -0.000811063
89 49 -0.000663072
89.5 49 -0.000409151
90 49 9.34191e-05
90.5 49 0.000567508
91 49 0.000988328
91.5 49 0.00125026
92 49 0.0013519
92.5 49 0.00145176
93 49 0.00133411
93.5 49 0.0011492
94 49 0.000983571
94.5 49 0.000741159
95 49 0.000493855
95.5 49 0.000306037
96 49 3.27418e-05
96.5 49 -0.000236155
97 49 -0.000424632
97.5 49 -0.000635861
98 49 -0.000803181
98.5 49 -0.000902698
99 49 -0.000907062
99.5 49 -0.000982438
100 49 -0.00084592
100.5 49 -0.000591223
101 49 -0.000335572
101.5 49 0.000135306
102 49 0.000468578
102.5 49 -0.000794305
103 49 -0.000842175
103.5 49 0.0291469
104 49 -0.0495109
104.5 49 -0.0235862
105 49 0.0267551
105.5 49 0.0283504
106 49 -0.0802883
106.5 49 0.0296909
107 49 -0.00225002
107.5 49 -0.000364863
108 49 -0.000464975
108.5 49 -0.000321105
109 49 -0.00023407
109.5 49 4.01867e-05
110 49 0.000119429
110.5 49 0.000210378
111 49 0.000324477
111.5 49 0.00044801
112 49 0.000442876
112.5 49 0.000351285
113 49 0.00026557
113.5 49 0.000261061
114 49 0.000126778
114.5 49 0.000133747
115 49 -1.82453e-05
115.5 49 6.37235e-05
116 49 0.000100013
116.5 49 0.000151136
117 49 0.000192108
117.5 49 0.000195907
118 49 0.000488065
118.5 49 1.00265e-05
119 49 0.00038206
119.5 49 9.73393e-05
120 49 0.00029872
120.5 49 9.64394e-05
121 49 0.000332065
121.5 49 0.000151768
122 49 0.000308609
122.5 49 0.000463832
123 49 2.57255e-05
123.5 49 0.000215495
124 49 6.95888e-05
124.5 49 0.000637061
125 49 0.000618108
125.5 49 -0.000119729
126 49 4.0796e-05
126.5 49 4.24439e-05
127 49 0.000211198
127.5 49 0.000620109
128 49 0.000295825
128.5 49 -0.000812604
129 49 0.0300098
129.5 49 -0.0732451
130 49 0.08119
130.5 49 -0.109165
131 49 0.0525145
87 49.5 0.000554867
87.5 49.5 -5.91182e-05
88 49.5 -0.000330666
88.5 49.5 -0.000449875
89 49.5 -0.000465977
89.5 49.5 -0.00080061
90 49.5 -0.000941018
90.5 49.5 -0.0011928
91 49.5 -0.00113277
91.5 49.5 -0.00114194
92 49.5 -0.000887133
92.5 49.5 -0.000386665
93 49.5 -2.01203e-05
93.5 49.5 0.000335947
94 49.5 0.000802593
94.5 49.5 0.00113891
95 49.5 0.00130881
95.5 49.5 0.00149896
96 49.5 0.0014999
96.5 49.5 0.00149765
97 49.5 0.00132443
97.5 49.5 0.0011709
98 49.5 0.00104048
98.5 49.5 0.000793144
99 49.5 0.00042074
99.5 49.5 0.000214677
100 49.5 -6.87291e-05
100.5 49.5 -0.000330088
101 49.5 -0.000595213
101.5 49.5 -0.000743476
102 49.5 -0.00105318
102.5 49.5 -0.00102777
103 49.5 -0.00105528
103.5 49.5 -0.000962577
104 49.5 0.0122387
104.5 49.5 0.0108134
105 49.5 -0.000198877
105.5 49.5 0.000189824
106 49.5 0.0133472
106.5 49.5 0.000632362
107 49.5 0.000882929
107.5 49.5 0.000818153
108 49.5 0.000828261
108.5 49.5 0.000867246
109 49.5 0.000809709
109.5 49.5 0.000178137
110 49.5 0.000204464
110.5 49.5 -9.02369e-05
111 49.5 -6.65652e-05
111.5 49.5 -0.000249897
112 49.5 -0.00049066
112.5 49.5 -0.000156
113 49.5 -0.000109512
113.5 49.5 0.000134331
114 49.5 0.000303776
114.5 49.5 -0.0004305
115 49.5 -0.000416679
115.5 49.5 -0.000427981
116 49.5 -0.000360246
116.5 49.5 -0.000350051
117 49.5 0.000261503
117.5 49.5 0.00030628
118 49.5 0.000224281
118.5 49.5 0.000166803
119 49.5 -4.62194e-05
119.5 49.5 0.000336159
120 49.5 0.000283575
120.5 49.5 0.000245964
121 49.5 0.000181626
121.5 49.5 0.000189244
122 49.5 0.000377825
122.5 49.5 0.000252453
123 49.5 0.00029771
123.5 49.5 0.00032585
124 49.5 0.000648942
124.5 49.5 9.39388e-05
125 49.5 0.000569373
125.5 49.5 0.000370987
126 49.5 0.000315744
126.5 49.5 0.000213945
127 49.5 0.000325832
127.5 49.5 0.000602052
128 49.5 0.00122283
128.5 49.5 -0.00155837
129 49.5 0.0408699
129.5 49.5 -0.0377232
130 49.5 -0.0208241
130.5 49.5 0.0360133
131 49.5 -0.0037252
87 50 0.000524968
87.5 50 -0.00040128
88 50 0.000269094
88.5 50 3.72369e-05
89 50 -0.000101862
89.5 50 -5.5065e-05
90 50 -0.000310038
90.5 50 -3.80706e-05
91 50 -0.000209522
91.5 50 -0.000279475
92 50 -0.000380247
92.5 50 -0.00147493
93 50 -0.000561536
93.5 50 -0.00112348
94 50 -0.00102236
94.5 50 -0.00163248
95 50 -0.000683736
95.5 50 -0.00152723
96 50 -0.000485749
96.5 50 -0.00037347
97 50 7.8418e-05
97.5 50 0.000426906
98 50 0.00076062
98.5 50 0.00076862
99 50 0.00145749
99.5 50 0.00147375
100 50 0.00152498
100.5 50 0.00154259
101 50 0.00157913
101.5 50 0.00165458
102 50 0.0015118
102.5 50 0.00132655
103 50 0.00111087
103.5 50 0.000978681
104 50 -0.000445719
104.5 50 -0.000535682
105 50 -0.000135404
105.5 50 -0.000359329
106 50 -0.0014817
106.5 50 -0.000901198
107 50 -0.000949983
107.5 50 -0.00102956
108 50 -0.00106102
108.5 50 -0.000863351
109 50 -0.000625799
109.5 50 -0.000480851
110 50 5.03394e-05
110.5 50 0.000398078
111 50 0.000142161
111.5 50 0.00032468
112 50 0.0019043
112.5 50 0.000612979
113 50 0.000793814
113.5 50 0.000916616
114 50 0.000544217
117 50 0.00016064
117.5 50 0.00018173
118 50 0.000186703
118.5 50 -7.09142e-05
119 50 0.000112454
119.5 50 0.000144707
120 50 0.000163701
120.5 50 0.000123947
121 50 0.00018679
121.5 50 0.000340084
122 50 0.000295928
122.5 50 -0.000459803
123 50 0.000287569
123.5 50 -3.58087e-05
124 50 0.000333467
124.5 50 0.000401767
125 50 6.25806e-05
125.5 50 0.00014048
126 50 2.46523e-05
126.5 50 0.00026724
127 50 0.00086886
127.5 50 0.00119343
128 50 -0.00102229
130.5 50 -0.000475129
131 50 -0.0027373
