87 24 3.33676
87.5 24 3.42727
88 24 3.12586
88.5 24 3.15316
89 24 3.15141
89.5 24 3.15827
90 24 3.15462
90.5 24 3.13126
91 24 3.17187
91.5 24 3.17439
92 24 2.90226
92.5 24 3.26613
93 24 3.23654
93.5 24 2.93598
94 24 3.22777
94.5 24 3.07561
95 24 3.02438
95.5 24 3.03325
96 24 3.1439
96.5 24 3.1774
97 24 3.10126
97.5 24 2.9569
98 24 2.70825
98.5 24 2.68912
99 24 2.81347
99.5 24 3.08654
100 24 3.13044
100.5 24 3.11834
101 24 3.10296
101.5 24 3.10569
102 24 3.12576
102.5 24 3.11352
103 24 3.11496
103.5 24 3.12889
104 24 3.1651
104.5 24 3.20213
105 24 3.21894
105.5 24 3.22384
106 24 3.23017
106.5 24 3.2398
107 24 3.2523
107.5 24 3.26565
108 24 3.28984
108.5 24 3.28323
109 24 3.28861
109.5 24 3.27809
110 24 2.99732
110.5 24 3.21999
111 24 3.2418
111.5 24 3.26446
112 24 3.31633
112.5 24 3.30136
113 24 3.30322
113.5 24 3.29724
114 24 3.29366
114.5 24 3.16309
115 24 3.26539
115.5 24 3.307
116 24 3.12897
116.5 24 3.28321
117 24 3.26653
117.5 24 3.27298
118 24 3.24608
118.5 24 3.21716
119 24 3.18472
119.5 24 3.14716
120 24 3.09098
120.5 24 3.05349
121 24 3.05713
121.5 24 3.07246
122 24 3.08478
122.5 24 3.09368
123 24 3.08855
123.5 24 3.04831
124 24 3.023
124.5 24 3.00392
125 24 3.03399
125.5 24 3.06075
126 24 3.0762
126.5 24 3.09924
127 24 3.11159
127.5 24 3.11925
128 24 3.13662
128.5 24 3.14214
129 24 3.13573
129.5 24 3.13823
130 24 3.13889
130.5 24 3.09882
131 24 2.94078
87 24.5 3.51545
87.5 24.5 3.1424
88 24.5 3.1776
88.5 24.5 3.15086
89 24.5 3.02039
89.5 24.5 3.14038
90 24.5 3.13574
90.5 24.5 3.14254
91 24.5 3.14213
91.5 24.5 3.11774
92 24.5 3.1493
92.5 24.5 3.15605
93 24.5 2.93102
93.5 24.5 3.20842
94 24.5 3.19192
94.5 24.5 2.99168
95 24.5 3.09292
95.5 24.5 3.00916
96 24.5 3.04717
96.5 24.5 3.17835
97 24.5 3.32368
97.5 24.5 2.99614
98 24.5 2.7313
98.5 24.5 2.69586
99 24.5 2.98407
99.5 24.5 3.3068
100 24.5 3.1337
100.5 24.5 3.13109
101 24.5 3.10755
101.5 24.5 3.10388
102 24.5 3.10243
102.5 24.5 3.10738
103 24.5 3.10379
103.5 24.5 3.10943
104 24.5 3.13849
104.5 24.5 3.17365
105 24.5 3.20794
105.5 24.5 3.22948
106 24.5 3.24045
106.5 24.5 3.24226
107 24.5 3.24778
107.5 24.5 3.26314
108 24.5 3.26533
108.5 24.5 3.27786
109 24.5 3.26779
109.5 24.5 3.2615
110 24.5 3.25742
110.5 24.5 3.26229
111 24.5 3.21043
111.5 24.5 3.17446
112 24.5 3.12907
112.5 24.5 3.26365
113 24.5 3.29201
113.5 24.5 3.29032
114 24.5 3.28531
114.5 24.5 3.28666
115 24.5 3.26452
115.5 24.5 3.23334
116 24.5 3.22845
116.5 24.5 3.27002
117 24.5 3.27733
117.5 24.5 3.28317
118 24.5 3.28391
118.5 24.5 3.25295
119 24.5 3.21493
119.5 24.5 3.16149
120 24.5 3.08066
120.5 24.5 3.04622
121 24.5 3.05312
121.5 24.5 3.07095
122 24.5 3.07589
122.5 24.5 3.09074
123 24.5 3.07703
123.5 24.5 3.02587
124 24.5 3.00101
124.5 24.5 3.0035
125 24.5 3.03237
125.5 24.5 3.05695
126 24.5 3.06358
126.5 24.5 3.07478
127 24.5 3.09682
127.5 24.5 3.11862
128 24.5 3.13142
128.5 24.5 3.13588
129 24.5 3.13667
129.5 24.5 3.13225
130 24.5 3.13664
130.5 24.5 3.14404
131 24.5 3.05529
87 25 3.15829
87.5 25 2.84651
88 25 2.90169
88.5 25 3.18625
89 25 3.56764
89.5 25 3.33359
90 25 3.12546
90.5 25 3.12325
91 25 3.12048
91.5 25 3.12594
92 25 3.12615
92.5 25 3.099
93 25 3.10758
93.5 25 3.11439
94 25 3.01753
94.5 25 3.16204
95 25 3.0745
95.5 25 3.12004
96 25 3.1008
96.5 25 3.03555
97 25 3.10298
97.5 25 2.99942
98 25 3.09896
98.5 25 3.27191
99 25 3.20612
99.5 25 3.07728
100 25 3.14837
100.5 25 3.11638
101 25 3.11235
101.5 25 3.10628
102 25 3.10111
102.5 25 3.09732
103 25 3.0971
103.5 25 3.1102
104 25 3.12988
104.5 25 3.15345
105 25 3.18734
105.5 25 3.22002
106 25 3.23446
106.5 25 3.24501
107 25 3.24362
107.5 25 3.24244
108 25 3.25219
108.5 25 3.2585
109 25 3.25563
109.5 25 3.25458
110 25 3.24718
110.5 25 3.25307
111 25 3.25556
111.5 25 3.26916
112 25 3.08176
112.5 25 3.09199
113 25 3.23807
113.5 25 3.28015
114 25 3.27979
114.5 25 3.2778
115 25 3.27624
115.5 25 3.23564
116 25 3.14484
116.5 25 3.09804
117 25 3.28734
117.5 25 3.28028
118 25 3.30139
118.5 25 3.29604
119 25 3.26202
119.5 25 3.20984
120 25 3.12234
120.5 25 3.07712
121 25 3.07256
121.5 25 3.08428
122 25 3.06777
122.5 25 3.08875
123 25 3.07756
123.5 25 3.02417
124 25 2.99976
124.5 25 3.02304
125 25 3.04288
125.5 25 3.05926
126 25 3.0508
126.5 25 3.04992
127 25 3.08601
127.5 25 3.11111
128 25 3.12213
128.5 25 3.13277
129 25 3.13697
129.5 25 3.12638
130 25 3.13786
130.5 25 3.1553
131 25 3.16342
87 25.5 3.13641
87.5 25.5 3.05651
88 25.5 3.07006
88.5 25.5 3.46686
89 25.5 3.51494
89.5 25.5 3.2817
90 25.5 3.15733
90.5 25.5 3.1082
91 25.5 3.10764
91.5 25.5 3.10802
92 25.5 3.10452
92.5 25.5 3.0981
93 25.5 3.09962
93.5 25.5 3.06838
94 25.5 3.06017
94.5 25.5 3.03049
95 25.5 3.01577
95.5 25.5 3.12116
96 25.5 3.06119
96.5 25.5 3.04481
97 25.5 3.05827
97.5 25.5 3.10854
98 25.5 3.48421
98.5 25.5 3.50773
99 25.5 3.09332
99.5 25.5 3.10896
100 25.5 2.94494
100.5 25.5 2.90152
101 25.5 3.11926
101.5 25.5 3.13664
102 25.5 3.13348
102.5 25.5 3.11989
103 25.5 3.10096
103.5 25.5 3.10518
104 25.5 3.13122
104.5 25.5 3.15088
105 25.5 3.17199
105.5 25.5 3.18903
106 25.5 3.213
106.5 25.5 3.22751
107 25.5 3.23279
107.5 25.5 3.23282
108 25.5 3.24208
108.5 25.5 3.25344
109 25.5 3.26483
109.5 25.5 3.25009
110 25.5 3.25405
110.5 25.5 3.24635
111 25.5 3.25401
111.5 25.5 3.24889
112 25.5 3.18298
112.5 25.5 3.06687
113 25.5 3.10162
113.5 25.5 3.24003
114 25.5 3.27963
114.5 25.5 3.27967
115 25.5 3.27828
115.5 25.5 3.08978
116 25.5 3.17684
116.5 25.5 3.2289
117 25.5 3.25776
117.5 25.5 3.2886
118 25.5 3.29753
118.5 25.5 3.31639
119 25.5 3.30393
119.5 25.5 3.2652
120 25.5 3.19516
120.5 25.5 3.12481
121 25.5 3.11161
121.5 25.5 3.09533
122 25.5 3.07024
122.5 25.5 3.09067
123 25.5 3.08539
123.5 25.5 3.03941
124 25.5 3.01858
124.5 25.5 3.04168
125 25.5 3.05226
125.5 25.5 3.0469
126 25.5 3.03245
126.5 25.5 3.04253
127 25.5 3.07683
127.5 25.5 3.10471
128 25.5 3.11705
128.5 25.5 3.13241
129 25.5 3.12627
129.5 25.5 3.12154
130 25.5 3.13618
130.5 25.5 3.11675
131 25.5 3.05617
87 26 3.15519
87.5 26 3.13751
88 26 3.27828
88.5 26 3.25909
89 26 3.18897
89.5 26 3.20857
90 26 3.14549
90.5 26 3.12499
91 26 3.09125
91.5 26 3.09606
92 26 3.0957
92.5 26 3.08569
93 26 3.07399
93.5 26 3.0695
94 26 3.06359
94.5 26 3.03392
95 26 3.02544
95.5 26 3.01197
96 26 3.02333
96.5 26 3.07928
97 26 3.21106
97.5 26 3.19093
98 26 3.30112
98.5 26 3.13043
99 26 2.98691
99.5 26 2.97936
100 26 2.87304
100.5 26 2.97505
101 26 3.13836
101.5 26 3.18146
102 26 3.18601
102.5 26 3.15661
103 26 3.11986
103.5 26 3.12167
104 26 3.12933
104.5 26 3.14347
105 26 3.16279
105.5 26 3.17561
106 26 3.18436
106.5 26 3.20236
107 26 3.21208
107.5 26 3.22132
108 26 3.23876
108.5 26 3.26178
109 26 3.26777
109.5 26 3.26807
110 26 3.25321
110.5 26 3.25224
111 26 3.24647
111.5 26 3.24782
112 26 3.25125
112.5 26 3.19245
113 26 3.09171
113.5 26 3.12049
114 26 3.24954
114.5 26 3.28607
115 26 3.27955
115.5 26 3.28152
116 26 3.22807
116.5 26 3.18955
117 26 3.25405
117.5 26 3.29539
118 26 3.29467
118.5 26 3.31308
119 26 3.32159
119.5 26 3.30204
120 26 3.25797
120.5 26 3.18833
121 26 3.15018
121.5 26 3.10492
122 26 3.09365
122.5 26 3.0903
123 26 3.09557
123.5 26 3.05782
124 26 3.04136
124.5 26 3.05262
125 26 3.0489
125.5 26 3.02412
126 26 3.0192
126.5 26 3.04096
127 26 3.07593
127.5 26 3.10525
128 26 3.11947
128.5 26 3.12404
129 26 3.11472
129.5 26 3.12211
130 26 3.1403
130.5 26 3.08816
131 26 2.97941
87 26.5 3.14611
87.5 26.5 3.13868
88 26.5 3.12256
88.5 26.5 3.09807
89 26.5 3.19354
89.5 26.5 3.2501
90 26.5 3.16007
90.5 26.5 2.97635
91 26.5 3.02458
91.5 26.5 3.08373
92 26.5 3.07496
92.5 26.5 3.07691
93 26.5 3.07012
93.5 26.5 3.05106
94 26.5 3.04076
94.5 26.5 3.03573
95 26.5 3.01657
95.5 26.5 3.00872
96 26.5 2.99823
96.5 26.5 3.02669
97 26.5 3.09024
97.5 26.5 3.12315
98 26.5 3.22705
98.5 26.5 3.06821
99 26.5 2.95953
99.5 26.5 2.94903
100 26.5 2.96765
100.5 26.5 3.05979
101 26.5 3.14669
101.5 26.5 3.17267
102 26.5 3.21246
102.5 26.5 3.19354
103 26.5 3.15635
103.5 26.5 3.14403
104 26.5 3.14816
104.5 26.5 3.15416
105 26.5 3.16607
105.5 26.5 3.17582
106 26.5 3.18857
106.5 26.5 3.1906
107 26.5 3.18885
107.5 26.5 3.20094
108 26.5 3.22655
108.5 26.5 3.26073
109 26.5 3.27739
109.5 26.5 3.27553
110 26.5 3.26124
110.5 26.5 3.25192
111 26.5 3.24111
111.5 26.5 3.24356
112 26.5 3.24737
112.5 26.5 3.26429
113 26.5 3.20375
113.5 26.5 3.11061
114 26.5 3.13994
114.5 26.5 3.25251
115 26.5 3.28344
115.5 26.5 3.27981
116 26.5 3.14175
116.5 26.5 3.29987
117 26.5 3.31205
117.5 26.5 3.17296
118 26.5 3.32047
118.5 26.5 3.30264
119 26.5 3.31815
119.5 26.5 3.32239
120 26.5 3.29489
120.5 26.5 3.24572
121 26.5 3.174
121.5 26.5 3.12943
122 26.5 3.10702
122.5 26.5 3.10469
123 26.5 3.09443
123.5 26.5 3.07443
124 26.5 3.0606
124.5 26.5 3.05399
125 26.5 3.04422
125.5 26.5 3.01655
126 26.5 3.02209
126.5 26.5 3.04638
127 26.5 3.07696
127.5 26.5 3.10593
128 26.5 3.10956
128.5 26.5 3.10489
129 26.5 3.10974
129.5 26.5 3.12622
130 26.5 3.14321
130.5 26.5 3.1211
131 26.5 2.99232
87 27 3.13315
87.5 27 3.12624
88 27 3.12589
88.5 27 3.12154
89 27 3.10639
89.5 27 3.09191
90 27 3.11519
90.5 27 3.13942
91 27 2.99321
91.5 27 2.94439
92 27 3.06693
92.5 27 3.05464
93 27 3.05286
93.5 27 3.05101
94 27 3.03583
94.5 27 3.01225
95 27 3.00813
95.5 27 3.00919
96 27 3.02224
96.5 27 3.05213
97 27 3.06905
97.5 27 3.16286
98 27 3.19634
98.5 27 3.13906
99 27 3.04518
99.5 27 2.95921
100 27 2.95343
100.5 27 3.03286
101 27 3.1885
101.5 27 3.18979
102 27 3.1977
102.5 27 3.18552
103 27 3.17526
103.5 27 3.17776
104 27 3.17216
104.5 27 3.17641
105 27 3.18786
105.5 27 3.19957
106 27 3.20395
106.5 27 3.19727
107 27 3.18787
107.5 27 3.18694
108 27 3.21286
108.5 27 3.24783
109 27 3.27968
109.5 27 3.28341
110 27 3.27465
110.5 27 3.25208
111 27 3.24161
111.5 27 3.22787
112 27 3.24567
112.5 27 3.25508
113 27 3.26649
113.5 27 3.20892
114 27 3.12933
114.5 27 3.14844
115 27 3.25013
115.5 27 3.27807
116 27 3.28794
116.5 27 3.28255
117 27 3.23646
117.5 27 3.26122
118 27 3.31621
118.5 27 3.29714
119 27 3.30823
119.5 27 3.32324
120 27 3.31341
120.5 27 3.2776
121 27 3.20191
121.5 27 3.14458
122 27 3.11629
122.5 27 3.11114
123 27 3.09326
123.5 27 3.08601
124 27 3.06768
124.5 27 3.05362
125 27 3.0418
125.5 27 3.03446
126 27 3.03302
126.5 27 3.04664
127 27 3.06699
127.5 27 3.08695
128 27 3.07776
128.5 27 3.07925
129 27 3.1072
129.5 27 3.13334
130 27 3.15401
130.5 27 3.16154
131 27 3.08877
87 27.5 2.88033
87.5 27.5 2.8885
88 27.5 2.98487
88.5 27.5 3.111
89 27.5 3.114
89.5 27.5 3.10869
90 27.5 3.04944
90.5 27.5 3.07144
91 27.5 3.11803
91.5 27.5 3.01711
92 27.5 2.95587
92.5 27.5 3.06841
93 27.5 3.03902
93.5 27.5 3.0387
94 27.5 3.03621
94.5 27.5 3.02203
95 27.5 3.01424
95.5 27.5 3.02947
96 27.5 3.05864
96.5 27.5 3.10455
97 27.5 3.14792
97.5 27.5 3.15814
98 27.5 3.18369
98.5 27.5 3.22279
99 27.5 3.14318
99.5 27.5 3.05448
100 27.5 2.96599
100.5 27.5 3.04678
101 27.5 3.22724
101.5 27.5 3.23918
102 27.5 3.24722
102.5 27.5 3.18534
103 27.5 3.17796
103.5 27.5 3.18012
104 27.5 3.19445
104.5 27.5 3.19747
105 27.5 3.19318
105.5 27.5 3.20134
106 27.5 3.21677
106.5 27.5 3.21282
107 27.5 3.19539
107.5 27.5 3.19682
108 27.5 3.21403
108.5 27.5 3.24432
109 27.5 3.27557
109.5 27.5 3.29494
110 27.5 3.28841
110.5 27.5 3.26412
111 27.5 3.23625
111.5 27.5 3.23025
112 27.5 3.23529
112.5 27.5 3.25475
113 27.5 3.26543
113.5 27.5 3.27187
114 27.5 3.21395
114.5 27.5 3.13654
115 27.5 3.15774
115.5 27.5 3.25617
116 27.5 3.28361
116.5 27.5 3.29495
117 27.5 3.24787
117.5 27.5 3.21965
118 27.5 3.2726
118.5 27.5 3.30846
119 27.5 3.28786
119.5 27.5 3.30522
120 27.5 3.3151
120.5 27.5 3.28969
121 27.5 3.234
121.5 27.5 3.15826
122 27.5 3.12908
122.5 27.5 3.10891
123 27.5 3.10432
123.5 27.5 3.08665
124 27.5 3.07368
124.5 27.5 3.05522
125 27.5 3.04402
125.5 27.5 3.05471
126 27.5 3.0397
126.5 27.5 3.03254
127 27.5 3.04735
127.5 27.5 3.05908
128 27.5 3.05419
128.5 27.5 3.06384
129 27.5 3.11737
129.5 27.5 3.15629
130 27.5 3.19264
130.5 27.5 3.19903
131 27.5 3.21476
87 28 3.01763
87.5 28 3.20222
88 28 3.10736
88.5 28 2.8963
89 28 2.69677
89.5 28 2.69528
90 28 2.68277
90.5 28 2.81193
91 28 2.85626
91.5 28 3.06108
92 28 3.08175
92.5 28 2.977
93 28 3.0184
93.5 28 3.0484
94 28 3.04961
94.5 28 3.05288
95 28 3.0662
95.5 28 3.08281
96 28 3.1135
96.5 28 3.14426
97 28 3.17159
97.5 28 3.1939
98 28 3.18615
98.5 28 3.16878
99 28 3.18449
99.5 28 3.2989
100 28 3.12219
100.5 28 3.05127
101 28 3.082
101.5 28 3.10036
102 28 3.08538
102.5 28 3.1966
103 28 3.18521
103.5 28 3.19653
104 28 3.18943
104.5 28 3.17812
105 28 3.18115
105.5 28 3.17848
106 28 3.19194
106.5 28 3.20875
107 28 3.21532
107.5 28 3.20721
108 28 3.21917
108.5 28 3.25095
109 28 3.28106
109.5 28 3.30049
110 28 3.29847
110.5 28 3.28497
111 28 3.25609
111.5 28 3.23609
112 28 3.23913
112.5 28 3.25705
113 28 3.26684
113.5 28 3.27698
114 28 3.26979
114.5 28 3.2181
115 28 3.15979
115.5 28 3.17548
116 28 3.23473
116.5 28 3.28485
117 28 3.16008
117.5 28 3.29709
118 28 3.30798
118.5 28 3.18937
119 28 3.27681
119.5 28 3.28517
120 28 3.29889
120.5 28 3.29414
121 28 3.2541
121.5 28 3.18796
122 28 3.13942
122.5 28 3.12538
123 28 3.11559
123.5 28 3.10022
124 28 3.08228
124.5 28 3.06087
125 28 3.05033
125.5 28 3.06036
126 28 3.03333
126.5 28 3.03053
127 28 3.02547
127.5 28 3.04916
128 28 3.04898
128.5 28 3.05817
129 28 3.1237
129.5 28 3.18796
130 28 3.24291
130.5 28 3.22201
131 28 3.195
87 28.5 3.02568
87.5 28.5 2.67099
88 28.5 2.6512
88.5 28.5 2.70433
89 28.5 2.7033
89.5 28.5 2.69564
90 28.5 2.90048
90.5 28.5 3.04277
91 28.5 3.06596
91.5 28.5 3.05349
92 28.5 2.88574
92.5 28.5 3.21917
93 28.5 3.06402
93.5 28.5 3.00999
94 28.5 3.10047
94.5 28.5 3.09435
95 28.5 3.10766
95.5 28.5 3.13879
96 28.5 3.16358
96.5 28.5 3.17729
97 28.5 3.17737
97.5 28.5 3.16798
98 28.5 3.17272
98.5 28.5 3.1724
99 28.5 3.15478
99.5 28.5 3.12724
100 28.5 3.1317
100.5 28.5 3.13743
101 28.5 3.05327
101.5 28.5 2.99684
102 28.5 3.05489
102.5 28.5 3.21533
103 28.5 3.23666
103.5 28.5 3.20163
104 28.5 3.1784
104.5 28.5 3.16904
105 28.5 3.13801
105.5 28.5 3.13332
106 28.5 3.15373
106.5 28.5 3.18078
107 28.5 3.20038
107.5 28.5 3.21611
108 28.5 3.2266
108.5 28.5 3.24089
109 28.5 3.27099
109.5 28.5 3.29532
110 28.5 3.30449
110.5 28.5 3.2881
111 28.5 3.27087
111.5 28.5 3.25405
112 28.5 3.25107
112.5 28.5 3.2521
113 28.5 3.26951
113.5 28.5 3.27793
114 28.5 3.27707
114.5 28.5 3.27258
115 28.5 3.22719
115.5 28.5 3.16782
116 28.5 3.12734
116.5 28.5 3.23503
117 28.5 3.28789
117.5 28.5 3.28538
118 28.5 3.23712
118.5 28.5 3.23814
119 28.5 3.29065
119.5 28.5 3.27375
120 28.5 3.28058
120.5 28.5 3.28624
121 28.5 3.26783
121.5 28.5 3.21843
122 28.5 3.16964
122.5 28.5 3.14142
123 28.5 3.13773
123.5 28.5 3.11092
124 28.5 3.08721
124.5 28.5 3.06738
125 28.5 3.05066
125.5 28.5 3.044
126 28.5 3.03121
126.5 28.5 3.03448
127 28.5 3.03078
127.5 28.5 3.0477
128 28.5 3.04826
128.5 28.5 3.03905
129 28.5 3.09804
129.5 28.5 3.19008
130 28.5 3.22768
130.5 28.5 3.2012
131 28.5 3.14238
87 29 2.62261
87.5 29 2.6638
88 29 3.03037
88.5 29 2.97617
89 29 2.84097
89.5 29 2.9729
90 29 3.07
90.5 29 2.93749
91 29 3.18004
91.5 29 3.11801
92 29 3.13876
92.5 29 2.92671
93 29 2.84659
93.5 29 3.02626
94 29 3.11547
94.5 29 3.14422
95 29 3.13848
95.5 29 3.14937
96 29 3.1729
96.5 29 3.18591
97 29 3.17638
97.5 29 3.15658
98 29 3.13985
98.5 29 3.14236
99 29 3.1462
99.5 29 3.12918
100 29 3.10256
100.5 29 3.10599
101 29 3.26191
101.5 29 3.13645
102 29 3.07604
102.5 29 3.09509
103 29 3.06651
103.5 29 3.15593
104 29 3.17727
104.5 29 3.1431
105 29 3.13436
105.5 29 3.11445
106 29 3.11504
106.5 29 3.15163
107 29 3.17501
107.5 29 3.19074
108 29 3.20822
108.5 29 3.2294
109 29 3.2443
109.5 29 3.26145
110 29 3.27394
110.5 29 3.28201
111 29 3.2679
111.5 29 3.25043
112 29 3.24423
112.5 29 3.25405
113 29 3.26271
113.5 29 3.2669
114 29 3.26633
114.5 29 3.26682
115 29 3.26836
115.5 29 3.19464
116 29 3.19181
116.5 29 3.19209
117 29 3.26903
117.5 29 3.31129
118 29 3.26642
118.5 29 3.2105
119 29 3.17364
119.5 29 3.27786
120 29 3.27569
120.5 29 3.27875
121 29 3.27343
121.5 29 3.24831
122 29 3.20639
122.5 29 3.16759
123 29 3.14524
123.5 29 3.1164
124 29 3.08707
124.5 29 3.07238
125 29 3.04786
125.5 29 3.02704
126 29 3.02817
126.5 29 3.04007
127 29 3.04564
127.5 29 3.0485
128 29 3.04791
128.5 29 3.03804
129 29 3.06269
129.5 29 3.15214
130 29 3.14792
130.5 29 3.14552
131 29 3.08887
87 29.5 2.77696
87.5 29.5 2.88681
88 29.5 2.96773
88.5 29.5 2.89097
89 29.5 3.15351
89.5 29.5 3.25589
90 29.5 3.09966
90.5 29.5 2.90051
91 29.5 2.95251
91.5 29.5 2.84616
92 29.5 2.88993
92.5 29.5 3.01722
93 29.5 3.25567
93.5 29.5 3.18186
94 29.5 2.99206
94.5 29.5 2.92238
95 29.5 2.99127
95.5 29.5 3.15406
96 29.5 3.16041
96.5 29.5 3.16572
97 29.5 3.16586
97.5 29.5 3.14333
98 29.5 3.12541
98.5 29.5 3.11884
99 29.5 3.12052
99.5 29.5 3.123
100 29.5 3.11848
100.5 29.5 3.11667
101 29.5 3.1188
101.5 29.5 3.16812
102 29.5 3.22039
102.5 29.5 3.18807
103 29.5 3.13396
103.5 29.5 2.90344
104 29.5 2.99956
104.5 29.5 3.14615
105 29.5 3.14244
105.5 29.5 3.13261
106 29.5 3.13463
106.5 29.5 3.13254
107 29.5 3.13619
107.5 29.5 3.14488
108 29.5 3.1661
108.5 29.5 3.19267
109 29.5 3.21196
109.5 29.5 3.22513
110 29.5 3.24439
110.5 29.5 3.25316
111 29.5 3.24786
111.5 29.5 3.23716
112 29.5 3.22531
112.5 29.5 3.22381
113 29.5 3.22988
113.5 29.5 3.23764
114 29.5 3.24014
114.5 29.5 3.25025
115 29.5 3.2664
115.5 29.5 3.26299
116 29.5 3.26338
116.5 29.5 3.22397
117 29.5 3.21962
117.5 29.5 3.32374
118 29.5 3.20298
118.5 29.5 3.21536
119 29.5 3.20254
119.5 29.5 3.30164
120 29.5 3.27767
120.5 29.5 3.27332
121 29.5 3.26665
121.5 29.5 3.25661
122 29.5 3.22926
122.5 29.5 3.18795
123 29.5 3.14874
123.5 29.5 3.12562
124 29.5 3.09319
124.5 29.5 3.08115
125 29.5 3.05398
125.5 29.5 3.02297
126 29.5 3.01432
126.5 29.5 3.04729
127 29.5 3.04995
127.5 29.5 3.06688
128 29.5 3.05738
128.5 29.5 3.06565
129 29.5 3.05654
129.5 29.5 3.10212
130 29.5 3.09596
130.5 29.5 3.09881
131 29.5 3.0819
87 30 3.06177
87.5 30 3.07987
88 30 3.15659
88.5 30 3.19499
89 30 3.17904
89.5 30 3.0726
90 30 2.83965
90.5 30 2.79554
91 30 2.94055
91.5 30 3.09781
92 30 2.96536
92.5 30 2.8892
93 30 2.83743
93.5 30 2.80015
94 30 3.08138
94.5 30 3.22999
95 30 3.173
95.5 30 3.18624
96 30 3.03547
96.5 30 3.14908
97 30 3.14067
97.5 30 3.13705
98 30 3.12677
98.5 30 3.1091
99 30 3.10504
99.5 30 3.11405
100 30 3.12155
100.5 30 3.13159
101 30 3.15906
101.5 30 3.16908
102 30 3.18907
102.5 30 3.38063
103 30 3.17169
103.5 30 2.82838
104 30 2.78732
104.5 30 3.00767
105 30 3.13837
105.5 30 3.14609
106 30 3.15827
106.5 30 3.138
107 30 3.10037
107.5 30 3.08907
108 30 3.11197
108.5 30 3.14344
109 30 3.17578
109.5 30 3.1996
110 30 3.21648
110.5 30 3.23427
111 30 3.23544
111.5 30 3.2124
112 30 3.19311
112.5 30 3.18174
113 30 3.18437
113.5 30 3.19434
114 30 3.21703
114.5 30 3.24626
115 30 3.2678
115.5 30 3.26561
116 30 3.25481
116.5 30 3.25125
117 30 3.25039
117.5 30 3.24301
118 30 3.33621
118.5 30 3.21716
119 30 3.3332
119.5 30 3.27826
120 30 3.27417
120.5 30 3.25889
121 30 3.25081
121.5 30 3.24296
122 30 3.22815
122.5 30 3.19353
123 30 3.15988
123.5 30 3.1282
124 30 3.11371
124.5 30 3.08033
125 30 3.05779
125.5 30 3.02206
126 30 3.01399
126.5 30 3.04668
127 30 3.07731
127.5 30 3.097
128 30 3.08007
128.5 30 3.08105
129 30 3.07524
129.5 30 3.0748
130 30 3.0876
130.5 30 3.09838
131 30 3.11946
87 30.5 3.05921
87.5 30.5 3.20666
88 30.5 3.14847
88.5 30.5 3.05073
89 30.5 3.07727
89.5 30.5 3.0508
90 30.5 2.93488
90.5 30.5 3.07767
91 30.5 2.98967
91.5 30.5 2.76965
92 30.5 2.87125
92.5 30.5 3.15725
93 30.5 3.08921
93.5 30.5 3.20485
94 30.5 3.04658
94.5 30.5 2.6869
95 30.5 2.87321
95.5 30.5 3.06249
96 30.5 3.19859
96.5 30.5 3.08604
97 30.5 2.9951
97.5 30.5 3.12697
98 30.5 3.11187
98.5 30.5 3.10666
99 30.5 3.11325
99.5 30.5 3.1166
100 30.5 3.12436
100.5 30.5 3.14574
101 30.5 3.16027
101.5 30.5 3.1712
102 30.5 3.19354
102.5 30.5 3.18861
103 30.5 3.16005
103.5 30.5 3.03472
104 30.5 2.8075
104.5 30.5 2.83803
105 30.5 3.11503
105.5 30.5 3.26521
106 30.5 3.12488
106.5 30.5 3.11307
107 30.5 3.08221
107.5 30.5 3.06142
108 30.5 3.06171
108.5 30.5 3.09897
109 30.5 3.14287
109.5 30.5 3.18133
110 30.5 3.2129
110.5 30.5 3.22918
111 30.5 3.23181
111.5 30.5 3.21728
112 30.5 3.18423
112.5 30.5 3.16988
113 30.5 3.1712
113.5 30.5 3.18506
114 30.5 3.21724
114.5 30.5 3.25316
115 30.5 3.2754
115.5 30.5 3.27445
116 30.5 3.25147
116.5 30.5 3.24364
117 30.5 3.24545
117.5 30.5 3.23327
118 30.5 3.24208
118.5 30.5 3.303
119 30.5 3.28461
119.5 30.5 3.26178
120 30.5 3.24872
120.5 30.5 3.23499
121 30.5 3.23094
121.5 30.5 3.22885
122 30.5 3.21571
122.5 30.5 3.19749
123 30.5 3.16244
123.5 30.5 3.13659
124 30.5 3.11255
124.5 30.5 3.08078
125 30.5 3.05142
125.5 30.5 3.03465
126 30.5 3.03086
126.5 30.5 3.06718
127 30.5 3.11526
127.5 30.5 3.12335
128 30.5 3.09877
128.5 30.5 3.07369
129 30.5 3.08234
129.5 30.5 3.06614
130 30.5 3.08673
130.5 30.5 3.11762
131 30.5 3.14116
87 31 3.09938
87.5 31 3.11156
88 31 3.05175
88.5 31 3.05312
89 31 3.15208
89.5 31 3.24713
90 31 3.30215
90.5 31 3.01701
91 31 2.7833
91.5 31 2.9426
92 31 3.27647
92.5 31 3.17395
93 31 2.9552
93.5 31 2.8086
94 31 2.77679
94.5 31 2.89546
95 31 3.00677
95.5 31 3.04423
96 31 2.9078
96.5 31 2.79779
97 31 3.0744
97.5 31 3.03504
98 31 2.85681
98.5 31 2.95975
99 31 3.11655
99.5 31 3.12024
100 31 3.13036
100.5 31 3.1425
101 31 3.16314
101.5 31 3.17365
102 31 3.17577
102.5 31 3.18432
103 31 3.17738
103.5 31 3.13045
104 31 3.05275
104.5 31 3.00484
105 31 3.12837
105.5 31 2.9693
106 31 3.02275
106.5 31 3.08691
107 31 3.06089
107.5 31 3.0432
108 31 3.04996
108.5 31 3.07775
109 31 3.13127
109.5 31 3.18026
110 31 3.2157
110.5 31 3.24374
111 31 3.25467
111.5 31 3.24203
112 31 3.21681
112.5 31 3.20226
113 31 3.20553
113.5 31 3.21907
114 31 3.2392
114.5 31 3.26414
115 31 3.27688
115.5 31 3.26878
116 31 3.24588
116.5 31 3.23382
117 31 3.22977
117.5 31 3.22804
118 31 3.19675
118.5 31 3.2199
119 31 3.22903
119.5 31 3.24478
120 31 3.18074
120.5 31 3.20842
121 31 3.20595
121.5 31 3.20822
122 31 3.20592
122.5 31 3.19162
123 31 3.16837
123.5 31 3.14426
124 31 3.11315
124.5 31 3.08562
125 31 3.06363
125.5 31 3.05923
126 31 3.06938
126.5 31 3.10198
127 31 3.13254
127.5 31 3.13819
128 31 3.1096
128.5 31 3.0757
129 31 3.07798
129.5 31 3.06497
130 31 3.08147
130.5 31 3.11252
131 31 3.12474
87 31.5 3.02712
87.5 31.5 3.08805
88 31.5 3.08685
88.5 31.5 3.09348
89 31.5 3.09406
89.5 31.5 3.0244
90 31.5 2.91877
90.5 31.5 2.93223
91 31.5 3.15375
91.5 31.5 3.28617
92 31.5 3.05785
92.5 31.5 2.77554
93 31.5 2.83431
93.5 31.5 2.97989
94 31.5 3.15713
94.5 31.5 2.96224
95 31.5 3.01766
95.5 31.5 3.14309
96 31.5 2.95495
96.5 31.5 2.92073
97 31.5 2.94691
97.5 31.5 2.75698
98 31.5 2.82067
98.5 31.5 3.0408
99 31.5 2.94782
99.5 31.5 2.82969
100 31.5 2.95735
100.5 31.5 3.12654
101 31.5 3.14764
101.5 31.5 3.17033
102 31.5 3.1887
102.5 31.5 3.18678
103 31.5 3.18038
103.5 31.5 3.16766
104 31.5 3.13666
104.5 31.5 3.3136
105 31.5 3.11032
105.5 31.5 2.80203
106 31.5 2.79694
106.5 31.5 3.06748
107 31.5 3.23229
107.5 31.5 3.08239
108 31.5 3.0822
108.5 31.5 3.09686
109 31.5 3.1269
109.5 31.5 3.17459
110 31.5 3.22027
110.5 31.5 3.2498
111 31.5 3.26934
111.5 31.5 3.25241
112 31.5 3.23187
112.5 31.5 3.234
113 31.5 3.24615
113.5 31.5 3.25343
114 31.5 3.25981
114.5 31.5 3.27294
115 31.5 3.27162
115.5 31.5 3.25442
116 31.5 3.23794
116.5 31.5 3.21795
117 31.5 3.2186
117.5 31.5 3.21439
118 31.5 3.20345
118.5 31.5 3.16188
119 31.5 3.19016
119.5 31.5 3.16783
120 31.5 3.18891
120.5 31.5 3.12897
121 31.5 3.16547
121.5 31.5 3.16549
122 31.5 3.17229
122.5 31.5 3.17196
123 31.5 3.16392
123.5 31.5 3.15624
124 31.5 3.13163
124.5 31.5 3.10499
125 31.5 3.10212
125.5 31.5 3.09637
126 31.5 3.11654
126.5 31.5 3.12684
127 31.5 3.13032
127.5 31.5 3.12603
128 31.5 3.12516
128.5 31.5 3.09958
129 31.5 3.09116
129.5 31.5 3.07726
130 31.5 3.09
130.5 31.5 3.09908
131 31.5 3.10373
87 32 3.06124
87.5 32 3.08079
88 32 3.09911
88.5 32 3.07708
89 32 3.06796
89.5 32 3.06009
90 32 3.06101
90.5 32 3.06011
91 32 2.97359
91.5 32 2.93074
92 32 2.89547
92.5 32 2.97638
93 32 3.00698
93.5 32 3.19012
94 32 3.00804
94.5 32 2.82404
95 32 3.03237
95.5 32 3.03905
96 32 2.92553
96.5 32 3.01223
97 32 3.09477
97.5 32 2.95867
98 32 2.86757
98.5 32 2.83
99 32 2.86192
99.5 32 3.08621
100 32 3.19529
100.5 32 3.00846
101 32 2.85231
101.5 32 2.99264
102 32 3.15936
102.5 32 3.17848
103 32 3.19546
103.5 32 3.18803
104 32 3.16841
104.5 32 3.1591
105 32 3.15281
105.5 32 3.08049
106 32 3.02281
106.5 32 3.1475
107 32 2.98384
107.5 32 3.04077
108 32 3.15446
108.5 32 3.14921
109 32 3.14759
109.5 32 3.15864
110 32 3.19329
110.5 32 3.23815
111 32 3.25249
111.5 32 3.24087
112 32 3.21984
112.5 32 3.22379
113 32 3.2502
113.5 32 3.26119
114 32 3.26497
114.5 32 3.25414
115 32 3.25036
115.5 32 3.2422
116 32 3.22656
116.5 32 3.2174
117 32 3.21364
117.5 32 3.21785
118 32 3.20634
118.5 32 3.1834
119 32 3.14398
119.5 32 3.14102
120 32 3.09865
120.5 32 3.10558
121 32 3.05882
121.5 32 3.09808
122 32 3.11375
122.5 32 3.13336
123 32 3.1455
123.5 32 3.15331
124 32 3.15391
124.5 32 3.1439
125 32 3.14155
125.5 32 3.14573
126 32 3.15509
126.5 32 3.15161
127 32 3.12898
127.5 32 3.11222
128 32 3.13986
128.5 32 3.13639
129 32 3.12715
129.5 32 3.10824
130 32 3.11682
130.5 32 3.10372
131 32 3.10515
87 32.5 3.10065
87.5 32.5 3.22072
88 32.5 3.17593
88.5 32.5 3.07381
89 32.5 3.05823
89.5 32.5 3.0456
90 32.5 3.04236
90.5 32.5 3.04288
91 32.5 3.04323
91.5 32.5 3.03733
92 32.5 3.01498
92.5 32.5 2.95159
93 32.5 2.95189
93.5 32.5 2.86173
94 32.5 2.76147
94.5 32.5 2.97428
95 32.5 3.12129
95.5 32.5 3.11062
96 32.5 2.98434
96.5 32.5 2.9369
97 32.5 2.98647
97.5 32.5 3.00951
98 32.5 3.1296
98.5 32.5 3.24337
99 32.5 3.18813
99.5 32.5 2.9727
100 32.5 2.86978
100.5 32.5 2.8894
101 32.5 3.11137
101.5 32.5 3.21626
102 32.5 3.00876
102.5 32.5 2.8517
103 32.5 2.97206
103.5 32.5 3.14773
104 32.5 3.19538
104.5 32.5 3.2235
105 32.5 3.21529
105.5 32.5 3.21615
106 32.5 3.43859
106.5 32.5 3.22408
107 32.5 2.86197
107.5 32.5 2.84387
108 32.5 3.11418
108.5 32.5 3.21463
109 32.5 3.17918
109.5 32.5 3.17071
110 32.5 3.18739
110.5 32.5 3.21914
111 32.5 3.23989
111.5 32.5 3.22151
112 32.5 3.20875
112.5 32.5 3.22333
113 32.5 3.24005
113.5 32.5 3.24994
114 32.5 3.23102
114.5 32.5 3.2164
115 32.5 3.20385
115.5 32.5 3.20155
116 32.5 3.2104
116.5 32.5 3.21967
117 32.5 3.22028
117.5 32.5 3.22485
118 32.5 3.22043
118.5 32.5 3.18504
119 32.5 3.13863
119.5 32.5 3.06817
120 32.5 3.04536
120.5 32.5 3.00792
121 32.5 3.0173
121.5 32.5 3.01939
122 32.5 3.06765
122.5 32.5 3.09778
123 32.5 3.12354
123.5 32.5 3.14109
124 32.5 3.15897
124.5 32.5 3.1681
125 32.5 3.16725
125.5 32.5 3.17808
126 32.5 3.18995
126.5 32.5 3.17788
127 32.5 3.15296
127.5 32.5 3.13199
128 32.5 3.15092
128.5 32.5 3.17643
129 32.5 3.16831
129.5 32.5 3.1563
130 32.5 3.15364
130.5 32.5 3.13758
131 32.5 3.12534
87 33 3.07797
87.5 33 2.93504
88 33 2.82418
88.5 33 2.9157
89 33 3.04044
89.5 33 3.03313
90 33 3.02946
90.5 33 3.03137
91 33 3.02651
91.5 33 3.02017
92 33 3.01378
92.5 33 3.01472
93 33 3.01221
93.5 33 2.98403
94 33 2.98904
94.5 33 2.99532
95 33 2.96942
95.5 33 2.93382
96 33 2.91906
96.5 33 3.09737
97 33 3.23508
97.5 33 3.09908
98 33 2.9598
98.5 33 2.94679
99 33 3.05472
99.5 33 3.11961
100 33 3.16769
100.5 33 3.10077
101 33 2.96341
101.5 33 2.85256
102 33 2.88971
102.5 33 3.11196
103 33 3.23735
103.5 33 3.12697
104 33 2.73637
104.5 33 2.88245
105 33 3.04541
105.5 33 3.30478
106 33 3.29451
106.5 33 3.28872
107 33 3.16229
107.5 33 2.99645
108 33 2.96879
108.5 33 3.09262
109 33 3.35075
109.5 33 3.2016
110 33 3.21317
110.5 33 3.23678
111 33 3.244
111.5 33 3.24023
112 33 3.22735
112.5 33 3.22418
113 33 3.23705
113.5 33 3.23062
114 33 3.20152
114.5 33 3.15364
115 33 3.13356
115.5 33 3.15096
116 33 3.1784
116.5 33 3.20672
117 33 3.2258
117.5 33 3.2263
118 33 3.22433
118.5 33 3.19729
119 33 3.12921
119.5 33 3.05634
120 33 2.99817
120.5 33 2.98893
121 33 2.98184
121.5 33 2.99878
122 33 3.05018
122.5 33 3.09115
123 33 3.11893
123.5 33 3.14289
124 33 3.16019
124.5 33 3.1745
125 33 3.17774
125.5 33 3.19307
126 33 3.21138
126.5 33 3.20536
127 33 3.19317
127.5 33 3.17444
128 33 3.17145
128.5 33 3.20352
129 33 3.19687
129.5 33 3.20201
130 33 3.19906
130.5 33 3.18181
131 33 3.16407
87 33.5 3.0434
87.5 33.5 2.78816
88 33.5 2.67174
88.5 33.5 2.58128
89 33.5 2.8639
89.5 33.5 3.09973
90 33.5 2.99015
90.5 33.5 3.0003
91 33.5 3.00926
91.5 33.5 3.01229
92 33.5 3.01222
92.5 33.5 2.99724
93 33.5 2.97829
93.5 33.5 2.97758
94 33.5 2.99795
94.5 33.5 3.02596
95 33.5 3.02911
95.5 33.5 3.05289
96 33.5 3.09244
96.5 33.5 3.08373
97 33.5 3.01436
97.5 33.5 2.93287
98 33.5 2.95909
98.5 33.5 3.27246
99 33.5 3.25414
99.5 33.5 2.9138
100 33.5 2.89958
100.5 33.5 3.02179
101 33.5 3.12081
101.5 33.5 3.10746
102 33.5 3.08466
102.5 33.5 2.98964
103 33.5 3.02502
103.5 33.5 2.74402
104 33.5 2.80648
104.5 33.5 3.18588
105 33.5 3.326
105.5 33.5 3.36177
106 33.5 3.08314
106.5 33.5 3.30453
107 33.5 3.32459
107.5 33.5 3.51343
108 33.5 3.1791
108.5 33.5 2.98668
109 33.5 2.98017
109.5 33.5 3.05491
110 33.5 3.32851
110.5 33.5 3.24205
111 33.5 3.25647
111.5 33.5 3.25124
112 33.5 3.24834
112.5 33.5 3.24323
113 33.5 3.23105
113.5 33.5 3.20708
114 33.5 3.15838
114.5 33.5 3.11214
115 33.5 3.09093
115.5 33.5 3.10694
116 33.5 3.14888
116.5 33.5 3.1933
117 33.5 3.21849
117.5 33.5 3.22536
118 33.5 3.22687
118.5 33.5 3.21514
119 33.5 3.16225
119.5 33.5 3.09682
120 33.5 3.03673
120.5 33.5 3.00622
121 33.5 3.00108
121.5 33.5 3.02232
122 33.5 3.03026
122.5 33.5 3.08986
123 33.5 3.11875
123.5 33.5 3.15438
124 33.5 3.17949
124.5 33.5 3.18636
125 33.5 3.19318
125.5 33.5 3.20678
126 33.5 3.22066
126.5 33.5 3.22642
127 33.5 3.22703
127.5 33.5 3.21927
128 33.5 3.20627
128.5 33.5 3.22592
129 33.5 3.21761
129.5 33.5 3.23359
130 33.5 3.23671
130.5 33.5 3.22021
131 33.5 3.19608
87 34 3.02505
87.5 34 3.1413
88 34 2.90275
88.5 34 2.69145
89 34 2.72121
89.5 34 2.65045
90 34 2.84231
90.5 34 3.08113
91 34 2.98217
91.5 34 2.9789
92 34 2.98249
92.5 34 2.98805
93 34 2.99379
93.5 34 3.00586
94 34 3.02199
94.5 34 3.04074
95 34 3.06864
95.5 34 3.10195
96 34 3.10976
96.5 34 3.1103
97 34 3.11418
97.5 34 3.10303
98 34 3.08126
98.5 34 3.08104
99 34 2.94977
99.5 34 2.99673
100 34 3.06977
100.5 34 3.12965
101 34 3.12105
101.5 34 3.10107
102 34 3.08415
102.5 34 3.07734
103 34 3.2334
103.5 34 3.10443
104 34 3.00825
104.5 34 3.06168
105 34 3.38173
105.5 34 3.28892
106 34 3.24934
106.5 34 3.38097
107 34 3.11752
107.5 34 3.22205
108 34 3.23755
108.5 34 3.44328
109 34 3.08371
109.5 34 2.94144
110 34 2.9934
110.5 34 3.08611
111 34 3.32436
111.5 34 3.24477
112 34 3.23769
112.5 34 3.22862
113 34 3.22307
113.5 34 3.18585
114 34 3.12756
114.5 34 3.08117
115 34 3.07598
115.5 34 3.09558
116 34 3.13657
116.5 34 3.18473
117 34 3.21624
117.5 34 3.23319
118 34 3.23967
118.5 34 3.23952
119 34 3.21131
119.5 34 3.15844
120 34 3.1142
120.5 34 3.07417
121 34 3.05235
121.5 34 3.02751
122 34 3.04736
122.5 34 3.05368
123 34 3.11472
123.5 34 3.15006
124 34 3.18677
124.5 34 3.19957
125 34 3.20421
125.5 34 3.21406
126 34 3.22363
126.5 34 3.24201
127 34 3.25334
127.5 34 3.25145
128 34 3.24293
128.5 34 3.2457
129 34 3.23387
129.5 34 3.24076
130 34 3.23321
130.5 34 3.22624
131 34 3.25313
87 34.5 3.02437
87.5 34.5 3.06188
88 34.5 3.02843
88.5 34.5 3.13758
89 34.5 2.92724
89.5 34.5 2.70531
90 34.5 2.70909
90.5 34.5 2.61647
91 34.5 2.75918
91.5 34.5 2.97418
92 34.5 2.9864
92.5 34.5 3.00137
93 34.5 3.01656
93.5 34.5 3.0366
94 34.5 3.05081
94.5 34.5 3.06995
95 34.5 3.10164
95.5 34.5 3.13142
96 34.5 3.14177
96.5 34.5 3.12387
97 34.5 3.08484
97.5 34.5 3.06311
98 34.5 3.06881
98.5 34.5 3.08588
99 34.5 3.1028
99.5 34.5 3.11815
100 34.5 3.13443
100.5 34.5 3.13787
101 34.5 3.13239
101.5 34.5 3.12389
102 34.5 3.12122
102.5 34.5 3.10933
103 34.5 3.09359
103.5 34.5 3.01293
104 34.5 3.35086
104.5 34.5 3.3857
105 34.5 3.03193
105.5 34.5 2.86627
106 34.5 3.23874
106.5 34.5 3.38823
107 34.5 3.20812
107.5 34.5 3.25716
108 34.5 3.09213
108.5 34.5 3.16273
109 34.5 3.16165
109.5 34.5 3.33747
110 34.5 3.08502
110.5 34.5 2.98384
111 34.5 3.04486
111.5 34.5 3.09514
112 34.5 3.27447
112.5 34.5 3.21474
113 34.5 3.20316
113.5 34.5 3.16895
114 34.5 3.10929
114.5 34.5 3.06772
115 34.5 3.069
115.5 34.5 3.10098
116 34.5 3.13698
116.5 34.5 3.18332
117 34.5 3.23015
117.5 34.5 3.24858
118 34.5 3.2628
118.5 34.5 3.26654
119 34.5 3.25003
119.5 34.5 3.20788
120 34.5 3.1755
120.5 34.5 3.14603
121 34.5 3.11054
121.5 34.5 3.06937
122 34.5 3.0411
122.5 34.5 3.0495
123 34.5 3.08179
123.5 34.5 3.13388
124 34.5 3.1641
124.5 34.5 3.18594
125 34.5 3.19369
125.5 34.5 3.20572
126 34.5 3.22444
126.5 34.5 3.25588
127 34.5 3.27473
127.5 34.5 3.27072
128 34.5 3.26516
128.5 34.5 3.25674
129 34.5 3.23719
129.5 34.5 3.20851
130 34.5 3.17905
130.5 34.5 3.14776
131 34.5 3.32011
87 35 2.95019
87.5 35 2.93155
88 35 2.94235
88.5 35 3.02589
89 35 3.08803
89.5 35 3.17555
90 35 2.86112
90.5 35 2.51773
91 35 2.51116
91.5 35 2.78572
92 35 2.99522
92.5 35 2.99666
93 35 3.01454
93.5 35 3.04308
94 35 3.07601
94.5 35 3.111
95 35 3.1392
95.5 35 3.14748
96 35 3.13559
96.5 35 3.11647
97 35 3.1024
97.5 35 3.0874
98 35 3.07735
98.5 35 3.09406
99 35 3.11473
99.5 35 3.11706
100 35 3.11629
100.5 35 3.13534
101 35 3.15431
101.5 35 3.14658
102 35 3.13904
102.5 35 3.12906
103 35 3.13039
103.5 35 3.14321
104 35 3.17629
104.5 35 3.02863
105 35 3.03317
105.5 35 3.14849
106 35 3.45997
106.5 35 3.1
107 35 3.09157
107.5 35 3.27906
108 35 3.25447
108.5 35 2.97505
109 35 2.87379
109.5 35 3.04866
110 35 3.20096
110.5 35 3.34562
111 35 3.12692
111.5 35 3.01646
112 35 3.06621
112.5 35 3.1036
113 35 3.21775
113.5 35 3.16756
114 35 3.10916
114.5 35 3.08151
115 35 3.08606
115.5 35 3.11087
116 35 3.15461
116.5 35 3.20385
117 35 3.24023
117.5 35 3.26929
118 35 3.27779
118.5 35 3.28362
119 35 3.26904
119.5 35 3.23841
120 35 3.20854
120.5 35 3.19241
121 35 3.15336
121.5 35 3.10663
122 35 3.05151
122.5 35 3.04182
123 35 3.05892
123.5 35 3.1089
124 35 3.14184
124.5 35 3.16169
125 35 3.17703
125.5 35 3.19534
126 35 3.22471
126.5 35 3.26018
127 35 3.28231
127.5 35 3.28102
128 35 3.28144
128.5 35 3.26771
129 35 3.23423
129.5 35 3.16572
130 35 3.10122
130.5 35 3.33573
87 35.5 3.05383
87.5 35.5 3.07643
88 35.5 3.04199
88.5 35.5 2.98217
89 35.5 2.91909
89.5 35.5 2.8808
90 35.5 3.08321
90.5 35.5 2.95203
91 35.5 2.637
91.5 35.5 2.76829
92 35.5 2.85188
92.5 35.5 2.92587
93 35.5 3.00514
93.5 35.5 3.0354
94 35.5 3.08397
94.5 35.5 3.1257
95 35.5 3.14822
95.5 35.5 3.14251
96 35.5 3.12566
96.5 35.5 3.11334
97 35.5 3.10856
97.5 35.5 3.11729
98 35.5 3.12998
98.5 35.5 3.12855
99 35.5 3.12071
99.5 35.5 3.11143
100 35.5 3.10636
100.5 35.5 3.11518
101 35.5 3.13017
101.5 35.5 3.14536
102 35.5 3.15107
102.5 35.5 3.15334
103 35.5 3.16441
103.5 35.5 3.17572
104 35.5 3.17959
104.5 35.5 3.1753
105 35.5 3.19532
105.5 35.5 3.20989
106 35.5 3.1711
106.5 35.5 3.06298
107 35.5 3.26065
107.5 35.5 3.18103
108 35.5 2.86313
108.5 35.5 2.83707
109 35.5 3.17052
109.5 35.5 3.40344
110 35.5 3.06978
110.5 35.5 2.95594
111 35.5 3.10737
111.5 35.5 3.34742
112 35.5 3.14642
112.5 35.5 2.98867
113 35.5 3.15174
113.5 35.5 3.23044
114 35.5 3.16128
114.5 35.5 3.11549
115 35.5 3.10365
115.5 35.5 3.12312
116 35.5 3.16249
116.5 35.5 3.21363
117 35.5 3.25641
117.5 35.5 3.2719
118 35.5 3.28189
118.5 35.5 3.28423
119 35.5 3.27454
119.5 35.5 3.24948
120 35.5 3.22643
120.5 35.5 3.21581
121 35.5 3.19253
121.5 35.5 3.14369
122 35.5 3.09563
122.5 35.5 3.05776
123 35.5 3.06526
123.5 35.5 3.09372
124 35.5 3.14399
124.5 35.5 3.16583
125 35.5 3.18324
125.5 35.5 3.20063
126 35.5 3.22867
126.5 35.5 3.2585
127 35.5 3.27856
127.5 35.5 3.28778
128 35.5 3.29315
128.5 35.5 3.28725
129 35.5 3.23973
129.5 35.5 3.4045
130 35.5 3.51365
130.5 35.5 3.73111
131 35.5 3.66646
87 36 3.02699
87.5 36 2.80364
88 36 2.98768
88.5 36 2.98702
89 36 3.00837
89.5 36 3.03703
90 36 3.02851
90.5 36 2.91579
91 36 2.98635
91.5 36 2.95075
92 36 2.86561
92.5 36 2.89672
93 36 3.02702
93.5 36 3.11599
94 36 3.09687
94.5 36 3.07069
95 36 3.06432
95.5 36 3.05709
96 36 3.05692
96.5 36 3.06733
97 36 3.08399
97.5 36 3.11012
98 36 3.14185
98.5 36 3.16723
99 36 3.1644
99.5 36 3.12711
100 36 3.09656
100.5 36 3.09764
101 36 3.11697
101.5 36 3.13278
102 36 3.15815
102.5 36 3.18092
103 36 3.18592
103.5 36 3.18675
104 36 3.18805
104.5 36 3.19644
105 36 3.20187
105.5 36 3.19845
106 36 3.196
106.5 36 3.17218
107 36 3.1426
107.5 36 3.07914
108 36 3.04897
108.5 36 3.14768
109 36 3.31751
109.5 36 3.0973
110 36 2.87254
110.5 36 3.21819
111 36 3.45819
111.5 36 3.28514
112 36 3.12204
112.5 36 3.31975
113 36 3.27511
113.5 36 3.13385
114 36 3.13225
114.5 36 3.1382
115 36 3.10228
115.5 36 3.09926
116 36 3.13646
116.5 36 3.18957
117 36 3.23216
117.5 36 3.25367
118 36 3.257
118.5 36 3.26528
119 36 3.26833
119.5 36 3.25608
120 36 3.24607
120.5 36 3.23633
121 36 3.22882
121.5 36 3.20244
122 36 3.16314
122.5 36 3.11749
123 36 3.09589
123.5 36 3.11772
124 36 3.16185
124.5 36 3.20387
125 36 3.21253
125.5 36 3.22343
126 36 3.23891
126.5 36 3.26174
127 36 3.27874
127.5 36 3.29723
128 36 3.30031
128.5 36 3.30111
129 36 3.30423
129.5 36 3.3894
130 36 3.69368
130.5 36 3.48748
131 36 3.42445
87 36.5 3.02794
87.5 36.5 3.04153
88 36.5 2.85573
88.5 36.5 2.72251
89 36.5 2.8829
89.5 36.5 3.01868
90 36.5 2.9885
90.5 36.5 3.00825
91 36.5 3.03376
91.5 36.5 3.08526
92 36.5 3.12314
92.5 36.5 3.15896
93 36.5 3.25656
93.5 36.5 2.93184
94 36.5 2.65808
94.5 36.5 2.83918
95 36.5 3.0295
95.5 36.5 3.02821
96 36.5 3.0192
96.5 36.5 2.98955
97 36.5 2.99302
97.5 36.5 3.04601
98 36.5 3.11021
98.5 36.5 3.16276
99 36.5 3.1776
99.5 36.5 3.16259
100 36.5 3.13305
100.5 36.5 3.1123
101 36.5 3.12267
101.5 36.5 3.15092
102 36.5 3.17048
102.5 36.5 3.17448
103 36.5 3.18183
103.5 36.5 3.19121
104 36.5 3.1939
104.5 36.5 3.1942
105 36.5 3.19387
105.5 36.5 3.19255
106 36.5 3.18591
106.5 36.5 3.17424
107 36.5 3.15389
107.5 36.5 3.13126
108 36.5 3.15053
108.5 36.5 3.18375
109 36.5 3.20678
109.5 36.5 3.12663
110 36.5 3.2501
110.5 36.5 3.32423
111 36.5 3.24954
111.5 36.5 3.16225
112 36.5 3.33274
112.5 36.5 3.40705
113 36.5 3.28766
113.5 36.5 3.29222
114 36.5 3.29289
114.5 36.5 3.14222
115 36.5 3.01297
115.5 36.5 2.99459
116 36.5 3.03602
116.5 36.5 3.09246
117 36.5 3.13831
117.5 36.5 3.17325
118 36.5 3.20154
118.5 36.5 3.20984
119 36.5 3.21483
119.5 36.5 3.23497
120 36.5 3.25221
120.5 36.5 3.25561
121 36.5 3.25172
121.5 36.5 3.2436
122 36.5 3.21645
122.5 36.5 3.17996
123 36.5 3.14899
123.5 36.5 3.15219
124 36.5 3.18541
124.5 36.5 3.22655
125 36.5 3.24133
125.5 36.5 3.23987
126 36.5 3.24592
126.5 36.5 3.26083
127 36.5 3.27974
127.5 36.5 3.29829
128 36.5 3.30268
128.5 36.5 3.30272
129 36.5 3.20412
129.5 36.5 2.93582
130 36.5 3.04682
130.5 36.5 3.08332
131 36.5 3.10537
87 37 2.84695
87.5 37 2.78912
88 37 2.82055
88.5 37 3.02075
89 37 3.13798
89.5 37 3.04376
90 37 2.89865
90.5 37 3.11839
91 37 3.06326
91.5 37 3.02108
92 37 3.01854
92.5 37 2.99535
93 37 2.9485
93.5 37 2.88159
94 37 2.92857
94.5 37 3.0079
95 37 2.80797
95.5 37 2.74343
96 37 2.96395
96.5 37 3.02683
97 37 3.04879
97.5 37 3.05629
98 37 3.07758
98.5 37 3.11663
99 37 3.15226
99.5 37 3.17063
100 37 3.16414
100.5 37 3.15635
101 37 3.16233
101.5 37 3.16949
102 37 3.17413
102.5 37 3.17794
103 37 3.17538
103.5 37 3.17607
104 37 3.18472
104.5 37 3.18598
105 37 3.17033
105.5 37 3.16927
106 37 3.18595
106.5 37 3.17592
107 37 3.15333
107.5 37 3.14993
108 37 3.16001
108.5 37 3.17356
109 37 3.18675
109.5 37 3.20447
110 37 3.23935
110.5 37 3.27217
111 37 3.27704
111.5 37 3.27728
112 37 3.27523
112.5 37 3.20253
113 37 3.22689
113.5 37 3.32629
114 37 3.29708
114.5 37 3.1713
115 37 3.08372
115.5 37 3.03637
116 37 3.01247
116.5 37 3.00152
117 37 3.02156
117.5 37 3.04165
118 37 3.05755
118.5 37 3.08398
119 37 3.11576
119.5 37 3.16017
120 37 3.21425
120.5 37 3.24527
121 37 3.24956
121.5 37 3.24367
122 37 3.23201
122.5 37 3.21
123 37 3.18786
123.5 37 3.18191
124 37 3.2013
124.5 37 3.22303
125 37 3.24485
125.5 37 3.24674
126 37 3.24277
126.5 37 3.2514
127 37 3.26942
127.5 37 3.28304
128 37 3.29145
128.5 37 3.28708
129 37 3.1696
129.5 37 2.7072
130 37 2.52167
130.5 37 2.85687
131 37 3.16916
87 37.5 2.91533
87.5 37.5 2.93297
88 37.5 2.96295
88.5 37.5 2.91991
89 37.5 3.08421
89.5 37.5 3.12618
90 37.5 3.39385
90.5 37.5 3.11575
91 37.5 2.79908
91.5 37.5 2.91499
92 37.5 3.02918
92.5 37.5 2.95966
93 37.5 2.95008
93.5 37.5 2.90548
94 37.5 2.88354
94.5 37.5 2.90086
95 37.5 2.916
95.5 37.5 2.9918
96 37.5 2.9605
96.5 37.5 2.94057
97 37.5 3.0001
97.5 37.5 3.08312
98 37.5 3.14892
98.5 37.5 3.17772
99 37.5 3.16949
99.5 37.5 3.15848
100 37.5 3.15304
100.5 37.5 3.1583
101 37.5 3.17086
101.5 37.5 3.1778
102 37.5 3.18082
102.5 37.5 3.1716
103 37.5 3.16216
103.5 37.5 3.16793
104 37.5 3.16712
104.5 37.5 3.15461
105 37.5 3.14962
105.5 37.5 3.16015
106 37.5 3.1617
106.5 37.5 3.15317
107 37.5 3.15054
107.5 37.5 3.15451
108 37.5 3.17373
108.5 37.5 3.18991
109 37.5 3.19226
109.5 37.5 3.20542
110 37.5 3.22803
110.5 37.5 3.25487
111 37.5 3.27621
111.5 37.5 3.27367
112 37.5 3.24815
112.5 37.5 3.23273
113 37.5 3.24679
113.5 37.5 3.27453
114 37.5 3.25307
114.5 37.5 3.16259
115 37.5 3.06206
115.5 37.5 3.0265
116 37.5 3.01945
116.5 37.5 3.03365
117 37.5 3.01319
117.5 37.5 2.97456
118 37.5 2.9618
118.5 37.5 2.95167
119 37.5 2.95233
119.5 37.5 3.01388
120 37.5 3.11188
120.5 37.5 3.18338
121 37.5 3.21528
121.5 37.5 3.217
122 37.5 3.21112
122.5 37.5 3.21158
123 37.5 3.20755
123.5 37.5 3.19912
124 37.5 3.20406
124.5 37.5 3.22039
125 37.5 3.24172
125.5 37.5 3.24784
126 37.5 3.24664
126.5 37.5 3.24365
127 37.5 3.25363
127.5 37.5 3.26308
128 37.5 3.27166
128.5 37.5 3.2726
129 37.5 3.26388
129.5 37.5 2.93984
130 37.5 2.51049
130.5 37.5 2.51455
131 37.5 2.85955
87 38 2.9143
87.5 38 2.91494
88 38 2.92633
88.5 38 2.94371
89 38 2.9557
89.5 38 3.09299
90 38 3.25224
90.5 38 3.00956
91 38 2.7731
91.5 38 2.73749
92 38 2.75977
92.5 38 2.86884
93 38 2.97212
93.5 38 2.90906
94 38 2.93204
94.5 38 2.96368
95 38 3.01552
95.5 38 3.06115
96 38 3.09875
96.5 38 3.13496
97 38 3.1192
97.5 38 3.06172
98 38 3.03754
98.5 38 3.07612
99 38 3.1562
99.5 38 3.20443
100 38 3.19189
100.5 38 3.15327
101 38 3.13176
101.5 38 3.14547
102 38 3.15979
102.5 38 3.16483
103 38 3.17191
103.5 38 3.17488
104 38 3.16395
104.5 38 3.15319
105 38 3.15191
105.5 38 3.14821
106 38 3.13622
106.5 38 3.11916
107 38 3.11922
107.5 38 3.14296
108 38 3.17362
108.5 38 3.20028
109 38 3.21826
109.5 38 3.2337
110 38 3.24581
110.5 38 3.25483
111 38 3.26827
111.5 38 3.27389
112 38 3.25897
112.5 38 3.24182
113 38 3.25018
113.5 38 3.26855
114 38 3.26888
114.5 38 3.21341
115 38 3.10527
115.5 38 3.01561
116 38 2.99039
116.5 38 2.98085
117 38 2.96932
117.5 38 2.96246
118 38 2.9389
118.5 38 2.9035
119 38 2.88733
119.5 38 2.90159
120 38 2.96077
120.5 38 3.07099
121 38 3.16501
121.5 38 3.19766
122 38 3.20065
122.5 38 3.20447
123 38 3.20887
123.5 38 3.20738
124 38 3.20479
124.5 38 3.21758
125 38 3.23813
125.5 38 3.26054
126 38 3.25623
126.5 38 3.24742
127 38 3.2433
127.5 38 3.24714
128 38 3.25856
128.5 38 3.25522
129 38 3.24549
129.5 38 3.21317
130 38 2.87803
130.5 38 2.50495
131 38 2.46066
87 38.5 2.89955
87.5 38.5 2.90799
88 38.5 2.92128
88.5 38.5 2.928
89 38.5 2.93884
89.5 38.5 2.96833
90 38.5 2.91446
90.5 38.5 2.84132
91 38.5 2.79527
91.5 38.5 2.87126
92 38.5 3.10422
92.5 38.5 3.10843
93 38.5 2.81516
93.5 38.5 2.92161
94 38.5 3.00435
94.5 38.5 3.03033
95 38.5 3.13106
95.5 38.5 3.12194
96 38.5 3.13416
96.5 38.5 3.14539
97 38.5 3.14369
97.5 38.5 3.15073
98 38.5 3.1664
98.5 38.5 3.16066
99 38.5 3.111
99.5 38.5 3.05103
100 38.5 3.05876
100.5 38.5 3.13187
101 38.5 3.18751
101.5 38.5 3.18968
102 38.5 3.17592
102.5 38.5 3.17276
103 38.5 3.17339
103.5 38.5 3.17162
104 38.5 3.17141
104.5 38.5 3.16369
105 38.5 3.14266
105.5 38.5 3.13317
106 38.5 3.12146
106.5 38.5 3.10483
107 38.5 3.12556
107.5 38.5 3.15372
108 38.5 3.16812
108.5 38.5 3.19197
109 38.5 3.21884
109.5 38.5 3.24926
110 38.5 3.2683
110.5 38.5 3.27955
111 38.5 3.28824
111.5 38.5 3.28465
112 38.5 3.2661
112.5 38.5 3.25085
113 38.5 3.24961
113.5 38.5 3.26495
114 38.5 3.27396
114.5 38.5 3.22964
115 38.5 3.15057
115.5 38.5 3.06226
116 38.5 3.00321
116.5 38.5 2.9868
117 38.5 2.9685
117.5 38.5 2.94537
118 38.5 2.94391
118.5 38.5 2.93304
119 38.5 2.88326
119.5 38.5 2.84908
120 38.5 2.89094
120.5 38.5 2.99255
121 38.5 3.1028
121.5 38.5 3.17692
122 38.5 3.20121
122.5 38.5 3.21058
123 38.5 3.21189
123.5 38.5 3.2052
124 38.5 3.20489
124.5 38.5 3.215
125 38.5 3.24598
125.5 38.5 3.26897
126 38.5 3.26918
126.5 38.5 3.25842
127 38.5 3.24577
127.5 38.5 3.24201
128 38.5 3.25031
128.5 38.5 3.24195
129 38.5 3.22945
129.5 38.5 3.21743
130 38.5 3.23563
130.5 38.5 2.90177
131 38.5 2.56311
87 39 2.89949
87.5 39 2.90152
88 39 2.91918
88.5 39 2.94149
89 39 2.96879
89.5 39 2.99327
90 39 3.02393
90.5 39 3.04425
91 39 3.03679
91.5 39 3.02508
92 39 3.01478
92.5 39 2.96541
93 39 3.00052
93.5 39 3.05488
94 39 3.20606
94.5 39 3.3524
95 39 3.16262
95.5 39 3.02398
96 39 3.13776
96.5 39 3.16173
97 39 3.16751
97.5 39 3.15358
98 39 3.13999
98.5 39 3.13784
99 39 3.13818
99.5 39 3.14767
100 39 3.16478
100.5 39 3.15151
101 39 3.10861
101.5 39 3.1142
102 39 3.17786
102.5 39 3.22085
103 39 3.21486
103.5 39 3.19816
104 39 3.17772
104.5 39 3.1467
105 39 3.13495
105.5 39 3.1437
106 39 3.13949
106.5 39 3.13628
107 39 3.16085
107.5 39 3.17813
108 39 3.17871
108.5 39 3.1764
109 39 3.19168
109.5 39 3.22289
110 39 3.25575
110.5 39 3.28805
111 39 3.31393
111.5 39 3.32281
112 39 3.29228
112.5 39 3.25494
113 39 3.24276
113.5 39 3.25274
114 39 3.26371
114.5 39 3.25565
115 39 3.20868
115.5 39 3.13958
116 39 3.07361
116.5 39 3.01698
117 39 2.997
117.5 39 3.00609
118 39 2.99659
118.5 39 2.97112
119 39 2.93861
119.5 39 2.89989
120 39 2.89911
120.5 39 2.96897
121 39 3.07439
121.5 39 3.15284
122 39 3.1995
122.5 39 3.2221
123 39 3.22078
123.5 39 3.21251
124 39 3.21136
124.5 39 3.22316
125 39 3.24711
125.5 39 3.27312
126 39 3.28248
126.5 39 3.27054
127 39 3.26267
127.5 39 3.25344
128 39 3.24689
128.5 39 3.23587
129 39 3.21958
129.5 39 3.23913
130 39 3.25946
130.5 39 3.27441
87 39.5 2.87991
87.5 39.5 2.9058
88 39.5 2.94341
88.5 39.5 2.97898
89 39.5 3.01239
89.5 39.5 3.04515
90 39.5 3.06018
90.5 39.5 3.05857
91 39.5 3.06015
91.5 39.5 3.06657
92 39.5 3.08525
92.5 39.5 3.12096
93 39.5 3.13409
93.5 39.5 3.17734
94 39.5 3.19874
94.5 39.5 3.20352
95 39.5 3.17916
95.5 39.5 3.2504
96 39.5 3.27716
96.5 39.5 3.27128
97 39.5 3.21223
97.5 39.5 3.14592
98 39.5 3.12161
98.5 39.5 3.12028
99 39.5 3.12875
99.5 39.5 3.14678
100 39.5 3.16622
100.5 39.5 3.19249
101 39.5 3.22554
101.5 39.5 3.25004
102 39.5 3.24491
102.5 39.5 3.20718
103 39.5 3.17629
103.5 39.5 3.18576
104 39.5 3.1999
104.5 39.5 3.18829
105 39.5 3.16971
105.5 39.5 3.15412
106 39.5 3.13294
106.5 39.5 3.12525
107 39.5 3.14104
107.5 39.5 3.14705
108 39.5 3.13773
108.5 39.5 3.13736
109 39.5 3.15204
109.5 39.5 3.18375
110 39.5 3.22569
110.5 39.5 3.26897
111 39.5 3.32399
111.5 39.5 3.36252
112 39.5 3.35031
112.5 39.5 3.29855
113 39.5 3.24703
113.5 39.5 3.2213
114 39.5 3.21617
114.5 39.5 3.21529
115 39.5 3.21583
115.5 39.5 3.21203
116 39.5 3.19368
116.5 39.5 3.16173
117 39.5 3.11707
117.5 39.5 3.06026
118 39.5 3.03265
118.5 39.5 3.02916
119 39.5 3.01645
119.5 39.5 3.00448
120 39.5 3.0022
120.5 39.5 3.02177
121 39.5 3.07437
121.5 39.5 3.14313
122 39.5 3.19618
122.5 39.5 3.22468
123 39.5 3.2347
123.5 39.5 3.23634
124 39.5 3.2355
124.5 39.5 3.23744
125 39.5 3.25219
125.5 39.5 3.27314
126 39.5 3.27976
126.5 39.5 3.28257
127 39.5 3.28196
127.5 39.5 3.27871
128 39.5 3.25913
128.5 39.5 3.24005
129 39.5 3.22623
129.5 39.5 3.26176
130 39.5 3.3161
130.5 39.5 3.30107
87 40 2.91508
87.5 40 2.93709
88 40 2.97895
88.5 40 3.01774
89 40 3.04891
89.5 40 3.06914
90 40 3.08788
90.5 40 3.09803
91 40 3.10558
91.5 40 3.12778
92 40 3.15927
92.5 40 3.17936
93 40 3.20109
93.5 40 3.22739
94 40 3.25078
94.5 40 3.26622
95 40 3.26926
95.5 40 3.26336
96 40 3.25076
96.5 40 3.23992
97 40 3.23715
97.5 40 3.23246
98 40 3.21693
98.5 40 3.20511
99 40 3.19759
99.5 40 3.18766
100 40 3.1803
100.5 40 3.18348
101 40 3.19213
101.5 40 3.20824
102 40 3.22722
102.5 40 3.25165
103 40 3.26659
103.5 40 3.25739
104 40 3.23471
104.5 40 3.20489
105 40 3.17417
105.5 40 3.14688
106 40 3.11748
106.5 40 3.1001
107 40 3.09724
107.5 40 3.09958
108 40 3.10562
108.5 40 3.1074
109 40 3.11705
109.5 40 3.14092
110 40 3.16532
110.5 40 3.19646
111 40 3.25296
111.5 40 3.31817
112 40 3.33684
112.5 40 3.30877
113 40 3.26404
113.5 40 3.22119
114 40 3.20169
114.5 40 3.20589
115 40 3.21779
115.5 40 3.23113
116 40 3.22382
116.5 40 3.1898
117 40 3.16523
117.5 40 3.16113
118 40 3.15208
118.5 40 3.13913
119 40 3.12973
119.5 40 3.1167
120 40 3.10278
120.5 40 3.08631
121 40 3.0855
121.5 40 3.11764
122 40 3.1718
122.5 40 3.21994
123 40 3.24984
123.5 40 3.26542
124 40 3.2673
124.5 40 3.26117
125 40 3.26241
125.5 40 3.27233
126 40 3.28048
126.5 40 3.28868
127 40 3.29277
127.5 40 3.29134
130.5 40 3.72592
87 40.5 2.95049
87.5 40.5 2.98115
88 40.5 3.01014
88.5 40.5 3.043
89 40.5 3.07286
89.5 40.5 3.09817
90 40.5 3.12186
90.5 40.5 3.14435
91 40.5 3.17069
91.5 40.5 3.20338
92 40.5 3.22552
92.5 40.5 3.23848
93 40.5 3.24834
93.5 40.5 3.25684
94 40.5 3.26649
94.5 40.5 3.27634
95 40.5 3.28306
95.5 40.5 3.28118
96 40.5 3.27363
96.5 40.5 3.26927
97 40.5 3.26493
97.5 40.5 3.24619
98 40.5 3.22211
98.5 40.5 3.19973
99 40.5 3.19376
99.5 40.5 3.20499
100 40.5 3.21986
100.5 40.5 3.23589
101 40.5 3.24952
101.5 40.5 3.25238
102 40.5 3.2559
102.5 40.5 3.25922
103 40.5 3.25616
103.5 40.5 3.26061
104 40.5 3.26451
104.5 40.5 3.26543
105 40.5 3.24526
105.5 40.5 3.20036
106 40.5 3.14241
106.5 40.5 3.06496
107 40.5 2.9996
107.5 40.5 2.98498
108 40.5 3.0119
108.5 40.5 3.05925
109 40.5 3.1134
109.5 40.5 3.1557
110 40.5 3.17583
110.5 40.5 3.17474
111 40.5 3.18285
111.5 40.5 3.2112
112 40.5 3.236
112.5 40.5 3.24454
113 40.5 3.23308
113.5 40.5 3.21485
114 40.5 3.20086
114.5 40.5 3.1954
115 40.5 3.19721
115.5 40.5 3.21122
116 40.5 3.22655
116.5 40.5 3.23348
117 40.5 3.24644
117.5 40.5 3.25631
118 40.5 3.25324
118.5 40.5 3.23993
119 40.5 3.21731
119.5 40.5 3.19124
120 40.5 3.16227
120.5 40.5 3.13197
121 40.5 3.10121
121.5 40.5 3.10043
122 40.5 3.13852
122.5 40.5 3.19614
123 40.5 3.25395
123.5 40.5 3.28814
124 40.5 3.28967
124.5 40.5 3.27919
125 40.5 3.27923
125.5 40.5 3.28149
126 40.5 3.28592
126.5 40.5 3.28529
127 40.5 3.27985
131 40.5 1.75936
87 41 2.97728
87.5 41 3.02839
88 41 3.07654
88.5 41 3.11106
89 41 3.13871
89.5 41 3.15529
90 41 3.17732
90.5 41 3.19811
91 41 3.21832
91.5 41 3.24051
92 41 3.25571
92.5 41 3.26333
93 41 3.27135
93.5 41 3.27804
94 41 3.2862
94.5 41 3.29334
95 41 3.29644
95.5 41 3.29553
96 41 3.29288
96.5 41 3.29748
97 41 3.30309
97.5 41 3.30185
98 41 3.28851
98.5 41 3.26366
99 41 3.24436
99.5 41 3.23336
100 41 3.22664
100.5 41 3.22504
101 41 3.22577
101.5 41 3.22431
102 41 3.22741
102.5 41 3.23431
103 41 3.23531
103.5 41 3.23034
104 41 3.23283
104.5 41 3.23332
105 41 3.22414
105.5 41 3.20743
106 41 3.16874
106.5 41 3.09248
107 41 3.00751
107.5 41 2.9658
108 41 2.98167
108.5 41 3.03728
109 41 3.10479
109.5 41 3.16489
110 41 3.20865
110.5 41 3.22392
111 41 3.21847
111.5 41 3.22
112 41 3.22033
112.5 41 3.218
113 41 3.2128
113.5 41 3.1976
114 41 3.194
114.5 41 3.20113
115 41 3.20771
115.5 41 3.22069
116 41 3.23869
116.5 41 3.25302
117 41 3.26325
117.5 41 3.27189
118 41 3.27245
118.5 41 3.26014
119 41 3.24327
119.5 41 3.2244
120 41 3.21515
120.5 41 3.19513
121 41 3.15598
121.5 41 3.12168
122 41 3.12331
122.5 41 3.16853
123 41 3.23439
123.5 41 3.28311
124 41 3.28371
124.5 41 3.27687
125 41 3.28523
125.5 41 3.29496
126 41 3.29508
126.5 41 3.28266
127 41 3.27635
87 41.5 3.05528
87.5 41.5 3.09922
88 41.5 3.13737
88.5 41.5 3.17023
89 41.5 3.18109
89.5 41.5 3.19362
90 41.5 3.21224
90.5 41.5 3.23179
91 41.5 3.25316
91.5 41.5 3.26731
92 41.5 3.27418
92.5 41.5 3.27765
93 41.5 3.27984
93.5 41.5 3.2905
94 41.5 3.30018
94.5 41.5 3.30466
95 41.5 3.31286
95.5 41.5 3.31797
96 41.5 3.31374
96.5 41.5 3.30691
97 41.5 3.30339
97.5 41.5 3.29478
98 41.5 3.27912
98.5 41.5 3.26143
99 41.5 3.24782
99.5 41.5 3.24076
100 41.5 3.23729
100.5 41.5 3.23781
101 41.5 3.23806
101.5 41.5 3.23857
102 41.5 3.2429
102.5 41.5 3.25022
103 41.5 3.25258
103.5 41.5 3.25771
104 41.5 3.25797
104.5 41.5 3.24097
105 41.5 3.21545
105.5 41.5 3.18922
106 41.5 3.17705
106.5 41.5 3.15021
107 41.5 3.10098
107.5 41.5 3.06773
108 41.5 3.06761
108.5 41.5 3.09948
109 41.5 3.15326
109.5 41.5 3.20291
110 41.5 3.24066
110.5 41.5 3.25567
111 41.5 3.24848
111.5 41.5 3.24018
112 41.5 3.2367
112.5 41.5 3.22721
113 41.5 3.22191
113.5 41.5 3.22167
114 41.5 3.21773
114.5 41.5 3.21892
115 41.5 3.21819
115.5 41.5 3.21334
116 41.5 3.20684
116.5 41.5 3.2094
117 41.5 3.22158
117.5 41.5 3.23035
118 41.5 3.23564
118.5 41.5 3.2338
119 41.5 3.22423
119.5 41.5 3.22201
120 41.5 3.22374
120.5 41.5 3.22129
121 41.5 3.20378
121.5 41.5 3.18442
122 41.5 3.17763
122.5 41.5 3.18918
123 41.5 3.22696
123.5 41.5 3.26374
124 41.5 3.27523
124.5 41.5 3.27584
125 41.5 3.281
125.5 41.5 3.28837
126 41.5 3.29207
126.5 41.5 3.28059
87 42 3.09192
87.5 42 3.12465
88 42 3.15497
88.5 42 3.17438
89 42 3.17732
89.5 42 3.18747
90 42 3.20577
90.5 42 3.22287
91 42 3.23902
91.5 42 3.25491
92 42 3.25946
92.5 42 3.26152
93 42 3.2736
93.5 42 3.28429
94 42 3.29456
94.5 42 3.30472
95 42 3.31348
95.5 42 3.31958
96 42 3.31756
96.5 42 3.30703
97 42 3.29894
97.5 42 3.29005
98 42 3.27817
98.5 42 3.26337
99 42 3.25124
99.5 42 3.25011
100 42 3.25244
100.5 42 3.25056
101 42 3.2458
101.5 42 3.25106
102 42 3.2532
102.5 42 3.25133
103 42 3.25519
103.5 42 3.2581
104 42 3.25055
104.5 42 3.23116
105 42 3.20688
105.5 42 3.19008
106 42 3.17932
106.5 42 3.16057
107 42 3.13584
107.5 42 3.12906
108 42 3.14282
108.5 42 3.17437
109 42 3.20585
109.5 42 3.23088
110 42 3.24553
110.5 42 3.24411
111 42 3.23972
111.5 42 3.22955
112 42 3.21858
112.5 42 3.21561
113 42 3.21658
113.5 42 3.21345
114 42 3.20917
114.5 42 3.20532
115 42 3.20823
115.5 42 3.20603
116 42 3.20208
116.5 42 3.2055
117 42 3.20903
117.5 42 3.21848
118 42 3.22309
118.5 42 3.21738
119 42 3.2118
119.5 42 3.20482
120 42 3.19968
120.5 42 3.19339
121 42 3.19737
121.5 42 3.20833
122 42 3.21415
122.5 42 3.21911
123 42 3.23478
123.5 42 3.26977
124 42 3.28898
124.5 42 3.29411
125 42 3.29609
125.5 42 3.29263
126 42 3.29538
126.5 42 3.29852
127 42 3.2994
87 42.5 3.11104
87.5 42.5 3.1245
88 42.5 3.13932
88.5 42.5 3.15507
89 42.5 3.16316
89.5 42.5 3.17047
90 42.5 3.18252
90.5 42.5 3.19119
91 42.5 3.19788
91.5 42.5 3.20288
92 42.5 3.2145
92.5 42.5 3.22962
93 42.5 3.24386
93.5 42.5 3.26322
94 42.5 3.28389
94.5 42.5 3.29816
95 42.5 3.30818
95.5 42.5 3.3125
96 42.5 3.3062
96.5 42.5 3.29792
97 42.5 3.29134
97.5 42.5 3.28466
98 42.5 3.27263
98.5 42.5 3.25908
99 42.5 3.25844
99.5 42.5 3.26109
100 42.5 3.25573
100.5 42.5 3.25063
101 42.5 3.25363
101.5 42.5 3.25606
102 42.5 3.25812
102.5 42.5 3.25853
103 42.5 3.25853
103.5 42.5 3.26296
104 42.5 3.25931
104.5 42.5 3.23724
105 42.5 3.20973
105.5 42.5 3.1866
106 42.5 3.16453
106.5 42.5 3.14824
107 42.5 3.14941
107.5 42.5 3.16347
108 42.5 3.18417
108.5 42.5 3.20226
109 42.5 3.21224
109.5 42.5 3.22074
110 42.5 3.23061
110.5 42.5 3.23373
111 42.5 3.225
111.5 42.5 3.21087
112 42.5 3.19822
112.5 42.5 3.19758
113 42.5 3.2081
113.5 42.5 3.21229
114 42.5 3.20462
114.5 42.5 3.19704
115 42.5 3.19371
115.5 42.5 3.19579
116 42.5 3.19118
116.5 42.5 3.18756
117 42.5 3.1863
117.5 42.5 3.18507
118 42.5 3.1956
118.5 42.5 3.20644
119 42.5 3.21755
119.5 42.5 3.22918
120 42.5 3.22618
120.5 42.5 3.21352
121 42.5 3.20318
121.5 42.5 3.19598
122 42.5 3.20432
122.5 42.5 3.22005
123 42.5 3.23902
123.5 42.5 3.26619
124 42.5 3.28747
124.5 42.5 3.29396
125 42.5 3.29449
125.5 42.5 3.29452
126 42.5 3.29981
126.5 42.5 3.31121
127 42.5 3.32027
127.5 42.5 3.31875
131 42.5 3.58403
87 43 3.08434
87.5 43 3.10473
88 43 3.11474
88.5 43 3.13322
89 43 3.14502
89.5 43 3.14788
90 43 3.14959
90.5 43 3.15644
91 43 3.16844
91.5 43 3.18648
92 43 3.19997
92.5 43 3.21584
93 43 3.23868
93.5 43 3.25852
94 43 3.27418
94.5 43 3.29269
95 43 3.30291
95.5 43 3.30117
96 43 3.29914
96.5 43 3.29416
97 43 3.29251
97.5 43 3.28648
98 43 3.28013
98.5 43 3.27558
99 43 3.26997
99.5 43 3.26484
100 43 3.25853
100.5 43 3.25704
101 43 3.25335
101.5 43 3.25809
102 43 3.25824
102.5 43 3.24934
103 43 3.24407
103.5 43 3.24206
104 43 3.23723
104.5 43 3.2213
105 43 3.19901
105.5 43 3.17886
106 43 3.16396
106.5 43 3.15771
107 43 3.16237
107.5 43 3.17922
108 43 3.18796
108.5 43 3.19095
109 43 3.20106
109.5 43 3.21624
110 43 3.2278
110.5 43 3.23162
111 43 3.22634
111.5 43 3.20149
112 43 3.18045
112.5 43 3.18255
113 43 3.1984
113.5 43 3.20311
114 43 3.19766
114.5 43 3.18791
115 43 3.18071
115.5 43 3.18024
116 43 3.18444
116.5 43 3.18845
117 43 3.20241
117.5 43 3.2191
118 43 3.2349
118.5 43 3.24631
119 43 3.24586
119.5 43 3.24136
120 43 3.22369
120.5 43 3.19777
121 43 3.17724
121.5 43 3.17511
122 43 3.17983
122.5 43 3.19228
123 43 3.21802
123.5 43 3.23859
124 43 3.24992
124.5 43 3.25734
125 43 3.26856
125.5 43 3.27801
126 43 3.28737
126.5 43 3.30477
127 43 3.31066
127.5 43 3.30835
128 43 3.29742
128.5 43 3.28873
129 43 3.28641
129.5 43 3.29542
130 43 3.37729
130.5 43 3.38628
131 43 3.33007
87 43.5 2.98752
87.5 43.5 3.00303
88 43.5 3.02811
88.5 43.5 3.06512
89 43.5 3.09313
89.5 43.5 3.11253
90 43.5 3.13148
90.5 43.5 3.14728
91 43.5 3.1658
91.5 43.5 3.18735
92 43.5 3.20492
92.5 43.5 3.21987
93 43.5 3.23772
93.5 43.5 3.25555
94 43.5 3.27267
94.5 43.5 3.28403
95 43.5 3.28898
95.5 43.5 3.29112
96 43.5 3.28938
96.5 43.5 3.28609
97 43.5 3.27841
97.5 43.5 3.27936
98 43.5 3.27914
98.5 43.5 3.27108
99 43.5 3.26762
99.5 43.5 3.2655
100 43.5 3.26508
100.5 43.5 3.26169
101 43.5 3.26127
101.5 43.5 3.25457
102 43.5 3.24627
102.5 43.5 3.23866
103 43.5 3.22305
103.5 43.5 3.21165
104 43.5 3.20402
104.5 43.5 3.18806
105 43.5 3.17548
105.5 43.5 3.16904
106 43.5 3.15642
106.5 43.5 3.15367
107 43.5 3.16411
107.5 43.5 3.16959
108 43.5 3.1741
108.5 43.5 3.18856
109 43.5 3.20224
109.5 43.5 3.2169
110 43.5 3.23218
110.5 43.5 3.23576
111 43.5 3.22736
111.5 43.5 3.20775
112 43.5 3.19422
112.5 43.5 3.20034
113 43.5 3.20929
113.5 43.5 3.21018
114 43.5 3.20647
114.5 43.5 3.19528
115 43.5 3.18228
115.5 43.5 3.17984
116 43.5 3.18207
116.5 43.5 3.19279
117 43.5 3.21151
117.5 43.5 3.23636
118 43.5 3.25899
118.5 43.5 3.27494
119 43.5 3.27769
119.5 43.5 3.26918
120 43.5 3.24667
120.5 43.5 3.21027
121 43.5 3.177
121.5 43.5 3.15797
122 43.5 3.17207
122.5 43.5 3.19695
123 43.5 3.20936
123.5 43.5 3.20846
124 43.5 3.19878
124.5 43.5 3.20548
125 43.5 3.21828
125.5 43.5 3.24266
126 43.5 3.26397
126.5 43.5 3.28347
127 43.5 3.29719
127.5 43.5 3.29625
128 43.5 3.30077
128.5 43.5 3.30271
129 43.5 3.29659
129.5 43.5 3.28094
130 43.5 3.29293
130.5 43.5 3.30792
131 43.5 3.31315
87 44 2.89594
87.5 44 2.9216
88 44 2.95518
88.5 44 3.00124
89 44 3.05045
89.5 44 3.08506
90 44 3.10802
90.5 44 3.12672
91 44 3.15463
91.5 44 3.1883
92 44 3.21153
92.5 44 3.22942
93 44 3.24592
93.5 44 3.26179
94 44 3.27312
94.5 44 3.27558
95 44 3.2711
95.5 44 3.27494
96 44 3.28
96.5 44 3.27571
97 44 3.27971
97.5 44 3.28282
98 44 3.2875
98.5 44 3.28495
99 44 3.27211
99.5 44 3.26814
100 44 3.26616
100.5 44 3.25791
101 44 3.23969
101.5 44 3.22938
102 44 3.22216
102.5 44 3.2121
103 44 3.20535
103.5 44 3.19761
104 44 3.18558
104.5 44 3.17836
105 44 3.17728
105.5 44 3.17199
106 44 3.16368
106.5 44 3.15882
107 44 3.16524
107.5 44 3.17523
108 44 3.18394
108.5 44 3.19666
109 44 3.21361
109.5 44 3.22373
110 44 3.22706
110.5 44 3.23101
111 44 3.22762
111.5 44 3.22137
112 44 3.22258
112.5 44 3.23297
113 44 3.24045
113.5 44 3.23238
114 44 3.218
114.5 44 3.19939
115 44 3.17787
115.5 44 3.17236
116 44 3.17621
116.5 44 3.18533
117 44 3.20608
117.5 44 3.23255
118 44 3.2566
118.5 44 3.27167
119 44 3.2769
119.5 44 3.26926
120 44 3.25584
120.5 44 3.23107
121 44 3.20454
121.5 44 3.19775
122 44 3.1995
122.5 44 3.20596
123 44 3.19973
123.5 44 3.16966
124 44 3.14298
124.5 44 3.14542
125 44 3.17205
125.5 44 3.197
126 44 3.23575
126.5 44 3.26023
127 44 3.2765
127.5 44 3.28978
128 44 3.29778
128.5 44 3.31214
129 44 3.298
129.5 44 3.28044
130 44 3.28486
130.5 44 3.30565
131 44 3.31139
87 44.5 2.87058
87.5 44.5 2.9216
88 44.5 2.96321
88.5 44.5 3.00495
89 44.5 3.05171
89.5 44.5 3.09272
90 44.5 3.12564
90.5 44.5 3.15221
91 44.5 3.17621
91.5 44.5 3.20103
92 44.5 3.21996
92.5 44.5 3.23
93 44.5 3.24433
93.5 44.5 3.26447
94 44.5 3.27196
94.5 44.5 3.27184
95 44.5 3.27166
95.5 44.5 3.27473
96 44.5 3.2768
96.5 44.5 3.27263
97 44.5 3.27017
97.5 44.5 3.2777
98 44.5 3.28759
98.5 44.5 3.28627
99 44.5 3.27644
99.5 44.5 3.2708
100 44.5 3.26659
100.5 44.5 3.25364
101 44.5 3.24542
101.5 44.5 3.23697
102 44.5 3.22691
102.5 44.5 3.2137
103 44.5 3.20214
103.5 44.5 3.19685
104 44.5 3.18987
104.5 44.5 3.18335
105 44.5 3.18378
105.5 44.5 3.18387
106 44.5 3.17091
106.5 44.5 3.16284
107 44.5 3.16505
107.5 44.5 3.16796
108 44.5 3.17226
108.5 44.5 3.18415
109 44.5 3.19776
109.5 44.5 3.2087
110 44.5 3.22019
110.5 44.5 3.23032
111 44.5 3.2307
111.5 44.5 3.22762
112 44.5 3.23267
112.5 44.5 3.23852
113 44.5 3.24065
113.5 44.5 3.23617
114 44.5 3.22339
114.5 44.5 3.20793
115 44.5 3.19102
115.5 44.5 3.18105
116 44.5 3.17944
116.5 44.5 3.17765
117 44.5 3.18328
117.5 44.5 3.19788
118 44.5 3.21552
118.5 44.5 3.22894
119 44.5 3.24316
119.5 44.5 3.25537
120 44.5 3.25895
120.5 44.5 3.25943
121 44.5 3.24763
121.5 44.5 3.23046
122 44.5 3.23145
122.5 44.5 3.22352
123 44.5 3.18979
123.5 44.5 3.13581
124 44.5 3.09291
124.5 44.5 3.09647
125 44.5 3.13048
125.5 44.5 3.17024
126 44.5 3.19994
126.5 44.5 3.2358
127 44.5 3.26013
127.5 44.5 3.27479
128 44.5 3.29165
128.5 44.5 3.30951
129 44.5 3.30212
129.5 44.5 3.2902
130 44.5 3.28853
130.5 44.5 3.30372
131 44.5 3.31529
87 45 2.9495
87.5 45 2.9757
88 45 3.00527
88.5 45 3.047
89 45 3.0919
89.5 45 3.1298
90 45 3.15708
90.5 45 3.18233
91 45 3.20547
91.5 45 3.22282
92 45 3.23779
92.5 45 3.25037
93 45 3.26195
93.5 45 3.26957
94 45 3.27723
94.5 45 3.27911
95 45 3.27705
95.5 45 3.28069
96 45 3.28432
96.5 45 3.27811
97 45 3.27464
97.5 45 3.27715
98 45 3.28097
98.5 45 3.28322
99 45 3.27326
99.5 45 3.2583
100 45 3.24719
100.5 45 3.23945
101 45 3.23839
101.5 45 3.23493
102 45 3.2247
102.5 45 3.21432
103 45 3.2003
103.5 45 3.19619
104 45 3.19204
104.5 45 3.1865
105 45 3.18422
105.5 45 3.1786
106 45 3.17303
106.5 45 3.16789
107 45 3.169
107.5 45 3.16893
108 45 3.16538
108.5 45 3.16815
109 45 3.17707
109.5 45 3.19128
110 45 3.20542
110.5 45 3.21705
111 45 3.22715
111.5 45 3.22989
112 45 3.23397
112.5 45 3.23749
113 45 3.23716
113.5 45 3.23089
114 45 3.22024
114.5 45 3.20734
115 45 3.19434
115.5 45 3.18447
116 45 3.17781
116.5 45 3.17685
117 45 3.1831
117.5 45 3.18409
118 45 3.18446
118.5 45 3.19574
119 45 3.21324
119.5 45 3.23303
120 45 3.25291
120.5 45 3.26101
121 45 3.26051
121.5 45 3.26171
122 45 3.25463
122.5 45 3.23257
123 45 3.18083
123.5 45 3.11877
124 45 3.07651
124.5 45 3.06352
125 45 3.08899
125.5 45 3.12424
126 45 3.16862
126.5 45 3.2074
127 45 3.24717
127.5 45 3.26721
128 45 3.28116
128.5 45 3.29614
129 45 3.30583
129.5 45 3.30709
130 45 3.30044
130.5 45 3.29719
131 45 3.30998
87 45.5 3.01874
87.5 45.5 3.03675
88 45.5 3.06257
88.5 45.5 3.09932
89 45.5 3.13814
89.5 45.5 3.16627
90 45.5 3.1905
90.5 45.5 3.21269
91 45.5 3.23378
91.5 45.5 3.24895
92 45.5 3.25599
92.5 45.5 3.26034
93 45.5 3.26213
93.5 45.5 3.27028
94 45.5 3.27655
94.5 45.5 3.28296
95 45.5 3.28572
95.5 45.5 3.28677
96 45.5 3.28767
96.5 45.5 3.28267
97 45.5 3.2821
97.5 45.5 3.27921
98 45.5 3.27362
98.5 45.5 3.27286
99 45.5 3.26555
99.5 45.5 3.25376
100 45.5 3.24095
100.5 45.5 3.23147
101 45.5 3.2338
101.5 45.5 3.23075
102 45.5 3.22039
102.5 45.5 3.2116
103 45.5 3.20081
103.5 45.5 3.19359
104 45.5 3.1911
104.5 45.5 3.18747
105 45.5 3.18345
105.5 45.5 3.17521
106 45.5 3.1684
106.5 45.5 3.16492
107 45.5 3.16545
107.5 45.5 3.16382
108 45.5 3.16096
108.5 45.5 3.16564
109 45.5 3.17726
109.5 45.5 3.18904
110 45.5 3.2032
110.5 45.5 3.21614
111 45.5 3.2234
111.5 45.5 3.2297
112 45.5 3.23476
112.5 45.5 3.23909
113 45.5 3.23427
113.5 45.5 3.22456
114 45.5 3.21115
114.5 45.5 3.18967
115 45.5 3.17152
115.5 45.5 3.16183
116 45.5 3.16294
116.5 45.5 3.17862
117 45.5 3.18911
117.5 45.5 3.19119
118 45.5 3.18861
118.5 45.5 3.18333
119 45.5 3.19527
119.5 45.5 3.2182
120 45.5 3.23671
120.5 45.5 3.25918
121 45.5 3.27534
121.5 45.5 3.27081
122 45.5 3.26327
122.5 45.5 3.24233
123 45.5 3.20165
123.5 45.5 3.13594
124 45.5 3.07381
124.5 45.5 3.04462
125 45.5 3.05389
125.5 45.5 3.08738
126 45.5 3.12544
126.5 45.5 3.17836
127 45.5 3.23152
127.5 45.5 3.26288
128 45.5 3.27275
128.5 45.5 3.2841
129 45.5 3.30398
129.5 45.5 3.31125
130 45.5 3.29692
130.5 45.5 3.28503
131 45.5 3.29589
87 46 3.07014
87.5 46 3.10003
88 46 3.13221
88.5 46 3.14883
89 46 3.17459
89.5 46 3.2083
90 46 3.23422
90.5 46 3.24626
91 46 3.24996
91.5 46 3.25456
92 46 3.25588
92.5 46 3.26016
93 46 3.26738
93.5 46 3.26844
94 46 3.27896
94.5 46 3.28985
95 46 3.28712
95.5 46 3.27918
96 46 3.27832
96.5 46 3.27594
97 46 3.27203
97.5 46 3.27141
98 46 3.26609
98.5 46 3.25703
99 46 3.24911
99.5 46 3.24243
100 46 3.22983
100.5 46 3.22195
101 46 3.22624
101.5 46 3.22451
102 46 3.21616
102.5 46 3.20845
103 46 3.19928
103.5 46 3.19015
104 46 3.18117
104.5 46 3.17806
105 46 3.17553
105.5 46 3.17115
106 46 3.1701
106.5 46 3.16915
107 46 3.16836
107.5 46 3.16896
108 46 3.16832
108.5 46 3.1739
109 46 3.18321
109.5 46 3.19152
110 46 3.19771
110.5 46 3.20846
111 46 3.21769
111.5 46 3.22492
112 46 3.23509
112.5 46 3.24297
113 46 3.24193
113.5 46 3.23015
114 46 3.21671
114.5 46 3.19714
115 46 3.16692
115.5 46 3.15148
116 46 3.15036
116.5 46 3.16312
117 46 3.18907
117.5 46 3.19379
118 46 3.18856
118.5 46 3.19482
119 46 3.19881
119.5 46 3.21195
120 46 3.23742
120.5 46 3.25721
121 46 3.27034
121.5 46 3.28182
122 46 3.28104
122.5 46 3.26829
123 46 3.22344
123.5 46 3.16665
124 46 3.09222
124.5 46 3.04851
125 46 3.04235
125.5 46 3.06392
126 46 3.10219
126.5 46 3.14394
127 46 3.20538
127.5 46 3.25202
128 46 3.2674
128.5 46 3.28136
129 46 3.30173
129.5 46 3.30119
130 46 3.27819
130.5 46 3.26182
131 46 3.2837
87 46.5 3.12934
87.5 46.5 3.16315
88 46.5 3.18221
88.5 46.5 3.20028
89 46.5 3.23004
89.5 46.5 3.26639
90 46.5 3.27422
90.5 46.5 3.26287
91 46.5 3.25222
91.5 46.5 3.2446
92 46.5 3.24914
92.5 46.5 3.25485
93 46.5 3.26055
93.5 46.5 3.26644
94 46.5 3.26755
94.5 46.5 3.27496
95 46.5 3.27536
95.5 46.5 3.27078
96 46.5 3.26973
96.5 46.5 3.2595
97 46.5 3.25566
97.5 46.5 3.25877
98 46.5 3.2507
98.5 46.5 3.24436
99 46.5 3.23772
99.5 46.5 3.22718
100 46.5 3.21869
100.5 46.5 3.21233
101 46.5 3.209
101.5 46.5 3.2065
102 46.5 3.20233
102.5 46.5 3.19786
103 46.5 3.19498
103.5 46.5 3.19204
104 46.5 3.18657
104.5 46.5 3.18079
105 46.5 3.17769
105.5 46.5 3.17547
106 46.5 3.17318
106.5 46.5 3.17372
107 46.5 3.17566
107.5 46.5 3.17494
108 46.5 3.175
108.5 46.5 3.1799
109 46.5 3.18387
109.5 46.5 3.19022
110 46.5 3.19824
110.5 46.5 3.20142
111 46.5 3.20534
111.5 46.5 3.2096
112 46.5 3.21785
112.5 46.5 3.228
113 46.5 3.22417
113.5 46.5 3.22165
114 46.5 3.2223
114.5 46.5 3.20434
115 46.5 3.17582
115.5 46.5 3.15121
116 46.5 3.14713
116.5 46.5 3.15254
117 46.5 3.1548
117.5 46.5 3.16915
118 46.5 3.18357
118.5 46.5 3.19183
119 46.5 3.20566
119.5 46.5 3.2172
120 46.5 3.2313
120.5 46.5 3.25003
121 46.5 3.27044
121.5 46.5 3.28668
122 46.5 3.29542
122.5 46.5 3.28391
123 46.5 3.25399
123.5 46.5 3.18481
124 46.5 3.12569
124.5 46.5 3.06598
125 46.5 3.05793
125.5 46.5 3.07542
126 46.5 3.09869
126.5 46.5 3.13632
127 46.5 3.18316
127.5 46.5 3.23646
128 46.5 3.26782
128.5 46.5 3.28498
129 46.5 3.30425
129.5 46.5 3.29268
130 46.5 3.26386
130.5 46.5 3.24103
131 46.5 3.26272
87 47 3.17275
87.5 47 3.19998
88 47 3.22295
88.5 47 3.24479
89 47 3.27629
89.5 47 3.29139
90 47 3.28312
90.5 47 3.26262
91 47 3.24735
91.5 47 3.24448
92 47 3.24071
92.5 47 3.24737
93 47 3.25314
93.5 47 3.24284
94 47 3.24585
94.5 47 3.25505
95 47 3.25537
95.5 47 3.25422
96 47 3.25412
96.5 47 3.2467
97 47 3.23917
97.5 47 3.23914
98 47 3.23738
98.5 47 3.23145
99 47 3.22465
99.5 47 3.21818
100 47 3.21088
100.5 47 3.20353
101 47 3.20256
101.5 47 3.20201
102 47 3.20053
102.5 47 3.20027
103 47 3.19754
103.5 47 3.19505
104 47 3.18946
104.5 47 3.1837
105 47 3.18051
105.5 47 3.17622
106 47 3.17393
106.5 47 3.17353
107 47 3.17494
107.5 47 3.17929
108 47 3.18054
108.5 47 3.18071
109 47 3.18354
109.5 47 3.18847
110 47 3.19545
110.5 47 3.20097
111 47 3.20398
111.5 47 3.2084
112 47 3.21298
112.5 47 3.21784
113 47 3.22018
113.5 47 3.20965
114 47 3.20507
114.5 47 3.19293
115 47 3.16777
115.5 47 3.15057
116 47 3.13165
116.5 47 3.12326
117 47 3.13385
117.5 47 3.13951
118 47 3.15142
118.5 47 3.17251
119 47 3.19446
119.5 47 3.21312
120 47 3.22835
120.5 47 3.24403
121 47 3.25938
121.5 47 3.28494
122 47 3.30007
122.5 47 3.28948
123 47 3.26148
123.5 47 3.21653
124 47 3.14532
124.5 47 3.11117
125 47 3.09443
125.5 47 3.10693
126 47 3.12917
126.5 47 3.16012
127 47 3.18899
127.5 47 3.23708
128 47 3.26809
128.5 47 3.28924
129 47 3.30482
129.5 47 3.29213
130 47 3.26072
130.5 47 3.23641
131 47 3.23871
87 47.5 3.22174
87.5 47.5 3.23345
88 47.5 3.24476
88.5 47.5 3.25805
89 47.5 3.27132
89.5 47.5 3.27503
90 47.5 3.26131
90.5 47.5 3.25133
91 47.5 3.2469
91.5 47.5 3.24486
92 47.5 3.24575
92.5 47.5 3.23872
93 47.5 3.23255
93.5 47.5 3.22308
94 47.5 3.21686
94.5 47.5 3.22547
95 47.5 3.23127
95.5 47.5 3.23347
96 47.5 3.23527
96.5 47.5 3.23256
97 47.5 3.23172
97.5 47.5 3.23195
98 47.5 3.22604
98.5 47.5 3.22435
99 47.5 3.22423
99.5 47.5 3.21999
100 47.5 3.21366
100.5 47.5 3.20709
101 47.5 3.20175
101.5 47.5 3.19766
102 47.5 3.20054
102.5 47.5 3.20144
103 47.5 3.19615
103.5 47.5 3.19488
104 47.5 3.19129
104.5 47.5 3.18398
105 47.5 3.18095
105.5 47.5 3.17814
106 47.5 3.17717
106.5 47.5 3.17761
107 47.5 3.1753
107.5 47.5 3.17552
108 47.5 3.17731
108.5 47.5 3.17858
109 47.5 3.17944
109.5 47.5 3.18252
110 47.5 3.19039
110.5 47.5 3.19767
111 47.5 3.20047
111.5 47.5 3.20047
112 47.5 3.20477
112.5 47.5 3.20886
113 47.5 3.20449
113.5 47.5 3.20311
114 47.5 3.19951
114.5 47.5 3.19091
115 47.5 3.17382
115.5 47.5 3.14828
116 47.5 3.13061
116.5 47.5 3.11343
117 47.5 3.10092
117.5 47.5 3.11104
118 47.5 3.12881
118.5 47.5 3.15284
119 47.5 3.17554
119.5 47.5 3.19896
120 47.5 3.22138
120.5 47.5 3.23713
121 47.5 3.25129
121.5 47.5 3.26835
122 47.5 3.29057
122.5 47.5 3.29862
123 47.5 3.26295
123.5 47.5 3.2326
124 47.5 3.19697
124.5 47.5 3.15838
125 47.5 3.15165
125.5 47.5 3.15329
126 47.5 3.175
126.5 47.5 3.19941
127 47.5 3.21732
127.5 47.5 3.25248
128 47.5 3.27273
128.5 47.5 3.29567
129 47.5 3.30088
129.5 47.5 3.28531
130 47.5 3.25951
130.5 47.5 3.22809
131 47.5 3.22877
87 48 3.23187
87.5 48 3.23612
88 48 3.23609
88.5 48 3.24939
89 48 3.25945
89.5 48 3.25557
90 48 3.25179
90.5 48 3.24489
91 48 3.24216
91.5 48 3.24601
92 48 3.2361
92.5 48 3.23097
93 48 3.22114
93.5 48 3.20353
94 48 3.20393
94.5 48 3.21403
95 48 3.22099
95.5 48 3.22068
96 48 3.22239
96.5 48 3.223
97 48 3.22425
97.5 48 3.2287
98 48 3.22325
98.5 48 3.21769
99 48 3.21854
99.5 48 3.21772
100 48 3.21441
100.5 48 3.20757
101 48 3.20218
101.5 48 3.19852
102 48 3.1965
102.5 48 3.19757
103 48 3.19444
103.5 48 3.19011
104 48 3.18869
104.5 48 3.18649
105 48 3.18168
105.5 48 3.17661
106 48 3.17555
106.5 48 3.17694
107 48 3.17482
107.5 48 3.17481
108 48 3.17672
108.5 48 3.17798
109 48 3.17973
109.5 48 3.18484
110 48 3.19057
110.5 48 3.19292
111 48 3.19242
111.5 48 3.19357
112 48 3.19182
112.5 48 3.19317
113 48 3.19797
113.5 48 3.19593
114 48 3.19472
114.5 48 3.18565
115 48 3.17354
115.5 48 3.1637
116 48 3.13946
116.5 48 3.11884
117 48 3.10604
117.5 48 3.10555
118 48 3.1186
118.5 48 3.1364
119 48 3.16431
119.5 48 3.18944
120 48 3.20784
120.5 48 3.21834
121 48 3.23264
121.5 48 3.2588
122 48 3.28122
122.5 48 3.27921
123 48 3.27862
123.5 48 3.24659
124 48 3.23096
124.5 48 3.21533
125 48 3.20468
125.5 48 3.2119
126 48 3.22082
126.5 48 3.23519
127 48 3.24726
127.5 48 3.26635
128 48 3.28564
128.5 48 3.30132
129 48 3.30015
129.5 48 3.28067
130 48 3.25479
130.5 48 3.21735
131 48 3.21749
87 48.5 3.22707
87.5 48.5 3.22552
88 48.5 3.22812
88.5 48.5 3.23502
89 48.5 3.24563
89.5 48.5 3.24678
90 48.5 3.24155
90.5 48.5 3.23744
91 48.5 3.2353
91.5 48.5 3.23701
92 48.5 3.23058
92.5 48.5 3.22225
93 48.5 3.21537
93.5 48.5 3.20162
94 48.5 3.20009
94.5 48.5 3.21118
95 48.5 3.21819
95.5 48.5 3.21923
96 48.5 3.21617
96.5 48.5 3.21321
97 48.5 3.21585
97.5 48.5 3.21924
98 48.5 3.21612
98.5 48.5 3.21405
99 48.5 3.21369
99.5 48.5 3.2118
100 48.5 3.20982
100.5 48.5 3.20311
101 48.5 3.19673
101.5 48.5 3.19534
102 48.5 3.19437
102.5 48.5 3.19343
103 48.5 3.19278
103.5 48.5 3.18844
104 48.5 3.18214
104.5 48.5 3.18059
105 48.5 3.18096
105.5 48.5 3.17846
106 48.5 3.17508
106.5 48.5 3.17567
107 48.5 3.17631
107.5 48.5 3.17654
108 48.5 3.1791
108.5 48.5 3.17897
109 48.5 3.17861
109.5 48.5 3.18117
110 48.5 3.18722
110.5 48.5 3.18841
111 48.5 3.18547
111.5 48.5 3.18425
112 48.5 3.18757
112.5 48.5 3.18716
113 48.5 3.18776
113.5 48.5 3.18806
114 48.5 3.18624
114.5 48.5 3.18827
115 48.5 3.18048
115.5 48.5 3.16467
116 48.5 3.1512
116.5 48.5 3.13593
117 48.5 3.12765
117.5 48.5 3.12267
118 48.5 3.13355
118.5 48.5 3.15208
119 48.5 3.16238
119.5 48.5 3.17313
120 48.5 3.18892
120.5 48.5 3.20946
121 48.5 3.22258
121.5 48.5 3.23795
122 48.5 3.26149
122.5 48.5 3.27589
123 48.5 3.26452
123.5 48.5 3.26013
124 48.5 3.245
124.5 48.5 3.24426
125 48.5 3.2386
125.5 48.5 3.24973
126 48.5 3.25802
126.5 48.5 3.26603
127 48.5 3.26332
127.5 48.5 3.27354
128 48.5 3.28901
128.5 48.5 3.30018
129 48.5 3.30179
129.5 48.5 3.29492
130 48.5 3.2597
130.5 48.5 3.21886
131 48.5 3.20762
87 49 3.22396
87.5 49 3.22062
88 49 3.22009
88.5 49 3.22813
89 49 3.23602
89.5 49 3.23478
90 49 3.23086
90.5 49 3.22536
91 49 3.22474
91.5 49 3.228
92 49 3.22154
92.5 49 3.21941
93 49 3.21703
93.5 49 3.20267
94 49 3.19724
94.5 49 3.20455
95 49 3.21089
95.5 49 3.21152
96 49 3.21081
96.5 49 3.21064
97 49 3.21024
97.5 49 3.21015
98 49 3.20794
98.5 49 3.20604
99 49 3.2056
99.5 49 3.20438
100 49 3.20478
100.5 49 3.19926
101 49 3.19198
101.5 49 3.19052
102 49 3.18986
102.5 49 3.18812
103 49 3.18551
103.5 49 3.1844
104 49 3.18275
104.5 49 3.1789
105 49 3.17872
105.5 49 3.17833
106 49 3.17695
106.5 49 3.17787
107 49 3.17861
107.5 49 3.17699
108 49 3.17682
108.5 49 3.17736
109 49 3.17717
109.5 49 3.17717
110 49 3.17853
110.5 49 3.18054
111 49 3.18346
111.5 49 3.18419
112 49 3.18379
112.5 49 3.1835
113 49 3.18125
113.5 49 3.18264
114 49 3.18557
114.5 49 3.18177
115 49 3.17588
115.5 49 3.16529
116 49 3.15863
116.5 49 3.15706
117 49 3.15338
117.5 49 3.16049
118 49 3.1655
118.5 49 3.16758
119 49 3.16831
119.5 49 3.17429
120 49 3.18939
120.5 49 3.19994
121 49 3.21664
121.5 49 3.2356
122 49 3.24526
122.5 49 3.26027
123 49 3.26195
123.5 49 3.25675
124 49 3.25199
124.5 49 3.24652
125 49 3.24865
125.5 49 3.25698
126 49 3.27569
126.5 49 3.28158
127 49 3.27381
127.5 49 3.27493
128 49 3.27759
128.5 49 3.29084
129 49 3.29515
129.5 49 3.30357
130 49 3.27469
130.5 49 3.2338
131 49 3.21839
87 49.5 3.21201
87.5 49.5 3.21115
88 49.5 3.21012
88.5 49.5 3.21899
89 49.5 3.22874
89.5 49.5 3.22709
90 49.5 3.2238
90.5 49.5 3.22041
91 49.5 3.21667
91.5 49.5 3.21665
92 49.5 3.21111
92.5 49.5 3.20836
93 49.5 3.20619
93.5 49.5 3.19778
94 49.5 3.19613
94.5 49.5 3.20038
95 49.5 3.20412
95.5 49.5 3.20432
96 49.5 3.20368
96.5 49.5 3.20169
97 49.5 3.20283
97.5 49.5 3.204
98 49.5 3.20007
98.5 49.5 3.19899
99 49.5 3.19997
99.5 49.5 3.19755
100 49.5 3.1955
100.5 49.5 3.19275
101 49.5 3.18725
101.5 49.5 3.18527
102 49.5 3.18575
102.5 49.5 3.18746
103 49.5 3.18509
103.5 49.5 3.18026
104 49.5 3.18046
104.5 49.5 3.18004
105 49.5 3.17872
105.5 49.5 3.17875
106 49.5 3.1772
106.5 49.5 3.17591
107 49.5 3.17567
107.5 49.5 3.17502
108 49.5 3.17471
108.5 49.5 3.17577
109 49.5 3.17488
109.5 49.5 3.17411
110 49.5 3.1771
110.5 49.5 3.17923
111 49.5 3.17896
111.5 49.5 3.17995
112 49.5 3.17947
112.5 49.5 3.18007
113 49.5 3.18239
113.5 49.5 3.1807
114 49.5 3.17722
114.5 49.5 3.17722
115 49.5 3.17234
115.5 49.5 3.17514
116 49.5 3.17114
116.5 49.5 3.17321
117 49.5 3.18196
117.5 49.5 3.18199
118 49.5 3.18734
118.5 49.5 3.19149
119 49.5 3.19012
119.5 49.5 3.18604
120 49.5 3.19344
120.5 49.5 3.21266
121 49.5 3.22338
121.5 49.5 3.2309
122 49.5 3.24511
122.5 49.5 3.25012
123 49.5 3.26267
123.5 49.5 3.258
124 49.5 3.25803
124.5 49.5 3.24656
125 49.5 3.24785
125.5 49.5 3.25507
126 49.5 3.27237
126.5 49.5 3.28061
127 49.5 3.27756
127.5 49.5 3.26982
128 49.5 3.27174
128.5 49.5 3.27467
129 49.5 3.28277
129.5 49.5 3.29199
130 49.5 3.27908
130.5 49.5 3.25404
131 49.5 3.24123
87 50 3.20542
87.5 50 3.20682
88 50 3.20531
88.5 50 3.20946
89 50 3.21499
89.5 50 3.21225
90 50 3.21019
90.5 50 3.20912
91 50 3.20776
91.5 50 3.20849
92 50 3.20468
92.5 50 3.20275
93 50 3.19871
93.5 50 3.18982
94 50 3.18984
94.5 50 3.19415
95 50 3.19681
95.5 50 3.19902
96 50 3.19858
96.5 50 3.19689
97 50 3.19601
97.5 50 3.19475
98 50 3.19176
98.5 50 3.19136
99 50 3.19205
99.5 50 3.19023
100 50 3.18954
100.5 50 3.18818
101 50 3.18446
101.5 50 3.18277
102 50 3.18229
102.5 50 3.18195
103 50 3.18263
103.5 50 3.18084
104 50 3.17817
104.5 50 3.17813
105 50 3.17699
105.5 50 3.17656
106 50 3.1759
106.5 50 3.17383
107 50 3.17323
107.5 50 3.17407
108 50 3.17365
108.5 50 3.17334
109 50 3.17442
109.5 50 3.17551
110 50 3.17588
110.5 50 3.1775
111 50 3.17703
111.5 50 3.17547
112 50 3.17581
112.5 50 3.17598
113 50 3.17623
113.5 50 3.1781
114 50 3.17577
114.5 50 3.17763
115 50 3.18059
115.5 50 3.17568
116 50 3.18582
116.5 50 3.18673
117 50 3.1856
117.5 50 3.19844
118 50 3.20691
118.5 50 3.20623
119 50 3.20494
119.5 50 3.20974
120 50 3.21648
120.5 50 3.22031
121 50 3.22871
121.5 50 3.23715
122 50 3.24166
122.5 50 3.24954
123 50 3.25905
123.5 50 3.26608
124 50 3.25916
124.5 50 3.25088
125 50 3.2485
125.5 50 3.25205
126 50 3.26079
126.5 50 3.27015
127 50 3.26706
127.5 50 3.26261
128 50 3.26757
128.5 50 3.2625
129 50 3.26862
129.5 50 3.27575
130 50 3.26465
130.5 50 3.25639
131 50 3.2522
