88.5 24 1117.69
89 24 1103.08
89.5 24 1093.06
90 24 1081.05
90.5 24 1070.28
91 24 1058.72
91.5 24 1048.24
92 24 1037.25
92.5 24 1026.1
93 24 1015.58
93.5 24 1004.43
94 24 993.248
94.5 24 982.896
95 24 972.165
95.5 24 961.674
96 24 950.974
96.5 24 940.292
97 24 928.819
97.5 24 917.853
98 24 906.658
98.5 24 895.867
99 24 885.886
99.5 24 875.594
100 24 865.041
100.5 24 854.618
101 24 844.937
101.5 24 834.671
102 24 824.567
102.5 24 814.219
103 24 803.865
103.5 24 794.088
104 24 784.61
104.5 24 775.177
105 24 766.124
105.5 24 757.112
106 24 748.692
106.5 24 740.358
107 24 732.009
107.5 24 723.651
108 24 715.378
108.5 24 706.953
109 24 698.857
109.5 24 691.116
110 24 682.877
110.5 24 674.764
111 24 666.965
111.5 24 659.729
112 24 652.703
112.5 24 645.806
113 24 638.707
113.5 24 631.983
114 24 625.568
114.5 24 618.859
115 24 611.574
115.5 24 605.604
116 24 599.173
116.5 24 592.621
117 24 586.565
117.5 24 580.925
118 24 575.359
118.5 24 570.412
119 24 565.466
119.5 24 560.838
120 24 556.5
120.5 24 552.184
121 24 548.316
121.5 24 544.744
122 24 541.306
122.5 24 538.328
123 24 535.787
123.5 24 533.474
124 24 531.336
124.5 24 529.233
125 24 527.683
129 24 519.847
129.5 24 526.767
130 24 529.164
88 24.5 1121.93
88.5 24.5 1109.22
89 24.5 1097.72
89.5 24.5 1086.29
90 24.5 1074.34
90.5 24.5 1063.28
91 24.5 1051.76
91.5 24.5 1040.74
92 24.5 1029.56
92.5 24.5 1017.83
93 24.5 1006.77
93.5 24.5 995.418
94 24.5 984.594
94.5 24.5 973.505
95 24.5 962.587
95.5 24.5 951.883
96 24.5 941.266
96.5 24.5 930.223
97 24.5 919.16
97.5 24.5 907.779
98 24.5 896.8
98.5 24.5 885.761
99 24.5 875.119
99.5 24.5 864.937
100 24.5 854.502
100.5 24.5 844.199
101 24.5 834.116
101.5 24.5 823.849
102 24.5 814.176
102.5 24.5 804.239
103 24.5 794.279
103.5 24.5 784.104
104 24.5 774.734
104.5 24.5 765.392
105 24.5 756.304
105.5 24.5 747.287
106 24.5 738.581
106.5 24.5 730.159
107 24.5 721.781
107.5 24.5 713.366
108 24.5 704.983
108.5 24.5 696.677
109 24.5 688.363
109.5 24.5 679.947
110 24.5 672.151
110.5 24.5 664.151
111 24.5 656.236
111.5 24.5 648.585
112 24.5 641.702
112.5 24.5 634.312
113 24.5 627.262
113.5 24.5 620.555
114 24.5 613.618
114.5 24.5 606.937
115 24.5 599.847
115.5 24.5 593.577
116 24.5 587.118
116.5 24.5 580.699
117 24.5 574.373
117.5 24.5 568.438
118 24.5 562.692
118.5 24.5 557.378
119 24.5 552.311
119.5 24.5 547.576
120 24.5 542.975
120.5 24.5 538.602
121 24.5 534.41
121.5 24.5 530.921
122 24.5 527.316
122.5 24.5 522.942
123 24.5 520.92
123.5 24.5 518.776
124 24.5 516.384
124.5 24.5 513.675
125 24.5 512.448
125.5 24.5 510.737
126 24.5 512.018
126.5 24.5 514.374
129.5 24.5 515.121
87 25 1140.21
87.5 25 1125.92
88 25 1109.55
88.5 25 1100.97
89 25 1089.51
89.5 25 1077.87
90 25 1066.46
90.5 25 1055.38
91 25 1044.23
91.5 25 1032.89
92 25 1021.04
92.5 25 1009.93
93 25 998.885
93.5 25 988.053
94 25 976.981
94.5 25 966.103
95 25 955.16
95.5 25 944.048
96 25 933.431
96.5 25 922.793
97 25 911.669
97.5 25 900.528
98 25 889.422
98.5 25 878.257
99 25 867.112
99.5 25 856.362
100 25 845.589
100.5 25 835.394
101 25 825.004
101.5 25 814.919
102 25 804.542
102.5 25 794.66
103 25 784.561
103.5 25 774.732
104 25 764.863
104.5 25 754.986
105 25 745.694
105.5 25 736.645
106 25 727.695
106.5 25 719.05
107 25 710.511
107.5 25 702.415
108 25 693.774
108.5 25 685.48
109 25 677.091
109.5 25 669.174
110 25 661.184
110.5 25 652.882
111 25 645.127
111.5 25 637.11
112 25 629.541
112.5 25 622.661
113 25 615.47
113.5 25 608.397
114 25 601.682
114.5 25 594.931
115 25 588.141
115.5 25 581.228
116 25 574.862
116.5 25 568.536
117 25 562.029
117.5 25 556.029
118 25 549.558
118.5 25 544.572
119 25 539.364
119.5 25 534.41
120 25 529.77
120.5 25 525.248
121 25 520.933
121.5 25 517.153
122 25 513.228
122.5 25 509.598
123 25 507.121
123.5 25 504.668
124 25 502.439
124.5 25 500.116
125 25 498.612
125.5 25 496.365
126 25 499.084
126.5 25 502.956
127 25 506.978
130 25 508.729
130.5 25 510.733
131 25 511.8
87 25.5 1132.19
87.5 25.5 1120.52
88 25.5 1108.09
88.5 25.5 1096.21
89 25.5 1084.29
89.5 25.5 1072.62
90 25.5 1060.68
90.5 25.5 1048.78
91 25.5 1037.32
91.5 25.5 1026.01
92 25.5 1014.45
92.5 25.5 1002.89
93 25.5 991.684
93.5 25.5 980.663
94 25.5 969.511
94.5 25.5 958.266
95 25.5 946.962
95.5 25.5 935.737
96 25.5 924.554
96.5 25.5 913.626
97 25.5 902.562
97.5 25.5 891.608
98 25.5 880.455
98.5 25.5 869.232
99 25.5 858.105
99.5 25.5 846.827
100 25.5 835.961
100.5 25.5 825.792
101 25.5 814.962
101.5 25.5 805.094
102 25.5 794.763
102.5 25.5 784.694
103 25.5 774.604
103.5 25.5 764.99
104 25.5 755.349
104.5 25.5 745.681
105 25.5 736.049
105.5 25.5 726.901
106 25.5 718.007
106.5 25.5 709.288
107 25.5 700.674
107.5 25.5 692.226
108 25.5 683.818
108.5 25.5 675.335
109 25.5 667.059
109.5 25.5 658.821
110 25.5 650.815
110.5 25.5 642.687
111 25.5 634.531
111.5 25.5 626.289
112 25.5 618.269
112.5 25.5 610.622
113 25.5 603.877
113.5 25.5 596.56
114 25.5 589.731
114.5 25.5 582.894
115 25.5 576.104
115.5 25.5 569.293
116 25.5 562.538
116.5 25.5 556.225
117 25.5 549.846
117.5 25.5 543.528
118 25.5 537.636
118.5 25.5 531.972
119 25.5 526.559
119.5 25.5 521.42
120 25.5 516.496
120.5 25.5 511.829
121 25.5 507.5
121.5 25.5 503.147
122 25.5 499.565
122.5 25.5 495.95
123 25.5 492.789
123.5 25.5 490.162
124 25.5 487.848
124.5 25.5 485.762
125 25.5 484.301
125.5 25.5 485.455
126 25.5 486.833
126.5 25.5 490.209
127 25.5 495.183
127.5 25.5 499.97
128 25.5 498.492
128.5 25.5 496.903
129.5 25.5 496.418
130 25.5 495.445
130.5 25.5 494.035
131 25.5 491.571
87 26 1128.73
87.5 26 1116.05
88 26 1102.94
88.5 26 1090.21
89 26 1077.92
89.5 26 1065.97
90 26 1054.08
90.5 26 1042.07
91 26 1030.41
91.5 26 1018.61
92 26 1007.03
92.5 26 995.351
93 26 983.835
93.5 26 973.038
94 26 961.893
94.5 26 950.341
95 26 938.855
95.5 26 927.533
96 26 916.597
96.5 26 905.569
97 26 894.513
97.5 26 883.765
98 26 872.866
98.5 26 861.784
99 26 850.404
99.5 26 838.919
100 26 827.674
100.5 26 816.414
101 26 806.266
101.5 26 795.876
102 26 785.443
102.5 26 775.373
103 26 765.097
103.5 26 755.086
104 26 745.479
104.5 26 735.871
105 26 726.217
105.5 26 716.776
106 26 707.712
106.5 26 698.917
107 26 690.029
107.5 26 681.579
108 26 673.101
108.5 26 664.83
109 26 656.417
109.5 26 648.205
110 26 639.892
110.5 26 631.937
111 26 623.724
111.5 26 615.483
112 26 607.289
112.5 26 599.455
113 26 592.011
113.5 26 585.149
114 26 577.954
114.5 26 571.197
115 26 564.283
115.5 26 557.396
116 26 550.373
116.5 26 544.04
117 26 537.592
117.5 26 531.081
118 26 523.743
118.5 26 519.441
119 26 513.921
119.5 26 508.691
120 26 503.587
120.5 26 498.657
121 26 494.014
121.5 26 489.786
122 26 486.002
122.5 26 481.973
123 26 478.643
123.5 26 475.545
124 26 473.369
124.5 26 471.28
125 26 469.846
125.5 26 470.304
126 26 471.348
126.5 26 473.548
127 26 477.496
127.5 26 481.403
128 26 482.271
128.5 26 482.739
129 26 484.291
129.5 26 483.372
130 26 479.961
130.5 26 475.441
131 26 471.288
87 26.5 1123.07
87.5 26.5 1110.49
88 26.5 1097.86
88.5 26.5 1085.25
89 26.5 1072.71
89.5 26.5 1060.37
90 26.5 1048.05
90.5 26.5 1035.74
91 26.5 1024.21
91.5 26.5 1012.46
92 26.5 1000.91
92.5 26.5 989.326
93 26.5 977.63
93.5 26.5 966.284
94 26.5 954.927
94.5 26.5 943.387
95 26.5 931.93
95.5 26.5 920.5
96 26.5 908.948
96.5 26.5 897.697
97 26.5 886.554
97.5 26.5 875.524
98 26.5 864.461
98.5 26.5 853.352
99 26.5 842.064
99.5 26.5 830.413
100 26.5 818.909
100.5 26.5 807.88
101 26.5 797.273
101.5 26.5 786.721
102 26.5 776.489
102.5 26.5 765.985
103 26.5 755.973
103.5 26.5 745.788
104 26.5 735.985
104.5 26.5 726.359
105 26.5 716.81
105.5 26.5 706.837
106 26.5 697.923
106.5 26.5 688.986
107 26.5 680.147
107.5 26.5 671.533
108 26.5 662.999
108.5 26.5 654.555
109 26.5 646.164
109.5 26.5 637.879
110 26.5 629.454
110.5 26.5 621.152
111 26.5 612.899
111.5 26.5 604.854
112 26.5 596.622
112.5 26.5 588.442
113 26.5 580.669
113.5 26.5 573.207
114 26.5 566.469
114.5 26.5 559.297
115 26.5 552.478
115.5 26.5 545.65
116 26.5 538.777
116.5 26.5 531.796
117 26.5 525.475
117.5 26.5 519.021
118 26.5 512.762
118.5 26.5 506.98
119 26.5 501.35
119.5 26.5 495.884
120 26.5 490.575
120.5 26.5 485.447
121 26.5 480.754
121.5 26.5 476.297
122 26.5 472.109
122.5 26.5 468.359
123 26.5 464.777
123.5 26.5 461.487
124 26.5 458.887
124.5 26.5 456.712
125 26.5 455.206
125.5 26.5 454.121
126 26.5 454.252
126.5 26.5 454.367
127 26.5 456.923
127.5 26.5 460.069
128 26.5 462.047
128.5 26.5 462.917
129 26.5 462.98
129.5 26.5 466.265
130 26.5 465.174
87 27 1118.25
87.5 27 1105.85
88 27 1093.89
88.5 27 1081.54
89 27 1068.17
89.5 27 1055.42
90 27 1042.8
90.5 27 1030.21
91 27 1018.09
91.5 27 1006.24
92 27 994.521
92.5 27 982.789
93 27 971
93.5 27 959.39
94 27 947.808
94.5 27 936.393
95 27 924.798
95.5 27 913.241
96 27 901.701
96.5 27 890.293
97 27 879.008
97.5 27 867.959
98 27 856.853
98.5 27 845.789
99 27 834.478
99.5 27 822.836
100 27 811.027
100.5 27 799.406
101 27 788.595
101.5 27 778.002
102 27 767.533
102.5 27 757.149
103 27 746.813
103.5 27 736.489
104 27 726.595
104.5 27 716.92
105 27 707.241
105.5 27 697.454
106 27 688.412
106.5 27 679.04
107 27 670.182
107.5 27 661.422
108 27 652.732
108.5 27 644.3
109 27 635.884
109.5 27 627.404
110 27 619.105
110.5 27 610.979
111 27 602.503
111.5 27 594.195
112 27 586.122
112.5 27 577.93
113 27 569.891
113.5 27 562.193
114 27 554.671
114.5 27 547.942
115 27 540.659
115.5 27 533.945
116 27 526.885
116.5 27 520.049
117 27 513.292
117.5 27 506.839
118 27 500.504
118.5 27 494.564
119 27 488.806
119.5 27 483.164
120 27 477.735
120.5 27 472.479
121 27 467.68
121.5 27 463.069
122 27 458.519
122.5 27 454.709
123 27 450.92
123.5 27 447.71
124 27 444.769
124.5 27 441.98
125 27 440.536
125.5 27 437.706
126 27 437.803
126.5 27 435.357
127 27 436.705
127.5 27 439.29
128 27 442.534
128.5 27 445.609
129 27 448.515
129.5 27 453.058
130 27 456.513
87 27.5 1113.31
87.5 27.5 1100.09
88 27.5 1087.07
88.5 27.5 1074.77
89 27.5 1062.42
89.5 27.5 1050.38
90 27.5 1037.89
90.5 27.5 1024.89
91 27.5 1012.29
91.5 27.5 1000.28
92 27.5 988.405
92.5 27.5 976.688
93 27.5 964.811
93.5 27.5 953.3
94 27.5 941.666
94.5 27.5 929.943
95 27.5 918.322
95.5 27.5 906.696
96 27.5 895.164
96.5 27.5 883.689
97 27.5 872.198
97.5 27.5 860.868
98 27.5 849.551
98.5 27.5 838.318
99 27.5 826.897
99.5 27.5 815.361
100 27.5 803.302
100.5 27.5 791.573
101 27.5 780.067
101.5 27.5 769.067
102 27.5 758.748
102.5 27.5 748.265
103 27.5 738.02
103.5 27.5 727.297
104 27.5 717.667
104.5 27.5 707.479
105 27.5 697.86
105.5 27.5 688.385
106 27.5 679
106.5 27.5 669.646
107 27.5 660.091
107.5 27.5 651.54
108 27.5 642.885
108.5 27.5 634.271
109 27.5 625.752
109.5 27.5 617.282
110 27.5 608.751
110.5 27.5 600.57
111 27.5 592.074
111.5 27.5 584.085
112 27.5 575.525
112.5 27.5 567.356
113 27.5 559.302
113.5 27.5 551.351
114 27.5 543.626
114.5 27.5 536.024
115 27.5 529.285
115.5 27.5 521.985
116 27.5 515.099
116.5 27.5 507.93
117 27.5 500.86
117.5 27.5 494.676
118 27.5 488.326
118.5 27.5 482.052
119 27.5 476.306
119.5 27.5 470.58
120 27.5 465.151
120.5 27.5 459.759
121 27.5 454.542
121.5 27.5 449.831
122 27.5 445.128
122.5 27.5 441.066
123 27.5 437.057
123.5 27.5 433.651
124 27.5 430.574
124.5 27.5 427.926
125 27.5 426.097
125.5 27.5 424.058
126 27.5 423.281
126.5 27.5 422.2
127 27.5 419.956
127.5 27.5 420.651
128 27.5 424.925
128.5 27.5 430.189
129 27.5 435.007
129.5 27.5 439.806
130 27.5 443.831
130.5 27.5 446.899
131 27.5 444.591
87 28 1108.04
87.5 28 1093.8
88 28 1078.96
88.5 28 1065.42
89 28 1056.11
89.5 28 1045.47
90 28 1033.44
90.5 28 1020.52
91 28 1007.77
91.5 28 995.373
92 28 983.217
92.5 28 971.115
93 28 959.131
93.5 28 947.285
94 28 935.442
94.5 28 923.536
95 28 911.715
95.5 28 900.007
96 28 888.557
96.5 28 877.063
97 28 865.591
97.5 28 853.994
98 28 842.449
98.5 28 830.967
99 28 819.555
99.5 28 807.823
100 28 796.007
100.5 28 783.934
101 28 772.391
101.5 28 761.003
102 28 750.295
102.5 28 739.477
103 28 729.072
103.5 28 718.954
104 28 708.739
104.5 28 698.582
105 28 688.894
105.5 28 679.142
106 28 669.449
106.5 28 660.385
107 28 650.826
107.5 28 641.835
108 28 633.147
108.5 28 624.377
109 28 615.81
109.5 28 607.169
110 28 598.723
110.5 28 590.385
111 28 581.95
111.5 28 573.747
112 28 565.378
112.5 28 556.888
113 28 548.692
113.5 28 540.765
114 28 532.766
114.5 28 524.898
115 28 517.125
115.5 28 510.546
116 28 503.39
116.5 28 496.424
117 28 489.521
117.5 28 482.511
118 28 476.024
118.5 28 469.706
119 28 463.691
119.5 28 458.002
120 28 452.41
120.5 28 447.033
121 28 441.733
121.5 28 436.991
122 28 432.166
122.5 28 427.605
123 28 423.304
123.5 28 419.488
124 28 416.353
124.5 28 413.88
125 28 411.615
125.5 28 410.105
126 28 408.232
126.5 28 407.045
127 28 405.707
127.5 28 403.804
128 28 409.143
128.5 28 416.059
129 28 421.231
129.5 28 425.08
130 28 427.822
130.5 28 431.302
131 28 429.194
87 28.5 1103.3
87.5 28.5 1088.68
88 28.5 1073.34
88.5 28.5 1061.72
89 28.5 1052.03
89.5 28.5 1041
90 28.5 1028.23
90.5 28.5 1015.72
91 28.5 1003.05
91.5 28.5 990.368
92 28.5 978.005
92.5 28.5 965.537
93 28.5 953.205
93.5 28.5 941.191
94 28.5 929.245
94.5 28.5 917.332
95 28.5 905.432
95.5 28.5 893.656
96 28.5 882.048
96.5 28.5 870.667
97 28.5 859.188
97.5 28.5 847.536
98 28.5 835.716
98.5 28.5 823.922
99 28.5 812.26
99.5 28.5 800.45
100 28.5 788.669
100.5 28.5 776.746
101 28.5 764.999
101.5 28.5 753.4
102 28.5 742.014
102.5 28.5 731.346
103 28.5 720.573
103.5 28.5 710.292
104 28.5 700.059
104.5 28.5 690.061
105 28.5 680.277
105.5 28.5 670.382
106 28.5 660.732
106.5 28.5 651.221
107 28.5 641.84
107.5 28.5 632.735
108 28.5 623.627
108.5 28.5 614.776
109 28.5 606.037
109.5 28.5 597.216
110 28.5 588.592
110.5 28.5 580.081
111 28.5 571.657
111.5 28.5 563.414
112 28.5 555.035
112.5 28.5 546.538
113 28.5 538.191
113.5 28.5 529.934
114 28.5 521.98
114.5 28.5 513.999
115 28.5 506.264
115.5 28.5 498.722
116 28.5 491.864
116.5 28.5 484.823
117 28.5 477.866
117.5 28.5 470.948
118 28.5 463.904
118.5 28.5 457.468
119 28.5 451.132
119.5 28.5 445.408
120 28.5 439.73
120.5 28.5 434.477
121 28.5 429.04
121.5 28.5 423.927
122 28.5 419.2
122.5 28.5 414.133
123 28.5 409.732
123.5 28.5 405.571
124 28.5 402.205
124.5 28.5 399.072
125 28.5 396.967
125.5 28.5 395.737
126 28.5 394.193
126.5 28.5 392.351
127 28.5 391.227
127.5 28.5 390.138
128 28.5 395.1
128.5 28.5 402.804
129 28.5 406.44
129.5 28.5 408.175
130 28.5 408.862
130.5 28.5 416.194
131 28.5 420.25
87 29 1097.71
87.5 29 1083.78
88 29 1069.37
88.5 29 1057.97
89 29 1047.95
89.5 29 1035.47
90 29 1022.83
90.5 29 1010.3
91 29 997.78
91.5 29 985.326
92 29 972.784
92.5 29 960.227
93 29 947.941
93.5 29 935.437
94 29 923.267
94.5 29 911.231
95 29 899.252
95.5 29 887.376
96 29 875.695
96.5 29 864.081
97 29 852.571
97.5 29 840.981
98 29 829.051
98.5 29 817.025
99 29 805.06
99.5 29 793.287
100 29 781.342
100.5 29 769.498
101 29 757.375
101.5 29 745.908
102 29 734.414
102.5 29 723.158
103 29 712.502
103.5 29 701.943
104 29 691.85
104.5 29 681.67
105 29 671.669
105.5 29 661.917
106 29 652.273
106.5 29 642.644
107 29 633.013
107.5 29 624.139
108 29 614.933
108.5 29 605.163
109 29 595.977
109.5 29 587.476
110 29 578.769
110.5 29 570.107
111 29 561.513
111.5 29 553.088
112 29 544.76
112.5 29 536.264
113 29 527.491
113.5 29 519.438
114 29 511.251
114.5 29 503.206
115 29 495.524
115.5 29 487.772
116 29 480.209
116.5 29 473.341
117 29 466.475
117.5 29 459.325
118 29 452.307
118.5 29 445.462
119 29 439.042
119.5 29 432.885
120 29 427.002
120.5 29 421.448
121 29 416.209
121.5 29 411.128
122 29 405.397
122.5 29 400.833
123 29 397.066
123.5 29 392.121
124 29 388.231
124.5 29 384.939
125 29 382.386
125.5 29 380.959
126 29 379.45
126.5 29 378.571
127 29 376.749
127.5 29 374.95
128 29 379.201
128.5 29 388.324
129 29 388.637
129.5 29 385.974
130 29 387.072
130.5 29 397.634
87 29.5 1087.07
87.5 29.5 1074.18
88 29.5 1062.3
88.5 29.5 1051.61
89 29.5 1041.04
89.5 29.5 1029.11
90 29.5 1016.77
90.5 29.5 1004.32
91 29.5 991.985
91.5 29.5 979.702
92 29.5 967.023
92.5 29.5 954.678
93 29.5 942.031
93.5 29.5 929.646
94 29.5 917.238
94.5 29.5 905.081
95 29.5 893.047
95.5 29.5 881.112
96 29.5 869.254
96.5 29.5 857.404
97 29.5 845.896
97.5 29.5 834.164
98 29.5 822.319
98.5 29.5 810.231
99 29.5 798.121
99.5 29.5 786.146
100 29.5 774.269
100.5 29.5 762.321
101 29.5 750.439
101.5 29.5 738.611
102 29.5 726.98
102.5 29.5 715.81
103 29.5 704.687
103.5 29.5 694.134
104 29.5 683.769
104.5 29.5 673.752
105 29.5 663.663
105.5 29.5 653.905
106 29.5 644.164
106.5 29.5 634.355
107 29.5 624.87
107.5 29.5 615.4
108 29.5 606.11
108.5 29.5 596.351
109 29.5 587.015
109.5 29.5 577.663
110 29.5 569.092
110.5 29.5 560.436
111 29.5 551.709
111.5 29.5 543.201
112 29.5 534.579
112.5 29.5 526.083
113 29.5 517.501
113.5 29.5 508.799
114 29.5 500.665
114.5 29.5 492.651
115 29.5 484.809
115.5 29.5 477.034
116 29.5 469.255
116.5 29.5 462.178
117 29.5 454.746
117.5 29.5 447.837
118 29.5 440.734
118.5 29.5 433.418
119 29.5 426.875
119.5 29.5 420.569
120 29.5 414.52
120.5 29.5 408.837
121 29.5 402.82
121.5 29.5 397.488
122 29.5 392.642
122.5 29.5 387.749
123 29.5 383.085
123.5 29.5 378.738
124 29.5 374.772
124.5 29.5 370.991
125 29.5 368.045
125.5 29.5 365.921
126 29.5 364.392
126.5 29.5 363.884
127 29.5 362.641
127.5 29.5 360.452
128 29.5 359.422
128.5 29.5 366.382
129 29.5 368.128
129.5 29.5 363.127
130 29.5 366.234
130.5 29.5 373.557
87 30 1074.15
87.5 30 1063.3
88 30 1053.7
88.5 30 1043.68
89 30 1032.01
89.5 30 1021.08
90 30 1008.98
90.5 30 996.878
91 30 984.973
91.5 30 972.96
92 30 960.886
92.5 30 948.341
93 30 935.756
93.5 30 923.475
94 30 911.242
94.5 30 898.95
95 30 886.797
95.5 30 874.814
96 30 862.854
96.5 30 850.923
97 30 838.935
97.5 30 827.095
98 30 815.167
98.5 30 803.308
99 30 791.275
99.5 30 779.266
100 30 767.193
100.5 30 755.301
101 30 743.304
101.5 30 731.513
102 30 719.785
102.5 30 708.35
103 30 697.46
103.5 30 686.521
104 30 676.159
104.5 30 665.921
105 30 656.266
105.5 30 645.939
106 30 635.993
106.5 30 626.364
107 30 616.75
107.5 30 606.885
108 30 597.421
108.5 30 587.873
109 30 578.375
109.5 30 569.034
110 30 559.881
110.5 30 550.934
111 30 542.134
111.5 30 533.365
112 30 524.586
112.5 30 515.953
113 30 507.327
113.5 30 498.87
114 30 490.078
114.5 30 482.175
115 30 474.211
115.5 30 466.325
116 30 458.482
116.5 30 450.698
117 30 443.541
117.5 30 436.108
118 30 428.584
118.5 30 421.751
119 30 414.797
119.5 30 408.31
120 30 402.369
120.5 30 395.612
121 30 390.624
121.5 30 384.964
122 30 379.573
122.5 30 374.569
123 30 369.625
123.5 30 365.053
124 30 361.438
124.5 30 357.921
125 30 354.407
125.5 30 351.808
126 30 349.529
126.5 30 348.774
127 30 347.875
127.5 30 346.643
128 30 344.265
128.5 30 347.722
129 30 349.712
129.5 30 346.241
130 30 346.606
130.5 30 350.385
87 30.5 1062.89
87.5 30.5 1054.23
88 30.5 1045.98
88.5 30.5 1036.6
89 30.5 1023.63
89.5 30.5 1012.67
90 30.5 1000.59
90.5 30.5 988.578
91 30.5 976.754
91.5 30.5 964.868
92 30.5 952.913
92.5 30.5 941.028
93 30.5 928.87
93.5 30.5 916.589
94 30.5 904.519
94.5 30.5 892.37
95 30.5 880.235
95.5 30.5 868.16
96 30.5 856.194
96.5 30.5 844.214
97 30.5 832.2
97.5 30.5 820.113
98 30.5 808.157
98.5 30.5 796.369
99 30.5 784.463
99.5 30.5 772.527
100 30.5 760.47
100.5 30.5 748.37
101 30.5 736.461
101.5 30.5 724.499
102 30.5 712.822
102.5 30.5 701.308
103 30.5 690.084
103.5 30.5 679.19
104 30.5 668.63
104.5 30.5 658.357
105 30.5 648.164
105.5 30.5 638.268
106 30.5 627.935
106.5 30.5 618.401
107 30.5 608.517
107.5 30.5 598.839
108 30.5 589.167
108.5 30.5 579.311
109 30.5 569.718
109.5 30.5 560.056
110 30.5 550.851
110.5 30.5 541.833
111 30.5 532.86
111.5 30.5 523.819
112 30.5 514.969
112.5 30.5 506.021
113 30.5 497.382
113.5 30.5 488.792
114 30.5 480.026
114.5 30.5 471.581
115 30.5 463.464
115.5 30.5 455.671
116 30.5 447.664
116.5 30.5 439.653
117 30.5 431.825
117.5 30.5 424.709
118 30.5 417.315
118.5 30.5 409.784
119 30.5 403.114
119.5 30.5 396.366
120 30.5 389.892
120.5 30.5 383.821
121 30.5 377.874
121.5 30.5 371.844
122 30.5 367.347
122.5 30.5 361.574
123 30.5 356.589
123.5 30.5 351.906
124 30.5 347.546
124.5 30.5 343.859
125 30.5 340.811
125.5 30.5 338.061
126 30.5 335.684
126.5 30.5 334.137
127 30.5 332.99
127.5 30.5 332.923
128 30.5 331.548
128.5 30.5 331.123
129 30.5 331.557
129.5 30.5 330.32
130 30.5 330.831
130.5 30.5 334.497
87 31 1056.99
87.5 31 1048.1
88 31 1039.31
88.5 31 1029.5
89 31 1017.2
89.5 31 1004.89
90 31 992.879
90.5 31 980.786
91 31 968.831
91.5 31 956.813
92 31 944.881
92.5 31 932.925
93 31 921.067
93.5 31 908.914
94 31 897.171
94.5 31 885.188
95 31 873.001
95.5 31 860.939
96 31 849.003
96.5 31 836.862
97 31 825.025
97.5 31 812.975
98 31 800.967
98.5 31 789.173
99 31 777.48
99.5 31 765.661
100 31 753.802
100.5 31 741.779
101 31 729.764
101.5 31 717.845
102 31 706.032
102.5 31 694.442
103 31 683.134
103.5 31 672.18
104 31 661.337
104.5 31 651.068
105 31 640.653
105.5 31 630.579
106 31 620.581
106.5 31 610.475
107 31 600.655
107.5 31 590.718
108 31 580.867
108.5 31 571.205
109 31 561.558
109.5 31 551.808
110 31 542.17
110.5 31 532.687
111 31 523.737
111.5 31 514.869
112 31 505.478
112.5 31 496.667
113 31 487.636
113.5 31 478.829
114 31 470.264
114.5 31 461.645
115 31 453.111
115.5 31 445.188
116 31 437.062
116.5 31 428.931
117 31 420.924
117.5 31 413.525
118 31 405.976
118.5 31 398.505
119 31 391.522
119.5 31 384.527
120 31 377.788
120.5 31 371.432
121 31 365.442
121.5 31 359.485
122 31 353.97
122.5 31 348.788
123 31 343.676
123.5 31 338.516
124 31 334.093
124.5 31 329.498
125 31 325.833
125.5 31 324.082
126 31 322.083
126.5 31 320.016
127 31 318.255
127.5 31 317.733
128 31 317.174
128.5 31 314.891
129 31 315.348
129.5 31 315.73
130 31 316.985
130.5 31 320.117
131 31 327.69
87 31.5 1053.05
87.5 31.5 1043.44
88 31.5 1033.04
88.5 31.5 1021.97
89 31.5 1009.9
89.5 31.5 997.848
90 31.5 985.696
90.5 31.5 973.385
91 31.5 961.513
91.5 31.5 949.339
92 31.5 937.018
92.5 31.5 925.172
93 31.5 913.227
93.5 31.5 901.783
94 31.5 889.572
94.5 31.5 877.66
95 31.5 865.77
95.5 31.5 853.543
96 31.5 841.529
96.5 31.5 829.385
97 31.5 817.733
97.5 31.5 805.559
98 31.5 793.729
98.5 31.5 781.983
99 31.5 770.226
99.5 31.5 758.619
100 31.5 746.888
100.5 31.5 735.133
101 31.5 723.125
101.5 31.5 711.1
102 31.5 699.502
102.5 31.5 687.911
103 31.5 676.358
103.5 31.5 665.16
104 31.5 654.28
104.5 31.5 643.672
105 31.5 633.404
105.5 31.5 622.94
106 31.5 612.905
106.5 31.5 602.762
107 31.5 592.784
107.5 31.5 582.99
108 31.5 573.101
108.5 31.5 563.24
109 31.5 553.417
109.5 31.5 544.063
110 31.5 534.397
110.5 31.5 524.634
111 31.5 515.238
111.5 31.5 505.212
112 31.5 496.326
112.5 31.5 487.456
113 31.5 478.188
113.5 31.5 469.284
114 31.5 460.498
114.5 31.5 451.926
115 31.5 443.193
115.5 31.5 434.829
116 31.5 426.558
116.5 31.5 418.418
117 31.5 410.39
117.5 31.5 402.389
118 31.5 394.516
118.5 31.5 386.106
119 31.5 380.096
119.5 31.5 372.788
120 31.5 365.914
120.5 31.5 359.31
121 31.5 352.993
121.5 31.5 346.999
122 31.5 341.118
122.5 31.5 335.349
123 31.5 331.179
123.5 31.5 326.163
124 31.5 321.073
124.5 31.5 316.494
125 31.5 312.597
125.5 31.5 309.209
126 31.5 307.392
126.5 31.5 305.454
127 31.5 303.866
127.5 31.5 302.394
128 31.5 301.537
128.5 31.5 300.665
129 31.5 301.206
129.5 31.5 302.415
130 31.5 304.371
130.5 31.5 306.716
131 31.5 309.463
87 32 1048.14
87.5 32 1038.43
88 32 1026.42
88.5 32 1014.75
89 32 1002.33
89.5 32 990.474
90 32 978.263
90.5 32 966.081
91 32 954.068
91.5 32 941.978
92 32 929.89
92.5 32 917.882
93 32 905.905
93.5 32 893.869
94 32 882.152
94.5 32 870.316
95 32 858.434
95.5 32 846.401
96 32 834.147
96.5 32 822.117
97 32 810.406
97.5 32 798.31
98 32 786.777
98.5 32 775
99 32 763.266
99.5 32 751.357
100 32 739.889
100.5 32 728.194
101 32 716.453
101.5 32 704.663
102 32 692.941
102.5 32 681.36
103 32 669.883
103.5 32 658.464
104 32 647.236
104.5 32 636.43
105 32 625.956
105.5 32 615.549
106 32 605.215
106.5 32 595.271
107 32 585.312
107.5 32 575.306
108 32 564.999
108.5 32 555.52
109 32 545.674
109.5 32 536.04
110 32 526.142
110.5 32 516.245
111 32 506.575
111.5 32 496.97
112 32 487.532
112.5 32 478.221
113 32 469.196
113.5 32 460.102
114 32 451.23
114.5 32 442.338
115 32 433.496
115.5 32 424.69
116 32 416.196
116.5 32 408.014
117 32 399.788
117.5 32 391.686
118 32 383.904
118.5 32 376.2
119 32 368.946
119.5 32 361.302
120 32 353.606
120.5 32 347.27
121 32 340.379
121.5 32 334.137
122 32 327.84
122.5 32 322.653
123 32 317.152
123.5 32 312.437
124 32 308.036
124.5 32 303.351
125 32 299.139
125.5 32 295.281
126 32 292.041
126.5 32 290.233
127 32 290.715
127.5 32 289.25
128 32 287.468
128.5 32 286.819
129 32 287.186
129.5 32 288.775
130 32 291.139
130.5 32 292.34
131 32 289.378
87 32.5 1040.54
87.5 32.5 1029.65
88 32.5 1017.94
88.5 32.5 1007.42
89 32.5 995.076
89.5 32.5 982.896
90 32.5 970.866
90.5 32.5 958.826
91 32.5 946.817
91.5 32.5 934.714
92 32.5 922.586
92.5 32.5 910.555
93 32.5 898.355
93.5 32.5 886.372
94 32.5 874.444
94.5 32.5 862.685
95 32.5 850.823
95.5 32.5 838.843
96 32.5 826.837
96.5 32.5 814.72
97 32.5 802.87
97.5 32.5 791.04
98 32.5 779.585
98.5 32.5 767.641
99 32.5 755.887
99.5 32.5 744.359
100 32.5 733.035
100.5 32.5 721.5
101 32.5 709.643
101.5 32.5 698.082
102 32.5 686.49
102.5 32.5 674.911
103 32.5 663.255
103.5 32.5 651.733
104 32.5 640.556
104.5 32.5 629.502
105 32.5 618.812
105.5 32.5 608.372
106 32.5 598.034
106.5 32.5 587.997
107 32.5 577.957
107.5 32.5 567.81
108 32.5 558.044
108.5 32.5 547.898
109 32.5 537.93
109.5 32.5 528.066
110 32.5 518.114
110.5 32.5 508.319
111 32.5 498.396
111.5 32.5 488.56
112 32.5 478.77
112.5 32.5 469.67
113 32.5 460.201
113.5 32.5 450.996
114 32.5 442.188
114.5 32.5 433.208
115 32.5 424.209
115.5 32.5 415.164
116 32.5 406.243
116.5 32.5 397.677
117 32.5 389.284
117.5 32.5 381.186
118 32.5 372.976
118.5 32.5 365.506
119 32.5 357.706
119.5 32.5 349.867
120 32.5 342.548
120.5 32.5 334.913
121 32.5 328.355
121.5 32.5 321.701
122 32.5 315.943
122.5 32.5 310.092
123 32.5 304.199
123.5 32.5 298.277
124 32.5 293.788
124.5 32.5 289.909
125 32.5 286.773
125.5 32.5 282.026
126 32.5 279.112
126.5 32.5 275.836
127 32.5 274.659
127.5 32.5 274.688
128 32.5 273.484
128.5 32.5 272.03
129 32.5 270.911
129.5 32.5 273.327
130 32.5 275.2
130.5 32.5 272.023
131 32.5 275.544
87 33 1032.17
87.5 33 1021.32
88 33 1010.01
88.5 33 999.52
89 33 987.577
89.5 33 975.4
90 33 963.504
90.5 33 951.467
91 33 939.483
91.5 33 927.525
92 33 915.457
92.5 33 903.219
93 33 890.981
93.5 33 878.77
94 33 867.276
94.5 33 855.143
95 33 843.124
95.5 33 830.895
96 33 818.788
96.5 33 807.157
97 33 795.356
97.5 33 783.35
98 33 771.739
98.5 33 760.146
99 33 748.527
99.5 33 736.82
100 33 725.31
100.5 33 713.637
101 33 702.697
101.5 33 691.015
102 33 679.726
102.5 33 668.327
103 33 656.614
103.5 33 645.121
104 33 633.692
104.5 33 622.719
105 33 612.001
105.5 33 601.5
106 33 591.094
106.5 33 581.053
107 33 570.717
107.5 33 560.78
108 33 550.512
108.5 33 540.461
109 33 530.409
109.5 33 520.564
110 33 510.613
110.5 33 500.677
111 33 490.611
111.5 33 480.556
112 33 470.71
112.5 33 461.072
113 33 451.938
113.5 33 442.363
114 33 433.313
114.5 33 424.209
115 33 415.03
115.5 33 405.744
116 33 396.38
116.5 33 387.646
117 33 378.975
117.5 33 370.512
118 33 362.318
118.5 33 354.258
119 33 346.722
119.5 33 338.999
120 33 331.31
120.5 33 324.005
121 33 317.287
121.5 33 310.115
122 33 303.445
122.5 33 298.171
123 33 291.792
123.5 33 286.725
124 33 281.558
124.5 33 276.633
125 33 272.387
125.5 33 268.933
126 33 265.434
126.5 33 262.635
127 33 259.591
127.5 33 258.517
128 33 258.75
128.5 33 257.371
129 33 255.947
129.5 33 258.781
130 33 260.2
130.5 33 259.453
131 33 262.647
87 33.5 1023.34
87.5 33.5 1012.92
88 33.5 1001.9
88.5 33.5 990.505
89 33.5 979.693
89.5 33.5 967.961
90 33.5 955.714
90.5 33.5 943.873
91 33.5 931.953
91.5 33.5 919.838
92 33.5 907.94
92.5 33.5 896.014
93 33.5 883.874
93.5 33.5 871.589
94 33.5 859.507
94.5 33.5 847.613
95 33.5 835.634
95.5 33.5 823.559
96 33.5 811.65
96.5 33.5 799.721
97 33.5 788.039
97.5 33.5 776.128
98 33.5 764.062
98.5 33.5 752.516
99 33.5 740.679
99.5 33.5 729.171
100 33.5 717.618
100.5 33.5 706.011
101 33.5 694.701
101.5 33.5 683.622
102 33.5 672.334
102.5 33.5 660.915
103 33.5 649.448
103.5 33.5 638.074
104 33.5 627.146
104.5 33.5 616.03
105 33.5 605.256
105.5 33.5 594.514
106 33.5 584.155
106.5 33.5 574.034
107 33.5 563.755
107.5 33.5 553.811
108 33.5 543.417
108.5 33.5 533.518
109 33.5 523.199
109.5 33.5 513.288
110 33.5 503.251
110.5 33.5 493.207
111 33.5 483.184
111.5 33.5 472.969
112 33.5 463.092
112.5 33.5 453.233
113 33.5 443.441
113.5 33.5 433.662
114 33.5 424.591
114.5 33.5 415.483
115 33.5 406.083
115.5 33.5 396.63
116 33.5 387.566
116.5 33.5 378.288
117 33.5 369.107
117.5 33.5 360.24
118 33.5 352.09
118.5 33.5 343.993
119 33.5 335.547
119.5 33.5 327.667
120 33.5 320.371
120.5 33.5 312.823
121 33.5 305.195
121.5 33.5 298.67
122 33.5 292.259
122.5 33.5 285.044
123 33.5 278.917
123.5 33.5 273.053
124 33.5 268.182
124.5 33.5 263.305
125 33.5 259.111
125.5 33.5 254.71
126 33.5 251.013
126.5 33.5 248.539
127 33.5 245.894
127.5 33.5 244.516
128 33.5 244.108
128.5 33.5 243.797
129 33.5 243.914
129.5 33.5 247.376
130 33.5 247.206
130.5 33.5 246.932
131 33.5 248.912
87 34 1013.9
87.5 34 1003.3
88 34 992.745
88.5 34 981.6
89 34 970.909
89.5 34 959.272
90 34 947.371
90.5 34 935.726
91 34 923.69
91.5 34 911.88
92 34 900.007
92.5 34 888.115
93 34 876.18
93.5 34 864.217
94 34 852.015
94.5 34 840.094
95 34 828.222
95.5 34 816.34
96 34 804.33
96.5 34 792.79
97 34 780.362
97.5 34 768.538
98 34 757.011
98.5 34 745.175
99 34 733.448
99.5 34 721.58
100 34 710.174
100.5 34 698.784
101 34 687.205
101.5 34 676.215
102 34 664.852
102.5 34 653.901
103 34 642.327
103.5 34 631.031
104 34 620.009
104.5 34 609.376
105 34 598.427
105.5 34 587.725
106 34 577.288
106.5 34 566.896
107 34 556.695
107.5 34 546.65
108 34 536.531
108.5 34 526.526
109 34 516.486
109.5 34 505.921
110 34 495.853
110.5 34 485.853
111 34 475.648
111.5 34 465.686
112 34 455.552
112.5 34 445.708
113 34 435.661
113.5 34 425.807
114 34 416.097
114.5 34 407.177
115 34 397.174
115.5 34 387.872
116 34 378.426
116.5 34 369.176
117 34 360.172
117.5 34 351.025
118 34 342.5
118.5 34 334.104
119 34 325.353
119.5 34 317.057
120 34 309.237
120.5 34 301.6
121 34 294.299
121.5 34 286.399
122 34 279.76
122.5 34 272.859
123 34 266.594
123.5 34 260.44
124 34 254.545
124.5 34 248.952
125 34 245.044
125.5 34 242.01
126 34 238.463
126.5 34 234.696
127 34 232.143
127.5 34 230.203
128 34 229.947
128.5 34 230.501
129 34 228.945
129.5 34 231.192
130 34 232.061
130.5 34 232.676
131 34 234.266
87 34.5 1004.74
87.5 34.5 993.923
88 34.5 983.638
88.5 34.5 972.966
89 34.5 961.919
89.5 34.5 950.572
90 34.5 938.899
90.5 34.5 927.094
91 34.5 915.598
91.5 34.5 903.371
92 34.5 892.006
92.5 34.5 879.974
93 34.5 868.126
93.5 34.5 856.441
94 34.5 844.604
94.5 34.5 832.819
95 34.5 820.979
95.5 34.5 808.985
96 34.5 797.08
96.5 34.5 785.09
97 34.5 773.502
97.5 34.5 761.888
98 34.5 750.043
98.5 34.5 738.32
99 34.5 726.201
99.5 34.5 714.421
100 34.5 702.865
100.5 34.5 691.447
101 34.5 680.156
101.5 34.5 668.799
102 34.5 657.643
102.5 34.5 646.517
103 34.5 635.365
103.5 34.5 624.216
104 34.5 613.376
104.5 34.5 602.556
105 34.5 591.444
105.5 34.5 581.117
106 34.5 570.469
106.5 34.5 560.057
107 34.5 549.813
107.5 34.5 539.581
108 34.5 529.328
108.5 34.5 519.318
109 34.5 509.261
109.5 34.5 498.938
110 34.5 488.935
110.5 34.5 478.561
111 34.5 468.201
111.5 34.5 458.397
112 34.5 448.315
112.5 34.5 438.081
113 34.5 427.963
113.5 34.5 417.999
114 34.5 407.784
114.5 34.5 398.473
115 34.5 388.612
115.5 34.5 378.972
116 34.5 369.92
116.5 34.5 360.82
117 34.5 351.514
117.5 34.5 342.383
118 34.5 333.225
118.5 34.5 324.29
119 34.5 315.468
119.5 34.5 307.074
120 34.5 298.5
120.5 34.5 290.885
121 34.5 282.724
121.5 34.5 274.993
122 34.5 267.959
122.5 34.5 260.467
123 34.5 254.575
123.5 34.5 248.671
124 34.5 242.962
124.5 34.5 237.558
125 34.5 232.067
125.5 34.5 227.572
126 34.5 225.245
126.5 34.5 221.987
127 34.5 220.201
127.5 34.5 216.544
128 34.5 214.376
128.5 34.5 214.738
129 34.5 213.645
129.5 34.5 214.95
130 34.5 216.211
130.5 34.5 217.41
131 34.5 219.081
87 35 996.013
87.5 35 985.204
88 35 974.742
88.5 35 963.839
89 35 952.912
89.5 35 941.616
90 35 930.094
90.5 35 918.448
91 35 906.723
91.5 35 895.116
92 35 884.485
92.5 35 871.892
93 35 860.069
93.5 35 848.209
94 35 836.888
94.5 35 825.546
95 35 813.846
95.5 35 802.059
96 35 790.048
96.5 35 778.173
97 35 766.459
97.5 35 754.879
98 35 743.157
98.5 35 731.318
99 35 719.384
99.5 35 707.704
100 35 696.064
100.5 35 684.741
101 35 673.342
101.5 35 662.137
102 35 650.695
102.5 35 639.567
103 35 628.617
103.5 35 617.608
104 35 606.772
104.5 35 595.912
105 35 585.184
105.5 35 574.461
106 35 563.713
106.5 35 553.274
107 35 543.039
107.5 35 532.652
108 35 522.377
108.5 35 512.198
109 35 501.993
109.5 35 492.251
110 35 481.763
110.5 35 471.814
111 35 461.527
111.5 35 451.011
112 35 441.17
112.5 35 430.654
113 35 420.6
113.5 35 411.089
114 35 401.203
114.5 35 390.906
115 35 380.678
115.5 35 370.842
116 35 361.915
116.5 35 352.027
117 35 343.009
117.5 35 333.617
118 35 324.338
118.5 35 315.083
119 35 306.055
119.5 35 297.159
120 35 288.208
120.5 35 279.577
121 35 271.909
121.5 35 263.9
122 35 255.958
122.5 35 249.825
123 35 243.442
123.5 35 236.826
124 35 230.609
124.5 35 224.801
125 35 220.56
125.5 35 216.869
126 35 211.197
126.5 35 207.247
127 35 204.459
127.5 35 202.936
128 35 200.901
128.5 35 199.772
129 35 197.488
129.5 35 198.903
130 35 200.305
130.5 35 201.779
131 35 203.713
87 35.5 987.518
87.5 35.5 976.829
88 35.5 966.19
88.5 35.5 955.259
89 35.5 944.072
89.5 35.5 932.964
90 35.5 921.444
90.5 35.5 910.109
91 35.5 898.495
91.5 35.5 886.934
92 35.5 875.426
92.5 35.5 863.842
93 35.5 852.396
93.5 35.5 840.682
94 35.5 829.579
94.5 35.5 818.06
95 35.5 806.881
95.5 35.5 795.027
96 35.5 783.308
96.5 35.5 771.437
97 35.5 759.742
97.5 35.5 748.115
98 35.5 736.68
98.5 35.5 724.899
99 35.5 713.128
99.5 35.5 701.263
100 35.5 689.73
100.5 35.5 678.366
101 35.5 667.043
101.5 35.5 655.549
102 35.5 644.449
102.5 35.5 633.229
103 35.5 622.212
103.5 35.5 611.242
104 35.5 600.395
104.5 35.5 589.625
105 35.5 578.948
105.5 35.5 568.116
106 35.5 557.387
106.5 35.5 546.768
107 35.5 536.282
107.5 35.5 525.946
108 35.5 515.563
108.5 35.5 505.528
109 35.5 495.336
109.5 35.5 484.901
110 35.5 474.799
110.5 35.5 464.773
111 35.5 454.549
111.5 35.5 444.566
112 35.5 434.223
112.5 35.5 423.906
113 35.5 413.416
113.5 35.5 403.821
114 35.5 393.492
114.5 35.5 383.533
115 35.5 373.143
115.5 35.5 363.091
116 35.5 353.86
116.5 35.5 344.207
117 35.5 334.847
117.5 35.5 325.619
118 35.5 315.831
118.5 35.5 306.568
119 35.5 296.824
119.5 35.5 287.624
120 35.5 278.499
120.5 35.5 269.837
121 35.5 261.347
121.5 35.5 253.077
122 35.5 246.37
122.5 35.5 239.185
123 35.5 231.991
123.5 35.5 225.646
124 35.5 219.585
124.5 35.5 213.483
125 35.5 208.197
125.5 35.5 202.93
126 35.5 198.866
126.5 35.5 195.112
127 35.5 191.476
127.5 35.5 187.444
128 35.5 185.426
128.5 35.5 185.107
129 35.5 180.819
129.5 35.5 183.496
130 35.5 184.568
130.5 35.5 186.022
131 35.5 188.37
87 36 979.281
87.5 36 968.706
88 36 957.947
88.5 36 947.092
89 36 936.185
89.5 36 925.001
90 36 913.706
90.5 36 902.141
91 36 890.775
91.5 36 879.166
92 36 867.741
92.5 36 856.375
93 36 844.811
93.5 36 833.249
94 36 822.049
94.5 36 810.938
95 36 799.476
95.5 36 788.023
96 36 776.413
96.5 36 764.982
97 36 753.271
97.5 36 741.736
98 36 730.367
98.5 36 718.907
99 36 707.443
99.5 36 695.448
100 36 683.83
100.5 36 672.555
101 36 661.111
101.5 36 649.914
102 36 638.587
102.5 36 627.354
103 36 616.351
103.5 36 605.408
104 36 594.577
104.5 36 583.84
105 36 573.046
105.5 36 562.195
106 36 551.295
106.5 36 540.725
107 36 530.218
107.5 36 519.716
108 36 509.632
108.5 36 498.915
109 36 488.54
109.5 36 478.276
110 36 468.424
110.5 36 458.129
111 36 447.966
111.5 36 437.947
112 36 427.531
112.5 36 417.634
113 36 407.329
113.5 36 397.216
114 36 386.827
114.5 36 376.603
115 36 366.223
115.5 36 356.252
116 36 346.138
116.5 36 337.289
117 36 326.283
117.5 36 317.163
118 36 307.541
118.5 36 297.904
119 36 288.446
119.5 36 278.882
120 36 269.567
120.5 36 260.52
121 36 251.665
121.5 36 243.879
122 36 236.035
122.5 36 228.925
123 36 221.644
123.5 36 214.369
124 36 207.159
124.5 36 200.659
125 36 195.342
125.5 36 190.998
126 36 186.147
126.5 36 180.548
127 36 176.597
127.5 36 175.127
128 36 170.808
128.5 36 169.561
129 36 168.626
129.5 36 168.614
130 36 168.563
130.5 36 169.972
131 36 173.128
87 36.5 971.214
87.5 36.5 960.876
88 36.5 950.416
88.5 36.5 939.499
89 36.5 928.891
89.5 36.5 917.641
90 36.5 906.278
90.5 36.5 895.146
91 36.5 883.668
91.5 36.5 872.303
92 36.5 861.067
92.5 36.5 849.498
93 36.5 838.239
93.5 36.5 826.611
94 36.5 815.514
94.5 36.5 804.377
95 36.5 792.987
95.5 36.5 781.662
96 36.5 771.035
96.5 36.5 759.077
97 36.5 747.499
97.5 36.5 736.023
98 36.5 724.587
98.5 36.5 713.094
99 36.5 701.863
99.5 36.5 690.281
100 36.5 678.68
100.5 36.5 667.252
101 36.5 655.97
101.5 36.5 644.727
102 36.5 633.471
102.5 36.5 622.168
103 36.5 611.017
103.5 36.5 600.072
104 36.5 589.257
104.5 36.5 578.357
105 36.5 567.512
105.5 36.5 556.638
106 36.5 545.809
106.5 36.5 535.111
107 36.5 524.564
107.5 36.5 514.054
108 36.5 503.721
108.5 36.5 493.155
109 36.5 482.761
109.5 36.5 472.315
110 36.5 462.232
110.5 36.5 452.166
111 36.5 441.733
111.5 36.5 431.685
112 36.5 421.412
112.5 36.5 410.566
113 36.5 400.62
113.5 36.5 390.715
114 36.5 380.472
114.5 36.5 369.864
115 36.5 359.48
115.5 36.5 349.194
116 36.5 339.924
116.5 36.5 328.989
117 36.5 319.301
117.5 36.5 309.864
118 36.5 299.513
118.5 36.5 289.931
119 36.5 279.759
119.5 36.5 270.328
120 36.5 260.792
120.5 36.5 251.571
121 36.5 243.591
121.5 36.5 234.838
122 36.5 227.161
122.5 36.5 218.698
123 36.5 210.6
123.5 36.5 202.64
124 36.5 195.296
124.5 36.5 188.416
125 36.5 181.541
125.5 36.5 171.794
126 36.5 168.299
126.5 36.5 162.267
127 36.5 157.646
127.5 36.5 150.355
128 36.5 150.98
128.5 36.5 151.977
129 36.5 154.953
129.5 36.5 153.022
130 36.5 151.794
130.5 36.5 153.515
87 37 963.09
87.5 37 953.174
88 37 942.468
88.5 37 931.606
89 37 921.463
89.5 37 910.952
90 37 900.003
90.5 37 888.628
91 37 877.383
91.5 37 866.189
92 37 855.018
92.5 37 843.763
93 37 832.514
93.5 37 821.437
94 37 810.15
94.5 37 798.732
95 37 787.455
95.5 37 776.2
96 37 764.974
96.5 37 753.647
97 37 742.239
97.5 37 730.961
98 37 719.668
98.5 37 708.266
99 37 696.731
99.5 37 685.257
100 37 673.989
100.5 37 662.541
101 37 651.259
101.5 37 639.943
102 37 628.568
102.5 37 617.016
103 37 606.123
103.5 37 595.182
104 37 584.186
104.5 37 573.223
105 37 562.396
105.5 37 551.51
106 37 540.766
106.5 37 529.946
107 37 519.366
107.5 37 508.786
108 37 498.344
108.5 37 487.865
109 37 477.336
109.5 37 467.032
110 37 456.729
110.5 37 446.238
111 37 436.094
111.5 37 425.689
112 37 415.313
112.5 37 404.973
113 37 394.663
113.5 37 384.356
114 37 372.997
114.5 37 363.516
115 37 353.162
115.5 37 341.6
116 37 332.474
116.5 37 323.871
117 37 312.809
117.5 37 301.968
118 37 291.724
118.5 37 282.031
119 37 272.124
119.5 37 261.96
120 37 253.706
120.5 37 244.291
121 37 234.97
121.5 37 225.943
122 37 217.468
122.5 37 208.228
123 37 199.687
123.5 37 191.626
124 37 182.853
124.5 37 174.718
125 37 167.867
125.5 37 162.354
126 37 157.116
87 37.5 954.322
87.5 37.5 944.133
88 37.5 934.479
88.5 37.5 924.156
89 37.5 913.738
89.5 37.5 903.097
90 37.5 892.354
90.5 37.5 881.942
91 37.5 871.194
91.5 37.5 860.114
92 37.5 849.189
92.5 37.5 838.47
93 37.5 827.021
93.5 37.5 816.073
94 37.5 804.877
94.5 37.5 793.639
95 37.5 782.334
95.5 37.5 771.106
96 37.5 759.824
96.5 37.5 748.58
97 37.5 737.314
97.5 37.5 726.005
98 37.5 714.653
98.5 37.5 703.38
99 37.5 692.008
99.5 37.5 680.824
100 37.5 669.342
100.5 37.5 658.004
101 37.5 646.63
101.5 37.5 635.376
102 37.5 624.079
102.5 37.5 612.796
103 37.5 601.63
103.5 37.5 590.597
104 37.5 579.649
104.5 37.5 568.677
105 37.5 557.703
105.5 37.5 546.915
106 37.5 536.001
106.5 37.5 525.273
107 37.5 514.631
107.5 37.5 504.084
108 37.5 493.532
108.5 37.5 483.006
109 37.5 472.456
109.5 37.5 462.064
110 37.5 451.685
110.5 37.5 441.052
111 37.5 430.908
111.5 37.5 420.337
112 37.5 410.242
112.5 37.5 399.295
113 37.5 389.194
113.5 37.5 378.957
114 37.5 368.101
114.5 37.5 357.698
115 37.5 348.397
115.5 37.5 337.465
116 37.5 327.648
116.5 37.5 317.681
117 37.5 305.604
117.5 37.5 295.259
118 37.5 284.504
118.5 37.5 274.187
119 37.5 264.835
119.5 37.5 255.342
120 37.5 245.479
120.5 37.5 236.009
121 37.5 226.098
121.5 37.5 217.841
122 37.5 208.038
122.5 37.5 198.777
123 37.5 189.329
123.5 37.5 178.689
124 37.5 170.44
124.5 37.5 165.244
125 37.5 158.051
87 38 945.813
87.5 38 935.288
88 38 925.424
88.5 38 914.809
89 38 905.002
89.5 38 894.769
90 38 884.747
90.5 38 874.649
91 38 864.003
91.5 38 853.772
92 38 843.18
92.5 38 832.177
93 38 821.361
93.5 38 810.364
94 38 799.252
94.5 38 788.204
95 38 776.861
95.5 38 765.738
96 38 754.696
96.5 38 743.432
97 38 732.174
97.5 38 720.843
98 38 709.583
98.5 38 698.284
99 38 687.132
99.5 38 675.803
100 38 664.551
100.5 38 653.323
101 38 642.012
101.5 38 630.813
102 38 619.499
102.5 38 608.423
103 38 597.34
103.5 38 586.369
104 38 575.463
104.5 38 564.716
105 38 553.616
105.5 38 542.792
106 38 531.89
106.5 38 521.072
107 38 510.362
107.5 38 499.857
108 38 489.249
108.5 38 478.533
109 38 468.182
109.5 38 457.408
110 38 446.223
110.5 38 436.606
111 38 426.055
111.5 38 415.552
112 38 404.841
112.5 38 394.775
113 38 385.073
113.5 38 375.447
114 38 365.904
114.5 38 356.781
115 38 347.643
115.5 38 336.303
116 38 325.264
116.5 38 315.152
117 38 304.339
117.5 38 291.935
118 38 278.703
118.5 38 266.555
119 38 257.005
119.5 38 248.123
120 38 238.553
120.5 38 228.281
121 38 219.325
121.5 38 209.786
122 38 199.843
122.5 38 189.361
123 38 177.439
123.5 38 169.77
124 38 163.787
124.5 38 155.354
87 38.5 938.291
87.5 38.5 927.811
88 38.5 917.776
88.5 38.5 907.161
89 38.5 897.075
89.5 38.5 887.044
90 38.5 876.891
90.5 38.5 866.376
91 38.5 856.403
91.5 38.5 846.103
92 38.5 836.046
92.5 38.5 825.362
93 38.5 814.811
93.5 38.5 803.988
94 38.5 793.153
94.5 38.5 782.253
95 38.5 771.261
95.5 38.5 760.311
96 38.5 749.053
96.5 38.5 737.878
97 38.5 726.679
97.5 38.5 715.372
98 38.5 704.207
98.5 38.5 692.968
99 38.5 682.08
99.5 38.5 670.869
100 38.5 659.605
100.5 38.5 648.46
101 38.5 637.349
101.5 38.5 626.383
102 38.5 615.539
102.5 38.5 604.576
103 38.5 593.58
103.5 38.5 582.459
104 38.5 571.812
104.5 38.5 560.938
105 38.5 550.138
105.5 38.5 539.198
106 38.5 528.296
106.5 38.5 517.457
107 38.5 506.782
107.5 38.5 496.236
108 38.5 485.541
108.5 38.5 474.879
109 38.5 465.933
109.5 38.5 455.288
110 38.5 442.857
110.5 38.5 432.571
111 38.5 421.654
111.5 38.5 410.993
112 38.5 400.709
112.5 38.5 391.628
113 38.5 381.968
113.5 38.5 372.656
115 38.5 348.183
115.5 38.5 334.999
116 38.5 322.325
116.5 38.5 313.097
117 38.5 304.717
117.5 38.5 290.032
118 38.5 273.966
118.5 38.5 260.015
119 38.5 251.254
119.5 38.5 243.444
120 38.5 232.38
120.5 38.5 223.069
121 38.5 213.407
121.5 38.5 202.374
122 38.5 191.898
122.5 38.5 179.688
123 38.5 170.471
123.5 38.5 163.905
87 39 931.755
87.5 39 921.515
88 39 911.461
88.5 39 900.981
89 39 890.659
89.5 39 880.347
90 39 869.92
90.5 39 859.708
91 39 849.506
91.5 39 839.381
92 39 829.205
92.5 39 818.538
93 39 808.036
93.5 39 797.635
94 39 786.959
94.5 39 776.264
95 39 765.6
95.5 39 754.896
96 39 743.951
96.5 39 732.89
97 39 721.667
97.5 39 710.417
98 39 699.303
98.5 39 688.015
99 39 677.096
99.5 39 665.997
100 39 654.845
100.5 39 644.218
101 39 633.205
101.5 39 622.234
102 39 611.521
102.5 39 600.873
103 39 590.213
103.5 39 579.405
104 39 568.663
104.5 39 557.781
105 39 547.081
105.5 39 536.139
106 39 524.949
106.5 39 514.39
107 39 503.848
107.5 39 493.248
108 39 482.694
109.5 39 457.856
110 39 444.326
110.5 39 431.465
111 39 420.7
112 39 404.185
112.5 39 391.003
113 39 379.117
113.5 39 369.019
114 39 360.511
115 39 346.743
115.5 39 330.267
116 39 315.218
116.5 39 307.299
117 39 303.578
117.5 39 286.707
118 39 269.564
118.5 39 256.97
119 39 247.625
119.5 39 237.213
120 39 227.036
120.5 39 217.53
121 39 205.852
121.5 39 195.699
122 39 183.733
122.5 39 173.241
123 39 165.52
123.5 39 155.671
87 39.5 925.881
87.5 39.5 915.772
88 39.5 905.672
88.5 39.5 895.358
89 39.5 885.055
89.5 39.5 874.767
90 39.5 864.417
90.5 39.5 854.176
91 39.5 843.857
91.5 39.5 833.462
92 39.5 822.998
92.5 39.5 812.573
93 39.5 802.156
93.5 39.5 791.832
94 39.5 781.401
94.5 39.5 770.946
95 39.5 760.333
95.5 39.5 749.658
96 39.5 738.935
96.5 39.5 728.032
97 39.5 716.868
97.5 39.5 705.514
98 39.5 694.591
98.5 39.5 683.609
99 39.5 672.627
99.5 39.5 661.842
100 39.5 650.959
100.5 39.5 640.053
101 39.5 629.385
101.5 39.5 618.294
102 39.5 607.757
102.5 39.5 597.583
103 39.5 586.786
103.5 39.5 576.323
104 39.5 565.504
104.5 39.5 554.998
105 39.5 544.197
105.5 39.5 533.734
106 39.5 522.626
106.5 39.5 511.511
107 39.5 500.609
109 39.5 477.746
109.5 39.5 464.281
110 39.5 447.32
110.5 39.5 431.885
111 39.5 419.282
111.5 39.5 408.652
112 39.5 398.53
112.5 39.5 385.7
113 39.5 373.884
113.5 39.5 363.37
114 39.5 353.498
114.5 39.5 344.213
115 39.5 334.876
115.5 39.5 319.82
116 39.5 303.525
116.5 39.5 294.498
117 39.5 289.952
117.5 39.5 277.209
118 39.5 262.394
118.5 39.5 252.895
119 39.5 243.329
119.5 39.5 232.971
120 39.5 221.758
120.5 39.5 210.403
121 39.5 200.112
121.5 39.5 189.258
122 39.5 178.12
122.5 39.5 169.004
123 39.5 159.561
87 40 920.51
87.5 40 910.447
88 40 900.348
88.5 40 890.088
89 40 879.611
89.5 40 869.537
90 40 859.107
90.5 40 848.752
91 40 838.514
91.5 40 827.998
92 40 817.583
92.5 40 806.992
93 40 796.892
93.5 40 786.675
94 40 776.079
94.5 40 765.885
95 40 755.416
95.5 40 744.85
96 40 734.175
96.5 40 723.418
97 40 712.423
97.5 40 701.467
98 40 690.647
98.5 40 679.936
99 40 669.077
99.5 40 657.899
100 40 647.28
100.5 40 636.464
101 40 626.157
101.5 40 615.481
102 40 604.598
102.5 40 594.047
103 40 583.602
103.5 40 573.453
104 40 562.408
104.5 40 552.109
105 40 543.391
105.5 40 533.404
106 40 522.089
106.5 40 510.617
107 40 500.24
109 40 486.607
109.5 40 467.348
110 40 446.773
110.5 40 429.819
111 40 416.059
111.5 40 403.818
112 40 391.937
112.5 40 379.309
113 40 368.161
113.5 40 357.798
114 40 346.584
114.5 40 334.893
115 40 325.34
115.5 40 313.907
116 40 302.561
116.5 40 291.985
117 40 282.405
117.5 40 270.665
118 40 258.807
118.5 40 248.517
119 40 239.208
119.5 40 228.972
120 40 217.823
120.5 40 206.377
121 40 195.651
121.5 40 184.933
122 40 175.032
122.5 40 164.572
87 40.5 915.571
87.5 40.5 905.234
88 40.5 895.305
88.5 40.5 885.208
89 40.5 874.371
89.5 40.5 864.428
90 40.5 854.197
90.5 40.5 843.911
91 40.5 833.663
91.5 40.5 823.228
92 40.5 812.757
92.5 40.5 802.451
93 40.5 792.336
93.5 40.5 782.057
94 40.5 771.701
94.5 40.5 761.54
95 40.5 751.36
95.5 40.5 740.892
96 40.5 730.292
96.5 40.5 719.357
97 40.5 708.547
97.5 40.5 697.702
98 40.5 687.137
98.5 40.5 676.362
99 40.5 665.628
99.5 40.5 654.906
100 40.5 644.287
100.5 40.5 633.568
101 40.5 623.003
101.5 40.5 612.46
102 40.5 602.25
102.5 40.5 593.968
103 40.5 584.286
103.5 40.5 574.165
104 40.5 564.211
104.5 40.5 555.25
105 40.5 546.531
105.5 40.5 535.517
106 40.5 522.804
106.5 40.5 510.16
107 40.5 499.017
108.5 40.5 479.67
109 40.5 473.902
109.5 40.5 457.589
110 40.5 438.857
110.5 40.5 424.169
111 40.5 411.627
111.5 40.5 399.266
112 40.5 387.658
112.5 40.5 377.361
113 40.5 364.848
113.5 40.5 354.883
114 40.5 343.959
114.5 40.5 332.411
115 40.5 320.916
115.5 40.5 310.768
116 40.5 300.07
116.5 40.5 288.203
117 40.5 278.538
117.5 40.5 267.436
118 40.5 256.062
118.5 40.5 245.846
119 40.5 236.079
119.5 40.5 226.619
120 40.5 215.697
120.5 40.5 203.462
121 40.5 193.244
121.5 40.5 181.674
122 40.5 170.943
122.5 40.5 161.792
87 41 911.523
87.5 41 901.076
88 41 891.082
88.5 41 880.677
89 41 870.539
89.5 41 860.261
90 41 849.804
90.5 41 839.484
91 41 829.181
91.5 41 818.711
92 41 808.064
92.5 41 797.975
93 41 787.843
93.5 41 777.63
94 41 767.435
94.5 41 757.214
95 41 746.945
95.5 41 736.634
96 41 726.155
96.5 41 715.563
97 41 704.987
97.5 41 694.443
98 41 683.647
98.5 41 673.183
99 41 662.509
99.5 41 651.692
100 41 641.196
100.5 41 630.707
101 41 620.168
101.5 41 609.618
103 41 586.345
103.5 41 575.782
105 41 551.524
105.5 41 538.591
106 41 523.404
106.5 41 508.899
107 41 496.237
107.5 41 485.637
108 41 476.249
108.5 41 467.046
109 41 458.536
109.5 41 444.626
110 41 428.442
110.5 41 417.907
111 41 407.824
111.5 41 395.942
112 41 385.414
112.5 41 374.796
113 41 363.228
113.5 41 352.42
114 41 341.605
114.5 41 330.815
115 41 319.63
115.5 41 308.924
116 41 297.778
116.5 41 286.971
117 41 276.888
117.5 41 265.795
118 41 254.761
118.5 41 244.73
119 41 234.487
119.5 41 224.826
120 41 213.918
120.5 41 201.687
121 41 190.277
121.5 41 179.089
122 41 168.744
87 41.5 908.398
87.5 41.5 897.948
88 41.5 887.651
88.5 41.5 877.205
89 41.5 866.96
89.5 41.5 856.361
90 41.5 845.853
90.5 41.5 835.647
91 41.5 825.564
91.5 41.5 815.34
92 41.5 805.249
92.5 41.5 794.993
93 41.5 784.728
93.5 41.5 774.455
94 41.5 764.059
94.5 41.5 753.704
95 41.5 743.354
95.5 41.5 733.043
96 41.5 722.635
96.5 41.5 712.186
97 41.5 701.709
97.5 41.5 691.321
98 41.5 680.751
98.5 41.5 670.15
99 41.5 659.662
99.5 41.5 649.157
100 41.5 638.584
100.5 41.5 628.136
101 41.5 617.61
103 41.5 586.281
103.5 41.5 574.702
105 41.5 556.141
105.5 41.5 540.324
106 41.5 522.09
106.5 41.5 506.112
107 41.5 492.472
107.5 41.5 480.74
108 41.5 469.278
108.5 41.5 456.31
109 41.5 448.107
109.5 41.5 437.227
110 41.5 426.407
110.5 41.5 415.372
111 41.5 405.23
111.5 41.5 394.382
112 41.5 383.617
112.5 41.5 372.632
113 41.5 361.835
113.5 41.5 350.932
114 41.5 340.252
114.5 41.5 329.408
115 41.5 318.299
115.5 41.5 307.492
116 41.5 296.9
116.5 41.5 285.941
117 41.5 275.923
117.5 41.5 265.032
118 41.5 253.769
118.5 41.5 243.565
119 41.5 232.654
119.5 41.5 224.755
120 41.5 210.878
120.5 41.5 200.289
121 41.5 188.705
121.5 41.5 178.271
122 41.5 170.192
122.5 41.5 159.285
87 42 905.927
87.5 42 895.507
88 42 885.316
88.5 42 874.636
89 42 864.208
89.5 42 853.283
90 42 842.766
90.5 42 832.389
91 42 822.174
91.5 42 811.959
92 42 801.85
92.5 42 791.414
93 42 781.149
93.5 42 770.892
94 42 761.024
94.5 42 750.707
95 42 740.435
95.5 42 730.144
96 42 719.91
96.5 42 709.401
97 42 699.015
97.5 42 688.679
98 42 678.273
98.5 42 667.692
99 42 657.252
99.5 42 646.59
100 42 636.577
100.5 42 625.763
101 42 614.828
101.5 42 604.491
102.5 42 591.255
103 42 580.096
103.5 42 568.449
105 42 556.932
105.5 42 537.266
106 42 516.911
106.5 42 501.705
107 42 488.719
107.5 42 477.638
108 42 467.049
108.5 42 456.81
109 42 445.833
109.5 42 434.997
110 42 424.612
110.5 42 413.676
111 42 403.125
111.5 42 392.625
112 42 382.252
112.5 42 371.467
113 42 360.698
113.5 42 350.16
114 42 339.902
114.5 42 328.83
115 42 318.169
115.5 42 307.383
116 42 296.671
116.5 42 284.947
117 42 275.33
117.5 42 265.096
118 42 254.06
118.5 42 243.366
119 42 233.351
119.5 42 224.462
120 42 211.318
120.5 42 201.064
121 42 190.549
121.5 42 177.59
122 42 169.526
122.5 42 159.878
87 42.5 903.764
87.5 42.5 893.229
88 42.5 882.757
88.5 42.5 872.22
89 42.5 861.706
89.5 42.5 851.034
90 42.5 840.462
90.5 42.5 829.918
91 42.5 819.521
91.5 42.5 809.263
92 42.5 799.064
92.5 42.5 788.712
93 42.5 778.478
93.5 42.5 768.262
94 42.5 758.048
94.5 42.5 747.87
95 42.5 737.43
95.5 42.5 727.277
96 42.5 717.036
96.5 42.5 706.704
97 42.5 696.338
97.5 42.5 685.855
98 42.5 675.781
98.5 42.5 664.985
99 42.5 654.508
99.5 42.5 644.064
100 42.5 631.945
100.5 42.5 622.926
101 42.5 612.519
101.5 42.5 602.006
102 42.5 593.304
102.5 42.5 584.134
103 42.5 572.85
103.5 42.5 560.307
104 42.5 549.549
104.5 42.5 545.962
105 42.5 540.059
105.5 42.5 525.029
106 42.5 507.867
106.5 42.5 497.329
107 42.5 486.872
107.5 42.5 476.062
108 42.5 465.539
108.5 42.5 455.062
109 42.5 444.566
109.5 42.5 433.929
110 42.5 423.435
110.5 42.5 412.952
111 42.5 402.434
111.5 42.5 391.943
112 42.5 381.42
112.5 42.5 370.806
113 42.5 360.457
113.5 42.5 350.018
114 42.5 339.614
114.5 42.5 328.796
115 42.5 318.378
115.5 42.5 307.588
116 42.5 296.978
116.5 42.5 286.077
117 42.5 276.125
117.5 42.5 265.851
118 42.5 254.51
118.5 42.5 244.737
119 42.5 233.833
119.5 42.5 224.67
120 42.5 213.535
120.5 42.5 201.874
121 42.5 191.473
121.5 42.5 179.709
122 42.5 172.152
122.5 42.5 162.297
87 43 901.516
87.5 43 891.129
88 43 880.808
88.5 43 870.291
89 43 859.884
89.5 43 849.503
90 43 838.964
90.5 43 828.437
91 43 817.841
91.5 43 807.487
92 43 797.07
92.5 43 786.584
93 43 776.166
93.5 43 765.898
94 43 755.735
94.5 43 745.661
95 43 735.491
95.5 43 724.868
96 43 715.08
96.5 43 704.87
97 43 694.253
97.5 43 683.863
98 43 672.992
98.5 43 663.129
99 43 652.476
99.5 43 642.496
100 43 632.205
100.5 43 621.491
101 43 610.728
101.5 43 600.949
102 43 590.419
102.5 43 579.811
103 43 569.323
103.5 43 558.71
104 43 548.504
104.5 43 538.031
105 43 527.551
105.5 43 516.915
106 43 506.562
106.5 43 496.062
107 43 485.592
107.5 43 475.206
108 43 464.811
108.5 43 454.526
109 43 444.05
109.5 43 433.609
110 43 423.315
110.5 43 412.955
111 43 402.608
111.5 43 392.07
112 43 381.78
112.5 43 371.257
113 43 360.75
113.5 43 350.6
114 43 340.214
114.5 43 329.998
115 43 318.807
115.5 43 308.297
116 43 297.854
116.5 43 287.352
117 43 276.785
117.5 43 266.3
118 43 257.215
118.5 43 245.966
119 43 235.75
119.5 43 225.561
120 43 216.48
120.5 43 204.636
121 43 194.494
121.5 43 182.743
122 43 172.908
122.5 43 165.619
87 43.5 899.221
87.5 43.5 888.743
88 43.5 878.55
88.5 43.5 868.208
89 43.5 858.069
89.5 43.5 847.815
90 43.5 837.414
90.5 43.5 827.113
91 43.5 816.719
91.5 43.5 806.23
92 43.5 795.738
92.5 43.5 785.094
93 43.5 774.506
93.5 43.5 764.318
94 43.5 754.165
94.5 43.5 743.99
95 43.5 733.88
95.5 43.5 723.73
96 43.5 713.432
96.5 43.5 703.204
97 43.5 692.934
97.5 43.5 682.633
98 43.5 672.278
98.5 43.5 661.967
99 43.5 651.58
99.5 43.5 641.197
100 43.5 630.76
100.5 43.5 620.471
101 43.5 610.095
101.5 43.5 599.765
102 43.5 589.402
102.5 43.5 578.977
103 43.5 568.297
103.5 43.5 558.532
104 43.5 547.912
104.5 43.5 537.561
105 43.5 527.194
105.5 43.5 516.745
106 43.5 506.231
106.5 43.5 495.769
107 43.5 485.426
107.5 43.5 474.961
108 43.5 464.631
108.5 43.5 454.275
109 43.5 443.988
109.5 43.5 433.717
110 43.5 423.44
110.5 43.5 413.148
111 43.5 403.057
111.5 43.5 392.808
112 43.5 382.301
112.5 43.5 371.931
113 43.5 361.416
113.5 43.5 351.147
114 43.5 340.889
114.5 43.5 330.977
115 43.5 320.108
115.5 43.5 309.863
116 43.5 299.422
116.5 43.5 289.294
117 43.5 278.733
117.5 43.5 268.361
118 43.5 258.652
118.5 43.5 248.326
119 43.5 238.375
119.5 43.5 228.622
120 43.5 219.73
120.5 43.5 208.432
121 43.5 198.029
121.5 43.5 186.572
122 43.5 176.643
122.5 43.5 169.556
123 43.5 160.822
87 44 897.217
87.5 44 886.407
88 44 876.144
88.5 44 865.633
89 44 855.551
89.5 44 845.76
90 44 835.733
90.5 44 825.661
91 44 815.202
91.5 44 805.222
92 44 794.84
92.5 44 784.285
93 44 773.678
93.5 44 763.568
94 44 753.325
94.5 44 742.962
95 44 732.472
95.5 44 722.303
96 44 712.296
96.5 44 701.723
97 44 691.657
97.5 44 681.53
98 44 671.36
98.5 44 661.162
99 44 650.89
99.5 44 640.548
100 44 630.371
100.5 44 620.058
101 44 609.752
101.5 44 599.342
102 44 589.053
102.5 44 578.648
103 44 568.375
103.5 44 558.136
104 44 547.907
104.5 44 537.563
105 44 527.258
105.5 44 516.776
106 44 506.38
106.5 44 495.922
107 44 485.536
107.5 44 475.17
108 44 464.96
108.5 44 454.845
109 44 444.684
109.5 44 434.325
110 44 424.086
110.5 44 413.901
111 44 403.476
111.5 44 393.331
112 44 383.093
112.5 44 372.957
113 44 362.807
113.5 44 352.551
114 44 342.398
114.5 44 332.731
115 44 321.975
115.5 44 311.667
116 44 301.152
116.5 44 291.138
117 44 280.806
117.5 44 270.781
118 44 260.761
118.5 44 251.718
119 44 241.679
119.5 44 232.168
120 44 222.894
120.5 44 212.808
121 44 202.409
121.5 44 192.931
122 44 181.929
122.5 44 174.011
123 44 166.925
123.5 44 157.891
87 44.5 896.117
87.5 44.5 885.545
88 44.5 875.013
88.5 44.5 864.345
89 44.5 854.227
89.5 44.5 844.062
90 44.5 833.923
90.5 44.5 824.339
91 44.5 813.87
91.5 44.5 803.711
92 44.5 793.557
92.5 44.5 783.445
93 44.5 773.098
93.5 44.5 763.225
94 44.5 753.03
94.5 44.5 742.786
95 44.5 732.5
95.5 44.5 722.094
96 44.5 712.033
96.5 44.5 701.64
97 44.5 691.258
97.5 44.5 681.024
98 44.5 670.905
98.5 44.5 660.816
99 44.5 650.618
99.5 44.5 640.464
100 44.5 630.237
100.5 44.5 619.962
101 44.5 609.751
101.5 44.5 599.452
102 44.5 588.976
102.5 44.5 578.683
103 44.5 568.274
103.5 44.5 558.026
104 44.5 547.915
104.5 44.5 537.66
105 44.5 527.472
105.5 44.5 517.215
106 44.5 506.939
106.5 44.5 496.427
107 44.5 486.05
107.5 44.5 475.8
108 44.5 465.647
108.5 44.5 455.597
109 44.5 445.463
109.5 44.5 435.469
110 44.5 425.172
110.5 44.5 414.935
111 44.5 404.797
111.5 44.5 394.685
112 44.5 384.713
112.5 44.5 374.651
113 44.5 364.761
113.5 44.5 354.645
114 44.5 344.833
114.5 44.5 335.109
115 44.5 325.024
115.5 44.5 314.543
116 44.5 304.355
116.5 44.5 294.376
117 44.5 284.129
117.5 44.5 274.331
118 44.5 264.553
118.5 44.5 254.892
119 44.5 246.135
119.5 44.5 236.742
120 44.5 227.507
120.5 44.5 218.629
121 44.5 209.124
121.5 44.5 199.301
122 44.5 190.004
122.5 44.5 179.805
123 44.5 172.517
123.5 44.5 165.769
124 44.5 157.537
87 45 895.494
87.5 45 885.381
88 45 874.995
88.5 45 864.198
89 45 853.924
89.5 45 843.494
90 45 833.19
90.5 45 822.885
91 45 812.708
91.5 45 802.448
92 45 792.291
92.5 45 782.498
93 45 772.414
93.5 45 762.48
94 45 752.788
94.5 45 742.651
95 45 732.368
95.5 45 722.171
96 45 711.991
96.5 45 701.543
97 45 691.462
97.5 45 681.179
98 45 670.817
98.5 45 660.501
99 45 650.374
99.5 45 640.194
100 45 629.979
100.5 45 619.83
101 45 609.725
101.5 45 599.66
102 45 589.324
102.5 45 579.014
103 45 568.766
103.5 45 558.499
104 45 548.158
104.5 45 538.01
105 45 527.819
105.5 45 517.719
106 45 507.467
106.5 45 497.134
107 45 486.915
107.5 45 476.755
108 45 466.707
108.5 45 456.699
109 45 446.653
109.5 45 436.564
110 45 426.382
110.5 45 416.391
111 45 406.504
111.5 45 396.452
112 45 386.649
112.5 45 376.805
113 45 366.975
113.5 45 357.336
114 45 347.379
114.5 45 337.315
115 45 327.857
115.5 45 317.842
116 45 308.014
116.5 45 298.16
117 45 288.522
117.5 45 278.475
118 45 269.182
118.5 45 259.856
119 45 251.037
119.5 45 242.046
120 45 233.508
120.5 45 224.987
121 45 216.82
121.5 45 206.919
122 45 198.385
122.5 45 190.06
123 45 179.67
123.5 45 172.002
124 45 166.991
124.5 45 160.109
87 45.5 894.691
87.5 45.5 885.022
88 45.5 874.937
88.5 45.5 864.578
89 45.5 854.331
89.5 45.5 843.951
90 45.5 833.619
90.5 45.5 823.236
91 45.5 812.741
91.5 45.5 802.398
92 45.5 791.981
92.5 45.5 781.8
93 45.5 771.626
93.5 45.5 761.594
94 45.5 751.609
94.5 45.5 741.733
95 45.5 731.745
95.5 45.5 721.881
96 45.5 711.976
96.5 45.5 701.673
97 45.5 691.673
97.5 45.5 681.79
98 45.5 671.511
98.5 45.5 661.087
99 45.5 650.847
99.5 45.5 640.524
100 45.5 630.336
100.5 45.5 620.046
101 45.5 609.792
101.5 45.5 599.777
102 45.5 589.74
102.5 45.5 579.646
103 45.5 569.561
103.5 45.5 559.488
104 45.5 549.336
104.5 45.5 539.157
105 45.5 529.033
105.5 45.5 518.889
106 45.5 508.701
106.5 45.5 498.454
107 45.5 488.237
107.5 45.5 478.243
108 45.5 468.259
108.5 45.5 458.161
109 45.5 448.279
109.5 45.5 438.378
110 45.5 428.415
110.5 45.5 418.631
111 45.5 408.797
111.5 45.5 398.856
112 45.5 389.076
112.5 45.5 379.457
113 45.5 369.724
113.5 45.5 360.062
114 45.5 350.226
114.5 45.5 340.663
115 45.5 331.172
115.5 45.5 321.857
116 45.5 312.106
116.5 45.5 302.574
117 45.5 292.815
117.5 45.5 283.293
118 45.5 274.498
118.5 45.5 265.61
119 45.5 256.998
119.5 45.5 248.226
120 45.5 239.933
120.5 45.5 231.438
121 45.5 223.546
121.5 45.5 215.436
122 45.5 206.729
122.5 45.5 198.543
123 45.5 190.713
123.5 45.5 183.204
124 45.5 175.822
124.5 45.5 167.914
125 45.5 164.82
125.5 45.5 159.063
87 46 893.103
87.5 46 883.041
88 46 873.658
88.5 46 863.627
89 46 853.839
89.5 46 844.098
90 46 834.033
90.5 46 823.81
91 46 813.575
91.5 46 803.324
92 46 792.89
92.5 46 782.435
93 46 771.984
93.5 46 761.82
94 46 751.555
94.5 46 741.308
95 46 731.016
95.5 46 721.229
96 46 711.263
96.5 46 701.081
97 46 691.215
97.5 46 681.735
98.5 46 666.434
99 46 653.96
99.5 46 642.076
100 46 631.049
100.5 46 620.846
101 46 610.535
101.5 46 600.213
102 46 590.068
102.5 46 580.045
103 46 570.007
103.5 46 559.971
104 46 550.03
104.5 46 540.238
105 46 530.374
105.5 46 520.479
106 46 510.471
106.5 46 500.189
107 46 489.907
107.5 46 479.818
108 46 469.818
108.5 46 459.698
109 46 449.837
109.5 46 440.073
110 46 430.406
110.5 46 420.825
111 46 411.326
111.5 46 401.889
112 46 392.553
112.5 46 382.742
113 46 373.221
113.5 46 363.811
114 46 354.083
114.5 46 344.702
115 46 335.251
115.5 46 326.23
116 46 317.139
116.5 46 307.468
117 46 298.26
117.5 46 289.396
118 46 280.635
118.5 46 272.218
119 46 263.507
119.5 46 255.044
120 46 246.917
120.5 46 238.988
121 46 231.423
121.5 46 224.681
122 46 217.313
122.5 46 209.216
123 46 202.38
123.5 46 195.828
124 46 187.138
124.5 46 178.23
125 46 174.133
125.5 46 168.408
126 46 165.644
126.5 46 161.826
127 46 158.733
127.5 46 156.711
130.5 46 157.437
131 46 158.471
87 46.5 891.564
87.5 46.5 881.009
88 46.5 871.884
88.5 46.5 861.889
89 46.5 852.517
89.5 46.5 842.881
90 46.5 833.132
90.5 46.5 823.457
91 46.5 813.644
91.5 46.5 803.73
92 46.5 793.645
92.5 46.5 783.469
93 46.5 773.199
93.5 46.5 762.85
94 46.5 752.507
94.5 46.5 742.225
95 46.5 732.032
95.5 46.5 721.677
96 46.5 711.434
96.5 46.5 701.258
97 46.5 691.154
97.5 46.5 680.348
98 46.5 671.627
98.5 46.5 664.109
99 46.5 653.618
99.5 46.5 642.711
100 46.5 632.147
100.5 46.5 622.081
101 46.5 612.106
101.5 46.5 602.112
102 46.5 592.003
102.5 46.5 581.68
103 46.5 571.557
103.5 46.5 561.512
104 46.5 551.54
104.5 46.5 541.631
105 46.5 531.783
105.5 46.5 521.979
106 46.5 511.992
106.5 46.5 502.118
107 46.5 492.388
107.5 46.5 482.485
108 46.5 472.321
108.5 46.5 462.44
109 46.5 452.814
109.5 46.5 443.008
110 46.5 433.348
110.5 46.5 423.862
111 46.5 414.542
111.5 46.5 405.234
112 46.5 395.737
112.5 46.5 386.406
113 46.5 377.067
113.5 46.5 367.765
114 46.5 358.879
114.5 46.5 349.23
115 46.5 340.434
115.5 46.5 331.136
116 46.5 322.499
116.5 46.5 313.577
117 46.5 304.569
117.5 46.5 295.497
118 46.5 287.137
118.5 46.5 278.705
119 46.5 270.699
119.5 46.5 262.411
120 46.5 254.641
120.5 46.5 247.082
121 46.5 239.869
121.5 46.5 232.676
122 46.5 226.037
122.5 46.5 219.602
123 46.5 213.097
123.5 46.5 206.252
124 46.5 200.13
124.5 46.5 193.657
125 46.5 187.984
125.5 46.5 181.972
126 46.5 178.272
126.5 46.5 173.24
127 46.5 171.295
127.5 46.5 169.423
128 46.5 167.635
128.5 46.5 167.574
129 46.5 167.209
129.5 46.5 168.035
130 46.5 169.285
130.5 46.5 169.488
131 46.5 170.553
87 47 890.547
87.5 47 879.724
88 47 870.411
88.5 47 860.294
89 47 850.73
89.5 47 841.015
90 47 831.456
90.5 47 821.897
91 47 812.217
91.5 47 802.464
92 47 792.676
92.5 47 782.9
93 47 772.946
93.5 47 763.038
94 47 753.101
94.5 47 743.181
95 47 733.111
95.5 47 722.766
96 47 712.541
96.5 47 702.272
97 47 691.987
97.5 47 681.643
98 47 670.166
98.5 47 662.152
99 47 652.655
99.5 47 643.057
100 47 633.404
100.5 47 624.035
101 47 615.365
101.5 47 606.932
102 47 597.266
102.5 47 583.605
103 47 573.732
103.5 47 563.833
104 47 553.957
104.5 47 544.184
105 47 534.321
105.5 47 524.542
106 47 514.52
106.5 47 504.456
107 47 494.63
107.5 47 484.662
108 47 475.127
108.5 47 465.725
109 47 456.03
109.5 47 446.604
110 47 437.378
110.5 47 428.07
111 47 418.552
111.5 47 409.371
112 47 400.221
112.5 47 391.371
113 47 382.065
113.5 47 372.922
114 47 363.655
114.5 47 354.98
115 47 345.907
115.5 47 337.47
116 47 328.116
116.5 47 319.801
117 47 311.213
117.5 47 302.925
118 47 294.598
118.5 47 286.489
119 47 278.556
119.5 47 270.868
120 47 263.211
120.5 47 255.893
121 47 248.848
121.5 47 242.311
122 47 235.586
122.5 47 229.428
123 47 224.822
123.5 47 218.39
124 47 213.426
124.5 47 206.917
125 47 201.916
125.5 47 196.212
126 47 193.765
126.5 47 189.454
127 47 185.337
127.5 47 183.761
128 47 182.757
128.5 47 181.575
129 47 181.483
129.5 47 182.84
130 47 182.103
130.5 47 182.247
131 47 183.419
87 47.5 890.627
87.5 47.5 879.911
88 47.5 870.252
88.5 47.5 859.771
89 47.5 849.847
89.5 47.5 839.728
90 47.5 829.791
90.5 47.5 819.915
91 47.5 810.109
91.5 47.5 800.326
92 47.5 790.615
92.5 47.5 780.868
93 47.5 771.12
93.5 47.5 761.409
94 47.5 751.776
94.5 47.5 742.238
95 47.5 732.686
95.5 47.5 723.016
96 47.5 713.431
96.5 47.5 703.524
97 47.5 693.657
97.5 47.5 683.604
98 47.5 673.499
98.5 47.5 663.446
99 47.5 653.059
99.5 47.5 644.123
100 47.5 634.934
100.5 47.5 625.877
102 47.5 606.474
102.5 47.5 594.55
103 47.5 583.305
103.5 47.5 565.664
104 47.5 556.186
104.5 47.5 546.827
105 47.5 537.109
105.5 47.5 527.394
106 47.5 518.073
106.5 47.5 508.022
107 47.5 498.265
107.5 47.5 488.522
108 47.5 478.977
108.5 47.5 469.376
109 47.5 460.133
109.5 47.5 450.65
110 47.5 441.547
110.5 47.5 432.723
111 47.5 423.807
111.5 47.5 414.63
112 47.5 405.85
112.5 47.5 396.704
113 47.5 387.373
113.5 47.5 378.356
114 47.5 369.79
114.5 47.5 360.926
115 47.5 352.328
115.5 47.5 343.753
116 47.5 335.122
116.5 47.5 326.945
117 47.5 318.505
117.5 47.5 310.515
118 47.5 302.71
118.5 47.5 295.002
119 47.5 287.139
119.5 47.5 279.474
120 47.5 272.168
120.5 47.5 265.161
121 47.5 258.283
121.5 47.5 252.125
122 47.5 245.898
122.5 47.5 240.032
123 47.5 234.664
123.5 47.5 229.479
124 47.5 225.541
124.5 47.5 220.887
125 47.5 215.334
125.5 47.5 210.699
126 47.5 206.734
126.5 47.5 202.691
127 47.5 201.755
127.5 47.5 198.772
128 47.5 197.142
128.5 47.5 197.127
129 47.5 197.966
129.5 47.5 196.367
130 47.5 196.163
130.5 47.5 195.013
131 47.5 197.719
87 48 891.532
87.5 48 880.444
88 48 871.334
88.5 48 860.793
89 48 850.674
89.5 48 840.211
90 48 829.921
90.5 48 819.635
91 48 809.514
91.5 48 799.406
92 48 789.52
92.5 48 779.628
93 48 769.792
93.5 48 760.017
94 48 750.509
94.5 48 741.012
95 48 731.556
95.5 48 722.251
96 48 712.639
96.5 48 703.194
97 48 693.81
97.5 48 684.329
98 48 674.804
98.5 48 665.222
99 48 655.678
99.5 48 646.223
100 48 636.652
100.5 48 626.81
103 48 596.586
103.5 48 578.406
104 48 565.999
104.5 48 553.246
105 48 541.68
105.5 48 530.169
106 48 520.73
106.5 48 511.982
107 48 502.441
107.5 48 493.01
108 48 483.914
108.5 48 474.479
109 48 465.042
109.5 48 455.959
110 48 446.886
110.5 48 437.557
111 48 428.352
111.5 48 419.911
112 48 410.63
112.5 48 402.027
113 48 392.982
113.5 48 384.217
114 48 375.853
114.5 48 367.231
115 48 359.17
115.5 48 350.926
116 48 342.7
116.5 48 334.605
117 48 326.353
117.5 48 318.525
118 48 311.064
118.5 48 303.253
119 48 295.924
119.5 48 288.906
120 48 282.125
120.5 48 274.952
121 48 268.433
121.5 48 262.114
122 48 256.009
122.5 48 250.411
123 48 244.768
123.5 48 240.562
124 48 235.305
124.5 48 230.523
125 48 226.511
125.5 48 224.019
126 48 221.229
126.5 48 217.689
127 48 214.821
127.5 48 211.691
128 48 211.911
128.5 48 211.449
129 48 211.415
129.5 48 210.805
130 48 210.043
130.5 48 210.057
131 48 212.469
87 48.5 889.339
87.5 48.5 879.251
88 48.5 870.617
88.5 48.5 860.768
89 48.5 851.149
89.5 48.5 841.21
90 48.5 831.179
90.5 48.5 821.137
91 48.5 811.028
91.5 48.5 800.875
92 48.5 790.686
92.5 48.5 780.498
93 48.5 770.382
93.5 48.5 760.373
94 48.5 750.561
94.5 48.5 740.906
95 48.5 731.325
95.5 48.5 721.768
96 48.5 712.324
96.5 48.5 702.502
97 48.5 693.429
97.5 48.5 683.845
98 48.5 674.536
98.5 48.5 665.227
99 48.5 656.152
99.5 48.5 646.908
100 48.5 637.772
100.5 48.5 628.735
101 48.5 619.398
101.5 48.5 609.696
103 48.5 590.493
103.5 48.5 579.005
104 48.5 568.154
104.5 48.5 557.227
105 48.5 547.65
105.5 48.5 539.45
106 48.5 527.107
106.5 48.5 516.159
107 48.5 505.739
107.5 48.5 496.419
108 48.5 487.298
108.5 48.5 478.27
109 48.5 469.496
109.5 48.5 460.615
110 48.5 451.8
110.5 48.5 443.182
111 48.5 434.466
111.5 48.5 425.737
112 48.5 416.711
112.5 48.5 407.69
113 48.5 398.678
113.5 48.5 390.2
114 48.5 381.934
114.5 48.5 373.461
115 48.5 365.605
115.5 48.5 358.007
116 48.5 349.968
116.5 48.5 342.219
117 48.5 334.607
117.5 48.5 326.931
118 48.5 319.698
118.5 48.5 312.561
119 48.5 305.532
119.5 48.5 298.163
120 48.5 291.646
120.5 48.5 284.731
121 48.5 278.618
121.5 48.5 272.616
122 48.5 266.785
122.5 48.5 261.121
123 48.5 255.073
123.5 48.5 250.301
124 48.5 246.843
124.5 48.5 243.584
125 48.5 239.047
125.5 48.5 235.699
126 48.5 232.142
126.5 48.5 228.91
127 48.5 226.724
127.5 48.5 227.462
128 48.5 224.911
128.5 48.5 224.128
129 48.5 222.739
129.5 48.5 223.509
130 48.5 224.204
130.5 48.5 225.291
131 48.5 227.507
87 49 886.598
87.5 49 877.398
88 49 868.722
88.5 49 859.252
89 49 849.684
89.5 49 840.167
90 49 830.672
90.5 49 821.155
91 49 811.642
91.5 49 802.146
92 49 792.5
92.5 49 782.719
93 49 772.916
93.5 49 762.987
94 49 753.145
94.5 49 743.436
95 49 733.618
95.5 49 723.775
96 49 713.848
96.5 49 704.063
97 49 694.525
97.5 49 684.728
98 49 675.197
98.5 49 665.765
99 49 656.493
99.5 49 647.098
100 49 638.007
100.5 49 629.17
101 49 619.842
101.5 49 610.865
102 49 601.722
102.5 49 592.787
103 49 583.605
103.5 49 575.682
104 49 567.258
104.5 49 557.997
105 49 548.936
105.5 49 540.371
106 49 529.896
106.5 49 519.761
107 49 510.335
107.5 49 501.364
108 49 492.019
108.5 49 483.205
109 49 473.566
109.5 49 464.836
110 49 456.362
110.5 49 447.672
111 49 438.9
111.5 49 430.084
112 49 421.67
112.5 49 413.307
113 49 404.962
113.5 49 396.917
114 49 388.989
114.5 49 380.915
115 49 373.111
115.5 49 365.322
116 49 357.635
116.5 49 349.989
117 49 342.64
117.5 49 335.575
118 49 328.518
118.5 49 321.63
119 49 315.141
119.5 49 308.667
120 49 302.296
120.5 49 296.122
121 49 289.607
121.5 49 283.608
122 49 277.983
122.5 49 272.903
123 49 268.312
123.5 49 264.255
124 49 260.193
124.5 49 255.093
125 49 252.121
125.5 49 247.87
126 49 244.494
126.5 49 243.003
127 49 241.955
127.5 49 240.669
128 49 239.524
128.5 49 238.075
129 49 236.733
129.5 49 237.615
130 49 239.093
130.5 49 240.69
131 49 242.712
87 49.5 884.163
87.5 49.5 875.044
88 49.5 866.457
88.5 49.5 857.21
89 49.5 847.998
89.5 49.5 838.809
90 49.5 829.481
90.5 49.5 820.207
91 49.5 810.799
91.5 49.5 801.361
92 49.5 791.977
92.5 49.5 782.611
93 49.5 773.305
93.5 49.5 764.085
94 49.5 754.884
94.5 49.5 745.732
95 49.5 736.404
95.5 49.5 726.991
96 49.5 717.502
96.5 49.5 707.836
97 49.5 698.28
97.5 49.5 688.641
98 49.5 678.678
98.5 49.5 669.017
99 49.5 659.51
99.5 49.5 650.357
100 49.5 640.966
100.5 49.5 631.648
101 49.5 622.371
101.5 49.5 613.005
102 49.5 603.333
102.5 49.5 594.373
103 49.5 584.983
103.5 49.5 575.942
104 49.5 567.839
104.5 49.5 558.798
105 49.5 549.416
105.5 49.5 540.683
106 49.5 531.707
106.5 49.5 522.835
107 49.5 514.617
107.5 49.5 505.91
108 49.5 497.255
109 49.5 485.55
109.5 49.5 473.007
110 49.5 462.537
110.5 49.5 453.899
111 49.5 444.785
111.5 49.5 435.663
112 49.5 427.032
112.5 49.5 418.751
113 49.5 410.722
113.5 49.5 402.768
114 49.5 394.946
114.5 49.5 387.259
115 49.5 380.032
115.5 49.5 372.593
116 49.5 365.275
116.5 49.5 358.267
117 49.5 351.722
117.5 49.5 344.633
118 49.5 338.19
118.5 49.5 331.823
119 49.5 325.753
119.5 49.5 319.073
120 49.5 312.656
120.5 49.5 307.079
121 49.5 301.298
121.5 49.5 295.955
122 49.5 290.599
122.5 49.5 285.542
123 49.5 281.197
123.5 49.5 276.429
124 49.5 271.93
124.5 49.5 267.655
125 49.5 263.891
125.5 49.5 261.189
126 49.5 258.862
126.5 49.5 257.121
127 49.5 256.715
127.5 49.5 254.681
128 49.5 252.139
128.5 49.5 249.128
129 49.5 250.097
129.5 49.5 252.371
130 49.5 254.663
130.5 49.5 256.248
131 49.5 257.698
87 50 882.029
87.5 50 873.214
88 50 864.189
88.5 50 855.217
89 50 846.223
89.5 50 837.009
90 50 827.932
90.5 50 818.93
91 50 809.831
91.5 50 800.616
92 50 791.562
92.5 50 782.306
93 50 772.455
93.5 50 764.184
94 50 755.154
94.5 50 745.166
95 50 737.065
95.5 50 727.247
96 50 718.229
96.5 50 708.99
97 50 699.947
97.5 50 690.791
98 50 681.779
98.5 50 672.645
99 50 663.787
99.5 50 654.669
100 50 645.448
100.5 50 636.283
101 50 627.048
101.5 50 618.015
102 50 608.655
102.5 50 599.32
103 50 589.922
103.5 50 580.713
104 50 571.728
104.5 50 562.405
105 50 553.599
105.5 50 544.609
106 50 535.392
106.5 50 526.533
107 50 518.137
107.5 50 509.364
108 50 500.572
108.5 50 492.842
109 50 483.689
109.5 50 475.663
110 50 467.367
110.5 50 459.107
111 50 450.323
111.5 50 441.325
112 50 432.675
112.5 50 424.654
113 50 417.557
113.5 50 411.507
114 50 403.435
117 50 360.844
117.5 50 354.1
118 50 347.679
118.5 50 341.476
119 50 335.329
119.5 50 329.42
120 50 323.547
120.5 50 317.623
121 50 312.187
121.5 50 306.951
122 50 301.779
122.5 50 297.002
123 50 292.478
123.5 50 288.892
124 50 284.586
124.5 50 280.908
125 50 277.463
125.5 50 275.188
126 50 272.736
126.5 50 271.871
127 50 269.549
130 50 271.196
130.5 50 271.977
131 50 272.13
