88.5 24 0.0147091
89 24 0.00122498
89.5 24 -0.00145975
90 24 0.000538391
90.5 24 -0.000680425
91 24 0.000463719
91.5 24 -0.000549065
92 24 -0.000315467
92.5 24 -0.000157686
93 24 -0.0012024
93.5 24 -0.00092111
94 24 -0.000214156
94.5 24 -0.00114684
95 24 -0.000953679
95.5 24 -0.00136361
96 24 -0.00124361
96.5 24 -0.00209163
97 24 -0.00108687
97.5 24 -0.00159792
98 24 -0.000899891
98.5 24 -0.000653897
99 24 -0.00142896
99.5 24 -0.00122789
100 24 -0.00104906
100.5 24 -0.00022421
101 24 -0.00110426
101.5 24 -0.000504738
102 24 -0.000683659
102.5 24 -0.000291796
103 24 0.000343095
103.5 24 8.5062e-05
104 24 3.49839e-05
104.5 24 0.000339114
105 24 0.000258059
105.5 24 0.000649431
106 24 0.000307292
106.5 24 0.000285471
107 24 0.000339821
107.5 24 0.000432697
108 24 0.000130176
108.5 24 0.000600512
109 24 0.00045992
109.5 24 -0.000283872
110 24 0.000335428
110.5 24 0.000563898
111 24 0.0010146
111.5 24 0.000687539
112 24 0.00057691
112.5 24 0.000215338
113 24 0.000684546
113.5 24 0.000734564
114 24 0.000139481
114.5 24 -8.8811e-05
115 24 0.00125413
115.5 24 0.000127223
116 24 0.000268867
116.5 24 0.000659308
117 24 0.000264477
117.5 24 -3.95057e-05
118 24 0.00052736
118.5 24 0.000161557
119 24 0.000336867
119.5 24 0.000279995
120 24 5.54767e-05
120.5 24 0.00029616
121 24 0.000135146
121.5 24 -3.39609e-05
122 24 8.87104e-05
122.5 24 -0.000460831
123 24 5.81666e-05
123.5 24 0.0170983
124 24 0.000159192
124.5 24 -0.00123297
125 24 -0.00105105
129 24 0.00404321
129.5 24 0.00476459
130 24 -0.0457833
88 24.5 0.0196203
88.5 24.5 -0.00147974
89 24.5 -0.00112718
89.5 24.5 -0.000958342
90 24.5 -5.94846e-05
90.5 24.5 -0.000620722
91 24.5 7.39376e-06
91.5 24.5 -0.000218639
92 24.5 -0.000618265
92.5 24.5 0.000481561
93 24.5 0.000222797
93.5 24.5 0.000944515
94 24.5 0.000287101
94.5 24.5 0.000905406
95 24.5 0.000994505
95.5 24.5 0.000882447
96 24.5 0.000626171
96.5 24.5 0.00117392
97 24.5 0.000795417
97.5 24.5 0.00140516
98 24.5 0.000997788
98.5 24.5 0.00126017
99 24.5 0.00136146
99.5 24.5 0.00075462
100 24.5 0.000767644
100.5 24.5 0.000771479
101 24.5 0.000616533
101.5 24.5 0.00106623
102 24.5 0.000189521
102.5 24.5 0.000184748
103 24.5 -0.000173838
103.5 24.5 0.0006146
104 24.5 -3.34722e-05
104.5 24.5 -0.000165991
105 24.5 -0.000331177
105.5 24.5 -0.000231551
106 24.5 -0.000228979
106.5 24.5 -0.000390056
107 24.5 -0.00047697
107.5 24.5 -0.000285477
108 24.5 -0.000322552
108.5 24.5 -0.000411046
109 24.5 -0.000414828
109.5 24.5 0.000433168
110 24.5 -0.000241415
110.5 24.5 -0.000271888
111 24.5 -0.000117383
111.5 24.5 0.000173592
112 24.5 -0.000763937
112.5 24.5 9.01921e-05
113 24.5 -1.86455e-05
113.5 24.5 -0.000448682
114 24.5 0.000126062
114.5 24.5 -0.000264473
115 24.5 0.000367111
115.5 24.5 -0.000270812
116 24.5 -7.33953e-05
116.5 24.5 -8.8127e-05
117 24.5 9.97143e-05
117.5 24.5 9.41039e-05
118 24.5 -4.3755e-05
118.5 24.5 0.000156817
119 24.5 0.000201146
119.5 24.5 6.44786e-05
120 24.5 0.00021342
120.5 24.5 0.000134053
121 24.5 0.000478603
121.5 24.5 -1.81755e-05
122 24.5 -0.000478283
122.5 24.5 0.000861541
123 24.5 0.0201956
123.5 24.5 -0.0706128
124 24.5 0.0200136
124.5 24.5 0.00053181
125 24.5 0.000313156
125.5 24.5 -0.000222986
126 24.5 0.032917
126.5 24.5 -0.028798
129.5 24.5 0.00724864
87 25 0.00584983
87.5 25 0.00701661
88 25 0.00381134
88.5 25 -2.78659e-05
89 25 0.0012498
89.5 25 0.00138871
90 25 0.000994869
90.5 25 0.00048798
91 25 0.000186445
91.5 25 0.000139473
92 25 0.00113385
92.5 25 0.00032694
93 25 0.000355838
93.5 25 -0.000170999
94 25 0.000128902
94.5 25 -0.000247574
95 25 -0.000445528
95.5 25 -4.12248e-06
96 25 -0.000482084
96.5 25 -0.00098376
97 25 -0.0006952
97.5 25 -0.000722165
98 25 -0.000737863
98.5 25 -0.000693807
99 25 -0.000309743
99.5 25 -0.00050817
100 25 -8.06738e-05
100.5 25 -0.000471164
101 25 -0.000281109
101.5 25 -0.00056812
102 25 0.000155166
102.5 25 -0.000299984
103 25 3.26705e-05
103.5 25 -0.000180059
104 25 0.000124524
104.5 25 0.000709247
105 25 0.000482486
105.5 25 0.000401506
106 25 0.00062605
106.5 25 0.000577617
107 25 0.000812341
107.5 25 4.52744e-05
108 25 0.000699005
108.5 25 0.000364612
109 25 0.000730881
109.5 25 0.000117439
110 25 9.06057e-05
110.5 25 0.000710572
111 25 5.86062e-05
111.5 25 0.000448531
112 25 0.000672655
112.5 25 -0.000335811
113 25 0.000145077
113.5 25 0.000291617
114 25 -3.77396e-05
114.5 25 -3.146e-05
115 25 -0.000205212
115.5 25 0.000418321
116 25 -1.83481e-05
116.5 25 -0.000153979
117 25 0.000320792
117.5 25 -0.000319408
118 25 0.00122985
118.5 25 -8.83172e-05
119 25 0.000157088
119.5 25 0.000188906
120 25 -7.93237e-06
120.5 25 3.58366e-05
121 25 0.000249498
121.5 25 -0.000203085
122 25 0.000263694
122.5 25 0.000354874
123 25 -6.72318e-05
123.5 25 0.0172367
124 25 -0.000126471
124.5 25 4.82566e-05
125 25 -0.000613019
125.5 25 0.000830513
126 25 0.00981848
126.5 25 -0.0140662
127 25 -0.0135409
130 25 0.0131394
130.5 25 -0.0259687
131 25 -0.00223828
87 25.5 0.000902371
87.5 25.5 -0.00221015
88 25.5 -0.00134812
88.5 25.5 -0.00063933
89 25.5 -0.000424289
89.5 25.5 -0.000780711
90 25.5 -0.000366358
90.5 25.5 0.000111713
91 25.5 2.22093e-05
91.5 25.5 -0.000376371
92 25.5 -0.000408386
92.5 25.5 -8.79612e-05
93 25.5 -0.000234206
93.5 25.5 -0.000175756
94 25.5 -0.00011436
94.5 25.5 -7.52001e-05
95 25.5 6.06495e-05
95.5 25.5 3.01721e-05
96 25.5 0.000490515
96.5 25.5 0.000389554
97 25.5 0.000505488
97.5 25.5 0.00037254
98 25.5 0.000560323
98.5 25.5 0.00071929
99 25.5 0.000454674
99.5 25.5 0.000833109
100 25.5 0.000872318
100.5 25.5 -0.000275997
101 25.5 0.00102638
101.5 25.5 -7.36305e-07
102 25.5 0.000305422
102.5 25.5 0.000223588
103 25.5 0.000388468
103.5 25.5 -9.52648e-05
104 25.5 -0.000168189
104.5 25.5 -0.000228517
105 25.5 0.000105012
105.5 25.5 -7.87779e-05
106 25.5 -0.000208154
106.5 25.5 -0.000242904
107 25.5 -0.000295023
107.5 25.5 -0.000195822
108 25.5 -0.000382835
108.5 25.5 -7.49462e-05
109 25.5 -0.000273155
109.5 25.5 -9.35175e-06
110 25.5 -0.000303103
110.5 25.5 -0.000245319
111 25.5 -0.000139774
111.5 25.5 7.61348e-05
112 25.5 0.00021357
112.5 25.5 0.000760918
113 25.5 -0.000433407
113.5 25.5 0.00041212
114 25.5 3.72517e-05
114.5 25.5 0.000158356
115 25.5 7.7596e-05
115.5 25.5 1.10463e-05
116 25.5 0.000251199
116.5 25.5 6.52763e-06
117 25.5 -1.88307e-05
117.5 25.5 0.000199635
118 25.5 -0.000778502
118.5 25.5 0.000118101
119 25.5 0.00016892
119.5 25.5 0.000178351
120 25.5 0.000243932
120.5 25.5 0.00024505
121 25.5 -7.51337e-05
121.5 25.5 0.000613039
122 25.5 -2.01682e-05
122.5 25.5 6.6401e-05
123 25.5 0.000286648
123.5 25.5 -0.00100309
124 25.5 0.000121041
124.5 25.5 0.000169933
125 25.5 0.00131656
125.5 25.5 -0.00164937
126 25.5 0.0143811
126.5 25.5 0.0353715
127 25.5 -0.0551226
127.5 25.5 -0.00386684
128 25.5 0.0247544
128.5 25.5 -0.0377814
129.5 25.5 -0.0386469
130 25.5 0.0330514
130.5 25.5 -0.0130203
131 25.5 -0.0257466
87 26 -0.00135941
87.5 26 -0.000618199
88 26 0.00027333
88.5 26 0.000575908
89 26 0.000598282
89.5 26 0.000429992
90 26 0.000151082
90.5 26 0.000298768
91 26 0.000176466
91.5 26 0.000607099
92 26 0.000459643
92.5 26 0.000658023
93 26 0.000994797
93.5 26 0.000168929
94 26 7.61838e-05
94.5 26 0.000410874
95 26 0.000514127
95.5 26 0.000625676
96 26 2.64864e-05
96.5 26 7.2514e-06
97 26 0.000143621
97.5 26 -0.000273403
98 26 -0.000439598
98.5 26 -0.000569676
99 26 -0.000345816
99.5 26 -0.000181019
100 26 -0.000294083
100.5 26 0.00083942
101 26 -0.00030624
101.5 26 -2.83804e-05
102 26 0.000304018
102.5 26 -0.000174773
103 26 0.000251192
103.5 26 0.000414132
104 26 0.000137404
104.5 26 9.66187e-05
105 26 0.00025924
105.5 26 0.000225419
106 26 0.00031714
106.5 26 0.000117435
107 26 0.000522212
107.5 26 0.000208266
108 26 0.000360967
108.5 26 1.69749e-05
109 26 0.000266891
109.5 26 5.58132e-05
110 26 0.000375584
110.5 26 -0.000145957
111 26 -1.8794e-05
111.5 26 7.85947e-05
112 26 0.000259592
112.5 26 0.000171484
113 26 0.000460417
113.5 26 -0.000427609
114 26 0.000335049
114.5 26 -0.000189817
115 26 2.28997e-05
115.5 26 -3.18665e-05
116 26 0.000549647
116.5 26 -0.000113721
117 26 5.78163e-05
117.5 26 -0.00033492
118 26 0.00267679
118.5 26 -0.000654118
119 26 0.000191502
119.5 26 4.11848e-06
120 26 1.35272e-05
120.5 26 8.6289e-05
121 26 0.00025121
121.5 26 0.000127785
122 26 -0.0002885
122.5 26 0.000473814
123 26 0.000155258
123.5 26 0.000626074
124 26 -2.58718e-05
124.5 26 2.54684e-05
125 26 0.00270743
125.5 26 0.00724909
126 26 -0.0642809
126.5 26 0.0241249
127 26 0.0253846
127.5 26 -0.0190809
128 26 0.0237825
128.5 26 0.0121005
129 26 -0.000381271
129.5 26 -0.00484829
130 26 0.0223784
130.5 26 -0.0143856
131 26 0.0190702
87 26.5 0.0179232
87.5 26.5 -0.000532219
88 26.5 0.000467371
88.5 26.5 0.000555512
89 26.5 0.000343884
89.5 26.5 0.000233234
90 26.5 0.000241574
90.5 26.5 0.000664109
91 26.5 -0.000132001
91.5 26.5 3.43149e-05
92 26.5 -0.000162676
92.5 26.5 -0.000310715
93 26.5 -4.97622e-05
93.5 26.5 -0.000109234
94 26.5 -0.000190964
94.5 26.5 -1.15044e-05
95 26.5 -0.000115064
95.5 26.5 -0.000205257
96 26.5 0.000266946
96.5 26.5 0.00018809
97 26.5 0.000185052
97.5 26.5 0.000237195
98 26.5 0.000302332
98.5 26.5 0.000284247
99 26.5 0.00013442
99.5 26.5 0.000431845
100 26.5 0.000548348
100.5 26.5 0.000162867
101 26.5 0.000124643
101.5 26.5 0.000327426
102 26.5 -0.000170323
102.5 26.5 0.000458943
103 26.5 -0.000144647
103.5 26.5 0.000159468
104 26.5 8.45324e-05
104.5 26.5 6.41083e-05
105 26.5 -0.000315426
105.5 26.5 0.000710066
106 26.5 3.96728e-05
106.5 26.5 6.52221e-06
107 26.5 5.09091e-05
107.5 26.5 -2.02931e-05
108 26.5 -5.30546e-05
108.5 26.5 1.35613e-05
109 26.5 2.78408e-05
109.5 26.5 -0.000147575
110 26.5 8.16537e-05
110.5 26.5 0.000251932
111 26.5 0.00026677
111.5 26.5 -0.000127666
112 26.5 7.46542e-05
112.5 26.5 0.00036687
113 26.5 0.000303107
113.5 26.5 0.000706648
114 26.5 -0.00038728
114.5 26.5 0.000408621
115 26.5 -3.24251e-05
115.5 26.5 1.16122e-06
116 26.5 -0.000202125
116.5 26.5 0.000518562
117 26.5 -0.000113137
117.5 26.5 2.26274e-05
118 26.5 -0.000354363
118.5 26.5 6.76725e-05
119 26.5 7.38987e-05
119.5 26.5 9.36582e-05
120 26.5 0.000126335
120.5 26.5 0.000276596
121 26.5 0.000153509
121.5 26.5 0.000206695
122 26.5 0.00030975
122.5 26.5 3.06681e-05
123 26.5 0.000104322
123.5 26.5 0.000399173
124 26.5 0.000294818
124.5 26.5 0.000207392
125 26.5 0.000206564
125.5 26.5 0.00181243
126 26.5 0.0147362
126.5 26.5 0.0196577
127 26.5 -0.0434209
127.5 26.5 0.00607977
128 26.5 -0.0453967
128.5 26.5 0.0217969
129 26.5 0.00166083
129.5 26.5 0.00367542
130 26.5 0.0097423
87 27 -0.072105
87.5 27 0.0378176
88 27 -0.00135677
88.5 27 -0.00164293
89 27 -0.00013657
89.5 27 -1.56704e-05
90 27 8.44054e-05
90.5 27 0.000246254
91 27 0.000192173
91.5 27 0.000125556
92 27 7.7139e-05
92.5 27 0.000132652
93 27 0.000251106
93.5 27 0.000308807
94 27 0.000462014
94.5 27 0.000114335
95 27 0.000282173
95.5 27 0.000283636
96 27 0.000318717
96.5 27 0.000337612
97 27 0.000372626
97.5 27 0.000119528
98 27 0.000119369
98.5 27 -9.90874e-05
99 27 -0.000167895
99.5 27 -5.89864e-05
100 27 9.13675e-05
100.5 27 0.000606653
101 27 9.707e-05
101.5 27 -6.91111e-05
102 27 9.04443e-05
102.5 27 -1.63517e-05
103 27 0.000134224
103.5 27 0.000213485
104 27 0.000262138
104.5 27 -2.31233e-05
105 27 -1.17226e-05
105.5 27 0.000476739
106 27 -0.000165077
106.5 27 0.000457975
107 27 -4.14332e-05
107.5 27 0.000105116
108 27 0.000280473
108.5 27 8.27029e-05
109 27 1.48911e-05
109.5 27 0.000220013
110 27 7.45156e-05
110.5 27 -0.000289756
111 27 5.10099e-05
111.5 27 0.000325325
112 27 -0.000123118
112.5 27 2.49493e-05
113 27 0.000207503
113.5 27 7.82422e-05
114 27 0.000678061
114.5 27 -0.000558822
115 27 0.000490857
115.5 27 -0.000302914
116 27 0.00016136
116.5 27 -0.000151992
117 27 1.48175e-05
117.5 27 4.28439e-05
118 27 0.000245404
118.5 27 2.67218e-05
119 27 6.06975e-05
119.5 27 0.000140269
120 27 0.000156207
120.5 27 0.000292096
121 27 3.32338e-05
121.5 27 -2.43966e-05
122 27 0.000403511
122.5 27 -3.59898e-05
123 27 0.000258934
123.5 27 -9.26637e-06
124 27 -2.1149e-05
124.5 27 0.00094078
125 27 -0.000711186
125.5 27 0.00134863
126 27 -0.00257355
126.5 27 -1.68997e-05
127 27 0.0156861
127.5 27 0.00981937
128 27 0.00995323
128.5 27 0.0276086
129 27 -0.00811617
129.5 27 -0.0378385
130 27 0.0145856
87 27.5 0.0395495
87.5 27.5 -0.0739358
88 27.5 0.0176458
88.5 27.5 -0.00159554
89 27.5 -0.000125749
89.5 27.5 -0.000161499
90 27.5 -6.05257e-05
90.5 27.5 0.000557018
91 27.5 0.000746902
91.5 27.5 0.000434691
92 27.5 0.000422217
92.5 27.5 9.46092e-05
93 27.5 0.000372754
93.5 27.5 -5.94071e-05
94 27.5 -0.000100274
94.5 27.5 4.80722e-05
95 27.5 -8.55225e-05
95.5 27.5 -4.00665e-05
96 27.5 -2.39193e-05
96.5 27.5 -5.1532e-05
97 27.5 0.000128721
97.5 27.5 5.62015e-05
98 27.5 0.000103745
98.5 27.5 -5.39945e-05
99 27.5 5.87876e-05
99.5 27.5 -0.000288557
100 27.5 0.000328288
100.5 27.5 0.00012215
101 27.5 0.00052294
101.5 27.5 0.00063813
102 27.5 7.1406e-06
102.5 27.5 0.000155587
103 27.5 -0.00035498
103.5 27.5 0.000886172
104 27.5 -0.000342703
104.5 27.5 0.000482629
105 27.5 0.000189499
105.5 27.5 -5.07381e-05
106 27.5 -5.95544e-05
106.5 27.5 -9.84741e-05
107 27.5 0.0008
107.5 27.5 -4.0702e-05
108 27.5 4.39596e-05
108.5 27.5 7.95706e-05
109 27.5 8.58079e-05
109.5 27.5 -5.32564e-05
110 27.5 0.000306979
110.5 27.5 -8.50863e-05
111 27.5 0.000394025
111.5 27.5 -0.000405287
112 27.5 0.000381388
112.5 27.5 7.68377e-05
113 27.5 2.15356e-05
113.5 27.5 0.000199536
114 27.5 6.95155e-05
114.5 27.5 0.000737532
115 27.5 -0.000657731
115.5 27.5 0.000442049
116 27.5 -0.000131385
116.5 27.5 0.000272431
117 27.5 0.000856453
117.5 27.5 -0.000129813
118 27.5 -3.02559e-05
118.5 27.5 0.000311826
119 27.5 -6.50241e-05
119.5 27.5 0.000139061
120 27.5 -6.67102e-05
120.5 27.5 5.14831e-05
121 27.5 0.000358973
121.5 27.5 0.000123108
122 27.5 0.000461789
122.5 27.5 5.21422e-05
123 27.5 0.00031221
123.5 27.5 8.34735e-05
124 27.5 0.000156245
124.5 27.5 0.000474421
125 27.5 -0.00155142
125.5 27.5 0.00502458
126 27.5 -0.00172201
126.5 27.5 -0.00121506
127 27.5 -0.00222716
127.5 27.5 0.0180289
128 27.5 -0.0448365
128.5 27.5 0.0117737
129 27.5 -0.0292526
129.5 27.5 0.0364845
130 27.5 -0.0254418
130.5 27.5 -0.0130917
131 27.5 -0.0213699
87 28 -0.000148182
87.5 28 0.0132697
88 28 0.0102529
88.5 28 0.00211034
89 28 0.000251274
89.5 28 -0.000408687
90 28 -0.000680248
90.5 28 -7.20509e-05
91 28 6.0254e-05
91.5 28 3.74412e-05
92 28 -2.03445e-05
92.5 28 2.67855e-05
93 28 -6.28474e-05
93.5 28 -4.2384e-05
94 28 -2.6914e-05
94.5 28 0.000112434
95 28 0.000166534
95.5 28 0.000252455
96 28 4.01231e-06
96.5 28 0.000109638
97 28 1.49619e-05
97.5 28 0.000181977
98 28 0.000159175
98.5 28 0.000151627
99 28 -0.00014508
99.5 28 3.80929e-05
100 28 -0.000167654
100.5 28 0.000426836
101 28 0.000124199
101.5 28 0.000474972
102 28 -5.28501e-05
102.5 28 0.000441719
103 28 0.00029069
103.5 28 -0.000211365
104 28 9.65615e-05
104.5 28 0.000351042
105 28 7.20554e-05
105.5 28 0.000189168
106 28 0.000632141
106.5 28 -0.00026272
107 28 0.000359914
107.5 28 0.000340723
108 28 5.52868e-07
108.5 28 0.000211236
109 28 1.74588e-05
109.5 28 0.000147646
110 28 -7.67772e-06
110.5 28 -0.000118752
111 28 4.43975e-05
111.5 28 -7.60012e-05
112 28 -0.000151285
112.5 28 0.000176627
113 28 0.000169458
113.5 28 -0.000157649
114 28 8.39544e-05
114.5 28 6.20343e-05
115 28 0.00110411
115.5 28 -0.000510101
116 28 0.000180303
116.5 28 -2.84829e-05
117 28 -0.000228699
117.5 28 0.000480562
118 28 0.000111387
118.5 28 0.000159334
119 28 0.000155114
119.5 28 1.99498e-05
120 28 0.00012645
120.5 28 8.81209e-05
121 28 0.000308235
121.5 28 -0.000171663
122 28 0.000130827
122.5 28 8.57811e-05
123 28 0.000242738
123.5 28 0.000372762
124 28 0.000311587
124.5 28 -0.000256741
125 28 0.000306417
125.5 28 -0.00144582
126 28 0.000765843
126.5 28 0.000127538
127 28 -0.000305894
127.5 28 -0.0013914
128 28 0.0299251
128.5 28 -0.0242213
129 28 0.0462298
129.5 28 -0.0349464
130 28 0.0404683
130.5 28 -0.01223
131 28 0.0330597
87 28.5 0.000315098
87.5 28.5 -0.00501356
88 28.5 0.0020878
88.5 28.5 0.000677961
89 28.5 -0.000637125
89.5 28.5 -0.00120642
90 28.5 0.000160543
90.5 28.5 -0.000295254
91 28.5 -0.000200629
91.5 28.5 0.000163794
92 28.5 -5.50959e-05
92.5 28.5 0.000167272
93 28.5 0.000423366
93.5 28.5 0.000153258
94 28.5 9.71008e-05
94.5 28.5 3.58908e-05
95 28.5 8.50856e-05
95.5 28.5 8.69318e-05
96 28.5 0.000167131
96.5 28.5 -0.000125562
97 28.5 -0.00016022
97.5 28.5 -0.000117719
98 28.5 3.15471e-05
98.5 28.5 0.00011365
99 28.5 -4.99371e-05
99.5 28.5 9.88908e-05
100 28.5 -7.78321e-05
100.5 28.5 4.85907e-05
101 28.5 -5.60377e-05
101.5 28.5 9.79133e-05
102 28.5 0.000595411
102.5 28.5 -0.000155503
103 28.5 0.000385007
103.5 28.5 0.000111016
104 28.5 0.000273974
104.5 28.5 0.000126252
105 28.5 -9.23592e-05
105.5 28.5 0.000204939
106 28.5 0.000120538
106.5 28.5 0.000261412
107 28.5 0.000164172
107.5 28.5 0.00015899
108 28.5 0.000432669
108.5 28.5 1.42128e-05
109 28.5 -0.000194064
109.5 28.5 0.000173377
110 28.5 0.000161024
110.5 28.5 0.000152503
111 28.5 0.00014183
111.5 28.5 -7.78121e-05
112 28.5 -2.92688e-05
112.5 28.5 9.70661e-05
113 28.5 -6.96764e-05
113.5 28.5 0.000283064
114 28.5 -1.6422e-05
114.5 28.5 0.00014157
115 28.5 7.16776e-05
115.5 28.5 0.000669434
116 28.5 -0.000188795
116.5 28.5 8.50362e-05
117 28.5 0.000138496
117.5 28.5 -0.000126641
118 28.5 0.000490023
118.5 28.5 9.2512e-05
119 28.5 0.000471638
119.5 28.5 8.15435e-06
120 28.5 0.000185125
120.5 28.5 -0.000311258
121 28.5 0.000110271
121.5 28.5 0.000318077
122 28.5 -0.00054846
122.5 28.5 0.000387528
123 28.5 0.000441035
123.5 28.5 0.000539307
124 28.5 0.00010083
124.5 28.5 0.000734606
125 28.5 0.000424195
125.5 28.5 -0.000242687
126 28.5 -0.000445449
126.5 28.5 0.000718003
127 28.5 9.02231e-06
127.5 28.5 -0.00215653
128 28.5 0.0180798
128.5 28.5 -0.0408253
129 28.5 0.0111324
129.5 28.5 -0.00350246
130 28.5 0.00224798
130.5 28.5 -0.0280313
131 28.5 -0.00420325
87 29 -0.00249156
87.5 29 -0.00104506
88 29 0.000379838
88.5 29 -0.000289777
89 29 -0.00227098
89.5 29 -0.000236222
90 29 -0.000139327
90.5 29 -0.000157451
91 29 -0.000116382
91.5 29 -0.000234741
92 29 -0.00020847
92.5 29 6.46976e-05
93 29 -0.000381785
93.5 29 0.000154121
94 29 2.58767e-05
94.5 29 -2.25241e-06
95 29 3.06797e-05
95.5 29 9.50085e-05
96 29 -1.63674e-05
96.5 29 1.68465e-05
97 29 -3.94726e-05
97.5 29 -0.000251014
98 29 -5.33239e-05
98.5 29 6.51963e-05
99 29 0.000192312
99.5 29 -9.92365e-05
100 29 0.00016176
100.5 29 -0.00013938
101 29 0.000606239
101.5 29 2.09859e-05
102 29 0.000134961
102.5 29 0.000606787
103 29 7.99123e-05
103.5 29 0.00042
104 29 -4.23126e-05
104.5 29 0.000256095
105 29 0.000324192
105.5 29 0.000206681
106 29 0.000131247
106.5 29 5.73337e-05
107 29 0.000638675
107.5 29 -0.000243995
108 29 -0.000361081
108.5 29 0.00057827
109 29 0.000739592
109.5 29 -0.000192545
110 29 6.14425e-05
110.5 29 0.000127451
111 29 0.000196157
111.5 29 0.000212803
112 29 -4.75411e-05
112.5 29 -0.000123573
113 29 0.000648321
113.5 29 -0.000178759
114 29 0.000114569
114.5 29 0.000261311
115 29 -5.07283e-05
115.5 29 0.000126985
116 29 0.000599723
116.5 29 0.000113107
117 29 -0.00029407
117.5 29 0.000128211
118 29 7.60568e-05
118.5 29 0.000162614
119 29 6.03581e-05
119.5 29 0.000189029
120 29 0.000226775
120.5 29 0.000326021
121 29 -0.000151188
121.5 29 -0.000722902
122 29 0.000997756
122.5 29 0.000472102
123 29 -0.00118227
123.5 29 0.000559894
124 29 0.000418308
124.5 29 0.000330608
125 29 0.000600814
125.5 29 -0.000214812
126 29 0.00023966
126.5 29 -0.000844071
127 29 0.000173982
127.5 29 0.000138163
128 29 0.00761687
128.5 29 0.00399893
129 29 -0.0290929
129.5 29 0.0136736
130 29 0.00332469
130.5 29 0.00163963
87 29.5 -0.00147522
87.5 29.5 -5.93294e-05
88 29.5 3.16581e-05
88.5 29.5 -0.000488176
89 29.5 -0.00140912
89.5 29.5 -0.000752932
90 29.5 -0.000667044
90.5 29.5 -0.000457679
91 29.5 -0.000379386
91.5 29.5 -0.000582474
92 29.5 0.000112147
92.5 29.5 -0.000437291
93 29.5 3.69915e-05
93.5 29.5 -0.00015353
94 29.5 0.000154725
94.5 29.5 6.93767e-05
95 29.5 3.41038e-05
95.5 29.5 3.07517e-05
96 29.5 1.4077e-05
96.5 29.5 0.00026051
97 29.5 -0.000232479
97.5 29.5 -0.000130517
98 29.5 -0.000277292
98.5 29.5 -5.85082e-05
99 29.5 9.16995e-05
99.5 29.5 0.000141047
100 29.5 -5.86477e-05
100.5 29.5 8.86872e-05
101 29.5 -8.47241e-05
101.5 29.5 0.000147498
102 29.5 0.000300165
102.5 29.5 -8.98892e-05
103 29.5 0.000494969
103.5 29.5 0.000112948
104 29.5 0.000341834
104.5 29.5 -4.68603e-05
105 29.5 0.000400301
105.5 29.5 -3.7403e-06
106 29.5 -8.19483e-05
106.5 29.5 0.000267325
107 29.5 -1.71666e-05
107.5 29.5 0.000181602
108 29.5 -0.000211512
108.5 29.5 0.000334519
109 29.5 4.2334e-05
109.5 29.5 0.00085229
110 29.5 0.000100777
110.5 29.5 5.13211e-06
111 29.5 0.000184836
111.5 29.5 -6.92155e-05
112 29.5 0.000128321
112.5 29.5 -3.14703e-05
113 29.5 -0.000171936
113.5 29.5 0.000559452
114 29.5 1.45069e-05
114.5 29.5 0.000105491
115 29.5 7.51045e-05
115.5 29.5 -2.54375e-05
116 29.5 0.000412077
116.5 29.5 -0.000360485
117 29.5 0.000501085
117.5 29.5 -0.000211421
118 29.5 -0.000369941
118.5 29.5 0.000535172
119 29.5 0.000106284
119.5 29.5 0.000113662
120 29.5 0.000312291
120.5 29.5 -0.000486482
121 29.5 0.000817853
121.5 29.5 0.000681412
122 29.5 -0.000219227
122.5 29.5 5.67582e-05
123 29.5 0.000357774
123.5 29.5 4.01816e-05
124 29.5 9.73532e-05
124.5 29.5 0.000734019
125 29.5 0.000616779
125.5 29.5 0.000578487
126 29.5 0.00056699
126.5 29.5 -0.000516249
127 29.5 -0.000740993
127.5 29.5 0.000751093
128 29.5 0.00084531
128.5 29.5 0.00616384
129 29.5 -0.000368821
129.5 29.5 0.00403503
130 29.5 0.000502973
130.5 29.5 0.00803373
87 30 0.00289197
87.5 30 0.00103095
88 30 0.000149135
88.5 30 -0.000472939
89 30 0.000723701
89.5 30 -0.000729087
90 30 -0.00016544
90.5 30 -0.000197226
91 30 -0.000492397
91.5 30 -0.000493203
92 30 -0.000917827
92.5 30 -0.00034192
93 30 -4.51212e-05
93.5 30 -0.000224484
94 30 -0.000296316
94.5 30 -8.90131e-05
95 30 -1.9594e-05
95.5 30 -0.000114541
96 30 -6.96948e-05
96.5 30 -0.000109323
97 30 0.000184869
97.5 30 -7.73684e-06
98 30 0.000114133
98.5 30 -8.60995e-05
99 30 3.55127e-05
99.5 30 1.05015e-05
100 30 0.00022942
100.5 30 -4.62255e-05
101 30 0.000217084
101.5 30 3.04623e-05
102 30 0.000202065
102.5 30 0.000421487
103 30 -0.000148879
103.5 30 0.000379621
104 30 3.2217e-05
104.5 30 0.000403394
105 30 -0.000671582
105.5 30 0.00031491
106 30 0.00017028
106.5 30 6.65715e-06
107 30 -0.000194289
107.5 30 0.000387061
108 30 0.000104493
108.5 30 -3.08444e-05
109 30 4.1513e-05
109.5 30 -0.000103182
110 30 0.000137938
110.5 30 0.000214039
111 30 0.000114674
111.5 30 8.12061e-05
112 30 0.000207546
112.5 30 5.03515e-05
113 30 0.000183005
113.5 30 -0.000284773
114 30 0.000655151
114.5 30 -0.000129981
115 30 -3.06738e-05
115.5 30 3.20494e-05
116 30 -2.22511e-05
116.5 30 0.000487094
117 30 -0.000387875
117.5 30 6.55485e-05
118 30 0.000706052
118.5 30 -0.000244934
119 30 0.000364006
119.5 30 0.00040141
120 30 -0.000634804
120.5 30 0.00151745
121 30 -0.00066118
121.5 30 -0.000132178
122 30 0.000542059
122.5 30 7.00842e-05
123 30 0.000293598
123.5 30 0.000681955
124 30 -0.000212421
124.5 30 -0.000427123
125 30 0.000481391
125.5 30 0.000193174
126 30 0.00113244
126.5 30 6.17943e-05
127 30 -0.000152854
127.5 30 -0.000560571
128 30 0.00151663
128.5 30 0.00511486
129 30 0.00389375
129.5 30 0.0141321
130 30 -0.00872734
130.5 30 0.00379537
87 30.5 0.00340633
87.5 30.5 0.00115004
88 30.5 -0.000102271
88.5 30.5 -0.00185847
89 30.5 0.00193188
89.5 30.5 -0.000412596
90 30.5 0.000327842
90.5 30.5 0.000300552
91 30.5 9.29539e-05
91.5 30.5 -2.55766e-07
92 30.5 7.05596e-05
92.5 30.5 -0.000419313
93 30.5 -0.000390623
93.5 30.5 -0.000180781
94 30.5 -0.000258881
94.5 30.5 -0.000199237
95 30.5 -0.000220831
95.5 30.5 -0.000147299
96 30.5 -0.000196652
96.5 30.5 -0.00024863
97 30.5 -0.00021052
97.5 30.5 8.86749e-06
98 30.5 1.37278e-05
98.5 30.5 -0.000162105
99 30.5 -6.50665e-05
99.5 30.5 -0.000105868
100 30.5 -6.28788e-06
100.5 30.5 0.000228359
101 30.5 1.8964e-06
101.5 30.5 0.000277169
102 30.5 0.000114028
102.5 30.5 0.00017545
103 30.5 0.000305618
103.5 30.5 0.0002613
104 30.5 0.00021134
104.5 30.5 0.000119479
105 30.5 0.000399711
105.5 30.5 -0.000277129
106 30.5 0.000706019
106.5 30.5 -0.000206062
107 30.5 0.000260879
107.5 30.5 -4.95658e-05
108 30.5 -0.000146645
108.5 30.5 0.000313971
109 30.5 0.000127625
109.5 30.5 0.000500088
110 30.5 0.000179492
110.5 30.5 -3.91199e-05
111 30.5 -1.07209e-05
111.5 30.5 0.000340369
112 30.5 -3.927e-05
112.5 30.5 0.000368446
113 30.5 8.12753e-05
113.5 30.5 -6.61562e-05
114 30.5 0.000252779
114.5 30.5 0.000389918
115 30.5 0.000301759
115.5 30.5 -5.98533e-05
116 30.5 7.96714e-05
116.5 30.5 0.000172208
117 30.5 0.000677313
117.5 30.5 -9.02136e-05
118 30.5 -0.000137636
118.5 30.5 0.000743518
119 30.5 -6.12434e-05
119.5 30.5 0.000155618
120 30.5 0.000333901
120.5 30.5 -0.000221992
121 30.5 3.42699e-05
121.5 30.5 0.00113406
122 30.5 -0.00120417
122.5 30.5 0.000526273
123 30.5 0.000136687
123.5 30.5 -6.70715e-06
124 30.5 0.000476118
124.5 30.5 0.000164886
125 30.5 -0.000458754
125.5 30.5 7.43331e-05
126 30.5 0.000486787
126.5 30.5 0.000328986
127 30.5 0.000630649
127.5 30.5 -0.00121841
128 30.5 -0.00232215
128.5 30.5 0.0179703
129 30.5 -0.0495399
129.5 30.5 0.0113601
130 30.5 0.00503255
130.5 30.5 0.0146607
87 31 0.00183035
87.5 31 0.000475023
88 31 -0.000298813
88.5 31 -0.00140906
89 31 -0.000301508
89.5 31 0.000428463
90 31 0.000130848
90.5 31 0.00020793
91 31 0.000184692
91.5 31 0.000263666
92 31 2.68561e-05
92.5 31 0.00020356
93 31 -0.00017277
93.5 31 0.000478486
94 31 -0.000213555
94.5 31 -0.000220179
95 31 8.90672e-05
95.5 31 9.37606e-06
96 31 -0.000216112
96.5 31 0.000135139
97 31 -0.000153226
97.5 31 -8.43307e-05
98 31 8.31716e-05
98.5 31 5.21166e-05
99 31 -0.000172868
99.5 31 -6.73021e-05
100 31 -0.000175325
100.5 31 -1.5575e-05
101 31 6.39261e-05
101.5 31 -1.00524e-05
102 31 0.000194811
102.5 31 0.000246079
103 31 0.000213138
103.5 31 1.56425e-06
104 31 0.000377851
104.5 31 -0.000160386
105 31 0.000265811
105.5 31 4.31615e-05
106 31 -0.000209438
106.5 31 0.000228458
107 31 -9.78013e-05
107.5 31 0.000191377
108 31 0.000306096
108.5 31 3.89945e-05
109 31 -7.43593e-05
109.5 31 0.000234115
110 31 0.000404057
110.5 31 0.000689255
111 31 0.000278827
111.5 31 -0.000614749
112 31 0.000439475
112.5 31 -0.000102679
113 31 0.000209168
113.5 31 0.000263357
114 31 -6.25453e-05
114.5 31 8.41796e-05
115 31 0.000465357
115.5 31 -8.95123e-05
116 31 2.78012e-05
116.5 31 0.000109053
117 31 0.000431077
117.5 31 -0.00010113
118 31 -3.95041e-05
118.5 31 -0.00026417
119 31 1.97464e-05
119.5 31 0.000145654
120 31 0.000262213
120.5 31 0.000287379
121 31 -2.30799e-05
121.5 31 0.000153864
122 31 0.000393854
122.5 31 -0.000248305
123 31 0.000142014
123.5 31 0.000822608
124 31 4.01574e-06
124.5 31 0.000939231
125 31 0.00165911
125.5 31 -0.000553042
126 31 -0.000439472
126.5 31 -4.96044e-05
127 31 0.000717713
127.5 31 -7.74028e-05
128 31 -0.00141078
128.5 31 0.000772311
129 31 0.0245387
129.5 31 -0.0194185
130 31 0.0138571
130.5 31 -0.00382538
131 31 0.0232701
87 31.5 0.000528157
87.5 31.5 -0.00052882
88 31.5 -0.000364107
88.5 31.5 -0.000360273
89 31.5 -3.85053e-05
89.5 31.5 -0.000186951
90 31.5 -0.000204853
90.5 31.5 0.000268876
91 31.5 -0.00023681
91.5 31.5 -5.78566e-05
92 31.5 0.000533834
92.5 31.5 8.00208e-05
93 31.5 0.000494876
93.5 31.5 -0.000749402
94 31.5 0.000264624
94.5 31.5 9.98394e-05
95 31.5 -0.000215444
95.5 31.5 0.000239774
96 31.5 -5.25897e-05
96.5 31.5 0.000364647
97 31.5 -0.00030514
97.5 31.5 0.000265473
98 31.5 0.000147467
98.5 31.5 7.43227e-05
99 31.5 0.000212798
99.5 31.5 -0.000154681
100 31.5 -2.80108e-05
100.5 31.5 -0.000245671
101 31.5 -2.55992e-05
101.5 31.5 0.000344482
102 31.5 -3.54032e-05
102.5 31.5 -1.31868e-05
103 31.5 0.000284116
103.5 31.5 0.00026551
104 31.5 0.000104931
104.5 31.5 0.000225846
105 31.5 -0.000220605
105.5 31.5 0.000320021
106 31.5 -8.81952e-05
106.5 31.5 0.000155069
107 31.5 0.000241101
107.5 31.5 -5.59562e-05
108 31.5 -0.000156548
108.5 31.5 8.78444e-05
109 31.5 0.000403197
109.5 31.5 -0.000295558
110 31.5 -0.000265871
110.5 31.5 4.69186e-05
111 31.5 -0.000473652
111.5 31.5 0.0011729
112 31.5 0.00010672
112.5 31.5 -0.000251356
113 31.5 0.000363652
113.5 31.5 0.000164001
114 31.5 0.000295318
114.5 31.5 -7.33884e-05
115 31.5 0.000254294
115.5 31.5 9.31236e-05
116 31.5 0.000100305
116.5 31.5 8.59848e-05
117 31.5 -3.33423e-05
117.5 31.5 0.000242552
118 31.5 -3.72959e-05
118.5 31.5 0.00230671
119 31.5 -0.000673129
119.5 31.5 0.000354326
120 31.5 -9.18934e-05
120.5 31.5 0.000158968
121 31.5 7.43095e-05
121.5 31.5 -0.000109214
122 31.5 -0.000218442
122.5 31.5 0.00114993
123 31.5 -0.00111485
123.5 31.5 -0.000563372
124 31.5 0.000256396
124.5 31.5 0.00023353
125 31.5 1.89139e-05
125.5 31.5 0.00116259
126 31.5 -0.000420193
126.5 31.5 -7.96542e-05
127 31.5 0.000563705
127.5 31.5 0.00112238
128 31.5 0.00174301
128.5 31.5 -0.00571538
129 31.5 0.024449
129.5 31.5 -0.0492497
130 31.5 0.00512535
130.5 31.5 0.00538661
131 31.5 0.00559357
87 32 -0.000362624
87.5 32 -0.00268491
88 32 -0.000431036
88.5 32 -0.000458646
89 32 0.00046972
89.5 32 -0.000278299
90 32 4.15883e-05
90.5 32 0.000108911
91 32 3.27218e-05
91.5 32 3.25904e-05
92 32 -5.08785e-05
92.5 32 -1.09464e-05
93 32 -0.000149289
93.5 32 0.000355672
94 32 -0.000201137
94.5 32 -0.000130253
95 32 -0.000168126
95.5 32 -0.000272401
96 32 0.000158318
96.5 32 0.000122584
97 32 -0.000313132
97.5 32 0.000316615
98 32 -0.0002312
98.5 32 -0.000106535
99 32 -0.000276994
99.5 32 0.000366315
100 32 -5.24326e-05
100.5 32 0.000118914
101 32 -7.42258e-05
101.5 32 -1.7798e-05
102 32 0.000118391
102.5 32 8.98575e-05
103 32 -4.65867e-05
103.5 32 5.66244e-05
104 32 0.000343777
104.5 32 0.00026635
105 32 0.000131648
105.5 32 8.73119e-05
106 32 0.000388643
106.5 32 4.67887e-05
107 32 1.76776e-05
107.5 32 -0.000128996
108 32 0.000917715
108.5 32 -0.000205118
109 32 0.000117113
109.5 32 -0.000132542
110 32 8.67525e-05
110.5 32 0.000293317
111 32 0.000196668
111.5 32 -3.29909e-05
112 32 3.28454e-05
112.5 32 0.00040882
113 32 -8.84252e-05
113.5 32 0.000125593
114 32 4.71297e-05
114.5 32 0.000192213
115 32 0.000151987
115.5 32 0.000373881
116 32 0.000301976
116.5 32 -2.5105e-05
117 32 8.82752e-05
117.5 32 0.000229711
118 32 -0.00013818
118.5 32 -0.00010479
119 32 -0.000267283
119.5 32 -6.6266e-05
120 32 0.0012245
120.5 32 -0.000526862
121 32 0.000564438
121.5 32 5.46001e-05
122 32 0.00114585
122.5 32 -0.000221171
123 32 0.000845053
123.5 32 -5.2822e-05
124 32 -0.000691638
124.5 32 0.000130375
125 32 0.000619466
125.5 32 0.000481553
126 32 0.00159787
126.5 32 0.00151409
127 32 -0.0022542
127.5 32 -0.000688715
128 32 0.00057568
128.5 32 0.00100989
129 32 -0.00453655
129.5 32 0.0261239
130 32 -0.0238883
130.5 32 0.00206954
131 32 0.00326566
87 32.5 -0.000188488
87.5 32.5 -0.000200152
88 32.5 0.000993202
88.5 32.5 -0.00119783
89 32.5 5.87741e-05
89.5 32.5 0.000108575
90 32.5 1.17389e-05
90.5 32.5 -1.40769e-05
91 32.5 -8.1398e-05
91.5 32.5 2.60561e-05
92 32.5 0.000140251
92.5 32.5 -0.000107106
93 32.5 0.000184752
93.5 32.5 -4.80916e-05
94 32.5 0.000320158
94.5 32.5 -1.51482e-05
95 32.5 -8.90503e-05
95.5 32.5 -0.000158431
96 32.5 -0.000374782
96.5 32.5 8.16187e-05
97 32.5 -5.00035e-06
97.5 32.5 4.44159e-05
98 32.5 -0.000526011
98.5 32.5 7.26137e-05
99 32.5 0.00013628
99.5 32.5 -0.000102241
100 32.5 -0.000442311
100.5 32.5 -0.000629998
101 32.5 0.000150309
101.5 32.5 -0.00019964
102 32.5 -9.37763e-05
102.5 32.5 -7.77994e-05
103 32.5 7.41178e-05
103.5 32.5 0.000230552
104 32.5 -5.01192e-05
104.5 32.5 0.000222214
105 32.5 0.000230817
105.5 32.5 0.000146111
106 32.5 0.000232962
106.5 32.5 0.000112409
107 32.5 -3.78179e-05
107.5 32.5 0.00038979
108 32.5 -0.000483746
108.5 32.5 0.000158613
109 32.5 0.000127782
109.5 32.5 0.000115338
110 32.5 0.000281135
110.5 32.5 1.37114e-05
111 32.5 0.000175754
111.5 32.5 0.00014228
112 32.5 0.000630341
112.5 32.5 -0.000287969
113 32.5 0.000422632
113.5 32.5 0.000385576
114 32.5 -5.20601e-05
114.5 32.5 2.80826e-05
115 32.5 -4.71311e-06
115.5 32.5 6.91808e-05
116 32.5 0.000170995
116.5 32.5 0.000162936
117 32.5 0.000212969
117.5 32.5 -0.00018067
118 32.5 0.00050704
118.5 32.5 -0.000416343
119 32.5 7.69948e-05
119.5 32.5 0.000514493
120 32.5 -0.000337549
120.5 32.5 0.00115049
121 32.5 0.000249275
121.5 32.5 0.000787746
122 32.5 -0.000382393
122.5 32.5 0.000254261
123 32.5 0.000122928
123.5 32.5 0.00179407
124 32.5 0.00106981
124.5 32.5 0.000502891
125 32.5 -0.00177467
125.5 32.5 0.00111693
126 32.5 -0.00066957
126.5 32.5 0.001533
127 32.5 0.00102104
127.5 32.5 -0.00131876
128 32.5 -0.000387219
128.5 32.5 0.000193979
129 32.5 0.000123204
129.5 32.5 0.00500037
130 32.5 -0.00218114
130.5 32.5 0.00395534
131 32.5 0.00222216
87 33 -0.000193176
87.5 33 -0.000278115
88 33 0.000456001
88.5 33 -0.00120932
89 33 -0.000195372
89.5 33 0.000217723
90 33 -0.000236472
90.5 33 -3.86153e-05
91 33 -3.61098e-05
91.5 33 -0.000236984
92 33 -0.000227239
92.5 33 7.41962e-05
93 33 9.94683e-05
93.5 33 0.000574194
94 33 -0.000623301
94.5 33 9.51539e-05
95 33 -4.17004e-05
95.5 33 0.000294586
96 33 0.000626795
96.5 33 -6.21717e-05
97 33 -3.42924e-05
97.5 33 0.000417159
98 33 6.038e-05
98.5 33 -6.65878e-05
99 33 -0.000255857
99.5 33 8.61842e-05
100 33 -9.3187e-05
100.5 33 0.000536952
101 33 -0.000847692
101.5 33 0.000132367
102 33 -0.000289135
102.5 33 -0.000493274
103 33 -7.29728e-05
103.5 33 -0.000159917
104 33 0.000373087
104.5 33 0.000141383
105 33 0.000120924
105.5 33 -2.8326e-05
106 33 0.000194576
106.5 33 -0.000220934
107 33 0.000342134
107.5 33 -0.000184729
108 33 0.000304354
108.5 33 0.00016703
109 33 0.000213174
109.5 33 1.02557e-05
110 33 5.64638e-05
110.5 33 -1.60477e-05
111 33 0.000130967
111.5 33 0.000242267
112 33 0.00023049
112.5 33 0.000558914
113 33 -0.000405571
113.5 33 0.000237884
114 33 1.32585e-06
114.5 33 5.46766e-05
115 33 3.27386e-05
115.5 33 4.19581e-05
116 33 0.000741562
116.5 33 0.000242057
117 33 0.000235189
117.5 33 0.000259278
118 33 0.000179874
118.5 33 0.000659777
119 33 -0.000227183
119.5 33 -0.000200312
120 33 0.000305089
120.5 33 0.000174204
121 33 -0.000730927
121.5 33 0.000285146
122 33 0.00131854
122.5 33 -0.00119418
123 33 0.000539755
123.5 33 -0.0010164
124 33 -0.000375194
124.5 33 0.000327058
125 33 0.000896274
125.5 33 -0.000555331
126 33 7.28546e-05
126.5 33 -0.000611647
127 33 0.00150694
127.5 33 0.00156005
128 33 -0.000867435
128.5 33 0.00027547
129 33 0.00367979
129.5 33 -0.00391315
130 33 0.0102327
130.5 33 0.0117426
131 33 0.00185999
87 33.5 -0.000232591
87.5 33.5 -0.000774475
88 33.5 -0.000594993
88.5 33.5 0.000429675
89 33.5 -0.000825199
89.5 33.5 -0.000733899
90 33.5 4.76985e-05
90.5 33.5 -0.000241077
91 33.5 -0.000388099
91.5 33.5 5.15092e-05
92 33.5 -0.000160706
92.5 33.5 -0.000369165
93 33.5 -0.000298144
93.5 33.5 3.51928e-05
94 33.5 0.00021616
94.5 33.5 -5.22125e-05
95 33.5 -3.56088e-05
95.5 33.5 0.000125618
96 33.5 -0.000122285
96.5 33.5 0.000352001
97 33.5 -0.000291341
97.5 33.5 -0.000272716
98 33.5 0.000528847
98.5 33.5 -8.99097e-05
99 33.5 0.000438443
99.5 33.5 -2.16925e-05
100 33.5 5.06522e-05
100.5 33.5 0.000301607
101 33.5 0.000327484
101.5 33.5 -0.000113066
102 33.5 -8.53746e-05
102.5 33.5 0.000158996
103 33.5 6.1877e-05
103.5 33.5 0.000251876
104 33.5 -0.00037847
104.5 33.5 0.000206004
105 33.5 -4.01412e-05
105.5 33.5 0.000269524
106 33.5 0.000145862
106.5 33.5 -0.000158703
107 33.5 0.000154965
107.5 33.5 -0.000352152
108 33.5 0.000377157
108.5 33.5 -0.000288004
109 33.5 0.000435632
109.5 33.5 -0.000134677
110 33.5 -3.01521e-05
110.5 33.5 5.66885e-05
111 33.5 -0.000171068
111.5 33.5 0.000293586
112 33.5 3.45164e-06
112.5 33.5 0.000143442
113 33.5 -0.000789901
113.5 33.5 0.00068848
114 33.5 4.13487e-05
114.5 33.5 8.37216e-06
115 33.5 -3.36704e-05
115.5 33.5 0.000351142
116 33.5 -0.000303698
116.5 33.5 0.000103169
117 33.5 0.000472734
117.5 33.5 0.000747874
118 33.5 0.000236263
118.5 33.5 -9.85863e-05
119 33.5 0.000665744
119.5 33.5 0.000572974
120 33.5 -0.00024849
120.5 33.5 -9.79673e-05
121 33.5 0.00109461
121.5 33.5 -0.000290534
122 33.5 -0.00103342
122.5 33.5 0.00100449
123 33.5 0.000275652
123.5 33.5 0.000963
124 33.5 -0.000191352
124.5 33.5 -9.08828e-05
125 33.5 -0.000524784
125.5 33.5 0.000996598
126 33.5 0.00138834
126.5 33.5 -9.90593e-05
127 33.5 0.000547287
127.5 33.5 0.000276697
128 33.5 0.000216631
128.5 33.5 0.000241394
129 33.5 0.000310781
129.5 33.5 0.00342624
130 33.5 -0.0272632
130.5 33.5 0.00796093
131 33.5 -0.0013334
87 34 -8.74981e-05
87.5 34 0.000168784
88 34 -0.000301358
88.5 34 0.000421426
89 34 -0.000577978
89.5 34 -8.07324e-05
90 34 0.000140669
90.5 34 -0.000401242
91 34 0.000247241
91.5 34 -0.000251045
92 34 -3.38184e-05
92.5 34 -9.62374e-05
93 34 -0.00012485
93.5 34 -0.000276221
94 34 0.000192507
94.5 34 0.000108381
95 34 5.66498e-05
95.5 34 -0.000154371
96 34 0.000322199
96.5 34 -0.000853951
97 34 0.000677904
97.5 34 0.000527005
98 34 -0.000172457
98.5 34 0.000257657
99 34 -0.000133816
99.5 34 0.000407775
100 34 2.87786e-05
100.5 34 -0.000196564
101 34 0.000493593
101.5 34 -0.000266541
102 34 0.000363105
102.5 34 -0.000530442
103 34 0.000218866
103.5 34 0.000204501
104 34 0.000420736
104.5 34 -0.000266234
105 34 6.1274e-05
105.5 34 0.000198158
106 34 2.12853e-05
106.5 34 0.000211718
107 34 0.000147958
107.5 34 -1.47601e-05
108 34 -6.61237e-05
108.5 34 -8.60463e-05
109 34 -0.000511646
109.5 34 0.000429712
110 34 0.000215674
110.5 34 -0.000118614
111 34 0.000163327
111.5 34 -0.000122747
112 34 0.000279781
112.5 34 -0.000235655
113 34 0.0172677
113.5 34 0.000336985
114 34 0.000480399
114.5 34 -0.0008435
115 34 0.000544756
115.5 34 -0.000198144
116 34 0.000338914
116.5 34 0.000424334
117 34 -3.64541e-05
117.5 34 0.000532683
118 34 0.000151777
118.5 34 -0.000215099
119 34 0.000321891
119.5 34 0.000451722
120 34 0.000212148
120.5 34 0.000409798
121 34 -0.000700414
121.5 34 0.00106511
122 34 8.83509e-05
122.5 34 0.000202207
123 34 0.000102084
123.5 34 0.000418928
124 34 0.000896147
124.5 34 0.00206245
125 34 0.000827092
125.5 34 -0.00110762
126 34 -0.000429211
126.5 34 0.00112668
127 34 0.00101244
127.5 34 0.00112032
128 34 -0.000144992
128.5 34 -0.00224389
129 34 0.00200164
129.5 34 -0.00511275
130 34 0.0089952
130.5 34 -0.0127986
131 34 -0.0279376
87 34.5 -0.000370283
87.5 34.5 0.000575967
88 34.5 -0.000150947
88.5 34.5 -0.000389445
89 34.5 -0.000143674
89.5 34.5 -0.000268353
90 34.5 -0.000199315
90.5 34.5 0.000204604
91 34.5 -0.000769844
91.5 34.5 0.00064151
92 34.5 -0.000184843
92.5 34.5 0.000149768
93 34.5 8.71489e-05
93.5 34.5 -0.000273645
94 34.5 -9.19536e-05
94.5 34.5 -2.64067e-05
95 34.5 -5.40038e-05
95.5 34.5 0.00022798
96 34.5 6.39676e-06
96.5 34.5 0.000539585
97 34.5 -0.000121514
97.5 34.5 -0.000299779
98 34.5 0.000109979
98.5 34.5 -0.000322024
99 34.5 0.000342677
99.5 34.5 0.000253453
100 34.5 0.00023887
100.5 34.5 0.00030067
101 34.5 1.3583e-05
101.5 34.5 0.000396788
102 34.5 8.22585e-05
102.5 34.5 0.000142273
103 34.5 5.80811e-05
103.5 34.5 0.000235778
104 34.5 1.6364e-06
104.5 34.5 -0.000131917
105 34.5 0.000736322
105.5 34.5 -0.000249524
106 34.5 0.000147598
106.5 34.5 8.87515e-05
107 34.5 3.65293e-05
107.5 34.5 2.2868e-05
108 34.5 0.000237562
108.5 34.5 1.94259e-06
109 34.5 -0.000176917
109.5 34.5 0.000322033
110 34.5 -0.000333416
110.5 34.5 0.000213358
111 34.5 0.000617032
111.5 34.5 -0.000221586
112 34.5 -0.00180355
112.5 34.5 0.0259358
113 34.5 -0.0794466
113.5 34.5 0.024266
114 34.5 2.03984e-05
114.5 34.5 6.36595e-05
115 34.5 0.000338696
115.5 34.5 0.000604098
116 34.5 0.000132474
116.5 34.5 -0.000331532
117 34.5 0.000147242
117.5 34.5 -0.000113992
118 34.5 0.000248282
118.5 34.5 0.000246173
119 34.5 0.000405162
119.5 34.5 -0.000155911
120 34.5 0.000701497
120.5 34.5 -0.000638095
121 34.5 0.000531687
121.5 34.5 0.000474665
122 34.5 -0.000504294
122.5 34.5 0.00157294
123 34.5 0.000258796
123.5 34.5 2.66186e-05
124 34.5 -0.00021914
124.5 34.5 -0.000735522
125 34.5 0.00101992
125.5 34.5 0.00274792
126 34.5 -0.00100208
126.5 34.5 5.37342e-05
127 34.5 -0.00271686
127.5 34.5 0.000850487
128 34.5 0.00232111
128.5 34.5 -0.00146216
129 34.5 -0.00775906
129.5 34.5 0.00560863
130 34.5 0.0071981
130.5 34.5 0.0157643
131 34.5 0.0205488
87 35 -0.000313957
87.5 35 0.000341839
88 35 -0.000143563
88.5 35 0.000228518
89 35 -0.00015862
89.5 35 -3.36903e-06
90 35 -1.41431e-05
90.5 35 6.274e-05
91 35 0.000282924
91.5 35 0.000629837
92 35 -0.00180178
92.5 35 0.000505799
93 35 7.02652e-05
93.5 35 0.000581249
94 35 0.000149547
94.5 35 -0.000286872
95 35 4.71959e-05
95.5 35 -0.000180032
96 35 0.000187728
96.5 35 0.000119209
97 35 0.000196212
97.5 35 1.19026e-05
98 35 9.2425e-05
98.5 35 0.000154755
99 35 0.000330051
99.5 35 7.53259e-05
100 35 0.000330442
100.5 35 3.01016e-05
101 35 0.000300194
101.5 35 -0.000171257
102 35 0.000426884
102.5 35 0.000297203
103 35 6.24039e-05
103.5 35 0.000171981
104 35 4.45257e-05
104.5 35 0.000191703
105 35 -2.10705e-05
105.5 35 8.12081e-05
106 35 0.000320832
106.5 35 0.000198965
107 35 -0.000113045
107.5 35 0.000132868
108 35 7.14749e-05
108.5 35 0.000129788
109 35 0.000526704
109.5 35 -0.000736855
110 35 0.000414983
110.5 35 -0.000338629
111 35 -0.000288632
111.5 35 0.0007783
112 35 -0.000364535
112.5 35 0.000496919
113 35 0.0173375
113.5 35 -2.02916e-05
114 35 -0.000728333
114.5 35 7.01716e-05
115 35 0.000298001
115.5 35 0.000629913
116 35 -0.000650855
116.5 35 0.000896885
117 35 -0.000111971
117.5 35 0.000384206
118 35 0.000127509
118.5 35 0.000370822
119 35 0.000100171
119.5 35 7.18808e-05
120 35 0.000330795
120.5 35 0.00113921
121 35 -0.000180654
121.5 35 2.8687e-05
122 35 0.00196083
122.5 35 -0.000259939
123 35 -0.000310897
123.5 35 0.000473192
124 35 0.0007131
124.5 35 0.00146241
125 35 -2.64434e-05
125.5 35 -0.0025826
126 35 0.001681
126.5 35 0.00163965
127 35 0.00188267
127.5 35 -0.00112581
128 35 -0.000537464
128.5 35 -0.00828694
129 35 0.0331689
129.5 35 -0.0259655
130 35 0.0255799
130.5 35 -0.0160411
131 35 -0.00756379
87 35.5 -7.82068e-05
87.5 35.5 0.00012936
88 35.5 -6.86821e-05
88.5 35.5 -1.02411e-05
89 35.5 0.000412436
89.5 35.5 -7.61737e-06
90 35.5 0.000466033
90.5 35.5 -6.18731e-05
91 35.5 0.000197697
91.5 35.5 0.000161423
92 35.5 0.000484246
92.5 35.5 0.000296385
93 35.5 -0.000186753
93.5 35.5 0.00036907
94 35.5 -0.000396027
94.5 35.5 0.00036547
95 35.5 -0.000598005
95.5 35.5 0.000106131
96 35.5 -0.000206473
96.5 35.5 0.000189857
97 35.5 8.91296e-05
97.5 35.5 0.000241418
98 35.5 -0.000167674
98.5 35.5 0.000164722
99 35.5 0.000131275
99.5 35.5 0.000397424
100 35.5 0.000212343
100.5 35.5 0.00021436
101 35.5 -1.08305e-05
101.5 35.5 0.000582253
102 35.5 1.42056e-05
102.5 35.5 0.000258287
103 35.5 0.000196164
103.5 35.5 0.000246319
104 35.5 0.000227138
104.5 35.5 0.000228346
105 35.5 2.02261e-05
105.5 35.5 0.000202622
106 35.5 0.000113426
106.5 35.5 0.000221239
107 35.5 0.000332723
107.5 35.5 0.000112213
108 35.5 0.000536036
108.5 35.5 -0.000106965
109 35.5 -0.000241633
109.5 35.5 0.000470347
110 35.5 0.000250292
110.5 35.5 1.49184e-05
111 35.5 0.000307703
111.5 35.5 -0.000316049
112 35.5 0.000112194
112.5 35.5 5.52202e-05
113 35.5 -3.96059e-05
113.5 35.5 -0.000225768
114 35.5 0.000675627
114.5 35.5 -0.000115481
115 35.5 0.000393338
115.5 35.5 0.000810209
116 35.5 -0.000197556
116.5 35.5 0.000530824
117 35.5 -0.000118843
117.5 35.5 -0.000569798
118 35.5 0.000404655
118.5 35.5 -0.000409884
119 35.5 0.000651606
119.5 35.5 0.00028697
120 35.5 0.000526987
120.5 35.5 0.000177746
121 35.5 0.000337674
121.5 35.5 0.00150095
122 35.5 -0.000721956
122.5 35.5 0.000122973
123 35.5 0.000916143
123.5 35.5 8.57596e-05
124 35.5 -0.000650488
124.5 35.5 -0.000162084
125 35.5 -0.000208696
125.5 35.5 0.00171398
126 35.5 0.000196463
126.5 35.5 -0.00082025
127 35.5 -0.000993995
127.5 35.5 0.00268078
128 35.5 0.00351309
128.5 35.5 -0.00133741
129 35.5 0.00233626
129.5 35.5 -0.00178356
130 35.5 0.00860045
130.5 35.5 -0.00791678
131 35.5 0.009552
87 36 -2.56588e-05
87.5 36 5.65277e-06
88 36 0.000227275
88.5 36 0.000199986
89 36 5.02333e-05
89.5 36 0.000150466
90 36 -9.70267e-05
90.5 36 0.000481117
91 36 4.10922e-05
91.5 36 0.000424685
92 36 0.000363472
92.5 36 6.07367e-05
93 36 0.000353116
93.5 36 0.00046316
94 36 0.000401997
94.5 36 -2.74941e-05
95 36 0.00035913
95.5 36 0.00012076
96 36 0.000718243
96.5 36 1.27399e-05
97 36 0.000350141
97.5 36 0.000316131
98 36 0.000115362
98.5 36 5.28499e-05
99 36 -0.000307915
99.5 36 0.000448915
100 36 0.000448393
100.5 36 4.00929e-05
101 36 0.000432217
101.5 36 4.44732e-05
102 36 0.000316481
102.5 36 0.000373393
103 36 0.000193507
103.5 36 0.000220242
104 36 0.000218569
104.5 36 5.71561e-05
105 36 9.07311e-05
105.5 36 7.5543e-05
106 36 0.000400251
106.5 36 0.000160395
107 36 0.000107389
107.5 36 0.00045742
108 36 -0.000425284
108.5 36 0.000526738
109 36 0.000412412
109.5 36 0.000463808
110 36 -0.000241868
110.5 36 0.000334454
111 36 0.000199398
111.5 36 -0.000122256
112 36 0.000540664
112.5 36 -0.000617814
113 36 -0.000152125
113.5 36 -0.000155459
114 36 0.000231928
114.5 36 -6.31562e-05
115 36 0.000286004
115.5 36 -0.000243941
116 36 0.00141647
116.5 36 -0.00200176
117 36 0.00178889
117.5 36 0.00010218
118 36 6.2531e-05
118.5 36 0.000371679
119 36 -0.00024712
119.5 36 0.000181067
120 36 0.000128513
120.5 36 0.000138248
121 36 0.00120857
121.5 36 -9.56475e-05
122 36 0.00102685
122.5 36 -0.000119713
123 36 -0.000289792
123.5 36 -0.000180099
124 36 0.000623448
124.5 36 0.000910448
125 36 0.000182198
125.5 36 -0.00337508
126 36 -0.00465226
126.5 36 -0.000672265
127 36 -0.000366637
127.5 36 -0.00482516
128 36 -0.0109184
128.5 36 -0.00711083
129 36 -0.00994427
129.5 36 0.0152197
130 36 -0.0200172
130.5 36 -0.0133981
131 36 -0.0158073
87 36.5 -4.48455e-05
87.5 36.5 2.76271e-05
88 36.5 -0.000449658
88.5 36.5 8.40415e-05
89 36.5 -0.00044016
89.5 36.5 0.000220902
90 36.5 0.000619039
90.5 36.5 -5.6455e-05
91 36.5 0.00036694
91.5 36.5 0.000342506
92 36.5 -8.3666e-06
92.5 36.5 0.000614257
93 36.5 3.77581e-05
93.5 36.5 0.000864067
94 36.5 0.000379631
94.5 36.5 0.000168799
95 36.5 0.000346058
95.5 36.5 0.000771715
96 36.5 -0.00114308
96.5 36.5 0.000427186
97 36.5 0.000207873
97.5 36.5 0.000247169
98 36.5 0.000268827
98.5 36.5 0.000539222
99 36.5 -5.82552e-05
99.5 36.5 1.69727e-05
100 36.5 0.000247797
100.5 36.5 0.000281903
101 36.5 0.000156526
101.5 36.5 0.000127491
102 36.5 1.61982e-05
102.5 36.5 5.07384e-05
103 36.5 0.000249648
103.5 36.5 0.000217829
104 36.5 9.29026e-06
104.5 36.5 0.000144932
105 36.5 0.000115927
105.5 36.5 0.000160249
106 36.5 0.000211927
106.5 36.5 0.000225996
107 36.5 0.00015705
107.5 36.5 0.000229652
108 36.5 3.65446e-05
108.5 36.5 0.000255182
109 36.5 3.82018e-05
109.5 36.5 0.000442916
110 36.5 0.000253773
110.5 36.5 -0.000255294
111 36.5 0.000451767
111.5 36.5 -4.93127e-05
112 36.5 -0.000396914
112.5 36.5 0.00112807
113 36.5 0.00030035
113.5 36.5 -0.000132296
114 36.5 -0.000713144
114.5 36.5 0.000269373
115 36.5 0.000141709
115.5 36.5 0.000364975
116 36.5 -0.00162368
116.5 36.5 0.00209772
117 36.5 0.00029428
117.5 36.5 -0.000880989
118 36.5 0.000163697
118.5 36.5 -0.0004565
119 36.5 0.000857328
119.5 36.5 -8.68928e-05
120 36.5 0.000802641
120.5 36.5 0.00139013
121 36.5 -0.000789638
121.5 36.5 0.000719914
122 36.5 -0.000873826
122.5 36.5 0.00011858
123 36.5 9.29306e-05
123.5 36.5 0.000668396
124 36.5 8.12999e-06
124.5 36.5 -0.000578509
125 36.5 -0.00176259
125.5 36.5 0.00466948
126 36.5 0.0107254
126.5 36.5 0.000763549
127 36.5 0.00153052
127.5 36.5 0.00300118
128 36.5 0.022085
128.5 36.5 0.0163109
129 36.5 0.00273673
129.5 36.5 -0.0528776
130 36.5 0.0418503
130.5 36.5 0.0137098
87 37 -0.000123465
87.5 37 -0.000981855
88 37 -6.43045e-05
88.5 37 0.000672829
89 37 -0.000310124
89.5 37 -0.000671768
90 37 -0.000790835
90.5 37 3.22271e-05
91 37 6.48654e-05
91.5 37 1.66116e-05
92 37 2.06399e-05
92.5 37 0.000163419
93 37 0.000179446
93.5 37 -0.000227699
94 37 -6.19929e-05
94.5 37 0.000281276
95 37 0.000145112
95.5 37 0.000142909
96 37 0.000305713
96.5 37 7.80246e-05
97 37 0.000199467
97.5 37 1.84389e-05
98 37 -0.000116234
98.5 37 -0.000119216
99 37 0.00017979
99.5 37 0.000362273
100 37 -0.000113542
100.5 37 0.000160554
101 37 -5.34272e-06
101.5 37 4.53043e-05
102 37 2.41113e-05
102.5 37 0.000753977
103 37 8.08886e-05
103.5 37 6.20225e-05
104 37 0.000202188
104.5 37 0.000278631
105 37 8.61479e-05
105.5 37 0.000266837
106 37 1.48171e-05
106.5 37 0.0003061
107 37 0.000134508
107.5 37 0.000273773
108 37 0.000159824
108.5 37 0.000103738
109 37 -0.000743593
109.5 37 -4.74273e-07
110 37 4.12127e-05
110.5 37 0.000483405
111 37 -2.29927e-05
111.5 37 0.000248
112 37 0.000416597
112.5 37 -0.000145683
113 37 -0.000605743
113.5 37 -0.00173894
114 37 0.00137783
114.5 37 -0.000459134
115 37 -0.000917018
115.5 37 0.00250517
116 37 0.000314848
116.5 37 -0.00315082
117 37 -0.000159499
117.5 37 0.000863497
118 37 0.0114864
118.5 37 0.00152156
119 37 -0.000150637
119.5 37 0.00185892
120 37 -0.00128136
120.5 37 -0.000347925
121 37 8.85941e-06
121.5 37 0.00064021
122 37 -0.000414845
122.5 37 0.000815407
123 37 0.000531475
123.5 37 -0.00132309
124 37 0.000222914
124.5 37 0.00232415
125 37 0.00217674
125.5 37 -0.00139099
126 37 -0.00331524
87 37.5 0.000150809
87.5 37.5 0.000414927
88 37.5 -0.000859009
88.5 37.5 -0.000795252
89 37.5 -0.000521475
89.5 37.5 -0.000229406
90 37.5 0.000276045
90.5 37.5 -0.000399432
91 37.5 -0.000561459
91.5 37.5 3.15565e-05
92 37.5 0.000103697
92.5 37.5 -0.0008424
93 37.5 0.000295235
93.5 37.5 -0.00027506
94 37.5 -0.000134646
94.5 37.5 -0.000171973
95 37.5 -8.98648e-05
95.5 37.5 -0.000149383
96 37.5 2.36091e-05
96.5 37.5 -4.24833e-05
97 37.5 -0.000103826
97.5 37.5 -9.97181e-05
98 37.5 4.32379e-05
98.5 37.5 -0.000142505
99 37.5 6.48779e-05
99.5 37.5 -0.000433064
100 37.5 4.86986e-05
100.5 37.5 -8.71358e-05
101 37.5 7.81425e-05
101.5 37.5 -3.92196e-05
102 37.5 -5.74569e-05
102.5 37.5 -3.38307e-05
103 37.5 0.000122469
103.5 37.5 0.000164499
104 37.5 8.61877e-05
104.5 37.5 0.000192646
105 37.5 0.000318096
105.5 37.5 5.90368e-05
106 37.5 0.000338992
106.5 37.5 0.000188932
107 37.5 0.000198669
107.5 37.5 0.000140048
108 37.5 0.000184325
108.5 37.5 0.000106438
109 37.5 0.0174613
109.5 37.5 0.00160334
110 37.5 -0.000402632
110.5 37.5 0.000569992
111 37.5 -0.000194307
111.5 37.5 0.000529826
112 37.5 -0.000734348
112.5 37.5 0.00167466
113 37.5 0.0102622
113.5 37.5 0.0171807
114 37.5 0.0122854
114.5 37.5 0.00130261
115 37.5 0.00604721
115.5 37.5 0.00345485
116 37.5 0.0116086
116.5 37.5 0.00904354
117 37.5 -0.000684091
117.5 37.5 0.0343096
118 37.5 -0.0515035
118.5 37.5 0.0183635
119 37.5 -0.000297763
119.5 37.5 -0.000666991
120 37.5 0.000772443
120.5 37.5 -0.000181574
121 37.5 0.00185065
121.5 37.5 -0.0010374
122 37.5 0.000851345
122.5 37.5 -9.12552e-05
123 37.5 -0.00153392
123.5 37.5 0.00283918
124 37.5 0.00405554
124.5 37.5 -0.00166248
125 37.5 -0.000463288
87 38 0.000349385
87.5 38 0.000910261
88 38 8.93925e-06
88.5 38 0.00119443
89 38 -8.85716e-06
89.5 38 0.000362749
90 38 -0.000150842
90.5 38 -0.00074429
91 38 0.000143484
91.5 38 -0.000739481
92 38 -0.000670236
92.5 38 -3.17168e-05
93 38 -0.000439133
93.5 38 -0.000308439
94 38 -0.000111028
94.5 38 -0.000375818
95 38 0.000105267
95.5 38 3.40075e-05
96 38 -0.00034838
96.5 38 -0.000150528
97 38 -0.000189181
97.5 38 -7.7649e-05
98 38 -0.000160204
98.5 38 1.08278e-05
99 38 -0.000181164
99.5 38 0.000100444
100 38 -4.51533e-05
100.5 38 -0.000137861
101 38 4.48642e-05
101.5 38 -4.19788e-05
102 38 0.000388065
102.5 38 0.000180203
103 38 0.000249804
103.5 38 0.000115211
104 38 0.000288166
104.5 38 -0.000195632
105 38 0.000388394
105.5 38 0.000110411
106 38 0.000220932
106.5 38 0.000247153
107 38 0.000354676
107.5 38 0.00013457
108 38 -0.00163194
108.5 38 0.0280081
109 38 -0.0818589
109.5 38 0.0193701
110 38 0.00244399
110.5 38 -0.000725662
111 38 0.000216996
111.5 38 -0.00019707
112 38 0.00119814
112.5 38 0.00891912
113 38 -0.0245017
113.5 38 -0.0392859
114 38 -0.0268288
114.5 38 0.033779
115 38 -0.0163609
115.5 38 0.017194
116 38 -0.0328614
116.5 38 -0.015251
117 38 0.0407512
117.5 38 -0.0371141
118 38 -0.0285164
118.5 38 0.0219652
119 38 -6.07138e-05
119.5 38 0.000593352
120 38 -0.000224161
120.5 38 0.00179835
121 38 -8.07327e-05
121.5 38 2.64204e-05
122 38 -0.000179187
122.5 38 -0.0012171
123 38 0.00441318
123.5 38 0.00205406
124 38 -0.00287491
124.5 38 0.00237925
87 38.5 0.000362214
87.5 38.5 0.000689892
88 38.5 5.4015e-05
88.5 38.5 0.000842058
89 38.5 0.000544324
89.5 38.5 0.000281362
90 38.5 6.17649e-05
90.5 38.5 0.000966189
91 38.5 8.55533e-06
91.5 38.5 0.000563549
92 38.5 -0.000276773
92.5 38.5 0.000108431
93 38.5 -0.000257397
93.5 38.5 1.93322e-05
94 38.5 -7.57182e-05
94.5 38.5 -7.39903e-05
95 38.5 1.29615e-05
95.5 38.5 -0.000193016
96 38.5 0.000281926
96.5 38.5 0.000208203
97 38.5 0.000115306
97.5 38.5 0.000297384
98 38.5 0.000114919
98.5 38.5 0.000361221
99 38.5 -0.000194555
99.5 38.5 -2.18827e-05
100 38.5 0.000124866
100.5 38.5 0.000247234
101 38.5 0.000271113
101.5 38.5 0.000170847
102 38.5 -0.000122491
102.5 38.5 1.96016e-05
103 38.5 4.00948e-05
103.5 38.5 0.000622492
104 38.5 1.26535e-05
104.5 38.5 0.000281593
105 38.5 4.75071e-05
105.5 38.5 0.000209183
106 38.5 8.157e-05
106.5 38.5 0.000278851
107 38.5 0.00031264
107.5 38.5 9.65599e-05
108 38.5 -0.000234014
108.5 38.5 -0.000203283
109 38.5 0.0165814
109.5 38.5 0.0168808
110 38.5 -0.000707321
110.5 38.5 0.000169453
111 38.5 -0.000599489
111.5 38.5 -0.000216272
112 38.5 0.00320475
112.5 38.5 0.0093919
113 38.5 0.0237714
113.5 38.5 0.0397033
115 38.5 0.0107361
115.5 38.5 -0.0399246
116 38.5 0.0194865
116.5 38.5 -0.0163914
117 38.5 0.00884214
117.5 38.5 -0.0293044
118 38.5 0.0330475
118.5 38.5 0.0021482
119 38.5 0.00133939
119.5 38.5 -0.00282426
120 38.5 0.00152472
120.5 38.5 -0.000380884
121 38.5 -0.00154196
121.5 38.5 0.000732998
122 38.5 -0.00137799
122.5 38.5 0.00296412
123 38.5 0.00227338
123.5 38.5 -0.00305366
87 39 0.000287327
87.5 39 0.000294348
88 39 -0.000129778
88.5 39 0.000278206
89 39 0.000266556
89.5 39 0.000304177
90 39 0.000665053
90.5 39 0.000376993
91 39 0.000494972
91.5 39 0.000252828
92 39 -9.97351e-05
92.5 39 0.000434992
93 39 0.000395977
93.5 39 1.54403e-05
94 39 0.000236043
94.5 39 0.00027004
95 39 0.000125844
95.5 39 -8.79244e-05
96 39 -4.32064e-05
96.5 39 -6.7135e-05
97 39 4.25018e-05
97.5 39 7.60766e-05
98 39 -9.14394e-05
98.5 39 0.000422634
99 39 4.23345e-05
99.5 39 0.000215739
100 39 0.000666337
100.5 39 -0.000268497
101 39 0.000124418
101.5 39 0.000196737
102 39 0.000110882
102.5 39 0.000155387
103 39 -0.00013436
103.5 39 2.88591e-05
104 39 -0.000117158
104.5 39 0.000257815
105 39 -9.70887e-05
105.5 39 -0.00114193
106 39 0.000791394
106.5 39 3.95944e-05
107 39 -0.000172745
107.5 39 0.000197301
108 39 0.00604058
109.5 39 -0.0692364
110 39 0.0418534
110.5 39 0.00217249
111 39 0.017645
112 39 -0.00116606
112.5 39 -0.014186
113 39 -0.0517986
113.5 39 0.0348909
114 39 0.0190884
115 39 0.000308572
115.5 39 0.01057
116 39 0.0150399
116.5 39 0.0056856
117 39 -0.000670433
117.5 39 -0.0390092
118 39 0.0207228
118.5 39 -0.00163845
119 39 -0.00100026
119.5 39 0.000952206
120 39 0.00046958
120.5 39 -0.00212454
121 39 0.00182223
121.5 39 -0.00124925
122 39 0.00177799
122.5 39 0.00250707
123 39 -0.00210334
123.5 39 0.00444109
87 39.5 0.000239881
87.5 39.5 0.00014896
88 39.5 1.89858e-05
88.5 39.5 0.00012448
89 39.5 4.47744e-05
89.5 39.5 5.41824e-05
90 39.5 9.76599e-05
90.5 39.5 -5.63393e-05
91 39.5 2.74667e-05
91.5 39.5 8.99303e-05
92 39.5 0.000294115
92.5 39.5 9.31291e-05
93 39.5 0.00025295
93.5 39.5 0.000144564
94 39.5 4.33706e-05
94.5 39.5 -3.5964e-05
95 39.5 6.86714e-05
95.5 39.5 0.000115716
96 39.5 -2.88038e-05
96.5 39.5 -7.3842e-05
97 39.5 -1.51752e-05
97.5 39.5 0.000598296
98 39.5 0.000217118
98.5 39.5 0.000253785
99 39.5 0.000459889
99.5 39.5 -3.44368e-05
100 39.5 1.5367e-05
100.5 39.5 0.000367491
101 39.5 -8.91925e-05
101.5 39.5 0.000778775
102 39.5 0.000432285
102.5 39.5 -0.000552575
103 39.5 0.000337941
103.5 39.5 -0.00142786
104 39.5 0.000245367
104.5 39.5 -0.000235179
105 39.5 1.01332e-06
105.5 39.5 0.0166105
106 39.5 -0.000424429
106.5 39.5 -0.00101813
107 39.5 -0.000587496
109 39.5 -0.0428621
109.5 39.5 0.0244494
110 39.5 -0.0232526
110.5 39.5 0.0134625
111 39.5 -0.0367738
111.5 39.5 -0.0124316
112 39.5 0.0177474
112.5 39.5 0.00781363
113 39.5 0.00606737
113.5 39.5 -0.0558429
114 39.5 0.0199942
114.5 39.5 0.0247575
115 39.5 -0.067896
115.5 39.5 0.0214529
116 39.5 0.00370697
116.5 39.5 0.00127842
117 39.5 0.0076228
117.5 39.5 0.0107395
118 39.5 0.00157124
118.5 39.5 -0.000234882
119 39.5 -0.000400568
119.5 39.5 -0.000503526
120 39.5 0.000358714
120.5 39.5 0.00188969
121 39.5 -1.0699e-05
121.5 39.5 0.000586306
122 39.5 0.00221687
122.5 39.5 -0.000510703
123 39.5 0.000559027
87 40 0.000228234
87.5 40 -2.07125e-05
88 40 -2.03201e-05
88.5 40 -2.0383e-05
89 40 0.000317518
89.5 40 -0.00023809
90 40 0.000191001
90.5 40 0.000290686
91 40 -1.9849e-05
91.5 40 0.00032893
92 40 5.8204e-05
92.5 40 0.000709117
93 40 0.000169551
93.5 40 -7.41222e-05
94 40 0.000635003
94.5 40 7.35653e-05
95 40 0.000281553
95.5 40 0.000256676
96 40 0.000295291
96.5 40 4.50424e-05
97 40 0.00022703
97.5 40 0.000150188
98 40 0.000213304
98.5 40 -7.80791e-05
99 40 -0.000218558
99.5 40 0.000741198
100 40 8.17105e-05
100.5 40 0.000597408
101 40 -0.000246531
101.5 40 -0.000244837
102 40 0.000389649
102.5 40 -0.000253906
103 40 -2.87022e-05
103.5 40 0.0169102
104 40 0.000125025
104.5 40 -0.00279375
105 40 0.0273045
105.5 40 -0.0813502
106 40 0.0272352
106.5 40 0.0166481
107 40 0.0176671
109 40 0.00434153
109.5 40 -0.0220643
110 40 -0.0158862
110.5 40 0.00722876
111 40 -0.0211271
111.5 40 -0.0242832
112 40 0.0209753
112.5 40 0.000355781
113 40 0.0068675
113.5 40 0.0127954
114 40 -0.000194183
114.5 40 0.00129405
115 40 0.0148902
115.5 40 -9.35373e-05
116 40 -0.000190116
116.5 40 -4.62928e-05
117 40 -0.00281638
117.5 40 -0.000846943
118 40 0.00122758
118.5 40 0.00121074
119 40 -0.000267167
119.5 40 7.29389e-05
120 40 0.000457759
120.5 40 0.000779816
121 40 0.000617185
121.5 40 -0.000113513
122 40 -0.000903398
122.5 40 0.000597483
87 40.5 0.000324402
87.5 40.5 0.000638694
88 40.5 0.000187413
88.5 40.5 -0.00042135
89 40.5 0.00114891
89.5 40.5 0.000120242
90 40.5 0.00014841
90.5 40.5 0.000160714
91 40.5 -1.85998e-05
91.5 40.5 2.37664e-05
92 40.5 8.35991e-05
92.5 40.5 8.01242e-05
93 40.5 -0.000144225
93.5 40.5 -2.80087e-05
94 40.5 0.000124404
94.5 40.5 -4.2359e-05
95 40.5 -0.00036138
95.5 40.5 -0.00021146
96 40.5 -0.000353701
96.5 40.5 0.000173175
97 40.5 5.50643e-05
97.5 40.5 0.000373315
98 40.5 -0.00017155
98.5 40.5 0.000178658
99 40.5 0.000115934
99.5 40.5 -5.67142e-05
100 40.5 -0.000145408
100.5 40.5 9.02889e-05
101 40.5 0.000102963
101.5 40.5 0.000315931
102 40.5 0.00145228
102.5 40.5 0.00861794
103 40.5 0.0282873
103.5 40.5 -0.0848649
104 40.5 0.028776
104.5 40.5 0.00750154
105 40.5 0.00866586
105.5 40.5 0.00941014
106 40.5 0.0324641
106.5 40.5 -0.0565554
107 40.5 -0.0543326
108.5 40.5 0.0416693
109 40.5 0.0226727
109.5 40.5 0.0331659
110 40.5 0.0159587
110.5 40.5 -0.0622533
111 40.5 0.0414837
111.5 40.5 0.00973535
112 40.5 0.000301848
112.5 40.5 -0.00202511
113 40.5 0.00196532
113.5 40.5 -0.00139999
114 40.5 -0.000296209
114.5 40.5 0.000276678
115 40.5 0.00074132
115.5 40.5 6.5099e-05
116 40.5 -0.000757478
116.5 40.5 0.00254479
117 40.5 -0.000141674
117.5 40.5 0.000410417
118 40.5 0.00125916
118.5 40.5 0.000767291
119 40.5 0.000807714
119.5 40.5 -0.000781955
120 40.5 -0.000762053
120.5 40.5 0.0019368
121 40.5 -0.00189765
121.5 40.5 0.00515108
122 40.5 -0.000156451
122.5 40.5 -2.52104e-06
87 41 0.000315918
87.5 41 0.000658354
88 41 -5.65277e-05
88.5 41 0.000567886
89 41 -6.06141e-05
89.5 41 -6.4889e-05
90 41 0.000228599
90.5 41 0.000209483
91 41 0.000208407
91.5 41 0.000291264
92 41 0.00110118
92.5 41 0.000528889
93 41 0.000479946
93.5 41 0.000495996
94 41 0.000308693
94.5 41 0.00026593
95 41 0.000285738
95.5 41 0.000138431
96 41 0.000151394
96.5 41 0.000148957
97 41 0.000114562
97.5 41 -0.000158085
98 41 0.000453579
98.5 41 -0.000118312
99 41 -1.72625e-05
99.5 41 0.000481693
100 41 0.000159396
100.5 41 7.07202e-05
101 41 -0.000147593
101.5 41 0.00278011
103 41 0.0179684
103.5 41 0.0270817
105 41 0.0075424
105.5 41 -0.0277038
106 41 0.00951359
106.5 41 0.0579412
107 41 -0.0464032
107.5 41 -0.00597934
108 41 0.0210496
108.5 41 0.0253269
109 41 -0.0829758
109.5 41 0.0241728
110 41 0.0020919
110.5 41 0.0166831
111 41 -0.00255285
111.5 41 0.000722361
112 41 8.93978e-05
112.5 41 -0.000516386
113 41 0.00058101
113.5 41 0.000295099
114 41 0.000379717
114.5 41 -0.000258972
115 41 0.000248808
115.5 41 -0.000243467
116 41 0.000722174
116.5 41 0.000515435
117 41 -0.000513498
117.5 41 0.000306135
118 41 0.000711657
118.5 41 -0.000301062
119 41 0.000251301
119.5 41 -0.00014491
120 41 -0.00156416
120.5 41 0.00285088
121 41 -0.00723957
121.5 41 0.00673049
122 41 0.000320568
87 41.5 0.000210851
87.5 41.5 0.000337828
88 41.5 0.000282446
88.5 41.5 0.000467665
89 41.5 4.74041e-05
89.5 41.5 0.000345069
90 41.5 0.000485256
90.5 41.5 0.000256682
91 41.5 -6.33847e-05
91.5 41.5 4.99475e-05
92 41.5 -0.000404612
92.5 41.5 -0.000287597
93 41.5 -0.000236404
93.5 41.5 -0.000289718
94 41.5 0.000136389
94.5 41.5 0.000167259
95 41.5 0.000264774
95.5 41.5 0.000177981
96 41.5 0.00026661
96.5 41.5 0.000189314
97 41.5 0.000282468
97.5 41.5 5.82047e-05
98 41.5 0.000125054
98.5 41.5 0.000298155
99 41.5 0.000153487
99.5 41.5 -8.22069e-05
100 41.5 0.000377523
100.5 41.5 3.16305e-05
101 41.5 -0.000254101
103 41.5 0.035454
103.5 41.5 -0.0284977
105 41.5 0.0451486
105.5 41.5 0.0195472
106 41.5 0.0202615
106.5 41.5 -0.0556495
107 41.5 0.0070189
107.5 41.5 0.0165328
108 41.5 -0.00330218
108.5 41.5 0.00484057
109 41.5 0.0150907
109.5 41.5 -0.000176504
110 41.5 -0.000388392
110.5 41.5 -0.000239432
111 41.5 -0.000369796
111.5 41.5 -3.64003e-05
112 41.5 -2.32999e-05
112.5 41.5 0.000494876
113 41.5 -2.40279e-05
113.5 41.5 0.000389575
114 41.5 0.000242929
114.5 41.5 0.000109848
115 41.5 0.000650903
115.5 41.5 0.000627883
116 41.5 -0.00010809
116.5 41.5 0.000639922
117 41.5 -0.000526864
117.5 41.5 1.25272e-05
118 41.5 0.00123319
118.5 41.5 -0.000343577
119 41.5 0.0033052
119.5 41.5 -0.00444685
120 41.5 0.0038368
120.5 41.5 -6.73498e-05
121 41.5 0.00319426
121.5 41.5 0.000769644
122 41.5 -0.003157
122.5 41.5 0.00278545
87 42 5.39943e-05
87.5 42 0.000219858
88 42 -0.000486654
88.5 42 0.000240284
89 42 -0.000316156
89.5 42 0.000566734
90 42 0.000318169
90.5 42 0.00035876
91 42 0.000232443
91.5 42 0.000323166
92 42 -9.18525e-06
92.5 42 0.000463984
93 42 0.00032459
93.5 42 0.00064199
94 42 -0.000331118
94.5 42 8.30676e-05
95 42 -9.73837e-05
95.5 42 3.40873e-05
96 42 -0.00029828
96.5 42 8.84923e-05
97 42 6.05775e-06
97.5 42 -0.000145823
98 42 -0.000130992
98.5 42 -1.75816e-05
99 42 -0.000346666
99.5 42 0.000481357
100 42 -0.0017116
100.5 42 -0.000290742
101 42 0.000271335
101.5 42 0.0028618
102.5 42 -0.0579174
103 42 -0.0304113
103.5 42 0.0296035
105 42 -0.00076637
105.5 42 -0.0632712
106 42 0.0267711
106.5 42 0.0114277
107 42 0.00431012
107.5 42 0.00012692
108 42 0.000504069
108.5 42 -0.00153515
109 42 -0.000775873
109.5 42 0.000746759
110 42 -0.000216484
110.5 42 0.000620225
111 42 0.000508035
111.5 42 0.000493932
112 42 -0.000129339
112.5 42 0.000153207
113 42 0.000460274
113.5 42 0.000418039
114 42 -0.000614606
114.5 42 0.000475017
115 42 -1.8733e-05
115.5 42 0.000174942
116 42 -0.000624092
116.5 42 0.00231002
117 42 3.57636e-05
117.5 42 -0.000284629
118 42 0.000203045
118.5 42 0.000961887
119 42 0.000750739
119.5 42 -0.00291078
120 42 0.00274252
120.5 42 -0.000297322
121 42 -0.00245907
121.5 42 0.0046091
122 42 -9.03669e-05
122.5 42 0.0026273
87 42.5 -0.000214474
87.5 42.5 0.000129712
88 42.5 0.000195955
88.5 42.5 0.000210741
89 42.5 0.000135088
89.5 42.5 0.000328648
90 42.5 0.000292692
90.5 42.5 0.000442432
91 42.5 0.00041903
91.5 42.5 0.000356347
92 42.5 0.000150017
92.5 42.5 0.000264414
93 42.5 0.000100202
93.5 42.5 5.28788e-05
94 42.5 0.00026693
94.5 42.5 2.14918e-05
95 42.5 0.000612078
95.5 42.5 6.75908e-05
96 42.5 0.000285958
96.5 42.5 0.000306281
97 42.5 0.000103351
97.5 42.5 0.000622713
98 42.5 -0.000702601
98.5 42.5 0.000564163
99 42.5 0.000337305
99.5 42.5 -0.000957466
100 42.5 0.00425947
100.5 42.5 -0.000575512
101 42.5 0.000146134
101.5 42.5 -1.27513e-05
102 42.5 0.0123086
102.5 42.5 -0.00526685
103 42.5 0.013355
103.5 42.5 0.00121489
104 42.5 -0.000745325
104.5 42.5 0.0160237
105 42.5 0.013573
105.5 42.5 0.0149606
106 42.5 0.00014139
106.5 42.5 -0.000592737
107 42.5 -0.000450107
107.5 42.5 0.000450831
108 42.5 0.000280066
108.5 42.5 0.000502894
109 42.5 0.000157238
109.5 42.5 0.000345141
110 42.5 0.000378663
110.5 42.5 0.000217478
111 42.5 0.000303451
111.5 42.5 0.000241468
112 42.5 0.000357619
112.5 42.5 0.000592879
113 42.5 9.07191e-05
113.5 42.5 0.000306733
114 42.5 2.46686e-05
114.5 42.5 0.000773794
115 42.5 -0.000235033
115.5 42.5 0.00031595
116 42.5 -7.46709e-05
116.5 42.5 0.000665135
117 42.5 -0.000339907
117.5 42.5 -0.000976382
118 42.5 0.00207414
118.5 42.5 -0.00107107
119 42.5 0.00188491
119.5 42.5 -0.00123581
120 42.5 -0.00010914
120.5 42.5 0.00167279
121 42.5 -0.000407184
121.5 42.5 0.00333518
122 42.5 -0.00261399
122.5 42.5 -0.000696782
87 43 -6.21734e-05
87.5 43 -5.57382e-05
88 43 -0.000275618
88.5 43 2.76167e-05
89 43 2.3977e-05
89.5 43 -0.000181652
90 43 -1.81804e-05
90.5 43 -2.51683e-05
91 43 0.000371684
91.5 43 0.000111953
92 43 0.000168652
92.5 43 0.000251047
93 43 0.000310674
93.5 43 0.000329019
94 43 0.000304434
94.5 43 0.000121486
95 43 -0.000265727
95.5 43 0.00110601
96 43 -0.000239865
96.5 43 -0.000240645
97 43 0.000476008
97.5 43 -0.00013628
98 43 0.00156893
98.5 43 -0.00040904
99 43 0.000932542
99.5 43 -0.000173275
100 43 -0.00108387
100.5 43 4.02906e-05
101 43 0.00114688
101.5 43 -0.000679584
102 43 -0.000232985
102.5 43 0.00403943
103 43 0.000750956
103.5 43 0.000851272
104 43 -7.0061e-05
104.5 43 -0.000897897
105 43 -0.000938802
105.5 43 -0.000312468
106 43 0.000220781
106.5 43 0.000369009
107 43 0.000456313
107.5 43 0.000183296
108 43 0.000259552
108.5 43 -8.84806e-05
109 43 0.000157715
109.5 43 0.000232818
110 43 -4.33738e-06
110.5 43 5.9125e-05
111 43 -6.57276e-05
111.5 43 0.000410282
112 43 -0.000155429
112.5 43 4.98344e-05
113 43 0.000368648
113.5 43 -0.000248033
114 43 0.000161909
114.5 43 -0.00086559
115 43 0.000831931
115.5 43 0.000319853
116 43 0.000200364
116.5 43 0.000204175
117 43 0.000477852
117.5 43 0.00169508
118 43 -0.00219929
118.5 43 0.00123574
119 43 0.000122215
119.5 43 0.00170374
120 43 -0.00198216
120.5 43 0.00173634
121 43 -0.0011958
121.5 43 0.00150537
122 43 0.00294819
122.5 43 -0.00185622
87 43.5 9.8451e-05
87.5 43.5 0.000196333
88 43.5 -0.000213224
88.5 43.5 -5.83473e-05
89 43.5 -0.000383002
89.5 43.5 -0.000248276
90 43.5 3.89129e-05
90.5 43.5 -0.000122673
91 43.5 -0.000232246
91.5 43.5 0.000104101
92 43.5 4.5622e-05
92.5 43.5 0.00026828
93 43.5 0.000571276
93.5 43.5 0.000286908
94 43.5 0.000220024
94.5 43.5 0.000254389
95 43.5 5.01515e-06
95.5 43.5 -0.000283556
96 43.5 0.000221249
96.5 43.5 -4.22272e-06
97 43.5 -4.58209e-05
97.5 43.5 -2.80144e-05
98 43.5 -0.000107694
98.5 43.5 4.72339e-05
99 43.5 4.53637e-05
99.5 43.5 0.000177031
100 43.5 0.00055112
100.5 43.5 0.000137696
101 43.5 0.000108152
101.5 43.5 0.00025389
102 43.5 0.000213942
102.5 43.5 -0.000365531
103 43.5 0.00102515
103.5 43.5 -0.000798748
104 43.5 0.000445623
104.5 43.5 0.000139687
105 43.5 0.000102644
105.5 43.5 -1.29341e-05
106 43.5 0.000178473
106.5 43.5 0.000221223
107 43.5 -3.66079e-05
107.5 43.5 0.000247627
108 43.5 0.00013897
108.5 43.5 0.000347516
109 43.5 0.000280225
109.5 43.5 0.000158644
110 43.5 0.000157827
110.5 43.5 0.000351172
111 43.5 -0.000152931
111.5 43.5 -0.000303241
112 43.5 0.000194011
112.5 43.5 -1.39235e-05
113 43.5 0.000431135
113.5 43.5 0.00028395
114 43.5 0.000583282
114.5 43.5 -0.000450038
115 43.5 0.000662448
115.5 43.5 -0.000149723
116 43.5 0.000258166
116.5 43.5 -0.000427222
117 43.5 0.000101839
117.5 43.5 0.000556521
118 43.5 -0.000250296
118.5 43.5 0.000654365
119 43.5 0.00028473
119.5 43.5 0.0008238
120 43.5 -0.0018859
120.5 43.5 0.000967144
121 43.5 -0.000632936
121.5 43.5 0.00193368
122 43.5 0.00246424
122.5 43.5 -0.00119183
123 43.5 0.00071277
87 44 0.000218426
87.5 44 0.000952387
88 44 0.000225394
88.5 44 0.000777899
89 44 0.000643726
89.5 44 -6.96347e-05
90 44 -7.45868e-05
90.5 44 -0.000247116
91 44 0.000464286
91.5 44 -0.000510936
92 44 -0.000259797
92.5 44 -8.16547e-05
93 44 0.000444157
93.5 44 2.61131e-05
94 44 0.000112481
94.5 44 0.000199746
95 44 0.000773489
95.5 44 0.000590493
96 44 -0.00013511
96.5 44 0.000923995
97 44 0.000246234
97.5 44 0.000177697
98 44 0.000156412
98.5 44 0.000114417
99 44 9.6108e-05
99.5 44 0.000331438
100 44 -3.63185e-05
100.5 44 0.000121933
101 44 3.9947e-05
101.5 44 0.000277498
102 44 -2.39232e-05
102.5 44 0.000215907
103 44 -9.61696e-05
103.5 44 0.000109703
104 44 -0.000103236
104.5 44 5.9742e-05
105 44 -9.3157e-05
105.5 44 0.000221806
106 44 8.96568e-05
106.5 44 0.000169979
107 44 0.000138438
107.5 44 0.000245262
108 44 0.000174752
108.5 44 9.11396e-06
109 44 -0.000147615
109.5 44 0.000284887
110 44 0.000194294
110.5 44 -0.000111702
111 44 0.000551649
111.5 44 0.0002215
112 44 0.000376669
112.5 44 0.000220589
113 44 0.000104661
113.5 44 0.00027659
114 44 0.000728092
114.5 44 -0.000618773
115 44 0.000829405
115.5 44 0.000188024
116 44 0.000930668
116.5 44 0.000242239
117 44 0.000679117
117.5 44 0.000338429
118 44 0.0013555
118.5 44 -0.000959102
119 44 0.000827387
119.5 44 0.000542381
120 44 -7.25892e-05
120.5 44 0.00028329
121 44 0.00159654
121.5 44 -0.00141092
122 44 0.00327706
122.5 44 0.000916362
123 44 -0.00271831
123.5 44 0.00363059
87 44.5 0.000117597
87.5 44.5 0.000268271
88 44.5 0.000256103
88.5 44.5 0.000797697
89 44.5 0.000269426
89.5 44.5 0.000382082
90 44.5 0.000833921
90.5 44.5 -0.000800663
91 44.5 0.000302111
91.5 44.5 5.96892e-05
92 44.5 3.41388e-05
92.5 44.5 -0.000247064
93 44.5 0.000336254
93.5 44.5 -0.000419129
94 44.5 1.32271e-05
94.5 44.5 -7.59664e-06
95 44.5 -0.000191119
95.5 44.5 0.000363768
96 44.5 -0.000204601
96.5 44.5 -3.13387e-05
97 44.5 0.000306532
97.5 44.5 0.000296853
98 44.5 0.000126803
98.5 44.5 -0.000109272
99 44.5 2.20341e-05
99.5 44.5 -0.000155397
100 44.5 -0.000105321
100.5 44.5 2.28719e-05
101 44.5 -8.01088e-05
101.5 44.5 -0.000110588
102 44.5 0.000301849
102.5 44.5 -9.77706e-06
103 44.5 0.000338442
103.5 44.5 0.000298825
104 44.5 -5.37476e-05
104.5 44.5 0.000132221
105 44.5 -3.06079e-05
105.5 44.5 -2.45231e-06
106 44.5 -0.000222033
106.5 44.5 0.000155617
107 44.5 0.000190906
107.5 44.5 0.000156542
108 44.5 0.000193286
108.5 44.5 4.29023e-05
109 44.5 0.00026495
109.5 44.5 -0.000286466
110 44.5 6.77813e-05
110.5 44.5 0.000199233
111 44.5 0.000112297
111.5 44.5 0.000223122
112 44.5 9.22892e-07
112.5 44.5 0.000285912
113 44.5 -0.00012319
113.5 44.5 0.00043762
114 44.5 7.67425e-05
114.5 44.5 -0.000362816
115 44.5 -0.000415096
115.5 44.5 0.000337623
116 44.5 0.000273746
116.5 44.5 -8.07243e-05
117 44.5 0.000717661
117.5 44.5 0.000160727
118 44.5 0.000289922
118.5 44.5 0.00135533
119 44.5 -0.000416346
119.5 44.5 0.000355738
120 44.5 0.000762068
120.5 44.5 -0.000303253
121 44.5 0.000104557
121.5 44.5 0.000899475
122 44.5 -0.000704868
122.5 44.5 0.00225717
123 44.5 0.0053788
123.5 44.5 -0.00357717
124 44.5 0.00342215
87 45 -8.16794e-06
87.5 45 -0.000235316
88 45 -0.000333883
88.5 45 0.000627208
89 45 0.000113096
89.5 45 0.000468108
90 45 0.000396018
90.5 45 0.000780097
91 45 0.000350603
91.5 45 0.000487551
92 45 0.000611121
92.5 45 -0.000184959
93 45 4.76966e-05
93.5 45 0.000125098
94 45 -0.000725053
94.5 45 -0.000400717
95 45 -0.00010674
95.5 45 -0.000114224
96 45 -0.000198551
96.5 45 0.000406279
97 45 -0.000162719
97.5 45 0.000121711
98 45 0.000274802
98.5 45 0.000353434
99 45 0.00022015
99.5 45 0.000195009
100 45 0.000275141
100.5 45 0.000143982
101 45 5.9805e-05
101.5 45 -0.000252578
102 45 4.73432e-05
102.5 45 0.000158208
103 45 9.42819e-05
103.5 45 0.000127946
104 45 0.000511109
104.5 45 0.000248524
105 45 0.0003994
105.5 45 0.000123906
106 45 0.000194317
106.5 45 0.000301726
107 45 0.000185952
107.5 45 0.000269023
108 45 0.000201702
108.5 45 9.6183e-05
109 45 0.000130188
109.5 45 0.000198452
110 45 0.000451541
110.5 45 0.000362756
111 45 6.18278e-05
111.5 45 0.000410504
112 45 0.000103792
112.5 45 0.000161139
113 45 0.00033458
113.5 45 -0.0002737
114 45 -1.22747e-05
114.5 45 0.000907958
115 45 -0.000293294
115.5 45 0.000421051
116 45 8.47649e-05
116.5 45 0.000395811
117 45 -0.000456776
117.5 45 0.000793628
118 45 0.000122413
118.5 45 0.000618731
119 45 0.000192686
119.5 45 0.000642401
120 45 7.71607e-05
120.5 45 0.000348771
121 45 -0.00181793
121.5 45 0.00139425
122 45 0.000111627
122.5 45 -0.00255626
123 45 0.0025993
123.5 45 0.00248205
124 45 -0.00331056
124.5 45 -0.000667377
87 45.5 -5.64606e-05
87.5 45.5 -0.00092528
88 45.5 -0.000638673
88.5 45.5 -0.000388219
89 45.5 -0.000446976
89.5 45.5 -6.10875e-05
90 45.5 -3.70399e-05
90.5 45.5 -3.05347e-05
91 45.5 0.00041722
91.5 45.5 0.000272294
92 45.5 0.000622762
92.5 45.5 0.000470808
93 45.5 0.000518177
93.5 45.5 0.000424388
94 45.5 0.000509891
94.5 45.5 7.29519e-05
95 45.5 2.91532e-05
95.5 45.5 -0.00017284
96 45.5 -0.000606522
96.5 45.5 -5.33517e-05
97 45.5 -0.000168684
97.5 45.5 -0.000528957
98 45.5 0.000553598
98.5 45.5 0.00151581
99 45.5 -0.000953262
99.5 45.5 -0.000189576
100 45.5 2.91682e-05
100.5 45.5 0.00021925
101 45.5 0.000412329
101.5 45.5 5.67788e-05
102 45.5 -0.000121286
102.5 45.5 -0.000120195
103 45.5 -0.000156772
103.5 45.5 -0.000293102
104 45.5 -0.000249409
104.5 45.5 -1.02177e-05
105 45.5 6.7807e-06
105.5 45.5 0.000113877
106 45.5 0.000145863
106.5 45.5 0.000148929
107 45.5 0.000265453
107.5 45.5 -9.31784e-06
108 45.5 -0.000135514
108.5 45.5 0.000158343
109 45.5 -9.86294e-05
109.5 45.5 -0.000153889
110 45.5 7.91037e-05
110.5 45.5 -0.000103426
111 45.5 -3.29953e-05
111.5 45.5 0.000332071
112 45.5 0.000511751
112.5 45.5 0.000115695
113 45.5 0.000328687
113.5 45.5 0.000228259
114 45.5 0.000562176
114.5 45.5 0.000247547
115 45.5 0.000400129
115.5 45.5 -0.000253087
116 45.5 0.000538483
116.5 45.5 -6.67813e-05
117 45.5 0.00056834
117.5 45.5 0.00101481
118 45.5 0.000156006
118.5 45.5 0.00052921
119 45.5 -3.4038e-06
119.5 45.5 0.000588239
120 45.5 -3.35924e-05
120.5 45.5 0.000881544
121 45.5 0.000278734
121.5 45.5 -0.000188097
122 45.5 0.00130851
122.5 45.5 0.00127951
123 45.5 -0.00213093
123.5 45.5 0.00546109
124 45.5 0.00524216
124.5 45.5 0.00209704
125 45.5 -0.00443557
125.5 45.5 0.00021977
87 46 0.000149732
87.5 46 0.000556802
88 46 -0.000717523
88.5 46 -4.28636e-05
89 46 -0.000235516
89.5 46 -0.000735175
90 46 -0.000579582
90.5 46 -0.00032321
91 46 -0.000271849
91.5 46 -0.000317806
92 46 -5.09762e-05
92.5 46 0.000146338
93 46 0.000560922
93.5 46 0.000200861
94 46 0.000381397
94.5 46 0.000428465
95 46 0.00106542
95.5 46 0.000252656
96 46 0.000151767
96.5 46 0.000524047
97 46 0.00034853
97.5 46 0.000465042
98.5 46 0.000478173
99 46 0.0183075
99.5 46 0.00620374
100 46 -0.00170981
100.5 46 -0.000466871
101 46 0.000309038
101.5 46 0.00064426
102 46 0.00070382
102.5 46 0.000446786
103 46 0.000406575
103.5 46 0.000457726
104 46 0.000411288
104.5 46 2.58654e-05
105 46 -2.20928e-05
105.5 46 -0.000144927
106 46 -0.000342514
106.5 46 5.55821e-05
107 46 0.00044848
107.5 46 0.000488496
108 46 0.000235538
108.5 46 0.000641162
109 46 0.000586972
109.5 46 0.000518998
110 46 0.000387902
110.5 46 0.000343565
111 46 0.00026978
111.5 46 0.000180972
112 46 -0.00056521
112.5 46 0.000336733
113 46 0.000168417
113.5 46 -0.000255365
114 46 0.000619349
114.5 46 3.55053e-05
115 46 0.000730712
115.5 46 0.000106999
116 46 -0.000381746
116.5 46 0.000816081
117 46 0.000522261
117.5 46 -2.93048e-05
118 46 0.000367931
118.5 46 -0.000365244
119 46 0.000415796
119.5 46 0.000397254
120 46 0.000356685
120.5 46 0.000382837
121 46 0.000824082
121.5 46 -0.00102807
122 46 -0.00138742
122.5 46 0.000853038
123 46 -0.000133258
123.5 46 -0.00393171
124 46 -0.000983915
124.5 46 0.00351475
125 46 0.00635145
125.5 46 0.000376479
126 46 -0.00270623
126.5 46 0.000638175
127 46 0.00177688
127.5 46 -0.00105854
130.5 46 -0.00169112
131 46 0.00598824
87 46.5 0.000160675
87.5 46.5 0.00142051
88 46.5 -0.00071354
88.5 46.5 0.00060393
89 46.5 -0.000415648
89.5 46.5 -0.000302542
90 46.5 -0.00018477
90.5 46.5 -0.000527109
91 46.5 -0.000588442
91.5 46.5 -0.000718374
92 46.5 -0.000674551
92.5 46.5 -0.000641443
93 46.5 -0.0005926
93.5 46.5 -0.000284797
94 46.5 -6.77149e-05
94.5 46.5 0.000106022
95 46.5 -0.00012235
95.5 46.5 0.00032909
96 46.5 0.000378073
96.5 46.5 0.000381812
97 46.5 -0.000348953
97.5 46.5 0.0009614
98 46.5 0.0212924
98.5 46.5 -0.0332297
99 46.5 -0.0450514
99.5 46.5 -0.00657645
100 46.5 0.0394104
100.5 46.5 0.00748178
101 46.5 -0.000909999
101.5 46.5 -0.000317158
102 46.5 -0.000641228
102.5 46.5 0.000261114
103 46.5 0.000268652
103.5 46.5 0.000329001
104 46.5 0.000367941
104.5 46.5 0.000469503
105 46.5 0.000459452
105.5 46.5 0.00024225
106 46.5 0.000451052
106.5 46.5 0.000233502
107 46.5 -0.000280092
107.5 46.5 -0.000472775
108 46.5 0.000285221
108.5 46.5 0.000358807
109 46.5 -0.000137175
109.5 46.5 0.000319994
110 46.5 0.000501625
110.5 46.5 0.0005284
111 46.5 0.000258552
111.5 46.5 0.000100624
112 46.5 0.000610568
112.5 46.5 0.000453298
113 46.5 0.000423532
113.5 46.5 0.000811762
114 46.5 -0.000745565
114.5 46.5 0.00119006
115 46.5 -0.000429022
115.5 46.5 0.00109429
116 46.5 -0.000207471
116.5 46.5 -6.25314e-05
117 46.5 -3.62856e-07
117.5 46.5 0.00106834
118 46.5 0.000213355
118.5 46.5 0.000830819
119 46.5 -6.36407e-05
119.5 46.5 0.000807035
120 46.5 0.0004073
120.5 46.5 0.000504724
121 46.5 0.000138547
121.5 46.5 0.0010743
122 46.5 0.000475309
122.5 46.5 -0.00027247
123 46.5 0.000150844
123.5 46.5 0.0014312
124 46.5 -0.000178201
124.5 46.5 -0.00011904
125 46.5 -0.00430073
125.5 46.5 0.00620488
126 46.5 0.00785905
126.5 46.5 0.000717279
127 46.5 -0.00119894
127.5 46.5 0.00634541
128 46.5 -3.57389e-05
128.5 46.5 -0.000680921
129 46.5 0.000837386
129.5 46.5 0.000494181
130 46.5 -0.00189203
130.5 46.5 0.00170512
131 46.5 0.00504
87 47 0.000362227
87.5 47 0.00178693
88 47 -0.000313034
88.5 47 0.000860343
89 47 0.000145137
89.5 47 0.000322874
90 47 -2.53512e-05
90.5 47 -0.000266068
91 47 -0.00030747
91.5 47 -0.000341691
92 47 -0.000369945
92.5 47 -0.000677509
93 47 -0.000518633
93.5 47 -0.00069682
94 47 -0.000692392
94.5 47 -0.000816619
95 47 -0.000770752
95.5 47 -0.000191413
96 47 -0.000103354
96.5 47 0.000103059
97 47 0.000351418
97.5 47 -0.000848809
98 47 0.00388081
98.5 47 0.0102338
99 47 0.0222416
99.5 47 0.0343461
100 47 -0.122801
100.5 47 0.00532845
101 47 0.0258805
101.5 47 0.00542224
102 47 0.00610876
102.5 47 -0.00142458
103 47 -0.000803487
103.5 47 -0.000384897
104 47 -0.000212941
104.5 47 -0.000214307
105 47 0.000168198
105.5 47 -0.000115922
106 47 0.00035035
106.5 47 0.000644646
107 47 0.000364546
107.5 47 0.000981601
108 47 0.000455878
108.5 47 -0.000175159
109 47 0.000529099
109.5 47 0.000268564
110 47 -7.39625e-05
110.5 47 -5.25898e-05
111 47 0.000749993
111.5 47 0.000389982
112 47 0.000686646
112.5 47 -0.000290424
113 47 0.000242763
113.5 47 -8.29108e-05
114 47 0.00102328
114.5 47 -0.000360502
115 47 0.000927601
115.5 47 -0.000918089
116 47 0.00140887
116.5 47 3.29588e-05
117 47 0.00048059
117.5 47 -4.72173e-05
118 47 0.000381395
118.5 47 0.000362596
119 47 0.000436484
119.5 47 -4.08704e-06
120 47 0.000352325
120.5 47 0.000310535
121 47 0.000543431
121.5 47 -0.000194991
122 47 0.00065008
122.5 47 0.00163957
123 47 -0.00239238
123.5 47 0.00093645
124 47 -0.0018086
124.5 47 0.00178966
125 47 -0.000910075
125.5 47 0.00148435
126 47 -0.00467219
126.5 47 -0.00130955
127 47 0.00497164
127.5 47 -0.00580688
128 47 0.00145939
128.5 47 0.00131416
129 47 0.00213849
129.5 47 -0.00234661
130 47 0.00130125
130.5 47 0.000643474
131 47 0.000232495
87 47.5 0.000240327
87.5 47.5 0.0010603
88 47.5 -0.00028901
88.5 47.5 0.00110033
89 47.5 0.000426986
89.5 47.5 0.000796065
90 47.5 0.000682211
90.5 47.5 0.000658509
91 47.5 0.000543142
91.5 47.5 0.000478866
92 47.5 0.000299391
92.5 47.5 0.000280692
93 47.5 0.000204567
93.5 47.5 0.00014773
94 47.5 0.000112384
94.5 47.5 -9.59829e-05
95 47.5 -0.000350726
95.5 47.5 -0.000272625
96 47.5 -0.000914046
96.5 47.5 -0.000531122
97 47.5 -0.000733001
97.5 47.5 -0.000486828
98 47.5 -0.000775376
98.5 47.5 -0.00117631
99 47.5 -0.000684846
99.5 47.5 0.0212433
100 47.5 -0.0183198
100.5 47.5 0.0417127
102 47.5 -0.00208737
102.5 47.5 0.0285625
103 47.5 0.00761997
103.5 47.5 0.00316842
104 47.5 0.00287408
104.5 47.5 0.000311852
105 47.5 -0.000714089
105.5 47.5 0.00015436
106 47.5 -0.00102388
106.5 47.5 0.000386654
107 47.5 0.000172932
107.5 47.5 0.000386014
108 47.5 0.000345418
108.5 47.5 0.00088529
109 47.5 5.19859e-05
109.5 47.5 0.000792368
110 47.5 0.000661815
110.5 47.5 -4.16591e-05
111 47.5 -0.000576395
111.5 47.5 0.000326546
112 47.5 -0.000699773
112.5 47.5 -0.000171926
113 47.5 0.000345468
113.5 47.5 0.000520281
114 47.5 -0.000351432
114.5 47.5 0.000367105
115 47.5 0.000150904
115.5 47.5 0.000265814
116 47.5 0.000578769
116.5 47.5 -9.80733e-05
117 47.5 0.000555997
117.5 47.5 0.000263417
118 47.5 0.000144274
118.5 47.5 -0.000291843
119 47.5 0.000185278
119.5 47.5 0.00057847
120 47.5 0.000595974
120.5 47.5 0.000231606
121 47.5 0.000845092
121.5 47.5 -7.28048e-05
122 47.5 0.000157212
122.5 47.5 0.000262612
123 47.5 0.000192251
123.5 47.5 0.00111843
124 47.5 -0.00151183
124.5 47.5 -0.00249877
125 47.5 -0.000100391
125.5 47.5 0.000185646
126 47.5 0.000573398
126.5 47.5 0.00352598
127 47.5 -0.00324277
127.5 47.5 0.00124977
128 47.5 0.00141115
128.5 47.5 0.000288353
129 47.5 -0.00328387
129.5 47.5 0.00183957
130 47.5 -0.00101585
130.5 47.5 0.000505412
131 47.5 0.0071662
87 48 -0.00260661
87.5 48 0.00119347
88 48 -0.00202316
88.5 48 6.23736e-05
89 48 -0.000450257
89.5 48 0.000367443
90 48 0.000408021
90.5 48 0.000803923
91 48 0.000767283
91.5 48 0.00105977
92 48 0.000788118
92.5 48 0.000782254
93 48 0.000689903
93.5 48 0.000811796
94 48 0.000418896
94.5 48 0.000383878
95 48 0.000432644
95.5 48 -0.000209506
96 48 0.000330476
96.5 48 -0.000107733
97 48 -0.000282814
97.5 48 -0.000487439
98 48 -0.000611526
98.5 48 -0.000642789
99 48 -0.000756691
99.5 48 -0.00115436
100 48 0.00496571
100.5 48 -0.00112414
103 48 -0.0027902
103.5 48 0.00588318
104 48 -0.00207231
104.5 48 0.0159859
105 48 0.0127037
105.5 48 0.00197095
106 48 4.9734e-05
106.5 48 -0.00130639
107 48 -0.000256442
107.5 48 -0.000171164
108 48 -0.000955498
108.5 48 -0.000554663
109 48 0.000113098
109.5 48 -0.000266336
110 48 -0.000404953
110.5 48 0.000397725
111 48 0.00133974
111.5 48 -0.000545273
112 48 0.00118907
112.5 48 -0.000297913
113 48 0.000245987
113.5 48 0.000349426
114 48 -0.0002913
114.5 48 0.00042556
115 48 -0.000381891
115.5 48 -4.68001e-05
116 48 -2.5113e-05
116.5 48 -0.000200281
117 48 0.000486952
117.5 48 0.000434848
118 48 -0.000249978
118.5 48 0.000818729
119 48 0.000522704
119.5 48 8.15074e-05
120 48 -0.000603778
120.5 48 0.000497468
121 48 8.78738e-05
121.5 48 0.000312683
122 48 0.000659774
122.5 48 -5.19562e-05
123 48 0.00125946
123.5 48 -0.00161589
124 48 0.00109884
124.5 48 0.00197721
125 48 0.00180428
125.5 48 -0.000896547
126 48 -0.00208256
126.5 48 -0.000927332
127 48 -0.000898382
127.5 48 0.00400668
128 48 -0.00151923
128.5 48 -0.000187197
129 48 -0.00128494
129.5 48 -0.00262665
130 48 0.000862623
130.5 48 0.00099913
131 48 0.0245758
87 48.5 -0.000543355
87.5 48.5 0.0011511
88 48.5 -0.00152709
88.5 48.5 -0.000229876
89 48.5 -0.000998421
89.5 48.5 -0.000834465
90 48.5 -0.000677699
90.5 48.5 -0.00063591
91 48.5 -0.000388525
91.5 48.5 -0.000111841
92 48.5 0.000245298
92.5 48.5 0.000570676
93 48.5 0.000814652
93.5 48.5 0.000998094
94 48.5 0.00106037
94.5 48.5 0.00102306
95 48.5 0.000923951
95.5 48.5 0.00101747
96 48.5 0.000248233
96.5 48.5 0.00149453
97 48.5 8.99722e-07
97.5 48.5 0.000733048
98 48.5 0.000285841
98.5 48.5 0.000385995
99 48.5 -0.000229732
99.5 48.5 -0.000120616
100 48.5 -0.000737019
100.5 48.5 -0.000833175
101 48.5 -0.00155919
101.5 48.5 0.00128277
103 48.5 0.00749435
103.5 48.5 0.0153378
104 48.5 0.0272233
104.5 48.5 -0.0957813
105 48.5 0.0181644
105.5 48.5 -0.00214714
106 48.5 0.0204151
106.5 48.5 0.00908021
107 48.5 0.00177419
107.5 48.5 0.000701199
108 48.5 0.000603971
108.5 48.5 -3.36231e-05
109 48.5 -0.000456954
109.5 48.5 -0.000131611
110 48.5 5.45576e-06
110.5 48.5 -0.000591441
111 48.5 -0.000702381
111.5 48.5 -0.000869324
112 48.5 -0.000456471
112.5 48.5 -5.00257e-05
113 48.5 0.000676478
113.5 48.5 0.000458199
114 48.5 0.000169225
114.5 48.5 0.00101794
115 48.5 0.00064057
115.5 48.5 -0.000318281
116 48.5 0.000426032
116.5 48.5 0.000149695
117 48.5 -0.000212688
117.5 48.5 0.000444558
118 48.5 8.80868e-05
118.5 48.5 -4.18044e-05
119 48.5 -0.000397992
119.5 48.5 0.00125102
120 48.5 4.56347e-06
120.5 48.5 0.00132318
121 48.5 0.000318954
121.5 48.5 0.000263735
122 48.5 0.000258791
122.5 48.5 -4.36816e-05
123 48.5 0.00214487
123.5 48.5 0.00270757
124 48.5 0.000847277
124.5 48.5 -0.00188311
125 48.5 0.00130829
125.5 48.5 -7.25335e-05
126 48.5 0.00081188
126.5 48.5 0.00188049
127 48.5 0.00393532
127.5 48.5 -0.00416291
128 48.5 0.00245869
128.5 48.5 -5.49719e-07
129 48.5 0.000348483
129.5 48.5 0.0172927
130 48.5 0.0134348
130.5 48.5 -0.00517816
131 48.5 -0.0313394
87 49 0.000488795
87.5 49 0.000292581
88 49 -0.000826239
88.5 49 -0.000198949
89 49 2.04814e-05
89.5 49 -3.44837e-05
90 49 -0.000221611
90.5 49 -0.000311866
91 49 -0.000498231
91.5 49 -0.000894813
92 49 -0.0010091
92.5 49 -0.000912716
93 49 -0.000942215
93.5 49 -0.000530478
94 49 -0.000230274
94.5 49 -0.000183798
95 49 0.000165391
95.5 49 0.000388388
96 49 0.000946528
96.5 49 0.0010671
97 49 0.000761981
97.5 49 0.00139565
98 49 0.00110893
98.5 49 0.00114041
99 49 0.00084326
99.5 49 0.00139964
100 49 0.00124354
100.5 49 0.000287259
101 49 0.00112668
101.5 49 -3.04226e-06
102 49 -3.43141e-05
102.5 49 -0.00164479
103 49 -0.00323182
103.5 49 0.034482
104 49 -0.0552292
104.5 49 -0.0462155
105 49 0.04405
105.5 49 0.0204919
106 49 -0.0504615
106.5 49 -0.0490043
107 49 0.0280922
107.5 49 -0.00252702
108 49 -3.96258e-05
108.5 49 0.00863169
109 49 0.00371309
109.5 49 0.000733348
110 49 0.00045519
110.5 49 0.000658128
111 49 0.000440813
111.5 49 0.000328484
112 49 -0.000508789
112.5 49 -0.000421357
113 49 -2.95937e-05
113.5 49 -0.000331884
114 49 -0.000660142
114.5 49 -0.000271859
115 49 -0.000300118
115.5 49 2.07797e-05
116 49 -5.13894e-05
116.5 49 0.000398457
117 49 0.000629187
117.5 49 0.000117519
118 49 0.000443342
118.5 49 0.000781376
119 49 0.000388165
119.5 49 7.58301e-06
120 49 3.24013e-05
120.5 49 -0.000537708
121 49 0.000712535
121.5 49 0.00079435
122 49 0.000983645
122.5 49 0.000685237
123 49 0.000265883
123.5 49 -0.000765968
124 49 -0.00171906
124.5 49 0.00241953
125 49 -0.00185697
125.5 49 0.00112694
126 49 0.00229589
126.5 49 0.000198606
127 49 -0.000459259
127.5 49 0.000575819
128 49 -0.00105098
128.5 49 -0.00312484
129 49 0.0251874
129.5 49 -0.0507887
130 49 0.0114002
130.5 49 -0.041684
131 49 0.0241031
87 49.5 0.000263104
87.5 49.5 0.000711866
88 49.5 -0.000632531
88.5 49.5 9.51176e-05
89 49.5 -6.69275e-07
89.5 49.5 -0.00029454
90 49.5 -5.152e-05
90.5 49.5 -0.00021053
91 49.5 -1.48378e-05
91.5 49.5 0.00013526
92 49.5 0.000136567
92.5 49.5 5.54414e-05
93 49.5 -0.00035553
93.5 49.5 -0.000300206
94 49.5 -0.000447849
94.5 49.5 -0.00124992
95 49.5 -0.000842328
95.5 49.5 -0.00120316
96 49.5 -0.00131339
96.5 49.5 -0.000922463
97 49.5 -0.000898907
97.5 49.5 -0.00102205
98 49.5 0.00010843
98.5 49.5 0.000223799
99 49.5 0.000809192
99.5 49.5 0.000138089
100 49.5 0.000661912
100.5 49.5 0.000855376
101 49.5 0.000739934
101.5 49.5 0.000804977
102 49.5 0.00211858
102.5 49.5 0.00085868
103 49.5 0.00171346
103.5 49.5 0.00145438
104 49.5 0.0172748
104.5 49.5 0.0162514
105 49.5 0.000596513
105.5 49.5 0.00174295
106 49.5 0.0117779
106.5 49.5 0.0155849
107 49.5 -0.0015917
107.5 49.5 -0.00230385
108 49.5 0.0195014
109 49.5 0.00152316
109.5 49.5 0.00599029
110 49.5 -0.00169414
110.5 49.5 -0.000832681
111 49.5 0.00182552
111.5 49.5 0.010652
112 49.5 0.013418
112.5 49.5 0.00652403
113 49.5 0.001178
113.5 49.5 0.00123696
114 49.5 0.000855452
114.5 49.5 0.000720993
115 49.5 -0.0005356
115.5 49.5 -0.000243309
116 49.5 0.000595908
116.5 49.5 0.000162747
117 49.5 -0.000564131
117.5 49.5 0.000728852
118 49.5 -0.00011695
118.5 49.5 4.48226e-05
119 49.5 -0.0010358
119.5 49.5 0.000188801
120 49.5 0.000956652
120.5 49.5 -0.000415394
121 49.5 5.99646e-05
121.5 49.5 -0.000634164
122 49.5 -0.000391582
122.5 49.5 0.000148728
123 49.5 -0.0010726
123.5 49.5 0.000422422
124 49.5 0.000526554
124.5 49.5 0.000596842
125 49.5 0.00157828
125.5 49.5 0.000441759
126 49.5 0.000159123
126.5 49.5 0.00150978
127 49.5 -0.00221395
127.5 49.5 -0.00105751
128 49.5 -0.00128128
128.5 49.5 0.00485925
129 49.5 0.0236136
129.5 49.5 -0.0316023
130 49.5 0.055148
130.5 49.5 -0.0353171
131 49.5 0.0184857
87 50 7.96275e-05
87.5 50 -0.000213866
88 50 0.000307122
88.5 50 0.0001021
89 50 -0.000227032
89.5 50 0.000237105
90 50 5.86279e-05
90.5 50 -0.000212335
91 50 -0.000334269
91.5 50 -7.72734e-05
92 50 -0.000513322
92.5 50 -0.000922748
93 50 0.00180806
93.5 50 -0.00110348
94 50 -0.00133654
94.5 50 0.00228839
95 50 -0.00213489
95.5 50 0.000982267
96 50 -0.000281877
96.5 50 0.000137165
97 50 -0.00033815
97.5 50 -0.000157229
98 50 -0.000779394
98.5 50 -0.000554234
99 50 -0.00148437
99.5 50 -0.000946819
100 50 -0.00115937
100.5 50 -0.000940983
101 50 -0.00048579
101.5 50 -0.00121359
102 50 -0.000558289
102.5 50 -0.000485782
103 50 -1.1313e-05
103.5 50 0.000269166
104 50 -0.00121006
104.5 50 0.00018815
105 50 0.000587548
105.5 50 0.000716235
106 50 0.00106286
106.5 50 0.000822339
107 50 0.00120434
107.5 50 0.00166888
108 50 0.00152519
108.5 50 0.00945664
109 50 0.0038501
109.5 50 -0.000142096
110 50 6.55944e-06
110.5 50 0.00187893
111 50 0.0135542
111.5 50 -0.0334915
112 50 -0.0441775
112.5 50 -0.00562697
113 50 0.00989799
113.5 50 -0.00179307
114 50 0.00390566
117 50 -0.000139501
117.5 50 0.000530269
118 50 0.000657678
118.5 50 0.000297552
119 50 0.00080595
119.5 50 0.000174435
120 50 -0.000183833
120.5 50 0.000536101
121 50 0.000489296
121.5 50 0.000496448
122 50 0.000562528
122.5 50 -0.000411297
123 50 0.00088162
123.5 50 -0.000976107
124 50 0.000756269
124.5 50 0.000178634
125 50 0.00137452
125.5 50 -0.000182823
126 50 0.00175394
126.5 50 -0.00163608
127 50 -0.000113899
130 50 -0.0211455
130.5 50 0.0118528
131 50 -0.00266566
