87 24 4.54241
87.5 24 -8.19971
88 24 -0.834282
88.5 24 0.289135
89 24 0.228885
89.5 24 0.253029
90 24 0.00774103
90.5 24 0.0676049
91 24 0.107762
91.5 24 -0.682272
92 24 1.3918
92.5 24 3.35684
93 24 -4.04421
93.5 24 -1.0193
94 24 1.48295
94.5 24 -2.36619
95 24 -9.53645
95.5 24 8.3032
96 24 -0.403532
96.5 24 2.23042
97 24 -0.129215
97.5 24 -8.69658
98 24 8.85477
98.5 24 -7.71523
99 24 1.49995
99.5 24 0.529895
100 24 0.356579
100.5 24 0.193603
101 24 0.234371
101.5 24 0.295211
102 24 -0.423297
102.5 24 -0.612138
103 24 -0.358176
103.5 24 -0.0793028
104 24 0.546683
104.5 24 0.407348
105 24 0.405055
105.5 24 0.2556
106 24 0.267671
106.5 24 0.247232
107 24 0.0435984
107.5 24 0.168139
108 24 0.0416366
108.5 24 -0.0120072
109 24 0.0956934
109.5 24 0.00855609
110 24 1.79858
110.5 24 1.79139
111 24 -3.18039
111.5 24 7.83377
112 24 -3.49628
112.5 24 0.706191
113 24 0.53181
113.5 24 0.394464
114 24 0.307566
114.5 24 1.03294
115 24 -7.86503
115.5 24 7.72067
116 24 -0.87338
116.5 24 -0.0623116
117 24 0.596893
117.5 24 0.551135
118 24 0.596829
118.5 24 0.5326
119 24 0.573799
119.5 24 0.499171
120 24 -0.166838
120.5 24 -0.457735
121 24 -0.314646
121.5 24 -0.203395
122 24 0.032383
122.5 24 0.626218
123 24 0.346365
123.5 24 -0.564353
124 24 -0.134645
124.5 24 0.128602
125 24 0.0512847
125.5 24 0.0231192
126 24 -0.125476
126.5 24 0.189147
127 24 0.127014
127.5 24 0.581646
128 24 0.0298866
128.5 24 -0.216062
129 24 0.10542
129.5 24 0.192307
130 24 0.35373
130.5 24 0.553909
131 24 6.29255
87 24.5 8.92406
87.5 24.5 6.91307
88 24.5 1.79344
88.5 24.5 -4.48032
89 24.5 0.449806
89.5 24.5 0.159933
90 24.5 0.250744
90.5 24.5 0.203842
91 24.5 -0.046837
91.5 24.5 0.0154692
92 24.5 0.0118651
92.5 24.5 -0.65551
93 24.5 1.23989
93.5 24.5 2.71462
94 24.5 -3.51048
94.5 24.5 1.42963
95 24.5 2.19954
95.5 24.5 -8.05462
96 24.5 7.99892
96.5 24.5 3.54765
97 24.5 2.05902
97.5 24.5 0.0695396
98 24.5 -8.5323
98.5 24.5 0.831776
99 24.5 4.71864
99.5 24.5 1.4606
100 24.5 0.286203
100.5 24.5 0.0250882
101 24.5 -0.015363
101.5 24.5 0.286738
102 24.5 0.302848
102.5 24.5 -0.062651
103 24.5 -0.539733
103.5 24.5 -0.415273
104 24.5 -0.201799
104.5 24.5 0.369438
105 24.5 0.355284
105.5 24.5 0.459396
106 24.5 0.281723
106.5 24.5 0.248719
107 24.5 0.285032
107.5 24.5 0.171325
108 24.5 -0.0204012
108.5 24.5 0.069706
109 24.5 -0.163849
109.5 24.5 0.211686
110 24.5 0.00725013
110.5 24.5 0.178637
111 24.5 1.28107
111.5 24.5 2.30523
112 24.5 -10.3202
112.5 24.5 1.84757
113 24.5 0.48743
113.5 24.5 0.490449
114 24.5 0.346926
114.5 24.5 0.349189
115 24.5 2.06714
115.5 24.5 -11.2271
116 24.5 4.48801
116.5 24.5 -1.16206
117 24.5 0.363296
117.5 24.5 0.438658
118 24.5 0.574172
118.5 24.5 0.684477
119 24.5 0.670893
119.5 24.5 0.634967
120 24.5 0.0997796
120.5 24.5 -0.147931
121 24.5 -0.244914
121.5 24.5 -0.234294
122 24.5 -0.0373835
122.5 24.5 0.497144
123 24.5 0.410274
123.5 24.5 -0.3913
124 24.5 -0.204057
124.5 24.5 0.350224
125 24.5 0.0403867
125.5 24.5 0.077083
126 24.5 -0.0901349
126.5 24.5 0.0715791
127 24.5 0.14457
127.5 24.5 0.579933
128 24.5 0.00939899
128.5 24.5 -0.218912
129 24.5 0.100887
129.5 24.5 0.230321
130 24.5 0.436005
130.5 24.5 0.574013
131 24.5 1.65806
87 25 -3.45115
87.5 25 -9.054
88 25 9.31042
88.5 25 3.5433
89 25 -5.76184
89.5 25 0.515539
90 25 0.116235
90.5 25 0.220338
91 25 0.233486
91.5 25 0.150121
92 25 -0.0585539
92.5 25 -0.0425066
93 25 -0.105553
93.5 25 -0.44003
94 25 3.55136
94.5 25 -6.29341
95 25 -0.653431
95.5 25 1.56514
96 25 -1.74384
96.5 25 -9.19426
97 25 8.13863
97.5 25 1.62712
98 25 -5.25728
98.5 25 9.36982
99 25 0.0631814
99.5 25 -6.32106
100 25 3.84612
100.5 25 0.143105
101 25 0.0689889
101.5 25 -0.0703669
102 25 0.240263
102.5 25 0.333978
103 25 0.243821
103.5 25 -0.16371
104 25 -0.417279
104.5 25 -0.301032
105 25 0.203943
105.5 25 0.269007
106 25 0.407502
106.5 25 0.316767
107 25 0.224546
107.5 25 0.285185
108 25 0.288501
108.5 25 -0.102603
109 25 0.0434766
109.5 25 -0.0613201
110 25 0.304428
110.5 25 0.122668
111 25 0.23519
111.5 25 1.03502
112 25 7.06838
112.5 25 -10.8075
113 25 2.18949
113.5 25 0.579422
114 25 0.511787
114.5 25 0.333376
115 25 0.879595
115.5 25 -2.85862
116 25 6.65233
116.5 25 -0.606308
117 25 -0.342825
117.5 25 0.42976
118 25 0.32886
118.5 25 0.656076
119 25 0.74645
119.5 25 0.724244
120 25 0.460064
120.5 25 -0.0200787
121 25 -0.13036
121.5 25 -0.268314
122 25 -0.120139
122.5 25 0.421791
123 25 0.414926
123.5 25 -0.211705
124 25 -0.075147
124.5 25 0.306236
125 25 0.133163
125.5 25 -0.0225307
126 25 -0.0988701
126.5 25 0.203589
127 25 0.0958205
127.5 25 0.572329
128 25 0.0206133
128.5 25 -0.225244
129 25 0.0542734
129.5 25 0.252145
130 25 0.48466
130.5 25 0.475387
131 25 6.90472
87 25.5 0.792431
87.5 25.5 1.32279
88 25.5 -8.79847
88.5 25.5 8.87453
89 25.5 8.52985
89.5 25.5 -6.3656
90 25.5 0.565158
90.5 25.5 0.0638748
91 25.5 0.224985
91.5 25.5 0.197239
92 25.5 0.184161
92.5 25.5 0.111579
93 25.5 0.0542097
93.5 25.5 -0.277155
94 25.5 0.0373444
94.5 25.5 2.10908
95 25.5 2.7821
95.5 25.5 -5.84714
96 25.5 -0.0394024
96.5 25.5 1.28204
97 25.5 -7.48867
97.5 25.5 8.16116
98 25.5 4.77237
98.5 25.5 -4.04091
99 25.5 -8.16155
99.5 25.5 7.45859
100 25.5 -4.20764
100.5 25.5 2.00398
101 25.5 0.396102
101.5 25.5 0.247781
102 25.5 0.00143908
102.5 25.5 0.204406
103 25.5 0.267516
103.5 25.5 0.432109
104 25.5 0.108352
104.5 25.5 -0.269731
105 25.5 -0.400533
105.5 25.5 -0.0468785
106 25.5 0.19234
106.5 25.5 0.320183
107 25.5 0.33327
107.5 25.5 0.290988
108 25.5 0.357872
108.5 25.5 0.31401
109 25.5 -0.0749534
109.5 25.5 -0.0705505
110 25.5 0.140482
110.5 25.5 0.271206
111 25.5 0.186039
111.5 25.5 0.244313
112 25.5 0.579372
112.5 25.5 7.54016
113 25.5 -11.4351
113.5 25.5 2.47376
114 25.5 0.68146
114.5 25.5 0.50134
115 25.5 0.368621
115.5 25.5 1.1379
116 25.5 -8.22235
116.5 25.5 3.58441
117 25.5 -0.946126
117.5 25.5 0.22539
118 25.5 0.271862
118.5 25.5 0.36517
119 25.5 0.732004
119.5 25.5 0.693797
120 25.5 0.658462
120.5 25.5 0.234327
121 25.5 -0.00877846
121.5 25.5 -0.416438
122 25.5 0.024696
122.5 25.5 0.223357
123 25.5 0.387591
123.5 25.5 -0.0608609
124 25.5 0.0282397
124.5 25.5 0.266223
125 25.5 0.0960242
125.5 25.5 -0.0840158
126 25.5 -0.124443
126.5 25.5 0.32646
127 25.5 0.0502151
127.5 25.5 0.571082
128 25.5 0.0779701
128.5 25.5 -0.237757
129 25.5 -0.0536574
129.5 25.5 0.372061
130 25.5 0.169733
130.5 25.5 5.86195
131 25.5 -16.0128
87 26 0.059356
87.5 26 0.147501
88 26 0.8558
88.5 26 -3.17932
89 26 -9.25655
89.5 26 14.7849
90 26 -4.19609
90.5 26 1.50763
91 26 0.0190894
91.5 26 0.270665
92 26 0.158059
92.5 26 0.134967
93 26 0.108544
93.5 26 0.25959
94 26 -0.201308
94.5 26 -0.324768
95 26 0.350298
95.5 26 1.97886
96 26 0.911698
96.5 26 -0.716098
97 26 -0.530617
97.5 26 -2.56329
98 26 -8.68473
98.5 26 9.23823
99 26 0.316272
99.5 26 -8.22276
100 26 5.6136
100.5 26 -0.0274705
101 26 0.861481
101.5 26 0.590912
102 26 0.366957
102.5 26 0.0077326
103 26 0.261018
103.5 26 0.394413
104 26 0.38225
104.5 26 0.345085
105 26 -0.0731857
105.5 26 -0.352928
106 26 -0.189181
106.5 26 0.0848258
107 26 0.225684
107.5 26 0.369858
108 26 0.371215
108.5 26 0.409474
109 26 0.183687
109.5 26 -0.00734232
110 26 -0.144309
110.5 26 0.281744
111 26 0.1912
111.5 26 0.247467
112 26 0.244506
112.5 26 0.359304
113 26 7.81526
113.5 26 -11.337
114 26 2.1882
114.5 26 0.717005
115 26 0.4489
115.5 26 0.784003
116 26 -3.00168
116.5 26 6.21586
117 26 -0.644666
117.5 26 -0.425853
118 26 0.347085
118.5 26 0.193707
119 26 0.533331
119.5 26 0.696952
120 26 0.621386
120.5 26 0.520329
121 26 -0.0103581
121.5 26 -0.340853
122 26 0.0474952
122.5 26 0.172558
123 26 0.299269
123.5 26 0.0181259
124 26 0.106382
124.5 26 0.185346
125 26 0.0687038
125.5 26 -0.0850186
126 26 -0.0259779
126.5 26 0.330742
127 26 0.0814101
127.5 26 0.565053
128 26 0.130986
128.5 26 -0.367912
129 26 0.0257599
129.5 26 0.408856
130 26 0.532346
130.5 26 0.584468
131 26 5.91568
87 26.5 0.305743
87.5 26.5 0.168493
88 26.5 0.105303
88.5 26.5 0.589593
89 26.5 1.29083
89.5 26.5 -3.85418
90 26.5 -1.73756
90.5 26.5 -1.75487
91 26.5 2.12043
91.5 26.5 -0.0198954
92 26.5 0.240941
92.5 26.5 0.235998
93 26.5 0.129518
93.5 26.5 0.00471268
94 26.5 0.334582
94.5 26.5 0.0444107
95 26.5 -0.212913
95.5 26.5 0.0994838
96 26.5 0.178607
96.5 26.5 1.22768
97 26.5 0.360272
97.5 26.5 -0.371249
98 26.5 0.693547
98.5 26.5 -8.03161
99 26.5 8.54838
99.5 26.5 0.675562
100 26.5 -7.37348
100.5 26.5 3.99096
101 26.5 -0.636125
101.5 26.5 0.450794
102 26.5 0.512367
102.5 26.5 0.33216
103 26.5 0.196036
103.5 26.5 0.378807
104 26.5 0.433118
104.5 26.5 0.503651
105 26.5 0.507326
105.5 26.5 0.155091
106 26.5 -0.0929198
106.5 26.5 -0.212509
107 26.5 -0.0206843
107.5 26.5 0.1783
108 26.5 0.373373
108.5 26.5 0.4
109 26.5 0.357025
109.5 26.5 0.0745613
110 26.5 0.0108623
110.5 26.5 -0.107226
111 26.5 0.306514
111.5 26.5 0.251106
112 26.5 0.282152
112.5 26.5 0.247316
113 26.5 0.107096
113.5 26.5 7.17009
114 26.5 -9.42112
114.5 26.5 1.48491
115 26.5 0.765641
115.5 26.5 0.409154
116 26.5 1.0101
116.5 26.5 -7.14793
117 26.5 6.76862
117.5 26.5 -0.763754
118 26.5 0.102335
118.5 26.5 0.203667
119 26.5 0.329301
119.5 26.5 0.659747
120 26.5 0.620199
120.5 26.5 0.606801
121 26.5 0.0829063
121.5 26.5 -0.168641
122 26.5 -0.160208
122.5 26.5 0.291858
123 26.5 0.143662
123.5 26.5 0.106702
124 26.5 0.131011
124.5 26.5 0.154694
125 26.5 0.0308025
125.5 26.5 0.110339
126 26.5 0.00687782
126.5 26.5 0.419936
127 26.5 0.0183441
127.5 26.5 0.542259
128 26.5 0.0360661
128.5 26.5 -0.352765
129 26.5 0.0201592
129.5 26.5 0.482084
130 26.5 0.433554
130.5 26.5 1.02033
131 26.5 -1.28669
87 27 0.500773
87.5 27 0.635895
88 27 0.309276
88.5 27 0.140013
89 27 0.0585463
89.5 27 0.945933
90 27 0.926198
90.5 27 -0.33876
91 27 -3.25143
91.5 27 1.94452
92 27 0.0743171
92.5 27 0.135049
93 27 0.261462
93.5 27 0.206865
94 27 -0.0422372
94.5 27 0.23326
95 27 0.264906
95.5 27 0.00221983
96 27 0.283357
96.5 27 0.0434967
97 27 0.795466
97.5 27 1.451
98 27 -0.478795
98.5 27 0.268487
99 27 -8.58588
99.5 27 9.15395
100 27 -0.0564656
100.5 27 -6.15995
101 27 3.10741
101.5 27 -0.799603
102 27 -0.347574
102.5 27 0.11105
103 27 0.327425
103.5 27 0.309456
104 27 0.315641
104.5 27 0.476554
105 27 0.570802
105.5 27 0.613705
106 27 0.259704
106.5 27 0.0692014
107 27 -0.0433693
107.5 27 0.0143938
108 27 0.211479
108.5 27 0.315424
109 27 0.418276
109.5 27 0.270084
110 27 0.0941308
110.5 27 -0.0226617
111 27 -0.00869118
111.5 27 0.242204
112 27 0.408743
112.5 27 0.23142
113 27 0.271864
113.5 27 -0.0624666
114 27 6.40521
114.5 27 -8.10042
115 27 1.25915
115.5 27 0.72502
116 27 0.448406
116.5 27 1.48753
117 27 -8.12812
117.5 27 3.68339
118 27 -0.924698
118.5 27 0.288517
119 27 0.218305
119.5 27 0.454061
120 27 0.649274
120.5 27 0.567236
121 27 0.381973
121.5 27 -0.213302
122 27 -0.00800171
122.5 27 -0.00270237
123 27 0.31405
123.5 27 0.0422642
124 27 0.0850176
124.5 27 0.197441
125 27 -0.0249486
125.5 27 0.227015
126 27 0.0436086
126.5 27 0.353014
127 27 0.0372054
127.5 27 0.386804
128 27 0.0420663
128.5 27 -0.348336
129 27 0.0435802
129.5 27 0.46857
130 27 0.527296
130.5 27 0.569315
131 27 1.35053
87 27.5 -3.57857
87.5 27.5 -3.9239
88 27.5 0.623988
88.5 27.5 0.683342
89 27.5 0.578297
89.5 27.5 0.35964
90 27.5 0.300638
90.5 27.5 1.87157
91 27.5 0.646224
91.5 27.5 -2.51138
92 27.5 1.02907
92.5 27.5 0.542174
93 27.5 0.0790391
93.5 27.5 0.279229
94 27.5 0.244324
94.5 27.5 0.0504525
95 27.5 0.279444
95.5 27.5 0.403675
96 27.5 0.342846
96.5 27.5 0.539578
97 27.5 0.0745322
97.5 27.5 0.214258
98 27.5 1.3719
98.5 27.5 0.226731
99 27.5 -0.090263
99.5 27.5 -9.15477
100 27.5 9.53132
100.5 27.5 4.40359
101 27.5 -5.02595
101.5 27.5 2.66827
102 27.5 1.20938
102.5 27.5 -0.687628
103 27.5 -0.128867
103.5 27.5 0.0889637
104 27.5 0.311213
104.5 27.5 0.254743
105 27.5 0.333954
105.5 27.5 0.519949
106 27.5 0.58334
106.5 27.5 0.224837
107 27.5 0.146337
107.5 27.5 0.20067
108 27.5 0.156301
108.5 27.5 0.239861
109 27.5 0.248683
109.5 27.5 0.408286
110 27.5 0.222433
110.5 27.5 0.142844
111 27.5 -0.0381964
111.5 27.5 0.195922
112 27.5 0.223993
112.5 27.5 0.491088
113 27.5 0.205181
113.5 27.5 0.324699
114 27.5 -0.219768
114.5 27.5 5.78472
115 27.5 -7.62272
115.5 27.5 1.46031
116 27.5 0.555191
116.5 27.5 0.817298
117 27.5 -2.73102
117.5 27.5 5.89848
118 27.5 -0.848893
118.5 27.5 -0.17808
119 27.5 0.223066
119.5 27.5 0.286096
120 27.5 0.546196
120.5 27.5 0.560671
121 27.5 0.490188
121.5 27.5 0.0831398
122 27.5 -0.0882593
122.5 27.5 0.0623327
123 27.5 0.270625
123.5 27.5 0.055356
124 27.5 0.122546
124.5 27.5 0.207624
125 27.5 0.0693026
125.5 27.5 0.132247
126 27.5 0.0538734
126.5 27.5 0.406631
127 27.5 0.000166896
127.5 27.5 0.371543
128 27.5 0.171638
128.5 27.5 -0.170125
129 27.5 0.0163807
129.5 27.5 0.570596
130 27.5 0.605433
130.5 27.5 0.741751
131 27.5 0.586796
87 28 3.94291
87.5 28 9.40346
88 28 -9.08365
88.5 28 -3.58223
89 28 -3.63367
89.5 28 -3.66701
90 28 -3.91667
90.5 28 -4.16678
91 28 0.697042
91.5 28 1.75093
92 28 -1.43817
92.5 28 -0.973631
93 28 1.17787
93.5 28 0.137496
94 28 0.343837
94.5 28 0.404813
95 28 0.310503
95.5 28 0.289075
96 28 0.385045
96.5 28 0.348075
97 28 0.554745
97.5 28 0.262026
98 28 -0.0107678
98.5 28 0.844587
99 28 0.804412
99.5 28 -0.231848
100 28 -4.15689
100.5 28 -8.98714
101 28 10.0893
101.5 28 -1.93032
102 28 -6.8333
102.5 28 3.93616
103 28 -1.04942
103.5 28 -0.272878
104 28 -0.325161
104.5 28 0.0844016
105 28 0.211983
105.5 28 0.271991
106 28 0.428437
106.5 28 0.50207
107 28 0.247205
107.5 28 0.112351
108 28 0.28523
108.5 28 0.290364
109 28 0.244118
109.5 28 0.15544
110 28 0.288735
110.5 28 0.283303
111 28 0.227162
111.5 28 0.056257
112 28 0.339587
112.5 28 0.25759
113 28 0.45472
113.5 28 0.240793
114 28 0.295715
114.5 28 -0.135764
115 28 5.38362
115.5 28 -7.24527
116 28 1.66897
116.5 28 0.375545
117 28 1.11255
117.5 28 -6.73976
118 28 6.35557
118.5 28 -0.856397
119 28 0.174815
119.5 28 0.243101
120 28 0.360423
120.5 28 0.568588
121 28 0.468516
121.5 28 0.318858
122 28 0.00501028
122.5 28 0.0560238
123 28 0.240537
123.5 28 0.191464
124 28 0.025207
124.5 28 0.276011
125 28 0.152002
125.5 28 0.0105086
126 28 -0.0139012
126.5 28 0.575076
127 28 0.0234671
127.5 28 0.385969
128 28 0.228508
128.5 28 -0.0574486
129 28 -0.0955984
129.5 28 0.564575
130 28 0.549772
130.5 28 0.748353
131 28 0.200362
87 28.5 -3.95323
87.5 28.5 -0.187805
88 28.5 4.42274
88.5 28.5 4.48546
89 28.5 4.10255
89.5 28.5 4.30986
90 28.5 4.03519
90.5 28.5 9.57019
91 28.5 -9.17558
91.5 28.5 -4.00326
92 28.5 2.7406
92.5 28.5 0.81356
93 28.5 -1.53804
93.5 28.5 1.11925
94 28.5 0.167533
94.5 28.5 0.343425
95 28.5 0.431294
95.5 28.5 0.471695
96 28.5 0.229335
96.5 28.5 0.242846
97 28.5 0.15324
97.5 28.5 0.398745
98 28.5 0.453807
98.5 28.5 0.0956865
99 28.5 0.453733
99.5 28.5 0.641916
100 28.5 0.588064
100.5 28.5 -0.045602
101 28.5 -9.25265
101.5 28.5 10.0834
102 28.5 4.75506
102.5 28.5 -6.41678
103 28.5 4.21008
103.5 28.5 -1.18161
104 28.5 -0.447768
104.5 28.5 -0.532438
105 28.5 -0.376718
105.5 28.5 0.172197
106 28.5 0.258628
106.5 28.5 0.384338
107 28.5 0.406928
107.5 28.5 0.338296
108 28.5 0.102446
108.5 28.5 0.194376
109 28.5 0.287675
109.5 28.5 0.189489
110 28.5 0.0368275
110.5 28.5 0.0406059
111 28.5 0.257874
111.5 28.5 0.316177
112 28.5 0.187255
112.5 28.5 0.331564
113 28.5 0.300376
113.5 28.5 0.38159
114 28.5 0.236346
114.5 28.5 0.31125
115 28.5 -0.186549
115.5 28.5 5.01473
116 28.5 -6.85888
116.5 28.5 1.78993
117 28.5 0.261175
117.5 28.5 1.97201
118 28.5 -8.20027
118.5 28.5 3.37813
119 28.5 -0.436408
119.5 28.5 0.25361
120 28.5 0.313152
120.5 28.5 0.395682
121 28.5 0.542576
121.5 28.5 0.382171
122 28.5 0.281708
122.5 28.5 -0.0194427
123 28.5 0.258317
123.5 28.5 0.104276
124 28.5 0.0634591
124.5 28.5 0.248795
125 28.5 0.246703
125.5 28.5 -0.162535
126 28.5 0.127235
126.5 28.5 0.427334
127 28.5 0.351851
127.5 28.5 0.262721
128 28.5 0.264032
128.5 28.5 0.0793663
129 28.5 -0.162648
129.5 28.5 0.499175
130 28.5 0.106685
130.5 28.5 0.63997
131 28.5 -0.0331787
87 29 7.44291
87.5 29 -11.4487
88 29 -6.58141
88.5 29 -4.4394
89 29 0.230801
89.5 29 0.367263
90 29 0.12939
90.5 29 -0.00906301
91 29 4.30986
91.5 29 9.68201
92 29 -9.38292
92.5 29 -3.54381
93 29 -2.86504
93.5 29 -0.0998207
94 29 0.590906
94.5 29 0.585244
95 29 0.274917
95.5 29 0.278622
96 29 0.440022
96.5 29 0.22312
97 29 0.199333
97.5 29 0.130707
98 29 0.357923
98.5 29 0.523198
99 29 0.300662
99.5 29 0.328515
100 29 0.375431
100.5 29 0.755565
101 29 -0.0315653
101.5 29 -3.8932
102 29 -9.01766
102.5 29 10.2042
103 29 -6.36157
103.5 29 3.84306
104 29 -0.858056
104.5 29 -0.39498
105 29 -0.522801
105.5 29 -0.528718
106 29 0.089936
106.5 29 0.253956
107 29 0.342
107.5 29 0.366355
108 29 0.387836
108.5 29 0.192327
109 29 0.142612
109.5 29 0.235846
110 29 0.0949198
110.5 29 0.000235006
111 29 -0.167902
111.5 29 0.143609
112 29 0.269711
112.5 29 0.355996
113 29 0.361294
113.5 29 0.244989
114 29 0.295491
114.5 29 0.262355
115 29 0.282235
115.5 29 -0.252189
116 29 4.57867
116.5 29 -6.36175
117 29 1.7404
117.5 29 0.594714
118 29 -1.71778
118.5 29 5.01877
119 29 -0.616066
119.5 29 0.102144
120 29 0.370416
120.5 29 0.397377
121 29 0.383562
121.5 29 0.506576
122 29 0.310285
122.5 29 0.256952
123 29 -0.00797032
123.5 29 0.268476
124 29 -0.0196288
124.5 29 0.248452
125 29 0.317238
125.5 29 -0.0103813
126 29 -0.040659
126.5 29 0.526987
127 29 0.252094
127.5 29 0.32573
128 29 0.177891
128.5 29 0.414646
129 29 0.0378164
129.5 29 0.181294
130 29 0.085839
130.5 29 0.514946
131 29 -0.0863482
87 29.5 1.02536
87.5 29.5 4.95811
88 29.5 11.0956
88.5 29.5 4.29451
89 29.5 -11.9226
89.5 29.5 -6.35063
90 29.5 -4.00921
90.5 29.5 0.516669
91 29.5 0.309456
91.5 29.5 0.412841
92 29.5 4.91943
92.5 29.5 4.49503
93 29.5 9.59965
93.5 29.5 -9.06583
94 29.5 -3.41721
94.5 29.5 -4.44831
95 29.5 0.178164
95.5 29.5 0.523017
96 29.5 0.140204
96.5 29.5 0.320387
97 29.5 0.207191
97.5 29.5 0.143224
98 29.5 0.195421
98.5 29.5 0.380184
99 29.5 0.530986
99.5 29.5 0.498689
100 29.5 0.473732
100.5 29.5 0.441353
101 29.5 0.738671
101.5 29.5 0.650621
102 29.5 0.435162
102.5 29.5 -9.43773
103 29.5 9.83015
103.5 29.5 -1.27745
104 29.5 3.16649
104.5 29.5 -0.315524
105 29.5 -0.113011
105.5 29.5 -0.435059
106 29.5 -0.396622
106.5 29.5 -0.184563
107 29.5 0.0964217
107.5 29.5 0.236237
108 29.5 0.331311
108.5 29.5 0.375383
109 29.5 0.253183
109.5 29.5 0.243413
110 29.5 0.352099
110.5 29.5 0.0709506
111 29.5 -0.0329745
111.5 29.5 -0.166849
112 29.5 0.0266647
112.5 29.5 0.0893672
113 29.5 0.319838
113.5 29.5 0.384621
114 29.5 0.204413
114.5 29.5 0.321359
115 29.5 0.362459
115.5 29.5 0.127002
116 29.5 -0.1471
116.5 29.5 4.04349
117 29.5 -5.65974
117.5 29.5 0.477997
118 29.5 0.811601
118.5 29.5 -5.49697
119 29.5 3.02404
119.5 29.5 -0.331348
120 29.5 0.195574
120.5 29.5 0.429723
121 29.5 0.409708
121.5 29.5 0.318814
122 29.5 0.394642
122.5 29.5 0.191102
123 29.5 0.202654
123.5 29.5 0.132235
124 29.5 0.194358
124.5 29.5 0.117766
125 29.5 0.402916
125.5 29.5 0.112522
126 29.5 0.0111859
126.5 29.5 0.380718
127 29.5 0.353495
127.5 29.5 0.358198
128 29.5 0.260299
128.5 29.5 0.413014
129 29.5 0.359781
129.5 29.5 -0.0776687
130 29.5 0.385059
130.5 29.5 0.377366
131 29.5 0.226162
87 30 -1.41693
87.5 30 2.78318
88 30 -10.1115
88.5 30 7.01414
89 30 8.05354
89.5 30 11.3388
90 30 5.67851
90.5 30 -10.1195
91 30 -6.39539
91.5 30 -6.27445
92 30 -4.48252
92.5 30 -3.72367
93 30 0.671744
93.5 30 4.84329
94 30 4.23046
94.5 30 9.42483
95 30 -7.35723
95.5 30 -4.12849
96 30 0.578469
96.5 30 0.400168
97 30 0.222849
97.5 30 0.322596
98 30 0.18773
98.5 30 0.179374
99 30 0.316311
99.5 30 0.4685
100 30 0.50657
100.5 30 0.58446
101 30 0.672643
101.5 30 0.6028
102 30 0.702753
102.5 30 0.272117
103 30 -4.14517
103.5 30 -9.29815
104 30 5.22194
104.5 30 1.94348
105 30 -0.298776
105.5 30 0.0534042
106 30 -0.334092
106.5 30 -0.419214
107 30 -0.417687
107.5 30 0.003896
108 30 0.178027
108.5 30 0.232226
109 30 0.30714
109.5 30 0.267332
110 30 0.291463
110.5 30 0.468431
111 30 0.139367
111.5 30 -0.0214734
112 30 -0.0481793
112.5 30 0.0103606
113 30 0.0215206
113.5 30 0.309694
114 30 0.470627
114.5 30 0.281873
115 30 0.371962
115.5 30 0.349535
116 30 0.152979
116.5 30 0.110248
117 30 2.19471
117.5 30 -0.890382
118 30 -0.696583
118.5 30 -1.10558
119 30 2.11509
119.5 30 0.212995
120 30 0.00445765
120.5 30 0.253756
121 30 0.492224
121.5 30 0.402099
122 30 0.254306
122.5 30 0.317568
123 30 0.164495
123.5 30 0.179888
124 30 0.198034
124.5 30 0.0499721
125 30 0.311872
125.5 30 0.230444
126 30 0.222856
126.5 30 0.241554
127 30 0.515476
127.5 30 0.243795
128 30 0.384593
128.5 30 0.264745
129 30 0.492965
129.5 30 -0.0369057
130 30 0.452207
130.5 30 0.61669
131 30 0.0699356
87 30.5 0.556547
87.5 30.5 0.896576
88 30.5 3.7895
88.5 30.5 -9.1823
89 30.5 -5.26247
89.5 30.5 -5.28152
90 30.5 1.5791
90.5 30.5 2.36537
91 30.5 11.1564
91.5 30.5 9.43406
92 30.5 0.58496
92.5 30.5 5.91764
93 30.5 -11.8258
93.5 30.5 -5.67687
94 30.5 -3.81351
94.5 30.5 -3.36431
95 30.5 0.807645
95.5 30.5 10.0306
96 30.5 -8.83768
96.5 30.5 -3.04909
97 30.5 0.681168
97.5 30.5 0.43236
98 30.5 0.563765
98.5 30.5 0.383056
99 30.5 0.396918
99.5 30.5 0.345829
100 30.5 0.445447
100.5 30.5 0.507469
101 30.5 0.431728
101.5 30.5 0.649599
102 30.5 0.757505
102.5 30.5 0.648571
103 30.5 0.452838
103.5 30.5 0.357271
104 30.5 -9.4008
104.5 30.5 5.99422
105 30.5 1.07413
105.5 30.5 0.476739
106 30.5 -0.228208
106.5 30.5 -0.415694
107 30.5 -0.270043
107.5 30.5 -0.319017
108 30.5 0.00327678
108.5 30.5 0.22749
109 30.5 0.177291
109.5 30.5 0.291952
110 30.5 0.297642
110.5 30.5 0.294334
111 30.5 0.481564
111.5 30.5 0.286667
112 30.5 0.172615
112.5 30.5 0.281785
113 30.5 0.202459
113.5 30.5 0.215237
114 30.5 0.466458
114.5 30.5 0.466967
115 30.5 0.240315
115.5 30.5 0.327903
116 30.5 0.275243
116.5 30.5 0.350245
117 30.5 0.197675
117.5 30.5 0.929867
118 30.5 -1.5123
118.5 30.5 -0.368847
119 30.5 -3.09252
119.5 30.5 2.45185
120 30.5 -0.0414311
120.5 30.5 0.0948902
121 30.5 0.389043
121.5 30.5 0.523303
122 30.5 0.335983
122.5 30.5 0.286406
123 30.5 0.247439
123.5 30.5 0.273549
124 30.5 0.0233586
124.5 30.5 0.177095
125 30.5 0.221499
125.5 30.5 0.384881
126 30.5 0.337012
126.5 30.5 0.420291
127 30.5 0.388714
127.5 30.5 0.166742
128 30.5 0.393869
128.5 30.5 0.30827
129 30.5 0.349377
129.5 30.5 0.0808329
130 30.5 0.534214
130.5 30.5 0.52333
131 30.5 -0.27439
87 31 -0.00821402
87.5 31 0.0688226
88 31 0.470321
88.5 31 3.12902
89 31 2.1364
89.5 31 7.47876
90 31 -8.82663
90.5 31 -3.58767
91 31 -5.40792
91.5 31 -0.295109
92 31 -1.62019
92.5 31 7.13181
93 31 7.49673
93.5 31 7.7692
94 31 0.926572
94.5 31 2.20347
95 31 3.84278
95.5 31 -8.47962
96 31 0.440908
96.5 31 6.68808
97 31 -11.5511
97.5 31 -3.05209
98 31 -3.7647
98.5 31 0.631534
99 31 0.71643
99.5 31 0.820574
100 31 0.53574
100.5 31 0.560029
101 31 0.599385
101.5 31 0.436391
102 31 0.594205
102.5 31 0.863283
103 31 0.823683
103.5 31 0.282991
104 31 0.828722
104.5 31 -9.47915
105 31 8.18918
105.5 31 -0.121999
106 31 2.00622
106.5 31 -0.545422
107 31 -0.501897
107.5 31 -0.258813
108 31 -0.156569
108.5 31 0.133741
109 31 0.31825
109.5 31 0.167001
110 31 0.231054
110.5 31 0.284424
111 31 0.272973
111.5 31 0.413186
112 31 0.403949
112.5 31 0.377523
113 31 0.484793
113.5 31 0.406223
114 31 0.402655
114.5 31 0.51104
115 31 0.376153
115.5 31 0.155746
116 31 0.274909
116.5 31 0.311799
117 31 0.519916
117.5 31 0.261482
118 31 0.751761
118.5 31 -1.69267
119 31 -0.265784
119.5 31 -2.85342
120 31 2.16301
120.5 31 -0.0399042
121 31 0.225828
121.5 31 0.454327
122 31 0.470776
122.5 31 0.263879
123 31 0.289113
123.5 31 0.306108
124 31 0.207944
124.5 31 0.0113668
125 31 0.423624
125.5 31 0.340657
126 31 0.58185
126.5 31 0.394171
127 31 0.267334
127.5 31 0.0502869
128 31 0.377042
128.5 31 0.57069
129 31 0.286614
129.5 31 0.25719
130 31 0.626798
130.5 31 0.338205
131 31 -0.434946
87 31.5 0.360262
87.5 31.5 -0.346922
88 31.5 -0.168234
88.5 31.5 -0.257868
89 31.5 -0.303204
89.5 31.5 -0.530985
90 31.5 2.83257
90.5 31.5 1.84962
91 31.5 9.07188
91.5 31.5 -10.0086
92 31.5 -3.23007
92.5 31.5 -3.92744
93 31.5 -4.16762
93.5 31.5 -0.135275
94 31.5 0.515857
94.5 31.5 -0.230994
95 31.5 3.53598
95.5 31.5 4.06823
96 31.5 2.47336
96.5 31.5 0.729225
97 31.5 7.122
97.5 31.5 -2.66568
98 31.5 7.64571
98.5 31.5 -11.034
99 31.5 -4.70212
99.5 31.5 -3.85036
100 31.5 0.714811
100.5 31.5 0.915628
101 31.5 0.919329
101.5 31.5 0.751249
102 31.5 0.625974
102.5 31.5 0.569599
103 31.5 0.773627
103.5 31.5 0.898143
104 31.5 0.565348
104.5 31.5 0.861538
105 31.5 -3.28255
105.5 31.5 -9.30046
106 31.5 6.39361
106.5 31.5 1.43551
107 31.5 -0.451965
107.5 31.5 -0.201904
108 31.5 -0.183908
108.5 31.5 -0.0843315
109 31.5 0.0927103
109.5 31.5 0.288494
110 31.5 0.0887964
110.5 31.5 0.0499275
111 31.5 0.07491
111.5 31.5 -0.0422449
112 31.5 0.267654
112.5 31.5 0.367011
113 31.5 0.330405
113.5 31.5 0.416071
114 31.5 0.443128
114.5 31.5 0.515966
115 31.5 0.512343
115.5 31.5 0.328105
116 31.5 0.250182
116.5 31.5 0.23308
117 31.5 0.450487
117.5 31.5 0.642648
118 31.5 0.156299
118.5 31.5 0.483823
119 31.5 -1.34564
119.5 31.5 -0.746328
120 31.5 -1.68782
120.5 31.5 1.48645
121 31.5 -0.00824161
121.5 31.5 0.305888
122 31.5 0.377971
122.5 31.5 0.340654
123 31.5 0.221002
123.5 31.5 0.329133
124 31.5 0.273351
124.5 31.5 0.182664
125 31.5 0.344929
125.5 31.5 0.508152
126 31.5 0.546545
126.5 31.5 0.467843
127 31.5 0.251896
127.5 31.5 -0.135806
128 31.5 0.391168
128.5 31.5 0.69825
129 31.5 0.328824
129.5 31.5 0.398249
130 31.5 0.790397
130.5 31.5 0.126688
131 31.5 -0.337333
87 32 0.00377503
87.5 32 0.533871
88 32 -0.0677027
88.5 32 -0.0947708
89 32 -0.0785699
89.5 32 -0.12612
90 32 -0.27162
90.5 32 -0.520836
91 32 -0.828033
91.5 32 3.41623
92 32 3.04853
92.5 32 -0.548205
93 32 6.32951
93.5 32 -7.38889
94 32 -2.94707
94.5 32 -2.8961
95 32 -2.9455
95.5 32 -0.950712
96 32 -0.307243
96.5 32 2.85772
97 32 0.73674
97.5 32 2.04115
98 32 0.709893
98.5 32 4.20408
99 32 3.76578
99.5 32 6.37754
100 32 -10.9475
100.5 32 -4.30619
101 32 -3.68991
101.5 32 0.864831
102 32 0.993729
102.5 32 1.10925
103 32 0.75545
103.5 32 0.646856
104 32 0.690228
104.5 32 0.667584
105 32 1.11999
105.5 32 1.29504
106 32 -9.04626
106.5 32 7.20072
107 32 5.43587
107.5 32 -0.0712137
108 32 0.0678997
108.5 32 0.00605156
109 32 -0.00735167
109.5 32 0.0631595
110 32 0.25731
110.5 32 0.133999
111 32 -0.119287
111.5 32 -0.0635942
112 32 -0.199972
112.5 32 0.125721
113 32 0.183027
113.5 32 0.148379
114 32 0.34743
114.5 32 0.289817
115 32 0.538524
115.5 32 0.545275
116 32 0.364662
116.5 32 0.414609
117 32 0.281659
117.5 32 0.641161
118 32 0.657388
118.5 32 0.000275597
119 32 0.271279
119.5 32 -1.30748
120 32 -1.33523
120.5 32 -0.48678
121 32 0.696174
121.5 32 0.1375
122 32 0.363154
122.5 32 0.292216
123 32 0.287389
123.5 32 0.139666
124 32 0.305818
124.5 32 0.234915
125 32 0.276389
125.5 32 0.552866
126 32 0.560108
126.5 32 0.48825
127 32 0.339075
127.5 32 0.0592098
128 32 0.188579
128.5 32 0.829323
129 32 0.363761
129.5 32 0.630023
130 32 0.719295
130.5 32 0.0809839
131 32 -0.271809
87 32.5 3.7069
87.5 32.5 0.113619
88 32.5 0.0456268
88.5 32.5 0.301757
89 32.5 0.134725
89.5 32.5 0.0888793
90 32.5 -0.0220796
90.5 32.5 -0.0493604
91 32.5 -0.172815
91.5 32.5 -0.423425
92 32.5 -0.206856
92.5 32.5 0.379034
93 32.5 0.3822
93.5 32.5 2.07426
94 32.5 3.46258
94.5 32.5 2.30717
95 32.5 5.4261
95.5 32.5 -7.1717
96 32.5 -2.25913
96.5 32.5 -2.25184
97 32.5 -0.195311
97.5 32.5 0.629183
98 32.5 2.27695
98.5 32.5 0.725701
99 32.5 0.130989
99.5 32.5 -0.0200507
100 32.5 3.85097
100.5 32.5 2.97246
101 32.5 7.41748
101.5 32.5 -10.896
102 32.5 -4.24008
102.5 32.5 -3.85199
103 32.5 0.857041
103.5 32.5 1.18076
104 32.5 1.28062
104.5 32.5 0.94848
105 32.5 0.474662
105.5 32.5 0.680547
106 32.5 1.13958
106.5 32.5 -3.05913
107 32.5 -11.5017
107.5 32.5 10.288
108 32.5 0.0375419
108.5 32.5 -0.0465315
109 32.5 0.158365
109.5 32.5 0.258468
110 32.5 0.244323
110.5 32.5 0.360812
111 32.5 0.226902
111.5 32.5 -0.0644396
112 32.5 0.186117
112.5 32.5 0.0335407
113 32.5 0.075144
113.5 32.5 0.0287137
114 32.5 -0.0892192
114.5 32.5 0.320001
115 32.5 0.152107
115.5 32.5 0.461324
116 32.5 0.514702
116.5 32.5 0.4284
117 32.5 0.443619
117.5 32.5 0.403049
118 32.5 0.704824
118.5 32.5 0.503714
119 32.5 -0.11754
119.5 32.5 0.0137665
120 32.5 -1.26999
120.5 32.5 -1.63574
121 32.5 0.610842
121.5 32.5 0.357573
122 32.5 0.430299
122.5 32.5 0.418536
123 32.5 0.315285
123.5 32.5 0.261724
124 32.5 0.0988643
124.5 32.5 0.19479
125 32.5 0.20557
125.5 32.5 0.423351
126 32.5 0.576201
126.5 32.5 0.489541
127 32.5 0.488031
127.5 32.5 0.304613
128 32.5 0.135059
128.5 32.5 0.788199
129 32.5 0.341013
129.5 32.5 0.797528
130 32.5 0.646434
130.5 32.5 0.052718
131 32.5 -0.197565
87 33 -7.13822
87.5 33 11.2055
88 33 5.50779
88.5 33 -0.0103603
89 33 0.0414886
89.5 33 0.363762
90 33 0.358662
90.5 33 0.134172
91 33 -0.0160306
91.5 33 -0.161165
92 33 -0.222062
92.5 33 -0.196888
93 33 -0.314407
93.5 33 -0.259107
94 33 -0.487723
94.5 33 0.181085
95 33 0.483295
95.5 33 2.91484
96 33 2.36967
96.5 33 3.53542
97 33 -5.92373
97.5 33 -2.06637
98 33 -2.39322
98.5 33 -1.79815
99 33 0.431025
99.5 33 1.79216
100 33 0.036139
100.5 33 -0.442957
101 33 -0.277961
101.5 33 3.74274
102 33 3.3699
102.5 33 8.01285
103 33 -10.6047
103.5 33 -4.12989
104 33 -3.76536
104.5 33 -3.07326
105 33 1.34698
105.5 33 0.959355
106 33 0.35
106.5 33 0.933859
107 33 1.18849
107.5 33 -10.2749
108 33 7.84944
108.5 33 3.86573
109 33 0.272054
109.5 33 0.133821
110 33 0.503241
110.5 33 0.400875
111 33 0.388655
111.5 33 0.364989
112 33 0.120285
112.5 33 0.326032
113 33 0.208583
113.5 33 0.107208
114 33 -0.00326924
114.5 33 -0.210891
115 33 0.336941
115.5 33 0.223448
116 33 0.447145
116.5 33 0.439069
117 33 0.422914
117.5 33 0.441431
118 33 0.498869
118.5 33 0.653378
119 33 0.349716
119.5 33 0.0556891
120 33 -0.00639082
120.5 33 -1.00553
121 33 -1.49154
121.5 33 1.14672
122 33 0.374825
122.5 33 0.582998
123 33 0.474446
123.5 33 0.372682
124 33 0.287262
124.5 33 0.0490494
125 33 0.202124
125.5 33 0.395382
126 33 0.436986
126.5 33 0.536799
127 33 0.506557
127.5 33 0.44733
128 33 0.250144
128.5 33 0.662775
129 33 0.388179
129.5 33 0.854256
130 33 0.568305
130.5 33 -0.12311
131 33 -0.166811
87 33.5 -1.39982
87.5 33.5 -5.99649
88 33.5 -15.0039
88.5 33.5 13.0962
89 33.5 4.80473
89.5 33.5 -0.19788
90 33.5 0.0333794
90.5 33.5 0.511643
91 33.5 0.444738
91.5 33.5 0.323185
92 33.5 0.0600376
92.5 33.5 -0.207394
93 33.5 -0.194883
93.5 33.5 -0.118283
94 33.5 -0.0018908
94.5 33.5 -0.134943
95 33.5 -0.124097
95.5 33.5 0.319209
96 33.5 0.403421
96.5 33.5 0.711122
97 33.5 2.5513
97.5 33.5 2.08296
98 33.5 1.55093
98.5 33.5 3.2845
99 33.5 -4.35654
99.5 33.5 -2.02006
100 33.5 -0.600903
100.5 33.5 0.686191
101 33.5 -0.184117
101.5 33.5 -0.557238
102 33.5 -0.649418
102.5 33.5 0.111078
103 33.5 2.4894
103.5 33.5 5.25966
104 33.5 3.69621
104.5 33.5 8.56317
105 33.5 -9.56895
105.5 33.5 -3.2107
106 33.5 0.755077
106.5 33.5 0.931828
107 33.5 0.518186
107.5 33.5 0.834846
108 33.5 -3.87447
108.5 33.5 -9.99592
109 33.5 7.16162
109.5 33.5 3.3378
110 33.5 0.0368831
110.5 33.5 0.19607
111 33.5 0.359767
111.5 33.5 0.33916
112 33.5 0.411363
112.5 33.5 0.230458
113 33.5 0.275616
113.5 33.5 0.186162
114 33.5 0.145243
114.5 33.5 0.185339
115 33.5 0.0484574
115.5 33.5 0.475022
116 33.5 0.348599
116.5 33.5 0.496961
117 33.5 0.323886
117.5 33.5 0.419625
118 33.5 0.493486
118.5 33.5 0.529284
119 33.5 0.551729
119.5 33.5 0.57259
120 33.5 0.23719
120.5 33.5 -0.044638
121 33.5 -0.729781
121.5 33.5 -0.959049
122 33.5 0.928958
122.5 33.5 0.364432
123 33.5 0.542562
123.5 33.5 0.432188
124 33.5 0.381995
124.5 33.5 0.203365
125 33.5 0.158261
125.5 33.5 0.391842
126 33.5 0.410039
126.5 33.5 0.510382
127 33.5 0.511562
127.5 33.5 0.472618
128 33.5 0.431679
128.5 33.5 0.612983
129 33.5 0.522918
129.5 33.5 0.882724
130 33.5 0.346022
130.5 33.5 -0.194245
131 33.5 -0.255806
87 34 -0.466547
87.5 34 0.106522
88 34 0.39936
88.5 34 -5.83884
89 34 -13.2017
89.5 34 12.1972
90 34 4.80103
90.5 34 0.0491011
91 34 0.315552
91.5 34 0.460872
92 34 0.461678
92.5 34 0.425225
93 34 0.228004
93.5 34 0.108256
94 34 -0.0225146
94.5 34 -0.0279202
95 34 -0.0742708
95.5 34 -0.169009
96 34 -0.131239
96.5 34 0.134633
97 34 0.204426
97.5 34 0.153601
98 34 0.207333
98.5 34 0.414654
99 34 1.91222
99.5 34 1.53525
100 34 0.77154
100.5 34 0.236978
101 34 0.0405601
101.5 34 -0.042034
102 34 -0.111529
102.5 34 -0.249011
103 34 1.17167
103.5 34 -3.59029
104 34 -1.60101
104.5 34 0.547725
105 34 4.42032
105.5 34 9.36558
106 34 -8.92983
106.5 34 -3.30077
107 34 0.349716
107.5 34 0.618315
108 34 1.13378
108.5 34 0.24323
109 34 -3.70853
109.5 34 -9.38
110 34 7.06207
110.5 34 2.6327
111 34 -0.0437771
111.5 34 0.10391
112 34 0.159477
112.5 34 0.318425
113 34 0.238928
113.5 34 0.149049
114 34 0.150656
114.5 34 0.286298
115 34 0.441197
115.5 34 0.274791
116 34 0.626239
116.5 34 0.428501
117 34 0.494914
117.5 34 0.365707
118 34 0.479001
118.5 34 0.476813
119 34 0.437481
119.5 34 0.494961
120 34 0.820959
120.5 34 0.122311
121 34 -0.143834
121.5 34 -0.684941
122 34 -0.17699
122.5 34 0.556393
123 34 0.574251
123.5 34 0.401953
124 34 0.293583
124.5 34 0.205348
125 34 0.1462
125.5 34 0.296318
126 34 0.390417
126.5 34 0.550233
127 34 0.528762
127.5 34 0.43472
128 34 0.513389
128.5 34 0.567312
129 34 0.6967
129.5 34 0.824526
130 34 0.0437209
130.5 34 -0.459161
131 34 -0.114761
87 34.5 1.04447
87.5 34.5 0.373838
88 34.5 -0.579725
88.5 34.5 -0.344669
89 34.5 -0.421007
89.5 34.5 -5.23673
90 34.5 -13.0951
90.5 34.5 11.4434
91 34.5 0.183775
91.5 34.5 0.404513
92 34.5 0.734357
92.5 34.5 0.67339
93 34.5 0.708812
93.5 34.5 0.518314
94 34.5 0.36606
94.5 34.5 0.248222
95 34.5 0.192222
95.5 34.5 0.0138122
96 34.5 -0.184799
96.5 34.5 -0.412518
97 34.5 -0.362381
97.5 34.5 0.0547202
98 34.5 0.25952
98.5 34.5 0.358039
99 34.5 0.309804
99.5 34.5 0.471138
100 34.5 0.519467
100.5 34.5 0.378217
101 34.5 0.362312
101.5 34.5 0.261521
102 34.5 0.261897
102.5 34.5 -0.0913653
103 34.5 -0.0461949
103.5 34.5 0.803469
104 34.5 2.59522
104.5 34.5 -4.19036
105 34.5 -2.35577
105.5 34.5 -1.54594
106 34.5 4.57654
106.5 34.5 9.67852
107 34.5 -8.61036
107.5 34.5 -2.96395
108 34.5 1.23931
108.5 34.5 1.1921
109 34.5 1.21833
109.5 34.5 0.424962
110 34.5 -3.10129
110.5 34.5 -8.69568
111 34.5 6.11052
111.5 34.5 2.16563
112 34.5 0.0323406
112.5 34.5 0.0731866
113 34.5 0.222169
113.5 34.5 0.208454
114 34.5 0.127434
114.5 34.5 0.292855
115 34.5 0.419073
115.5 34.5 0.544774
116 34.5 0.338255
116.5 34.5 0.683762
117 34.5 0.492623
117.5 34.5 0.494075
118 34.5 0.495274
118.5 34.5 0.499491
119 34.5 0.406039
119.5 34.5 0.368016
120 34.5 0.571387
120.5 34.5 0.830751
121 34.5 -0.105106
121.5 34.5 -0.216592
122 34.5 -0.606509
122.5 34.5 0.40752
123 34.5 0.400649
123.5 34.5 0.699943
124 34.5 0.25006
124.5 34.5 0.144598
125 34.5 0.0663757
125.5 34.5 0.229199
126 34.5 0.416989
126.5 34.5 0.513168
127 34.5 0.550984
127.5 34.5 0.469817
128 34.5 0.520202
128.5 34.5 0.602403
129 34.5 0.808686
129.5 34.5 0.658584
130 34.5 -0.195984
130.5 34.5 -1.01915
131 34.5 5.91938
87 35 -0.662492
87.5 35 0.0230435
88 35 0.857409
88.5 35 1.45165
89 35 0.191018
89.5 35 -0.641097
90 35 -1.00827
90.5 35 -10.9378
91 35 8.38214
91.5 35 4.2151
92 35 0.379592
92.5 35 0.544759
93 35 0.722326
93.5 35 0.798286
94 35 0.765165
94.5 35 0.726098
95 35 0.535065
95.5 35 0.394594
96 35 0.181877
96.5 35 0.0819231
97 35 -0.0997642
97.5 35 -0.266242
98 35 -0.132485
98.5 35 0.17987
99 35 0.196766
99.5 35 0.216278
100 35 0.365623
100.5 35 0.561015
101 35 0.40924
101.5 35 0.261241
102 35 0.29376
102.5 35 0.227985
103 35 0.184202
103.5 35 0.0309934
104 35 0.129404
104.5 35 0.961984
105 35 0.978252
105.5 35 3.2002
106 35 -5.49812
106.5 35 -2.03648
107 35 1.78408
107.5 35 11.375
108 35 -11.9674
108.5 35 -1.85404
109 35 -2.5003
109.5 35 1.88504
110 35 1.20003
110.5 35 0.996638
111 35 -2.28505
111.5 35 -8.00478
112 35 5.48867
112.5 35 1.90441
113 35 0.292704
113.5 35 0.197034
114 35 0.387095
114.5 35 0.512798
115 35 0.608543
115.5 35 0.586424
116 35 0.721299
116.5 35 0.468517
117 35 0.613735
117.5 35 0.499332
118 35 0.463974
118.5 35 0.505641
119 35 0.384825
119.5 35 0.415729
120 35 0.419809
120.5 35 0.638317
121 35 0.569636
121.5 35 -0.18122
122 35 -0.3513
122.5 35 -0.282568
123 35 0.633205
123.5 35 0.423363
124 35 0.691442
124.5 35 0.190035
125 35 0.112312
125.5 35 0.163409
126 35 0.399324
126.5 35 0.481292
127 35 0.462806
127.5 35 0.504571
128 35 0.571324
128.5 35 0.657754
129 35 0.856618
129.5 35 0.678338
130 35 -0.645902
130.5 35 -1.12971
87 35.5 1.9108
87.5 35.5 0.43864
88 35.5 -0.599441
88.5 35.5 -0.538099
89 35.5 0.0614527
89.5 35.5 0.752092
90 35.5 2.80211
90.5 35.5 -0.099091
91 35.5 -8.60803
91.5 35.5 -11.721
92 35.5 6.60656
92.5 35.5 -0.10607
93 35.5 0.274983
93.5 35.5 0.572293
94 35.5 0.705709
94.5 35.5 0.867919
95 35.5 0.801631
95.5 35.5 0.664331
96 35.5 0.616743
96.5 35.5 0.480019
97 35.5 0.369345
97.5 35.5 0.228313
98 35.5 -0.0441954
98.5 35.5 -0.217183
99 35.5 -0.0603465
99.5 35.5 0.046401
100 35.5 0.191535
100.5 35.5 0.264382
101 35.5 0.385908
101.5 35.5 0.425205
102 35.5 0.3179
102.5 35.5 0.347965
103 35.5 0.360801
103.5 35.5 0.274927
104 35.5 0.163807
104.5 35.5 0.126641
105 35.5 0.0174928
105.5 35.5 -0.106286
106 35.5 1.36541
106.5 35.5 1.17747
107 35.5 3.13865
107.5 35.5 -6.60236
108 35.5 2.60068
108.5 35.5 2.32202
109 35.5 6.71209
109.5 35.5 -8.43278
110 35.5 -1.67742
110.5 35.5 -0.930307
111 35.5 1.28185
111.5 35.5 1.34326
112 35.5 -1.51709
112.5 35.5 -6.33061
113 35.5 3.65792
113.5 35.5 0.589465
114 35.5 0.501456
114.5 35.5 0.573394
115 35.5 0.721129
115.5 35.5 0.796476
116 35.5 0.77831
116.5 35.5 0.839999
117 35.5 0.619981
117.5 35.5 0.59198
118 35.5 0.579625
118.5 35.5 0.489338
119 35.5 0.443263
119.5 35.5 0.332603
120 35.5 0.501289
120.5 35.5 0.567049
121 35.5 0.664374
121.5 35.5 0.484542
122 35.5 0.048545
122.5 35.5 -0.249386
123 35.5 0.212053
123.5 35.5 0.67869
124 35.5 0.564852
124.5 35.5 0.655741
125 35.5 0.208109
125.5 35.5 0.225078
126 35.5 0.36783
126.5 35.5 0.475099
127 35.5 0.464317
127.5 35.5 0.562936
128 35.5 0.53114
128.5 35.5 0.713529
129 35.5 0.876987
129.5 35.5 0.354393
130 35.5 3.45062
130.5 35.5 9.95251
131 35.5 -9.38155
87 36 -3.95208
87.5 36 1.24042
88 36 1.36138
88.5 36 0.755807
89 36 0.274997
89.5 36 -0.148162
90 36 -0.653913
90.5 36 0.475832
91 36 1.67837
91.5 36 1.50356
92 36 -1.46826
92.5 36 0.592503
93 36 1.31633
93.5 36 1.59711
94 36 1.70465
94.5 36 -0.163563
95 36 -0.197056
95.5 36 0.09791
96 36 0.396065
96.5 36 0.65551
97 36 0.632242
97.5 36 0.576256
98 36 0.41711
98.5 36 0.195456
99 36 -0.142719
99.5 36 -0.233808
100 36 -0.0556362
100.5 36 0.197722
101 36 0.232915
101.5 36 0.297851
102 36 0.483478
102.5 36 0.37686
103 36 0.315271
103.5 36 0.294155
104 36 0.29321
104.5 36 0.288684
105 36 0.157648
105.5 36 0.107034
106 36 -0.0272402
106.5 36 -0.296159
107 36 0.0446226
107.5 36 2.06735
108 36 1.08966
108.5 36 0.582071
109 36 1.61164
109.5 36 -1.03927
110 36 2.1538
110.5 36 4.32054
111 36 -7.24007
111.5 36 -0.616189
112 36 -0.650594
112.5 36 0.385733
113 36 -1.89245
113.5 36 -0.613965
114 36 0.525274
114.5 36 0.630838
115 36 0.739183
115.5 36 0.838616
116 36 0.921409
116.5 36 0.864238
117 36 0.837156
117.5 36 0.682901
118 36 0.622582
118.5 36 0.714254
119 36 0.576849
119.5 36 0.455887
120 36 0.377461
120.5 36 0.508146
121 36 0.629693
121.5 36 0.626571
122 36 0.518302
122.5 36 0.167104
123 36 -0.0135013
123.5 36 0.59837
124 36 0.695181
124.5 36 0.67376
125 36 0.502071
125.5 36 0.235792
126 36 0.355406
126.5 36 0.487214
127 36 0.491943
127.5 36 0.602558
128 36 0.616051
128.5 36 0.587271
129 36 0.480435
129.5 36 11.0045
130 36 -10.1553
130.5 36 -3.40735
131 36 0.846822
87 36.5 8.4517
87.5 36.5 -8.89065
88 36.5 -3.97262
88.5 36.5 -2.01537
89 36.5 1.20901
89.5 36.5 0.763156
90 36.5 0.257926
90.5 36.5 0.0597011
91 36.5 -0.0403274
91.5 36.5 -0.454538
92 36.5 -1.30598
92.5 36.5 -1.99697
93 36.5 -2.16881
93.5 36.5 -4.01051
94 36.5 -6.55213
94.5 36.5 2.89832
95 36.5 0.711733
95.5 36.5 -0.282839
96 36.5 -0.690614
96.5 36.5 -0.634877
97 36.5 0.0330122
97.5 36.5 0.455765
98 36.5 0.630523
98.5 36.5 0.560945
99 36.5 0.311226
99.5 36.5 0.119075
100 36.5 -0.0583103
100.5 36.5 0.0375715
101 36.5 0.219512
101.5 36.5 0.291497
102 36.5 0.234161
102.5 36.5 0.295377
103 36.5 0.396113
103.5 36.5 0.384868
104 36.5 0.326738
104.5 36.5 0.333866
105 36.5 0.333438
105.5 36.5 0.267561
106 36.5 0.108123
106.5 36.5 0.15416
107 36.5 -0.113705
107.5 36.5 -0.0880313
108 36.5 0.276877
108.5 36.5 0.246555
109 36.5 0.410592
109.5 36.5 1.12779
110 36.5 0.477667
110.5 36.5 -0.000314912
111 36.5 1.46341
111.5 36.5 0.617167
112 36.5 0.885855
112.5 36.5 -1.55121
113 36.5 -1.69426
113.5 36.5 -1.63118
114 36.5 -1.81185
114.5 36.5 -1.99002
115 36.5 -0.969737
115.5 36.5 -0.177392
116 36.5 0.374996
116.5 36.5 0.631241
117 36.5 0.692416
117.5 36.5 0.817438
118 36.5 0.773279
118.5 36.5 0.617596
119 36.5 0.689947
119.5 36.5 0.685049
120 36.5 0.470423
120.5 36.5 0.396478
121 36.5 0.475213
121.5 36.5 0.595893
122 36.5 0.477629
122.5 36.5 0.498295
123 36.5 0.235668
123.5 36.5 0.242005
124 36.5 0.656145
124.5 36.5 0.621781
125 36.5 0.604667
125.5 36.5 0.338503
126 36.5 0.311398
126.5 36.5 0.434537
127 36.5 0.550235
127.5 36.5 0.536453
128 36.5 0.675555
128.5 36.5 0.145539
129 36.5 6.99216
129.5 36.5 -13.786
130 36.5 1.24267
130.5 36.5 0.858695
131 36.5 0.689937
87 37 -0.105612
87.5 37 3.31459
88 37 2.74613
88.5 37 7.11343
89 37 -9.40435
89.5 37 -2.59522
90 37 2.23354
90.5 37 1.27829
91 37 0.506894
91.5 37 -0.108782
92 37 0.161681
92.5 37 -0.172021
93 37 0.0114194
93.5 37 0.403778
94 37 0.337135
94.5 37 -1.04351
95 37 -3.63257
95.5 37 1.49101
96 37 0.856584
96.5 37 0.484377
97 37 -0.0928358
97.5 37 -0.318565
98 37 -0.115571
98.5 37 0.169565
99 37 0.411266
99.5 37 0.399785
100 37 0.275858
100.5 37 0.209161
101 37 0.138897
101.5 37 0.104597
102 37 0.153409
102.5 37 0.183823
103 37 0.19213
103.5 37 0.297336
104 37 0.372518
104.5 37 0.34176
105 37 0.274134
105.5 37 0.491171
106 37 0.441835
106.5 37 0.201198
107 37 0.192143
107.5 37 0.129043
108 37 0.0699295
108.5 37 0.166194
109 37 0.224898
109.5 37 0.357234
110 37 0.519877
110.5 37 0.583466
111 37 0.22665
111.5 37 0.111915
112 37 -0.0555223
112.5 37 0.134793
113 37 0.437949
113.5 37 -0.192134
114 37 -1.54875
114.5 37 -1.22617
115 37 -1.50976
115.5 37 -1.3173
116 37 -1.32663
116.5 37 -0.777286
117 37 -0.257183
117.5 37 0.0657214
118 37 0.362103
118.5 37 0.670484
119 37 0.698481
119.5 37 0.776162
120 37 0.627776
120.5 37 0.383384
121 37 0.314889
121.5 37 0.407832
122 37 0.518964
122.5 37 0.3928
123 37 0.497305
123.5 37 0.387766
124 37 0.455248
124.5 37 0.559714
125 37 0.622495
125.5 37 0.511177
126 37 0.358391
126.5 37 0.434463
127 37 0.520899
127.5 37 0.562174
128 37 0.684225
128.5 37 0.602009
129 37 0.330758
129.5 37 11.1298
130 37 -9.80807
130.5 37 1.37336
131 37 0.779934
87 37.5 0.271489
87.5 37.5 0.207059
88 37.5 0.296276
88.5 37.5 0.136591
89 37.5 2.96454
89.5 37.5 7.38214
90 37.5 -10.3242
90.5 37.5 -1.95691
91 37.5 0.558316
91.5 37.5 3.15567
92 37.5 0.40745
92.5 37.5 -0.187704
93 37.5 -0.462851
93.5 37.5 -0.380223
94 37.5 -0.005546
94.5 37.5 0.205808
95 37.5 0.371538
95.5 37.5 -0.752017
96 37.5 -0.849679
96.5 37.5 0.115742
97 37.5 1.00638
97.5 37.5 1.09776
98 37.5 0.800371
98.5 37.5 0.178355
99 37.5 -0.155719
99.5 37.5 -0.0710817
100 37.5 0.0830769
100.5 37.5 0.271837
101 37.5 0.234625
101.5 37.5 0.111793
102 37.5 0.0379423
102.5 37.5 -0.0722782
103 37.5 0.00860517
103.5 37.5 0.0935787
104 37.5 0.061498
104.5 37.5 0.169205
105 37.5 0.280103
105.5 37.5 0.399947
106 37.5 0.354536
106.5 37.5 0.480515
107 37.5 0.402346
107.5 37.5 0.374431
108 37.5 0.336189
108.5 37.5 0.148523
109 37.5 0.13004
109.5 37.5 0.247059
110 37.5 0.354316
110.5 37.5 0.530365
111 37.5 0.583962
111.5 37.5 0.410734
112 37.5 0.367835
112.5 37.5 0.375144
113 37.5 0.217425
113.5 37.5 0.290061
114 37.5 -0.280959
114.5 37.5 -1.00284
115 37.5 -0.446465
115.5 37.5 -0.492622
116 37.5 -0.541874
116.5 37.5 -0.765696
117 37.5 -1.12762
117.5 37.5 -0.91036
118 37.5 -0.531653
118.5 37.5 -0.332944
119 37.5 0.152202
119.5 37.5 0.708121
120 37.5 0.794364
120.5 37.5 0.491495
121 37.5 0.240138
121.5 37.5 0.191618
122 37.5 0.338927
122.5 37.5 0.501155
123 37.5 0.375315
123.5 37.5 0.515263
124 37.5 0.504776
124.5 37.5 0.637459
125 37.5 0.642362
125.5 37.5 0.587627
126 37.5 0.560951
126.5 37.5 0.500103
127 37.5 0.563001
127.5 37.5 0.595994
128 37.5 0.746916
128.5 37.5 0.66343
129 37.5 0.713402
129.5 37.5 -0.221804
130 37.5 11.1405
130.5 37.5 -9.63847
131 37.5 1.32505
87 38 -0.192835
87.5 38 -0.00427547
88 38 0.0777861
88.5 38 0.368936
89 38 0.115116
89.5 38 0.038222
90 38 8.9798
90.5 38 -8.42596
91 38 0.0803939
91.5 38 -11.474
92 38 -0.180344
92.5 38 1.43301
93 38 3.01846
93.5 38 2.49331
94 38 0.100963
94.5 38 0.184201
95 38 0.246828
95.5 38 0.262369
96 38 0.0360401
96.5 38 -0.391071
97 38 -0.965046
97.5 38 -0.767701
98 38 -0.0934949
98.5 38 0.767622
99 38 1.0522
99.5 38 0.638893
100 38 0.0696899
100.5 38 -0.253026
101 38 -0.0544397
101.5 38 0.219116
102 38 0.218008
102.5 38 0.290728
103 38 0.228462
103.5 38 0.179795
104 38 0.0678896
104.5 38 0.150612
105 38 0.154187
105.5 38 0.129687
106 38 0.145914
106.5 38 0.198979
107 38 0.391383
107.5 38 0.489514
108 38 0.556137
108.5 38 0.461439
109 38 0.354042
109.5 38 0.247421
110 38 0.217012
110.5 38 0.268796
111 38 0.442338
111.5 38 0.511147
112 38 0.481442
112.5 38 0.54442
113 38 0.650737
113.5 38 0.500093
114 38 0.394772
114.5 38 -0.333656
115 38 -0.839219
115.5 38 -0.422497
116 38 -0.261054
116.5 38 -0.384736
117 38 -0.34108
117.5 38 -0.472217
118 38 -0.694101
118.5 38 -0.553199
119 38 -0.215504
119.5 38 0.0601086
120 38 0.512461
120.5 38 0.866586
121 38 0.558017
121.5 38 0.293287
122 38 0.257905
122.5 38 0.365948
123 38 0.442783
123.5 38 0.415279
124 38 0.526126
124.5 38 0.623734
125 38 0.741709
125.5 38 0.76287
126 38 0.563256
126.5 38 0.700396
127 38 0.62454
127.5 38 0.684011
128 38 0.867454
128.5 38 0.765315
129 38 0.67203
129.5 38 0.671923
130 38 0.162929
130.5 38 11.3534
131 38 -9.73043
87 38.5 -0.0153599
87.5 38.5 -0.0301709
88 38.5 -0.0376046
88.5 38.5 -0.0693406
89 38.5 0.180011
89.5 38.5 0.333362
90 38.5 0.213188
90.5 38.5 3.63787
91 38.5 3.06919
91.5 38.5 4.1956
92 38.5 3.57029
92.5 38.5 1.35896
93 38.5 -13.4036
93.5 38.5 -8.14706
94 38.5 2.87267
94.5 38.5 0.740062
95 38.5 0.39558
95.5 38.5 -0.0340719
96 38.5 0.0392762
96.5 38.5 0.0372041
97 38.5 0.00307838
97.5 38.5 -0.0944185
98 38.5 -0.424651
98.5 38.5 -0.816859
99 38.5 -0.921331
99.5 38.5 -0.405199
100 38.5 0.567971
100.5 38.5 0.972626
101 38.5 0.693959
101.5 38.5 0.258226
102 38.5 0.135922
102.5 38.5 0.17043
103 38.5 0.26055
103.5 38.5 0.305164
104 38.5 0.37457
104.5 38.5 0.246723
105 38.5 0.16634
105.5 38.5 0.246873
106 38.5 0.149449
106.5 38.5 0.252874
107 38.5 0.461378
107.5 38.5 0.36868
108 38.5 0.475997
108.5 38.5 0.579522
109 38.5 0.563001
109.5 38.5 0.529816
110 38.5 0.344491
110.5 38.5 0.309326
111 38.5 0.256479
111.5 38.5 0.308193
112 38.5 0.399345
112.5 38.5 0.551641
113 38.5 0.595882
113.5 38.5 0.75347
114 38.5 0.584139
114.5 38.5 0.330205
115 38.5 -0.0432686
115.5 38.5 -0.310682
116 38.5 -0.0191823
116.5 38.5 0.0959008
117 38.5 -0.186967
117.5 38.5 -0.201201
118 38.5 -0.0933436
118.5 38.5 -0.400499
119 38.5 -0.592423
119.5 38.5 -0.124951
120 38.5 0.397906
120.5 38.5 0.620226
121 38.5 0.737576
121.5 38.5 0.547453
122 38.5 0.380264
122.5 38.5 0.373525
123 38.5 0.364163
123.5 38.5 0.431134
124 38.5 0.506973
124.5 38.5 0.621413
125 38.5 0.821407
125.5 38.5 0.758064
126 38.5 0.802461
126.5 38.5 0.709129
127 38.5 0.864973
127.5 38.5 0.801812
128 38.5 0.913293
128.5 38.5 0.937239
129 38.5 0.77378
129.5 38.5 1.01015
130 38.5 1.00432
130.5 38.5 0.237074
131 38.5 11.4258
87 39 0.0140261
87.5 39 0.142818
88 39 0.0331776
88.5 39 0.119138
89 39 0.0329141
89.5 39 0.090036
90 39 0.230278
90.5 39 0.0300452
91 39 0.10727
91.5 39 0.227714
92 39 0.496538
92.5 39 2.21586
93 39 5.34273
93.5 39 4.19339
94 39 3.12057
94.5 39 -5.90126
95 39 -1.2645
95.5 39 -0.282704
96 39 -0.604913
96.5 39 -0.339916
97 39 -0.145568
97.5 39 -0.0675128
98 39 0.032715
98.5 39 0.0818064
99 39 -0.0374143
99.5 39 -0.207831
100 39 -0.493346
100.5 39 -0.714266
101 39 -0.458083
101.5 39 0.389082
102 39 0.732876
102.5 39 0.622086
103 39 0.395933
103.5 39 0.373097
104 39 0.273235
104.5 39 0.407425
105 39 0.631691
105.5 39 0.713181
106 39 0.616508
106.5 39 0.674986
107 39 0.669643
107.5 39 0.510624
108 39 0.461504
108.5 39 0.389072
109 39 0.550013
109.5 39 0.500921
110 39 0.553322
110.5 39 0.432453
111 39 0.389553
111.5 39 0.234563
112 39 0.187781
112.5 39 0.398462
113 39 0.650307
113.5 39 0.773881
114 39 0.852098
114.5 39 0.745455
115 39 0.408512
115.5 39 0.114315
116 39 -0.0822131
116.5 39 0.0632675
117 39 0.493223
117.5 39 0.534935
118 39 0.230332
118.5 39 0.16121
119 39 -0.047652
119.5 39 -0.19865
120 39 0.172922
120.5 39 0.609765
121 39 0.692511
121.5 39 0.588628
122 39 0.578694
122.5 39 0.451734
123 39 0.387893
123.5 39 0.425079
124 39 0.500347
124.5 39 0.636233
125 39 0.718326
125.5 39 0.893018
126 39 0.833026
126.5 39 0.918671
127 39 0.976965
127.5 39 1.11309
128 39 1.055
128.5 39 1.12
129 39 0.971704
129.5 39 1.31079
130 39 1.16526
130.5 39 1.08543
87 39.5 0.293324
87.5 39.5 0.353418
88 39.5 0.406507
88.5 39.5 0.284317
89 39.5 0.311189
89.5 39.5 0.195508
90 39.5 0.0352895
90.5 39.5 0.0657561
91 39.5 0.18374
91.5 39.5 0.213073
92 39.5 0.395963
92.5 39.5 0.371894
93 39.5 0.226068
93.5 39.5 0.450743
94 39.5 0.870991
94.5 39.5 2.46386
95 39.5 1.58818
95.5 39.5 0.826469
96 39.5 0.225136
96.5 39.5 -0.399405
97 39.5 -0.984742
97.5 39.5 -0.846979
98 39.5 -0.566352
98.5 39.5 -0.357905
99 39.5 -0.0895388
99.5 39.5 0.0845384
100 39.5 0.202462
100.5 39.5 0.241281
101 39.5 0.0651998
101.5 39.5 -0.326379
102 39.5 -0.567448
102.5 39.5 -0.601881
103 39.5 -0.177802
103.5 39.5 0.204397
104 39.5 0.276046
104.5 39.5 0.221684
105 39.5 0.255552
105.5 39.5 0.230991
106 39.5 0.251071
106.5 39.5 0.359963
107 39.5 0.436165
107.5 39.5 0.345246
108 39.5 0.409901
108.5 39.5 0.545387
109 39.5 0.624828
109.5 39.5 0.763687
110 39.5 0.767274
110.5 39.5 0.778256
111 39.5 0.732593
111.5 39.5 0.47106
112 39.5 0.199876
112.5 39.5 0.047133
113 39.5 0.139049
113.5 39.5 0.367232
114 39.5 0.55252
114.5 39.5 0.747779
115 39.5 0.929811
115.5 39.5 0.890267
116 39.5 0.671519
116.5 39.5 0.40456
117 39.5 0.0625683
117.5 39.5 0.0251587
118 39.5 0.428508
118.5 39.5 0.477368
119 39.5 0.493191
119.5 39.5 0.503859
120 39.5 0.404226
120.5 39.5 0.545922
121 39.5 0.712792
121.5 39.5 0.771978
122 39.5 0.624564
122.5 39.5 0.608784
123 39.5 0.52505
123.5 39.5 0.550115
124 39.5 0.530686
124.5 39.5 0.609696
125 39.5 0.749798
125.5 39.5 0.795877
126 39.5 0.905145
126.5 39.5 1.0217
127 39.5 1.14717
127.5 39.5 1.30982
128 39.5 1.15081
128.5 39.5 1.37786
129 39.5 1.48644
129.5 39.5 1.54608
130 39.5 1.14591
130.5 39.5 1.21494
87 40 0.0901531
87.5 40 0.390695
88 40 0.331884
88.5 40 0.389165
89 40 0.237142
89.5 40 0.266965
90 40 0.211682
90.5 40 0.127825
91 40 0.109305
91.5 40 0.206592
92 40 0.170301
92.5 40 0.152732
93 40 0.268987
93.5 40 0.283871
94 40 0.338656
94.5 40 0.267556
95 40 0.428334
95.5 40 0.571091
96 40 0.764039
96.5 40 0.892565
97 40 0.92164
97.5 40 0.54157
98 40 0.227176
98.5 40 -0.102359
99 40 -0.391424
99.5 40 -0.673392
100 40 -0.701517
100.5 40 -0.698116
101 40 -0.561839
101.5 40 -0.400307
102 40 -0.317104
102.5 40 -0.297969
103 40 -0.539888
103.5 40 -0.716145
104 40 -0.698238
104.5 40 -0.59422
105 40 -0.374723
105.5 40 -0.157274
106 40 -0.0274393
106.5 40 0.17162
107 40 0.121166
107.5 40 0.0858292
108 40 -0.0390395
108.5 40 -0.105275
109 40 0.0111265
109.5 40 0.171005
110 40 0.323924
110.5 40 0.574525
111 40 0.78354
111.5 40 0.782775
112 40 0.48558
112.5 40 0.341611
113 40 0.168264
113.5 40 0.169315
114 40 0.281034
114.5 40 0.395835
115 40 0.427479
115.5 40 0.513841
116 40 0.376218
116.5 40 0.400889
117 40 0.52865
117.5 40 0.551151
118 40 0.376339
118.5 40 0.472689
119 40 0.439929
119.5 40 0.452938
120 40 0.419456
120.5 40 0.367654
121 40 0.528048
121.5 40 0.690348
122 40 0.796923
122.5 40 0.71225
123 40 0.707457
123.5 40 0.654661
124 40 0.685903
124.5 40 0.659624
125 40 0.795318
125.5 40 0.870675
126 40 0.993176
126.5 40 1.12568
127 40 1.28069
127.5 40 1.52572
130.5 40 1.25831
87 40.5 0.318637
87.5 40.5 0.15354
88 40.5 0.242715
88.5 40.5 0.285876
89 40.5 0.363944
89.5 40.5 0.395114
90 40.5 0.44817
90.5 40.5 0.44334
91 40.5 0.462064
91.5 40.5 0.373987
92 40.5 0.244128
92.5 40.5 0.179434
93 40.5 0.0839422
93.5 40.5 0.080744
94 40.5 0.068958
94.5 40.5 0.106824
95 40.5 0.106547
95.5 40.5 0.112661
96 40.5 0.149377
96.5 40.5 0.243107
97 40.5 0.321266
97.5 40.5 0.420699
98 40.5 0.600804
98.5 40.5 0.74854
99 40.5 0.976556
99.5 40.5 1.00302
100 40.5 0.91991
100.5 40.5 0.74679
101 40.5 0.509653
101.5 40.5 0.225733
102 40.5 0.101738
102.5 40.5 -0.135957
103 40.5 -0.200851
103.5 40.5 -0.309196
104 40.5 -0.526552
104.5 40.5 -0.725149
105 40.5 -1.07824
105.5 40.5 -1.21132
106 40.5 -1.25824
106.5 40.5 -1.22896
107 40.5 -0.863076
107.5 40.5 -0.483634
108 40.5 -0.271183
108.5 40.5 -0.196471
109 40.5 -0.223141
109.5 40.5 -0.350509
110 40.5 -0.403553
110.5 40.5 -0.412067
111 40.5 -0.100394
111.5 40.5 0.0945973
112 40.5 0.32079
112.5 40.5 0.360126
113 40.5 0.397475
113.5 40.5 0.399239
114 40.5 0.398033
114.5 40.5 0.430081
115 40.5 0.513079
115.5 40.5 0.644151
116 40.5 0.692004
116.5 40.5 0.69982
117 40.5 0.731624
117.5 40.5 0.583556
118 40.5 0.515559
118.5 40.5 0.342746
119 40.5 0.279234
119.5 40.5 0.190154
120 40.5 0.191907
120.5 40.5 0.212992
121 40.5 0.297188
121.5 40.5 0.584829
122 40.5 0.743686
122.5 40.5 0.854336
123 40.5 0.845866
123.5 40.5 0.781261
124 40.5 0.738023
124.5 40.5 0.806142
125 40.5 0.87421
125.5 40.5 0.956294
126 40.5 1.11329
126.5 40.5 1.24649
127 40.5 1.0926
131 40.5 12.7401
87 41 0.445391
87.5 41 0.676656
88 41 0.466974
88.5 41 0.522457
89 41 0.396621
89.5 41 0.395025
90 41 0.397953
90.5 41 0.363059
91 41 0.381907
91.5 41 0.403556
92 41 0.383485
92.5 41 0.370163
93 41 0.389386
93.5 41 0.323429
94 41 0.358489
94.5 41 0.294863
95 41 0.3114
95.5 41 0.277048
96 41 0.321061
96.5 41 0.331745
97 41 0.288476
97.5 41 0.213733
98 41 0.0795187
98.5 41 -0.0186611
99 41 -0.0172855
99.5 41 -0.00639477
100 41 0.0711493
100.5 41 0.163386
101 41 0.263569
101.5 41 0.330196
102 41 0.425025
102.5 41 0.458458
103 41 0.426112
103.5 41 0.431419
104 41 0.499165
104.5 41 0.426549
105 41 0.355547
105.5 41 0.14257
106 41 -0.180443
106.5 41 -0.490833
107 41 -0.447196
107.5 41 -0.148729
108 41 0.189228
108.5 41 0.381285
109 41 0.432858
109.5 41 0.430779
110 41 0.353562
110.5 41 0.194692
111 41 0.115926
111.5 41 0.174277
112 41 0.112859
112.5 41 0.262964
113 41 0.243556
113.5 41 0.336303
114 41 0.497841
114.5 41 0.556461
115 41 0.600933
115.5 41 0.676922
116 41 0.679872
116.5 41 0.641456
117 41 0.588293
117.5 41 0.5897
118 41 0.492013
118.5 41 0.451952
119 41 0.399532
119.5 41 0.344859
120 41 0.363046
120.5 41 0.16308
121 41 0.145934
121.5 41 0.176894
122 41 0.507173
122.5 41 0.704849
123 41 0.861379
123.5 41 0.787276
124 41 0.726992
124.5 41 0.925485
125 41 1.01651
125.5 41 1.14588
126 41 1.2107
126.5 41 1.4373
127 41 1.72826
87 41.5 0.70501
87.5 41.5 0.549731
88 41.5 0.635116
88.5 41.5 0.47553
89 41.5 0.43947
89.5 41.5 0.428258
90 41.5 0.398824
90.5 41.5 0.367362
91 41.5 0.337631
91.5 41.5 0.241499
92 41.5 0.248008
92.5 41.5 0.20615
93 41.5 0.212334
93.5 41.5 0.282309
94 41.5 0.217731
94.5 41.5 0.264387
95 41.5 0.268543
95.5 41.5 0.265285
96 41.5 0.219588
96.5 41.5 0.273617
97 41.5 0.293086
97.5 41.5 0.306151
98 41.5 0.338544
98.5 41.5 0.37329
99 41.5 0.413888
99.5 41.5 0.433549
100 41.5 0.457364
100.5 41.5 0.497107
101 41.5 0.502652
101.5 41.5 0.542772
102 41.5 0.585759
102.5 41.5 0.639318
103 41.5 0.612824
103.5 41.5 0.712368
104 41.5 0.609649
104.5 41.5 0.634471
105 41.5 0.619289
105.5 41.5 0.723759
106 41.5 0.828506
106.5 41.5 0.630446
107 41.5 0.471198
107.5 41.5 0.429029
108 41.5 0.437909
108.5 41.5 0.535851
109 41.5 0.598786
109.5 41.5 0.5537
110 41.5 0.554117
110.5 41.5 0.414742
111 41.5 0.349415
111.5 41.5 0.321208
112 41.5 0.303349
112.5 41.5 0.188761
113 41.5 0.273733
113.5 41.5 0.185956
114 41.5 0.163048
114.5 41.5 0.138015
115 41.5 0.0816559
115.5 41.5 0.0835223
116 41.5 0.106886
116.5 41.5 0.256757
117 41.5 0.333717
117.5 41.5 0.383108
118 41.5 0.476311
118.5 41.5 0.495118
119 41.5 0.53535
119.5 41.5 0.625454
120 41.5 0.574126
120.5 41.5 0.568323
121 41.5 0.377353
121.5 41.5 0.426667
122 41.5 0.356021
122.5 41.5 0.499235
123 41.5 0.578246
123.5 41.5 0.613936
124 41.5 0.635053
124.5 41.5 0.770255
125 41.5 0.898241
125.5 41.5 1.06717
126 41.5 1.21372
126.5 41.5 1.40266
87 42 0.186157
87.5 42 0.149966
88 42 0.180389
88.5 42 0.0858065
89 42 0.0914019
89.5 42 0.17427
90 42 0.16821
90.5 42 0.179007
91 42 0.154963
91.5 42 0.15468
92 42 0.00650891
92.5 42 0.0662472
93 42 0.0282261
93.5 42 -0.0136803
94 42 -0.00980503
94.5 42 -0.0275885
95 42 -0.0248104
95.5 42 -0.0454152
96 42 -0.0714258
96.5 42 -0.12061
97 42 -0.0704085
97.5 42 -0.119751
98 42 -0.0754649
98.5 42 -0.130533
99 42 -0.067943
99.5 42 -0.0444891
100 42 -0.0209138
100.5 42 -0.073708
101 42 -0.048063
101.5 42 0.0129916
102 42 -0.0518671
102.5 42 0.0128853
103 42 0.0531888
103.5 42 0.0651801
104 42 0.0857008
104.5 42 0.127334
105 42 0.18829
105.5 42 0.281191
106 42 0.29989
106.5 42 0.291094
107 42 0.28712
107.5 42 0.394947
108 42 0.366288
108.5 42 0.424098
109 42 0.254545
109.5 42 0.285492
110 42 0.12164
110.5 42 0.173399
111 42 0.147849
111.5 42 0.150539
112 42 0.140333
112.5 42 0.208059
113 42 0.156117
113.5 42 0.190099
114 42 0.192378
114.5 42 0.21972
115 42 0.263643
115.5 42 0.188647
116 42 0.253144
116.5 42 0.213233
117 42 0.203201
117.5 42 0.21359
118 42 0.108661
118.5 42 0.116404
119 42 0.14814
119.5 42 0.198873
120 42 0.345455
120.5 42 0.423809
121 42 0.650597
121.5 42 0.619674
122 42 0.623578
122.5 42 0.595254
123 42 0.698301
123.5 42 0.814705
124 42 0.727346
124.5 42 0.882632
125 42 0.856686
125.5 42 1.02382
126 42 1.15237
126.5 42 1.38105
127 42 1.09693
87 42.5 -0.0286053
87.5 42.5 -0.0295747
88 42.5 -0.0564818
88.5 42.5 -0.0220719
89 42.5 -0.0815669
89.5 42.5 -0.00710141
90 42.5 -0.024863
90.5 42.5 -0.0219359
91 42.5 -0.010103
91.5 42.5 0.0266084
92 42.5 0.160735
92.5 42.5 0.146114
93 42.5 0.210984
93.5 42.5 0.252126
94 42.5 0.265502
94.5 42.5 0.219163
95 42.5 0.241386
95.5 42.5 0.197905
96 42.5 0.171814
96.5 42.5 0.198163
97 42.5 0.186245
97.5 42.5 0.217003
98 42.5 0.17341
98.5 42.5 0.236982
99 42.5 0.301205
99.5 42.5 0.265999
100 42.5 0.238557
100.5 42.5 0.270134
101 42.5 0.301188
101.5 42.5 0.240525
102 42.5 0.291705
102.5 42.5 0.224495
103 42.5 0.240948
103.5 42.5 0.206775
104 42.5 0.131233
104.5 42.5 0.0281267
105 42.5 0.0484378
105.5 42.5 0.0265375
106 42.5 0.0539392
106.5 42.5 0.119372
107 42.5 0.241382
107.5 42.5 0.210384
108 42.5 0.247594
108.5 42.5 0.110566
109 42.5 0.105117
109.5 42.5 0.0661825
110 42.5 0.143835
110.5 42.5 0.075446
111 42.5 0.11037
111.5 42.5 0.102362
112 42.5 0.145502
112.5 42.5 0.169426
113 42.5 0.214373
113.5 42.5 0.134097
114 42.5 0.129205
114.5 42.5 0.133417
115 42.5 0.15187
115.5 42.5 0.176648
116 42.5 0.107222
116.5 42.5 0.211375
117 42.5 0.197302
117.5 42.5 0.353522
118 42.5 0.506416
118.5 42.5 0.607612
119 42.5 0.720366
119.5 42.5 0.752882
120 42.5 0.676112
120.5 42.5 0.677697
121 42.5 0.643738
121.5 42.5 0.647072
122 42.5 0.790215
122.5 42.5 0.72088
123 42.5 0.829761
123.5 42.5 0.819737
124 42.5 0.865245
124.5 42.5 0.819671
125 42.5 0.9052
125.5 42.5 0.988991
126 42.5 1.10884
126.5 42.5 1.29348
127 42.5 1.42011
127.5 42.5 1.62048
131 42.5 1.57301
87 43 0.462518
87.5 43 0.152142
88 43 0.119091
88.5 43 -0.0209569
89 43 -0.0975804
89.5 43 -0.204202
90 43 -0.164864
90.5 43 -0.14389
91 43 -0.0713551
91.5 43 -0.0367686
92 43 -0.059168
92.5 43 0.0432193
93 43 0.041921
93.5 43 0.0490159
94 43 0.0425729
94.5 43 0.115327
95 43 0.0163324
95.5 43 0.0552509
96 43 0.0509329
96.5 43 0.0516489
97 43 0.0835245
97.5 43 0.00442845
98 43 0.0714959
98.5 43 0.00736861
99 43 0.0159478
99.5 43 -0.0089481
100 43 0.0179094
100.5 43 0.0466323
101 43 0.0154102
101.5 43 0.144809
102 43 0.00160116
102.5 43 0.0835432
103 43 0.0458129
103.5 43 0.103621
104 43 0.0235923
104.5 43 0.0272384
105 43 -0.0529727
105.5 43 -0.000354564
106 43 -0.0332054
106.5 43 0.0171256
107 43 -0.0249397
107.5 43 0.0555113
108 43 -0.14657
108.5 43 -0.0251165
109 43 -0.0733271
109.5 43 0.03976
110 43 -0.0802323
110.5 43 0.0234789
111 43 -0.0995314
111.5 43 -0.0862637
112 43 -0.0374406
112.5 43 0.132238
113 43 0.137061
113.5 43 0.134708
114 43 0.148345
114.5 43 0.180216
115 43 0.233281
115.5 43 0.286368
116 43 0.334681
116.5 43 0.330476
117 43 0.438707
117.5 43 0.36367
118 43 0.41968
118.5 43 0.325535
119 43 0.346415
119.5 43 0.32604
120 43 0.319804
120.5 43 0.341757
121 43 0.406983
121.5 43 0.503168
122 43 0.447167
122.5 43 0.640984
123 43 0.721699
123.5 43 0.760782
124 43 0.776993
124.5 43 0.815869
125 43 0.918397
125.5 43 0.891611
126 43 1.06466
126.5 43 1.12856
127 43 1.22123
127.5 43 1.30681
128 43 1.14289
128.5 43 1.54272
129 43 1.58655
129.5 43 1.58779
130 43 1.34114
130.5 43 1.17621
131 43 1.19834
87 43.5 0.0463969
87.5 43.5 0.0926902
88 43.5 0.206686
88.5 43.5 0.234681
89 43.5 0.151991
89.5 43.5 0.197832
90 43.5 0.148482
90.5 43.5 0.121986
91 43.5 0.0833065
91.5 43.5 0.0624767
92 43.5 0.0225455
92.5 43.5 0.0170925
93 43.5 0.0359497
93.5 43.5 0.0288426
94 43.5 0.0487902
94.5 43.5 -0.00518347
95 43.5 0.0173005
95.5 43.5 -0.0375164
96 43.5 -0.0363696
96.5 43.5 -0.0502169
97 43.5 -0.0792098
97.5 43.5 0.0381831
98 43.5 -0.0597602
98.5 43.5 0.0171306
99 43.5 0.0254816
99.5 43.5 0.0412221
100 43.5 0.0371379
100.5 43.5 0.00417192
101 43.5 0.0334054
101.5 43.5 -0.122989
102 43.5 -0.0431382
102.5 43.5 -0.159815
103 43.5 -0.148049
103.5 43.5 -0.134611
104 43.5 -0.0840202
104.5 43.5 -0.151211
105 43.5 -0.0047882
105.5 43.5 -0.0474832
106 43.5 -0.0180846
106.5 43.5 0.0472793
107 43.5 0.0839286
107.5 43.5 0.0110854
108 43.5 0.131003
108.5 43.5 0.148782
109 43.5 0.159695
109.5 43.5 0.194097
110 43.5 0.198014
110.5 43.5 0.116357
111 43.5 0.125871
111.5 43.5 0.0704549
112 43.5 0.196989
112.5 43.5 0.244442
113 43.5 0.277922
113.5 43.5 0.289598
114 43.5 0.332984
114.5 43.5 0.288797
115 43.5 0.338865
115.5 43.5 0.357623
116 43.5 0.375388
116.5 43.5 0.435115
117 43.5 0.439334
117.5 43.5 0.480507
118 43.5 0.435137
118.5 43.5 0.422825
119 43.5 0.328072
119.5 43.5 0.299998
120 43.5 0.188656
120.5 43.5 0.194925
121 43.5 0.23524
121.5 43.5 0.387407
122 43.5 0.68693
122.5 43.5 0.678391
123 43.5 0.763971
123.5 43.5 0.697725
124 43.5 0.733128
124.5 43.5 0.786555
125 43.5 0.817035
125.5 43.5 0.913481
126 43.5 0.911947
126.5 43.5 1.07382
127 43.5 0.990183
127.5 43.5 1.10683
128 43.5 1.20754
128.5 43.5 1.25049
129 43.5 1.38758
129.5 43.5 1.18698
130 43.5 1.1978
130.5 43.5 1.27124
131 43.5 1.02119
87 44 -0.552269
87.5 44 -0.398047
88 44 -0.232384
88.5 44 -0.0287699
89 44 0.0195414
89.5 44 0.0152206
90 44 0.0698316
90.5 44 0.12252
91 44 0.274656
91.5 44 0.257379
92 44 0.244425
92.5 44 0.232169
93 44 0.204056
93.5 44 0.188185
94 44 0.159906
94.5 44 0.135942
95 44 0.123073
95.5 44 0.229791
96 44 0.16255
96.5 44 0.180795
97 44 0.21928
97.5 44 0.121616
98 44 0.191719
98.5 44 0.0483599
99 44 0.0882787
99.5 44 0.0942813
100 44 0.094819
100.5 44 0.0639608
101 44 0.0382003
101.5 44 0.194863
102 44 0.15082
102.5 44 0.263456
103 44 0.256802
103.5 44 0.299856
104 44 0.269535
104.5 44 0.398048
105 44 0.353518
105.5 44 0.396257
106 44 0.380996
106.5 44 0.430115
107 44 0.460218
107.5 44 0.465771
108 44 0.432619
108.5 44 0.444263
109 44 0.423008
109.5 44 0.351896
110 44 0.347745
110.5 44 0.385888
111 44 0.354396
111.5 44 0.409412
112 44 0.410332
112.5 44 0.439026
113 44 0.346531
113.5 44 0.289353
114 44 0.289082
114.5 44 0.269712
115 44 0.309365
115.5 44 0.436708
116 44 0.437121
116.5 44 0.512884
117 44 0.514849
117.5 44 0.504102
118 44 0.425113
118.5 44 0.364237
119 44 0.285537
119.5 44 0.257951
120 44 0.293865
120.5 44 0.28769
121 44 0.446772
121.5 44 0.584752
122 44 0.595434
122.5 44 0.750696
123 44 0.622989
123.5 44 0.565694
124 44 0.479634
124.5 44 0.716302
125 44 0.678807
125.5 44 0.829642
126 44 0.938163
126.5 44 0.843551
127 44 0.980156
127.5 44 0.914516
128 44 1.02106
128.5 44 1.12277
129 44 1.16025
129.5 44 0.896672
130 44 0.984923
130.5 44 0.988552
131 44 1.09232
87 44.5 0.0103421
87.5 44.5 0.027085
88 44.5 0.00952514
88.5 44.5 0.0566503
89 44.5 0.106858
89.5 44.5 0.0992274
90 44.5 0.115154
90.5 44.5 0.0828452
91 44.5 0.0927014
91.5 44.5 0.115546
92 44.5 0.0913908
92.5 44.5 0.101286
93 44.5 0.185711
93.5 44.5 0.206174
94 44.5 0.135002
94.5 44.5 0.196296
95 44.5 0.177522
95.5 44.5 0.232178
96 44.5 0.201831
96.5 44.5 0.239514
97 44.5 0.249128
97.5 44.5 0.349688
98 44.5 0.290775
98.5 44.5 0.289139
99 44.5 0.250194
99.5 44.5 0.307053
100 44.5 0.228273
100.5 44.5 0.208542
101 44.5 0.238149
101.5 44.5 0.172261
102 44.5 0.209081
102.5 44.5 0.141442
103 44.5 0.223158
103.5 44.5 0.193673
104 44.5 0.225434
104.5 44.5 0.201139
105 44.5 0.275082
105.5 44.5 0.200767
106 44.5 0.160301
106.5 44.5 0.231049
107 44.5 0.235569
107.5 44.5 0.25535
108 44.5 0.27705
108.5 44.5 0.324659
109 44.5 0.284591
109.5 44.5 0.305515
110 44.5 0.304722
110.5 44.5 0.29639
111 44.5 0.236594
111.5 44.5 0.284242
112 44.5 0.298496
112.5 44.5 0.289891
113 44.5 0.285693
113.5 44.5 0.282465
114 44.5 0.253264
114.5 44.5 0.281636
115 44.5 0.250611
115.5 44.5 0.311832
116 44.5 0.276491
116.5 44.5 0.268911
117 44.5 0.310352
117.5 44.5 0.366002
118 44.5 0.359909
118.5 44.5 0.378087
119 44.5 0.444733
119.5 44.5 0.467194
120 44.5 0.491878
120.5 44.5 0.569268
121 44.5 0.477971
121.5 44.5 0.567017
122 44.5 0.723654
122.5 44.5 0.529334
123 44.5 0.436982
123.5 44.5 0.154689
124 44.5 0.477388
124.5 44.5 0.614191
125 44.5 0.827976
125.5 44.5 0.744331
126 44.5 0.839624
126.5 44.5 0.891015
127 44.5 0.740554
127.5 44.5 0.900677
128 44.5 0.877633
128.5 44.5 1.11071
129 44.5 0.997841
129.5 44.5 0.712002
130 44.5 0.683669
130.5 44.5 0.941561
131 44.5 0.888965
87 45 0.284072
87.5 45 0.248628
88 45 0.283156
88.5 45 0.328501
89 45 0.289638
89.5 45 0.276879
90 45 0.206548
90.5 45 0.257829
91 45 0.186028
91.5 45 0.211955
92 45 0.189125
92.5 45 0.199805
93 45 0.156884
93.5 45 0.129724
94 45 0.153974
94.5 45 0.0853013
95 45 0.12498
95.5 45 0.135157
96 45 0.136087
96.5 45 0.0779029
97 45 0.159911
97.5 45 0.12842
98 45 0.185506
98.5 45 0.134751
99 45 0.113745
99.5 45 0.110567
100 45 0.171446
100.5 45 0.176736
101 45 0.239119
101.5 45 0.184226
102 45 0.208222
102.5 45 0.19209
103 45 0.184239
103.5 45 0.26521
104 45 0.185073
104.5 45 0.256372
105 45 0.208964
105.5 45 0.235922
106 45 0.221856
106.5 45 0.221805
107 45 0.234584
107.5 45 0.192609
108 45 0.188011
108.5 45 0.235333
109 45 0.258879
109.5 45 0.337826
110 45 0.309697
110.5 45 0.380133
111 45 0.354548
111.5 45 0.360365
112 45 0.36981
112.5 45 0.367821
113 45 0.363652
113.5 45 0.336905
114 45 0.338417
114.5 45 0.305177
115 45 0.272125
115.5 45 0.248518
116 45 0.198875
116.5 45 0.261666
117 45 0.287714
117.5 45 0.257296
118 45 0.361026
118.5 45 0.438382
119 45 0.47343
119.5 45 0.537827
120 45 0.558618
120.5 45 0.501405
121 45 0.586368
121.5 45 0.621623
122 45 0.430529
122.5 45 0.36796
123 45 0.0895729
123.5 45 0.360908
124 45 0.354801
124.5 45 0.693153
125 45 0.649545
125.5 45 0.888037
126 45 0.768946
126.5 45 0.667022
127 45 0.839214
127.5 45 0.698663
128 45 0.814217
128.5 45 1.02577
129 45 0.883758
129.5 45 0.650947
130 45 0.563853
130.5 45 0.674053
131 45 0.878361
87 45.5 0.25678
87.5 45.5 0.229184
88 45.5 0.293336
88.5 45.5 0.342998
89 45.5 0.307207
89.5 45.5 0.248943
90 45.5 0.307742
90.5 45.5 0.273968
91 45.5 0.328979
91.5 45.5 0.223181
92 45.5 0.241435
92.5 45.5 0.174041
93 45.5 0.209161
93.5 45.5 0.240234
94 45.5 0.198646
94.5 45.5 0.263908
95 45.5 0.201335
95.5 45.5 0.248076
96 45.5 0.17613
96.5 45.5 0.188923
97 45.5 0.184116
97.5 45.5 0.135908
98 45.5 0.148714
98.5 45.5 0.174104
99 45.5 0.104282
99.5 45.5 0.135206
100 45.5 0.0859745
100.5 45.5 0.138063
101 45.5 0.155386
101.5 45.5 0.103958
102 45.5 0.115354
102.5 45.5 0.121738
103 45.5 0.103338
103.5 45.5 0.136589
104 45.5 0.122148
104.5 45.5 0.10047
105 45.5 0.0891727
105.5 45.5 0.0537116
106 45.5 0.0959378
106.5 45.5 0.0972086
107 45.5 0.147796
107.5 45.5 0.110078
108 45.5 0.18191
108.5 45.5 0.201957
109 45.5 0.26501
109.5 45.5 0.223628
110 45.5 0.290634
110.5 45.5 0.205932
111 45.5 0.232792
111.5 45.5 0.190547
112 45.5 0.208047
112.5 45.5 0.177184
113 45.5 0.145878
113.5 45.5 0.155915
114 45.5 0.126195
114.5 45.5 0.121625
115 45.5 0.194167
115.5 45.5 0.206002
116 45.5 0.315579
116.5 45.5 0.345076
117 45.5 0.297441
117.5 45.5 0.352194
118 45.5 0.286373
118.5 45.5 0.342321
119 45.5 0.492901
119.5 45.5 0.478053
120 45.5 0.500501
120.5 45.5 0.587874
121 45.5 0.461364
121.5 45.5 0.308499
122 45.5 0.366089
122.5 45.5 0.214221
123 45.5 0.329312
123.5 45.5 0.0788924
124 45.5 0.494027
124.5 45.5 0.380227
125 45.5 0.828121
125.5 45.5 0.566459
126 45.5 0.627359
126.5 45.5 0.779513
127 45.5 0.761912
127.5 45.5 0.730994
128 45.5 0.735876
128.5 45.5 0.87044
129 45.5 0.833321
129.5 45.5 0.708892
130 45.5 0.594444
130.5 45.5 0.543073
131 45.5 0.659201
87 46 0.194815
87.5 46 0.376463
88 46 0.218609
88.5 46 0.220954
89 46 0.298618
89.5 46 0.332464
90 46 0.313836
90.5 46 0.270774
91 46 0.244249
91.5 46 0.263099
92 46 0.19707
92.5 46 0.27754
93 46 0.214735
93.5 46 0.214684
94 46 0.28488
94.5 46 0.191359
95 46 0.160061
95.5 46 0.138144
96 46 0.208755
96.5 46 0.138053
97 46 0.176304
97.5 46 0.148912
98 46 0.142394
98.5 46 0.107097
99 46 0.159557
99.5 46 0.132918
100 46 0.111579
100.5 46 0.159354
101 46 0.182163
101.5 46 0.0913931
102 46 0.112444
102.5 46 0.070032
103 46 0.0827925
103.5 46 0.0677638
104 46 0.100818
104.5 46 0.155197
105 46 0.14867
105.5 46 0.184984
106 46 0.210948
106.5 46 0.199743
107 46 0.226819
107.5 46 0.230047
108 46 0.22789
108.5 46 0.268954
109 46 0.244693
109.5 46 0.235201
110 46 0.219842
110.5 46 0.268866
111 46 0.209751
111.5 46 0.234362
112 46 0.206882
112.5 46 0.192546
113 46 0.134263
113.5 46 0.0863682
114 46 0.152655
114.5 46 0.116661
115 46 0.132999
115.5 46 0.28441
116 46 0.295543
116.5 46 0.458176
117 46 0.442806
117.5 46 0.256684
118 46 0.379098
118.5 46 0.401213
119 46 0.364179
119.5 46 0.46717
120 46 0.470681
120.5 46 0.349738
121 46 0.326016
121.5 46 0.348184
122 46 0.291355
122.5 46 0.366973
123 46 0.145133
123.5 46 0.44815
124 46 0.186711
124.5 46 0.458892
125 46 0.372262
125.5 46 0.529702
126 46 0.621176
126.5 46 0.667223
127 46 0.88419
127.5 46 0.716784
128 46 0.643917
128.5 46 0.722202
129 46 0.771541
129.5 46 0.748891
130 46 0.54694
130.5 46 0.425967
131 46 0.486751
87 46.5 0.445266
87.5 46.5 0.252719
88 46.5 0.286903
88.5 46.5 0.239053
89 46.5 0.34455
89.5 46.5 0.2716
90 46.5 0.111271
90.5 46.5 0.104963
91 46.5 0.0866781
91.5 46.5 0.102824
92 46.5 0.188398
92.5 46.5 0.101977
93 46.5 0.1865
93.5 46.5 0.109359
94 46.5 0.0967779
94.5 46.5 0.124701
95 46.5 0.0471367
95.5 46.5 0.0765484
96 46.5 0.0497686
96.5 46.5 -0.00397318
97 46.5 0.0940727
97.5 46.5 0.031602
98 46.5 0.00224578
98.5 46.5 0.0492013
99 46.5 -0.00376842
99.5 46.5 0.0132827
100 46.5 0.0229531
100.5 46.5 0.0313026
101 46.5 0.0383039
101.5 46.5 0.0682521
102 46.5 0.0741493
102.5 46.5 0.109609
103 46.5 0.133161
103.5 46.5 0.141429
104 46.5 0.133751
104.5 46.5 0.138464
105 46.5 0.154905
105.5 46.5 0.150498
106 46.5 0.144446
106.5 46.5 0.163438
107 46.5 0.144749
107.5 46.5 0.127504
108 46.5 0.152935
108.5 46.5 0.158189
109 46.5 0.128493
109.5 46.5 0.173796
110 46.5 0.14858
110.5 46.5 0.144315
111 46.5 0.183358
111.5 46.5 0.199415
112 46.5 0.280379
112.5 46.5 0.285267
113 46.5 0.2591
113.5 46.5 0.400522
114 46.5 0.336289
114.5 46.5 0.290037
115 46.5 0.269899
115.5 46.5 0.328307
116 46.5 0.446392
116.5 46.5 0.360924
117 46.5 0.364097
117.5 46.5 0.511628
118 46.5 0.390788
118.5 46.5 0.400218
119 46.5 0.395048
119.5 46.5 0.348279
120 46.5 0.317847
120.5 46.5 0.362354
121 46.5 0.364704
121.5 46.5 0.372687
122 46.5 0.461376
122.5 46.5 0.354547
123 46.5 0.430386
123.5 46.5 0.365676
124 46.5 0.0327462
124.5 46.5 0.0768798
125 46.5 0.438667
125.5 46.5 0.397153
126 46.5 0.563406
126.5 46.5 0.532807
127 46.5 0.75946
127.5 46.5 0.76269
128 46.5 0.57145
128.5 46.5 0.6421
129 46.5 0.789341
129.5 46.5 0.752478
130 46.5 0.531691
130.5 46.5 0.195688
131 46.5 0.393754
87 47 0.257383
87.5 47 0.361516
88 47 0.239095
88.5 47 0.319136
89 47 0.230372
89.5 47 0.100612
90 47 0.00853314
90.5 47 -0.0403213
91 47 0.0105586
91.5 47 0.0439036
92 47 -0.00502403
92.5 47 0.142771
93 47 -0.0139621
93.5 47 0.00286588
94 47 0.0775618
94.5 47 0.0146051
95 47 -0.00629558
95.5 47 -0.00138248
96 47 -0.00652533
96.5 47 -0.0501354
97 47 -0.00787973
97.5 47 0.0221468
98 47 0.0203003
98.5 47 0.00948144
99 47 0.0407223
99.5 47 0.0588593
100 47 0.0755265
100.5 47 0.0956134
101 47 0.160546
101.5 47 0.121072
102 47 0.163104
102.5 47 0.150344
103 47 0.151812
103.5 47 0.151214
104 47 0.135135
104.5 47 0.156873
105 47 0.152473
105.5 47 0.152788
106 47 0.178625
106.5 47 0.187343
107 47 0.211652
107.5 47 0.225178
108 47 0.186612
108.5 47 0.211362
109 47 0.214745
109.5 47 0.239964
110 47 0.242445
110.5 47 0.270438
111 47 0.265363
111.5 47 0.314421
112 47 0.278797
112.5 47 0.337616
113 47 0.284921
113.5 47 0.234345
114 47 0.349128
114.5 47 0.230734
115 47 0.315457
115.5 47 0.344693
116 47 0.2606
116.5 47 0.420592
117 47 0.39664
117.5 47 0.28057
118 47 0.369565
118.5 47 0.359967
119 47 0.358675
119.5 47 0.283908
120 47 0.366993
120.5 47 0.358645
121 47 0.414289
121.5 47 0.537596
122 47 0.44479
122.5 47 0.456607
123 47 0.613519
123.5 47 -0.269957
124 47 0.0287373
124.5 47 0.152811
125 47 0.29759
125.5 47 0.453777
126 47 0.354263
126.5 47 0.489622
127 47 0.688643
127.5 47 0.627493
128 47 0.606478
128.5 47 0.572962
129 47 0.842448
129.5 47 0.721877
130 47 0.543008
130.5 47 0.0124938
131 47 0.196855
87 47.5 0.160794
87.5 47.5 0.0688277
88 47.5 0.0816142
88.5 47.5 0.00450969
89 47.5 0.0337992
89.5 47.5 -0.0521734
90 47.5 -0.067087
90.5 47.5 0.0144964
91 47.5 -0.020415
91.5 47.5 0.0154717
92 47.5 0.00446983
92.5 47.5 -0.0755147
93 47.5 0.0166534
93.5 47.5 -0.0709276
94 47.5 0.03026
94.5 47.5 0.0634332
95 47.5 0.0645778
95.5 47.5 0.0873095
96 47.5 0.0936442
96.5 47.5 0.0863179
97 47.5 0.131522
97.5 47.5 0.106192
98 47.5 0.114521
98.5 47.5 0.167176
99 47.5 0.138611
99.5 47.5 0.139756
100 47.5 0.129154
100.5 47.5 0.144412
101 47.5 0.136582
101.5 47.5 0.158586
102 47.5 0.204576
102.5 47.5 0.141801
103 47.5 0.161996
103.5 47.5 0.177375
104 47.5 0.145677
104.5 47.5 0.155365
105 47.5 0.192105
105.5 47.5 0.164099
106 47.5 0.203346
106.5 47.5 0.171568
107 47.5 0.180551
107.5 47.5 0.192555
108 47.5 0.211938
108.5 47.5 0.219467
109 47.5 0.234735
109.5 47.5 0.269861
110 47.5 0.316535
110.5 47.5 0.302847
111 47.5 0.298079
111.5 47.5 0.278511
112 47.5 0.333603
112.5 47.5 0.257412
113 47.5 0.258245
113.5 47.5 0.322481
114 47.5 0.26537
114.5 47.5 0.276905
115 47.5 0.198826
115.5 47.5 0.182597
116 47.5 0.274182
116.5 47.5 0.130533
117 47.5 0.218649
117.5 47.5 0.305944
118 47.5 0.303838
118.5 47.5 0.325944
119 47.5 0.30096
119.5 47.5 0.43981
120 47.5 0.419941
120.5 47.5 0.405867
121 47.5 0.424685
121.5 47.5 0.5295
122 47.5 0.59977
122.5 47.5 0.567493
123 47.5 -0.257341
123.5 47.5 0.15799
124 47.5 -0.110256
124.5 47.5 0.1929
125 47.5 0.274276
125.5 47.5 0.248998
126 47.5 0.389213
126.5 47.5 0.627353
127 47.5 0.420905
127.5 47.5 0.714452
128 47.5 0.503632
128.5 47.5 0.561039
129 47.5 0.845949
129.5 47.5 0.799269
130 47.5 0.587096
130.5 47.5 0.0986215
131 47.5 -0.0561024
87 48 0.103789
87.5 48 0.010791
88 48 0.0434833
88.5 48 0.10274
89 48 0.0138457
89.5 48 0.0197975
90 48 0.0542324
90.5 48 -0.000433844
91 48 0.0782354
91.5 48 0.0431994
92 48 -0.0313071
92.5 48 0.0975821
93 48 -0.0543308
93.5 48 0.0613228
94 48 0.11103
94.5 48 0.145341
95 48 0.120205
95.5 48 0.129215
96 48 0.174198
96.5 48 0.145301
97 48 0.18388
97.5 48 0.17543
98 48 0.115343
98.5 48 0.172001
99 48 0.171839
99.5 48 0.17225
100 48 0.158994
100.5 48 0.146295
101 48 0.161649
101.5 48 0.148257
102 48 0.166387
102.5 48 0.177342
103 48 0.151008
103.5 48 0.179613
104 48 0.182349
104.5 48 0.172043
105 48 0.155466
105.5 48 0.173467
106 48 0.204786
106.5 48 0.1998
107 48 0.201215
107.5 48 0.237655
108 48 0.243855
108.5 48 0.258861
109 48 0.265248
109.5 48 0.287029
110 48 0.257154
110.5 48 0.249435
111 48 0.224168
111.5 48 0.254424
112 48 0.195452
112.5 48 0.297489
113 48 0.257824
113.5 48 0.248471
114 48 0.243315
114.5 48 0.175938
115 48 0.243399
115.5 48 0.181992
116 48 0.0298993
116.5 48 0.106008
117 48 0.0944665
117.5 48 0.186197
118 48 0.22143
118.5 48 0.353326
119 48 0.478593
119.5 48 0.416458
120 48 0.377836
120.5 48 0.401552
121 48 0.55681
121.5 48 0.56485
122 48 0.492883
122.5 48 0.0608486
123 48 0.0331508
123.5 48 -0.0566142
124 48 0.21938
124.5 48 0.107452
125 48 0.288221
125.5 48 0.250366
126 48 0.54032
126.5 48 0.502408
127 48 0.450231
127.5 48 0.701302
128 48 0.390341
128.5 48 0.643393
129 48 0.808461
129.5 48 0.648304
130 48 0.736647
130.5 48 -0.0743038
131 48 0.066197
87 48.5 0.0541979
87.5 48.5 0.102337
88 48.5 0.0986275
88.5 48.5 0.12876
89 48.5 0.148094
89.5 48.5 0.0890683
90 48.5 0.107638
90.5 48.5 0.100996
91 48.5 0.110753
91.5 48.5 0.12407
92 48.5 0.0707631
92.5 48.5 0.114651
93 48.5 0.10869
93.5 48.5 0.0987912
94 48.5 0.192912
94.5 48.5 0.180712
95 48.5 0.158648
95.5 48.5 0.141153
96 48.5 0.122825
96.5 48.5 0.146029
97 48.5 0.183459
97.5 48.5 0.160636
98 48.5 0.147425
98.5 48.5 0.174414
99 48.5 0.14949
99.5 48.5 0.157634
100 48.5 0.152733
100.5 48.5 0.134615
101 48.5 0.159721
101.5 48.5 0.172544
102 48.5 0.163479
102.5 48.5 0.169144
103 48.5 0.166204
103.5 48.5 0.138687
104 48.5 0.154622
104.5 48.5 0.19773
105 48.5 0.189433
105.5 48.5 0.194285
106 48.5 0.19126
106.5 48.5 0.241003
107 48.5 0.216754
107.5 48.5 0.253409
108 48.5 0.23275
108.5 48.5 0.223579
109 48.5 0.222569
109.5 48.5 0.238813
110 48.5 0.238574
110.5 48.5 0.191663
111 48.5 0.210713
111.5 48.5 0.242197
112 48.5 0.274432
112.5 48.5 0.23175
113 48.5 0.25407
113.5 48.5 0.210666
114 48.5 0.216164
114.5 48.5 0.221692
115 48.5 0.053005
115.5 48.5 0.0402525
116 48.5 0.00407141
116.5 48.5 0.0738838
117 48.5 0.0944928
117.5 48.5 0.206012
118 48.5 0.400751
118.5 48.5 0.401225
119 48.5 0.347452
119.5 48.5 0.354249
120 48.5 0.486724
120.5 48.5 0.49741
121 48.5 0.371092
121.5 48.5 0.465147
122 48.5 0.304817
122.5 48.5 -0.0555765
123 48.5 0.118828
123.5 48.5 0.147265
124 48.5 0.14311
124.5 48.5 0.331962
125 48.5 0.26987
125.5 48.5 0.488841
126 48.5 0.450928
126.5 48.5 0.535495
127 48.5 0.405739
127.5 48.5 0.622826
128 48.5 0.460388
128.5 48.5 0.646255
129 48.5 0.805844
129.5 48.5 0.606321
130 48.5 0.789272
130.5 48.5 -0.0985018
131 48.5 -0.10386
87 49 0.115514
87.5 49 0.105962
88 49 0.120245
88.5 49 0.156349
89 49 0.117958
89.5 49 0.112783
90 49 0.124768
90.5 49 0.118388
91 49 0.179433
91.5 49 0.156801
92 49 0.114121
92.5 49 0.189755
93 49 0.0992741
93.5 49 0.0806971
94 49 0.14462
94.5 49 0.163467
95 49 0.145026
95.5 49 0.133682
96 49 0.144363
96.5 49 0.13832
97 49 0.125492
97.5 49 0.13944
98 49 0.121765
98.5 49 0.14603
99 49 0.13666
99.5 49 0.152397
100 49 0.15286
100.5 49 0.108058
101 49 0.139282
101.5 49 0.149645
102 49 0.146796
102.5 49 0.153634
103 49 0.165692
103.5 49 0.190015
104 49 0.177294
104.5 49 0.182703
105 49 0.217356
105.5 49 0.199899
106 49 0.222251
106.5 49 0.222265
107 49 0.207287
107.5 49 0.197216
108 49 0.206973
108.5 49 0.209326
109 49 0.210358
109.5 49 0.213225
110 49 0.226354
110.5 49 0.248939
111 49 0.262726
111.5 49 0.221101
112 49 0.211193
112.5 49 0.1651
113 49 0.146657
113.5 49 0.15115
114 49 0.0947751
114.5 49 0.00801855
115 49 0.0329703
115.5 49 0.0141565
116 49 0.185059
116.5 49 0.156405
117 49 0.315704
117.5 49 0.386317
118 49 0.319397
118.5 49 0.347629
119 49 0.301929
119.5 49 0.420258
120 49 0.349926
120.5 49 0.297301
121 49 0.421315
121.5 49 0.249341
122 49 0.005783
122.5 49 0.215033
123 49 0.0707197
123.5 49 0.175506
124 49 0.245532
124.5 49 0.384278
125 49 0.300045
125.5 49 0.487881
126 49 0.55449
126.5 49 0.565585
127 49 0.298673
127.5 49 0.621207
128 49 0.403009
128.5 49 0.668205
129 49 0.725073
129.5 49 0.744124
130 49 0.858815
130.5 49 -0.115633
131 49 -0.210375
87 49.5 0.116715
87.5 49.5 0.105525
88 49.5 0.133099
88.5 49.5 0.186988
89 49.5 0.144406
89.5 49.5 0.104712
90 49.5 0.123328
90.5 49.5 0.0918577
91 49.5 0.105565
91.5 49.5 0.116137
92 49.5 0.0780284
92.5 49.5 0.148541
93 49.5 0.0971971
93.5 49.5 0.115808
94 49.5 0.135205
94.5 49.5 0.13797
95 49.5 0.125047
95.5 49.5 0.11665
96 49.5 0.131932
96.5 49.5 0.114817
97 49.5 0.168062
97.5 49.5 0.121932
98 49.5 0.127114
98.5 49.5 0.14402
99 49.5 0.143943
99.5 49.5 0.119319
100 49.5 0.150828
100.5 49.5 0.132931
101 49.5 0.150694
101.5 49.5 0.171118
102 49.5 0.182516
102.5 49.5 0.192821
103 49.5 0.154624
103.5 49.5 0.183156
104 49.5 0.208779
104.5 49.5 0.188252
105 49.5 0.204806
105.5 49.5 0.193988
106 49.5 0.19454
106.5 49.5 0.191427
107 49.5 0.202375
107.5 49.5 0.19791
108 49.5 0.21876
108.5 49.5 0.215494
109 49.5 0.206233
109.5 49.5 0.221965
110 49.5 0.23538
110.5 49.5 0.183064
111 49.5 0.167303
111.5 49.5 0.129082
112 49.5 0.0964969
112.5 49.5 0.0861025
113 49.5 0.0720324
113.5 49.5 0.0110883
114 49.5 0.0504554
114.5 49.5 0.0785408
115 49.5 0.143469
115.5 49.5 0.243974
116 49.5 0.184897
116.5 49.5 0.42472
117 49.5 0.307684
117.5 49.5 0.314183
118 49.5 0.385526
118.5 49.5 0.286856
119 49.5 0.255608
119.5 49.5 0.205331
120 49.5 0.344858
120.5 49.5 0.351397
121 49.5 0.183899
121.5 49.5 0.133198
122 49.5 0.117018
122.5 49.5 0.127916
123 49.5 0.129299
123.5 49.5 0.274947
124 49.5 0.326856
124.5 49.5 0.273061
125 49.5 0.302889
125.5 49.5 0.527463
126 49.5 0.606831
126.5 49.5 0.520953
127 49.5 0.296661
127.5 49.5 0.615994
128 49.5 0.26809
128.5 49.5 0.697913
129 49.5 0.606837
129.5 49.5 0.793975
130 49.5 1.06387
130.5 49.5 -0.0094993
131 49.5 -0.157029
87 50 0.149589
87.5 50 0.136598
88 50 0.129769
88.5 50 0.16623
89 50 0.124375
89.5 50 0.101276
90 50 0.133409
90.5 50 0.101218
91 50 0.111208
91.5 50 0.0973189
92 50 0.0635276
92.5 50 0.0964364
93 50 0.0433655
93.5 50 0.0797588
94 50 0.127942
94.5 50 0.121726
95 50 0.127539
95.5 50 0.132674
96 50 0.109995
96.5 50 0.119987
97 50 0.116757
97.5 50 0.115973
98 50 0.115645
98.5 50 0.150663
99 50 0.138222
99.5 50 0.14746
100 50 0.167803
100.5 50 0.156259
101 50 0.159646
101.5 50 0.17175
102 50 0.175449
102.5 50 0.188205
103 50 0.1975
103.5 50 0.174613
104 50 0.186807
104.5 50 0.19372
105 50 0.179209
105.5 50 0.197946
106 50 0.181069
106.5 50 0.188157
107 50 0.204109
107.5 50 0.203984
108 50 0.190032
108.5 50 0.19586
109 50 0.18316
109.5 50 0.145083
110 50 0.105272
110.5 50 0.0870293
111 50 0.0396618
111.5 50 0.0525703
112 50 0.0659364
112.5 50 0.0659091
113 50 0.0937564
113.5 50 0.134531
114 50 0.129609
114.5 50 0.290068
115 50 0.158758
115.5 50 0.302538
116 50 0.41772
116.5 50 0.251198
117 50 0.370237
117.5 50 0.398409
118 50 0.24032
118.5 50 0.236592
119 50 0.241579
119.5 50 0.309264
120 50 0.255063
120.5 50 0.220714
121 50 0.210872
121.5 50 0.0311973
122 50 0.137584
122.5 50 0.0788126
123 50 0.434979
123.5 50 0.230867
124 50 0.37153
124.5 50 0.177861
125 50 0.399022
125.5 50 0.514721
126 50 0.573254
126.5 50 0.491322
127 50 0.376196
127.5 50 0.474653
128 50 0.354667
128.5 50 0.560826
129 50 0.585474
129.5 50 0.691466
130 50 1.09583
130.5 50 0.247614
131 50 0.0162536
