87 24 1284.87
87.5 24 1271.59
88 24 1258.37
88.5 24 1245.28
89 24 1232.21
89.5 24 1219.42
90 24 1206.55
90.5 24 1193.75
91 24 1181.2
91.5 24 1168.73
92 24 1156.33
92.5 24 1143.97
93 24 1131.49
93.5 24 1118.99
94 24 1106.42
94.5 24 1093.67
95 24 1080.82
95.5 24 1068.02
96 24 1055.33
96.5 24 1042.94
97 24 1030.72
97.5 24 1018.65
98 24 1006.65
98.5 24 994.861
99 24 983.323
99.5 24 972.466
100 24 961.74
100.5 24 950.834
101 24 939.415
101.5 24 927.347
102 24 914.607
102.5 24 901.671
103 24 888.532
103.5 24 875.571
104 24 863.111
104.5 24 851.233
105 24 839.843
105.5 24 828.877
106 24 818.122
106.5 24 807.717
107 24 797.603
107.5 24 787.644
108 24 777.909
108.5 24 768.422
109 24 759.034
109.5 24 749.848
110 24 740.987
110.5 24 732.336
111 24 723.929
111.5 24 715.98
112 24 707.013
112.5 24 698.84
113 24 690.935
113.5 24 683.318
114 24 676.014
114.5 24 668.932
115 24 661.849
115.5 24 654.411
116 24 646.519
116.5 24 638.301
117 24 630.324
117.5 24 623.01
118 24 616.228
118.5 24 609.893
119 24 604.079
119.5 24 598.836
120 24 594.089
120.5 24 589.859
121 24 585.928
121.5 24 582.107
122 24 578.158
122.5 24 574.51
123 24 571.35
123.5 24 568.631
124 24 566.125
124.5 24 563.492
125 24 560.602
125.5 24 558.184
126 24 556.174
126.5 24 554.513
127 24 553.038
127.5 24 551.589
128 24 550.403
128.5 24 550.336
129 24 551.495
129.5 24 552.958
130 24 555.311
130.5 24 556.647
131 24 555.009
87 24.5 1278.31
87.5 24.5 1264.86
88 24.5 1251.36
88.5 24.5 1238.04
89 24.5 1224.84
89.5 24.5 1211.71
90 24.5 1198.78
90.5 24.5 1185.79
91 24.5 1172.89
91.5 24.5 1160.21
92 24.5 1147.6
92.5 24.5 1135.1
93 24.5 1122.7
93.5 24.5 1110.22
94 24.5 1097.69
94.5 24.5 1085.2
95 24.5 1072.5
95.5 24.5 1059.68
96 24.5 1046.82
96.5 24.5 1033.98
97 24.5 1021.45
97.5 24.5 1009.25
98 24.5 997.089
98.5 24.5 985.024
99 24.5 973.048
99.5 24.5 961.426
100 24.5 950.143
100.5 24.5 939.19
101 24.5 928.287
101.5 24.5 917.08
102 24.5 905.119
102.5 24.5 892.414
103 24.5 879.521
103.5 24.5 866.539
104 24.5 853.86
104.5 24.5 841.588
105 24.5 829.775
105.5 24.5 818.493
106 24.5 807.551
106.5 24.5 796.968
107 24.5 786.754
107.5 24.5 776.733
108 24.5 766.929
108.5 24.5 757.287
109 24.5 747.762
109.5 24.5 738.391
110 24.5 729.255
110.5 24.5 720.451
111 24.5 711.783
111.5 24.5 703.318
112 24.5 694.846
112.5 24.5 686.616
113 24.5 678.517
113.5 24.5 670.695
114 24.5 663.186
114.5 24.5 655.914
115 24.5 648.773
115.5 24.5 641.492
116 24.5 633.88
116.5 24.5 625.862
117 24.5 617.775
117.5 24.5 610.032
118 24.5 602.882
118.5 24.5 596.142
119 24.5 589.886
119.5 24.5 584.429
120 24.5 579.437
120.5 24.5 574.873
121 24.5 570.658
121.5 24.5 566.656
122 24.5 562.687
122.5 24.5 558.975
123 24.5 555.748
123.5 24.5 552.939
124 24.5 550.323
124.5 24.5 547.676
125 24.5 544.9
125.5 24.5 542.394
126 24.5 540.286
126.5 24.5 538.589
127 24.5 537.118
127.5 24.5 535.757
128 24.5 534.703
128.5 24.5 534.594
129 24.5 535.536
129.5 24.5 536.431
130 24.5 539.891
130.5 24.5 543.102
131 24.5 538.955
87 25 1271.82
87.5 25 1258.38
88 25 1244.78
88.5 25 1231.05
89 25 1217.65
89.5 25 1204.31
90 25 1191.09
90.5 25 1177.97
91 25 1164.89
91.5 25 1151.87
92 25 1139.04
92.5 25 1126.38
93 25 1113.86
93.5 25 1101.37
94 25 1088.83
94.5 25 1076.29
95 25 1063.84
95.5 25 1051.16
96 25 1038.32
96.5 25 1025.42
97 25 1012.58
97.5 25 1000.1
98 25 987.851
98.5 25 975.361
99 25 963.137
99.5 25 950.867
100 25 939.113
100.5 25 927.636
101 25 916.62
101.5 25 905.714
102 25 894.427
102.5 25 882.405
103 25 869.807
103.5 25 857.111
104 25 844.531
104.5 25 832.191
105 25 820.138
105.5 25 808.513
106 25 797.319
106.5 25 786.471
107 25 776.043
107.5 25 765.874
108 25 755.906
108.5 25 746.151
109 25 736.551
109.5 25 727.018
110 25 717.642
110.5 25 708.661
111 25 699.776
111.5 25 691.158
112 25 682.738
112.5 25 674.301
113 25 666.165
113.5 25 658.169
114 25 650.417
114.5 25 642.952
115 25 635.705
115.5 25 628.504
116 25 621.08
116.5 25 613.369
117 25 605.28
117.5 25 597.3
118 25 589.877
118.5 25 582.802
119 25 576.193
119.5 25 570.305
120 25 564.981
120.5 25 560.126
121 25 555.556
121.5 25 551.349
122 25 547.278
122.5 25 543.448
123 25 540.161
123.5 25 537.3
124 25 534.611
124.5 25 531.943
125 25 529.163
125.5 25 526.703
126 25 524.464
126.5 25 522.779
127 25 521.346
127.5 25 519.981
128 25 518.751
128.5 25 518.367
129 25 518.964
129.5 25 519.745
130 25 521.753
130.5 25 523.84
131 25 523.502
87 25.5 1265.85
87.5 25.5 1251.84
88 25.5 1238.15
88.5 25.5 1224.53
89 25.5 1210.74
89.5 25.5 1197.28
90 25.5 1183.89
90.5 25.5 1170.57
91 25.5 1157.33
91.5 25.5 1144.1
92 25.5 1130.9
92.5 25.5 1117.89
93 25.5 1105.12
93.5 25.5 1092.45
94 25.5 1079.9
94.5 25.5 1067.37
95 25.5 1054.85
95.5 25.5 1042.36
96 25.5 1029.67
96.5 25.5 1016.85
97 25.5 1004.01
97.5 25.5 991.142
98 25.5 978.493
98.5 25.5 965.939
99 25.5 953.388
99.5 25.5 940.942
100 25.5 928.46
100.5 25.5 916.519
101 25.5 905.043
101.5 25.5 893.913
102 25.5 882.929
102.5 25.5 871.539
103 25.5 859.499
103.5 25.5 847.1
104 25.5 834.773
104.5 25.5 822.561
105 25.5 810.652
105.5 25.5 798.917
106 25.5 787.47
106.5 25.5 776.306
107 25.5 765.46
107.5 25.5 755.032
108 25.5 744.87
108.5 25.5 735.042
109 25.5 725.385
109.5 25.5 715.855
110 25.5 706.329
110.5 25.5 696.978
111 25.5 687.888
111.5 25.5 679.032
112 25.5 670.482
112.5 25.5 662.109
113 25.5 653.69
113.5 25.5 645.685
114 25.5 637.788
114.5 25.5 630.124
115 25.5 622.74
115.5 25.5 615.535
116 25.5 608.207
116.5 25.5 600.612
117 25.5 592.752
117.5 25.5 584.703
118 25.5 577.007
118.5 25.5 569.761
119 25.5 562.875
119.5 25.5 556.526
120 25.5 550.732
120.5 25.5 545.583
121 25.5 540.782
121.5 25.5 536.251
122 25.5 532.076
122.5 25.5 528.127
123 25.5 524.644
123.5 25.5 521.751
124 25.5 519.022
124.5 25.5 516.223
125 25.5 513.531
125.5 25.5 510.942
126 25.5 508.771
126.5 25.5 507.079
127 25.5 505.693
127.5 25.5 504.284
128 25.5 502.548
128.5 25.5 501.886
129 25.5 502.731
129.5 25.5 503.212
130 25.5 503.737
130.5 25.5 505.32
131 25.5 506.789
87 26 1261.28
87.5 26 1246.47
88 26 1231.93
88.5 26 1217.79
89 26 1204.11
89.5 26 1190.29
90 26 1176.86
90.5 26 1163.38
91 26 1150
91.5 26 1136.7
92 26 1123.3
92.5 26 1109.92
93 26 1096.78
93.5 26 1083.84
94 26 1071.09
94.5 26 1058.42
95 26 1045.78
95.5 26 1033.23
96 26 1020.65
96.5 26 1007.97
97 26 995.231
97.5 26 982.41
98 26 969.479
98.5 26 956.712
99 26 943.972
99.5 26 931.373
100 26 918.625
100.5 26 906.098
101 26 893.99
101.5 26 882.444
102 26 871.351
102.5 26 860.212
103 26 848.656
103.5 26 836.575
104 26 824.453
104.5 26 812.457
105 26 800.721
105.5 26 789.19
106 26 777.74
106.5 26 766.378
107 26 755.228
107.5 26 744.398
108 26 733.981
108.5 26 723.885
109 26 714.154
109.5 26 704.614
110 26 695.076
110.5 26 685.442
111 26 676.12
111.5 26 667.088
112 26 658.349
112.5 26 649.818
113 26 641.513
113.5 26 633.293
114 26 625.339
114.5 26 617.543
115 26 609.945
115.5 26 602.581
116 26 595.322
116.5 26 587.843
117 26 580.058
117.5 26 572.057
118 26 564.423
118.5 26 556.859
119 26 549.731
119.5 26 543.033
120 26 536.856
120.5 26 531.318
121 26 526.214
121.5 26 521.488
122 26 517.021
122.5 26 512.957
123 26 509.281
123.5 26 506.195
124 26 503.416
124.5 26 500.638
125 26 497.891
125.5 26 495.291
126 26 493.056
126.5 26 491.301
127 26 489.979
127.5 26 488.625
128 26 486.014
128.5 26 485.124
129 26 487.506
129.5 26 489.023
130.5 26 490.177
131 26 491.015
87 26.5 1255.43
87.5 26.5 1241.27
88 26.5 1226.87
88.5 26.5 1212.11
89 26.5 1197.52
89.5 26.5 1183.7
90 26.5 1169.9
90.5 26.5 1156.42
91 26.5 1142.87
91.5 26.5 1129.37
92 26.5 1115.86
92.5 26.5 1102.36
93 26.5 1088.88
93.5 26.5 1075.72
94 26.5 1062.69
94.5 26.5 1049.8
95 26.5 1037
95.5 26.5 1024.14
96 26.5 1011.45
96.5 26.5 998.76
97 26.5 986.149
97.5 26.5 973.448
98 26.5 960.668
98.5 26.5 947.78
99 26.5 935.09
99.5 26.5 922.085
100 26.5 909.252
100.5 26.5 896.282
101 26.5 883.584
101.5 26.5 871.565
102 26.5 860.053
102.5 26.5 848.889
103 26.5 837.459
103.5 26.5 825.715
104 26.5 813.718
104.5 26.5 801.812
105 26.5 790.236
105.5 26.5 778.992
106 26.5 767.764
106.5 26.5 756.411
107 26.5 745.144
107.5 26.5 734.039
108 26.5 723.222
108.5 26.5 712.855
109 26.5 702.915
109.5 26.5 693.255
110 26.5 683.726
110.5 26.5 674.049
111 26.5 664.521
111.5 26.5 655.316
112 26.5 646.372
112.5 26.5 637.761
113 26.5 629.385
113.5 26.5 621.182
114 26.5 612.973
114.5 26.5 605.009
115 26.5 597.25
115.5 26.5 589.715
116 26.5 582.355
116.5 26.5 574.98
117 26.5 567.347
117.5 26.5 559.503
118 26.5 551.606
118.5 26.5 544.06
119 26.5 536.754
119.5 26.5 529.71
120 26.5 523.229
120.5 26.5 517.365
121 26.5 511.916
121.5 26.5 506.886
122 26.5 502.266
122.5 26.5 497.902
123 26.5 494.04
123.5 26.5 490.752
124 26.5 487.932
124.5 26.5 485.103
125 26.5 482.393
125.5 26.5 479.675
126 26.5 477.247
126.5 26.5 475.264
127 26.5 473.84
127.5 26.5 472.198
128 26.5 469.196
128.5 26.5 467.882
129 26.5 471.574
87 27 1249.26
87.5 27 1235.18
88 27 1220.77
88.5 27 1206.62
89 27 1192.17
89.5 27 1177.47
90 27 1163.42
90.5 27 1149.47
91 27 1135.89
91.5 27 1122.28
92 27 1108.54
92.5 27 1094.88
93 27 1081.33
93.5 27 1067.83
94 27 1054.62
94.5 27 1041.42
95 27 1028.37
95.5 27 1015.51
96 27 1002.53
96.5 27 989.762
97 27 977.037
97.5 27 964.353
98 27 951.683
98.5 27 939.047
99 27 926.133
99.5 27 913.164
100 27 899.978
100.5 27 886.96
101 27 874.03
101.5 27 861.48
102 27 849.564
102.5 27 837.865
103 27 826.307
103.5 27 814.714
104 27 802.949
104.5 27 791.191
105 27 779.665
105.5 27 768.444
106 27 757.294
106.5 27 746.112
107 27 734.821
107.5 27 723.638
108 27 712.618
108.5 27 701.94
109 27 691.753
109.5 27 681.949
110 27 672.323
110.5 27 662.687
111 27 653.116
111.5 27 643.75
112 27 634.638
112.5 27 625.885
113 27 617.43
113.5 27 609.067
114 27 600.878
114.5 27 592.6
115 27 584.691
115.5 27 577.027
116 27 569.58
116.5 27 562.105
117 27 554.586
117.5 27 546.934
118 27 539.08
118.5 27 531.32
119 27 523.917
119.5 27 516.721
120 27 509.835
120.5 27 503.645
121 27 497.923
121.5 27 492.587
122 27 487.707
122.5 27 483.173
123 27 478.949
123.5 27 475.465
124 27 472.465
124.5 27 469.69
125 27 466.81
125.5 27 464.173
126 27 461.496
126.5 27 459.224
127 27 458.012
127.5 27 457.195
128 27 454.931
128.5 27 455.714
129 27 467.345
87 27.5 1242.75
87.5 27.5 1228.73
88 27.5 1214.44
88.5 27.5 1200.18
89 27.5 1186.11
89.5 27.5 1172.01
90 27.5 1157.58
90.5 27.5 1143.3
91 27.5 1129.22
91.5 27.5 1115.43
92 27.5 1101.55
92.5 27.5 1087.6
93 27.5 1073.75
93.5 27.5 1060.21
94 27.5 1046.67
94.5 27.5 1033.32
95 27.5 1020.03
95.5 27.5 1006.96
96 27.5 994.056
96.5 27.5 981.066
97 27.5 968.273
97.5 27.5 955.489
98 27.5 942.73
98.5 27.5 930.152
99 27.5 917.404
99.5 27.5 904.265
100 27.5 890.999
100.5 27.5 877.705
101 27.5 864.719
101.5 27.5 851.928
102 27.5 839.505
102.5 27.5 827.459
103 27.5 815.648
103.5 27.5 803.907
104 27.5 792.254
104.5 27.5 780.79
105 27.5 769.35
105.5 27.5 758.001
106 27.5 746.851
106.5 27.5 735.708
107 27.5 724.548
107.5 27.5 713.365
108 27.5 702.195
108.5 27.5 691.292
109 27.5 680.813
109.5 27.5 670.742
110 27.5 660.938
110.5 27.5 651.307
111 27.5 641.735
111.5 27.5 632.26
112 27.5 623.048
112.5 27.5 614.133
113 27.5 605.537
113.5 27.5 597.061
114 27.5 588.72
114.5 27.5 580.548
115 27.5 572.338
115.5 27.5 564.518
116 27.5 556.93
116.5 27.5 549.409
117 27.5 541.877
117.5 27.5 534.264
118 27.5 526.525
118.5 27.5 518.679
119 27.5 511.088
119.5 27.5 503.69
120 27.5 496.665
120.5 27.5 490.102
121 27.5 484.071
121.5 27.5 478.505
122 27.5 473.338
122.5 27.5 468.521
123 27.5 464.12
123.5 27.5 460.278
124 27.5 457.124
124.5 27.5 454.193
125 27.5 451.391
125.5 27.5 448.645
126 27.5 446.007
126.5 27.5 443.568
127 27.5 442.01
127.5 27.5 441.587
128 27.5 442.992
128.5 27.5 449.435
129 27.5 464.413
129.5 27.5 480.659
130 27.5 475.776
130.5 27.5 468.506
131 27.5 464.169
87 28 1235.58
87.5 28 1221.59
88 28 1207.56
88.5 28 1193.41
89 28 1179.44
89.5 28 1165.57
90 28 1151.67
90.5 28 1137.44
91 28 1123.17
91.5 28 1108.99
92 28 1094.81
92.5 28 1080.68
93 28 1066.6
93.5 28 1052.56
94 28 1038.91
94.5 28 1025.28
95 28 1011.89
95.5 28 998.648
96 28 985.611
96.5 28 972.763
97 28 959.929
97.5 28 947.05
98 28 934.209
98.5 28 921.428
99 28 908.666
99.5 28 895.475
100 28 882.23
100.5 28 868.687
101 28 855.317
101.5 28 842.416
102 28 829.806
102.5 28 817.682
103 28 805.579
103.5 28 793.685
104 28 781.982
104.5 28 770.634
105 28 759.281
105.5 28 747.903
106 28 736.684
106.5 28 725.608
107 28 714.533
107.5 28 703.329
108 28 692.114
108.5 28 680.998
109 28 670.206
109.5 28 659.793
110 28 649.716
110.5 28 639.915
111 28 630.338
111.5 28 620.799
112 28 611.492
112.5 28 602.494
113 28 593.752
113.5 28 585.196
114 28 576.756
114.5 28 568.47
115 28 560.295
115.5 28 552.17
116 28 544.371
116.5 28 536.745
117 28 529.193
117.5 28 521.653
118 28 513.924
118.5 28 506.038
119 28 498.26
119.5 28 490.762
120 28 483.551
120.5 28 476.803
121 28 470.451
121.5 28 464.557
122 28 459.107
122.5 28 454.011
123 28 449.367
123.5 28 445.363
124 28 441.874
124.5 28 438.863
125 28 435.983
125.5 28 433.235
126 28 430.582
126.5 28 428.071
127 28 426.272
127.5 28 425.586
128 28 428.59
128.5 28 436.133
129 28 448.085
129.5 28 458.309
130 28 456.546
130.5 28 451.238
131 28 448.032
87 28.5 1226.36
87.5 28.5 1213.11
88 28.5 1199.73
88.5 28.5 1186.14
89 28.5 1172.42
89.5 28.5 1158.67
90 28.5 1144.89
90.5 28.5 1131.08
91 28.5 1116.97
91.5 28.5 1102.74
92 28.5 1088.41
92.5 28.5 1074.04
93 28.5 1059.85
93.5 28.5 1045.69
94 28.5 1031.56
94.5 28.5 1017.82
95 28.5 1004.13
95.5 28.5 990.797
96 28.5 977.551
96.5 28.5 964.559
97 28.5 951.713
97.5 28.5 938.795
98 28.5 925.797
98.5 28.5 912.889
99 28.5 899.863
99.5 28.5 886.823
100 28.5 873.478
100.5 28.5 860.046
101 28.5 846.377
101.5 28.5 833.062
102 28.5 820.422
102.5 28.5 808.085
103 28.5 795.994
103.5 28.5 784.065
104 28.5 772.291
104.5 28.5 760.861
105 28.5 749.523
105.5 28.5 738.195
106 28.5 726.878
106.5 28.5 715.767
107 28.5 704.71
107.5 28.5 693.556
108 28.5 682.295
108.5 28.5 671.109
109 28.5 660.102
109.5 28.5 649.348
110 28.5 638.976
110.5 28.5 628.934
111 28.5 619.175
111.5 28.5 609.481
112 28.5 600.033
112.5 28.5 590.862
113 28.5 582.012
113.5 28.5 573.421
114 28.5 564.914
114.5 28.5 556.477
115 28.5 548.16
115.5 28.5 540.021
116 28.5 531.946
116.5 28.5 524.177
117 28.5 516.576
117.5 28.5 508.995
118 28.5 501.354
118.5 28.5 493.449
119 28.5 485.478
119.5 28.5 477.833
120 28.5 470.526
120.5 28.5 463.537
121 28.5 457.01
121.5 28.5 450.785
122 28.5 445.032
122.5 28.5 439.73
123 28.5 434.831
123.5 28.5 430.548
124 28.5 426.888
124.5 28.5 423.53
125 28.5 420.697
125.5 28.5 417.869
126 28.5 415.189
126.5 28.5 412.651
127 28.5 410.689
127.5 28.5 409.715
128 28.5 411.632
128.5 28.5 417.287
129 28.5 425.116
129.5 28.5 430.925
130 28.5 430.877
130.5 28.5 428.978
131 28.5 428.489
87 29 1217.15
87.5 29 1203.63
88 29 1190.07
88.5 29 1176.71
89 29 1163.43
89.5 29 1150.06
90 29 1136.82
90.5 29 1123.25
91 29 1109.63
91.5 29 1095.8
92 29 1081.61
92.5 29 1067.5
93 29 1053.32
93.5 29 1039.27
94 29 1025.27
94.5 29 1011.22
95 29 997.433
95.5 29 983.758
96 29 970.314
96.5 29 956.847
97 29 943.577
97.5 29 930.381
98 29 917.201
98.5 29 904.048
99 29 890.949
99.5 29 877.787
100 29 864.721
100.5 29 851.241
101 29 837.76
101.5 29 824.315
102 29 811.29
102.5 29 798.937
103 29 786.82
103.5 29 774.823
104 29 763.021
104.5 29 751.514
105 29 740.143
105.5 29 728.861
106 29 717.585
106.5 29 706.268
107 29 695.067
107.5 29 683.873
108 29 672.64
108.5 29 661.507
109 29 650.41
109.5 29 639.418
110 29 628.68
110.5 29 618.334
111 29 608.253
111.5 29 598.435
112 29 588.798
112.5 29 579.485
113 29 570.4
113.5 29 561.658
114 29 553.069
114.5 29 544.61
115 29 536.138
115.5 29 527.835
116 29 519.757
116.5 29 511.743
117 29 504.007
117.5 29 496.351
118 29 488.734
118.5 29 480.964
119 29 472.927
119.5 29 464.997
120 29 457.53
120.5 29 450.41
121 29 443.631
121.5 29 437.198
122 29 431.217
122.5 29 425.638
123 29 420.507
123.5 29 415.926
124 29 412.009
124.5 29 408.44
125 29 405.288
125.5 29 402.512
126 29 399.767
126.5 29 397.265
127 29 395.153
127.5 29 393.879
128 29 393.604
128.5 29 396.599
129 29 400.961
129.5 29 403.711
130 29 403.776
130.5 29 404.671
87 29.5 1208.11
87.5 29.5 1194.57
88 29.5 1181.22
88.5 29.5 1167.63
89 29.5 1154.06
89.5 29.5 1140.68
90 29.5 1127.32
90.5 29.5 1114.16
91 29.5 1100.93
91.5 29.5 1087.59
92 29.5 1074.13
92.5 29.5 1060.32
93 29.5 1046.51
93.5 29.5 1032.62
94 29.5 1018.8
94.5 29.5 1005
95 29.5 990.998
95.5 29.5 977.229
96 29.5 963.451
96.5 29.5 949.833
97 29.5 936.179
97.5 29.5 922.55
98 29.5 908.975
98.5 29.5 895.443
99 29.5 882.056
99.5 29.5 868.778
100 29.5 855.51
100.5 29.5 842.286
101 29.5 828.88
101.5 29.5 815.677
102 29.5 802.628
102.5 29.5 790.068
103 29.5 778.006
103.5 29.5 765.998
104 29.5 754.026
104.5 29.5 742.436
105 29.5 731.002
105.5 29.5 719.723
106 29.5 708.528
106.5 29.5 697.206
107 29.5 685.762
107.5 29.5 674.406
108 29.5 663.117
108.5 29.5 651.902
109 29.5 640.733
109.5 29.5 629.654
110 29.5 618.674
110.5 29.5 608.007
111 29.5 597.651
111.5 29.5 587.641
112 29.5 577.93
112.5 29.5 568.391
113 29.5 559.023
113.5 29.5 549.981
114 29.5 541.211
114.5 29.5 532.612
115 29.5 524.151
115.5 29.5 515.769
116 29.5 507.488
116.5 29.5 499.335
117 29.5 491.487
117.5 29.5 483.783
118 29.5 476.187
118.5 29.5 468.573
119 29.5 460.577
119.5 29.5 452.499
120 29.5 444.723
120.5 29.5 437.392
121 29.5 430.453
121.5 29.5 423.794
122 29.5 417.534
122.5 29.5 411.765
123 29.5 406.361
123.5 29.5 401.503
124 29.5 397.308
124.5 29.5 393.498
125 29.5 390.035
125.5 29.5 387.056
126 29.5 384.374
126.5 29.5 381.811
127 29.5 379.723
127.5 29.5 378.183
128 29.5 377.729
128.5 29.5 377.537
129 29.5 379.32
129.5 29.5 379.929
130 29.5 379.008
130.5 29.5 382.002
87 30 1198.97
87.5 30 1185.56
88 30 1172.14
88.5 30 1158.85
89 30 1145.34
89.5 30 1131.72
90 30 1118.27
90.5 30 1104.88
91 30 1091.72
91.5 30 1078.54
92 30 1065.34
92.5 30 1052.1
93 30 1038.71
93.5 30 1025.17
94 30 1011.64
94.5 30 997.821
95 30 984.168
95.5 30 970.352
96 30 956.6
96.5 30 942.806
97 30 929.121
97.5 30 915.336
98 30 901.432
98.5 30 887.573
99 30 873.834
99.5 30 860.305
100 30 846.805
100.5 30 833.398
101 30 820.131
101.5 30 806.999
102 30 794.111
102.5 30 781.499
103 30 769.265
103.5 30 757.303
104 30 745.429
104.5 30 733.67
105 30 722.101
105.5 30 710.802
106 30 699.526
106.5 30 688.294
107 30 676.857
107.5 30 665.326
108 30 653.78
108.5 30 642.345
109 30 631.049
109.5 30 619.856
110 30 608.8
110.5 30 597.939
111 30 587.372
111.5 30 577.129
112 30 567.245
112.5 30 557.487
113 30 547.934
113.5 30 538.507
114 30 529.44
114.5 30 520.601
115 30 512.016
115.5 30 503.585
116 30 495.252
116.5 30 487.045
117 30 478.972
117.5 30 471.214
118 30 463.692
118.5 30 456.114
119 30 448.294
119.5 30 440.189
120 30 432.174
120.5 30 424.547
121 30 417.297
121.5 30 410.418
122 30 403.957
122.5 30 397.951
123 30 392.345
123.5 30 387.188
124 30 382.71
124.5 30 378.684
125 30 375.028
125.5 30 371.747
126 30 368.988
126.5 30 366.469
127 30 364.319
127.5 30 362.671
128 30 361.994
128.5 30 361.823
129 30 361.924
129.5 30 362.295
130 30 363.11
87 30.5 1190.12
87.5 30.5 1176.89
88 30.5 1163.61
88.5 30.5 1150.22
89 30.5 1136.84
89.5 30.5 1123.29
90 30.5 1109.7
90.5 30.5 1096.17
91 30.5 1082.68
91.5 30.5 1069.49
92 30.5 1056.19
92.5 30.5 1043.19
93 30.5 1030
93.5 30.5 1016.95
94 30.5 1003.62
94.5 30.5 990.164
95 30.5 976.604
95.5 30.5 963.074
96 30.5 949.391
96.5 30.5 935.678
97 30.5 921.898
97.5 30.5 908.167
98 30.5 894.346
98.5 30.5 880.346
99 30.5 866.455
99.5 30.5 852.628
100 30.5 838.882
100.5 30.5 825.227
101 30.5 811.832
101.5 30.5 798.655
102 30.5 785.69
102.5 30.5 773.004
103 30.5 760.622
103.5 30.5 748.593
104 30.5 736.8
104.5 30.5 725.124
105 30.5 713.418
105.5 30.5 701.989
106 30.5 690.687
106.5 30.5 679.334
107 30.5 668.089
107.5 30.5 656.511
108 30.5 644.756
108.5 30.5 633.145
109 30.5 621.61
109.5 30.5 610.318
110 30.5 599.112
110.5 30.5 588.096
111 30.5 577.308
111.5 30.5 566.816
112 30.5 556.63
112.5 30.5 546.777
113 30.5 537.059
113.5 30.5 527.446
114 30.5 517.966
114.5 30.5 508.811
115 30.5 500.025
115.5 30.5 491.433
116 30.5 483.016
116.5 30.5 474.732
117 30.5 466.655
117.5 30.5 458.699
118 30.5 451.027
118.5 30.5 443.483
119 30.5 435.829
119.5 30.5 427.886
120 30.5 419.793
120.5 30.5 411.892
121 30.5 404.379
121.5 30.5 397.212
122 30.5 390.496
122.5 30.5 384.269
123 30.5 378.403
123.5 30.5 372.996
124 30.5 368.255
124.5 30.5 364.045
125 30.5 360.152
125.5 30.5 356.59
126 30.5 353.527
126.5 30.5 351.056
127 30.5 348.91
127.5 30.5 347.245
128 30.5 346.191
128.5 30.5 345.819
129 30.5 345.709
129.5 30.5 346.106
130 30.5 347.133
87 31 1181.57
87.5 31 1168.4
88 31 1155.22
88.5 31 1141.98
89 31 1128.68
89.5 31 1115.3
90 31 1101.72
90.5 31 1088.11
91 31 1074.39
91.5 31 1060.74
92 31 1047.14
92.5 31 1033.84
93 31 1020.68
93.5 31 1007.81
94 31 994.927
94.5 31 981.9
95 31 968.733
95.5 31 955.342
96 31 941.925
96.5 31 928.409
97 31 914.532
97.5 31 900.857
98 31 887.124
98.5 31 873.387
99 31 859.5
99.5 31 845.615
100 31 831.651
100.5 31 817.834
101 31 804.212
101.5 31 790.808
102 31 777.638
102.5 31 764.649
103 31 752.012
103.5 31 739.804
104 31 727.981
104.5 31 716.414
105 31 704.754
105.5 31 693.193
106 31 681.815
106.5 31 670.459
107 31 659.073
107.5 31 647.659
108 31 636.04
108.5 31 624.246
109 31 612.57
109.5 31 601.046
110 31 589.718
110.5 31 578.589
111 31 567.613
111.5 31 556.899
112 31 546.424
112.5 31 536.333
113 31 526.459
113.5 31 516.686
114 31 506.966
114.5 31 497.472
115 31 488.359
115.5 31 479.514
116 31 470.897
116.5 31 462.441
117 31 454.186
117.5 31 446.155
118 31 438.355
118.5 31 430.711
119 31 423.141
119.5 31 415.408
120 31 407.445
120.5 31 399.373
121 31 391.617
121.5 31 384.263
122 31 377.242
122.5 31 370.675
123 31 364.592
123.5 31 358.997
124 31 353.96
124.5 31 349.437
125 31 345.333
125.5 31 341.475
126 31 338.178
126.5 31 335.581
127 31 333.554
127.5 31 331.784
128 31 330.536
128.5 31 330.03
129 31 329.866
129.5 31 330.301
130 31 331.475
87 31.5 1174
87.5 31.5 1160.42
88 31.5 1146.99
88.5 31.5 1133.62
89 31.5 1120.19
89.5 31.5 1106.67
90 31.5 1093.23
90.5 31.5 1079.86
91 31.5 1066.39
91.5 31.5 1052.81
92 31.5 1039.18
92.5 31.5 1025.49
93 31.5 1011.94
93.5 31.5 998.715
94 31.5 985.689
94.5 31.5 972.801
95 31.5 959.878
95.5 31.5 946.895
96 31.5 933.775
96.5 31.5 920.495
97 31.5 907.044
97.5 31.5 893.619
98 31.5 879.986
98.5 31.5 866.32
99 31.5 852.707
99.5 31.5 838.929
100 31.5 824.962
100.5 31.5 811.01
101 31.5 797.275
101.5 31.5 783.722
102 31.5 770.272
102.5 31.5 757.022
103 31.5 743.946
103.5 31.5 731.378
104 31.5 719.24
104.5 31.5 707.464
105 31.5 695.906
105.5 31.5 684.323
106 31.5 672.779
106.5 31.5 661.459
107 31.5 650.018
107.5 31.5 638.601
108 31.5 627.194
108.5 31.5 615.575
109 31.5 603.764
109.5 31.5 592.063
110 31.5 580.585
110.5 31.5 569.337
111 31.5 558.308
111.5 31.5 547.448
112 31.5 536.818
112.5 31.5 526.367
113 31.5 516.254
113.5 31.5 506.259
114 31.5 496.391
114.5 31.5 486.639
115 31.5 477.168
115.5 31.5 467.983
116 31.5 459.029
116.5 31.5 450.258
117 31.5 441.742
117.5 31.5 433.59
118 31.5 425.768
118.5 31.5 418.082
119 31.5 410.453
119.5 31.5 402.818
120 31.5 394.945
120.5 31.5 386.929
121 31.5 378.995
121.5 31.5 371.381
122 31.5 364.09
122.5 31.5 357.231
123 31.5 350.866
123.5 31.5 344.996
124 31.5 339.697
124.5 31.5 334.894
125 31.5 330.506
125.5 31.5 326.538
126 31.5 323.059
126.5 31.5 320.314
127 31.5 318.216
127.5 31.5 316.432
128 31.5 314.938
128.5 31.5 314.121
129 31.5 314.017
129.5 31.5 314.41
130 31.5 315.491
87 32 1167.53
87.5 32 1153.08
88 32 1139.23
88.5 32 1125.59
89 32 1111.96
89.5 32 1098.38
90 32 1084.73
90.5 32 1071.21
91 32 1057.8
91.5 32 1044.49
92 32 1031.09
92.5 32 1017.64
93 32 1004.11
93.5 32 990.664
94 32 977.268
94.5 32 964.12
95 32 951.023
95.5 32 937.915
96 32 924.748
96.5 32 911.515
97 32 898.44
97.5 32 885.396
98 32 872.212
98.5 32 858.972
99 32 845.604
99.5 32 832.179
100 32 818.456
100.5 32 804.571
101 32 790.822
101.5 32 777.17
102 32 763.608
102.5 32 750.086
103 32 736.736
103.5 32 723.693
104 32 711.096
104.5 32 699
105 32 687.17
105.5 32 675.547
106 32 663.997
106.5 32 652.39
107 32 641.019
107.5 32 629.557
108 32 618.262
108.5 32 606.802
109 32 595.107
109.5 32 583.373
110 32 571.763
110.5 32 560.372
111 32 549.23
111.5 32 538.308
112 32 527.506
112.5 32 516.882
113 32 506.533
113.5 32 496.321
114 32 486.263
114.5 32 476.323
115 32 466.468
115.5 32 456.917
116 32 447.539
116.5 32 438.411
117 32 429.566
117.5 32 421.183
118 32 413.172
118.5 32 405.419
119 32 397.799
119.5 32 390.1
120 32 382.355
120.5 32 374.361
121 32 366.305
121.5 32 358.454
122 32 351.017
122.5 32 343.941
123 32 337.344
123.5 32 331.243
124 32 325.633
124.5 32 320.595
125 32 316.04
125.5 32 311.889
126 32 308.263
126.5 32 305.223
127 32 302.895
127.5 32 301.043
128 32 299.439
128.5 32 298.465
129 32 298.314
129.5 32 298.533
130 32 299.106
87 32.5 1161.15
87.5 32.5 1146.96
88 32.5 1132.34
88.5 32.5 1118.25
89 32.5 1104.22
89.5 32.5 1090.44
90 32.5 1076.85
90.5 32.5 1063.07
91 32.5 1049.53
91.5 32.5 1036.09
92 32.5 1022.74
92.5 32.5 1009.35
93 32.5 995.926
93.5 32.5 982.443
94 32.5 969.028
94.5 32.5 955.673
95 32.5 942.546
95.5 32.5 929.359
96 32.5 916.142
96.5 32.5 902.892
97 32.5 889.685
97.5 32.5 876.637
98 32.5 863.623
98.5 32.5 850.601
99 32.5 837.586
99.5 32.5 824.434
100 32.5 811.107
100.5 32.5 797.75
101 32.5 784.229
101.5 32.5 770.761
102 32.5 757.198
102.5 32.5 743.6
103 32.5 730.053
103.5 32.5 716.624
104 32.5 703.597
104.5 32.5 691.074
105 32.5 678.978
105.5 32.5 667.252
106 32.5 655.659
106.5 32.5 644.062
107 32.5 632.446
107.5 32.5 620.966
108 32.5 609.471
108.5 32.5 597.9
109 32.5 586.408
109.5 32.5 574.771
110 32.5 563.13
110.5 32.5 551.646
111 32.5 540.359
111.5 32.5 529.339
112 32.5 518.419
112.5 32.5 507.624
113 32.5 497.081
113.5 32.5 486.791
114 32.5 476.571
114.5 32.5 466.434
115 32.5 456.334
115.5 32.5 446.37
116 32.5 436.614
116.5 32.5 427.098
117 32.5 417.965
117.5 32.5 409.192
118 32.5 400.822
118.5 32.5 392.812
119 32.5 385.042
119.5 32.5 377.37
120 32.5 369.545
120.5 32.5 361.633
121 32.5 353.522
121.5 32.5 345.541
122 32.5 337.881
122.5 32.5 330.642
123 32.5 323.877
123.5 32.5 317.6
124 32.5 311.785
124.5 32.5 306.518
125 32.5 301.735
125.5 32.5 297.362
126 32.5 293.536
126.5 32.5 290.259
127 32.5 287.612
127.5 32.5 285.599
128 32.5 283.979
128.5 32.5 282.894
129 32.5 282.551
129.5 32.5 283.094
130 32.5 283.425
130.5 32.5 286.219
87 33 1153.34
87.5 33 1140.59
88 33 1126.72
88.5 33 1112
89 33 1097.62
89.5 33 1083.23
90 33 1069.04
90.5 33 1055.24
91 33 1041.47
91.5 33 1027.94
92 33 1014.52
92.5 33 1001.13
93 33 987.721
93.5 33 974.364
94 33 960.708
94.5 33 947.179
95 33 933.704
95.5 33 920.26
96 33 907.294
96.5 33 894.365
97 33 881.43
97.5 33 868.479
98 33 855.459
98.5 33 842.422
99 33 829.302
99.5 33 816.145
100 33 802.929
100.5 33 789.698
101 33 776.475
101.5 33 763.376
102 33 750.075
102.5 33 736.632
103 33 723.043
103.5 33 709.588
104 33 696.395
104.5 33 683.626
105 33 671.363
105.5 33 659.437
106 33 647.757
106.5 33 636.105
107 33 624.502
107.5 33 612.826
108 33 601.304
108.5 33 589.63
109 33 577.95
109.5 33 566.37
110 33 554.72
110.5 33 543.156
111 33 531.796
111.5 33 520.605
112 33 509.605
112.5 33 498.659
113 33 487.978
113.5 33 477.505
114 33 467.115
114.5 33 456.789
115 33 446.501
115.5 33 436.32
116 33 426.26
116.5 33 416.402
117 33 406.9
117.5 33 397.753
118 33 388.917
118.5 33 380.524
119 33 372.395
119.5 33 364.519
120 33 356.709
120.5 33 348.799
121 33 340.74
121.5 33 332.686
122 33 324.884
122.5 33 317.409
123 33 310.453
123.5 33 303.914
124 33 297.954
124.5 33 292.46
125 33 287.42
125.5 33 282.845
126 33 278.833
126.5 33 275.369
127 33 272.499
127.5 33 270.248
128 33 268.503
128.5 33 267.225
129 33 267.012
129.5 33 267.502
130 33 267.882
130.5 33 273.323
87 33.5 1144.43
87.5 33.5 1131.86
88 33.5 1119.04
88.5 33.5 1106.03
89 33.5 1091.86
89.5 33.5 1077.39
90 33.5 1062.62
90.5 33.5 1047.91
91 33.5 1033.76
91.5 33.5 1019.89
92 33.5 1006.25
92.5 33.5 992.708
93 33.5 979.186
93.5 33.5 965.741
94 33.5 952.331
94.5 33.5 938.885
95 33.5 925.453
95.5 33.5 911.945
96 33.5 898.663
96.5 33.5 885.577
97 33.5 872.698
97.5 33.5 859.93
98 33.5 847.021
98.5 33.5 834.062
99 33.5 821.017
99.5 33.5 807.93
100 33.5 794.728
100.5 33.5 781.616
101 33.5 768.535
101.5 33.5 755.391
102 33.5 742.269
102.5 33.5 728.988
103 33.5 715.651
103.5 33.5 702.264
104 33.5 689.086
104.5 33.5 676.374
105 33.5 663.967
105.5 33.5 651.913
106 33.5 640.08
106.5 33.5 628.392
107 33.5 616.802
107.5 33.5 605.17
108 33.5 593.542
108.5 33.5 581.866
109 33.5 570.203
109.5 33.5 558.423
110 33.5 546.739
110.5 33.5 535.133
111 33.5 523.608
111.5 33.5 512.302
112 33.5 501.121
112.5 33.5 490.069
113 33.5 479.256
113.5 33.5 468.595
114 33.5 457.939
114.5 33.5 447.313
115 33.5 436.839
115.5 33.5 426.515
116 33.5 416.261
116.5 33.5 406.185
117 33.5 396.351
117.5 33.5 386.798
118 33.5 377.548
118.5 33.5 368.691
119 33.5 360.152
119.5 33.5 351.942
120 33.5 343.906
120.5 33.5 335.99
121 33.5 328.018
121.5 33.5 319.978
122 33.5 312.08
122.5 33.5 304.412
123 33.5 297.208
123.5 33.5 290.409
124 33.5 284.175
124.5 33.5 278.503
125 33.5 273.273
125.5 33.5 268.505
126 33.5 264.291
126.5 33.5 260.631
127 33.5 257.608
127.5 33.5 255.11
128 33.5 253.225
128.5 33.5 251.816
129 33.5 251.297
129.5 33.5 251.82
130 33.5 252.483
130.5 33.5 261.186
87 34 1135.02
87.5 34 1122.69
88 34 1109.97
88.5 34 1097.12
89 34 1084
89.5 34 1070.88
90 34 1056.56
90.5 34 1041.94
91 34 1026.94
91.5 34 1012.48
92 34 998.321
92.5 34 984.445
93 34 970.715
93.5 34 957.258
94 34 943.837
94.5 34 930.568
95 34 917.388
95.5 34 904.111
96 34 890.889
96.5 34 877.678
97 34 864.524
97.5 34 851.397
98 34 838.301
98.5 34 825.232
99 34 812.185
99.5 34 799.189
100 34 786.214
100.5 34 773.266
101 34 760.422
101.5 34 747.425
102 34 734.476
102.5 34 721.288
103 34 708.066
103.5 34 694.973
104 34 681.96
104.5 34 669.143
105 34 656.653
105.5 34 644.379
106 34 632.448
106.5 34 620.757
107 34 609.136
107.5 34 597.605
108 34 586.024
108.5 34 574.393
109 34 562.639
109.5 34 550.896
110 34 539.038
110.5 34 527.54
111 34 515.986
111.5 34 504.472
112 34 493.074
112.5 34 481.844
113 34 470.868
113.5 34 459.982
114 34 449.052
114.5 34 438.195
115 34 427.524
115.5 34 417.006
116 34 406.576
116.5 34 396.284
117 34 386.2
117.5 34 376.375
118 34 366.78
118.5 34 357.435
119 34 348.506
119.5 34 339.906
120 34 331.55
120.5 34 323.37
121 34 315.338
121.5 34 307.344
122 34 299.374
122.5 34 291.59
123 34 284.107
123.5 34 277.084
124 34 270.598
124.5 34 264.664
125 34 259.254
125.5 34 254.312
126 34 249.9
126.5 34 245.988
127 34 242.706
127.5 34 240.073
128 34 238.013
128.5 34 236.584
129 34 235.914
129.5 34 235.708
130 34 236.874
130.5 34 249.784
131 34 265.547
87 34.5 1125.27
87.5 34.5 1113.12
88 34.5 1100.65
88.5 34.5 1087.85
89 34.5 1074.95
89.5 34.5 1061.85
90 34.5 1048.51
90.5 34.5 1034.83
91 34.5 1020.86
91.5 34.5 1006.07
92 34.5 991.252
92.5 34.5 976.695
93 34.5 962.617
93.5 34.5 949.007
94 34.5 935.621
94.5 34.5 922.379
95 34.5 909.308
95.5 34.5 896.375
96 34.5 883.419
96.5 34.5 870.299
97 34.5 856.95
97.5 34.5 843.393
98 34.5 829.932
98.5 34.5 816.636
99 34.5 803.46
99.5 34.5 790.509
100 34.5 777.594
100.5 34.5 764.82
101 34.5 752.098
101.5 34.5 739.386
102 34.5 726.599
102.5 34.5 713.71
103 34.5 700.718
103.5 34.5 687.782
104 34.5 675.001
104.5 34.5 662.303
105 34.5 649.723
105.5 34.5 637.206
106 34.5 625.084
106.5 34.5 613.182
107 34.5 601.433
107.5 34.5 589.854
108 34.5 578.401
108.5 34.5 566.844
109 34.5 555.152
109.5 34.5 543.49
110 34.5 531.867
110.5 34.5 520.29
111 34.5 508.649
111.5 34.5 497.056
112 34.5 485.482
112.5 34.5 474.106
113 34.5 462.895
113.5 34.5 451.765
114 34.5 440.672
114.5 34.5 429.587
115 34.5 418.693
115.5 34.5 407.905
116 34.5 397.242
116.5 34.5 386.783
117 34.5 376.481
117.5 34.5 366.402
118 34.5 356.516
118.5 34.5 346.847
119 34.5 337.519
119.5 34.5 328.43
120 34.5 319.73
120.5 34.5 311.227
121 34.5 303.014
121.5 34.5 294.923
122 34.5 286.868
122.5 34.5 278.903
123 34.5 271.198
123.5 34.5 263.932
124 34.5 257.206
124.5 34.5 250.993
125 34.5 245.243
125.5 34.5 240.053
126 34.5 235.396
126.5 34.5 231.272
127 34.5 227.762
127.5 34.5 224.958
128 34.5 222.819
128.5 34.5 221.277
129 34.5 222.218
130 34.5 230.707
130.5 34.5 242.231
131 34.5 254.192
87 35 1115.22
87.5 35 1103.16
88 35 1090.95
88.5 35 1078.48
89 35 1065.72
89.5 35 1052.76
90 35 1039.62
90.5 35 1026.37
91 35 1012.83
91.5 35 999.374
92 35 984.847
92.5 35 970.545
93 35 955.99
93.5 35 941.848
94 35 928.067
94.5 35 914.615
95 35 901.369
95.5 35 888.337
96 35 875.463
96.5 35 862.452
97 35 849.286
97.5 35 835.931
98 35 822.461
98.5 35 808.894
99 35 795.644
99.5 35 782.593
100 35 769.644
100.5 35 756.749
101 35 744.076
101.5 35 731.356
102 35 718.749
102.5 35 706.08
103 35 693.337
103.5 35 680.687
104 35 668.073
104.5 35 655.507
105 35 642.956
105.5 35 630.511
106 35 618.352
106.5 35 606.198
107 35 594.107
107.5 35 582.362
108 35 570.797
108.5 35 559.273
109 35 547.682
109.5 35 536.014
110 35 524.499
110.5 35 512.978
111 35 501.33
111.5 35 489.766
112 35 478.091
112.5 35 466.661
113 35 455.279
113.5 35 443.931
114 35 432.661
114.5 35 421.49
115 35 410.441
115.5 35 399.374
116 35 388.502
116.5 35 377.81
117 35 367.287
117.5 35 356.946
118 35 346.775
118.5 35 336.854
119 35 327.132
119.5 35 317.645
120 35 308.416
120.5 35 299.557
121 35 291.085
121.5 35 282.804
122 35 274.632
122.5 35 266.543
123 35 258.552
123.5 35 250.929
124 35 243.855
124.5 35 237.372
125 35 231.356
125.5 35 225.86
126 35 220.998
126.5 35 216.671
127 35 213.017
127.5 35 210.065
128 35 207.733
128.5 35 206.144
129 35 209.72
129.5 35 216.08
130 35 225.006
130.5 35 235.612
131 35 242.147
87 35.5 1104.85
87.5 35.5 1093.03
88 35.5 1081.05
88.5 35.5 1068.89
89 35.5 1056.49
89.5 35.5 1043.73
90 35.5 1030.78
90.5 35.5 1017.67
91 35.5 1004.5
91.5 35.5 991.029
92 35.5 977.646
92.5 35.5 964.168
93 35.5 950.358
93.5 35.5 936.381
94 35.5 922.044
94.5 35.5 908.117
95 35.5 894.426
95.5 35.5 880.98
96 35.5 867.64
96.5 35.5 854.495
97 35.5 841.465
97.5 35.5 828.483
98 35.5 815.458
98.5 35.5 802.277
99 35.5 788.934
99.5 35.5 775.718
100 35.5 762.594
100.5 35.5 749.663
101 35.5 736.871
101.5 35.5 724.077
102 35.5 711.294
102.5 35.5 698.672
103 35.5 686.105
103.5 35.5 673.628
104 35.5 661.15
104.5 35.5 648.657
105 35.5 636.303
105.5 35.5 624.001
106 35.5 611.75
106.5 35.5 599.567
107 35.5 587.452
107.5 35.5 575.531
108 35.5 563.765
108.5 35.5 551.949
109 35.5 540.301
109.5 35.5 528.724
110 35.5 517.15
110.5 35.5 505.64
111 35.5 494.151
111.5 35.5 482.536
112 35.5 470.962
112.5 35.5 459.416
113 35.5 447.996
113.5 35.5 436.531
114 35.5 425.217
114.5 35.5 413.904
115 35.5 402.682
115.5 35.5 391.477
116 35.5 380.324
116.5 35.5 369.461
117 35.5 358.645
117.5 35.5 348.032
118 35.5 337.631
118.5 35.5 327.365
119 35.5 317.312
119.5 35.5 307.401
120 35.5 297.727
120.5 35.5 288.437
121 35.5 279.522
121.5 35.5 270.935
122 35.5 262.606
122.5 35.5 254.368
123 35.5 246.205
123.5 35.5 238.212
124 35.5 230.645
124.5 35.5 223.791
125 35.5 217.539
125.5 35.5 211.836
126 35.5 206.733
126.5 35.5 202.205
127 35.5 198.371
127.5 35.5 195.338
128 35.5 192.842
128.5 35.5 193.085
129 35.5 197.722
129.5 35.5 205.708
130 35.5 216.152
130.5 35.5 226.645
131 35.5 226.186
87 36 1092.22
87.5 36 1082.33
88 36 1070.96
88.5 36 1059.17
89 36 1047.08
89.5 36 1034.71
90 36 1022.03
90.5 36 1009.21
91 36 996.267
91.5 36 983.278
92 36 970.053
92.5 36 956.905
93 36 943.789
93.5 36 930.583
94 36 917.207
94.5 36 903.438
95 36 889.492
95.5 36 875.496
96 36 861.648
96.5 36 847.796
97 36 834.378
97.5 36 821.337
98 36 808.533
98.5 36 795.766
99 36 782.838
99.5 36 769.769
100 36 756.594
100.5 36 743.458
101 36 730.601
101.5 36 717.616
102 36 704.847
102.5 36 692.15
103 36 679.572
103.5 36 667.102
104 36 654.672
104.5 36 642.26
105 36 629.868
105.5 36 617.627
106 36 605.389
106.5 36 593.227
107 36 581.106
107.5 36 569.034
108 36 557.017
108.5 36 545.104
109 36 533.345
109.5 36 521.759
110 36 510.08
110.5 36 498.556
111 36 487.093
111.5 36 475.592
112 36 464.032
112.5 36 452.511
113 36 441.035
113.5 36 429.656
114 36 418.257
114.5 36 406.817
115 36 395.435
115.5 36 384.063
116 36 372.793
116.5 36 361.623
117 36 350.622
117.5 36 339.673
118 36 329.015
118.5 36 318.432
119 36 308.005
119.5 36 297.769
120 36 287.783
120.5 36 278.049
121 36 268.636
121.5 36 259.648
122 36 250.968
122.5 36 242.496
123 36 234.114
123.5 36 225.829
124 36 217.957
124.5 36 210.673
125 36 204.003
125.5 36 198
126 36 192.614
126.5 36 187.885
127 36 183.75
127.5 36 180.399
128 36 178.084
128.5 36 179.156
129 36 183.947
129.5 36 191.466
130 36 200.201
130.5 36 207.67
131 36 210.796
87 36.5 1078.8
87.5 36.5 1068.14
88 36.5 1058.52
88.5 36.5 1048.38
89 36.5 1037.23
89.5 36.5 1025.41
90 36.5 1013.26
90.5 36.5 1000.9
91 36.5 988.348
91.5 36.5 975.667
92 36.5 963.005
92.5 36.5 950.187
93 36.5 937.336
93.5 36.5 924.374
94 36.5 911.253
94.5 36.5 898.123
95 36.5 884.864
95.5 36.5 871.42
96 36.5 857.532
96.5 36.5 843.801
97 36.5 829.763
97.5 36.5 815.807
98 36.5 802.515
98.5 36.5 789.502
99 36.5 776.713
99.5 36.5 763.951
100 36.5 751.161
100.5 36.5 738.129
101 36.5 725.003
101.5 36.5 711.994
102 36.5 699.083
102.5 36.5 686.371
103 36.5 673.708
103.5 36.5 661.16
104 36.5 648.679
104.5 36.5 636.292
105 36.5 623.936
105.5 36.5 611.522
106 36.5 599.3
106.5 36.5 587.144
107 36.5 575.032
107.5 36.5 562.958
108 36.5 550.924
108.5 36.5 538.881
109 36.5 526.964
109.5 36.5 515.17
110 36.5 503.399
110.5 36.5 491.787
111 36.5 480.321
111.5 36.5 468.824
112 36.5 457.336
112.5 36.5 445.857
113 36.5 434.373
113.5 36.5 422.966
114 36.5 411.534
114.5 36.5 400.12
115 36.5 388.534
115.5 36.5 377.044
116 36.5 365.614
116.5 36.5 354.337
117 36.5 343.079
117.5 36.5 331.918
118 36.5 320.972
118.5 36.5 310.075
119 36.5 299.271
119.5 36.5 288.73
120 36.5 278.459
120.5 36.5 268.397
121 36.5 258.577
121.5 36.5 249.079
122 36.5 239.896
122.5 36.5 231.041
123 36.5 222.385
123.5 36.5 213.868
124 36.5 205.714
124.5 36.5 198.043
125 36.5 190.964
125.5 36.5 184.465
126 36.5 178.713
126.5 36.5 173.66
127 36.5 169.097
127.5 36.5 165.371
128 36.5 162.534
128.5 36.5 163.906
129 36.5 168.345
129.5 36.5 174.638
130 36.5 181.179
130.5 36.5 185.978
131 36.5 189.748
87 37 1068.94
87.5 37 1057.68
88 37 1046.57
88.5 37 1035.67
89 37 1025
89.5 37 1014.54
90 37 1003.55
90.5 37 992.1
91 37 980.23
91.5 37 968.052
92 37 955.776
92.5 37 943.459
93 37 930.953
93.5 37 918.115
94 37 905.097
94.5 37 891.93
95 37 878.895
95.5 37 865.851
96 37 852.71
96.5 37 839.44
97 37 826.074
97.5 37 812.558
98 37 798.754
98.5 37 785.084
99 37 771.547
99.5 37 758.439
100 37 745.635
100.5 37 732.858
101 37 719.997
101.5 37 706.87
102 37 693.918
102.5 37 681.046
103 37 668.254
103.5 37 655.629
104 37 643.061
104.5 37 630.642
105 37 618.212
105.5 37 605.781
106 37 593.465
106.5 37 581.305
107 37 569.184
107.5 37 557.128
108 37 545.118
108.5 37 533.125
109 37 521.175
109.5 37 509.281
110 37 497.392
110.5 37 485.582
111 37 473.912
111.5 37 462.33
112 37 450.733
112.5 37 439.143
113 37 427.649
113.5 37 416.159
114 37 404.719
114.5 37 393.261
115 37 381.794
115.5 37 370.258
116 37 358.735
116.5 37 347.315
117 37 336.031
117.5 37 324.721
118 37 313.484
118.5 37 302.348
119 37 291.253
119.5 37 280.334
120 37 269.778
120.5 37 259.422
121 37 249.276
121.5 37 239.308
122 37 229.597
122.5 37 220.273
123 37 211.223
123.5 37 202.413
124 37 193.914
124.5 37 185.807
125 37 178.232
125.5 37 171.349
126 37 165.138
126.5 37 159.491
127 37 154.183
127.5 37 149.817
128 37 146.935
128.5 37 148.166
129 37 151.887
129.5 37 156.927
130 37 162.026
130.5 37 164.824
131 37 168.359
87 37.5 1059.13
87.5 37.5 1047.65
88 37.5 1036.16
88.5 37.5 1024.98
89 37.5 1013.97
89.5 37.5 1003.11
90 37.5 992.472
90.5 37.5 981.707
91 37.5 970.704
91.5 37.5 959.312
92 37.5 947.61
92.5 37.5 935.587
93 37.5 923.419
93.5 37.5 910.965
94 37.5 898.144
94.5 37.5 885.249
95 37.5 872.343
95.5 37.5 859.551
96 37.5 846.757
96.5 37.5 833.915
97 37.5 821.024
97.5 37.5 807.955
98 37.5 794.808
98.5 37.5 781.633
99 37.5 768.249
99.5 37.5 754.587
100 37.5 741.051
100.5 37.5 727.844
101 37.5 714.848
101.5 37.5 701.974
102 37.5 689.15
102.5 37.5 676.35
103 37.5 663.492
103.5 37.5 650.733
104 37.5 638.115
104.5 37.5 625.55
105 37.5 613.061
105.5 37.5 600.493
106 37.5 588.137
106.5 37.5 575.87
107 37.5 563.663
107.5 37.5 551.508
108 37.5 539.464
108.5 37.5 527.461
109 37.5 515.57
109.5 37.5 503.692
110 37.5 491.801
110.5 37.5 479.871
111 37.5 468.038
111.5 37.5 456.31
112 37.5 444.511
112.5 37.5 432.769
113 37.5 421.264
113.5 37.5 409.755
114 37.5 398.244
114.5 37.5 386.71
115 37.5 375.156
115.5 37.5 363.557
116 37.5 352.049
116.5 37.5 340.588
117 37.5 329.091
117.5 37.5 317.684
118 37.5 306.346
118.5 37.5 295.092
119 37.5 283.868
119.5 37.5 272.71
120 37.5 261.767
120.5 37.5 251.034
121 37.5 240.546
121.5 37.5 230.212
122 37.5 220.12
122.5 37.5 210.306
123 37.5 200.839
123.5 37.5 191.613
124 37.5 182.669
124.5 37.5 174.18
125 37.5 166.018
125.5 37.5 158.379
126 37.5 151.639
126.5 37.5 145.299
127 37.5 139.607
127.5 37.5 135.081
128 37.5 131.964
128.5 37.5 132.692
129 37.5 135.258
129.5 37.5 138.872
130 37.5 143.14
130.5 37.5 147.919
131 37.5 155.144
87 38 1050.63
87.5 38 1038.77
88 38 1027.11
88.5 38 1015.51
89 38 1004.2
89.5 38 993.002
90 38 981.939
90.5 38 971.125
91 38 960.327
91.5 38 949.474
92 38 938.223
92.5 38 926.593
93 38 914.774
93.5 38 902.656
94 38 890.354
94.5 38 877.852
95 38 865.394
95.5 38 852.902
96 38 840.263
96.5 38 827.635
97 38 814.93
97.5 38 802.104
98 38 789.19
98.5 38 776.307
99 38 763.413
99.5 38 750.439
100 38 737.372
100.5 38 724.013
101 38 710.59
101.5 38 697.357
102 38 684.582
102.5 38 672.024
103 38 659.43
103.5 38 646.744
104 38 634.072
104.5 38 621.428
105 38 608.787
105.5 38 596.138
106 38 583.602
106.5 38 571.214
107 38 558.876
107.5 38 546.61
108 38 534.44
108.5 38 522.411
109 38 510.501
109.5 38 498.598
110 38 486.685
110.5 38 474.772
111 38 462.871
111.5 38 450.955
112 38 438.977
112.5 38 427.196
113 38 415.543
113.5 38 403.903
114 38 392.254
114.5 38 380.594
115 38 368.933
115.5 38 357.278
116 38 345.679
116.5 38 334.088
117 38 322.495
117.5 38 310.986
118 38 299.574
118.5 38 288.256
119 38 276.924
119.5 38 265.54
120 38 254.317
120.5 38 243.267
121 38 232.365
121.5 38 221.725
122 38 211.278
122.5 38 201.131
123 38 191.164
123.5 38 181.519
124 38 172.261
124.5 38 163.098
125 38 154.396
125.5 38 146.086
126 38 138.535
126.5 38 131.68
127 38 125.788
127.5 38 121.765
128 38 118.711
128.5 38 117.939
129 38 118.706
129.5 38 120.536
130 38 123.518
130.5 38 127.747
131 38 134.978
87 38.5 1043.06
87.5 38.5 1030.98
88 38.5 1019.04
88.5 38.5 1007.3
89 38.5 995.628
89.5 38.5 984.16
90 38.5 972.767
90.5 38.5 961.513
91 38.5 950.441
91.5 38.5 939.354
92 38.5 928.247
92.5 38.5 917.001
93 38.5 905.533
93.5 38.5 893.896
94 38.5 882.069
94.5 38.5 870.179
95 38.5 858.181
95.5 38.5 845.943
96 38.5 833.516
96.5 38.5 820.93
97 38.5 808.325
97.5 38.5 795.601
98 38.5 782.904
98.5 38.5 770.242
99 38.5 757.5
99.5 38.5 744.783
100 38.5 732.1
100.5 38.5 719.576
101 38.5 706.94
101.5 38.5 694.115
102 38.5 681.163
102.5 38.5 668.313
103 38.5 655.658
103.5 38.5 643.159
104 38.5 630.618
104.5 38.5 618.009
105 38.5 605.307
105.5 38.5 592.571
106 38.5 579.982
106.5 38.5 567.421
107 38.5 554.954
107.5 38.5 542.619
108 38.5 530.351
108.5 38.5 518.167
109 38.5 506.166
109.5 38.5 494.148
110 38.5 482.093
110.5 38.5 470.145
111 38.5 458.305
111.5 38.5 446.401
112 38.5 434.336
112.5 38.5 422.391
113 38.5 410.531
113.5 38.5 398.688
114 38.5 386.846
114.5 38.5 375.019
115 38.5 363.221
115.5 38.5 351.467
116 38.5 339.765
116.5 38.5 328.029
117 38.5 316.328
117.5 38.5 304.716
118 38.5 293.196
118.5 38.5 281.759
119 38.5 270.332
119.5 38.5 258.786
120 38.5 247.448
120.5 38.5 236.091
121 38.5 224.923
121.5 38.5 213.94
122 38.5 203.212
122.5 38.5 192.667
123 38.5 182.293
123.5 38.5 172.294
124 38.5 162.472
124.5 38.5 152.929
125 38.5 143.503
125.5 38.5 134.543
126 38.5 126.293
126.5 38.5 118.94
127 38.5 112.474
127.5 38.5 108.996
128 38.5 104.922
128.5 38.5 102.44
129 38.5 101.507
129.5 38.5 101.931
130 38.5 104.225
130.5 38.5 107.473
87 39 1035.96
87.5 39 1023.71
88 39 1011.62
88.5 39 999.594
89 39 987.769
89.5 39 976.077
90 39 964.571
90.5 39 953.168
91 39 941.797
91.5 39 930.342
92 39 919.025
92.5 39 907.757
93 39 896.526
93.5 39 885.196
94 39 873.702
94.5 39 862.239
95 39 850.592
95.5 39 838.667
96 39 826.478
96.5 39 814.206
97 39 801.791
97.5 39 789.305
98 39 776.743
98.5 39 764.266
99 39 751.777
99.5 39 739.286
100 39 726.869
100.5 39 714.521
101 39 702.322
101.5 39 690.168
102 39 677.952
102.5 39 665.61
103 39 653.024
103.5 39 640.358
104 39 627.712
104.5 39 615.035
105 39 602.433
105.5 39 589.754
106 39 577.106
106.5 39 564.533
107 39 552.018
107.5 39 539.595
108 39 527.229
108.5 39 514.896
109 39 502.704
109.5 39 490.522
110 39 478.32
110.5 39 466.159
111 39 454.185
111.5 39 442.258
112 39 430.267
112.5 39 418.242
113 39 406.206
113.5 39 394.148
114 39 382.091
114.5 39 370.073
115 39 358.11
115.5 39 346.211
116 39 334.405
116.5 39 322.53
117 39 310.733
117.5 39 299.029
118 39 287.393
118.5 39 275.86
119 39 264.322
119.5 39 252.755
120 39 241.278
120.5 39 229.781
121 39 218.434
121.5 39 207.202
122 39 196.151
122.5 39 185.182
123 39 174.463
123.5 39 163.905
124 39 153.604
124.5 39 143.492
125 39 133.536
125.5 39 124.07
126 39 115.24
126.5 39 107.537
127 39 100.381
131 39 99.2977
87 39.5 1029.12
87.5 39.5 1016.85
88 39.5 1004.68
88.5 39.5 992.563
89 39.5 980.5
89.5 39.5 968.673
90 39.5 957.031
90.5 39.5 945.508
91 39.5 933.984
91.5 39.5 922.507
92 39.5 911.153
92.5 39.5 899.933
93 39.5 888.815
93.5 39.5 877.588
94 39.5 866.234
94.5 39.5 854.802
95 39.5 843.235
95.5 39.5 831.496
96 39.5 819.564
96.5 39.5 807.56
97 39.5 795.532
97.5 39.5 783.343
98 39.5 771.06
98.5 39.5 758.722
99 39.5 746.443
99.5 39.5 734.244
100 39.5 722.052
100.5 39.5 709.869
101 39.5 697.773
101.5 39.5 685.769
102 39.5 673.825
102.5 39.5 661.864
103 39.5 649.902
103.5 39.5 637.786
104 39.5 625.437
104.5 39.5 612.857
105 39.5 600.145
105.5 39.5 587.486
106 39.5 574.821
106.5 39.5 562.199
107 39.5 549.707
107.5 39.5 537.255
108 39.5 524.829
108.5 39.5 512.364
109 39.5 499.973
109.5 39.5 487.647
110 39.5 475.362
110.5 39.5 463.127
111 39.5 451.001
111.5 39.5 438.907
112 39.5 426.914
112.5 39.5 414.786
113 39.5 402.59
113.5 39.5 390.325
114 39.5 378.056
114.5 39.5 365.859
115 39.5 353.722
115.5 39.5 341.604
116 39.5 329.529
116.5 39.5 317.707
117 39.5 305.9
117.5 39.5 294.138
118 39.5 282.355
118.5 39.5 270.681
119 39.5 258.96
119.5 39.5 247.452
120 39.5 235.904
120.5 39.5 224.35
121 39.5 212.796
121.5 39.5 201.384
122 39.5 190.026
122.5 39.5 178.815
123 39.5 167.71
123.5 39.5 156.765
124 39.5 146.01
124.5 39.5 135.379
125 39.5 124.891
125.5 39.5 115.096
126 39.5 105.837
126.5 39.5 96.3432
87 40 1023.16
87.5 40 1010.89
88 40 998.748
88.5 40 986.658
89 40 974.699
89.5 40 962.703
90 40 950.943
90.5 40 939.226
91 40 927.593
91.5 40 915.99
92 40 904.62
92.5 40 893.391
93 40 882.235
93.5 40 871.022
94 40 859.724
94.5 40 848.386
95 40 836.956
95.5 40 825.374
96 40 813.616
96.5 40 801.754
97 40 789.97
97.5 40 778.143
98 40 766.116
98.5 40 753.972
99 40 741.82
99.5 40 729.769
100 40 717.761
100.5 40 705.755
101 40 693.723
101.5 40 681.798
102 40 669.9
102.5 40 658.069
103 40 646.218
103.5 40 634.351
104 40 622.336
104.5 40 610.293
105 40 597.902
105.5 40 585.402
106 40 572.956
106.5 40 560.386
107 40 547.788
107.5 40 535.254
108 40 522.811
108.5 40 510.205
109 40 497.671
109.5 40 485.275
110 40 472.98
110.5 40 460.731
111 40 448.573
111.5 40 436.461
112 40 424.323
112.5 40 412.019
113 40 399.69
113.5 40 387.252
114 40 374.825
114.5 40 362.52
115 40 350.298
115.5 40 338.11
116 40 326.073
116.5 40 314.029
117 40 302.157
117.5 40 290.33
118 40 278.431
118.5 40 266.609
119 40 254.844
119.5 40 243.253
120 40 231.624
120.5 40 219.94
121 40 208.289
121.5 40 196.666
122 40 185.107
122.5 40 173.664
123 40 162.245
123.5 40 151.042
124 40 139.954
124.5 40 128.911
125 40 117.81
125.5 40 107.746
126 40 96.9484
87 40.5 1017.65
87.5 40.5 1005.44
88 40.5 993.34
88.5 40.5 981.328
89 40.5 969.32
89.5 40.5 957.45
90 40.5 945.575
90.5 40.5 933.767
91 40.5 922.03
91.5 40.5 910.439
92 40.5 899.023
92.5 40.5 887.657
93 40.5 876.343
93.5 40.5 865.024
94 40.5 853.668
94.5 40.5 842.39
95 40.5 831.086
95.5 40.5 819.667
96 40.5 808.033
96.5 40.5 796.32
97 40.5 784.689
97.5 40.5 773.093
98 40.5 761.367
98.5 40.5 749.523
99 40.5 737.557
99.5 40.5 725.6
100 40.5 713.668
100.5 40.5 701.78
101 40.5 689.882
101.5 40.5 677.995
102 40.5 666.173
102.5 40.5 654.401
103 40.5 642.455
103.5 40.5 630.605
104 40.5 618.765
104.5 40.5 606.946
105 40.5 595.07
105.5 40.5 582.839
106 40.5 570.794
106.5 40.5 558.45
107 40.5 545.673
107.5 40.5 533.113
108 40.5 520.765
108.5 40.5 508.042
109 40.5 495.474
109.5 40.5 483.123
110 40.5 470.911
110.5 40.5 458.668
111 40.5 446.517
111.5 40.5 434.397
112 40.5 422.095
112.5 40.5 409.803
113 40.5 397.428
113.5 40.5 384.918
114 40.5 372.523
114.5 40.5 360.195
115 40.5 347.892
115.5 40.5 335.696
116 40.5 323.513
116.5 40.5 311.403
117 40.5 299.484
117.5 40.5 287.619
118 40.5 275.741
118.5 40.5 263.87
119 40.5 252.065
119.5 40.5 240.282
120 40.5 228.519
120.5 40.5 216.816
121 40.5 204.994
121.5 40.5 193.254
122 40.5 181.573
122.5 40.5 169.984
123 40.5 158.451
123.5 40.5 147.024
124 40.5 135.636
124.5 40.5 124.262
125 40.5 112.952
125.5 40.5 101.512
87 41 1013.36
87.5 41 1001.2
88 41 989.202
88.5 41 977.143
89 41 965.177
89.5 41 953.237
90 41 941.358
90.5 41 929.531
91 41 917.755
91.5 41 906.124
92 41 894.588
92.5 41 883.118
93 41 871.647
93.5 41 860.217
94 41 848.785
94.5 41 837.4
95 41 826.029
95.5 41 814.584
96 41 803.009
96.5 41 791.345
97 41 779.693
97.5 41 768.078
98 41 756.413
98.5 41 744.747
99 41 732.967
99.5 41 721.134
100 41 709.307
100.5 41 697.447
101 41 685.598
101.5 41 673.768
102 41 661.969
102.5 41 650.223
103 41 638.443
103.5 41 626.714
104 41 614.947
104.5 41 603.093
105 41 591.269
105.5 41 579.32
106 41 567.366
106.5 41 555.212
107 41 542.721
107.5 41 530.294
108 41 517.96
108.5 41 505.502
109 41 493.149
109.5 41 480.973
110 41 468.936
110.5 41 456.689
111 41 444.542
111.5 41 432.314
112 41 420.082
112.5 41 407.797
113 41 395.489
113.5 41 383.139
114 41 370.806
114.5 41 358.535
115 41 346.266
115.5 41 334.064
116 41 321.938
116.5 41 309.859
117 41 297.856
117.5 41 285.928
118 41 274.111
118.5 41 262.216
119 41 250.361
119.5 41 238.446
120 41 226.666
120.5 41 214.867
121 41 202.988
121.5 41 191.255
122 41 179.541
122.5 41 167.853
123 41 156.324
123.5 41 144.782
124 41 133.203
124.5 41 121.585
125 41 110.266
125.5 41 98.094
87 41.5 1010
87.5 41.5 998.007
88 41.5 986.02
88.5 41.5 974.026
89 41.5 962.023
89.5 41.5 950.084
90 41.5 938.208
90.5 41.5 926.31
91 41.5 914.518
91.5 41.5 902.847
92 41.5 891.229
92.5 41.5 879.643
93 41.5 868.092
93.5 41.5 856.593
94 41.5 845.142
94.5 41.5 833.673
95 41.5 822.231
95.5 41.5 810.759
96 41.5 799.217
96.5 41.5 787.602
97 41.5 775.961
97.5 41.5 764.313
98 41.5 752.616
98.5 41.5 740.881
99 41.5 729.099
99.5 41.5 717.307
100 41.5 705.504
100.5 41.5 693.669
101 41.5 681.788
101.5 41.5 669.933
102 41.5 658.088
102.5 41.5 646.221
103 41.5 634.68
103.5 41.5 623.149
104 41.5 611.512
104.5 41.5 599.763
105 41.5 587.958
105.5 41.5 576.048
106 41.5 564.046
106.5 41.5 551.897
107 41.5 539.565
107.5 41.5 527.321
108 41.5 515.132
108.5 41.5 502.944
109 41.5 490.835
109.5 41.5 478.783
110 41.5 466.743
110.5 41.5 454.714
111 41.5 442.694
111.5 41.5 430.621
112 41.5 418.473
112.5 41.5 406.295
113 41.5 394.082
113.5 41.5 381.886
114 41.5 369.71
114.5 41.5 357.508
115 41.5 345.318
115.5 41.5 333.192
116 41.5 321.168
116.5 41.5 309.108
117 41.5 297.091
117.5 41.5 285.215
118 41.5 273.301
118.5 41.5 261.416
119 41.5 249.538
119.5 41.5 237.649
120 41.5 225.903
120.5 41.5 214.178
121 41.5 202.44
121.5 41.5 190.722
122 41.5 179.111
122.5 41.5 167.409
123 41.5 155.896
123.5 41.5 144.343
124 41.5 132.769
124.5 41.5 121.05
125 41.5 109.837
125.5 41.5 97.9101
87 42 1007.67
87.5 42 995.734
88 42 983.765
88.5 42 971.773
89 42 959.779
89.5 42 947.859
90 42 935.944
90.5 42 924.051
91 42 912.195
91.5 42 900.416
92 42 888.705
92.5 42 877.001
93 42 865.371
93.5 42 853.781
94 42 842.221
94.5 42 830.731
95 42 819.253
95.5 42 807.753
96 42 796.246
96.5 42 784.703
97 42 773.138
97.5 42 761.558
98 42 749.901
98.5 42 738.185
99 42 726.405
99.5 42 714.657
100 42 702.876
100.5 42 691.062
101 42 679.238
101.5 42 667.436
102 42 655.621
102.5 42 643.81
103 42 631.967
103.5 42 620.388
104 42 608.756
104.5 42 597.047
105 42 585.238
105.5 42 573.292
106 42 561.221
106.5 42 549.089
107 42 536.837
107.5 42 524.814
108 42 512.828
108.5 42 500.828
109 42 488.951
109.5 42 477.068
110 42 465.217
110.5 42 453.35
111 42 441.454
111.5 42 429.498
112 42 417.444
112.5 42 405.342
113 42 393.267
113.5 42 381.199
114 42 369.136
114.5 42 357.1
115 42 345.009
115.5 42 333.015
116 42 321.047
116.5 42 309.068
117 42 297.075
117.5 42 285.177
118 42 273.322
118.5 42 261.453
119 42 249.624
119.5 42 237.78
120 42 226.143
120.5 42 214.425
121 42 202.809
121.5 42 191.21
122 42 179.748
122.5 42 168.213
123 42 156.864
123.5 42 145.531
124 42 134.216
124.5 42 122.755
125 42 111.765
125.5 42 100.046
87 42.5 1005.7
87.5 42.5 993.778
88 42.5 981.861
88.5 42.5 969.904
89 42.5 957.971
89.5 42.5 946.059
90 42.5 934.17
90.5 42.5 922.22
91 42.5 910.327
91.5 42.5 898.459
92 42.5 886.589
92.5 42.5 874.792
93 42.5 863.012
93.5 42.5 851.321
94 42.5 839.718
94.5 42.5 828.182
95 42.5 816.685
95.5 42.5 805.235
96 42.5 793.762
96.5 42.5 782.266
97 42.5 770.762
97.5 42.5 759.225
98 42.5 747.637
98.5 42.5 735.971
99 42.5 724.317
99.5 42.5 712.654
100 42.5 700.947
100.5 42.5 689.185
101 42.5 677.419
101.5 42.5 665.664
102 42.5 653.903
102.5 42.5 642.131
103 42.5 630.323
103.5 42.5 618.548
104 42.5 606.799
104.5 42.5 595.064
105 42.5 583.242
105.5 42.5 571.281
106 42.5 559.201
106.5 42.5 547.235
107 42.5 535.254
107.5 42.5 523.36
108 42.5 511.438
108.5 42.5 499.605
109 42.5 487.827
109.5 42.5 476.059
110 42.5 464.305
110.5 42.5 452.542
111 42.5 440.779
111.5 42.5 428.922
112 42.5 416.934
112.5 42.5 404.923
113 42.5 392.943
113.5 42.5 381.029
114 42.5 369.143
114.5 42.5 357.205
115 42.5 345.24
115.5 42.5 333.305
116 42.5 321.412
116.5 42.5 309.502
117 42.5 297.59
117.5 42.5 285.733
118 42.5 273.859
118.5 42.5 262.097
119 42.5 250.426
119.5 42.5 238.861
120 42.5 227.391
120.5 42.5 215.87
121 42.5 204.441
121.5 42.5 193.036
122 42.5 181.758
122.5 42.5 170.513
123 42.5 159.335
123.5 42.5 148.269
124 42.5 137.264
124.5 42.5 126.356
125 42.5 115.633
125.5 42.5 105.113
87 43 1003.79
87.5 43 991.855
88 43 979.919
88.5 43 967.953
89 43 956.034
89.5 43 944.149
90 43 932.226
90.5 43 920.247
91 43 908.261
91.5 43 896.347
92 43 884.471
92.5 43 872.587
93 43 860.816
93.5 43 849.145
94 43 837.564
94.5 43 826.034
95 43 814.567
95.5 43 803.092
96 43 791.665
96.5 43 780.243
97 43 768.78
97.5 43 757.283
98 43 745.732
98.5 43 734.176
99 43 722.584
99.5 43 711.014
100 43 699.37
100.5 43 687.725
101 43 676.034
101.5 43 664.35
102 43 652.696
102.5 43 640.946
103 43 629.165
103.5 43 617.406
104 43 605.644
104.5 43 593.826
105 43 582.001
105.5 43 570.12
106 43 558.236
106.5 43 546.299
107 43 534.383
107.5 43 522.521
108 43 510.721
108.5 43 498.907
109 43 487.195
109.5 43 475.478
110 43 463.805
110.5 43 452.116
111 43 440.462
111.5 43 428.706
112 43 416.815
112.5 43 404.865
113 43 393.017
113.5 43 381.198
114 43 369.41
114.5 43 357.596
115 43 345.788
115.5 43 333.977
116 43 322.162
116.5 43 310.368
117 43 298.625
117.5 43 286.896
118 43 275.27
118.5 43 263.689
119 43 252.251
119.5 43 240.953
120 43 229.71
120.5 43 218.491
121 43 207.276
121.5 43 196.132
122 43 185.047
122.5 43 174.094
123 43 163.28
123.5 43 152.635
124 43 142.038
124.5 43 131.72
125 43 121.653
125.5 43 112.178
126 43 102.546
87 43.5 1002.3
87.5 43.5 990.126
88 43.5 977.965
88.5 43.5 965.907
89 43.5 953.98
89.5 43.5 942.142
90 43.5 930.304
90.5 43.5 918.375
91 43.5 906.459
91.5 43.5 894.561
92 43.5 882.69
92.5 43.5 870.848
93 43.5 859.076
93.5 43.5 847.43
94 43.5 835.913
94.5 43.5 824.409
95 43.5 812.915
95.5 43.5 801.481
96 43.5 790.086
96.5 43.5 778.683
97 43.5 767.245
97.5 43.5 755.801
98 43.5 744.357
98.5 43.5 732.864
99 43.5 721.375
99.5 43.5 709.843
100 43.5 698.325
100.5 43.5 686.73
101 43.5 675.11
101.5 43.5 663.487
102 43.5 651.835
102.5 43.5 640.186
103 43.5 628.502
103.5 43.5 616.759
104 43.5 604.983
104.5 43.5 593.167
105 43.5 581.303
105.5 43.5 569.472
106 43.5 557.578
106.5 43.5 545.664
107 43.5 533.819
107.5 43.5 522.033
108 43.5 510.26
108.5 43.5 498.554
109 43.5 486.867
109.5 43.5 475.197
110 43.5 463.537
110.5 43.5 451.938
111 43.5 440.334
111.5 43.5 428.725
112 43.5 416.971
112.5 43.5 405.179
113 43.5 393.513
113.5 43.5 381.905
114 43.5 370.265
114.5 43.5 358.566
115 43.5 346.91
115.5 43.5 335.245
116 43.5 323.542
116.5 43.5 311.909
117 43.5 300.377
117.5 43.5 288.942
118 43.5 277.56
118.5 43.5 266.25
119 43.5 255.102
119.5 43.5 244.057
120 43.5 233.161
120.5 43.5 222.201
121 43.5 211.337
121.5 43.5 200.56
122 43.5 189.786
122.5 43.5 179.271
123 43.5 168.848
123.5 43.5 158.734
124 43.5 148.724
124.5 43.5 138.928
125 43.5 129.458
125.5 43.5 120.562
126 43.5 112.539
126.5 43.5 104.761
127 43.5 97.4253
131 43.5 94.7631
87 44 1001.21
87.5 44 988.845
88 44 976.553
88.5 44 964.42
89 44 952.441
89.5 44 940.627
90 44 928.804
90.5 44 916.939
91 44 905.08
91.5 44 893.267
92 44 881.43
92.5 44 869.624
93 44 857.927
93.5 44 846.344
94 44 834.816
94.5 44 823.317
95 44 811.855
95.5 44 800.431
96 44 789.057
96.5 44 777.664
97 44 766.258
97.5 44 754.85
98 44 743.441
98.5 44 732.033
99 44 720.575
99.5 44 709.13
100 44 697.645
100.5 44 686.138
101 44 674.597
101.5 44 663.019
102 44 651.404
102.5 44 639.718
103 44 628.032
103.5 44 616.317
104 44 604.539
104.5 44 592.721
105 44 580.936
105.5 44 569.113
106 44 557.263
106.5 44 545.405
107 44 533.613
107.5 44 521.852
108 44 510.149
108.5 44 498.5
109 44 486.921
109.5 44 475.348
110 44 463.779
110.5 44 452.256
111 44 440.776
111.5 44 429.294
112 44 417.752
112.5 44 406.198
113 44 394.735
113.5 44 383.321
114 44 371.859
114.5 44 360.387
115 44 348.897
115.5 44 337.434
116 44 325.947
116.5 44 314.482
117 44 303.176
117.5 44 291.994
118 44 280.885
118.5 44 269.857
119 44 258.928
119.5 44 248.146
120 44 237.505
120.5 44 226.975
121 44 216.401
121.5 44 205.969
122 44 195.737
122.5 44 185.694
123 44 175.9
123.5 44 166.188
124 44 156.864
124.5 44 147.677
125 44 138.853
125.5 44 130.66
126 44 123.297
126.5 44 116.446
127 44 110.965
127.5 44 105.891
128 44 101.848
128.5 44 98.2072
129 44 97.1355
129.5 44 98.6326
130 44 100.966
130.5 44 103.877
87 44.5 999.213
87.5 44.5 986.92
88 44.5 974.724
88.5 44.5 962.687
89 44.5 950.893
89.5 44.5 939.125
90 44.5 927.393
90.5 44.5 915.673
91 44.5 903.932
91.5 44.5 892.192
92 44.5 880.47
92.5 44.5 868.746
93 44.5 857.156
93.5 44.5 845.666
94 44.5 834.197
94.5 44.5 822.725
95 44.5 811.287
95.5 44.5 799.877
96 44.5 788.505
96.5 44.5 777.094
97 44.5 765.669
97.5 44.5 754.273
98 44.5 742.903
98.5 44.5 731.511
99 44.5 720.109
99.5 44.5 708.647
100 44.5 697.16
100.5 44.5 685.635
101 44.5 674.08
101.5 44.5 662.561
102 44.5 650.995
102.5 44.5 639.371
103 44.5 627.725
103.5 44.5 616.066
104 44.5 604.36
104.5 44.5 592.649
105 44.5 580.929
105.5 44.5 569.236
106 44.5 557.487
106.5 44.5 545.756
107 44.5 534.068
107.5 44.5 522.416
108 44.5 510.794
108.5 44.5 499.254
109 44.5 487.767
109.5 44.5 476.267
110 44.5 464.844
110.5 44.5 453.476
111 44.5 442.146
111.5 44.5 430.815
112 44.5 419.481
112.5 44.5 408.139
113 44.5 396.852
113.5 44.5 385.611
114 44.5 374.322
114.5 44.5 363.023
115 44.5 351.767
115.5 44.5 340.543
116 44.5 329.328
116.5 44.5 318.113
117 44.5 307.035
117.5 44.5 296.15
118 44.5 285.299
118.5 44.5 274.518
119 44.5 263.814
119.5 44.5 253.267
120 44.5 242.938
120.5 44.5 232.652
121 44.5 222.507
121.5 44.5 212.496
122 44.5 202.816
122.5 44.5 193.319
123 44.5 184.012
123.5 44.5 175.002
124 44.5 166.024
124.5 44.5 157.594
125 44.5 149.453
125.5 44.5 141.948
126 44.5 135.291
126.5 44.5 129.452
127 44.5 124.33
127.5 44.5 119.883
128 44.5 116.888
128.5 44.5 114.565
129 44.5 113.721
129.5 44.5 114.323
130 44.5 115.585
130.5 44.5 118.695
131 44.5 123.084
87 45 996.645
87.5 45 984.545
88 45 972.601
88.5 45 960.846
89 45 949.165
89.5 45 937.57
90 45 925.984
90.5 45 914.429
91 45 902.854
91.5 45 891.274
92 45 879.673
92.5 45 868.106
93 45 856.606
93.5 45 845.16
94 45 833.745
94.5 45 822.348
95 45 810.949
95.5 45 799.571
96 45 788.196
96.5 45 776.789
97 45 765.379
97.5 45 753.984
98 45 742.57
98.5 45 731.186
99 45 719.77
99.5 45 708.343
100 45 696.881
100.5 45 685.411
101 45 673.954
101.5 45 662.496
102 45 650.995
102.5 45 639.446
103 45 627.877
103.5 45 616.308
104 45 604.754
104.5 45 593.166
105 45 581.617
105.5 45 570.033
106 45 558.468
106.5 45 546.896
107 45 535.354
107.5 45 523.817
108 45 512.318
108.5 45 500.88
109 45 489.472
109.5 45 478.133
110 45 466.832
110.5 45 455.592
111 45 444.405
111.5 45 433.192
112 45 422.044
112.5 45 410.925
113 45 399.792
113.5 45 388.732
114 45 377.652
114.5 45 366.607
115 45 355.595
115.5 45 344.63
116 45 333.667
116.5 45 322.737
117 45 311.944
117.5 45 301.283
118 45 290.683
118.5 45 280.143
119 45 269.751
119.5 45 259.437
120 45 249.271
120.5 45 239.396
121 45 229.657
121.5 45 220.137
122 45 210.871
122.5 45 201.942
123 45 193.219
123.5 45 184.668
124 45 176.397
124.5 45 168.49
125 45 161.042
125.5 45 154.295
126 45 148.085
126.5 45 142.721
127 45 138.054
127.5 45 134.177
128 45 131.417
128.5 45 129.798
129 45 129.212
129.5 45 129.628
130 45 130.978
130.5 45 133.358
131 45 136.899
87 45.5 994.323
87.5 45.5 982.644
88 45.5 970.914
88.5 45.5 959.281
89 45.5 947.728
89.5 45.5 936.23
90 45.5 924.813
90.5 45.5 913.438
91 45.5 902.043
91.5 45.5 890.583
92 45.5 879.122
92.5 45.5 867.641
93 45.5 856.171
93.5 45.5 844.759
94 45.5 833.361
94.5 45.5 821.989
95 45.5 810.645
95.5 45.5 799.289
96 45.5 787.934
96.5 45.5 776.565
97 45.5 765.239
97.5 45.5 753.929
98 45.5 742.604
98.5 45.5 731.271
99 45.5 719.955
99.5 45.5 708.585
100 45.5 697.176
100.5 45.5 685.757
101 45.5 674.38
101.5 45.5 663.037
102 45.5 651.62
102.5 45.5 640.175
103 45.5 628.729
103.5 45.5 617.265
104 45.5 605.816
104.5 45.5 594.372
105 45.5 582.931
105.5 45.5 571.497
106 45.5 560.05
106.5 45.5 548.657
107 45.5 537.256
107.5 45.5 525.867
108 45.5 514.511
108.5 45.5 503.186
109 45.5 491.898
109.5 45.5 480.671
110 45.5 469.488
110.5 45.5 458.376
111 45.5 447.303
111.5 45.5 436.306
112 45.5 425.342
112.5 45.5 414.4
113 45.5 403.532
113.5 45.5 392.654
114 45.5 381.808
114.5 45.5 370.952
115 45.5 360.133
115.5 45.5 349.416
116 45.5 338.708
116.5 45.5 328.043
117 45.5 317.537
117.5 45.5 307.128
118 45.5 296.867
118.5 45.5 286.559
119 45.5 276.375
119.5 45.5 266.33
120 45.5 256.573
120.5 45.5 247.085
121 45.5 237.801
121.5 45.5 228.71
122 45.5 219.919
122.5 45.5 211.385
123 45.5 203.137
123.5 45.5 195.1
124 45.5 187.422
124.5 45.5 180.188
125 45.5 173.418
125.5 45.5 167.052
126 45.5 161.325
126.5 45.5 156.399
127 45.5 152.163
127.5 45.5 148.797
128 45.5 146.448
128.5 45.5 145.01
129 45.5 144.57
129.5 45.5 145.029
130 45.5 146.418
130.5 45.5 148.609
131 45.5 151.601
87 46 992.05
87.5 46 980.629
88 46 969.349
88.5 46 958.05
89 46 946.752
89.5 46 935.446
90 46 924.135
90.5 46 912.871
91 46 901.505
91.5 46 890.07
92 46 878.632
92.5 46 867.21
93 46 855.842
93.5 46 844.454
94 46 833.117
94.5 46 821.809
95 46 810.507
95.5 46 799.221
96 46 787.932
96.5 46 776.675
97 46 765.421
97.5 46 754.213
98 46 742.953
98.5 46 731.697
99 46 720.439
99.5 46 709.176
100 46 697.869
100.5 46 686.563
101 46 675.277
101.5 46 664.013
102 46 652.711
102.5 46 641.395
103 46 630.067
103.5 46 618.738
104 46 607.406
104.5 46 596.068
105 46 584.733
105.5 46 573.411
106 46 562.105
106.5 46 550.837
107 46 539.57
107.5 46 528.285
108 46 517.062
108.5 46 505.906
109 46 494.788
109.5 46 483.72
110 46 472.714
110.5 46 461.749
111 46 450.867
111.5 46 439.971
112 46 429.168
112.5 46 418.441
113 46 407.756
113.5 46 397.086
114 46 386.409
114.5 46 375.778
115 46 365.192
115.5 46 354.692
116 46 344.267
116.5 46 333.863
117 46 323.603
117.5 46 313.535
118 46 303.533
118.5 46 293.524
119 46 283.672
119.5 46 274.053
120 46 264.617
120.5 46 255.487
121 46 246.612
121.5 46 237.944
122 46 229.565
122.5 46 221.539
123 46 213.707
123.5 46 206.329
124 46 199.229
124.5 46 192.448
125 46 186.049
125.5 46 180.207
126 46 174.948
126.5 46 170.355
127 46 166.524
127.5 46 163.605
128 46 161.476
128.5 46 160.397
129 46 160.121
129.5 46 160.535
130 46 161.79
130.5 46 163.928
131 46 166.61
87 46.5 990.235
87.5 46.5 978.98
88 46.5 967.73
88.5 46.5 956.595
89 46.5 945.474
89.5 46.5 934.46
90 46.5 923.467
90.5 46.5 912.392
91 46.5 901.187
91.5 46.5 889.812
92 46.5 878.405
92.5 46.5 867.046
93 46.5 855.678
93.5 46.5 844.359
94 46.5 833.092
94.5 46.5 821.863
95 46.5 810.664
95.5 46.5 799.441
96 46.5 788.238
96.5 46.5 777.012
97 46.5 765.792
97.5 46.5 754.616
98 46.5 743.43
98.5 46.5 732.268
99 46.5 721.091
99.5 46.5 709.917
100 46.5 698.733
100.5 46.5 687.558
101 46.5 676.374
101.5 46.5 665.198
102 46.5 654.007
102.5 46.5 642.819
103 46.5 631.612
103.5 46.5 620.395
104 46.5 609.194
104.5 46.5 597.974
105 46.5 586.762
105.5 46.5 575.578
106 46.5 564.403
106.5 46.5 553.258
107 46.5 542.121
107.5 46.5 531.017
108 46.5 519.981
108.5 46.5 508.996
109 46.5 498.039
109.5 46.5 487.168
110 46.5 476.358
110.5 46.5 465.568
111 46.5 454.84
111.5 46.5 444.153
112 46.5 433.522
112.5 46.5 422.984
113 46.5 412.503
113.5 46.5 402.026
114 46.5 391.609
114.5 46.5 381.219
115 46.5 370.847
115.5 46.5 360.614
116 46.5 350.438
116.5 46.5 340.364
117 46.5 330.366
117.5 46.5 320.473
118 46.5 310.768
118.5 46.5 301.166
119 46.5 291.724
119.5 46.5 282.453
120 46.5 273.384
120.5 46.5 264.561
121 46.5 256.007
121.5 46.5 247.767
122 46.5 239.859
122.5 46.5 232.272
123 46.5 225.04
123.5 46.5 218.097
124 46.5 211.46
124.5 46.5 205.131
125 46.5 199.177
125.5 46.5 193.655
126 46.5 188.774
126.5 46.5 184.588
127 46.5 181.107
127.5 46.5 178.387
128 46.5 176.695
128.5 46.5 175.772
129 46.5 175.502
129.5 46.5 175.981
130 46.5 177.268
130.5 46.5 179.204
87 47 988.562
87.5 47 977.65
88 47 966.717
88.5 47 955.695
89 47 944.708
89.5 47 933.714
90 47 922.674
90.5 47 911.601
91 47 900.442
91.5 47 889.23
92 47 878.048
92.5 47 866.873
93 47 855.707
93.5 47 844.481
94 47 833.26
94.5 47 822.079
95 47 810.877
95.5 47 799.696
96 47 788.544
96.5 47 777.413
97 47 766.295
97.5 47 755.194
98 47 744.087
98.5 47 732.995
99 47 721.896
99.5 47 710.823
100 47 699.751
100.5 47 688.69
101 47 677.611
101.5 47 666.531
102 47 655.437
102.5 47 644.375
103 47 633.316
103.5 47 622.246
104 47 611.182
104.5 47 600.092
105 47 589.025
105.5 47 577.973
106 47 566.973
106.5 47 556.01
107 47 545.065
107.5 47 534.147
108 47 523.297
108.5 47 512.503
109 47 501.784
109.5 47 491.083
110 47 480.428
110.5 47 469.851
111 47 459.327
111.5 47 448.835
112 47 438.419
112.5 47 428.093
113 47 417.814
113.5 47 407.618
114 47 397.46
114.5 47 387.312
115 47 377.203
115.5 47 367.169
116 47 357.326
116.5 47 347.495
117 47 337.745
117.5 47 328.147
118 47 318.74
118.5 47 309.516
119 47 300.401
119.5 47 291.498
120 47 282.797
120.5 47 274.289
121 47 266.112
121.5 47 258.203
122 47 250.722
122.5 47 243.572
123 47 236.741
123.5 47 230.282
124 47 224.047
124.5 47 218.106
125 47 212.446
125.5 47 207.36
126 47 202.932
126.5 47 199.037
127 47 195.778
127.5 47 193.315
128 47 191.787
128.5 47 190.954
129 47 190.778
129.5 47 191.333
130 47 192.554
130.5 47 194.512
87 47.5 986.6
87.5 47.5 975.795
88 47.5 965.068
88.5 47.5 954.36
89 47.5 943.636
89.5 47.5 932.908
90 47.5 922.053
90.5 47.5 911.097
91 47.5 900.011
91.5 47.5 888.811
92 47.5 877.61
92.5 47.5 866.456
93 47.5 855.29
93.5 47.5 844.168
94 47.5 833.089
94.5 47.5 822.074
95 47.5 811.074
95.5 47.5 800.036
96 47.5 788.984
96.5 47.5 777.936
97 47.5 766.881
97.5 47.5 755.814
98 47.5 744.765
98.5 47.5 733.783
99 47.5 722.845
99.5 47.5 711.913
100 47.5 700.956
100.5 47.5 690.022
101 47.5 679.054
101.5 47.5 668.13
102 47.5 657.19
102.5 47.5 646.242
103 47.5 635.296
103.5 47.5 624.395
104 47.5 613.501
104.5 47.5 602.589
105 47.5 591.686
105.5 47.5 580.841
106 47.5 569.991
106.5 47.5 559.244
107 47.5 548.502
107.5 47.5 537.768
108 47.5 527.115
108.5 47.5 516.521
109 47.5 505.975
109.5 47.5 495.491
110 47.5 485.075
110.5 47.5 474.686
111 47.5 464.369
111.5 47.5 454.145
112 47.5 443.958
112.5 47.5 433.855
113 47.5 423.822
113.5 47.5 413.815
114 47.5 403.9
114.5 47.5 393.993
115 47.5 384.132
115.5 47.5 374.419
116 47.5 364.745
116.5 47.5 355.175
117 47.5 345.76
117.5 47.5 336.506
118 47.5 327.412
118.5 47.5 318.465
119 47.5 309.694
119.5 47.5 301.111
120 47.5 292.719
120.5 47.5 284.591
121 47.5 276.749
121.5 47.5 269.245
122 47.5 262.087
122.5 47.5 255.301
123 47.5 248.89
123.5 47.5 242.742
124 47.5 236.842
124.5 47.5 231.272
125 47.5 226.045
125.5 47.5 221.389
126 47.5 217.185
126.5 47.5 213.559
127 47.5 210.474
127.5 47.5 208.306
128 47.5 206.802
128.5 47.5 206.057
129 47.5 205.984
129.5 47.5 206.635
130 47.5 207.92
130.5 47.5 209.689
87 48 985.607
87.5 48 974.72
88 48 963.815
88.5 48 952.876
89 48 941.987
89.5 48 931.219
90 48 920.468
90.5 48 909.716
91 48 898.979
91.5 48 888.18
92 48 877.343
92.5 48 866.396
93 48 855.403
93.5 48 844.274
94 48 833.115
94.5 48 822.068
95 48 811.052
95.5 48 800.029
96 48 789.151
96.5 48 778.278
97 48 767.457
97.5 48 756.645
98 48 745.79
98.5 48 734.914
99 48 724.075
99.5 48 713.25
100 48 702.403
100.5 48 691.578
101 48 680.783
101.5 48 670.069
102 48 659.302
102.5 48 648.5
103 48 637.739
103.5 48 627.025
104 48 616.294
104.5 48 605.551
105 48 594.842
105.5 48 584.128
106 48 573.491
106.5 48 562.922
107 48 552.386
107.5 48 541.858
108 48 531.401
108.5 48 521.02
109 48 510.705
109.5 48 500.436
110 48 490.223
110.5 48 480.088
111 48 470.042
111.5 48 460.001
112 48 450.076
112.5 48 440.173
113 48 430.327
113.5 48 420.579
114 48 410.836
114.5 48 401.214
115 48 391.624
115.5 48 382.097
116 48 372.677
116.5 48 363.401
117 48 354.289
117.5 48 345.294
118 48 336.484
118.5 48 327.885
119 48 319.446
119.5 48 311.17
120 48 303.094
120.5 48 295.314
121 48 287.804
121.5 48 280.633
122 48 273.81
122.5 48 267.417
123 48 261.309
123.5 48 255.418
124 48 249.847
124.5 48 244.68
125 48 239.843
125.5 48 235.423
126 48 231.44
126.5 48 228.022
127 48 225.35
127.5 48 223.374
128 48 221.943
128.5 48 221.299
129 48 221.319
129.5 48 222.044
130 48 223.434
130.5 48 225.101
87 48.5 984.159
87.5 48.5 973.757
88 48.5 963.2
88.5 48.5 952.513
89 48.5 941.729
89.5 48.5 930.883
90 48.5 919.927
90.5 48.5 908.942
91 48.5 897.95
91.5 48.5 887.01
92 48.5 876.148
92.5 48.5 865.37
93 48.5 854.656
93.5 48.5 843.943
94 48.5 833.218
94.5 48.5 822.509
95 48.5 811.769
95.5 48.5 800.967
96 48.5 790.11
96.5 48.5 779.236
97 48.5 768.39
97.5 48.5 757.57
98 48.5 746.785
98.5 48.5 736.077
99 48.5 725.447
99.5 48.5 714.864
100 48.5 704.282
100.5 48.5 693.67
101 48.5 683.039
101.5 48.5 672.417
102 48.5 661.782
102.5 48.5 651.119
103 48.5 640.543
103.5 48.5 629.968
104 48.5 619.426
104.5 48.5 608.883
105 48.5 598.376
105.5 48.5 587.878
106 48.5 577.437
106.5 48.5 567.073
107 48.5 556.746
107.5 48.5 546.438
108 48.5 536.191
108.5 48.5 526.019
109 48.5 515.908
109.5 48.5 505.877
110 48.5 495.926
110.5 48.5 486.02
111 48.5 476.172
111.5 48.5 466.403
112 48.5 456.673
112.5 48.5 446.98
113 48.5 437.364
113.5 48.5 427.771
114 48.5 418.269
114.5 48.5 408.83
115 48.5 399.445
115.5 48.5 390.182
116 48.5 381.058
116.5 48.5 372.061
117 48.5 363.184
117.5 48.5 354.474
118 48.5 345.958
118.5 48.5 337.682
119 48.5 329.555
119.5 48.5 321.641
120 48.5 313.886
120.5 48.5 306.431
121 48.5 299.287
121.5 48.5 292.451
122 48.5 286.009
122.5 48.5 279.894
123 48.5 274.023
123.5 48.5 268.429
124 48.5 263.072
124.5 48.5 258.082
125 48.5 253.617
125.5 48.5 249.457
126 48.5 245.864
126.5 48.5 242.754
127 48.5 240.32
127.5 48.5 238.338
128 48.5 237.028
128.5 48.5 236.469
129 48.5 236.639
129.5 48.5 237.483
130 48.5 238.9
130.5 48.5 240.542
87 49 981.736
87.5 49 971.453
88 49 961.154
88.5 49 950.821
89 49 940.5
89.5 49 930.152
90 49 919.698
90.5 49 909.151
91 49 898.504
91.5 49 887.727
92 49 876.872
92.5 49 865.975
93 49 855.05
93.5 49 844.092
94 49 833.186
94.5 49 822.408
95 49 811.759
95.5 49 801.19
96 49 790.685
96.5 49 780.238
97 49 769.813
97.5 49 759.368
98 49 748.863
98.5 49 738.318
99 49 727.761
99.5 49 717.187
100 49 706.583
100.5 49 695.971
101 49 685.428
101.5 49 674.939
102 49 664.508
102.5 49 654.128
103 49 643.773
103.5 49 633.46
104 49 623.008
104.5 49 612.623
105 49 602.327
105.5 49 592.018
106 49 581.799
106.5 49 571.65
107 49 561.588
107.5 49 551.452
108 49 541.465
108.5 49 531.519
109 49 521.652
109.5 49 511.843
110 49 502.091
110.5 49 492.393
111 49 482.767
111.5 49 473.164
112 49 463.626
112.5 49 454.146
113 49 444.7
113.5 49 435.344
114 49 425.998
114.5 49 416.729
115 49 407.616
115.5 49 398.634
116 49 389.775
116.5 49 381.062
117 49 372.479
117.5 49 364.009
118 49 355.845
118.5 49 347.882
119 49 340.097
119.5 49 332.509
120 49 325.145
120.5 49 318.045
121 49 311.247
121.5 49 304.8
122 49 298.597
122.5 49 292.696
123 49 287.087
123.5 49 281.707
124 49 276.587
124.5 49 271.824
125 49 267.657
125.5 49 263.872
126 49 260.545
126.5 49 257.576
127 49 255.186
127.5 49 253.276
128 49 252.136
128.5 49 251.509
129 49 251.82
129.5 49 252.785
130 49 254.218
130.5 49 255.902
131 49 257.922
87 49.5 981.342
87.5 49.5 970.715
88 49.5 960.04
88.5 49.5 949.405
89 49.5 938.901
89.5 49.5 928.47
90 49.5 918.076
90.5 49.5 907.744
91 49.5 897.416
91.5 49.5 887.084
92 49.5 876.754
92.5 49.5 866.418
93 49.5 856.062
93.5 49.5 845.632
94 49.5 835.123
94.5 49.5 824.587
95 49.5 814.004
95.5 49.5 803.349
96 49.5 792.669
96.5 49.5 781.984
97 49.5 771.324
97.5 49.5 760.714
98 49.5 750.187
98.5 49.5 739.776
99 49.5 729.457
99.5 49.5 719.222
100 49.5 709.02
100.5 49.5 698.838
101 49.5 688.672
101.5 49.5 678.476
102 49.5 668.246
102.5 49.5 657.97
103 49.5 647.699
103.5 49.5 637.419
104 49.5 626.969
104.5 49.5 616.763
105 49.5 606.734
105.5 49.5 596.61
106 49.5 586.633
106.5 49.5 576.666
107 49.5 566.81
107.5 49.5 557.012
108 49.5 547.258
108.5 49.5 537.516
109 49.5 527.781
109.5 49.5 518.212
110 49.5 508.613
110.5 49.5 499.061
111 49.5 489.586
111.5 49.5 480.184
112 49.5 470.842
112.5 49.5 461.552
113 49.5 452.3
113.5 49.5 443.109
114 49.5 434.004
114.5 49.5 425.046
115 49.5 416.194
115.5 49.5 407.419
116 49.5 398.802
116.5 49.5 390.35
117 49.5 382.028
117.5 49.5 374.007
118 49.5 366.116
118.5 49.5 358.489
119 49.5 351.037
119.5 49.5 343.828
120 49.5 336.851
120.5 49.5 330.038
121 49.5 323.579
121.5 49.5 317.364
122 49.5 311.434
122.5 49.5 305.714
123 49.5 300.294
123.5 49.5 295.153
124 49.5 290.308
124.5 49.5 285.891
125 49.5 281.958
125.5 49.5 278.406
126 49.5 275.167
126.5 49.5 272.351
127 49.5 270.048
127.5 49.5 268.299
128 49.5 267.109
128.5 49.5 266.588
129 49.5 267.013
129.5 49.5 268.068
130 49.5 269.54
130.5 49.5 271.223
131 49.5 273.064
87 50 982.204
87.5 50 971.92
88 50 961.591
88.5 50 951.229
89 50 940.543
89.5 50 929.98
90 50 919.23
90.5 50 908.542
91 50 897.816
91.5 50 887.114
92 50 876.498
92.5 50 865.786
93 50 855.541
93.5 50 845.148
94 50 834.849
94.5 50 824.615
95 50 814.489
95.5 50 804.299
96 50 794.208
96.5 50 784.105
97 50 774.004
97.5 50 763.86
98 50 753.687
98.5 50 743.476
99 50 733.255
99.5 50 722.981
100 50 712.66
100.5 50 702.3
101 50 691.939
101.5 50 681.6
102 50 671.346
102.5 50 661.178
103 50 651.098
103.5 50 641.096
104 50 631.203
104.5 50 621.352
105 50 611.551
105.5 50 601.785
106 50 592.069
106.5 50 582.36
107 50 572.661
107.5 50 563.014
108 50 553.384
108.5 50 543.772
109 50 534.196
109.5 50 524.699
110 50 515.207
110.5 50 505.89
111 50 496.616
111.5 50 487.601
112 50 478.338
112.5 50 469.155
113 50 460.179
113.5 50 451.263
114 50 442.464
117 50 391.932
117.5 50 384.245
118 50 376.792
118.5 50 369.502
119 50 362.397
119.5 50 355.469
120 50 348.8
120.5 50 342.374
121 50 336.165
121.5 50 330.228
122 50 324.454
122.5 50 318.899
123 50 313.672
123.5 50 308.74
124 50 304.228
124.5 50 300.12
125 50 296.401
125.5 50 292.971
126 50 289.853
126.5 50 287.24
127 50 285.021
127.5 50 283.343
128 50 282.228
130.5 50 286.597
131 50 288.04
