-119 25 0.667806
-118.5 25 -0.159514
-118 25 -0.698053
-117.5 25 -0.886544
-117 25 -0.879162
-116.5 25 -0.947591
-116 25 -1.22912
-115.5 25 -1.78817
-115 25 -2.17617
-114.5 25 -2.29112
-114 25 -2.17507
-113.5 25 -2.04146
-113 25 -1.94374
-112.5 25 -1.86408
-112 25 -1.73502
-111.5 25 -1.56755
-111 25 -1.41949
-110.5 25 -1.19929
-110 25 -0.897386
-109.5 25 -0.597899
-109 25 -0.274278
-108.5 25 0.0383185
-108 25 0.275012
-107.5 25 0.467483
-107 25 0.605407
-106.5 25 0.620453
-106 25 0.526775
-105.5 25 0.283844
-105 25 -0.209035
-104.5 25 -0.695363
-104 25 -0.970845
-103.5 25 -1.06078
-103 25 -1.12341
-102.5 25 -1.25978
-102 25 -1.47123
-101.5 25 -1.618
-101 25 -1.65688
-100.5 25 -1.65963
-100 25 -1.43758
-99.5 25 -0.61267
-99 25 1.10436
-98.5 25 2.69033
-98 25 2.57895
-97.5 25 0.16157
-97 25 -2.70122
-96.5 25 -3.50215
-96 25 -2.38898
-95.5 25 -0.669314
-95 25 0.206248
-94.5 25 0.280888
-94 25 -0.0630949
-93.5 25 -0.360067
-93 25 -0.673616
-92.5 25 -0.9362
-92 25 -0.968895
-91.5 25 -0.812889
-91 25 -0.58717
-90.5 25 -0.504701
-90 25 -0.627183
-89.5 25 -0.799451
-89 25 -0.604191
-88.5 25 0.00654814
-88 25 0.737948
-87.5 25 0.83343
-87 25 0.283961
-86.5 25 -0.619496
-86 25 -1.08182
-85.5 25 -1.21187
-85 25 -1.1724
-84.5 25 -1.16234
-84 25 -1.17217
-83.5 25 -1.23437
-83 25 -1.45565
-82.5 25 -1.89712
-82 25 -2.51445
-81.5 25 -3.10066
-81 25 -3.73504
-119 25.5 1.42226
-118.5 25.5 0.591485
-118 25.5 -0.219794
-117.5 25.5 -0.435969
-117 25.5 -0.356006
-116.5 25.5 -0.281684
-116 25.5 -0.468188
-115.5 25.5 -1.10635
-115 25.5 -1.77877
-114.5 25.5 -2.04451
-114 25.5 -1.99363
-113.5 25.5 -1.81804
-113 25.5 -1.71747
-112.5 25.5 -1.64615
-112 25.5 -1.54555
-111.5 25.5 -1.36737
-111 25.5 -1.25694
-110.5 25.5 -1.10649
-110 25.5 -0.799799
-109.5 25.5 -0.501031
-109 25.5 -0.196049
-108.5 25.5 0.153309
-108 25.5 0.393752
-107.5 25.5 0.582019
-107 25.5 0.77323
-106.5 25.5 0.806797
-106 25.5 0.708535
-105.5 25.5 0.491071
-105 25.5 -0.123043
-104.5 25.5 -0.773136
-104 25.5 -1.0758
-103.5 25.5 -1.11706
-103 25.5 -1.11033
-102.5 25.5 -1.25562
-102 25.5 -1.55588
-101.5 25.5 -1.82005
-101 25.5 -1.89057
-100.5 25.5 -1.92709
-100 25.5 -1.6813
-99.5 25.5 -0.728098
-99 25.5 1.67438
-98.5 25.5 3.75261
-98 25.5 3.40228
-97.5 25.5 -0.334631
-97 25.5 -4.21432
-96.5 25.5 -4.78508
-96 25.5 -2.61081
-95.5 25.5 -0.0470687
-95 25.5 0.795075
-94.5 25.5 0.523727
-94 25.5 -0.106948
-93.5 25.5 -0.419797
-93 25.5 -0.818325
-92.5 25.5 -1.13205
-92 25.5 -1.16855
-91.5 25.5 -1.00245
-91 25.5 -0.821418
-90.5 25.5 -0.757765
-90 25.5 -0.944866
-89.5 25.5 -0.983733
-89 25.5 -0.565285
-88.5 25.5 0.384841
-88 25.5 1.02759
-87.5 25.5 0.709498
-87 25.5 -0.433091
-86.5 25.5 -1.50765
-86 25.5 -1.77082
-85.5 25.5 -1.68403
-85 25.5 -1.5291
-84.5 25.5 -1.4967
-84 25.5 -1.50067
-83.5 25.5 -1.61726
-83 25.5 -1.96413
-82.5 25.5 -2.62651
-82 25.5 -3.37488
-81.5 25.5 -3.97847
-81 25.5 -4.72103
-119 26 1.77698
-118.5 26 1.29764
-118 26 0.56665
-117.5 26 0.227365
-117 26 0.211636
-116.5 26 0.255942
-116 26 0.0901648
-115.5 26 -0.376148
-115 26 -1.07002
-114.5 26 -1.53813
-114 26 -1.75184
-113.5 26 -1.71907
-113 26 -1.63198
-112.5 26 -1.50975
-112 26 -1.40889
-111.5 26 -1.27382
-111 26 -1.14182
-110.5 26 -1.007
-110 26 -0.752759
-109.5 26 -0.423095
-109 26 -0.103079
-108.5 26 0.215325
-108 26 0.483214
-107.5 26 0.690323
-107 26 0.880027
-106.5 26 0.974798
-106 26 0.896297
-105.5 26 0.622891
-105 26 0.0765066
-104.5 26 -0.543534
-104 26 -0.924357
-103.5 26 -1.09211
-103 26 -1.19348
-102.5 26 -1.3708
-102 26 -1.62465
-101.5 26 -1.86169
-101 26 -1.97828
-100.5 26 -1.98164
-100 26 -1.59236
-99.5 26 -0.439449
-99 26 1.58181
-98.5 26 2.98105
-98 26 2.25078
-97.5 26 -0.755996
-97 26 -3.62268
-96.5 26 -4.12763
-96 26 -2.32108
-95.5 26 -0.188806
-95 26 0.695406
-94.5 26 0.463251
-94 26 -0.116222
-93.5 26 -0.545927
-93 26 -0.902645
-92.5 26 -1.09997
-92 26 -1.19203
-91.5 26 -1.22646
-91 26 -1.27488
-90.5 26 -1.22146
-90 26 -1.02828
-89.5 26 -0.456624
-89 26 0.168161
-88.5 26 0.705205
-88 26 0.474443
-87.5 26 -0.286429
-87 26 -1.35087
-86.5 26 -1.94492
-86 26 -2.07815
-85.5 26 -1.95381
-85 26 -1.82139
-84.5 26 -1.80311
-84 26 -1.88415
-83.5 26 -2.14884
-83 26 -2.6561
-82.5 26 -3.43244
-82 26 -4.2451
-81.5 26 -4.95024
-81 26 -5.58758
-119 26.5 1.81526
-118.5 26.5 1.49244
-118 26.5 0.993507
-117.5 26.5 0.682897
-117 26.5 0.693966
-116.5 26.5 0.68483
-116 26.5 0.486905
-115.5 26.5 0.0908126
-115 26.5 -0.485023
-114.5 26.5 -1.01901
-114 26.5 -1.42252
-113.5 26.5 -1.60542
-113 26.5 -1.62602
-112.5 26.5 -1.50063
-112 26.5 -1.40346
-111.5 26.5 -1.31799
-111 26.5 -1.19335
-110.5 26.5 -1.06012
-110 26.5 -0.842656
-109.5 26.5 -0.479968
-109 26.5 -0.127233
-108.5 26.5 0.172956
-108 26.5 0.45631
-107.5 26.5 0.690358
-107 26.5 0.882787
-106.5 26.5 1.05377
-106 26.5 1.04265
-105.5 26.5 0.769583
-105 26.5 0.271692
-104.5 26.5 -0.292351
-104 26.5 -0.737528
-103.5 26.5 -1.02309
-103 26.5 -1.24661
-102.5 26.5 -1.47751
-102 26.5 -1.67781
-101.5 26.5 -1.83699
-101 26.5 -1.95487
-100.5 26.5 -1.99712
-100 26.5 -1.64601
-99.5 26.5 -0.599954
-99 26.5 1.0118
-98.5 26.5 2.03151
-98 26.5 1.38001
-97.5 26.5 -0.834007
-97 26.5 -2.96425
-96.5 26.5 -3.35293
-96 26.5 -1.91807
-95.5 26.5 -0.109037
-95 26.5 0.649744
-94.5 26.5 0.423089
-94 26.5 -0.195568
-93.5 26.5 -0.678428
-93 26.5 -0.940374
-92.5 26.5 -1.03844
-92 26.5 -1.19931
-91.5 26.5 -1.42867
-91 26.5 -1.64352
-90.5 26.5 -1.46918
-90 26.5 -0.769054
-89.5 26.5 0.289937
-89 26.5 0.764643
-88.5 26.5 0.530478
-88 26.5 -0.461634
-87.5 26.5 -1.31746
-87 26.5 -1.93912
-86.5 26.5 -2.09936
-86 26.5 -2.14867
-85.5 26.5 -2.09194
-85 26.5 -2.03271
-84.5 26.5 -2.11049
-84 26.5 -2.31314
-83.5 26.5 -2.6804
-83 26.5 -3.25038
-82.5 26.5 -4.0446
-82 26.5 -4.914
-81.5 26.5 -5.57718
-81 26.5 -5.96021
-119 27 1.70258
-118.5 27 1.47875
-118 27 1.12665
-117.5 27 0.797702
-117 27 0.798615
-116.5 27 0.889347
-116 27 0.718628
-115.5 27 0.415106
-115 27 -0.0292678
-114.5 27 -0.549959
-114 27 -1.07991
-113.5 27 -1.47887
-113 27 -1.67556
-112.5 27 -1.62651
-112 27 -1.51295
-111.5 27 -1.49254
-111 27 -1.3919
-110.5 27 -1.25522
-110 27 -1.10463
-109.5 27 -0.734367
-109 27 -0.308951
-108.5 27 -0.0177493
-108 27 0.292478
-107.5 27 0.571238
-107 27 0.769937
-106.5 27 1.01931
-106 27 1.13501
-105.5 27 0.92298
-105 27 0.479026
-104.5 27 -0.0574495
-104 27 -0.566478
-103.5 27 -0.975714
-103 27 -1.30311
-102.5 27 -1.58934
-102 27 -1.72483
-101.5 27 -1.7926
-101 27 -1.90246
-100.5 27 -2.08483
-100 27 -1.95803
-99.5 27 -1.14294
-99 27 0.306298
-98.5 27 1.31542
-98 27 0.966196
-97.5 27 -0.758294
-97 27 -2.45104
-96.5 27 -2.69015
-96 27 -1.30238
-95.5 27 0.296127
-95 27 0.756179
-94.5 27 0.340281
-94 27 -0.372317
-93.5 27 -0.861245
-93 27 -0.996544
-92.5 27 -1.03802
-92 27 -1.21621
-91.5 27 -1.58689
-91 27 -1.76765
-90.5 27 -1.36912
-90 27 -0.0647701
-89.5 27 1.042
-89 27 0.935677
-88.5 27 -0.255532
-88 27 -1.59417
-87.5 27 -2.14403
-87 27 -2.13164
-86.5 27 -1.96143
-86 27 -2.0627
-85.5 27 -2.09697
-85 27 -2.1774
-84.5 27 -2.41441
-84 27 -2.73806
-83.5 27 -3.16644
-83 27 -3.7364
-82.5 27 -4.54173
-82 27 -5.30926
-81.5 27 -5.74652
-81 27 -5.69971
-119 27.5 1.54576
-118.5 27.5 1.418
-118 27.5 1.18343
-117.5 27.5 0.902199
-117 27.5 0.738708
-116.5 27.5 0.809125
-116 27.5 0.776419
-115.5 27.5 0.629187
-115 27.5 0.309688
-114.5 27.5 -0.169176
-114 27.5 -0.740526
-113.5 27.5 -1.24112
-113 27.5 -1.57012
-112.5 27.5 -1.71524
-112 27.5 -1.70089
-111.5 27.5 -1.68556
-111 27.5 -1.61914
-110.5 27.5 -1.49389
-110 27.5 -1.33974
-109.5 27.5 -1.07387
-109 27.5 -0.682008
-108.5 27.5 -0.323626
-108 27.5 0.0438362
-107.5 27.5 0.38785
-107 27.5 0.66613
-106.5 27.5 0.92978
-106 27.5 1.09365
-105.5 27.5 1.00044
-105 27.5 0.688231
-104.5 27.5 0.229498
-104 27.5 -0.326135
-103.5 27.5 -0.939956
-103 27.5 -1.44172
-102.5 27.5 -1.73684
-102 27.5 -1.79738
-101.5 27.5 -1.80408
-101 27.5 -1.95793
-100.5 27.5 -2.25244
-100 27.5 -2.27809
-99.5 27.5 -1.64335
-99 27.5 -0.438524
-98.5 27.5 0.502394
-98 27.5 0.451655
-97.5 27.5 -0.49013
-97 27.5 -1.39688
-96.5 27.5 -1.46871
-96 27.5 -0.597666
-95.5 27.5 0.297627
-95 27.5 0.546854
-94.5 27.5 0.17487
-94 27.5 -0.409359
-93.5 27.5 -0.897266
-93 27.5 -1.18661
-92.5 27.5 -1.42074
-92 27.5 -1.54482
-91.5 27.5 -1.52632
-91 27.5 -1.08514
-90.5 27.5 -0.374953
-90 27.5 0.540685
-89.5 27.5 0.635736
-89 27.5 -0.0104626
-88.5 27.5 -1.18411
-88 27.5 -1.97201
-87.5 27.5 -2.23242
-87 27.5 -2.05595
-86.5 27.5 -1.95385
-86 27.5 -2.02961
-85.5 27.5 -2.16394
-85 27.5 -2.44441
-84.5 27.5 -2.79077
-84 27.5 -3.17641
-83.5 27.5 -3.62643
-83 27.5 -4.1703
-82.5 27.5 -4.7849
-82 27.5 -5.18083
-81.5 27.5 -5.29069
-81 27.5 -5.11193
-119 28 1.31822
-118.5 28 1.31526
-118 28 1.20516
-117.5 28 1.01102
-117 28 0.788858
-116.5 28 0.76224
-116 28 0.78191
-115.5 28 0.798216
-115 28 0.615046
-114.5 28 0.205054
-114 28 -0.412265
-113.5 28 -0.949312
-113 28 -1.34199
-112.5 28 -1.62375
-112 28 -1.75583
-111.5 28 -1.80192
-111 28 -1.75843
-110.5 28 -1.6611
-110 28 -1.53748
-109.5 28 -1.34978
-109 28 -1.04505
-108.5 28 -0.669389
-108 28 -0.233239
-107.5 28 0.184586
-107 28 0.543883
-106.5 28 0.85872
-106 28 1.06504
-105.5 28 1.07401
-105 28 0.890203
-104.5 28 0.529774
-104 28 -0.0390687
-103.5 28 -0.88461
-103 28 -1.59912
-102.5 28 -1.90302
-102 28 -1.82561
-101.5 28 -1.73763
-101 28 -1.96461
-100.5 28 -2.48334
-100 28 -2.76857
-99.5 28 -2.30252
-99 28 -1.08854
-98.5 28 0.017321
-98 28 0.256873
-97.5 28 -0.0777774
-97 28 -0.429472
-96.5 28 -0.433861
-96 28 -0.096882
-95.5 28 0.226408
-95 28 0.305908
-94.5 28 -0.0280509
-94 28 -0.56435
-93.5 28 -1.06128
-93 28 -1.50029
-92.5 28 -1.83548
-92 28 -1.7785
-91.5 28 -1.23027
-91 28 -0.286048
-90.5 28 0.34989
-90 28 0.448066
-89.5 28 -0.265988
-89 28 -0.998895
-88.5 28 -1.70634
-88 28 -2.04558
-87.5 28 -2.18193
-87 28 -2.11572
-86.5 28 -2.07116
-86 28 -2.17508
-85.5 28 -2.42788
-85 28 -2.84234
-84.5 28 -3.20319
-84 28 -3.56368
-83.5 28 -3.95177
-83 28 -4.37694
-82.5 28 -4.71998
-82 28 -4.82932
-81.5 28 -4.76502
-81 28 -4.61957
-119 28.5 0.938491
-118.5 28.5 0.952784
-118 28.5 1.0727
-117.5 28.5 1.07485
-117 28.5 0.936309
-116.5 28.5 0.783364
-116 28.5 0.753144
-115.5 28.5 0.821815
-115 28.5 0.845113
-114.5 28.5 0.615837
-114 28.5 0.07749
-113.5 28.5 -0.540213
-113 28.5 -0.985214
-112.5 28.5 -1.3929
-112 28.5 -1.6833
-111.5 28.5 -1.81908
-111 28.5 -1.82676
-110.5 28.5 -1.76112
-110 28.5 -1.67518
-109.5 28.5 -1.57253
-109 28.5 -1.37592
-108.5 28.5 -1.03952
-108 28.5 -0.560783
-107.5 28.5 -0.0565168
-107 28.5 0.36616
-106.5 28.5 0.751281
-106 28.5 1.02683
-105.5 28.5 1.11817
-105 28.5 1.04171
-104.5 28.5 0.792241
-104 28.5 0.311069
-103.5 28.5 -0.702743
-103 28.5 -1.67532
-102.5 28.5 -1.99747
-102 28.5 -1.78466
-101.5 28.5 -1.55489
-101 28.5 -1.84478
-100.5 28.5 -2.66417
-100 28.5 -3.2888
-99.5 28.5 -2.97758
-99 28.5 -1.53871
-98.5 28.5 -0.124065
-98 28.5 0.23566
-97.5 28.5 0.268272
-97 28.5 0.224102
-96.5 28.5 0.192166
-96 28.5 0.125556
-95.5 28.5 0.0939567
-95 28.5 0.0770076
-94.5 28.5 -0.297305
-94 28.5 -0.850129
-93.5 28.5 -1.31179
-93 28.5 -1.8464
-92.5 28.5 -2.13778
-92 28.5 -1.85193
-91.5 28.5 -0.748328
-91 28.5 0.331454
-90.5 28.5 0.536967
-90 28.5 -0.307333
-89.5 28.5 -1.37974
-89 28.5 -1.80022
-88.5 28.5 -1.90721
-88 28.5 -1.94249
-87.5 28.5 -2.14097
-87 28.5 -2.21523
-86.5 28.5 -2.30758
-86 28.5 -2.52082
-85.5 28.5 -2.92895
-85 28.5 -3.32319
-84.5 28.5 -3.55654
-84 28.5 -3.79873
-83.5 28.5 -4.11877
-83 28.5 -4.42454
-82.5 28.5 -4.51799
-82 28.5 -4.40027
-81.5 28.5 -4.2292
-81 28.5 -4.11341
-119 29 0.648675
-118.5 29 0.477549
-118 29 0.63011
-117.5 29 0.849815
-117 29 1.03225
-116.5 29 0.987221
-116 29 0.901663
-115.5 29 0.817337
-115 29 0.863395
-114.5 29 0.803252
-114 29 0.552385
-113.5 29 0.0324757
-113 29 -0.504258
-112.5 29 -1.06076
-112 29 -1.48599
-111.5 29 -1.72355
-111 29 -1.80729
-110.5 29 -1.81115
-110 29 -1.79684
-109.5 29 -1.75345
-109 29 -1.62769
-108.5 29 -1.34266
-108 29 -0.891289
-107.5 29 -0.368757
-107 29 0.122252
-106.5 29 0.580257
-106 29 0.921801
-105.5 29 1.08373
-105 29 1.05378
-104.5 29 0.82985
-104 29 0.354343
-103.5 29 -0.46106
-103 29 -1.28694
-102.5 29 -1.64595
-102 29 -1.58649
-101.5 29 -1.50638
-101 29 -1.87488
-100.5 29 -2.69343
-100 29 -3.31168
-99.5 29 -3.01971
-99 29 -1.75533
-98.5 29 -0.425224
-98 29 0.185089
-97.5 29 0.320602
-97 29 0.223553
-96.5 29 0.13678
-96 29 0.105122
-95.5 29 0.13757
-95 29 -0.0237859
-94.5 29 -0.573478
-94 29 -1.28405
-93.5 29 -1.7811
-93 29 -2.05246
-92.5 29 -1.90101
-92 29 -1.35948
-91.5 29 -0.489253
-91 29 -0.105846
-90.5 29 -0.338773
-90 29 -1.16236
-89.5 29 -1.71109
-89 29 -1.90023
-88.5 29 -1.8849
-88 29 -2.01825
-87.5 29 -2.24234
-87 29 -2.47046
-86.5 29 -2.79786
-86 29 -3.13685
-85.5 29 -3.46973
-85 29 -3.60248
-84.5 29 -3.69886
-84 29 -3.89255
-83.5 29 -4.23313
-83 29 -4.41203
-82.5 29 -4.29779
-82 29 -3.9819
-81.5 29 -3.70862
-81 29 -3.57992
-119 29.5 0.470274
-118.5 29.5 0.144177
-118 29.5 0.187378
-117.5 29.5 0.490734
-117 29.5 0.939812
-116.5 29.5 1.14257
-116 29.5 1.14487
-115.5 29.5 0.946479
-115 29.5 0.906545
-114.5 29.5 0.906132
-114 29.5 0.853795
-113.5 29.5 0.529001
-113 29.5 0.00680014
-112.5 29.5 -0.69085
-112 29.5 -1.23083
-111.5 29.5 -1.55124
-111 29.5 -1.70213
-110.5 29.5 -1.785
-110 29.5 -1.84691
-109.5 29.5 -1.90681
-109 29.5 -1.85315
-108.5 29.5 -1.62462
-108 29.5 -1.18922
-107.5 29.5 -0.686043
-107 29.5 -0.192628
-106.5 29.5 0.328984
-106 29.5 0.735826
-105.5 29.5 0.947959
-105 29.5 0.949227
-104.5 29.5 0.757497
-104 29.5 0.359505
-103.5 29.5 -0.283152
-103 29.5 -0.913726
-102.5 29.5 -1.226
-102 29.5 -1.24435
-101.5 29.5 -1.27319
-101 29.5 -1.67908
-100.5 29.5 -2.59134
-100 29.5 -3.28156
-99.5 29.5 -3.01454
-99 29.5 -1.83426
-98.5 29.5 -0.541056
-98 29.5 0.106272
-97.5 29.5 0.120467
-97 29.5 -0.137492
-96.5 29.5 -0.210532
-96 29.5 -0.0203585
-95.5 29.5 0.201695
-95 29.5 -0.0463054
-94.5 29.5 -0.849173
-94 29.5 -1.81258
-93.5 29.5 -2.24462
-93 29.5 -2.15108
-92.5 29.5 -1.6458
-92 29.5 -1.09409
-91.5 29.5 -0.720475
-91 29.5 -0.846928
-90.5 29.5 -1.14971
-90 29.5 -1.56441
-89.5 29.5 -1.73548
-89 29.5 -1.85244
-88.5 29.5 -1.9727
-88 29.5 -2.24695
-87.5 29.5 -2.52526
-87 29.5 -2.90191
-86.5 29.5 -3.40165
-86 29.5 -3.74454
-85.5 29.5 -3.87627
-85 29.5 -3.77298
-84.5 29.5 -3.7577
-84 29.5 -3.95301
-83.5 29.5 -4.35426
-83 29.5 -4.39261
-82.5 29.5 -4.06493
-82 29.5 -3.50566
-81.5 29.5 -3.15435
-81 29.5 -3.03263
-119 30 0.423231
-118.5 30 0.0425815
-118 30 -0.170746
-117.5 30 0.0386916
-117 30 0.606979
-116.5 30 1.16371
-116 30 1.41896
-115.5 30 1.30109
-115 30 1.04944
-114.5 30 0.972086
-114 30 0.975486
-113.5 30 0.892369
-113 30 0.543415
-112.5 30 -0.141001
-112 30 -0.863844
-111.5 30 -1.31179
-111 30 -1.57553
-110.5 30 -1.7165
-110 30 -1.82546
-109.5 30 -1.94931
-109 30 -2.01345
-108.5 30 -1.88292
-108 30 -1.50765
-107.5 30 -1.02609
-107 30 -0.612324
-106.5 30 -0.0832377
-106 30 0.423499
-105.5 30 0.699596
-105 30 0.76255
-104.5 30 0.645033
-104 30 0.394535
-103.5 30 -0.0984517
-103 30 -0.607892
-102.5 30 -0.861327
-102 30 -0.886972
-101.5 30 -0.920651
-101 30 -1.25952
-100.5 30 -2.31462
-100 30 -3.20277
-99.5 30 -2.97715
-99 30 -1.78939
-98.5 30 -0.502623
-98 30 0.0234909
-97.5 30 -0.223191
-97 30 -0.658527
-96.5 30 -0.681206
-96 30 -0.179283
-95.5 30 0.213567
-95 30 -0.152578
-94.5 30 -1.33035
-94 30 -2.46278
-93.5 30 -2.70199
-93 30 -2.22574
-92.5 30 -1.5022
-92 30 -1.06701
-91.5 30 -1.21545
-91 30 -1.58179
-90.5 30 -1.71162
-90 30 -1.67682
-89.5 30 -1.65283
-89 30 -1.86497
-88.5 30 -2.2464
-88 30 -2.64893
-87.5 30 -2.95489
-87 30 -3.49626
-86.5 30 -4.05193
-86 30 -4.27761
-85.5 30 -4.12913
-85 30 -3.87664
-84.5 30 -3.83943
-84 30 -4.20076
-83.5 30 -4.47946
-83 30 -4.20541
-82.5 30 -3.52642
-82 30 -2.88385
-81.5 30 -2.62947
-81 30 -2.68709
-119 30.5 0.193442
-118.5 30.5 -0.0739111
-118 30.5 -0.362493
-117.5 30.5 -0.285122
-117 30.5 0.140502
-116.5 30.5 0.754474
-116 30.5 1.22932
-115.5 30.5 1.50601
-115 30.5 1.35442
-114.5 30.5 1.15975
-114 30.5 0.98922
-113.5 30.5 0.937693
-113 30.5 0.762144
-112.5 30.5 0.366837
-112 30.5 -0.30099
-111.5 30.5 -0.901178
-111 30.5 -1.40755
-110.5 30.5 -1.70564
-110 30.5 -1.87133
-109.5 30.5 -1.94234
-109 30.5 -2.01328
-108.5 30.5 -1.96026
-108 30.5 -1.74216
-107.5 30.5 -1.35145
-107 30.5 -0.964335
-106.5 30.5 -0.574549
-106 30.5 -0.12152
-105.5 30.5 0.246082
-105 30.5 0.482448
-104.5 30.5 0.515247
-104 30.5 0.378623
-103.5 30.5 0.0763879
-103 30.5 -0.281437
-102.5 30.5 -0.51685
-102 30.5 -0.626072
-101.5 30.5 -0.769026
-101 30.5 -1.16371
-100.5 30.5 -1.90856
-100 30.5 -2.51504
-99.5 30.5 -2.40495
-99 30.5 -1.6255
-98.5 30.5 -0.774484
-98 30.5 -0.415034
-97.5 30.5 -0.588857
-97 30.5 -0.847893
-96.5 30.5 -0.810468
-96 30.5 -0.45825
-95.5 30.5 -0.342788
-95 30.5 -0.8229
-94.5 30.5 -1.84002
-94 30.5 -2.6475
-93.5 30.5 -2.79517
-93 30.5 -2.30462
-92.5 30.5 -1.69978
-92 30.5 -1.43207
-91.5 30.5 -1.58039
-91 30.5 -1.68637
-90.5 30.5 -1.70543
-90 30.5 -1.66724
-89.5 30.5 -1.83898
-89 30.5 -2.17826
-88.5 30.5 -2.63559
-88 30.5 -3.02233
-87.5 30.5 -3.42885
-87 30.5 -3.97989
-86.5 30.5 -4.40077
-86 30.5 -4.49553
-85.5 30.5 -4.27315
-85 30.5 -4.06658
-84.5 30.5 -4.05329
-84 30.5 -4.23413
-83.5 30.5 -4.01106
-83 30.5 -3.48788
-82.5 30.5 -2.79168
-82 30.5 -2.38843
-81.5 30.5 -2.26874
-81 30.5 -2.347
-119 31 -0.163188
-118.5 31 -0.469598
-118 31 -0.739059
-117.5 31 -0.747321
-117 31 -0.372928
-116.5 31 0.0776569
-116 31 0.545293
-115.5 31 1.12885
-115 31 1.27668
-114.5 31 1.18635
-114 31 0.951515
-113.5 31 0.866873
-113 31 0.795073
-112.5 31 0.621926
-112 31 0.151411
-111.5 31 -0.478544
-111 31 -1.18948
-110.5 31 -1.69554
-110 31 -1.96919
-109.5 31 -1.99427
-109 31 -2.00448
-108.5 31 -1.96092
-108 31 -1.83709
-107.5 31 -1.52982
-107 31 -1.17263
-106.5 31 -0.943322
-106 31 -0.629454
-105.5 31 -0.240684
-105 31 0.155333
-104.5 31 0.357616
-104 31 0.330554
-103.5 31 0.180073
-103 31 -0.0477383
-102.5 31 -0.275269
-102 31 -0.436164
-101.5 31 -0.655936
-101 31 -1.04101
-100.5 31 -1.50431
-100 31 -1.8408
-99.5 31 -1.82086
-99 31 -1.44982
-98.5 31 -1.0166
-98 31 -0.811553
-97.5 31 -0.904101
-97 31 -1.05282
-96.5 31 -1.02466
-96 31 -0.870606
-95.5 31 -0.910633
-95 31 -1.35407
-94.5 31 -2.10729
-94 31 -2.7133
-93.5 31 -2.81833
-93 31 -2.35095
-92.5 31 -1.72103
-92 31 -1.49977
-91.5 31 -1.52469
-91 31 -1.50549
-90.5 31 -1.58523
-90 31 -1.75447
-89.5 31 -2.10019
-89 31 -2.4918
-88.5 31 -2.90896
-88 31 -3.27481
-87.5 31 -3.68271
-87 31 -4.14475
-86.5 31 -4.50605
-86 31 -4.50629
-85.5 31 -4.22814
-85 31 -3.89531
-84.5 31 -3.76092
-84 31 -3.62029
-83.5 31 -3.10835
-83 31 -2.58009
-82.5 31 -2.08448
-82 31 -1.81518
-81.5 31 -1.72332
-81 31 -1.70693
-119 31.5 -0.497746
-118.5 31.5 -0.780938
-118 31.5 -1.17839
-117.5 31.5 -1.40943
-117 31.5 -1.28075
-116.5 31.5 -0.943508
-116 31.5 -0.683061
-115.5 31.5 -0.0346465
-115 31.5 0.645937
-114.5 31.5 0.906938
-114 31.5 0.865353
-113.5 31.5 0.71699
-113 31.5 0.688443
-112.5 31.5 0.667896
-112 31.5 0.454374
-111.5 31.5 -0.0567641
-111 31.5 -0.847132
-110.5 31.5 -1.61812
-110 31.5 -2.11498
-109.5 31.5 -2.2329
-109 31.5 -2.10725
-108.5 31.5 -1.97932
-108 31.5 -1.83525
-107.5 31.5 -1.58272
-107 31.5 -1.16123
-106.5 31.5 -1.01853
-106 31.5 -0.94636
-105.5 31.5 -0.629106
-105 31.5 -0.165863
-104.5 31.5 0.193296
-104 31.5 0.235418
-103.5 31.5 0.211777
-103 31.5 0.101817
-102.5 31.5 -0.133832
-102 31.5 -0.317654
-101.5 31.5 -0.540525
-101 31.5 -0.912867
-100.5 31.5 -1.16199
-100 31.5 -1.30001
-99.5 31.5 -1.38882
-99 31.5 -1.34349
-98.5 31.5 -1.23059
-98 31.5 -1.14073
-97.5 31.5 -1.20838
-97 31.5 -1.2968
-96.5 31.5 -1.27166
-96 31.5 -1.20626
-95.5 31.5 -1.30406
-95 31.5 -1.67663
-94.5 31.5 -2.21112
-94 31.5 -2.61986
-93.5 31.5 -2.65349
-93 31.5 -1.98867
-92.5 31.5 -1.33722
-92 31.5 -1.27725
-91.5 31.5 -1.20828
-91 31.5 -1.2244
-90.5 31.5 -1.50405
-90 31.5 -1.92099
-89.5 31.5 -2.36222
-89 31.5 -2.72897
-88.5 31.5 -3.05967
-88 31.5 -3.40264
-87.5 31.5 -3.77859
-87 31.5 -4.20004
-86.5 31.5 -4.37785
-86 31.5 -4.14425
-85.5 31.5 -3.62471
-85 31.5 -3.1605
-84.5 31.5 -2.91196
-84 31.5 -2.42341
-83.5 31.5 -1.87348
-83 31.5 -1.54271
-82.5 31.5 -1.2722
-82 31.5 -1.08342
-81.5 31.5 -0.958048
-81 31.5 -0.8037
-119 32 -0.933773
-118.5 32 -1.01858
-118 32 -1.40103
-117.5 32 -1.80983
-117 32 -2.08042
-116.5 32 -1.93453
-116 32 -1.74643
-115.5 32 -1.40337
-115 32 -0.607427
-114.5 32 0.0357057
-114 32 0.493746
-113.5 32 0.535798
-113 32 0.536478
-112.5 32 0.562101
-112 32 0.489079
-111.5 32 0.142612
-111 32 -0.481898
-110.5 32 -1.26936
-110 32 -1.95221
-109.5 32 -2.45363
-109 32 -2.47636
-108.5 32 -2.28571
-108 32 -1.95646
-107.5 32 -1.65545
-107 32 -1.26875
-106.5 32 -0.947994
-106 32 -0.822904
-105.5 32 -0.620833
-105 32 -0.337473
-104.5 32 -0.0210758
-104 32 0.144326
-103.5 32 0.214611
-103 32 0.185754
-102.5 32 0.018292
-102 32 -0.211047
-101.5 32 -0.461212
-101 32 -0.730058
-100.5 32 -0.916974
-100 32 -1.0544
-99.5 32 -1.20695
-99 32 -1.35923
-98.5 32 -1.45924
-98 32 -1.47281
-97.5 32 -1.47662
-97 32 -1.45758
-96.5 32 -1.42113
-96 32 -1.43716
-95.5 32 -1.5987
-95 32 -1.85391
-94.5 32 -2.1245
-94 32 -2.24542
-93.5 32 -2.03579
-93 32 -1.43948
-92.5 32 -1.0607
-92 32 -0.984651
-91.5 32 -1.01655
-91 32 -1.3164
-90.5 32 -1.71586
-90 32 -2.14895
-89.5 32 -2.49424
-89 32 -2.80724
-88.5 32 -3.13269
-88 32 -3.54008
-87.5 32 -3.86951
-87 32 -4.04365
-86.5 32 -3.79416
-86 32 -3.2844
-85.5 32 -2.63656
-85 32 -2.14258
-84.5 32 -1.69183
-84 32 -1.13346
-83.5 32 -0.817935
-83 32 -0.61573
-82.5 32 -0.4363
-82 32 -0.227056
-81.5 32 -0.0354407
-81 32 0.156632
-119 32.5 -1.42066
-118.5 32.5 -1.30542
-118 32.5 -1.48729
-117.5 32.5 -1.84649
-117 32.5 -2.29935
-116.5 32.5 -2.33561
-116 32.5 -2.2515
-115.5 32.5 -2.15824
-115 32.5 -1.66774
-114.5 32.5 -1.0648
-114 32.5 -0.332851
-113.5 32.5 -0.0619238
-113 32.5 0.0681772
-112.5 32.5 0.287814
-112 32.5 0.385539
-111.5 32.5 0.241742
-111 32.5 -0.210559
-110.5 32.5 -0.80492
-110 32.5 -1.4972
-109.5 32.5 -2.36057
-109 32.5 -2.72426
-108.5 32.5 -2.66699
-108 32.5 -2.28009
-107.5 32.5 -1.93571
-107 32.5 -1.5644
-106.5 32.5 -1.06204
-106 32.5 -0.720254
-105.5 32.5 -0.495648
-105 32.5 -0.336307
-104.5 32.5 -0.112864
-104 32.5 0.105927
-103.5 32.5 0.252631
-103 32.5 0.305458
-102.5 32.5 0.20916
-102 32.5 -0.0848306
-101.5 32.5 -0.385473
-101 32.5 -0.593269
-100.5 32.5 -0.760483
-100 32.5 -0.919764
-99.5 32.5 -1.12657
-99 32.5 -1.45336
-98.5 32.5 -1.72759
-98 32.5 -1.78895
-97.5 32.5 -1.71315
-97 32.5 -1.58556
-96.5 32.5 -1.53271
-96 32.5 -1.63196
-95.5 32.5 -1.83267
-95 32.5 -1.93168
-94.5 32.5 -1.95935
-94 32.5 -1.85515
-93.5 32.5 -1.55625
-93 32.5 -1.19146
-92.5 32.5 -1.03597
-92 32.5 -1.02915
-91.5 32.5 -1.23256
-91 32.5 -1.70465
-90.5 32.5 -2.0704
-90 32.5 -2.37048
-89.5 32.5 -2.6037
-89 32.5 -2.86241
-88.5 32.5 -3.18397
-88 32.5 -3.58638
-87.5 32.5 -3.73081
-87 32.5 -3.54177
-86.5 32.5 -2.94145
-86 32.5 -2.30197
-85.5 32.5 -1.67941
-85 32.5 -1.18215
-84.5 32.5 -0.692619
-84 32.5 -0.238681
-83.5 32.5 -0.00246355
-83 32.5 0.171893
-82.5 32.5 0.352024
-82 32.5 0.58781
-81.5 32.5 0.779477
-81 32.5 0.92355
-119 33 -1.91853
-118.5 33 -1.62177
-118 33 -1.48821
-117.5 33 -1.5687
-117 33 -1.90479
-116.5 33 -2.15663
-116 33 -2.11265
-115.5 33 -2.20763
-115 33 -2.31503
-114.5 33 -2.23135
-114 33 -1.74096
-113.5 33 -1.13396
-113 33 -0.867709
-112.5 33 -0.440785
-112 33 0.0347324
-111.5 33 0.263857
-111 33 0.16112
-110.5 33 -0.20299
-110 33 -0.654124
-109.5 33 -1.65511
-109 33 -2.62105
-108.5 33 -2.96755
-108 33 -2.79927
-107.5 33 -2.42311
-107 33 -2.1341
-106.5 33 -1.49179
-106 33 -0.808159
-105.5 33 -0.429026
-105 33 -0.267848
-104.5 33 -0.134339
-104 33 0.125913
-103.5 33 0.345223
-103 33 0.452926
-102.5 33 0.418903
-102 33 0.0789946
-101.5 33 -0.310244
-101 33 -0.473329
-100.5 33 -0.6397
-100 33 -0.845304
-99.5 33 -1.08656
-99 33 -1.5721
-98.5 33 -1.99699
-98 33 -2.06802
-97.5 33 -1.91421
-97 33 -1.73949
-96.5 33 -1.70368
-96 33 -1.90398
-95.5 33 -2.0701
-95 33 -1.95582
-94.5 33 -1.79804
-94 33 -1.5878
-93.5 33 -1.33626
-93 33 -1.27181
-92.5 33 -1.34673
-92 33 -1.41983
-91.5 33 -1.85
-91 33 -2.3023
-90.5 33 -2.45774
-90 33 -2.5637
-89.5 33 -2.70708
-89 33 -2.9159
-88.5 33 -3.27755
-88 33 -3.49271
-87.5 33 -3.28025
-87 33 -2.6482
-86.5 33 -1.90366
-86 33 -1.33979
-85.5 33 -0.86323
-85 33 -0.413895
-84.5 33 0.050577
-84 33 0.391232
-83.5 33 0.617254
-83 33 0.836752
-82.5 33 1.08247
-82 33 1.30091
-81.5 33 1.42684
-81 33 1.47398
-119 33.5 -2.3904
-118.5 33.5 -1.9989
-118 33.5 -1.70776
-117.5 33.5 -1.56632
-117 33.5 -1.55519
-116.5 33.5 -1.7706
-116 33.5 -1.8019
-115.5 33.5 -1.83273
-115 33.5 -2.2074
-114.5 33.5 -2.61075
-114 33.5 -2.87052
-113.5 33.5 -2.34211
-113 33.5 -1.83411
-112.5 33.5 -1.33347
-112 33.5 -0.654688
-111.5 33.5 -0.0703256
-111 33.5 0.329094
-110.5 33.5 0.247841
-110 33.5 -0.0909976
-109.5 33.5 -0.791806
-109 33.5 -1.8822
-108.5 33.5 -2.67959
-108 33.5 -3.12035
-107.5 33.5 -3.00462
-107 33.5 -2.69192
-106.5 33.5 -2.08651
-106 33.5 -1.30624
-105.5 33.5 -0.715328
-105 33.5 -0.32396
-104.5 33.5 -0.0753613
-104 33.5 0.209021
-103.5 33.5 0.404378
-103 33.5 0.500791
-102.5 33.5 0.479142
-102 33.5 0.237122
-101.5 33.5 -0.089634
-101 33.5 -0.315023
-100.5 33.5 -0.558937
-100 33.5 -0.859385
-99.5 33.5 -1.20302
-99 33.5 -1.6516
-98.5 33.5 -2.00965
-98 33.5 -2.13739
-97.5 33.5 -2.14334
-97 33.5 -2.14775
-96.5 33.5 -2.16051
-96 33.5 -2.20541
-95.5 33.5 -2.09011
-95 33.5 -1.86063
-94.5 33.5 -1.64246
-94 33.5 -1.45982
-93.5 33.5 -1.37487
-93 33.5 -1.52442
-92.5 33.5 -1.78961
-92 33.5 -2.05683
-91.5 33.5 -2.41883
-91 33.5 -2.52619
-90.5 33.5 -2.5415
-90 33.5 -2.59515
-89.5 33.5 -2.74572
-89 33.5 -2.94554
-88.5 33.5 -3.12178
-88 33.5 -2.86725
-87.5 33.5 -2.33709
-87 33.5 -1.60059
-86.5 33.5 -1.00863
-86 33.5 -0.554539
-85.5 33.5 -0.17878
-85 33.5 0.239474
-84.5 33.5 0.625325
-84 33.5 0.912639
-83.5 33.5 1.17304
-83 33.5 1.42829
-82.5 33.5 1.67727
-82 33.5 1.82158
-81.5 33.5 1.87975
-81 33.5 1.88161
-119 34 -3.01301
-118.5 34 -2.52613
-118 34 -2.23443
-117.5 34 -1.99369
-117 34 -1.79803
-116.5 34 -1.75871
-116 34 -1.65892
-115.5 34 -1.51021
-115 34 -1.68428
-114.5 34 -2.10978
-114 34 -2.79881
-113.5 34 -2.60408
-113 34 -2.18435
-112.5 34 -1.80368
-112 34 -1.25729
-111.5 34 -0.632384
-111 34 0.0852514
-110.5 34 0.281783
-110 34 0.091656
-109.5 34 -0.393489
-109 34 -1.23055
-108.5 34 -2.11679
-108 34 -2.98718
-107.5 34 -3.26586
-107 34 -3.09015
-106.5 34 -2.50719
-106 34 -1.78787
-105.5 34 -1.14824
-105 34 -0.557273
-104.5 34 -0.114794
-104 34 0.190929
-103.5 34 0.426673
-103 34 0.525893
-102.5 34 0.473846
-102 34 0.327066
-101.5 34 0.0922019
-101 34 -0.189412
-100.5 34 -0.524639
-100 34 -0.914588
-99.5 34 -1.32396
-99 34 -1.7207
-98.5 34 -2.02603
-98 34 -2.21398
-97.5 34 -2.4137
-97 34 -2.60635
-96.5 34 -2.59815
-96 34 -2.3718
-95.5 34 -1.98228
-95 34 -1.68491
-94.5 34 -1.4822
-94 34 -1.38545
-93.5 34 -1.40953
-93 34 -1.67685
-92.5 34 -2.10199
-92 34 -2.37116
-91.5 34 -2.46957
-91 34 -2.29714
-90.5 34 -2.25128
-90 34 -2.30424
-89.5 34 -2.41036
-89 34 -2.51869
-88.5 34 -2.41613
-88 34 -1.85102
-87.5 34 -1.27771
-87 34 -0.687242
-86.5 34 -0.201618
-86 34 0.154456
-85.5 34 0.468004
-85 34 0.825776
-84.5 34 1.14591
-84 34 1.40169
-83.5 34 1.61624
-83 34 1.84646
-82.5 34 2.05486
-82 34 2.17848
-81.5 34 2.22164
-81 34 2.2295
-119 34.5 -3.9646
-118.5 34.5 -3.7773
-118 34.5 -3.24259
-117.5 34.5 -2.79899
-117 34.5 -2.3605
-116.5 34.5 -2.04164
-116 34.5 -1.76639
-115.5 34.5 -1.36201
-115 34.5 -0.983358
-114.5 34.5 -0.821334
-114 34.5 -1.30169
-113.5 34.5 -1.79671
-113 34.5 -1.70963
-112.5 34.5 -1.65999
-112 34.5 -1.58753
-111.5 34.5 -1.34888
-111 34.5 -0.736632
-110.5 34.5 -0.15231
-110 34.5 -0.0953196
-109.5 34.5 -0.27065
-109 34.5 -0.720837
-108.5 34.5 -1.37714
-108 34.5 -2.36633
-107.5 34.5 -3.16222
-107 34.5 -3.29945
-106.5 34.5 -2.91704
-106 34.5 -2.25698
-105.5 34.5 -1.64394
-105 34.5 -0.946713
-104.5 34.5 -0.31177
-104 34.5 0.132436
-103.5 34.5 0.380583
-103 34.5 0.491403
-102.5 34.5 0.468186
-102 34.5 0.359075
-101.5 34.5 0.161152
-101 34.5 -0.150359
-100.5 34.5 -0.568739
-100 34.5 -1.05461
-99.5 34.5 -1.44692
-99 34.5 -1.80954
-98.5 34.5 -2.10501
-98 34.5 -2.26923
-97.5 34.5 -2.65936
-97 34.5 -2.98626
-96.5 34.5 -2.85371
-96 34.5 -2.31684
-95.5 34.5 -1.75313
-95 34.5 -1.47835
-94.5 34.5 -1.36877
-94 34.5 -1.34898
-93.5 34.5 -1.40794
-93 34.5 -1.79834
-92.5 34.5 -2.17679
-92 34.5 -2.21706
-91.5 34.5 -1.89978
-91 34.5 -1.57617
-90.5 34.5 -1.55898
-90 34.5 -1.57843
-89.5 34.5 -1.61732
-89 34.5 -1.5809
-88.5 34.5 -1.11596
-88 34.5 -0.535638
-87.5 34.5 -0.164019
-87 34.5 0.222975
-86.5 34.5 0.539738
-86 34.5 0.780582
-85.5 34.5 1.03987
-85 34.5 1.31005
-84.5 34.5 1.53227
-84 34.5 1.70046
-83.5 34.5 1.88078
-83 34.5 2.09316
-82.5 34.5 2.27986
-82 34.5 2.38795
-81.5 34.5 2.43974
-81 34.5 2.47925
-119 35 -4.53508
-118.5 35 -4.94934
-118 35 -4.38849
-117.5 35 -3.6617
-117 35 -2.95315
-116.5 35 -2.41851
-116 35 -1.98107
-115.5 35 -1.47696
-115 35 -0.800888
-114.5 35 -0.182978
-114 35 0.139275
-113.5 35 -0.482726
-113 35 -0.877771
-112.5 35 -1.1364
-112 35 -1.42396
-111.5 35 -1.57564
-111 35 -1.50969
-110.5 35 -0.939673
-110 35 -0.565943
-109.5 35 -0.397275
-109 35 -0.560741
-108.5 35 -1.01984
-108 35 -1.73347
-107.5 35 -2.62135
-107 35 -3.10254
-106.5 35 -3.1493
-106 35 -2.69496
-105.5 35 -2.09534
-105 35 -1.36046
-104.5 35 -0.597424
-104 35 -0.0627852
-103.5 35 0.317258
-103 35 0.508183
-102.5 35 0.474572
-102 35 0.249918
-101.5 35 0.0254666
-101 35 -0.254997
-100.5 35 -0.722006
-100 35 -1.2068
-99.5 35 -1.57295
-99 35 -1.89602
-98.5 35 -2.16383
-98 35 -2.39667
-97.5 35 -2.71879
-97 35 -2.84763
-96.5 35 -2.61084
-96 35 -2.07348
-95.5 35 -1.58974
-95 35 -1.3322
-94.5 35 -1.25612
-94 35 -1.25711
-93.5 35 -1.38545
-93 35 -1.65847
-92.5 35 -1.67757
-92 35 -1.44957
-91.5 35 -1.0196
-91 35 -0.805085
-90.5 35 -0.728251
-90 35 -0.66872
-89.5 35 -0.601459
-89 35 -0.341353
-88.5 35 0.184289
-88 35 0.486008
-87.5 35 0.715166
-87 35 0.944218
-86.5 35 1.10421
-86 35 1.25925
-85.5 35 1.44486
-85 35 1.60989
-84.5 35 1.73858
-84 35 1.8434
-83.5 35 2.00906
-83 35 2.18964
-82.5 35 2.33611
-82 35 2.41242
-81.5 35 2.46782
-81 35 2.49884
-119 35.5 -4.28659
-118.5 35.5 -5.06141
-118 35.5 -4.76175
-117.5 35.5 -4.09248
-117 35.5 -3.28331
-116.5 35.5 -2.73853
-116 35.5 -2.28964
-115.5 35.5 -1.76217
-115 35.5 -1.16707
-114.5 35.5 -0.504185
-114 35.5 0.16908
-113.5 35.5 -0.065773
-113 35.5 -0.451397
-112.5 35.5 -0.784427
-112 35.5 -1.09471
-111.5 35.5 -1.36217
-111 35.5 -1.60147
-110.5 35.5 -1.35061
-110 35.5 -1.00503
-109.5 35.5 -0.622644
-109 35.5 -0.648371
-108.5 35.5 -0.999721
-108 35.5 -1.56206
-107.5 35.5 -2.25384
-107 35.5 -2.77284
-106.5 35.5 -3.0781
-106 35.5 -2.89278
-105.5 35.5 -2.36783
-105 35.5 -1.65391
-104.5 35.5 -0.882284
-104 35.5 -0.205852
-103.5 35.5 0.242064
-103 35.5 0.480481
-102.5 35.5 0.464698
-102 35.5 0.168355
-101.5 35.5 -0.11632
-101 35.5 -0.399968
-100.5 35.5 -0.841885
-100 35.5 -1.29244
-99.5 35.5 -1.6403
-99 35.5 -1.92396
-98.5 35.5 -2.1552
-98 35.5 -2.38246
-97.5 35.5 -2.53959
-97 35.5 -2.48892
-96.5 35.5 -2.20578
-96 35.5 -1.72553
-95.5 35.5 -1.27263
-95 35.5 -1.04496
-94.5 35.5 -0.967616
-94 35.5 -0.935491
-93.5 35.5 -1.03621
-93 35.5 -1.11322
-92.5 35.5 -0.930564
-92 35.5 -0.651539
-91.5 35.5 -0.336361
-91 35.5 -0.176279
-90.5 35.5 -0.0591083
-90 35.5 0.0475162
-89.5 35.5 0.147734
-89 35.5 0.438105
-88.5 35.5 0.823388
-88 35.5 1.01545
-87.5 35.5 1.17901
-87 35.5 1.32958
-86.5 35.5 1.40738
-86 35.5 1.51276
-85.5 35.5 1.63699
-85 35.5 1.75821
-84.5 35.5 1.83453
-84 35.5 1.89598
-83.5 35.5 1.99992
-83 35.5 2.10407
-82.5 35.5 2.16603
-82 35.5 2.15849
-81.5 35.5 2.16456
-81 35.5 2.14335
-119 36 -3.10295
-118.5 36 -3.80953
-118 36 -4.18604
-117.5 36 -3.99564
-117 36 -3.51223
-116.5 36 -3.00822
-116 36 -2.68662
-115.5 36 -2.35252
-115 36 -1.96976
-114.5 36 -1.62757
-114 36 -1.0393
-113.5 36 -0.595523
-113 36 -0.591286
-112.5 36 -0.655521
-112 36 -0.739766
-111.5 36 -0.818147
-111 36 -1.08931
-110.5 36 -1.34475
-110 36 -1.382
-109.5 36 -1.18215
-109 36 -1.0005
-108.5 36 -1.20703
-108 36 -1.58382
-107.5 36 -2.01013
-107 36 -2.34744
-106.5 36 -2.68574
-106 36 -2.79918
-105.5 36 -2.44804
-105 36 -1.82132
-104.5 36 -1.07898
-104 36 -0.420328
-103.5 36 0.0744457
-103 36 0.410021
-102.5 36 0.604196
-102 36 0.252513
-101.5 36 -0.171572
-101 36 -0.382521
-100.5 36 -0.856296
-100 36 -1.3425
-99.5 36 -1.73922
-99 36 -1.9786
-98.5 36 -2.15174
-98 36 -2.30284
-97.5 36 -2.2306
-97 36 -1.99669
-96.5 36 -1.64251
-96 36 -1.12648
-95.5 36 -0.711477
-95 36 -0.547618
-94.5 36 -0.401262
-94 36 -0.353721
-93.5 36 -0.441159
-93 36 -0.352806
-92.5 36 -0.152557
-92 36 -0.00120366
-91.5 36 0.114994
-91 36 0.185659
-90.5 36 0.282139
-90 36 0.314014
-89.5 36 0.42463
-89 36 0.695909
-88.5 36 0.925493
-88 36 1.08897
-87.5 36 1.26076
-87 36 1.36956
-86.5 36 1.46679
-86 36 1.59509
-85.5 36 1.72499
-85 36 1.80335
-84.5 36 1.82274
-84 36 1.83013
-83.5 36 1.82573
-83 36 1.78766
-82.5 36 1.68891
-82 36 1.57251
-81.5 36 1.47065
-81 36 1.28819
-119 36.5 -1.829
-118.5 36.5 -2.20846
-118 36.5 -2.9133
-117.5 36.5 -3.22105
-117 36.5 -3.24536
-116.5 36.5 -2.95949
-116 36.5 -2.79122
-115.5 36.5 -2.72281
-115 36.5 -2.55122
-114.5 36.5 -2.45523
-114 36.5 -2.31701
-113.5 36.5 -1.59771
-113 36.5 -1.09234
-112.5 36.5 -0.755065
-112 36.5 -0.559554
-111.5 36.5 -0.418587
-111 36.5 -0.41477
-110.5 36.5 -0.839558
-110 36.5 -1.25167
-109.5 36.5 -1.56096
-109 36.5 -1.42846
-108.5 36.5 -1.45152
-108 36.5 -1.65612
-107.5 36.5 -1.87433
-107 36.5 -2.05232
-106.5 36.5 -2.20098
-106 36.5 -2.40058
-105.5 36.5 -2.26681
-105 36.5 -1.82934
-104.5 36.5 -1.23591
-104 36.5 -0.669124
-103.5 36.5 -0.169789
-103 36.5 0.278368
-102.5 36.5 0.535034
-102 36.5 0.463178
-101.5 36.5 0.185788
-101 36.5 -0.114083
-100.5 36.5 -0.829303
-100 36.5 -1.45049
-99.5 36.5 -1.73414
-99 36.5 -2.05422
-98.5 36.5 -2.32972
-98 36.5 -2.19934
-97.5 36.5 -1.83029
-97 36.5 -1.3811
-96.5 36.5 -0.872213
-96 36.5 -0.379122
-95.5 36.5 -0.0999724
-95 36.5 0.0702296
-94.5 36.5 0.213903
-94 36.5 0.180359
-93.5 36.5 0.16494
-93 36.5 0.277583
-92.5 36.5 0.321469
-92 36.5 0.340285
-91.5 36.5 0.327707
-91 36.5 0.319828
-90.5 36.5 0.319604
-90 36.5 0.308552
-89.5 36.5 0.456345
-89 36.5 0.650102
-88.5 36.5 0.79988
-88 36.5 0.986759
-87.5 36.5 1.14321
-87 36.5 1.25316
-86.5 36.5 1.41361
-86 36.5 1.56767
-85.5 36.5 1.68793
-85 36.5 1.7014
-84.5 36.5 1.66457
-84 36.5 1.59378
-83.5 36.5 1.44683
-83 36.5 1.25635
-82.5 36.5 1.02616
-82 36.5 0.79973
-81.5 36.5 0.563812
-81 36.5 0.304314
-119 37 -0.706037
-118.5 37 -1.16085
-118 37 -1.65992
-117.5 37 -2.03415
-117 37 -2.23018
-116.5 37 -2.21903
-116 37 -2.24
-115.5 37 -2.37972
-115 37 -2.3732
-114.5 37 -2.41357
-114 37 -2.45139
-113.5 37 -1.94939
-113 37 -1.38973
-112.5 37 -0.883866
-112 37 -0.533292
-111.5 37 -0.247788
-111 37 -0.0463559
-110.5 37 -0.270802
-110 37 -0.687957
-109.5 37 -1.2133
-109 37 -1.26129
-108.5 37 -1.30285
-108 37 -1.50909
-107.5 37 -1.66291
-107 37 -1.78614
-106.5 37 -1.90066
-106 37 -2.04815
-105.5 37 -2.04086
-105 37 -1.72049
-104.5 37 -1.29401
-104 37 -0.828248
-103.5 37 -0.397221
-103 37 0.0959811
-102.5 37 0.53203
-102 37 0.526717
-101.5 37 0.444201
-101 37 0.302354
-100.5 37 -0.861979
-100 37 -1.71481
-99.5 37 -1.53983
-99 37 -1.94503
-98.5 37 -2.49226
-98 37 -1.98762
-97.5 37 -1.2855
-97 37 -0.670122
-96.5 37 -0.131178
-96 37 0.205147
-95.5 37 0.288098
-95 37 0.424629
-94.5 37 0.507493
-94 37 0.408884
-93.5 37 0.421648
-93 37 0.48614
-92.5 37 0.45748
-92 37 0.434842
-91.5 37 0.393202
-91 37 0.314633
-90.5 37 0.291252
-90 37 0.318943
-89.5 37 0.447996
-89 37 0.602358
-88.5 37 0.733025
-88 37 0.882246
-87.5 37 1.01847
-87 37 1.13283
-86.5 37 1.28456
-86 37 1.40845
-85.5 37 1.46494
-85 37 1.40895
-84.5 37 1.30418
-84 37 1.14757
-83.5 37 0.885508
-83 37 0.614456
-82.5 37 0.338835
-82 37 0.0329699
-81.5 37 -0.222625
-81 37 -0.424331
-119 37.5 0.608883
-118.5 37.5 0.332224
-118 37.5 -0.191311
-117.5 37.5 -0.594841
-117 37.5 -0.867988
-116.5 37.5 -0.991048
-116 37.5 -1.06245
-115.5 37.5 -1.22784
-115 37.5 -1.41851
-114.5 37.5 -1.5419
-114 37.5 -1.68721
-113.5 37.5 -1.62584
-113 37.5 -1.34518
-112.5 37.5 -0.977225
-112 37.5 -0.592113
-111.5 37.5 -0.254954
-111 37.5 0.0963323
-110.5 37.5 0.269059
-110 37.5 0.219298
-109.5 37.5 -0.114778
-109 37.5 -0.463158
-108.5 37.5 -0.621859
-108 37.5 -0.898309
-107.5 37.5 -1.21427
-107 37.5 -1.42722
-106.5 37.5 -1.58775
-106 37.5 -1.75883
-105.5 37.5 -1.85847
-105 37.5 -1.68825
-104.5 37.5 -1.32445
-104 37.5 -0.920349
-103.5 37.5 -0.51706
-103 37.5 -0.0767964
-102.5 37.5 0.397976
-102 37.5 0.312653
-101.5 37.5 0.274287
-101 37.5 0.916205
-99 37.5 -1.76039
-98.5 37.5 -2.60696
-98 37.5 -1.44307
-97.5 37.5 -0.499744
-97 37.5 0.0339501
-96.5 37.5 0.350698
-96 37.5 0.306293
-95.5 37.5 0.247864
-95 37.5 0.368342
-94.5 37.5 0.309125
-94 37.5 0.242404
-93.5 37.5 0.32124
-93 37.5 0.337437
-92.5 37.5 0.313012
-92 37.5 0.295738
-91.5 37.5 0.221763
-91 37.5 0.180278
-90.5 37.5 0.228011
-90 37.5 0.319689
-89.5 37.5 0.446608
-89 37.5 0.568428
-88.5 37.5 0.68047
-88 37.5 0.792562
-87.5 37.5 0.890123
-87 37.5 0.992123
-86.5 37.5 1.08565
-86 37.5 1.12656
-85.5 37.5 1.08083
-85 37.5 0.945899
-84.5 37.5 0.754762
-84 37.5 0.489651
-83.5 37.5 0.181468
-83 37.5 -0.115978
-82.5 37.5 -0.428689
-82 37.5 -0.691224
-81.5 37.5 -0.872607
-81 37.5 -1.00064
-119 38 1.72225
-118.5 38 1.77498
-118 38 1.30243
-117.5 38 0.855188
-117 38 0.524694
-116.5 38 0.334246
-116 38 0.244365
-115.5 38 0.160278
-115 38 -0.142796
-114.5 38 -0.40115
-114 38 -0.617645
-113.5 38 -0.872088
-113 38 -0.944926
-112.5 38 -0.882714
-112 38 -0.605136
-111.5 38 -0.261597
-111 38 0.130813
-110.5 38 0.533993
-110 38 0.815059
-109.5 38 0.928124
-109 38 0.529937
-108.5 38 0.187051
-108 38 -0.139549
-107.5 38 -0.575234
-107 38 -0.903641
-106.5 38 -1.17568
-106 38 -1.38658
-105.5 38 -1.56169
-105 38 -1.60386
-104.5 38 -1.41573
-104 38 -1.07964
-103.5 38 -0.693874
-103 38 -0.392598
-102.5 38 -0.286004
-97.5 38 0.734934
-97 38 0.672788
-96.5 38 0.442881
-96 38 0.129003
-95.5 38 0.0892183
-95 38 0.0883605
-94.5 38 -0.0115608
-94 38 0.0504447
-93.5 38 0.116337
-93 38 0.110855
-92.5 38 0.116696
-92 38 0.0807263
-91.5 38 0.0140572
-91 38 0.0769695
-90.5 38 0.183826
-90 38 0.308505
-89.5 38 0.407668
-89 38 0.504095
-88.5 38 0.599625
-88 38 0.66227
-87.5 38 0.722532
-87 38 0.788869
-86.5 38 0.803192
-86 38 0.761435
-85.5 38 0.628675
-85 38 0.415146
-84.5 38 0.140105
-84 38 -0.18442
-83.5 38 -0.486363
-83 38 -0.794092
-82.5 38 -1.0863
-82 38 -1.2304
-81.5 38 -1.32409
-81 38 -1.38862
-119 38.5 2.41969
-118.5 38.5 2.58354
-118 38.5 2.33976
-117.5 38.5 1.98529
-117 38.5 1.66188
-116.5 38.5 1.43966
-116 38.5 1.31978
-115.5 38.5 1.21594
-115 38.5 0.946753
-114.5 38.5 0.61452
-114 38.5 0.21061
-113.5 38.5 -0.116351
-113 38.5 -0.3823
-112.5 38.5 -0.561001
-112 38.5 -0.497173
-111.5 38.5 -0.264001
-111 38.5 0.176302
-110.5 38.5 0.524915
-110 38.5 0.874149
-109.5 38.5 1.15993
-109 38.5 0.966956
-108.5 38.5 0.663186
-108 38.5 0.325883
-107.5 38.5 -0.037337
-107 38.5 -0.36864
-106.5 38.5 -0.627258
-106 38.5 -0.861898
-105.5 38.5 -1.0911
-105 38.5 -1.3006
-104.5 38.5 -1.28295
-104 38.5 -1.14255
-103.5 38.5 -0.857393
-103 38.5 -0.704174
-97 38.5 1.08659
-96.5 38.5 0.462763
-96 38.5 0.080981
-95.5 38.5 0.0580648
-95 38.5 0.0276442
-94.5 38.5 -0.0270104
-94 38.5 0.0349942
-93.5 38.5 0.0734721
-93 38.5 0.0638714
-92.5 38.5 0.0577856
-92 38.5 0.0182314
-91.5 38.5 -0.0203364
-91 38.5 0.0587608
-90.5 38.5 0.156775
-90 38.5 0.249317
-89.5 38.5 0.303089
-89 38.5 0.368007
-88.5 38.5 0.437869
-88 38.5 0.452077
-87.5 38.5 0.483117
-87 38.5 0.499984
-86.5 38.5 0.465787
-86 38.5 0.364618
-85.5 38.5 0.190794
-85 38.5 -0.0983065
-84.5 38.5 -0.392678
-84 38.5 -0.688927
-83.5 38.5 -0.976
-83 38.5 -1.23224
-82.5 38.5 -1.4348
-82 38.5 -1.48455
-81.5 38.5 -1.51942
-81 38.5 -1.5454
-119 39 2.81087
-118.5 39 3.03866
-118 39 2.95736
-117.5 39 2.70077
-117 39 2.42293
-116.5 39 2.19675
-116 39 2.04667
-115.5 39 1.93948
-115 39 1.77222
-114.5 39 1.52928
-114 39 1.15281
-113.5 39 0.686386
-113 39 0.272805
-112.5 39 -0.0913891
-112 39 -0.335965
-111.5 39 -0.417473
-111 39 -0.251338
-110.5 39 0.110868
-110 39 0.452866
-109.5 39 0.766867
-109 39 0.890295
-108.5 39 0.7974
-108 39 0.605818
-107.5 39 0.372648
-107 39 0.135684
-106.5 39 -0.0644495
-106 39 -0.252754
-105.5 39 -0.458517
-105 39 -0.683678
-104.5 39 -0.859432
-104 39 -0.907618
-103.5 39 -0.749053
-96.5 39 0.408954
-96 39 0.254648
-95.5 39 0.243462
-95 39 0.195556
-94.5 39 0.186039
-94 39 0.213286
-93.5 39 0.213515
-93 39 0.197511
-92.5 39 0.17714
-92 39 0.136034
-91.5 39 0.115794
-91 39 0.131658
-90.5 39 0.144272
-90 39 0.142431
-89.5 39 0.145063
-89 39 0.152955
-88.5 39 0.156291
-88 39 0.180483
-87.5 39 0.219188
-87 39 0.208132
-86.5 39 0.108645
-86 39 -0.0721602
-85.5 39 -0.32618
-85 39 -0.596851
-84.5 39 -0.843597
-84 39 -1.07981
-83.5 39 -1.26359
-83 39 -1.38591
-82.5 39 -1.43888
-82 39 -1.43448
-81.5 39 -1.43553
-81 39 -1.42231
-119 39.5 2.92268
-118.5 39.5 3.18426
-118 39.5 3.14733
-117.5 39.5 2.95185
-117 39.5 2.73722
-116.5 39.5 2.54205
-116 39.5 2.40199
-115.5 39.5 2.31194
-115 39.5 2.2336
-114.5 39.5 2.11027
-114 39.5 1.89352
-113.5 39.5 1.3816
-113 39.5 0.871571
-112.5 39.5 0.39846
-112 39.5 -0.0544465
-111.5 39.5 -0.416159
-111 39.5 -0.620258
-110.5 39.5 -0.284887
-110 39.5 0.0754086
-109.5 39.5 0.354252
-109 39.5 0.677368
-108.5 39.5 0.810151
-108 39.5 0.801997
-107.5 39.5 0.725129
-107 39.5 0.620056
-106.5 39.5 0.48931
-106 39.5 0.335941
-105.5 39.5 0.177627
-105 39.5 0.0443483
-104.5 39.5 -0.214214
-104 39.5 -0.362255
-103.5 39.5 -0.319259
-96.5 39.5 0.433068
-96 39.5 0.42609
-95.5 39.5 0.403217
-95 39.5 0.414717
-94.5 39.5 0.456754
-94 39.5 0.472939
-93.5 39.5 0.467112
-93 39.5 0.443037
-92.5 39.5 0.417071
-92 39.5 0.37623
-91.5 39.5 0.335352
-91 39.5 0.268753
-90.5 39.5 0.186558
-90 39.5 0.0908298
-89.5 39.5 0.0437222
-89 39.5 -0.0149404
-88.5 39.5 -0.0769414
-88 39.5 -0.019978
-87.5 39.5 0.0201427
-87 39.5 -0.0213779
-86.5 39.5 -0.19416
-86 39.5 -0.449917
-85.5 39.5 -0.742141
-85 39.5 -0.940749
-84.5 39.5 -1.12364
-84 39.5 -1.28042
-83.5 39.5 -1.31634
-83 39.5 -1.29508
-82.5 39.5 -1.23085
-82 39.5 -1.19115
-81.5 39.5 -1.15729
-81 39.5 -1.12858
-119 40 2.63865
-118.5 40 2.91761
-118 40 2.82604
-117.5 40 2.66739
-117 40 2.54316
-116.5 40 2.40566
-116 40 2.33144
-115.5 40 2.3281
-115 40 2.28655
-114.5 40 2.23024
-114 40 2.10755
-113.5 40 1.73411
-113 40 1.28287
-112.5 40 0.80536
-112 40 0.382761
-111.5 40 -0.026142
-111 40 -0.332132
-110.5 40 -0.108087
-110 40 0.199852
-109.5 40 0.493668
-109 40 0.79521
-108.5 40 0.993547
-108 40 1.05441
-107.5 40 1.11434
-107 40 1.10417
-106.5 40 1.01788
-106 40 0.837532
-105.5 40 0.675776
-105 40 0.546781
-104.5 40 0.322839
-104 40 0.199234
-103.5 40 0.200948
-96.5 40 0.256136
-96 40 0.283892
-95.5 40 0.429263
-95 40 0.554572
-94.5 40 0.64844
-94 40 0.740246
-93.5 40 0.767986
-93 40 0.732753
-92.5 40 0.730936
-92 40 0.675616
-91.5 40 0.575453
-91 40 0.490137
-90.5 40 0.365207
-90 40 0.219163
-89.5 40 0.137207
-89 40 0.0333093
-88.5 40 -0.0839579
-88 40 -0.0643866
-87.5 40 -0.0776511
-87 40 -0.154341
-86.5 40 -0.369069
-86 40 -0.620469
-85.5 40 -0.860323
-85 40 -1.00997
-84.5 40 -1.12806
-84 40 -1.20554
-83.5 40 -1.1319
-83 40 -1.03964
-82.5 40 -0.950695
-82 40 -0.850442
-81.5 40 -0.800085
-81 40 -0.793359
-119 40.5 1.79943
-118.5 40.5 1.8204
-118 40.5 1.85898
-117.5 40.5 1.84538
-117 40.5 1.83043
-116.5 40.5 1.81199
-116 40.5 1.80721
-115.5 40.5 1.84584
-115 40.5 1.90029
-114.5 40.5 1.93632
-114 40.5 1.92175
-113.5 40.5 1.77503
-113 40.5 1.55162
-112.5 40.5 1.28861
-112 40.5 0.992302
-111.5 40.5 0.731331
-111 40.5 0.57842
-110.5 40.5 0.610275
-110 40.5 0.752789
-109.5 40.5 0.954201
-109 40.5 1.2045
-108.5 40.5 1.4238
-108 40.5 1.56377
-107.5 40.5 1.6131
-107 40.5 1.54964
-106.5 40.5 1.39153
-106 40.5 1.15951
-105.5 40.5 0.903373
-105 40.5 0.68274
-104.5 40.5 0.590217
-104 40.5 0.599661
-103.5 40.5 0.735658
-96.5 40.5 0.0783506
-96 40.5 0.294555
-95.5 40.5 0.453883
-95 40.5 0.660218
-94.5 40.5 0.851745
-94 40.5 0.988493
-93.5 40.5 1.10108
-93 40.5 1.15195
-92.5 40.5 1.11992
-92 40.5 1.05145
-91.5 40.5 0.949381
-91 40.5 0.822846
-90.5 40.5 0.697244
-90 40.5 0.56955
-89.5 40.5 0.444661
-89 40.5 0.321623
-88.5 40.5 0.191022
-88 40.5 0.0608094
-87.5 40.5 -0.0858374
-87 40.5 -0.251704
-86.5 40.5 -0.426674
-86 40.5 -0.597204
-85.5 40.5 -0.743667
-85 40.5 -0.823764
-84.5 40.5 -0.850534
-84 40.5 -0.812721
-83.5 40.5 -0.720776
-83 40.5 -0.60601
-82.5 40.5 -0.490291
-82 40.5 -0.425294
-81.5 40.5 -0.4035
-81 40.5 -0.412898
-119 41 0.820391
-118.5 41 0.555116
-118 41 0.700031
-117.5 41 0.847306
-117 41 0.932014
-116.5 41 1.00765
-116 41 1.06132
-115.5 41 1.11366
-115 41 1.24063
-114.5 41 1.37794
-114 41 1.48774
-113.5 41 1.54791
-113 41 1.59011
-112.5 41 1.61539
-112 41 1.49239
-111.5 41 1.43488
-111 41 1.49981
-110.5 41 1.40463
-110 41 1.40627
-109.5 41 1.50758
-109 41 1.6826
-108.5 41 1.88685
-108 41 2.06939
-107.5 41 2.01167
-107 41 1.85007
-106.5 41 1.61593
-106 41 1.26465
-105.5 41 0.893072
-105 41 0.623975
-104.5 41 0.652071
-104 41 0.764877
-103.5 41 0.912877
-96.5 41 -0.0563636
-96 41 0.260556
-95.5 41 0.370493
-95 41 0.582346
-94.5 41 0.853627
-94 41 1.02222
-93.5 41 1.21919
-93 41 1.41048
-92.5 41 1.37214
-92 41 1.30366
-91.5 41 1.23678
-91 41 1.10659
-90.5 41 1.00603
-90 41 0.924254
-89.5 41 0.77656
-89 41 0.643971
-88.5 41 0.519912
-88 41 0.268189
-87.5 41 0.0139259
-87 41 -0.221845
-86.5 41 -0.33081
-86 41 -0.424094
-85.5 41 -0.494347
-85 41 -0.510009
-84.5 41 -0.461944
-84 41 -0.357095
-83.5 41 -0.289194
-83 41 -0.181875
-82.5 41 -0.0675403
-82 41 -0.0839584
-81.5 41 -0.105066
-81 41 -0.123563
-119 41.5 0.127578
-118.5 41.5 -0.133187
-118 41.5 -0.0585698
-117.5 41.5 0.0766879
-117 41.5 0.192168
-116.5 41.5 0.262747
-116 41.5 0.31718
-115.5 41.5 0.395473
-115 41.5 0.494092
-114.5 41.5 0.675144
-114 41.5 0.936027
-113.5 41.5 1.09311
-113 41.5 1.31376
-112.5 41.5 1.55966
-112 41.5 1.62845
-111.5 41.5 1.73381
-111 41.5 1.85268
-110.5 41.5 1.85916
-110 41.5 1.86865
-109.5 41.5 1.92528
-109 41.5 2.01166
-108.5 41.5 2.13692
-108 41.5 2.22326
-107.5 41.5 2.08296
-107 41.5 1.89519
-106.5 41.5 1.63287
-106 41.5 1.14653
-105.5 41.5 0.782889
-105 41.5 0.585589
-104.5 41.5 0.686471
-104 41.5 0.746006
-103.5 41.5 0.673399
-103 41.5 0.256866
-97 41.5 -0.228597
-96.5 41.5 0.00347726
-96 41.5 0.0233223
-95.5 41.5 0.0406585
-95 41.5 0.182822
-94.5 41.5 0.467587
-94 41.5 0.647828
-93.5 41.5 0.886656
-93 41.5 1.20506
-92.5 41.5 1.25458
-92 41.5 1.24399
-91.5 41.5 1.22419
-91 41.5 1.16356
-90.5 41.5 1.11525
-90 41.5 1.06196
-89.5 41.5 0.941558
-89 41.5 0.813773
-88.5 41.5 0.682831
-88 41.5 0.46485
-87.5 41.5 0.240407
-87 41.5 0.0225814
-86.5 41.5 -0.0672051
-86 41.5 -0.144958
-85.5 41.5 -0.21567
-85 41.5 -0.202215
-84.5 41.5 -0.148626
-84 41.5 -0.0909456
-83.5 41.5 -0.0420202
-83 41.5 0.00681403
-82.5 41.5 0.0605455
-82 41.5 -0.0107081
-81.5 41.5 -0.0588301
-81 41.5 -0.0728532
-119 42 -0.236098
-118.5 42 -0.409043
-118 42 -0.455152
-117.5 42 -0.428845
-117 42 -0.383254
-116.5 42 -0.383506
-116 42 -0.399822
-115.5 42 -0.399599
-115 42 -0.327694
-114.5 42 -0.158938
-114 42 0.0692394
-113.5 42 0.388067
-113 42 0.78717
-112.5 42 1.14618
-112 42 1.44264
-111.5 42 1.72437
-111 42 1.94967
-110.5 42 2.05707
-110 42 2.09846
-109.5 42 2.11304
-109 42 2.13458
-108.5 42 2.13207
-108 42 2.02824
-107.5 42 1.82778
-107 42 1.57183
-106.5 42 1.15648
-106 42 0.784153
-105.5 42 0.648256
-105 42 0.731931
-104.5 42 0.850972
-104 42 0.765429
-103.5 42 0.561769
-103 42 0.132576
-102.5 42 -0.380563
-97.5 42 0.234264
-97 42 0.346979
-96.5 42 0.256366
-96 42 -0.0224455
-95.5 42 -0.323675
-95 42 -0.439685
-94.5 42 -0.318185
-94 42 -0.0997247
-93.5 42 0.102509
-93 42 0.454237
-92.5 42 0.760529
-92 42 0.892858
-91.5 42 0.971935
-91 42 1.01839
-90.5 42 1.0344
-90 42 1.02259
-89.5 42 0.953395
-89 42 0.843119
-88.5 42 0.734163
-88 42 0.637675
-87.5 42 0.54836
-87 42 0.43937
-86.5 42 0.318125
-86 42 0.210364
-85.5 42 0.124286
-85 42 0.0909689
-84.5 42 0.101193
-84 42 0.0955474
-83.5 42 0.0339073
-83 42 -0.0586408
-82.5 42 -0.148764
-82 42 -0.233792
-81.5 42 -0.308109
-81 42 -0.370372
-119 42.5 -0.406437
-118.5 42.5 -0.536178
-118 42.5 -0.701632
-117.5 42.5 -0.771856
-117 42.5 -0.803333
-116.5 42.5 -0.890297
-116 42.5 -0.986544
-115.5 42.5 -1.05328
-115 42.5 -0.965918
-114.5 42.5 -0.816569
-114 42.5 -0.641841
-113.5 42.5 -0.153941
-113 42.5 0.348059
-112.5 42.5 0.763743
-112 42.5 1.20877
-111.5 42.5 1.6156
-111 42.5 1.94576
-110.5 42.5 2.11121
-110 42.5 2.18142
-109.5 42.5 2.18482
-109 42.5 2.16429
-108.5 42.5 2.03475
-108 42.5 1.77128
-107.5 42.5 1.4905
-107 42.5 1.11153
-106.5 42.5 0.682433
-106 42.5 0.600188
-105.5 42.5 0.700569
-105 42.5 0.908052
-104.5 42.5 0.896266
-104 42.5 0.733691
-103.5 42.5 0.511382
-103 42.5 0.246498
-102.5 42.5 0.241295
-102 42.5 1.05924
-101.5 42.5 1.57643
-101 42.5 1.25132
-99 42.5 -0.333999
-98.5 42.5 0.868596
-98 42.5 0.628975
-97.5 42.5 0.405175
-97 42.5 0.48755
-96.5 42.5 0.361692
-96 42.5 0.0383116
-95.5 42.5 -0.428973
-95 42.5 -0.805855
-94.5 42.5 -1.01041
-94 42.5 -0.864782
-93.5 42.5 -0.649456
-93 42.5 -0.349008
-92.5 42.5 0.107305
-92 42.5 0.410527
-91.5 42.5 0.59906
-91 42.5 0.739775
-90.5 42.5 0.836556
-90 42.5 0.892913
-89.5 42.5 0.864096
-89 42.5 0.779633
-88.5 42.5 0.694248
-88 42.5 0.703033
-87.5 42.5 0.756486
-87 42.5 0.801742
-86.5 42.5 0.666319
-86 42.5 0.521178
-85.5 42.5 0.405976
-85 42.5 0.316327
-84.5 42.5 0.275027
-84 42.5 0.219281
-83.5 42.5 0.0361049
-83 42.5 -0.194104
-82.5 42.5 -0.421487
-82 42.5 -0.505685
-81.5 42.5 -0.591549
-81 42.5 -0.700491
-119 43 -0.609766
-118.5 43 -0.799844
-118 43 -1.02389
-117.5 43 -1.1048
-117 43 -1.10315
-116.5 43 -1.25232
-116 43 -1.33597
-115.5 43 -1.31792
-115 43 -1.16548
-114.5 43 -0.984781
-114 43 -0.743702
-113.5 43 -0.241883
-113 43 0.24503
-112.5 43 0.695856
-112 43 1.09406
-111.5 43 1.52722
-111 43 1.91789
-110.5 43 2.1099
-110 43 2.24395
-109.5 43 2.29475
-109 43 2.26588
-108.5 43 2.06434
-108 43 1.7055
-107.5 43 1.32404
-107 43 0.903975
-106.5 43 0.612179
-106 43 0.677426
-105.5 43 0.823883
-105 43 0.910169
-104.5 43 0.787431
-104 43 0.558958
-103.5 43 0.335142
-103 43 0.189547
-102.5 43 0.323988
-102 43 0.954192
-101.5 43 1.42472
-101 43 1.15018
-100.5 43 0.606211
-100 43 -0.0456352
-99.5 43 -0.598622
-99 43 -0.288451
-98.5 43 0.334058
-98 43 0.424531
-97.5 43 0.520827
-97 43 0.601569
-96.5 43 0.449866
-96 43 0.118216
-95.5 43 -0.335594
-95 43 -0.796968
-94.5 43 -1.2198
-94 43 -1.25572
-93.5 43 -1.07037
-93 43 -0.750649
-92.5 43 -0.328121
-92 43 0.014029
-91.5 43 0.246261
-91 43 0.42759
-90.5 43 0.575976
-90 43 0.724499
-89.5 43 0.737695
-89 43 0.679929
-88.5 43 0.606146
-88 43 0.647767
-87.5 43 0.766408
-87 43 0.922637
-86.5 43 0.854761
-86 43 0.721058
-85.5 43 0.547147
-85 43 0.442574
-84.5 43 0.36469
-84 43 0.285312
-83.5 43 0.0565264
-83 43 -0.209541
-82.5 43 -0.458925
-82 43 -0.548048
-81.5 43 -0.624617
-81 43 -0.71774
-119 43.5 -0.918171
-118.5 43.5 -1.28239
-118 43.5 -1.43853
-117.5 43.5 -1.43946
-117 43.5 -1.48228
-116.5 43.5 -1.48454
-116 43.5 -1.35559
-115.5 43.5 -1.16107
-115 43.5 -0.904501
-114.5 43.5 -0.631877
-114 43.5 -0.296897
-113.5 43.5 0.0848016
-113 43.5 0.413924
-112.5 43.5 0.702523
-112 43.5 1.06321
-111.5 43.5 1.48659
-111 43.5 1.81711
-110.5 43.5 2.11543
-110 43.5 2.40076
-109.5 43.5 2.56027
-109 43.5 2.49898
-108.5 43.5 2.20937
-108 43.5 1.80274
-107.5 43.5 1.32105
-107 43.5 0.873342
-106.5 43.5 0.768705
-106 43.5 0.933249
-105.5 43.5 1.01204
-105 43.5 0.912434
-104.5 43.5 0.626344
-104 43.5 0.323361
-103.5 43.5 0.13305
-103 43.5 0.124197
-102.5 43.5 0.351096
-102 43.5 1.10372
-101.5 43.5 1.63598
-101 43.5 1.30768
-100.5 43.5 1.01056
-100 43.5 0.599895
-99.5 43.5 -0.0630104
-99 43.5 -0.0499267
-98.5 43.5 0.241524
-98 43.5 0.23328
-97.5 43.5 0.43935
-97 43.5 0.641143
-96.5 43.5 0.509017
-96 43.5 0.252001
-95.5 43.5 -0.0964147
-95 43.5 -0.493378
-94.5 43.5 -1.01072
-94 43.5 -1.30943
-93.5 43.5 -1.21786
-93 43.5 -0.948371
-92.5 43.5 -0.585825
-92 43.5 -0.242585
-91.5 43.5 -0.000851133
-91 43.5 0.155007
-90.5 43.5 0.271416
-90 43.5 0.422029
-89.5 43.5 0.564525
-89 43.5 0.598901
-88.5 43.5 0.5559
-88 43.5 0.52838
-87.5 43.5 0.57985
-87 43.5 0.740332
-86.5 43.5 0.86515
-86 43.5 0.853069
-85.5 43.5 0.729488
-85 43.5 0.547972
-84.5 43.5 0.384577
-84 43.5 0.254495
-83.5 43.5 0.113857
-83 43.5 -0.0619996
-82.5 43.5 -0.238247
-82 43.5 -0.353805
-81.5 43.5 -0.414297
-81 43.5 -0.472242
-119 44 -1.0479
-118.5 44 -1.47159
-118 44 -1.36958
-117.5 44 -1.28237
-117 44 -1.33641
-116.5 44 -1.06516
-116 44 -0.766267
-115.5 44 -0.483586
-115 44 -0.125764
-114.5 44 0.205712
-114 44 0.521339
-113.5 44 0.744577
-113 44 0.899668
-112.5 44 1.03075
-112 44 1.39386
-111.5 44 1.71898
-111 44 1.96694
-110.5 44 2.4116
-110 44 2.78043
-109.5 44 2.93242
-109 44 2.72226
-108.5 44 2.33886
-108 44 1.86172
-107.5 44 1.24606
-107 44 0.85116
-106.5 44 0.885194
-106 44 1.12706
-105.5 44 1.1792
-105 44 0.919988
-104.5 44 0.434984
-104 44 0.0731686
-103.5 44 0.024865
-103 44 0.298752
-102.5 44 0.766438
-102 44 1.48216
-101.5 44 1.91951
-101 44 1.79966
-100.5 44 1.46123
-100 44 0.949409
-99.5 44 0.381771
-99 44 0.168695
-98.5 44 0.186282
-98 44 0.162864
-97.5 44 0.286777
-97 44 0.455953
-96.5 44 0.427953
-96 44 0.292597
-95.5 44 0.0383176
-95 44 -0.322137
-94.5 44 -0.758669
-94 44 -1.14441
-93.5 44 -1.20538
-93 44 -1.03472
-92.5 44 -0.739992
-92 44 -0.417745
-91.5 44 -0.137168
-91 44 0.0276483
-90.5 44 0.109836
-90 44 0.168958
-89.5 44 0.349347
-89 44 0.461331
-88.5 44 0.486562
-88 44 0.41464
-87.5 44 0.388391
-87 44 0.461983
-86.5 44 0.674395
-86 44 0.794882
-85.5 44 0.82405
-85 44 0.636395
-84.5 44 0.422518
-84 44 0.240191
-83.5 44 0.181541
-83 44 0.100859
-82.5 44 0.00730149
-82 44 -0.123043
-81.5 44 -0.179306
-81 44 -0.188327
-119 44.5 -0.387055
-118.5 44.5 -0.615307
-118 44.5 -0.184596
-117.5 44.5 -0.0319474
-117 44.5 -0.0382553
-116.5 44.5 0.326232
-116 44.5 0.585139
-115.5 44.5 0.78844
-115 44.5 1.18168
-114.5 44.5 1.43833
-114 44.5 1.62654
-113.5 44.5 1.85076
-113 44.5 1.93576
-112.5 44.5 1.98237
-112 44.5 2.31336
-111.5 44.5 2.47449
-111 44.5 2.62054
-110.5 44.5 3.05098
-110 44.5 3.28343
-109.5 44.5 3.20341
-109 44.5 2.73253
-108.5 44.5 2.23056
-108 44.5 1.6605
-107.5 44.5 0.967835
-107 44.5 0.675281
-106.5 44.5 0.863359
-106 44.5 1.3301
-105.5 44.5 1.35346
-105 44.5 0.893529
-104.5 44.5 0.170496
-104 44.5 -0.183149
-103.5 44.5 0.00446513
-103 44.5 0.595013
-102.5 44.5 1.17563
-102 44.5 1.83196
-101.5 44.5 2.29583
-101 44.5 2.27589
-100.5 44.5 1.85315
-100 44.5 1.23467
-99.5 44.5 0.690874
-99 44.5 0.393429
-98.5 44.5 0.239958
-98 44.5 0.124185
-97.5 44.5 0.187968
-97 44.5 0.273754
-96.5 44.5 0.25283
-96 44.5 0.222553
-95.5 44.5 0.0477043
-95 44.5 -0.296684
-94.5 44.5 -0.739402
-94 44.5 -1.10091
-93.5 44.5 -1.22077
-93 44.5 -1.11718
-92.5 44.5 -0.87582
-92 44.5 -0.549575
-91.5 44.5 -0.213756
-91 44.5 0.02264
-90.5 44.5 0.135588
-90 44.5 0.121681
-89.5 44.5 0.224456
-89 44.5 0.310522
-88.5 44.5 0.325023
-88 44.5 0.241201
-87.5 44.5 0.187958
-87 44.5 0.253917
-86.5 44.5 0.392352
-86 44.5 0.538295
-85.5 44.5 0.678774
-85 44.5 0.606977
-84.5 44.5 0.475306
-84 44.5 0.339799
-83.5 44.5 0.282951
-83 44.5 0.19484
-82.5 44.5 0.0720424
-82 44.5 -0.063337
-81.5 44.5 -0.131491
-81 44.5 -0.105208
-119 45 1.42896
-118.5 45 1.88128
-118 45 2.22459
-117.5 45 2.25089
-117 45 2.38188
-116.5 45 2.51966
-116 45 2.55434
-115.5 45 2.7459
-115 45 2.94507
-114.5 45 3.03552
-114 45 3.24338
-113.5 45 3.42995
-113 45 3.48099
-112.5 45 3.66218
-112 45 3.7581
-111.5 45 3.62575
-111 45 3.7214
-110.5 45 3.8417
-110 45 3.63263
-109.5 45 3.07035
-109 45 2.35369
-108.5 45 1.79049
-108 45 1.09661
-107.5 45 0.558914
-107 45 0.551278
-106.5 45 1.13463
-106 45 1.63675
-105.5 45 1.42806
-105 45 0.637323
-104.5 45 -0.188071
-104 45 -0.395807
-103.5 45 0.171869
-103 45 0.984059
-102.5 45 1.51829
-102 45 2.17951
-101.5 45 2.67893
-101 45 2.68532
-100.5 45 2.19976
-100 45 1.53212
-99.5 45 0.996866
-99 45 0.645485
-98.5 45 0.372493
-98 45 0.0698406
-97.5 45 0.0463481
-97 45 0.0893101
-96.5 45 -0.0207098
-96 45 -0.00867006
-95.5 45 -0.0573842
-95 45 -0.345872
-94.5 45 -0.761962
-94 45 -1.13577
-93.5 45 -1.31048
-93 45 -1.27533
-92.5 45 -1.05558
-92 45 -0.716482
-91.5 45 -0.289953
-91 45 0.0745538
-90.5 45 0.29536
-90 45 0.28692
-89.5 45 0.225044
-89 45 0.219947
-88.5 45 0.169396
-88 45 0.0779318
-87.5 45 -0.0493159
-87 45 -0.0762618
-86.5 45 0.031545
-86 45 0.136932
-85.5 45 0.308143
-85 45 0.479646
-84.5 45 0.53114
-84 45 0.50358
-83.5 45 0.432121
-83 45 0.303226
-82.5 45 0.105208
-82 45 -0.0934508
-81.5 45 -0.267088
-81 45 -0.337845
-119 45.5 3.62514
-118.5 45.5 4.47001
-118 45.5 4.41591
-117.5 45.5 4.39397
-117 45.5 4.58797
-116.5 45.5 4.3441
-116 45.5 4.25619
-115.5 45.5 4.4232
-115 45.5 4.34644
-114.5 45.5 4.40714
-114 45.5 4.67424
-113.5 45.5 4.77242
-113 45.5 4.91457
-112.5 45.5 5.11923
-112 45.5 4.7912
-111.5 45.5 4.49743
-111 45.5 4.41531
-110.5 45.5 4.01051
-110 45.5 3.41311
-109.5 45.5 2.58906
-109 45.5 1.77011
-108.5 45.5 1.13332
-108 45.5 0.621115
-107.5 45.5 0.564383
-107 45.5 0.846756
-106.5 45.5 1.34145
-106 45.5 1.3744
-105.5 45.5 0.985391
-105 45.5 0.275486
-104.5 45.5 -0.255608
-104 45.5 -0.229821
-103.5 45.5 0.376857
-103 45.5 1.09653
-102.5 45.5 1.73723
-102 45.5 2.35356
-101.5 45.5 2.75764
-101 45.5 2.82646
-100.5 45.5 2.55217
-100 45.5 2.09068
-99.5 45.5 1.57374
-99 45.5 1.03242
-98.5 45.5 0.524693
-98 45.5 0.120573
-97.5 45.5 -0.0565453
-97 45.5 -0.109432
-96.5 45.5 -0.211413
-96 45.5 -0.290756
-95.5 45.5 -0.350208
-95 45.5 -0.535181
-94.5 45.5 -0.824752
-94 45.5 -1.14816
-93.5 45.5 -1.37747
-93 45.5 -1.48342
-92.5 45.5 -1.33689
-92 45.5 -0.975104
-91.5 45.5 -0.4559
-91 45.5 0.00991768
-90.5 45.5 0.323174
-90 45.5 0.454714
-89.5 45.5 0.408189
-89 45.5 0.344911
-88.5 45.5 0.213496
-88 45.5 0.136648
-87.5 45.5 -0.00629045
-87 45.5 -0.199745
-86.5 45.5 -0.113386
-86 45.5 -0.00330317
-85.5 45.5 0.0821053
-85 45.5 0.396318
-84.5 45.5 0.646991
-84 45.5 0.763029
-83.5 45.5 0.741141
-83 45.5 0.591937
-82.5 45.5 0.314466
-82 45.5 0.0905278
-81.5 45.5 -0.1625
-81 45.5 -0.43014
-119 46 4.74073
-118.5 46 5.32745
-118 46 5.07415
-117.5 46 5.05423
-117 46 5.1916
-116.5 46 4.78703
-116 46 4.70916
-115.5 46 4.84662
-115 46 4.71341
-114.5 46 4.84247
-114 46 5.10987
-113.5 46 5.15293
-113 46 5.29306
-112.5 46 5.30865
-112 46 4.69194
-111.5 46 4.30617
-111 46 4.01149
-110.5 46 3.38038
-110 46 2.74259
-109.5 46 1.97594
-109 46 1.11241
-108.5 46 0.636494
-108 46 0.492851
-107.5 46 0.721325
-107 46 1.00158
-106.5 46 1.10063
-106 46 0.764528
-105.5 46 0.39685
-105 46 -0.0673242
-104.5 46 -0.373502
-104 46 -0.146674
-103.5 46 0.434026
-103 46 1.10485
-102.5 46 1.80108
-102 46 2.37522
-101.5 46 2.74617
-101 46 2.95599
-100.5 46 2.9503
-100 46 2.7254
-99.5 46 2.2712
-99 46 1.53072
-98.5 46 0.760065
-98 46 0.217178
-97.5 46 -0.0753119
-97 46 -0.214332
-96.5 46 -0.337775
-96 46 -0.493317
-95.5 46 -0.60536
-95 46 -0.726654
-94.5 46 -0.926232
-94 46 -1.1701
-93.5 46 -1.41682
-93 46 -1.69147
-92.5 46 -1.7032
-92 46 -1.38832
-91.5 46 -0.767978
-91 46 -0.219644
-90.5 46 0.178929
-90 46 0.429204
-89.5 46 0.586692
-89 46 0.671656
-88.5 46 0.566867
-88 46 0.605521
-87.5 46 0.570763
-87 46 0.245441
-86.5 46 0.29569
-86 46 0.417162
-85.5 46 0.384707
-85 46 0.667615
-84.5 46 0.993871
-84 46 1.19116
-83.5 46 1.28845
-83 46 1.2093
-82.5 46 0.875225
-82 46 0.712874
-81.5 46 0.487553
-81 46 0.0917734
-119 46.5 4.57991
-118.5 46.5 4.33473
-118 46.5 4.08716
-117.5 46.5 4.15965
-117 46.5 3.96802
-116.5 46.5 3.78215
-116 46.5 3.9707
-115.5 46.5 4.00841
-115 46.5 4.06176
-114.5 46.5 4.36045
-114 46.5 4.48155
-113.5 46.5 4.52841
-113 46.5 4.61041
-112.5 46.5 4.13006
-112 46.5 3.47644
-111.5 46.5 3.22475
-111 46.5 2.74247
-110.5 46.5 2.16457
-110 46.5 1.75378
-109.5 46.5 1.03769
-109 46.5 0.437026
-108.5 46.5 0.356421
-108 46.5 0.594013
-107.5 46.5 0.917438
-107 46.5 0.997446
-106.5 46.5 0.542993
-106 46.5 -0.0505494
-105.5 46.5 -0.250772
-105 46.5 -0.542437
-104.5 46.5 -0.584438
-104 46.5 -0.0932089
-103.5 46.5 0.475084
-103 46.5 1.10956
-102.5 46.5 1.84212
-102 46.5 2.36
-101.5 46.5 2.74524
-101 46.5 3.1402
-100.5 46.5 3.39456
-100 46.5 3.40457
-99.5 46.5 3.04895
-99 46.5 2.11325
-98.5 46.5 1.04852
-98 46.5 0.345625
-97.5 46.5 -0.0717113
-97 46.5 -0.291649
-96.5 46.5 -0.431482
-96 46.5 -0.629744
-95.5 46.5 -0.810215
-95 46.5 -0.877845
-94.5 46.5 -1.00535
-94 46.5 -1.19093
-93.5 46.5 -1.39059
-93 46.5 -1.78547
-92.5 46.5 -2.08894
-92 46.5 -1.99369
-91.5 46.5 -1.43405
-91 46.5 -0.729364
-90.5 46.5 -0.213608
-90 46.5 0.227654
-89.5 46.5 0.629234
-89 46.5 1.06111
-88.5 46.5 1.21588
-88 46.5 1.33382
-87.5 46.5 1.64041
-87 46.5 1.45487
-86.5 46.5 1.21729
-86 46.5 1.38459
-85.5 46.5 1.31023
-85 46.5 1.26885
-84.5 46.5 1.55003
-84 46.5 1.80638
-83.5 46.5 1.98888
-83 46.5 2.13203
-82.5 46.5 1.96885
-82 46.5 1.73085
-81.5 46.5 1.65867
-81 46.5 1.33283
-119 47 3.87553
-118.5 47 3.07329
-118 47 3.0565
-117.5 47 3.01351
-117 47 2.68396
-116.5 47 2.93555
-116 47 3.17697
-115.5 47 3.1973
-115 47 3.53141
-114.5 47 3.78261
-114 47 3.77357
-113.5 47 3.84808
-113 47 3.63774
-112.5 47 2.93988
-112 47 2.53352
-111.5 47 2.17061
-111 47 1.64174
-110.5 47 1.31105
-110 47 0.954866
-109.5 47 0.511616
-109 47 0.497877
-108.5 47 0.65955
-108 47 0.905794
-107.5 47 0.989629
-107 47 0.723043
-106.5 47 0.0497945
-106 47 -0.537964
-105.5 47 -0.82085
-105 47 -0.837903
-104.5 47 -0.453483
-104 47 0.100358
-103.5 47 0.677888
-103 47 1.30868
-102.5 47 1.92134
-102 47 2.43618
-101.5 47 2.9153
-101 47 3.3985
-100.5 47 3.87536
-100 47 4.09818
-99.5 47 3.73498
-99 47 2.73631
-98.5 47 1.53661
-98 47 0.595304
-97.5 47 -0.0608779
-97 47 -0.467858
-96.5 47 -0.692682
-96 47 -0.80295
-95.5 47 -0.935278
-95 47 -1.044
-94.5 47 -1.13269
-94 47 -1.30608
-93.5 47 -1.54331
-93 47 -1.85943
-92.5 47 -2.24549
-92 47 -2.40516
-91.5 47 -2.2422
-91 47 -1.68861
-90.5 47 -1.0837
-90 47 -0.435203
-89.5 47 0.139556
-89 47 0.750941
-88.5 47 1.33359
-88 47 1.6258
-87.5 47 2.01214
-87 47 2.27527
-86.5 47 2.02513
-86 47 1.98701
-85.5 47 2.00552
-85 47 1.79179
-84.5 47 1.86099
-84 47 2.11532
-83.5 47 2.28948
-83 47 2.5069
-82.5 47 2.66942
-82 47 2.45534
-81.5 47 2.39006
-81 47 2.32866
-119 47.5 3.94655
-118.5 47.5 3.2215
-118 47.5 3.28865
-117.5 47.5 3.17755
-117 47.5 2.99101
-116.5 47.5 3.33008
-116 47.5 3.49755
-115.5 47.5 3.57054
-115 47.5 3.91332
-114.5 47.5 4.02072
-114 47.5 3.95448
-113.5 47.5 3.95556
-113 47.5 3.58002
-112.5 47.5 2.95221
-112 47.5 2.52858
-111.5 47.5 2.02224
-111 47.5 1.55816
-110.5 47.5 1.36539
-110 47.5 1.03506
-109.5 47.5 0.914065
-109 47.5 1.27149
-108.5 47.5 1.38881
-108 47.5 1.40412
-107.5 47.5 1.25172
-107 47.5 0.734408
-106.5 47.5 -0.0308651
-106 47.5 -0.715704
-105.5 47.5 -1.05027
-105 47.5 -0.739462
-104.5 47.5 0.0186303
-104 47.5 0.54866
-103.5 47.5 1.09255
-103 47.5 1.67278
-102.5 47.5 2.14241
-102 47.5 2.65667
-101.5 47.5 3.18147
-101 47.5 3.66623
-100.5 47.5 4.38768
-100 47.5 4.87274
-99.5 47.5 4.48525
-99 47.5 3.34316
-98.5 47.5 1.96845
-98 47.5 0.841621
-97.5 47.5 -0.028109
-97 47.5 -0.655962
-96.5 47.5 -1.02088
-96 47.5 -1.05439
-95.5 47.5 -1.12089
-95 47.5 -1.30203
-94.5 47.5 -1.37298
-94 47.5 -1.54705
-93.5 47.5 -1.84296
-93 47.5 -2.09594
-92.5 47.5 -2.4427
-92 47.5 -2.76817
-91.5 47.5 -2.96251
-91 47.5 -2.7772
-90.5 47.5 -2.31537
-90 47.5 -1.61613
-89.5 47.5 -1.02821
-89 47.5 -0.430757
-88.5 47.5 0.373054
-88 47.5 0.83221
-87.5 47.5 1.21485
-87 47.5 1.73429
-86.5 47.5 1.71238
-86 47.5 1.59209
-85.5 47.5 1.62395
-85 47.5 1.44394
-84.5 47.5 1.39029
-84 47.5 1.62973
-83.5 47.5 1.74459
-83 47.5 1.88808
-82.5 47.5 2.16738
-82 47.5 2.0782
-81.5 47.5 2.01257
-81 47.5 2.1157
-119 48 5.05398
-118.5 48 4.88458
-118 48 4.90909
-117.5 48 4.67647
-117 48 4.74811
-116.5 48 4.95059
-116 48 4.90939
-115.5 48 5.06645
-115 48 5.24361
-114.5 48 5.12873
-114 48 5.09714
-113.5 48 4.94625
-113 48 4.398
-112.5 48 3.89173
-112 48 3.41099
-111.5 48 2.77127
-111 48 2.5199
-110.5 48 2.35208
-110 48 1.92508
-109.5 48 2.20816
-109 48 2.61437
-108.5 48 2.38011
-108 48 2.1331
-107.5 48 1.73142
-107 48 0.989122
-106.5 48 0.146667
-106 48 -0.594115
-105.5 48 -0.972342
-105 48 -0.207055
-104.5 48 0.798928
-104 48 1.11834
-103.5 48 1.62364
-103 48 2.1501
-102.5 48 2.45433
-102 48 3.00424
-101.5 48 3.55191
-101 48 3.90581
-100.5 48 4.88974
-100 48 5.6382
-99.5 48 5.17674
-99 48 3.8608
-98.5 48 2.32388
-98 48 1.12488
-97.5 48 0.106319
-97 48 -0.732017
-96.5 48 -1.32655
-96 48 -1.35355
-95.5 48 -1.33091
-95 48 -1.67881
-94.5 48 -1.77926
-94 48 -1.90261
-93.5 48 -2.30567
-93 48 -2.52812
-92.5 48 -2.74563
-92 48 -3.13808
-91.5 48 -3.60578
-91 48 -3.87169
-90.5 48 -3.75786
-90 48 -3.23266
-89.5 48 -2.68237
-89 48 -2.34194
-88.5 48 -1.57739
-88 48 -0.891572
-87.5 48 -0.669318
-87 48 -0.0839516
-86.5 48 0.327588
-86 48 0.176615
-85.5 48 0.215107
-85 48 0.218619
-84.5 48 0.0456521
-84 48 0.180234
-83.5 48 0.348267
-83 48 0.310928
-82.5 48 0.517843
-82 48 0.649222
-81.5 48 0.508339
-81 48 0.638603
-119 48.5 6.83589
-118.5 48.5 7.00064
-118 48.5 6.82787
-117.5 48.5 6.71207
-117 48.5 6.8691
-116.5 48.5 6.79638
-116 48.5 6.73966
-115.5 48.5 6.86687
-115 48.5 6.78644
-114.5 48.5 6.63355
-114 48.5 6.53952
-113.5 48.5 6.15807
-113 48.5 5.62585
-112.5 48.5 5.15218
-112 48.5 4.57285
-111.5 48.5 4.04857
-111 48.5 3.82812
-110.5 48.5 3.51988
-110 48.5 3.29213
-109.5 48.5 3.51933
-109 48.5 3.49652
-108.5 48.5 3.14972
-108 48.5 2.70795
-107.5 48.5 2.07411
-107 48.5 1.27032
-106.5 48.5 0.459875
-106 48.5 -0.154168
-105.5 48.5 -0.293724
-105 48.5 0.351615
-104.5 48.5 1.05684
-104 48.5 1.49558
-103.5 48.5 1.98886
-103 48.5 2.4554
-102.5 48.5 2.85662
-102 48.5 3.38817
-101.5 48.5 3.91822
-101 48.5 4.43925
-100.5 48.5 5.21178
-100 48.5 5.66781
-99.5 48.5 5.2808
-99 48.5 4.18751
-98.5 48.5 2.81938
-98 48.5 1.56778
-97.5 48.5 0.469017
-97 48.5 -0.452882
-96.5 48.5 -1.13002
-96 48.5 -1.43599
-95.5 48.5 -1.58302
-95 48.5 -1.89608
-94.5 48.5 -2.14373
-94 48.5 -2.35032
-93.5 48.5 -2.71245
-93 48.5 -3.0383
-92.5 48.5 -3.31657
-92 48.5 -3.72271
-91.5 48.5 -4.20791
-91 48.5 -4.65791
-90.5 48.5 -4.83161
-90 48.5 -4.70951
-89.5 48.5 -4.35627
-89 48.5 -4.07449
-88.5 48.5 -3.6297
-88 48.5 -2.97227
-87.5 48.5 -2.61106
-87 48.5 -2.23484
-86.5 48.5 -1.69636
-86 48.5 -1.57633
-85.5 48.5 -1.56209
-85 48.5 -1.45519
-84.5 48.5 -1.52486
-84 48.5 -1.5571
-83.5 48.5 -1.40791
-83 48.5 -1.4253
-82.5 48.5 -1.42572
-82 48.5 -1.23185
-81.5 48.5 -1.25113
-81 48.5 -1.26243
-119 49 8.30054
-118.5 49 8.39477
-118 49 8.33644
-117.5 49 8.29504
-117 49 8.34621
-116.5 49 8.28527
-116 49 8.22434
-115.5 49 8.21295
-115 49 8.08054
-114.5 49 7.88087
-114 49 7.6377
-113.5 49 7.20949
-113 49 6.67842
-112.5 49 6.1408
-112 49 5.57032
-111.5 49 5.06716
-111 49 4.71926
-110.5 49 4.3867
-110 49 4.16079
-109.5 49 4.11488
-109 49 3.91127
-108.5 49 3.48972
-108 49 2.92836
-107.5 49 2.21338
-107 49 1.40865
-106.5 49 0.669387
-106 49 0.172889
-105.5 49 0.0955901
-105 49 0.510455
-104.5 49 1.06283
-104 49 1.5638
-103.5 49 2.08395
-103 49 2.59405
-102.5 49 3.08851
-102 49 3.63564
-101.5 49 4.19961
-101 49 4.76825
-100.5 49 5.34095
-100 49 5.60514
-99.5 49 5.28019
-99 49 4.41496
-98.5 49 3.26425
-98 49 2.08575
-97.5 49 0.989513
-97 49 0.0454356
-96.5 49 -0.688201
-96 49 -1.17564
-95.5 49 -1.52182
-95 49 -1.89061
-94.5 49 -2.24024
-94 49 -2.57265
-93.5 49 -2.97413
-93 49 -3.38746
-92.5 49 -3.8006
-92 49 -4.28883
-91.5 49 -4.82042
-91 49 -5.31618
-90.5 49 -5.62996
-90 49 -5.71466
-89.5 49 -5.59217
-89 49 -5.39485
-88.5 49 -5.05618
-88 49 -4.56949
-87.5 49 -4.17092
-87 49 -3.78302
-86.5 49 -3.34921
-86 49 -3.11786
-85.5 49 -3.00446
-85 49 -2.90387
-84.5 49 -2.90317
-84 49 -2.91819
-83.5 49 -2.86508
-83 49 -2.87095
-82.5 49 -2.86677
-82 49 -2.76402
-81.5 49 -2.72744
-81 49 -2.67646
