-119 25 3.4463
-118.5 25 3.40788
-118 25 3.35042
-117.5 25 3.31751
-117 25 3.30536
-116.5 25 3.30733
-116 25 3.30693
-115.5 25 3.30077
-115 25 3.28876
-114.5 25 3.28578
-114 25 3.28997
-113.5 25 3.29917
-113 25 3.30385
-112.5 25 3.30138
-112 25 3.2904
-111.5 25 3.28768
-111 25 3.2915
-110.5 25 3.30159
-110 25 3.30762
-109.5 25 3.31074
-109 25 3.31054
-108.5 25 3.31291
-108 25 3.31623
-107.5 25 3.31679
-107 25 3.31993
-106.5 25 3.32377
-106 25 3.32428
-105.5 25 3.32345
-105 25 3.31724
-104.5 25 3.29414
-104 25 3.27534
-103.5 25 3.26092
-103 25 3.25032
-102.5 25 3.23772
-102 25 3.21866
-101.5 25 3.19072
-101 25 3.15346
-100.5 25 3.11171
-100 25 3.07053
-99.5 25 3.03281
-99 25 2.98933
-98.5 25 3.06825
-98 25 3.21722
-97.5 25 3.40132
-97 25 3.34249
-96.5 25 3.19807
-96 25 3.08961
-95.5 25 3.07856
-95 25 3.12383
-94.5 25 3.18519
-94 25 3.21461
-93.5 25 3.20596
-93 25 3.17093
-92.5 25 3.16669
-92 25 3.17321
-91.5 25 3.1787
-91 25 3.17798
-90.5 25 3.17543
-90 25 3.18434
-89.5 25 3.19203
-89 25 3.18946
-88.5 25 3.15264
-88 25 3.17141
-87.5 25 3.23946
-87 25 3.36694
-86.5 25 3.36933
-86 25 3.30783
-85.5 25 3.21539
-85 25 3.1938
-84.5 25 3.20981
-84 25 3.25321
-83.5 25 3.26291
-83 25 3.2431
-82.5 25 3.19799
-82 25 3.19371
-81.5 25 3.22897
-81 25 3.30436
-119 25.5 3.39645
-118.5 25.5 3.33752
-118 25.5 3.28595
-117.5 25.5 3.27137
-117 25.5 3.27555
-116.5 25.5 3.28313
-116 25.5 3.28192
-115.5 25.5 3.27065
-115 25.5 3.26161
-114.5 25.5 3.26414
-114 25.5 3.27246
-113.5 25.5 3.27864
-113 25.5 3.27711
-112.5 25.5 3.26551
-112 25.5 3.25796
-111.5 25.5 3.26346
-111 25.5 3.27519
-110.5 25.5 3.28304
-110 25.5 3.28233
-109.5 25.5 3.27831
-109 25.5 3.27729
-108.5 25.5 3.27962
-108 25.5 3.28013
-107.5 25.5 3.28311
-107 25.5 3.28838
-106.5 25.5 3.29096
-106 25.5 3.29101
-105.5 25.5 3.28766
-105 25.5 3.27508
-104.5 25.5 3.26073
-104 25.5 3.25315
-103.5 25.5 3.25022
-103 25.5 3.24663
-102.5 25.5 3.23918
-102 25.5 3.22815
-101.5 25.5 3.21071
-101 25.5 3.19046
-100.5 25.5 3.17125
-100 25.5 3.16473
-99.5 25.5 3.16944
-99 25.5 3.12784
-98.5 25.5 3.07295
-98 25.5 3.13218
-97.5 25.5 3.25652
-97 25.5 3.22154
-96.5 25.5 3.09696
-96 25.5 3.01945
-95.5 25.5 3.03918
-95 25.5 3.12704
-94.5 25.5 3.23223
-94 25.5 3.28368
-93.5 25.5 3.27933
-93 25.5 3.23611
-92.5 25.5 3.19907
-92 25.5 3.19266
-91.5 25.5 3.19318
-91 25.5 3.18589
-90.5 25.5 3.17638
-90 25.5 3.18904
-89.5 25.5 3.23513
-89 25.5 3.28347
-88.5 25.5 3.25633
-88 25.5 3.18135
-87.5 25.5 3.1534
-87 25.5 3.21683
-86.5 25.5 3.30083
-86 25.5 3.32109
-85.5 25.5 3.27466
-85 25.5 3.20497
-84.5 25.5 3.19249
-84 25.5 3.22595
-83.5 25.5 3.26587
-83 25.5 3.26686
-82.5 25.5 3.21732
-82 25.5 3.16308
-81.5 25.5 3.16075
-81 25.5 3.21627
-119 26 3.32819
-118.5 26 3.27382
-118 26 3.25046
-117.5 26 3.24741
-117 26 3.25506
-116.5 26 3.25749
-116 26 3.25358
-115.5 26 3.24496
-115 26 3.24647
-114.5 26 3.25256
-114 26 3.25862
-113.5 26 3.25536
-113 26 3.2464
-112.5 26 3.23535
-112 26 3.24142
-111.5 26 3.25371
-111 26 3.26534
-110.5 26 3.2634
-110 26 3.25558
-109.5 26 3.24763
-109 26 3.24819
-108.5 26 3.24797
-108 26 3.24655
-107.5 26 3.25314
-107 26 3.25814
-106.5 26 3.25839
-106 26 3.25707
-105.5 26 3.24994
-105 26 3.23597
-104.5 26 3.23379
-104 26 3.23737
-103.5 26 3.24194
-103 26 3.24428
-102.5 26 3.24598
-102 26 3.24347
-101.5 26 3.23875
-101 26 3.23161
-100.5 26 3.23017
-100 26 3.24459
-99.5 26 3.2616
-99 26 3.2372
-98.5 26 3.09963
-98 26 3.07838
-97.5 26 3.11533
-97 26 3.08017
-96.5 26 2.986
-96 26 2.93323
-95.5 26 2.99655
-95 26 3.13072
-94.5 26 3.29745
-94 26 3.36169
-93.5 26 3.3484
-93 26 3.29721
-92.5 26 3.24364
-92 26 3.22623
-91.5 26 3.22906
-91 26 3.21789
-90.5 26 3.19394
-90 26 3.17806
-89.5 26 3.23344
-89 26 3.32936
-88.5 26 3.40321
-88 26 3.29513
-87.5 26 3.15951
-87 26 3.07353
-86.5 26 3.17006
-86 26 3.27445
-85.5 26 3.32816
-85 26 3.26322
-84.5 26 3.21763
-84 26 3.20785
-83.5 26 3.24605
-83 26 3.26581
-82.5 26 3.24757
-82 26 3.18141
-81.5 26 3.14452
-81 26 3.14781
-119 26.5 3.28947
-118.5 26.5 3.25278
-118 26.5 3.24241
-117.5 26.5 3.2396
-117 26.5 3.24152
-116.5 26.5 3.24059
-116 26.5 3.23825
-115.5 26.5 3.23687
-115 26.5 3.24317
-114.5 26.5 3.24801
-114 26.5 3.24796
-113.5 26.5 3.23875
-113 26.5 3.22982
-112.5 26.5 3.22718
-112 26.5 3.24101
-111.5 26.5 3.2518
-111 26.5 3.25551
-110.5 26.5 3.24649
-110 26.5 3.23653
-109.5 26.5 3.23007
-109 26.5 3.23337
-108.5 26.5 3.23237
-108 26.5 3.23145
-107.5 26.5 3.23912
-107 26.5 3.24226
-106.5 26.5 3.2411
-106 26.5 3.23863
-105.5 26.5 3.23351
-105 26.5 3.22707
-104.5 26.5 3.22655
-104 26.5 3.2327
-103.5 26.5 3.23892
-103 26.5 3.24798
-102.5 26.5 3.25449
-102 26.5 3.25932
-101.5 26.5 3.25866
-101 26.5 3.25509
-100.5 26.5 3.24703
-100 26.5 3.23684
-99.5 26.5 3.19773
-99 26.5 3.10942
-98.5 26.5 2.98245
-98 26.5 2.96177
-97.5 26.5 3.07316
-97 26.5 3.00087
-96.5 26.5 2.93189
-96 26.5 2.86456
-95.5 26.5 2.95836
-95 26.5 3.10313
-94.5 26.5 3.33877
-94 26.5 3.40093
-93.5 26.5 3.37783
-93 26.5 3.29684
-92.5 26.5 3.25629
-92 26.5 3.2469
-91.5 26.5 3.26939
-91 26.5 3.26684
-90.5 26.5 3.2337
-90 26.5 3.16823
-89.5 26.5 3.18859
-89 26.5 3.28535
-88.5 26.5 3.45195
-88 26.5 3.38827
-87.5 26.5 3.22563
-87 26.5 3.07704
-86.5 26.5 3.11931
-86 26.5 3.21397
-85.5 26.5 3.29492
-85 26.5 3.28114
-84.5 26.5 3.24623
-84 26.5 3.22464
-83.5 26.5 3.23888
-83 26.5 3.25207
-82.5 26.5 3.24276
-82 26.5 3.19782
-81.5 26.5 3.15824
-81 26.5 3.1428
-119 27 3.2791
-118.5 27 3.26272
-118 27 3.25502
-117.5 27 3.24345
-117 27 3.23658
-116.5 27 3.23424
-116 27 3.23571
-115.5 27 3.24222
-115 27 3.24886
-114.5 27 3.24858
-114 27 3.24071
-113.5 27 3.23096
-113 27 3.22854
-112.5 27 3.24
-112 27 3.25359
-111.5 27 3.25462
-111 27 3.24604
-110.5 27 3.2344
-110 27 3.2293
-109.5 27 3.23393
-109 27 3.23869
-108.5 27 3.23675
-108 27 3.23989
-107.5 27 3.24377
-107 27 3.24158
-106.5 27 3.23805
-106 27 3.2339
-105.5 27 3.22946
-105 27 3.22573
-104.5 27 3.22878
-104 27 3.2374
-103.5 27 3.24747
-103 27 3.255
-102.5 27 3.25903
-102 27 3.26173
-101.5 27 3.26189
-101 27 3.25614
-100.5 27 3.23199
-100 27 3.17219
-99.5 27 3.06829
-99 27 2.92372
-98.5 27 2.77427
-98 27 2.69157
-97.5 27 2.75093
-97 27 2.86257
-96.5 27 3.01348
-96 27 3.10982
-95.5 27 3.0185
-95 27 3.01918
-94.5 27 3.16185
-94 27 3.3186
-93.5 27 3.38323
-93 27 3.35404
-92.5 27 3.2725
-92 27 3.24633
-91.5 27 3.27269
-91 27 3.3116
-90.5 27 3.31261
-90 27 3.23058
-89.5 27 3.14225
-89 27 3.14832
-88.5 27 3.28405
-88 27 3.37073
-87.5 27 3.32074
-87 27 3.21382
-86.5 27 3.14756
-86 27 3.17719
-85.5 27 3.23762
-85 27 3.27136
-84.5 27 3.2626
-84 27 3.24455
-83.5 27 3.23773
-83 27 3.23996
-82.5 27 3.23644
-82 27 3.21474
-81.5 27 3.18525
-81 27 3.16411
-119 27.5 3.29129
-118.5 27.5 3.27909
-118 27.5 3.25998
-117.5 27.5 3.24349
-117 27.5 3.23554
-116.5 27.5 3.23799
-116 27.5 3.24404
-115.5 27.5 3.25177
-115 27.5 3.25237
-114.5 27.5 3.24782
-114 27.5 3.23947
-113.5 27.5 3.23647
-113 27.5 3.24198
-112.5 27.5 3.25577
-112 27.5 3.25845
-111.5 27.5 3.25188
-111 27.5 3.23993
-110.5 27.5 3.2337
-110 27.5 3.23614
-109.5 27.5 3.24626
-109 27.5 3.24936
-108.5 27.5 3.24943
-108 27.5 3.25284
-107.5 27.5 3.25082
-107 27.5 3.2456
-106.5 27.5 3.24058
-106 27.5 3.2351
-105.5 27.5 3.23137
-105 27.5 3.22964
-104.5 27.5 3.23584
-104 27.5 3.246
-103.5 27.5 3.25688
-103 27.5 3.2575
-102.5 27.5 3.25648
-102 27.5 3.25386
-101.5 27.5 3.25388
-101 27.5 3.24349
-100.5 27.5 3.20548
-100 27.5 3.10924
-99.5 27.5 2.96653
-99 27.5 2.79434
-98.5 27.5 2.63843
-98 27.5 2.52046
-97.5 27.5 2.48788
-97 27.5 2.73883
-96.5 27.5 3.09361
-96 27.5 3.40029
-95.5 27.5 3.20588
-95 27.5 3.04785
-94.5 27.5 3.003
-94 27.5 3.16847
-93.5 27.5 3.31536
-93 27.5 3.37625
-92.5 27.5 3.30277
-92 27.5 3.25376
-91.5 27.5 3.251
-91 27.5 3.29586
-90.5 27.5 3.32634
-90 27.5 3.30599
-89.5 27.5 3.19059
-89 27.5 3.11827
-88.5 27.5 3.11297
-88 27.5 3.24514
-87.5 27.5 3.32622
-87 27.5 3.33641
-86.5 27.5 3.23929
-86 27.5 3.20326
-85.5 27.5 3.21123
-85 27.5 3.24665
-84.5 27.5 3.25808
-84 27.5 3.25307
-83.5 27.5 3.24208
-83 27.5 3.23931
-82.5 27.5 3.23971
-82 27.5 3.23223
-81.5 27.5 3.21392
-81 27.5 3.19524
-119 28 3.29781
-118.5 28 3.27942
-118 28 3.25476
-117.5 28 3.24041
-117 28 3.23788
-116.5 28 3.24606
-116 28 3.25295
-115.5 28 3.25638
-115 28 3.25282
-114.5 28 3.24836
-114 28 3.24427
-113.5 28 3.24376
-113 28 3.25016
-112.5 28 3.25749
-112 28 3.25511
-111.5 28 3.24813
-111 28 3.24078
-110.5 28 3.23816
-110 28 3.24358
-109.5 28 3.25189
-109 28 3.25645
-108.5 28 3.25478
-108 28 3.25302
-107.5 28 3.25182
-107 28 3.2461
-106.5 28 3.24116
-106 28 3.23706
-105.5 28 3.23626
-105 28 3.23727
-104.5 28 3.2404
-104 28 3.24742
-103.5 28 3.25473
-103 28 3.25109
-102.5 28 3.24822
-102 28 3.2459
-101.5 28 3.24483
-101 28 3.2299
-100.5 28 3.18641
-100 28 3.08683
-99.5 28 2.94641
-99 28 2.77804
-98.5 28 2.64537
-98 28 2.53719
-97.5 28 2.4934
-97 28 2.6954
-96.5 28 3.00178
-96 28 3.30026
-95.5 28 3.23171
-95 28 3.09451
-94.5 28 3.01817
-94 28 3.11635
-93.5 28 3.23938
-93 28 3.29487
-92.5 28 3.26814
-92 28 3.23025
-91.5 28 3.21898
-91 28 3.24032
-90.5 28 3.27056
-90 28 3.29059
-89.5 28 3.22206
-89 28 3.14717
-88.5 28 3.1175
-88 28 3.20353
-87.5 28 3.29324
-87 28 3.31536
-86.5 28 3.26906
-86 28 3.23376
-85.5 28 3.23086
-85 28 3.2466
-84.5 28 3.2546
-84 28 3.24829
-83.5 28 3.24003
-83 28 3.24
-82.5 28 3.25381
-82 28 3.25837
-81.5 28 3.25055
-81 28 3.23027
-119 28.5 3.29562
-118.5 28.5 3.26759
-118 28.5 3.24465
-117.5 28.5 3.2392
-117 28.5 3.24696
-116.5 28.5 3.25715
-116 28.5 3.25932
-115.5 28.5 3.25496
-115 28.5 3.2488
-114.5 28.5 3.24671
-114 28.5 3.2445
-113.5 28.5 3.24665
-113 28.5 3.25289
-112.5 28.5 3.25348
-112 28.5 3.24767
-111.5 28.5 3.24262
-111 28.5 3.23929
-110.5 28.5 3.24361
-110 28.5 3.25358
-109.5 28.5 3.26347
-109 28.5 3.2634
-108.5 28.5 3.25634
-108 28.5 3.25425
-107.5 28.5 3.2511
-107 28.5 3.24263
-106.5 28.5 3.23554
-106 28.5 3.23518
-105.5 28.5 3.23771
-105 28.5 3.23792
-104.5 28.5 3.2359
-104 28.5 3.23562
-103.5 28.5 3.23359
-103 28.5 3.23322
-102.5 28.5 3.23719
-102 28.5 3.24168
-101.5 28.5 3.23915
-101 28.5 3.22209
-100.5 28.5 3.18366
-100 28.5 3.11976
-99.5 28.5 3.03214
-99 28.5 2.92093
-98.5 28.5 2.80628
-98 28.5 2.72897
-97.5 28.5 2.68422
-97 28.5 2.71481
-96.5 28.5 2.83255
-96 28.5 3.00668
-95.5 28.5 3.10519
-95 28.5 3.09667
-94.5 28.5 3.07757
-94 28.5 3.1138
-93.5 28.5 3.19727
-93 28.5 3.23889
-92.5 28.5 3.21228
-92 28.5 3.17301
-91.5 28.5 3.14722
-91 28.5 3.14545
-90.5 28.5 3.15927
-90 28.5 3.20062
-89.5 28.5 3.20789
-89 28.5 3.17531
-88.5 28.5 3.159
-88 28.5 3.20628
-87.5 28.5 3.28529
-87 28.5 3.31445
-86.5 28.5 3.28053
-86 28.5 3.25027
-85.5 28.5 3.24178
-85 28.5 3.2503
-84.5 28.5 3.25586
-84 28.5 3.25017
-83.5 28.5 3.23645
-83 28.5 3.2313
-82.5 28.5 3.24957
-82 28.5 3.28007
-81.5 28.5 3.298
-81 28.5 3.29163
-119 29 3.28602
-118.5 29 3.25986
-118 29 3.24913
-117.5 29 3.24911
-117 29 3.25659
-116.5 29 3.25943
-116 29 3.25644
-115.5 29 3.24937
-115 29 3.24402
-114.5 29 3.24266
-114 29 3.2436
-113.5 29 3.24994
-113 29 3.25365
-112.5 29 3.25001
-112 29 3.24084
-111.5 29 3.2365
-111 29 3.2388
-110.5 29 3.25343
-110 29 3.26758
-109.5 29 3.27363
-109 29 3.26112
-108.5 29 3.25063
-108 29 3.24886
-107.5 29 3.24501
-107 29 3.23623
-106.5 29 3.22842
-106 29 3.23465
-105.5 29 3.23924
-105 29 3.23668
-104.5 29 3.22666
-104 29 3.21744
-103.5 29 3.21028
-103 29 3.21625
-102.5 29 3.22694
-102 29 3.2366
-101.5 29 3.23394
-101 29 3.22203
-100.5 29 3.20169
-100 29 3.18514
-99.5 29 3.16247
-99 29 3.12544
-98.5 29 3.03078
-98 29 2.96837
-97.5 29 2.92905
-97 29 2.81972
-96.5 29 2.78018
-96 29 2.79799
-95.5 29 2.9277
-95 29 3.01898
-94.5 29 3.08133
-94 29 3.09867
-93.5 29 3.14297
-93 29 3.18264
-92.5 29 3.14892
-92 29 3.09542
-91.5 29 3.05256
-91 29 3.03799
-90.5 29 3.0529
-90 29 3.09574
-89.5 29 3.14228
-89 29 3.15628
-88.5 29 3.16912
-88 29 3.20349
-87.5 29 3.26809
-87 29 3.3168
-86.5 29 3.29301
-86 29 3.25863
-85.5 29 3.23843
-85 29 3.23812
-84.5 29 3.2444
-84 29 3.25079
-83.5 29 3.2411
-83 29 3.23203
-82.5 29 3.23622
-82 29 3.27254
-81.5 29 3.31237
-81 29 3.34282
-119 29.5 3.28726
-118.5 29.5 3.26795
-118 29.5 3.26211
-117.5 29.5 3.25819
-117 29.5 3.25696
-116.5 29.5 3.2536
-116 29.5 3.2495
-115.5 29.5 3.24484
-115 29.5 3.24014
-114.5 29.5 3.24145
-114 29.5 3.24647
-113.5 29.5 3.25431
-113 29.5 3.25679
-112.5 29.5 3.25079
-112 29.5 3.23678
-111.5 29.5 3.23381
-111 29.5 3.24136
-110.5 29.5 3.26271
-110 29.5 3.27285
-109.5 29.5 3.26733
-109 29.5 3.2411
-108.5 29.5 3.23267
-108 29.5 3.23543
-107.5 29.5 3.24136
-107 29.5 3.23601
-106.5 29.5 3.22985
-106 29.5 3.24288
-105.5 29.5 3.24423
-105 29.5 3.2369
-104.5 29.5 3.21595
-104 29.5 3.2039
-103.5 29.5 3.19926
-103 29.5 3.20395
-102.5 29.5 3.21395
-102 29.5 3.22443
-101.5 29.5 3.22551
-101 29.5 3.22727
-100.5 29.5 3.23337
-100 29.5 3.2443
-99.5 29.5 3.25614
-99 29.5 3.25041
-98.5 29.5 3.18907
-98 29.5 3.11916
-97.5 29.5 3.0321
-97 29.5 2.90578
-96.5 29.5 2.81766
-96 29.5 2.78751
-95.5 29.5 2.85226
-95 29.5 2.92673
-94.5 29.5 2.98543
-94 29.5 3.0018
-93.5 29.5 3.02465
-93 29.5 3.07134
-92.5 29.5 3.04413
-92 29.5 2.99031
-91.5 29.5 2.94333
-91 29.5 2.9258
-90.5 29.5 2.94882
-90 29.5 3.02428
-89.5 29.5 3.08076
-89 29.5 3.11129
-88.5 29.5 3.12293
-88 29.5 3.15638
-87.5 29.5 3.21038
-87 29.5 3.27233
-86.5 29.5 3.26822
-86 29.5 3.23882
-85.5 29.5 3.21856
-85 29.5 3.21
-84.5 29.5 3.21567
-84 29.5 3.23721
-83.5 29.5 3.24271
-83 29.5 3.23901
-82.5 29.5 3.23279
-82 29.5 3.25696
-81.5 29.5 3.29965
-81 29.5 3.35182
-119 30 3.29968
-118.5 30 3.28788
-118 30 3.27798
-117.5 30 3.26171
-117 30 3.24906
-116.5 30 3.24251
-116 30 3.24102
-115.5 30 3.2372
-115 30 3.23745
-114.5 30 3.2448
-114 30 3.25424
-113.5 30 3.25985
-113 30 3.25791
-112.5 30 3.2426
-112 30 3.2308
-111.5 30 3.23538
-111 30 3.25478
-110.5 30 3.26683
-110 30 3.25722
-109.5 30 3.22556
-109 30 3.20474
-108.5 30 3.2159
-108 30 3.23858
-107.5 30 3.25122
-107 30 3.24996
-106.5 30 3.26087
-106 30 3.26306
-105.5 30 3.24317
-105 30 3.21507
-104.5 30 3.19557
-104 30 3.19057
-103.5 30 3.18979
-103 30 3.19181
-102.5 30 3.19638
-102 30 3.20102
-101.5 30 3.20905
-101 30 3.22267
-100.5 30 3.24238
-100 30 3.27146
-99.5 30 3.29705
-99 30 3.30225
-98.5 30 3.26856
-98 30 3.20229
-97.5 30 3.10349
-97 30 2.983
-96.5 30 2.89097
-96 30 2.83819
-95.5 30 2.83429
-95 30 2.85322
-94.5 30 2.87087
-94 30 2.86892
-93.5 30 2.85231
-93 30 2.87351
-92.5 30 2.8931
-92 30 2.86558
-91.5 30 2.83148
-91 30 2.81447
-90.5 30 2.82877
-90 30 2.90524
-89.5 30 3.0036
-89 30 3.06614
-88.5 30 3.09095
-88 30 3.09807
-87.5 30 3.12287
-87 30 3.17388
-86.5 30 3.20571
-86 30 3.18742
-85.5 30 3.16902
-85 30 3.16532
-84.5 30 3.16873
-84 30 3.19918
-83.5 30 3.23621
-83 30 3.25178
-82.5 30 3.24458
-82 30 3.2432
-81.5 30 3.27335
-81 30 3.33164
-119 30.5 3.32282
-118.5 30.5 3.30477
-118 30.5 3.2776
-117.5 30.5 3.25179
-117 30.5 3.23659
-116.5 30.5 3.23504
-116 30.5 3.23557
-115.5 30.5 3.23653
-115 30.5 3.24811
-114.5 30.5 3.25823
-114 30.5 3.26333
-113.5 30.5 3.25704
-113 30.5 3.24741
-112.5 30.5 3.23565
-112 30.5 3.23978
-111.5 30.5 3.25138
-111 30.5 3.26107
-110.5 30.5 3.24113
-110 30.5 3.21204
-109.5 30.5 3.182
-109 30.5 3.19124
-108.5 30.5 3.21788
-108 30.5 3.24707
-107.5 30.5 3.25355
-107 30.5 3.26078
-106.5 30.5 3.27742
-106 30.5 3.26008
-105.5 30.5 3.22719
-105 30.5 3.19183
-104.5 30.5 3.18521
-104 30.5 3.18659
-103.5 30.5 3.18713
-103 30.5 3.1844
-102.5 30.5 3.18194
-102 30.5 3.18178
-101.5 30.5 3.19606
-101 30.5 3.2149
-100.5 30.5 3.23778
-100 30.5 3.2761
-99.5 30.5 3.30786
-99 30.5 3.31753
-98.5 30.5 3.2981
-98 30.5 3.24054
-97.5 30.5 3.15037
-97 30.5 3.04435
-96.5 30.5 2.95842
-96 30.5 2.90171
-95.5 30.5 2.85637
-95 30.5 2.82829
-94.5 30.5 2.80251
-94 30.5 2.78017
-93.5 30.5 2.74463
-93 30.5 2.71826
-92.5 30.5 2.75075
-92 30.5 2.75931
-91.5 30.5 2.74771
-91 30.5 2.74363
-90.5 30.5 2.75957
-90 30.5 2.80951
-89.5 30.5 2.91693
-89 30.5 3.00865
-88.5 30.5 3.0663
-88 30.5 3.07314
-87.5 30.5 3.08094
-87 30.5 3.10233
-86.5 30.5 3.14342
-86 30.5 3.14659
-85.5 30.5 3.12805
-85 30.5 3.13167
-84.5 30.5 3.14381
-84 30.5 3.16813
-83.5 30.5 3.21467
-83 30.5 3.24625
-82.5 30.5 3.25581
-82 30.5 3.25217
-81.5 30.5 3.27138
-81 30.5 3.315
-119 31 3.33857
-118.5 31 3.30799
-118 31 3.26686
-117.5 31 3.23948
-117 31 3.23271
-116.5 31 3.24334
-116 31 3.2447
-115.5 31 3.25032
-115 31 3.2688
-114.5 31 3.27338
-114 31 3.26645
-113.5 31 3.24843
-113 31 3.24015
-112.5 31 3.23941
-112 31 3.25097
-111.5 31 3.25797
-111 31 3.24664
-110.5 31 3.20473
-110 31 3.17609
-109.5 31 3.16626
-109 31 3.19184
-108.5 31 3.21702
-108 31 3.23223
-107.5 31 3.22348
-107 31 3.23147
-106.5 31 3.24496
-106 31 3.23497
-105.5 31 3.21447
-105 31 3.19364
-104.5 31 3.19526
-104 31 3.19724
-103.5 31 3.19599
-103 31 3.18756
-102.5 31 3.18253
-102 31 3.18295
-101.5 31 3.19923
-101 31 3.21753
-100.5 31 3.23827
-100 31 3.27572
-99.5 31 3.30842
-99 31 3.32903
-98.5 31 3.30726
-98 31 3.25446
-97.5 31 3.16936
-97 31 3.08178
-96.5 31 3.00476
-96 31 2.9476
-95.5 31 2.89384
-95 31 2.84953
-94.5 31 2.80808
-94 31 2.77584
-93.5 31 2.73828
-93 31 2.70056
-92.5 31 2.71697
-92 31 2.73239
-91.5 31 2.72525
-91 31 2.73282
-90.5 31 2.75671
-90 31 2.80212
-89.5 31 2.88754
-89 31 2.97368
-88.5 31 3.03891
-88 31 3.0656
-87.5 31 3.08358
-87 31 3.11376
-86.5 31 3.1532
-86 31 3.16769
-85.5 31 3.14172
-85 31 3.14449
-84.5 31 3.1626
-84 31 3.18148
-83.5 31 3.21708
-83 31 3.24709
-82.5 31 3.25727
-82 31 3.26067
-81.5 31 3.27949
-81 31 3.31991
-119 31.5 3.34575
-118.5 31.5 3.30074
-118 31.5 3.25597
-117.5 31.5 3.23775
-117 31.5 3.25378
-116.5 31.5 3.27106
-116 31.5 3.26487
-115.5 31.5 3.2796
-115 31.5 3.29181
-114.5 31.5 3.27827
-114 31.5 3.25126
-113.5 31.5 3.23379
-113 31.5 3.23642
-112.5 31.5 3.24782
-112 31.5 3.25682
-111.5 31.5 3.24977
-111 31.5 3.20728
-110.5 31.5 3.16346
-110 31.5 3.15438
-109.5 31.5 3.17477
-109 31.5 3.19835
-108.5 31.5 3.19977
-108 31.5 3.17658
-107.5 31.5 3.1619
-107 31.5 3.17889
-106.5 31.5 3.19495
-106 31.5 3.20501
-105.5 31.5 3.21153
-105 31.5 3.219
-104.5 31.5 3.22214
-104 31.5 3.2158
-103.5 31.5 3.2052
-103 31.5 3.19686
-102.5 31.5 3.19716
-102 31.5 3.20616
-101.5 31.5 3.21885
-101 31.5 3.23316
-100.5 31.5 3.25218
-100 31.5 3.27097
-99.5 31.5 3.28532
-99 31.5 3.29493
-98.5 31.5 3.29128
-98 31.5 3.26077
-97.5 31.5 3.19639
-97 31.5 3.11196
-96.5 31.5 3.03758
-96 31.5 2.98252
-95.5 31.5 2.94
-95 31.5 2.90383
-94.5 31.5 2.87061
-94 31.5 2.84196
-93.5 31.5 2.82107
-93 31.5 2.79037
-92.5 31.5 2.7794
-92 31.5 2.79724
-91.5 31.5 2.79524
-91 31.5 2.78936
-90.5 31.5 2.81287
-90 31.5 2.84994
-89.5 31.5 2.90682
-89 31.5 2.97464
-88.5 31.5 3.03715
-88 31.5 3.08123
-87.5 31.5 3.11175
-87 31.5 3.15405
-86.5 31.5 3.21352
-86 31.5 3.26089
-85.5 31.5 3.24377
-85 31.5 3.21166
-84.5 31.5 3.22962
-84 31.5 3.23998
-83.5 31.5 3.24982
-83 31.5 3.27123
-82.5 31.5 3.27658
-82 31.5 3.27573
-81.5 31.5 3.29049
-81 31.5 3.32627
-119 32 3.33873
-118.5 32 3.29828
-118 32 3.26899
-117.5 32 3.26252
-117 32 3.27778
-116.5 32 3.28304
-116 32 3.28253
-115.5 32 3.28823
-115 32 3.27347
-114.5 32 3.2506
-114 32 3.23145
-113.5 32 3.2379
-113 32 3.24832
-112.5 32 3.2547
-112 32 3.24488
-111.5 32 3.21944
-111 32 3.17757
-110.5 32 3.16192
-110 32 3.16835
-109.5 32 3.18706
-109 32 3.17933
-108.5 32 3.15454
-108 32 3.12028
-107.5 32 3.11956
-107 32 3.13645
-106.5 32 3.15835
-106 32 3.19316
-105.5 32 3.22413
-105 32 3.2479
-104.5 32 3.24425
-104 32 3.23113
-103.5 32 3.21603
-103 32 3.2115
-102.5 32 3.21716
-102 32 3.23084
-101.5 32 3.23625
-101 32 3.2455
-100.5 32 3.25839
-100 32 3.25964
-99.5 32 3.25806
-99 32 3.25474
-98.5 32 3.26414
-98 32 3.2537
-97.5 32 3.21465
-97 32 3.13967
-96.5 32 3.06829
-96 32 3.01297
-95.5 32 2.98002
-95 32 2.95921
-94.5 32 2.94831
-94 32 2.93119
-93.5 32 2.92171
-93 32 2.9112
-92.5 32 2.88824
-92 32 2.89416
-91.5 32 2.90603
-91 32 2.8933
-90.5 32 2.90123
-90 32 2.9282
-89.5 32 2.96558
-89 32 3.01631
-88.5 32 3.07013
-88 32 3.12149
-87.5 32 3.16109
-87 32 3.19963
-86.5 32 3.26268
-86 32 3.32416
-85.5 32 3.34813
-85 32 3.31527
-84.5 32 3.30944
-84 32 3.31327
-83.5 32 3.30811
-83 32 3.31042
-82.5 32 3.31025
-82 32 3.3067
-81.5 32 3.31521
-81 32 3.33852
-119 32.5 3.33363
-118.5 32.5 3.30149
-118 32.5 3.2779
-117.5 32.5 3.27229
-117 32.5 3.27366
-116.5 32.5 3.26819
-116 32.5 3.26987
-115.5 32.5 3.26203
-115 32.5 3.23426
-114.5 32.5 3.21984
-114 32.5 3.22721
-113.5 32.5 3.25875
-113 32.5 3.26655
-112.5 32.5 3.25756
-112 32.5 3.23458
-111.5 32.5 3.20719
-111 32.5 3.18313
-110.5 32.5 3.18098
-110 32.5 3.18795
-109.5 32.5 3.18675
-109 32.5 3.15717
-108.5 32.5 3.12736
-108 32.5 3.10453
-107.5 32.5 3.10987
-107 32.5 3.12393
-106.5 32.5 3.15174
-106 32.5 3.20066
-105.5 32.5 3.23765
-105 32.5 3.25914
-104.5 32.5 3.25212
-104 32.5 3.24036
-103.5 32.5 3.22917
-103 32.5 3.22077
-102.5 32.5 3.22386
-102 32.5 3.23363
-101.5 32.5 3.23543
-101 32.5 3.23951
-100.5 32.5 3.24179
-100 32.5 3.24217
-99.5 32.5 3.24023
-99 32.5 3.24499
-98.5 32.5 3.24602
-98 32.5 3.23779
-97.5 32.5 3.20575
-97 32.5 3.15008
-96.5 32.5 3.0899
-96 32.5 3.04181
-95.5 32.5 3.00963
-95 32.5 2.99562
-94.5 32.5 3.00232
-94 32.5 3.00004
-93.5 32.5 2.99686
-93 32.5 2.98426
-92.5 32.5 2.96719
-92 32.5 2.96729
-91.5 32.5 2.98602
-91 32.5 2.98379
-90.5 32.5 2.98724
-90 32.5 3.00554
-89.5 32.5 3.03688
-89 32.5 3.08189
-88.5 32.5 3.13568
-88 32.5 3.18996
-87.5 32.5 3.23145
-87 32.5 3.24898
-86.5 32.5 3.28886
-86 32.5 3.33794
-85.5 32.5 3.37518
-85 32.5 3.36918
-84.5 32.5 3.35922
-84 32.5 3.35974
-83.5 32.5 3.35329
-83 32.5 3.34581
-82.5 32.5 3.34082
-82 32.5 3.3381
-81.5 32.5 3.34377
-81 32.5 3.35915
-119 33 3.32334
-118.5 33 3.29132
-118 33 3.26646
-117.5 33 3.25792
-117 33 3.24014
-116.5 33 3.23054
-116 33 3.242
-115.5 33 3.22163
-115 33 3.19672
-114.5 33 3.20436
-114 33 3.25488
-113.5 33 3.2965
-113 33 3.28407
-112.5 33 3.25615
-112 33 3.22681
-111.5 33 3.20617
-111 33 3.20072
-110.5 33 3.2081
-110 33 3.20943
-109.5 33 3.18148
-109 33 3.14349
-108.5 33 3.12309
-108 33 3.12253
-107.5 33 3.12994
-107 33 3.13856
-106.5 33 3.17918
-106 33 3.22695
-105.5 33 3.25119
-105 33 3.25316
-104.5 33 3.24542
-104 33 3.23861
-103.5 33 3.22516
-103 33 3.21511
-102.5 33 3.21448
-102 33 3.21606
-101.5 33 3.22122
-101 33 3.22946
-100.5 33 3.23288
-100 33 3.22655
-99.5 33 3.21718
-99 33 3.21562
-98.5 33 3.22278
-98 33 3.22184
-97.5 33 3.19971
-97 33 3.1535
-96.5 33 3.10004
-96 33 3.05452
-95.5 33 3.02281
-95 33 3.00354
-94.5 33 3.01261
-94 33 3.03655
-93.5 33 3.04987
-93 33 3.04457
-92.5 33 3.02186
-92 33 3.00766
-91.5 33 3.02263
-91 33 3.04652
-90.5 33 3.05789
-90 33 3.07806
-89.5 33 3.11043
-89 33 3.15478
-88.5 33 3.20985
-88 33 3.2713
-87.5 33 3.32373
-87 33 3.32333
-86.5 33 3.30774
-86 33 3.32741
-85.5 33 3.36408
-85 33 3.38394
-84.5 33 3.37271
-84 33 3.37435
-83.5 33 3.37744
-83 33 3.36679
-82.5 33 3.36074
-82 33 3.36162
-81.5 33 3.36863
-81 33 3.38024
-119 33.5 3.30273
-118.5 33.5 3.2676
-118 33.5 3.23605
-117.5 33.5 3.21548
-117 33.5 3.19994
-116.5 33.5 3.20385
-116 33.5 3.21231
-115.5 33.5 3.20608
-115 33.5 3.21436
-114.5 33.5 3.24127
-114 33.5 3.28382
-113.5 33.5 3.29079
-113 33.5 3.27126
-112.5 33.5 3.24445
-112 33.5 3.22361
-111.5 33.5 3.21384
-111 33.5 3.21958
-110.5 33.5 3.23094
-110 33.5 3.2247
-109.5 33.5 3.19272
-109 33.5 3.16513
-108.5 33.5 3.15199
-108 33.5 3.15301
-107.5 33.5 3.14929
-107 33.5 3.1618
-106.5 33.5 3.20396
-106 33.5 3.24077
-105.5 33.5 3.25358
-105 33.5 3.2475
-104.5 33.5 3.24354
-104 33.5 3.23506
-103.5 33.5 3.21995
-103 33.5 3.20861
-102.5 33.5 3.20171
-102 33.5 3.19832
-101.5 33.5 3.20929
-101 33.5 3.22031
-100.5 33.5 3.22496
-100 33.5 3.21189
-99.5 33.5 3.19473
-99 33.5 3.18498
-98.5 33.5 3.19594
-98 33.5 3.20265
-97.5 33.5 3.19426
-97 33.5 3.15708
-96.5 33.5 3.11047
-96 33.5 3.0676
-95.5 33.5 3.03851
-95 33.5 3.01736
-94.5 33.5 3.01193
-94 33.5 3.04437
-93.5 33.5 3.0773
-93 33.5 3.09859
-92.5 33.5 3.08526
-92 33.5 3.06441
-91.5 33.5 3.05524
-91 33.5 3.08406
-90.5 33.5 3.11291
-90 33.5 3.14355
-89.5 33.5 3.18145
-89 33.5 3.22567
-88.5 33.5 3.27315
-88 33.5 3.32732
-87.5 33.5 3.37355
-87 33.5 3.38556
-86.5 33.5 3.35651
-86 33.5 3.34857
-85.5 33.5 3.36077
-85 33.5 3.37905
-84.5 33.5 3.37751
-84 33.5 3.37361
-83.5 33.5 3.37616
-83 33.5 3.37162
-82.5 33.5 3.36733
-82 33.5 3.37005
-81.5 33.5 3.37969
-81 33.5 3.39443
-119 34 3.28078
-118.5 34 3.24175
-118 34 3.20306
-117.5 34 3.18069
-117 34 3.18026
-116.5 34 3.19972
-116 34 3.21134
-115.5 34 3.22276
-115 34 3.24788
-114.5 34 3.27266
-114 34 3.28056
-113.5 34 3.25704
-113 34 3.24213
-112.5 34 3.23042
-112 34 3.22336
-111.5 34 3.22283
-111 34 3.23882
-110.5 34 3.26314
-110 34 3.25649
-109.5 34 3.22724
-109 34 3.19743
-108.5 34 3.18184
-108 34 3.16968
-107.5 34 3.15371
-107 34 3.165
-106.5 34 3.20391
-106 34 3.24738
-105.5 34 3.26191
-105 34 3.25827
-104.5 34 3.25284
-104 34 3.24336
-103.5 34 3.22842
-103 34 3.21018
-102.5 34 3.20021
-102 34 3.19592
-101.5 34 3.20209
-101 34 3.2065
-100.5 34 3.20399
-100 34 3.18932
-99.5 34 3.1734
-99 34 3.16864
-98.5 34 3.17117
-98 34 3.17766
-97.5 34 3.18152
-97 34 3.15861
-96.5 34 3.12674
-96 34 3.09622
-95.5 34 3.07474
-95 34 3.0572
-94.5 34 3.04074
-94 34 3.05964
-93.5 34 3.09543
-93 34 3.14316
-92.5 34 3.15559
-92 34 3.14457
-91.5 34 3.12404
-91 34 3.14059
-90.5 34 3.17417
-90 34 3.20934
-89.5 34 3.25028
-89 34 3.29183
-88.5 34 3.32215
-88 34 3.35579
-87.5 34 3.38605
-87 34 3.40081
-86.5 34 3.38684
-86 34 3.37423
-85.5 34 3.3779
-85 34 3.38698
-84.5 34 3.38595
-84 34 3.37744
-83.5 34 3.37333
-83 34 3.37037
-82.5 34 3.36634
-82 34 3.36879
-81.5 34 3.37986
-81 34 3.39788
-119 34.5 3.26098
-118.5 34.5 3.21804
-118 34.5 3.17793
-117.5 34.5 3.16029
-117 34.5 3.18339
-116.5 34.5 3.21491
-116 34.5 3.22223
-115.5 34.5 3.24431
-115 34.5 3.27266
-114.5 34.5 3.28439
-114 34.5 3.24867
-113.5 34.5 3.21176
-113 34.5 3.21701
-112.5 34.5 3.22651
-112 34.5 3.23265
-111.5 34.5 3.23865
-111 34.5 3.27644
-110.5 34.5 3.30528
-110 34.5 3.28803
-109.5 34.5 3.25162
-109 34.5 3.22154
-108.5 34.5 3.20526
-108 34.5 3.17276
-107.5 34.5 3.14851
-107 34.5 3.16468
-106.5 34.5 3.21801
-106 34.5 3.2644
-105.5 34.5 3.27224
-105 34.5 3.27057
-104.5 34.5 3.26551
-104 34.5 3.25292
-103.5 34.5 3.23227
-103 34.5 3.21451
-102.5 34.5 3.20567
-102 34.5 3.20091
-101.5 34.5 3.19732
-101 34.5 3.19184
-100.5 34.5 3.18068
-100 34.5 3.16255
-99.5 34.5 3.14549
-99 34.5 3.13729
-98.5 34.5 3.14057
-98 34.5 3.14519
-97.5 34.5 3.1534
-97 34.5 3.15829
-96.5 34.5 3.15051
-96 34.5 3.13858
-95.5 34.5 3.13184
-95 34.5 3.129
-94.5 34.5 3.109
-94 34.5 3.09291
-93.5 34.5 3.10845
-93 34.5 3.16347
-92.5 34.5 3.22183
-92 34.5 3.24084
-91.5 34.5 3.22369
-91 34.5 3.21413
-90.5 34.5 3.24645
-90 34.5 3.28164
-89.5 34.5 3.31734
-89 34.5 3.35723
-88.5 34.5 3.37122
-88 34.5 3.37268
-87.5 34.5 3.38335
-87 34.5 3.39822
-86.5 34.5 3.40095
-86 34.5 3.38808
-85.5 34.5 3.3886
-85 34.5 3.39634
-84.5 34.5 3.39508
-84 34.5 3.38238
-83.5 34.5 3.37041
-83 34.5 3.36834
-82.5 34.5 3.36357
-82 34.5 3.36246
-81.5 34.5 3.37295
-81 34.5 3.39328
-119 35 3.24186
-118.5 35 3.20522
-118 35 3.17587
-117.5 35 3.16878
-117 35 3.19089
-116.5 35 3.21411
-116 35 3.22721
-115.5 35 3.24371
-115 35 3.25267
-114.5 35 3.24667
-114 35 3.22027
-113.5 35 3.21533
-113 35 3.22863
-112.5 35 3.24398
-112 35 3.25623
-111.5 35 3.27274
-111 35 3.30271
-110.5 35 3.30762
-110 35 3.28855
-109.5 35 3.26113
-109 35 3.24292
-108.5 35 3.22108
-108 35 3.185
-107.5 35 3.1674
-107 35 3.18401
-106.5 35 3.22921
-106 35 3.25498
-105.5 35 3.26539
-105 35 3.26948
-104.5 35 3.26947
-104 35 3.26029
-103.5 35 3.23976
-103 35 3.22158
-102.5 35 3.20958
-102 35 3.20482
-101.5 35 3.19225
-101 35 3.18002
-100.5 35 3.16555
-100 35 3.14891
-99.5 35 3.13233
-99 35 3.12021
-98.5 35 3.12581
-98 35 3.13268
-97.5 35 3.14182
-97 35 3.167
-96.5 35 3.18199
-96 35 3.18627
-95.5 35 3.19189
-95 35 3.198
-94.5 35 3.19194
-94 35 3.16641
-93.5 35 3.16316
-93 35 3.18953
-92.5 35 3.25134
-92 35 3.2926
-91.5 35 3.30393
-91 35 3.29377
-90.5 35 3.31095
-90 35 3.34234
-89.5 35 3.37035
-89 35 3.39771
-88.5 35 3.41167
-88 35 3.40469
-87.5 35 3.39999
-87 35 3.40022
-86.5 35 3.40226
-86 35 3.39445
-85.5 35 3.38878
-85 35 3.3901
-84.5 35 3.38822
-84 35 3.37966
-83.5 35 3.368
-83 35 3.36263
-82.5 35 3.35975
-82 35 3.36008
-81.5 35 3.36941
-81 35 3.38676
-119 35.5 3.23032
-118.5 35.5 3.20092
-118 35.5 3.17746
-117.5 35.5 3.17189
-117 35.5 3.18577
-116.5 35.5 3.20422
-116 35.5 3.21661
-115.5 35.5 3.2238
-115 35.5 3.22289
-114.5 35.5 3.21792
-114 35.5 3.22153
-113.5 35.5 3.24473
-113 35.5 3.25879
-112.5 35.5 3.26771
-112 35.5 3.27598
-111.5 35.5 3.28935
-111 35.5 3.29825
-110.5 35.5 3.28857
-110 35.5 3.2772
-109.5 35.5 3.27095
-109 35.5 3.27126
-108.5 35.5 3.24944
-108 35.5 3.2116
-107.5 35.5 3.18396
-107 35.5 3.18911
-106.5 35.5 3.20958
-106 35.5 3.22211
-105.5 35.5 3.23739
-105 35.5 3.25485
-104.5 35.5 3.27697
-104 35.5 3.27501
-103.5 35.5 3.25325
-103 35.5 3.2257
-102.5 35.5 3.21152
-102 35.5 3.20616
-101.5 35.5 3.19051
-101 35.5 3.18064
-100.5 35.5 3.1692
-100 35.5 3.15818
-99.5 35.5 3.1459
-99 35.5 3.13766
-98.5 35.5 3.14276
-98 35.5 3.15442
-97.5 35.5 3.17267
-97 35.5 3.20454
-96.5 35.5 3.23034
-96 35.5 3.23724
-95.5 35.5 3.24691
-95 35.5 3.2558
-94.5 35.5 3.25648
-94 35.5 3.24486
-93.5 35.5 3.2408
-93 35.5 3.24787
-92.5 35.5 3.28306
-92 35.5 3.31699
-91.5 35.5 3.33335
-91 35.5 3.33338
-90.5 35.5 3.34377
-90 35.5 3.37193
-89.5 35.5 3.39538
-89 35.5 3.41169
-88.5 35.5 3.42785
-88 35.5 3.42752
-87.5 35.5 3.41835
-87 35.5 3.41114
-86.5 35.5 3.40668
-86 35.5 3.39856
-85.5 35.5 3.38617
-85 35.5 3.3788
-84.5 35.5 3.3744
-84 35.5 3.3675
-83.5 35.5 3.35861
-83 35.5 3.35318
-82.5 35.5 3.35229
-82 35.5 3.35552
-81.5 35.5 3.3652
-81 35.5 3.38178
-119 36 3.22436
-118.5 36 3.19796
-118 36 3.17554
-117.5 36 3.16846
-117 36 3.17722
-116.5 36 3.19154
-116 36 3.20173
-115.5 36 3.20367
-115 36 3.20038
-114.5 36 3.2015
-114 36 3.24048
-113.5 36 3.28169
-113 36 3.28458
-112.5 36 3.28031
-112 36 3.28117
-111.5 36 3.29059
-111 36 3.28056
-110.5 36 3.26539
-110 36 3.2668
-109.5 36 3.29055
-109 36 3.30235
-108.5 36 3.27187
-108 36 3.21898
-107.5 36 3.1802
-107 36 3.17636
-106.5 36 3.17369
-106 36 3.17715
-105.5 36 3.20493
-105 36 3.25623
-104.5 36 3.29266
-104 36 3.28521
-103.5 36 3.2543
-103 36 3.22526
-102.5 36 3.21286
-102 36 3.19984
-101.5 36 3.19257
-101 36 3.19336
-100.5 36 3.1915
-100 36 3.17759
-99.5 36 3.16762
-99 36 3.16925
-98.5 36 3.1774
-98 36 3.19714
-97.5 36 3.22507
-97 36 3.2605
-96.5 36 3.29701
-96 36 3.30678
-95.5 36 3.30027
-95 36 3.30658
-94.5 36 3.31472
-94 36 3.31898
-93.5 36 3.32358
-93 36 3.31654
-92.5 36 3.31573
-92 36 3.33329
-91.5 36 3.34576
-91 36 3.34758
-90.5 36 3.34873
-90 36 3.37276
-89.5 36 3.3978
-89 36 3.40235
-88.5 36 3.42089
-88 36 3.43493
-87.5 36 3.42503
-87 36 3.41396
-86.5 36 3.40644
-86 36 3.39945
-85.5 36 3.38287
-85 36 3.3667
-84.5 36 3.36059
-84 36 3.354
-83.5 36 3.34675
-83 36 3.34205
-82.5 36 3.34324
-82 36 3.34891
-81.5 36 3.35877
-81 36 3.37552
-119 36.5 3.21949
-118.5 36.5 3.19475
-118 36.5 3.17266
-117.5 36.5 3.16316
-117 36.5 3.16664
-116.5 36.5 3.17643
-116 36.5 3.18628
-115.5 36.5 3.19325
-115 36.5 3.20078
-114.5 36.5 3.21584
-114 36.5 3.24894
-113.5 36.5 3.27071
-113 36.5 3.27275
-112.5 36.5 3.2684
-112 36.5 3.26854
-111.5 36.5 3.27284
-111 36.5 3.26916
-110.5 36.5 3.27165
-110 36.5 3.28447
-109.5 36.5 3.30224
-109 36.5 3.29331
-108.5 36.5 3.25791
-108 36.5 3.20705
-107.5 36.5 3.169
-107 36.5 3.15441
-106.5 36.5 3.1468
-106 36.5 3.1605
-105.5 36.5 3.20229
-105 36.5 3.25878
-104.5 36.5 3.28641
-104 36.5 3.27996
-103.5 36.5 3.25136
-103 36.5 3.2312
-102.5 36.5 3.21934
-102 36.5 3.20302
-101.5 36.5 3.19262
-101 36.5 3.19132
-100.5 36.5 3.19721
-100 36.5 3.17384
-99.5 36.5 3.17161
-99 36.5 3.19605
-98.5 36.5 3.21289
-98 36.5 3.23979
-97.5 36.5 3.27369
-97 36.5 3.30734
-96.5 36.5 3.34113
-96 36.5 3.36082
-95.5 36.5 3.35051
-95 36.5 3.34854
-94.5 36.5 3.35793
-94 36.5 3.3669
-93.5 36.5 3.37146
-93 36.5 3.36781
-92.5 36.5 3.35532
-92 36.5 3.355
-91.5 36.5 3.35977
-91 36.5 3.36155
-90.5 36.5 3.36153
-90 36.5 3.37118
-89.5 36.5 3.38822
-89 36.5 3.39536
-88.5 36.5 3.40519
-88 36.5 3.41672
-87.5 36.5 3.41242
-87 36.5 3.40111
-86.5 36.5 3.39113
-86 36.5 3.38319
-85.5 36.5 3.37344
-85 36.5 3.36118
-84.5 36.5 3.35265
-84 36.5 3.34436
-83.5 36.5 3.33678
-83 36.5 3.3328
-82.5 36.5 3.33516
-82 36.5 3.34161
-81.5 36.5 3.35191
-81 36.5 3.36866
-119 37 3.21663
-118.5 37 3.19058
-118 37 3.16553
-117.5 37 3.15393
-117 37 3.15446
-116.5 37 3.16243
-116 37 3.17448
-115.5 37 3.18837
-115 37 3.20399
-114.5 37 3.22034
-114 37 3.23348
-113.5 37 3.23717
-113 37 3.23908
-112.5 37 3.24073
-112 37 3.24627
-111.5 37 3.25515
-111 37 3.26578
-110.5 37 3.28172
-110 37 3.2957
-109.5 37 3.2928
-109 37 3.26608
-108.5 37 3.23414
-108 37 3.19411
-107.5 37 3.16124
-107 37 3.14508
-106.5 37 3.1435
-106 37 3.16634
-105.5 37 3.20359
-105 37 3.24499
-104.5 37 3.27281
-104 37 3.27213
-103.5 37 3.25714
-103 37 3.24801
-102.5 37 3.23474
-102 37 3.20515
-101.5 37 3.16131
-101 37 3.14541
-100.5 37 3.15757
-100 37 3.1283
-99.5 37 3.14464
-99 37 3.20279
-98.5 37 3.23242
-98 37 3.26645
-97.5 37 3.29871
-97 37 3.32385
-96.5 37 3.34451
-96 37 3.36641
-95.5 37 3.36464
-95 37 3.36076
-94.5 37 3.37529
-94 37 3.38568
-93.5 37 3.3858
-93 37 3.38379
-92.5 37 3.37458
-92 37 3.36907
-91.5 37 3.37429
-91 37 3.37895
-90.5 37 3.37902
-90 37 3.38074
-89.5 37 3.38774
-89 37 3.39352
-88.5 37 3.39658
-88 37 3.39894
-87.5 37 3.39389
-87 37 3.37925
-86.5 37 3.36525
-86 37 3.35791
-85.5 37 3.35614
-85 37 3.35332
-84.5 37 3.34779
-84 37 3.33958
-83.5 37 3.33113
-83 37 3.32626
-82.5 37 3.32963
-82 37 3.33532
-81.5 37 3.34261
-81 37 3.36091
-119 37.5 3.21403
-118.5 37.5 3.18321
-118 37.5 3.15407
-117.5 37.5 3.14256
-117 37.5 3.14197
-116.5 37.5 3.15036
-116 37.5 3.16541
-115.5 37.5 3.1839
-115 37.5 3.20245
-114.5 37.5 3.21575
-114 37.5 3.20797
-113.5 37.5 3.19575
-113 37.5 3.19938
-112.5 37.5 3.20736
-112 37.5 3.21864
-111.5 37.5 3.23399
-111 37.5 3.25769
-110.5 37.5 3.28306
-110 37.5 3.29615
-109.5 37.5 3.27051
-109 37.5 3.2337
-108.5 37.5 3.21346
-108 37.5 3.1852
-107.5 37.5 3.15864
-107 37.5 3.14667
-106.5 37.5 3.15755
-106 37.5 3.18084
-105.5 37.5 3.20296
-105 37.5 3.23604
-104.5 37.5 3.2584
-104 37.5 3.26014
-103.5 37.5 3.26039
-103 37.5 3.25403
-102.5 37.5 3.22612
-102 37.5 3.15778
-101.5 37.5 3.0977
-101 37.5 3.06506
-100.5 37.5 3.02691
-100 37.5 3.05355
-99.5 37.5 3.09412
-99 37.5 3.14262
-98.5 37.5 3.22095
-98 37.5 3.27138
-97.5 37.5 3.30521
-97 37.5 3.31751
-96.5 37.5 3.31776
-96 37.5 3.33548
-95.5 37.5 3.35024
-95 37.5 3.3401
-94.5 37.5 3.35698
-94 37.5 3.37882
-93.5 37.5 3.37397
-93 37.5 3.37545
-92.5 37.5 3.37609
-92 37.5 3.36883
-91.5 37.5 3.37842
-91 37.5 3.39193
-90.5 37.5 3.39321
-90 37.5 3.38993
-89.5 37.5 3.38936
-89 37.5 3.39359
-88.5 37.5 3.39034
-88 37.5 3.38396
-87.5 37.5 3.37746
-87 37.5 3.35765
-86.5 37.5 3.33709
-86 37.5 3.33024
-85.5 37.5 3.33672
-85 37.5 3.34521
-84.5 37.5 3.34615
-84 37.5 3.34176
-83.5 37.5 3.33365
-83 37.5 3.32556
-82.5 37.5 3.32704
-82 37.5 3.33085
-81.5 37.5 3.33
-81 37.5 3.34929
-119 38 3.20783
-118.5 38 3.17609
-118 38 3.14603
-117.5 38 3.13137
-117 38 3.13212
-116.5 38 3.14371
-116 38 3.15946
-115.5 38 3.17714
-115 38 3.19191
-114.5 38 3.1964
-114 38 3.18441
-113.5 38 3.17134
-113 38 3.16991
-112.5 38 3.17765
-112 38 3.19141
-111.5 38 3.21053
-111 38 3.23844
-110.5 38 3.26437
-110 38 3.27073
-109.5 38 3.25119
-109 38 3.2288
-108.5 38 3.21076
-108 38 3.18896
-107.5 38 3.17026
-107 38 3.16509
-106.5 38 3.17429
-106 38 3.18738
-105.5 38 3.20314
-105 38 3.22083
-104.5 38 3.22959
-104 38 3.23899
-103.5 38 3.24527
-103 38 3.23533
-102.5 38 3.19804
-102 38 3.13686
-101.5 38 3.1007
-101 38 3.07127
-100.5 38 3.02719
-100 38 3.12732
-99.5 38 3.16931
-99 38 3.15553
-98.5 38 3.21195
-98 38 3.25712
-97.5 38 3.30155
-97 38 3.32028
-96.5 38 3.31895
-96 38 3.31734
-95.5 38 3.32691
-95 38 3.32578
-94.5 38 3.33347
-94 38 3.35105
-93.5 38 3.35573
-93 38 3.35952
-92.5 38 3.36494
-92 38 3.36648
-91.5 38 3.37448
-91 38 3.38668
-90.5 38 3.39109
-90 38 3.38952
-89.5 38 3.3866
-89 38 3.38565
-88.5 38 3.38157
-88 38 3.37229
-87.5 38 3.3594
-87 38 3.33939
-86.5 38 3.31981
-86 38 3.31304
-85.5 38 3.32091
-85 38 3.33405
-84.5 38 3.34383
-84 38 3.35184
-83.5 38 3.35317
-83 38 3.34559
-82.5 38 3.33459
-82 38 3.32795
-81.5 38 3.32665
-81 38 3.33843
-119 38.5 3.20771
-118.5 38.5 3.173
-118 38.5 3.13778
-117.5 38.5 3.12179
-117 38.5 3.12614
-116.5 38.5 3.14119
-116 38.5 3.15581
-115.5 38.5 3.17133
-115 38.5 3.18305
-114.5 38.5 3.1827
-114 38.5 3.16958
-113.5 38.5 3.15485
-113 38.5 3.14926
-112.5 38.5 3.15525
-112 38.5 3.16767
-111.5 38.5 3.1825
-111 38.5 3.21272
-110.5 38.5 3.24263
-110 38.5 3.24732
-109.5 38.5 3.24154
-109 38.5 3.23347
-108.5 38.5 3.21857
-108 38.5 3.19966
-107.5 38.5 3.18497
-107 38.5 3.1814
-106.5 38.5 3.18387
-106 38.5 3.1893
-105.5 38.5 3.19827
-105 38.5 3.19768
-104.5 38.5 3.19369
-104 38.5 3.20291
-103.5 38.5 3.21328
-103 38.5 3.21778
-102.5 38.5 3.21797
-102 38.5 3.22418
-101.5 38.5 3.25986
-101 38.5 3.33759
-100.5 38.5 3.52966
-99.5 38.5 3.58322
-99 38.5 3.40876
-98.5 38.5 3.29945
-98 38.5 3.25274
-97.5 38.5 3.29563
-97 38.5 3.34008
-96.5 38.5 3.34933
-96 38.5 3.33608
-95.5 38.5 3.32929
-95 38.5 3.32848
-94.5 38.5 3.3288
-94 38.5 3.33585
-93.5 38.5 3.34329
-93 38.5 3.34954
-92.5 38.5 3.35682
-92 38.5 3.3632
-91.5 38.5 3.37004
-91 38.5 3.37768
-90.5 38.5 3.38177
-90 38.5 3.38068
-89.5 38.5 3.37696
-89 38.5 3.37334
-88.5 38.5 3.36949
-88 38.5 3.36058
-87.5 38.5 3.34461
-87 38.5 3.32392
-86.5 38.5 3.30569
-86 38.5 3.2994
-85.5 38.5 3.31077
-85 38.5 3.32794
-84.5 38.5 3.34338
-84 38.5 3.36643
-83.5 38.5 3.3819
-83 38.5 3.37647
-82.5 38.5 3.35205
-82 38.5 3.33154
-81.5 38.5 3.32764
-81 38.5 3.33516
-119 39 3.21361
-118.5 39 3.17277
-118 39 3.13191
-117.5 39 3.11568
-117 39 3.12551
-116.5 39 3.14403
-116 39 3.1539
-115.5 39 3.16833
-115 39 3.17877
-114.5 39 3.17539
-114 39 3.16197
-113.5 39 3.14685
-113 39 3.13803
-112.5 39 3.14355
-112 39 3.15029
-111.5 39 3.15136
-111 39 3.18601
-110.5 39 3.21972
-110 39 3.2183
-109.5 39 3.22646
-109 39 3.23296
-108.5 39 3.22085
-108 39 3.20388
-107.5 39 3.19211
-107 39 3.19115
-106.5 39 3.1881
-106 39 3.18881
-105.5 39 3.1954
-105 39 3.1748
-104.5 39 3.15476
-104 39 3.16168
-103.5 39 3.18082
-103 39 3.21817
-102.5 39 3.28803
-102 39 3.39229
-101.5 39 3.5744
-98.5 39 3.47746
-98 39 3.24427
-97.5 39 3.26055
-97 39 3.3639
-96.5 39 3.38965
-96 39 3.36912
-95.5 39 3.34336
-95 39 3.34261
-94.5 39 3.33544
-94 39 3.3307
-93.5 39 3.33801
-93 39 3.34443
-92.5 39 3.35124
-92 39 3.35941
-91.5 39 3.36393
-91 39 3.36751
-90.5 39 3.3715
-90 39 3.37057
-89.5 39 3.36623
-89 39 3.3612
-88.5 39 3.35852
-88 39 3.35187
-87.5 39 3.33523
-87 39 3.31494
-86.5 39 3.29735
-86 39 3.28979
-85.5 39 3.30509
-85 39 3.32708
-84.5 39 3.34103
-84 39 3.37651
-83.5 39 3.40955
-83 39 3.40883
-82.5 39 3.37341
-82 39 3.33862
-81.5 39 3.33394
-81 39 3.33905
-119 39.5 3.21476
-118.5 39.5 3.17749
-118 39.5 3.14105
-117.5 39.5 3.12621
-117 39.5 3.13127
-116.5 39.5 3.14367
-116 39.5 3.15541
-115.5 39.5 3.16618
-115 39.5 3.17136
-114.5 39.5 3.16978
-114 39.5 3.1631
-113.5 39.5 3.15435
-113 39.5 3.14678
-112.5 39.5 3.14251
-112 39.5 3.1381
-111.5 39.5 3.1364
-111 39.5 3.15207
-110.5 39.5 3.16939
-110 39.5 3.17642
-109.5 39.5 3.19094
-109 39.5 3.2031
-108.5 39.5 3.2008
-108 39.5 3.19288
-107.5 39.5 3.18776
-107 39.5 3.18767
-106.5 39.5 3.18984
-106 39.5 3.19311
-105.5 39.5 3.18878
-105 39.5 3.16708
-104.5 39.5 3.14593
-104 39.5 3.13988
-103.5 39.5 3.15644
-103 39.5 3.21932
-102.5 39.5 3.36325
-102 39.5 3.63331
-98 39.5 3.31096
-97.5 39.5 3.24229
-97 39.5 3.32518
-96.5 39.5 3.37745
-96 39.5 3.38011
-95.5 39.5 3.36152
-95 39.5 3.35215
-94.5 39.5 3.34225
-94 39.5 3.33554
-93.5 39.5 3.33818
-93 39.5 3.34203
-92.5 39.5 3.34689
-92 39.5 3.35316
-91.5 39.5 3.35661
-91 39.5 3.35886
-90.5 39.5 3.36223
-90 39.5 3.36359
-89.5 39.5 3.36211
-89 39.5 3.3583
-88.5 39.5 3.35244
-88 39.5 3.34359
-87.5 39.5 3.33035
-87 39.5 3.31476
-86.5 39.5 3.30195
-86 39.5 3.29857
-85.5 39.5 3.30884
-85 39.5 3.32726
-84.5 39.5 3.34785
-84 39.5 3.37888
-83.5 39.5 3.40685
-83 39.5 3.40998
-82.5 39.5 3.3874
-82 39.5 3.36026
-81.5 39.5 3.35017
-81 39.5 3.35029
-119 40 3.21764
-118.5 40 3.18273
-118 40 3.15009
-117.5 40 3.13941
-117 40 3.14042
-116.5 40 3.14858
-116 40 3.16085
-115.5 40 3.16747
-115 40 3.1693
-114.5 40 3.17063
-114 40 3.17213
-113.5 40 3.17111
-113 40 3.16273
-112.5 40 3.14698
-112 40 3.1304
-111.5 40 3.11994
-111 40 3.11528
-110.5 40 3.11559
-110 40 3.12252
-109.5 40 3.14232
-109 40 3.16177
-108.5 40 3.16769
-108 40 3.17027
-107.5 40 3.17322
-107 40 3.17921
-106.5 40 3.19282
-106 40 3.20192
-105.5 40 3.19529
-105 40 3.17516
-104.5 40 3.15067
-104 40 3.13506
-103.5 40 3.13729
-103 40 3.19779
-102.5 40 3.38652
-102 40 3.83129
-98 40 3.29542
-97.5 40 3.21986
-97 40 3.30577
-96.5 40 3.36543
-96 40 3.37598
-95.5 40 3.36289
-95 40 3.35155
-94.5 40 3.34029
-94 40 3.3343
-93.5 40 3.33734
-93 40 3.33873
-92.5 40 3.34081
-92 40 3.34677
-91.5 40 3.349
-91 40 3.35028
-90.5 40 3.35456
-90 40 3.35864
-89.5 40 3.36077
-89 40 3.3597
-88.5 40 3.35147
-88 40 3.34093
-87.5 40 3.33215
-87 40 3.32177
-86.5 40 3.31418
-86 40 3.31381
-85.5 40 3.31929
-85 40 3.33253
-84.5 40 3.35343
-84 40 3.3789
-83.5 40 3.39991
-83 40 3.40495
-82.5 40 3.39304
-82 40 3.37588
-81.5 40 3.36594
-81 40 3.36359
-119 40.5 3.2186
-118.5 40.5 3.18447
-118 40.5 3.15471
-117.5 40.5 3.15426
-117 40.5 3.15488
-116.5 40.5 3.16027
-116 40.5 3.17498
-115.5 40.5 3.17768
-115 40.5 3.17557
-114.5 40.5 3.17906
-114 40.5 3.18771
-113.5 40.5 3.19226
-113 40.5 3.18174
-112.5 40.5 3.15508
-112 40.5 3.12698
-111.5 40.5 3.10904
-111 40.5 3.08722
-110.5 40.5 3.07084
-110 40.5 3.07091
-109.5 40.5 3.09385
-109 40.5 3.11937
-108.5 40.5 3.1279
-108 40.5 3.13961
-107.5 40.5 3.15332
-107 40.5 3.16629
-106.5 40.5 3.19324
-106 40.5 3.21427
-105.5 40.5 3.20766
-105 40.5 3.18754
-104.5 40.5 3.16407
-104 40.5 3.14585
-103.5 40.5 3.12598
-103 40.5 3.1538
-102.5 40.5 3.30435
-102 40.5 3.79568
-98 40.5 3.17472
-97.5 40.5 3.18809
-97 40.5 3.31687
-96.5 40.5 3.3683
-96 40.5 3.36994
-95.5 40.5 3.35142
-95 40.5 3.3398
-94.5 40.5 3.32811
-94 40.5 3.32419
-93.5 40.5 3.33259
-93 40.5 3.33249
-92.5 40.5 3.33211
-92 40.5 3.34128
-91.5 40.5 3.34297
-91 40.5 3.34246
-90.5 40.5 3.34769
-90 40.5 3.3533
-89.5 40.5 3.35842
-89 40.5 3.36185
-88.5 40.5 3.35283
-88 40.5 3.34191
-87.5 40.5 3.3397
-87 40.5 3.33322
-86.5 40.5 3.32799
-86 40.5 3.33041
-85.5 40.5 3.33149
-85 40.5 3.33848
-84.5 40.5 3.35783
-84 40.5 3.37816
-83.5 40.5 3.39419
-83 40.5 3.40097
-82.5 40.5 3.39613
-82 40.5 3.38604
-81.5 40.5 3.37812
-81 40.5 3.37532
-119 41 3.20135
-118.5 41 3.18271
-118 41 3.16877
-117.5 41 3.16927
-117 41 3.17645
-116.5 41 3.18696
-116 41 3.19704
-115.5 41 3.19893
-115 41 3.19763
-114.5 41 3.20079
-114 41 3.20598
-113.5 41 3.20636
-113 41 3.19411
-112.5 41 3.16489
-112 41 3.13234
-111.5 41 3.10577
-111 41 3.07591
-110.5 41 3.05293
-110 41 3.04707
-109.5 41 3.05517
-109 41 3.07151
-108.5 41 3.08808
-108 41 3.10909
-107.5 41 3.1331
-107 41 3.15819
-106.5 41 3.19167
-106 41 3.21727
-105.5 41 3.21593
-105 41 3.19636
-104.5 41 3.1726
-104 41 3.15407
-103.5 41 3.14409
-103 41 3.16882
-102.5 41 3.2746
-102 41 3.51944
-98 41 3.2
-97.5 41 3.22576
-97 41 3.31463
-96.5 41 3.36241
-96 41 3.35948
-95.5 41 3.33363
-95 41 3.31524
-94.5 41 3.30805
-94 41 3.31092
-93.5 41 3.31765
-93 41 3.32259
-92.5 41 3.32899
-92 41 3.3366
-91.5 41 3.33933
-91 41 3.34055
-90.5 41 3.34396
-90 41 3.3469
-89.5 41 3.34947
-89 41 3.35263
-88.5 41 3.35267
-88 41 3.35179
-87.5 41 3.35085
-87 41 3.34576
-86.5 41 3.34117
-86 41 3.34114
-85.5 41 3.34148
-85 41 3.34679
-84.5 41 3.36119
-84 41 3.37764
-83.5 41 3.39159
-83 41 3.39942
-82.5 41 3.39822
-82 41 3.39267
-81.5 41 3.38813
-81 41 3.38448
-119 41.5 3.18529
-118.5 41.5 3.18213
-118 41.5 3.18311
-117.5 41.5 3.18557
-117 41.5 3.20025
-116.5 41.5 3.2175
-116 41.5 3.22394
-115.5 41.5 3.22243
-115 41.5 3.22044
-114.5 41.5 3.22241
-114 41.5 3.22226
-113.5 41.5 3.21898
-113 41.5 3.20843
-112.5 41.5 3.17653
-112 41.5 3.14194
-111.5 41.5 3.11703
-111 41.5 3.08037
-110.5 41.5 3.05068
-110 41.5 3.04288
-109.5 41.5 3.03625
-109 41.5 3.03979
-108.5 41.5 3.06103
-108 41.5 3.08991
-107.5 41.5 3.12025
-107 41.5 3.15243
-106.5 41.5 3.194
-106 41.5 3.22376
-105.5 41.5 3.22333
-105 41.5 3.20263
-104.5 41.5 3.18118
-104 41.5 3.16921
-103.5 41.5 3.16765
-103 41.5 3.18839
-102.5 41.5 3.24062
-102 41.5 3.31779
-101.5 41.5 3.51054
-101 41.5 3.742
-100.5 41.5 3.90787
-99.5 41.5 3.61712
-99 41.5 3.30609
-98.5 41.5 3.25009
-98 41.5 3.22697
-97.5 41.5 3.26836
-97 41.5 3.3409
-96.5 41.5 3.37574
-96 41.5 3.35898
-95.5 41.5 3.31768
-95 41.5 3.2934
-94.5 41.5 3.29102
-94 41.5 3.30071
-93.5 41.5 3.3053
-93 41.5 3.31458
-92.5 41.5 3.32765
-92 41.5 3.33473
-91.5 41.5 3.33855
-91 41.5 3.34104
-90.5 41.5 3.34246
-90 41.5 3.34246
-89.5 41.5 3.34145
-89 41.5 3.34297
-88.5 41.5 3.35236
-88 41.5 3.36228
-87.5 41.5 3.36219
-87 41.5 3.35653
-86.5 41.5 3.35107
-86 41.5 3.34893
-85.5 41.5 3.34764
-85 41.5 3.35048
-84.5 41.5 3.36078
-84 41.5 3.37443
-83.5 41.5 3.38773
-83 41.5 3.39731
-82.5 41.5 3.39747
-82 41.5 3.39484
-81.5 41.5 3.39547
-81 41.5 3.39098
-119 42 3.1752
-118.5 42 3.18511
-118 42 3.1971
-117.5 42 3.19519
-117 42 3.2173
-116.5 42 3.2419
-116 42 3.24346
-115.5 42 3.23762
-115 42 3.2331
-114.5 42 3.23541
-114 42 3.23087
-113.5 42 3.22561
-113 42 3.22447
-112.5 42 3.19022
-112 42 3.15425
-111.5 42 3.14356
-111 42 3.10172
-110.5 42 3.06411
-110 42 3.06437
-109.5 42 3.04624
-109 42 3.03516
-108.5 42 3.06003
-108 42 3.09224
-107.5 42 3.12327
-107 42 3.15179
-106.5 42 3.19443
-106 42 3.22821
-105.5 42 3.22765
-105 42 3.20744
-104.5 42 3.18979
-104 42 3.18918
-103.5 42 3.19595
-103 42 3.21627
-102.5 42 3.24961
-102 42 3.24814
-101.5 42 3.2984
-101 42 3.41856
-100.5 42 3.49986
-100 42 3.4721
-99.5 42 3.33811
-99 42 3.25522
-98.5 42 3.28533
-98 42 3.28481
-97.5 42 3.32452
-97 42 3.38126
-96.5 42 3.3983
-96 42 3.36233
-95.5 42 3.3112
-95 42 3.28721
-94.5 42 3.29353
-94 42 3.30483
-93.5 42 3.29974
-93 42 3.31152
-92.5 42 3.32879
-92 42 3.33439
-91.5 42 3.33878
-91 42 3.34288
-90.5 42 3.34593
-90 42 3.34392
-89.5 42 3.33945
-89 42 3.33865
-88.5 42 3.35514
-88 42 3.37154
-87.5 42 3.37009
-87 42 3.36259
-86.5 42 3.35634
-86 42 3.3543
-85.5 42 3.34907
-85 42 3.34738
-84.5 42 3.35495
-84 42 3.36582
-83.5 42 3.37862
-83 42 3.39177
-82.5 42 3.39191
-82 42 3.39082
-81.5 42 3.39931
-81 42 3.39394
-119 42.5 3.18885
-118.5 42.5 3.19273
-118 42.5 3.19933
-117.5 42.5 3.2036
-117 42.5 3.22037
-116.5 42.5 3.238
-116 42.5 3.24046
-115.5 42.5 3.23502
-115 42.5 3.22886
-114.5 42.5 3.22581
-114 42.5 3.22432
-113.5 42.5 3.22206
-113 42.5 3.21662
-112.5 42.5 3.19858
-112 42.5 3.17573
-111.5 42.5 3.15941
-111 42.5 3.13185
-110.5 42.5 3.10373
-110 42.5 3.09454
-109.5 42.5 3.08465
-109 42.5 3.07861
-108.5 42.5 3.09452
-108 42.5 3.12371
-107.5 42.5 3.1521
-107 42.5 3.17215
-106.5 42.5 3.19197
-106 42.5 3.21158
-105.5 42.5 3.21557
-105 42.5 3.20691
-104.5 42.5 3.20035
-104 42.5 3.20735
-103.5 42.5 3.22044
-103 42.5 3.23144
-102.5 42.5 3.2401
-102 42.5 3.23937
-101.5 42.5 3.23667
-101 42.5 3.28178
-100.5 42.5 3.32354
-100 42.5 3.33747
-99.5 42.5 3.32397
-99 42.5 3.35182
-98.5 42.5 3.33559
-98 42.5 3.33497
-97.5 42.5 3.36467
-97 42.5 3.39395
-96.5 42.5 3.39867
-96 42.5 3.37059
-95.5 42.5 3.34056
-95 42.5 3.32207
-94.5 42.5 3.31637
-94 42.5 3.30738
-93.5 42.5 3.29975
-93 42.5 3.30741
-92.5 42.5 3.32023
-92 42.5 3.32872
-91.5 42.5 3.33768
-91 42.5 3.34753
-90.5 42.5 3.35317
-90 42.5 3.35472
-89.5 42.5 3.35492
-89 42.5 3.35396
-88.5 42.5 3.35945
-88 42.5 3.36391
-87.5 42.5 3.36196
-87 42.5 3.36069
-86.5 42.5 3.3608
-86 42.5 3.35627
-85.5 42.5 3.34688
-85 42.5 3.33991
-84.5 42.5 3.34182
-84 42.5 3.35084
-83.5 42.5 3.36319
-83 42.5 3.37412
-82.5 42.5 3.37971
-82 42.5 3.38535
-81.5 42.5 3.39318
-81 42.5 3.39546
-119 43 3.20927
-118.5 43 3.20501
-118 43 3.20323
-117.5 43 3.20511
-117 43 3.21691
-116.5 43 3.22777
-116 43 3.22592
-115.5 43 3.21931
-115 43 3.21008
-114.5 43 3.20204
-114 43 3.20567
-113.5 43 3.20762
-113 43 3.20039
-112.5 43 3.19722
-112 43 3.18859
-111.5 43 3.17091
-111 43 3.15655
-110.5 43 3.14243
-110 43 3.1317
-109.5 43 3.1306
-109 43 3.13238
-108.5 43 3.14313
-108 43 3.17064
-107.5 43 3.19228
-107 43 3.19646
-106.5 43 3.19339
-106 43 3.19795
-105.5 43 3.20554
-105 43 3.20488
-104.5 43 3.2111
-104 43 3.22688
-103.5 43 3.24246
-103 43 3.2432
-102.5 43 3.22965
-102 43 3.2079
-101.5 43 3.20354
-101 43 3.23221
-100.5 43 3.26668
-100 43 3.30341
-99.5 43 3.32678
-99 43 3.3532
-98.5 43 3.35762
-98 43 3.36102
-97.5 43 3.37871
-97 43 3.40341
-96.5 43 3.40748
-96 43 3.39301
-95.5 43 3.37688
-95 43 3.36005
-94.5 43 3.33746
-94 43 3.30841
-93.5 43 3.29502
-93 43 3.29875
-92.5 43 3.30995
-92 43 3.32333
-91.5 43 3.34023
-91 43 3.35626
-90.5 43 3.3669
-90 43 3.37375
-89.5 43 3.37568
-89 43 3.371
-88.5 43 3.36236
-88 43 3.35149
-87.5 43 3.34798
-87 43 3.35444
-86.5 43 3.36171
-86 43 3.35829
-85.5 43 3.34385
-85 43 3.3287
-84.5 43 3.32606
-84 43 3.33516
-83.5 43 3.34775
-83 43 3.35619
-82.5 43 3.36585
-82 43 3.37687
-81.5 43 3.38717
-81 43 3.39756
-119 43.5 3.2353
-118.5 43.5 3.22272
-118 43.5 3.21081
-117.5 43.5 3.20567
-117 43.5 3.21359
-116.5 43.5 3.2198
-116 43.5 3.20851
-115.5 43.5 3.19818
-115 43.5 3.18627
-114.5 43.5 3.16987
-114 43.5 3.17861
-113.5 43.5 3.18791
-113 43.5 3.1748
-112.5 43.5 3.18332
-112 43.5 3.18918
-111.5 43.5 3.16933
-111 43.5 3.16758
-110.5 43.5 3.16956
-110 43.5 3.16098
-109.5 43.5 3.17006
-109 43.5 3.18235
-108.5 43.5 3.18576
-108 43.5 3.20902
-107.5 43.5 3.22761
-107 43.5 3.21501
-106.5 43.5 3.19155
-106 43.5 3.18571
-105.5 43.5 3.20614
-105 43.5 3.22156
-104.5 43.5 3.23373
-104 43.5 3.2533
-103.5 43.5 3.2646
-103 43.5 3.25748
-102.5 43.5 3.23217
-102 43.5 3.20174
-101.5 43.5 3.19983
-101 43.5 3.23914
-100.5 43.5 3.28704
-100 43.5 3.32642
-99.5 43.5 3.35235
-99 43.5 3.37359
-98.5 43.5 3.3833
-98 43.5 3.38615
-97.5 43.5 3.40279
-97 43.5 3.42093
-96.5 43.5 3.4206
-96 43.5 3.41344
-95.5 43.5 3.40408
-95 43.5 3.38658
-94.5 43.5 3.34647
-94 43.5 3.30503
-93.5 43.5 3.28992
-93 43.5 3.2925
-92.5 43.5 3.30534
-92 43.5 3.3226
-91.5 43.5 3.34713
-91 43.5 3.37194
-90.5 43.5 3.38579
-90 43.5 3.39486
-89.5 43.5 3.39569
-89 43.5 3.38438
-88.5 43.5 3.36092
-88 43.5 3.33935
-87.5 43.5 3.33428
-87 43.5 3.34761
-86.5 43.5 3.36253
-86 43.5 3.36017
-85.5 43.5 3.33969
-85 43.5 3.31914
-84.5 43.5 3.31564
-84 43.5 3.32655
-83.5 43.5 3.33826
-83 43.5 3.3418
-82.5 43.5 3.35415
-82 43.5 3.37007
-81.5 43.5 3.38252
-81 43.5 3.39997
-119 44 3.26244
-118.5 44 3.24418
-118 44 3.22738
-117.5 44 3.22001
-117 44 3.21822
-116.5 44 3.21564
-116 44 3.20346
-115.5 44 3.18407
-115 44 3.16619
-114.5 44 3.154
-114 44 3.15564
-113.5 44 3.16259
-113 44 3.16084
-112.5 44 3.16386
-112 44 3.16863
-111.5 44 3.16327
-111 44 3.16513
-110.5 44 3.17339
-110 44 3.18029
-109.5 44 3.20027
-109 44 3.22091
-108.5 44 3.22806
-108 44 3.23467
-107.5 44 3.23863
-107 44 3.2169
-106.5 44 3.17829
-106 44 3.16637
-105.5 44 3.1978
-105 44 3.25037
-104.5 44 3.28062
-104 44 3.29243
-103.5 44 3.28735
-103 44 3.26626
-102.5 44 3.23185
-102 44 3.20138
-101.5 44 3.20823
-101 44 3.26206
-100.5 44 3.33273
-100 44 3.36704
-99.5 44 3.38525
-99 44 3.40016
-98.5 44 3.40488
-98 44 3.40982
-97.5 44 3.42288
-97 44 3.42696
-96.5 44 3.4252
-96 44 3.42151
-95.5 44 3.41442
-95 44 3.39349
-94.5 44 3.35282
-94 44 3.31516
-93.5 44 3.29604
-93 44 3.29473
-92.5 44 3.30583
-92 44 3.32566
-91.5 44 3.35688
-91 44 3.38998
-90.5 44 3.40876
-90 44 3.41215
-89.5 44 3.40089
-89 44 3.38379
-88.5 44 3.36135
-88 44 3.34327
-87.5 44 3.33634
-87 44 3.34392
-86.5 44 3.35255
-86 44 3.34983
-85.5 44 3.33905
-85 44 3.33064
-84.5 44 3.32645
-84 44 3.32884
-83.5 44 3.33243
-83 44 3.33568
-82.5 44 3.34779
-82 44 3.36429
-81.5 44 3.37996
-81 44 3.40266
-119 44.5 3.28825
-118.5 44.5 3.26387
-118 44.5 3.24499
-117.5 44.5 3.24178
-117 44.5 3.23384
-116.5 44.5 3.22582
-116 44.5 3.21639
-115.5 44.5 3.18627
-115 44.5 3.1596
-114.5 44.5 3.1516
-114 44.5 3.14984
-113.5 44.5 3.15351
-113 44.5 3.15753
-112.5 44.5 3.15619
-112 44.5 3.15624
-111.5 44.5 3.15767
-111 44.5 3.16343
-110.5 44.5 3.17316
-110 44.5 3.18802
-109.5 44.5 3.22336
-109 44.5 3.25279
-108.5 44.5 3.26109
-108 44.5 3.25922
-107.5 44.5 3.25415
-107 44.5 3.22905
-106.5 44.5 3.16646
-106 44.5 3.14455
-105.5 44.5 3.18545
-105 44.5 3.27114
-104.5 44.5 3.31792
-104 44.5 3.31989
-103.5 44.5 3.30393
-103 44.5 3.27362
-102.5 44.5 3.23427
-102 44.5 3.19093
-101.5 44.5 3.20729
-101 44.5 3.27048
-100.5 44.5 3.35392
-100 44.5 3.38557
-99.5 44.5 3.39712
-99 44.5 3.40313
-98.5 44.5 3.41027
-98 44.5 3.41431
-97.5 44.5 3.41967
-97 44.5 3.42143
-96.5 44.5 3.4211
-96 44.5 3.42129
-95.5 44.5 3.42074
-95 44.5 3.40425
-94.5 44.5 3.36975
-94 44.5 3.33131
-93.5 44.5 3.30854
-93 44.5 3.30267
-92.5 44.5 3.31117
-92 44.5 3.32722
-91.5 44.5 3.36156
-91 44.5 3.40386
-90.5 44.5 3.42688
-90 44.5 3.42337
-89.5 44.5 3.40167
-89 44.5 3.3864
-88.5 44.5 3.37091
-88 44.5 3.35642
-87.5 44.5 3.34502
-87 44.5 3.34642
-86.5 44.5 3.35172
-86 44.5 3.34619
-85.5 44.5 3.34692
-85 44.5 3.3523
-84.5 44.5 3.34563
-84 44.5 3.34
-83.5 44.5 3.33778
-83 44.5 3.33792
-82.5 44.5 3.35047
-82 44.5 3.36757
-81.5 44.5 3.37953
-81 44.5 3.40895
-119 45 3.30907
-118.5 45 3.28023
-118 45 3.25854
-117.5 45 3.2694
-117 45 3.26157
-116.5 45 3.24985
-116 45 3.25298
-115.5 45 3.21277
-115 45 3.1706
-114.5 45 3.16844
-114 45 3.16454
-113.5 45 3.16329
-113 45 3.17235
-112.5 45 3.168
-112 45 3.16088
-111.5 45 3.163
-111 45 3.16869
-110.5 45 3.17505
-110 45 3.18315
-109.5 45 3.22396
-109 45 3.26729
-108.5 45 3.27664
-108 45 3.27378
-107.5 45 3.27447
-107 45 3.27394
-106.5 45 3.20619
-106 45 3.14771
-105.5 45 3.17643
-105 45 3.26412
-104.5 45 3.3254
-104 45 3.31355
-103.5 45 3.29002
-103 45 3.27239
-102.5 45 3.2563
-102 45 3.22595
-101.5 45 3.21635
-101 45 3.25791
-100.5 45 3.32271
-100 45 3.36749
-99.5 45 3.38999
-99 45 3.40379
-98.5 45 3.40918
-98 45 3.40816
-97.5 45 3.40863
-97 45 3.41241
-96.5 45 3.4171
-96 45 3.42534
-95.5 45 3.42819
-95 45 3.41465
-94.5 45 3.38232
-94 45 3.34765
-93.5 45 3.32727
-93 45 3.32187
-92.5 45 3.32143
-92 45 3.3265
-91.5 45 3.36387
-91 45 3.41123
-90.5 45 3.43607
-90 45 3.42234
-89.5 45 3.40012
-89 45 3.39758
-88.5 45 3.39285
-88 45 3.38089
-87.5 45 3.36366
-87 45 3.36522
-86.5 45 3.36592
-86 45 3.35008
-85.5 45 3.36393
-85 45 3.38027
-84.5 45 3.36748
-84 45 3.35938
-83.5 45 3.35541
-83 45 3.35089
-82.5 45 3.36841
-82 45 3.38557
-81.5 45 3.38484
-81 45 3.4252
-119 45.5 3.30399
-118.5 45.5 3.2861
-118 45.5 3.27146
-117.5 45.5 3.2759
-117 45.5 3.28848
-116.5 45.5 3.29101
-116 45.5 3.28259
-115.5 45.5 3.25152
-115 45.5 3.21277
-114.5 45.5 3.1963
-114 45.5 3.19264
-113.5 45.5 3.19187
-113 45.5 3.19576
-112.5 45.5 3.19686
-112 45.5 3.19238
-111.5 45.5 3.18995
-111 45.5 3.18979
-110.5 45.5 3.19157
-110 45.5 3.19615
-109.5 45.5 3.21481
-109 45.5 3.24645
-108.5 45.5 3.2611
-108 45.5 3.26223
-107.5 45.5 3.26595
-107 45.5 3.27644
-106.5 45.5 3.26723
-106 45.5 3.22486
-105.5 45.5 3.22619
-105 45.5 3.26394
-104.5 45.5 3.29959
-104 45.5 3.28349
-103.5 45.5 3.25087
-103 45.5 3.24448
-102.5 45.5 3.2533
-102 45.5 3.26265
-101.5 45.5 3.24407
-101 45.5 3.25439
-100.5 45.5 3.28463
-100 45.5 3.33687
-99.5 45.5 3.37539
-99 45.5 3.40043
-98.5 45.5 3.40136
-98 45.5 3.39627
-97.5 45.5 3.39567
-97 45.5 3.40567
-96.5 45.5 3.41762
-96 45.5 3.42831
-95.5 45.5 3.42525
-95 45.5 3.41297
-94.5 45.5 3.39129
-94 45.5 3.37318
-93.5 45.5 3.36016
-93 45.5 3.34714
-92.5 45.5 3.32809
-92 45.5 3.32723
-91.5 45.5 3.35676
-91 45.5 3.39401
-90.5 45.5 3.41534
-90 45.5 3.41488
-89.5 45.5 3.41858
-89 45.5 3.425
-88.5 45.5 3.42146
-88 45.5 3.40704
-87.5 45.5 3.39756
-87 45.5 3.38992
-86.5 45.5 3.37341
-86 45.5 3.36513
-85.5 45.5 3.37346
-85 45.5 3.37818
-84.5 45.5 3.3778
-84 45.5 3.37722
-83.5 45.5 3.37738
-83 45.5 3.38464
-82.5 45.5 3.39739
-82 45.5 3.40535
-81.5 45.5 3.41613
-81 45.5 3.44152
-119 46 3.29805
-118.5 46 3.28574
-118 46 3.27271
-117.5 46 3.26606
-117 46 3.30117
-116.5 46 3.32362
-116 46 3.30413
-115.5 46 3.27708
-115 46 3.24303
-114.5 46 3.21523
-114 46 3.21353
-113.5 46 3.21755
-113 46 3.21984
-112.5 46 3.22874
-112 46 3.23185
-111.5 46 3.22722
-111 46 3.22235
-110.5 46 3.21938
-110 46 3.21852
-109.5 46 3.21954
-109 46 3.23394
-108.5 46 3.2455
-108 46 3.23916
-107.5 46 3.2381
-107 46 3.25377
-106.5 46 3.28652
-106 46 3.27755
-105.5 46 3.26713
-105 46 3.28875
-104.5 46 3.29203
-104 46 3.26223
-103.5 46 3.21771
-103 46 3.2114
-102.5 46 3.22671
-102 46 3.24715
-101.5 46 3.24499
-101 46 3.25214
-100.5 46 3.27805
-100 46 3.31874
-99.5 46 3.35875
-99 46 3.38801
-98.5 46 3.39086
-98 46 3.38659
-97.5 46 3.38679
-97 46 3.40253
-96.5 46 3.41535
-96 46 3.42194
-95.5 46 3.41573
-95 46 3.40897
-94.5 46 3.4007
-94 46 3.3944
-93.5 46 3.38857
-93 46 3.36681
-92.5 46 3.32923
-92 46 3.32193
-91.5 46 3.34529
-91 46 3.38045
-90.5 46 3.39689
-90 46 3.40647
-89.5 46 3.4238
-89 46 3.43535
-88.5 46 3.4263
-88 46 3.40583
-87.5 46 3.40928
-87 46 3.39053
-86.5 46 3.35483
-86 46 3.35582
-85.5 46 3.35764
-85 46 3.35412
-84.5 46 3.37086
-84 46 3.37967
-83.5 46 3.38491
-83 46 3.4092
-82.5 46 3.4174
-82 46 3.41711
-81.5 46 3.44053
-81 46 3.44959
-119 46.5 3.3062
-118.5 46.5 3.28985
-118 46.5 3.27246
-117.5 46.5 3.23631
-117 46.5 3.28503
-116.5 46.5 3.33562
-116 46.5 3.29835
-115.5 46.5 3.27323
-115 46.5 3.24872
-114.5 46.5 3.20896
-114 46.5 3.21033
-113.5 46.5 3.22788
-113 46.5 3.23182
-112.5 46.5 3.25307
-112 46.5 3.27043
-111.5 46.5 3.26507
-111 46.5 3.25568
-110.5 46.5 3.25077
-110 46.5 3.24961
-109.5 46.5 3.24122
-109 46.5 3.2409
-108.5 46.5 3.25467
-108 46.5 3.2424
-107.5 46.5 3.22162
-107 46.5 3.22058
-106.5 46.5 3.26091
-106 46.5 3.28351
-105.5 46.5 3.25906
-105 46.5 3.26615
-104.5 46.5 3.27854
-104 46.5 3.26016
-103.5 46.5 3.2214
-103 46.5 3.19612
-102.5 46.5 3.2017
-102 46.5 3.21922
-101.5 46.5 3.23094
-101 46.5 3.24067
-100.5 46.5 3.26337
-100 46.5 3.30138
-99.5 46.5 3.34168
-99 46.5 3.37199
-98.5 46.5 3.38464
-98 46.5 3.38991
-97.5 46.5 3.39917
-97 46.5 3.40977
-96.5 46.5 3.41188
-96 46.5 3.4065
-95.5 46.5 3.40108
-95 46.5 3.40151
-94.5 46.5 3.40119
-94 46.5 3.40423
-93.5 46.5 3.40503
-93 46.5 3.36933
-92.5 46.5 3.33019
-92 46.5 3.32918
-91.5 46.5 3.35747
-91 46.5 3.38121
-90.5 46.5 3.37729
-90 46.5 3.38335
-89.5 46.5 3.39668
-89 46.5 3.40137
-88.5 46.5 3.36907
-88 46.5 3.35103
-87.5 46.5 3.37878
-87 46.5 3.33936
-86.5 46.5 3.29741
-86 46.5 3.3212
-85.5 46.5 3.31169
-85 46.5 3.30492
-84.5 46.5 3.34408
-84 46.5 3.35166
-83.5 46.5 3.36301
-83 46.5 3.41319
-82.5 46.5 3.40986
-82 46.5 3.40611
-81.5 46.5 3.45597
-81 46.5 3.44751
-119 47 3.37592
-118.5 47 3.32398
-118 47 3.28494
-117.5 47 3.25508
-117 47 3.26464
-116.5 47 3.29388
-116 47 3.27985
-115.5 47 3.2512
-115 47 3.2278
-114.5 47 3.20215
-114 47 3.19402
-113.5 47 3.21068
-113 47 3.23511
-112.5 47 3.27233
-112 47 3.30314
-111.5 47 3.3045
-111 47 3.28534
-110.5 47 3.27258
-110 47 3.26962
-109.5 47 3.26808
-109 47 3.268
-108.5 47 3.27887
-108 47 3.28225
-107.5 47 3.26649
-107 47 3.25371
-106.5 47 3.25158
-106 47 3.26766
-105.5 47 3.25283
-105 47 3.2349
-104.5 47 3.25131
-104 47 3.2538
-103.5 47 3.23821
-103 47 3.20985
-102.5 47 3.20282
-102 47 3.20869
-101.5 47 3.22351
-101 47 3.23546
-100.5 47 3.25275
-100 47 3.29221
-99.5 47 3.3348
-99 47 3.36767
-98.5 47 3.39185
-98 47 3.4074
-97.5 47 3.42063
-97 47 3.41821
-96.5 47 3.40862
-96 47 3.39769
-95.5 47 3.40014
-95 47 3.40304
-94.5 47 3.40593
-94 47 3.4142
-93.5 47 3.41024
-93 47 3.385
-92.5 47 3.37692
-92 47 3.38119
-91.5 47 3.38908
-91 47 3.37428
-90.5 47 3.35193
-90 47 3.3381
-89.5 47 3.32396
-89 47 3.30557
-88.5 47 3.28442
-88 47 3.2982
-87.5 47 3.30966
-87 47 3.2836
-86.5 47 3.27493
-86 47 3.28077
-85.5 47 3.2722
-85 47 3.27904
-84.5 47 3.30172
-84 47 3.3184
-83.5 47 3.35023
-83 47 3.38502
-82.5 47 3.39546
-82 47 3.41797
-81.5 47 3.45132
-81 47 3.46004
-119 47.5 3.48645
-118.5 47.5 3.39954
-118 47.5 3.33349
-117.5 47.5 3.30419
-117 47.5 3.28684
-116.5 47.5 3.28881
-116 47.5 3.28378
-115.5 47.5 3.25087
-115 47.5 3.2239
-114.5 47.5 3.20901
-114 47.5 3.19416
-113.5 47.5 3.20352
-113 47.5 3.2411
-112.5 47.5 3.3009
-112 47.5 3.34847
-111.5 47.5 3.35667
-111 47.5 3.32197
-110.5 47.5 3.29691
-110 47.5 3.2931
-109.5 47.5 3.2947
-109 47.5 3.30084
-108.5 47.5 3.31709
-108 47.5 3.33878
-107.5 47.5 3.34202
-107 47.5 3.33137
-106.5 47.5 3.31245
-106 47.5 3.3104
-105.5 47.5 3.29574
-105 47.5 3.26528
-104.5 47.5 3.26911
-104 47.5 3.27061
-103.5 47.5 3.24943
-103 47.5 3.2313
-102.5 47.5 3.22579
-102 47.5 3.23111
-101.5 47.5 3.24281
-101 47.5 3.25358
-100.5 47.5 3.2657
-100 47.5 3.30408
-99.5 47.5 3.34755
-99 47.5 3.38509
-98.5 47.5 3.40923
-98 47.5 3.42622
-97.5 47.5 3.43664
-97 47.5 3.43378
-96.5 47.5 3.42404
-96 47.5 3.41725
-95.5 47.5 3.42819
-95 47.5 3.43231
-94.5 47.5 3.43738
-94 47.5 3.45254
-93.5 47.5 3.45024
-93 47.5 3.44057
-92.5 47.5 3.44585
-92 47.5 3.44268
-91.5 47.5 3.41732
-91 47.5 3.36464
-90.5 47.5 3.32344
-90 47.5 3.29313
-89.5 47.5 3.26571
-89 47.5 3.24103
-88.5 47.5 3.24817
-88 47.5 3.29219
-87.5 47.5 3.2978
-87 47.5 3.28986
-86.5 47.5 3.29656
-86 47.5 3.28842
-85.5 47.5 3.28098
-85 47.5 3.28844
-84.5 47.5 3.2973
-84 47.5 3.32486
-83.5 47.5 3.37012
-83 47.5 3.39458
-82.5 47.5 3.42104
-82 47.5 3.46042
-81.5 47.5 3.48461
-81 47.5 3.51381
-119 48 3.62799
-118.5 48 3.51368
-118 48 3.41313
-117.5 48 3.39154
-117 48 3.35357
-116.5 48 3.3266
-116 48 3.33072
-115.5 48 3.291
-115 48 3.25023
-114.5 48 3.24768
-114 48 3.22652
-113.5 48 3.21848
-113 48 3.25761
-112.5 48 3.33217
-112 48 3.40352
-111.5 48 3.42835
-111 48 3.38625
-110.5 48 3.33821
-110 48 3.33509
-109.5 48 3.33792
-109 48 3.34566
-108.5 48 3.36495
-108 48 3.40138
-107.5 48 3.43127
-107 48 3.43659
-106.5 48 3.41962
-106 48 3.4051
-105.5 48 3.39739
-105 48 3.36554
-104.5 48 3.3411
-104 48 3.33552
-103.5 48 3.30943
-103 48 3.2781
-102.5 48 3.26823
-102 48 3.27129
-101.5 48 3.28321
-101 48 3.29845
-100.5 48 3.31383
-100 48 3.33854
-99.5 48 3.3717
-99 48 3.40289
-98.5 48 3.42804
-98 48 3.44779
-97.5 48 3.46056
-97 48 3.46527
-96.5 48 3.46637
-96 48 3.47861
-95.5 48 3.49364
-95 48 3.49691
-94.5 48 3.51271
-94 48 3.52725
-93.5 48 3.51974
-93 48 3.51999
-92.5 48 3.52157
-92 48 3.49872
-91.5 48 3.43302
-91 48 3.35851
-90.5 48 3.31426
-90 48 3.28379
-89.5 48 3.25473
-89 48 3.23244
-88.5 48 3.29125
-88 48 3.35689
-87.5 48 3.34463
-87 48 3.35627
-86.5 48 3.36826
-86 48 3.34182
-85.5 48 3.33907
-85 48 3.34452
-84.5 48 3.33861
-84 48 3.38687
-83.5 48 3.44149
-83 48 3.44885
-82.5 48 3.49484
-82 48 3.54486
-81.5 48 3.55368
-81 48 3.60416
-119 48.5 3.71732
-118.5 48.5 3.62902
-118 48.5 3.53385
-117.5 48.5 3.48478
-117 48.5 3.44233
-116.5 48.5 3.40416
-116 48.5 3.38583
-115.5 48.5 3.35371
-115 48.5 3.31502
-114.5 48.5 3.29949
-114 48.5 3.28586
-113.5 48.5 3.28051
-113 48.5 3.31098
-112.5 48.5 3.37018
-112 48.5 3.43586
-111.5 48.5 3.46853
-111 48.5 3.45555
-110.5 48.5 3.41668
-110 48.5 3.40312
-109.5 48.5 3.40372
-109 48.5 3.41309
-108.5 48.5 3.43516
-108 48.5 3.46916
-107.5 48.5 3.5079
-107 48.5 3.52857
-106.5 48.5 3.53027
-106 48.5 3.51444
-105.5 48.5 3.50188
-105 48.5 3.48165
-104.5 48.5 3.44007
-104 48.5 3.41388
-103.5 48.5 3.38735
-103 48.5 3.34524
-102.5 48.5 3.32215
-102 48.5 3.31685
-101.5 48.5 3.32605
-101 48.5 3.34403
-100.5 48.5 3.36662
-100 48.5 3.3797
-99.5 48.5 3.3996
-99 48.5 3.42201
-98.5 48.5 3.44921
-98 48.5 3.47261
-97.5 48.5 3.49183
-97 48.5 3.50827
-96.5 48.5 3.5263
-96 48.5 3.55254
-95.5 48.5 3.56621
-95 48.5 3.57874
-94.5 48.5 3.59942
-94 48.5 3.60366
-93.5 48.5 3.59882
-93 48.5 3.59521
-92.5 48.5 3.57383
-92 48.5 3.52858
-91.5 48.5 3.45559
-91 48.5 3.39288
-90.5 48.5 3.34769
-90 48.5 3.31762
-89.5 48.5 3.29758
-89 48.5 3.30326
-88.5 48.5 3.3644
-88 48.5 3.40696
-87.5 48.5 3.41586
-87 48.5 3.43322
-86.5 48.5 3.43358
-86 48.5 3.41894
-85.5 48.5 3.41849
-85 48.5 3.42057
-84.5 48.5 3.43051
-84 48.5 3.47554
-83.5 48.5 3.51535
-83 48.5 3.54005
-82.5 48.5 3.58587
-82 48.5 3.6249
-81.5 48.5 3.6508
-81 48.5 3.69876
-119 49 3.79192
-118.5 49 3.71887
-118 49 3.63743
-117.5 49 3.57531
-117 49 3.52359
-116.5 49 3.47962
-116 49 3.44704
-115.5 49 3.41317
-115 49 3.37956
-114.5 49 3.35909
-114 49 3.34753
-113.5 49 3.34885
-113 49 3.37499
-112.5 49 3.42148
-112 49 3.473
-111.5 49 3.50468
-111 49 3.5065
-110.5 49 3.48856
-110 49 3.47841
-109.5 49 3.47997
-109 49 3.49247
-108.5 49 3.51669
-108 49 3.55027
-107.5 49 3.58572
-107 49 3.60806
-106.5 49 3.61246
-106 49 3.59925
-105.5 49 3.57964
-105 49 3.55149
-104.5 49 3.50968
-104 49 3.47166
-103.5 49 3.4351
-103 49 3.39488
-102.5 49 3.36747
-102 49 3.35647
-101.5 49 3.36013
-101 49 3.3738
-100.5 49 3.39183
-100 49 3.4063
-99.5 49 3.4241
-99 49 3.44577
-98.5 49 3.47182
-98 49 3.49784
-97.5 49 3.5227
-97 49 3.54702
-96.5 49 3.57346
-96 49 3.60197
-95.5 49 3.62307
-95 49 3.64173
-94.5 49 3.6597
-94 49 3.6656
-93.5 49 3.662
-93 49 3.65039
-92.5 49 3.62059
-92 49 3.57087
-91.5 49 3.50629
-91 49 3.44731
-90.5 49 3.40114
-90 49 3.36975
-89.5 49 3.35466
-89 49 3.36535
-88.5 49 3.40704
-88 49 3.44329
-87.5 49 3.46439
-87 49 3.48191
-86.5 49 3.48712
-86 49 3.48471
-85.5 49 3.48824
-85 49 3.49667
-84.5 49 3.51539
-84 49 3.55204
-83.5 49 3.58881
-83 49 3.62209
-82.5 49 3.66323
-82 49 3.70145
-81.5 49 3.73578
-81 49 3.77721
