-119 25 -1.89467e-05
-118.5 25 -2.75651e-05
-118 25 -5.15944e-05
-117.5 25 -8.59218e-05
-117 25 -0.000125876
-116.5 25 -7.44818e-05
-116 25 -2.85614e-05
-115.5 25 1.00595e-05
-115 25 2.70143e-05
-114.5 25 4.2377e-05
-114 25 4.76545e-05
-113.5 25 4.74158e-05
-113 25 3.62043e-05
-112.5 25 1.84882e-05
-112 25 6.01249e-05
-111.5 25 9.93244e-05
-111 25 0.000132277
-110.5 25 0.000120252
-110 25 0.000102291
-109.5 25 7.99614e-05
-109 25 8.65204e-05
-108.5 25 8.20331e-05
-108 25 6.97164e-05
-107.5 25 7.53826e-05
-107 25 7.18627e-05
-106.5 25 6.00038e-05
-106 25 8.7677e-05
-105.5 25 0.000109784
-105 25 0.000131487
-104.5 25 0.00012103
-104 25 0.000115388
-103.5 25 0.000102317
-103 25 0.000106714
-102.5 25 0.000104019
-102 25 9.48907e-05
-101.5 25 0.000130561
-101 25 0.00016684
-100.5 25 0.000207767
-100 25 0.000168383
-99.5 25 0.000127597
-99 25 8.48776e-05
-98.5 25 7.31235e-05
-98 25 5.05133e-05
-97.5 25 1.93563e-05
-97 25 7.81592e-05
-96.5 25 0.000136047
-96 25 0.000189992
-95.5 25 0.00015547
-95 25 0.00011743
-94.5 25 7.91845e-05
-94 25 8.605e-05
-93.5 25 8.63928e-05
-93 25 7.80177e-05
-92.5 25 7.35217e-05
-92 25 6.03043e-05
-91.5 25 3.0765e-05
-91 25 6.62322e-05
-90.5 25 8.78917e-05
-90 25 0.000103413
-89.5 25 9.49162e-05
-89 25 9.03227e-05
-88.5 25 8.15586e-05
-88 25 7.18499e-05
-87.5 25 5.68719e-05
-87 25 3.32743e-05
-86.5 25 2.78942e-05
-86 25 1.14198e-05
-85.5 25 -7.72992e-06
-85 25 1.75656e-05
-84.5 25 4.19433e-05
-84 25 6.3469e-05
-83.5 25 6.29905e-05
-83 25 6.00263e-05
-82.5 25 5.206e-05
-82 25 1.83093e-05
-81.5 25 -2.68641e-05
-81 25 -8.60471e-05
-119 25.5 -1.72753e-05
-118.5 25.5 -3.42482e-05
-118 25.5 -6.24658e-05
-117.5 25.5 -0.000116098
-117 25.5 -0.000282182
-116.5 25.5 -0.00010034
-116 25.5 -2.74916e-05
-115.5 25.5 4.27758e-05
-115 25.5 3.97296e-05
-114.5 25.5 4.60127e-05
-114 25.5 5.83335e-05
-113.5 25.5 4.28183e-05
-113 25.5 1.90901e-05
-112.5 25.5 -6.77521e-05
-112 25.5 5.02655e-05
-111.5 25.5 0.000108818
-111 25.5 0.000198958
-110.5 25.5 0.000132019
-110 25.5 0.00010213
-109.5 25.5 2.75457e-05
-109 25.5 8.08268e-05
-108.5 25.5 7.53665e-05
-108 25.5 2.18513e-05
-107.5 25.5 6.34939e-05
-107 25.5 5.70791e-05
-106.5 25.5 -7.63855e-07
-106 25.5 7.93297e-05
-105.5 25.5 0.00011761
-105 25.5 0.000169663
-104.5 25.5 0.000131923
-104 25.5 0.000110987
-103.5 25.5 7.83369e-05
-103 25.5 9.93724e-05
-102.5 25.5 9.37606e-05
-102 25.5 4.9157e-05
-101.5 25.5 0.00013715
-101 25.5 0.000203887
-100.5 25.5 0.000332428
-100 25.5 0.000194861
-99.5 25.5 0.000121221
-99 25.5 9.04304e-06
-98.5 25.5 4.3611e-05
-98 25.5 1.34293e-05
-97.5 25.5 -0.000126
-97 25.5 6.09521e-05
-96.5 25.5 0.00015465
-96 25.5 0.000320375
-95.5 25.5 0.000174344
-95 25.5 0.00011335
-94.5 25.5 2.17804e-06
-94 25.5 7.39094e-05
-93.5 25.5 8.23703e-05
-93 25.5 3.98564e-05
-92.5 25.5 6.5849e-05
-92 25.5 4.02298e-05
-91.5 25.5 -6.91733e-05
-91 25.5 4.95636e-05
-90.5 25.5 8.96938e-05
-90 25.5 0.000133732
-89.5 25.5 0.000107967
-89 25.5 0.000100149
-88.5 25.5 8.42894e-05
-88 25.5 7.49829e-05
-87.5 25.5 4.58362e-05
-87 25.5 3.56351e-07
-86.5 25.5 6.60808e-06
-86 25.5 -1.12666e-05
-85.5 25.5 -9.16806e-05
-85 25.5 7.3976e-06
-84.5 25.5 5.0416e-05
-84 25.5 0.000101389
-83.5 25.5 7.57469e-05
-83 25.5 7.04273e-05
-82.5 25.5 7.95671e-05
-82 25.5 2.03569e-05
-81.5 25.5 -5.0373e-05
-81 25.5 -0.000248793
-119 26 -1.49392e-05
-118.5 26 -3.12083e-05
-118 26 -4.99197e-05
-117.5 26 -7.76597e-05
-117 26 -0.000111017
-116.5 26 -5.44638e-05
-116 26 -7.65708e-06
-115.5 26 3.28376e-05
-115 26 4.42652e-05
-114.5 26 5.7626e-05
-114 26 6.34645e-05
-113.5 26 5.84705e-05
-113 26 5.01122e-05
-112.5 26 3.7287e-05
-112 26 7.31178e-05
-111.5 26 0.000108361
-111 26 0.000139223
-110.5 26 0.000133734
-110 26 0.000129959
-109.5 26 0.000120454
-109 26 0.000120252
-108.5 26 0.000105107
-108 26 8.41152e-05
-107.5 26 8.75577e-05
-107 26 8.59678e-05
-106.5 26 7.7359e-05
-106 26 0.000101714
-105.5 26 0.000119058
-105 26 0.000139196
-104.5 26 0.000129928
-104 26 0.000121397
-103.5 26 0.000108648
-103 26 0.000111395
-102.5 26 0.000119783
-102 26 0.000122183
-101.5 26 0.000162754
-101 26 0.000196335
-100.5 26 0.00022949
-100 26 0.00018254
-99.5 26 0.000128269
-99 26 7.39221e-05
-98.5 26 6.74906e-05
-98 26 6.00705e-05
-97.5 26 4.52123e-05
-97 26 9.74565e-05
-96.5 26 0.000143646
-96 26 0.000186604
-95.5 26 0.000162173
-95 26 0.000135366
-94.5 26 0.000108226
-94 26 0.000120973
-93.5 26 0.00012023
-93 26 0.000111524
-92.5 26 0.00010475
-92 26 9.35916e-05
-91.5 26 7.0274e-05
-91 26 8.96935e-05
-90.5 26 0.000101604
-90 26 0.000117117
-89.5 26 0.000116119
-89 26 0.000117734
-88.5 26 0.000111748
-88 26 8.34296e-05
-87.5 26 5.23025e-05
-87 26 1.77972e-05
-86.5 26 1.63478e-05
-86 26 1.1233e-05
-85.5 26 4.74592e-06
-85 26 3.61563e-05
-84.5 26 5.94264e-05
-84 26 7.664e-05
-83.5 26 7.40346e-05
-83 26 7.45728e-05
-82.5 26 7.47049e-05
-82 26 5.08988e-05
-81.5 26 1.8416e-05
-81 26 -2.76655e-05
-119 26.5 -1.35649e-05
-118.5 26.5 -3.29184e-05
-118 26.5 -3.33321e-05
-117.5 26.5 -3.22275e-05
-117 26.5 -2.51618e-05
-116.5 26.5 -2.12518e-06
-116 26.5 2.43162e-05
-115.5 26.5 4.75887e-05
-115 26.5 5.95807e-05
-114.5 26.5 7.20237e-05
-114 26.5 8.5278e-05
-113.5 26.5 8.09259e-05
-113 26.5 7.97649e-05
-112.5 26.5 8.71378e-05
-112 26.5 9.54238e-05
-111.5 26.5 0.000108043
-111 26.5 0.000121655
-110.5 26.5 0.000140894
-110 26.5 0.000164512
-109.5 26.5 0.000196711
-109 26.5 0.00016693
-108.5 26.5 0.000141333
-108 26.5 0.00012241
-107.5 26.5 0.000118488
-107 26.5 0.000120841
-106.5 26.5 0.000126067
-106 26.5 0.000127375
-105.5 26.5 0.000131544
-105 26.5 0.000136039
-104.5 26.5 0.000133993
-104 26.5 0.0001292
-103.5 26.5 0.000122242
-103 26.5 0.000129717
-102.5 26.5 0.000144312
-102 26.5 0.000167285
-101.5 26.5 0.000180032
-101 26.5 0.000191738
-100.5 26.5 0.000199442
-100 26.5 0.000169888
-99.5 26.5 0.000131708
-99 26.5 9.23225e-05
-98.5 26.5 0.000100327
-98 26.5 0.000117876
-97.5 26.5 0.000145509
-97 26.5 0.000141904
-96.5 26.5 0.000141658
-96 26.5 0.000143353
-95.5 26.5 0.00015388
-95 26.5 0.000162406
-94.5 26.5 0.000181659
-94 26.5 0.000169488
-93.5 26.5 0.000165689
-93 26.5 0.000177581
-92.5 26.5 0.00015536
-92 26.5 0.000153039
-91.5 26.5 0.00016504
-91 26.5 0.000137617
-90.5 26.5 0.000124376
-90 26.5 0.000119025
-89.5 26.5 0.000127273
-89 26.5 0.000134613
-88.5 26.5 0.000143048
-88 26.5 9.67779e-05
-87.5 26.5 5.71634e-05
-87 26.5 1.63121e-05
-86.5 26.5 3.01991e-05
-86 26.5 4.39214e-05
-85.5 26.5 6.18951e-05
-85 26.5 6.48532e-05
-84.5 26.5 6.93758e-05
-84 26.5 7.09053e-05
-83.5 26.5 7.90762e-05
-83 26.5 8.87062e-05
-82.5 26.5 9.75916e-05
-82 26.5 9.31791e-05
-81.5 26.5 9.28803e-05
-81 26.5 0.000111739
-119 27 -1.21189e-05
-118.5 27 -4.94053e-05
-118 27 -8.96771e-06
-117.5 27 2.15509e-05
-117 27 5.2054e-05
-116.5 27 5.12773e-05
-116 27 5.60682e-05
-115.5 27 7.23523e-05
-115 27 7.32813e-05
-114.5 27 8.5153e-05
-114 27 0.000126086
-113.5 27 9.67376e-05
-113 27 9.92674e-05
-112.5 27 0.000147397
-112 27 0.000104789
-111.5 27 0.000105854
-111 27 9.59657e-05
-110.5 27 0.000146907
-110 27 0.0002038
-109.5 27 0.000338841
-109 27 0.000215111
-108.5 27 0.000176396
-108 27 0.000148982
-107.5 27 0.000151091
-107 27 0.000156074
-106.5 27 0.000183942
-106 27 0.000154796
-105.5 27 0.000144543
-105 27 0.000132539
-104.5 27 0.000137579
-104 27 0.000131484
-103.5 27 0.000129339
-103 27 0.000141081
-102.5 27 0.000166913
-102 27 0.000221626
-101.5 27 0.000193997
-101 27 0.000188679
-100.5 27 0.00019527
-100 27 0.000162309
-99.5 27 0.000134869
-99 27 7.45746e-05
-98.5 27 0.000134283
-98 27 0.000179191
-97.5 27 0.000287625
-97 27 0.000181151
-96.5 27 0.000142825
-96 27 7.27727e-05
-95.5 27 0.000145356
-95 27 0.000184438
-94.5 27 0.000290275
-94 27 0.000204295
-93.5 27 0.000201909
-93 27 0.000280622
-92.5 27 0.000201876
-92 27 0.000207347
-91.5 27 0.000309218
-91 27 0.00018044
-90.5 27 0.000135679
-90 27 0.000108517
-89.5 27 0.000126645
-89 27 0.000144261
-88.5 27 0.000233592
-88 27 0.000116511
-87.5 27 6.20414e-05
-87 27 -3.72984e-05
-86.5 27 4.35072e-05
-86 27 7.45392e-05
-85.5 27 0.000135084
-85 27 8.90879e-05
-84.5 27 7.91915e-05
-84 27 5.92335e-05
-83.5 27 8.75194e-05
-83 27 0.000107056
-82.5 27 0.000129253
-82 27 0.000130614
-81.5 27 0.000158996
-81 27 0.000309255
-119 27.5 9.01244e-06
-118.5 27.5 7.55287e-06
-118 27.5 3.96632e-05
-117.5 27.5 7.53333e-05
-117 27.5 0.000109067
-116.5 27.5 9.27509e-05
-116 27.5 7.62508e-05
-115.5 27.5 6.52062e-05
-115 27.5 6.78511e-05
-114.5 27.5 7.6895e-05
-114 27.5 8.59215e-05
-113.5 27.5 8.61262e-05
-113 27.5 8.46584e-05
-112.5 27.5 9.11717e-05
-112 27.5 9.77831e-05
-111.5 27.5 0.000107076
-111 27.5 0.00012189
-110.5 27.5 0.000156256
-110 27.5 0.00019761
-109.5 27.5 0.000245125
-109 27.5 0.000215649
-108.5 27.5 0.000194484
-108 27.5 0.000182807
-107.5 27.5 0.000174216
-107 27.5 0.000176172
-106.5 27.5 0.000180802
-106 27.5 0.000165015
-105.5 27.5 0.000150636
-105 27.5 0.000139421
-104.5 27.5 0.000134824
-104 27.5 0.000128843
-103.5 27.5 0.000125656
-103 27.5 0.000144651
-102.5 27.5 0.000169329
-102 27.5 0.000196856
-101.5 27.5 0.000189645
-101 27.5 0.000175959
-100.5 27.5 0.00016349
-100 27.5 0.000160089
-99.5 27.5 0.000164501
-99 27.5 0.000166042
-98.5 27.5 0.000184095
-98 27.5 0.000202596
-97.5 27.5 0.000223267
-97 27.5 0.000185534
-96.5 27.5 0.000145773
-96 27.5 0.000114078
-95.5 27.5 0.000136083
-95 27.5 0.000160459
-94.5 27.5 0.000186173
-94 27.5 0.00017409
-93.5 27.5 0.000173831
-93 27.5 0.000193725
-92.5 27.5 0.000186998
-92 27.5 0.00019272
-91.5 27.5 0.000211368
-91 27.5 0.000162187
-90.5 27.5 0.000127077
-90 27.5 0.000101767
-89.5 27.5 0.000101246
-89 27.5 0.000109213
-88.5 27.5 0.000126035
-88 27.5 0.000103272
-87.5 27.5 9.01578e-05
-87 27.5 7.4875e-05
-86.5 27.5 8.29618e-05
-86 27.5 8.93375e-05
-85.5 27.5 9.78402e-05
-85 27.5 9.40391e-05
-84.5 27.5 9.19448e-05
-84 27.5 9.24298e-05
-83.5 27.5 0.000108679
-83 27.5 0.000126119
-82.5 27.5 0.000140597
-82 27.5 0.000137702
-81.5 27.5 0.000142753
-81 27.5 0.000170235
-119 28 3.63515e-05
-118.5 28 5.04081e-05
-118 28 8.27889e-05
-117.5 28 0.000132135
-117 28 0.000192574
-116.5 28 0.000135641
-116 28 8.71987e-05
-115.5 28 4.1571e-05
-115 28 5.67325e-05
-114.5 28 6.11837e-05
-114 28 6.17021e-05
-113.5 28 6.27147e-05
-113 28 6.11595e-05
-112.5 28 5.98125e-05
-112 28 8.0495e-05
-111.5 28 0.000104748
-111 28 0.000140599
-110.5 28 0.000158426
-110 28 0.000190198
-109.5 28 0.000225918
-109 28 0.000215717
-108.5 28 0.000210229
-108 28 0.000204242
-107.5 28 0.000199005
-107 28 0.000194786
-106.5 28 0.000190478
-106 28 0.000172386
-105.5 28 0.000152922
-105 28 0.000130885
-104.5 28 0.000128797
-104 28 0.000120475
-103.5 28 0.000111316
-103 28 0.000140508
-102.5 28 0.000170638
-102 28 0.000200387
-101.5 28 0.000184021
-101 28 0.000161315
-100.5 28 0.000133586
-100 28 0.000166836
-99.5 28 0.000204073
-99 28 0.000247857
-98.5 28 0.000232448
-98 28 0.000224586
-97.5 28 0.000220201
-97 28 0.000180407
-96.5 28 0.000138681
-96 28 9.28847e-05
-95.5 28 0.000115717
-95 28 0.000124602
-94.5 28 0.000120471
-94 28 0.000136123
-93.5 28 0.000143955
-93 28 0.00014217
-92.5 28 0.000162752
-92 28 0.000171883
-91.5 28 0.000172686
-91 28 0.000139649
-90.5 28 0.00010314
-90 28 5.74012e-05
-89.5 28 7.25281e-05
-89 28 7.43382e-05
-88.5 28 6.47729e-05
-88 28 9.28194e-05
-87.5 28 0.000119968
-87 28 0.000154923
-86.5 28 0.000123025
-86 28 0.00010001
-85.5 28 8.2963e-05
-85 28 9.4897e-05
-84.5 28 0.000107136
-84 28 0.000119771
-83.5 28 0.000132251
-83 28 0.000145735
-82.5 28 0.000159825
-82 28 0.000135476
-81.5 28 0.000113219
-81 28 8.88475e-05
-119 28.5 5.45397e-05
-118.5 28.5 7.56011e-05
-118 28.5 0.000110797
-117.5 28.5 0.00018044
-117 28.5 0.000395044
-116.5 28.5 0.000179184
-116 28.5 9.48051e-05
-115.5 28.5 -3.91682e-05
-115 28.5 4.67279e-05
-114.5 28.5 5.87936e-05
-114 28.5 1.77071e-05
-113.5 28.5 5.22746e-05
-113 28.5 4.85592e-05
-112.5 28.5 -1.15543e-05
-112 28.5 6.14252e-05
-111.5 28.5 9.79907e-05
-111 28.5 0.000174332
-110.5 28.5 0.000152064
-110 28.5 0.000178405
-109.5 28.5 0.000243637
-109 28.5 0.000218656
-108.5 28.5 0.000220983
-108 28.5 0.000236702
-107.5 28.5 0.000220717
-107 28.5 0.00021289
-106.5 28.5 0.000214695
-106 28.5 0.000183203
-105.5 28.5 0.000155114
-105 28.5 0.000104525
-104.5 28.5 0.00012374
-104 28.5 0.000113981
-103.5 28.5 5.81445e-05
-103 28.5 0.000135478
-102.5 28.5 0.000177802
-102 28.5 0.000239638
-101.5 28.5 0.000185719
-101 28.5 0.000145305
-100.5 28.5 4.92482e-05
-100 28.5 0.000169358
-99.5 28.5 0.000245643
-99 28.5 0.000385693
-98.5 28.5 0.000278765
-98 28.5 0.000245453
-97.5 28.5 0.00023895
-97 28.5 0.000181643
-96.5 28.5 0.000126726
-96 28.5 1.33151e-05
-95.5 28.5 9.30963e-05
-95 28.5 9.9611e-05
-94.5 28.5 2.7737e-05
-94 28.5 0.000113136
-93.5 28.5 0.000126157
-93 28.5 5.62496e-05
-92.5 28.5 0.00014169
-92 28.5 0.000153161
-91.5 28.5 0.000163826
-91 28.5 0.000120351
-90.5 28.5 7.41175e-05
-90 28.5 -3.45769e-05
-89.5 28.5 4.53469e-05
-89 28.5 4.54687e-05
-88.5 28.5 -3.78877e-05
-88 28.5 8.0903e-05
-87.5 28.5 0.000148219
-87 28.5 0.000310596
-86.5 28.5 0.000157896
-86 28.5 0.000107667
-85.5 28.5 2.93961e-05
-85 28.5 9.97987e-05
-84.5 28.5 0.000124928
-84 28.5 0.00014873
-83.5 28.5 0.000150483
-83 28.5 0.000162983
-82.5 28.5 0.000214582
-82 28.5 0.000135528
-81.5 28.5 8.22453e-05
-81 28.5 -3.97627e-05
-119 29 5.37775e-05
-118.5 29 6.1066e-05
-118 29 9.22926e-05
-117.5 29 0.000142358
-117 29 0.000205722
-116.5 29 0.000161726
-116 29 0.000128002
-115.5 29 9.34022e-05
-115 29 9.9425e-05
-114.5 29 8.8123e-05
-114 29 7.32704e-05
-113.5 29 7.53868e-05
-113 29 6.30587e-05
-112.5 29 4.57806e-05
-112 29 5.76803e-05
-111.5 29 6.63467e-05
-111 29 8.55093e-05
-110.5 29 0.000108418
-110 29 0.000142396
-109.5 29 0.00018277
-109 29 0.000201377
-108.5 29 0.000228991
-108 29 0.000252955
-107.5 29 0.000240422
-107 29 0.000227311
-106.5 29 0.000216187
-106 29 0.0001936
-105.5 29 0.000171584
-105 29 0.00014639
-104.5 29 0.000143499
-104 29 0.000134665
-103.5 29 0.000123322
-103 29 0.000152699
-102.5 29 0.000177654
-102 29 0.00019844
-101.5 29 0.00018161
-101 29 0.00016179
-100.5 29 0.000141289
-100 29 0.000193779
-99.5 29 0.000249993
-99 29 0.000308121
-98.5 29 0.00027465
-98 29 0.000238888
-97.5 29 0.000210362
-97 29 0.000180657
-96.5 29 0.000154336
-96 29 0.000119584
-95.5 29 0.000132351
-95 29 0.00013324
-94.5 29 0.000125367
-94 29 0.000153234
-93.5 29 0.000165909
-93 29 0.000157548
-92.5 29 0.000157984
-92 29 0.000141422
-91.5 29 0.000120257
-91 29 0.000105412
-90.5 29 9.49336e-05
-90 29 6.98323e-05
-89.5 29 7.95436e-05
-89 29 7.15585e-05
-88.5 29 5.34258e-05
-88 29 8.96042e-05
-87.5 29 0.000123746
-87 29 0.000163524
-86.5 29 0.000135761
-86 29 0.000119888
-85.5 29 0.000109023
-85 29 0.000128744
-84.5 29 0.00014412
-84 29 0.000156028
-83.5 29 0.000155797
-83 29 0.000158011
-82.5 29 0.000163699
-82 29 0.000130243
-81.5 29 9.43054e-05
-81 29 5.2367e-05
-119 29.5 3.97066e-05
-118.5 29.5 1.93872e-05
-118 29.5 6.2763e-05
-117.5 29.5 0.000103152
-117 29.5 0.000134959
-116.5 29.5 0.000149072
-116 29.5 0.000162532
-115.5 29.5 0.000189316
-115 29.5 0.00015076
-114.5 29.5 0.000124174
-114 29.5 0.000112671
-113.5 29.5 9.3586e-05
-113 29.5 8.14353e-05
-112.5 29.5 7.24451e-05
-112 29.5 5.47431e-05
-111.5 29.5 3.33721e-05
-111 29.5 2.76812e-06
-110.5 29.5 6.39912e-05
-110 29.5 0.000106718
-109.5 29.5 0.000139293
-109 29.5 0.000185864
-108.5 29.5 0.000235887
-108 29.5 0.000295946
-107.5 29.5 0.000263084
-107 29.5 0.000239447
-106.5 29.5 0.000222736
-106 29.5 0.000203117
-105.5 29.5 0.000186376
-105 29.5 0.000171949
-104.5 29.5 0.00016266
-104 29.5 0.000157748
-103.5 29.5 0.000153895
-103 29.5 0.00017131
-102.5 29.5 0.000184301
-102 29.5 0.000188075
-101.5 29.5 0.000185476
-101 29.5 0.000177809
-100.5 29.5 0.000171722
-100 29.5 0.0002122
-99.5 29.5 0.000259492
-99 29.5 0.000305343
-98.5 29.5 0.000270467
-98 29.5 0.000227122
-97.5 29.5 0.000180681
-97 29.5 0.000181513
-96.5 29.5 0.00018245
-96 29.5 0.000189097
-95.5 29.5 0.000180093
-95 29.5 0.000182272
-94.5 29.5 0.000195033
-94 29.5 0.000201058
-93.5 29.5 0.000212278
-93 29.5 0.000231594
-92.5 29.5 0.000179446
-92 29.5 0.00013031
-91.5 29.5 7.36489e-05
-91 29.5 9.95377e-05
-90.5 29.5 0.000120217
-90 29.5 0.000142154
-89.5 29.5 0.000118257
-89 29.5 0.000102029
-88.5 29.5 8.95169e-05
-88 29.5 9.33523e-05
-87.5 29.5 9.66343e-05
-87 29.5 8.56695e-05
-86.5 29.5 0.000112456
-86 29.5 0.000131928
-85.5 29.5 0.000154357
-85 29.5 0.000156507
-84.5 29.5 0.000162875
-84 29.5 0.000171383
-83.5 29.5 0.000162769
-83 29.5 0.00015808
-82.5 29.5 0.000152927
-82 29.5 0.000132135
-81.5 29.5 0.000106914
-81 29.5 8.49708e-05
-119 30 1.80049e-05
-118.5 30 -7.87277e-05
-118 30 3.43108e-05
-117.5 30 7.46352e-05
-117 30 6.25917e-05
-116.5 30 0.000137939
-116 30 0.000192303
-115.5 30 0.000352729
-115 30 0.000194015
-114.5 30 0.000152611
-114 30 0.000153872
-113.5 30 0.000115141
-113 30 0.000102758
-112.5 30 0.000110951
-112 30 5.74696e-05
-111.5 30 4.50355e-06
-111 30 -0.000170087
-110.5 30 1.69268e-05
-110 30 6.83744e-05
-109.5 30 8.39201e-05
-109 30 0.000160173
-108.5 30 0.00023731
-108 30 0.000432796
-107.5 30 0.000279645
-107 30 0.000238524
-106.5 30 0.000235974
-106 30 0.000211808
-105.5 30 0.000200656
-105 30 0.000191463
-104.5 30 0.000184858
-104 30 0.000183306
-103.5 30 0.00016699
-103 30 0.000191032
-102.5 30 0.000198022
-102 30 0.000178593
-101.5 30 0.000196915
-101 30 0.000192041
-100.5 30 0.000166832
-100 30 0.000223619
-99.5 30 0.000270252
-99 30 0.00037156
-98.5 30 0.000272256
-98 30 0.000211033
-97.5 30 0.000109207
-97 30 0.000180195
-96.5 30 0.000212782
-96 30 0.000278244
-95.5 30 0.000226941
-95 30 0.000226222
-94.5 30 0.00027496
-94 30 0.000237141
-93.5 30 0.000254668
-93 30 0.00037732
-92.5 30 0.00020668
-92 30 0.000118862
-91.5 30 -4.86249e-05
-91 30 9.29776e-05
-90.5 30 0.000149748
-90 30 0.000259335
-89.5 30 0.000159116
-89 30 0.000125761
-88.5 30 0.000115703
-88 30 9.6467e-05
-87.5 30 7.10493e-05
-87 30 -3.5078e-05
-86.5 30 9.15224e-05
-86 30 0.00014736
-85.5 30 0.000221934
-85 30 0.000183866
-84.5 30 0.000183347
-84 30 0.000203962
-83.5 30 0.000172586
-83 30 0.000162129
-82.5 30 0.000153035
-82 30 0.000134902
-81.5 30 0.000113452
-81 30 9.70447e-05
-119 30.5 4.04071e-05
-118.5 30.5 1.97755e-05
-118 30.5 5.58828e-05
-117.5 30.5 7.75794e-05
-117 30.5 9.17604e-05
-116.5 30.5 0.000126642
-116 30.5 0.000160892
-115.5 30.5 0.000203193
-115 30.5 0.000165787
-114.5 30.5 0.000142456
-114 30.5 0.000135422
-113.5 30.5 0.000119009
-113 30.5 0.000113455
-112.5 30.5 0.000106315
-112 30.5 8.04116e-05
-111.5 30.5 4.4817e-05
-111 30.5 -2.43209e-06
-110.5 30.5 3.78213e-05
-110 30.5 5.56422e-05
-109.5 30.5 6.43188e-05
-109 30.5 0.000113403
-108.5 30.5 0.000169318
-108 30.5 0.000235642
-107.5 30.5 0.00021331
-107 30.5 0.000208276
-106.5 30.5 0.000209691
-106 30.5 0.00020927
-105.5 30.5 0.000210093
-105 30.5 0.00021261
-104.5 30.5 0.000215557
-104 30.5 0.000220824
-103.5 30.5 0.000224157
-103 30.5 0.000230843
-102.5 30.5 0.000232421
-102 30.5 0.000228557
-101.5 30.5 0.000224345
-101 30.5 0.000216988
-100.5 30.5 0.000210277
-100 30.5 0.00022757
-99.5 30.5 0.000253359
-99 30.5 0.000280035
-98.5 30.5 0.000248498
-98 30.5 0.000214551
-97.5 30.5 0.000179354
-97 30.5 0.000202138
-96.5 30.5 0.000226417
-96 30.5 0.000254118
-95.5 30.5 0.000239684
-95 30.5 0.000233134
-94.5 30.5 0.000235585
-94 30.5 0.000228281
-93.5 30.5 0.000230862
-93 30.5 0.000249369
-92.5 30.5 0.00019463
-92 30.5 0.000149738
-91.5 30.5 0.00010258
-91 30.5 0.000129384
-90.5 30.5 0.000152775
-90 30.5 0.000180967
-89.5 30.5 0.000149998
-89 30.5 0.000130738
-88.5 30.5 0.000116583
-88 30.5 0.000106524
-87.5 30.5 9.60738e-05
-87 30.5 7.66557e-05
-86.5 30.5 0.000123606
-86 30.5 0.000163182
-85.5 30.5 0.000199537
-85 30.5 0.000194586
-84.5 30.5 0.000189429
-84 30.5 0.000187186
-83.5 30.5 0.000173105
-83 30.5 0.000164872
-82.5 30.5 0.000155611
-82 30.5 0.000134476
-81.5 30.5 0.000110308
-81 30.5 9.12091e-05
-119 31 6.59972e-05
-118.5 31 7.09333e-05
-118 31 7.71127e-05
-117.5 31 8.60688e-05
-117 31 9.6966e-05
-116.5 31 0.000113185
-116 31 0.000127004
-115.5 31 0.00012801
-115 31 0.000135367
-114.5 31 0.00013179
-114 31 0.000124573
-113.5 31 0.000126218
-113 31 0.000125111
-112.5 31 0.000131772
-112 31 0.000102131
-111.5 31 8.29745e-05
-111 31 6.98305e-05
-110.5 31 5.46389e-05
-110 31 3.2746e-05
-109.5 31 2.71095e-06
-109 31 5.44032e-05
-108.5 31 9.51442e-05
-108 31 0.000106433
-107.5 31 0.000152296
-107 31 0.000175193
-106.5 31 0.000186171
-106 31 0.00020823
-105.5 31 0.000224707
-105 31 0.00024457
-104.5 31 0.000249337
-104 31 0.000263859
-103.5 31 0.000285323
-103 31 0.000278266
-102.5 31 0.000273365
-102 31 0.000271974
-101.5 31 0.00025304
-101 31 0.000237598
-100.5 31 0.000224309
-100 31 0.000231564
-99.5 31 0.000238502
-99 31 0.000234021
-98.5 31 0.00023215
-98 31 0.00021953
-97.5 31 0.000205942
-97 31 0.000222697
-96.5 31 0.000243837
-96 31 0.000267363
-95.5 31 0.000247629
-95 31 0.000228633
-94.5 31 0.000208528
-94 31 0.000209778
-93.5 31 0.000206075
-93 31 0.000193104
-92.5 31 0.000187627
-92 31 0.000179961
-91.5 31 0.000179864
-91 31 0.000164327
-90.5 31 0.000157788
-90 31 0.000146167
-89.5 31 0.000143006
-89 31 0.00013022
-88.5 31 0.000118269
-88 31 0.000121554
-87.5 31 0.000128272
-87 31 0.000141748
-86.5 31 0.000161195
-86 31 0.000187678
-85.5 31 0.000216667
-85 31 0.000204729
-84.5 31 0.000191698
-84 31 0.000182799
-83.5 31 0.00017241
-83 31 0.000167784
-82.5 31 0.00016327
-82 31 0.000133253
-81.5 31 0.000100475
-81 31 6.69884e-05
-119 31.5 9.43439e-05
-118.5 31.5 0.000124316
-118 31.5 9.71921e-05
-117.5 31.5 8.97095e-05
-117 31.5 0.000100929
-116.5 31.5 9.77814e-05
-116 31.5 9.45969e-05
-115.5 31.5 4.10129e-05
-115 31.5 0.000110361
-114.5 31.5 0.000119746
-114 31.5 0.000111522
-113.5 31.5 0.000127274
-113 31.5 0.00014011
-112.5 31.5 0.00017767
-112 31.5 0.000129372
-111.5 31.5 0.00011698
-111 31.5 0.000153383
-110.5 31.5 6.79382e-05
-110 31.5 9.56792e-06
-109.5 31.5 -0.000132801
-109 31.5 4.1365e-06
-108.5 31.5 3.18632e-05
-108 31.5 -5.42062e-05
-107.5 31.5 0.000101127
-107 31.5 0.000154371
-106.5 31.5 0.00015175
-106 31.5 0.00021066
-105.5 31.5 0.000242441
-105 31.5 0.00028817
-104.5 31.5 0.000281766
-104 31.5 0.000307271
-103.5 31.5 0.00037443
-103 31.5 0.000319616
-102.5 31.5 0.000304601
-102 31.5 0.000337435
-101.5 31.5 0.000277312
-101 31.5 0.000249455
-100.5 31.5 0.000233052
-100 31.5 0.000231582
-99.5 31.5 0.000224598
-99 31.5 0.000181905
-98.5 31.5 0.000224337
-98 31.5 0.000227093
-97.5 31.5 0.000210837
-97 31.5 0.00023847
-96.5 31.5 0.000259409
-96 31.5 0.00031586
-95.5 31.5 0.000255099
-95 31.5 0.000223703
-94.5 31.5 0.000156719
-94 31.5 0.000196642
-93.5 31.5 0.000185195
-93 31.5 0.000123496
-92.5 31.5 0.000180619
-92 31.5 0.000204299
-91.5 31.5 0.000285632
-91 31.5 0.000194076
-90.5 31.5 0.000158409
-90 31.5 0.000105657
-89.5 31.5 0.000134398
-89 31.5 0.000132678
-88.5 31.5 0.000104536
-88 31.5 0.000138362
-87.5 31.5 0.00016102
-87 31.5 0.000205462
-86.5 31.5 0.000193003
-86 31.5 0.000208631
-85.5 31.5 0.000264862
-85 31.5 0.000209687
-84.5 31.5 0.000187643
-84 31.5 0.000180776
-83.5 31.5 0.000170804
-83 31.5 0.000172984
-82.5 31.5 0.000192869
-82 31.5 0.000135979
-81.5 31.5 8.91919e-05
-81 31.5 5.54628e-07
-119 32 0.000105648
-118.5 32 0.000113729
-118 32 9.46437e-05
-117.5 32 7.85228e-05
-117 32 6.88284e-05
-116.5 32 8.03654e-05
-116 32 9.73285e-05
-115.5 32 0.000101945
-115 32 0.000119461
-114.5 32 0.000125591
-114 32 0.00012279
-113.5 32 0.000129698
-113 32 0.000128456
-112.5 32 0.000135054
-112 32 0.000124762
-111.5 32 0.000122329
-111 32 0.000118215
-110.5 32 7.94989e-05
-110 32 3.49512e-05
-109.5 32 -9.12032e-06
-109 32 2.89528e-05
-108.5 32 5.89223e-05
-108 32 5.82318e-05
-107.5 32 0.000127346
-107 32 0.000172006
-106.5 32 0.000202919
-106 32 0.000229761
-105.5 32 0.000251299
-105 32 0.00027131
-104.5 32 0.000294943
-104 32 0.000319886
-103.5 32 0.000346942
-103 32 0.000325456
-102.5 32 0.000314367
-102 32 0.000304201
-101.5 32 0.000277825
-101 32 0.000255826
-100.5 32 0.000236911
-100 32 0.000236465
-99.5 32 0.000240419
-99 32 0.000233538
-98.5 32 0.000245142
-98 32 0.000248355
-97.5 32 0.000245377
-97 32 0.00024968
-96.5 32 0.000254418
-96 32 0.000260881
-95.5 32 0.000249874
-95 32 0.000239131
-94.5 32 0.000221919
-94 32 0.000215109
-93.5 32 0.000197903
-93 32 0.000171104
-92.5 32 0.000186222
-92 32 0.000200944
-91.5 32 0.000219272
-91 32 0.000189841
-90.5 32 0.000170669
-90 32 0.000147264
-89.5 32 0.00015194
-89 32 0.000147567
-88.5 32 0.00014283
-88 32 0.000159269
-87.5 32 0.000176891
-87 32 0.000196351
-86.5 32 0.000196426
-86 32 0.000199539
-85.5 32 0.000207831
-85 32 0.000188144
-84.5 32 0.000171186
-84 32 0.000161219
-83.5 32 0.000163197
-83 32 0.000169231
-82.5 32 0.000173128
-82 32 0.000139361
-81.5 32 0.000102411
-81 32 6.49522e-05
-119 32.5 0.000108371
-118.5 32.5 0.000115228
-118 32.5 9.14755e-05
-117.5 32.5 6.20266e-05
-117 32.5 2.29841e-05
-116.5 32.5 6.96982e-05
-116 32.5 0.000111389
-115.5 32.5 0.00014564
-115 32.5 0.000140619
-114.5 32.5 0.00013541
-114 32.5 0.000126262
-113.5 32.5 0.000125512
-113 32.5 0.000116759
-112.5 32.5 9.98229e-05
-112 32.5 0.000116056
-111.5 32.5 0.000122056
-111 32.5 0.000124297
-110.5 32.5 9.41439e-05
-110 32.5 7.07199e-05
-109.5 32.5 4.76494e-05
-109 32.5 7.19609e-05
-108.5 32.5 9.36381e-05
-108 32.5 0.000121561
-107.5 32.5 0.00015526
-107 32.5 0.00020208
-106.5 32.5 0.000247502
-106 32.5 0.000254145
-105.5 32.5 0.000254383
-105 32.5 0.000262329
-104.5 32.5 0.000292915
-104 32.5 0.000325062
-103.5 32.5 0.000353542
-103 32.5 0.000342235
-102.5 32.5 0.00031405
-102 32.5 0.000284697
-101.5 32.5 0.000276407
-101 32.5 0.000257396
-100.5 32.5 0.0002321
-100 32.5 0.000250344
-99.5 32.5 0.000257932
-99 32.5 0.000268713
-98.5 32.5 0.000271008
-98 32.5 0.000272387
-97.5 32.5 0.000270476
-97 32.5 0.00026489
-96.5 32.5 0.000252285
-96 32.5 0.000229392
-95.5 32.5 0.000251428
-95 32.5 0.000263561
-94.5 32.5 0.00027287
-94 32.5 0.000244227
-93.5 32.5 0.000214202
-93 32.5 0.000183576
-92.5 32.5 0.000191595
-92 32.5 0.000196715
-91.5 32.5 0.000192029
-91 32.5 0.000188328
-90.5 32.5 0.000179105
-90 32.5 0.000171364
-89.5 32.5 0.000165519
-89 32.5 0.000162672
-88.5 32.5 0.000162672
-88 32.5 0.000174825
-87.5 32.5 0.000187102
-87 32.5 0.000198456
-86.5 32.5 0.000192619
-86 32.5 0.000186034
-85.5 32.5 0.000172818
-85 32.5 0.000166943
-84.5 32.5 0.000153254
-84 32.5 0.000137543
-83.5 32.5 0.000153332
-83 32.5 0.000168271
-82.5 32.5 0.000183224
-82 32.5 0.000146735
-81.5 32.5 0.000113292
-81 32.5 8.64046e-05
-119 33 0.000115322
-118.5 33 0.000145296
-118 33 9.60413e-05
-117.5 33 5.16035e-05
-117 33 -9.74865e-05
-116.5 33 6.55601e-05
-116 33 0.000133822
-115.5 33 0.000228516
-115 33 0.000167493
-114.5 33 0.000143652
-114 33 0.00012286
-113.5 33 0.000121677
-113 33 0.000102716
-112.5 33 3.4573e-05
-112 33 0.000108907
-111.5 33 0.000136282
-111 33 0.000143182
-110.5 33 0.000127322
-110 33 0.000106206
-109.5 33 7.2455e-05
-109 33 0.000103513
-108.5 33 0.000125719
-108 33 0.000174901
-107.5 33 0.000182708
-107 33 0.000227547
-106.5 33 0.000334844
-106 33 0.000269444
-105.5 33 0.000261501
-105 33 0.00021736
-104.5 33 0.000292041
-104 33 0.0003439
-103.5 33 0.000402818
-103 33 0.000349845
-102.5 33 0.000324728
-102 33 0.000242738
-101.5 33 0.000284546
-101 33 0.00026912
-100.5 33 0.000197604
-100 33 0.000251891
-99.5 33 0.000279449
-99 33 0.000316644
-98.5 33 0.000300974
-98 33 0.000300861
-97.5 33 0.000306733
-97 33 0.000283063
-96.5 33 0.000257378
-96 33 0.00015566
-95.5 33 0.000258235
-95 33 0.000293544
-94.5 33 0.000363225
-94 33 0.000274087
-93.5 33 0.000230357
-93 33 0.000164362
-92.5 33 0.000196236
-92 33 0.000193418
-91.5 33 0.000162182
-91 33 0.000186987
-90.5 33 0.000188706
-90 33 0.000191343
-89.5 33 0.000178868
-89 33 0.000175697
-88.5 33 0.000173439
-88 33 0.000187112
-87.5 33 0.000201135
-87 33 0.000210556
-86.5 33 0.000197669
-86 33 0.000180936
-85.5 33 0.000127899
-85 33 0.000152043
-84.5 33 0.000136744
-84 33 8.56632e-05
-83.5 33 0.000139372
-83 33 0.000167733
-82.5 33 0.000237235
-82 33 0.000154823
-81.5 33 0.000119189
-81 33 8.89286e-05
-119 33.5 0.000122774
-118.5 33.5 0.000139408
-118 33.5 0.000121743
-117.5 33.5 9.91244e-05
-117 33.5 6.96986e-05
-116.5 33.5 0.00011106
-116 33.5 0.000151111
-115.5 33.5 0.0001876
-115 33.5 0.000165722
-114.5 33.5 0.000147587
-114 33.5 0.00012843
-113.5 33.5 0.00012409
-113 33.5 0.000119931
-112.5 33.5 0.000107966
-112 33.5 0.000140651
-111.5 33.5 0.000159202
-111 33.5 0.000177416
-110.5 33.5 0.000161287
-110 33.5 0.000152743
-109.5 33.5 0.00013525
-109 33.5 0.000135509
-108.5 33.5 0.000128153
-108 33.5 0.00014186
-107.5 33.5 0.000174338
-107 33.5 0.000223548
-106.5 33.5 0.000269508
-106 33.5 0.000277295
-105.5 33.5 0.000274847
-105 33.5 0.000273986
-104.5 33.5 0.000330132
-104 33.5 0.000364873
-103.5 33.5 0.000389701
-103 33.5 0.000389531
-102.5 33.5 0.000365836
-102 33.5 0.000335001
-101.5 33.5 0.000333814
-101 33.5 0.000305081
-100.5 33.5 0.000263526
-100 33.5 0.000278752
-99.5 33.5 0.000294746
-99 33.5 0.000314146
-98.5 33.5 0.000319172
-98 33.5 0.000321754
-97.5 33.5 0.000319207
-97 33.5 0.00031241
-96.5 33.5 0.000300717
-96 33.5 0.000278266
-95.5 33.5 0.000298395
-95 33.5 0.00030742
-94.5 33.5 0.000313902
-94 33.5 0.000282838
-93.5 33.5 0.000251723
-93 33.5 0.000220065
-92.5 33.5 0.000216346
-92 33.5 0.000208053
-91.5 33.5 0.000193889
-91 33.5 0.0001983
-90.5 33.5 0.000195435
-90 33.5 0.000191953
-89.5 33.5 0.000188176
-89 33.5 0.000189665
-88.5 33.5 0.000192923
-88 33.5 0.000206944
-87.5 33.5 0.000218701
-87 33.5 0.000230494
-86.5 33.5 0.000216889
-86 33.5 0.000200866
-85.5 33.5 0.000178202
-85 33.5 0.00016341
-84.5 33.5 0.000140596
-84 33.5 0.000114846
-83.5 33.5 0.000130652
-83 33.5 0.000145849
-82.5 33.5 0.000162311
-82 33.5 0.000137797
-81.5 33.5 0.000118105
-81 33.5 0.000103602
-119 34 0.000137431
-118.5 34 0.000174421
-118 34 0.000151981
-117.5 34 0.000150273
-117 34 0.00016725
-116.5 34 0.000160185
-116 34 0.000170065
-115.5 34 0.000181582
-115 34 0.000168393
-114.5 34 0.000147943
-114 34 0.000117687
-113.5 34 0.000133179
-113 34 0.000144217
-112.5 34 0.000154135
-112 34 0.000175719
-111.5 34 0.00020137
-111 34 0.000225657
-110.5 34 0.000209483
-110 34 0.000192736
-109.5 34 0.000184957
-109 34 0.000153762
-108.5 34 0.000126694
-108 34 9.4864e-05
-107.5 34 0.000159802
-107 34 0.000210875
-106.5 34 0.0002617
-106 34 0.000274928
-105.5 34 0.000287971
-105 34 0.000323172
-104.5 34 0.000344833
-104 34 0.000392646
-103.5 34 0.000438505
-103 34 0.000411816
-102.5 34 0.00040595
-102 34 0.000411117
-101.5 34 0.00036455
-101 34 0.000320641
-100.5 34 0.000285539
-100 34 0.000280392
-99.5 34 0.000296254
-99 34 0.000314497
-98.5 34 0.000325784
-98 34 0.000333372
-97.5 34 0.000338906
-97 34 0.000338408
-96.5 34 0.000344659
-96 34 0.000359459
-95.5 34 0.000335475
-95 34 0.000319305
-94.5 34 0.000300162
-94 34 0.000287336
-93.5 34 0.000268412
-93 34 0.000248733
-92.5 34 0.000235281
-92 34 0.000223524
-91.5 34 0.000209637
-91 34 0.000208831
-90.5 34 0.000202939
-90 34 0.000195389
-89.5 34 0.000197832
-89 34 0.00020339
-88.5 34 0.00021311
-88 34 0.000225114
-87.5 34 0.000243492
-87 34 0.000272669
-86.5 34 0.000242359
-86 34 0.000223903
-85.5 34 0.0002184
-85 34 0.000176643
-84.5 34 0.000140803
-84 34 0.000107122
-83.5 34 0.000117742
-83 34 0.000124378
-82.5 34 0.000122856
-82 34 0.000120121
-81.5 34 0.000113303
-81 34 0.000109622
-119 34.5 0.000147046
-118.5 34.5 0.000252055
-118 34.5 0.000173094
-117.5 34.5 0.00018371
-117 34.5 0.00030466
-116.5 34.5 0.000195788
-116 34.5 0.000184328
-115.5 34.5 0.000198875
-115 34.5 0.000175244
-114.5 34.5 0.00015124
-114 34.5 7.2837e-05
-113.5 34.5 0.000148084
-113 34.5 0.000171723
-112.5 34.5 0.00019234
-112 34.5 0.000209395
-111.5 34.5 0.000234181
-111 34.5 0.000323372
-110.5 34.5 0.000244668
-110 34.5 0.000230707
-109.5 34.5 0.000247766
-109 34.5 0.000182929
-108.5 34.5 0.000124329
-108 34.5 -3.67935e-05
-107.5 34.5 0.000139623
-107 34.5 0.000205146
-106.5 34.5 0.000266332
-106 34.5 0.000278051
-105.5 34.5 0.0003151
-105 34.5 0.000331523
-104.5 34.5 0.000395488
-104 34.5 0.000426119
-103.5 34.5 0.000505202
-103 34.5 0.000463313
-102.5 34.5 0.000455267
-102 34.5 0.000504956
-101.5 34.5 0.000390821
-101 34.5 0.0003412
-100.5 34.5 0.000265446
-100 34.5 0.000294231
-99.5 34.5 0.000319395
-99 34.5 0.000307803
-98.5 34.5 0.00034398
-98 34.5 0.000362188
-97.5 34.5 0.000357892
-97 34.5 0.000372281
-96.5 34.5 0.000395334
-96 34.5 0.000474301
-95.5 34.5 0.000376258
-95 34.5 0.000337685
-94.5 34.5 0.000271988
-94 34.5 0.000296039
-93.5 34.5 0.000286497
-93 34.5 0.000272701
-92.5 34.5 0.000256478
-92 34.5 0.000242742
-91.5 34.5 0.000213801
-91 34.5 0.000220987
-90.5 34.5 0.000212241
-90 34.5 0.000189762
-89.5 34.5 0.000207833
-89 34.5 0.000218699
-88.5 34.5 0.000226958
-88 34.5 0.000239587
-87.5 34.5 0.000263357
-87 34.5 0.000367234
-86.5 34.5 0.000259784
-86 34.5 0.000239414
-85.5 34.5 0.000292264
-85 34.5 0.000187407
-84.5 34.5 0.000137436
-84 34.5 6.39756e-05
-83.5 34.5 0.000105615
-83 34.5 0.000107979
-82.5 34.5 7.98762e-05
-82 34.5 0.000104589
-81.5 34.5 0.000107401
-81 34.5 0.000119634
-119 35 0.000108275
-118.5 35 0.000129391
-118 35 0.00013034
-117.5 35 0.000157558
-117 35 0.000199666
-116.5 35 0.000184018
-116 35 0.000184689
-115.5 35 0.000194634
-115 35 0.000190163
-114.5 35 0.000186861
-114 35 0.000176445
-113.5 35 0.000189296
-113 35 0.000200891
-112.5 35 0.000214928
-112 35 0.000220344
-111.5 35 0.000239435
-111 35 0.00026197
-110.5 35 0.000249102
-110 35 0.000244727
-109.5 35 0.000250867
-109 35 0.00021313
-108.5 35 0.000172565
-108 35 0.000123175
-107.5 35 0.000166763
-107 35 0.000199664
-106.5 35 0.000231146
-106 35 0.000281255
-105.5 35 0.000306937
-105 35 0.000385255
-104.5 35 0.000387886
-104 35 0.000439628
-103.5 35 0.000482375
-103 35 0.000461225
-102.5 35 0.000434167
-102 35 0.00043772
-101.5 35 0.000426918
-101 35 0.000381708
-100.5 35 0.00034046
-100 35 0.000365681
-99.5 35 0.000377869
-99 35 0.000375837
-98.5 35 0.000399956
-98 35 0.000405505
-97.5 35 0.000403446
-97 35 0.000410421
-96.5 35 0.000415906
-96 35 0.000427771
-95.5 35 0.00039568
-95 35 0.000365515
-94.5 35 0.000333668
-94 35 0.00032321
-93.5 35 0.000309722
-93 35 0.000296121
-92.5 35 0.000284125
-92 35 0.000271625
-91.5 35 0.000257022
-91 35 0.000243898
-90.5 35 0.000228461
-90 35 0.000215181
-89.5 35 0.000223324
-89 35 0.000231284
-88.5 35 0.000239534
-88 35 0.000236984
-87.5 35 0.000238172
-87 35 0.00025128
-86.5 35 0.000223791
-86 35 0.000208602
-85.5 35 0.000206458
-85 35 0.000170623
-84.5 35 0.000141964
-84 35 0.000114514
-83.5 35 0.000115414
-83 35 0.000110324
-82.5 35 9.85005e-05
-82 35 0.000100452
-81.5 35 9.76266e-05
-81 35 9.51068e-05
-119 35.5 6.45667e-05
-118.5 35.5 2.53966e-05
-118 35.5 7.5473e-05
-117.5 35.5 0.000116521
-117 35.5 0.000152396
-116.5 35.5 0.000166666
-116 35.5 0.000182421
-115.5 35.5 0.00020287
-115 35.5 0.000206829
-114.5 35.5 0.000219647
-114 35.5 0.000251858
-113.5 35.5 0.000227072
-113 35.5 0.000224278
-112.5 35.5 0.000232731
-112 35.5 0.000231878
-111.5 35.5 0.000236359
-111 35.5 0.000235086
-110.5 35.5 0.000251482
-110 35.5 0.000265296
-109.5 35.5 0.000281696
-109 35.5 0.000247723
-108.5 35.5 0.000215777
-108 35.5 0.000191281
-107.5 35.5 0.000195563
-107 35.5 0.000199979
-106.5 35.5 0.000193465
-106 35.5 0.000265841
-105.5 35.5 0.000349577
-105 35.5 0.000375739
-104.5 35.5 0.000455611
-104 35.5 0.000469207
-103.5 35.5 0.000461538
-103 35.5 0.000453629
-102.5 35.5 0.000452249
-97.5 35.5 0.000437435
-97 35.5 0.000438256
-96.5 35.5 0.000429772
-96 35.5 0.000419449
-95.5 35.5 0.00040777
-95 35.5 0.000389141
-94.5 35.5 0.000373126
-94 35.5 0.000351793
-93.5 35.5 0.000335222
-93 35.5 0.000325652
-92.5 35.5 0.000310852
-92 35.5 0.000300981
-91.5 35.5 0.000296749
-91 35.5 0.000267618
-90.5 35.5 0.000244034
-90 35.5 0.000226277
-89.5 35.5 0.000233282
-89 35.5 0.000241852
-88.5 35.5 0.000253079
-88 35.5 0.000229679
-87.5 35.5 0.000205618
-87 35.5 0.000172378
-86.5 35.5 0.000179713
-86 35.5 0.000171829
-85.5 35.5 0.000150952
-85 35.5 0.000150746
-84.5 35.5 0.000144716
-84 35.5 0.000140352
-83.5 35.5 0.000126322
-83 35.5 0.000115788
-82.5 35.5 0.000104655
-82 35.5 9.81911e-05
-81.5 35.5 8.81681e-05
-81 35.5 7.23915e-05
-119 36 1.4273e-05
-118.5 36 -0.000158366
-118 36 1.49644e-05
-117.5 36 7.951e-05
-117 36 0.000113696
-116.5 36 0.000152336
-116 36 0.000174709
-115.5 36 0.000226743
-115 36 0.000207881
-114.5 36 0.000239762
-114 36 0.000382885
-113.5 36 0.00025596
-113 36 0.000242214
-112.5 36 0.000262943
-112 36 0.000242375
-111.5 36 0.000235969
-111 36 0.000196027
-110.5 36 0.000255544
-110 36 0.000284907
-109.5 36 0.000356761
-109 36 0.00027622
-108.5 36 0.000246728
-108 36 0.000256688
-107.5 36 0.000225371
-107 36 0.000203979
-106.5 36 7.7531e-05
-106 36 0.000290357
-105.5 36 0.000342991
-105 36 0.000453771
-104.5 36 0.000467655
-104 36 0.000469318
-103.5 36 0.000454203
-96.5 36 0.000445687
-96 36 0.000401367
-95.5 36 0.000414485
-95 36 0.000405549
-94.5 36 0.00042273
-94 36 0.000376685
-93.5 36 0.000359733
-93 36 0.000355638
-92.5 36 0.000333343
-92 36 0.000324049
-91.5 36 0.000359968
-91 36 0.000287704
-90.5 36 0.000255893
-90 36 0.0002164
-89.5 36 0.000238736
-89 36 0.000250393
-88.5 36 0.000295753
-88 36 0.000226151
-87.5 36 0.000177119
-87 36 5.18111e-05
-86.5 36 0.000142743
-86 36 0.000139302
-85.5 36 7.35731e-05
-85 36 0.000133652
-84.5 36 0.000146325
-84 36 0.000176851
-83.5 36 0.000136379
-83 36 0.000121239
-82.5 36 0.000107369
-82 36 9.83216e-05
-81.5 36 8.06881e-05
-81 36 2.60043e-05
-119 36.5 1.01081e-05
-118.5 36.5 -6.41186e-05
-118 36.5 4.22752e-06
-117.5 36.5 6.45192e-05
-117 36.5 0.00011181
-116.5 36.5 0.000139321
-116 36.5 0.000151646
-115.5 36.5 0.000161736
-115 36.5 0.000176039
-114.5 36.5 0.000201798
-114 36.5 0.000249885
-113.5 36.5 0.000235796
-113 36.5 0.000241407
-112.5 36.5 0.000258826
-112 36.5 0.000254842
-111.5 36.5 0.000258782
-111 36.5 0.000255241
-110.5 36.5 0.000272483
-110 36.5 0.000284229
-109.5 36.5 0.000299566
-109 36.5 0.000272626
-108.5 36.5 0.000261837
-108 36.5 0.000262317
-107.5 36.5 0.000252096
-107 36.5 0.000258661
-106.5 36.5 0.00027495
-106 36.5 0.000304824
-105.5 36.5 0.00040843
-105 36.5 0.000443837
-104.5 36.5 0.000455729
-95.5 36.5 0.000424701
-95 36.5 0.000413189
-94.5 36.5 0.000404096
-94 36.5 0.000386797
-93.5 36.5 0.000370149
-93 36.5 0.000357923
-92.5 36.5 0.000338027
-92 36.5 0.000323668
-91.5 36.5 0.000315778
-91 36.5 0.000289136
-90.5 36.5 0.000265527
-90 36.5 0.00024615
-89.5 36.5 0.000244554
-89 36.5 0.000244877
-88.5 36.5 0.00024883
-88 36.5 0.000218046
-87.5 36.5 0.000185694
-87 36.5 0.000142145
-86.5 36.5 0.000150204
-86 36.5 0.00014401
-85.5 36.5 0.000122508
-85 36.5 0.000135709
-84.5 36.5 0.000141581
-84 36.5 0.000146975
-83.5 36.5 0.000134734
-83 36.5 0.000125771
-82.5 36.5 0.00011712
-82 36.5 0.000106923
-81.5 36.5 9.27409e-05
-81 36.5 7.29246e-05
-119 37 -2.24646e-06
-118.5 37 -8.09308e-05
-118 37 -3.69994e-06
-117.5 37 6.53225e-05
-117 37 0.000119587
-116.5 37 0.000130447
-116 37 0.000122509
-115.5 37 0.00010196
-115 37 0.000130907
-114.5 37 0.000158864
-114 37 0.000182428
-113.5 37 0.00020931
-113 37 0.000237949
-112.5 37 0.000274224
-112 37 0.000269121
-111.5 37 0.000277422
-111 37 0.000298792
-110.5 37 0.000283657
-110 37 0.000280584
-109.5 37 0.000270423
-109 37 0.00027059
-108.5 37 0.000272728
-108 37 0.000264964
-107.5 37 0.000289867
-107 37 0.000333923
-106.5 37 0.000363274
-106 37 0.000393403
-105.5 37 0.00042559
-105 37 0.000416442
-95 37 0.00042102
-94.5 37 0.000396284
-94 37 0.000390919
-93.5 37 0.000377763
-93 37 0.000358808
-92.5 37 0.000340429
-92 37 0.000317918
-91.5 37 0.000292191
-91 37 0.000283838
-90.5 37 0.000271822
-90 37 0.000259606
-89.5 37 0.000249532
-89 37 0.000240187
-88.5 37 0.000226328
-88 37 0.000215187
-87.5 37 0.000198498
-87 37 0.000180179
-86.5 37 0.000168145
-86 37 0.000155619
-85.5 37 0.000140881
-85 37 0.000141816
-84.5 37 0.000139463
-84 37 0.000133238
-83.5 37 0.000133438
-83 37 0.000131349
-82.5 37 0.000129651
-82 37 0.000118717
-81.5 37 0.000106583
-81 37 9.463e-05
-119 37.5 -1.02707e-05
-118.5 37.5 -0.000207189
-118 37.5 -1.19663e-06
-117.5 37.5 8.22026e-05
-117 37.5 0.00015354
-116.5 37.5 0.000131246
-116 37.5 9.76811e-05
-115.5 37.5 -8.42449e-06
-115 37.5 9.52502e-05
-114.5 37.5 0.000121991
-114 37.5 9.89218e-05
-113.5 37.5 0.000179311
-113 37.5 0.000225676
-112.5 37.5 0.000322168
-112 37.5 0.000275021
-111.5 37.5 0.00029309
-111 37.5 0.000366665
-110.5 37.5 0.000300496
-110 37.5 0.000275144
-109.5 37.5 0.000234091
-109 37.5 0.000269404
-108.5 37.5 0.000272107
-108 37.5 0.000261483
-107.5 37.5 0.000325652
-107 37.5 0.000376677
-106.5 37.5 0.000527929
-106 37.5 0.000444221
-105.5 37.5 0.000422749
-94.5 37.5 0.000365767
-94 37.5 0.000397038
-93.5 37.5 0.000385121
-93 37.5 0.0003604
-92.5 37.5 0.000343932
-92 37.5 0.000317204
-91.5 37.5 0.000246303
-91 37.5 0.000282794
-90.5 37.5 0.000277396
-90 37.5 0.000274764
-89.5 37.5 0.000252172
-89 37.5 0.000233831
-88.5 37.5 0.000202391
-88 37.5 0.000212694
-87.5 37.5 0.000208238
-87 37.5 0.000225257
-86.5 37.5 0.000185871
-86 37.5 0.000170139
-85.5 37.5 0.000151215
-85 37.5 0.00014879
-84.5 37.5 0.000138747
-84 37.5 0.000112013
-83.5 37.5 0.000131692
-83 37.5 0.000136965
-82.5 37.5 0.000149323
-82 37.5 0.000130506
-81.5 37.5 0.000119523
-81 37.5 0.000105447
-119 38 4.77504e-05
-118.5 38 3.09191e-06
-118 38 6.36563e-05
-117.5 38 0.00011143
-117 38 0.00015068
-116.5 38 0.000132433
-116 38 0.000106386
-115.5 38 6.79357e-05
-115 38 9.42355e-05
-114.5 38 0.000106018
-114 38 0.000109101
-113.5 38 0.000153424
-113 38 0.0001935
-112.5 38 0.000232856
-112 38 0.000250623
-111.5 38 0.000275628
-111 38 0.000313668
-110.5 38 0.000293795
-110 38 0.000282379
-109.5 38 0.00026961
-109 38 0.000275366
-108.5 38 0.00029271
-108 38 0.000308439
-107.5 38 0.000343996
-107 38 0.000409892
-106.5 38 0.000476925
-106 38 0.00045001
-94 38 0.000419751
-93.5 38 0.000401526
-93 38 0.000379147
-92.5 38 0.000359499
-92 38 0.000335461
-91.5 38 0.000306961
-91 38 0.000298546
-90.5 38 0.00028497
-90 38 0.000268853
-89.5 38 0.000251604
-89 38 0.000235427
-88.5 38 0.000217678
-88 38 0.000214347
-87.5 38 0.000214274
-87 38 0.000213481
-86.5 38 0.000197661
-86 38 0.000183724
-85.5 38 0.000171169
-85 38 0.000159016
-84.5 38 0.000144635
-84 38 0.000128222
-83.5 38 0.00013367
-83 38 0.000138234
-82.5 38 0.000142482
-82 38 0.000136962
-81.5 38 0.000132307
-81 38 0.000128477
-119 38.5 0.00010947
-118.5 38.5 0.00013186
-118 38.5 0.000133219
-117.5 38.5 0.000154417
-117 38.5 0.000168544
-116.5 38.5 0.000155672
-116 38.5 0.000124434
-115.5 38.5 8.98862e-05
-115 38.5 0.000101182
-114.5 38.5 0.000101376
-114 38.5 8.5568e-05
-113.5 38.5 0.000137256
-113 38.5 0.000162593
-112.5 38.5 0.000167272
-112 38.5 0.000223186
-111.5 38.5 0.000262451
-111 38.5 0.000297298
-110.5 38.5 0.000295088
-110 38.5 0.000288821
-109.5 38.5 0.000284215
-109 38.5 0.000292871
-108.5 38.5 0.000310918
-108 38.5 0.000337118
-107.5 38.5 0.000371122
-107 38.5 0.000426852
-106.5 38.5 0.000471627
-106 38.5 0.000471697
-94 38.5 0.000443171
-93.5 38.5 0.000418407
-93 38.5 0.000398302
-92.5 38.5 0.000375774
-92 38.5 0.000357998
-91.5 38.5 0.000346266
-91 38.5 0.000316508
-90.5 38.5 0.000290626
-90 38.5 0.000265464
-89.5 38.5 0.000251577
-89 38.5 0.000237964
-88.5 38.5 0.000220653
-88 38.5 0.000220257
-87.5 38.5 0.00021766
-87 38.5 0.000217504
-86.5 38.5 0.000202929
-86 38.5 0.000194252
-85.5 38.5 0.000188346
-85 38.5 0.000168592
-84.5 38.5 0.000150576
-84 38.5 0.00012746
-83.5 38.5 0.00013483
-83 38.5 0.000141019
-82.5 38.5 0.000142031
-82 38.5 0.000143059
-81.5 38.5 0.000143951
-81 38.5 0.000146513
-119 39 0.000169415
-118.5 39 0.00029245
-118 39 0.000199535
-117.5 39 0.000193199
-117 39 0.000226599
-116.5 39 0.000172396
-116 39 0.000144029
-115.5 39 8.60532e-05
-115 39 0.00011702
-114.5 39 0.000107632
-114 39 1.62314e-05
-113.5 39 0.00012235
-113 39 0.000137172
-112.5 39 6.1622e-05
-112 39 0.000195699
-111.5 39 0.00024843
-111 39 0.000312324
-110.5 39 0.000290483
-110 39 0.00028557
-109.5 39 0.000300467
-109 39 0.000302129
-108.5 39 0.000324759
-108 39 0.000361246
-107.5 39 0.000388982
-107 39 0.000426925
-106.5 39 0.000519911
-93.5 39 0.000432788
-93 39 0.000420122
-92.5 39 0.000390827
-92 39 0.00037755
-91.5 39 0.000402456
-91 39 0.000333152
-90.5 39 0.000298099
-90 39 0.000251046
-89.5 39 0.000253894
-89 39 0.000241559
-88.5 39 0.000214237
-88 39 0.000222585
-87.5 39 0.000220495
-87 39 0.000226422
-86.5 39 0.000207925
-86 39 0.000202638
-85.5 39 0.000216194
-85 39 0.000182783
-84.5 39 0.000158329
-84 39 0.000102975
-83.5 39 0.00014159
-83 39 0.000148386
-82.5 39 0.000139424
-82 39 0.000150962
-81.5 39 0.000156317
-81 39 0.000169257
-119 39.5 0.000195799
-118.5 39.5 0.000253174
-118 39.5 0.000228406
-117.5 39.5 0.000221822
-117 39.5 0.000213311
-116.5 39.5 0.000193619
-116 39.5 0.000177521
-115.5 39.5 0.000161054
-115 39.5 0.000163113
-114.5 39.5 0.000150854
-114 39.5 0.000117834
-113.5 39.5 0.000143338
-113 39.5 0.00015329
-112.5 39.5 0.000141151
-112 39.5 0.000197553
-111.5 39.5 0.000231722
-111 39.5 0.000255337
-110.5 39.5 0.000262908
-110 39.5 0.000270952
-109.5 39.5 0.000277838
-109 39.5 0.000299602
-108.5 39.5 0.000327009
-108 39.5 0.000358167
-107.5 39.5 0.000386096
-107 39.5 0.000407454
-106.5 39.5 0.000427188
-93.5 39.5 0.000437656
-93 39.5 0.000422613
-92.5 39.5 0.000397262
-92 39.5 0.000382627
-91.5 39.5 0.000374518
-91 39.5 0.000339202
-90.5 39.5 0.000306532
-90 39.5 0.000277078
-89.5 39.5 0.000266574
-89 39.5 0.00025349
-88.5 39.5 0.000239072
-88 39.5 0.000230617
-87.5 39.5 0.00021755
-87 39.5 0.000209252
-86.5 39.5 0.000202399
-86 39.5 0.000204407
-85.5 39.5 0.000209867
-85 39.5 0.000192965
-84.5 39.5 0.000181304
-84 39.5 0.000167446
-83.5 39.5 0.000167627
-83 39.5 0.00016639
-82.5 39.5 0.000165085
-82 39.5 0.000165743
-81.5 39.5 0.000166842
-81 39.5 0.000171049
-119 40 0.000215783
-118.5 40 0.00028175
-118 40 0.000247707
-117.5 40 0.000232324
-117 40 0.000225455
-116.5 40 0.000210555
-116 40 0.000213098
-115.5 40 0.000226967
-115 40 0.000204477
-114.5 40 0.000184459
-114 40 0.000163879
-113.5 40 0.000164104
-113 40 0.000171613
-112.5 40 0.000167799
-112 40 0.000201479
-111.5 40 0.00021686
-111 40 0.000196919
-110.5 40 0.000236393
-110 40 0.000249135
-109.5 40 0.000246218
-109 40 0.000289628
-108.5 40 0.000323987
-108 40 0.000356726
-107.5 40 0.000368733
-107 40 0.000370013
-106.5 40 0.000370545
-93.5 40 0.0004405
-93 40 0.000432298
-92.5 40 0.000406068
-92 40 0.00038478
-91.5 40 0.000371001
-91 40 0.000339989
-90.5 40 0.000312863
-90 40 0.000296005
-89.5 40 0.000275617
-89 40 0.000265474
-88.5 40 0.000259604
-88 40 0.000237417
-87.5 40 0.000215199
-87 40 0.000186353
-86.5 40 0.000200801
-86 40 0.000209357
-85.5 40 0.000214995
-85 40 0.000209304
-84.5 40 0.000208008
-84 40 0.000222294
-83.5 40 0.000196288
-83 40 0.000187364
-82.5 40 0.000192638
-82 40 0.000179285
-81.5 40 0.000174688
-81 40 0.000181981
-119 40.5 0.000228852
-118.5 40.5 0.000364795
-118 40.5 0.000259126
-117.5 40.5 0.00024118
-117 40.5 0.000235497
-116.5 40.5 0.000232325
-116 40.5 0.000250272
-115.5 40.5 0.000311505
-115 40.5 0.000242783
-114.5 40.5 0.000215947
-114 40.5 0.000197407
-113.5 40.5 0.000197307
-113 40.5 0.000208849
-112.5 40.5 0.000161086
-112 40.5 0.000228798
-111.5 40.5 0.000218599
-111 40.5 9.37291e-05
-110.5 40.5 0.000218123
-110 40.5 0.000239282
-109.5 40.5 0.000176552
-109 40.5 0.000286815
-108.5 40.5 0.000338957
-108 40.5 0.000344353
-107.5 40.5 0.000366015
-107 40.5 0.000361504
-106.5 40.5 0.000235583
-93.5 40.5 0.000438127
-93 40.5 0.000463382
-92.5 40.5 0.000407357
-92 40.5 0.00038321
-91.5 40.5 0.000375909
-91 40.5 0.000339661
-90.5 40.5 0.000318534
-90 40.5 0.000312552
-89.5 40.5 0.000284981
-89 40.5 0.000275497
-88.5 40.5 0.000292307
-88 40.5 0.000245617
-87.5 40.5 0.000211566
-87 40.5 0.000138792
-86.5 40.5 0.000198138
-86 40.5 0.000214202
-85.5 40.5 0.000234555
-85 40.5 0.000218983
-84.5 40.5 0.000228855
-84 40.5 0.00031188
-83.5 40.5 0.000218453
-83 40.5 0.00020213
-82.5 40.5 0.000234732
-82 40.5 0.000184596
-81.5 40.5 0.00017584
-81 40.5 0.000207724
-119 41 0.000196036
-118.5 41 0.000242541
-118 41 0.000233684
-117.5 41 0.000235135
-117 41 0.000248941
-116.5 41 0.000253857
-116 41 0.000269523
-115.5 41 0.000300179
-115 41 0.000268149
-114.5 41 0.000243954
-114 41 0.000240915
-113.5 41 0.000249749
-113 41 0.000279766
-112.5 41 0.000308878
-112 41 0.000302001
-111.5 41 0.00028002
-111 41 0.000238885
-110.5 41 0.000263396
-110 41 0.00027301
-109.5 41 0.00027569
-109 41 0.000331591
-108.5 41 0.000369746
-108 41 0.000398143
-107.5 41 0.000407471
-107 41 0.000386448
-106.5 41 0.000362339
-93.5 41 0.000427642
-93 41 0.000421811
-92.5 41 0.000393552
-92 41 0.000370706
-91.5 41 0.000354535
-91 41 0.000332881
-90.5 41 0.000310538
-90 41 0.000298204
-89.5 41 0.0002821
-89 41 0.000275218
-88.5 41 0.000273535
-88 41 0.000248651
-87.5 41 0.000228901
-87 41 0.000204151
-86.5 41 0.000216194
-86 41 0.000220497
-85.5 41 0.000223736
-85 41 0.000216233
-84.5 41 0.00021341
-84 41 0.000226257
-83.5 41 0.000199736
-83 41 0.000185554
-82.5 41 0.000183762
-82 41 0.000165134
-81.5 41 0.000155556
-81 41 0.000155965
-119 41.5 0.000162431
-118.5 41.5 0.000165145
-118 41.5 0.000195725
-117.5 41.5 0.000225651
-117 41.5 0.000279395
-116.5 41.5 0.000269066
-116 41.5 0.000288101
-115.5 41.5 0.000333922
-115 41.5 0.000288007
-114.5 41.5 0.000271046
-114 41.5 0.000291594
-113.5 41.5 0.000303558
-113 41.5 0.000362901
-112.5 41.5 0.000474107
-112 41.5 0.000385018
-111.5 41.5 0.000345259
-111 41.5 0.000349671
-110.5 41.5 0.000316938
-110 41.5 0.000319329
-109.5 41.5 0.000349053
-109 41.5 0.000372907
-108.5 41.5 0.000409546
-108 41.5 0.000478455
-107.5 41.5 0.000440437
-107 41.5 0.000424763
-106.5 41.5 0.000442763
-106 41.5 0.000459883
-94 41.5 0.00042566
-93.5 41.5 0.000414585
-93 41.5 0.000395611
-92.5 41.5 0.000379147
-92 41.5 0.000359377
-91.5 41.5 0.000338582
-91 41.5 0.000321626
-90.5 41.5 0.000302778
-90 41.5 0.000284823
-89.5 41.5 0.000276795
-89 41.5 0.000274532
-88.5 41.5 0.000269824
-88 41.5 0.000256386
-87.5 41.5 0.000248908
-87 41.5 0.000248989
-86.5 41.5 0.000231148
-86 41.5 0.000225662
-85.5 41.5 0.000219386
-85 41.5 0.000202123
-84.5 41.5 0.000189035
-84 41.5 0.00016546
-83.5 41.5 0.000166838
-83 41.5 0.000159001
-82.5 41.5 0.000139566
-82 41.5 0.000138975
-81.5 41.5 0.00012943
-81 41.5 0.000104522
-119 42 0.000122259
-118.5 42 5.78355e-05
-118 42 0.00014486
-117.5 42 0.000206212
-117 42 0.000354239
-116.5 42 0.000276299
-116 42 0.000292323
-115.5 42 0.000428858
-115 42 0.000294185
-114.5 42 0.000271902
-114 42 0.000361361
-113.5 42 0.00033088
-113 42 0.000414262
-112.5 42 0.000789046
-112 42 0.000446341
-111.5 42 0.000390008
-111 42 0.000495683
-110.5 42 0.000358893
-110 42 0.000352702
-109.5 42 0.000429822
-109 42 0.000394565
-108.5 42 0.000442738
-108 42 0.000623779
-107.5 42 0.000472089
-107 42 0.000462635
-106.5 42 0.000524136
-106 42 0.000477574
-94 42 0.000414738
-93.5 42 0.000404437
-93 42 0.000370166
-92.5 42 0.000369087
-92 42 0.000350935
-91.5 42 0.000318316
-91 42 0.000313768
-90.5 42 0.000292269
-90 42 0.000264242
-89.5 42 0.000273534
-89 42 0.000272859
-88.5 42 0.000272576
-88 42 0.000270016
-87.5 42 0.000267019
-87 42 0.00030136
-86.5 42 0.000249197
-86 42 0.000221567
-85.5 42 0.000218394
-85 42 0.00019451
-84.5 42 0.00016309
-84 42 7.83539e-05
-83.5 42 0.000139235
-83 42 0.000137693
-82.5 42 7.61915e-05
-82 42 0.000123454
-81.5 42 0.000114537
-81 42 1.35294e-05
-119 42.5 8.38765e-05
-118.5 42.5 3.65283e-05
-118 42.5 8.93908e-05
-117.5 42.5 0.000150721
-117 42.5 0.000230138
-116.5 42.5 0.00022905
-116 42.5 0.000241214
-115.5 42.5 0.000274836
-115 42.5 0.000230015
-114.5 42.5 0.000222602
-114 42.5 0.000251244
-113.5 42.5 0.00027297
-113 42.5 0.000342089
-112.5 42.5 0.000459231
-112 42.5 0.000378732
-111.5 42.5 0.000352553
-111 42.5 0.000376675
-110.5 42.5 0.000346096
-110 42.5 0.000344928
-109.5 42.5 0.000369644
-109 42.5 0.00038428
-108.5 42.5 0.000412081
-108 42.5 0.000473544
-107.5 42.5 0.000454996
-107 42.5 0.000464902
-106.5 42.5 0.000492029
-106 42.5 0.00049229
-105.5 42.5 0.000491688
-94.5 42.5 0.000436388
-94 42.5 0.000425871
-93.5 42.5 0.000410463
-93 42.5 0.000389097
-92.5 42.5 0.000369326
-92 42.5 0.000349432
-91.5 42.5 0.000329992
-91 42.5 0.000305474
-90.5 42.5 0.000284208
-90 42.5 0.000267583
-89.5 42.5 0.000264557
-89 42.5 0.000274899
-88.5 42.5 0.000285174
-88 42.5 0.000274436
-87.5 42.5 0.00026454
-87 42.5 0.000271404
-86.5 42.5 0.000229313
-86 42.5 0.000213077
-85.5 42.5 0.000198288
-85 42.5 0.000178705
-84.5 42.5 0.000160054
-84 42.5 0.000133902
-83.5 42.5 0.000150003
-83 42.5 0.00015283
-82.5 42.5 0.000142353
-82 42.5 0.000150822
-81.5 42.5 0.000144608
-81 42.5 0.000118509
-119 43 3.29483e-05
-118.5 43 -5.34568e-05
-118 43 3.51419e-05
-117.5 43 0.000104183
-117 43 0.000146096
-116.5 43 0.000177719
-116 43 0.000179038
-115.5 43 0.000153662
-115 43 0.000166301
-114.5 43 0.000159948
-114 43 0.000126489
-113.5 43 0.000203018
-113 43 0.000246605
-112.5 43 0.000262341
-112 43 0.000289867
-111.5 43 0.000295795
-111 43 0.000308702
-110.5 43 0.000311654
-110 43 0.000319652
-109.5 43 0.000331306
-109 43 0.000360266
-108.5 43 0.000380552
-108 43 0.000389769
-107.5 43 0.000430104
-107 43 0.000457014
-106.5 43 0.000490404
-106 43 0.000490091
-105.5 43 0.000499909
-105 43 0.000529699
-95 43 0.000475577
-94.5 43 0.000478105
-94 43 0.000441113
-93.5 43 0.000417283
-93 43 0.000405566
-92.5 43 0.000371001
-92 43 0.000348949
-91.5 43 0.000332132
-91 43 0.000303638
-90.5 43 0.000278818
-90 43 0.000247935
-89.5 43 0.000267027
-89 43 0.000284404
-88.5 43 0.000299008
-88 43 0.000283576
-87.5 43 0.000268369
-87 43 0.000235676
-86.5 43 0.000231899
-86 43 0.000203521
-85.5 43 0.00016954
-85 43 0.000174896
-84.5 43 0.000174367
-84 43 0.00017529
-83.5 43 0.000180652
-83 43 0.000186841
-82.5 43 0.000206637
-82 43 0.00018792
-81.5 43 0.000182625
-81 43 0.00019635
-119 43.5 -6.11495e-06
-118.5 43.5 -0.000248808
-118 43.5 -4.59253e-06
-117.5 43.5 6.44378e-05
-117 43.5 6.95902e-05
-116.5 43.5 0.00012667
-116 43.5 0.000114911
-115.5 43.5 1.94076e-05
-115 43.5 0.000108959
-114.5 43.5 9.35213e-05
-114 43.5 -5.60898e-05
-113.5 43.5 0.000128325
-113 43.5 0.000161633
-112.5 43.5 4.78941e-05
-112 43.5 0.000206504
-111.5 43.5 0.000240615
-111 43.5 0.000233129
-110.5 43.5 0.000275836
-110 43.5 0.000295326
-109.5 43.5 0.000276677
-109 43.5 0.000342056
-108.5 43.5 0.000354549
-108 43.5 0.000279171
-107.5 43.5 0.000404494
-107 43.5 0.000448432
-106.5 43.5 0.00050688
-106 43.5 0.000481875
-105.5 43.5 0.00049682
-105 43.5 0.000591939
-104.5 43.5 0.000491245
-95.5 43.5 0.000447344
-95 43.5 0.000472554
-94.5 43.5 0.000549158
-94 43.5 0.000447138
-93.5 43.5 0.000415026
-93 43.5 0.000443781
-92.5 43.5 0.000366101
-92 43.5 0.000338645
-91.5 43.5 0.000355061
-91 43.5 0.00029759
-90.5 43.5 0.000264458
-90 43.5 0.000214921
-89.5 43.5 0.000263665
-89 43.5 0.000290565
-88.5 43.5 0.000344956
-88 43.5 0.000293225
-87.5 43.5 0.000253521
-87 43.5 0.000221039
-86.5 43.5 0.000213541
-86 43.5 0.000191185
-85.5 43.5 0.000124525
-85 43.5 0.000178879
-84.5 43.5 0.000194287
-84 43.5 0.000220786
-83.5 43.5 0.000202542
-83 43.5 0.000207369
-82.5 43.5 0.000299872
-82 43.5 0.000209059
-81.5 43.5 0.000206153
-81 43.5 0.000310305
-119 44 1.97662e-05
-118.5 44 -5.35749e-05
-118 44 1.43259e-05
-117.5 44 6.40439e-05
-117 44 7.7794e-05
-116.5 44 9.78804e-05
-116 44 9.45793e-05
-115.5 44 6.32868e-05
-115 44 8.70265e-05
-114.5 44 9.57747e-05
-114 44 5.71021e-05
-113.5 44 0.000119257
-113 44 0.000133969
-112.5 44 0.000109166
-112 44 0.000173493
-111.5 44 0.000196921
-111 44 0.000200085
-110.5 44 0.000245081
-110 44 0.000284271
-109.5 44 0.00031129
-109 44 0.000344776
-108.5 44 0.000364873
-108 44 0.000363458
-107.5 44 0.000409974
-107 44 0.00043141
-106.5 44 0.00045245
-106 44 0.000453187
-105.5 44 0.000465094
-105 44 0.000485679
-104.5 44 0.000450547
-104 44 0.000410571
-103.5 44 0.0003635
-96.5 44 0.000453064
-96 44 0.000410265
-95.5 44 0.000433954
-95 44 0.000449384
-94.5 44 0.000466416
-94 44 0.000420663
-93.5 44 0.000389473
-93 44 0.000372855
-92.5 44 0.000337227
-92 44 0.000316109
-91.5 44 0.000304885
-91 44 0.000277423
-90.5 44 0.000267317
-90 44 0.000250651
-89.5 44 0.000269361
-89 44 0.000291287
-88.5 44 0.000315148
-88 44 0.000277967
-87.5 44 0.000259794
-87 44 0.000220225
-86.5 44 0.000207304
-86 44 0.000193908
-85.5 44 0.000178163
-85 44 0.000195933
-84.5 44 0.000205859
-84 44 0.000207589
-83.5 44 0.000189764
-83 44 0.000183438
-82.5 44 0.000196169
-82 44 0.000178738
-81.5 44 0.000182305
-81 44 0.000210614
-119 44.5 4.72981e-05
-118.5 44.5 4.01812e-05
-118 44.5 4.91769e-05
-117.5 44.5 7.49989e-05
-117 44.5 7.47666e-05
-116.5 44.5 9.17496e-05
-116 44.5 8.94541e-05
-115.5 44.5 6.12507e-05
-115 44.5 8.61823e-05
-114.5 44.5 0.000101609
-114 44.5 0.000108181
-113.5 44.5 0.000116119
-113 44.5 0.000123269
-112.5 44.5 0.000111072
-112 44.5 0.000151952
-111.5 44.5 0.000163356
-111 44.5 0.00013748
-110.5 44.5 0.00021667
-110 44.5 0.000284271
-109.5 44.5 0.000339727
-109 44.5 0.000360624
-108.5 44.5 0.000385194
-108 44.5 0.000420967
-107.5 44.5 0.000413524
-107 44.5 0.000410294
-106.5 44.5 0.000407858
-106 44.5 0.000416726
-105.5 44.5 0.000420901
-105 44.5 0.000425763
-104.5 44.5 0.000403635
-104 44.5 0.000377897
-103.5 44.5 0.000344091
-103 44.5 0.000392563
-102.5 44.5 0.000429823
-97.5 44.5 0.000485646
-97 44.5 0.00046638
-96.5 44.5 0.000440535
-96 44.5 0.000413329
-95.5 44.5 0.000416009
-95 44.5 0.000421045
-94.5 44.5 0.000419689
-94 44.5 0.000390035
-93.5 44.5 0.000354847
-93 44.5 0.000316342
-92.5 44.5 0.000303326
-92 44.5 0.000286972
-91.5 44.5 0.000262055
-91 44.5 0.000261684
-90.5 44.5 0.000263193
-90 44.5 0.00026897
-89.5 44.5 0.000269578
-89 44.5 0.000287287
-88.5 44.5 0.000303905
-88 44.5 0.000273235
-87.5 44.5 0.000248235
-87 44.5 0.000207504
-86.5 44.5 0.00020102
-86 44.5 0.000204121
-85.5 44.5 0.000208297
-85 44.5 0.000209373
-84.5 44.5 0.000205478
-84 44.5 0.000187429
-83.5 44.5 0.000166782
-83 44.5 0.0001504
-82.5 44.5 0.000107463
-82 44.5 0.0001402
-81.5 44.5 0.000150128
-81 44.5 0.000145851
-119 45 6.97421e-05
-118.5 45 0.000136256
-118 45 9.111e-05
-117.5 45 0.000104919
-117 45 5.96374e-05
-116.5 45 0.000109688
-116 45 9.65948e-05
-115.5 45 2.83362e-05
-115 45 8.84477e-05
-114.5 45 0.00011471
-114 45 0.00014994
-113.5 45 0.000128178
-113 45 0.000127888
-112.5 45 7.64262e-05
-112 45 0.000148438
-111.5 45 0.000151809
-111 45 -1.84713e-06
-110.5 45 0.000209363
-110 45 0.00030119
-109.5 45 0.000390158
-109 45 0.000380839
-108.5 45 0.000410105
-108 45 0.000500677
-107.5 45 0.000415564
-107 45 0.000385585
-106.5 45 0.0003546
-106 45 0.000374471
-105.5 45 0.000382588
-105 45 0.000363584
-104.5 45 0.000370533
-104 45 0.000351103
-103.5 45 0.000272146
-103 45 0.000370173
-102.5 45 0.000418749
-102 45 0.000486
-101.5 45 0.000465689
-101 45 0.000471317
-100.5 45 0.000455156
-100 45 0.000483446
-99.5 45 0.000489955
-99 45 0.000442699
-98.5 45 0.000485418
-98 45 0.000492696
-97.5 45 0.000508519
-97 45 0.000457705
-96.5 45 0.000424979
-96 45 0.000394454
-95.5 45 0.00039469
-95 45 0.000394114
-94.5 45 0.000389066
-94 45 0.000360709
-93.5 45 0.000322388
-93 45 0.00023675
-92.5 45 0.000273349
-92 45 0.000257333
-91.5 45 0.000205415
-91 45 0.000243341
-90.5 45 0.00025612
-90 45 0.000288893
-89.5 45 0.000267939
-89 45 0.000278977
-88.5 45 0.000325428
-88 45 0.000269958
-87.5 45 0.000239554
-87 45 0.000176341
-86.5 45 0.000205524
-86 45 0.00022115
-85.5 45 0.000238402
-85 45 0.000223141
-84.5 45 0.000206469
-84 45 0.000167891
-83.5 45 0.000162602
-83 45 0.000143306
-82.5 45 -3.82499e-05
-82 45 0.000122168
-81.5 45 0.000130319
-81 45 6.36317e-05
-119 45.5 8.03523e-05
-118.5 45.5 0.000122311
-118 45.5 0.000128806
-117.5 45.5 0.000161249
-117 45.5 0.000187733
-116.5 45.5 0.000163525
-116 45.5 0.000127289
-115.5 45.5 9.01214e-05
-115 45.5 0.00010496
-114.5 45.5 0.000121053
-114 45.5 0.000146762
-113.5 45.5 0.000146466
-113 45.5 0.000157578
-112.5 45.5 0.000162794
-112 45.5 0.000188368
-111.5 45.5 0.000198086
-111 45.5 0.000188705
-110.5 45.5 0.000262961
-110 45.5 0.000328644
-109.5 45.5 0.000391148
-109 45.5 0.000395682
-108.5 45.5 0.000406117
-108 45.5 0.000434283
-107.5 45.5 0.000391155
-107 45.5 0.00035639
-106.5 45.5 0.000328875
-106 45.5 0.000339836
-105.5 45.5 0.0003442
-105 45.5 0.000350064
-104.5 45.5 0.000349996
-104 45.5 0.000342491
-103.5 45.5 0.000326615
-103 45.5 0.000363921
-102.5 45.5 0.00040048
-102 45.5 0.000439211
-101.5 45.5 0.000443057
-101 45.5 0.000446802
-100.5 45.5 0.000446269
-100 45.5 0.00046024
-99.5 45.5 0.000467395
-99 45.5 0.00046518
-98.5 45.5 0.000474593
-98 45.5 0.000476819
-97.5 45.5 0.000473039
-97 45.5 0.000438563
-96.5 45.5 0.000401915
-96 45.5 0.000372546
-95.5 45.5 0.000369787
-95 45.5 0.000369169
-94.5 45.5 0.000363156
-94 45.5 0.000338208
-93.5 45.5 0.000303346
-93 45.5 0.000262377
-92.5 45.5 0.000257771
-92 45.5 0.000241491
-91.5 45.5 0.000218216
-91 45.5 0.000230127
-90.5 45.5 0.000241026
-90 45.5 0.000259293
-89.5 45.5 0.000255447
-89 45.5 0.00026351
-88.5 45.5 0.000282799
-88 45.5 0.000261203
-87.5 45.5 0.000248794
-87 45.5 0.00023705
-86.5 45.5 0.00023378
-86 45.5 0.000248606
-85.5 45.5 0.000267892
-85 45.5 0.000242352
-84.5 45.5 0.000218224
-84 45.5 0.000204752
-83.5 45.5 0.000199406
-83 45.5 0.000207506
-82.5 45.5 0.000186497
-82 45.5 0.000181183
-81.5 45.5 0.000148079
-81 45.5 0.00010729
-119 46 9.38372e-05
-118.5 46 0.00014439
-118 46 0.000159227
-117.5 46 0.000223002
-117 46 0.00034895
-116.5 46 0.000226377
-116 46 0.000155226
-115.5 46 0.000122544
-115 46 0.000116208
-114.5 46 0.000131742
-114 46 0.000169834
-113.5 46 0.000172177
-113 46 0.000196573
-112.5 46 0.000248656
-112 46 0.000240189
-111.5 46 0.000265887
-111 46 0.000343414
-110.5 46 0.000325983
-110 46 0.000358135
-109.5 46 0.000430426
-109 46 0.000395769
-108.5 46 0.000387398
-108 46 0.000401577
-107.5 46 0.000357837
-107 46 0.000318915
-106.5 46 0.000284418
-106 46 0.000301
-105.5 46 0.000316565
-105 46 0.00034088
-104.5 46 0.000333889
-104 46 0.000334094
-103.5 46 0.000350285
-103 46 0.000358995
-102.5 46 0.00038502
-102 46 0.000417777
-101.5 46 0.0004213
-101 46 0.000421331
-100.5 46 0.000431906
-100 46 0.000434989
-99.5 46 0.000450788
-99 46 0.0004802
-98.5 46 0.000465733
-98 46 0.000458418
-97.5 46 0.000452192
-97 46 0.000415065
-96.5 46 0.000373967
-96 46 0.000332621
-95.5 46 0.000340406
-95 46 0.00034446
-94.5 46 0.00034788
-94 46 0.000317764
-93.5 46 0.000288343
-93 46 0.000261355
-92.5 46 0.000246071
-92 46 0.000228318
-91.5 46 0.000208284
-91 46 0.000216342
-90.5 46 0.000227116
-90 46 0.000246412
-89.5 46 0.000243186
-89 46 0.000250416
-88.5 46 0.000267193
-88 46 0.000256365
-87.5 46 0.000263333
-87 46 0.000310092
-86.5 46 0.000268769
-86 46 0.00027689
-85.5 46 0.000325449
-85 46 0.000261785
-84.5 46 0.000234924
-84 46 0.000261469
-83.5 46 0.000246003
-83 46 0.000294528
-82.5 46 0.000410984
-82 46 0.000261393
-81.5 46 0.000172364
-81 46 0.000121263
-119 46.5 8.98336e-05
-118.5 46.5 0.000188139
-118 46.5 0.000156715
-117.5 46.5 0.000252053
-117 46.5 0.000675631
-116.5 46.5 0.000262648
-116 46.5 0.000161756
-115.5 46.5 0.000145601
-115 46.5 0.000116727
-114.5 46.5 0.000135405
-114 46.5 0.000220893
-113.5 46.5 0.000187067
-113 46.5 0.000224868
-112.5 46.5 0.000378369
-112 46.5 0.000277154
-111.5 46.5 0.00031229
-111 46.5 0.000569803
-110.5 46.5 0.000358943
-110 46.5 0.000362405
-109.5 46.5 0.000535971
-109 46.5 0.00037496
-108.5 46.5 0.00035295
-108 46.5 0.000404916
-107.5 46.5 0.000321631
-107 46.5 0.000282029
-106.5 46.5 0.000209549
-106 46.5 0.000265626
-105.5 46.5 0.000289266
-105 46.5 0.000350321
-104.5 46.5 0.000309688
-104 46.5 0.000316896
-103.5 46.5 0.000383215
-103 46.5 0.000347157
-102.5 46.5 0.000367515
-102 46.5 0.000414589
-101.5 46.5 0.000394363
-101 46.5 0.000386783
-100.5 46.5 0.000424304
-100 46.5 0.000401307
-99.5 46.5 0.000428491
-99 46.5 0.000526522
-98.5 46.5 0.000452428
-98 46.5 0.000439603
-97.5 46.5 0.000450116
-97 46.5 0.000393745
-96.5 46.5 0.000345879
-96 46.5 0.000261638
-95.5 46.5 0.000309778
-95 46.5 0.000319487
-94.5 46.5 0.00035356
-94 46.5 0.000298201
-93.5 46.5 0.000273554
-93 46.5 0.000254057
-92.5 46.5 0.000236183
-92 46.5 0.000217695
-91.5 46.5 0.000183491
-91 46.5 0.000202093
-90.5 46.5 0.000211352
-90 46.5 0.00024872
-89.5 46.5 0.00022463
-89 46.5 0.000231475
-88.5 46.5 0.000270836
-88 46.5 0.00023973
-87.5 46.5 0.000260373
-87 46.5 0.000450122
-86.5 46.5 0.000276249
-86 46.5 0.000281182
-85.5 46.5 0.000456874
-85 46.5 0.000260024
-84.5 46.5 0.000226014
-84 46.5 0.000355531
-83.5 46.5 0.00025936
-83 46.5 0.000348926
-82.5 46.5 0.000815264
-82 46.5 0.000315976
-81.5 46.5 0.000175678
-81 46.5 0.000108694
-119 47 4.56806e-05
-118.5 47 5.42746e-05
-118 47 9.13418e-05
-117.5 47 0.000172487
-117 47 0.000307664
-116.5 47 0.000194863
-116 47 0.000131392
-115.5 47 0.000102735
-115 47 9.93202e-05
-114.5 47 0.000116074
-114 47 0.00015193
-113.5 47 0.000172352
-113 47 0.000211823
-112.5 47 0.000274214
-112 47 0.000259347
-111.5 47 0.000278954
-111 47 0.000349674
-110.5 47 0.000305255
-110 47 0.000300817
-109.5 47 0.000334841
-109 47 0.000302354
-108.5 47 0.000292782
-108 47 0.000297853
-107.5 47 0.000276157
-107 47 0.000257156
-106.5 47 0.000230944
-106 47 0.000243773
-105.5 47 0.000250135
-105 47 0.000260477
-104.5 47 0.000265291
-104 47 0.000276975
-103.5 47 0.000300232
-103 47 0.000314419
-102.5 47 0.00034148
-102 47 0.00036844
-101.5 47 0.00035608
-101 47 0.000334047
-100.5 47 0.000323619
-100 47 0.000346001
-99.5 47 0.000383575
-99 47 0.000430312
-98.5 47 0.00042007
-98 47 0.000414792
-97.5 47 0.000409584
-97 47 0.000372412
-96.5 47 0.000329054
-96 47 0.000281268
-95.5 47 0.000288387
-95 47 0.000288718
-94.5 47 0.000287141
-94 47 0.000271307
-93.5 47 0.000257203
-93 47 0.000241735
-92.5 47 0.000228814
-92 47 0.000214227
-91.5 47 0.000194909
-91 47 0.000191527
-90.5 47 0.0001868
-90 47 0.000186964
-89.5 47 0.000191784
-89 47 0.000200993
-88.5 47 0.000210475
-88 47 0.000198151
-87.5 47 0.000198419
-87 47 0.000234473
-86.5 47 0.000210328
-86 47 0.000223959
-85.5 47 0.000268112
-85 47 0.000195963
-84.5 47 0.000153222
-84 47 0.000161646
-83.5 47 0.000188907
-83 47 0.000274124
-82.5 47 0.000419015
-82 47 0.000252074
-81.5 47 0.000137839
-81 47 6.38332e-05
-119 47.5 -1.71833e-05
-118.5 47.5 -9.66524e-05
-118 47.5 4.8755e-06
-117.5 47.5 6.96136e-05
-117 47.5 8.49633e-05
-116.5 47.5 0.000106816
-116 47.5 8.63518e-05
-115.5 47.5 5.17497e-05
-115 47.5 7.55776e-05
-114.5 47.5 9.0518e-05
-114 47.5 9.40451e-05
-113.5 47.5 0.000147034
-113 47.5 0.00018659
-112.5 47.5 0.000215228
-112 47.5 0.000223738
-111.5 47.5 0.00021935
-111 47.5 0.000192224
-110.5 47.5 0.000226707
-110 47.5 0.000218788
-109.5 47.5 0.000173297
-109 47.5 0.000221179
-108.5 47.5 0.000230333
-108 47.5 0.000210774
-107.5 47.5 0.000234261
-107 47.5 0.000238219
-106.5 47.5 0.000234051
-106 47.5 0.00022603
-105.5 47.5 0.000209472
-105 47.5 0.000173005
-104.5 47.5 0.00021597
-104 47.5 0.000230791
-103.5 47.5 0.000223292
-103 47.5 0.000275488
-102.5 47.5 0.000313384
-102 47.5 0.000338709
-101.5 47.5 0.000318828
-101 47.5 0.000275089
-100.5 47.5 0.000205682
-100 47.5 0.000284353
-99.5 47.5 0.000336711
-99 47.5 0.000367868
-98.5 47.5 0.000385717
-98 47.5 0.000390353
-97.5 47.5 0.000387145
-97 47.5 0.000354525
-96.5 47.5 0.000314169
-96 47.5 0.000267891
-95.5 47.5 0.000270271
-95 47.5 0.000260072
-94.5 47.5 0.000231264
-94 47.5 0.000245127
-93.5 47.5 0.000242496
-93 47.5 0.000228634
-92.5 47.5 0.000223913
-92 47.5 0.000213239
-91.5 47.5 0.000198582
-91 47.5 0.000182953
-90.5 47.5 0.000159998
-90 47.5 0.000120907
-89.5 47.5 0.000155831
-89 47.5 0.000168771
-88.5 47.5 0.000162208
-88 47.5 0.000152261
-87.5 47.5 0.00011963
-87 47.5 5.10633e-05
-86.5 47.5 0.000122482
-86 47.5 0.00015173
-85.5 47.5 0.000146904
-85 47.5 0.000121066
-84.5 47.5 5.90708e-05
-84 47.5 -3.95886e-05
-83.5 47.5 8.78732e-05
-83 47.5 0.000171662
-82.5 47.5 0.00020619
-82 47.5 0.000165739
-81.5 47.5 8.22489e-05
-81 47.5 -1.83023e-05
-119 48 -7.02696e-05
-118.5 48 -0.000358885
-118 48 -6.73275e-05
-117.5 48 -1.47338e-05
-117 48 -0.000157511
-116.5 48 3.30733e-05
-116 48 4.57985e-05
-115.5 48 -3.53048e-05
-115 48 5.58017e-05
-114.5 48 7.04122e-05
-114 48 3.72711e-06
-113.5 48 0.000125129
-113 48 0.000165215
-112.5 48 0.000164136
-112 48 0.000192467
-111.5 48 0.000167156
-111 48 -1.28824e-05
-110.5 48 0.000161488
-110 48 0.000151303
-109.5 48 -5.06101e-05
-109 48 0.000157024
-108.5 48 0.000180938
-108 48 9.34002e-05
-107.5 48 0.000200648
-107 48 0.000223284
-106.5 48 0.000238668
-106 48 0.000211788
-105.5 48 0.000176931
-105 48 3.22385e-05
-104.5 48 0.000175493
-104 48 0.000192386
-103.5 48 0.000107031
-103 48 0.00024199
-102.5 48 0.0002903
-102 48 0.000332827
-101.5 48 0.000291093
-101 48 0.000227245
-100.5 48 -4.0368e-06
-100 48 0.000233461
-99.5 48 0.000298756
-99 48 0.000308332
-98.5 48 0.000355403
-98 48 0.000368625
-97.5 48 0.000380144
-97 48 0.000340981
-96.5 48 0.000302214
-96 48 0.0002255
-95.5 48 0.000257518
-95 48 0.000239647
-94.5 48 0.000146638
-94 48 0.000225719
-93.5 48 0.000232166
-93 48 0.000208897
-92.5 48 0.000221065
-92 48 0.000214005
-91.5 48 0.000202756
-91 48 0.000177994
-90.5 48 0.000139698
-90 48 7.38577e-06
-89.5 48 0.000127859
-89 48 0.000144579
-88.5 48 0.000114061
-88 48 0.000115834
-87.5 48 5.3328e-05
-87 48 -0.000227005
-86.5 48 4.83343e-05
-86 48 9.22849e-05
-85.5 48 3.07501e-05
-85 48 6.11063e-05
-84.5 48 -2.15469e-05
-84 48 -0.000386131
-83.5 48 -1.70205e-06
-83 48 8.55084e-05
-82.5 48 2.15554e-05
-82 48 9.35558e-05
-81.5 48 3.10323e-05
-81 48 -0.000183413
-119 48.5 -6.41406e-05
-118.5 48.5 -0.000164793
-118 48.5 -7.34782e-05
-117.5 48.5 -3.81889e-05
-117 48.5 -6.33832e-05
-116.5 48.5 9.99115e-06
-116 48.5 3.18501e-05
-115.5 48.5 1.88143e-05
-115 48.5 5.67309e-05
-114.5 48.5 7.35794e-05
-114 48.5 6.98216e-05
-113.5 48.5 0.000125146
-113 48.5 0.000158012
-112.5 48.5 0.000169616
-112 48.5 0.000179466
-111.5 48.5 0.000159887
-111 48.5 0.00010045
-110.5 48.5 0.000148594
-110 48.5 0.000140355
-109.5 48.5 7.81724e-05
-109 48.5 0.000144623
-108.5 48.5 0.000164818
-108 48.5 0.000147601
-107.5 48.5 0.00018936
-107 48.5 0.000209629
-106.5 48.5 0.000216522
-106 48.5 0.000201603
-105.5 48.5 0.000174089
-105 48.5 0.000124495
-104.5 48.5 0.000169356
-104 48.5 0.000183782
-103.5 48.5 0.000171518
-103 48.5 0.000231355
-102.5 48.5 0.000271206
-102 48.5 0.00029328
-101.5 48.5 0.000271528
-101 48.5 0.000224071
-100.5 48.5 0.000146047
-100 48.5 0.000228552
-99.5 48.5 0.000279632
-99 48.5 0.000305001
-98.5 48.5 0.000334212
-98 48.5 0.000347834
-97.5 48.5 0.000350368
-97 48.5 0.000328922
-96.5 48.5 0.000299703
-96 48.5 0.000261812
-95.5 48.5 0.000258375
-95 48.5 0.000240666
-94.5 48.5 0.000205383
-94 48.5 0.000226523
-93.5 48.5 0.00023114
-93 48.5 0.000223001
-92.5 48.5 0.000222963
-92 48.5 0.000215376
-91.5 48.5 0.000201725
-91 48.5 0.000178873
-90.5 48.5 0.000145619
-90 48.5 9.50469e-05
-89.5 48.5 0.000128326
-89 48.5 0.000136346
-88.5 48.5 0.000119842
-88 48.5 0.000100872
-87.5 48.5 4.84922e-05
-87 48.5 -4.89878e-05
-86.5 48.5 3.69354e-05
-86 48.5 6.71901e-05
-85.5 48.5 4.7314e-05
-85 48.5 3.65155e-05
-84.5 48.5 -2.5366e-05
-84 48.5 -0.000143946
-83.5 48.5 -1.31892e-05
-83 48.5 4.92787e-05
-82.5 48.5 4.492e-05
-82 48.5 6.04842e-05
-81.5 48.5 2.02842e-05
-81 48.5 -6.06332e-05
-119 49 -4.82362e-05
-118.5 49 -9.08037e-05
-118 49 -6.3242e-05
-117.5 49 -4.13707e-05
-117 49 -3.43732e-05
-116.5 49 3.77611e-06
-116 49 2.70425e-05
-115.5 49 3.72148e-05
-115 49 6.1929e-05
-114.5 49 8.16875e-05
-114 49 9.69729e-05
-113.5 49 0.000130816
-113 49 0.000156419
-112.5 49 0.000169193
-112 49 0.000173836
-111.5 49 0.000162938
-111 49 0.000140618
-110.5 49 0.000151169
-110 49 0.000144726
-109.5 49 0.000124264
-109 49 0.000146889
-108.5 49 0.000160637
-108 49 0.000163627
-107.5 49 0.000184466
-107 49 0.000198658
-106.5 49 0.000202471
-106 49 0.000193497
-105.5 49 0.000176393
-105 49 0.000157341
-104.5 49 0.000172075
-104 49 0.000183193
-103.5 49 0.000190959
-103 49 0.000224615
-102.5 49 0.00025359
-102 49 0.000267511
-101.5 49 0.000255934
-101 49 0.000227857
-100.5 49 0.000199636
-100 49 0.000232981
-99.5 49 0.000268404
-99 49 0.000294735
-98.5 49 0.000317538
-98 49 0.000329973
-97.5 49 0.000331388
-97 49 0.00031863
-96.5 49 0.000298256
-96 49 0.000274869
-95.5 49 0.000262525
-95 49 0.000247064
-94.5 49 0.000229646
-94 49 0.000232809
-93.5 49 0.000233994
-93 49 0.000230077
-92.5 49 0.000226388
-92 49 0.000217704
-91.5 49 0.000203265
-91 49 0.000182618
-90.5 49 0.000156843
-90 49 0.000131303
-89.5 49 0.000135622
-89 49 0.000133812
-88.5 49 0.000118349
-88 49 9.48318e-05
-87.5 49 5.6915e-05
-87 49 1.61092e-05
-86.5 49 4.11043e-05
-86 49 5.46247e-05
-85.5 49 4.37192e-05
-85 49 2.49564e-05
-84.5 49 -1.43707e-05
-84 49 -5.60502e-05
-83.5 49 -6.58366e-06
-83 49 3.22502e-05
-82.5 49 4.11231e-05
-82 49 4.29593e-05
-81.5 49 1.88238e-05
-81 49 -1.65999e-05
