-119 25 0.208283
-118.5 25 0.0720851
-118 25 -0.231618
-117.5 25 -0.822945
-117 25 -1.79009
-116.5 25 -2.47354
-116 25 -2.81318
-115.5 25 -2.95559
-115 25 -3.07983
-114.5 25 -3.21685
-114 25 -3.34109
-113.5 25 -3.47977
-113 25 -3.6921
-112.5 25 -4.04838
-112 25 -4.17261
-111.5 25 -3.95453
-111 25 -3.42874
-110.5 25 -2.89993
-110 25 -2.5023
-109.5 25 -2.28592
-109 25 -2.0786
-108.5 25 -1.88327
-108 25 -1.81809
-107.5 25 -1.77429
-107 25 -1.75413
-106.5 25 -1.88503
-106 25 -1.96839
-105.5 25 -1.87452
-105 25 -1.63434
-104.5 25 -1.43166
-104 25 -1.3577
-103.5 25 -1.3901
-103 25 -1.44438
-102.5 25 -1.50244
-102 25 -1.66003
-101.5 25 -1.71266
-101 25 -1.44034
-100.5 25 -0.790364
-100 25 -0.149332
-99.5 25 0.105144
-99 25 0.00538871
-98.5 25 -0.253412
-98 25 -0.578227
-97.5 25 -1.19523
-97 25 -1.75839
-96.5 25 -1.75381
-96 25 -1.20005
-95.5 25 -0.507691
-95 25 -0.180471
-94.5 25 -0.190632
-94 25 -0.313175
-93.5 25 -0.265738
-93 25 -0.16182
-92.5 25 -0.0626066
-92 25 0.0142374
-91.5 25 -0.120461
-91 25 -0.359514
-90.5 25 -0.346579
-90 25 -0.175851
-89.5 25 0.044814
-89 25 0.201527
-88.5 25 0.32456
-88 25 0.398784
-87.5 25 0.409879
-87 25 0.283177
-86.5 25 0.0203295
-86 25 -0.306356
-85.5 25 -0.784363
-85 25 -1.35562
-84.5 25 -1.69972
-84 25 -1.84414
-83.5 25 -1.839
-83 25 -1.80932
-82.5 25 -1.72974
-82 25 -1.64816
-81.5 25 -1.75644
-81 25 -2.22011
-119 25.5 0.379449
-118.5 25.5 0.34889
-118 25.5 0.225367
-117.5 25.5 -0.104618
-117 25.5 -1.05146
-116.5 25.5 -2.01973
-116 25.5 -2.43746
-115.5 25.5 -2.60734
-115 25.5 -2.70463
-114.5 25.5 -2.83955
-114 25.5 -2.93661
-113.5 25.5 -3.03686
-113 25.5 -3.21468
-112.5 25.5 -3.68662
-112 25.5 -4.09747
-111.5 25.5 -4.03385
-111 25.5 -3.52503
-110.5 25.5 -2.85701
-110 25.5 -2.35942
-109.5 25.5 -2.09671
-109 25.5 -1.91046
-108.5 25.5 -1.631
-108 25.5 -1.58541
-107.5 25.5 -1.61455
-107 25.5 -1.56846
-106.5 25.5 -1.78116
-106 25.5 -2.01145
-105.5 25.5 -1.95841
-105 25.5 -1.6864
-104.5 25.5 -1.40944
-104 25.5 -1.34434
-103.5 25.5 -1.45024
-103 25.5 -1.5769
-102.5 25.5 -1.63612
-102 25.5 -1.88069
-101.5 25.5 -2.02623
-101 25.5 -1.71418
-100.5 25.5 -0.778428
-100 25.5 0.14354
-99.5 25.5 0.411499
-99 25.5 0.146197
-98.5 25.5 -0.269112
-98 25.5 -0.570252
-97.5 25.5 -1.40555
-97 25.5 -2.13058
-96.5 25.5 -2.03497
-96 25.5 -1.18959
-95.5 25.5 -0.327857
-95 25.5 -0.0947657
-94.5 25.5 -0.310738
-94 25.5 -0.533698
-93.5 25.5 -0.414231
-93 25.5 -0.340776
-92.5 25.5 -0.261906
-92 25.5 -0.14804
-91.5 25.5 -0.43938
-91 25.5 -0.721396
-90.5 25.5 -0.602051
-90 25.5 -0.336582
-89.5 25.5 -0.093988
-89 25.5 0.039629
-88.5 25.5 0.149438
-88 25.5 0.230392
-87.5 25.5 0.196703
-87 25.5 -0.0802656
-86.5 25.5 -0.48612
-86 25.5 -0.902624
-85.5 25.5 -1.55955
-85 25.5 -2.14294
-84.5 25.5 -2.34318
-84 25.5 -2.32053
-83.5 25.5 -2.25486
-83 25.5 -2.26035
-82.5 25.5 -2.19927
-82 25.5 -2.18491
-81.5 25.5 -2.40199
-81 25.5 -3.20714
-119 26 0.498495
-118.5 26 0.506414
-118 26 0.464221
-117.5 26 0.277009
-117 26 -0.256348
-116.5 26 -1.12811
-116 26 -1.72568
-115.5 26 -2.0892
-115 26 -2.29676
-114.5 26 -2.47042
-114 26 -2.6
-113.5 26 -2.73996
-113 26 -2.9515
-112.5 26 -3.29723
-112 26 -3.74734
-111.5 26 -3.89117
-111 26 -3.67622
-110.5 26 -3.14159
-110 26 -2.57179
-109.5 26 -2.0451
-109 26 -1.70705
-108.5 26 -1.45398
-108 26 -1.3713
-107.5 26 -1.40973
-107 26 -1.42989
-106.5 26 -1.54813
-106 26 -1.73476
-105.5 26 -1.76968
-105 26 -1.65242
-104.5 26 -1.49222
-104 26 -1.46121
-103.5 26 -1.56694
-103 26 -1.72944
-102.5 26 -1.84148
-102 26 -1.95571
-101.5 26 -1.94168
-101 26 -1.57216
-100.5 26 -0.809432
-100 26 -0.0654211
-99.5 26 0.181717
-99 26 -0.0589961
-98.5 26 -0.488649
-98 26 -0.889444
-97.5 26 -1.41037
-97 26 -1.73564
-96.5 26 -1.60508
-96 26 -1.07495
-95.5 26 -0.618045
-95 26 -0.496681
-94.5 26 -0.625891
-94 26 -0.687257
-93.5 26 -0.625127
-93 26 -0.565855
-92.5 26 -0.484722
-92 26 -0.474584
-91.5 26 -0.628775
-91 26 -0.631594
-90.5 26 -0.50378
-90 26 -0.333734
-89.5 26 -0.229991
-89 26 -0.158369
-88.5 26 -0.0639904
-88 26 0.00539411
-87.5 26 -0.140695
-87 26 -0.559522
-86.5 26 -1.1219
-86 26 -1.68454
-85.5 26 -2.27866
-85 26 -2.60465
-84.5 26 -2.7009
-84 26 -2.67514
-83.5 26 -2.69554
-83 26 -2.74861
-82.5 26 -2.79444
-82 26 -2.97216
-81.5 26 -3.39649
-81 26 -4.10806
-119 26.5 0.549806
-118.5 26.5 0.522982
-118 26.5 0.496225
-117.5 26.5 0.409643
-117 26.5 0.119718
-116.5 26.5 -0.459387
-116 26.5 -1.04064
-115.5 26.5 -1.51213
-115 26.5 -1.87041
-114.5 26.5 -2.15535
-114 26.5 -2.34571
-113.5 26.5 -2.57274
-113 26.5 -2.85892
-112.5 26.5 -3.16102
-112 26.5 -3.5444
-111.5 26.5 -3.79387
-111 26.5 -3.81851
-110.5 26.5 -3.53806
-110 26.5 -3.02363
-109.5 26.5 -2.28077
-109 26.5 -1.73402
-108.5 26.5 -1.44483
-108 26.5 -1.34815
-107.5 26.5 -1.35245
-107 26.5 -1.36721
-106.5 26.5 -1.38423
-106 26.5 -1.45853
-105.5 26.5 -1.52504
-105 26.5 -1.5407
-104.5 26.5 -1.53121
-104 26.5 -1.58906
-103.5 26.5 -1.74097
-103 26.5 -1.92635
-102.5 26.5 -2.03008
-102 26.5 -1.98178
-101.5 26.5 -1.79616
-101 26.5 -1.43921
-100.5 26.5 -0.883462
-100 26.5 -0.375753
-99.5 26.5 -0.208609
-99 26.5 -0.445849
-98.5 26.5 -0.848907
-98 26.5 -1.13087
-97.5 26.5 -1.21648
-97 26.5 -1.13919
-96.5 26.5 -1.03606
-96 26.5 -0.925049
-95.5 26.5 -0.89825
-95 26.5 -0.902955
-94.5 26.5 -0.860045
-94 26.5 -0.746994
-93.5 26.5 -0.729335
-93 26.5 -0.657364
-92.5 26.5 -0.540835
-92 26.5 -0.550656
-91.5 26.5 -0.482115
-91 26.5 -0.257695
-90.5 26.5 -0.179237
-90 26.5 -0.195762
-89.5 26.5 -0.281415
-89 26.5 -0.328569
-88.5 26.5 -0.28131
-88 26.5 -0.221828
-87.5 26.5 -0.4799
-87 26.5 -1.03394
-86.5 26.5 -1.74324
-86 26.5 -2.29589
-85.5 26.5 -2.68485
-85 26.5 -2.83517
-84.5 26.5 -2.92322
-84 26.5 -2.98665
-83.5 26.5 -3.0975
-83 26.5 -3.19351
-82.5 26.5 -3.28912
-82 26.5 -3.4948
-81.5 26.5 -3.87805
-81 26.5 -4.24734
-119 27 0.543796
-118.5 27 0.492592
-118 27 0.415659
-117.5 27 0.409462
-117 27 0.341568
-116.5 27 0.0182421
-116 27 -0.498224
-115.5 27 -1.03495
-115 27 -1.50399
-114.5 27 -1.92446
-114 27 -2.21833
-113.5 27 -2.50141
-113 27 -2.90847
-112.5 27 -3.22862
-112 27 -3.51723
-111.5 27 -3.81109
-111 27 -4.00244
-110.5 27 -3.99998
-110 27 -3.69292
-109.5 27 -2.87111
-109 27 -2.03712
-108.5 27 -1.67413
-108 27 -1.51456
-107.5 27 -1.46036
-107 27 -1.42095
-106.5 27 -1.32281
-106 27 -1.26155
-105.5 27 -1.3179
-105 27 -1.42241
-104.5 27 -1.5382
-104 27 -1.68732
-103.5 27 -1.90785
-103 27 -2.12443
-102.5 27 -2.21255
-102 27 -2.0134
-101.5 27 -1.68916
-101 27 -1.41011
-100.5 27 -1.05559
-100 27 -0.746659
-99.5 27 -0.643449
-99 27 -0.870274
-98.5 27 -1.17506
-98 27 -1.24038
-97.5 27 -0.875987
-97 27 -0.46962
-96.5 27 -0.444662
-96 27 -0.720848
-95.5 27 -1.03949
-95 27 -1.11892
-94.5 27 -0.86366
-94 27 -0.628157
-93.5 27 -0.69499
-93 27 -0.525306
-92.5 27 -0.357469
-92 27 -0.390787
-91.5 27 -0.0423499
-91 27 0.318927
-90.5 27 0.254561
-90 27 0.0239887
-89.5 27 -0.249121
-89 27 -0.454355
-88.5 27 -0.398455
-88 27 -0.438174
-87.5 27 -0.884431
-87 27 -1.62955
-86.5 27 -2.31476
-86 27 -2.68425
-85.5 27 -2.82766
-85 27 -2.90927
-84.5 27 -3.06591
-84 27 -3.24224
-83.5 27 -3.3875
-83 27 -3.43051
-82.5 27 -3.42977
-82 27 -3.49988
-81.5 27 -3.68449
-81 27 -3.57424
-119 27.5 0.37032
-118.5 27.5 0.322323
-118 27.5 0.242362
-117.5 27.5 0.311633
-117 27.5 0.473673
-116.5 27.5 0.37146
-116 27.5 -0.0488068
-115.5 27.5 -0.636314
-115 27.5 -1.15778
-114.5 27.5 -1.62143
-114 27.5 -2.04052
-113.5 27.5 -2.40522
-113 27.5 -2.85317
-112.5 27.5 -3.32928
-112 27.5 -3.68278
-111.5 27.5 -3.99125
-111 27.5 -4.20419
-110.5 27.5 -4.31183
-110 27.5 -4.13747
-109.5 27.5 -3.56223
-109 27.5 -2.76049
-108.5 27.5 -2.22105
-108 27.5 -1.87513
-107.5 27.5 -1.66492
-107 27.5 -1.50917
-106.5 27.5 -1.34197
-106 27.5 -1.21123
-105.5 27.5 -1.22129
-105 27.5 -1.34275
-104.5 27.5 -1.51817
-104 27.5 -1.73942
-103.5 27.5 -2.0288
-103 27.5 -2.25607
-102.5 27.5 -2.28238
-102 27.5 -2.03942
-101.5 27.5 -1.69512
-101 27.5 -1.46821
-100.5 27.5 -1.35801
-100 27.5 -1.29993
-99.5 27.5 -1.23866
-99 27.5 -1.19528
-98.5 27.5 -1.11469
-98 27.5 -0.902276
-97.5 27.5 -0.473087
-97 27.5 -0.118826
-96.5 27.5 -0.125876
-96 27.5 -0.462855
-95.5 27.5 -0.805132
-95 27.5 -0.886241
-94.5 27.5 -0.715804
-94 27.5 -0.588265
-93.5 27.5 -0.527984
-93 27.5 -0.349521
-92.5 27.5 -0.20804
-92 27.5 -0.0319299
-91.5 27.5 0.363444
-91 27.5 0.58697
-90.5 27.5 0.49775
-90 27.5 0.20219
-89.5 27.5 -0.171
-89 27.5 -0.450215
-88.5 27.5 -0.614945
-88 27.5 -1.03021
-87.5 27.5 -1.60344
-87 27.5 -2.20382
-86.5 27.5 -2.52592
-86 27.5 -2.71221
-85.5 27.5 -2.83394
-85 27.5 -3.04001
-84.5 27.5 -3.24265
-84 27.5 -3.41042
-83.5 27.5 -3.45277
-83 27.5 -3.36606
-82.5 27.5 -3.18095
-82 27.5 -2.97736
-81.5 27.5 -2.81523
-81 27.5 -2.58234
-119 28 0.0503064
-118.5 28 -0.0878577
-118 28 -0.197609
-117.5 28 -0.0726542
-117 28 0.42824
-116.5 28 0.593264
-116 28 0.336215
-115.5 28 -0.254025
-115 28 -0.757937
-114.5 28 -1.18666
-114 28 -1.64669
-113.5 28 -2.0737
-113 28 -2.57462
-112.5 28 -3.20518
-112 28 -3.7357
-111.5 28 -4.16436
-111 28 -4.42863
-110.5 28 -4.60421
-110 28 -4.54778
-109.5 28 -4.10454
-109 28 -3.45661
-108.5 28 -2.86638
-108 28 -2.36359
-107.5 28 -1.98027
-107 28 -1.67922
-106.5 28 -1.40437
-106 28 -1.20746
-105.5 28 -1.16918
-105 28 -1.30018
-104.5 28 -1.4938
-104 28 -1.73258
-103.5 28 -2.09465
-103 28 -2.3572
-102.5 28 -2.33965
-102 28 -2.02893
-101.5 28 -1.66965
-101 28 -1.5369
-100.5 28 -1.70796
-100 28 -1.90065
-99.5 28 -1.81195
-99 28 -1.40216
-98.5 28 -0.905635
-98 28 -0.516921
-97.5 28 -0.106154
-97 28 0.176433
-96.5 28 0.14305
-96 28 -0.230216
-95.5 28 -0.627361
-95 28 -0.717403
-94.5 28 -0.69562
-94 28 -0.674332
-93.5 28 -0.519295
-93 28 -0.332331
-92.5 28 -0.183589
-92 28 0.10434
-91.5 28 0.452417
-91 28 0.635244
-90.5 28 0.539894
-90 28 0.166528
-89.5 28 -0.337539
-89 28 -0.680443
-88.5 28 -1.08696
-88 28 -1.72457
-87.5 28 -2.2504
-87 28 -2.53867
-86.5 28 -2.51291
-86 28 -2.63413
-85.5 28 -2.86357
-85 28 -3.18523
-84.5 28 -3.36565
-84 28 -3.41423
-83.5 28 -3.31022
-83 28 -3.09072
-82.5 28 -2.74657
-82 28 -2.32233
-81.5 28 -2.03309
-81 28 -1.92818
-119 28.5 -0.32457
-118.5 28.5 -0.618963
-118 28.5 -0.860503
-117.5 28.5 -0.900281
-117 28.5 -0.273007
-116.5 28.5 0.4534
-116 28.5 0.570926
-115.5 28.5 0.220654
-115 28.5 -0.277863
-114.5 28.5 -0.595648
-114 28.5 -1.03221
-113.5 28.5 -1.51809
-113 28.5 -1.99613
-112.5 28.5 -2.72603
-112 28.5 -3.53336
-111.5 28.5 -4.19369
-111 28.5 -4.64357
-110.5 28.5 -4.89762
-110 28.5 -5.01764
-109.5 28.5 -4.72669
-109 28.5 -4.16045
-108.5 28.5 -3.57877
-108 28.5 -2.94393
-107.5 28.5 -2.38752
-107 28.5 -1.96756
-106.5 28.5 -1.59092
-106 28.5 -1.29363
-105.5 28.5 -1.16893
-105 28.5 -1.28067
-104.5 28.5 -1.4774
-104 28.5 -1.6489
-103.5 28.5 -2.04783
-103 28.5 -2.39949
-102.5 28.5 -2.37641
-102 28.5 -2.00916
-101.5 28.5 -1.60754
-101 28.5 -1.53934
-100.5 28.5 -1.9776
-100 28.5 -2.4093
-99.5 28.5 -2.27141
-99 28.5 -1.48489
-98.5 28.5 -0.619583
-98 28.5 -0.203296
-97.5 28.5 0.135558
-97 28.5 0.333751
-96.5 28.5 0.252566
-96 28.5 -0.251871
-95.5 28.5 -0.704031
-95 28.5 -0.73857
-94.5 28.5 -0.88139
-94 28.5 -0.924615
-93.5 28.5 -0.621217
-93 28.5 -0.463054
-92.5 28.5 -0.277797
-92 28.5 0.0979574
-91.5 28.5 0.399899
-91 28.5 0.471835
-90.5 28.5 0.272453
-90 28.5 -0.284336
-89.5 28.5 -0.81576
-89 28.5 -1.09373
-88.5 28.5 -1.67293
-88 28.5 -2.32024
-87.5 28.5 -2.64162
-87 28.5 -2.47838
-86.5 28.5 -2.31564
-86 28.5 -2.58348
-85.5 28.5 -3.02211
-85 28.5 -3.35654
-84.5 28.5 -3.38251
-84 28.5 -3.24288
-83.5 28.5 -2.99062
-83 28.5 -2.67512
-82.5 28.5 -2.17901
-82 28.5 -1.71194
-81.5 28.5 -1.51083
-81 28.5 -1.69827
-119 29 -0.592576
-118.5 29 -1.02769
-118 29 -1.34649
-117.5 29 -1.45503
-117 29 -1.1635
-116.5 29 -0.354747
-116 29 0.192967
-115.5 29 0.425341
-115 29 0.199878
-114.5 29 -0.081919
-114 29 -0.428109
-113.5 29 -0.893007
-113 29 -1.38786
-112.5 29 -2.02244
-112 29 -2.88914
-111.5 29 -3.78015
-111 29 -4.61595
-110.5 29 -5.10482
-110 29 -5.36044
-109.5 29 -5.31828
-109 29 -4.92796
-108.5 29 -4.33839
-108 29 -3.57046
-107.5 29 -2.8798
-107 29 -2.35768
-106.5 29 -1.92689
-106 29 -1.58769
-105.5 29 -1.39733
-105 29 -1.38646
-104.5 29 -1.50518
-104 29 -1.66197
-103.5 29 -1.93547
-103 29 -2.18552
-102.5 29 -2.18203
-102 29 -1.95608
-101.5 29 -1.71621
-101 29 -1.74029
-100.5 29 -2.09517
-100 29 -2.40229
-99.5 29 -2.19942
-99 29 -1.42311
-98.5 29 -0.557162
-98 29 -0.0717986
-97.5 29 0.128179
-97 29 0.0967305
-96.5 29 -0.116447
-96 29 -0.513014
-95.5 29 -0.815549
-95 29 -0.953319
-94.5 29 -1.09037
-94 29 -1.04084
-93.5 29 -0.788934
-93 29 -0.508588
-92.5 29 -0.107774
-92 29 0.207144
-91.5 29 0.267621
-91 29 -0.00186705
-90.5 29 -0.406015
-90 29 -0.907766
-89.5 29 -1.22749
-89 29 -1.52926
-88.5 29 -2.01107
-88 29 -2.3545
-87.5 29 -2.45567
-87 29 -2.32671
-86.5 29 -2.51152
-86 29 -2.87223
-85.5 29 -3.2393
-85 29 -3.32733
-84.5 29 -3.19753
-84 29 -2.91725
-83.5 29 -2.55735
-83 29 -2.15108
-82.5 29 -1.67725
-82 29 -1.38548
-81.5 29 -1.34616
-81 29 -1.58511
-119 29.5 -0.617504
-118.5 29.5 -1.16289
-118 29.5 -1.52029
-117.5 29.5 -1.65831
-117 29.5 -1.55071
-116.5 29.5 -1.03535
-116 29.5 -0.450925
-115.5 29.5 0.146863
-115 29.5 0.264411
-114.5 29.5 0.118535
-114 29.5 -0.114706
-113.5 29.5 -0.460836
-113 29.5 -0.872568
-112.5 29.5 -1.36381
-112 29.5 -2.06968
-111.5 29.5 -2.98835
-111 29.5 -4.1544
-110.5 29.5 -4.94341
-110 29.5 -5.40218
-109.5 29.5 -5.6468
-109 29.5 -5.56188
-108.5 29.5 -5.11729
-108 29.5 -4.22294
-107.5 29.5 -3.42543
-107 29.5 -2.86845
-106.5 29.5 -2.40775
-106 29.5 -2.03668
-105.5 29.5 -1.78499
-105 29.5 -1.66041
-104.5 29.5 -1.65473
-104 29.5 -1.72015
-103.5 29.5 -1.8656
-103 29.5 -1.97787
-102.5 29.5 -1.9426
-102 29.5 -1.82853
-101.5 29.5 -1.73264
-101 29.5 -1.79809
-100.5 29.5 -2.08612
-100 29.5 -2.29351
-99.5 29.5 -2.0591
-99 29.5 -1.30168
-98.5 29.5 -0.463961
-98 29.5 -0.0384042
-97.5 29.5 -0.0663482
-97 29.5 -0.343064
-96.5 29.5 -0.595799
-96 29.5 -0.79644
-95.5 29.5 -0.916274
-95 29.5 -1.04242
-94.5 29.5 -1.09218
-94 29.5 -0.980394
-93.5 29.5 -0.768311
-93 29.5 -0.352601
-92.5 29.5 0.184537
-92 29.5 0.351069
-91.5 29.5 0.0605692
-91 29.5 -0.5708
-90.5 29.5 -1.03571
-90 29.5 -1.32019
-89.5 29.5 -1.4192
-89 29.5 -1.66831
-88.5 29.5 -2.00501
-88 29.5 -2.23274
-87.5 29.5 -2.33947
-87 29.5 -2.48229
-86.5 29.5 -2.89826
-86 29.5 -3.19886
-85.5 29.5 -3.31038
-85 29.5 -3.14157
-84.5 29.5 -2.87844
-84 29.5 -2.52275
-83.5 29.5 -2.1008
-83 29.5 -1.69761
-82.5 29.5 -1.32217
-82 29.5 -1.09618
-81.5 29.5 -1.06855
-81 29.5 -1.20505
-119 30 -0.349308
-118.5 30 -0.832749
-118 30 -1.32516
-117.5 30 -1.51799
-117 30 -1.60726
-116.5 30 -1.51045
-116 30 -1.22066
-115.5 30 -0.60401
-115 30 -0.0881329
-114.5 30 -0.0610423
-114 30 -0.131115
-113.5 30 -0.281709
-113 30 -0.539858
-112.5 30 -0.81584
-112 30 -1.21513
-111.5 30 -1.86275
-111 30 -3.07331
-110.5 30 -4.28873
-110 30 -4.98955
-109.5 30 -5.58208
-109 30 -5.93708
-108.5 30 -5.89197
-108 30 -5.1031
-107.5 30 -4.1043
-107 30 -3.55663
-106.5 30 -3.07328
-106 30 -2.6321
-105.5 30 -2.29839
-105 30 -2.05467
-104.5 30 -1.90672
-104 30 -1.81878
-103.5 30 -1.81493
-103 30 -1.80625
-102.5 30 -1.6938
-102 30 -1.62214
-101.5 30 -1.60732
-101 30 -1.65943
-100.5 30 -1.92222
-100 30 -2.12522
-99.5 30 -1.93972
-99 30 -1.17581
-98.5 30 -0.356222
-98 30 -0.0847032
-97.5 30 -0.389375
-97 30 -0.844351
-96.5 30 -1.03167
-96 30 -0.966686
-95.5 30 -0.873589
-95 30 -0.947595
-94.5 30 -0.86772
-94 30 -0.723229
-93.5 30 -0.605076
-93 30 -0.026483
-92.5 30 0.486277
-92 30 0.368984
-91.5 30 -0.365294
-91 30 -1.14845
-90.5 30 -1.45331
-90 30 -1.39395
-89.5 30 -1.35052
-89 30 -1.63519
-88.5 30 -1.95313
-88 30 -2.20629
-87.5 30 -2.42669
-87 30 -2.90444
-86.5 30 -3.36632
-86 30 -3.41944
-85.5 30 -3.16313
-85 30 -2.77546
-84.5 30 -2.4349
-84 30 -2.01757
-83.5 30 -1.60148
-83 30 -1.26353
-82.5 30 -0.958565
-82 30 -0.743942
-81.5 30 -0.679279
-81 30 -0.741446
-119 30.5 -0.183964
-118.5 30.5 -0.424853
-118 30.5 -0.894968
-117.5 30.5 -1.21985
-117 30.5 -1.42103
-116.5 30.5 -1.55998
-116 30.5 -1.52665
-115.5 30.5 -1.27698
-115 30.5 -0.726717
-114.5 30.5 -0.445334
-114 30.5 -0.342374
-113.5 30.5 -0.307376
-113 30.5 -0.36663
-112.5 30.5 -0.46816
-112 30.5 -0.674558
-111.5 30.5 -1.10784
-111 30.5 -1.89577
-110.5 30.5 -3.0846
-110 30.5 -4.10403
-109.5 30.5 -5.03782
-109 30.5 -5.71699
-108.5 30.5 -5.99151
-108 30.5 -5.76149
-107.5 30.5 -5.00063
-107 30.5 -4.36593
-106.5 30.5 -3.82694
-106 30.5 -3.32644
-105.5 30.5 -2.90251
-105 30.5 -2.54559
-104.5 30.5 -2.26458
-104 30.5 -2.02954
-103.5 30.5 -1.82375
-103 30.5 -1.65798
-102.5 30.5 -1.49025
-102 30.5 -1.36641
-101.5 30.5 -1.33241
-101 30.5 -1.40322
-100.5 30.5 -1.59639
-100 30.5 -1.73587
-99.5 30.5 -1.59159
-99 30.5 -1.10027
-98.5 30.5 -0.611986
-98 30.5 -0.479599
-97.5 30.5 -0.741377
-97 30.5 -1.06075
-96.5 30.5 -1.14801
-96 30.5 -0.979847
-95.5 30.5 -0.77682
-95 30.5 -0.668852
-94.5 30.5 -0.531394
-94 30.5 -0.415023
-93.5 30.5 -0.235237
-93 30.5 0.131806
-92.5 30.5 0.196757
-92 30.5 -0.140106
-91.5 30.5 -0.785369
-91 30.5 -1.20498
-90.5 30.5 -1.338
-90 30.5 -1.26703
-89.5 30.5 -1.386
-89 30.5 -1.68342
-88.5 30.5 -2.03506
-88 30.5 -2.41043
-87.5 30.5 -2.79795
-87 30.5 -3.26449
-86.5 30.5 -3.42099
-86 30.5 -3.24787
-85.5 30.5 -2.81066
-85 30.5 -2.32986
-84.5 30.5 -1.89486
-84 30.5 -1.47706
-83.5 30.5 -1.14257
-83 30.5 -0.862228
-82.5 30.5 -0.587925
-82 30.5 -0.357686
-81.5 30.5 -0.251152
-81 30.5 -0.283287
-119 31 -0.180162
-118.5 31 -0.303173
-118 31 -0.637743
-117.5 31 -0.975266
-117 31 -1.23218
-116.5 31 -1.40504
-116 31 -1.44137
-115.5 31 -1.35576
-115 31 -0.985864
-114.5 31 -0.663756
-114 31 -0.480383
-113.5 31 -0.367087
-113 31 -0.307994
-112.5 31 -0.254346
-112 31 -0.343018
-111.5 31 -0.629195
-111 31 -1.11037
-110.5 31 -1.96992
-110 31 -2.9942
-109.5 31 -4.16842
-109 31 -5.02152
-108.5 31 -5.48258
-108 31 -5.69253
-107.5 31 -5.37371
-107 31 -4.85988
-106.5 31 -4.38752
-106 31 -3.92504
-105.5 31 -3.47562
-105 31 -3.04052
-104.5 31 -2.66967
-104 31 -2.32642
-103.5 31 -1.91503
-103 31 -1.56639
-102.5 31 -1.32163
-102 31 -1.10694
-101.5 31 -1.00803
-101 31 -1.07421
-100.5 31 -1.2403
-100 31 -1.35643
-99.5 31 -1.29202
-99 31 -1.10475
-98.5 31 -0.923375
-98 31 -0.868025
-97.5 31 -1.02926
-97 31 -1.21304
-96.5 31 -1.20244
-96 31 -0.950479
-95.5 31 -0.627524
-95 31 -0.427992
-94.5 31 -0.321823
-94 31 -0.26382
-93.5 31 -0.12818
-93 31 -0.050815
-92.5 31 -0.252056
-92 31 -0.590527
-91.5 31 -0.942175
-91 31 -1.06978
-90.5 31 -1.15699
-90 31 -1.25373
-89.5 31 -1.50942
-89 31 -1.82373
-88.5 31 -2.19814
-88 31 -2.6195
-87.5 31 -2.97662
-87 31 -3.21366
-86.5 31 -3.14209
-86 31 -2.84253
-85.5 31 -2.34571
-85 31 -1.77217
-84.5 31 -1.32663
-84 31 -0.981295
-83.5 31 -0.725708
-83 31 -0.501796
-82.5 31 -0.259141
-82 31 -0.00472404
-81.5 31 0.11759
-81 31 0.0749395
-119 31.5 -0.307619
-118.5 31.5 -0.349004
-118 31.5 -0.528863
-117.5 31.5 -0.826623
-117 31.5 -1.07485
-116.5 31.5 -1.16482
-116 31.5 -1.09934
-115.5 31.5 -1.01978
-115 31.5 -0.859689
-114.5 31.5 -0.601032
-114 31.5 -0.445502
-113.5 31.5 -0.373183
-113 31.5 -0.333755
-112.5 31.5 -0.245205
-112 31.5 -0.203422
-111.5 31.5 -0.366471
-111 31.5 -0.579159
-110.5 31.5 -0.993807
-110 31.5 -1.73696
-109.5 31.5 -2.88361
-109 31.5 -3.93112
-108.5 31.5 -4.43677
-108 31.5 -4.93463
-107.5 31.5 -5.15606
-107 31.5 -4.86687
-106.5 31.5 -4.55115
-106 31.5 -4.25668
-105.5 31.5 -3.90029
-105 31.5 -3.48651
-104.5 31.5 -3.06855
-104 31.5 -2.68034
-103.5 31.5 -2.08566
-103 31.5 -1.51998
-102.5 31.5 -1.22568
-102 31.5 -0.916035
-101.5 31.5 -0.709569
-101 31.5 -0.778266
-100.5 31.5 -0.959091
-100 31.5 -1.10183
-99.5 31.5 -1.12106
-99 31.5 -1.18149
-98.5 31.5 -1.21382
-98 31.5 -1.15684
-97.5 31.5 -1.23037
-97 31.5 -1.31237
-96.5 31.5 -1.23592
-96 31.5 -0.889536
-95.5 31.5 -0.522271
-95 31.5 -0.348469
-94.5 31.5 -0.348822
-94 31.5 -0.333152
-93.5 31.5 -0.209204
-93 31.5 -0.349915
-92.5 31.5 -0.65755
-92 31.5 -0.884942
-91.5 31.5 -0.894415
-91 31.5 -0.865328
-90.5 31.5 -1.05115
-90 31.5 -1.36111
-89.5 31.5 -1.70974
-89 31.5 -1.99747
-88.5 31.5 -2.36614
-88 31.5 -2.71996
-87.5 31.5 -2.90398
-87 31.5 -2.85414
-86.5 31.5 -2.59604
-86 31.5 -2.22263
-85.5 31.5 -1.64417
-85 31.5 -1.08825
-84.5 31.5 -0.739648
-84 31.5 -0.498945
-83.5 31.5 -0.334671
-83 31.5 -0.182136
-82.5 31.5 0.0505101
-82 31.5 0.270299
-81.5 31.5 0.322331
-81 31.5 0.142967
-119 32 -0.4434
-118.5 32 -0.418681
-118 32 -0.477041
-117.5 32 -0.693467
-117 32 -0.957921
-116.5 32 -0.984604
-116 32 -0.812588
-115.5 32 -0.566911
-115 32 -0.45609
-114.5 32 -0.324733
-114 32 -0.239906
-113.5 32 -0.214175
-113 32 -0.22349
-112.5 32 -0.231492
-112 32 -0.148442
-111.5 32 -0.136842
-111 32 -0.202985
-110.5 32 -0.382283
-110 32 -0.87528
-109.5 32 -1.70375
-109 32 -2.71203
-108.5 32 -3.42092
-108 32 -3.97721
-107.5 32 -4.46236
-107 32 -4.52711
-106.5 32 -4.37059
-106 32 -4.20919
-105.5 32 -4.00815
-105 32 -3.75967
-104.5 32 -3.38716
-104 32 -2.89775
-103.5 32 -2.23254
-103 32 -1.55391
-102.5 32 -1.09881
-102 32 -0.780485
-101.5 32 -0.592985
-101 32 -0.624945
-100.5 32 -0.833383
-100 32 -1.06397
-99.5 32 -1.20019
-99 32 -1.30567
-98.5 32 -1.35131
-98 32 -1.32385
-97.5 32 -1.30841
-97 32 -1.26042
-96.5 32 -1.1262
-96 32 -0.900381
-95.5 32 -0.737371
-95 32 -0.62581
-94.5 32 -0.557243
-94 32 -0.428634
-93.5 32 -0.368181
-93 32 -0.534247
-92.5 32 -0.742991
-92 32 -0.848091
-91.5 32 -0.814815
-91 32 -0.926117
-90.5 32 -1.18328
-90 32 -1.53106
-89.5 32 -1.83667
-89 32 -2.11278
-88.5 32 -2.41192
-88 32 -2.59488
-87.5 32 -2.58701
-87 32 -2.35394
-86.5 32 -1.98442
-86 32 -1.50933
-85.5 32 -0.940463
-85 32 -0.524131
-84.5 32 -0.246556
-84 32 -0.0764384
-83.5 32 -0.00297003
-83 32 0.0919237
-82.5 32 0.264117
-82 32 0.388611
-81.5 32 0.343906
-81 32 0.122954
-119 32.5 -0.559994
-118.5 32.5 -0.385888
-118 32.5 -0.323994
-117.5 32.5 -0.442501
-117 32.5 -0.773553
-116.5 32.5 -0.803902
-116 32.5 -0.604743
-115.5 32.5 -0.270647
-115 32.5 -0.1017
-114.5 32.5 -0.0152057
-114 32.5 0.0240237
-113.5 32.5 0.0437479
-113 32.5 0.0355504
-112.5 32.5 -0.039263
-112 32.5 0.0308084
-111.5 32.5 0.145062
-111 32.5 0.216617
-110.5 32.5 0.134706
-110 32.5 -0.243464
-109.5 32.5 -0.956562
-109 32.5 -1.84636
-108.5 32.5 -2.65799
-108 32.5 -3.33148
-107.5 32.5 -3.91035
-107 32.5 -4.18917
-106.5 32.5 -4.12035
-106 32.5 -4.01162
-105.5 32.5 -3.92062
-105 32.5 -3.83789
-104.5 32.5 -3.56258
-104 32.5 -3.03513
-103.5 32.5 -2.2738
-103 32.5 -1.49103
-102.5 32.5 -0.91809
-102 32.5 -0.628236
-101.5 32.5 -0.495778
-101 32.5 -0.516681
-100.5 32.5 -0.798899
-100 32.5 -1.14292
-99.5 32.5 -1.34862
-99 32.5 -1.44567
-98.5 32.5 -1.45758
-98 32.5 -1.42008
-97.5 32.5 -1.33574
-97 32.5 -1.20768
-96.5 32.5 -1.07539
-96 32.5 -1.0397
-95.5 32.5 -1.08387
-95 32.5 -0.966697
-94.5 32.5 -0.735918
-94 32.5 -0.460452
-93.5 32.5 -0.393496
-93 32.5 -0.540922
-92.5 32.5 -0.751363
-92 32.5 -0.842494
-91.5 32.5 -0.899658
-91 32.5 -1.08844
-90.5 32.5 -1.33207
-90 32.5 -1.61309
-89.5 32.5 -1.86191
-89 32.5 -2.09916
-88.5 32.5 -2.29888
-88 32.5 -2.3697
-87.5 32.5 -2.25122
-87 32.5 -1.9343
-86.5 32.5 -1.48893
-86 32.5 -0.98813
-85.5 32.5 -0.489291
-85 32.5 -0.154922
-84.5 32.5 0.101033
-84 32.5 0.237457
-83.5 32.5 0.229731
-83 32.5 0.27219
-82.5 32.5 0.380569
-82 32.5 0.512537
-81.5 32.5 0.443947
-81 32.5 0.252918
-119 33 -0.707938
-118.5 33 -0.407182
-118 33 -0.134707
-117.5 33 -0.0150313
-117 33 -0.235791
-116.5 33 -0.507288
-116 33 -0.450434
-115.5 33 -0.168616
-115 33 0.111918
-114.5 33 0.225178
-114 33 0.276958
-113.5 33 0.341823
-113 33 0.425417
-112.5 33 0.372124
-112 33 0.34256
-111.5 33 0.481759
-111 33 0.620702
-110.5 33 0.606946
-110 33 0.325812
-109.5 33 -0.304998
-109 33 -1.17844
-108.5 33 -2.08861
-108 33 -2.90634
-107.5 33 -3.56095
-107 33 -4.00804
-106.5 33 -4.00817
-106 33 -3.82131
-105.5 33 -3.75012
-105 33 -3.75819
-104.5 33 -3.63077
-104 33 -3.12413
-103.5 33 -2.26856
-103 33 -1.36702
-102.5 33 -0.712759
-102 33 -0.441329
-101.5 33 -0.374385
-101 33 -0.341531
-100.5 33 -0.719749
-100 33 -1.23398
-99.5 33 -1.50829
-99 33 -1.57752
-98.5 33 -1.55327
-98 33 -1.52348
-97.5 33 -1.40332
-97 33 -1.24599
-96.5 33 -1.12438
-96 33 -1.29965
-95.5 33 -1.43992
-95 33 -1.21196
-94.5 33 -0.752108
-94 33 -0.388503
-93.5 33 -0.373361
-93 33 -0.597187
-92.5 33 -0.824107
-92 33 -0.906541
-91.5 33 -1.05614
-91 33 -1.25834
-90.5 33 -1.43298
-90 33 -1.61841
-89.5 33 -1.81191
-89 33 -2.0004
-88.5 33 -2.12987
-88 33 -2.13431
-87.5 33 -1.957
-87 33 -1.60177
-86.5 33 -1.13708
-86 33 -0.662371
-85.5 33 -0.286226
-85 33 0.0291841
-84.5 33 0.308291
-84 33 0.392093
-83.5 33 0.391205
-83 33 0.469296
-82.5 33 0.649767
-82 33 0.729284
-81.5 33 0.581059
-81 33 0.354512
-119 33.5 -0.894889
-118.5 33.5 -0.568547
-118 33.5 -0.221279
-117.5 33.5 0.0564415
-117 33.5 0.181089
-116.5 33.5 -0.0869277
-116 33.5 -0.203529
-115.5 33.5 -0.11091
-115 33.5 0.157921
-114.5 33.5 0.332265
-114 33.5 0.422355
-113.5 33.5 0.536328
-113 33.5 0.67686
-112.5 33.5 0.756286
-112 33.5 0.735485
-111.5 33.5 0.828824
-111 33.5 0.977976
-110.5 33.5 0.996126
-110 33.5 0.786137
-109.5 33.5 0.307732
-109 33.5 -0.490069
-108.5 33.5 -1.46752
-108 33.5 -2.50169
-107.5 33.5 -3.27664
-107 33.5 -3.77871
-106.5 33.5 -3.94966
-106 33.5 -3.83736
-105.5 33.5 -3.74078
-105 33.5 -3.6795
-104.5 33.5 -3.53512
-104 33.5 -3.05165
-103.5 33.5 -2.27696
-103 33.5 -1.40684
-102.5 33.5 -0.702643
-102 33.5 -0.283922
-101.5 33.5 -0.126502
-101 33.5 -0.164541
-100.5 33.5 -0.571747
-100 33.5 -1.12165
-99.5 33.5 -1.49371
-99 33.5 -1.66377
-98.5 33.5 -1.7023
-98 33.5 -1.6751
-97.5 33.5 -1.59445
-97 33.5 -1.50424
-96.5 33.5 -1.4519
-96 33.5 -1.50379
-95.5 33.5 -1.37544
-95 33.5 -1.05908
-94.5 33.5 -0.662548
-94 33.5 -0.474895
-93.5 33.5 -0.509983
-93 33.5 -0.7131
-92.5 33.5 -0.879562
-92 33.5 -1.00144
-91.5 33.5 -1.16056
-91 33.5 -1.30292
-90.5 33.5 -1.42324
-90 33.5 -1.55559
-89.5 33.5 -1.71976
-89 33.5 -1.85507
-88.5 33.5 -1.92166
-88 33.5 -1.85812
-87.5 33.5 -1.65026
-87 33.5 -1.29372
-86.5 33.5 -0.832908
-86 33.5 -0.43184
-85.5 33.5 -0.12547
-85 33.5 0.229049
-84.5 33.5 0.475369
-84 33.5 0.545933
-83.5 33.5 0.607508
-83 33.5 0.728052
-82.5 33.5 0.892277
-82 33.5 0.820161
-81.5 33.5 0.621062
-81 33.5 0.386403
-119 34 -1.22369
-118.5 34 -0.912169
-118 34 -0.642014
-117.5 34 -0.355858
-117 34 -0.04707
-116.5 34 -0.0937108
-116 34 -0.141481
-115.5 34 -0.0314002
-115 34 0.207149
-114.5 34 0.410156
-114 34 0.482704
-113.5 34 0.615886
-113 34 0.767739
-112.5 34 0.869822
-112 34 0.895141
-111.5 34 0.983371
-111 34 1.18367
-110.5 34 1.23674
-110 34 1.10945
-109.5 34 0.813528
-109 34 0.196549
-108.5 34 -0.730862
-108 34 -1.94788
-107.5 34 -2.86688
-107 34 -3.45001
-106.5 34 -3.71926
-106 34 -3.76814
-105.5 34 -3.74316
-105 34 -3.66193
-104.5 34 -3.46636
-104 34 -3.0368
-103.5 34 -2.25783
-103 34 -1.43689
-102.5 34 -0.77924
-102 34 -0.197131
-101.5 34 0.115273
-101 34 0.0278032
-100.5 34 -0.426541
-100 34 -1.02015
-99.5 34 -1.47863
-99 34 -1.74547
-98.5 34 -1.86225
-98 34 -1.86995
-97.5 34 -1.82527
-97 34 -1.77316
-96.5 34 -1.70093
-96 34 -1.50638
-95.5 34 -1.14859
-95 34 -0.848116
-94.5 34 -0.628221
-94 34 -0.592311
-93.5 34 -0.652628
-93 34 -0.791143
-92.5 34 -0.919699
-92 34 -1.03477
-91.5 34 -1.15802
-91 34 -1.2685
-90.5 34 -1.34615
-90 34 -1.4439
-89.5 34 -1.56994
-89 34 -1.63343
-88.5 34 -1.60368
-88 34 -1.46591
-87.5 34 -1.2277
-87 34 -0.862297
-86.5 34 -0.356544
-86 34 -0.0320845
-85.5 34 0.215251
-85 34 0.542729
-84.5 34 0.711767
-84 34 0.746219
-83.5 34 0.719849
-83 34 0.789073
-82.5 34 0.855583
-82 34 0.741743
-81.5 34 0.562677
-81 34 0.368613
-119 34.5 -1.73929
-118.5 34.5 -1.65937
-118 34.5 -1.41839
-117.5 34.5 -1.21247
-117 34.5 -0.855474
-116.5 34.5 -0.552133
-116 34.5 -0.407364
-115.5 34.5 -0.170278
-115 34.5 0.158963
-114.5 34.5 0.481714
-114 34.5 0.634637
-113.5 34.5 0.674546
-113 34.5 0.772662
-112.5 34.5 0.838276
-112 34.5 0.844261
-111.5 34.5 0.852312
-111 34.5 1.03358
-110.5 34.5 1.22033
-110 34.5 1.19631
-109.5 34.5 1.105
-109 34.5 0.807284
-108.5 34.5 0.16097
-108 34.5 -1.01372
-107.5 34.5 -2.21754
-107 34.5 -2.95403
-106.5 34.5 -3.40169
-106 34.5 -3.59647
-105.5 34.5 -3.6623
-105 34.5 -3.6093
-104.5 34.5 -3.43224
-104 34.5 -3.03774
-103.5 34.5 -2.32314
-103 34.5 -1.5087
-102.5 34.5 -0.917814
-102 34.5 -0.243986
-101.5 34.5 0.230351
-101 34.5 0.15691
-100.5 34.5 -0.364084
-100 34.5 -1.03061
-99.5 34.5 -1.4687
-99 34.5 -1.79865
-98.5 34.5 -2.00246
-98 34.5 -2.00403
-97.5 34.5 -1.962
-97 34.5 -1.91314
-96.5 34.5 -1.76925
-96 34.5 -1.31343
-95.5 34.5 -0.852502
-95 34.5 -0.663172
-94.5 34.5 -0.662472
-94 34.5 -0.736588
-93.5 34.5 -0.776078
-93 34.5 -0.856145
-92.5 34.5 -0.949717
-92 34.5 -1.03618
-91.5 34.5 -1.13632
-91 34.5 -1.19756
-90.5 34.5 -1.21961
-90 34.5 -1.29147
-89.5 34.5 -1.35671
-89 34.5 -1.3136
-88.5 34.5 -1.16161
-88 34.5 -0.901291
-87.5 34.5 -0.559251
-87 34.5 -0.0309925
-86.5 34.5 0.397115
-86 34.5 0.563824
-85.5 34.5 0.774099
-85 34.5 0.911567
-84.5 34.5 0.857851
-84 34.5 0.702686
-83.5 34.5 0.605633
-83 34.5 0.636136
-82.5 34.5 0.619085
-82 34.5 0.533813
-81.5 34.5 0.432935
-81 34.5 0.322026
-119 35 -2.02609
-118.5 35 -2.32028
-118 35 -2.18149
-117.5 35 -1.97012
-117 35 -1.70238
-116.5 35 -1.23983
-116 35 -0.878687
-115.5 35 -0.525538
-115 35 -0.123358
-114.5 35 0.291781
-114 35 0.64679
-113.5 35 0.700537
-113 35 0.725173
-112.5 35 0.74707
-112 35 0.73571
-111.5 35 0.710661
-111 35 0.751452
-110.5 35 0.974294
-110 35 1.11185
-109.5 35 1.17808
-109 35 1.08729
-108.5 35 0.679812
-108 35 -0.100672
-107.5 35 -1.23836
-107 35 -2.18893
-106.5 35 -2.93534
-106 35 -3.31445
-105.5 35 -3.47163
-105 35 -3.42989
-104.5 35 -3.22294
-104 35 -2.89117
-103.5 35 -2.29923
-103 35 -1.55366
-102.5 35 -0.974493
-102 35 -0.485819
-101.5 35 -0.0538906
-101 35 -0.0100935
-100.5 35 -0.451509
-100 35 -1.03344
-99.5 35 -1.44402
-99 35 -1.7789
-98.5 35 -1.97349
-98 35 -1.96846
-97.5 35 -1.89385
-97 35 -1.75103
-96.5 35 -1.48265
-96 35 -1.06116
-95.5 35 -0.770511
-95 35 -0.670803
-94.5 35 -0.718566
-94 35 -0.756177
-93.5 35 -0.798541
-93 35 -0.863178
-92.5 35 -0.934673
-92 35 -1.00313
-91.5 35 -1.05753
-91 35 -1.03253
-90.5 35 -1.02012
-90 35 -1.05423
-89.5 35 -1.04344
-89 35 -0.916692
-88.5 35 -0.651928
-88 35 -0.232975
-87.5 35 0.265426
-87 35 0.8047
-86.5 35 0.989806
-86 35 1.08128
-85.5 35 1.17456
-85 35 1.01163
-84.5 35 0.755242
-84 35 0.487857
-83.5 35 0.404506
-83 35 0.379892
-82.5 35 0.329226
-82 35 0.303743
-81.5 35 0.26857
-81 35 0.201143
-119 35.5 -1.8534
-118.5 35.5 -2.37746
-118 35.5 -2.39656
-117.5 35.5 -2.2307
-117 35.5 -1.98583
-116.5 35.5 -1.62253
-116 35.5 -1.282
-115.5 35.5 -0.934217
-115 35.5 -0.599049
-114.5 35.5 -0.204001
-114 35.5 0.273275
-113.5 35.5 0.429555
-113 35.5 0.50151
-112.5 35.5 0.581237
-112 35.5 0.618295
-111.5 35.5 0.621922
-111 35.5 0.618291
-110.5 35.5 0.773587
-110 35.5 0.959496
-109.5 35.5 1.158
-109 35.5 1.15786
-108.5 35.5 0.898234
-108 35.5 0.372312
-107.5 35.5 -0.458963
-107 35.5 -1.35178
-106.5 35.5 -2.29893
-106 35.5 -2.86625
-105.5 35.5 -3.10054
-105 35.5 -3.11668
-104.5 35.5 -2.94293
-104 35.5 -2.5845
-103.5 35.5 -2.10807
-103 35.5 -1.50919
-102.5 35.5 -0.976567
-97.5 35.5 -1.67517
-97 35.5 -1.4758
-96.5 35.5 -1.18204
-96 35.5 -0.87849
-95.5 35.5 -0.71326
-95 35.5 -0.656051
-94.5 35.5 -0.671387
-94 35.5 -0.669312
-93.5 35.5 -0.708508
-93 35.5 -0.761771
-92.5 35.5 -0.80167
-92 35.5 -0.841874
-91.5 35.5 -0.84053
-91 35.5 -0.745403
-90.5 35.5 -0.714515
-90 35.5 -0.715894
-89.5 35.5 -0.689236
-89 35.5 -0.533347
-88.5 35.5 -0.225659
-88 35.5 0.255265
-87.5 35.5 0.725781
-87 35.5 1.09117
-86.5 35.5 1.10638
-86 35.5 1.12786
-85.5 35.5 1.10106
-85 35.5 0.824657
-84.5 35.5 0.537291
-84 35.5 0.294498
-83.5 35.5 0.209862
-83 35.5 0.144532
-82.5 35.5 0.0785109
-82 35.5 0.0391748
-81.5 35.5 0.00366047
-81 35.5 -0.0672109
-119 36 -1.17952
-118.5 36 -1.66931
-118 36 -1.96931
-117.5 36 -1.9365
-117 36 -1.80574
-116.5 36 -1.64474
-116 36 -1.51116
-115.5 36 -1.35934
-115 36 -1.16534
-114.5 36 -0.958114
-114 36 -0.560743
-113.5 36 -0.158044
-113 36 0.055367
-112.5 36 0.270804
-112 36 0.455605
-111.5 36 0.583304
-111 36 0.621086
-110.5 36 0.641436
-110 36 0.722888
-109.5 36 0.900228
-109 36 1.01782
-108.5 36 0.871822
-108 36 0.576373
-107.5 36 0.12028
-107 36 -0.453244
-106.5 36 -1.3246
-106 36 -2.16263
-105.5 36 -2.54589
-105 36 -2.6754
-104.5 36 -2.57428
-104 36 -2.3219
-103.5 36 -1.95871
-96.5 36 -0.902038
-96 36 -0.706158
-95.5 36 -0.627244
-95 36 -0.570762
-94.5 36 -0.502082
-94 36 -0.469697
-93.5 36 -0.513472
-93 36 -0.527344
-92.5 36 -0.527092
-92 36 -0.532047
-91.5 36 -0.439081
-91 36 -0.361959
-90.5 36 -0.385627
-90 36 -0.425788
-89.5 36 -0.386939
-89 36 -0.204691
-88.5 36 0.132954
-88 36 0.48629
-87.5 36 0.720912
-87 36 0.747257
-86.5 36 0.70623
-86 36 0.741147
-85.5 36 0.626373
-85 36 0.420491
-84.5 36 0.256851
-84 36 0.134168
-83.5 36 0.0298445
-83 36 -0.101284
-82.5 36 -0.217563
-82 36 -0.309219
-81.5 36 -0.394954
-81 36 -0.546982
-119 36.5 -0.442578
-118.5 36.5 -0.734759
-118 36.5 -1.10683
-117.5 36.5 -1.22578
-117 36.5 -1.23032
-116.5 36.5 -1.27729
-116 36.5 -1.38664
-115.5 36.5 -1.52044
-115 36.5 -1.50025
-114.5 36.5 -1.44784
-114 36.5 -1.31294
-113.5 36.5 -0.85844
-113 36.5 -0.466897
-112.5 36.5 -0.112324
-112 36.5 0.192808
-111.5 36.5 0.441651
-111 36.5 0.626449
-110.5 36.5 0.620387
-110 36.5 0.599701
-109.5 36.5 0.613295
-109 36.5 0.741788
-108.5 36.5 0.723359
-108 36.5 0.565159
-107.5 36.5 0.36448
-107 36.5 0.0680105
-106.5 36.5 -0.377809
-106 36.5 -1.1803
-105.5 36.5 -1.76518
-105 36.5 -2.11137
-104.5 36.5 -2.18541
-95.5 36.5 -0.433884
-95 36.5 -0.37498
-94.5 36.5 -0.293634
-94 36.5 -0.293463
-93.5 36.5 -0.297028
-93 36.5 -0.262442
-92.5 36.5 -0.224929
-92 36.5 -0.162188
-91.5 36.5 -0.0618541
-91 36.5 -0.106197
-90.5 36.5 -0.175332
-90 36.5 -0.217416
-89.5 36.5 -0.127506
-89 36.5 0.0651454
-88.5 36.5 0.312075
-88 36.5 0.397642
-87.5 36.5 0.357697
-87 36.5 0.197427
-86.5 36.5 0.212232
-86 36.5 0.206479
-85.5 36.5 0.0948554
-85 36.5 0.0448732
-84.5 36.5 -0.00113289
-84 36.5 -0.0534107
-83.5 36.5 -0.210127
-83 36.5 -0.390082
-82.5 36.5 -0.558727
-82 36.5 -0.698384
-81.5 36.5 -0.849379
-81 36.5 -1.04083
-119 37 0.301709
-118.5 37 -0.0149737
-118 37 -0.213473
-117.5 37 -0.331433
-117 37 -0.406195
-116.5 37 -0.577455
-116 37 -0.845553
-115.5 37 -1.19246
-115 37 -1.32882
-114.5 37 -1.41125
-114 37 -1.42971
-113.5 37 -1.16507
-113 37 -0.820696
-112.5 37 -0.414929
-112 37 -0.100359
-111.5 37 0.191997
-111 37 0.48465
-110.5 37 0.559426
-110 37 0.549032
-109.5 37 0.520612
-109 37 0.593852
-108.5 37 0.610876
-108 37 0.513688
-107.5 37 0.404672
-107 37 0.269065
-106.5 37 0.0849072
-106 37 -0.441889
-105.5 37 -1.02975
-105 37 -1.491
-95 37 -0.265323
-94.5 37 -0.195978
-94 37 -0.216203
-93.5 37 -0.184064
-93 37 -0.121442
-92.5 37 -0.0630132
-92 37 0.0129174
-91.5 37 0.0666603
-91 37 -0.0195176
-90.5 37 -0.0685233
-90 37 -0.0704417
-89.5 37 0.0246305
-89 37 0.15487
-88.5 37 0.255567
-88 37 0.200474
-87.5 37 0.0663378
-87 37 -0.102633
-86.5 37 -0.130152
-86 37 -0.164539
-85.5 37 -0.228915
-85 37 -0.260684
-84.5 37 -0.278494
-84 37 -0.329044
-83.5 37 -0.495849
-83 37 -0.686757
-82.5 37 -0.871221
-82 37 -1.01972
-81.5 37 -1.18151
-81 37 -1.3465
-119 37.5 1.28111
-118.5 37.5 1.19023
-118 37.5 0.882205
-117.5 37.5 0.673991
-117 37.5 0.513981
-116.5 37.5 0.330429
-116 37.5 0.0772205
-115.5 37.5 -0.292876
-115 37.5 -0.63748
-114.5 37.5 -0.862011
-114 37.5 -1.04342
-113.5 37.5 -1.07097
-113 37.5 -0.964845
-112.5 37.5 -0.73036
-112 37.5 -0.414128
-111.5 37.5 -0.140278
-111 37.5 0.181082
-110.5 37.5 0.43332
-110 37.5 0.545283
-109.5 37.5 0.573016
-109 37.5 0.589111
-108.5 37.5 0.610459
-108 37.5 0.529548
-107.5 37.5 0.368742
-107 37.5 0.204457
-106.5 37.5 0.132836
-106 37.5 -0.061123
-105.5 37.5 -0.452012
-94.5 37.5 -0.289093
-94 37.5 -0.276367
-93.5 37.5 -0.189257
-93 37.5 -0.124647
-92.5 37.5 -0.0756323
-92 37.5 -0.0337792
-91.5 37.5 -0.0685937
-91 37.5 -0.0992002
-90.5 37.5 -0.059891
-90 37.5 0.00303808
-89.5 37.5 0.073846
-89 37.5 0.115909
-88.5 37.5 0.0942098
-88 37.5 -0.00349485
-87.5 37.5 -0.136282
-87 37.5 -0.251958
-86.5 37.5 -0.326786
-86 37.5 -0.41149
-85.5 37.5 -0.490756
-85 37.5 -0.525913
-84.5 37.5 -0.552568
-84 37.5 -0.636174
-83.5 37.5 -0.783275
-83 37.5 -0.938532
-82.5 37.5 -1.08851
-82 37.5 -1.24136
-81.5 37.5 -1.40832
-81 37.5 -1.56403
-119 38 2.01097
-118.5 38 2.30057
-118 38 1.98465
-117.5 38 1.66324
-117 38 1.40963
-116.5 38 1.23126
-116 38 1.02443
-115.5 38 0.758398
-115 38 0.33112
-114.5 38 -0.0347685
-114 38 -0.345617
-113.5 38 -0.589114
-113 38 -0.73259
-112.5 38 -0.783522
-112 38 -0.546693
-111.5 38 -0.291615
-111 38 -0.0301147
-110.5 38 0.292174
-110 38 0.515942
-109.5 38 0.651002
-109 38 0.667905
-108.5 38 0.66584
-108 38 0.600088
-107.5 38 0.403234
-107 38 0.201556
-106.5 38 0.0371273
-106 38 -0.0152148
-94 38 -0.281471
-93.5 38 -0.205401
-93 38 -0.172751
-92.5 38 -0.161178
-92 38 -0.18873
-91.5 38 -0.251136
-91 38 -0.164234
-90.5 38 -0.0619413
-90 38 0.0203527
-89.5 38 0.0320187
-89 38 0.00492352
-88.5 38 -0.0669125
-88 38 -0.153779
-87.5 38 -0.248538
-87 38 -0.33416
-86.5 38 -0.460306
-86 38 -0.587564
-85.5 38 -0.694151
-85 38 -0.747616
-84.5 38 -0.800469
-84 38 -0.894236
-83.5 38 -1.00884
-83 38 -1.12703
-82.5 38 -1.23918
-82 38 -1.39189
-81.5 38 -1.54807
-81 38 -1.68312
-119 38.5 2.23602
-118.5 38.5 2.65245
-118 38.5 2.53905
-117.5 38.5 2.30554
-117 38.5 2.1249
-116.5 38.5 1.96378
-116 38.5 1.80289
-115.5 38.5 1.55869
-115 38.5 1.24326
-114.5 38.5 0.876064
-114 38.5 0.446221
-113.5 38.5 0.156082
-113 38.5 -0.100846
-112.5 38.5 -0.334563
-112 38.5 -0.257348
-111.5 38.5 -0.0957867
-111 38.5 0.109664
-110.5 38.5 0.332265
-110 38.5 0.523896
-109.5 38.5 0.67149
-109 38.5 0.720612
-108.5 38.5 0.710161
-108 38.5 0.636072
-107.5 38.5 0.451304
-107 38.5 0.23469
-106.5 38.5 0.114963
-106 38.5 0.0274968
-94 38.5 -0.160773
-93.5 38.5 -0.12906
-93 38.5 -0.138434
-92.5 38.5 -0.157444
-92 38.5 -0.209272
-91.5 38.5 -0.251885
-91 38.5 -0.150003
-90.5 38.5 -0.0613476
-90 38.5 -0.0141107
-89.5 38.5 -0.0518555
-89 38.5 -0.105178
-88.5 38.5 -0.170507
-88 38.5 -0.255023
-87.5 38.5 -0.330684
-87 38.5 -0.423391
-86.5 38.5 -0.541424
-86 38.5 -0.692
-85.5 38.5 -0.835485
-85 38.5 -0.913799
-84.5 38.5 -0.985921
-84 38.5 -1.06162
-83.5 38.5 -1.19302
-83 38.5 -1.28651
-82.5 38.5 -1.36029
-82 38.5 -1.47139
-81.5 38.5 -1.58353
-81 38.5 -1.67248
-119 39 2.02235
-118.5 39 2.38385
-118 39 2.51408
-117.5 39 2.45185
-117 39 2.39542
-116.5 39 2.38516
-116 39 2.37939
-115.5 39 2.29821
-115 39 2.10595
-114.5 39 1.86202
-114 39 1.51547
-113.5 39 1.15824
-113 39 0.891504
-112.5 39 0.623156
-112 39 0.43492
-111.5 39 0.364499
-111 39 0.38166
-110.5 39 0.493058
-110 39 0.615742
-109.5 39 0.725014
-109 39 0.794334
-108.5 39 0.788119
-108 39 0.700276
-107.5 39 0.505144
-107 39 0.239161
-106.5 39 0.0683219
-93.5 39 0.0574054
-93 39 0.0156631
-92.5 39 -0.0202551
-92 39 -0.0659129
-91.5 39 -0.0672022
-91 39 -0.0468815
-90.5 39 -0.053755
-90 39 -0.10065
-89.5 39 -0.166767
-89 39 -0.229331
-88.5 39 -0.295783
-88 39 -0.3345
-87.5 39 -0.365002
-87 39 -0.423707
-86.5 39 -0.549384
-86 39 -0.718249
-85.5 39 -0.876992
-85 39 -1.01138
-84.5 39 -1.14875
-84 39 -1.28865
-83.5 39 -1.37142
-83 39 -1.39593
-82.5 39 -1.42334
-82 39 -1.45683
-81.5 39 -1.49215
-81 39 -1.51502
-119 39.5 1.65466
-118.5 39.5 1.88668
-118 39.5 2.11218
-117.5 39.5 2.2171
-117 39.5 2.29279
-116.5 39.5 2.45869
-116 39.5 2.64196
-115.5 39.5 2.77996
-115 39.5 2.71236
-114.5 39.5 2.59368
-114 39.5 2.44475
-113.5 39.5 2.1296
-113 39.5 1.89256
-112.5 39.5 1.68472
-112 39.5 1.34509
-111.5 39.5 1.05567
-111 39.5 0.829397
-110.5 39.5 0.844206
-110 39.5 0.899801
-109.5 39.5 0.936691
-109 39.5 1.01686
-108.5 39.5 1.02557
-108 39.5 0.918335
-107.5 39.5 0.701292
-107 39.5 0.394905
-106.5 39.5 0.113655
-93.5 39.5 0.281475
-93 39.5 0.216371
-92.5 39.5 0.176582
-92 39.5 0.158942
-91.5 39.5 0.160233
-91 39.5 0.0774865
-90.5 39.5 -0.0301957
-90 39.5 -0.159256
-89.5 39.5 -0.237932
-89 39.5 -0.317733
-88.5 39.5 -0.391643
-88 39.5 -0.379689
-87.5 39.5 -0.359774
-87 39.5 -0.375732
-86.5 39.5 -0.522774
-86 39.5 -0.691812
-85.5 39.5 -0.844963
-85 39.5 -1.02753
-84.5 39.5 -1.22032
-84 39.5 -1.39924
-83.5 39.5 -1.38147
-83 39.5 -1.34145
-82.5 39.5 -1.32761
-82 39.5 -1.27789
-81.5 39.5 -1.24481
-81 39.5 -1.23229
-119 40 1.22298
-118.5 40 1.45148
-118 40 1.6044
-117.5 40 1.7705
-117 40 1.9832
-116.5 40 2.25143
-116 40 2.54382
-115.5 40 2.81097
-115 40 2.86627
-114.5 40 2.87044
-114 40 2.85415
-113.5 40 2.75863
-113 40 2.65335
-112.5 40 2.47956
-112 40 2.23226
-111.5 40 1.90402
-111 40 1.55152
-110.5 40 1.50179
-110 40 1.48522
-109.5 40 1.43755
-109 40 1.5166
-108.5 40 1.52849
-108 40 1.40508
-107.5 40 1.18944
-107 40 0.874528
-106.5 40 0.532457
-93.5 40 0.480964
-93 40 0.391904
-92.5 40 0.372579
-92 40 0.352579
-91.5 40 0.29982
-91 40 0.203956
-90.5 40 0.0625909
-90 40 -0.0875126
-89.5 40 -0.195045
-89 40 -0.304391
-88.5 40 -0.398789
-88 40 -0.396834
-87.5 40 -0.373088
-87 40 -0.367118
-86.5 40 -0.508851
-86 40 -0.638948
-85.5 40 -0.75621
-85 40 -0.87508
-84.5 40 -1.0211
-84 40 -1.15959
-83.5 40 -1.07579
-83 40 -1.0149
-82.5 40 -0.987186
-82 40 -0.893942
-81.5 40 -0.849241
-81 40 -0.849575
-119 40.5 0.603136
-118.5 40.5 0.655086
-118 40.5 0.867006
-117.5 40.5 1.14351
-117 40.5 1.46404
-116.5 40.5 1.79048
-116 40.5 2.09538
-115.5 40.5 2.3763
-115 40.5 2.5776
-114.5 40.5 2.73755
-114 40.5 2.9026
-113.5 40.5 3.05276
-113 40.5 3.19453
-112.5 40.5 3.24391
-112 40.5 3.08178
-111.5 40.5 2.84137
-111 40.5 2.60277
-110.5 40.5 2.4177
-110 40.5 2.32686
-109.5 40.5 2.28796
-109 40.5 2.26898
-108.5 40.5 2.2262
-108 40.5 2.11827
-107.5 40.5 1.92046
-107 40.5 1.659
-106.5 40.5 1.41491
-93.5 40.5 0.667381
-93 40.5 0.629675
-92.5 40.5 0.58948
-92 40.5 0.545544
-91.5 40.5 0.475121
-91 40.5 0.364874
-90.5 40.5 0.235019
-90 40.5 0.0963702
-89.5 40.5 -0.045727
-89 40.5 -0.180919
-88.5 40.5 -0.297023
-88 40.5 -0.387556
-87.5 40.5 -0.457779
-87 40.5 -0.514771
-86.5 40.5 -0.541053
-86 40.5 -0.535358
-85.5 40.5 -0.521664
-85 40.5 -0.513012
-84.5 40.5 -0.509669
-84 40.5 -0.484379
-83.5 40.5 -0.453764
-83 40.5 -0.432252
-82.5 40.5 -0.389324
-82 40.5 -0.350368
-81.5 40.5 -0.327038
-81 40.5 -0.31676
-119 41 0.0238753
-118.5 41 -0.155943
-118 41 0.0828069
-117.5 41 0.448566
-117 41 0.849424
-116.5 41 1.15589
-116 41 1.4307
-115.5 41 1.68593
-115 41 1.93815
-114.5 41 2.20697
-114 41 2.53265
-113.5 41 2.8591
-113 41 3.23586
-112.5 41 3.5719
-112 41 3.45093
-111.5 41 3.3213
-111 41 3.29539
-110.5 41 3.04636
-110 41 2.92784
-109.5 41 2.94383
-109 41 2.83606
-108.5 41 2.7623
-108 41 2.71222
-107.5 41 2.49445
-107 41 2.30221
-106.5 41 2.19001
-93.5 41 0.748998
-93 41 0.783422
-92.5 41 0.723077
-92 41 0.670134
-91.5 41 0.618992
-91 41 0.516319
-90.5 41 0.409663
-90 41 0.293229
-89.5 41 0.132275
-89 41 -0.0244543
-88.5 41 -0.167966
-88 41 -0.348084
-87.5 41 -0.513119
-87 41 -0.62352
-86.5 41 -0.521097
-86 41 -0.382701
-85.5 41 -0.243144
-85 41 -0.11947
-84.5 41 0.0292922
-84 41 0.18967
-83.5 41 0.127603
-83 41 0.0998557
-82.5 41 0.133393
-82 41 0.0854133
-81.5 41 0.0850208
-81 41 0.115778
-119 41.5 -0.319638
-118.5 41.5 -0.607066
-118 41.5 -0.481443
-117.5 41.5 -0.168928
-117 41.5 0.213725
-116.5 41.5 0.40952
-116 41.5 0.623338
-115.5 41.5 0.884693
-115 41.5 1.02882
-114.5 41.5 1.28491
-114 41.5 1.66562
-113.5 41.5 2.01317
-113 41.5 2.46462
-112.5 41.5 2.96623
-112 41.5 2.83515
-111.5 41.5 2.82278
-111 41.5 2.95217
-110.5 41.5 2.83153
-110 41.5 2.80419
-109.5 41.5 2.86474
-109 41.5 2.78833
-108.5 41.5 2.77655
-108 41.5 2.78857
-107.5 41.5 2.53204
-107 41.5 2.39017
-106.5 41.5 2.25867
-106 41.5 1.83627
-94 41.5 0.614815
-93.5 41.5 0.655776
-93 41.5 0.704585
-92.5 41.5 0.683113
-92 41.5 0.658762
-91.5 41.5 0.642392
-91 41.5 0.580353
-90.5 41.5 0.507744
-90 41.5 0.418922
-89.5 41.5 0.26441
-89 41.5 0.0956831
-88.5 41.5 -0.0775109
-88 41.5 -0.256471
-87.5 41.5 -0.401851
-87 41.5 -0.487317
-86.5 41.5 -0.362191
-86 41.5 -0.1974
-85.5 41.5 -0.0508405
-85 41.5 0.0912204
-84.5 41.5 0.244876
-84 41.5 0.384899
-83.5 41.5 0.297335
-83 41.5 0.230846
-82.5 41.5 0.22301
-82 41.5 0.132811
-81.5 41.5 0.114019
-81 41.5 0.171855
-119 42 -0.448297
-118.5 42 -0.755969
-118 42 -0.78944
-117.5 42 -0.678753
-117 42 -0.547871
-116.5 42 -0.439017
-116 42 -0.350281
-115.5 42 -0.28762
-115 42 -0.162159
-114.5 42 0.0611701
-114 42 0.308898
-113.5 42 0.589961
-113 42 0.873656
-112.5 42 1.01444
-112 42 1.15441
-111.5 42 1.44467
-111 42 1.68883
-110.5 42 1.871
-110 42 2.05196
-109.5 42 2.15584
-109 42 2.18853
-108.5 42 2.20136
-108 42 2.07951
-107.5 42 1.96364
-107 42 1.96176
-106.5 42 1.82852
-106 42 1.53356
-94 42 0.396489
-93.5 42 0.427675
-93 42 0.477516
-92.5 42 0.524866
-92 42 0.545332
-91.5 42 0.562206
-91 42 0.567968
-90.5 42 0.54079
-90 42 0.484408
-89.5 42 0.370475
-89 42 0.203655
-88.5 42 0.0376736
-88 42 -0.0820313
-87.5 42 -0.144246
-87 42 -0.160776
-86.5 42 -0.0980039
-86 42 -0.00199143
-85.5 42 0.0818575
-85 42 0.120519
-84.5 42 0.124715
-84 42 0.110616
-83.5 42 0.0380313
-83 42 -0.0683082
-82.5 42 -0.156934
-82 42 -0.224478
-81.5 42 -0.267913
-81 42 -0.272275
-119 42.5 -0.357819
-118.5 42.5 -0.659871
-118 42.5 -0.765772
-117.5 42.5 -0.832345
-117 42.5 -0.963535
-116.5 42.5 -0.95345
-116 42.5 -1.02829
-115.5 42.5 -1.17871
-115 42.5 -1.02985
-114.5 42.5 -0.889083
-114 42.5 -0.833864
-113.5 42.5 -0.627447
-113 42.5 -0.593775
-112.5 42.5 -0.778312
-112 42.5 -0.316385
-111.5 42.5 0.169305
-111 42.5 0.503386
-110.5 42.5 0.943471
-110 42.5 1.26915
-109.5 42.5 1.42149
-109 42.5 1.55171
-108.5 42.5 1.51777
-108 42.5 1.3194
-107.5 42.5 1.40123
-107 42.5 1.44996
-106.5 42.5 1.33223
-106 42.5 1.15719
-105.5 42.5 0.96145
-94.5 42.5 0.108545
-94 42.5 0.163642
-93.5 42.5 0.225363
-93 42.5 0.273945
-92.5 42.5 0.374855
-92 42.5 0.44663
-91.5 42.5 0.484191
-91 42.5 0.543411
-90.5 42.5 0.573184
-90 42.5 0.562542
-89.5 42.5 0.474777
-89 42.5 0.320215
-88.5 42.5 0.162731
-88 42.5 0.0910102
-87.5 42.5 0.0975794
-87 42.5 0.149146
-86.5 42.5 0.125862
-86 42.5 0.144166
-85.5 42.5 0.159066
-85 42.5 0.0684705
-84.5 42.5 -0.0812662
-84 42.5 -0.252219
-83.5 42.5 -0.304292
-83 42.5 -0.409761
-82.5 42.5 -0.558817
-82 42.5 -0.567087
-81.5 42.5 -0.614895
-81 42.5 -0.697793
-119 43 0.0761112
-118.5 43 -0.241848
-118 43 -0.233699
-117.5 43 -0.354391
-117 43 -0.58291
-116.5 43 -0.727819
-116 43 -0.923671
-115.5 43 -1.11032
-115 43 -1.01971
-114.5 43 -0.994789
-114 43 -1.03115
-113.5 43 -0.86124
-113 43 -0.904196
-112.5 43 -1.00684
-112 43 -0.5879
-111.5 43 -0.149504
-111 43 0.222311
-110.5 43 0.66269
-110 43 1.01049
-109.5 43 1.21553
-109 43 1.35506
-108.5 43 1.30633
-108 43 1.16105
-107.5 43 1.22456
-107 43 1.18184
-106.5 43 1.00994
-106 43 0.760403
-105.5 43 0.542908
-105 43 0.257037
-95 43 0.46257
-94.5 43 0.177537
-94 43 0.143582
-93.5 43 0.209572
-93 43 0.248429
-92.5 43 0.370132
-92 43 0.472929
-91.5 43 0.510833
-91 43 0.578209
-90.5 43 0.640187
-90 43 0.691903
-89.5 43 0.619984
-89 43 0.470868
-88.5 43 0.287361
-88 43 0.219567
-87.5 43 0.22907
-87 43 0.261516
-86.5 43 0.217034
-86 43 0.185074
-85.5 43 0.170765
-85 43 0.0227312
-84.5 43 -0.14405
-84 43 -0.287771
-83.5 43 -0.31156
-83 43 -0.358921
-82.5 43 -0.475144
-82 43 -0.428961
-81.5 43 -0.450481
-81 43 -0.54132
-119 43.5 1.09597
-118.5 43.5 1.07751
-118 43.5 0.977889
-117.5 43.5 0.723021
-117 43.5 0.430753
-116.5 43.5 0.166219
-116 43.5 -0.0617995
-115.5 43.5 -0.159635
-115 43.5 -0.154186
-114.5 43.5 -0.159257
-114 43.5 -0.0740539
-113.5 43.5 -0.0310213
-113 43.5 -0.139025
-112.5 43.5 -0.0975458
-112 43.5 0.140956
-111.5 43.5 0.357312
-111 43.5 0.641465
-110.5 43.5 1.01409
-110 43.5 1.32992
-109.5 43.5 1.56185
-109 43.5 1.63605
-108.5 43.5 1.52966
-108 43.5 1.44968
-107.5 43.5 1.33401
-107 43.5 1.03562
-106.5 43.5 0.649167
-106 43.5 0.302111
-105.5 43.5 0.0456431
-105 43.5 -0.385863
-104.5 43.5 -0.814723
-95.5 43.5 0.81819
-95 43.5 0.718435
-94.5 43.5 0.441974
-94 43.5 0.28364
-93.5 43.5 0.383961
-93 43.5 0.446777
-92.5 43.5 0.517255
-92 43.5 0.653865
-91.5 43.5 0.698398
-91 43.5 0.697907
-90.5 43.5 0.714084
-90 43.5 0.763155
-89.5 43.5 0.782125
-89 43.5 0.689101
-88.5 43.5 0.509546
-88 43.5 0.366816
-87.5 43.5 0.30234
-87 43.5 0.274892
-86.5 43.5 0.220809
-86 43.5 0.117506
-85.5 43.5 0.0530719
-85 43.5 0.0026834
-84.5 43.5 -0.0512081
-84 43.5 -0.0554999
-83.5 43.5 0.0199863
-83 43.5 0.128832
-82.5 43.5 0.182198
-82 43.5 0.202424
-81.5 43.5 0.235303
-81 43.5 0.219468
-119 44 2.33047
-118.5 44 2.58144
-118 44 2.33975
-117.5 44 2.01834
-117 44 1.69927
-116.5 44 1.39889
-116 44 1.19718
-115.5 44 1.13808
-115 44 1.09644
-114.5 44 1.1566
-114 44 1.31461
-113.5 44 1.20409
-113 44 1.11454
-112.5 44 1.19617
-112 44 1.21323
-111.5 44 1.26422
-111 44 1.43901
-110.5 44 1.75573
-110 44 2.03406
-109.5 44 2.1905
-109 44 2.11393
-108.5 44 1.93893
-108 44 1.73528
-107.5 44 1.27039
-107 44 0.734007
-106.5 44 0.230397
-106 44 -0.12657
-105.5 44 -0.427238
-105 44 -0.76548
-104.5 44 -0.891614
-104 44 -0.691935
-103.5 44 -0.0982629
-96.5 44 0.229839
-96 44 0.358275
-95.5 44 0.589559
-95 44 0.63511
-94.5 44 0.540162
-94 44 0.403583
-93.5 44 0.471312
-93 44 0.619212
-92.5 44 0.695697
-92 44 0.816107
-91.5 44 0.921159
-91 44 0.912539
-90.5 44 0.881248
-90 44 0.863942
-89.5 44 0.914057
-89 44 0.871404
-88.5 44 0.731764
-88 44 0.541736
-87.5 44 0.403826
-87 44 0.317004
-86.5 44 0.220613
-86 44 0.0804862
-85.5 44 -0.0378696
-85 44 -0.00547973
-84.5 44 0.0617475
-84 44 0.180947
-83.5 44 0.322419
-83 44 0.544207
-82.5 44 0.804396
-82 44 0.815367
-81.5 44 0.887966
-81 44 1.00225
-119 44.5 3.25575
-118.5 44.5 3.52144
-118 44.5 3.41264
-117.5 44.5 3.17776
-117 44.5 2.88778
-116.5 44.5 2.63545
-116 44.5 2.39862
-115.5 44.5 2.25938
-115 44.5 2.25736
-114.5 44.5 2.31396
-114 44.5 2.39561
-113.5 44.5 2.32247
-113 44.5 2.27369
-112.5 44.5 2.29501
-112 44.5 2.32003
-111.5 44.5 2.3041
-111 44.5 2.37712
-110.5 44.5 2.69516
-110 44.5 2.8321
-109.5 44.5 2.75624
-109 44.5 2.45532
-108.5 44.5 2.08869
-108 44.5 1.61668
-107.5 44.5 0.917795
-107 44.5 0.308974
-106.5 44.5 -0.139445
-106 44.5 -0.413777
-105.5 44.5 -0.613952
-105 44.5 -0.747264
-104.5 44.5 -0.676048
-104 44.5 -0.344515
-103.5 44.5 0.295259
-103 44.5 0.997413
-102.5 44.5 1.46887
-97.5 44.5 0.151829
-97 44.5 0.00571846
-96.5 44.5 -0.00267067
-96 44.5 0.128031
-95.5 44.5 0.306293
-95 44.5 0.367661
-94.5 44.5 0.316322
-94 44.5 0.24597
-93.5 44.5 0.310753
-93 44.5 0.51934
-92.5 44.5 0.671154
-92 44.5 0.819821
-91.5 44.5 0.999241
-91 44.5 1.07204
-90.5 44.5 1.08551
-90 44.5 1.05763
-89.5 44.5 1.08341
-89 44.5 1.03873
-88.5 44.5 0.860013
-88 44.5 0.667845
-87.5 44.5 0.520645
-87 44.5 0.422415
-86.5 44.5 0.293942
-86 44.5 0.14662
-85.5 44.5 0.028194
-85 44.5 0.033404
-84.5 44.5 0.0940464
-84 44.5 0.18598
-83.5 44.5 0.274898
-83 44.5 0.450475
-82.5 44.5 0.784587
-82 44.5 0.86462
-81.5 44.5 1.01001
-81 44.5 1.22838
-119 45 3.9356
-118.5 45 4.1349
-118 45 4.192
-117.5 45 4.1583
-117 45 4.03946
-116.5 45 3.75406
-116 45 3.43621
-115.5 45 3.27737
-115 45 3.23407
-114.5 45 3.23833
-114 45 3.2683
-113.5 45 3.28284
-113 45 3.33757
-112.5 45 3.44626
-112 45 3.48778
-111.5 45 3.45563
-111 45 3.62063
-110.5 45 3.72016
-110 45 3.48563
-109.5 45 3.0329
-109 45 2.45473
-108.5 45 1.86831
-108 45 1.10861
-107.5 45 0.323753
-107 45 -0.180892
-106.5 45 -0.440389
-106 45 -0.533456
-105.5 45 -0.579256
-105 45 -0.505503
-104.5 45 -0.291781
-104 45 0.0698733
-103.5 45 0.781177
-103 45 1.50879
-102.5 45 1.9012
-102 45 2.00693
-101.5 45 1.95547
-101 45 1.93512
-100.5 45 1.93125
-100 45 1.83206
-99.5 45 1.54711
-99 45 1.31202
-98.5 45 1.04781
-98 45 0.618699
-97.5 45 0.146674
-97 45 -0.164532
-96.5 45 -0.210793
-96 45 -0.0975299
-95.5 45 0.0366092
-95 45 0.0636294
-94.5 45 -0.00464596
-94 45 -0.0829024
-93.5 45 -0.0643964
-93 45 0.162897
-92.5 45 0.423729
-92 45 0.604309
-91.5 45 0.868994
-91 45 1.10514
-90.5 45 1.22422
-90 45 1.25203
-89.5 45 1.26531
-89 45 1.25677
-88.5 45 1.07933
-88 45 0.83235
-87.5 45 0.629944
-87 45 0.493666
-86.5 45 0.416855
-86 45 0.299277
-85.5 45 0.178748
-85 45 0.131284
-84.5 45 0.107249
-84 45 0.057051
-83.5 45 -0.0278214
-83 45 -0.131477
-82.5 45 -0.0123571
-82 45 0.306632
-81.5 45 0.609269
-81 45 0.959923
-119 45.5 4.4242
-118.5 45.5 4.53297
-118 45.5 4.68488
-117.5 45.5 4.82809
-117 45.5 4.85723
-116.5 45.5 4.43338
-116 45.5 4.06374
-115.5 45.5 3.91718
-115 45.5 3.83934
-114.5 45.5 3.85555
-114 45.5 3.92798
-113.5 45.5 4.0451
-113 45.5 4.21023
-112.5 45.5 4.39345
-112 45.5 4.39147
-111.5 45.5 4.41767
-111 45.5 4.51243
-110.5 45.5 4.14171
-110 45.5 3.58151
-109.5 45.5 2.87439
-109 45.5 2.07082
-108.5 45.5 1.28972
-108 45.5 0.474214
-107.5 45.5 -0.178204
-107 45.5 -0.54301
-106.5 45.5 -0.619906
-106 45.5 -0.527991
-105.5 45.5 -0.373897
-105 45.5 -0.148037
-104.5 45.5 0.13723
-104 45.5 0.569113
-103.5 45.5 1.18529
-103 45.5 1.71826
-102.5 45.5 2.04338
-102 45.5 2.13699
-101.5 45.5 2.12431
-101 45.5 2.12329
-100.5 45.5 2.12178
-100 45.5 2.04127
-99.5 45.5 1.81632
-99 45.5 1.48909
-98.5 45.5 1.08957
-98 45.5 0.608473
-97.5 45.5 0.107016
-97 45.5 -0.263745
-96.5 45.5 -0.372045
-96 45.5 -0.286237
-95.5 45.5 -0.185923
-95 45.5 -0.195629
-94.5 45.5 -0.302608
-94 45.5 -0.397456
-93.5 45.5 -0.400285
-93 45.5 -0.256302
-92.5 45.5 0.0157521
-92 45.5 0.276977
-91.5 45.5 0.587264
-91 45.5 0.927402
-90.5 45.5 1.16771
-90 45.5 1.31122
-89.5 45.5 1.38292
-89 45.5 1.42418
-88.5 45.5 1.35052
-88 45.5 1.14855
-87.5 45.5 0.929106
-87 45.5 0.703343
-86.5 45.5 0.675769
-86 45.5 0.6229
-85.5 45.5 0.497555
-85 45.5 0.456218
-84.5 45.5 0.396738
-84 45.5 0.217674
-83.5 45.5 -0.00478414
-83 45.5 -0.375589
-82.5 45.5 -0.723247
-82 45.5 -0.323104
-81.5 45.5 0.174298
-81 45.5 0.617296
-119 46 4.69198
-118.5 46 4.69196
-118 46 4.73285
-117.5 46 4.89203
-117 46 4.95077
-116.5 46 4.34906
-116 46 4.03101
-115.5 46 3.98627
-115 46 4.02927
-114.5 46 4.16036
-114 46 4.31821
-113.5 46 4.44295
-113 46 4.61776
-112.5 46 4.73724
-112 46 4.61245
-111.5 46 4.55938
-111 46 4.39209
-110.5 46 3.69807
-110 46 3.0406
-109.5 46 2.29048
-109 46 1.35961
-108.5 46 0.634099
-108 46 -0.0129904
-107.5 46 -0.545374
-107 46 -0.759485
-106.5 46 -0.671007
-106 46 -0.389037
-105.5 46 -0.101365
-105 46 0.17111
-104.5 46 0.470278
-104 46 0.925554
-103.5 46 1.41898
-103 46 1.80723
-102.5 46 2.10499
-102 46 2.21367
-101.5 46 2.21881
-101 46 2.26704
-100.5 46 2.313
-100 46 2.29187
-99.5 46 2.14222
-99 46 1.71545
-98.5 46 1.15132
-98 46 0.606021
-97.5 46 0.0447161
-97 46 -0.389226
-96.5 46 -0.548711
-96 46 -0.444933
-95.5 46 -0.343101
-95 46 -0.381183
-94.5 46 -0.548291
-94 46 -0.676395
-93.5 46 -0.69451
-93 46 -0.596167
-92.5 46 -0.38633
-92 46 -0.114815
-91.5 46 0.246728
-91 46 0.629511
-90.5 46 0.951037
-90 46 1.1746
-89.5 46 1.3577
-89 46 1.50119
-88.5 46 1.54817
-88 46 1.54919
-87.5 46 1.48228
-87 46 1.2455
-86.5 46 1.26671
-86 46 1.29644
-85.5 46 1.12054
-85 46 1.15701
-84.5 46 1.20114
-84 46 1.02757
-83.5 46 0.832732
-83 46 0.37063
-82.5 46 -0.398568
-82 46 -0.223676
-81.5 46 0.217963
-81 46 0.644687
-119 46.5 4.62738
-118.5 46.5 4.34041
-118 46.5 4.24399
-117.5 46.5 4.23077
-117 46.5 3.84432
-116.5 46.5 3.4465
-116 46.5 3.53235
-115.5 46.5 3.73285
-115 46.5 3.9632
-114.5 46.5 4.19788
-114 46.5 4.32955
-113.5 46.5 4.43613
-113 46.5 4.53905
-112.5 46.5 4.37796
-112 46.5 4.10749
-111.5 46.5 3.9069
-111 46.5 3.27231
-110.5 46.5 2.49801
-110 46.5 2.00929
-109.5 46.5 1.2267
-109 46.5 0.458481
-108.5 46.5 0.0546954
-108 46.5 -0.389841
-107.5 46.5 -0.724837
-107 46.5 -0.759008
-106.5 46.5 -0.500817
-106 46.5 -0.134572
-105.5 46.5 0.148397
-105 46.5 0.363068
-104.5 46.5 0.670171
-104 46.5 1.17403
-103.5 46.5 1.55605
-103 46.5 1.85863
-102.5 46.5 2.16039
-102 46.5 2.22555
-101.5 46.5 2.21303
-101 46.5 2.34653
-100.5 46.5 2.46961
-100 46.5 2.55535
-99.5 46.5 2.54346
-99 46.5 2.02672
-98.5 46.5 1.30619
-98 46.5 0.73192
-97.5 46.5 0.0786488
-97 46.5 -0.481568
-96.5 46.5 -0.747216
-96 46.5 -0.649587
-95.5 46.5 -0.485409
-95 46.5 -0.521618
-94.5 46.5 -0.717135
-94 46.5 -0.915209
-93.5 46.5 -0.966298
-93 46.5 -0.935202
-92.5 46.5 -0.81827
-92 46.5 -0.611742
-91.5 46.5 -0.263783
-91 46.5 0.165703
-90.5 46.5 0.57244
-90 46.5 0.898542
-89.5 46.5 1.16172
-89 46.5 1.44399
-88.5 46.5 1.65615
-88 46.5 1.88799
-87.5 46.5 2.18861
-87 46.5 2.18263
-86.5 46.5 2.12391
-86 46.5 2.30235
-85.5 46.5 2.21425
-85 46.5 2.16423
-84.5 46.5 2.4338
-84 46.5 2.51984
-83.5 46.5 2.40436
-83 46.5 2.20771
-82.5 46.5 1.37473
-82 46.5 0.714768
-81.5 46.5 0.756675
-81 46.5 0.946181
-119 47 4.49517
-118.5 47 3.9687
-118 47 3.80267
-117.5 47 3.51221
-117 47 2.93395
-116.5 47 3.04774
-116 47 3.37254
-115.5 47 3.69801
-115 47 4.04047
-114.5 47 4.25898
-114 47 4.32933
-113.5 47 4.40617
-113 47 4.30323
-112.5 47 3.91145
-112 47 3.5104
-111.5 47 2.97212
-111 47 2.15427
-110.5 47 1.61442
-110 47 1.10493
-109.5 47 0.473859
-109 47 0.134605
-108.5 47 -0.101643
-108 47 -0.34682
-107.5 47 -0.4255
-107 47 -0.369713
-106.5 47 -0.171785
-106 47 0.025425
-105.5 47 0.219079
-105 47 0.479271
-104.5 47 0.898155
-104 47 1.35003
-103.5 47 1.7363
-103 47 2.08558
-102.5 47 2.27806
-102 47 2.24392
-101.5 47 2.17229
-101 47 2.28322
-100.5 47 2.58657
-100 47 2.87754
-99.5 47 2.86653
-99 47 2.4253
-98.5 47 1.73222
-98 47 1.01122
-97.5 47 0.262027
-97 47 -0.387144
-96.5 47 -0.765511
-96 47 -0.833426
-95.5 47 -0.777058
-95 47 -0.808749
-94.5 47 -0.904813
-94 47 -1.08348
-93.5 47 -1.21836
-93 47 -1.27969
-92.5 47 -1.27131
-92 47 -1.1697
-91.5 47 -0.938396
-91 47 -0.565092
-90.5 47 -0.120384
-90 47 0.348041
-89.5 47 0.692314
-89 47 1.00554
-88.5 47 1.3344
-88 47 1.69384
-87.5 47 2.19747
-87 47 2.6671
-86.5 47 2.71711
-86 47 2.82332
-85.5 47 2.91154
-85 47 2.87416
-84.5 47 3.19272
-84 47 3.64718
-83.5 47 3.63805
-83 47 3.46358
-82.5 47 2.97664
-82 47 1.90071
-81.5 47 1.38722
-81 47 1.2454
-119 47.5 4.8269
-118.5 47.5 4.28062
-118 47.5 4.2086
-117.5 47.5 3.89808
-117 47.5 3.52244
-116.5 47.5 3.73255
-116 47.5 4.00144
-115.5 47.5 4.27356
-115 47.5 4.59158
-114.5 47.5 4.72687
-114 47.5 4.73793
-113.5 47.5 4.73902
-113 47.5 4.47756
-112.5 47.5 3.97505
-112 47.5 3.3895
-111.5 47.5 2.67231
-111 47.5 1.95374
-110.5 47.5 1.54177
-110 47.5 1.01592
-109.5 47.5 0.604345
-109 47.5 0.538858
-108.5 47.5 0.343687
-108 47.5 0.196681
-107.5 47.5 0.227728
-107 47.5 0.215452
-106.5 47.5 0.210718
-106 47.5 0.211505
-105.5 47.5 0.318975
-105 47.5 0.683026
-104.5 47.5 1.22198
-104 47.5 1.61859
-103.5 47.5 2.04729
-103 47.5 2.43876
-102.5 47.5 2.51066
-102 47.5 2.32856
-101.5 47.5 2.11374
-101 47.5 2.17587
-100.5 47.5 2.72167
-100 47.5 3.27271
-99.5 47.5 3.25756
-99 47.5 2.84378
-98.5 47.5 2.18559
-98 47.5 1.38427
-97.5 47.5 0.521729
-97 47.5 -0.234217
-96.5 47.5 -0.735318
-96 47.5 -0.93036
-95.5 47.5 -1.0231
-95 47.5 -1.14093
-94.5 47.5 -1.17076
-94 47.5 -1.2996
-93.5 47.5 -1.50961
-93 47.5 -1.66375
-92.5 47.5 -1.7667
-92 47.5 -1.80058
-91.5 47.5 -1.71936
-91 47.5 -1.49584
-90.5 47.5 -1.11829
-90 47.5 -0.564903
-89.5 47.5 -0.170787
-89 47.5 0.103884
-88.5 47.5 0.404255
-88 47.5 0.751722
-87.5 47.5 1.27672
-87 47.5 2.05034
-86.5 47.5 2.3339
-86 47.5 2.39781
-85.5 47.5 2.47124
-85 47.5 2.49278
-84.5 47.5 2.8128
-84 47.5 3.5441
-83.5 47.5 3.67457
-83 47.5 3.41785
-82.5 47.5 2.93195
-82 47.5 2.01567
-81.5 47.5 1.35629
-81 47.5 1.11195
-119 48 5.92304
-118.5 48 5.76778
-118 48 5.67597
-117.5 48 5.31613
-117 48 5.19001
-116.5 48 5.28924
-116 48 5.33331
-115.5 48 5.51262
-115 48 5.67617
-114.5 48 5.66385
-114 48 5.65265
-113.5 48 5.52087
-113 48 5.08812
-112.5 48 4.50673
-112 48 3.828
-111.5 48 3.07027
-111 48 2.63921
-110.5 48 2.28188
-110 48 1.65676
-109.5 48 1.52784
-109 48 1.5343
-108.5 48 1.17811
-108 48 1.07534
-107.5 48 1.06956
-107 48 0.869238
-106.5 48 0.64993
-106 48 0.494076
-105.5 48 0.529106
-105 48 1.07638
-104.5 48 1.6933
-104 48 1.94988
-103.5 48 2.4457
-103 48 2.86449
-102.5 48 2.79649
-102 48 2.4627
-101.5 48 2.11802
-101 48 2.08441
-100.5 48 2.92447
-100 48 3.73667
-99.5 48 3.61083
-99 48 3.20872
-98.5 48 2.59673
-98 48 1.76837
-97.5 48 0.839732
-97 48 -0.0254083
-96.5 48 -0.665794
-96 48 -0.978776
-95.5 48 -1.18766
-95 48 -1.47886
-94.5 48 -1.52195
-94 48 -1.57615
-93.5 48 -1.87251
-93 48 -2.11699
-92.5 48 -2.30619
-92 48 -2.47466
-91.5 48 -2.56319
-91 48 -2.54069
-90.5 48 -2.3708
-90 48 -1.86821
-89.5 48 -1.37884
-89 48 -1.18167
-88.5 48 -0.981104
-88 48 -0.753372
-87.5 48 -0.457478
-87 48 0.34852
-86.5 48 1.0361
-86 48 1.10464
-85.5 48 1.14193
-85 48 1.15594
-84.5 48 1.22248
-84 48 1.92716
-83.5 48 2.50081
-83 48 2.24946
-82.5 48 1.8101
-82 48 1.15384
-81.5 48 0.446931
-81 48 0.127776
-119 48.5 7.53421
-118.5 48.5 7.61849
-118 48.5 7.3625
-117.5 48.5 7.10829
-117 48.5 7.07584
-116.5 48.5 6.95045
-116 48.5 6.89043
-115.5 48.5 6.9521
-115 48.5 6.92326
-114.5 48.5 6.83724
-114 48.5 6.73952
-113.5 48.5 6.4133
-113 48.5 5.90063
-112.5 48.5 5.29681
-112 48.5 4.62439
-111.5 48.5 4.00719
-111 48.5 3.63679
-110.5 48.5 3.15265
-110 48.5 2.68514
-109.5 48.5 2.55331
-109 48.5 2.32568
-108.5 48.5 1.99986
-108 48.5 1.82741
-107.5 48.5 1.62704
-107 48.5 1.34858
-106.5 48.5 1.08286
-106 48.5 0.942738
-105.5 48.5 1.03926
-105 48.5 1.49614
-104.5 48.5 1.95133
-104 48.5 2.27898
-103.5 48.5 2.69443
-103 48.5 2.9549
-102.5 48.5 2.90091
-102 48.5 2.65482
-101.5 48.5 2.4476
-101 48.5 2.54073
-100.5 48.5 3.15475
-100 48.5 3.71678
-99.5 48.5 3.72554
-99 48.5 3.40551
-98.5 48.5 2.84139
-98 48.5 2.07418
-97.5 48.5 1.20053
-97 48.5 0.345776
-96.5 48.5 -0.35954
-96 48.5 -0.855045
-95.5 48.5 -1.21966
-95 48.5 -1.57068
-94.5 48.5 -1.7947
-94 48.5 -1.96058
-93.5 48.5 -2.26596
-93 48.5 -2.58932
-92.5 48.5 -2.87535
-92 48.5 -3.14213
-91.5 48.5 -3.34966
-91 48.5 -3.4598
-90.5 48.5 -3.4301
-90 48.5 -3.19716
-89.5 48.5 -2.81375
-89 48.5 -2.59882
-88.5 48.5 -2.45012
-88 48.5 -2.27609
-87.5 48.5 -2.04532
-87 48.5 -1.58233
-86.5 48.5 -0.87328
-86 48.5 -0.582512
-85.5 48.5 -0.496218
-85 48.5 -0.432442
-84.5 48.5 -0.385093
-84 48.5 -0.0996071
-83.5 48.5 0.533012
-83 48.5 0.579635
-82.5 48.5 0.256229
-82 48.5 -0.180835
-81.5 48.5 -0.744142
-81 48.5 -1.19546
-119 49 8.875
-118.5 49 8.87959
-118 49 8.71892
-117.5 49 8.55232
-117 49 8.46786
-116.5 49 8.34025
-116 49 8.23596
-115.5 49 8.17632
-115 49 8.06576
-114.5 49 7.89846
-114 49 7.65987
-113.5 49 7.25091
-113 49 6.69808
-112.5 49 6.0628
-112 49 5.40072
-111.5 49 4.79729
-111 49 4.31354
-110.5 49 3.81534
-110 49 3.37289
-109.5 49 3.09126
-109 49 2.79017
-108.5 49 2.46863
-108 49 2.20901
-107.5 49 1.93773
-107 49 1.64624
-106.5 49 1.40019
-106 49 1.28283
-105.5 49 1.37059
-105 49 1.68423
-104.5 49 2.04094
-104 49 2.3735
-103.5 49 2.70522
-103 49 2.9102
-102.5 49 2.92464
-102 49 2.82138
-101.5 49 2.76595
-101 49 2.92137
-100.5 49 3.33122
-100 49 3.70494
-99.5 49 3.77289
-99 49 3.54072
-98.5 49 3.06214
-98 49 2.38546
-97.5 49 1.59625
-97 49 0.795094
-96.5 49 0.0690662
-96 49 -0.53106
-95.5 49 -1.03107
-95 49 -1.47413
-94.5 49 -1.83907
-94 49 -2.16949
-93.5 49 -2.55221
-93 49 -2.9626
-92.5 49 -3.3621
-92 49 -3.7262
-91.5 49 -4.02773
-91 49 -4.23797
-90.5 49 -4.31571
-90 49 -4.23564
-89.5 49 -4.04367
-89 49 -3.88647
-88.5 49 -3.75523
-88 49 -3.59738
-87.5 49 -3.36529
-87 49 -2.9814
-86.5 49 -2.46177
-86 49 -2.12453
-85.5 49 -1.94213
-85 49 -1.81308
-84.5 49 -1.69193
-84 49 -1.44171
-83.5 49 -1.03497
-83 49 -0.918071
-82.5 49 -1.08658
-82 49 -1.41029
-81.5 49 -1.8354
-81 49 -2.21916
