-119 25 3.81505
-118.5 25 3.76679
-118 25 3.69974
-117.5 25 3.65943
-117 25 3.64374
-116.5 25 3.64508
-116 25 3.64402
-115.5 25 3.63148
-115 25 3.60544
-114.5 25 3.59219
-114 25 3.5909
-113.5 25 3.59988
-113 25 3.6069
-112.5 25 3.61197
-112 25 3.61475
-111.5 25 3.61906
-111 25 3.62133
-110.5 25 3.61898
-110 25 3.61877
-109.5 25 3.61928
-109 25 3.61827
-108.5 25 3.61915
-108 25 3.62011
-107.5 25 3.61853
-107 25 3.61806
-106.5 25 3.61799
-106 25 3.61487
-105.5 25 3.61131
-105 25 3.60387
-104.5 25 3.58477
-104 25 3.57018
-103.5 25 3.56088
-103 25 3.5598
-102.5 25 3.55937
-102 25 3.55842
-101.5 25 3.5494
-101 25 3.53714
-100.5 25 3.52282
-100 25 3.50771
-99.5 25 3.50119
-99 25 3.50527
-98.5 25 3.56227
-98 25 3.63308
-97.5 25 3.7054
-97 25 3.65509
-96.5 25 3.58123
-96 25 3.51062
-95.5 25 3.50871
-95 25 3.53008
-94.5 25 3.56492
-94 25 3.58489
-93.5 25 3.59956
-93 25 3.61394
-92.5 25 3.61777
-92 25 3.61587
-91.5 25 3.60738
-91 25 3.60058
-90.5 25 3.59596
-90 25 3.60002
-89.5 25 3.59392
-89 25 3.58124
-88.5 25 3.55656
-88 25 3.55818
-87.5 25 3.57965
-87 25 3.6202
-86.5 25 3.63363
-86 25 3.62837
-85.5 25 3.61377
-85 25 3.60372
-84.5 25 3.59813
-84 25 3.59571
-83.5 25 3.59988
-83 25 3.61104
-82.5 25 3.62909
-82 25 3.6421
-81.5 25 3.65372
-81 25 3.67195
-119 25.5 3.75893
-118.5 25.5 3.68824
-118 25.5 3.62353
-117.5 25.5 3.59948
-117 25.5 3.59965
-116.5 25.5 3.60838
-116 25.5 3.60763
-115.5 25.5 3.58596
-115 25.5 3.56378
-114.5 25.5 3.56132
-114 25.5 3.57123
-113.5 25.5 3.58169
-113 25.5 3.58493
-112.5 25.5 3.58488
-112 25.5 3.58616
-111.5 25.5 3.58891
-111 25.5 3.58638
-110.5 25.5 3.58369
-110 25.5 3.58452
-109.5 25.5 3.5842
-109 25.5 3.58549
-108.5 25.5 3.5883
-108 25.5 3.58808
-107.5 25.5 3.58674
-107 25.5 3.58661
-106.5 25.5 3.58463
-106 25.5 3.58274
-105.5 25.5 3.57948
-105 25.5 3.56939
-104.5 25.5 3.55906
-104 25.5 3.55528
-103.5 25.5 3.55532
-103 25.5 3.55568
-102.5 25.5 3.55291
-102 25.5 3.54818
-101.5 25.5 3.54304
-101 25.5 3.53781
-100.5 25.5 3.53195
-100 25.5 3.52844
-99.5 25.5 3.53107
-99 25.5 3.53204
-98.5 25.5 3.5269
-98 25.5 3.53298
-97.5 25.5 3.56129
-97 25.5 3.57509
-96.5 25.5 3.56699
-96 25.5 3.54465
-95.5 25.5 3.5202
-95 25.5 3.5203
-94.5 25.5 3.53836
-94 25.5 3.55769
-93.5 25.5 3.56819
-93 25.5 3.58096
-92.5 25.5 3.59497
-92 25.5 3.60092
-91.5 25.5 3.59525
-91 25.5 3.57926
-90.5 25.5 3.56456
-90 25.5 3.56636
-89.5 25.5 3.58346
-89 25.5 3.59377
-88.5 25.5 3.57595
-88 25.5 3.5458
-87.5 25.5 3.53989
-87 25.5 3.56638
-86.5 25.5 3.59767
-86 25.5 3.60117
-85.5 25.5 3.59235
-85 25.5 3.58214
-84.5 25.5 3.57805
-84 25.5 3.5745
-83.5 25.5 3.57423
-83 25.5 3.58088
-82.5 25.5 3.59719
-82 25.5 3.61074
-81.5 25.5 3.61481
-81 25.5 3.62956
-119 26 3.68353
-118.5 26 3.61425
-118 26 3.57257
-117.5 26 3.55819
-117 26 3.56318
-116.5 26 3.57116
-116 26 3.56724
-115.5 26 3.54871
-115 26 3.5428
-114.5 26 3.54832
-114 26 3.55988
-113.5 26 3.56376
-113 26 3.56269
-112.5 26 3.56008
-112 26 3.56184
-111.5 26 3.56114
-111 26 3.55641
-110.5 26 3.55547
-110 26 3.55523
-109.5 26 3.55435
-109 26 3.55874
-108.5 26 3.56099
-108 26 3.55882
-107.5 26 3.55844
-107 26 3.55625
-106.5 26 3.55214
-106 26 3.5518
-105.5 26 3.54786
-105 26 3.53894
-104.5 26 3.54099
-104 26 3.54665
-103.5 26 3.55305
-103 26 3.55164
-102.5 26 3.54608
-102 26 3.53918
-101.5 26 3.54027
-101 26 3.54278
-100.5 26 3.54446
-100 26 3.54862
-99.5 26 3.55406
-99 26 3.55061
-98.5 26 3.49725
-98 26 3.45086
-97.5 26 3.4276
-97 26 3.48758
-96.5 26 3.54107
-96 26 3.57386
-95.5 26 3.54445
-95 26 3.52494
-94.5 26 3.52153
-94 26 3.53551
-93.5 26 3.54353
-93 26 3.54912
-92.5 26 3.56745
-92 26 3.58222
-91.5 26 3.58812
-91 26 3.57154
-90.5 26 3.54856
-90 26 3.53237
-89.5 26 3.55726
-89 26 3.58858
-88.5 26 3.60474
-88 26 3.56912
-87.5 26 3.5365
-87 26 3.52333
-86.5 26 3.5494
-86 26 3.56581
-85.5 26 3.56958
-85 26 3.56477
-84.5 26 3.56137
-84 26 3.55898
-83.5 26 3.55777
-83 26 3.56324
-82.5 26 3.57586
-82 26 3.58919
-81.5 26 3.59201
-81 26 3.59423
-119 26.5 3.63184
-118.5 26.5 3.57884
-118 26.5 3.54718
-117.5 26.5 3.53539
-117 26.5 3.53997
-116.5 26.5 3.55146
-116 26.5 3.54912
-115.5 26.5 3.53996
-115 26.5 3.53947
-114.5 26.5 3.54503
-114 26.5 3.55134
-113.5 26.5 3.55064
-113 26.5 3.54771
-112.5 26.5 3.54615
-112 26.5 3.54954
-111.5 26.5 3.54771
-111 26.5 3.54335
-110.5 26.5 3.54256
-110 26.5 3.54107
-109.5 26.5 3.5408
-109 26.5 3.5466
-108.5 26.5 3.5469
-108 26.5 3.54404
-107.5 26.5 3.54245
-107 26.5 3.53901
-106.5 26.5 3.53505
-106 26.5 3.53666
-105.5 26.5 3.5352
-105 26.5 3.5335
-104.5 26.5 3.53786
-104 26.5 3.54589
-103.5 26.5 3.55103
-103 26.5 3.55065
-102.5 26.5 3.54508
-102 26.5 3.53993
-101.5 26.5 3.54333
-101 26.5 3.54958
-100.5 26.5 3.55502
-100 26.5 3.55277
-99.5 26.5 3.54193
-99 26.5 3.51187
-98.5 26.5 3.46194
-98 26.5 3.42042
-97.5 26.5 3.41766
-97 26.5 3.46012
-96.5 26.5 3.51434
-96 26.5 3.54196
-95.5 26.5 3.54137
-95 26.5 3.53124
-94.5 26.5 3.53134
-94 26.5 3.53617
-93.5 26.5 3.5385
-93 26.5 3.53601
-92.5 26.5 3.54706
-92 26.5 3.56161
-91.5 26.5 3.57886
-91 26.5 3.57404
-90.5 26.5 3.55579
-90 26.5 3.52385
-89.5 26.5 3.53493
-89 26.5 3.56432
-88.5 26.5 3.60095
-88 26.5 3.58592
-87.5 26.5 3.55356
-87 26.5 3.52462
-86.5 26.5 3.53196
-86 26.5 3.54577
-85.5 26.5 3.55114
-85 26.5 3.55143
-84.5 26.5 3.54994
-84 26.5 3.54814
-83.5 26.5 3.54854
-83 26.5 3.55654
-82.5 26.5 3.57571
-82 26.5 3.59141
-81.5 26.5 3.59684
-81 26.5 3.59249
-119 27 3.60041
-118.5 27 3.56356
-118 27 3.54202
-117.5 27 3.53393
-117 27 3.54475
-116.5 27 3.55414
-116 27 3.54875
-115.5 27 3.54419
-115 27 3.54551
-114.5 27 3.54891
-114 27 3.54875
-113.5 27 3.54484
-113 27 3.54313
-112.5 27 3.5481
-112 27 3.55168
-111.5 27 3.54759
-111 27 3.54535
-110.5 27 3.54445
-110 27 3.54305
-109.5 27 3.54743
-109 27 3.55025
-108.5 27 3.54621
-108 27 3.54272
-107.5 27 3.54028
-107 27 3.53733
-106.5 27 3.53796
-106 27 3.53882
-105.5 27 3.53753
-105 27 3.53816
-104.5 27 3.54437
-104 27 3.55357
-103.5 27 3.55894
-103 27 3.55506
-102.5 27 3.54674
-102 27 3.54222
-101.5 27 3.54516
-101 27 3.55033
-100.5 27 3.55136
-100 27 3.54366
-99.5 27 3.52446
-99 27 3.48812
-98.5 27 3.43814
-98 27 3.40191
-97.5 27 3.40475
-97 27 3.45367
-96.5 27 3.51515
-96 27 3.55136
-95.5 27 3.54707
-95 27 3.53621
-94.5 27 3.5352
-94 27 3.54323
-93.5 27 3.54813
-93 27 3.54383
-92.5 27 3.53594
-92 27 3.53606
-91.5 27 3.55209
-91 27 3.57717
-90.5 27 3.5908
-90 27 3.56723
-89.5 27 3.5322
-89 27 3.52868
-88.5 27 3.55786
-88 27 3.58329
-87.5 27 3.57468
-87 27 3.55162
-86.5 27 3.53968
-86 27 3.54792
-85.5 27 3.55191
-85 27 3.54945
-84.5 27 3.54757
-84 27 3.54515
-83.5 27 3.54544
-83 27 3.55263
-82.5 27 3.57627
-82 27 3.6062
-81.5 27 3.62641
-81 27 3.62709
-119 27.5 3.58522
-118.5 27.5 3.56178
-118 27.5 3.55157
-117.5 27.5 3.55053
-117 27.5 3.55879
-116.5 27.5 3.55672
-116 27.5 3.55161
-115.5 27.5 3.55023
-115 27.5 3.55368
-114.5 27.5 3.55578
-114 27.5 3.55284
-113.5 27.5 3.54813
-113 27.5 3.54904
-112.5 27.5 3.5554
-112 27.5 3.55496
-111.5 27.5 3.55219
-111 27.5 3.55163
-110.5 27.5 3.55169
-110 27.5 3.55371
-109.5 27.5 3.55856
-109 27.5 3.5555
-108.5 27.5 3.55003
-108 27.5 3.5469
-107.5 27.5 3.54474
-107 27.5 3.54462
-106.5 27.5 3.54772
-106 27.5 3.54629
-105.5 27.5 3.54465
-105 27.5 3.54589
-104.5 27.5 3.55353
-104 27.5 3.5627
-103.5 27.5 3.56719
-103 27.5 3.55601
-102.5 27.5 3.54419
-102 27.5 3.5394
-101.5 27.5 3.54404
-101 27.5 3.54902
-100.5 27.5 3.54686
-100 27.5 3.53526
-99.5 27.5 3.51214
-99 27.5 3.47733
-98.5 27.5 3.43312
-98 27.5 3.40162
-97.5 27.5 3.39917
-97 27.5 3.45315
-96.5 27.5 3.52075
-96 27.5 3.57145
-95.5 27.5 3.56268
-95 27.5 3.54558
-94.5 27.5 3.53639
-94 27.5 3.54394
-93.5 27.5 3.55231
-93 27.5 3.55573
-92.5 27.5 3.53889
-92 27.5 3.52413
-91.5 27.5 3.52073
-91 27.5 3.55579
-90.5 27.5 3.59412
-90 27.5 3.612
-89.5 27.5 3.56674
-89 27.5 3.53232
-88.5 27.5 3.52218
-88 27.5 3.55372
-87.5 27.5 3.57058
-87 27.5 3.57117
-86.5 27.5 3.55827
-86 27.5 3.55833
-85.5 27.5 3.56257
-85 27.5 3.55881
-84.5 27.5 3.55444
-84 27.5 3.55088
-83.5 27.5 3.55138
-83 27.5 3.55863
-82.5 27.5 3.57756
-82 27.5 3.61153
-81.5 27.5 3.6435
-81 27.5 3.66552
-119 28 3.58215
-118.5 28 3.56706
-118 28 3.56511
-117.5 28 3.56368
-117 28 3.56298
-116.5 28 3.55513
-116 28 3.55247
-115.5 28 3.55524
-115 28 3.56335
-114.5 28 3.56485
-114 28 3.55989
-113.5 28 3.55113
-113 28 3.55209
-112.5 28 3.55566
-112 28 3.55438
-111.5 28 3.55252
-111 28 3.55314
-110.5 28 3.55593
-110 28 3.55888
-109.5 28 3.56088
-109 28 3.55677
-108.5 28 3.55189
-108 28 3.54874
-107.5 28 3.54879
-107 28 3.5496
-106.5 28 3.55103
-106 28 3.55071
-105.5 28 3.54945
-105 28 3.55025
-104.5 28 3.55482
-104 28 3.5602
-103.5 28 3.56184
-103 28 3.54478
-102.5 28 3.53372
-102 28 3.53143
-101.5 28 3.54335
-101 28 3.5527
-100.5 28 3.55475
-100 28 3.53768
-99.5 28 3.51152
-99 28 3.47463
-98.5 28 3.44926
-98 28 3.42972
-97.5 28 3.42882
-97 28 3.46631
-96.5 28 3.51606
-96 28 3.55683
-95.5 28 3.5567
-95 28 3.54598
-94.5 28 3.53935
-94 28 3.5409
-93.5 28 3.54609
-93 28 3.55436
-92.5 28 3.54402
-92 28 3.52746
-91.5 28 3.50672
-91 28 3.52528
-90.5 28 3.55958
-90 28 3.59876
-89.5 28 3.58049
-89 28 3.5496
-88.5 28 3.52888
-88 28 3.54415
-87.5 28 3.56203
-87 28 3.56653
-86.5 28 3.56078
-86 28 3.55943
-85.5 28 3.56645
-85 28 3.56641
-84.5 28 3.56406
-84 28 3.56163
-83.5 28 3.56375
-83 28 3.57117
-82.5 28 3.58628
-82 28 3.61481
-81.5 28 3.64811
-81 28 3.6792
-119 28.5 3.59029
-118.5 28.5 3.58432
-118 28.5 3.58088
-117.5 28.5 3.57097
-117 28.5 3.55771
-116.5 28.5 3.55037
-116 28.5 3.5546
-115.5 28.5 3.56585
-115 28.5 3.57274
-114.5 28.5 3.56834
-114 28.5 3.55492
-113.5 28.5 3.54686
-113 28.5 3.55142
-112.5 28.5 3.55355
-112 28.5 3.55096
-111.5 28.5 3.55015
-111 28.5 3.55309
-110.5 28.5 3.55774
-110 28.5 3.56057
-109.5 28.5 3.55934
-109 28.5 3.55534
-108.5 28.5 3.55184
-108 28.5 3.5516
-107.5 28.5 3.55284
-107 28.5 3.55258
-106.5 28.5 3.55287
-106 28.5 3.55188
-105.5 28.5 3.54909
-105 28.5 3.54614
-104.5 28.5 3.5428
-104 28.5 3.53775
-103.5 28.5 3.52638
-103 28.5 3.51752
-102.5 28.5 3.5211
-102 28.5 3.53387
-101.5 28.5 3.54708
-101 28.5 3.55456
-100.5 28.5 3.55456
-100 28.5 3.54815
-99.5 28.5 3.53843
-99 28.5 3.52207
-98.5 28.5 3.49863
-98 28.5 3.4823
-97.5 28.5 3.47804
-97 28.5 3.48787
-96.5 28.5 3.50496
-96 28.5 3.52255
-95.5 28.5 3.53222
-95 28.5 3.53272
-94.5 28.5 3.53238
-94 28.5 3.53054
-93.5 28.5 3.52786
-93 28.5 3.53474
-92.5 28.5 3.54542
-92 28.5 3.54733
-91.5 28.5 3.52593
-91 28.5 3.50054
-90.5 28.5 3.50059
-90 28.5 3.53317
-89.5 28.5 3.56228
-89 28.5 3.55983
-88.5 28.5 3.54886
-88 28.5 3.54844
-87.5 28.5 3.56156
-87 28.5 3.56512
-86.5 28.5 3.55726
-86 28.5 3.54988
-85.5 28.5 3.55476
-85 28.5 3.56538
-84.5 28.5 3.57124
-84 28.5 3.57622
-83.5 28.5 3.57979
-83 28.5 3.58631
-82.5 28.5 3.59522
-82 28.5 3.61475
-81.5 28.5 3.64516
-81 28.5 3.68103
-119 29 3.61074
-118.5 29 3.60006
-118 29 3.58034
-117.5 29 3.56209
-117 29 3.54983
-116.5 29 3.55445
-116 29 3.56425
-115.5 29 3.57341
-115 29 3.56795
-114.5 29 3.55768
-114 29 3.54629
-113.5 29 3.54877
-113 29 3.5546
-112.5 29 3.55425
-112 29 3.54899
-111.5 29 3.54811
-111 29 3.55228
-110.5 29 3.55732
-110 29 3.55898
-109.5 29 3.5568
-109 29 3.55297
-108.5 29 3.55071
-108 29 3.55248
-107.5 29 3.55424
-107 29 3.55461
-106.5 29 3.55339
-106 29 3.55059
-105.5 29 3.54435
-105 29 3.53522
-104.5 29 3.52196
-104 29 3.50589
-103.5 29 3.48879
-103 29 3.49327
-102.5 29 3.50983
-102 29 3.53314
-101.5 29 3.54521
-101 29 3.55241
-100.5 29 3.55561
-100 29 3.5625
-99.5 29 3.57032
-99 29 3.57475
-98.5 29 3.55384
-98 29 3.5373
-97.5 29 3.52944
-97 29 3.51479
-96.5 29 3.50217
-96 29 3.49282
-95.5 29 3.50288
-95 29 3.51366
-94.5 29 3.52333
-94 29 3.52086
-93.5 29 3.51201
-93 29 3.50753
-92.5 29 3.52586
-92 29 3.54275
-91.5 29 3.54437
-91 29 3.50495
-90.5 29 3.47664
-90 29 3.47237
-89.5 29 3.51098
-89 29 3.53816
-88.5 29 3.55495
-88 29 3.55697
-87.5 29 3.56455
-87 29 3.56982
-86.5 29 3.56142
-86 29 3.54821
-85.5 29 3.53988
-85 29 3.55008
-84.5 29 3.56609
-84 29 3.58636
-83.5 29 3.59609
-83 29 3.59934
-82.5 29 3.60031
-82 29 3.612
-81.5 29 3.63904
-81 29 3.6771
-119 29.5 3.62581
-118.5 29.5 3.60221
-118 29.5 3.56835
-117.5 29.5 3.54783
-117 29.5 3.54409
-116.5 29.5 3.55848
-116 29.5 3.56844
-115.5 29.5 3.56936
-115 29.5 3.55543
-114.5 29.5 3.54824
-114 29.5 3.54767
-113.5 29.5 3.55775
-113 29.5 3.56263
-112.5 29.5 3.55872
-112 29.5 3.54733
-111.5 29.5 3.54631
-111 29.5 3.55072
-110.5 29.5 3.55618
-110 29.5 3.55703
-109.5 29.5 3.55394
-109 29.5 3.54814
-108.5 29.5 3.54708
-108 29.5 3.55039
-107.5 29.5 3.55647
-107 29.5 3.55697
-106.5 29.5 3.55267
-106 29.5 3.54779
-105.5 29.5 3.53629
-105 29.5 3.52067
-104.5 29.5 3.50143
-104 29.5 3.48434
-103.5 29.5 3.47379
-103 29.5 3.47741
-102.5 29.5 3.49381
-102 29.5 3.51481
-101.5 29.5 3.53153
-101 29.5 3.54587
-100.5 29.5 3.56291
-100 29.5 3.56954
-99.5 29.5 3.58189
-99 29.5 3.5862
-98.5 29.5 3.58159
-98 29.5 3.57086
-97.5 29.5 3.56219
-97 29.5 3.53827
-96.5 29.5 3.51234
-96 29.5 3.48624
-95.5 29.5 3.4863
-95 29.5 3.49654
-94.5 29.5 3.51631
-94 29.5 3.51411
-93.5 29.5 3.50252
-93 29.5 3.48904
-92.5 29.5 3.49674
-92 29.5 3.51136
-91.5 29.5 3.52426
-91 29.5 3.50178
-90.5 29.5 3.47524
-90 29.5 3.45967
-89.5 29.5 3.48041
-89 29.5 3.50884
-88.5 29.5 3.53609
-88 29.5 3.54845
-87.5 29.5 3.55873
-87 29.5 3.57091
-86.5 29.5 3.56806
-86 29.5 3.5537
-85.5 29.5 3.53511
-85 29.5 3.53469
-84.5 29.5 3.55116
-84 29.5 3.58611
-83.5 29.5 3.60617
-83 29.5 3.60968
-82.5 29.5 3.6
-82 29.5 3.60404
-81.5 29.5 3.62775
-81 29.5 3.66986
-119 30 3.63215
-118.5 30 3.58942
-118 30 3.54683
-117.5 30 3.53119
-117 30 3.54268
-116.5 30 3.56079
-116 30 3.56465
-115.5 30 3.55124
-115 30 3.53986
-114.5 30 3.54611
-114 30 3.56083
-113.5 30 3.57193
-113 30 3.57021
-112.5 30 3.5545
-112 30 3.5425
-111.5 30 3.54632
-111 30 3.5535
-110.5 30 3.55647
-110 30 3.55284
-109.5 30 3.54552
-109 30 3.54175
-108.5 30 3.54581
-108 30 3.55603
-107.5 30 3.5631
-107 30 3.56121
-106.5 30 3.55688
-106 30 3.54452
-105.5 30 3.52369
-105 30 3.50052
-104.5 30 3.48057
-104 30 3.46623
-103.5 30 3.45827
-103 30 3.46291
-102.5 30 3.47824
-102 30 3.49624
-101.5 30 3.51028
-101 30 3.52086
-100.5 30 3.5326
-100 30 3.55587
-99.5 30 3.58519
-99 30 3.60305
-98.5 30 3.5976
-98 30 3.58148
-97.5 30 3.56692
-97 30 3.5528
-96.5 30 3.53412
-96 30 3.50741
-95.5 30 3.48368
-95 30 3.47562
-94.5 30 3.48755
-94 30 3.50158
-93.5 30 3.49803
-93 30 3.48175
-92.5 30 3.46856
-92 30 3.46644
-91.5 30 3.47909
-91 30 3.4885
-90.5 30 3.48193
-90 30 3.46975
-89.5 30 3.46828
-89 30 3.4836
-88.5 30 3.50725
-88 30 3.52819
-87.5 30 3.54056
-87 30 3.55951
-86.5 30 3.57188
-86 30 3.56477
-85.5 30 3.54187
-85 30 3.52352
-84.5 30 3.52663
-84 30 3.56256
-83.5 30 3.60511
-83 30 3.62019
-82.5 30 3.60986
-82 30 3.59874
-81.5 30 3.61335
-81 30 3.65295
-119 30.5 3.62436
-118.5 30.5 3.57791
-118 30.5 3.54196
-117.5 30.5 3.52934
-117 30.5 3.53893
-116.5 30.5 3.54949
-116 30.5 3.54943
-115.5 30.5 3.54167
-115 30.5 3.55185
-114.5 30.5 3.56731
-114 30.5 3.58033
-113.5 30.5 3.57752
-113 30.5 3.56675
-112.5 30.5 3.55171
-112 30.5 3.55156
-111.5 30.5 3.55744
-111 30.5 3.56108
-110.5 30.5 3.5546
-110 30.5 3.5458
-109.5 30.5 3.53841
-109 30.5 3.5417
-108.5 30.5 3.55001
-108 30.5 3.56047
-107.5 30.5 3.56206
-107 30.5 3.55907
-106.5 30.5 3.55241
-106 30.5 3.53005
-105.5 30.5 3.504
-105 30.5 3.47973
-104.5 30.5 3.46469
-104 30.5 3.45407
-103.5 30.5 3.44828
-103 30.5 3.45571
-102.5 30.5 3.46941
-102 30.5 3.48317
-101.5 30.5 3.49148
-101 30.5 3.49476
-100.5 30.5 3.50046
-100 30.5 3.54008
-99.5 30.5 3.58369
-99 30.5 3.61421
-98.5 30.5 3.60576
-98 30.5 3.58399
-97.5 30.5 3.56253
-97 30.5 3.55625
-96.5 30.5 3.5477
-96 30.5 3.53163
-95.5 30.5 3.49762
-95 30.5 3.47491
-94.5 30.5 3.46902
-94 30.5 3.48767
-93.5 30.5 3.49303
-93 30.5 3.48165
-92.5 30.5 3.46108
-92 30.5 3.44786
-91.5 30.5 3.44472
-91 30.5 3.46425
-90.5 30.5 3.47708
-90 30.5 3.48257
-89.5 30.5 3.47672
-89 30.5 3.47922
-88.5 30.5 3.48931
-88 30.5 3.50895
-87.5 30.5 3.52695
-87 30.5 3.54822
-86.5 30.5 3.56803
-86 30.5 3.57001
-85.5 30.5 3.55563
-85 30.5 3.53542
-84.5 30.5 3.52933
-84 30.5 3.54287
-83.5 30.5 3.58281
-83 30.5 3.61032
-82.5 30.5 3.6189
-82 30.5 3.61262
-81.5 30.5 3.6201
-81 30.5 3.64407
-119 31 3.62247
-118.5 31 3.58081
-118 31 3.54424
-117.5 31 3.52959
-117 31 3.53736
-116.5 31 3.55263
-116 31 3.55494
-115.5 31 3.5607
-115 31 3.58556
-114.5 31 3.59713
-114 31 3.59538
-113.5 31 3.57913
-113 31 3.56801
-112.5 31 3.56371
-112 31 3.57069
-111.5 31 3.57512
-111 31 3.57106
-110.5 31 3.55553
-110 31 3.54385
-109.5 31 3.53788
-109 31 3.54356
-108.5 31 3.54684
-108 31 3.54807
-107.5 31 3.54201
-107 31 3.53716
-106.5 31 3.52817
-106 31 3.50394
-105.5 31 3.48346
-105 31 3.46746
-104.5 31 3.46167
-104 31 3.45601
-103.5 31 3.45367
-103 31 3.46137
-102.5 31 3.47174
-102 31 3.48069
-101.5 31 3.48808
-101 31 3.49266
-100.5 31 3.50305
-100 31 3.53843
-99.5 31 3.57716
-99 31 3.60261
-98.5 31 3.59922
-98 31 3.58246
-97.5 31 3.56645
-97 31 3.55838
-96.5 31 3.55056
-96 31 3.53591
-95.5 31 3.51155
-95 31 3.49313
-94.5 31 3.48972
-94 31 3.50211
-93.5 31 3.50654
-93 31 3.48961
-92.5 31 3.47373
-92 31 3.46117
-91.5 31 3.45124
-91 31 3.46148
-90.5 31 3.47521
-90 31 3.48729
-89.5 31 3.4883
-89 31 3.48887
-88.5 31 3.49254
-88 31 3.50579
-87.5 31 3.5247
-87 31 3.55224
-86.5 31 3.57458
-86 31 3.58192
-85.5 31 3.57171
-85 31 3.56013
-84.5 31 3.5556
-84 31 3.55468
-83.5 31 3.57671
-83 31 3.60268
-82.5 31 3.62028
-82 31 3.6274
-81.5 31 3.63733
-81 31 3.65343
-119 31.5 3.62482
-118.5 31.5 3.58461
-118 31.5 3.55234
-117.5 31.5 3.54474
-117 31.5 3.56397
-116.5 31.5 3.58164
-116 31.5 3.5802
-115.5 31.5 3.60507
-115 31.5 3.62983
-114.5 31.5 3.6215
-114 31.5 3.59664
-113.5 31.5 3.57671
-113 31.5 3.57574
-112.5 31.5 3.58556
-112 31.5 3.59658
-111.5 31.5 3.59602
-111 31.5 3.57916
-110.5 31.5 3.5582
-110 31.5 3.54647
-109.5 31.5 3.54574
-109 31.5 3.54273
-108.5 31.5 3.5298
-108 31.5 3.51402
-107.5 31.5 3.50314
-107 31.5 3.49889
-106.5 31.5 3.48441
-106 31.5 3.47145
-105.5 31.5 3.46932
-105 31.5 3.47266
-104.5 31.5 3.47384
-104 31.5 3.47083
-103.5 31.5 3.47257
-103 31.5 3.47892
-102.5 31.5 3.48661
-102 31.5 3.49518
-101.5 31.5 3.50082
-101 31.5 3.50703
-100.5 31.5 3.52087
-100 31.5 3.54517
-99.5 31.5 3.57052
-99 31.5 3.58661
-98.5 31.5 3.5848
-98 31.5 3.57245
-97.5 31.5 3.5604
-97 31.5 3.55514
-96.5 31.5 3.55063
-96 31.5 3.54164
-95.5 31.5 3.52664
-95 31.5 3.51657
-94.5 31.5 3.51932
-94 31.5 3.53472
-93.5 31.5 3.54795
-93 31.5 3.53678
-92.5 31.5 3.51394
-92 31.5 3.50509
-91.5 31.5 3.4916
-91 31.5 3.48148
-90.5 31.5 3.48397
-90 31.5 3.49358
-89.5 31.5 3.50287
-89 31.5 3.50786
-88.5 31.5 3.51115
-88 31.5 3.516
-87.5 31.5 3.5281
-87 31.5 3.55447
-86.5 31.5 3.58551
-86 31.5 3.60232
-85.5 31.5 3.60112
-85 31.5 3.59542
-84.5 31.5 3.60102
-84 31.5 3.59327
-83.5 31.5 3.58995
-83 31.5 3.60764
-82.5 31.5 3.62673
-82 31.5 3.64353
-81.5 31.5 3.66
-81 31.5 3.67332
-119 32 3.62206
-118.5 32 3.59369
-118 32 3.58154
-117.5 32 3.58587
-117 32 3.60276
-116.5 32 3.6093
-116 32 3.61474
-115.5 32 3.63365
-115 32 3.63158
-114.5 32 3.61354
-114 32 3.59289
-113.5 32 3.59289
-113 32 3.60034
-112.5 32 3.6115
-112 32 3.61681
-111.5 32 3.60905
-111 32 3.58804
-110.5 32 3.56891
-110 32 3.55671
-109.5 32 3.547
-109 32 3.51997
-108.5 32 3.49342
-108 32 3.47206
-107.5 32 3.46517
-107 32 3.4588
-106.5 32 3.44863
-106 32 3.45611
-105.5 32 3.46995
-105 32 3.48471
-104.5 32 3.48707
-104 32 3.48785
-103.5 32 3.49223
-103 32 3.4969
-102.5 32 3.50466
-102 32 3.51389
-101.5 32 3.51623
-101 32 3.5222
-100.5 32 3.53577
-100 32 3.54848
-99.5 32 3.56248
-99 32 3.57144
-98.5 32 3.56855
-98 32 3.55863
-97.5 32 3.54802
-97 32 3.54593
-96.5 32 3.54619
-96 32 3.54551
-95.5 32 3.53804
-95 32 3.53479
-94.5 32 3.54223
-94 32 3.56045
-93.5 32 3.57937
-93 32 3.58497
-92.5 32 3.56356
-92 32 3.55023
-91.5 32 3.54148
-91 32 3.52203
-90.5 32 3.51003
-90 32 3.50707
-89.5 32 3.51508
-89 32 3.52495
-88.5 32 3.53618
-88 32 3.54102
-87.5 32 3.54654
-87 32 3.55823
-86.5 32 3.58482
-86 32 3.60791
-85.5 32 3.62177
-85 32 3.62487
-84.5 32 3.63136
-84 32 3.63249
-83.5 32 3.62435
-83 32 3.62857
-82.5 32 3.63894
-82 32 3.65414
-81.5 32 3.67242
-81 32 3.69097
-119 32.5 3.61696
-118.5 32.5 3.60547
-118 32.5 3.61102
-117.5 32.5 3.62071
-117 32.5 3.62438
-116.5 32.5 3.61706
-116 32.5 3.62179
-115.5 32.5 3.62569
-115 32.5 3.6124
-114.5 32.5 3.60157
-114 32.5 3.60319
-113.5 32.5 3.62449
-113 32.5 3.6297
-112.5 32.5 3.63141
-112 32.5 3.63143
-111.5 32.5 3.61733
-111 32.5 3.59375
-110.5 32.5 3.56958
-110 32.5 3.55354
-109.5 32.5 3.52857
-109 32.5 3.48386
-108.5 32.5 3.45652
-108 32.5 3.44317
-107.5 32.5 3.445
-107 32.5 3.44083
-106.5 32.5 3.44009
-106 32.5 3.45791
-105.5 32.5 3.4752
-105 32.5 3.48922
-104.5 32.5 3.49185
-104 32.5 3.49508
-103.5 32.5 3.50049
-103 32.5 3.50655
-102.5 32.5 3.5132
-102 32.5 3.52025
-101.5 32.5 3.51942
-101 32.5 3.52375
-100.5 32.5 3.53302
-100 32.5 3.5412
-99.5 32.5 3.54985
-99 32.5 3.55784
-98.5 32.5 3.55426
-98 32.5 3.54702
-97.5 32.5 3.53793
-97 32.5 3.5356
-96.5 32.5 3.53609
-96 32.5 3.54078
-95.5 32.5 3.53891
-95 32.5 3.54083
-94.5 32.5 3.55136
-94 32.5 3.56801
-93.5 32.5 3.58535
-93 32.5 3.59487
-92.5 32.5 3.58341
-92 32.5 3.57121
-91.5 32.5 3.56883
-91 32.5 3.55421
-90.5 32.5 3.53822
-90 32.5 3.52774
-89.5 32.5 3.52896
-89 32.5 3.53866
-88.5 32.5 3.55826
-88 32.5 3.56909
-87.5 32.5 3.57229
-87 32.5 3.5701
-86.5 32.5 3.58239
-86 32.5 3.60208
-85.5 32.5 3.62132
-85 32.5 3.63224
-84.5 32.5 3.64053
-84 32.5 3.6474
-83.5 32.5 3.64701
-83 32.5 3.64791
-82.5 32.5 3.65062
-82 32.5 3.66008
-81.5 32.5 3.67636
-81 32.5 3.69747
-119 33 3.60486
-118.5 33 3.61133
-118 33 3.62931
-117.5 33 3.63885
-117 33 3.62051
-116.5 33 3.60297
-116 33 3.61306
-115.5 33 3.6067
-115 33 3.59648
-114.5 33 3.60279
-114 33 3.64051
-113.5 33 3.66812
-113 33 3.65236
-112.5 33 3.64385
-112 33 3.63248
-111.5 33 3.60721
-111 33 3.5742
-110.5 33 3.54962
-110 33 3.53422
-109.5 33 3.48843
-109 33 3.44348
-108.5 33 3.43221
-108 33 3.4411
-107.5 33 3.44779
-107 33 3.44176
-106.5 33 3.45292
-106 33 3.47097
-105.5 33 3.48048
-105 33 3.48371
-104.5 33 3.48559
-104 33 3.49347
-103.5 33 3.50113
-103 33 3.50512
-102.5 33 3.50724
-102 33 3.50658
-101.5 33 3.50771
-101 33 3.51385
-100.5 33 3.52081
-100 33 3.52602
-99.5 33 3.5295
-99 33 3.53381
-98.5 33 3.53884
-98 33 3.54057
-97.5 33 3.53682
-97 33 3.52791
-96.5 33 3.51997
-96 33 3.52
-95.5 33 3.527
-95 33 3.5338
-94.5 33 3.54536
-94 33 3.55965
-93.5 33 3.57169
-93 33 3.58189
-92.5 33 3.5792
-92 33 3.56481
-91.5 33 3.56537
-91 33 3.56943
-90.5 33 3.55973
-90 33 3.54905
-89.5 33 3.54348
-89 33 3.54619
-88.5 33 3.56696
-88 33 3.5921
-87.5 33 3.60093
-87 33 3.59053
-86.5 33 3.58141
-86 33 3.59143
-85.5 33 3.6088
-85 33 3.6241
-84.5 33 3.63262
-84 33 3.6451
-83.5 33 3.65543
-83 33 3.65931
-82.5 33 3.65877
-82 33 3.66129
-81.5 33 3.67407
-81 33 3.69566
-119 33.5 3.59292
-118.5 33.5 3.60628
-118 33.5 3.62615
-117.5 33.5 3.6281
-117 33.5 3.60776
-116.5 33.5 3.59687
-116 33.5 3.60083
-115.5 33.5 3.60529
-115 33.5 3.62184
-114.5 33.5 3.6459
-114 33.5 3.67306
-113.5 33.5 3.66409
-113 33.5 3.64137
-112.5 33.5 3.62261
-112 33.5 3.59649
-111.5 33.5 3.56692
-111 33.5 3.53914
-110.5 33.5 3.52514
-110 33.5 3.50411
-109.5 33.5 3.46424
-109 33.5 3.44401
-108.5 33.5 3.44335
-108 33.5 3.45286
-107.5 33.5 3.44747
-107 33.5 3.44531
-106.5 33.5 3.45928
-106 33.5 3.47148
-105.5 33.5 3.47629
-105 33.5 3.47452
-104.5 33.5 3.48282
-104 33.5 3.49275
-103.5 33.5 3.49821
-103 33.5 3.50002
-102.5 33.5 3.49772
-102 33.5 3.49183
-101.5 33.5 3.49711
-101 33.5 3.50406
-100.5 33.5 3.50826
-100 33.5 3.51055
-99.5 33.5 3.5106
-99 33.5 3.51144
-98.5 33.5 3.52338
-98 33.5 3.53371
-97.5 33.5 3.53822
-97 33.5 3.52671
-96.5 33.5 3.51179
-96 33.5 3.50117
-95.5 33.5 3.5098
-95 33.5 3.52089
-94.5 33.5 3.53328
-94 33.5 3.54626
-93.5 33.5 3.55816
-93 33.5 3.56985
-92.5 33.5 3.57437
-92 33.5 3.56583
-91.5 33.5 3.55811
-91 33.5 3.56828
-90.5 33.5 3.57267
-90 33.5 3.57254
-89.5 33.5 3.57046
-89 33.5 3.57035
-88.5 33.5 3.57573
-88 33.5 3.59604
-87.5 33.5 3.60835
-87 33.5 3.60576
-86.5 33.5 3.59288
-86 33.5 3.59109
-85.5 33.5 3.59736
-85 33.5 3.60875
-84.5 33.5 3.61926
-84 33.5 3.63257
-83.5 33.5 3.64656
-83 33.5 3.65485
-82.5 33.5 3.65898
-82 33.5 3.66318
-81.5 33.5 3.67396
-81 33.5 3.69078
-119 34 3.58152
-118.5 34 3.60023
-118 34 3.62641
-117.5 34 3.62141
-117 34 3.60325
-116.5 34 3.59388
-116 34 3.59781
-115.5 34 3.61647
-115 34 3.64931
-114.5 34 3.67266
-114 34 3.66191
-113.5 34 3.6145
-113 34 3.59058
-112.5 34 3.57134
-112 34 3.54486
-111.5 34 3.52284
-111 34 3.51402
-110.5 34 3.51834
-110 34 3.5013
-109.5 34 3.47517
-109 34 3.46315
-108.5 34 3.46046
-108 34 3.45388
-107.5 34 3.43351
-107 34 3.43162
-106.5 34 3.44612
-106 34 3.4642
-105.5 34 3.4704
-105 34 3.47525
-104.5 34 3.48608
-104 34 3.49464
-103.5 34 3.49973
-103 34 3.50009
-102.5 34 3.49639
-102 34 3.49202
-101.5 34 3.49428
-101 34 3.49587
-100.5 34 3.49638
-100 34 3.49442
-99.5 34 3.49291
-99 34 3.49694
-98.5 34 3.50702
-98 34 3.51947
-97.5 34 3.53198
-97 34 3.52684
-96.5 34 3.51499
-96 34 3.50135
-95.5 34 3.50392
-95 34 3.5124
-94.5 34 3.52388
-94 34 3.53508
-93.5 34 3.54918
-93 34 3.57183
-92.5 34 3.58526
-92 34 3.58519
-91.5 34 3.57528
-91 34 3.5815
-90.5 34 3.5936
-90 34 3.60306
-89.5 34 3.60978
-89 34 3.61156
-88.5 34 3.6019
-88 34 3.60521
-87.5 34 3.61202
-87 34 3.60913
-86.5 34 3.59945
-86 34 3.59364
-85.5 34 3.59147
-85 34 3.59522
-84.5 34 3.60359
-84 34 3.61758
-83.5 34 3.63174
-83 34 3.64192
-82.5 34 3.64964
-82 34 3.65815
-81.5 34 3.67079
-81 34 3.68511
-119 34.5 3.58231
-118.5 34.5 3.61125
-118 34.5 3.63267
-117.5 34.5 3.6094
-117 34.5 3.58995
-116.5 34.5 3.58296
-116 34.5 3.58682
-115.5 34.5 3.61643
-115 34.5 3.65275
-114.5 34.5 3.66463
-114 34.5 3.60078
-113.5 34.5 3.5356
-113 34.5 3.53298
-112.5 34.5 3.52046
-112 34.5 3.50108
-111.5 34.5 3.49266
-111 34.5 3.51513
-110.5 34.5 3.53107
-110 34.5 3.50929
-109.5 34.5 3.49001
-109 34.5 3.48134
-108.5 34.5 3.47206
-108 34.5 3.43873
-107.5 34.5 3.40938
-107 34.5 3.41444
-106.5 34.5 3.438
-106 34.5 3.45799
-105.5 34.5 3.46732
-105 34.5 3.47848
-104.5 34.5 3.4921
-104 34.5 3.50009
-103.5 34.5 3.50311
-103 34.5 3.50328
-102.5 34.5 3.50167
-102 34.5 3.49711
-101.5 34.5 3.48884
-101 34.5 3.4826
-100.5 34.5 3.477
-100 34.5 3.47093
-99.5 34.5 3.47001
-99 34.5 3.47518
-98.5 34.5 3.48535
-98 34.5 3.4969
-97.5 34.5 3.5126
-97 34.5 3.52638
-96.5 34.5 3.52983
-96 34.5 3.52156
-95.5 34.5 3.51226
-95 34.5 3.51273
-94.5 34.5 3.51883
-94 34.5 3.52804
-93.5 34.5 3.53923
-93 34.5 3.56803
-92.5 34.5 3.6016
-92 34.5 3.61789
-91.5 34.5 3.61238
-91 34.5 3.60805
-90.5 34.5 3.62452
-90 34.5 3.64172
-89.5 34.5 3.65637
-89 34.5 3.66693
-88.5 34.5 3.64694
-88 34.5 3.62355
-87.5 34.5 3.62304
-87 34.5 3.61721
-86.5 34.5 3.60639
-86 34.5 3.59827
-85.5 34.5 3.58908
-85 34.5 3.58384
-84.5 34.5 3.587
-84 34.5 3.59887
-83.5 34.5 3.61328
-83 34.5 3.62353
-82.5 34.5 3.63384
-82 34.5 3.64625
-81.5 34.5 3.6623
-81 34.5 3.67688
-119 35 3.61884
-118.5 35 3.61645
-118 35 3.59384
-117.5 35 3.56595
-117 35 3.55416
-116.5 35 3.5572
-116 35 3.56774
-115.5 35 3.5893
-115 35 3.603
-114.5 35 3.58987
-114 35 3.53959
-113.5 35 3.51532
-113 35 3.51199
-112.5 35 3.50361
-112 35 3.49712
-111.5 35 3.50053
-111 35 3.51881
-110.5 35 3.51663
-110 35 3.50115
-109.5 35 3.49152
-109 35 3.48572
-108.5 35 3.46733
-108 35 3.43096
-107.5 35 3.41159
-107 35 3.41531
-106.5 35 3.43228
-106 35 3.44515
-105.5 35 3.45658
-105 35 3.47486
-104.5 35 3.49002
-104 35 3.49931
-103.5 35 3.50615
-103 35 3.50834
-102.5 35 3.50396
-102 35 3.49492
-101.5 35 3.48069
-101 35 3.47049
-100.5 35 3.46215
-100 35 3.45805
-99.5 35 3.46075
-99 35 3.46607
-98.5 35 3.47804
-98 35 3.49024
-97.5 35 3.50411
-97 35 3.52948
-96.5 35 3.54648
-96 35 3.54954
-95.5 35 3.53816
-95 35 3.53101
-94.5 35 3.52872
-94 35 3.53476
-93.5 35 3.54565
-93 35 3.56656
-92.5 35 3.60235
-92 35 3.6292
-91.5 35 3.64128
-91 35 3.64094
-90.5 35 3.65354
-90 35 3.67259
-89.5 35 3.68771
-89 35 3.69504
-88.5 35 3.68386
-88 35 3.65624
-87.5 35 3.64108
-87 35 3.62971
-86.5 35 3.61593
-86 35 3.6025
-85.5 35 3.58883
-85 35 3.57852
-84.5 35 3.57615
-84 35 3.5809
-83.5 35 3.59049
-83 35 3.60044
-82.5 35 3.61267
-82 35 3.62708
-81.5 35 3.64435
-81 35 3.66397
-119 35.5 3.64953
-118.5 35.5 3.59953
-118 35.5 3.53057
-117.5 35.5 3.49943
-117 35.5 3.50312
-116.5 35.5 3.52414
-116 35.5 3.53808
-115.5 35.5 3.55074
-115 35.5 3.55361
-114.5 35.5 3.53741
-114 35.5 3.52354
-113.5 35.5 3.53118
-113 35.5 3.52488
-112.5 35.5 3.51289
-112 35.5 3.50522
-111.5 35.5 3.50566
-111 35.5 3.50375
-110.5 35.5 3.48805
-110 35.5 3.48173
-109.5 35.5 3.48735
-109 35.5 3.49495
-108.5 35.5 3.47664
-108 35.5 3.44398
-107.5 35.5 3.42207
-107 35.5 3.41606
-106.5 35.5 3.41777
-106 35.5 3.41859
-105.5 35.5 3.4335
-105 35.5 3.45531
-104.5 35.5 3.47877
-104 35.5 3.49863
-103.5 35.5 3.50696
-103 35.5 3.50395
-102.5 35.5 3.49795
-102 35.5 3.4934
-101.5 35.5 3.48032
-101 35.5 3.47502
-100.5 35.5 3.47311
-100 35.5 3.47448
-99.5 35.5 3.4798
-99 35.5 3.48486
-98.5 35.5 3.49646
-98 35.5 3.50875
-97.5 35.5 3.52486
-97 35.5 3.54952
-96.5 35.5 3.56886
-96 35.5 3.57449
-95.5 35.5 3.56989
-95 35.5 3.56358
-94.5 35.5 3.55687
-94 35.5 3.55944
-93.5 35.5 3.56844
-93 35.5 3.58039
-92.5 35.5 3.60365
-92 35.5 3.62748
-91.5 35.5 3.64484
-91 35.5 3.65269
-90.5 35.5 3.66407
-90 35.5 3.683
-89.5 35.5 3.69565
-89 35.5 3.69769
-88.5 35.5 3.69055
-88 35.5 3.67065
-87.5 35.5 3.65122
-87 35.5 3.63732
-86.5 35.5 3.62258
-86 35.5 3.60573
-85.5 35.5 3.5877
-85 35.5 3.57406
-84.5 35.5 3.56796
-84 35.5 3.56687
-83.5 35.5 3.57019
-83 35.5 3.57737
-82.5 35.5 3.59006
-82 35.5 3.60432
-81.5 35.5 3.62062
-81 35.5 3.6459
-119 36 3.66711
-118.5 36 3.56336
-118 36 3.45892
-117.5 36 3.43486
-117 36 3.46177
-116.5 36 3.49977
-116 36 3.51313
-115.5 36 3.52482
-115 36 3.52386
-114.5 36 3.50743
-114 36 3.5351
-113.5 36 3.56295
-113 36 3.54107
-112.5 36 3.51839
-112 36 3.50636
-111.5 36 3.50373
-111 36 3.48161
-110.5 36 3.46182
-110 36 3.46886
-109.5 36 3.49866
-109 36 3.51465
-108.5 36 3.48771
-108 36 3.45182
-107.5 36 3.42376
-107 36 3.40678
-106.5 36 3.38779
-106 36 3.38394
-105.5 36 3.40269
-105 36 3.43569
-104.5 36 3.47335
-104 36 3.49434
-103.5 36 3.49871
-103 36 3.4979
-102.5 36 3.49724
-102 36 3.49112
-101.5 36 3.4893
-101 36 3.49672
-100.5 36 3.50281
-100 36 3.50323
-99.5 36 3.51029
-99 36 3.52223
-98.5 36 3.52752
-98 36 3.53816
-97.5 36 3.55511
-97 36 3.57654
-96.5 36 3.59753
-96 36 3.60658
-95.5 36 3.6052
-95 36 3.60487
-94.5 36 3.59888
-94 36 3.59472
-93.5 36 3.60203
-93 36 3.60414
-92.5 36 3.60799
-92 36 3.62199
-91.5 36 3.63844
-91 36 3.64959
-90.5 36 3.65618
-90 36 3.67286
-89.5 36 3.68617
-89 36 3.68226
-88.5 36 3.67868
-88 36 3.66862
-87.5 36 3.6484
-87 36 3.63497
-86.5 36 3.62304
-86 36 3.60575
-85.5 36 3.58625
-85 36 3.57
-84.5 36 3.56232
-84 36 3.55755
-83.5 36 3.55545
-83 36 3.55887
-82.5 36 3.57078
-82 36 3.58391
-81.5 36 3.59434
-81 36 3.62236
-119 36.5 3.63221
-118.5 36.5 3.53238
-118 36.5 3.44449
-117.5 36.5 3.41771
-117 36.5 3.44004
-116.5 36.5 3.47463
-116 36.5 3.49795
-115.5 36.5 3.51146
-115 36.5 3.51279
-114.5 36.5 3.51315
-114 36.5 3.53305
-113.5 36.5 3.53692
-113 36.5 3.51799
-112.5 36.5 3.49866
-112 36.5 3.48777
-111.5 36.5 3.48187
-111 36.5 3.47227
-110.5 36.5 3.47624
-110 36.5 3.49261
-109.5 36.5 3.51336
-109 36.5 3.5067
-108.5 36.5 3.47705
-108 36.5 3.44024
-107.5 36.5 3.40455
-107 36.5 3.37738
-106.5 36.5 3.35979
-106 36.5 3.3602
-105.5 36.5 3.38234
-105 36.5 3.42535
-104.5 36.5 3.46208
-104 36.5 3.48153
-103.5 36.5 3.49259
-103 36.5 3.49829
-102.5 36.5 3.50337
-102 36.5 3.50024
-101.5 36.5 3.50281
-101 36.5 3.50629
-100.5 36.5 3.51353
-100 36.5 3.49977
-99.5 36.5 3.51029
-99 36.5 3.54513
-98.5 36.5 3.55184
-98 36.5 3.56287
-97.5 36.5 3.58101
-97 36.5 3.59907
-96.5 36.5 3.61727
-96 36.5 3.6309
-95.5 36.5 3.6319
-95 36.5 3.63249
-94.5 36.5 3.63299
-94 36.5 3.62743
-93.5 36.5 3.62634
-93 36.5 3.62469
-92.5 36.5 3.62026
-92 36.5 3.62405
-91.5 36.5 3.63409
-91 36.5 3.64374
-90.5 36.5 3.6494
-90 36.5 3.65786
-89.5 36.5 3.66639
-89 36.5 3.66507
-88.5 36.5 3.66064
-88 36.5 3.65375
-87.5 36.5 3.63929
-87 36.5 3.62455
-86.5 36.5 3.61188
-86 36.5 3.59688
-85.5 36.5 3.58131
-85 36.5 3.56739
-84.5 36.5 3.55859
-84 36.5 3.55392
-83.5 36.5 3.55168
-83 36.5 3.55378
-82.5 36.5 3.56248
-82 36.5 3.57372
-81.5 36.5 3.58426
-81 36.5 3.60223
-119 37 3.60549
-118.5 37 3.51675
-118 37 3.43512
-117.5 37 3.41001
-117 37 3.42706
-116.5 37 3.46004
-116 37 3.48857
-115.5 37 3.50084
-115 37 3.501
-114.5 37 3.50429
-114 37 3.50211
-113.5 37 3.48634
-113 37 3.47189
-112.5 37 3.46363
-112 37 3.46227
-111.5 37 3.46448
-111 37 3.47625
-110.5 37 3.49928
-110 37 3.51615
-109.5 37 3.51068
-109 37 3.47966
-108.5 37 3.45012
-108 37 3.41344
-107.5 37 3.37447
-107 37 3.35117
-106.5 37 3.34065
-106 37 3.34712
-105.5 37 3.37529
-105 37 3.41342
-104.5 37 3.4467
-104 37 3.47203
-103.5 37 3.49023
-103 37 3.50598
-102.5 37 3.5189
-102 37 3.50919
-101.5 37 3.47786
-101 37 3.45926
-100.5 37 3.46755
-100 37 3.43559
-99.5 37 3.4581
-99 37 3.52915
-98.5 37 3.5508
-98 37 3.57227
-97.5 37 3.59455
-97 37 3.60966
-96.5 37 3.62036
-96 37 3.63477
-95.5 37 3.63771
-95 37 3.63667
-94.5 37 3.64254
-94 37 3.64103
-93.5 37 3.63489
-93 37 3.6307
-92.5 37 3.62523
-92 37 3.62426
-91.5 37 3.63226
-91 37 3.64067
-90.5 37 3.64477
-90 37 3.64798
-89.5 37 3.65096
-89 37 3.65
-88.5 37 3.64624
-88 37 3.63984
-87.5 37 3.62816
-87 37 3.61314
-86.5 37 3.59864
-86 37 3.58523
-85.5 37 3.5742
-85 37 3.56435
-84.5 37 3.55701
-84 37 3.55517
-83.5 37 3.55501
-83 37 3.55647
-82.5 37 3.56477
-82 37 3.5747
-81.5 37 3.5826
-81 37 3.59297
-119 37.5 3.58046
-118.5 37.5 3.4939
-118 37.5 3.41882
-117.5 37.5 3.40466
-117 37.5 3.4218
-116.5 37.5 3.45347
-116 37.5 3.4843
-115.5 37.5 3.48874
-115 37.5 3.4851
-114.5 37.5 3.49119
-114 37.5 3.46689
-113.5 37.5 3.43485
-113 37.5 3.42538
-112.5 37.5 3.42887
-112 37.5 3.43684
-111.5 37.5 3.44556
-111 37.5 3.47739
-110.5 37.5 3.51464
-110 37.5 3.52672
-109.5 37.5 3.48961
-109 37.5 3.44266
-108.5 37.5 3.42092
-108 37.5 3.38329
-107.5 37.5 3.34695
-107 37.5 3.33088
-106.5 37.5 3.33135
-106 37.5 3.34688
-105.5 37.5 3.36956
-105 37.5 3.40257
-104.5 37.5 3.43739
-104 37.5 3.46357
-103.5 37.5 3.48645
-103 37.5 3.51044
-102.5 37.5 3.5131
-102 37.5 3.46707
-101.5 37.5 3.4066
-101 37.5 3.35785
-99 37.5 3.42388
-98.5 37.5 3.51296
-98 37.5 3.56155
-97.5 37.5 3.59478
-97 37.5 3.60986
-96.5 37.5 3.60898
-96 37.5 3.61829
-95.5 37.5 3.62721
-95 37.5 3.61968
-94.5 37.5 3.62812
-94 37.5 3.63742
-93.5 37.5 3.62911
-93 37.5 3.6255
-92.5 37.5 3.62324
-92 37.5 3.6185
-91.5 37.5 3.62604
-91 37.5 3.63655
-90.5 37.5 3.63883
-90 37.5 3.63881
-89.5 37.5 3.63811
-89 37.5 3.63743
-88.5 37.5 3.63447
-88 37.5 3.62832
-87.5 37.5 3.61866
-87 37.5 3.60335
-86.5 37.5 3.58731
-86 37.5 3.57575
-85.5 37.5 3.5696
-85 37.5 3.56452
-84.5 37.5 3.55833
-84 37.5 3.56044
-83.5 37.5 3.56396
-83 37.5 3.56298
-82.5 37.5 3.57067
-82 37.5 3.58082
-81.5 37.5 3.58495
-81 37.5 3.58967
-119 38 3.53285
-118.5 38 3.47136
-118 38 3.42387
-117.5 38 3.41221
-117 38 3.4251
-116.5 38 3.44985
-116 38 3.47256
-115.5 38 3.48021
-115 38 3.48173
-114.5 38 3.47667
-114 38 3.44859
-113.5 38 3.41827
-113 38 3.40527
-112.5 38 3.40539
-112 38 3.41193
-111.5 38 3.42817
-111 38 3.46335
-110.5 38 3.49508
-110 38 3.49821
-109.5 38 3.46823
-109 38 3.43544
-108.5 38 3.40741
-108 38 3.37233
-107.5 38 3.3419
-107 38 3.32833
-106.5 38 3.33372
-106 38 3.34794
-105.5 38 3.36693
-105 38 3.39468
-104.5 38 3.42151
-104 38 3.45053
-103.5 38 3.4829
-103 38 3.50236
-102.5 38 3.49032
-97.5 38 3.58994
-97 38 3.61438
-96.5 38 3.61492
-96 38 3.61026
-95.5 38 3.6124
-95 38 3.60873
-94.5 38 3.61113
-94 38 3.61963
-93.5 38 3.61913
-93 38 3.61752
-92.5 38 3.61749
-92 38 3.61591
-91.5 38 3.61833
-91 38 3.62451
-90.5 38 3.62689
-90 38 3.62721
-89.5 38 3.6267
-89 38 3.62597
-88.5 38 3.62403
-88 38 3.61929
-87.5 38 3.61017
-87 38 3.5967
-86.5 38 3.58285
-86 38 3.57389
-85.5 38 3.57154
-85 38 3.57133
-84.5 38 3.56983
-84 38 3.57202
-83.5 38 3.57608
-83 38 3.57689
-82.5 38 3.57918
-82 38 3.58385
-81.5 38 3.58675
-81 38 3.58903
-119 38.5 3.49337
-118.5 38.5 3.45789
-118 38.5 3.43261
-117.5 38.5 3.4267
-117 38.5 3.4366
-116.5 38.5 3.4541
-116 38.5 3.47137
-115.5 38.5 3.48365
-115 38.5 3.48954
-114.5 38.5 3.48146
-114 38.5 3.4513
-113.5 38.5 3.41791
-113 38.5 3.40194
-112.5 38.5 3.39387
-112 38.5 3.39247
-111.5 38.5 3.40665
-111 38.5 3.44103
-110.5 38.5 3.47288
-110 38.5 3.47499
-109.5 38.5 3.46175
-109 38.5 3.44369
-108.5 38.5 3.4144
-108 38.5 3.37917
-107.5 38.5 3.34862
-107 38.5 3.33526
-106.5 38.5 3.33867
-106 38.5 3.35103
-105.5 38.5 3.36799
-105 38.5 3.38725
-104.5 38.5 3.40767
-104 38.5 3.43935
-103.5 38.5 3.47266
-103 38.5 3.49727
-97 38.5 3.63392
-96.5 38.5 3.64049
-96 38.5 3.62507
-95.5 38.5 3.61328
-95 38.5 3.60806
-94.5 38.5 3.60659
-94 38.5 3.61011
-93.5 38.5 3.61311
-93 38.5 3.61447
-92.5 38.5 3.61614
-92 38.5 3.61671
-91.5 38.5 3.6148
-91 38.5 3.61439
-90.5 38.5 3.61507
-90 38.5 3.6164
-89.5 38.5 3.61657
-89 38.5 3.61529
-88.5 38.5 3.61538
-88 38.5 3.61271
-87.5 38.5 3.60445
-87 38.5 3.59291
-86.5 38.5 3.58209
-86 38.5 3.57675
-85.5 38.5 3.58025
-85 38.5 3.58498
-84.5 38.5 3.58638
-84 38.5 3.58961
-83.5 38.5 3.59381
-83 38.5 3.59428
-82.5 38.5 3.59045
-82 38.5 3.58871
-81.5 38.5 3.59009
-81 38.5 3.59041
-119 39 3.46189
-118.5 39 3.44879
-118 39 3.44398
-117.5 39 3.44606
-117 39 3.45483
-116.5 39 3.46632
-116 39 3.47887
-115.5 39 3.4947
-115 39 3.50533
-114.5 39 3.49923
-114 39 3.46438
-113.5 39 3.42866
-113 39 3.41446
-112.5 39 3.39799
-112 39 3.38626
-111.5 39 3.39099
-111 39 3.42772
-110.5 39 3.45995
-110 39 3.45517
-109.5 39 3.45884
-109 39 3.45539
-108.5 39 3.42518
-108 39 3.38832
-107.5 39 3.35766
-107 39 3.34338
-106.5 39 3.34613
-106 39 3.35877
-105.5 39 3.37428
-105 39 3.38384
-104.5 39 3.39629
-104 39 3.42268
-103.5 39 3.45892
-96.5 39 3.67217
-96 39 3.64749
-95.5 39 3.61898
-95 39 3.61275
-94.5 39 3.6077
-94 39 3.60627
-93.5 39 3.61171
-93 39 3.61502
-92.5 39 3.61789
-92 39 3.62099
-91.5 39 3.61574
-91 39 3.60907
-90.5 39 3.60796
-90 39 3.60978
-89.5 39 3.61073
-89 39 3.60739
-88.5 39 3.60855
-88 39 3.60874
-87.5 39 3.60155
-87 39 3.59305
-86.5 39 3.58588
-86 39 3.5831
-85.5 39 3.59248
-85 39 3.6029
-84.5 39 3.60384
-84 39 3.60701
-83.5 39 3.61127
-83 39 3.61109
-82.5 39 3.60157
-82 39 3.59362
-81.5 39 3.5954
-81 39 3.59457
-119 39.5 3.43963
-118.5 39.5 3.44529
-118 39.5 3.45882
-117.5 39.5 3.46923
-117 39.5 3.47748
-116.5 39.5 3.48538
-116 39.5 3.49461
-115.5 39.5 3.50745
-115 39.5 3.5155
-114.5 39.5 3.5091
-114 39.5 3.48584
-113.5 39.5 3.46083
-113 39.5 3.44262
-112.5 39.5 3.42356
-112 39.5 3.40929
-111.5 39.5 3.40832
-111 39.5 3.42246
-110.5 39.5 3.43409
-110 39.5 3.43652
-109.5 39.5 3.44346
-109 39.5 3.44228
-108.5 39.5 3.42172
-108 39.5 3.39077
-107.5 39.5 3.36355
-107 39.5 3.35131
-106.5 39.5 3.35418
-106 39.5 3.36609
-105.5 39.5 3.37911
-105 39.5 3.38809
-104.5 39.5 3.39952
-104 39.5 3.41508
-103.5 39.5 3.44255
-96.5 39.5 3.66052
-96 39.5 3.65099
-95.5 39.5 3.62579
-95 39.5 3.61366
-94.5 39.5 3.6075
-94 39.5 3.60648
-93.5 39.5 3.61144
-93 39.5 3.61595
-92.5 39.5 3.62013
-92 39.5 3.62355
-91.5 39.5 3.62009
-91 39.5 3.61423
-90.5 39.5 3.6122
-90 39.5 3.61189
-89.5 39.5 3.6115
-89 39.5 3.60892
-88.5 39.5 3.6056
-88 39.5 3.60233
-87.5 39.5 3.59886
-87 39.5 3.59803
-86.5 39.5 3.59882
-86 39.5 3.60153
-85.5 39.5 3.60911
-85 39.5 3.61723
-84.5 39.5 3.61971
-84 39.5 3.61953
-83.5 39.5 3.61892
-83 39.5 3.61603
-82.5 39.5 3.60739
-82 39.5 3.59958
-81.5 39.5 3.59916
-81 39.5 3.59972
-119 40 3.42547
-118.5 40 3.45003
-118 40 3.48216
-117.5 40 3.49502
-117 40 3.50087
-116.5 40 3.50529
-116 40 3.5097
-115.5 40 3.51948
-115 40 3.52723
-114.5 40 3.52331
-114 40 3.51211
-113.5 40 3.4978
-113 40 3.48052
-112.5 40 3.45923
-112 40 3.44133
-111.5 40 3.43205
-111 40 3.41969
-110.5 40 3.40936
-110 40 3.41131
-109.5 40 3.42
-109 40 3.42373
-108.5 40 3.41234
-108 40 3.3879
-107.5 40 3.36487
-107 40 3.35712
-106.5 40 3.36549
-106 40 3.37973
-105.5 40 3.38973
-105 40 3.40191
-104.5 40 3.4118
-104 40 3.41377
-103.5 40 3.42436
-96.5 40 3.64959
-96 40 3.64305
-95.5 40 3.61783
-95 40 3.60524
-94.5 40 3.59939
-94 40 3.60066
-93.5 40 3.60931
-93 40 3.61527
-92.5 40 3.6205
-92 40 3.62685
-91.5 40 3.62549
-91 40 3.62179
-90.5 40 3.6219
-90 40 3.62033
-89.5 40 3.61841
-89 40 3.61634
-88.5 40 3.60773
-88 40 3.5995
-87.5 40 3.59949
-87 40 3.60738
-86.5 40 3.61699
-86 40 3.62321
-85.5 40 3.62826
-85 40 3.63265
-84.5 40 3.63358
-84 40 3.62741
-83.5 40 3.62028
-83 40 3.6156
-82.5 40 3.60677
-82 40 3.60019
-81.5 40 3.6015
-81 40 3.60399
-119 40.5 3.42238
-118.5 40.5 3.46467
-118 40.5 3.51004
-117.5 40.5 3.51554
-117 40.5 3.51823
-116.5 40.5 3.52002
-116 40.5 3.51818
-115.5 40.5 3.52813
-115 40.5 3.53743
-114.5 40.5 3.53337
-114 40.5 3.53216
-113.5 40.5 3.52858
-113 40.5 3.51458
-112.5 40.5 3.49045
-112 40.5 3.46971
-111.5 40.5 3.4587
-111 40.5 3.42245
-110.5 40.5 3.39005
-110 40.5 3.39121
-109.5 40.5 3.40104
-109 40.5 3.40857
-108.5 40.5 3.40621
-108 40.5 3.38583
-107.5 40.5 3.36576
-107 40.5 3.36718
-106.5 40.5 3.38434
-106 40.5 3.40124
-105.5 40.5 3.40856
-105 40.5 3.42076
-104.5 40.5 3.42888
-104 40.5 3.42566
-103.5 40.5 3.4113
-96.5 40.5 3.64689
-96 40.5 3.62929
-95.5 40.5 3.59623
-95 40.5 3.58733
-94.5 40.5 3.58295
-94 40.5 3.58696
-93.5 40.5 3.60254
-93 40.5 3.61032
-92.5 40.5 3.61717
-92 40.5 3.63021
-91.5 40.5 3.63082
-91 40.5 3.62814
-90.5 40.5 3.63225
-90 40.5 3.62969
-89.5 40.5 3.62654
-89 40.5 3.62812
-88.5 40.5 3.6157
-88 40.5 3.60271
-87.5 40.5 3.60517
-87 40.5 3.61989
-86.5 40.5 3.63609
-86 40.5 3.64283
-85.5 40.5 3.64414
-85 40.5 3.64412
-84.5 40.5 3.64358
-84 40.5 3.63027
-83.5 40.5 3.61619
-83 40.5 3.6126
-82.5 40.5 3.60349
-82 40.5 3.59724
-81.5 40.5 3.6029
-81 40.5 3.6084
-119 41 3.45098
-118.5 41 3.47874
-118 41 3.50711
-117.5 41 3.51656
-117 41 3.52087
-116.5 41 3.52253
-116 41 3.52241
-115.5 41 3.52845
-115 41 3.5345
-114.5 41 3.53459
-114 41 3.53733
-113.5 41 3.53647
-113 41 3.52472
-112.5 41 3.5069
-112 41 3.48813
-111.5 41 3.46645
-111 41 3.43063
-110.5 41 3.39947
-110 41 3.39059
-109.5 41 3.39301
-109 41 3.39797
-108.5 41 3.39813
-108 41 3.38975
-107.5 41 3.38379
-107 41 3.39178
-106.5 41 3.4124
-106 41 3.43327
-105.5 41 3.44001
-105 41 3.43743
-104.5 41 3.43379
-104 41 3.42791
-103.5 41 3.42436
-96.5 41 3.61706
-96 41 3.60582
-95.5 41 3.57899
-95 41 3.56463
-94.5 41 3.56238
-94 41 3.57064
-93.5 41 3.58491
-93 41 3.6005
-92.5 41 3.61723
-92 41 3.63045
-91.5 41 3.63426
-91 41 3.63445
-90.5 41 3.63632
-90 41 3.63589
-89.5 41 3.63515
-89 41 3.63499
-88.5 41 3.62832
-88 41 3.62224
-87.5 41 3.62529
-87 41 3.63564
-86.5 41 3.64691
-86 41 3.65274
-85.5 41 3.65201
-85 41 3.64748
-84.5 41 3.64051
-84 41 3.62635
-83.5 41 3.61175
-83 41 3.60437
-82.5 41 3.59962
-82 41 3.59876
-81.5 41 3.60475
-81 41 3.61362
-119 41.5 3.478
-118.5 41.5 3.48743
-118 41.5 3.49803
-117.5 41.5 3.50644
-117 41.5 3.51409
-116.5 41.5 3.51779
-116 41.5 3.51765
-115.5 41.5 3.52187
-115 41.5 3.52422
-114.5 41.5 3.52173
-114 41.5 3.52723
-113.5 41.5 3.52892
-113 41.5 3.51784
-112.5 41.5 3.50779
-112 41.5 3.49428
-111.5 41.5 3.47007
-111 41.5 3.43901
-110.5 41.5 3.41171
-110 41.5 3.39729
-109.5 41.5 3.39434
-109 41.5 3.39596
-108.5 41.5 3.3968
-108 41.5 3.40013
-107.5 41.5 3.40535
-107 41.5 3.41656
-106.5 41.5 3.44551
-106 41.5 3.47166
-105.5 41.5 3.47425
-105 41.5 3.45712
-104.5 41.5 3.4429
-104 41.5 3.43823
-103.5 41.5 3.44115
-103 41.5 3.46691
-97 41.5 3.57999
-96.5 41.5 3.60805
-96 41.5 3.5953
-95.5 41.5 3.5659
-95 41.5 3.54845
-94.5 41.5 3.54832
-94 41.5 3.55915
-93.5 41.5 3.57013
-93 41.5 3.59244
-92.5 41.5 3.61954
-92 41.5 3.63259
-91.5 41.5 3.63628
-91 41.5 3.63695
-90.5 41.5 3.63786
-90 41.5 3.63982
-89.5 41.5 3.6425
-89 41.5 3.64319
-88.5 41.5 3.64167
-88 41.5 3.64198
-87.5 41.5 3.64563
-87 41.5 3.64991
-86.5 41.5 3.65474
-86 41.5 3.65878
-85.5 41.5 3.65423
-85 41.5 3.64468
-84.5 41.5 3.63441
-84 41.5 3.61963
-83.5 41.5 3.605
-83 41.5 3.59702
-82.5 41.5 3.59761
-82 41.5 3.60202
-81.5 41.5 3.60736
-81 41.5 3.61993
-119 42 3.50042
-118.5 42 3.49432
-118 42 3.49032
-117.5 42 3.49635
-117 42 3.50583
-116.5 42 3.51229
-116 42 3.51095
-115.5 42 3.5128
-115 42 3.5107
-114.5 42 3.49786
-114 42 3.50328
-113.5 42 3.50847
-113 42 3.49281
-112.5 42 3.4903
-112 42 3.48701
-111.5 42 3.46625
-111 42 3.4418
-110.5 42 3.42001
-110 42 3.40608
-109.5 42 3.40157
-109 42 3.40167
-108.5 42 3.40208
-108 42 3.41293
-107.5 42 3.42523
-107 42 3.43366
-106.5 42 3.4681
-106 42 3.50224
-105.5 42 3.50428
-105 42 3.48008
-104.5 42 3.45778
-104 42 3.45762
-103.5 42 3.46295
-103 42 3.48281
-102.5 42 3.51983
-97.5 42 3.5575
-97 42 3.60572
-96.5 42 3.6186
-96 42 3.59773
-95.5 42 3.56668
-95 42 3.54917
-94.5 42 3.55396
-94 42 3.56371
-93.5 42 3.56475
-93 42 3.59373
-92.5 42 3.62666
-92 42 3.634
-91.5 42 3.63612
-91 42 3.63626
-90.5 42 3.63716
-90 42 3.64322
-89.5 42 3.64902
-89 42 3.65007
-88.5 42 3.65194
-88 42 3.65488
-87.5 42 3.65898
-87 42 3.6589
-86.5 42 3.65939
-86 42 3.66393
-85.5 42 3.65531
-85 42 3.64045
-84.5 42 3.62987
-84 42 3.61625
-83.5 42 3.60313
-83 42 3.59614
-82.5 42 3.60179
-82 42 3.60965
-81.5 42 3.61077
-81 42 3.62711
-119 42.5 3.51197
-118.5 42.5 3.50359
-118 42.5 3.49613
-117.5 42.5 3.49519
-117 42.5 3.50413
-116.5 42.5 3.51263
-116 42.5 3.51137
-115.5 42.5 3.50703
-115 42.5 3.49717
-114.5 42.5 3.48104
-114 42.5 3.47205
-113.5 42.5 3.4665
-113 42.5 3.45733
-112.5 42.5 3.45717
-112 42.5 3.45767
-111.5 42.5 3.44766
-111 42.5 3.4354
-110.5 42.5 3.42433
-110 42.5 3.41615
-109.5 42.5 3.41284
-109 42.5 3.4152
-108.5 42.5 3.42092
-108 42.5 3.43146
-107.5 42.5 3.44564
-107 42.5 3.45758
-106.5 42.5 3.47532
-106 42.5 3.49759
-105.5 42.5 3.50489
-105 42.5 3.49735
-104.5 42.5 3.48359
-104 42.5 3.47991
-103.5 42.5 3.48097
-103 42.5 3.48692
-102.5 42.5 3.49808
-102 42.5 3.50384
-101.5 42.5 3.50462
-101 42.5 3.54235
-99 42.5 3.58619
-98.5 42.5 3.56924
-98 42.5 3.56638
-97.5 42.5 3.59207
-97 42.5 3.61715
-96.5 42.5 3.62391
-96 42.5 3.61032
-95.5 42.5 3.59323
-95 42.5 3.58119
-94.5 42.5 3.578
-94 42.5 3.57304
-93.5 42.5 3.57463
-93 42.5 3.59593
-92.5 42.5 3.61743
-92 42.5 3.62704
-91.5 42.5 3.62975
-91 42.5 3.63116
-90.5 42.5 3.63631
-90 42.5 3.64537
-89.5 42.5 3.6544
-89 42.5 3.65769
-88.5 42.5 3.65564
-88 42.5 3.6531
-87.5 42.5 3.65549
-87 42.5 3.66071
-86.5 42.5 3.66803
-86 42.5 3.66954
-85.5 42.5 3.65723
-85 42.5 3.64057
-84.5 42.5 3.62917
-84 42.5 3.62126
-83.5 42.5 3.61627
-83 42.5 3.61364
-82.5 42.5 3.61559
-82 42.5 3.6184
-81.5 42.5 3.62195
-81 42.5 3.63407
-119 43 3.52714
-118.5 43 3.5161
-118 43 3.50452
-117.5 43 3.49624
-117 43 3.50515
-116.5 43 3.51657
-116 43 3.51416
-115.5 43 3.50202
-115 43 3.48536
-114.5 43 3.46599
-114 43 3.44272
-113.5 43 3.42534
-113 43 3.41802
-112.5 43 3.42145
-112 43 3.42482
-111.5 43 3.4212
-111 43 3.42156
-110.5 43 3.42294
-110 43 3.42295
-109.5 43 3.42454
-109 43 3.43279
-108.5 43 3.44647
-108 43 3.45976
-107.5 43 3.47392
-107 43 3.48327
-106.5 43 3.48493
-106 43 3.49157
-105.5 43 3.50021
-105 43 3.50519
-104.5 43 3.5034
-104 43 3.49953
-103.5 43 3.49459
-103 43 3.48969
-102.5 43 3.48383
-102 43 3.46981
-101.5 43 3.46707
-101 43 3.48442
-100.5 43 3.5012
-100 43 3.52635
-99.5 43 3.5491
-99 43 3.57825
-98.5 43 3.58429
-98 43 3.58866
-97.5 43 3.60577
-97 43 3.62816
-96.5 43 3.63573
-96 43 3.63056
-95.5 43 3.62263
-95 43 3.61383
-94.5 43 3.5988
-94 43 3.57898
-93.5 43 3.57629
-93 43 3.58977
-92.5 43 3.60575
-92 43 3.6159
-91.5 43 3.62133
-91 43 3.62543
-90.5 43 3.63257
-90 43 3.64691
-89.5 43 3.66118
-89 43 3.66272
-88.5 43 3.65463
-88 43 3.6452
-87.5 43 3.64569
-87 43 3.66009
-86.5 43 3.67667
-86 43 3.67671
-85.5 43 3.66168
-85 43 3.64223
-84.5 43 3.63181
-84 43 3.6326
-83.5 43 3.63729
-83 43 3.63678
-82.5 43 3.632
-82 43 3.62802
-81.5 43 3.63189
-81 43 3.64045
-119 43.5 3.55019
-118.5 43.5 3.53279
-118 43.5 3.51462
-117.5 43.5 3.49081
-117 43.5 3.5007
-116.5 43.5 3.51888
-116 43.5 3.51085
-115.5 43.5 3.49344
-115 43.5 3.47513
-114.5 43.5 3.45666
-114 43.5 3.42468
-113.5 43.5 3.39618
-113 43.5 3.3856
-112.5 43.5 3.39005
-112 43.5 3.39583
-111.5 43.5 3.39065
-111 43.5 3.39903
-110.5 43.5 3.41337
-110 43.5 3.42234
-109.5 43.5 3.43351
-109 43.5 3.45129
-108.5 43.5 3.47775
-108 43.5 3.49709
-107.5 43.5 3.50979
-107 43.5 3.51605
-106.5 43.5 3.50244
-106 43.5 3.49245
-105.5 43.5 3.50111
-105 43.5 3.51452
-104.5 43.5 3.52113
-104 43.5 3.51716
-103.5 43.5 3.50782
-103 43.5 3.49982
-102.5 43.5 3.4939
-102 43.5 3.47984
-101.5 43.5 3.47604
-101 43.5 3.49583
-100.5 43.5 3.51782
-100 43.5 3.54312
-99.5 43.5 3.56914
-99 43.5 3.59472
-98.5 43.5 3.60768
-98 43.5 3.61326
-97.5 43.5 3.62891
-97 43.5 3.64629
-96.5 43.5 3.64951
-96 43.5 3.64679
-95.5 43.5 3.64244
-95 43.5 3.63255
-94.5 43.5 3.60327
-94 43.5 3.5747
-93.5 43.5 3.57204
-93 43.5 3.58127
-92.5 43.5 3.5942
-92 43.5 3.60653
-91.5 43.5 3.61405
-91 43.5 3.6203
-90.5 43.5 3.63066
-90 43.5 3.65076
-89.5 43.5 3.66704
-89 43.5 3.66569
-88.5 43.5 3.65019
-88 43.5 3.63495
-87.5 43.5 3.63541
-87 43.5 3.65956
-86.5 43.5 3.6839
-86 43.5 3.68425
-85.5 43.5 3.66538
-85 43.5 3.64409
-84.5 43.5 3.63775
-84 43.5 3.64772
-83.5 43.5 3.65915
-83 43.5 3.65706
-82.5 43.5 3.64372
-82 43.5 3.6336
-81.5 43.5 3.63937
-81 43.5 3.6459
-119 44 3.59854
-118.5 44 3.55691
-118 44 3.51897
-117.5 44 3.49585
-117 44 3.49298
-116.5 44 3.49995
-116 44 3.49673
-115.5 44 3.48197
-115 44 3.46417
-114.5 44 3.44762
-114 44 3.42287
-113.5 44 3.39783
-113 44 3.38403
-112.5 44 3.37595
-112 44 3.37432
-111.5 44 3.37303
-111 44 3.37522
-110.5 44 3.3873
-110 44 3.40726
-109.5 44 3.43706
-109 44 3.47013
-108.5 44 3.50532
-108 44 3.53666
-107.5 44 3.55161
-107 44 3.5472
-106.5 44 3.52294
-106 44 3.50473
-105.5 44 3.51088
-105 44 3.53038
-104.5 44 3.5409
-104 44 3.53479
-103.5 44 3.51809
-103 44 3.50836
-102.5 44 3.50579
-102 44 3.50653
-101.5 44 3.50812
-101 44 3.53079
-100.5 44 3.56355
-100 44 3.58243
-99.5 44 3.60317
-99 44 3.62499
-98.5 44 3.63454
-98 44 3.64098
-97.5 44 3.65284
-97 44 3.65871
-96.5 44 3.6576
-96 44 3.65353
-95.5 44 3.64695
-95 44 3.63098
-94.5 44 3.60097
-94 44 3.57863
-93.5 44 3.57193
-93 44 3.57595
-92.5 44 3.58603
-92 44 3.59745
-91.5 44 3.609
-91 44 3.62322
-90.5 44 3.63822
-90 44 3.65329
-89.5 44 3.65973
-89 44 3.65665
-88.5 44 3.64572
-88 44 3.63816
-87.5 44 3.6412
-87 44 3.65874
-86.5 44 3.67503
-86 44 3.67679
-85.5 44 3.66725
-85 44 3.65831
-84.5 44 3.65583
-84 44 3.66145
-83.5 44 3.66549
-83 44 3.6611
-82.5 44 3.64902
-82 44 3.64015
-81.5 44 3.64258
-81 44 3.65141
-119 44.5 3.65555
-118.5 44.5 3.58576
-118 44.5 3.52762
-117.5 44.5 3.51019
-117 44.5 3.49695
-116.5 44.5 3.49218
-116 44.5 3.49446
-115.5 44.5 3.47966
-115 44.5 3.46311
-114.5 44.5 3.45402
-114 44.5 3.4354
-113.5 44.5 3.41676
-113 44.5 3.40602
-112.5 44.5 3.38664
-112 44.5 3.37652
-111.5 44.5 3.37712
-111 44.5 3.36812
-110.5 44.5 3.3696
-110 44.5 3.39432
-109.5 44.5 3.44071
-109 44.5 3.48652
-108.5 44.5 3.52553
-108 44.5 3.56818
-107.5 44.5 3.58905
-107 44.5 3.57828
-106.5 44.5 3.53788
-106 44.5 3.51373
-105.5 44.5 3.52107
-105 44.5 3.55005
-104.5 44.5 3.56431
-104 44.5 3.55502
-103.5 44.5 3.52875
-103 44.5 3.51659
-102.5 44.5 3.51501
-102 44.5 3.51663
-101.5 44.5 3.52751
-101 44.5 3.55295
-100.5 44.5 3.58668
-100 44.5 3.60788
-99.5 44.5 3.62695
-99 44.5 3.64367
-98.5 44.5 3.65548
-98 44.5 3.66088
-97.5 44.5 3.66502
-97 44.5 3.66789
-96.5 44.5 3.66346
-96 44.5 3.65679
-95.5 44.5 3.65082
-95 44.5 3.63373
-94.5 44.5 3.60765
-94 44.5 3.58558
-93.5 44.5 3.57512
-93 44.5 3.57414
-92.5 44.5 3.58019
-92 44.5 3.58988
-91.5 44.5 3.60499
-91 44.5 3.62482
-90.5 44.5 3.64247
-90 44.5 3.65133
-89.5 44.5 3.65084
-89 44.5 3.65074
-88.5 44.5 3.64755
-88 44.5 3.64572
-87.5 44.5 3.64755
-87 44.5 3.6576
-86.5 44.5 3.66881
-86 44.5 3.6702
-85.5 44.5 3.66931
-85 44.5 3.67123
-84.5 44.5 3.67012
-84 44.5 3.66957
-83.5 44.5 3.66833
-83 44.5 3.66432
-82.5 44.5 3.65451
-82 44.5 3.64596
-81.5 44.5 3.64599
-81 44.5 3.65923
-119 45 3.70953
-118.5 45 3.62066
-118 45 3.54052
-117.5 45 3.54388
-117 45 3.52442
-116.5 45 3.50465
-116 45 3.5186
-115.5 45 3.50133
-115 45 3.47789
-114.5 45 3.47978
-114 45 3.46379
-113.5 45 3.4473
-113 45 3.45182
-112.5 45 3.42835
-112 45 3.40619
-111.5 45 3.41461
-111 45 3.39451
-110.5 45 3.37549
-110 45 3.39645
-109.5 45 3.44861
-109 45 3.50049
-108.5 45 3.53014
-108 45 3.57414
-107.5 45 3.60998
-107 45 3.60909
-106.5 45 3.56703
-106 45 3.52668
-105.5 45 3.52827
-105 45 3.55732
-104.5 45 3.58152
-104 45 3.57823
-103.5 45 3.55336
-103 45 3.53188
-102.5 45 3.52924
-102 45 3.52999
-101.5 45 3.53745
-101 45 3.55808
-100.5 45 3.58743
-100 45 3.61608
-99.5 45 3.64217
-99 45 3.6643
-98.5 45 3.67694
-98 45 3.68025
-97.5 45 3.68251
-97 45 3.68174
-96.5 45 3.67358
-96 45 3.66812
-95.5 45 3.65959
-95 45 3.63978
-94.5 45 3.61425
-94 45 3.59256
-93.5 45 3.58023
-93 45 3.57601
-92.5 45 3.57639
-92 45 3.58162
-91.5 45 3.59853
-91 45 3.62252
-90.5 45 3.64335
-90 45 3.64689
-89.5 45 3.64516
-89 45 3.6513
-88.5 45 3.65629
-88 45 3.65827
-87.5 45 3.65692
-87 45 3.66402
-86.5 45 3.66935
-86 45 3.66349
-85.5 45 3.66944
-85 45 3.67713
-84.5 45 3.6745
-84 45 3.6715
-83.5 45 3.67109
-83 45 3.67141
-82.5 45 3.66461
-82 45 3.65579
-81.5 45 3.65218
-81 45 3.67242
-119 45.5 3.68338
-118.5 45.5 3.63902
-118 45.5 3.58885
-117.5 45.5 3.57417
-117 45.5 3.56597
-116.5 45.5 3.55298
-116 45.5 3.54883
-115.5 45.5 3.5374
-115 45.5 3.51774
-114.5 45.5 3.50587
-114 45.5 3.4928
-113.5 45.5 3.47978
-113 45.5 3.47975
-112.5 45.5 3.47942
-112 45.5 3.46869
-111.5 45.5 3.463
-111 45.5 3.44823
-110.5 45.5 3.42897
-110 45.5 3.43625
-109.5 45.5 3.47142
-109 45.5 3.512
-108.5 45.5 3.53565
-108 45.5 3.55779
-107.5 45.5 3.58633
-107 45.5 3.59857
-106.5 45.5 3.59084
-106 45.5 3.56102
-105.5 45.5 3.5499
-105 45.5 3.55854
-104.5 45.5 3.57529
-104 45.5 3.57805
-103.5 45.5 3.56947
-103 45.5 3.54825
-102.5 45.5 3.53963
-102 45.5 3.54064
-101.5 45.5 3.54261
-101 45.5 3.5551
-100.5 45.5 3.57831
-100 45.5 3.61387
-99.5 45.5 3.65044
-99 45.5 3.68164
-98.5 45.5 3.69368
-98 45.5 3.69699
-97.5 45.5 3.6984
-97 45.5 3.69308
-96.5 45.5 3.68568
-96 45.5 3.67836
-95.5 45.5 3.66158
-95 45.5 3.64089
-94.5 45.5 3.61925
-94 45.5 3.60214
-93.5 45.5 3.59007
-93 45.5 3.58086
-92.5 45.5 3.57156
-92 45.5 3.57296
-91.5 45.5 3.58991
-91 45.5 3.61616
-90.5 45.5 3.637
-90 45.5 3.64523
-89.5 45.5 3.65226
-89 45.5 3.66175
-88.5 45.5 3.66791
-88 45.5 3.66847
-87.5 45.5 3.6705
-87 45.5 3.67037
-86.5 45.5 3.66211
-86 45.5 3.65735
-85.5 45.5 3.65757
-85 45.5 3.6557
-84.5 45.5 3.65853
-84 45.5 3.66551
-83.5 45.5 3.67521
-83 45.5 3.68255
-82.5 45.5 3.67966
-82 45.5 3.67277
-81.5 45.5 3.67477
-81 45.5 3.68734
-119 46 3.64297
-118.5 46 3.63813
-118 46 3.62141
-117.5 46 3.59369
-117 46 3.59714
-116.5 46 3.595
-116 46 3.57364
-115.5 46 3.56393
-115 46 3.54661
-114.5 46 3.52019
-114 46 3.50666
-113.5 46 3.49501
-113 46 3.49003
-112.5 46 3.51309
-112 46 3.52134
-111.5 46 3.50712
-111 46 3.49614
-110.5 46 3.48056
-110 46 3.47544
-109.5 46 3.50146
-109 46 3.52841
-108.5 46 3.5394
-108 46 3.54276
-107.5 46 3.55545
-107 46 3.57075
-106.5 46 3.58557
-106 46 3.57428
-105.5 46 3.55942
-105 46 3.5598
-104.5 46 3.56227
-104 46 3.56074
-103.5 46 3.55695
-103 46 3.54363
-102.5 46 3.53544
-102 46 3.53585
-101.5 46 3.53741
-101 46 3.54752
-100.5 46 3.57074
-100 46 3.60758
-99.5 46 3.65008
-99 46 3.68693
-98.5 46 3.70032
-98 46 3.70376
-97.5 46 3.70232
-97 46 3.69685
-96.5 46 3.68845
-96 46 3.67733
-95.5 46 3.65834
-95 46 3.64088
-94.5 46 3.62527
-94 46 3.61216
-93.5 46 3.60211
-93 46 3.58809
-92.5 46 3.57019
-92 46 3.56871
-91.5 46 3.58688
-91 46 3.6176
-90.5 46 3.63673
-90 46 3.64534
-89.5 46 3.65242
-89 46 3.66234
-88.5 46 3.66414
-88 46 3.66028
-87.5 46 3.6678
-87 46 3.65822
-86.5 46 3.63485
-86 46 3.63391
-85.5 46 3.62849
-85 46 3.61874
-84.5 46 3.63133
-84 46 3.65125
-83.5 46 3.67186
-83 46 3.69002
-82.5 46 3.68854
-82 46 3.68049
-81.5 46 3.69137
-81 46 3.69487
-119 46.5 3.61557
-118.5 46.5 3.63295
-118 46.5 3.64267
-117.5 46.5 3.58702
-117 46.5 3.59867
-116.5 46.5 3.61574
-116 46.5 3.57119
-115.5 46.5 3.56225
-115 46.5 3.55531
-114.5 46.5 3.51321
-114 46.5 3.49957
-113.5 46.5 3.49355
-113 46.5 3.47495
-112.5 46.5 3.51364
-112 46.5 3.5501
-111.5 46.5 3.52659
-111 46.5 3.51819
-110.5 46.5 3.51162
-110 46.5 3.49061
-109.5 46.5 3.50665
-109 46.5 3.53532
-108.5 46.5 3.54049
-108 46.5 3.53434
-107.5 46.5 3.53139
-107 46.5 3.53971
-106.5 46.5 3.5616
-106 46.5 3.56855
-105.5 46.5 3.54869
-105 46.5 3.53941
-104.5 46.5 3.53932
-104 46.5 3.53391
-103.5 46.5 3.53148
-103 46.5 3.5274
-102.5 46.5 3.52169
-102 46.5 3.5218
-101.5 46.5 3.52681
-101 46.5 3.53747
-100.5 46.5 3.55984
-100 46.5 3.59801
-99.5 46.5 3.64257
-99 46.5 3.67984
-98.5 46.5 3.69902
-98 46.5 3.70595
-97.5 46.5 3.70492
-97 46.5 3.69738
-96.5 46.5 3.68546
-96 46.5 3.66899
-95.5 46.5 3.65312
-95 46.5 3.64234
-94.5 46.5 3.63194
-94 46.5 3.62409
-93.5 46.5 3.61697
-93 46.5 3.59709
-92.5 46.5 3.57882
-92 46.5 3.57981
-91.5 46.5 3.60412
-91 46.5 3.62969
-90.5 46.5 3.63461
-90 46.5 3.63203
-89.5 46.5 3.63275
-89 46.5 3.63949
-88.5 46.5 3.62673
-88 46.5 3.62031
-87.5 46.5 3.63789
-87 46.5 3.61019
-86.5 46.5 3.58246
-86 46.5 3.59865
-85.5 46.5 3.58501
-85 46.5 3.5731
-84.5 46.5 3.60065
-84 46.5 3.62862
-83.5 46.5 3.65707
-83 46.5 3.68593
-82.5 46.5 3.67656
-82 46.5 3.66907
-81.5 46.5 3.69779
-81 46.5 3.6905
-119 47 3.68034
-118.5 47 3.65436
-118 47 3.63942
-117.5 47 3.60241
-117 47 3.58635
-116.5 47 3.58817
-116 47 3.56533
-115.5 47 3.54638
-115 47 3.53603
-114.5 47 3.51161
-114 47 3.49344
-113.5 47 3.48995
-113 47 3.48878
-112.5 47 3.51006
-112 47 3.54396
-111.5 47 3.54344
-111 47 3.53154
-110.5 47 3.52645
-110 47 3.51198
-109.5 47 3.5038
-109 47 3.52108
-108.5 47 3.53358
-108 47 3.53757
-107.5 47 3.53789
-107 47 3.54469
-106.5 47 3.55493
-106 47 3.56391
-105.5 47 3.54779
-105 47 3.5234
-104.5 47 3.52034
-104 47 3.51879
-103.5 47 3.51597
-103 47 3.5184
-102.5 47 3.51757
-102 47 3.51659
-101.5 47 3.52497
-101 47 3.53612
-100.5 47 3.55491
-100 47 3.59489
-99.5 47 3.64098
-99 47 3.6784
-98.5 47 3.70308
-98 47 3.71287
-97.5 47 3.71189
-97 47 3.70107
-96.5 47 3.68492
-96 47 3.66785
-95.5 47 3.66159
-95 47 3.65544
-94.5 47 3.64883
-94 47 3.64575
-93.5 47 3.63759
-93 47 3.62259
-92.5 47 3.61832
-92 47 3.62219
-91.5 47 3.63341
-91 47 3.63176
-90.5 47 3.62048
-90 47 3.60812
-89.5 47 3.60166
-89 47 3.59298
-88.5 47 3.57894
-88 47 3.58097
-87.5 47 3.58196
-87 47 3.56336
-86.5 47 3.56203
-86 47 3.56774
-85.5 47 3.56028
-85 47 3.56649
-84.5 47 3.58808
-84 47 3.61382
-83.5 47 3.64173
-83 47 3.65955
-82.5 47 3.65948
-82 47 3.66959
-81.5 47 3.68858
-81 47 3.69721
-119 47.5 3.79102
-118.5 47.5 3.72417
-118 47.5 3.675
-117.5 47.5 3.64383
-117 47.5 3.60749
-116.5 47.5 3.58939
-116 47.5 3.57864
-115.5 47.5 3.556
-115 47.5 3.54191
-114.5 47.5 3.53271
-114 47.5 3.51657
-113.5 47.5 3.5156
-113 47.5 3.52937
-112.5 47.5 3.54685
-112 47.5 3.57448
-111.5 47.5 3.58868
-111 47.5 3.57718
-110.5 47.5 3.5716
-110 47.5 3.56376
-109.5 47.5 3.53672
-109 47.5 3.53629
-108.5 47.5 3.55102
-108 47.5 3.56002
-107.5 47.5 3.56922
-107 47.5 3.58191
-106.5 47.5 3.59369
-106 47.5 3.59994
-105.5 47.5 3.58439
-105 47.5 3.5469
-104.5 47.5 3.53716
-104 47.5 3.53663
-103.5 47.5 3.53297
-103 47.5 3.53685
-102.5 47.5 3.53937
-102 47.5 3.53841
-101.5 47.5 3.5483
-101 47.5 3.55863
-100.5 47.5 3.56929
-100 47.5 3.60965
-99.5 47.5 3.65621
-99 47.5 3.69654
-98.5 47.5 3.71761
-98 47.5 3.72725
-97.5 47.5 3.72707
-97 47.5 3.71778
-96.5 47.5 3.70306
-96 47.5 3.69142
-95.5 47.5 3.69478
-95 47.5 3.69137
-94.5 47.5 3.68738
-94 47.5 3.68933
-93.5 47.5 3.68192
-93 47.5 3.67362
-92.5 47.5 3.67526
-92 47.5 3.67275
-91.5 47.5 3.6623
-91 47.5 3.63742
-90.5 47.5 3.61347
-90 47.5 3.59791
-89.5 47.5 3.59017
-89 47.5 3.57348
-88.5 47.5 3.56668
-88 47.5 3.57615
-87.5 47.5 3.56963
-87 47.5 3.56797
-86.5 47.5 3.58436
-86 47.5 3.58321
-85.5 47.5 3.58264
-85 47.5 3.59543
-84.5 47.5 3.60581
-84 47.5 3.62686
-83.5 47.5 3.65297
-83 47.5 3.6611
-82.5 47.5 3.67267
-82 47.5 3.6956
-81.5 47.5 3.70978
-81 47.5 3.73849
-119 48 3.93191
-118.5 48 3.8342
-118 48 3.74674
-117.5 48 3.72689
-117 48 3.67347
-116.5 48 3.62966
-116 48 3.63146
-115.5 48 3.6057
-115 48 3.58277
-114.5 48 3.59084
-114 48 3.5781
-113.5 48 3.57378
-113 48 3.6033
-112.5 48 3.62235
-112 48 3.6443
-111.5 48 3.67583
-111 48 3.66875
-110.5 48 3.65701
-110 48 3.66503
-109.5 48 3.62863
-109 48 3.59702
-108.5 48 3.61033
-108 48 3.61969
-107.5 48 3.62834
-107 48 3.64524
-106.5 48 3.66061
-106 48 3.67068
-105.5 48 3.66728
-105 48 3.63115
-104.5 48 3.5989
-104 48 3.59375
-103.5 48 3.5877
-103 48 3.58519
-102.5 48 3.5897
-102 48 3.59245
-101.5 48 3.60001
-101 48 3.61454
-100.5 48 3.62782
-100 48 3.6494
-99.5 48 3.68149
-99 48 3.71178
-98.5 48 3.73358
-98 48 3.74737
-97.5 48 3.75277
-97 48 3.75103
-96.5 48 3.74594
-96 48 3.751
-95.5 48 3.75822
-95 48 3.75352
-94.5 48 3.75618
-94 48 3.758
-93.5 48 3.74723
-93 48 3.74451
-92.5 48 3.74304
-92 48 3.72751
-91.5 48 3.69496
-91 48 3.6566
-90.5 48 3.62969
-90 48 3.62429
-89.5 48 3.61808
-89 48 3.595
-88.5 48 3.60744
-88 48 3.62299
-87.5 48 3.60627
-87 48 3.62961
-86.5 48 3.6561
-86 48 3.64043
-85.5 48 3.64777
-85 48 3.66109
-84.5 48 3.65567
-84 48 3.67943
-83.5 48 3.70311
-83 48 3.69825
-82.5 48 3.72649
-82 48 3.75834
-81.5 48 3.76148
-81 48 3.81398
-119 48.5 4.01917
-118.5 48.5 3.94449
-118 48.5 3.86061
-117.5 48.5 3.81408
-117 48.5 3.76429
-116.5 48.5 3.71757
-116 48.5 3.70029
-115.5 48.5 3.68057
-115 48.5 3.6607
-114.5 48.5 3.66164
-114 48.5 3.66202
-113.5 48.5 3.66479
-113 48.5 3.6893
-112.5 48.5 3.71554
-112 48.5 3.73845
-111.5 48.5 3.76565
-111 48.5 3.7751
-110.5 48.5 3.7672
-110 48.5 3.76612
-109.5 48.5 3.74632
-109 48.5 3.70975
-108.5 48.5 3.70276
-108 48.5 3.70671
-107.5 48.5 3.71144
-107 48.5 3.72326
-106.5 48.5 3.73618
-106 48.5 3.74526
-105.5 48.5 3.7454
-105 48.5 3.72888
-104.5 48.5 3.68827
-104 48.5 3.66688
-103.5 48.5 3.65566
-103 48.5 3.64546
-102.5 48.5 3.64543
-102 48.5 3.65157
-101.5 48.5 3.65666
-101 48.5 3.67164
-100.5 48.5 3.69201
-100 48.5 3.69734
-99.5 48.5 3.71118
-99 48.5 3.72864
-98.5 48.5 3.7531
-98 48.5 3.7723
-97.5 48.5 3.78553
-97 48.5 3.79479
-96.5 48.5 3.8047
-96 48.5 3.82098
-95.5 48.5 3.82543
-95 48.5 3.82673
-94.5 48.5 3.83272
-94 48.5 3.829
-93.5 48.5 3.82131
-93 48.5 3.81643
-92.5 48.5 3.80195
-92 48.5 3.77613
-91.5 48.5 3.73878
-91 48.5 3.70597
-90.5 48.5 3.68422
-90 48.5 3.67805
-89.5 48.5 3.66764
-89 48.5 3.65869
-88.5 48.5 3.67347
-88 48.5 3.68107
-87.5 48.5 3.68291
-87 48.5 3.70838
-86.5 48.5 3.72103
-86 48.5 3.71738
-85.5 48.5 3.72556
-85 48.5 3.73054
-84.5 48.5 3.7323
-84 48.5 3.75084
-83.5 48.5 3.76437
-83 48.5 3.77168
-82.5 48.5 3.79911
-82 48.5 3.82399
-81.5 48.5 3.84493
-81 48.5 3.89355
-119 49 4.09207
-118.5 49 4.0306
-118 49 3.95919
-117.5 49 3.90178
-117 49 3.84979
-116.5 49 3.80509
-116 49 3.77762
-115.5 49 3.75663
-115 49 3.74147
-114.5 49 3.73971
-114 49 3.74467
-113.5 49 3.75543
-113 49 3.77812
-112.5 49 3.80454
-112 49 3.82908
-111.5 49 3.8523
-111 49 3.86481
-110.5 49 3.86377
-110 49 3.85844
-109.5 49 3.84115
-109 49 3.81412
-108.5 49 3.79976
-108 49 3.79572
-107.5 49 3.79643
-107 49 3.80194
-106.5 49 3.80786
-106 49 3.81033
-105.5 49 3.8052
-105 49 3.78698
-104.5 49 3.75341
-104 49 3.72595
-103.5 49 3.70673
-103 49 3.69253
-102.5 49 3.6873
-102 49 3.68883
-101.5 49 3.69345
-101 49 3.70473
-100.5 49 3.71875
-100 49 3.72619
-99.5 49 3.7374
-99 49 3.75381
-98.5 49 3.77647
-98 49 3.7985
-97.5 49 3.81781
-97 49 3.83492
-96.5 49 3.85227
-96 49 3.87019
-95.5 49 3.88026
-95 49 3.88698
-94.5 49 3.89261
-94 49 3.89131
-93.5 49 3.8855
-93 49 3.87633
-92.5 49 3.85821
-92 49 3.83028
-91.5 49 3.79654
-91 49 3.76663
-90.5 49 3.74486
-90 49 3.73265
-89.5 49 3.72217
-89 49 3.71781
-88.5 49 3.72645
-88 49 3.73544
-87.5 49 3.74577
-87 49 3.76488
-86.5 49 3.77703
-86 49 3.78189
-85.5 49 3.78953
-85 49 3.79559
-84.5 49 3.8023
-84 49 3.81564
-83.5 49 3.82782
-83 49 3.84082
-82.5 49 3.8636
-82 49 3.88855
-81.5 49 3.91614
-81 49 3.95526
