-119 25 651.314
-118.5 25 642.555
-118 25 633.816
-117.5 25 625.125
-117 25 616.517
-116.5 25 608.031
-116 25 599.634
-115.5 25 591.285
-115 25 583.023
-114.5 25 574.862
-114 25 566.796
-113.5 25 558.791
-113 25 550.956
-112.5 25 543.405
-112 25 536.1
-111.5 25 528.988
-111 25 522.118
-110.5 25 515.444
-110 25 509.024
-109.5 25 502.869
-109 25 497.038
-108.5 25 491.567
-108 25 486.433
-107.5 25 481.554
-107 25 476.949
-106.5 25 472.553
-106 25 468.382
-105.5 25 464.376
-105 25 460.647
-104.5 25 457.287
-104 25 454.247
-103.5 25 451.484
-103 25 448.993
-102.5 25 446.707
-102 25 444.706
-101.5 25 442.987
-101 25 441.616
-100.5 25 440.605
-100 25 440.044
-99.5 25 440.042
-99 25 440.475
-98.5 25 441.153
-98 25 442.094
-97.5 25 443.345
-97 25 444.866
-96.5 25 446.684
-96 25 448.929
-95.5 25 451.662
-95 25 454.765
-94.5 25 458.175
-94 25 461.818
-93.5 25 465.572
-93 25 469.592
-92.5 25 473.924
-92 25 478.582
-91.5 25 483.572
-91 25 488.84
-90.5 25 494.319
-90 25 500.036
-89.5 25 505.967
-89 25 512.152
-88.5 25 518.578
-88 25 525.251
-87.5 25 532.162
-87 25 539.244
-86.5 25 546.421
-86 25 553.721
-85.5 25 561.126
-85 25 568.675
-84.5 25 576.391
-84 25 584.226
-83.5 25 592.066
-83 25 600.053
-82.5 25 608.354
-82 25 616.707
-81.5 25 624.875
-81 25 632.998
-119 25.5 640.698
-118.5 25.5 631.876
-118 25.5 623.076
-117.5 25.5 614.332
-117 25.5 605.665
-116.5 25.5 597.099
-116 25.5 588.615
-115.5 25.5 580.203
-115 25.5 571.863
-114.5 25.5 563.608
-114 25.5 555.422
-113.5 25.5 547.313
-113 25.5 539.337
-112.5 25.5 531.584
-112 25.5 524.052
-111.5 25.5 516.783
-111 25.5 509.742
-110.5 25.5 502.923
-110 25.5 496.329
-109.5 25.5 489.987
-109 25.5 483.947
-108.5 25.5 478.297
-108 25.5 472.982
-107.5 25.5 467.976
-107 25.5 463.244
-106.5 25.5 458.759
-106 25.5 454.494
-105.5 25.5 450.428
-105 25.5 446.624
-104.5 25.5 443.171
-104 25.5 440.023
-103.5 25.5 437.174
-103 25.5 434.583
-102.5 25.5 432.239
-102 25.5 430.173
-101.5 25.5 428.443
-101 25.5 427.053
-100.5 25.5 426.038
-100 25.5 425.459
-99.5 25.5 425.428
-99 25.5 425.865
-98.5 25.5 426.725
-98 25.5 427.837
-97.5 25.5 428.996
-97 25.5 430.415
-96.5 25.5 432.285
-96 25.5 434.627
-95.5 25.5 437.488
-95 25.5 440.709
-94.5 25.5 444.137
-94 25.5 447.784
-93.5 25.5 451.664
-93 25.5 455.814
-92.5 25.5 460.3
-92 25.5 465.104
-91.5 25.5 470.239
-91 25.5 475.633
-90.5 25.5 481.244
-90 25.5 487.076
-89.5 25.5 493.156
-89 25.5 499.486
-88.5 25.5 506.073
-88 25.5 512.893
-87.5 25.5 519.943
-87 25.5 527.136
-86.5 25.5 534.416
-86 25.5 541.802
-85.5 25.5 549.322
-85 25.5 556.976
-84.5 25.5 564.768
-84 25.5 572.674
-83.5 25.5 580.685
-83 25.5 588.82
-82.5 25.5 597.13
-82 25.5 605.475
-81.5 25.5 613.728
-81 25.5 621.948
-119 26 630.116
-118.5 26 621.208
-118 26 612.352
-117.5 26 603.549
-117 26 594.83
-116.5 26 586.18
-116 26 577.616
-115.5 26 569.131
-115 26 560.73
-114.5 26 552.38
-114 26 544.103
-113.5 26 535.887
-113 26 527.787
-112.5 26 519.832
-112 26 512.079
-111.5 26 504.637
-111 26 497.434
-110.5 26 490.454
-110 26 483.705
-109.5 26 477.159
-109 26 470.908
-108.5 26 465.066
-108 26 459.567
-107.5 26 454.409
-107 26 449.552
-106.5 26 444.966
-106 26 440.63
-105.5 26 436.499
-105 26 432.629
-104.5 26 429.087
-104 26 425.834
-103.5 26 422.888
-103 26 420.205
-102.5 26 417.783
-102 26 415.661
-101.5 26 413.924
-101 26 412.531
-100.5 26 411.494
-100 26 410.875
-99.5 26 410.785
-99 26 411.188
-98.5 26 412.194
-98 26 413.513
-97.5 26 414.557
-97 26 415.905
-96.5 26 417.86
-96 26 420.3
-95.5 26 423.288
-95 26 426.649
-94.5 26 430.073
-94 26 433.75
-93.5 26 437.756
-93 26 442.052
-92.5 26 446.694
-92 26 451.655
-91.5 26 456.94
-91 26 462.476
-90.5 26 468.21
-90 26 474.159
-89.5 26 480.385
-89 26 486.869
-88.5 26 493.62
-88 26 500.59
-87.5 26 507.777
-87 26 515.083
-86.5 26 522.44
-86 26 529.915
-85.5 26 537.554
-85 26 545.321
-84.5 26 553.186
-84 26 561.174
-83.5 26 569.341
-83 26 577.608
-82.5 26 585.907
-82 26 594.238
-81.5 26 602.534
-81 26 610.861
-119 26.5 619.648
-118.5 26.5 610.626
-118 26.5 601.667
-117.5 26.5 592.807
-117 26.5 584.025
-116.5 26.5 575.297
-116 26.5 566.644
-115.5 26.5 558.091
-115 26.5 549.613
-114.5 26.5 541.197
-114 26.5 532.836
-113.5 26.5 524.544
-113 26.5 516.33
-112.5 26.5 508.24
-112 26.5 500.32
-111.5 26.5 492.668
-111 26.5 485.253
-110.5 26.5 478.1
-110 26.5 471.174
-109.5 26.5 464.479
-109 26.5 458.059
-108.5 26.5 451.997
-108 26.5 446.28
-107.5 26.5 440.941
-107 26.5 435.927
-106.5 26.5 431.227
-106 26.5 426.802
-105.5 26.5 422.637
-105 26.5 418.732
-104.5 26.5 415.1
-104 26.5 411.742
-103.5 26.5 408.694
-103 26.5 405.918
-102.5 26.5 403.422
-102 26.5 401.256
-101.5 26.5 399.5
-101 26.5 398.097
-100.5 26.5 397.039
-100 26.5 396.376
-99.5 26.5 396.21
-99 26.5 396.543
-98.5 26.5 397.4
-98 26.5 398.59
-97.5 26.5 399.886
-97 26.5 401.479
-96.5 26.5 403.537
-96 26.5 406.04
-95.5 26.5 409.048
-95 26.5 412.387
-94.5 26.5 415.97
-94 26.5 419.805
-93.5 26.5 423.941
-93 26.5 428.39
-92.5 26.5 433.167
-92 26.5 438.281
-91.5 26.5 443.716
-91 26.5 449.41
-90.5 26.5 455.277
-90 26.5 461.364
-89.5 26.5 467.724
-89 26.5 474.355
-88.5 26.5 481.287
-88 26.5 488.432
-87.5 26.5 495.707
-87 26.5 503.085
-86.5 26.5 510.534
-86 26.5 518.108
-85.5 26.5 525.876
-85 26.5 533.761
-84.5 26.5 541.718
-84 26.5 549.792
-83.5 26.5 558.083
-83 26.5 566.428
-82.5 26.5 574.685
-82 26.5 582.941
-81.5 26.5 591.269
-81 26.5 599.659
-119 27 609.366
-118.5 27 600.201
-118 27 591.109
-117.5 27 582.161
-117 27 573.311
-116.5 27 564.482
-116 27 555.74
-115.5 27 547.11
-115 27 538.569
-114.5 27 530.083
-114 27 521.664
-113.5 27 513.3
-113 27 505.006
-112.5 27 496.79
-112 27 488.719
-111.5 27 480.86
-111 27 473.235
-110.5 27 465.895
-110 27 458.803
-109.5 27 451.937
-109 27 445.352
-108.5 27 439.066
-108 27 433.125
-107.5 27 427.583
-107 27 422.399
-106.5 27 417.56
-106 27 413.038
-105.5 27 408.812
-105 27 404.874
-104.5 27 401.146
-104 27 397.697
-103.5 27 394.542
-103 27 391.676
-102.5 27 389.082
-102 27 386.873
-101.5 27 385.1
-101 27 383.708
-100.5 27 382.599
-100 27 381.875
-99.5 27 381.603
-99 27 381.828
-98.5 27 382.522
-98 27 383.632
-97.5 27 385.17
-97 27 387.059
-96.5 27 389.282
-96 27 391.871
-95.5 27 394.913
-95 27 398.237
-94.5 27 401.945
-94 27 405.921
-93.5 27 410.159
-93 27 414.751
-92.5 27 419.641
-92 27 424.918
-91.5 27 430.51
-91 27 436.398
-90.5 27 442.403
-90 27 448.652
-89.5 27 455.152
-89 27 461.926
-88.5 27 469.026
-88 27 476.345
-87.5 27 483.691
-87 27 491.165
-86.5 27 498.699
-86 27 506.379
-85.5 27 514.289
-85 27 522.322
-84.5 27 530.351
-84 27 538.496
-83.5 27 546.907
-83 27 555.349
-82.5 27 563.538
-82 27 571.734
-81.5 27 580.121
-81 27 588.598
-119 27.5 599.364
-118.5 27.5 590.034
-118 27.5 580.776
-117.5 27.5 571.675
-117 27.5 562.686
-116.5 27.5 553.782
-116 27.5 544.962
-115.5 27.5 536.242
-115 27.5 527.608
-114.5 27.5 519.073
-114 27.5 510.605
-113.5 27.5 502.184
-113 27.5 493.81
-112.5 27.5 485.498
-112 27.5 477.288
-111.5 27.5 469.251
-111 27.5 461.422
-110.5 27.5 453.884
-110 27.5 446.591
-109.5 27.5 439.547
-109 27.5 432.767
-108.5 27.5 426.299
-108 27.5 420.159
-107.5 27.5 414.383
-107 27.5 408.979
-106.5 27.5 403.99
-106 27.5 399.34
-105.5 27.5 394.998
-105 27.5 390.949
-104.5 27.5 387.19
-104 27.5 383.683
-103.5 27.5 380.397
-103 27.5 377.378
-102.5 27.5 374.716
-102 27.5 372.459
-101.5 27.5 370.68
-101 27.5 369.27
-100.5 27.5 368.132
-100 27.5 367.335
-99.5 27.5 366.957
-99 27.5 367.065
-98.5 27.5 367.708
-98 27.5 368.854
-97.5 27.5 370.545
-97 27.5 372.66
-96.5 27.5 375.153
-96 27.5 377.984
-95.5 27.5 381.065
-95 27.5 384.428
-94.5 27.5 388.113
-94 27.5 392.084
-93.5 27.5 396.379
-93 27.5 401.017
-92.5 27.5 406.081
-92 27.5 411.499
-91.5 27.5 417.27
-91 27.5 423.302
-90.5 27.5 429.555
-90 27.5 436.019
-89.5 27.5 442.717
-89 27.5 449.635
-88.5 27.5 456.824
-88 27.5 464.186
-87.5 27.5 471.671
-87 27.5 479.264
-86.5 27.5 486.968
-86 27.5 494.802
-85.5 27.5 502.821
-85 27.5 510.946
-84.5 27.5 519.128
-84 27.5 527.408
-83.5 27.5 535.825
-83 27.5 544.25
-82.5 27.5 552.519
-82 27.5 560.815
-81.5 27.5 569.306
-81 27.5 577.927
-119 28 589.655
-118.5 28 580.141
-118 28 570.684
-117.5 28 561.401
-117 28 552.257
-116.5 28 543.246
-116 28 534.343
-115.5 28 525.508
-115 28 516.771
-114.5 28 508.167
-114 28 499.658
-113.5 28 491.17
-113 28 482.742
-112.5 28 474.338
-112 28 466.017
-111.5 28 457.809
-111 28 449.788
-110.5 28 442.049
-110 28 434.565
-109.5 28 427.313
-109 28 420.337
-108.5 28 413.666
-108 28 407.335
-107.5 28 401.311
-107 28 395.679
-106.5 28 390.519
-106 28 385.719
-105.5 28 381.206
-105 28 377.03
-104.5 28 373.22
-104 28 369.682
-103.5 28 366.253
-103 28 363.082
-102.5 28 360.324
-102 28 358.001
-101.5 28 356.206
-101 28 354.812
-100.5 28 353.615
-100 28 352.765
-99.5 28 352.291
-99 28 352.33
-98.5 28 352.976
-98 28 354.176
-97.5 28 355.996
-97 28 358.282
-96.5 28 360.988
-96 28 364.086
-95.5 28 367.219
-95 28 370.687
-94.5 28 374.391
-94 28 378.392
-93.5 28 382.762
-93 28 387.456
-92.5 28 392.711
-92 28 398.27
-91.5 28 404.213
-91 28 410.39
-90.5 28 416.88
-90 28 423.574
-89.5 28 430.476
-89 28 437.53
-88.5 28 444.796
-88 28 452.188
-87.5 28 459.785
-87 28 467.509
-86.5 28 475.368
-86 28 483.352
-85.5 28 491.467
-85 28 499.696
-84.5 28 507.999
-84 28 516.408
-83.5 28 524.855
-83 28 533.339
-82.5 28 541.709
-82 28 550.167
-81.5 28 558.859
-81 28 567.667
-119 28.5 580.265
-118.5 28.5 570.576
-118 28.5 560.913
-117.5 28.5 551.417
-117 28.5 542.071
-116.5 28.5 532.933
-116 28.5 523.916
-115.5 28.5 514.959
-115 28.5 506.095
-114.5 28.5 497.379
-114 28.5 488.768
-113.5 28.5 480.232
-113 28.5 471.753
-112.5 28.5 463.297
-112 28.5 454.89
-111.5 28.5 446.556
-111 28.5 438.363
-110.5 28.5 430.422
-110 28.5 422.711
-109.5 28.5 415.264
-109 28.5 408.072
-108.5 28.5 401.171
-108 28.5 394.59
-107.5 28.5 388.394
-107 28.5 382.586
-106.5 28.5 377.19
-106 28.5 372.158
-105.5 28.5 367.47
-105 28.5 363.143
-104.5 28.5 359.234
-104 28.5 355.601
-103.5 28.5 352.115
-103 28.5 348.871
-102.5 28.5 345.976
-102 28.5 343.535
-101.5 28.5 341.683
-101 28.5 340.23
-100.5 28.5 339.024
-100 28.5 338.129
-99.5 28.5 337.651
-99 28.5 337.698
-98.5 28.5 338.41
-98 28.5 339.708
-97.5 28.5 341.561
-97 28.5 343.869
-96.5 28.5 346.595
-96 28.5 349.684
-95.5 28.5 353.084
-95 28.5 356.782
-94.5 28.5 360.718
-94 28.5 364.948
-93.5 28.5 369.495
-93 28.5 374.425
-92.5 28.5 379.801
-92 28.5 385.527
-91.5 28.5 391.554
-91 28.5 397.862
-90.5 28.5 404.507
-90 28.5 411.409
-89.5 28.5 418.519
-89 28.5 425.771
-88.5 28.5 433.081
-88 28.5 440.517
-87.5 28.5 448.167
-87 28.5 455.976
-86.5 28.5 463.967
-86 28.5 472.068
-85.5 28.5 480.252
-85 28.5 488.543
-84.5 28.5 496.952
-84 28.5 505.454
-83.5 28.5 513.987
-83 28.5 522.549
-82.5 28.5 531.168
-82 28.5 539.897
-81.5 28.5 548.888
-81 28.5 557.973
-119 29 571.143
-118.5 29 561.291
-118 29 551.441
-117.5 29 541.733
-117 29 532.157
-116.5 29 522.863
-116 29 513.722
-115.5 29 504.599
-115 29 495.587
-114.5 29 486.729
-114 29 477.998
-113.5 29 469.377
-113 29 460.86
-112.5 29 452.346
-112 29 443.902
-111.5 29 435.456
-111 29 427.12
-110.5 29 418.99
-110 29 411.067
-109.5 29 403.41
-109 29 396.006
-108.5 29 388.843
-108 29 382.007
-107.5 29 375.611
-107 29 369.617
-106.5 29 363.959
-106 29 358.69
-105.5 29 353.776
-105 29 349.262
-104.5 29 345.218
-104 29 341.505
-103.5 29 337.925
-103 29 334.628
-102.5 29 331.585
-102 29 329.023
-101.5 29 327.14
-101 29 325.684
-100.5 29 324.456
-100 29 323.546
-99.5 29 323.077
-99 29 323.146
-98.5 29 323.952
-98 29 325.35
-97.5 29 327.214
-97 29 329.511
-96.5 29 332.189
-96 29 335.245
-95.5 29 338.872
-95 29 342.831
-94.5 29 346.997
-94 29 351.505
-93.5 29 356.249
-93 29 361.463
-92.5 29 367.004
-92 29 372.946
-91.5 29 379.06
-91 29 385.49
-90.5 29 392.267
-90 29 399.358
-89.5 29 406.652
-89 29 414.136
-88.5 29 421.492
-88 29 429.011
-87.5 29 436.737
-87 29 444.641
-86.5 29 452.744
-86 29 460.953
-85.5 29 469.173
-85 29 477.534
-84.5 29 486.06
-84 29 494.716
-83.5 29 503.393
-83 29 512.118
-82.5 29 521.024
-82 29 530.018
-81.5 29 539.328
-81 29 548.682
-119 29.5 562.135
-118.5 29.5 552.263
-118 29.5 542.356
-117.5 29.5 532.434
-117 29.5 522.618
-116.5 29.5 513.077
-116 29.5 503.706
-115.5 29.5 494.454
-115 29.5 485.308
-114.5 29.5 476.279
-114 29.5 467.367
-113.5 29.5 458.616
-113 29.5 449.979
-112.5 29.5 441.449
-112 29.5 432.976
-111.5 29.5 424.511
-111 29.5 416.104
-110.5 29.5 407.81
-110 29.5 399.675
-109.5 29.5 391.798
-109 29.5 384.144
-108.5 29.5 376.758
-108 29.5 369.672
-107.5 29.5 363.001
-107 29.5 356.708
-106.5 29.5 350.823
-106 29.5 345.305
-105.5 29.5 340.181
-105 29.5 335.453
-104.5 29.5 331.179
-104 29.5 327.252
-103.5 29.5 323.59
-103 29.5 320.214
-102.5 29.5 317.15
-102 29.5 314.572
-101.5 29.5 312.646
-101 29.5 311.17
-100.5 29.5 309.968
-100 29.5 309.096
-99.5 29.5 308.656
-99 29.5 308.775
-98.5 29.5 309.616
-98 29.5 311.051
-97.5 29.5 312.976
-97 29.5 315.314
-96.5 29.5 318.014
-96 29.5 321.133
-95.5 29.5 324.801
-95 29.5 328.837
-94.5 29.5 333.137
-94 29.5 337.744
-93.5 29.5 342.75
-93 29.5 348.174
-92.5 29.5 354.022
-92 29.5 360.196
-91.5 29.5 366.539
-91 29.5 373.134
-90.5 29.5 380.035
-90 29.5 387.217
-89.5 29.5 394.66
-89 29.5 402.244
-88.5 29.5 409.852
-88 29.5 417.574
-87.5 29.5 425.49
-87 29.5 433.551
-86.5 29.5 441.708
-86 29.5 449.945
-85.5 29.5 458.244
-85 29.5 466.692
-84.5 29.5 475.398
-84 29.5 484.26
-83.5 29.5 493.229
-83 29.5 502.281
-82.5 29.5 511.469
-82 29.5 520.759
-81.5 29.5 530.155
-81 29.5 539.573
-119 30 553.295
-118.5 30 543.404
-118 30 533.501
-117.5 30 523.381
-117 30 513.339
-116.5 30 503.568
-116 30 493.972
-115.5 30 484.561
-115 30 475.284
-114.5 30 466.067
-114 30 456.966
-113.5 30 448.058
-113 30 439.275
-112.5 30 430.689
-112 30 422.196
-111.5 30 413.694
-111 30 405.255
-110.5 30 396.812
-110 30 388.498
-109.5 30 380.417
-109 30 372.533
-108.5 30 364.904
-108 30 357.561
-107.5 30 350.589
-107 30 343.988
-106.5 30 337.84
-106 30 332.062
-105.5 30 326.665
-105 30 321.683
-104.5 30 317.133
-104 30 312.987
-103.5 30 309.191
-103 30 305.754
-102.5 30 302.641
-102 30 300.048
-101.5 30 298.122
-101 30 296.689
-100.5 30 295.499
-100 30 294.695
-99.5 30 294.286
-99 30 294.448
-98.5 30 295.343
-98 30 296.834
-97.5 30 298.822
-97 30 301.243
-96.5 30 303.965
-96 30 307.145
-95.5 30 310.866
-95 30 314.989
-94.5 30 319.374
-94 30 324.058
-93.5 30 329.277
-93 30 334.891
-92.5 30 341.034
-92 30 347.487
-91.5 30 354.042
-91 30 360.832
-90.5 30 367.873
-90 30 375.164
-89.5 30 382.749
-89 30 390.469
-88.5 30 398.303
-88 30 406.249
-87.5 30 414.367
-87 30 422.622
-86.5 30 430.841
-86 30 439.165
-85.5 30 447.562
-85 30 456.132
-84.5 30 465.063
-84 30 474.17
-83.5 30 483.429
-83 30 492.796
-82.5 30 502.226
-82 30 511.758
-81.5 30 521.196
-81 30 530.673
-119 30.5 544.568
-118.5 30.5 534.612
-118 30.5 524.614
-117.5 30.5 514.496
-117 30.5 504.391
-116.5 30.5 494.404
-116 30.5 484.57
-115.5 30.5 474.968
-115 30.5 465.513
-114.5 30.5 456.173
-114 30.5 446.947
-113.5 30.5 437.859
-113 30.5 428.904
-112.5 30.5 420.149
-112 30.5 411.509
-111.5 30.5 402.965
-111 30.5 394.466
-110.5 30.5 385.971
-110 30.5 377.557
-109.5 30.5 369.297
-109 30.5 361.209
-108.5 30.5 353.321
-108 30.5 345.708
-107.5 30.5 338.465
-107 30.5 331.583
-106.5 30.5 325.117
-106 30.5 319.006
-105.5 30.5 313.281
-105 30.5 307.966
-104.5 30.5 303.138
-104 30.5 298.753
-103.5 30.5 294.78
-103 30.5 291.22
-102.5 30.5 288.098
-102 30.5 285.499
-101.5 30.5 283.544
-101 30.5 282.074
-100.5 30.5 280.95
-100 30.5 280.217
-99.5 30.5 279.931
-99 30.5 280.202
-98.5 30.5 281.142
-98 30.5 282.665
-97.5 30.5 284.696
-97 30.5 287.154
-96.5 30.5 289.98
-96 30.5 293.259
-95.5 30.5 297.103
-95 30.5 301.364
-94.5 30.5 305.952
-94 30.5 310.863
-93.5 30.5 316.192
-93 30.5 321.949
-92.5 30.5 328.237
-92 30.5 334.852
-91.5 30.5 341.646
-91 30.5 348.654
-90.5 30.5 355.937
-90 30.5 363.44
-89.5 30.5 371.155
-89 30.5 379.008
-88.5 30.5 387.014
-88 30.5 395.129
-87.5 30.5 403.375
-87 30.5 411.717
-86.5 30.5 420.129
-86 30.5 428.631
-85.5 30.5 437.27
-85 30.5 446.089
-84.5 30.5 455.203
-84 30.5 464.504
-83.5 30.5 473.953
-83 30.5 483.492
-82.5 30.5 493.079
-82 30.5 502.696
-81.5 30.5 512.274
-81 30.5 521.851
-119 31 536.068
-118.5 31 526.017
-118 31 515.942
-117.5 31 505.8
-117 31 495.673
-116.5 31 485.507
-116 31 475.466
-115.5 31 465.679
-115 31 456.051
-114.5 31 446.572
-114 31 437.233
-113.5 31 427.957
-113 31 418.812
-112.5 31 409.85
-112 31 401.022
-111.5 31 392.371
-111 31 383.806
-110.5 31 375.208
-110 31 366.708
-109.5 31 358.258
-109 31 350.001
-108.5 31 341.835
-108 31 333.985
-107.5 31 326.476
-107 31 319.342
-106.5 31 312.535
-106 31 306.096
-105.5 31 299.99
-105 31 294.326
-104.5 31 289.186
-104 31 284.566
-103.5 31 280.392
-103 31 276.731
-102.5 31 273.567
-102 31 270.94
-101.5 31 268.954
-101 31 267.471
-100.5 31 266.375
-100 31 265.728
-99.5 31 265.551
-99 31 265.935
-98.5 31 266.937
-98 31 268.519
-97.5 31 270.598
-97 31 273.139
-96.5 31 276.063
-96 31 279.47
-95.5 31 283.491
-95 31 287.959
-94.5 31 292.764
-94 31 297.928
-93.5 31 303.37
-93 31 309.248
-92.5 31 315.684
-92 31 322.471
-91.5 31 329.462
-91 31 336.697
-90.5 31 344.237
-90 31 351.986
-89.5 31 359.838
-89 31 367.836
-88.5 31 375.991
-88 31 384.268
-87.5 31 392.624
-87 31 401.087
-86.5 31 409.709
-86 31 418.448
-85.5 31 427.352
-85 31 436.427
-84.5 31 445.725
-84 31 455.199
-83.5 31 464.779
-83 31 474.451
-82.5 31 484.139
-82 31 493.847
-81.5 31 503.559
-81 31 513.263
-119 31.5 527.967
-118.5 31.5 517.747
-118 31.5 507.52
-117.5 31.5 497.299
-117 31.5 487.077
-116.5 31.5 476.885
-116 31.5 466.755
-115.5 31.5 456.75
-115 31.5 446.886
-114.5 31.5 437.237
-114 31.5 427.739
-113.5 31.5 418.339
-113 31.5 409.05
-112.5 31.5 399.872
-112 31.5 390.822
-111.5 31.5 381.967
-111 31.5 373.197
-110.5 31.5 364.469
-110 31.5 355.779
-109.5 31.5 347.165
-109 31.5 338.657
-108.5 31.5 330.332
-108 31.5 322.264
-107.5 31.5 314.557
-107 31.5 307.167
-106.5 31.5 300.047
-106 31.5 293.248
-105.5 31.5 286.824
-105 31.5 280.816
-104.5 31.5 275.321
-104 31.5 270.37
-103.5 31.5 266.074
-103 31.5 262.346
-102.5 31.5 259.169
-102 31.5 256.524
-101.5 31.5 254.448
-101 31.5 252.879
-100.5 31.5 251.813
-100 31.5 251.226
-99.5 31.5 251.16
-99 31.5 251.641
-98.5 31.5 252.716
-98 31.5 254.351
-97.5 31.5 256.516
-97 31.5 259.159
-96.5 31.5 262.261
-96 31.5 265.864
-95.5 31.5 270.048
-95 31.5 274.693
-94.5 31.5 279.693
-94 31.5 285.052
-93.5 31.5 290.762
-93 31.5 296.876
-92.5 31.5 303.451
-92 31.5 310.366
-91.5 31.5 317.591
-91 31.5 325.062
-90.5 31.5 332.82
-90 31.5 340.757
-89.5 31.5 348.794
-89 31.5 356.955
-88.5 31.5 365.274
-88 31.5 373.703
-87.5 31.5 382.232
-87 31.5 390.88
-86.5 31.5 399.721
-86 31.5 408.709
-85.5 31.5 417.857
-85 31.5 427.152
-84.5 31.5 436.615
-84 31.5 446.21
-83.5 31.5 455.92
-83 31.5 465.701
-82.5 31.5 475.528
-82 31.5 485.366
-81.5 31.5 495.22
-81 31.5 505.072
-119 32 520.173
-118.5 32 509.778
-118 32 499.406
-117.5 32 489.078
-117 32 478.773
-116.5 32 468.549
-116 32 458.355
-115.5 32 448.127
-115 32 438.016
-114.5 32 428.17
-114 32 418.509
-113.5 32 408.956
-113 32 399.547
-112.5 32 390.145
-112 32 380.872
-111.5 32 371.792
-111 32 362.812
-110.5 32 353.904
-110 32 345.025
-109.5 32 336.212
-109 32 327.465
-108.5 32 318.932
-108 32 310.637
-107.5 32 302.697
-107 32 295.083
-106.5 32 287.617
-106 32 280.513
-105.5 32 273.781
-105 32 267.481
-104.5 32 261.629
-104 32 256.344
-103.5 32 251.914
-103 32 248.115
-102.5 32 244.878
-102 32 242.197
-101.5 32 240.008
-101 32 238.356
-100.5 32 237.285
-100 32 236.744
-99.5 32 236.745
-99 32 237.315
-98.5 32 238.448
-98 32 240.167
-97.5 32 242.426
-97 32 245.219
-96.5 32 248.485
-96 32 252.297
-95.5 32 256.655
-95 32 261.521
-94.5 32 266.707
-94 32 272.318
-93.5 32 278.323
-93 32 284.738
-92.5 32 291.509
-92 32 298.598
-91.5 32 306.04
-91 32 313.724
-90.5 32 321.661
-90 32 329.797
-89.5 32 337.99
-89 32 346.347
-88.5 32 354.845
-88 32 363.473
-87.5 32 372.182
-87 32 381.038
-86.5 32 390.107
-86 32 399.357
-85.5 32 408.732
-85 32 418.248
-84.5 32 427.87
-84 32 437.597
-83.5 32 447.433
-83 32 457.34
-82.5 32 467.315
-82 32 477.307
-81.5 32 487.311
-81 32 497.301
-119 32.5 512.604
-118.5 32.5 502.109
-118 32.5 491.64
-117.5 32.5 481.233
-117 32.5 470.858
-116.5 32.5 460.529
-116 32.5 450.2
-115.5 32.5 439.827
-115 32.5 429.529
-114.5 32.5 419.418
-114 32.5 409.475
-113.5 32.5 399.769
-113 32.5 390.178
-112.5 32.5 380.657
-112 32.5 371.232
-111.5 32.5 361.935
-111 32.5 352.751
-110.5 32.5 343.679
-110 32.5 334.654
-109.5 32.5 325.643
-109 32.5 316.67
-108.5 32.5 307.854
-108 32.5 299.225
-107.5 32.5 290.958
-107 32.5 282.963
-106.5 32.5 275.248
-106 32.5 267.868
-105.5 32.5 260.932
-105 32.5 254.402
-104.5 32.5 248.29
-104 32.5 242.761
-103.5 32.5 238.067
-103 32.5 234.066
-102.5 32.5 230.698
-102 32.5 227.906
-101.5 32.5 225.65
-101 32.5 223.948
-100.5 32.5 222.84
-100 32.5 222.294
-99.5 32.5 222.329
-99 32.5 222.939
-98.5 32.5 224.148
-98 32.5 225.939
-97.5 32.5 228.328
-97 32.5 231.256
-96.5 32.5 234.716
-96 32.5 238.707
-95.5 32.5 243.256
-95 32.5 248.296
-94.5 32.5 253.781
-94 32.5 259.693
-93.5 32.5 266.07
-93 32.5 272.825
-92.5 32.5 279.909
-92 32.5 287.272
-91.5 32.5 294.884
-91 32.5 302.714
-90.5 32.5 310.767
-90 32.5 319
-89.5 32.5 327.422
-89 32.5 335.992
-88.5 32.5 344.724
-88 32.5 353.565
-87.5 32.5 362.487
-87 32.5 371.557
-86.5 32.5 380.853
-86 32.5 390.33
-85.5 32.5 399.959
-85 32.5 409.702
-84.5 32.5 419.526
-84 32.5 429.419
-83.5 32.5 439.388
-83 32.5 449.426
-82.5 32.5 459.569
-82 32.5 469.74
-81.5 32.5 479.894
-81 32.5 490.037
-119 33 505.374
-118.5 33 494.762
-118 33 484.203
-117.5 33 473.7
-117 33 463.248
-116.5 33 452.781
-116 33 442.336
-115.5 33 431.806
-115 33 421.367
-114.5 33 411.028
-114 33 400.814
-113.5 33 390.929
-113 33 381.134
-112.5 33 371.431
-112 33 361.845
-111.5 33 352.301
-111 33 342.926
-110.5 33 333.679
-110 33 324.556
-109.5 33 315.35
-109 33 306.199
-108.5 33 297.089
-108 33 288.118
-107.5 33 279.488
-107 33 271.115
-106.5 33 263.082
-106 33 255.428
-105.5 33 248.261
-105 33 241.556
-104.5 33 235.145
-104 33 229.354
-103.5 33 224.369
-103 33 220.137
-102.5 33 216.556
-102 33 213.647
-101.5 33 211.281
-101 33 209.542
-100.5 33 208.376
-100 33 207.831
-99.5 33 207.869
-99 33 208.536
-98.5 33 209.813
-98 33 211.713
-97.5 33 214.237
-97 33 217.34
-96.5 33 220.983
-96 33 225.189
-95.5 33 229.949
-95 33 235.228
-94.5 33 241.021
-94 33 247.268
-93.5 33 254.012
-93 33 261.136
-92.5 33 268.521
-92 33 276.197
-91.5 33 283.974
-91 33 291.989
-90.5 33 300.156
-90 33 308.525
-89.5 33 317.164
-89 33 325.967
-88.5 33 334.916
-88 33 344
-87.5 33 353.115
-87 33 362.415
-86.5 33 371.939
-86 33 381.66
-85.5 33 391.532
-85 33 401.525
-84.5 33 411.555
-84 33 421.643
-83.5 33 431.751
-83 33 441.924
-82.5 33 452.236
-82 33 462.587
-81.5 33 472.873
-81 33 483.157
-119 33.5 498.539
-118.5 33.5 487.787
-118 33.5 477.082
-117.5 33.5 466.472
-117 33.5 455.883
-116.5 33.5 445.252
-116 33.5 434.618
-115.5 33.5 424.028
-115 33.5 413.52
-114.5 33.5 403.142
-114 33.5 392.856
-113.5 33.5 382.645
-113 33.5 372.503
-112.5 33.5 362.511
-112 33.5 352.614
-111.5 33.5 342.85
-111 33.5 333.223
-110.5 33.5 323.799
-110 33.5 314.496
-109.5 33.5 305.241
-109 33.5 296.004
-108.5 33.5 286.733
-108 33.5 277.523
-107.5 33.5 268.513
-107 33.5 259.725
-106.5 33.5 251.323
-106 33.5 243.298
-105.5 33.5 235.803
-105 33.5 228.748
-104.5 33.5 222.142
-104 33.5 216.105
-103.5 33.5 210.797
-103 33.5 206.219
-102.5 33.5 202.408
-102 33.5 199.29
-101.5 33.5 196.848
-101 33.5 195.039
-100.5 33.5 193.852
-100 33.5 193.287
-99.5 33.5 193.368
-99 33.5 194.092
-98.5 33.5 195.496
-98 33.5 197.539
-97.5 33.5 200.223
-97 33.5 203.502
-96.5 33.5 207.375
-96 33.5 211.827
-95.5 33.5 216.887
-95 33.5 222.482
-94.5 33.5 228.613
-94 33.5 235.192
-93.5 33.5 242.236
-93 33.5 249.612
-92.5 33.5 257.259
-92 33.5 265.137
-91.5 33.5 273.217
-91 33.5 281.485
-90.5 33.5 289.914
-90 33.5 298.518
-89.5 33.5 307.359
-89 33.5 316.349
-88.5 33.5 325.46
-88 33.5 334.692
-87.5 33.5 344.082
-87 33.5 353.639
-86.5 33.5 363.415
-86 33.5 373.362
-85.5 33.5 383.467
-85 33.5 393.675
-84.5 33.5 403.937
-84 33.5 414.23
-83.5 33.5 424.527
-83 33.5 434.863
-82.5 33.5 445.288
-82 33.5 455.734
-81.5 33.5 466.15
-81 33.5 476.544
-119 34 492.168
-118.5 34 481.258
-118 34 470.374
-117.5 34 459.62
-117 34 448.885
-116.5 34 438.05
-116 34 427.236
-115.5 34 416.561
-115 34 405.997
-114.5 34 395.586
-114 34 385.281
-113.5 34 374.751
-113 34 364.286
-112.5 34 353.993
-112 34 343.781
-111.5 34 333.748
-111 34 323.832
-110.5 34 314.167
-110 34 304.67
-109.5 34 295.311
-109 34 286.053
-108.5 34 276.614
-108 34 267.251
-107.5 34 257.889
-107 34 248.739
-106.5 34 239.935
-106 34 231.521
-105.5 34 223.625
-105 34 216.215
-104.5 34 209.308
-104 34 203.006
-103.5 34 197.321
-103 34 192.398
-102.5 34 188.3
-102 34 184.968
-101.5 34 182.381
-101 34 180.502
-100.5 34 179.249
-100 34 178.689
-99.5 34 178.794
-99 34 179.612
-98.5 34 181.138
-98 34 183.377
-97.5 34 186.229
-97 34 189.753
-96.5 34 193.87
-96 34 198.642
-95.5 34 204.038
-95 34 210.02
-94.5 34 216.492
-94 34 223.427
-93.5 34 230.747
-93 34 238.388
-92.5 34 246.248
-92 34 254.353
-91.5 34 262.727
-91 34 271.322
-90.5 34 280.031
-90 34 288.924
-89.5 34 297.982
-89 34 307.188
-88.5 34 316.447
-88 34 325.85
-87.5 34 335.504
-87 34 345.322
-86.5 34 355.333
-86 34 365.492
-85.5 34 375.797
-85 34 386.214
-84.5 34 396.687
-84 34 407.2
-83.5 34 417.673
-83 34 428.17
-82.5 34 438.706
-82 34 449.249
-81.5 34 459.773
-81 34 470.269
-119 34.5 486.359
-118.5 34.5 475.295
-118 34.5 464.234
-117.5 34.5 453.237
-117 34.5 442.25
-116.5 34.5 431.287
-116 34.5 420.351
-115.5 34.5 409.516
-115 34.5 398.78
-114.5 34.5 388.214
-114 34.5 377.708
-113.5 34.5 367.127
-113 34.5 356.558
-112.5 34.5 346.04
-112 34.5 335.584
-111.5 34.5 325.243
-111 34.5 315.012
-110.5 34.5 304.98
-110 34.5 295.13
-109.5 34.5 285.561
-109 34.5 276.09
-108.5 34.5 266.606
-108 34.5 257.105
-107.5 34.5 247.592
-107 34.5 238.179
-106.5 34.5 229.034
-106 34.5 220.21
-105.5 34.5 211.893
-105 34.5 204.04
-104.5 34.5 196.757
-104 34.5 190.053
-103.5 34.5 184.051
-103 34.5 178.787
-102.5 34.5 174.39
-102 34.5 170.779
-101.5 34.5 167.975
-101 34.5 165.914
-100.5 34.5 164.606
-100 34.5 164.026
-99.5 34.5 164.189
-99 34.5 165.09
-98.5 34.5 166.76
-98 34.5 169.156
-97.5 34.5 172.271
-97 34.5 176.059
-96.5 34.5 180.53
-96 34.5 185.649
-95.5 34.5 191.462
-95 34.5 197.837
-94.5 34.5 204.712
-94 34.5 211.995
-93.5 34.5 219.636
-93 34.5 227.544
-92.5 34.5 235.663
-92 34.5 244.008
-91.5 34.5 252.66
-91 34.5 261.52
-90.5 34.5 270.58
-90 34.5 279.768
-89.5 34.5 289.079
-89 34.5 298.483
-88.5 34.5 308.003
-88 34.5 317.661
-87.5 34.5 327.559
-87 34.5 337.61
-86.5 34.5 347.804
-86 34.5 358.119
-85.5 34.5 368.582
-85 34.5 379.149
-84.5 34.5 389.815
-84 34.5 400.508
-83.5 34.5 411.182
-83 34.5 421.844
-82.5 34.5 432.51
-82 34.5 443.158
-81.5 34.5 453.789
-81 34.5 464.391
-119 35 481.04
-118.5 35 469.839
-118 35 458.605
-117.5 35 447.365
-117 35 436.127
-116.5 35 425.019
-116 35 413.952
-115.5 35 402.915
-115 35 391.953
-114.5 35 381.166
-114 35 370.463
-113.5 35 359.791
-113 35 349.185
-112.5 35 338.474
-112 35 327.844
-111.5 35 317.218
-111 35 306.702
-110.5 35 296.286
-110 35 286.052
-109.5 35 276.214
-109 35 266.512
-108.5 35 256.889
-108 35 247.293
-107.5 35 237.596
-107 35 227.996
-106.5 35 218.498
-106 35 209.306
-105.5 35 200.527
-105 35 192.247
-104.5 35 184.498
-104 35 177.389
-103.5 35 170.981
-103 35 165.372
-102.5 35 160.602
-102 35 156.701
-101.5 35 153.585
-101 35 151.331
-100.5 35 149.889
-100 35 149.311
-99.5 35 149.485
-99 35 150.526
-98.5 35 152.33
-98 35 154.981
-97.5 35 158.379
-97 35 162.545
-96.5 35 167.393
-96 35 172.936
-95.5 35 179.176
-95 35 186.002
-94.5 35 193.261
-94 35 200.948
-93.5 35 208.912
-93 35 217.164
-92.5 35 225.551
-92 35 234.183
-91.5 35 243.126
-91 35 252.282
-90.5 35 261.675
-90 35 271.18
-89.5 35 280.736
-89 35 290.374
-88.5 35 300.154
-88 35 310.073
-87.5 35 320.207
-87 35 330.483
-86.5 35 340.826
-86 35 351.276
-85.5 35 361.868
-85 35 372.555
-84.5 35 383.379
-84 35 394.235
-83.5 35 405.069
-83 35 415.888
-82.5 35 426.675
-82 35 437.436
-81.5 35 448.164
-81 35 458.86
-119 35.5 476.149
-118.5 35.5 464.856
-118 35.5 453.491
-117.5 35.5 442.059
-117 35.5 430.625
-116.5 35.5 419.32
-116 35.5 408.069
-115.5 35.5 396.861
-115 35.5 385.691
-114.5 35.5 374.615
-114 35.5 363.606
-113.5 35.5 352.764
-113 35.5 341.964
-112.5 35.5 331.172
-112 35.5 320.391
-111.5 35.5 309.618
-111 35.5 298.897
-110.5 35.5 288.254
-110 35.5 277.764
-109.5 35.5 267.576
-109 35.5 257.532
-108.5 35.5 247.652
-108 35.5 237.79
-107.5 35.5 227.947
-107 35.5 218.12
-106.5 35.5 208.368
-106 35.5 198.803
-105.5 35.5 189.612
-105 35.5 180.842
-104.5 35.5 172.665
-104 35.5 165.083
-103.5 35.5 158.254
-103 35.5 152.183
-102.5 35.5 147.024
-102 35.5 142.706
-101.5 35.5 139.285
-101 35.5 136.736
-100.5 35.5 135.162
-100 35.5 134.482
-99.5 35.5 134.736
-99 35.5 135.872
-98.5 35.5 137.956
-98 35.5 140.892
-97.5 35.5 144.719
-97 35.5 149.306
-96.5 35.5 154.662
-96 35.5 160.674
-95.5 35.5 167.35
-95 35.5 174.55
-94.5 35.5 182.241
-94 35.5 190.287
-93.5 35.5 198.647
-93 35.5 207.231
-92.5 35.5 216.035
-92 35.5 225.041
-91.5 35.5 234.333
-91 35.5 243.811
-90.5 35.5 253.482
-90 35.5 263.243
-89.5 35.5 273.065
-89 35.5 282.956
-88.5 35.5 292.981
-88 35.5 303.136
-87.5 35.5 313.46
-87 35.5 323.897
-86.5 35.5 334.418
-86 35.5 345.02
-85.5 35.5 355.735
-85 35.5 366.537
-84.5 35.5 377.448
-84 35.5 388.395
-83.5 35.5 399.355
-83 35.5 410.293
-82.5 35.5 421.198
-82 35.5 432.06
-81.5 35.5 442.875
-81 35.5 453.646
-119 36 471.565
-118.5 36 460.205
-118 36 448.77
-117.5 36 437.178
-117 36 425.576
-116.5 36 414.105
-116 36 402.699
-115.5 36 391.334
-115 36 379.995
-114.5 36 368.645
-114 36 357.327
-113.5 36 346.279
-113 36 335.258
-112.5 36 324.319
-112 36 313.405
-111.5 36 302.48
-111 36 291.635
-110.5 36 280.801
-110 36 270.112
-109.5 36 259.601
-109 36 249.217
-108.5 36 238.995
-108 36 228.838
-107.5 36 218.737
-107 36 208.708
-106.5 36 198.625
-106 36 188.748
-105.5 36 179.1
-105 36 169.899
-104.5 36 161.228
-104 36 153.202
-103.5 36 145.836
-103 36 139.299
-102.5 36 133.624
-102 36 128.904
-101.5 36 125.048
-101 36 122.222
-100.5 36 120.418
-100 36 119.699
-99.5 36 119.98
-99 36 121.324
-98.5 36 123.693
-98 36 127.049
-97.5 36 131.328
-97 36 136.46
-96.5 36 142.337
-96 36 148.911
-95.5 36 156.03
-95 36 163.674
-94.5 36 171.788
-94 36 180.251
-93.5 36 188.999
-93 36 197.973
-92.5 36 207.185
-92 36 216.59
-91.5 36 226.216
-91 36 236.019
-90.5 36 245.928
-90 36 255.952
-89.5 36 266
-89 36 276.146
-88.5 36 286.385
-88 36 296.763
-87.5 36 307.25
-87 36 317.856
-86.5 36 328.528
-86 36 339.28
-85.5 36 350.097
-85 36 360.996
-84.5 36 371.961
-84 36 382.974
-83.5 36 394.008
-83 36 405.04
-82.5 36 416.021
-82 36 426.981
-81.5 36 437.863
-81 36 448.706
-119 36.5 467.113
-118.5 36.5 455.733
-118 36.5 444.251
-117.5 36.5 432.61
-117 36.5 420.94
-116.5 36.5 409.327
-116 36.5 397.782
-115.5 36.5 386.317
-115 36.5 374.868
-114.5 36.5 363.411
-114 36.5 351.966
-113.5 36.5 340.629
-113 36.5 329.327
-112.5 36.5 318.107
-112 36.5 306.925
-111.5 36.5 295.848
-111 36.5 284.84
-110.5 36.5 273.931
-110 36.5 263.108
-109.5 36.5 252.383
-109 36.5 241.71
-108.5 36.5 231.108
-108 36.5 220.531
-107.5 36.5 210.105
-107 36.5 199.697
-106.5 36.5 189.357
-106 36.5 179.116
-105.5 36.5 169.131
-105 36.5 159.471
-104.5 36.5 150.363
-104 36.5 141.783
-103.5 36.5 133.926
-103 36.5 126.781
-102.5 36.5 120.611
-102 36.5 115.31
-101.5 36.5 111.075
-98.5 36.5 109.79
-98 36.5 113.597
-97.5 36.5 118.433
-97 36.5 124.105
-96.5 36.5 130.589
-96 36.5 137.703
-95.5 36.5 145.409
-95 36.5 153.567
-94.5 36.5 162.146
-94 36.5 171.026
-93.5 36.5 180.193
-93 36.5 189.564
-92.5 36.5 199.158
-92 36.5 208.906
-91.5 36.5 218.807
-91 36.5 228.833
-90.5 36.5 238.983
-90 36.5 249.214
-89.5 36.5 259.511
-89 36.5 269.871
-88.5 36.5 280.327
-88 36.5 290.879
-87.5 36.5 301.553
-87 36.5 312.311
-86.5 36.5 323.135
-86 36.5 334.005
-85.5 36.5 344.917
-85 36.5 355.876
-84.5 36.5 366.9
-84 36.5 377.949
-83.5 36.5 389.013
-83 36.5 400.062
-82.5 36.5 411.103
-82 36.5 422.115
-81.5 36.5 433.083
-81 36.5 444.004
-119 37 462.781
-118.5 37 451.363
-118 37 439.883
-117.5 37 428.194
-117 37 416.52
-116.5 37 404.827
-116 37 393.223
-115.5 37 381.714
-115 37 370.239
-114.5 37 358.719
-114 37 347.208
-113.5 37 335.625
-113 37 324.075
-112.5 37 312.565
-112 37 301.117
-111.5 37 289.858
-111 37 278.694
-110.5 37 267.685
-110 37 256.766
-109.5 37 245.835
-109 37 234.953
-108.5 37 223.975
-108 37 213.015
-107.5 37 202.215
-107 37 191.445
-106.5 37 180.751
-106 37 170.195
-105.5 37 159.803
-105 37 149.749
-104.5 37 140.119
-104 37 131.043
-103.5 37 122.541
-103 37 114.825
-97 37 112.374
-96.5 37 119.487
-96 37 127.237
-95.5 37 135.525
-95 37 144.262
-94.5 37 153.287
-94 37 162.621
-93.5 37 172.169
-93 37 181.944
-92.5 37 191.86
-92 37 201.943
-91.5 37 212.058
-91 37 222.308
-90.5 37 232.658
-90 37 243.111
-89.5 37 253.616
-89 37 264.191
-88.5 37 274.823
-88 37 285.537
-87.5 37 296.359
-87 37 307.264
-86.5 37 318.197
-86 37 329.18
-85.5 37 340.15
-85 37 351.164
-84.5 37 362.221
-84 37 373.304
-83.5 37 384.359
-83 37 395.402
-82.5 37 406.447
-82 37 417.491
-81.5 37 428.506
-81 37 439.507
-119 37.5 458.518
-118.5 37.5 447.018
-118 37.5 435.44
-117.5 37.5 423.783
-117 37.5 412.123
-116.5 37.5 400.515
-116 37.5 388.961
-115.5 37.5 377.454
-115 37.5 365.953
-114.5 37.5 354.41
-114 37.5 342.815
-113.5 37.5 331.147
-113 37.5 319.443
-112.5 37.5 307.772
-112 37.5 296.153
-111.5 37.5 284.688
-111 37.5 273.335
-110.5 37.5 262.143
-110 37.5 251.021
-109.5 37.5 239.928
-109 37.5 228.825
-108.5 37.5 217.702
-108 37.5 206.53
-107.5 37.5 195.346
-107 37.5 184.15
-106.5 37.5 173.081
-106 37.5 162.11
-105.5 37.5 151.397
-105 37.5 140.9
-104.5 37.5 130.805
-104 37.5 121.09
-103.5 37.5 112.044
-96.5 37.5 109.267
-96 37.5 117.65
-95.5 37.5 126.532
-95 37.5 135.762
-94.5 37.5 145.28
-94 37.5 155.015
-93.5 37.5 164.962
-93 37.5 175.051
-92.5 37.5 185.279
-92 37.5 195.594
-91.5 37.5 205.988
-91 37.5 216.453
-90.5 37.5 227.027
-90 37.5 237.667
-89.5 37.5 248.394
-89 37.5 259.153
-88.5 37.5 269.955
-88 37.5 280.794
-87.5 37.5 291.715
-87 37.5 302.685
-86.5 37.5 313.711
-86 37.5 324.751
-85.5 37.5 335.797
-85 37.5 346.851
-84.5 37.5 357.934
-84 37.5 369.017
-83.5 37.5 380.082
-83 37.5 391.107
-82.5 37.5 402.102
-82 37.5 413.087
-81.5 37.5 424.115
-81 37.5 435.126
-119 38 454.384
-118.5 38 442.781
-118 38 431.147
-117.5 38 419.517
-117 38 407.917
-116.5 38 396.414
-116 38 384.959
-115.5 38 373.467
-115 38 361.999
-114.5 38 350.452
-114 38 338.863
-113.5 38 327.155
-113 38 315.394
-112.5 38 303.613
-112 38 291.883
-111.5 38 280.231
-111 38 268.703
-110.5 38 257.307
-110 38 246.008
-109.5 38 234.727
-109 38 223.473
-108.5 38 212.213
-108 38 200.928
-107.5 38 189.373
-107 38 177.845
-106.5 38 166.393
-106 38 155.089
-105.5 38 144.011
-105 38 133.162
-104.5 38 122.506
-104 38 112.25
-96 38 109.137
-95.5 38 118.577
-95 38 128.318
-94.5 38 138.265
-94 38 148.406
-93.5 38 158.687
-93 38 169.083
-92.5 38 179.558
-92 38 190.103
-91.5 38 200.723
-91 38 211.407
-90.5 38 222.168
-90 38 232.987
-89.5 38 243.892
-89 38 254.818
-88.5 38 265.732
-88 38 276.669
-87.5 38 287.64
-87 38 298.655
-86.5 38 309.725
-86 38 320.805
-85.5 38 331.875
-85 38 342.952
-84.5 38 354.024
-84 38 365.115
-83.5 38 376.166
-83 38 387.188
-82.5 38 398.104
-82 38 409.014
-81.5 38 420.034
-81 38 431.051
-119 38.5 450.358
-118.5 38.5 438.757
-118 38.5 427.132
-117.5 38.5 415.582
-117 38.5 404.067
-116.5 38.5 392.619
-116 38.5 381.182
-115.5 38.5 369.738
-115 38.5 358.283
-114.5 38.5 346.842
-114 38.5 335.318
-113.5 38.5 323.657
-113 38.5 311.885
-112.5 38.5 300.057
-112 38.5 288.228
-111.5 38.5 276.478
-111 38.5 264.799
-110.5 38.5 253.247
-110 38.5 241.748
-109.5 38.5 230.349
-109 38.5 218.928
-108.5 38.5 207.502
-108 38.5 195.958
-107.5 38.5 184.28
-107 38.5 172.532
-106.5 38.5 160.88
-106 38.5 149.291
-105.5 38.5 137.915
-105 38.5 126.641
-104.5 38.5 115.58
-95.5 38.5 111.918
-95 38.5 122.09
-94.5 38.5 132.462
-94 38.5 142.951
-93.5 38.5 153.547
-93 38.5 164.193
-92.5 38.5 174.899
-92 38.5 185.632
-91.5 38.5 196.445
-91 38.5 207.294
-90.5 38.5 218.221
-90 38.5 229.184
-89.5 38.5 240.2
-89 38.5 251.213
-88.5 38.5 262.202
-88 38.5 273.185
-87.5 38.5 284.203
-87 38.5 295.241
-86.5 38.5 306.323
-86 38.5 317.392
-85.5 38.5 328.436
-85 38.5 339.465
-84.5 38.5 350.514
-84 38.5 361.567
-83.5 38.5 372.629
-83 38.5 383.634
-82.5 38.5 394.548
-82 38.5 405.44
-81.5 38.5 416.412
-81 38.5 427.406
-119 39 446.702
-118.5 39 435.107
-118 39 423.523
-117.5 39 412.06
-117 39 400.637
-116.5 39 389.222
-116 39 377.814
-115.5 39 366.396
-115 39 354.978
-114.5 39 343.643
-114 39 332.239
-113.5 39 320.619
-113 39 308.903
-112.5 39 297.059
-112 39 285.219
-111.5 39 273.436
-111 39 261.694
-110.5 39 250.038
-110 39 238.403
-109.5 39 226.907
-109 39 215.363
-108.5 39 203.764
-108 39 192.044
-107.5 39 180.254
-107 39 168.406
-106.5 39 156.604
-106 39 144.851
-105.5 39 133.2
-105 39 121.651
-95 39 117.329
-94.5 39 128.023
-94 39 138.813
-93.5 39 149.632
-93 39 160.494
-92.5 39 171.355
-92 39 182.242
-91.5 39 193.172
-91 39 204.141
-90.5 39 215.154
-90 39 226.212
-89.5 39 237.263
-89 39 248.337
-88.5 39 259.334
-88 39 270.349
-87.5 39 281.373
-87 39 292.425
-86.5 39 303.477
-86 39 314.524
-85.5 39 325.49
-85 39 336.46
-84.5 39 347.454
-84 39 358.478
-83.5 39 369.541
-83 39 380.558
-82.5 39 391.448
-82 39 402.319
-81.5 39 413.254
-81 39 424.225
-119 39.5 443.569
-118.5 39.5 432.022
-118 39.5 420.507
-117.5 39.5 409.099
-117 39.5 397.72
-116.5 39.5 386.348
-116 39.5 374.968
-115.5 39.5 363.616
-115 39.5 352.269
-114.5 39.5 340.957
-114 39.5 329.567
-113.5 39.5 318.022
-113 39.5 306.359
-112.5 39.5 294.625
-112 39.5 282.874
-111.5 39.5 271.178
-111 39.5 259.499
-110.5 39.5 247.833
-110 39.5 236.178
-109.5 39.5 224.588
-109 39.5 212.945
-108.5 39.5 201.218
-108 39.5 189.382
-107.5 39.5 177.528
-107 39.5 165.628
-106.5 39.5 153.761
-106 39.5 141.888
-105.5 39.5 130.073
-105 39.5 118.276
-95 39.5 114.265
-94.5 39.5 125.156
-94 39.5 136.082
-93.5 39.5 147.064
-93 39.5 158.038
-92.5 39.5 169.022
-92 39.5 179.991
-91.5 39.5 190.98
-91 39.5 201.969
-90.5 39.5 212.986
-90 39.5 224.012
-89.5 39.5 235.06
-89 39.5 246.099
-88.5 39.5 257.129
-88 39.5 268.144
-87.5 39.5 279.179
-87 39.5 290.197
-86.5 39.5 301.203
-86 39.5 312.161
-85.5 39.5 323.078
-85 39.5 333.982
-84.5 39.5 344.944
-84 39.5 355.939
-83.5 39.5 366.979
-83 39.5 377.97
-82.5 39.5 388.846
-82 39.5 399.692
-81.5 39.5 410.598
-81 39.5 421.539
-119 40 441.044
-118.5 40 429.539
-118 40 418.089
-117.5 40 406.724
-117 40 395.395
-116.5 40 384.032
-116 40 372.683
-115.5 40 361.363
-115 40 350.082
-114.5 40 338.761
-114 40 327.413
-113.5 40 315.907
-113 40 304.346
-112.5 40 292.732
-112 40 281.133
-111.5 40 269.559
-111 40 258.025
-110.5 40 246.382
-110 40 234.788
-109.5 40 223.161
-109 40 211.526
-108.5 40 199.714
-108 40 187.861
-107.5 40 175.992
-107 40 164.15
-106.5 40 152.29
-106 40 140.458
-105.5 40 128.584
-105 40 116.755
-95 40 113.053
-94.5 40 123.989
-94 40 134.936
-93.5 40 145.944
-93 40 156.94
-92.5 40 167.928
-92 40 178.908
-91.5 40 189.855
-91 40 200.81
-90.5 40 211.746
-90 40 222.699
-89.5 40 233.678
-89 40 244.662
-88.5 40 255.666
-88 40 266.663
-87.5 40 277.666
-87 40 288.642
-86.5 40 299.566
-86 40 310.437
-85.5 40 321.271
-85 40 332.104
-84.5 40 343.013
-84 40 353.969
-83.5 40 364.969
-83 40 375.945
-82.5 40 386.766
-82 40 397.584
-81.5 40 408.473
-81 40 419.397
-119 40.5 439.205
-118.5 40.5 427.743
-118 40.5 416.326
-117.5 40.5 405.001
-117 40.5 393.683
-116.5 40.5 382.338
-116 40.5 370.979
-115.5 40.5 359.673
-115 40.5 348.374
-114.5 40.5 337.073
-114 40.5 325.727
-113.5 40.5 314.324
-113 40.5 302.873
-112.5 40.5 291.412
-112 40.5 279.949
-111.5 40.5 268.486
-111 40.5 257.012
-110.5 40.5 245.496
-110 40.5 233.971
-109.5 40.5 222.443
-109 40.5 210.857
-108.5 40.5 199.132
-108 40.5 187.345
-107.5 40.5 175.584
-107 40.5 163.85
-106.5 40.5 152.174
-106 40.5 140.505
-105.5 40.5 128.829
-105 40.5 117.175
-95 40.5 113.841
-94.5 40.5 124.667
-94 40.5 135.512
-93.5 40.5 146.387
-93 40.5 157.245
-92.5 40.5 168.124
-92 40.5 178.976
-91.5 40.5 189.828
-91 40.5 200.659
-90.5 40.5 211.503
-90 40.5 222.346
-89.5 40.5 233.237
-89 40.5 244.134
-88.5 40.5 255.064
-88 40.5 265.987
-87.5 40.5 276.921
-87 40.5 287.816
-86.5 40.5 298.648
-86 40.5 309.424
-85.5 40.5 320.169
-85 40.5 330.922
-84.5 40.5 341.75
-84 40.5 352.622
-83.5 40.5 363.548
-83 40.5 374.431
-82.5 40.5 385.249
-82 40.5 396.046
-81.5 40.5 406.951
-81 40.5 417.872
-119 41 438.105
-118.5 41 426.684
-118 41 415.292
-117.5 41 404.001
-117 41 392.71
-116.5 41 381.364
-116 41 369.989
-115.5 41 358.677
-115 41 347.363
-114.5 41 336.06
-114 41 324.734
-113.5 41 313.399
-113 41 302.059
-112.5 41 290.711
-112 41 279.401
-111.5 41 268.028
-111 41 256.663
-110.5 41 245.261
-110 41 233.869
-109.5 41 222.477
-109 41 211.065
-108.5 41 199.474
-108 41 187.872
-107.5 41 176.296
-107 41 164.804
-106.5 41 153.412
-106 41 142.093
-105.5 41 130.751
-105 41 119.486
-95 41 116.465
-94.5 41 127.033
-94 41 137.672
-93.5 41 148.298
-93 41 158.934
-92.5 41 169.602
-92 41 180.258
-91.5 41 190.93
-91 41 201.594
-90.5 41 212.282
-90 41 222.982
-89.5 41 233.731
-89 41 244.5
-88.5 41 255.289
-88 41 266.099
-87.5 41 276.905
-87 41 287.707
-86.5 41 298.409
-86 41 309.097
-85.5 41 319.733
-85 41 330.411
-84.5 41 341.153
-84 41 351.95
-83.5 41 362.809
-83 41 373.619
-82.5 41 384.403
-82 41 395.147
-81.5 41 406.061
-81 41 416.958
-119 41.5 437.836
-118.5 41.5 426.448
-118 41.5 415.086
-117.5 41.5 403.802
-117 41.5 392.524
-116.5 41.5 381.223
-116 41.5 369.885
-115.5 41.5 358.553
-115 41.5 347.216
-114.5 41.5 335.923
-114 41.5 324.605
-113.5 41.5 313.302
-113 41.5 301.982
-112.5 41.5 290.735
-112 41.5 279.501
-111.5 41.5 268.303
-111 41.5 257.078
-110.5 41.5 245.827
-110 41.5 234.564
-109.5 41.5 223.352
-109 41.5 212.104
-108.5 41.5 200.796
-108 41.5 189.459
-107.5 41.5 178.209
-107 41.5 167.034
-106.5 41.5 156.032
-106 41.5 145.12
-105.5 41.5 134.322
-105 41.5 123.619
-104.5 41.5 113.078
-95.5 41.5 110.672
-95 41.5 120.715
-94.5 41.5 130.918
-94 41.5 141.226
-93.5 41.5 151.587
-93 41.5 161.972
-92.5 41.5 172.369
-92 41.5 182.77
-91.5 41.5 193.205
-91 41.5 203.652
-90.5 41.5 214.137
-90 41.5 224.637
-89.5 41.5 235.186
-89 41.5 245.749
-88.5 41.5 256.343
-88 41.5 266.955
-87.5 41.5 277.599
-87 41.5 288.223
-86.5 41.5 298.819
-86 41.5 309.375
-85.5 41.5 319.956
-85 41.5 330.566
-84.5 41.5 341.27
-84 41.5 352.032
-83.5 41.5 362.853
-83 41.5 373.647
-82.5 41.5 384.363
-82 41.5 395.071
-81.5 41.5 405.854
-81 41.5 416.639
-119 42 438.273
-118.5 42 426.937
-118 42 415.613
-117.5 42 404.371
-117 42 393.141
-116.5 42 381.909
-116 42 370.64
-115.5 42 359.329
-115 42 348.009
-114.5 42 336.778
-114 42 325.498
-113.5 42 314.237
-113 42 302.921
-112.5 42 291.767
-112 42 280.595
-111.5 42 269.555
-111 42 258.48
-110.5 42 247.369
-110 42 236.26
-109.5 42 225.259
-109 42 214.249
-108.5 42 203.252
-108 42 192.253
-107.5 42 181.38
-107 42 170.594
-106.5 42 160.027
-106 42 149.602
-105.5 42 139.386
-105 42 129.354
-104.5 42 119.415
-95.5 42 116.931
-95 42 126.432
-94.5 42 136.157
-94 42 146.073
-93.5 42 156.088
-93 42 166.186
-92.5 42 176.252
-92 42 186.37
-91.5 42 196.52
-91 42 206.728
-90.5 42 216.963
-90 42 227.238
-89.5 42 237.54
-89 42 247.869
-88.5 42 258.217
-88 42 268.614
-87.5 42 279.075
-87 42 289.535
-86.5 42 300.001
-86 42 310.413
-85.5 42 320.903
-85 42 331.417
-84.5 42 342.042
-84 42 352.743
-83.5 42 363.491
-83 42 374.261
-82.5 42 384.844
-82 42 395.475
-81.5 42 406.104
-81 42 416.774
-119 42.5 439.304
-118.5 42.5 428.056
-118 42.5 416.816
-117.5 42.5 405.667
-117 42.5 394.544
-116.5 42.5 383.395
-116 42.5 372.211
-115.5 42.5 361.03
-115 42.5 349.852
-114.5 42.5 338.752
-114 42.5 327.616
-113.5 42.5 316.426
-113 42.5 305.21
-112.5 42.5 294.111
-112 42.5 283.035
-111.5 42.5 272.028
-111 42.5 261.015
-110.5 42.5 250.077
-110 42.5 239.171
-109.5 42.5 228.403
-109 42.5 217.67
-108.5 42.5 207.01
-108 42.5 196.402
-107.5 42.5 185.932
-107 42.5 175.59
-106.5 42.5 165.44
-106 42.5 155.482
-105.5 42.5 145.797
-105 42.5 136.343
-104.5 42.5 127.156
-104 42.5 118.316
-96 42.5 116.123
-95.5 42.5 124.577
-95 42.5 133.41
-94.5 42.5 142.593
-94 42.5 152.026
-93.5 42.5 161.636
-93 42.5 171.349
-92.5 42.5 181.096
-92 42.5 190.892
-91.5 42.5 200.768
-91 42.5 210.701
-90.5 42.5 220.695
-90 42.5 230.718
-89.5 42.5 240.763
-89 42.5 250.824
-88.5 42.5 260.925
-88 42.5 271.101
-87.5 42.5 281.423
-87 42.5 291.777
-86.5 42.5 302.098
-86 42.5 312.382
-85.5 42.5 322.677
-85 42.5 333.017
-84.5 42.5 343.464
-84 42.5 353.98
-83.5 42.5 364.55
-83 42.5 375.106
-82.5 42.5 385.598
-82 42.5 396.083
-81.5 42.5 406.605
-81 42.5 417.124
-119 43 440.809
-118.5 43 429.666
-118 43 418.541
-117.5 43 407.546
-117 43 396.595
-116.5 43 385.578
-116 43 374.534
-115.5 43 363.537
-115 43 352.539
-114.5 43 341.631
-114 43 330.69
-113.5 43 319.604
-113 43 308.511
-112.5 43 297.514
-112 43 286.56
-111.5 43 275.602
-111 43 264.666
-110.5 43 253.902
-110 43 243.198
-109.5 43 232.663
-109 43 222.219
-108.5 43 211.874
-108 43 201.667
-107.5 43 191.596
-107 43 181.734
-106.5 43 172.01
-106 43 162.548
-105.5 43 153.389
-105 43 144.554
-104.5 43 136.089
-104 43 128.043
-103.5 43 120.518
-103 43 113.559
-97 43 111.772
-96.5 43 118.427
-96 43 125.658
-95.5 43 133.366
-95 43 141.508
-94.5 43 150.104
-94 43 159.019
-93.5 43 168.168
-93 43 177.483
-92.5 43 186.862
-92 43 196.325
-91.5 43 205.894
-91 43 215.543
-90.5 43 225.259
-90 43 235.025
-89.5 43 244.783
-89 43 254.58
-88.5 43 264.402
-88 43 274.344
-87.5 43 284.516
-87 43 294.769
-86.5 43 304.897
-86 43 315.034
-85.5 43 325.086
-85 43 335.231
-84.5 43 345.461
-84 43 355.773
-83.5 43 366.122
-83 43 376.457
-82.5 43 386.798
-82 43 397.117
-81.5 43 407.517
-81 43 417.895
-119 43.5 442.569
-118.5 43.5 431.633
-118 43.5 420.697
-117.5 43.5 409.889
-117 43.5 399.123
-116.5 43.5 388.341
-116 43.5 377.541
-115.5 43.5 366.749
-115 43.5 355.967
-114.5 43.5 345.194
-114 43.5 334.393
-113.5 43.5 323.497
-113 43.5 312.591
-112.5 43.5 301.745
-112 43.5 290.937
-111.5 43.5 280.166
-111 43.5 269.437
-110.5 43.5 258.818
-110 43.5 248.304
-109.5 43.5 237.937
-109 43.5 227.717
-108.5 43.5 217.655
-108 43.5 207.783
-107.5 43.5 198.128
-107 43.5 188.707
-106.5 43.5 179.526
-106 43.5 170.614
-105.5 43.5 162.037
-105 43.5 153.819
-104.5 43.5 146.084
-104 43.5 138.782
-103.5 43.5 131.97
-103 43.5 125.683
-102.5 43.5 120.034
-102 43.5 115.13
-98 43.5 113.647
-97.5 43.5 118.197
-97 43.5 123.528
-96.5 43.5 129.509
-96 43.5 136.066
-95.5 43.5 143.123
-95 43.5 150.637
-94.5 43.5 158.606
-94 43.5 166.944
-93.5 43.5 175.621
-93 43.5 184.506
-92.5 43.5 193.527
-92 43.5 202.647
-91.5 43.5 211.887
-91 43.5 221.208
-90.5 43.5 230.614
-90 43.5 240.066
-89.5 43.5 249.546
-89 43.5 259.061
-88.5 43.5 268.637
-88 43.5 278.339
-87.5 43.5 288.273
-87 43.5 298.271
-86.5 43.5 308.197
-86 43.5 318.082
-85.5 43.5 327.982
-85 43.5 337.94
-84.5 43.5 348.015
-84 43.5 358.159
-83.5 43.5 368.326
-83 43.5 378.493
-82.5 43.5 388.662
-82 43.5 398.821
-81.5 43.5 409.028
-81 43.5 419.217
-119 44 444.634
-118.5 44 433.897
-118 44 423.16
-117.5 44 412.564
-117 44 402.017
-116.5 44 391.457
-116 44 380.916
-115.5 44 370.314
-115 44 359.763
-114.5 44 349.124
-114 44 338.516
-113.5 44 327.809
-113 44 317.148
-112.5 44 306.485
-112 44 295.9
-111.5 44 285.333
-111 44 274.865
-110.5 44 264.387
-110 44 254.094
-109.5 44 243.888
-109 44 233.933
-108.5 44 224.147
-108 44 214.649
-107.5 44 205.416
-107 44 196.495
-106.5 44 187.875
-106 44 179.557
-105.5 44 171.547
-105 44 163.937
-104.5 44 156.867
-104 44 150.259
-103.5 44 144.028
-103 44 138.324
-102.5 44 133.146
-102 44 128.704
-101.5 44 125.026
-101 44 122.252
-100.5 44 120.446
-100 44 119.686
-99.5 44 120.004
-99 44 121.378
-98.5 44 123.668
-98 44 126.873
-97.5 44 130.917
-97 44 135.733
-96.5 44 141.136
-96 44 147.138
-95.5 44 153.619
-95 44 160.569
-94.5 44 167.952
-94 44 175.728
-93.5 44 183.94
-93 44 192.403
-92.5 44 201.039
-92 44 209.796
-91.5 44 218.672
-91 44 227.647
-90.5 44 236.707
-90 44 245.847
-89.5 44 255.029
-89 44 264.275
-88.5 44 273.582
-88 44 283.018
-87.5 44 292.702
-87 44 302.452
-86.5 44 312.127
-86 44 321.756
-85.5 44 331.476
-85 44 341.234
-84.5 44 351.141
-84 44 361.128
-83.5 44 371.106
-83 44 381.129
-82.5 44 391.127
-82 44 401.13
-81.5 44 411.139
-81 44 421.119
-119 44.5 446.937
-118.5 44.5 436.429
-118 44.5 425.922
-117.5 44.5 415.493
-117 44.5 405.118
-116.5 44.5 394.725
-116 44.5 384.339
-115.5 44.5 373.936
-115 44.5 363.543
-114.5 44.5 353.129
-114 44.5 342.715
-113.5 44.5 332.292
-113 44.5 321.883
-112.5 44.5 311.487
-112 44.5 301.127
-111.5 44.5 290.789
-111 44.5 280.504
-110.5 44.5 270.244
-110 44.5 260.137
-109.5 44.5 250.239
-109 44.5 240.587
-108.5 44.5 231.196
-108 44.5 222.111
-107.5 44.5 213.402
-107 44.5 205.022
-106.5 44.5 196.995
-106 44.5 189.256
-105.5 44.5 181.822
-105 44.5 174.777
-104.5 44.5 168.261
-104 44.5 162.173
-103.5 44.5 156.439
-103 44.5 151.154
-102.5 44.5 146.412
-102 44.5 142.326
-101.5 44.5 139.002
-101 44.5 136.467
-100.5 44.5 134.774
-100 44.5 133.993
-99.5 44.5 134.219
-99 44.5 135.377
-98.5 44.5 137.384
-98 44.5 140.207
-97.5 44.5 143.803
-97 44.5 148.117
-96.5 44.5 153.099
-96 44.5 158.653
-95.5 44.5 164.679
-95 44.5 171.154
-94.5 44.5 178.051
-94 44.5 185.359
-93.5 44.5 193.09
-93 44.5 201.117
-92.5 44.5 209.349
-92 44.5 217.721
-91.5 44.5 226.204
-91 44.5 234.788
-90.5 44.5 243.499
-90 44.5 252.304
-89.5 44.5 261.204
-89 44.5 270.184
-88.5 44.5 279.259
-88 44.5 288.462
-87.5 44.5 297.856
-87 44.5 307.332
-86.5 44.5 316.808
-86 44.5 326.268
-85.5 44.5 335.732
-85 44.5 345.24
-84.5 44.5 354.884
-84 44.5 364.603
-83.5 44.5 374.405
-83 44.5 384.246
-82.5 44.5 394.16
-82 44.5 404.059
-81.5 44.5 413.877
-81 44.5 423.655
-119 45 449.372
-118.5 45 439.039
-118 45 428.758
-117.5 45 418.48
-117 45 408.305
-116.5 45 398.05
-116 45 387.848
-115.5 45 377.626
-115 45 367.438
-114.5 45 357.247
-114 45 347.075
-113.5 45 336.915
-113 45 326.8
-112.5 45 316.66
-112 45 306.581
-111.5 45 296.463
-111 45 286.44
-110.5 45 276.42
-110 45 266.597
-109.5 45 257.071
-109 45 247.815
-108.5 45 238.862
-108 45 230.243
-107.5 45 222.08
-107 45 214.254
-106.5 45 206.789
-106 45 199.61
-105.5 45 192.664
-105 45 186.113
-104.5 45 180.069
-104 45 174.457
-103.5 45 169.095
-103 45 164.187
-102.5 45 159.796
-102 45 156.04
-101.5 45 153.018
-101 45 150.714
-100.5 45 149.077
-100 45 148.257
-99.5 45 148.382
-99 45 149.37
-98.5 45 151.12
-98 45 153.635
-97.5 45 156.837
-97 45 160.727
-96.5 45 165.347
-96 45 170.538
-95.5 45 176.161
-95 45 182.236
-94.5 45 188.701
-94 45 195.579
-93.5 45 202.867
-93 45 210.482
-92.5 45 218.312
-92 45 226.313
-91.5 45 234.397
-91 45 242.595
-90.5 45 250.954
-90 45 259.432
-89.5 45 268.04
-89 45 276.757
-88.5 45 285.578
-88 45 294.534
-87.5 45 303.63
-87 45 312.845
-86.5 45 322.107
-86 45 331.413
-85.5 45 340.608
-85 45 349.869
-84.5 45 359.255
-84 45 368.711
-83.5 45 378.308
-83 45 387.935
-82.5 45 397.722
-82 45 407.514
-81.5 45 417.119
-81 45 426.695
-119 45.5 451.726
-118.5 45.5 441.59
-118 45.5 431.461
-117.5 45.5 421.393
-117 45.5 411.38
-116.5 45.5 401.39
-116 45.5 391.413
-115.5 45.5 381.457
-115 45.5 371.503
-114.5 45.5 361.58
-114 45.5 351.647
-113.5 45.5 341.723
-113 45.5 331.821
-112.5 45.5 321.977
-112 45.5 312.164
-111.5 45.5 302.332
-111 45.5 292.579
-110.5 45.5 283.002
-110 45.5 273.625
-109.5 45.5 264.534
-109 45.5 255.721
-108.5 45.5 247.27
-108 45.5 239.174
-107.5 45.5 231.529
-107 45.5 224.216
-106.5 45.5 217.196
-106 45.5 210.441
-105.5 45.5 203.95
-105 45.5 197.825
-104.5 45.5 192.164
-104 45.5 186.881
-103.5 45.5 181.911
-103 45.5 177.345
-102.5 45.5 173.318
-102 45.5 169.874
-101.5 45.5 167.095
-101 45.5 164.939
-100.5 45.5 163.395
-100 45.5 162.556
-99.5 45.5 162.547
-99 45.5 163.325
-98.5 45.5 164.866
-98 45.5 167.125
-97.5 45.5 170.048
-97 45.5 173.624
-96.5 45.5 177.862
-96 45.5 182.655
-95.5 45.5 187.936
-95 45.5 193.65
-94.5 45.5 199.749
-94 45.5 206.237
-93.5 45.5 213.107
-93 45.5 220.306
-92.5 45.5 227.781
-92 45.5 235.436
-91.5 45.5 243.18
-91 45.5 251.039
-90.5 45.5 259.058
-90 45.5 267.207
-89.5 45.5 275.511
-89 45.5 283.929
-88.5 45.5 292.488
-88 45.5 301.161
-87.5 45.5 309.942
-87 45.5 318.839
-86.5 45.5 327.864
-86 45.5 336.943
-85.5 45.5 345.983
-85 45.5 355.083
-84.5 45.5 364.305
-84 45.5 373.605
-83.5 45.5 382.941
-83 45.5 392.326
-82.5 45.5 401.781
-82 45.5 411.272
-81.5 45.5 420.724
-81 45.5 430.167
-119 46 454.295
-118.5 46 444.321
-118 46 434.36
-117.5 46 424.517
-117 46 414.713
-116.5 46 405.003
-116 46 395.292
-115.5 46 385.616
-115 46 375.919
-114.5 46 366.261
-114 46 356.576
-113.5 46 346.861
-113 46 337.174
-112.5 46 327.628
-112 46 318.143
-111.5 46 308.629
-111 46 299.227
-110.5 46 290.167
-110 46 281.296
-109.5 46 272.682
-109 46 264.329
-108.5 46 256.377
-108 46 248.772
-107.5 46 241.602
-107 46 234.745
-106.5 46 228.084
-106 46 221.708
-105.5 46 215.587
-105 46 209.842
-104.5 46 204.525
-104 46 199.573
-103.5 46 194.921
-103 46 190.668
-102.5 46 186.953
-102 46 183.79
-101.5 46 181.21
-101 46 179.208
-100.5 46 177.712
-100 46 176.848
-99.5 46 176.699
-99 46 177.283
-98.5 46 178.619
-98 46 180.675
-97.5 46 183.353
-97 46 186.668
-96.5 46 190.561
-96 46 194.997
-95.5 46 199.946
-95 46 205.336
-94.5 46 211.08
-94 46 217.213
-93.5 46 223.69
-93 46 230.508
-92.5 46 237.652
-92 46 245.01
-91.5 46 252.433
-91 46 259.996
-90.5 46 267.717
-90 46 275.566
-89.5 46 283.58
-89 46 291.691
-88.5 46 299.969
-88 46 308.348
-87.5 46 316.796
-87 46 325.362
-86.5 46 334.129
-86 46 342.988
-85.5 46 351.841
-85 46 360.789
-84.5 46 369.851
-84 46 379.01
-83.5 46 388.048
-83 46 397.172
-82.5 46 406.254
-82 46 415.425
-81.5 46 424.682
-81 46 434.004
-119 46.5 457.251
-118.5 46.5 447.49
-118 46.5 437.771
-117.5 46.5 428.173
-117 46.5 418.634
-116.5 46.5 409.171
-116 46.5 399.728
-115.5 46.5 390.315
-115 46.5 380.89
-114.5 46.5 371.446
-114 46.5 361.979
-113.5 46.5 352.501
-113 46.5 343.073
-112.5 46.5 333.787
-112 46.5 324.608
-111.5 46.5 315.574
-111 46.5 306.704
-110.5 46.5 298.125
-110 46.5 289.754
-109.5 46.5 281.598
-109 46.5 273.707
-108.5 46.5 266.202
-108 46.5 259.033
-107.5 46.5 252.201
-107 46.5 245.651
-106.5 46.5 239.313
-106 46.5 233.253
-105.5 46.5 227.523
-105 46.5 222.144
-104.5 46.5 217.174
-104 46.5 212.526
-103.5 46.5 208.175
-103 46.5 204.199
-102.5 46.5 200.731
-102 46.5 197.775
-101.5 46.5 195.358
-101 46.5 193.448
-100.5 46.5 192.042
-100 46.5 191.164
-99.5 46.5 190.876
-99 46.5 191.247
-98.5 46.5 192.376
-98 46.5 194.206
-97.5 46.5 196.7
-97 46.5 199.791
-96.5 46.5 203.411
-96 46.5 207.535
-95.5 46.5 212.144
-95 46.5 217.179
-94.5 46.5 222.601
-94 46.5 228.397
-93.5 46.5 234.541
-93 46.5 241.026
-92.5 46.5 247.816
-92 46.5 254.847
-91.5 46.5 262.022
-91 46.5 269.369
-90.5 46.5 276.859
-90 46.5 284.497
-89.5 46.5 292.233
-89 46.5 300.073
-88.5 46.5 308.009
-88 46.5 316.053
-87.5 46.5 324.231
-87 46.5 332.524
-86.5 46.5 340.967
-86 46.5 349.502
-85.5 46.5 358.185
-85 46.5 366.936
-84.5 46.5 375.762
-84 46.5 384.604
-83.5 46.5 393.426
-83 46.5 402.251
-82.5 46.5 411.107
-82 46.5 419.994
-81.5 46.5 428.968
-81 46.5 437.992
-119 47 460.749
-118.5 47 451.228
-118 47 441.765
-117.5 47 432.435
-117 47 423.148
-116.5 47 413.916
-116 47 404.712
-115.5 47 395.536
-115 47 386.371
-114.5 47 377.13
-114 47 367.902
-113.5 47 358.678
-113 47 349.54
-112.5 47 340.563
-112 47 331.729
-111.5 47 323.198
-111 47 314.847
-110.5 47 306.749
-110 47 298.86
-109.5 47 291.124
-109 47 283.651
-108.5 47 276.547
-108 47 269.752
-107.5 47 263.191
-107 47 256.92
-106.5 47 250.856
-106 47 245.111
-105.5 47 239.752
-105 47 234.727
-104.5 47 230.081
-104 47 225.728
-103.5 47 221.615
-103 47 217.868
-102.5 47 214.596
-102 47 211.82
-101.5 47 209.527
-101 47 207.725
-100.5 47 206.381
-100 47 205.505
-99.5 47 205.065
-99 47 205.227
-98.5 47 206.154
-98 47 207.777
-97.5 47 210.088
-97 47 212.991
-96.5 47 216.352
-96 47 220.201
-95.5 47 224.486
-95 47 229.191
-94.5 47 234.288
-94 47 239.766
-93.5 47 245.579
-93 47 251.75
-92.5 47 258.196
-92 47 264.922
-91.5 47 271.839
-91 47 278.993
-90.5 47 286.272
-90 47 293.75
-89.5 47 301.248
-89 47 308.87
-88.5 47 316.511
-88 47 324.27
-87.5 47 332.241
-87 47 340.306
-86.5 47 348.476
-86 47 356.687
-85.5 47 365.2
-85 47 373.714
-84.5 47 382.288
-84 47 390.813
-83.5 47 399.423
-83 47 407.977
-82.5 47 416.653
-82 47 425.277
-81.5 47 433.985
-81 47 442.687
-119 47.5 464.894
-118.5 47.5 455.671
-118 47.5 446.494
-117.5 47.5 437.395
-117 47.5 428.31
-116.5 47.5 419.258
-116 47.5 410.227
-115.5 47.5 401.249
-115 47.5 392.267
-114.5 47.5 383.281
-114 47.5 374.305
-113.5 47.5 365.419
-113 47.5 356.64
-112.5 47.5 348.064
-112 47.5 339.67
-111.5 47.5 331.544
-111 47.5 323.626
-110.5 47.5 315.916
-110 47.5 308.414
-109.5 47.5 301.12
-109 47.5 294.062
-108.5 47.5 287.277
-108 47.5 280.741
-107.5 47.5 274.434
-107 47.5 268.393
-106.5 47.5 262.679
-106 47.5 257.298
-105.5 47.5 252.321
-105 47.5 247.649
-104.5 47.5 243.242
-104 47.5 239.083
-103.5 47.5 235.196
-103 47.5 231.65
-102.5 47.5 228.531
-102 47.5 225.874
-101.5 47.5 223.729
-101 47.5 222.022
-100.5 47.5 220.737
-100 47.5 219.826
-99.5 47.5 219.295
-99 47.5 219.303
-98.5 47.5 220.025
-98 47.5 221.434
-97.5 47.5 223.529
-97 47.5 226.194
-96.5 47.5 229.348
-96 47.5 232.945
-95.5 47.5 236.962
-95 47.5 241.363
-94.5 47.5 246.135
-94 47.5 251.263
-93.5 47.5 256.766
-93 47.5 262.597
-92.5 47.5 268.741
-92 47.5 275.138
-91.5 47.5 281.782
-91 47.5 288.645
-90.5 47.5 295.759
-90 47.5 303.036
-89.5 47.5 310.404
-89 47.5 317.858
-88.5 47.5 325.369
-88 47.5 333.005
-87.5 47.5 340.815
-87 47.5 348.752
-86.5 47.5 356.765
-86 47.5 364.865
-85.5 47.5 373.068
-85 47.5 381.333
-84.5 47.5 389.641
-84 47.5 397.972
-83.5 47.5 406.344
-83 47.5 414.737
-82.5 47.5 423.21
-82 47.5 431.678
-81.5 47.5 440.146
-81 47.5 448.668
-119 48 469.834
-118.5 48 460.929
-118 48 451.979
-117.5 48 443.067
-117 48 434.123
-116.5 48 425.221
-116 48 416.331
-115.5 48 407.546
-115 48 398.743
-114.5 48 390.011
-114 48 381.291
-113.5 48 372.755
-113 48 364.332
-112.5 48 356.161
-112 48 348.169
-111.5 48 340.403
-111 48 332.854
-110.5 48 325.476
-110 48 318.334
-109.5 48 311.44
-109 48 304.78
-108.5 48 298.296
-108 48 292.025
-107.5 48 285.965
-107 48 280.159
-106.5 48 274.786
-106 48 269.745
-105.5 48 265.122
-105 48 260.78
-104.5 48 256.561
-104 48 252.577
-103.5 48 248.872
-103 48 245.502
-102.5 48 242.51
-102 48 239.971
-101.5 48 237.965
-101 48 236.364
-100.5 48 235.111
-100 48 234.181
-99.5 48 233.531
-99 48 233.393
-98.5 48 233.938
-98 48 235.155
-97.5 48 237.053
-97 48 239.503
-96.5 48 242.452
-96 48 245.822
-95.5 48 249.594
-95 48 253.725
-94.5 48 258.2
-94 48 263.001
-93.5 48 268.221
-93 48 273.734
-92.5 48 279.607
-92 48 285.688
-91.5 48 292.051
-91 48 298.592
-90.5 48 305.524
-90 48 312.585
-89.5 48 319.795
-89 48 327.09
-88.5 48 334.48
-88 48 342.012
-87.5 48 349.69
-87 48 357.529
-86.5 48 365.414
-86 48 373.434
-85.5 48 381.37
-85 48 389.42
-84.5 48 397.517
-84 48 405.705
-83.5 48 413.909
-83 48 422.178
-82.5 48 430.526
-82 48 438.897
-81.5 48 447.191
-81 48 455.526
-119 48.5 475.908
-118.5 48.5 467.117
-118 48.5 458.305
-117.5 48.5 449.424
-117 48.5 440.561
-116.5 48.5 431.792
-116 48.5 423.105
-115.5 48.5 414.488
-115 48.5 405.917
-114.5 48.5 397.396
-114 48.5 388.966
-113.5 48.5 380.708
-113 48.5 372.627
-112.5 48.5 364.755
-112 48.5 357.079
-111.5 48.5 349.58
-111 48.5 342.302
-110.5 48.5 335.266
-110 48.5 328.483
-109.5 48.5 321.954
-109 48.5 315.646
-108.5 48.5 309.508
-108 48.5 303.562
-107.5 48.5 297.81
-107 48.5 292.33
-106.5 48.5 287.226
-106 48.5 282.471
-105.5 48.5 278.071
-105 48.5 273.926
-104.5 48.5 269.932
-104 48.5 266.14
-103.5 48.5 262.598
-103 48.5 259.373
-102.5 48.5 256.544
-102 48.5 254.156
-101.5 48.5 252.278
-101 48.5 250.762
-100.5 48.5 249.489
-100 48.5 248.473
-99.5 48.5 247.746
-99 48.5 247.495
-98.5 48.5 247.91
-98 48.5 248.981
-97.5 48.5 250.704
-97 48.5 252.972
-96.5 48.5 255.703
-96 48.5 258.852
-95.5 48.5 262.394
-95 48.5 266.299
-94.5 48.5 270.543
-94 48.5 275.128
-93.5 48.5 280.07
-93 48.5 285.343
-92.5 48.5 290.945
-92 48.5 296.801
-91.5 48.5 302.868
-91 48.5 309.169
-90.5 48.5 315.777
-90 48.5 322.571
-89.5 48.5 329.48
-89 48.5 336.521
-88.5 48.5 343.739
-88 48.5 351.113
-87.5 48.5 358.611
-87 48.5 366.247
-86.5 48.5 373.995
-86 48.5 381.835
-85.5 48.5 389.671
-85 48.5 397.582
-84.5 48.5 405.567
-84 48.5 413.651
-83.5 48.5 421.802
-83 48.5 430.027
-82.5 48.5 438.279
-82 48.5 446.569
-81.5 48.5 454.857
-81 48.5 463.181
-119 49 482.341
-118.5 49 473.657
-118 49 464.974
-117.5 49 456.095
-117 49 447.297
-116.5 49 438.667
-116 49 430.188
-115.5 49 421.742
-115 49 413.414
-114.5 49 405.093
-114 49 396.938
-113.5 49 388.937
-113 49 381.17
-112.5 49 373.561
-112 49 366.179
-111.5 49 358.907
-111 49 351.887
-110.5 49 345.17
-110 49 338.736
-109.5 49 332.548
-109 49 326.596
-108.5 49 320.796
-108 49 315.205
-107.5 49 309.764
-107 49 304.61
-106.5 49 299.764
-106 49 295.265
-105.5 49 291.057
-105 49 287.108
-104.5 49 283.304
-104 49 279.712
-103.5 49 276.322
-103 49 273.247
-102.5 49 270.566
-102 49 268.314
-101.5 49 266.555
-101 49 265.138
-100.5 49 263.813
-100 49 262.74
-99.5 49 261.92
-99 49 261.564
-98.5 49 261.88
-98 49 262.825
-97.5 49 264.392
-97 49 266.497
-96.5 49 269.005
-96 49 271.944
-95.5 49 275.264
-95 49 278.969
-94.5 49 283.001
-94 49 287.395
-93.5 49 292.083
-93 49 297.131
-92.5 49 302.488
-92 49 308.14
-91.5 49 313.91
-91 49 319.953
-90.5 49 326.241
-90 49 332.756
-89.5 49 339.322
-89 49 346.071
-88.5 49 353.084
-88 49 360.276
-87.5 49 367.556
-87 49 374.973
-86.5 49 382.561
-86 49 390.245
-85.5 49 397.982
-85 49 405.795
-84.5 49 413.699
-84 49 421.713
-83.5 49 429.835
-83 49 438.046
-82.5 49 446.217
-82 49 454.46
-81.5 49 462.759
-81 49 471.107
