-119 25 1.53334
-118.5 25 0.875515
-118 25 0.292962
-117.5 25 -0.138888
-117 25 -0.0793892
-116.5 25 0.0726612
-116 25 -0.443641
-115.5 25 -1.19936
-115 25 -1.70354
-114.5 25 -2.06316
-114 25 -1.95654
-113.5 25 -1.58976
-113 25 -1.71272
-112.5 25 -2.03753
-112 25 -2.10357
-111.5 25 -1.87473
-111 25 -1.25105
-110.5 25 -0.508038
-110 25 0.0305431
-109.5 25 0.522753
-109 25 1.1268
-108.5 25 1.71683
-108 25 2.21685
-107.5 25 2.43552
-107 25 2.16748
-106.5 25 1.79595
-106 25 1.74178
-105.5 25 1.41641
-105 25 0.183403
-104.5 25 -1.03024
-104 25 -1.24209
-103.5 25 -1.1806
-103 25 -1.5038
-102.5 25 -1.6923
-102 25 -1.33589
-101.5 25 -0.399376
-101 25 1.22798
-100.5 25 2.90871
-100 25 2.49729
-99.5 25 10.4072
-99 25 25.5262
-98.5 25 31.0668
-98 25 19.2698
-97.5 25 -3.87954
-97 25 -7.48265
-96.5 25 -3.23258
-96 25 -13.5941
-95.5 25 -19.2946
-95 25 -7.40395
-94.5 25 5.53352
-94 25 4.86331
-93.5 25 -3.27333
-93 25 -2.82835
-92.5 25 0.347554
-92 25 2.09462
-91.5 25 3.14884
-91 25 3.88203
-90.5 25 4.04949
-90 25 3.17246
-89.5 25 2.20478
-89 25 1.58122
-88.5 25 1.5179
-88 25 4.72956
-87.5 25 5.03353
-87 25 -3.49591
-86.5 25 -12.336
-86 25 -11.5215
-85.5 25 -7.94658
-85 25 -6.77147
-84.5 25 -6.84188
-84 25 -7.41167
-83.5 25 -8.14927
-83 25 -9.10191
-82.5 25 -9.16555
-82 25 -7.05072
-81.5 25 -5.12088
-81 25 -5.19371
-119 25.5 2.12238
-118.5 25.5 1.59313
-118 25.5 0.985273
-117.5 25.5 0.431223
-117 25.5 0.0998823
-116.5 25.5 0.1509
-116 25.5 0.156474
-115.5 25.5 -0.359978
-115 25.5 -0.988723
-114.5 25.5 -1.5673
-114 25.5 -2.04538
-113.5 25.5 -1.90177
-113 25.5 -1.49613
-112.5 25.5 -1.60929
-112 25.5 -2.0036
-111.5 25.5 -2.04761
-111 25.5 -1.51214
-110.5 25.5 -0.788632
-110 25.5 -0.13997
-109.5 25.5 0.40634
-109 25.5 0.995556
-108.5 25.5 1.61644
-108 25.5 2.24083
-107.5 25.5 2.55296
-107 25.5 2.34712
-106.5 25.5 2.01652
-106 25.5 1.9631
-105.5 25.5 1.63112
-105 25.5 0.51721
-104.5 25.5 -0.68083
-104 25.5 -1.17037
-103.5 25.5 -1.27516
-103 25.5 -1.4802
-102.5 25.5 -1.64834
-102 25.5 -1.49715
-101.5 25.5 -0.669656
-101 25.5 1.06463
-100.5 25.5 2.69588
-100 25.5 3.46334
-99.5 25.5 10.1777
-99 25.5 25.9098
-98.5 25.5 32.9135
-98 25.5 14.8724
-97.5 25.5 -9.48102
-97 25.5 -11.4242
-96.5 25.5 -7.22991
-96 25.5 -10.7387
-95.5 25.5 -12.8634
-95 25.5 -2.00785
-94.5 25.5 8.58765
-94 25.5 3.83765
-93.5 25.5 -3.74348
-93 25.5 -3.28158
-92.5 25.5 0.246272
-92 25.5 2.40887
-91.5 25.5 3.47728
-91 25.5 3.89187
-90.5 25.5 3.70766
-90 25.5 2.99929
-89.5 25.5 2.66671
-89 25.5 2.86144
-88.5 25.5 3.85236
-88 25.5 4.89763
-87.5 25.5 0.548595
-87 25.5 -8.11188
-86.5 25.5 -14.7128
-86 25.5 -12.7279
-85.5 25.5 -8.39046
-85 25.5 -6.971
-84.5 25.5 -7.35369
-84 25.5 -8.30093
-83.5 25.5 -9.29453
-83 25.5 -9.63932
-82.5 25.5 -8.58587
-82 25.5 -6.52363
-81.5 25.5 -5.19644
-81 25.5 -5.6896
-119 26 2.22361
-118.5 26 2.06222
-118 26 1.6396
-117.5 26 1.09203
-117 26 0.502422
-116.5 26 0.083092
-116 26 0.160689
-115.5 26 0.209655
-115 26 -0.213754
-114.5 26 -0.794758
-114 26 -1.65079
-113.5 26 -2.2595
-113 26 -1.79788
-112.5 26 -1.31312
-112 26 -1.78534
-111.5 26 -2.28107
-111 26 -1.94727
-110.5 26 -1.23344
-110 26 -0.535605
-109.5 26 0.117426
-109 26 0.702989
-108.5 26 1.34396
-108 26 2.1263
-107.5 26 2.65555
-107 26 2.47202
-106.5 26 2.10755
-106 26 2.15209
-105.5 26 1.95552
-105 26 0.837164
-104.5 26 -0.432373
-104 26 -1.07886
-103.5 26 -1.33953
-103 26 -1.47827
-102.5 26 -1.56476
-102 26 -1.66679
-101.5 26 -1.01786
-101 26 1.20679
-100.5 26 3.58329
-100 26 4.36396
-99.5 26 9.79226
-99 26 26.389
-98.5 26 28.108
-98 26 9.85093
-97.5 26 -11.6052
-97 26 -14.8019
-96.5 26 -7.87599
-96 26 -6.73822
-95.5 26 -4.24256
-95 26 4.29005
-94.5 26 8.59791
-94 26 0.862194
-93.5 26 -6.25619
-93 26 -3.41295
-92.5 26 1.17758
-92 26 3.19886
-91.5 26 3.91599
-91 26 3.88009
-90.5 26 3.29842
-90 26 2.7388
-89.5 26 2.71989
-89 26 3.10248
-88.5 26 3.40354
-88 26 0.306447
-87.5 26 -5.7976
-87 26 -13.2244
-86.5 26 -17.4793
-86 26 -12.6816
-85.5 26 -7.53624
-85 26 -7.03324
-84.5 26 -8.11928
-84 26 -9.40108
-83.5 26 -10.1501
-83 26 -9.38393
-82.5 26 -7.88235
-82 26 -6.30087
-81.5 26 -5.73779
-81 26 -7.22035
-119 26.5 2.04737
-118.5 26.5 2.03505
-118 26.5 2.02565
-117.5 26.5 1.70088
-117 26.5 1.10912
-116.5 26.5 0.499185
-116 26.5 0.106199
-115.5 26.5 0.142838
-115 26.5 0.156846
-114.5 26.5 -0.227481
-114 26.5 -0.949285
-113.5 26.5 -1.7737
-113 26.5 -2.03495
-112.5 26.5 -1.72053
-112 26.5 -1.67742
-111.5 26.5 -2.05377
-111 26.5 -2.25957
-110.5 26.5 -1.86421
-110 26.5 -1.09185
-109.5 26.5 -0.311821
-109 26.5 0.300905
-108.5 26.5 0.991796
-108 26.5 1.86008
-107.5 26.5 2.51958
-107 26.5 2.5696
-106.5 26.5 2.36726
-106 26.5 2.32479
-105.5 26.5 2.06879
-105 26.5 1.13475
-104.5 26.5 -0.0456077
-104 26.5 -0.950576
-103.5 26.5 -1.42605
-103 26.5 -1.51154
-102.5 26.5 -1.56834
-102 26.5 -1.77861
-101.5 26.5 -1.14494
-101 26.5 1.20705
-100.5 26.5 3.89541
-100 26.5 6.02963
-99.5 26.5 11.5317
-99 26.5 21.1067
-98.5 26.5 20.0612
-98 26.5 6.39486
-97.5 26.5 -8.87915
-97 26.5 -13.0623
-96.5 26.5 -9.51016
-96 26.5 -2.65942
-95.5 26.5 4.91671
-95 26.5 6.97951
-94.5 26.5 1.90237
-94 26.5 -3.07127
-93.5 26.5 -4.05962
-93 26.5 -1.07224
-92.5 26.5 2.38379
-92 26.5 4.03923
-91.5 26.5 4.32601
-91 26.5 3.71158
-90.5 26.5 2.58849
-90 26.5 2.16383
-89.5 26.5 2.14015
-89 26.5 1.82991
-88.5 26.5 0.460035
-88 26.5 -5.28386
-87.5 26.5 -12.1203
-87 26.5 -15.553
-86.5 26.5 -14.3109
-86 26.5 -10.2557
-85.5 26.5 -7.56887
-85 26.5 -7.84381
-84.5 26.5 -9.34931
-84 26.5 -10.1929
-83.5 26.5 -9.90574
-83 26.5 -8.71127
-82.5 26.5 -7.40806
-82 26.5 -6.86274
-81.5 26.5 -7.7461
-81 26.5 -9.13809
-119 27 1.88638
-118.5 27 1.78705
-118 27 1.9857
-117.5 27 2.11926
-117 27 1.75459
-116.5 27 1.16547
-116 27 0.544913
-115.5 27 0.0996556
-115 27 0.111732
-114.5 27 0.0751786
-114 27 -0.456911
-113.5 27 -1.16822
-113 27 -1.7474
-112.5 27 -1.95924
-112 27 -1.79477
-111.5 27 -1.78451
-111 27 -2.23259
-110.5 27 -2.38012
-110 27 -1.68343
-109.5 27 -0.75347
-109 27 -0.121542
-108.5 27 0.527632
-108 27 1.51003
-107.5 27 2.38058
-107 27 2.61117
-106.5 27 2.53855
-106 27 2.53175
-105.5 27 2.2936
-105 27 1.45555
-104.5 27 0.323358
-104 27 -0.780456
-103.5 27 -1.51439
-103 27 -1.50138
-102.5 27 -1.41034
-102 27 -1.92414
-101.5 27 -1.58654
-101 27 1.1705
-100.5 27 4.20967
-100 27 6.06737
-99.5 27 9.37226
-99 27 13.3536
-98.5 27 12.2004
-98 27 4.14849
-97.5 27 -4.06165
-97 27 -8.92966
-96.5 27 -8.96358
-96 27 3.37486
-95.5 27 13.185
-95 27 5.48946
-94.5 27 -5.83539
-94 27 -5.20768
-93.5 27 -1.16182
-93 27 1.75371
-92.5 27 4.03614
-92 27 4.67706
-91.5 27 4.35401
-91 27 3.0501
-90.5 27 1.89364
-90 27 2.26838
-89.5 27 2.21974
-89 27 1.55965
-88.5 27 -1.87284
-88 27 -10.048
-87.5 27 -16.3203
-87 27 -14.2062
-86.5 27 -9.81897
-86 27 -8.10329
-85.5 27 -7.74308
-85 27 -9.18086
-84.5 27 -10.667
-84 27 -10.3966
-83.5 27 -9.43358
-83 27 -8.23452
-82.5 27 -7.48317
-82 27 -8.32449
-81.5 27 -9.69485
-81 27 -10.0661
-119 27.5 1.78157
-118.5 27.5 1.64224
-118 27.5 1.74142
-117.5 27.5 2.02106
-117 27.5 2.13496
-116.5 27.5 1.80871
-116 27.5 1.24551
-115.5 27.5 0.620833
-115 27.5 0.162377
-114.5 27.5 0.0339136
-114 27.5 -0.180896
-113.5 27.5 -0.690612
-113 27.5 -1.30638
-112.5 27.5 -1.74656
-112 27.5 -1.83085
-111.5 27.5 -1.8271
-111 27.5 -2.13932
-110.5 27.5 -2.44192
-110 27.5 -2.16843
-109.5 27.5 -1.42957
-109 27.5 -0.614953
-108.5 27.5 0.168667
-108 27.5 1.07338
-107.5 27.5 1.9855
-107 27.5 2.56946
-106.5 27.5 2.7688
-106 27.5 2.72255
-105.5 27.5 2.42343
-105 27.5 1.75574
-104.5 27.5 0.710882
-104 27.5 -0.531834
-103.5 27.5 -1.41244
-103 27.5 -1.4856
-102.5 27.5 -1.48848
-102 27.5 -2.00832
-101.5 27.5 -1.59669
-101 27.5 1.09474
-100.5 27.5 3.73543
-100 27.5 3.97212
-99.5 27.5 4.49351
-99 27.5 6.75597
-98.5 27.5 6.76081
-98 27.5 2.78079
-97.5 27.5 -1.16883
-97 27.5 -2.04467
-96.5 27.5 1.78888
-96 27.5 9.76044
-95.5 27.5 10.7541
-95 27.5 1.81854
-94.5 27.5 -6.7048
-94 27.5 -4.85999
-93.5 27.5 0.636042
-93 27.5 3.75278
-92.5 27.5 4.8459
-92 27.5 4.59378
-91.5 27.5 3.71675
-91 27.5 2.7238
-90.5 27.5 2.73942
-90 27.5 3.61792
-89.5 27.5 3.63775
-89 27.5 -0.13182
-88.5 27.5 -8.4691
-88 27.5 -13.7994
-87.5 27.5 -14.2388
-87 27.5 -10.8842
-86.5 27.5 -8.21976
-86 27.5 -7.95537
-85.5 27.5 -9.1681
-85 27.5 -10.4608
-84.5 27.5 -10.7064
-84 27.5 -9.95923
-83.5 27.5 -8.93914
-83 27.5 -8.31722
-82.5 27.5 -8.63631
-82 27.5 -9.67168
-81.5 27.5 -10.3465
-81 27.5 -10.1239
-119 28 1.78663
-118.5 28 1.57982
-118 28 1.59288
-117.5 28 1.74607
-117 28 2.02477
-116.5 28 2.16798
-116 28 1.86391
-115.5 28 1.34523
-115 28 0.724542
-114.5 28 0.175551
-114 28 -0.0508347
-113.5 28 -0.312182
-113 28 -0.912323
-112.5 28 -1.46622
-112 28 -1.65507
-111.5 28 -1.72698
-111 28 -2.04439
-110.5 28 -2.44869
-110 28 -2.50518
-109.5 28 -2.0869
-109 28 -1.25227
-108.5 28 -0.307487
-108 28 0.578025
-107.5 28 1.51567
-107 28 2.40829
-106.5 28 2.93153
-106 28 2.90584
-105.5 28 2.55812
-105 28 2.05156
-104.5 28 1.15348
-104 28 -0.281536
-103.5 28 -1.41505
-103 28 -1.42588
-102.5 28 -1.31428
-102 28 -2.17046
-101.5 28 -2.1693
-101 28 0.828731
-100.5 28 3.51914
-100 28 1.44969
-99.5 28 -0.607479
-99 28 2.26841
-98.5 28 3.96219
-98 28 2.58555
-97.5 28 1.45876
-97 28 4.70615
-96.5 28 10.5363
-96 28 11.2747
-95.5 28 7.47285
-95 28 -0.787831
-94.5 28 -8.07837
-94 28 -3.77612
-93.5 28 3.16489
-93 28 5.24286
-92.5 28 5.10209
-92 28 4.19558
-91.5 28 3.15255
-91 28 2.9567
-90.5 28 3.24578
-90 28 4.10763
-89.5 28 2.94577
-89 28 -6.08452
-88.5 28 -16.2075
-88 28 -15.6374
-87.5 28 -11.5446
-87 28 -8.94319
-86.5 28 -7.92072
-86 28 -9.13845
-85.5 28 -10.8399
-85 28 -10.969
-84.5 28 -10.3745
-84 28 -9.45782
-83.5 28 -8.67766
-83 28 -8.92946
-82.5 28 -9.74748
-82 28 -10.3877
-81.5 28 -10.3121
-81 28 -9.37185
-119 28.5 1.79458
-118.5 28.5 1.65574
-118 28.5 1.60535
-117.5 28.5 1.6615
-117 28.5 1.75045
-116.5 28.5 2.00775
-116 28.5 2.15309
-115.5 28.5 1.92064
-115 28.5 1.47362
-114.5 28.5 0.843313
-114 28.5 0.243045
-113.5 28.5 -0.128289
-113 28.5 -0.573291
-112.5 28.5 -1.10456
-112 28.5 -1.42921
-111.5 28.5 -1.59432
-111 28.5 -1.81238
-110.5 28.5 -2.22082
-110 28.5 -2.66094
-109.5 28.5 -2.6021
-109 28.5 -1.90649
-108.5 28.5 -0.969641
-108 28.5 -0.0674956
-107.5 28.5 0.957952
-107 28.5 2.15222
-106.5 28.5 2.97793
-106 28.5 3.05773
-105.5 28.5 2.75097
-105 28.5 2.34498
-104.5 28.5 1.52182
-104 28.5 0.0365273
-103.5 28.5 -1.14234
-103 28.5 -1.32214
-102.5 28.5 -1.39799
-102 28.5 -2.1985
-101.5 28.5 -2.22301
-101 28.5 -0.0437694
-100.5 28.5 1.67657
-100 28.5 0.16182
-99.5 28.5 -1.36118
-99 28.5 0.332014
-98.5 28.5 2.28892
-98 28.5 3.26399
-97.5 28.5 4.67705
-97 28.5 8.15212
-96.5 28.5 10.7616
-96 28.5 9.65673
-95.5 28.5 6.1588
-95 28.5 -0.523965
-94.5 28.5 -5.35179
-94 28.5 -1.62594
-93.5 28.5 3.97567
-93 28.5 5.50709
-92.5 28.5 4.58921
-92 28.5 3.4015
-91.5 28.5 2.62501
-91 28.5 2.45635
-90.5 28.5 2.23015
-90 28.5 1.57679
-89.5 28.5 -2.54456
-89 28.5 -11.131
-88.5 28.5 -17.5701
-88 28.5 -15.2649
-87.5 28.5 -10.281
-87 28.5 -8.49163
-86.5 28.5 -9.08592
-86 28.5 -10.5143
-85.5 28.5 -11.2683
-85 28.5 -10.9129
-84.5 28.5 -10.1334
-84 28.5 -9.31414
-83.5 28.5 -9.03362
-83 28.5 -9.67475
-82.5 28.5 -10.5482
-82 28.5 -10.3601
-81.5 28.5 -9.03547
-81 28.5 -7.91179
-119 29 1.62405
-118.5 29 1.66962
-118 29 1.75637
-117.5 29 1.77862
-117 29 1.73205
-116.5 29 1.74666
-116 29 1.98396
-115.5 29 2.15016
-115 29 1.98091
-114.5 29 1.60903
-114 29 0.982008
-113.5 29 0.27977
-113 29 -0.262125
-112.5 29 -0.786388
-112 29 -1.23043
-111.5 29 -1.45585
-111 29 -1.54111
-110.5 29 -1.78444
-110 29 -2.45451
-109.5 29 -2.94803
-109 29 -2.52604
-108.5 29 -1.63534
-108 29 -0.787667
-107.5 29 0.208381
-107 29 1.69669
-106.5 29 2.96844
-106 29 3.17867
-105.5 29 2.8634
-105 29 2.59619
-104.5 29 1.97482
-104 29 0.389405
-103.5 29 -0.954856
-103 29 -1.01544
-102.5 29 -1.04077
-102 29 -2.1425
-101.5 29 -2.66892
-101 29 -0.765188
-100.5 29 0.861858
-100 29 -0.336529
-99.5 29 -1.56003
-99 29 -0.503017
-98.5 29 1.41309
-98 29 3.60768
-97.5 29 6.00357
-97 29 8.19131
-96.5 29 9.25019
-96 29 8.69749
-95.5 29 6.21029
-95 29 0.354073
-94.5 29 -3.7136
-94 29 0.124502
-93.5 29 4.73695
-93 29 4.79004
-92.5 29 3.01995
-92 29 1.69195
-91.5 29 0.378379
-91 29 -0.509159
-90.5 29 -0.70658
-90 29 -2.39191
-89.5 29 -6.93977
-89 29 -13.8257
-88.5 29 -18.2288
-88 29 -13.6823
-87.5 29 -8.48966
-87 29 -8.7984
-86.5 29 -10.604
-86 29 -11.4993
-85.5 29 -11.6321
-85 29 -11.0127
-84.5 29 -10.1443
-84 29 -9.49743
-83.5 29 -9.4424
-83 29 -10.3291
-82.5 29 -10.7914
-82 29 -9.11675
-81.5 29 -7.17264
-81 29 -6.5812
-119 29.5 1.13733
-118.5 29.5 1.342
-118 29.5 1.7344
-117.5 29.5 1.91302
-117 29.5 1.87363
-116.5 29.5 1.80537
-116 29.5 1.77672
-115.5 29.5 1.97877
-115 29.5 2.11418
-114.5 29.5 2.02384
-114 29.5 1.75986
-113.5 29.5 1.11944
-113 29.5 0.313278
-112.5 29.5 -0.374956
-112 29.5 -1.01848
-111.5 29.5 -1.39059
-111 29.5 -1.38311
-110.5 29.5 -1.50652
-110 29.5 -2.01711
-109.5 29.5 -2.67707
-109 29.5 -2.91855
-108.5 29.5 -2.47485
-108 29.5 -1.54629
-107.5 29.5 -0.442685
-107 29.5 1.01328
-106.5 29.5 2.42118
-106 29.5 3.14088
-105.5 29.5 3.17835
-105 29.5 2.69933
-104.5 29.5 1.85276
-104 29.5 0.589002
-103.5 29.5 -0.481718
-103 29.5 -0.555221
-102.5 29.5 -0.666451
-102 29.5 -1.7912
-101.5 29.5 -2.41685
-101 29.5 -1.14645
-100.5 29.5 0.0645835
-100 29.5 -0.594344
-99.5 29.5 -1.39831
-99 29.5 -0.575043
-98.5 29.5 1.2459
-98 29.5 3.2466
-97.5 29.5 5.20126
-97 29.5 7.00306
-96.5 29.5 7.97574
-96 29.5 7.3598
-95.5 29.5 4.93992
-95 29.5 1.1626
-94.5 29.5 -0.484081
-94 29.5 1.42682
-93.5 29.5 3.15988
-93 29.5 2.87452
-92.5 29.5 1.27478
-92 29.5 -1.34046
-91.5 29.5 -4.52757
-91 29.5 -4.41751
-90.5 29.5 -3.15185
-90 29.5 -5.44495
-89.5 29.5 -10.2625
-89 29.5 -14.2076
-88.5 29.5 -14.6589
-88 29.5 -11.4676
-87.5 29.5 -9.61187
-87 29.5 -10.4574
-86.5 29.5 -11.9411
-86 29.5 -12.4539
-85.5 29.5 -12.2179
-85 29.5 -11.3424
-84.5 29.5 -10.4213
-84 29.5 -9.90561
-83.5 29.5 -10.1008
-83 29.5 -10.2738
-82.5 29.5 -9.342
-82 29.5 -7.38262
-81.5 29.5 -5.99676
-81 29.5 -5.61344
-119 30 0.194718
-118.5 30 0.485227
-118 30 1.07099
-117.5 30 1.74139
-117 30 2.01246
-116.5 30 2.03108
-116 30 1.95713
-115.5 30 1.86049
-115 30 1.94946
-114.5 30 2.06082
-114 30 2.08299
-113.5 30 1.91873
-113 30 1.25453
-112.5 30 0.373767
-112 30 -0.510642
-111.5 30 -1.3238
-111 30 -1.51353
-110.5 30 -1.34742
-110 30 -1.58387
-109.5 30 -2.16717
-109 30 -2.85072
-108.5 30 -3.10373
-108 30 -2.44458
-107.5 30 -1.27328
-107 30 0.131352
-106.5 30 1.67138
-106 30 2.81263
-105.5 30 3.38621
-105 30 2.91929
-104.5 30 1.80003
-104 30 0.578581
-103.5 30 -0.372173
-103 30 -0.19879
-102.5 30 0.00573576
-102 30 -1.36168
-101.5 30 -2.34351
-101 30 -1.11946
-100.5 30 0.128241
-100 30 -0.501486
-99.5 30 -1.34672
-99 30 -0.535205
-98.5 30 1.12017
-98 30 2.37063
-97.5 30 3.71769
-97 30 5.71516
-96.5 30 6.8102
-96 30 6.07564
-95.5 30 3.98568
-95 30 1.73613
-94.5 30 0.735053
-94 30 0.434098
-93.5 30 0.651527
-93 30 0.121342
-92.5 30 -1.46259
-92 30 -5.87483
-91.5 30 -9.44332
-91 30 -6.14073
-90.5 30 -3.69949
-90 30 -7.36923
-89.5 30 -12.1508
-89 30 -13.0386
-88.5 30 -11.8479
-88 30 -11.3781
-87.5 30 -11.5601
-87 30 -12.5674
-86.5 30 -13.6701
-86 30 -13.7009
-85.5 30 -13.0452
-85 30 -11.9322
-84.5 30 -10.7289
-84 30 -10.3131
-83.5 30 -10.1462
-83 30 -9.1509
-82.5 30 -7.72609
-82 30 -6.17571
-81.5 30 -5.11734
-81 30 -4.96305
-119 30.5 -0.664857
-118.5 30.5 -0.453909
-118 30.5 0.0237432
-117.5 30.5 0.848504
-117 30.5 1.70004
-116.5 30.5 2.05646
-116 30.5 2.21705
-115.5 30.5 2.13808
-115 30.5 1.91298
-114.5 30.5 1.96444
-114 30.5 2.0536
-113.5 30.5 2.13687
-113 30.5 2.03925
-112.5 30.5 1.40201
-112 30.5 0.486058
-111.5 30.5 -0.540664
-111 30.5 -1.51296
-110.5 30.5 -1.60296
-110 30.5 -1.25679
-109.5 30.5 -1.42905
-109 30.5 -2.24495
-108.5 30.5 -2.79031
-108 30.5 -2.823
-107.5 30.5 -2.05179
-107 30.5 -0.868043
-106.5 30.5 0.629897
-106 30.5 2.09759
-105.5 30.5 3.06251
-105 30.5 3.16632
-104.5 30.5 2.32558
-104 30.5 0.82032
-103.5 30.5 -0.258983
-103 30.5 -0.172765
-102.5 30.5 -0.0516873
-102 30.5 -1.04375
-101.5 30.5 -1.72194
-101 30.5 -0.68221
-100.5 30.5 0.432167
-100 30.5 -0.0746072
-99.5 30.5 -0.940405
-99 30.5 -0.65233
-98.5 30.5 0.355572
-98 30.5 1.43003
-97.5 30.5 2.81681
-97 30.5 4.60143
-96.5 30.5 5.54777
-96 30.5 4.97774
-95.5 30.5 3.24225
-95 30.5 0.967803
-94.5 30.5 -1.03402
-94 30.5 -1.69527
-93.5 30.5 -1.49529
-93 30.5 -2.8364
-92.5 30.5 -5.06591
-92 30.5 -7.79139
-91.5 30.5 -7.96811
-91 30.5 -5.83372
-90.5 30.5 -5.78665
-90 30.5 -8.68037
-89.5 30.5 -11.2095
-89 30.5 -11.7665
-88.5 30.5 -11.8766
-88 30.5 -12.4793
-87.5 30.5 -13.1716
-87 30.5 -14.1222
-86.5 30.5 -14.6613
-86 30.5 -14.4217
-85.5 30.5 -13.4918
-85 30.5 -12.1205
-84.5 30.5 -10.5636
-84 30.5 -9.75071
-83.5 30.5 -8.66922
-83 30.5 -7.45868
-82.5 30.5 -6.42059
-82 30.5 -5.29954
-81.5 30.5 -4.58621
-81 30.5 -4.43721
-119 31 -0.807124
-118.5 31 -0.981808
-118 31 -0.789915
-117.5 31 -0.34951
-117 31 0.48886
-116.5 31 1.39619
-116 31 2.00992
-115.5 31 2.40372
-115 31 2.3916
-114.5 31 2.11299
-114 31 2.0455
-113.5 31 2.04866
-113 31 2.18097
-112.5 31 2.17163
-112 31 1.61878
-111.5 31 0.795396
-111 31 -0.506228
-110.5 31 -1.60329
-110 31 -1.32148
-109.5 31 -0.6624
-109 31 -1.12284
-108.5 31 -1.76282
-108 31 -2.03217
-107.5 31 -2.04496
-107 31 -1.38833
-106.5 31 -0.271065
-106 31 1.28879
-105.5 31 2.58873
-105 31 3.19172
-104.5 31 2.94033
-104 31 1.23015
-103.5 31 -0.307288
-103 31 -0.14666
-102.5 31 0.102491
-102 31 -0.891497
-101.5 31 -1.52943
-101 31 -0.161531
-100.5 31 1.28774
-100 31 0.570415
-99.5 31 -0.674101
-99 31 -0.871082
-98.5 31 -0.409473
-98 31 0.526885
-97.5 31 1.86978
-97 31 3.52758
-96.5 31 4.41579
-96 31 3.89913
-95.5 31 2.32464
-95 31 -0.458182
-94.5 31 -3.01811
-94 31 -2.55131
-93.5 31 -2.18788
-93 31 -4.24301
-92.5 31 -6.49887
-92 31 -6.67546
-91.5 31 -5.46214
-91 31 -5.57259
-90.5 31 -6.99285
-90 31 -8.90126
-89.5 31 -10.3977
-89 31 -11.4275
-88.5 31 -12.2818
-88 31 -13.1529
-87.5 31 -13.9139
-87 31 -14.5361
-86.5 31 -14.6701
-86 31 -14.0137
-85.5 31 -12.6918
-85 31 -10.6662
-84.5 31 -8.86194
-84 31 -7.72403
-83.5 31 -6.66776
-83 31 -6.09248
-82.5 31 -5.43802
-82 31 -4.60357
-81.5 31 -3.93563
-81 31 -3.69153
-119 31.5 -0.836926
-118.5 31.5 -1.09318
-118 31.5 -1.22162
-117.5 31.5 -1.18006
-117 31.5 -0.935793
-116.5 31.5 -0.0959312
-116 31.5 0.961465
-115.5 31.5 1.7713
-115 31.5 2.56455
-114.5 31.5 2.5491
-114 31.5 2.23721
-113.5 31.5 2.12129
-113 31.5 2.06182
-112.5 31.5 2.22269
-112 31.5 2.21754
-111.5 31.5 1.74447
-111 31.5 0.917533
-110.5 31.5 -0.402348
-110 31.5 -1.39274
-109.5 31.5 -1.20443
-109 31.5 -0.690297
-108.5 31.5 -0.826486
-108 31.5 -0.821548
-107.5 31.5 -1.01678
-107 31.5 -1.16251
-106.5 31.5 -0.572425
-106 31.5 0.787373
-105.5 31.5 2.13969
-105 31.5 2.85232
-104.5 31.5 2.73757
-104 31.5 1.54267
-103.5 31.5 0.251089
-103 31.5 0.0655844
-102.5 31.5 0.0192739
-102 31.5 -0.829567
-101.5 31.5 -1.20189
-101 31.5 0.160607
-100.5 31.5 1.56578
-100 31.5 1.15243
-99.5 31.5 -0.0409574
-99 31.5 -0.940187
-98.5 31.5 -1.13718
-98 31.5 -0.256008
-97.5 31.5 1.16606
-97 31.5 2.53206
-96.5 31.5 3.12951
-96 31.5 2.59371
-95.5 31.5 1.11945
-95 31.5 -1.01225
-94.5 31.5 -2.55469
-94 31.5 -2.62187
-93.5 31.5 -3.41853
-93 31.5 -4.85667
-92.5 31.5 -5.89908
-92 31.5 -5.19881
-91.5 31.5 -4.53071
-91 31.5 -5.54245
-90.5 31.5 -7.45487
-90 31.5 -8.97231
-89.5 31.5 -10.1146
-89 31.5 -11.3055
-88.5 31.5 -12.4198
-88 31.5 -13.2681
-87.5 31.5 -13.7414
-87 31.5 -13.9192
-86.5 31.5 -13.5063
-86 31.5 -12.2075
-85.5 31.5 -10.1383
-85 31.5 -8.00522
-84.5 31.5 -6.51473
-84 31.5 -5.54328
-83.5 31.5 -5.09211
-83 31.5 -4.86867
-82.5 31.5 -4.2851
-82 31.5 -3.67209
-81.5 31.5 -2.97567
-81 31.5 -2.7738
-119 32 -1.49969
-118.5 32 -1.38756
-118 32 -1.42618
-117.5 32 -1.54414
-117 32 -1.72759
-116.5 32 -1.63078
-116 32 -0.977175
-115.5 32 0.0222158
-115 32 1.21859
-114.5 32 2.30754
-114 32 2.49873
-113.5 32 2.37102
-113 32 2.2886
-112.5 32 2.12837
-112 32 2.15077
-111.5 32 2.07678
-111 32 1.69339
-110.5 32 0.967857
-110 32 -0.509164
-109.5 32 -1.86334
-109 32 -1.70106
-108.5 32 -1.07369
-108 32 -0.619374
-107.5 32 -0.139069
-107 32 -0.427335
-106.5 32 -0.477206
-106 32 0.752288
-105.5 32 2.02215
-105 32 2.63272
-104.5 32 2.54441
-104 32 1.60337
-103.5 32 0.507944
-103 32 0.279517
-102.5 32 0.162215
-102 32 -0.908228
-101.5 32 -1.41362
-101 32 0.269251
-100.5 32 2.0242
-100 32 1.65444
-99.5 32 0.42196
-99 32 -1.08838
-98.5 32 -1.90788
-98 32 -0.929112
-97.5 32 0.536658
-97 32 1.55352
-96.5 32 1.85618
-96 32 1.24934
-95.5 32 0.0602543
-95 32 -1.41178
-94.5 32 -2.53106
-94 32 -3.61825
-93.5 32 -4.74648
-93 32 -5.31381
-92.5 32 -5.44942
-92 32 -4.31788
-91.5 32 -3.98514
-91 32 -5.87019
-90.5 32 -8.01223
-90 32 -8.96283
-89.5 32 -9.7214
-89 32 -10.9627
-88.5 32 -12.1112
-88 32 -12.6376
-87.5 32 -12.6621
-87 32 -12.2876
-86.5 32 -11.2189
-86 32 -9.07437
-85.5 32 -6.86602
-85 32 -5.25743
-84.5 32 -4.21516
-84 32 -3.64921
-83.5 32 -3.43453
-83 32 -3.08643
-82.5 32 -2.65526
-82 32 -2.08863
-81.5 32 -1.6916
-81 32 -1.87283
-119 32.5 -2.21756
-118.5 32.5 -1.8604
-118 32.5 -1.51224
-117.5 32.5 -1.48569
-117 32.5 -1.79583
-116.5 32.5 -2.09111
-116 32.5 -2.35531
-115.5 32.5 -1.66267
-115 32.5 -0.739404
-114.5 32.5 0.713671
-114 32.5 1.9974
-113.5 32.5 2.37224
-113 32.5 2.55824
-112.5 32.5 2.39039
-112 32.5 2.02358
-111.5 32.5 1.96957
-111 32.5 1.84533
-110.5 32.5 1.51297
-110 32.5 0.79541
-109.5 32.5 -0.825628
-109 32.5 -2.39466
-108.5 32.5 -2.30926
-108 32.5 -1.56619
-107.5 32.5 -0.688291
-107 32.5 -0.0663504
-106.5 32.5 0.262088
-106 32.5 1.2422
-105.5 32.5 2.27851
-105 32.5 2.58768
-104.5 32.5 2.38135
-104 32.5 1.74913
-103.5 32.5 0.962496
-103 32.5 0.426855
-102.5 32.5 -0.032896
-102 32.5 -0.996286
-101.5 32.5 -1.30156
-101 32.5 0.213009
-100.5 32.5 1.80022
-100 32.5 1.63445
-99.5 32.5 0.40398
-99 32.5 -1.18297
-98.5 32.5 -2.06582
-98 32.5 -1.31225
-97.5 32.5 -0.0566152
-97 32.5 0.505354
-96.5 32.5 0.374872
-96 32.5 -0.173689
-95.5 32.5 -1.06596
-95 32.5 -2.2712
-94.5 32.5 -3.44584
-94 32.5 -4.54204
-93.5 32.5 -5.09124
-93 32.5 -4.96101
-92.5 32.5 -4.31998
-92 32.5 -3.85603
-91.5 32.5 -4.82059
-91 32.5 -6.56712
-90.5 32.5 -7.93159
-90 32.5 -8.6373
-89.5 32.5 -9.33837
-89 32.5 -10.3369
-88.5 32.5 -11.1826
-88 32.5 -11.3437
-87.5 32.5 -10.886
-87 32.5 -9.73092
-86.5 32.5 -7.73395
-86 32.5 -5.55043
-85.5 32.5 -4.10456
-85 32.5 -3.01736
-84.5 32.5 -2.46604
-84 32.5 -2.08927
-83.5 32.5 -1.83941
-83 32.5 -1.39337
-82.5 32.5 -1.13427
-82 32.5 -0.72867
-81.5 32.5 -0.860487
-81 32.5 -1.14868
-119 33 -2.50679
-118.5 33 -2.16166
-118 33 -1.53475
-117.5 33 -1.0587
-117 33 -1.06812
-116.5 33 -1.28045
-116 33 -1.69056
-115.5 33 -1.92856
-115 33 -1.66232
-114.5 33 -0.968518
-114 33 0.220964
-113.5 33 1.3802
-113 33 2.07621
-112.5 33 2.49975
-112 33 2.33665
-111.5 33 1.95292
-111 33 1.8251
-110.5 33 1.54515
-110 33 1.29128
-109.5 33 0.722476
-109 33 -1.18917
-108.5 33 -2.7634
-108 33 -2.58179
-107.5 33 -1.80358
-107 33 -0.839372
-106.5 33 0.288502
-106 33 1.59629
-105.5 33 2.76735
-105 33 2.87587
-104.5 33 2.41077
-104 33 1.94754
-103.5 33 1.39625
-103 33 0.73189
-102.5 33 0.0600702
-102 33 -0.999597
-101.5 33 -1.47797
-101 33 0.13564
-100.5 33 1.77524
-100 33 1.52288
-99.5 33 0.292343
-99 33 -1.34514
-98.5 33 -2.39491
-98 33 -1.63458
-97.5 33 -0.544189
-97 33 -0.628009
-96.5 33 -1.12094
-96 33 -1.48399
-95.5 33 -2.08204
-95 33 -3.113
-94.5 33 -4.13979
-94 33 -4.7533
-93.5 33 -4.83159
-93 33 -4.14509
-92.5 33 -3.54162
-92 33 -4.4195
-91.5 33 -5.91994
-91 33 -6.9245
-90.5 33 -7.68217
-90 33 -8.15838
-89.5 33 -8.60603
-89 33 -9.36639
-88.5 33 -9.84728
-88 33 -9.51025
-87.5 33 -8.463
-87 33 -6.53103
-86.5 33 -4.49039
-86 33 -3.217
-85.5 33 -2.44516
-85 33 -1.89397
-84.5 33 -1.62514
-84 33 -1.39085
-83.5 33 -1.10358
-83 33 -0.786564
-82.5 33 -0.508711
-82 33 -0.287832
-81.5 33 -0.305418
-81 33 -0.274203
-119 33.5 -2.595
-118.5 33.5 -2.30589
-118 33.5 -1.61134
-117.5 33.5 -0.917849
-117 33.5 -0.462511
-116.5 33.5 -0.427822
-116 33.5 -0.451065
-115.5 33.5 -1.01684
-115 33.5 -1.47955
-114.5 33.5 -1.52372
-114 33.5 -1.33938
-113.5 33.5 -0.285844
-113 33.5 0.790877
-112.5 33.5 1.63176
-112 33.5 2.2747
-111.5 33.5 2.11571
-111 33.5 1.89636
-110.5 33.5 1.61386
-110 33.5 1.09998
-109.5 33.5 0.803355
-109 33.5 0.0988741
-108.5 33.5 -1.68186
-108 33.5 -2.81939
-107.5 33.5 -2.78592
-107 33.5 -2.062
-106.5 33.5 -0.618964
-106 33.5 1.29008
-105.5 33.5 2.81442
-105 33.5 3.14091
-104.5 33.5 2.72966
-104 33.5 2.16328
-103.5 33.5 1.55042
-103 33.5 0.863004
-102.5 33.5 0.0841827
-102 33.5 -0.708698
-101.5 33.5 -0.934208
-101 33.5 0.235446
-100.5 33.5 1.43454
-100 33.5 1.19002
-99.5 33.5 0.0130834
-99 33.5 -1.40184
-98.5 33.5 -2.27344
-98 33.5 -2.0433
-97.5 33.5 -1.63228
-97 33.5 -1.85733
-96.5 33.5 -2.276
-96 33.5 -2.54889
-95.5 33.5 -2.95173
-95 33.5 -3.70691
-94.5 33.5 -4.36091
-94 33.5 -4.38288
-93.5 33.5 -3.942
-93 33.5 -3.59701
-92.5 33.5 -4.02389
-92 33.5 -5.20782
-91.5 33.5 -6.16119
-91 33.5 -6.70659
-90.5 33.5 -7.1299
-90 33.5 -7.32862
-89.5 33.5 -7.50435
-89 33.5 -7.89641
-88.5 33.5 -7.83498
-88 33.5 -7.02932
-87.5 33.5 -5.41055
-87 33.5 -3.64242
-86.5 33.5 -2.55006
-86 33.5 -1.98438
-85.5 33.5 -1.68377
-85 33.5 -1.4716
-84.5 33.5 -1.35947
-84 33.5 -1.16517
-83.5 33.5 -0.801883
-83 33.5 -0.523037
-82.5 33.5 -0.137562
-82 33.5 0.0988144
-81.5 33.5 0.411922
-81 33.5 0.62525
-119 34 -2.3397
-118.5 34 -2.45069
-118 34 -1.99094
-117.5 34 -1.23149
-117 34 -0.631803
-116.5 34 -0.374258
-116 34 -0.188871
-115.5 34 -0.169929
-115 34 -0.464028
-114.5 34 -0.908878
-114 34 -1.27383
-113.5 34 -1.25606
-113 34 -0.703582
-112.5 34 0.0685788
-112 34 0.887236
-111.5 34 1.51214
-111 34 1.66694
-110.5 34 1.70594
-110 34 1.25685
-109.5 34 0.37387
-109 34 -0.176551
-108.5 34 -1.02155
-108 34 -2.44276
-107.5 34 -3.2835
-107 34 -3.06799
-106.5 34 -1.8715
-106 34 0.390485
-105.5 34 2.5935
-105 34 3.22147
-104.5 34 2.92995
-104 34 2.35346
-103.5 34 1.63437
-103 34 0.940296
-102.5 34 0.142789
-102 34 -0.556665
-101.5 34 -0.664625
-101 34 0.37829
-100.5 34 1.37163
-100 34 0.906842
-99.5 34 -0.323975
-99 34 -1.56089
-98.5 34 -2.39096
-98 34 -2.58344
-97.5 34 -2.62388
-97 34 -2.92863
-96.5 34 -3.23083
-96 34 -3.29496
-95.5 34 -3.47081
-95 34 -4.00386
-94.5 34 -4.22489
-94 34 -3.54979
-93.5 34 -2.95078
-93 34 -3.39322
-92.5 34 -4.51641
-92 34 -5.54689
-91.5 34 -5.93368
-91 34 -6.05317
-90.5 34 -6.00522
-90 34 -5.70966
-89.5 34 -5.63165
-89 34 -5.67589
-88.5 34 -5.31353
-88 34 -4.11726
-87.5 34 -2.76267
-87 34 -1.95193
-86.5 34 -1.59351
-86 34 -1.5747
-85.5 34 -1.49811
-85 34 -1.40832
-84.5 34 -1.16392
-84 34 -0.702434
-83.5 34 -0.237039
-83 34 0.167755
-82.5 34 0.567684
-82 34 0.908009
-81.5 34 1.20783
-81 34 1.32836
-119 34.5 -2.09943
-118.5 34.5 -2.44774
-118 34.5 -2.50242
-117.5 34.5 -1.92209
-117 34.5 -1.2072
-116.5 34.5 -0.830485
-116 34.5 -0.617661
-115.5 34.5 -0.207054
-115 34.5 0.263158
-114.5 34.5 -0.0211041
-114 34.5 -0.494754
-113.5 34.5 -1.02378
-113 34.5 -1.41713
-112.5 34.5 -1.06247
-112 34.5 -0.646962
-111.5 34.5 0.16594
-111 34.5 0.783234
-110.5 34.5 1.20961
-110 34.5 1.52744
-109.5 34.5 0.731847
-109 34.5 -0.596143
-108.5 34.5 -1.29201
-108 34.5 -2.16236
-107.5 34.5 -3.15082
-107 34.5 -3.61919
-106.5 34.5 -2.8796
-106 34.5 -0.831743
-105.5 34.5 1.50843
-105 34.5 2.85865
-104.5 34.5 3.06894
-104 34.5 2.51884
-103.5 34.5 1.77145
-103 34.5 1.16045
-102.5 34.5 0.433576
-102 34.5 -0.413046
-101.5 34.5 -0.593727
-101 34.5 0.387492
-100.5 34.5 1.23791
-100 34.5 0.562267
-99.5 34.5 -0.786011
-99 34.5 -1.84608
-98.5 34.5 -2.56846
-98 34.5 -3.13292
-97.5 34.5 -3.57941
-97 34.5 -3.69629
-96.5 34.5 -3.63447
-96 34.5 -3.70017
-95.5 34.5 -3.86686
-95 34.5 -3.80062
-94.5 34.5 -3.19
-94 34.5 -2.4423
-93.5 34.5 -2.26211
-93 34.5 -3.2542
-92.5 34.5 -4.87037
-92 34.5 -5.46735
-91.5 34.5 -4.9879
-91 34.5 -4.58754
-90.5 34.5 -3.90316
-90 34.5 -3.49925
-89.5 34.5 -3.52281
-89 34.5 -3.32224
-88.5 34.5 -2.73842
-88 34.5 -1.7534
-87.5 34.5 -1.3269
-87 34.5 -1.17492
-86.5 34.5 -1.29756
-86 34.5 -1.47787
-85.5 34.5 -1.2771
-85 34.5 -1.10476
-84.5 34.5 -0.50259
-84 34.5 0.0754802
-83.5 34.5 0.563517
-83 34.5 1.00369
-82.5 34.5 1.37039
-82 34.5 1.68332
-81.5 34.5 1.82986
-81 34.5 1.86055
-119 35 -2.49106
-118.5 35 -2.71096
-118 35 -2.9167
-117.5 35 -2.72944
-117 35 -2.14157
-116.5 35 -1.62149
-116 35 -1.36856
-115.5 35 -1.09319
-115 35 -0.445619
-114.5 35 0.104131
-114 35 0.140033
-113.5 35 -0.1917
-113 35 -0.638713
-112.5 35 -0.957112
-112 35 -0.916414
-111.5 35 -0.722386
-111 35 -0.356345
-110.5 35 0.0814063
-110 35 0.815714
-109.5 35 1.17059
-109 35 0.133364
-108.5 35 -1.07898
-108 35 -1.88856
-107.5 35 -2.67179
-107 35 -3.51707
-106.5 35 -3.62005
-106 35 -2.0501
-105.5 35 0.273743
-105 35 2.00926
-104.5 35 2.92575
-104 35 2.61104
-103.5 35 1.8239
-103 35 1.38878
-102.5 35 0.849898
-102 35 -0.253769
-101.5 35 -0.849133
-101 35 0.25391
-100.5 35 1.28555
-100 35 0.196064
-99.5 35 -1.42376
-99 35 -2.22301
-98.5 35 -2.73962
-98 35 -3.54769
-97.5 35 -4.18685
-97 35 -3.88238
-96.5 35 -3.55455
-96 35 -3.71471
-95.5 35 -3.66377
-95 35 -2.76036
-94.5 35 -1.83207
-94 35 -1.42379
-93.5 35 -1.62565
-93 35 -3.28786
-92.5 35 -4.70331
-92 35 -3.91252
-91.5 35 -2.7931
-91 35 -2.05733
-90.5 35 -1.55462
-90 35 -1.72925
-89.5 35 -1.91693
-89 35 -1.66577
-88.5 35 -1.25441
-88 35 -0.938275
-87.5 35 -0.849432
-87 35 -0.88737
-86.5 35 -0.921666
-86 35 -0.694245
-85.5 35 -0.340094
-85 35 0.0763953
-84.5 35 0.587388
-84 35 0.983778
-83.5 35 1.35644
-83 35 1.7085
-82.5 35 1.9782
-82 35 2.15742
-81.5 35 2.22657
-81 35 2.19627
-119 35.5 -2.9835
-118.5 35.5 -3.18593
-118 35.5 -3.43627
-117.5 35.5 -3.49177
-117 35.5 -3.15366
-116.5 35.5 -2.69282
-116 35.5 -2.33401
-115.5 35.5 -2.15947
-115 35.5 -1.79496
-114.5 35.5 -0.928392
-114 35.5 -0.0720868
-113.5 35.5 0.006781
-113 35.5 0.043482
-112.5 35.5 -0.469532
-112 35.5 -0.659601
-111.5 35.5 -0.907457
-111 35.5 -1.0501
-110.5 35.5 -0.770167
-110 35.5 -0.264458
-109.5 35.5 0.561664
-109 35.5 0.691627
-108.5 35.5 -0.220476
-108 35.5 -1.25381
-107.5 35.5 -2.03923
-107 35.5 -2.85651
-106.5 35.5 -3.3356
-106 35.5 -2.79347
-105.5 35.5 -1.05645
-105 35.5 0.778572
-104.5 35.5 2.10452
-104 35.5 2.49662
-103.5 35.5 2.13111
-103 35.5 1.58238
-102.5 35.5 0.930328
-102 35.5 -0.0772443
-101.5 35.5 -0.688333
-101 35.5 -0.111419
-100.5 35.5 0.456801
-100 35.5 -0.37854
-99.5 35.5 -1.70778
-99 35.5 -2.55489
-98.5 35.5 -3.07186
-98 35.5 -3.47809
-97.5 35.5 -3.53988
-97 35.5 -3.43965
-96.5 35.5 -3.4885
-96 35.5 -3.14513
-95.5 35.5 -2.21864
-95 35.5 -1.22004
-94.5 35.5 -0.782733
-94 35.5 -0.855602
-93.5 35.5 -1.57861
-93 35.5 -2.73666
-92.5 35.5 -2.55449
-92 35.5 -1.3195
-91.5 35.5 -0.509931
-91 35.5 0.0156893
-90.5 35.5 -0.30136
-90 35.5 -0.749682
-89.5 35.5 -0.887168
-89 35.5 -0.780569
-88.5 35.5 -0.76836
-88 35.5 -0.766877
-87.5 35.5 -0.638066
-87 35.5 -0.5437
-86.5 35.5 -0.136967
-86 35.5 0.3827
-85.5 35.5 0.808786
-85 35.5 1.27698
-84.5 35.5 1.49821
-84 35.5 1.7227
-83.5 35.5 1.97773
-83 35.5 2.21453
-82.5 35.5 2.34806
-82 35.5 2.3978
-81.5 35.5 2.39509
-81 35.5 2.30317
-119 36 -3.24243
-118.5 36 -3.53689
-118 36 -3.96139
-117.5 36 -4.21635
-117 36 -4.13829
-116.5 36 -3.70272
-116 36 -3.39036
-115.5 36 -3.16282
-115 36 -2.96091
-114.5 36 -2.45625
-114 36 -1.73455
-113.5 36 -1.15737
-113 36 -0.901901
-112.5 36 -0.921758
-112 36 -1.03612
-111.5 36 -0.947663
-111 36 -1.03411
-110.5 36 -0.969406
-110 36 -0.627742
-109.5 36 -0.112336
-109 36 0.276046
-108.5 36 0.27104
-108 36 -0.264741
-107.5 36 -1.09678
-107 36 -1.87783
-106.5 36 -2.54588
-106 36 -2.54711
-105.5 36 -1.77888
-105 36 -0.296084
-104.5 36 1.1624
-104 36 2.00883
-103.5 36 2.1927
-103 36 1.76277
-102.5 36 1.05138
-102 36 0.0449453
-101.5 36 -0.752617
-101 36 -0.4887
-100.5 36 -0.171993
-100 36 -0.884193
-99.5 36 -1.9935
-99 36 -2.74967
-98.5 36 -3.17398
-98 36 -2.98002
-97.5 36 -2.49653
-97 36 -2.79628
-96.5 36 -2.9796
-96 36 -1.76703
-95.5 36 -0.451585
-95 36 0.0702169
-94.5 36 0.0447171
-94 36 -0.31386
-93.5 36 -0.913662
-93 36 -1.01078
-92.5 36 -0.4234
-92 36 0.257597
-91.5 36 0.566565
-91 36 0.411572
-90.5 36 -0.0858198
-90 36 -0.413825
-89.5 36 -0.545075
-89 36 -0.634061
-88.5 36 -0.64128
-88 36 -0.478814
-87.5 36 -0.203934
-87 36 0.203206
-86.5 36 0.660699
-86 36 1.12176
-85.5 36 1.51685
-85 36 1.81707
-84.5 36 1.96717
-84 36 2.12808
-83.5 36 2.30231
-83 36 2.43945
-82.5 36 2.48448
-82 36 2.47706
-81.5 36 2.34798
-81 36 2.13493
-119 36.5 -3.35361
-118.5 36.5 -3.59796
-118 36.5 -4.05831
-117.5 36.5 -4.28958
-117 36.5 -4.51409
-116.5 36.5 -4.09427
-116 36.5 -3.85732
-115.5 36.5 -3.5937
-115 36.5 -3.56186
-114.5 36.5 -3.33409
-114 36.5 -3.14341
-113.5 36.5 -2.39739
-113 36.5 -1.98309
-112.5 36.5 -1.50625
-112 36.5 -1.47793
-111.5 36.5 -0.997802
-111 36.5 -0.725364
-110.5 36.5 -0.687779
-110 36.5 -0.595979
-109.5 36.5 -0.505108
-109 36.5 -0.488671
-108.5 36.5 -0.232227
-108 36.5 0.107617
-107.5 36.5 -0.483237
-107 36.5 -1.08452
-106.5 36.5 -1.80621
-106 36.5 -2.02999
-105.5 36.5 -1.83641
-105 36.5 -1.02945
-104.5 36.5 0.169335
-104 36.5 1.25628
-103.5 36.5 1.80413
-103 36.5 1.63793
-102.5 36.5 1.05606
-102 36.5 0.222151
-101.5 36.5 -0.547653
-101 36.5 -0.791991
-100.5 36.5 -0.85676
-100 36.5 -1.24773
-99.5 36.5 -1.89927
-99 36.5 -2.66635
-98.5 36.5 -3.07215
-98 36.5 -2.52955
-97.5 36.5 -1.81064
-97 36.5 -1.68304
-96.5 36.5 -1.17375
-96 36.5 -0.033747
-95.5 36.5 0.737032
-95 36.5 0.891285
-94.5 36.5 0.572951
-94 36.5 0.26847
-93.5 36.5 0.097941
-93 36.5 0.382369
-92.5 36.5 0.581119
-92 36.5 0.736932
-91.5 36.5 0.460279
-91 36.5 0.0298434
-90.5 36.5 -0.276176
-90 36.5 -0.489617
-89.5 36.5 -0.611572
-89 36.5 -0.705501
-88.5 36.5 -0.508622
-88 36.5 -0.182396
-87.5 36.5 0.243224
-87 36.5 0.786304
-86.5 36.5 1.09767
-86 36.5 1.48909
-85.5 36.5 1.80477
-85 36.5 2.0048
-84.5 36.5 2.11897
-84 36.5 2.2066
-83.5 36.5 2.29368
-83 36.5 2.35546
-82.5 36.5 2.3255
-82 36.5 2.28096
-81.5 36.5 2.02047
-81 36.5 1.77202
-119 37 -3.64537
-118.5 37 -3.33689
-118 37 -3.26644
-117.5 37 -3.3004
-117 37 -3.29173
-116.5 37 -3.2285
-116 37 -3.07283
-115.5 37 -2.98173
-115 37 -2.95854
-114.5 37 -2.98589
-114 37 -2.86634
-113.5 37 -2.38219
-113 37 -1.74366
-112.5 37 -1.04356
-112 37 -0.609164
-111.5 37 -0.397763
-111 37 -0.135686
-110.5 37 -0.234417
-110 37 -0.394073
-109.5 37 -0.607113
-109 37 -1.02795
-108.5 37 -1.33101
-108 37 -1.1933
-107.5 37 -1.13252
-107 37 -1.5135
-106.5 37 -1.83785
-106 37 -2.02677
-105.5 37 -1.93965
-105 37 -1.49509
-104.5 37 -0.721561
-104 37 0.341314
-103.5 37 1.21871
-103 37 1.29834
-102.5 37 0.920971
-102 37 0.325045
-101.5 37 -0.364732
-101 37 -0.953993
-100.5 37 -1.35541
-100 37 -1.50118
-99.5 37 -1.68604
-99 37 -2.51852
-98.5 37 -2.90693
-98 37 -1.72788
-97.5 37 -0.579743
-97 37 -0.0463743
-96.5 37 0.458835
-96 37 1.0004
-95.5 37 1.22693
-95 37 0.918827
-94.5 37 0.485871
-94 37 0.303472
-93.5 37 0.300609
-93 37 0.439052
-92.5 37 0.432916
-92 37 0.162164
-91.5 37 -0.164784
-91 37 -0.401731
-90.5 37 -0.515128
-90 37 -0.553975
-89.5 37 -0.576139
-89 37 -0.538884
-88.5 37 -0.347549
-88 37 -0.0965059
-87.5 37 0.288243
-87 37 0.645489
-86.5 37 1.04818
-86 37 1.49799
-85.5 37 1.84103
-85 37 2.01553
-84.5 37 2.03407
-84 37 2.00092
-83.5 37 1.95534
-83 37 1.83812
-82.5 37 1.73219
-82 37 1.61917
-81.5 37 1.47852
-81 37 1.44416
-119 37.5 -3.74496
-118.5 37.5 -3.12234
-118 37.5 -2.49799
-117.5 37.5 -2.36706
-117 37.5 -2.05226
-116.5 37.5 -2.25579
-116 37.5 -2.19148
-115.5 37.5 -2.29788
-115 37.5 -2.20869
-114.5 37.5 -2.41838
-114 37.5 -2.3658
-113.5 37.5 -2.15289
-113 37.5 -1.50992
-112.5 37.5 -0.844483
-112 37.5 0.0597176
-111.5 37.5 0.129954
-111 37.5 0.376669
-110.5 37.5 0.187944
-110 37.5 -0.121872
-109.5 37.5 -0.421124
-109 37.5 -1.01611
-108.5 37.5 -1.60674
-108 37.5 -2.23861
-107.5 37.5 -2.04571
-107 37.5 -2.24711
-106.5 37.5 -2.22882
-106 37.5 -2.21355
-105.5 37.5 -2.13612
-105 37.5 -1.82824
-104.5 37.5 -1.3286
-104 37.5 -0.574568
-103.5 37.5 0.308745
-103 37.5 0.725236
-102.5 37.5 0.689999
-102 37.5 0.390063
-101.5 37.5 -0.0618219
-101 37.5 -0.872465
-100.5 37.5 -1.37345
-100 37.5 -1.84432
-99.5 37.5 -2.15972
-99 37.5 -2.17954
-98.5 37.5 -1.72254
-98 37.5 -0.309288
-97.5 37.5 0.783906
-97 37.5 1.21126
-96.5 37.5 1.16693
-96 37.5 1.14887
-95.5 37.5 0.837687
-95 37.5 0.379149
-94.5 37.5 0.0728341
-94 37.5 -0.0389719
-93.5 37.5 -0.00497677
-93 37.5 -0.0326051
-92.5 37.5 -0.201714
-92 37.5 -0.562891
-91.5 37.5 -0.581619
-91 37.5 -0.630735
-90.5 37.5 -0.522891
-90 37.5 -0.438423
-89.5 37.5 -0.362095
-89 37.5 -0.265428
-88.5 37.5 -0.148797
-88 37.5 -0.026603
-87.5 37.5 0.261264
-87 37.5 0.471381
-86.5 37.5 1.02852
-86 37.5 1.463
-85.5 37.5 1.79641
-85 37.5 1.91839
-84.5 37.5 1.81985
-84 37.5 1.64326
-83.5 37.5 1.43802
-83 37.5 1.12747
-82.5 37.5 0.929066
-82 37.5 0.77559
-81.5 37.5 0.802855
-81 37.5 0.935234
-119 38 -2.81078
-118.5 38 -2.75177
-118 38 -2.5497
-117.5 38 -2.49591
-117 38 -2.41036
-116.5 38 -2.47062
-116 38 -2.53034
-115.5 38 -2.56098
-115 38 -2.54738
-114.5 38 -2.61733
-114 38 -2.68176
-113.5 38 -2.66751
-113 38 -2.40653
-112.5 38 -1.97161
-112 38 -1.33735
-111.5 38 -0.902254
-111 38 -0.459586
-110.5 38 -0.0881455
-110 38 0.0823538
-109.5 38 0.0745669
-109 38 -0.156348
-108.5 38 -0.637277
-108 38 -1.11854
-107.5 38 -1.39259
-107 38 -1.67699
-106.5 38 -1.91504
-106 38 -2.02181
-105.5 38 -2.12231
-105 38 -2.1025
-104.5 38 -1.72198
-104 38 -1.15546
-103.5 38 -0.393135
-103 38 0.14988
-102.5 38 0.338291
-102 38 0.311335
-101.5 38 0.325905
-101 38 -0.598377
-100.5 38 -1.19174
-100 38 -1.97236
-99.5 38 -2.42614
-99 38 -1.45286
-98.5 38 -0.401183
-98 38 1.09026
-97.5 38 1.67889
-97 38 1.32849
-96.5 38 0.823568
-96 38 0.405925
-95.5 38 0.0308749
-95 38 -0.283964
-94.5 38 -0.405859
-94 38 -0.35487
-93.5 38 -0.281523
-93 38 -0.30449
-92.5 38 -0.402629
-92 38 -0.460845
-91.5 38 -0.407165
-91 38 -0.341539
-90.5 38 -0.237449
-90 38 -0.14529
-89.5 38 -0.0113032
-89 38 0.1585
-88.5 38 0.303538
-88 38 0.509838
-87.5 38 0.720492
-87 38 0.980953
-86.5 38 1.33045
-86 38 1.59373
-85.5 38 1.71728
-85 38 1.6843
-84.5 38 1.53923
-84 38 1.37135
-83.5 38 1.03105
-83 38 0.596276
-82.5 38 0.178684
-82 38 -0.1538
-81.5 38 -0.134658
-81 38 -0.119301
-119 38.5 -1.81764
-118.5 38.5 -2.23585
-118 38.5 -2.60334
-117.5 38.5 -2.80494
-117 38.5 -3.04037
-116.5 38.5 -3.05031
-116 38.5 -3.1734
-115.5 38.5 -3.11057
-115 38.5 -3.13278
-114.5 38.5 -3.09847
-114 38.5 -3.20188
-113.5 38.5 -3.34022
-113 38.5 -3.48944
-112.5 38.5 -3.35668
-112 38.5 -3.16775
-111.5 38.5 -2.65222
-111 38.5 -2.06254
-110.5 38.5 -1.25665
-110 38.5 -0.397838
-109.5 38.5 0.000136487
-109 38.5 0.423203
-108.5 38.5 0.254794
-108 38.5 0.246766
-107.5 38.5 -0.176002
-107 38.5 -0.520925
-106.5 38.5 -0.968732
-106 38.5 -1.29244
-105.5 38.5 -1.63639
-105 38.5 -1.99671
-104.5 38.5 -1.7734
-104 38.5 -1.36983
-103.5 38.5 -0.79356
-103 38.5 -0.269286
-102.5 38.5 -0.13648
-102 38.5 -0.292004
-101.5 38.5 -0.226513
-101 38.5 -1.03863
-100.5 38.5 -2.12014
-99.5 38.5 -0.679121
-99 38.5 0.299932
-98.5 38.5 1.39932
-98 38.5 2.28111
-97.5 38.5 1.63752
-97 38.5 0.716112
-96.5 38.5 0.116524
-96 38.5 -0.416653
-95.5 38.5 -0.565363
-95 38.5 -0.739365
-94.5 38.5 -0.616381
-94 38.5 -0.482959
-93.5 38.5 -0.369733
-93 38.5 -0.315105
-92.5 38.5 -0.227012
-92 38.5 -0.0905563
-91.5 38.5 -0.0514536
-91 38.5 0.0471465
-90.5 38.5 0.0719906
-90 38.5 0.159497
-89.5 38.5 0.333617
-89 38.5 0.568287
-88.5 38.5 0.750111
-88 38.5 1.03212
-87.5 38.5 1.16024
-87 38.5 1.39458
-86.5 38.5 1.46662
-86 38.5 1.53438
-85.5 38.5 1.39743
-85 38.5 1.26048
-84.5 38.5 1.13952
-84 38.5 1.04838
-83.5 38.5 0.633337
-83 38.5 0.164634
-82.5 38.5 -0.419908
-82 38.5 -0.920544
-81.5 38.5 -0.853148
-81 38.5 -0.918923
-119 39 -1.64366
-118.5 39 -1.91525
-118 39 -2.31169
-117.5 39 -2.61807
-117 39 -2.90987
-116.5 39 -2.98896
-116 39 -3.08518
-115.5 39 -3.11036
-115 39 -3.15207
-114.5 39 -3.16705
-114 39 -3.30569
-113.5 39 -3.52889
-113 39 -3.82921
-112.5 39 -4.05314
-112 39 -4.1799
-111.5 39 -3.94682
-111 39 -3.54626
-110.5 39 -2.73231
-110 39 -1.90136
-109.5 39 -1.15323
-109 39 -0.580448
-108.5 39 -0.117062
-108 39 0.220886
-107.5 39 0.333238
-107 39 0.22146
-106.5 39 -0.087987
-106 39 -0.374108
-105.5 39 -0.669135
-105 39 -1.02172
-104.5 39 -1.08578
-104 39 -0.865093
-103.5 39 -0.709269
-103 39 -0.485297
-102.5 39 -0.429953
-102 39 -0.678089
-101.5 39 -0.100613
-98.5 39 1.84534
-98 39 2.13869
-97.5 39 1.0383
-97 39 0.289411
-96.5 39 -0.143849
-96 39 -0.374381
-95.5 39 -0.470465
-95 39 -0.538246
-94.5 39 -0.442391
-94 39 -0.355921
-93.5 39 -0.254334
-93 39 -0.164618
-92.5 39 -0.0579229
-92 39 0.0450802
-91.5 39 0.109367
-91 39 0.178659
-90.5 39 0.244341
-90 39 0.345201
-89.5 39 0.466341
-89 39 0.589383
-88.5 39 0.74723
-88 39 0.916339
-87.5 39 1.03936
-87 39 1.13989
-86.5 39 1.09501
-86 39 0.950651
-85.5 39 0.720589
-85 39 0.504272
-84.5 39 0.4088
-84 39 0.310537
-83.5 39 0.0990586
-83 39 -0.159615
-82.5 39 -0.50089
-82 39 -0.662386
-81.5 39 -0.706833
-81 39 -0.820663
-119 39.5 -1.32814
-118.5 39.5 -1.39096
-118 39.5 -1.65235
-117.5 39.5 -1.89039
-117 39.5 -2.22724
-116.5 39.5 -2.33386
-116 39.5 -2.46246
-115.5 39.5 -2.57343
-115 39.5 -2.69551
-114.5 39.5 -2.75967
-114 39.5 -2.93117
-113.5 39.5 -3.18581
-113 39.5 -3.53584
-112.5 39.5 -3.92879
-112 39.5 -4.31038
-111.5 39.5 -4.23217
-111 39.5 -4.1368
-110.5 39.5 -3.35658
-110 39.5 -2.78916
-109.5 39.5 -1.95147
-109 39.5 -1.51167
-108.5 39.5 -0.683616
-108 39.5 -0.121002
-107.5 39.5 0.397647
-107 39.5 0.648587
-106.5 39.5 0.518947
-106 39.5 0.339498
-105.5 39.5 0.0776407
-105 39.5 -0.080133
-104.5 39.5 -0.25135
-104 39.5 -0.0677017
-103.5 39.5 -0.256756
-103 39.5 -0.397215
-102.5 39.5 -0.617754
-102 39.5 -0.985053
-98 39.5 1.40531
-97.5 39.5 0.531021
-97 39.5 -0.0225516
-96.5 39.5 -0.114678
-96 39.5 -0.034372
-95.5 39.5 -0.104598
-95 39.5 -0.139552
-94.5 39.5 -0.125049
-94 39.5 -0.113373
-93.5 39.5 -0.0425161
-93 39.5 0.0259585
-92.5 39.5 0.0877307
-92 39.5 0.137489
-91.5 39.5 0.20886
-91 39.5 0.258115
-90.5 39.5 0.371566
-90 39.5 0.462355
-89.5 39.5 0.499978
-89 39.5 0.494303
-88.5 39.5 0.601095
-88 39.5 0.638189
-87.5 39.5 0.730953
-87 39.5 0.712935
-86.5 39.5 0.566958
-86 39.5 0.296004
-85.5 39.5 0.0377486
-85 39.5 -0.243219
-84.5 39.5 -0.277681
-84 39.5 -0.349278
-83.5 39.5 -0.31742
-83 39.5 -0.297515
-82.5 39.5 -0.316613
-82 39.5 -0.202145
-81.5 39.5 -0.414843
-81 39.5 -0.575819
-119 40 -0.149335
-118.5 40 -0.210329
-118 40 -0.327094
-117.5 40 -0.552323
-117 40 -0.82466
-116.5 40 -1.16208
-116 40 -1.44327
-115.5 40 -1.65793
-115 40 -1.80783
-114.5 40 -1.94261
-114 40 -2.10956
-113.5 40 -2.4182
-113 40 -2.72267
-112.5 40 -2.99438
-112 40 -3.11534
-111.5 40 -3.0531
-111 40 -2.74439
-110.5 40 -2.23034
-110 40 -1.61051
-109.5 40 -1.15424
-109 40 -0.735284
-108.5 40 -0.284553
-108 40 0.170337
-107.5 40 0.565919
-107 40 0.792449
-106.5 40 0.708516
-106 40 0.504136
-105.5 40 0.275151
-105 40 0.0774324
-104.5 40 -0.0774477
-104 40 -0.143825
-103.5 40 -0.121442
-103 40 -0.0906103
-102.5 40 -0.0765503
-102 40 -0.0118293
-98 40 -0.211191
-97.5 40 -0.4683
-97 40 -0.526158
-96.5 40 -0.317879
-96 40 -0.0166993
-95.5 40 0.133221
-95 40 0.24616
-94.5 40 0.215954
-94 40 0.176031
-93.5 40 0.195113
-93 40 0.224996
-92.5 40 0.27767
-92 40 0.326273
-91.5 40 0.398063
-91 40 0.463161
-90.5 40 0.541036
-90 40 0.606871
-89.5 40 0.655704
-89 40 0.675151
-88.5 40 0.68169
-88 40 0.637705
-87.5 40 0.577535
-87 40 0.439893
-86.5 40 0.248064
-86 40 0.00349577
-85.5 40 -0.230846
-85 40 -0.421013
-84.5 40 -0.504917
-84 40 -0.570813
-83.5 40 -0.542423
-83 40 -0.50245
-82.5 40 -0.422711
-82 40 -0.360138
-81.5 40 -0.526515
-81 40 -0.775907
-119 40.5 0.962031
-118.5 40.5 0.922246
-118 40.5 0.93853
-117.5 40.5 0.699226
-117 40.5 0.512226
-116.5 40.5 -0.0320336
-116 40.5 -0.445103
-115.5 40.5 -0.734676
-115 40.5 -0.892771
-114.5 40.5 -1.09395
-114 40.5 -1.23534
-113.5 40.5 -1.60878
-113 40.5 -1.83288
-112.5 40.5 -1.95327
-112 40.5 -1.7754
-111.5 40.5 -1.73378
-111 40.5 -1.23204
-110.5 40.5 -0.989508
-110 40.5 -0.289672
-109.5 40.5 -0.25267
-109 40.5 0.149629
-108.5 40.5 0.241312
-108 40.5 0.528784
-107.5 40.5 0.717347
-107 40.5 0.83288
-106.5 40.5 0.672499
-106 40.5 0.422777
-105.5 40.5 0.25457
-105 40.5 0.112175
-104.5 40.5 0.062623
-104 40.5 -0.164922
-103.5 40.5 0.147308
-103 40.5 0.403371
-102.5 40.5 0.721953
-102 40.5 1.32203
-98 40.5 -1.63734
-97.5 40.5 -1.30291
-97 40.5 -1.09566
-96.5 40.5 -0.778715
-96 40.5 -0.310912
-95.5 40.5 0.0308177
-95 40.5 0.377594
-94.5 40.5 0.379877
-94 40.5 0.354563
-93.5 40.5 0.384385
-93 40.5 0.408261
-92.5 40.5 0.479687
-92 40.5 0.524358
-91.5 40.5 0.596063
-91 40.5 0.657541
-90.5 40.5 0.692577
-90 40.5 0.740471
-89.5 40.5 0.826846
-89 40.5 0.898617
-88.5 40.5 0.847192
-88 40.5 0.738969
-87.5 40.5 0.561192
-87 40.5 0.336047
-86.5 40.5 0.147193
-86 40.5 -0.0379592
-85.5 40.5 -0.194888
-85 40.5 -0.298687
-84.5 40.5 -0.422936
-84 40.5 -0.517818
-83.5 40.5 -0.542444
-83 40.5 -0.56029
-82.5 40.5 -0.446826
-82 40.5 -0.442731
-81.5 40.5 -0.594305
-81 40.5 -0.883177
-119 41 1.24088
-118.5 41 1.31394
-118 41 1.32347
-117.5 41 1.13177
-117 41 0.848321
-116.5 41 0.469477
-116 41 0.112066
-115.5 41 -0.119871
-115 41 -0.313712
-114.5 41 -0.580077
-114 41 -0.870309
-113.5 41 -1.14263
-113 41 -1.35704
-112.5 41 -1.39077
-112 41 -1.41634
-111.5 41 -1.39732
-111 41 -1.35107
-110.5 41 -1.12424
-110 41 -0.946738
-109.5 41 -0.677352
-109 41 -0.327533
-108.5 41 0.0731796
-108 41 0.406919
-107.5 41 0.62751
-107 41 0.667296
-106.5 41 0.541417
-106 41 0.390913
-105.5 41 0.420831
-105 41 0.628628
-104.5 41 0.853514
-104 41 0.94493
-103.5 41 1.0089
-103 41 0.947196
-102.5 41 1.14037
-102 41 1.9427
-98 41 -1.17125
-97.5 41 -1.06043
-97 41 -1.21632
-96.5 41 -1.33568
-96 41 -1.09612
-95.5 41 -0.653342
-95 41 -0.181465
-94.5 41 0.152258
-94 41 0.364989
-93.5 41 0.475065
-93 41 0.587944
-92.5 41 0.657087
-92 41 0.706925
-91.5 41 0.717423
-91 41 0.734074
-90.5 41 0.746319
-90 41 0.781689
-89.5 41 0.852779
-89 41 0.933021
-88.5 41 0.911476
-88 41 0.839163
-87.5 41 0.633581
-87 41 0.400016
-86.5 41 0.214386
-86 41 0.0489535
-85.5 41 -0.00467004
-85 41 -0.0563296
-84.5 41 -0.11042
-84 41 -0.179034
-83.5 41 -0.178534
-83 41 -0.174112
-82.5 41 -0.0686022
-82 41 -0.0442495
-81.5 41 -0.128197
-81 41 -0.280974
-119 41.5 1.19435
-118.5 41.5 1.33935
-118 41.5 1.36263
-117.5 41.5 1.20327
-117 41.5 0.869237
-116.5 41.5 0.705647
-116 41.5 0.475962
-115.5 41.5 0.375483
-115 41.5 0.203461
-114.5 41.5 -0.0829346
-114 41.5 -0.419038
-113.5 41.5 -0.462681
-113 41.5 -0.600087
-112.5 41.5 -0.476432
-112 41.5 -0.680992
-111.5 41.5 -0.654507
-111 41.5 -1.04626
-110.5 41.5 -0.78587
-110 41.5 -1.10636
-109.5 41.5 -0.565182
-109 41.5 -0.369747
-108.5 41.5 0.284633
-108 41.5 0.551308
-107.5 41.5 0.739529
-107 41.5 0.660046
-106.5 41.5 0.537151
-106 41.5 0.489657
-105.5 41.5 0.800576
-105 41.5 1.30657
-104.5 41.5 1.72044
-104 41.5 1.90223
-103.5 41.5 1.48809
-103 41.5 1.21691
-102.5 41.5 1.51153
-102 41.5 2.32516
-101.5 41.5 2.67642
-101 41.5 2.86078
-100.5 41.5 2.10485
-99.5 41.5 -2.64707
-99 41.5 -1.89585
-98.5 41.5 -0.700611
-98 41.5 -0.495395
-97.5 41.5 -0.433134
-97 41.5 -0.82886
-96.5 41.5 -1.38904
-96 41.5 -1.71295
-95.5 41.5 -1.45082
-95 41.5 -1.00875
-94.5 41.5 -0.507987
-94 41.5 -0.0114439
-93.5 41.5 0.221081
-93 41.5 0.484335
-92.5 41.5 0.594134
-92 41.5 0.69512
-91.5 41.5 0.671139
-91 41.5 0.65119
-90.5 41.5 0.638525
-90 41.5 0.640737
-89.5 41.5 0.663093
-89 41.5 0.741485
-88.5 41.5 0.739232
-88 41.5 0.796296
-87.5 41.5 0.663779
-87 41.5 0.526379
-86.5 41.5 0.437087
-86 41.5 0.308131
-85.5 41.5 0.387967
-85 41.5 0.398139
-84.5 41.5 0.452479
-84 41.5 0.417002
-83.5 41.5 0.48353
-83 41.5 0.476149
-82.5 41.5 0.600553
-82 41.5 0.637622
-81.5 41.5 0.603281
-81 41.5 0.517617
-119 42 1.22998
-118.5 42 1.34324
-118 42 1.42849
-117.5 42 1.33092
-117 42 1.20245
-116.5 42 1.12491
-116 42 1.0848
-115.5 42 0.96296
-115 42 0.806574
-114.5 42 0.698961
-114 42 0.720859
-113.5 42 1.01559
-113 42 1.39427
-112.5 42 1.63696
-112 42 1.81224
-111.5 42 1.88644
-111 42 1.98481
-110.5 42 1.89234
-110 42 1.7055
-109.5 42 1.63649
-109 42 1.6665
-108.5 42 1.70687
-108 42 1.53679
-107.5 42 1.32897
-107 42 1.01241
-106.5 42 0.743721
-106 42 0.827616
-105.5 42 1.20968
-105 42 1.78716
-104.5 42 2.06901
-104 42 1.74734
-103.5 42 1.2695
-103 42 1.19346
-102.5 42 1.46415
-102 42 2.06388
-101.5 42 2.22812
-101 42 1.9844
-100.5 42 0.692577
-100 42 -0.470718
-99.5 42 -1.37452
-99 42 -1.26979
-98.5 42 -0.129982
-98 42 0.208144
-97.5 42 0.378445
-97 42 -0.145888
-96.5 42 -0.872798
-96 42 -1.5214
-95.5 42 -1.86575
-95 42 -1.7805
-94.5 42 -1.45913
-94 42 -1.03904
-93.5 42 -0.595175
-93 42 -0.194627
-92.5 42 0.0981877
-92 42 0.283838
-91.5 42 0.369597
-91 42 0.375099
-90.5 42 0.365504
-90 42 0.322955
-89.5 42 0.221952
-89 42 0.158023
-88.5 42 0.158251
-88 42 0.237817
-87.5 42 0.476503
-87 42 0.689316
-86.5 42 0.813141
-86 42 0.918382
-85.5 42 0.987751
-85 42 1.11588
-84.5 42 1.19615
-84 42 1.32551
-83.5 42 1.34973
-83 42 1.39478
-82.5 42 1.36261
-82 42 1.34566
-81.5 42 1.26086
-81 42 1.16186
-119 42.5 1.15313
-118.5 42.5 1.18838
-118 42.5 1.31336
-117.5 42.5 1.22243
-117 42.5 1.30047
-116.5 42.5 1.3154
-116 42.5 1.49208
-115.5 42.5 1.35926
-115 42.5 1.32353
-114.5 42.5 1.49287
-114 42.5 1.85204
-113.5 42.5 2.46089
-113 42.5 3.22775
-112.5 42.5 3.45081
-112 42.5 3.98971
-111.5 42.5 4.14195
-111 42.5 4.7525
-110.5 42.5 4.26307
-110 42.5 4.23146
-109.5 42.5 3.5814
-109 42.5 3.4544
-108.5 42.5 2.79275
-108 42.5 2.25067
-107.5 42.5 1.66143
-107 42.5 1.14519
-106.5 42.5 0.745185
-106 42.5 0.944411
-105.5 42.5 1.38371
-105 42.5 1.92494
-104.5 42.5 1.79659
-104 42.5 1.3324
-103.5 42.5 1.17636
-103 42.5 1.19721
-102.5 42.5 1.49498
-102 42.5 1.82327
-101.5 42.5 1.82511
-101 42.5 1.98267
-100.5 42.5 1.4936
-100 42.5 0.108154
-99.5 42.5 -1.17292
-99 42.5 -1.32365
-98.5 42.5 -0.459423
-98 42.5 0.211953
-97.5 42.5 0.598675
-97 42.5 0.381164
-96.5 42.5 -0.239373
-96 42.5 -0.932332
-95.5 42.5 -1.64657
-95 42.5 -2.12235
-94.5 42.5 -2.14801
-94 42.5 -2.01645
-93.5 42.5 -1.54053
-93 42.5 -1.02068
-92.5 42.5 -0.554676
-92 42.5 -0.258536
-91.5 42.5 -0.0562344
-91 42.5 -0.000210817
-90.5 42.5 0.0110218
-90 42.5 -0.0157024
-89.5 42.5 -0.188249
-89 42.5 -0.402366
-88.5 42.5 -0.424052
-88 42.5 -0.448031
-87.5 42.5 0.0246354
-87 42.5 0.542712
-86.5 42.5 0.776935
-86 42.5 1.07543
-85.5 42.5 1.05345
-85 42.5 1.26745
-84.5 42.5 1.29461
-84 42.5 1.62789
-83.5 42.5 1.6146
-83 42.5 1.7948
-82.5 42.5 1.64449
-82 42.5 1.62452
-81.5 42.5 1.50527
-81 42.5 1.45579
-119 43 0.863454
-118.5 43 0.732453
-118 43 0.57044
-117.5 43 0.578999
-117 43 0.696756
-116.5 43 0.863784
-116 43 1.0849
-115.5 43 1.31329
-115 43 1.64587
-114.5 43 2.05138
-114 43 2.57122
-113.5 43 2.96332
-113 43 3.22476
-112.5 43 3.35627
-112 43 3.52504
-111.5 43 3.76039
-111 43 3.92295
-110.5 43 3.70576
-110 43 3.42694
-109.5 43 3.13053
-109 43 2.95172
-108.5 43 2.495
-108 43 1.98288
-107.5 43 1.27418
-107 43 0.510366
-106.5 43 0.140024
-106 43 0.425524
-105.5 43 1.2085
-105 43 1.68238
-104.5 43 1.62394
-104 43 1.5195
-103.5 43 1.31507
-103 43 1.19389
-102.5 43 1.35255
-102 43 1.38274
-101.5 43 1.54392
-101 43 2.49854
-100.5 43 2.70784
-100 43 0.804956
-99.5 43 -1.07146
-99 43 -1.26051
-98.5 43 -0.684245
-98 43 0.0224975
-97.5 43 0.56658
-97 43 0.567364
-96.5 43 0.209151
-96 43 -0.373843
-95.5 43 -1.06552
-95 43 -1.764
-94.5 43 -2.21582
-94 43 -2.36208
-93.5 43 -2.16434
-93 43 -1.66229
-92.5 43 -1.0807
-92 43 -0.646575
-91.5 43 -0.401723
-91 43 -0.33425
-90.5 43 -0.363129
-90 43 -0.375358
-89.5 43 -0.418766
-89 43 -0.513135
-88.5 43 -0.551427
-88 43 -0.593723
-87.5 43 -0.495551
-87 43 -0.227135
-86.5 43 -0.0813816
-86 43 -0.0173316
-85.5 43 -0.0362645
-85 43 -0.0597864
-84.5 43 0.0280271
-84 43 0.231537
-83.5 43 0.532974
-83 43 0.800829
-82.5 43 0.916396
-82 43 0.953468
-81.5 43 1.0341
-81 43 1.0671
-119 43.5 0.838677
-118.5 43.5 0.571121
-118 43.5 0.130082
-117.5 43.5 0.249544
-117 43.5 0.292664
-116.5 43.5 0.49963
-116 43.5 0.704832
-115.5 43.5 1.22027
-115 43.5 1.78836
-114.5 43.5 2.28108
-114 43.5 2.81101
-113.5 43.5 2.76986
-113 43.5 2.58017
-112.5 43.5 2.55531
-112 43.5 2.36233
-111.5 43.5 2.62702
-111 43.5 2.428
-110.5 43.5 2.45153
-110 43.5 2.04076
-109.5 43.5 2.23593
-109 43.5 2.0479
-108.5 43.5 1.83928
-108 43.5 1.34115
-107.5 43.5 0.471297
-107 43.5 -0.248333
-106.5 43.5 -0.295507
-106 43.5 0.327265
-105.5 43.5 1.68072
-105 43.5 2.18963
-104.5 43.5 2.30352
-104 43.5 1.90897
-103.5 43.5 1.13731
-103 43.5 0.681558
-102.5 43.5 0.614009
-102 43.5 1.24886
-101.5 43.5 2.36479
-101 43.5 3.27414
-100.5 43.5 3.03469
-100 43.5 1.20924
-99.5 43.5 -0.604289
-99 43.5 -0.940436
-98.5 43.5 -0.550782
-98 43.5 -0.190841
-97.5 43.5 0.185337
-97 43.5 0.453393
-96.5 43.5 0.380389
-96 43.5 0.00838171
-95.5 43.5 -0.595474
-95 43.5 -1.27949
-94.5 43.5 -1.96492
-94 43.5 -2.40252
-93.5 43.5 -2.47734
-93 43.5 -2.15079
-92.5 43.5 -1.56419
-92 43.5 -0.980258
-91.5 43.5 -0.67347
-91 43.5 -0.598533
-90.5 43.5 -0.66736
-90 43.5 -0.729249
-89.5 43.5 -0.699681
-89 43.5 -0.644268
-88.5 43.5 -0.687309
-88 43.5 -0.698039
-87.5 43.5 -0.887419
-87 43.5 -0.943018
-86.5 43.5 -0.920197
-86 43.5 -1.10937
-85.5 43.5 -1.12176
-85 43.5 -1.41411
-84.5 43.5 -1.29222
-84 43.5 -1.31753
-83.5 43.5 -0.796585
-83 43.5 -0.425378
-82.5 43.5 -0.0412671
-82 43.5 0.0746753
-81.5 43.5 0.386838
-81 43.5 0.501032
-119 44 1.69116
-118.5 44 1.44379
-118 44 1.17772
-117.5 44 1.02086
-117 44 0.847381
-116.5 44 0.881118
-116 44 1.0106
-115.5 44 1.38556
-115 44 1.69796
-114.5 44 2.0941
-114 44 2.34805
-113.5 44 2.43659
-113 44 2.48081
-112.5 44 2.52092
-112 44 2.59142
-111.5 44 2.77851
-111 44 2.72613
-110.5 44 2.70255
-110 44 2.65485
-109.5 44 2.42997
-109 44 1.90053
-108.5 44 1.42866
-108 44 0.657169
-107.5 44 -0.0728056
-107 44 -0.231738
-106.5 44 0.360389
-106 44 2.00157
-105.5 44 3.48851
-105 44 3.71317
-104.5 44 3.08136
-104 44 1.65103
-103.5 44 0.32007
-103 44 -0.338529
-102.5 44 -0.106705
-102 44 1.64946
-101.5 44 3.52624
-101 44 4.21273
-100.5 44 3.58303
-100 44 1.53198
-99.5 44 -0.462899
-99 44 -0.738605
-98.5 44 -0.293147
-98 44 -0.255707
-97.5 44 -0.21093
-97 44 0.116206
-96.5 44 0.313308
-96 44 0.114145
-95.5 44 -0.340908
-95 44 -1.02964
-94.5 44 -1.74383
-94 44 -2.38687
-93.5 44 -2.70576
-93 44 -2.53369
-92.5 44 -2.03949
-92 44 -1.37699
-91.5 44 -0.929896
-91 44 -0.825874
-90.5 44 -0.914229
-90 44 -1.04043
-89.5 44 -1.0836
-89 44 -1.06176
-88.5 44 -1.12035
-88 44 -1.21475
-87.5 44 -1.33916
-87 44 -1.32616
-86.5 44 -1.16832
-86 44 -1.07579
-85.5 44 -1.11476
-85 44 -1.26592
-84.5 44 -1.3618
-84 44 -1.39808
-83.5 44 -1.23345
-83 44 -0.908892
-82.5 44 -0.426588
-82 44 -0.059476
-81.5 44 0.13536
-81 44 0.281873
-119 44.5 2.72378
-118.5 44.5 2.58769
-118 44.5 2.5715
-117.5 44.5 2.21895
-117 44.5 1.90536
-116.5 44.5 1.85674
-116 44.5 1.80288
-115.5 44.5 1.95002
-115 44.5 1.91784
-114.5 44.5 2.18577
-114 44.5 2.23466
-113.5 44.5 2.6146
-113 44.5 2.88891
-112.5 44.5 3.10562
-112 44.5 3.33966
-111.5 44.5 3.46451
-111 44.5 3.48076
-110.5 44.5 3.44236
-110 44.5 3.37456
-109.5 44.5 2.33351
-109 44.5 1.56314
-108.5 44.5 0.922349
-108 44.5 0.302334
-107.5 44.5 0.154378
-107 44.5 0.776318
-106.5 44.5 2.34106
-106 44.5 4.14464
-105.5 44.5 4.98112
-105 44.5 4.43681
-104.5 44.5 2.4653
-104 44.5 0.460134
-103.5 44.5 -0.961943
-103 44.5 -1.05785
-102.5 44.5 0.175757
-102 44.5 2.52268
-101.5 44.5 4.63851
-101 44.5 5.08578
-100.5 44.5 4.04227
-100 44.5 1.91448
-99.5 44.5 -0.063596
-99 44.5 -0.598325
-98.5 44.5 -0.377093
-98 44.5 -0.260505
-97.5 44.5 -0.176982
-97 44.5 -0.080242
-96.5 44.5 0.0715574
-96 44.5 0.0736272
-95.5 44.5 -0.204299
-95 44.5 -0.863901
-94.5 44.5 -1.62296
-94 44.5 -2.36591
-93.5 44.5 -2.87466
-93 44.5 -2.88668
-92.5 44.5 -2.48245
-92 44.5 -1.74323
-91.5 44.5 -1.15311
-91 44.5 -0.947274
-90.5 44.5 -1.00774
-90 44.5 -1.23398
-89.5 44.5 -1.37213
-89 44.5 -1.43292
-88.5 44.5 -1.54637
-88 44.5 -1.73852
-87.5 44.5 -1.8573
-87 44.5 -1.80154
-86.5 44.5 -1.56863
-86 44.5 -1.06761
-85.5 44.5 -1.02221
-85 44.5 -0.907171
-84.5 44.5 -1.07981
-84 44.5 -1.10912
-83.5 44.5 -1.2682
-83 44.5 -1.23095
-82.5 44.5 -0.875251
-82 44.5 -0.321266
-81.5 44.5 -0.274528
-81 44.5 -0.104822
-119 45 2.9283
-118.5 45 3.15948
-118 45 3.37719
-117.5 45 3.36656
-117 45 3.39776
-116.5 45 3.32934
-116 45 3.31314
-115.5 45 3.23797
-115 45 3.16753
-114.5 45 3.12969
-114 45 3.1494
-113.5 45 3.35284
-113 45 3.58218
-112.5 45 3.74162
-112 45 3.97214
-111.5 45 3.84443
-111 45 3.55911
-110.5 45 3.15248
-110 45 2.2577
-109.5 45 1.24394
-109 45 0.875203
-108.5 45 0.665416
-108 45 0.593931
-107.5 45 1.13491
-107 45 2.63725
-106.5 45 4.25766
-106 45 5.27872
-105.5 45 5.21108
-105 45 3.2244
-104.5 45 0.612206
-104 45 -1.28589
-103.5 45 -2.21251
-103 45 -1.22071
-102.5 45 0.814578
-102 45 3.65974
-101.5 45 5.87191
-101 45 5.75785
-100.5 45 4.41745
-100 45 2.2365
-99.5 45 0.187966
-99 45 -0.415226
-98.5 45 -0.351032
-98 45 -0.185464
-97.5 45 0.0540038
-97 45 0.0867381
-96.5 45 0.0244532
-96 45 0.108827
-95.5 45 0.0286742
-95 45 -0.537456
-94.5 45 -1.37197
-94 45 -2.27729
-93.5 45 -3.03469
-93 45 -3.31912
-92.5 45 -3.04227
-92 45 -2.20803
-91.5 45 -1.32018
-91 45 -0.886905
-90.5 45 -0.835
-90 45 -1.11496
-89.5 45 -1.39308
-89 45 -1.56897
-88.5 45 -1.68701
-88 45 -1.9522
-87.5 45 -2.27836
-87 45 -2.48745
-86.5 45 -2.52736
-86 45 -2.2423
-85.5 45 -1.80332
-85 45 -1.50771
-84.5 45 -1.39221
-84 45 -1.34728
-83.5 45 -1.51408
-83 45 -1.675
-82.5 45 -1.86187
-82 45 -1.77835
-81.5 45 -1.58642
-81 45 -1.35429
-119 45.5 3.15634
-118.5 45.5 3.75028
-118 45.5 4.08517
-117.5 45.5 4.31933
-117 45.5 4.5711
-116.5 45.5 4.39091
-116 45.5 4.43736
-115.5 45.5 4.15106
-115 45.5 4.09417
-114.5 45.5 3.75856
-114 45.5 3.74763
-113.5 45.5 3.72028
-113 45.5 3.89002
-112.5 45.5 3.91259
-112 45.5 4.00353
-111.5 45.5 3.35198
-111 45.5 2.76253
-110.5 45.5 1.89173
-110 45.5 0.919917
-109.5 45.5 0.67237
-109 45.5 0.738792
-108.5 45.5 0.969626
-108 45.5 1.58385
-107.5 45.5 2.98673
-107 45.5 4.43825
-106.5 45.5 5.1787
-106 45.5 5.05307
-105.5 45.5 3.57528
-105 45.5 1.12562
-104.5 45.5 -1.07992
-104 45.5 -2.38766
-103.5 45.5 -2.27562
-103 45.5 -0.502666
-102.5 45.5 2.11337
-102 45.5 4.67371
-101.5 45.5 6.13434
-101 45.5 5.70618
-100.5 45.5 4.26169
-100 45.5 2.64364
-99.5 45.5 1.15563
-99 45.5 0.0284251
-98.5 45.5 -0.509269
-98 45.5 -0.254421
-97.5 45.5 0.193941
-97 45.5 0.403129
-96.5 45.5 0.378122
-96 45.5 0.234742
-95.5 45.5 0.0905358
-95 45.5 -0.172943
-94.5 45.5 -0.849095
-94 45.5 -1.88597
-93.5 45.5 -2.86433
-93 45.5 -3.56459
-92.5 45.5 -3.54178
-92 45.5 -2.767
-91.5 45.5 -1.70452
-91 45.5 -0.842361
-90.5 45.5 -0.424085
-90 45.5 -0.607962
-89.5 45.5 -0.855202
-89 45.5 -1.2236
-88.5 45.5 -1.39028
-88 45.5 -1.6441
-87.5 45.5 -2.07979
-87 45.5 -2.60703
-86.5 45.5 -2.93214
-86 45.5 -3.20633
-85.5 45.5 -2.68944
-85 45.5 -2.25483
-84.5 45.5 -1.98146
-84 45.5 -1.8044
-83.5 45.5 -1.97838
-83 45.5 -2.12841
-82.5 45.5 -2.69953
-82 45.5 -3.20576
-81.5 45.5 -3.00547
-81 45.5 -2.68054
-119 46 4.62415
-118.5 46 4.79581
-118 46 4.66625
-117.5 46 4.46903
-117 46 4.26527
-116.5 46 3.97701
-116 46 3.83435
-115.5 46 3.61182
-115 46 3.42174
-114.5 46 3.18879
-114 46 3.12613
-113.5 46 3.16681
-113 46 3.11102
-112.5 46 3.04204
-112 46 2.58494
-111.5 46 1.95712
-111 46 1.43242
-110.5 46 0.927415
-110 46 0.776587
-109.5 46 1.07485
-109 46 1.45359
-108.5 46 2.06679
-108 46 3.38462
-107.5 46 4.70468
-107 46 5.17842
-106.5 46 4.89998
-106 46 3.55014
-105.5 46 1.48533
-105 46 -0.621047
-104.5 46 -2.3338
-104 46 -2.77906
-103.5 46 -1.81531
-103 46 0.672579
-102.5 46 3.45825
-102 46 5.40778
-101.5 46 6.26898
-101 46 5.37217
-100.5 46 3.86577
-100 46 3.01714
-99.5 46 2.21755
-99 46 0.673213
-98.5 46 -0.641851
-98 46 -0.431364
-97.5 46 0.240767
-97 46 0.578987
-96.5 46 0.725854
-96 46 0.457282
-95.5 46 0.11716
-95 46 0.0675312
-94.5 46 -0.215933
-94 46 -1.17342
-93.5 46 -2.28375
-93 46 -3.3075
-92.5 46 -3.90272
-92 46 -3.4332
-91.5 46 -2.31727
-91 46 -1.06624
-90.5 46 0.0173398
-90 46 0.423818
-89.5 46 0.258437
-89 46 -0.0491391
-88.5 46 -0.455545
-88 46 -0.767575
-87.5 46 -1.06296
-87 46 -1.56536
-86.5 46 -1.99386
-86 46 -2.46647
-85.5 46 -2.49811
-85 46 -2.28077
-84.5 46 -2.29165
-84 46 -2.43552
-83.5 46 -2.55235
-83 46 -2.78906
-82.5 46 -2.95336
-82 46 -3.39971
-81.5 46 -3.56437
-81 46 -3.39277
-119 46.5 5.58647
-118.5 46.5 4.99096
-118 46.5 4.37733
-117.5 46.5 3.65928
-117 46.5 3.11229
-116.5 46.5 2.74306
-116 46.5 2.55661
-115.5 46.5 2.46854
-115 46.5 2.36327
-114.5 46.5 2.38822
-114 46.5 2.41691
-113.5 46.5 2.62792
-113 46.5 2.43246
-112.5 46.5 2.31149
-112 46.5 1.59076
-111.5 46.5 1.3218
-111 46.5 0.966562
-110.5 46.5 1.11083
-110 46.5 1.50063
-109.5 46.5 2.16817
-109 46.5 2.86304
-108.5 46.5 3.85521
-108 46.5 4.90556
-107.5 46.5 5.19173
-107 46.5 4.66796
-106.5 46.5 3.3486
-106 46.5 1.63734
-105.5 46.5 -0.0829721
-105 46.5 -1.93786
-104.5 46.5 -3.25161
-104 46.5 -2.65388
-103.5 46.5 -0.609927
-103 46.5 1.91937
-102.5 46.5 4.17423
-102 46.5 5.68354
-101.5 46.5 6.02107
-101 46.5 4.90409
-100.5 46.5 3.5467
-100 46.5 3.3522
-99.5 46.5 3.17585
-99 46.5 1.65269
-98.5 46.5 -0.0270359
-98 46.5 -0.442144
-97.5 46.5 -0.0844803
-97 46.5 0.412265
-96.5 46.5 0.745942
-96 46.5 0.652252
-95.5 46.5 0.372165
-95 46.5 0.219731
-94.5 46.5 0.00569736
-94 46.5 -0.577175
-93.5 46.5 -1.56175
-93 46.5 -2.64397
-92.5 46.5 -3.66993
-92 46.5 -4.08055
-91.5 46.5 -3.53648
-91 46.5 -2.18603
-90.5 46.5 -0.805982
-90 46.5 0.689067
-89.5 46.5 1.17931
-89 46.5 1.23915
-88.5 46.5 1.01025
-88 46.5 0.566576
-87.5 46.5 0.395768
-87 46.5 0.0402086
-86.5 46.5 -0.355878
-86 46.5 -0.899394
-85.5 46.5 -1.21861
-85 46.5 -1.19846
-84.5 46.5 -1.33855
-84 46.5 -1.9435
-83.5 46.5 -1.98272
-83 46.5 -2.4374
-82.5 46.5 -2.27434
-82 46.5 -2.50095
-81.5 46.5 -2.90229
-81 46.5 -3.14927
-119 47 4.3143
-118.5 47 3.6084
-118 47 2.81465
-117.5 47 2.12627
-117 47 1.61653
-116.5 47 1.44318
-116 47 1.48086
-115.5 47 1.72524
-115 47 2.00406
-114.5 47 2.38036
-114 47 2.91345
-113.5 47 3.30097
-113 47 3.43316
-112.5 47 3.12584
-112 47 2.60545
-111.5 47 2.12664
-111 47 1.91637
-110.5 47 2.27411
-110 47 2.95351
-109.5 47 3.72758
-109 47 4.49425
-108.5 47 5.08257
-108 47 5.12945
-107.5 47 4.51959
-107 47 3.10445
-106.5 47 1.28256
-106 47 -0.0929313
-105.5 47 -1.32856
-105 47 -3.10847
-104.5 47 -4.05241
-104 47 -2.21596
-103.5 47 0.658162
-103 47 2.87006
-102.5 47 4.64262
-102 47 5.83663
-101.5 47 5.95978
-101 47 4.45453
-100.5 47 2.95543
-100 47 3.71836
-99.5 47 4.50284
-99 47 2.82167
-98.5 47 0.569764
-98 47 -0.347755
-97.5 47 -0.407246
-97 47 0.100133
-96.5 47 0.656776
-96 47 0.696553
-95.5 47 0.517102
-95 47 0.34559
-94.5 47 0.132932
-94 47 -0.205019
-93.5 47 -0.881599
-93 47 -1.92346
-92.5 47 -3.08322
-92 47 -4.2703
-91.5 47 -4.90123
-91 47 -4.36682
-90.5 47 -3.10577
-90 47 -1.32785
-89.5 47 0.585089
-89 47 1.57445
-88.5 47 2.1561
-88 47 2.27276
-87.5 47 2.0852
-87 47 1.93761
-86.5 47 1.58089
-86 47 1.0213
-85.5 47 0.477256
-85 47 0.578062
-84.5 47 0.985728
-84 47 0.877217
-83.5 47 0.740983
-83 47 0.5333
-82.5 47 0.144212
-82 47 -0.2464
-81.5 47 -0.920631
-81 47 -1.54766
-119 47.5 2.52114
-118.5 47.5 1.86325
-118 47.5 1.19837
-117.5 47.5 0.897239
-117 47.5 0.666129
-116.5 47.5 0.951355
-116 47.5 1.26946
-115.5 47.5 1.93888
-115 47.5 2.50243
-114.5 47.5 3.24809
-114 47.5 4.00627
-113.5 47.5 4.44236
-113 47.5 4.67608
-112.5 47.5 4.04389
-112 47.5 3.62213
-111.5 47.5 2.77442
-111 47.5 2.87239
-110.5 47.5 3.48134
-110 47.5 4.31165
-109.5 47.5 4.93265
-109 47.5 5.28558
-108.5 47.5 4.9084
-108 47.5 4.15362
-107.5 47.5 2.81918
-107 47.5 1.12527
-106.5 47.5 -0.594847
-106 47.5 -1.71294
-105.5 47.5 -2.64353
-105 47.5 -3.70976
-104.5 47.5 -3.70739
-104 47.5 -1.50166
-103.5 47.5 1.43091
-103 47.5 3.50893
-102.5 47.5 4.96685
-102 47.5 6.06368
-101.5 47.5 6.12224
-101 47.5 4.34966
-100.5 47.5 2.93726
-100 47.5 4.10849
-99.5 47.5 5.32005
-99 47.5 3.98224
-98.5 47.5 1.61346
-98 47.5 -0.0199958
-97.5 47.5 -0.619976
-97 47.5 -0.282227
-96.5 47.5 0.322241
-96 47.5 0.606851
-95.5 47.5 0.615741
-95 47.5 0.454606
-94.5 47.5 0.325775
-94 47.5 0.207305
-93.5 47.5 -0.13321
-93 47.5 -0.967287
-92.5 47.5 -1.95963
-92 47.5 -3.35568
-91.5 47.5 -4.53556
-91 47.5 -5.55548
-90.5 47.5 -5.12079
-90 47.5 -4.12132
-89.5 47.5 -2.07972
-89 47.5 0.0947257
-88.5 47.5 1.5176
-88 47.5 2.72922
-87.5 47.5 3.00516
-87 47.5 3.14334
-86.5 47.5 2.94365
-86 47.5 2.67058
-85.5 47.5 2.18127
-85 47.5 2.0285
-84.5 47.5 2.52551
-84 47.5 3.20827
-83.5 47.5 3.26638
-83 47.5 3.64547
-82.5 47.5 3.25171
-82 47.5 2.83705
-81.5 47.5 2.1419
-81 47.5 1.02033
-119 48 1.23444
-118.5 48 0.896023
-118 48 0.864256
-117.5 48 0.99646
-117 48 1.33741
-116.5 48 1.90983
-116 48 2.57501
-115.5 48 3.22532
-115 48 3.75506
-114.5 48 4.27817
-114 48 4.60007
-113.5 48 4.66512
-113 48 4.11161
-112.5 48 3.47093
-112 48 2.81727
-111.5 48 2.42127
-111 48 3.22859
-110.5 48 4.17245
-110 48 4.8378
-109.5 48 5.07006
-109 48 4.49612
-108.5 48 3.50269
-108 48 2.19986
-107.5 48 0.741447
-107 48 -0.812367
-106.5 48 -2.22036
-106 48 -2.86643
-105.5 48 -3.31367
-105 48 -3.76227
-104.5 48 -3.21322
-104 48 -0.615517
-103.5 48 2.34326
-103 48 4.13008
-102.5 48 5.42287
-102 48 6.68174
-101.5 48 6.65372
-101 48 4.15282
-100.5 48 2.44814
-100 48 4.60805
-99.5 48 6.69136
-99 48 5.17664
-98.5 48 2.41731
-98 48 0.28162
-97.5 48 -0.82352
-97 48 -0.580423
-96.5 48 0.0589785
-96 48 0.467487
-95.5 48 0.629757
-95 48 0.477192
-94.5 48 0.397548
-94 48 0.584722
-93.5 48 0.630616
-93 48 0.146145
-92.5 48 -0.362526
-92 48 -1.22833
-91.5 48 -2.33478
-91 48 -3.89677
-90.5 48 -5.10896
-90 48 -5.21385
-89.5 48 -4.70896
-89 48 -2.97985
-88.5 48 -1.08593
-88 48 0.570612
-87.5 48 1.90759
-87 48 2.54022
-86.5 48 2.89379
-86 48 3.05021
-85.5 48 3.04548
-85 48 2.90775
-84.5 48 2.82273
-84 48 3.28209
-83.5 48 3.62093
-83 48 4.21158
-82.5 48 4.93109
-82 48 5.35957
-81.5 48 5.55157
-81 48 4.8245
-119 48.5 0.888409
-118.5 48.5 1.27556
-118 48.5 1.70972
-117.5 48.5 2.19372
-117 48.5 2.88301
-116.5 48.5 3.61411
-116 48.5 4.3506
-115.5 48.5 4.67791
-115 48.5 4.97241
-114.5 48.5 4.99082
-114 48.5 4.73886
-113.5 48.5 4.11891
-113 48.5 3.17981
-112.5 48.5 2.855
-112 48.5 2.44729
-111.5 48.5 3.02264
-111 48.5 3.92773
-110.5 48.5 4.65637
-110 48.5 4.81773
-109.5 48.5 4.29101
-109 48.5 3.12085
-108.5 48.5 1.84231
-108 48.5 0.40155
-107.5 48.5 -0.735975
-107 48.5 -1.87381
-106.5 48.5 -2.61908
-106 48.5 -3.29388
-105.5 48.5 -3.69525
-105 48.5 -3.22381
-104.5 48.5 -1.70382
-104 48.5 0.314304
-103.5 48.5 2.41729
-103 48.5 4.82531
-102.5 48.5 6.93275
-102 48.5 7.23013
-101.5 48.5 5.80592
-101 48.5 3.82771
-100.5 48.5 3.16423
-100 48.5 5.435
-99.5 48.5 7.4679
-99 48.5 5.9189
-98.5 48.5 2.86402
-98 48.5 0.559244
-97.5 48.5 -0.686992
-97 48.5 -0.684661
-96.5 48.5 -0.182575
-96 48.5 0.218821
-95.5 48.5 0.365525
-95 48.5 0.222952
-94.5 48.5 0.149041
-94 48.5 0.484997
-93.5 48.5 0.619895
-93 48.5 0.277263
-92.5 48.5 -0.0729934
-92 48.5 0.0513164
-91.5 48.5 -0.590992
-91 48.5 -1.70711
-90.5 48.5 -3.49282
-90 48.5 -4.66384
-89.5 48.5 -5.39226
-89 48.5 -5.37692
-88.5 48.5 -4.04733
-88 48.5 -2.55993
-87.5 48.5 -0.777389
-87 48.5 0.548971
-86.5 48.5 1.48341
-86 48.5 2.17574
-85.5 48.5 2.60937
-85 48.5 2.99807
-84.5 48.5 2.8413
-84 48.5 2.7245
-83.5 48.5 2.91542
-83 48.5 3.19454
-82.5 48.5 4.29066
-82 48.5 5.67762
-81.5 48.5 6.60668
-81 48.5 7.28948
-119 49 2.25521
-118.5 49 2.82645
-118 49 3.25794
-117.5 49 3.78349
-117 49 4.50153
-116.5 49 5.17855
-116 49 5.58511
-115.5 49 5.74088
-115 49 5.80203
-114.5 49 5.5771
-114 49 5.03273
-113.5 49 4.26411
-113 49 3.83266
-112.5 49 3.72907
-112 49 3.88909
-111.5 49 4.51878
-111 49 5.01299
-110.5 49 5.23889
-110 49 4.7426
-109.5 49 3.6715
-109 49 2.33764
-108.5 49 0.877157
-108 49 -0.300322
-107.5 49 -1.24079
-107 49 -1.88556
-106.5 49 -2.33331
-106 49 -3.30123
-105.5 49 -3.7109
-105 49 -2.25739
-104.5 49 -0.160877
-104 49 0.912807
-103.5 49 2.31756
-103 49 5.72945
-102.5 49 8.46894
-102 49 7.37756
-101.5 49 4.97206
-101 49 3.5818
-100.5 49 3.46166
-100 49 6.29964
-99.5 49 8.68663
-99 49 6.49903
-98.5 49 2.97985
-98 49 0.757866
-97.5 49 -0.567655
-97 49 -0.691019
-96.5 49 -0.31509
-96 49 -0.0391
-95.5 49 0.0495529
-95 49 -0.240677
-94.5 49 -0.490792
-94 49 -0.114483
-93.5 49 0.10612
-93 49 -0.475933
-92.5 49 -1.09705
-92 49 -0.557642
-91.5 49 -0.329433
-91 49 -1.15955
-90.5 49 -2.47126
-90 49 -3.97611
-89.5 49 -5.07569
-89 49 -5.89138
-88.5 49 -5.75897
-88 49 -4.7014
-87.5 49 -3.28223
-87 49 -1.82384
-86.5 49 -0.616874
-86 49 0.329307
-85.5 49 1.05245
-85 49 1.77511
-84.5 49 2.20068
-84 49 2.09923
-83.5 49 2.07594
-83 49 2.05598
-82.5 49 2.4737
-82 49 3.71577
-81.5 49 4.91772
-81 49 6.06564
