-119 25 756.498
-118.5 25 746.391
-118 25 736.29
-117.5 25 726.181
-117 25 716.179
-116.5 25 706.492
-116 25 696.923
-115.5 25 687.233
-115 25 677.621
-114.5 25 668.109
-114 25 658.748
-113.5 25 649.739
-113 25 640.931
-112.5 25 632.159
-112 25 623.589
-111.5 25 615.242
-111 25 607.212
-110.5 25 599.633
-110 25 592.476
-109.5 25 585.663
-109 25 579.274
-108.5 25 573.319
-108 25 567.806
-107.5 25 562.709
-107 25 557.941
-106.5 25 553.34
-106 25 549.023
-105.5 25 545.079
-105 25 541.307
-104.5 25 537.419
-104 25 533.713
-103.5 25 530.457
-103 25 527.545
-102.5 25 524.881
-102 25 522.646
-101.5 25 520.957
-101 25 520.012
-100.5 25 520.007
-100 25 520.785
-99.5 25 521.367
-99 25 527.48
-98.5 25 538.787
-98 25 549.3
-97.5 25 552.717
-97 25 551.273
-96.5 25 553.549
-96 25 555.72
-95.5 25 552.375
-95 25 552.064
-94.5 25 556.303
-94 25 563.654
-93.5 25 567.738
-93 25 571.381
-92.5 25 576.511
-92 25 582.584
-91.5 25 589.278
-91 25 596.489
-90.5 25 604.156
-90 25 611.999
-89.5 25 619.59
-89 25 627.179
-88.5 25 634.6
-88 25 642.296
-87.5 25 652.013
-87 25 660.82
-86.5 25 666.277
-86 25 671.28
-85.5 25 678.044
-85 25 685.615
-84.5 25 693.421
-84 25 701.319
-83.5 25 709.19
-83 25 717.099
-82.5 25 724.778
-82 25 732.89
-81.5 25 742.076
-81 25 751.53
-119 25.5 743.581
-118.5 25.5 733.452
-118 25.5 723.338
-117.5 25.5 713.225
-117 25.5 703.191
-116.5 25.5 693.302
-116 25.5 683.524
-115.5 25.5 673.853
-115 25.5 664.27
-114.5 25.5 654.756
-114 25.5 645.339
-113.5 25.5 636.029
-113 25.5 626.903
-112.5 25.5 618.058
-112 25.5 609.401
-111.5 25.5 600.85
-111 25.5 592.567
-110.5 25.5 584.733
-110 25.5 577.311
-109.5 25.5 570.288
-109 25.5 563.683
-108.5 25.5 557.519
-108 25.5 551.811
-107.5 25.5 546.574
-107 25.5 541.676
-106.5 25.5 536.983
-106 25.5 532.582
-105.5 25.5 528.566
-105 25.5 524.718
-104.5 25.5 520.836
-104 25.5 517.106
-103.5 25.5 513.74
-103 25.5 510.721
-102.5 25.5 508.021
-102 25.5 505.721
-101.5 25.5 503.915
-101 25.5 502.867
-100.5 25.5 502.824
-100 25.5 503.495
-99.5 25.5 504.692
-99 25.5 509.752
-98.5 25.5 522.159
-98 25.5 533.297
-97.5 25.5 534.45
-97 25.5 532.203
-96.5 25.5 533.008
-96 25.5 534.423
-95.5 25.5 533.895
-95 25.5 534.799
-94.5 25.5 540.769
-94 25.5 547.774
-93.5 25.5 551.964
-93 25.5 555.671
-92.5 25.5 560.846
-92 25.5 567.116
-91.5 25.5 574.073
-91 25.5 581.482
-90.5 25.5 589.255
-90 25.5 597.208
-89.5 25.5 605.177
-89 25.5 613.275
-88.5 25.5 621.512
-88 25.5 629.963
-87.5 25.5 638.667
-87 25.5 646.361
-86.5 25.5 651.457
-86 25.5 656.346
-85.5 25.5 663.104
-85 25.5 670.826
-84.5 25.5 678.737
-84 25.5 686.655
-83.5 25.5 694.452
-83 25.5 702.314
-82.5 25.5 710.375
-82 25.5 718.921
-81.5 25.5 728.306
-81 25.5 737.929
-119 26 730.728
-118.5 26 720.558
-118 26 710.432
-117.5 26 700.31
-117 26 690.256
-116.5 26 680.184
-116 26 670.192
-115.5 26 660.519
-115 26 650.955
-114.5 26 641.431
-114 26 631.99
-113.5 26 622.39
-113 26 612.942
-112.5 26 604.039
-112 26 595.327
-111.5 26 586.561
-111 26 578.022
-110.5 26 569.946
-110 26 562.248
-109.5 26 554.995
-109 26 548.161
-108.5 26 541.762
-108 26 535.829
-107.5 26 530.448
-107 26 525.439
-106.5 26 520.618
-106 26 516.106
-105.5 26 512.041
-105 26 508.167
-104.5 26 504.252
-104 26 500.479
-103.5 26 497.018
-103 26 493.893
-102.5 26 491.157
-102 26 488.817
-101.5 26 486.861
-101 26 485.702
-100.5 26 485.796
-100 26 486.774
-99.5 26 488.117
-99 26 492.73
-98.5 26 504.992
-98 26 514.004
-97.5 26 515.41
-97 26 511.671
-96.5 26 512.093
-96 26 513.638
-95.5 26 515.744
-95 26 519.055
-94.5 26 525.524
-94 26 532.396
-93.5 26 535.929
-93 26 539.524
-92.5 26 545.129
-92 26 551.77
-91.5 26 559.011
-91 26 566.582
-90.5 26 574.386
-90 26 582.367
-89.5 26 590.585
-89 26 599.105
-88.5 26 608.041
-88 26 616.984
-87.5 26 624.592
-87 26 631.499
-86.5 26 636.032
-86 26 640.847
-85.5 26 648.118
-85 26 656.158
-84.5 26 664.095
-84 26 672.01
-83.5 26 679.705
-83 26 687.573
-82.5 26 696.03
-82 26 704.903
-81.5 26 714.488
-81 26 724.248
-119 26.5 718.155
-118.5 26.5 707.817
-118 26.5 697.554
-117.5 26.5 687.414
-117 26.5 677.341
-116.5 26.5 667.249
-116 26.5 657.225
-115.5 26.5 647.354
-115 26.5 637.611
-114.5 26.5 628.024
-114 26.5 618.49
-113.5 26.5 608.891
-113 26.5 599.408
-112.5 26.5 590.226
-112 26.5 581.248
-111.5 26.5 572.42
-111 26.5 563.79
-110.5 26.5 555.421
-110 26.5 547.409
-109.5 26.5 539.889
-109 26.5 532.81
-108.5 26.5 526.155
-108 26.5 519.991
-107.5 26.5 514.396
-107 26.5 509.217
-106.5 26.5 504.311
-106 26.5 499.737
-105.5 26.5 495.561
-105 26.5 491.598
-104.5 26.5 487.688
-104 26.5 483.901
-103.5 26.5 480.332
-103 26.5 477.094
-102.5 26.5 474.301
-102 26.5 471.891
-101.5 26.5 469.848
-101 26.5 468.632
-100.5 26.5 468.726
-100 26.5 469.838
-99.5 26.5 471.954
-99 26.5 476.836
-98.5 26.5 485.723
-98 26.5 493.572
-97.5 26.5 494.651
-97 26.5 493.104
-96.5 26.5 492.7
-96 26.5 494.211
-95.5 26.5 498.898
-95 26.5 504.597
-94.5 26.5 509.76
-94 26.5 514.583
-93.5 26.5 518.838
-93 26.5 523.551
-92.5 26.5 529.673
-92 26.5 536.709
-91.5 26.5 544.226
-91 26.5 551.964
-90.5 26.5 559.677
-90 26.5 567.561
-89.5 26.5 575.833
-89 26.5 584.344
-88.5 26.5 593.346
-88 26.5 601.771
-87.5 26.5 608.325
-87 26.5 614.102
-86.5 26.5 619.805
-86 26.5 626.011
-85.5 26.5 633.524
-85 26.5 641.568
-84.5 26.5 649.388
-84 26.5 657.172
-83.5 26.5 665.064
-83 26.5 673.252
-82.5 26.5 682.018
-82 26.5 691.145
-81.5 26.5 700.455
-81 26.5 709.846
-119 27 705.807
-118.5 27 695.275
-118 27 684.822
-117.5 27 674.624
-117 27 664.533
-116.5 27 654.418
-116 27 644.383
-115.5 27 634.327
-115 27 624.374
-114.5 27 614.706
-114 27 605.106
-113.5 27 595.504
-113 27 586
-112.5 27 576.578
-112 27 567.349
-111.5 27 558.452
-111 27 549.752
-110.5 27 541.099
-110 27 532.762
-109.5 27 524.978
-109 27 517.641
-108.5 27 510.694
-108 27 504.256
-107.5 27 498.44
-107 27 493.09
-106.5 27 488.053
-106 27 483.389
-105.5 27 479.114
-105 27 475.088
-104.5 27 471.15
-104 27 467.347
-103.5 27 463.662
-103 27 460.302
-102.5 27 457.479
-102 27 455.05
-101.5 27 452.836
-101 27 451.472
-100.5 27 451.635
-100 27 452.808
-99.5 27 454.904
-99 27 458.994
-98.5 27 465.089
-98 27 470.868
-97.5 27 473.097
-97 27 473.935
-96.5 27 473.857
-96 27 475.549
-95.5 27 482.894
-95 27 490.519
-94.5 27 493.889
-94 27 496.759
-93.5 27 501.703
-93 27 507.5
-92.5 27 514.351
-92 27 521.838
-91.5 27 529.589
-91 27 537.526
-90.5 27 545.156
-90 27 552.972
-89.5 27 561.343
-89 27 569.502
-88.5 27 578.242
-88 27 586.081
-87.5 27 591.464
-87 27 596.458
-86.5 27 603.57
-86 27 611.1
-85.5 27 618.992
-85 27 627.113
-84.5 27 634.728
-84 27 642.434
-83.5 27 650.589
-83 27 659.064
-82.5 27 668.115
-82 27 677.398
-81.5 27 686.351
-81 27 695.392
-119 27.5 693.693
-118.5 27.5 683.009
-118 27.5 672.409
-117.5 27.5 662.003
-117 27.5 651.737
-116.5 27.5 641.595
-116 27.5 631.528
-115.5 27.5 621.458
-115 27.5 611.468
-114.5 27.5 601.607
-114 27.5 591.842
-113.5 27.5 582.192
-113 27.5 572.618
-112.5 27.5 563.092
-112 27.5 553.73
-111.5 27.5 544.649
-111 27.5 535.753
-110.5 27.5 526.952
-110 27.5 518.407
-109.5 27.5 510.292
-109 27.5 502.61
-108.5 27.5 495.404
-108 27.5 488.717
-107.5 27.5 482.603
-107 27.5 477
-106.5 27.5 471.845
-106 27.5 467.093
-105.5 27.5 462.694
-105 27.5 458.557
-104.5 27.5 454.602
-104 27.5 450.764
-103.5 27.5 447.015
-103 27.5 443.571
-102.5 27.5 440.666
-102 27.5 438.131
-101.5 27.5 435.861
-101 27.5 434.459
-100.5 27.5 434.552
-100 27.5 435.504
-99.5 27.5 436.698
-99 27.5 439.106
-98.5 27.5 443.207
-98 27.5 447.378
-97.5 27.5 450.32
-97 27.5 452.733
-96.5 27.5 455.916
-96 27.5 460.696
-95.5 27.5 467.66
-95 27.5 474.225
-94.5 27.5 477.552
-94 27.5 480.416
-93.5 27.5 485.576
-93 27.5 492.074
-92.5 27.5 499.347
-92 27.5 507.021
-91.5 27.5 514.844
-91 27.5 522.769
-90.5 27.5 530.795
-90 27.5 539.093
-89.5 27.5 547.966
-89 27.5 556.343
-88.5 27.5 563.282
-88 27.5 569.361
-87.5 27.5 575.099
-87 27.5 581.163
-86.5 27.5 588.583
-86 27.5 596.494
-85.5 27.5 604.337
-85 27.5 612.203
-84.5 27.5 620.016
-84 27.5 628.008
-83.5 27.5 636.452
-83 27.5 645.206
-82.5 27.5 654.204
-82 27.5 663.306
-81.5 27.5 672.243
-81 27.5 681.293
-119 28 681.82
-118.5 28 670.975
-118 28 660.213
-117.5 28 649.593
-117 28 639.114
-116.5 28 628.897
-116 28 618.787
-115.5 28 608.691
-115 28 598.69
-114.5 28 588.666
-114 28 578.737
-113.5 28 569.022
-113 28 559.38
-112.5 28 549.741
-112 28 540.25
-111.5 28 531.002
-111 28 521.944
-110.5 28 512.991
-110 28 504.255
-109.5 28 495.829
-109 28 487.793
-108.5 28 480.304
-108 28 473.333
-107.5 28 466.894
-107 28 461.013
-106.5 28 455.704
-106 28 450.85
-105.5 28 446.313
-105 28 442.067
-104.5 28 438.088
-104 28 434.239
-103.5 28 430.387
-103 28 426.825
-102.5 28 423.888
-102 28 421.322
-101.5 28 418.871
-101 28 417.252
-100.5 28 417.35
-100 28 418.148
-99.5 28 418.145
-99 28 418.855
-98.5 28 421.732
-98 28 424.924
-97.5 28 428.306
-97 28 431.828
-96.5 28 438.049
-96 28 445.462
-95.5 28 452.157
-95 28 458.193
-94.5 28 461.192
-94 28 464.017
-93.5 28 469.92
-93 28 477.104
-92.5 28 484.657
-92 28 492.416
-91.5 28 500.23
-91 28 508.14
-90.5 28 516.53
-90 28 525.152
-89.5 28 534.601
-89 28 543.298
-88.5 28 548.308
-88 28 552.817
-87.5 28 559.19
-87 28 566.302
-86.5 28 574.075
-86 28 582.168
-85.5 28 589.755
-85 28 597.404
-84.5 28 605.441
-84 28 613.731
-83.5 28 622.501
-83 28 631.478
-82.5 28 640.37
-82 28 649.368
-81.5 28 658.365
-81 28 667.543
-119 28.5 670.113
-118.5 28.5 659.143
-118 28.5 648.254
-117.5 28.5 637.483
-117 28.5 626.861
-116.5 28.5 616.418
-116 28.5 606.112
-115.5 28.5 595.951
-115 28.5 585.886
-114.5 28.5 575.855
-114 28.5 565.903
-113.5 28.5 556.039
-113 28.5 546.246
-112.5 28.5 536.523
-112 28.5 526.916
-111.5 28.5 517.502
-111 28.5 508.269
-110.5 28.5 499.216
-110 28.5 490.344
-109.5 28.5 481.642
-109 28.5 473.277
-108.5 28.5 465.453
-108 28.5 458.139
-107.5 28.5 451.35
-107 28.5 445.161
-106.5 28.5 439.658
-106 28.5 434.663
-105.5 28.5 429.994
-105 28.5 425.64
-104.5 28.5 421.602
-104 28.5 417.702
-103.5 28.5 413.789
-103 28.5 410.176
-102.5 28.5 407.127
-102 28.5 404.445
-101.5 28.5 401.954
-101 28.5 400.247
-100.5 28.5 399.898
-100 28.5 400.111
-99.5 28.5 399.987
-99 28.5 400.425
-98.5 28.5 402.323
-98 28.5 405.116
-97.5 28.5 408.828
-97 28.5 413.542
-96.5 28.5 420.133
-96 28.5 427.665
-95.5 28.5 434.812
-95 28.5 440.902
-94.5 28.5 444.763
-94 28.5 448.647
-93.5 28.5 454.91
-93 28.5 462.43
-92.5 28.5 470.136
-92 28.5 477.898
-91.5 28.5 485.808
-91 28.5 493.956
-90.5 28.5 502.461
-90 28.5 511.244
-89.5 28.5 520.028
-89 28.5 527.675
-88.5 28.5 532.642
-88 28.5 537.294
-87.5 28.5 544.002
-87 28.5 551.67
-86.5 28.5 559.517
-86 28.5 567.419
-85.5 28.5 575.143
-85 28.5 582.982
-84.5 28.5 591.215
-84 28.5 599.786
-83.5 28.5 608.709
-83 28.5 617.742
-82.5 28.5 626.574
-82 28.5 635.532
-81.5 28.5 644.906
-81 28.5 654.539
-119 29 658.661
-118.5 29 647.532
-118 29 636.514
-117.5 29 625.602
-117 29 614.85
-116.5 29 604.178
-116 29 593.639
-115.5 29 583.367
-115 29 573.213
-114.5 29 563.148
-114 29 553.189
-113.5 29 543.194
-113 29 533.278
-112.5 29 523.467
-112 29 513.741
-111.5 29 504.159
-111 29 494.757
-110.5 29 485.605
-110 29 476.644
-109.5 29 467.681
-109 29 458.996
-108.5 29 450.85
-108 29 443.176
-107.5 29 435.996
-107 29 429.445
-106.5 29 423.723
-106 29 418.57
-105.5 29 413.719
-105 29 409.225
-104.5 29 405.109
-104 29 401.169
-103.5 29 397.113
-103 29 393.41
-102.5 29 390.329
-102 29 387.645
-101.5 29 385.017
-101 29 383.092
-100.5 29 382.503
-100 29 382.479
-99.5 29 382.322
-99 29 382.724
-98.5 29 384.216
-98 29 386.791
-97.5 29 390.667
-97 29 395.785
-96.5 29 402.108
-96 29 409.278
-95.5 29 416.722
-95 29 423.429
-94.5 29 428.006
-94 29 432.719
-93.5 29 439.74
-93 29 447.733
-92.5 29 455.489
-92 29 463.157
-91.5 29 470.965
-91 29 479.136
-90.5 29 487.617
-90 29 496.421
-89.5 29 504.568
-89 29 511.735
-88.5 29 516.714
-88 29 521.604
-87.5 29 529.096
-87 29 537.278
-86.5 29 545.019
-86 29 552.744
-85.5 29 560.586
-85 29 568.65
-84.5 29 577.138
-84 29 585.961
-83.5 29 595.043
-83 29 604.225
-82.5 29 613.037
-82 29 622.048
-81.5 29 631.953
-81 29 642.099
-119 29.5 647.494
-118.5 29.5 636.161
-118 29.5 624.933
-117.5 29.5 613.905
-117 29.5 603.032
-116.5 29.5 592.231
-116 29.5 581.566
-115.5 29.5 571.064
-115 29.5 560.704
-114.5 29.5 550.51
-114 29.5 540.431
-113.5 29.5 530.438
-113 29.5 520.517
-112.5 29.5 510.621
-112 29.5 500.78
-111.5 29.5 491.016
-111 29.5 481.405
-110.5 29.5 472.1
-110 29.5 462.972
-109.5 29.5 453.918
-109 29.5 445.072
-108.5 29.5 436.552
-108 29.5 428.444
-107.5 29.5 420.92
-107 29.5 414.034
-106.5 29.5 407.941
-106 29.5 402.47
-105.5 29.5 397.478
-105 29.5 392.876
-104.5 29.5 388.535
-104 29.5 384.355
-103.5 29.5 380.246
-103 29.5 376.499
-102.5 29.5 373.398
-102 29.5 370.683
-101.5 29.5 368.081
-101 29.5 366.129
-100.5 29.5 365.288
-100 29.5 365.057
-99.5 29.5 364.975
-99 29.5 365.431
-98.5 29.5 366.883
-98 29.5 369.406
-97.5 29.5 373.067
-97 29.5 377.944
-96.5 29.5 384.039
-96 29.5 390.922
-95.5 29.5 398.098
-95 29.5 404.841
-94.5 29.5 410.737
-94 29.5 416.849
-93.5 29.5 424.115
-93 29.5 432.19
-92.5 29.5 440.23
-92 29.5 448.065
-91.5 29.5 455.137
-91 29.5 462.597
-90.5 29.5 471.303
-90 29.5 480.188
-89.5 29.5 487.951
-89 29.5 494.788
-88.5 29.5 500.952
-88 29.5 507.266
-87.5 29.5 514.739
-87 29.5 522.721
-86.5 29.5 530.439
-86 29.5 538.165
-85.5 29.5 546.101
-85 29.5 554.4
-84.5 29.5 563.134
-84 29.5 572.21
-83.5 29.5 581.372
-83 29.5 590.625
-82.5 29.5 599.915
-82 29.5 609.492
-81.5 29.5 619.685
-81 29.5 630.126
-119 30 636.756
-118.5 30 625.182
-118 30 613.682
-117.5 30 602.489
-117 30 591.476
-116.5 30 580.521
-116 30 569.741
-115.5 30 559.014
-115 30 548.432
-114.5 30 538.069
-114 30 527.831
-113.5 30 517.802
-113 30 507.886
-112.5 30 497.909
-112 30 488.003
-111.5 30 478.079
-111 30 468.247
-110.5 30 458.778
-110 30 449.487
-109.5 30 440.334
-109 30 431.379
-108.5 30 422.534
-108 30 414.01
-107.5 30 406.138
-107 30 398.844
-106.5 30 392.334
-106 30 386.48
-105.5 30 381.265
-105 30 376.532
-104.5 30 371.955
-104 30 367.57
-103.5 30 363.331
-103 30 359.464
-102.5 30 356.395
-102 30 353.749
-101.5 30 351.082
-101 30 349.069
-100.5 30 348.203
-100 30 347.988
-99.5 30 347.944
-99 30 348.434
-98.5 30 349.935
-98 30 352.418
-97.5 30 355.757
-97 30 360.235
-96.5 30 366.08
-96 30 372.663
-95.5 30 379.536
-95 30 386.23
-94.5 30 392.918
-94 30 399.937
-93.5 30 407.332
-93 30 415.507
-92.5 30 423.696
-92 30 431.913
-91.5 30 438.179
-91 30 444.92
-90.5 30 454.119
-90 30 463.414
-89.5 30 470.916
-89 30 477.738
-88.5 30 485.108
-88 30 492.651
-87.5 30 500.21
-87 30 508.098
-86.5 30 515.701
-86 30 523.466
-85.5 30 531.506
-85 30 540.05
-84.5 30 549.072
-84 30 558.521
-83.5 30 567.858
-83 30 577.354
-82.5 30 587.204
-82 30 597.338
-81.5 30 607.894
-81 30 618.646
-119 30.5 626.627
-118.5 30.5 614.784
-118 30.5 603.013
-117.5 30.5 591.459
-117 30.5 580.1
-116.5 30.5 568.983
-116 30.5 558.045
-115.5 30.5 547.227
-115 30.5 536.553
-114.5 30.5 525.973
-114 30.5 515.539
-113.5 30.5 505.304
-113 30.5 495.204
-112.5 30.5 485.227
-112 30.5 475.321
-111.5 30.5 465.411
-111 30.5 455.544
-110.5 30.5 445.729
-110 30.5 436.097
-109.5 30.5 426.845
-109 30.5 417.803
-108.5 30.5 408.787
-108 30.5 400.059
-107.5 30.5 391.76
-107 30.5 384.023
-106.5 30.5 376.987
-106 30.5 370.648
-105.5 30.5 365.063
-105 30.5 360.037
-104.5 30.5 355.385
-104 30.5 350.939
-103.5 30.5 346.559
-103 30.5 342.579
-102.5 30.5 339.347
-102 30.5 336.564
-101.5 30.5 333.966
-101 30.5 332.035
-100.5 30.5 331.201
-100 30.5 331.059
-99.5 30.5 331.163
-99 30.5 331.762
-98.5 30.5 333.177
-98 30.5 335.476
-97.5 30.5 338.681
-97 30.5 342.979
-96.5 30.5 348.505
-96 30.5 354.799
-95.5 30.5 361.449
-95 30.5 368.081
-94.5 30.5 374.594
-94 30.5 381.384
-93.5 30.5 388.967
-93 30.5 396.99
-92.5 30.5 404.965
-92 30.5 412.785
-91.5 30.5 420.201
-91 30.5 427.975
-90.5 30.5 436.865
-90 30.5 445.802
-89.5 30.5 453.85
-89 30.5 461.446
-88.5 30.5 469.243
-88 30.5 477.136
-87.5 30.5 484.953
-87 30.5 492.825
-86.5 30.5 500.589
-86 30.5 508.5
-85.5 30.5 516.743
-85 30.5 525.485
-84.5 30.5 534.866
-84 30.5 544.64
-83.5 30.5 554.587
-83 30.5 564.696
-82.5 30.5 575.011
-82 30.5 585.588
-81.5 30.5 596.442
-81 30.5 607.426
-119 31 616.936
-118.5 31 604.835
-118 31 592.805
-117.5 31 580.906
-117 31 569.162
-116.5 31 557.825
-116 31 546.67
-115.5 31 535.697
-115 31 524.932
-114.5 31 514.128
-114 31 503.501
-113.5 31 493.038
-113 31 482.71
-112.5 31 472.674
-112 31 462.752
-111.5 31 452.829
-111 31 442.974
-110.5 31 432.82
-110 31 422.814
-109.5 31 413.421
-109 31 404.275
-108.5 31 395.026
-108 31 386.149
-107.5 31 377.481
-107 31 369.353
-106.5 31 361.814
-106 31 354.96
-105.5 31 348.988
-105 31 343.651
-104.5 31 338.907
-104 31 334.443
-103.5 31 329.846
-103 31 325.671
-102.5 31 322.326
-102 31 319.467
-101.5 31 316.806
-101 31 314.864
-100.5 31 314.189
-100 31 314.264
-99.5 31 314.479
-99 31 315.162
-98.5 31 316.498
-98 31 318.651
-97.5 31 321.737
-97 31 325.878
-96.5 31 331.199
-96 31 337.276
-95.5 31 343.756
-95 31 350.306
-94.5 31 356.403
-94 31 362.659
-93.5 31 370.345
-93 31 378.199
-92.5 31 385.886
-92 31 393.48
-91.5 31 402.093
-91 31 410.901
-90.5 31 419.742
-90 31 428.507
-89.5 31 437.014
-89 31 445.252
-88.5 31 453.358
-88 31 461.469
-87.5 31 469.488
-87 31 477.517
-86.5 31 485.521
-86 31 493.709
-85.5 31 502.273
-85 31 511.284
-84.5 31 521.125
-84 31 531.289
-83.5 31 541.847
-83 31 552.548
-82.5 31 563.266
-82 31 574.216
-81.5 31 585.371
-81 31 596.632
-119 31.5 607.397
-118.5 31.5 595.211
-118 31.5 583.06
-117.5 31.5 570.991
-117 31.5 559.041
-116.5 31.5 547.291
-116 31.5 535.705
-115.5 31.5 524.408
-115 31.5 513.316
-114.5 31.5 502.466
-114 31.5 491.778
-113.5 31.5 481.148
-113 31.5 470.655
-112.5 31.5 460.343
-112 31.5 450.166
-111.5 31.5 440.116
-111 31.5 430.103
-110.5 31.5 420.009
-110 31.5 409.973
-109.5 31.5 400.062
-109 31.5 390.33
-108.5 31.5 380.905
-108 31.5 371.801
-107.5 31.5 363.064
-107 31.5 354.761
-106.5 31.5 346.836
-106 31.5 339.579
-105.5 31.5 333.213
-105 31.5 327.564
-104.5 31.5 322.519
-104 31.5 317.786
-103.5 31.5 313.147
-103 31.5 308.914
-102.5 31.5 305.408
-102 31.5 302.386
-101.5 31.5 299.692
-101 31.5 297.772
-100.5 31.5 297.107
-100 31.5 297.242
-99.5 31.5 297.694
-99 31.5 298.532
-98.5 31.5 299.817
-98 31.5 301.858
-97.5 31.5 304.914
-97 31.5 309.008
-96.5 31.5 314.14
-96 31.5 320.006
-95.5 31.5 326.295
-95 31.5 332.727
-94.5 31.5 339.05
-94 31.5 345.61
-93.5 31.5 352.839
-93 31.5 360.376
-92.5 31.5 368.025
-92 31.5 375.98
-91.5 31.5 384.912
-91 31.5 394.094
-90.5 31.5 403.022
-90 31.5 411.817
-89.5 31.5 420.583
-89 31.5 429.188
-88.5 31.5 437.591
-88 31.5 445.911
-87.5 31.5 454.208
-87 31.5 462.529
-86.5 31.5 470.918
-86 31.5 479.548
-85.5 31.5 488.708
-85 31.5 498.327
-84.5 31.5 508.543
-84 31.5 519.089
-83.5 31.5 529.916
-83 31.5 540.877
-82.5 31.5 551.961
-82 31.5 563.216
-81.5 31.5 574.715
-81 31.5 586.275
-119 32 598.288
-118.5 32 586.014
-118 32 573.784
-117.5 32 561.609
-117 32 549.518
-116.5 32 537.414
-116 32 525.375
-115.5 32 513.713
-115 32 502.193
-114.5 32 491.204
-114 32 480.405
-113.5 32 469.547
-113 32 458.874
-112.5 32 448.262
-112 32 437.787
-111.5 32 427.543
-111 32 417.362
-110.5 32 407.293
-110 32 397.281
-109.5 32 386.902
-109 32 376.597
-108.5 32 366.94
-108 32 357.532
-107.5 32 348.659
-107 32 340.233
-106.5 32 331.918
-106 32 324.306
-105.5 32 317.635
-105 32 311.695
-104.5 32 306.348
-104 32 301.363
-103.5 32 296.598
-103 32 292.249
-102.5 32 288.639
-102 32 285.5
-101.5 32 282.636
-101 32 280.582
-100.5 32 279.966
-100 32 280.206
-99.5 32 280.808
-99 32 281.818
-98.5 32 283.035
-98 32 285.003
-97.5 32 288.091
-97 32 292.18
-96.5 32 297.192
-96 32 302.914
-95.5 32 309.07
-95 32 315.53
-94.5 32 322.121
-94 32 329.04
-93.5 32 336.026
-93 32 343.446
-92.5 32 351.184
-92 32 359.371
-91.5 32 368.571
-91 32 377.976
-90.5 32 386.875
-90 32 395.698
-89.5 32 404.705
-89 32 413.62
-88.5 32 422.275
-88 32 430.848
-87.5 32 439.496
-87 32 448.245
-86.5 32 457.151
-86 32 466.315
-85.5 32 476.197
-85 32 486.421
-84.5 32 497.047
-84 32 507.906
-83.5 32 518.921
-83 32 530.035
-82.5 32 541.383
-82 32 552.841
-81.5 32 564.647
-81 32 576.48
-119 32.5 589.809
-118.5 32.5 577.32
-118 32.5 564.91
-117.5 32.5 552.647
-117 32.5 540.476
-116.5 32.5 528.266
-116 32.5 516.103
-115.5 32.5 504.019
-115 32.5 492.107
-114.5 32.5 480.546
-114 32.5 469.216
-113.5 32.5 458.145
-113 32.5 447.259
-112.5 32.5 436.519
-112 32.5 425.906
-111.5 32.5 415.363
-111 32.5 404.921
-110.5 32.5 394.631
-110 32.5 384.402
-109.5 32.5 374.147
-109 32.5 363.907
-108.5 32.5 353.713
-108 32.5 343.766
-107.5 32.5 334.38
-107 32.5 325.449
-106.5 32.5 316.975
-106 32.5 309.193
-105.5 32.5 302.303
-105 32.5 296.132
-104.5 32.5 290.468
-104 32.5 285.21
-103.5 32.5 280.329
-103 32.5 275.906
-102.5 32.5 272.065
-102 32.5 268.7
-101.5 32.5 265.72
-101 32.5 263.611
-100.5 32.5 262.861
-100 32.5 263.031
-99.5 32.5 263.692
-99 32.5 264.733
-98.5 32.5 266.071
-98 32.5 268.121
-97.5 32.5 271.286
-97 32.5 275.406
-96.5 32.5 280.296
-96 32.5 285.859
-95.5 32.5 291.961
-95 32.5 298.443
-94.5 32.5 305.167
-94 32.5 312.177
-93.5 32.5 319.4
-93 32.5 327.048
-92.5 32.5 335.261
-92 32.5 343.936
-91.5 32.5 353.011
-91 32.5 362.234
-90.5 32.5 371.302
-90 32.5 380.358
-89.5 32.5 389.549
-89 32.5 398.701
-88.5 32.5 407.667
-88 32.5 416.591
-87.5 32.5 425.643
-87 32.5 434.909
-86.5 32.5 444.579
-86 32.5 454.574
-85.5 32.5 464.977
-85 32.5 475.669
-84.5 32.5 486.592
-84 32.5 497.701
-83.5 32.5 508.927
-83 32.5 520.288
-82.5 32.5 531.802
-82 32.5 543.469
-81.5 32.5 555.314
-81 32.5 567.212
-119 33 581.782
-118.5 33 569.033
-118 33 556.384
-117.5 33 544.003
-117 33 531.785
-116.5 33 519.488
-116 33 507.297
-115.5 33 494.878
-115 33 482.621
-114.5 33 470.529
-114 33 458.622
-113.5 33 447.27
-113 33 436.099
-112.5 33 425.168
-112 33 414.407
-111.5 33 403.536
-111 33 392.816
-110.5 33 382.273
-110 33 371.836
-109.5 33 361.705
-109 33 351.617
-108.5 33 340.921
-108 33 330.425
-107.5 33 320.52
-107 33 311.044
-106.5 33 302.295
-106 33 294.273
-105.5 33 287.172
-105 33 280.807
-104.5 33 274.814
-104 33 269.28
-103.5 33 264.208
-103 33 259.643
-102.5 33 255.552
-102 33 252.006
-101.5 33 248.804
-101 33 246.534
-100.5 33 245.712
-100 33 245.839
-99.5 33 246.484
-99 33 247.59
-98.5 33 248.992
-98 33 251.115
-97.5 33 254.423
-97 33 258.629
-96.5 33 263.416
-96 33 268.89
-95.5 33 274.993
-95 33 281.565
-94.5 33 288.4
-94 33 295.592
-93.5 33 303.156
-93 33 311.164
-92.5 33 319.928
-92 33 329.079
-91.5 33 338.053
-91 33 347.181
-90.5 33 356.409
-90 33 365.72
-89.5 33 375.169
-89 33 384.635
-88.5 33 393.927
-88 33 403.261
-87.5 33 412.801
-87 33 422.612
-86.5 33 433.079
-86 33 443.835
-85.5 33 454.694
-85 33 465.765
-84.5 33 476.91
-84 33 488.239
-83.5 33 499.652
-83 33 511.248
-82.5 33 522.912
-82 33 534.751
-81.5 33 546.628
-81 33 558.575
-119 33.5 574.091
-118.5 33.5 561.099
-118 33.5 548.187
-117.5 33.5 535.556
-117 33.5 523.092
-116.5 33.5 510.665
-116 33.5 498.29
-115.5 33.5 485.886
-115 33.5 473.559
-114.5 33.5 461.267
-114 33.5 449.137
-113.5 33.5 437.27
-113 33.5 425.612
-112.5 33.5 414.253
-112 33.5 403.07
-111.5 33.5 392.054
-111 33.5 381.181
-110.5 33.5 370.476
-110 33.5 359.896
-109.5 33.5 349.42
-109 33.5 338.937
-108.5 33.5 328.324
-108 33.5 317.763
-107.5 33.5 307.435
-107 33.5 297.484
-106.5 33.5 288.207
-106 33.5 279.72
-105.5 33.5 272.269
-105 33.5 265.57
-104.5 33.5 259.31
-104 33.5 253.497
-103.5 33.5 248.142
-103 33.5 243.275
-102.5 33.5 238.914
-102 33.5 235.089
-101.5 33.5 231.846
-101 33.5 229.554
-100.5 33.5 228.58
-100 33.5 228.57
-99.5 33.5 229.181
-99 33.5 230.298
-98.5 33.5 231.9
-98 33.5 234.229
-97.5 33.5 237.551
-97 33.5 241.718
-96.5 33.5 246.54
-96 33.5 252.043
-95.5 33.5 258.227
-95 33.5 264.932
-94.5 33.5 271.989
-94 33.5 279.493
-93.5 33.5 287.564
-93 33.5 296.085
-92.5 33.5 305.054
-92 33.5 314.281
-91.5 33.5 323.492
-91 33.5 332.832
-90.5 33.5 342.295
-90 33.5 351.882
-89.5 33.5 361.637
-89 33.5 371.412
-88.5 33.5 381.149
-88 33.5 390.98
-87.5 33.5 401.17
-87 33.5 411.68
-86.5 33.5 422.608
-86 33.5 433.78
-85.5 33.5 445.001
-85 33.5 456.336
-84.5 33.5 467.694
-84 33.5 479.179
-83.5 33.5 490.795
-83 33.5 502.557
-82.5 33.5 514.431
-82 33.5 526.423
-81.5 33.5 538.49
-81 33.5 550.606
-119 34 566.755
-118.5 34 553.508
-118 34 540.315
-117.5 34 527.435
-117 34 514.704
-116.5 34 502.082
-116 34 489.534
-115.5 34 477.13
-115 34 464.835
-114.5 34 452.445
-114 34 440.222
-113.5 34 427.946
-113 34 415.823
-112.5 34 404.04
-112 34 392.398
-111.5 34 381.183
-111 34 370.116
-110.5 34 359.2
-110 34 348.444
-109.5 34 337.59
-109 34 326.756
-108.5 34 316.222
-108 34 305.669
-107.5 34 294.985
-107 34 284.572
-106.5 34 274.7
-106 34 265.591
-105.5 34 257.707
-105 34 250.641
-104.5 34 244.007
-104 34 237.881
-103.5 34 232.164
-103 34 226.964
-102.5 34 222.299
-102 34 218.23
-101.5 34 214.849
-101 34 212.456
-100.5 34 211.384
-100 34 211.303
-99.5 34 211.84
-99 34 212.997
-98.5 34 214.752
-98 34 217.274
-97.5 34 220.654
-97 34 224.872
-96.5 34 229.774
-96 34 235.407
-95.5 34 241.769
-95 34 248.735
-94.5 34 256.088
-94 34 263.984
-93.5 34 272.633
-93 34 281.642
-92.5 34 290.746
-92 34 300.061
-91.5 34 309.523
-91 34 319.225
-90.5 34 329.045
-90 34 338.998
-89.5 34 349.156
-89 34 359.315
-88.5 34 369.513
-88 34 379.803
-87.5 34 390.617
-87 34 401.683
-86.5 34 412.932
-86 34 424.387
-85.5 34 435.827
-85 34 447.401
-84.5 34 458.937
-84 34 470.602
-83.5 34 482.429
-83 34 494.376
-82.5 34 506.463
-82 34 518.633
-81.5 34 530.919
-81 34 543.224
-119 34.5 559.59
-118.5 34.5 546.303
-118 34.5 533.018
-117.5 34.5 519.859
-117 34.5 506.837
-116.5 34.5 494.017
-116 34.5 481.3
-115.5 34.5 468.671
-115 34.5 456.144
-114.5 34.5 443.769
-114 34.5 431.5
-113.5 34.5 419.182
-113 34.5 406.954
-112.5 34.5 394.827
-112 34.5 382.877
-111.5 34.5 371.205
-111 34.5 359.721
-110.5 34.5 348.443
-110 34.5 337.347
-109.5 34.5 326.476
-109 34.5 315.672
-108.5 34.5 304.855
-108 34.5 293.993
-107.5 34.5 283.1
-107 34.5 272.354
-106.5 34.5 261.936
-106 34.5 252.217
-105.5 34.5 243.66
-105 34.5 235.965
-104.5 34.5 228.936
-104 34.5 222.431
-103.5 34.5 216.341
-103 34.5 210.769
-102.5 34.5 205.842
-102 34.5 201.541
-101.5 34.5 197.941
-101 34.5 195.364
-100.5 34.5 194.161
-100 34.5 193.98
-99.5 34.5 194.443
-99 34.5 195.607
-98.5 34.5 197.542
-98 34.5 200.278
-97.5 34.5 203.769
-97 34.5 208.082
-96.5 34.5 213.248
-96 34.5 219.161
-95.5 34.5 225.742
-95 34.5 232.969
-94.5 34.5 240.874
-94 34.5 249.378
-93.5 34.5 258.51
-93 34.5 267.888
-92.5 34.5 277.1
-92 34.5 286.46
-91.5 34.5 296.279
-91 34.5 306.402
-90.5 34.5 316.823
-90 34.5 327.357
-89.5 34.5 337.93
-89 34.5 348.522
-88.5 34.5 359.208
-88 34.5 370.036
-87.5 34.5 381.138
-87 34.5 392.441
-86.5 34.5 403.843
-86 34.5 415.381
-85.5 34.5 427.031
-85 34.5 438.788
-84.5 34.5 450.644
-84 34.5 462.598
-83.5 34.5 474.671
-83 34.5 486.846
-82.5 34.5 499.136
-82 34.5 511.503
-81.5 34.5 523.941
-81 34.5 536.384
-119 35 552.905
-118.5 35 539.606
-118 35 526.271
-117.5 35 512.883
-117 35 499.582
-116.5 35 486.583
-116 35 473.681
-115.5 35 460.765
-115 35 447.933
-114.5 35 435.504
-114 35 423.206
-113.5 35 410.85
-113 35 398.624
-112.5 35 386.247
-112 35 374.062
-111.5 35 361.992
-111 35 350.097
-110.5 35 338.426
-110 35 326.947
-109.5 35 316.042
-109 35 305.255
-108.5 35 294.083
-108 35 282.903
-107.5 35 271.775
-107 35 260.764
-106.5 35 249.794
-106 35 239.412
-105.5 35 230.18
-105 35 221.799
-104.5 35 214.242
-104 35 207.315
-103.5 35 200.741
-103 35 194.772
-102.5 35 189.533
-102 35 184.997
-101.5 35 181.035
-101 35 178.156
-100.5 35 176.815
-100 35 176.595
-99.5 35 176.914
-99 35 178.107
-98.5 35 180.226
-98 35 183.281
-97.5 35 186.987
-97 35 191.555
-96.5 35 197.117
-96 35 203.451
-95.5 35 210.373
-95 35 217.973
-94.5 35 226.495
-94 35 235.576
-93.5 35 245.2
-93 35 255.036
-92.5 35 264.363
-92 35 273.845
-91.5 35 284.146
-91 35 294.713
-90.5 35 305.748
-90 35 316.847
-89.5 35 327.809
-89 35 338.799
-88.5 35 349.911
-88 35 361.168
-87.5 35 372.467
-87 35 383.938
-86.5 35 395.422
-86 35 407.032
-85.5 35 418.877
-85 35 430.818
-84.5 35 442.985
-84 35 455.224
-83.5 35 467.541
-83 35 479.93
-82.5 35 492.409
-82 35 504.945
-81.5 35 517.515
-81 35 530.077
-119 35.5 546.88
-118.5 35.5 533.528
-118 35.5 520.117
-117.5 35.5 506.616
-117 35.5 493.15
-116.5 35.5 479.927
-116 35.5 466.795
-115.5 35.5 453.704
-115 35.5 440.689
-114.5 35.5 427.91
-114 35.5 415.265
-113.5 35.5 402.787
-113 35.5 390.381
-112.5 35.5 377.992
-112 35.5 365.677
-111.5 35.5 353.481
-111 35.5 341.388
-110.5 35.5 329.413
-110 35.5 317.651
-109.5 35.5 306.284
-109 35.5 295.043
-108.5 35.5 283.712
-108 35.5 272.342
-107.5 35.5 260.93
-107 35.5 249.578
-106.5 35.5 238.31
-106 35.5 227.506
-105.5 35.5 217.518
-105 35.5 208.341
-104.5 35.5 200.061
-104 35.5 192.462
-103.5 35.5 185.461
-103 35.5 179.077
-102.5 35.5 173.41
-102 35.5 168.438
-101.5 35.5 164.192
-101 35.5 161.039
-100.5 35.5 159.343
-100 35.5 158.82
-99.5 35.5 159.151
-99 35.5 160.436
-98.5 35.5 162.77
-98 35.5 166.121
-97.5 35.5 170.423
-97 35.5 175.612
-96.5 35.5 181.586
-96 35.5 188.341
-95.5 35.5 195.934
-95 35.5 204.232
-94.5 35.5 213.247
-94 35.5 222.757
-93.5 35.5 232.644
-93 35.5 242.689
-92.5 35.5 252.704
-92 35.5 262.906
-91.5 35.5 273.63
-91 35.5 284.662
-90.5 35.5 295.932
-90 35.5 307.286
-89.5 35.5 318.611
-89 35.5 329.96
-88.5 35.5 341.351
-88 35.5 352.828
-87.5 35.5 364.36
-87 35.5 375.992
-86.5 35.5 387.723
-86 35.5 399.577
-85.5 35.5 411.623
-85 35.5 423.801
-84.5 35.5 436.134
-84 35.5 448.558
-83.5 35.5 461.064
-83 35.5 473.633
-82.5 35.5 486.256
-82 35.5 498.912
-81.5 35.5 511.587
-81 35.5 524.238
-119 36 541.442
-118.5 36 528.08
-118 36 514.653
-117.5 36 501.072
-117 36 487.454
-116.5 36 474.073
-116 36 460.744
-115.5 36 447.493
-115 36 434.282
-114.5 36 421.159
-114 36 408.112
-113.5 36 395.46
-113 36 382.842
-112.5 36 370.408
-112 36 357.977
-111.5 36 345.679
-111 36 333.44
-110.5 36 321.165
-110 36 309.082
-109.5 36 297.231
-109 36 285.499
-108.5 36 273.895
-108 36 262.315
-107.5 36 250.575
-107 36 238.963
-106.5 36 227.381
-106 36 216.211
-105.5 36 205.518
-105 36 195.562
-104.5 36 186.497
-104 36 178.19
-103.5 36 170.605
-103 36 163.741
-102.5 36 157.517
-102 36 152.088
-101.5 36 147.402
-101 36 143.877
-100.5 36 141.813
-100 36 141.056
-99.5 36 141.368
-99 36 142.817
-98.5 36 145.426
-98 36 149.195
-97.5 36 154.222
-97 36 160.229
-96.5 36 166.765
-96 36 174.088
-95.5 36 182.489
-95 36 191.539
-94.5 36 201.07
-94 36 210.988
-93.5 36 221.147
-93 36 231.482
-92.5 36 242.192
-92 36 253.095
-91.5 36 264.275
-91 36 275.698
-90.5 36 287.107
-90 36 298.635
-89.5 36 310.216
-89 36 321.866
-88.5 36 333.47
-88 36 345.154
-87.5 36 356.91
-87 36 368.749
-86.5 36 380.753
-86 36 392.869
-85.5 36 405.134
-85 36 417.523
-84.5 36 429.987
-84 36 442.545
-83.5 36 455.196
-83 36 467.904
-82.5 36 480.636
-82 36 493.374
-81.5 36 506.125
-81 36 518.84
-119 36.5 536.557
-118.5 36.5 523.231
-118 36.5 509.846
-117.5 36.5 496.261
-117 36.5 482.633
-116.5 36.5 469.043
-116 36.5 455.544
-115.5 36.5 442.117
-115 36.5 428.767
-114.5 36.5 415.453
-114 36.5 402.262
-113.5 36.5 389.297
-113 36.5 376.477
-112.5 36.5 363.805
-112 36.5 351.205
-111.5 36.5 338.586
-111 36.5 326.036
-110.5 36.5 313.534
-110 36.5 301.182
-109.5 36.5 288.999
-109 36.5 276.875
-108.5 36.5 264.769
-108 36.5 252.66
-107.5 36.5 240.693
-107 36.5 228.782
-106.5 36.5 216.984
-106 36.5 205.417
-105.5 36.5 194.253
-105 36.5 183.644
-104.5 36.5 173.798
-104 36.5 164.665
-103.5 36.5 156.376
-103 36.5 148.799
-102.5 36.5 141.944
-102 36.5 135.892
-101.5 36.5 130.769
-101 36.5 126.844
-100.5 36.5 124.363
-100 36.5 123.334
-99.5 36.5 123.743
-99 36.5 125.498
-98.5 36.5 128.486
-98 36.5 132.797
-97.5 36.5 138.52
-97 36.5 145.288
-96.5 36.5 152.808
-96 36.5 161.083
-95.5 36.5 170.21
-95 36.5 179.915
-94.5 36.5 189.964
-94 36.5 200.317
-93.5 36.5 210.909
-93 36.5 221.743
-92.5 36.5 232.898
-92 36.5 244.263
-91.5 36.5 255.742
-91 36.5 267.355
-90.5 36.5 278.988
-90 36.5 290.699
-89.5 36.5 302.485
-89 36.5 314.332
-88.5 36.5 326.212
-88 36.5 338.163
-87.5 36.5 350.198
-87 36.5 362.326
-86.5 36.5 374.54
-86 36.5 386.864
-85.5 36.5 399.312
-85 36.5 411.851
-84.5 36.5 424.448
-84 36.5 437.117
-83.5 36.5 449.877
-83 36.5 462.692
-82.5 36.5 475.511
-82 36.5 488.321
-81.5 36.5 501.08
-81 36.5 513.794
-119 37 532.193
-118.5 37 518.881
-118 37 505.524
-117.5 37 491.864
-117 37 478.23
-116.5 37 464.457
-116 37 450.85
-115.5 37 437.284
-115 37 423.874
-114.5 37 410.427
-114 37 397.139
-113.5 37 383.89
-113 37 370.831
-112.5 37 357.857
-112 37 345.055
-111.5 37 332.054
-111 37 319.235
-110.5 37 306.532
-110 37 294.008
-109.5 37 281.605
-109 37 269.202
-108.5 37 256.628
-108 37 243.993
-107.5 37 231.792
-107 37 219.58
-106.5 37 207.489
-106 37 195.535
-105.5 37 183.877
-105 37 172.675
-104.5 37 162.026
-104 37 152.055
-103.5 37 142.934
-103 37 134.568
-102.5 37 126.895
-102 37 120.133
-101.5 37 114.405
-101 37 109.998
-100.5 37 107.058
-100 37 105.795
-99.5 37 106.327
-99 37 108.531
-98.5 37 112.012
-98 37 117.008
-97.5 37 123.611
-97 37 131.296
-96.5 37 139.85
-96 37 149.089
-95.5 37 158.964
-95 37 169.329
-94.5 37 179.859
-94 37 190.68
-93.5 37 201.716
-93 37 213.022
-92.5 37 224.544
-92 37 236.28
-91.5 37 247.96
-91 37 259.763
-90.5 37 271.596
-90 37 283.505
-89.5 37 295.479
-89 37 307.514
-88.5 37 319.634
-88 37 331.843
-87.5 37 344.137
-87 37 356.553
-86.5 37 368.956
-86 37 381.479
-85.5 37 394.094
-85 37 406.773
-84.5 37 419.465
-84 37 432.205
-83.5 37 445.03
-83 37 457.917
-82.5 37 470.783
-82 37 483.654
-81.5 37 496.409
-81 37 509.12
-119 37.5 528.49
-118.5 37.5 514.932
-118 37.5 501.295
-117.5 37.5 487.532
-117 37.5 473.738
-116.5 37.5 459.979
-116 37.5 446.299
-115.5 37.5 432.716
-115 37.5 419.211
-114.5 37.5 405.758
-114 37.5 392.345
-113.5 37.5 378.922
-113 37.5 365.546
-112.5 37.5 352.25
-112 37.5 339.035
-111.5 37.5 325.908
-111 37.5 312.934
-110.5 37.5 300.204
-110 37.5 287.624
-109.5 37.5 275.099
-109 37.5 262.539
-108.5 37.5 249.802
-108 37.5 237.037
-107.5 37.5 224.409
-107 37.5 211.818
-106.5 37.5 199.265
-106 37.5 186.818
-105.5 37.5 174.653
-105 37.5 162.811
-104.5 37.5 151.471
-104 37.5 140.664
-103.5 37.5 130.592
-103 37.5 121.212
-102.5 37.5 112.605
-102 37.5 104.938
-101.5 37.5 98.444
-101 37.5 93.4121
-100.5 37.5 89.9651
-100 37.5 88.5543
-99.5 37.5 89.0813
-99 37.5 91.7177
-98.5 37.5 96.1109
-98 37.5 102.208
-97.5 37.5 109.864
-97 37.5 118.604
-96.5 37.5 128.079
-96 37.5 138.154
-95.5 37.5 148.682
-95 37.5 159.575
-94.5 37.5 170.645
-94 37.5 181.931
-93.5 37.5 193.42
-93 37.5 205.1
-92.5 37.5 216.926
-92 37.5 228.868
-91.5 37.5 240.85
-91 37.5 252.887
-90.5 37.5 264.981
-90 37.5 277.118
-89.5 37.5 289.296
-89 37.5 301.515
-88.5 37.5 313.808
-88 37.5 326.174
-87.5 37.5 338.66
-87 37.5 351.24
-86.5 37.5 363.908
-86 37.5 376.648
-85.5 37.5 389.452
-85 37.5 402.258
-84.5 37.5 415.017
-84 37.5 427.775
-83.5 37.5 440.598
-83 37.5 453.458
-82.5 37.5 466.337
-82 37.5 479.225
-81.5 37.5 492.052
-81 37.5 504.845
-119 38 525.165
-118.5 38 511.372
-118 38 497.495
-117.5 38 483.626
-117 38 469.702
-116.5 38 455.993
-116 38 442.287
-115.5 38 428.718
-115 38 415.154
-114.5 38 401.714
-114 38 388.231
-113.5 38 374.669
-113 38 361.035
-112.5 38 347.461
-112 38 333.883
-111.5 38 320.644
-111 38 307.516
-110.5 38 294.751
-110 38 282.116
-109.5 38 269.461
-109 38 256.824
-108.5 38 243.95
-108 38 231.122
-107.5 38 218.139
-107 38 205.241
-106.5 38 192.225
-106 38 179.344
-105.5 38 166.69
-105 38 154.296
-104.5 38 142.257
-104 38 130.636
-103.5 38 119.55
-103 38 109.106
-102.5 38 99.3875
-102 38 90.6137
-101.5 38 83.0396
-101 38 77.1521
-100.5 38 72.8915
-100 38 71.3435
-99.5 38 71.9337
-99 38 75.3727
-98.5 38 80.9571
-98 38 88.4302
-97.5 38 97.3372
-97 38 107.203
-96.5 38 117.531
-96 38 128.382
-95.5 38 139.494
-95 38 150.925
-94.5 38 162.486
-94 38 174.234
-93.5 38 186.14
-93 38 198.174
-92.5 38 210.264
-92 38 222.41
-91.5 38 234.666
-91 38 246.941
-90.5 38 259.286
-90 38 271.645
-89.5 38 284.017
-89 38 296.406
-88.5 38 308.843
-88 38 321.323
-87.5 38 333.955
-87 38 346.653
-86.5 38 359.537
-86 38 372.457
-85.5 38 385.415
-85 38 398.33
-84.5 38 411.111
-84 38 423.843
-83.5 38 436.618
-83 38 449.395
-82.5 38 462.217
-82 38 475.088
-81.5 38 487.957
-81 38 500.843
-119 38.5 521.904
-118.5 38.5 508.185
-118 38.5 494.364
-117.5 38.5 480.51
-117 38.5 466.649
-116.5 38.5 452.922
-116 38.5 439.244
-115.5 38.5 425.635
-115 38.5 412.062
-114.5 38.5 398.568
-114 38.5 385.042
-113.5 38.5 371.432
-113 38.5 357.733
-112.5 38.5 344.003
-112 38.5 330.295
-111.5 38.5 316.825
-111 38.5 303.498
-110.5 38.5 290.45
-110 38.5 277.501
-109.5 38.5 264.631
-109 38.5 251.724
-108.5 38.5 238.75
-108 38.5 225.717
-107.5 38.5 212.626
-107 38.5 199.499
-106.5 38.5 186.287
-106 38.5 173.134
-105.5 38.5 160.175
-105 38.5 147.351
-104.5 38.5 134.66
-104 38.5 122.211
-103.5 38.5 110.152
-103 38.5 98.5924
-102.5 38.5 87.6894
-102 38.5 77.5494
-101.5 38.5 68.426
-101 38.5 61.0175
-100.5 38.5 55.6457
-99.5 38.5 54.828
-99 38.5 59.5992
-98.5 38.5 66.9046
-98 38.5 76.1182
-97.5 38.5 86.2913
-97 38.5 97.1005
-96.5 38.5 108.285
-96 38.5 119.788
-95.5 38.5 131.539
-95 38.5 143.48
-94.5 38.5 155.567
-94 38.5 167.765
-93.5 38.5 180.059
-93 38.5 192.412
-92.5 38.5 204.795
-92 38.5 217.204
-91.5 38.5 229.667
-91 38.5 242.148
-90.5 38.5 254.658
-90 38.5 267.181
-89.5 38.5 279.728
-89 38.5 292.289
-88.5 38.5 304.87
-88 38.5 317.499
-87.5 38.5 330.223
-87 38.5 343.043
-86.5 38.5 356
-86 38.5 369.008
-85.5 38.5 382.004
-85 38.5 394.943
-84.5 38.5 407.757
-84 38.5 420.495
-83.5 38.5 433.171
-83 38.5 445.817
-82.5 38.5 458.468
-82 38.5 471.184
-81.5 38.5 484.053
-81 38.5 496.938
-119 39 519.056
-118.5 39 505.476
-118 39 491.799
-117.5 39 478.04
-117 39 464.274
-116.5 39 450.585
-116 39 436.949
-115.5 39 423.324
-115 39 409.75
-114.5 39 396.242
-114 39 382.732
-113.5 39 369.141
-113 39 355.482
-112.5 39 341.714
-112 39 327.948
-111.5 39 314.333
-111 39 300.784
-110.5 39 287.445
-110 39 274.129
-109.5 39 261
-109 39 247.784
-108.5 39 234.64
-108 39 221.39
-107.5 39 208.19
-107 39 194.939
-106.5 39 181.58
-106 39 168.28
-105.5 39 155.123
-105 39 142.045
-104.5 39 128.779
-104 39 115.67
-103.5 39 102.773
-103 39 90.2451
-102.5 39 78.2342
-102 39 66.6872
-101.5 39 55.7408
-98.5 39 54.8047
-98 39 65.9688
-97.5 39 77.3581
-97 39 89.0475
-96.5 39 100.965
-96 39 113.029
-95.5 39 125.317
-95 39 137.688
-94.5 39 150.205
-94 39 162.772
-93.5 39 175.376
-93 39 187.994
-92.5 39 200.614
-92 39 213.238
-91.5 39 225.858
-91 39 238.492
-90.5 39 251.112
-90 39 263.749
-89.5 39 276.419
-89 39 289.116
-88.5 39 301.797
-88 39 314.54
-87.5 39 327.316
-87 39 340.197
-86.5 39 353.167
-86 39 366.195
-85.5 39 379.153
-85 39 392.085
-84.5 39 404.888
-84 39 417.636
-83.5 39 430.219
-83 39 442.749
-82.5 39 455.223
-82 39 467.744
-81.5 39 480.608
-81 39 493.478
-119 39.5 516.83
-118.5 39.5 503.303
-118 39.5 489.729
-117.5 39.5 476.079
-117 39.5 462.434
-116.5 39.5 448.794
-116 39.5 435.198
-115.5 39.5 421.621
-115 39.5 408.092
-114.5 39.5 394.611
-114 39.5 381.145
-113.5 39.5 367.63
-113 39.5 354.062
-112.5 39.5 340.416
-112 39.5 326.754
-111.5 39.5 313.104
-111 39.5 299.492
-110.5 39.5 285.891
-110 39.5 272.363
-109.5 39.5 258.925
-109 39.5 245.505
-108.5 39.5 232.047
-108 39.5 218.562
-107.5 39.5 205.128
-107 39.5 191.698
-106.5 39.5 178.273
-106 39.5 164.89
-105.5 39.5 151.618
-105 39.5 138.282
-104.5 39.5 124.748
-104 39.5 111.198
-103.5 39.5 97.8771
-103 39.5 84.7582
-102.5 39.5 71.859
-102 39.5 58.9763
-98 39.5 58.5216
-97.5 39.5 71.1811
-97 39.5 83.6681
-96.5 39.5 96.1814
-96 39.5 108.721
-95.5 39.5 121.332
-95 39.5 133.974
-94.5 39.5 146.718
-94 39.5 159.485
-93.5 39.5 172.273
-93 39.5 185.047
-92.5 39.5 197.802
-92 39.5 210.532
-91.5 39.5 223.249
-91 39.5 235.955
-90.5 39.5 248.658
-90 39.5 261.359
-89.5 39.5 274.073
-89 39.5 286.795
-88.5 39.5 299.534
-88 39.5 312.304
-87.5 39.5 325.122
-87 39.5 338.002
-86.5 39.5 350.933
-86 39.5 363.878
-85.5 39.5 376.769
-85 39.5 389.617
-84.5 39.5 402.412
-84 39.5 415.132
-83.5 39.5 427.72
-83 39.5 440.224
-82.5 39.5 452.659
-82 39.5 465.164
-81.5 39.5 477.894
-81 39.5 490.689
-119 40 514.95
-118.5 40 501.464
-118 40 487.997
-117.5 40 474.44
-117 40 460.946
-116.5 40 447.388
-116 40 433.895
-115.5 40 420.399
-115 40 406.96
-114.5 40 393.544
-114 40 380.178
-113.5 40 366.772
-113 40 353.351
-112.5 40 339.847
-112 40 326.339
-111.5 40 312.695
-111 40 299.099
-110.5 40 285.287
-110 40 271.628
-109.5 40 257.978
-109 40 244.457
-108.5 40 230.747
-108 40 217.086
-107.5 40 203.485
-107 40 189.963
-106.5 40 176.542
-106 40 163.19
-105.5 40 149.96
-105 40 136.616
-104.5 40 123.007
-104 40 109.3
-103.5 40 95.9257
-103 40 82.6496
-102.5 40 69.5
-102 40 56.1465
-98 40 55.767
-97.5 40 68.7866
-97 40 81.5002
-96.5 40 94.2585
-96 40 107.007
-95.5 40 119.727
-95 40 132.43
-94.5 40 145.227
-94 40 158.025
-93.5 40 170.852
-93 40 183.659
-92.5 40 196.434
-92 40 209.179
-91.5 40 221.909
-91 40 234.621
-90.5 40 247.34
-90 40 260.048
-89.5 40 272.746
-89 40 285.436
-88.5 40 298.164
-88 40 310.902
-87.5 40 323.695
-87 40 336.522
-86.5 40 349.364
-86 40 362.201
-85.5 40 374.981
-85 40 387.719
-84.5 40 400.476
-84 40 413.168
-83.5 40 425.755
-83 40 438.269
-82.5 40 450.675
-82 40 463.149
-81.5 40 475.773
-81 40 488.483
-119 40.5 513.167
-118.5 40.5 499.764
-118 40.5 486.354
-117.5 40.5 472.941
-117 40.5 459.565
-116.5 40.5 446.234
-116 40.5 432.917
-115.5 40.5 419.576
-115 40.5 406.244
-114.5 40.5 392.949
-114 40.5 379.684
-113.5 40.5 366.453
-113 40.5 353.166
-112.5 40.5 339.783
-112 40.5 326.292
-111.5 40.5 312.702
-111 40.5 298.996
-110.5 40.5 285.174
-110 40.5 271.366
-109.5 40.5 257.751
-109 40.5 244.169
-108.5 40.5 230.524
-108 40.5 216.863
-107.5 40.5 203.293
-107 40.5 189.835
-106.5 40.5 176.571
-106 40.5 163.421
-105.5 40.5 150.385
-105 40.5 137.251
-104.5 40.5 123.899
-104 40.5 110.496
-103.5 40.5 97.27
-103 40.5 84.2342
-102.5 40.5 71.4217
-102 40.5 58.5823
-98 40.5 57.9971
-97.5 40.5 70.4382
-97 40.5 82.8063
-96.5 40.5 95.3459
-96 40.5 107.968
-95.5 40.5 120.574
-95 40.5 133.186
-94.5 40.5 145.816
-94 40.5 158.465
-93.5 40.5 171.17
-93 40.5 183.87
-92.5 40.5 196.565
-92 40.5 209.232
-91.5 40.5 221.899
-91 40.5 234.55
-90.5 40.5 247.205
-90 40.5 259.852
-89.5 40.5 272.502
-89 40.5 285.14
-88.5 40.5 297.786
-88 40.5 310.432
-87.5 40.5 323.114
-87 40.5 335.815
-86.5 40.5 348.538
-86 40.5 361.251
-85.5 40.5 373.921
-85 40.5 386.566
-84.5 40.5 399.223
-84 40.5 411.832
-83.5 40.5 424.366
-83 40.5 436.824
-82.5 40.5 449.217
-82 40.5 461.634
-81.5 40.5 474.139
-81 40.5 486.696
-119 41 511.769
-118.5 41 498.436
-118 41 485.094
-117.5 41 471.826
-117 41 458.594
-116.5 41 445.515
-116 41 432.417
-115.5 41 419.243
-115 41 406.051
-114.5 41 392.911
-114 41 379.787
-113.5 41 366.766
-113 41 353.646
-112.5 41 340.389
-112 41 326.953
-111.5 41 313.474
-111 41 299.764
-110.5 41 286.006
-110 41 272.116
-109.5 41 258.662
-109 41 245.128
-108.5 41 231.616
-108 41 218.045
-107.5 41 204.612
-107 41 191.322
-106.5 41 178.327
-106 41 165.492
-105.5 41 152.796
-105 41 140.081
-104.5 41 127.143
-104 41 114.286
-103.5 41 101.547
-103 41 89.1681
-102.5 41 77.3182
-102 41 65.8765
-98 41 65.013
-97.5 41 76.0014
-97 41 87.3735
-96.5 41 99.272
-96 41 111.451
-95.5 41 123.68
-95 41 136.018
-94.5 41 148.336
-94 41 160.707
-93.5 41 173.185
-93 41 185.673
-92.5 41 198.187
-92 41 210.682
-91.5 41 223.2
-91 41 235.712
-90.5 41 248.231
-90 41 260.759
-89.5 41 273.31
-89 41 285.854
-88.5 41 298.373
-88 41 310.876
-87.5 41 323.399
-87 41 335.933
-86.5 41 348.508
-86 41 361.087
-85.5 41 373.631
-85 41 386.165
-84.5 41 398.711
-84 41 411.219
-83.5 41 423.669
-83 41 436.053
-82.5 41 448.398
-82 41 460.736
-81.5 41 473.132
-81 41 485.544
-119 41.5 510.99
-118.5 41.5 497.711
-118 41.5 484.471
-117.5 41.5 471.357
-117 41.5 458.341
-116.5 41.5 445.425
-116 41.5 432.507
-115.5 41.5 419.497
-115 41.5 406.48
-114.5 41.5 393.549
-114 41.5 380.666
-113.5 41.5 367.817
-113 41.5 354.902
-112.5 41.5 341.803
-112 41.5 328.601
-111.5 41.5 315.295
-111 41.5 301.877
-110.5 41.5 288.239
-110 41.5 274.612
-109.5 41.5 261.132
-109 41.5 247.711
-108.5 41.5 234.224
-108 41.5 220.784
-107.5 41.5 207.517
-107 41.5 194.492
-106.5 41.5 181.806
-106 41.5 169.342
-105.5 41.5 157.014
-105 41.5 144.708
-104.5 41.5 132.33
-104 41.5 120.109
-103.5 41.5 108.279
-103 41.5 96.9371
-102.5 41.5 86.2169
-102 41.5 76.1601
-101.5 41.5 66.9234
-101 41.5 59.4159
-100.5 41.5 54.2137
-99.5 41.5 54.4463
-99 41.5 59.6678
-98.5 41.5 66.6979
-98 41.5 75.2532
-97.5 41.5 84.6927
-97 41.5 94.8401
-96.5 41.5 105.698
-96 41.5 117.043
-95.5 41.5 128.724
-95 41.5 140.62
-94.5 41.5 152.596
-94 41.5 164.675
-93.5 41.5 176.83
-93 41.5 189.038
-92.5 41.5 201.271
-92 41.5 213.515
-91.5 41.5 225.78
-91 41.5 238.065
-90.5 41.5 250.383
-90 41.5 262.733
-89.5 41.5 275.126
-89 41.5 287.526
-88.5 41.5 299.891
-88 41.5 312.245
-87.5 41.5 324.572
-87 41.5 336.913
-86.5 41.5 349.312
-86 41.5 361.719
-85.5 41.5 374.156
-85 41.5 386.577
-84.5 41.5 399.015
-84 41.5 411.404
-83.5 41.5 423.765
-83 41.5 436.058
-82.5 41.5 448.347
-82 41.5 460.614
-81.5 41.5 472.909
-81 41.5 485.217
-119 42 510.809
-118.5 42 497.589
-118 42 484.443
-117.5 42 471.486
-117 42 458.671
-116.5 42 445.909
-116 42 433.178
-115.5 42 420.304
-115 42 407.457
-114.5 42 394.735
-114 42 382.07
-113.5 42 369.354
-113 42 356.635
-112.5 42 343.646
-112 42 330.694
-111.5 42 317.583
-111 42 304.556
-110.5 42 291.079
-110 42 277.806
-109.5 42 264.434
-109 42 251.288
-108.5 42 237.918
-108 42 224.734
-107.5 42 211.743
-107 42 199.074
-106.5 42 186.794
-106 42 174.782
-105.5 42 162.888
-105 42 151.116
-104.5 42 139.356
-104 42 127.886
-103.5 42 117.093
-103 42 106.886
-102.5 42 97.3537
-102 42 88.6788
-101.5 42 80.9792
-101 42 74.9469
-100.5 42 70.9416
-100 42 69.8308
-99.5 42 71.1511
-99 42 75.212
-98.5 42 80.7002
-98 42 87.6888
-97.5 42 95.6478
-97 42 104.502
-96.5 42 114.232
-96 42 124.591
-95.5 42 135.554
-95 42 146.874
-94.5 42 158.37
-94 42 170.079
-93.5 42 181.845
-93 42 193.728
-92.5 42 205.619
-92 42 217.558
-91.5 42 229.509
-91 42 241.51
-90.5 42 253.567
-90 42 265.679
-89.5 42 277.851
-89 42 290.062
-88.5 42 302.223
-88 42 314.426
-87.5 42 326.562
-87 42 338.733
-86.5 42 350.985
-86 42 363.227
-85.5 42 375.564
-85 42 387.86
-84.5 42 400.201
-84 42 412.459
-83.5 42 424.726
-83 42 436.894
-82.5 42 449.107
-82 42 461.27
-81.5 42 473.456
-81 42 485.633
-119 42.5 511.201
-118.5 42.5 498.086
-118 42.5 485.029
-117.5 42.5 472.21
-117 42.5 459.514
-116.5 42.5 446.898
-116 42.5 434.279
-115.5 42.5 421.631
-115 42.5 408.986
-114.5 42.5 396.403
-114 42.5 383.822
-113.5 42.5 371.135
-113 42.5 358.379
-112.5 42.5 345.539
-112 42.5 332.647
-111.5 42.5 319.734
-111 42.5 306.779
-110.5 42.5 293.747
-110 42.5 280.757
-109.5 42.5 267.874
-109 42.5 255.068
-108.5 42.5 242.263
-108 42.5 229.579
-107.5 42.5 217.105
-107 42.5 204.928
-106.5 42.5 193.15
-106 42.5 181.601
-105.5 42.5 170.226
-105 42.5 159.012
-104.5 42.5 148.088
-104 42.5 137.587
-103.5 42.5 127.7
-103 42.5 118.491
-102.5 42.5 110.012
-102 42.5 102.442
-101.5 42.5 96.014
-101 42.5 91.0264
-100.5 42.5 87.6821
-100 42.5 86.5567
-99.5 42.5 87.6356
-99 42.5 90.8121
-98.5 42.5 95.4041
-98 42.5 101.276
-97.5 42.5 108.126
-97 42.5 115.902
-96.5 42.5 124.553
-96 42.5 133.934
-95.5 42.5 143.973
-95 42.5 154.493
-94.5 42.5 165.392
-94 42.5 176.58
-93.5 42.5 187.966
-93 42.5 199.484
-92.5 42.5 211.039
-92 42.5 222.633
-91.5 42.5 234.265
-91 42.5 245.948
-90.5 42.5 257.709
-90 42.5 269.528
-89.5 42.5 281.389
-89 42.5 293.286
-88.5 42.5 305.219
-88 42.5 317.212
-87.5 42.5 329.294
-87 42.5 341.424
-86.5 42.5 353.569
-86 42.5 365.729
-85.5 42.5 377.907
-85 42.5 390.109
-84.5 42.5 402.307
-84 42.5 414.492
-83.5 42.5 426.598
-83 42.5 438.663
-82.5 42.5 450.694
-82 42.5 462.718
-81.5 42.5 474.742
-81 42.5 486.779
-119 43 512.261
-118.5 43 499.285
-118 43 486.316
-117.5 43 473.666
-117 43 461.073
-116.5 43 448.591
-116 43 436.066
-115.5 43 423.597
-115 43 411.099
-114.5 43 398.617
-114 43 386.121
-113.5 43 373.454
-113 43 360.705
-112.5 43 348.041
-112 43 335.237
-111.5 43 322.543
-111 43 309.694
-110.5 43 297.11
-110 43 284.444
-109.5 43 272.107
-109 43 259.752
-108.5 43 247.572
-108 43 235.498
-107.5 43 223.646
-107 43 212.049
-106.5 43 200.888
-106 43 189.862
-105.5 43 179.011
-105 43 168.342
-104.5 43 158.203
-104 43 148.622
-103.5 43 139.592
-103 43 131.33
-102.5 43 123.789
-102 43 117.142
-101.5 43 111.674
-101 43 107.442
-100.5 43 104.371
-100 43 103.123
-99.5 43 104.028
-99 43 106.675
-98.5 43 110.591
-98 43 115.664
-97.5 43 121.619
-97 43 128.491
-96.5 43 136.189
-96 43 144.631
-95.5 43 153.743
-95 43 163.408
-94.5 43 173.629
-94 43 184.229
-93.5 43 195.171
-93 43 206.304
-92.5 43 217.483
-92 43 228.71
-91.5 43 239.986
-91 43 251.315
-90.5 43 262.738
-90 43 274.233
-89.5 43 285.741
-89 43 297.304
-88.5 43 308.974
-88 43 320.729
-87.5 43 332.732
-87 43 344.802
-86.5 43 356.799
-86 43 368.845
-85.5 43 380.817
-85 43 392.899
-84.5 43 404.924
-84 43 417.046
-83.5 43 428.984
-83 43 440.957
-82.5 43 452.802
-82 43 464.688
-81.5 43 476.552
-81 43 488.455
-119 43.5 514.016
-118.5 43.5 501.287
-118 43.5 488.596
-117.5 43.5 476.033
-117 43.5 463.564
-116.5 43.5 451.172
-116 43.5 438.767
-115.5 43.5 426.341
-115 43.5 413.879
-114.5 43.5 401.45
-114 43.5 389.012
-113.5 43.5 376.585
-113 43.5 364.142
-112.5 43.5 351.738
-112 43.5 339.286
-111.5 43.5 326.812
-111 43.5 314.338
-110.5 43.5 302.046
-110 43.5 289.857
-109.5 43.5 277.809
-109 43.5 265.883
-108.5 43.5 254.154
-108 43.5 242.64
-107.5 43.5 231.475
-107 43.5 220.605
-106.5 43.5 210.059
-106 43.5 199.642
-105.5 43.5 189.199
-105 43.5 179.035
-104.5 43.5 169.408
-104 43.5 160.476
-103.5 43.5 152.319
-103 43.5 144.954
-102.5 43.5 138.398
-102 43.5 132.629
-101.5 43.5 127.693
-101 43.5 123.776
-100.5 43.5 121
-100 43.5 119.818
-99.5 43.5 120.489
-99 43.5 122.705
-98.5 43.5 126.047
-98 43.5 130.431
-97.5 43.5 135.733
-97 43.5 141.893
-96.5 43.5 148.791
-96 43.5 156.407
-95.5 43.5 164.683
-95 43.5 173.571
-94.5 43.5 183.049
-94 43.5 193.016
-93.5 43.5 203.421
-93 43.5 214.094
-92.5 43.5 224.894
-92 43.5 235.755
-91.5 43.5 246.636
-91 43.5 257.566
-90.5 43.5 268.595
-90 43.5 279.716
-89.5 43.5 290.909
-89 43.5 302.193
-88.5 43.5 313.595
-88 43.5 325.133
-87.5 43.5 336.86
-87 43.5 348.662
-86.5 43.5 360.428
-86 43.5 372.186
-85.5 43.5 383.952
-85 43.5 395.763
-84.5 43.5 407.65
-84 43.5 419.581
-83.5 43.5 431.494
-83 43.5 443.373
-82.5 43.5 455.145
-82 43.5 466.897
-81.5 43.5 478.684
-81 43.5 490.461
-119 44 516.232
-118.5 44 503.755
-118 44 491.368
-117.5 44 478.95
-117 44 466.656
-116.5 44 454.409
-116 44 442.159
-115.5 44 429.798
-115 44 417.381
-114.5 44 405.04
-114 44 392.69
-113.5 44 380.55
-113 44 368.443
-112.5 44 356.362
-112 44 344.309
-111.5 44 332.101
-111 44 320.002
-110.5 44 308.023
-110 44 296.31
-109.5 44 284.576
-109 44 273.108
-108.5 44 261.844
-108 44 250.857
-107.5 44 240.369
-107 44 230.155
-106.5 44 220.177
-106 44 210.349
-105.5 44 200.203
-105 44 190.509
-104.5 44 181.373
-104 44 173.09
-103.5 44 165.79
-103 44 159.275
-102.5 44 153.599
-102 44 148.555
-101.5 44 143.926
-101 44 140.184
-100.5 44 137.545
-100 44 136.38
-99.5 44 136.908
-99 44 138.844
-98.5 44 141.685
-98 44 145.51
-97.5 44 150.265
-97 44 155.851
-96.5 44 162.056
-96 44 168.965
-95.5 44 176.491
-95 44 184.655
-94.5 44 193.42
-94 44 202.743
-93.5 44 212.598
-93 44 222.797
-92.5 44 233.189
-92 44 243.669
-91.5 44 254.117
-91 44 264.615
-90.5 44 275.221
-90 44 285.955
-89.5 44 296.815
-89 44 307.816
-88.5 44 318.924
-88 44 330.198
-87.5 44 341.613
-87 44 353.121
-86.5 44 364.607
-86 44 376.061
-85.5 44 387.588
-85 44 399.1
-84.5 44 410.816
-84 44 422.536
-83.5 44 434.392
-83 44 446.191
-82.5 44 457.888
-82 44 469.515
-81.5 44 481.247
-81 44 492.9
-119 44.5 518.568
-118.5 44.5 506.35
-118 44.5 494.178
-117.5 44.5 482.072
-117 44.5 470.063
-116.5 44.5 458.051
-116 44.5 446.031
-115.5 44.5 433.876
-115 44.5 421.69
-114.5 44.5 409.492
-114 44.5 397.353
-113.5 44.5 385.336
-113 44.5 373.424
-112.5 44.5 361.59
-112 44.5 349.806
-111.5 44.5 337.94
-111 44.5 326.151
-110.5 44.5 314.489
-110 44.5 303.067
-109.5 44.5 291.965
-109 44.5 281.117
-108.5 44.5 270.488
-108 44.5 260.129
-107.5 44.5 250.158
-107 44.5 240.413
-106.5 44.5 230.698
-106 44.5 221.065
-105.5 44.5 211.391
-105 44.5 202.19
-104.5 44.5 193.871
-104 44.5 186.455
-103.5 44.5 180.025
-103 44.5 174.325
-102.5 44.5 169.212
-102 44.5 164.543
-101.5 44.5 160.155
-101 44.5 156.51
-100.5 44.5 153.982
-100 44.5 152.815
-99.5 44.5 153.197
-99 44.5 154.835
-98.5 44.5 157.372
-98 44.5 160.787
-97.5 44.5 165.041
-97 44.5 170.047
-96.5 44.5 175.723
-96 44.5 182.039
-95.5 44.5 188.935
-95 44.5 196.439
-94.5 44.5 204.574
-94 44.5 213.301
-93.5 44.5 222.59
-93 44.5 232.293
-92.5 44.5 242.247
-92 44.5 252.312
-91.5 44.5 262.337
-91 44.5 272.392
-90.5 44.5 282.56
-90 44.5 292.876
-89.5 44.5 303.38
-89 44.5 314.052
-88.5 44.5 324.847
-88 44.5 335.807
-87.5 44.5 346.934
-87 44.5 358.181
-86.5 44.5 369.463
-86 44.5 380.767
-85.5 44.5 392.034
-85 44.5 403.347
-84.5 44.5 414.791
-84 44.5 426.309
-83.5 44.5 437.927
-83 44.5 449.559
-82.5 44.5 461.191
-82 44.5 472.804
-81.5 44.5 484.362
-81 44.5 495.86
-119 45 521.259
-118.5 45 509.235
-118 45 497.225
-117.5 45 485.388
-117 45 473.683
-116.5 45 461.912
-116 45 450.207
-115.5 45 438.302
-115 45 426.44
-114.5 45 414.457
-114 45 402.578
-113.5 45 390.703
-113 45 378.974
-112.5 45 367.364
-112 45 355.886
-111.5 45 344.36
-111 45 332.956
-110.5 45 321.663
-110 45 310.579
-109.5 45 300.15
-109 45 289.938
-108.5 45 279.908
-108 45 270.077
-107.5 45 260.53
-107 45 251.166
-106.5 45 241.614
-106 45 232.252
-105.5 45 223.047
-105 45 214.412
-104.5 45 207.015
-104 45 200.451
-103.5 45 194.852
-103 45 189.83
-102.5 45 185.104
-102 45 180.724
-101.5 45 176.42
-101 45 172.831
-100.5 45 170.4
-100 45 169.195
-99.5 45 169.484
-99 45 170.906
-98.5 45 173.173
-98 45 176.26
-97.5 45 180.087
-97 45 184.585
-96.5 45 189.788
-96 45 195.596
-95.5 45 201.923
-95 45 208.83
-94.5 45 216.377
-94 45 224.512
-93.5 45 233.241
-93 45 242.449
-92.5 45 251.964
-92 45 261.65
-91.5 45 271.244
-91 45 280.864
-90.5 45 290.598
-90 45 300.478
-89.5 45 310.608
-89 45 320.932
-88.5 45 331.371
-88 45 341.988
-87.5 45 352.798
-87 45 363.774
-86.5 45 374.823
-86 45 386.002
-85.5 45 397.019
-85 45 408.158
-84.5 45 419.358
-84 45 430.653
-83.5 45 442.002
-83 45 453.397
-82.5 45 464.887
-82 45 476.424
-81.5 45 487.771
-81 45 499.113
-119 45.5 524.575
-118.5 45.5 512.6
-118 45.5 500.665
-117.5 45.5 488.912
-117 45.5 477.312
-116.5 45.5 465.809
-116 45.5 454.336
-115.5 45.5 442.804
-115 45.5 431.242
-114.5 45.5 419.656
-114 45.5 408.07
-113.5 45.5 396.498
-113 45.5 384.988
-112.5 45.5 373.637
-112 45.5 362.414
-111.5 45.5 351.397
-111 45.5 340.522
-110.5 45.5 329.854
-110 45.5 319.413
-109.5 45.5 309.372
-109 45.5 299.583
-108.5 45.5 290.003
-108 45.5 280.584
-107.5 45.5 271.205
-107 45.5 261.956
-106.5 45.5 252.764
-106 45.5 243.857
-105.5 45.5 235.466
-105 45.5 227.784
-104.5 45.5 221.137
-104 45.5 215.318
-103.5 45.5 210.224
-103 45.5 205.558
-102.5 45.5 201.024
-102 45.5 196.714
-101.5 45.5 192.65
-101 45.5 189.28
-100.5 45.5 187.012
-100 45.5 185.875
-99.5 45.5 185.925
-99 45.5 187.03
-98.5 45.5 189.101
-98 45.5 191.968
-97.5 45.5 195.445
-97 45.5 199.532
-96.5 45.5 204.24
-96 45.5 209.533
-95.5 45.5 215.4
-95 45.5 221.819
-94.5 45.5 228.775
-94 45.5 236.299
-93.5 45.5 244.442
-93 45.5 253.102
-92.5 45.5 262.191
-92 45.5 271.493
-91.5 45.5 280.76
-91 45.5 290.04
-90.5 45.5 299.37
-90 45.5 308.814
-89.5 45.5 318.537
-89 45.5 328.44
-88.5 45.5 338.537
-88 45.5 348.794
-87.5 45.5 359.202
-87 45.5 369.765
-86.5 45.5 380.479
-86 45.5 391.33
-85.5 45.5 402.266
-85 45.5 413.29
-84.5 45.5 424.345
-84 45.5 435.448
-83.5 45.5 446.523
-83 45.5 457.649
-82.5 45.5 468.775
-82 45.5 479.968
-81.5 45.5 491.175
-81 45.5 502.36
-119 46 528.213
-118.5 46 516.29
-118 46 504.456
-117.5 46 492.833
-117 46 481.369
-116.5 46 470.156
-116 46 458.949
-115.5 46 447.799
-115 46 436.57
-114.5 46 425.419
-114 46 414.185
-113.5 46 402.971
-113 46 391.731
-112.5 46 380.7
-112 46 369.759
-111.5 46 359.287
-111 46 348.942
-110.5 46 338.891
-110 46 329.014
-109.5 46 319.295
-109 46 309.801
-108.5 46 300.534
-108 46 291.454
-107.5 46 282.188
-107 46 273.146
-106.5 46 264.397
-106 46 256.067
-105.5 46 248.552
-105 46 241.776
-104.5 46 235.874
-104 46 230.672
-103.5 46 225.945
-103 46 221.527
-102.5 46 217.044
-102 46 212.809
-101.5 46 208.93
-101 46 205.768
-100.5 46 203.73
-100 46 202.673
-99.5 46 202.492
-99 46 203.262
-98.5 46 205.142
-98 46 207.84
-97.5 46 211.001
-97 46 214.738
-96.5 46 219.009
-96 46 223.837
-95.5 46 229.294
-95 46 235.279
-94.5 46 241.679
-94 46 248.605
-93.5 46 256.179
-93 46 264.268
-92.5 46 272.927
-92 46 281.887
-91.5 46 290.849
-91 46 299.876
-90.5 46 308.893
-90 46 317.938
-89.5 46 327.304
-89 46 336.759
-88.5 46 346.489
-88 46 356.349
-87.5 46 366.321
-87 46 376.436
-86.5 46 386.768
-86 46 397.252
-85.5 46 408.059
-85 46 418.935
-84.5 46 429.778
-84 46 440.654
-83.5 46 451.398
-83 46 462.238
-82.5 46 472.951
-82 46 483.775
-81.5 46 494.811
-81 46 505.871
-119 46.5 531.676
-118.5 46.5 520.159
-118 46.5 508.682
-117.5 46.5 497.41
-117 46.5 486.283
-116.5 46.5 475.372
-116 46.5 464.503
-115.5 46.5 453.692
-115 46.5 442.855
-114.5 46.5 432.061
-114 46.5 421.232
-113.5 46.5 410.36
-113 46.5 399.538
-112.5 46.5 388.843
-112 46.5 378.384
-111.5 46.5 368.237
-111 46.5 358.335
-110.5 46.5 348.633
-110 46.5 339.091
-109.5 46.5 329.632
-109 46.5 320.35
-108.5 46.5 311.204
-108 46.5 302.239
-107.5 46.5 293.361
-107 46.5 284.788
-106.5 46.5 276.719
-106 46.5 269.184
-105.5 46.5 262.356
-105 46.5 256.267
-104.5 46.5 251.03
-104 46.5 246.323
-103.5 46.5 241.789
-103 46.5 237.391
-102.5 46.5 233.066
-102 46.5 228.973
-101.5 46.5 225.321
-101 46.5 222.414
-100.5 46.5 220.573
-100 46.5 219.579
-99.5 46.5 219.201
-99 46.5 219.666
-98.5 46.5 221.226
-98 46.5 223.633
-97.5 46.5 226.596
-97 46.5 230.086
-96.5 46.5 234.035
-96 46.5 238.496
-95.5 46.5 243.525
-95 46.5 249.06
-94.5 46.5 255.036
-94 46.5 261.505
-93.5 46.5 268.513
-93 46.5 276.051
-92.5 46.5 284.126
-92 46.5 292.611
-91.5 46.5 301.362
-91 46.5 310.294
-90.5 46.5 319.188
-90 46.5 328.139
-89.5 46.5 337.084
-89 46.5 346.12
-88.5 46.5 355.37
-88 46.5 364.751
-87.5 46.5 374.352
-87 46.5 384.091
-86.5 46.5 394.061
-86 46.5 404.226
-85.5 46.5 414.715
-85 46.5 425.267
-84.5 46.5 435.719
-84 46.5 446.12
-83.5 46.5 456.574
-83 46.5 467.039
-82.5 46.5 477.58
-82 46.5 488.176
-81.5 46.5 498.924
-81 46.5 509.714
-119 47 535.711
-118.5 47 524.652
-118 47 513.598
-117.5 47 502.784
-117 47 492.022
-116.5 47 481.46
-116 47 470.892
-115.5 47 460.385
-115 47 449.852
-114.5 47 439.355
-114 47 428.87
-113.5 47 418.27
-113 47 407.842
-112.5 47 397.469
-112 47 387.483
-111.5 47 377.663
-111 47 368.166
-110.5 47 358.731
-110 47 349.465
-109.5 47 340.192
-109 47 331.125
-108.5 47 322.116
-108 47 313.375
-107.5 47 304.969
-107 47 296.97
-106.5 47 289.68
-106 47 282.936
-105.5 47 276.733
-105 47 271.178
-104.5 47 266.534
-104 47 262.263
-103.5 47 257.813
-103 47 253.425
-102.5 47 249.229
-102 47 245.285
-101.5 47 241.804
-101 47 239.067
-100.5 47 237.468
-100 47 236.595
-99.5 47 235.961
-99 47 236.054
-98.5 47 237.322
-98 47 239.473
-97.5 47 242.238
-97 47 245.547
-96.5 47 249.22
-96 47 253.363
-95.5 47 258.02
-95 47 263.162
-94.5 47 268.751
-94 47 274.804
-93.5 47 281.281
-93 47 288.256
-92.5 47 295.728
-92 47 303.688
-91.5 47 312.161
-91 47 321.008
-90.5 47 329.788
-90 47 338.783
-89.5 47 347.457
-89 47 356.218
-88.5 47 365.145
-88 47 374.109
-87.5 47 383.419
-87 47 392.791
-86.5 47 402.427
-86 47 412.206
-85.5 47 422.372
-85 47 432.568
-84.5 47 442.599
-84 47 452.514
-83.5 47 462.711
-83 47 472.792
-82.5 47 483.157
-82 47 493.453
-81.5 47 503.864
-81 47 514.32
-119 47.5 540.859
-118.5 47.5 530.183
-118 47.5 519.597
-117.5 47.5 509.139
-117 47.5 498.749
-116.5 47.5 488.414
-116 47.5 478.096
-115.5 47.5 467.744
-115 47.5 457.39
-114.5 47.5 447.02
-114 47.5 436.653
-113.5 47.5 426.261
-113 47.5 415.999
-112.5 47.5 406.024
-112 47.5 396.36
-111.5 47.5 387.062
-111 47.5 377.958
-110.5 47.5 368.851
-110 47.5 359.797
-109.5 47.5 350.772
-109 47.5 341.914
-108.5 47.5 333.317
-108 47.5 325.037
-107.5 47.5 317.244
-107 47.5 309.94
-106.5 47.5 303.332
-106 47.5 297.265
-105.5 47.5 291.686
-105 47.5 286.675
-104.5 47.5 282.333
-104 47.5 278.244
-103.5 47.5 273.955
-103 47.5 269.666
-102.5 47.5 265.601
-102 47.5 261.823
-101.5 47.5 258.435
-101 47.5 255.83
-100.5 47.5 254.351
-100 47.5 253.475
-99.5 47.5 252.704
-99 47.5 252.534
-98.5 47.5 253.438
-98 47.5 255.276
-97.5 47.5 257.862
-97 47.5 260.992
-96.5 47.5 264.484
-96 47.5 268.38
-95.5 47.5 272.715
-95 47.5 277.498
-94.5 47.5 282.735
-94 47.5 288.379
-93.5 47.5 294.395
-93 47.5 300.828
-92.5 47.5 307.748
-92 47.5 315.127
-91.5 47.5 323.078
-91 47.5 331.418
-90.5 47.5 340.138
-90 47.5 349.06
-89.5 47.5 357.978
-89 47.5 366.931
-88.5 47.5 375.783
-88 47.5 384.672
-87.5 47.5 393.623
-87 47.5 402.692
-86.5 47.5 411.957
-86 47.5 421.41
-85.5 47.5 431.117
-85 47.5 440.914
-84.5 47.5 450.746
-84 47.5 460.565
-83.5 47.5 470.444
-83 47.5 480.313
-82.5 47.5 490.195
-82 47.5 500.051
-81.5 47.5 509.976
-81 47.5 519.989
-119 48 546.795
-118.5 48 536.498
-118 48 526.275
-117.5 48 516.093
-117 48 505.986
-116.5 48 495.804
-116 48 485.682
-115.5 48 475.431
-115 48 465.239
-114.5 48 454.987
-114 48 444.776
-113.5 48 434.604
-113 48 424.522
-112.5 48 414.951
-112 48 405.555
-111.5 48 396.745
-111 48 388.014
-110.5 48 379.186
-110 48 370.385
-109.5 48 361.66
-109 48 353.121
-108.5 48 345.072
-108 48 337.34
-107.5 48 330.225
-107 48 323.547
-106.5 48 317.575
-106 48 312.092
-105.5 48 307.021
-105 48 302.404
-104.5 48 298.308
-104 48 294.399
-103.5 48 290.195
-103 48 285.994
-102.5 48 282.043
-102 48 278.409
-101.5 48 275.048
-101 48 272.493
-100.5 48 271.218
-100 48 270.432
-99.5 48 269.399
-99 48 268.899
-98.5 48 269.526
-98 48 271.103
-97.5 48 273.54
-97 48 276.529
-96.5 48 279.841
-96 48 283.521
-95.5 48 287.579
-95 48 292.056
-94.5 48 297.005
-94 48 302.316
-93.5 48 307.94
-93 48 313.911
-92.5 48 320.385
-92 48 327.191
-91.5 48 334.611
-91 48 342.302
-90.5 48 350.825
-90 48 359.568
-89.5 48 368.626
-89 48 377.812
-88.5 48 386.64
-88 48 395.586
-87.5 48 404.306
-87 48 413.182
-86.5 48 422.183
-86 48 431.361
-85.5 48 440.7
-85 48 450.138
-84.5 48 459.804
-84 48 469.531
-83.5 48 479.146
-83 48 488.85
-82.5 48 498.347
-82 48 507.843
-81.5 48 517.39
-81 48 526.937
-119 48.5 553.498
-118.5 48.5 543.362
-118 48.5 533.281
-117.5 48.5 523.242
-117 48.5 513.239
-116.5 48.5 503.175
-116 48.5 493.131
-115.5 48.5 483.09
-115 48.5 473.104
-114.5 48.5 463.151
-114 48.5 453.293
-113.5 48.5 443.583
-113 48.5 434.054
-112.5 48.5 424.796
-112 48.5 415.777
-111.5 48.5 407.038
-111 48.5 398.428
-110.5 48.5 389.828
-110 48.5 381.34
-109.5 48.5 373.077
-109 48.5 365.131
-108.5 48.5 357.646
-108 48.5 350.597
-107.5 48.5 344.027
-107 48.5 337.931
-106.5 48.5 332.329
-106 48.5 327.225
-105.5 48.5 322.599
-105 48.5 318.342
-104.5 48.5 314.271
-104 48.5 310.329
-103.5 48.5 306.4
-103 48.5 302.44
-102.5 48.5 298.393
-102 48.5 294.647
-101.5 48.5 291.587
-101 48.5 289.354
-100.5 48.5 288.047
-100 48.5 287.103
-99.5 48.5 285.937
-99 48.5 285.235
-98.5 48.5 285.661
-98 48.5 287.072
-97.5 48.5 289.311
-97 48.5 292.116
-96.5 48.5 295.256
-96 48.5 298.744
-95.5 48.5 302.585
-95 48.5 306.842
-94.5 48.5 311.551
-94 48.5 316.627
-93.5 48.5 321.967
-93 48.5 327.686
-92.5 48.5 333.891
-92 48.5 340.474
-91.5 48.5 347.345
-91 48.5 354.592
-90.5 48.5 362.415
-90 48.5 370.65
-89.5 48.5 379.273
-89 48.5 388.12
-88.5 48.5 397.02
-88 48.5 405.974
-87.5 48.5 414.833
-87 48.5 423.735
-86.5 48.5 432.677
-86 48.5 441.728
-85.5 48.5 450.857
-85 48.5 460.078
-84.5 48.5 469.359
-84 48.5 478.718
-83.5 48.5 488.111
-83 48.5 497.611
-82.5 48.5 507.157
-82 48.5 516.735
-81.5 48.5 526.247
-81 48.5 535.81
-119 49 560.433
-118.5 49 550.401
-118 49 540.412
-117.5 49 530.463
-117 49 520.55
-116.5 49 510.568
-116 49 500.618
-115.5 49 490.806
-115 49 481.079
-114.5 49 471.475
-114 49 462.032
-113.5 49 452.84
-113 49 443.883
-112.5 49 434.959
-112 49 426.28
-111.5 49 417.604
-111 49 409.117
-110.5 49 400.73
-110 49 392.579
-109.5 49 384.819
-109 49 377.481
-108.5 49 370.588
-108 49 364.195
-107.5 49 358.13
-107 49 352.552
-106.5 49 347.247
-106 49 342.447
-105.5 49 338.195
-105 49 334.256
-104.5 49 330.166
-104 49 326.205
-103.5 49 322.551
-103 49 318.874
-102.5 49 314.693
-102 49 310.815
-101.5 49 308.055
-101 49 306.067
-100.5 49 304.784
-100 49 303.803
-99.5 49 302.392
-99 49 301.446
-98.5 49 301.793
-98 49 303.07
-97.5 49 305.129
-97 49 307.759
-96.5 49 310.696
-96 49 314.001
-95.5 49 317.635
-95 49 321.692
-94.5 49 326.211
-94 49 331.113
-93.5 49 336.193
-93 49 341.7
-92.5 49 347.722
-92 49 354.16
-91.5 49 360.521
-91 49 367.299
-90.5 49 374.417
-90 49 382.025
-89.5 49 390.083
-89 49 398.472
-88.5 49 407.33
-88 49 416.291
-87.5 49 425.272
-87 49 434.262
-86.5 49 443.192
-86 49 452.191
-85.5 49 461.167
-85 49 470.219
-84.5 49 479.117
-84 49 488.118
-83.5 49 497.285
-83 49 506.638
-82.5 49 516.302
-82 49 526.085
-81.5 49 535.636
-81 49 545.257
