-119 25 3.60215
-118.5 25 3.57051
-118 25 3.5733
-117.5 25 3.58298
-117 25 3.57607
-116.5 25 3.57156
-116 25 3.55893
-115.5 25 3.54556
-115 25 3.55657
-114.5 25 3.56721
-114 25 3.56627
-113.5 25 3.56853
-113 25 3.57061
-112.5 25 3.57153
-112 25 3.57198
-111.5 25 3.57257
-111 25 3.57066
-110.5 25 3.56759
-110 25 3.56727
-109.5 25 3.56902
-109 25 3.56824
-108.5 25 3.56571
-108 25 3.56367
-107.5 25 3.5632
-107 25 3.56155
-106.5 25 3.55979
-106 25 3.55906
-105.5 25 3.56
-105 25 3.55947
-104.5 25 3.55721
-104 25 3.55419
-103.5 25 3.5491
-103 25 3.54704
-102.5 25 3.54941
-102 25 3.55279
-101.5 25 3.55814
-101 25 3.55917
-100.5 25 3.55013
-100 25 3.5418
-99.5 25 3.53347
-99 25 3.52477
-98.5 25 3.56313
-98 25 3.64516
-97.5 25 3.62456
-97 25 3.56648
-96.5 25 3.5421
-96 25 3.53482
-95.5 25 3.54659
-95 25 3.5645
-94.5 25 3.55951
-94 25 3.55177
-93.5 25 3.56046
-93 25 3.576
-92.5 25 3.57665
-92 25 3.563
-91.5 25 3.56143
-91 25 3.56832
-90.5 25 3.56301
-90 25 3.55892
-89.5 25 3.56018
-89 25 3.56506
-88.5 25 3.58142
-88 25 3.56781
-87.5 25 3.54148
-87 25 3.54499
-86.5 25 3.54883
-86 25 3.5604
-85.5 25 3.58034
-85 25 3.57304
-84.5 25 3.56073
-84 25 3.56063
-83.5 25 3.55869
-83 25 3.5412
-82.5 25 3.53669
-82 25 3.56735
-81.5 25 3.59134
-81 25 3.59559
-119 25.5 3.56876
-118.5 25.5 3.55138
-118 25.5 3.55367
-117.5 25.5 3.55242
-117 25.5 3.54598
-116.5 25.5 3.55461
-116 25.5 3.54737
-115.5 25.5 3.54489
-115 25.5 3.55409
-114.5 25.5 3.54982
-114 25.5 3.54493
-113.5 25.5 3.55156
-113 25.5 3.55213
-112.5 25.5 3.55249
-112 25.5 3.55156
-111.5 25.5 3.55377
-111 25.5 3.55106
-110.5 25.5 3.54888
-110 25.5 3.54827
-109.5 25.5 3.55209
-109 25.5 3.55082
-108.5 25.5 3.54933
-108 25.5 3.54751
-107.5 25.5 3.54899
-107 25.5 3.54712
-106.5 25.5 3.54646
-106 25.5 3.54584
-105.5 25.5 3.54825
-105 25.5 3.54879
-104.5 25.5 3.55067
-104 25.5 3.55045
-103.5 25.5 3.54542
-103 25.5 3.54204
-102.5 25.5 3.54163
-102 25.5 3.54198
-101.5 25.5 3.54899
-101 25.5 3.55194
-100.5 25.5 3.5508
-100 25.5 3.54917
-99.5 25.5 3.54424
-99 25.5 3.52482
-98.5 25.5 3.53711
-98 25.5 3.61597
-97.5 25.5 3.58358
-97 25.5 3.53256
-96.5 25.5 3.52936
-96 25.5 3.52786
-95.5 25.5 3.54362
-95 25.5 3.57418
-94.5 25.5 3.56
-94 25.5 3.53375
-93.5 25.5 3.5426
-93 25.5 3.56461
-92.5 25.5 3.56598
-92 25.5 3.54747
-91.5 25.5 3.54705
-91 25.5 3.56332
-90.5 25.5 3.55371
-90 25.5 3.53407
-89.5 25.5 3.53353
-89 25.5 3.52831
-88.5 25.5 3.55741
-88 25.5 3.58182
-87.5 25.5 3.55819
-87 25.5 3.54647
-86.5 25.5 3.53843
-86 25.5 3.52425
-85.5 25.5 3.54585
-85 25.5 3.5574
-84.5 25.5 3.55317
-84 25.5 3.55172
-83.5 25.5 3.55272
-83 25.5 3.54011
-82.5 25.5 3.53478
-82 25.5 3.56188
-81.5 25.5 3.58412
-81 25.5 3.58228
-119 26 3.55889
-118.5 26 3.54642
-118 26 3.54676
-117.5 26 3.54434
-117 26 3.55396
-116.5 26 3.5631
-116 26 3.54943
-115.5 26 3.54725
-115 26 3.54872
-114.5 26 3.54034
-114 26 3.54597
-113.5 26 3.55302
-113 26 3.55035
-112.5 26 3.54875
-112 26 3.54988
-111.5 26 3.55097
-111 26 3.54725
-110.5 26 3.54507
-110 26 3.54832
-109.5 26 3.54993
-109 26 3.54658
-108.5 26 3.54609
-108 26 3.54824
-107.5 26 3.54699
-107 26 3.54307
-106.5 26 3.54295
-106 26 3.54477
-105.5 26 3.54448
-105 26 3.54369
-104.5 26 3.54918
-104 26 3.55133
-103.5 26 3.54417
-103 26 3.53946
-102.5 26 3.54048
-102 26 3.54315
-101.5 26 3.54793
-101 26 3.55056
-100.5 26 3.55372
-100 26 3.55714
-99.5 26 3.55321
-99 26 3.51161
-98.5 26 3.43608
-98 26 3.45081
-97.5 26 3.49848
-97 26 3.53392
-96.5 26 3.54018
-96 26 3.52974
-95.5 26 3.52383
-95 26 3.54327
-94.5 26 3.55967
-94 26 3.54632
-93.5 26 3.53427
-93 26 3.54987
-92.5 26 3.56603
-92 26 3.54964
-91.5 26 3.5309
-91 26 3.54663
-90.5 26 3.55749
-90 26 3.54561
-89.5 26 3.54555
-89 26 3.53651
-88.5 26 3.53686
-88 26 3.56607
-87.5 26 3.55982
-87 26 3.54664
-86.5 26 3.5548
-86 26 3.54549
-85.5 26 3.54164
-85 26 3.55067
-84.5 26 3.55254
-84 26 3.55509
-83.5 26 3.56099
-83 26 3.55292
-82.5 26 3.53543
-82 26 3.55758
-81.5 26 3.59383
-81 26 3.59532
-119 26.5 3.56006
-118.5 26.5 3.5543
-118 26.5 3.55566
-117.5 26.5 3.55454
-117 26.5 3.56463
-116.5 26.5 3.55872
-116 26.5 3.5473
-115.5 26.5 3.55609
-115 26.5 3.55539
-114.5 26.5 3.54668
-114 26.5 3.5537
-113.5 26.5 3.55403
-113 26.5 3.55194
-112.5 26.5 3.55245
-112 26.5 3.55433
-111.5 26.5 3.55297
-111 26.5 3.55058
-110.5 26.5 3.55114
-110 26.5 3.55494
-109.5 26.5 3.55098
-109 26.5 3.54744
-108.5 26.5 3.55099
-108 26.5 3.55453
-107.5 26.5 3.54801
-107 26.5 3.54334
-106.5 26.5 3.54576
-106 26.5 3.54802
-105.5 26.5 3.54266
-105 26.5 3.54105
-104.5 26.5 3.55275
-104 26.5 3.55779
-103.5 26.5 3.54633
-103 26.5 3.53917
-102.5 26.5 3.54265
-102 26.5 3.54636
-101.5 26.5 3.54866
-101 26.5 3.55062
-100.5 26.5 3.55604
-100 26.5 3.56006
-99.5 26.5 3.55234
-99 26.5 3.50515
-98.5 26.5 3.37139
-98 26.5 3.29825
-97.5 26.5 3.41203
-97 26.5 3.53785
-96.5 26.5 3.56154
-96 26.5 3.54572
-95.5 26.5 3.52692
-95 26.5 3.52107
-94.5 26.5 3.54891
-94 26.5 3.5596
-93.5 26.5 3.54219
-93 26.5 3.54099
-92.5 26.5 3.55984
-92 26.5 3.55675
-91.5 26.5 3.53311
-91 26.5 3.53728
-90.5 26.5 3.55641
-90 26.5 3.55427
-89.5 26.5 3.55753
-89 26.5 3.55474
-88.5 26.5 3.54155
-88 26.5 3.56706
-87.5 26.5 3.5652
-87 26.5 3.53596
-86.5 26.5 3.54923
-86 26.5 3.56695
-85.5 26.5 3.56016
-85 26.5 3.55859
-84.5 26.5 3.5567
-84 26.5 3.55646
-83.5 26.5 3.5654
-83 26.5 3.58049
-82.5 26.5 3.56708
-82 26.5 3.56095
-81.5 26.5 3.59229
-81 26.5 3.61161
-119 27 3.5638
-118.5 27 3.55947
-118 27 3.55403
-117.5 27 3.55366
-117 27 3.56103
-116.5 27 3.55437
-116 27 3.55921
-115.5 27 3.56974
-115 27 3.55366
-114.5 27 3.54358
-114 27 3.55062
-113.5 27 3.55097
-113 27 3.55286
-112.5 27 3.55511
-112 27 3.5558
-111.5 27 3.55426
-111 27 3.55252
-110.5 27 3.55447
-110 27 3.55528
-109.5 27 3.55058
-109 27 3.55077
-108.5 27 3.55407
-108 27 3.55165
-107.5 27 3.54734
-107 27 3.5481
-106.5 27 3.54822
-106 27 3.5444
-105.5 27 3.54223
-105 27 3.54896
-104.5 27 3.559
-104 27 3.55699
-103.5 27 3.54647
-103 27 3.54567
-102.5 27 3.54714
-102 27 3.54659
-101.5 27 3.54827
-101 27 3.55049
-100.5 27 3.55517
-100 27 3.55507
-99.5 27 3.52899
-99 27 3.4629
-98.5 27 3.36002
-98 27 3.30938
-97.5 27 3.38559
-97 27 3.49655
-96.5 27 3.56816
-96 27 3.5883
-95.5 27 3.5592
-95 27 3.54597
-94.5 27 3.55272
-94 27 3.55227
-93.5 27 3.54462
-93 27 3.5473
-92.5 27 3.56193
-92 27 3.5576
-91.5 27 3.52909
-91 27 3.52905
-90.5 27 3.56619
-90 27 3.57519
-89.5 27 3.56714
-89 27 3.55657
-88.5 27 3.5236
-88 27 3.5394
-87.5 27 3.57862
-87 27 3.56273
-86.5 27 3.54503
-86 27 3.55615
-85.5 27 3.56338
-85 27 3.56362
-84.5 27 3.55919
-84 27 3.55315
-83.5 27 3.55527
-83 27 3.58298
-82.5 27 3.60096
-82 27 3.59494
-81.5 27 3.60789
-81 27 3.62917
-119 27.5 3.56556
-118.5 27.5 3.5575
-118 27.5 3.55174
-117.5 27.5 3.56054
-117 27.5 3.56488
-116.5 27.5 3.55502
-116 27.5 3.56144
-115.5 27.5 3.56168
-115 27.5 3.54677
-114.5 27.5 3.55036
-114 27.5 3.55461
-113.5 27.5 3.55085
-113 27.5 3.55276
-112.5 27.5 3.55471
-112 27.5 3.55507
-111.5 27.5 3.55324
-111 27.5 3.55265
-110.5 27.5 3.55727
-110 27.5 3.55613
-109.5 27.5 3.55075
-109 27.5 3.55168
-108.5 27.5 3.55267
-108 27.5 3.54882
-107.5 27.5 3.54951
-107 27.5 3.55223
-106.5 27.5 3.54733
-106 27.5 3.54112
-105.5 27.5 3.54517
-105 27.5 3.55413
-104.5 27.5 3.55942
-104 27.5 3.5554
-103.5 27.5 3.54844
-103 27.5 3.55067
-102.5 27.5 3.54823
-102 27.5 3.54314
-101.5 27.5 3.54496
-101 27.5 3.54723
-100.5 27.5 3.55266
-100 27.5 3.55267
-99.5 27.5 3.51804
-99 27.5 3.45344
-98.5 27.5 3.38472
-98 27.5 3.34778
-97.5 27.5 3.39282
-97 27.5 3.46931
-96.5 27.5 3.5522
-96 27.5 3.6144
-95.5 27.5 3.58971
-95 27.5 3.57249
-94.5 27.5 3.56416
-94 27.5 3.54967
-93.5 27.5 3.54668
-93 27.5 3.55116
-92.5 27.5 3.56342
-92 27.5 3.56822
-91.5 27.5 3.54078
-91 27.5 3.51557
-90.5 27.5 3.55252
-90 27.5 3.58389
-89.5 27.5 3.58114
-89 27.5 3.58152
-88.5 27.5 3.54182
-88 27.5 3.50716
-87.5 27.5 3.54814
-87 27.5 3.57687
-86.5 27.5 3.56183
-86 27.5 3.55147
-85.5 27.5 3.55585
-85 27.5 3.56265
-84.5 27.5 3.55966
-84 27.5 3.55251
-83.5 27.5 3.55493
-83 27.5 3.58044
-82.5 27.5 3.6092
-82 27.5 3.61432
-81.5 27.5 3.62382
-81 27.5 3.64935
-119 28 3.57419
-118.5 28 3.56106
-118 28 3.55726
-117.5 28 3.56659
-117 28 3.55565
-116.5 28 3.54505
-116 28 3.55892
-115.5 28 3.56091
-115 28 3.55768
-114.5 28 3.56373
-114 28 3.55636
-113.5 28 3.5474
-113 28 3.55018
-112.5 28 3.55317
-112 28 3.55395
-111.5 28 3.554
-111 28 3.5594
-110.5 28 3.56096
-110 28 3.55195
-109.5 28 3.54768
-109 28 3.55301
-108.5 28 3.55428
-108 28 3.55073
-107.5 28 3.55031
-107 28 3.54977
-106.5 28 3.5469
-106 28 3.54597
-105.5 28 3.54719
-105 28 3.55121
-104.5 28 3.55403
-104 28 3.54585
-103.5 28 3.54011
-103 28 3.54766
-102.5 28 3.54611
-102 28 3.54232
-101.5 28 3.5425
-101 28 3.54152
-100.5 28 3.54478
-100 28 3.54398
-99.5 28 3.5285
-99 28 3.49439
-98.5 28 3.44779
-98 28 3.42093
-97.5 28 3.43066
-97 28 3.46384
-96.5 28 3.49931
-96 28 3.53175
-95.5 28 3.55547
-95 28 3.57249
-94.5 28 3.57604
-94 28 3.56294
-93.5 28 3.55424
-93 28 3.55865
-92.5 28 3.558
-92 28 3.56093
-91.5 28 3.56506
-91 28 3.54655
-90.5 28 3.54421
-90 28 3.56579
-89.5 28 3.5657
-89 28 3.58053
-88.5 28 3.57959
-88 28 3.54015
-87.5 28 3.53421
-87 28 3.55869
-86.5 28 3.56804
-86 28 3.56017
-85.5 28 3.55019
-85 28 3.55423
-84.5 28 3.55849
-84 28 3.55231
-83.5 28 3.5546
-83 28 3.58446
-82.5 28 3.61799
-82 28 3.61922
-81.5 28 3.62321
-81 28 3.65368
-119 28.5 3.58143
-118.5 28.5 3.55739
-118 28.5 3.55207
-117.5 28.5 3.55969
-117 28.5 3.55138
-116.5 28.5 3.55683
-116 28.5 3.5667
-115.5 28.5 3.55941
-115 28.5 3.56106
-114.5 28.5 3.56578
-114 28.5 3.55637
-113.5 28.5 3.54991
-113 28.5 3.55155
-112.5 28.5 3.55265
-112 28.5 3.55385
-111.5 28.5 3.55679
-111 28.5 3.56166
-110.5 28.5 3.55442
-110 28.5 3.54664
-109.5 28.5 3.55145
-109 28.5 3.55722
-108.5 28.5 3.55459
-108 28.5 3.55077
-107.5 28.5 3.55018
-107 28.5 3.54869
-106.5 28.5 3.55015
-106 28.5 3.55068
-105.5 28.5 3.54637
-105 28.5 3.5429
-104.5 28.5 3.53996
-104 28.5 3.52856
-103.5 28.5 3.52601
-103 28.5 3.53787
-102.5 28.5 3.53557
-102 28.5 3.53554
-101.5 28.5 3.53746
-101 28.5 3.53592
-100.5 28.5 3.54052
-100 28.5 3.54429
-99.5 28.5 3.55087
-99 28.5 3.54643
-98.5 28.5 3.51741
-98 28.5 3.49767
-97.5 28.5 3.48058
-97 28.5 3.47668
-96.5 28.5 3.46771
-96 28.5 3.45091
-95.5 28.5 3.49372
-95 28.5 3.54701
-94.5 28.5 3.56782
-94 28.5 3.56445
-93.5 28.5 3.55453
-93 28.5 3.5616
-92.5 28.5 3.55424
-92 28.5 3.54191
-91.5 28.5 3.55583
-91 28.5 3.55716
-90.5 28.5 3.53686
-90 28.5 3.55049
-89.5 28.5 3.55242
-89 28.5 3.56569
-88.5 28.5 3.58595
-88 28.5 3.56839
-87.5 28.5 3.54761
-87 28.5 3.5501
-86.5 28.5 3.56164
-86 28.5 3.56808
-85.5 28.5 3.55718
-85 28.5 3.55002
-84.5 28.5 3.55572
-84 28.5 3.5566
-83.5 28.5 3.56417
-83 28.5 3.58943
-82.5 28.5 3.61755
-82 28.5 3.61617
-81.5 28.5 3.62026
-81 28.5 3.65317
-119 29 3.57695
-118.5 29 3.54781
-118 29 3.55461
-117.5 29 3.56686
-117 29 3.56536
-116.5 29 3.5694
-116 29 3.55988
-115.5 29 3.55002
-115 29 3.56345
-114.5 29 3.56898
-114 29 3.55662
-113.5 29 3.55337
-113 29 3.55587
-112.5 29 3.55127
-112 29 3.54821
-111.5 29 3.55114
-111 29 3.5504
-110.5 29 3.54756
-110 29 3.55338
-109.5 29 3.55904
-109 29 3.55758
-108.5 29 3.5529
-108 29 3.5515
-107.5 29 3.55284
-107 29 3.55289
-106.5 29 3.55282
-106 29 3.54898
-105.5 29 3.54322
-105 29 3.54003
-104.5 29 3.52614
-104 29 3.50187
-103.5 29 3.49257
-103 29 3.49853
-102.5 29 3.51114
-102 29 3.52875
-101.5 29 3.53661
-101 29 3.53891
-100.5 29 3.54532
-100 29 3.5566
-99.5 29 3.56898
-99 29 3.57218
-98.5 29 3.55781
-98 29 3.54128
-97.5 29 3.52072
-97 29 3.5051
-96.5 29 3.48879
-96 29 3.46246
-95.5 29 3.45575
-95 29 3.49108
-94.5 29 3.53952
-94 29 3.55246
-93.5 29 3.52585
-93 29 3.52124
-92.5 29 3.54275
-92 29 3.54633
-91.5 29 3.53514
-91 29 3.51951
-90.5 29 3.48541
-90 29 3.48636
-89.5 29 3.51425
-89 29 3.54652
-88.5 29 3.58893
-88 29 3.58741
-87.5 29 3.55968
-87 29 3.5551
-86.5 29 3.5539
-86 29 3.55907
-85.5 29 3.55956
-85 29 3.55282
-84.5 29 3.56111
-84 29 3.5734
-83.5 29 3.57849
-83 29 3.60115
-82.5 29 3.62895
-82 29 3.62081
-81.5 29 3.6111
-81 29 3.64684
-119 29.5 3.57453
-118.5 29.5 3.54991
-118 29.5 3.55618
-117.5 29.5 3.56286
-117 29.5 3.56511
-116.5 29.5 3.5641
-116 29.5 3.55545
-115.5 29.5 3.55892
-115 29.5 3.56745
-114.5 29.5 3.55775
-114 29.5 3.55146
-113.5 29.5 3.56308
-113 29.5 3.56326
-112.5 29.5 3.54647
-112 29.5 3.54128
-111.5 29.5 3.54635
-111 29.5 3.54592
-110.5 29.5 3.55309
-110 29.5 3.56163
-109.5 29.5 3.56016
-109 29.5 3.55627
-108.5 29.5 3.55283
-108 29.5 3.55288
-107.5 29.5 3.55704
-107 29.5 3.55651
-106.5 29.5 3.55411
-106 29.5 3.54614
-105.5 29.5 3.53948
-105 29.5 3.5316
-104.5 29.5 3.50186
-104 29.5 3.46958
-103.5 29.5 3.45882
-103 29.5 3.46238
-102.5 29.5 3.49056
-102 29.5 3.52025
-101.5 29.5 3.52846
-101 29.5 3.53524
-100.5 29.5 3.54591
-100 29.5 3.56485
-99.5 29.5 3.58009
-99 29.5 3.58619
-98.5 29.5 3.58102
-98 29.5 3.56922
-97.5 29.5 3.54939
-97 29.5 3.53254
-96.5 29.5 3.51682
-96 29.5 3.49605
-95.5 29.5 3.45718
-95 29.5 3.44541
-94.5 29.5 3.49056
-94 29.5 3.53349
-93.5 29.5 3.50205
-93 29.5 3.4649
-92.5 29.5 3.49291
-92 29.5 3.53207
-91.5 29.5 3.51923
-91 29.5 3.49542
-90.5 29.5 3.4577
-90 29.5 3.42816
-89.5 29.5 3.45847
-89 29.5 3.50186
-88.5 29.5 3.55465
-88 29.5 3.58751
-87.5 29.5 3.5728
-87 29.5 3.56652
-86.5 29.5 3.55824
-86 29.5 3.55099
-85.5 29.5 3.54971
-85 29.5 3.54183
-84.5 29.5 3.55028
-84 29.5 3.58697
-83.5 29.5 3.60061
-83 29.5 3.60662
-82.5 29.5 3.62318
-82 29.5 3.6242
-81.5 29.5 3.61674
-81 29.5 3.64419
-119 30 3.56556
-118.5 30 3.53989
-118 30 3.54316
-117.5 30 3.55057
-117 30 3.55695
-116.5 30 3.56123
-116 30 3.56272
-115.5 30 3.5672
-115 30 3.55912
-114.5 30 3.54422
-114 30 3.55719
-113.5 30 3.57543
-113 30 3.55905
-112.5 30 3.5428
-112 30 3.55261
-111.5 30 3.55689
-111 30 3.5558
-110.5 30 3.55824
-110 30 3.55583
-109.5 30 3.55513
-109 30 3.55649
-108.5 30 3.55328
-108 30 3.55901
-107.5 30 3.56251
-107 30 3.56135
-106.5 30 3.55488
-106 30 3.54161
-105.5 30 3.52365
-105 30 3.50061
-104.5 30 3.4767
-104 30 3.45537
-103.5 30 3.44459
-103 30 3.45207
-102.5 30 3.47593
-102 30 3.49715
-101.5 30 3.5056
-101 30 3.51221
-100.5 30 3.53254
-100 30 3.5605
-99.5 30 3.58466
-99 30 3.59745
-98.5 30 3.59266
-98 30 3.58059
-97.5 30 3.56239
-97 30 3.54403
-96.5 30 3.52942
-96 30 3.50594
-95.5 30 3.47418
-95 30 3.45287
-94.5 30 3.44685
-94 30 3.46498
-93.5 30 3.47928
-93 30 3.45143
-92.5 30 3.43842
-92 30 3.46497
-91.5 30 3.4817
-91 30 3.47346
-90.5 30 3.46304
-90 30 3.44024
-89.5 30 3.44143
-89 30 3.47352
-88.5 30 3.50868
-88 30 3.54044
-87.5 30 3.55197
-87 30 3.55501
-86.5 30 3.5608
-86 30 3.55649
-85.5 30 3.5499
-85 30 3.5317
-84.5 30 3.51787
-84 30 3.55457
-83.5 30 3.60433
-83 30 3.61274
-82.5 30 3.61507
-82 30 3.61557
-81.5 30 3.61118
-81 30 3.63741
-119 30.5 3.55901
-118.5 30.5 3.53943
-118 30.5 3.53748
-117.5 30.5 3.5425
-117 30.5 3.55046
-116.5 30.5 3.55944
-116 30.5 3.56418
-115.5 30.5 3.5648
-115 30.5 3.55488
-114.5 30.5 3.54539
-114 30.5 3.56157
-113.5 30.5 3.57063
-113 30.5 3.56013
-112.5 30.5 3.56791
-112 30.5 3.57753
-111.5 30.5 3.56586
-111 30.5 3.55903
-110.5 30.5 3.55176
-110 30.5 3.5465
-109.5 30.5 3.55463
-109 30.5 3.55591
-108.5 30.5 3.54857
-108 30.5 3.55489
-107.5 30.5 3.55461
-107 30.5 3.55491
-106.5 30.5 3.54561
-106 30.5 3.52842
-105.5 30.5 3.50029
-105 30.5 3.47231
-104.5 30.5 3.4618
-104 30.5 3.45026
-103.5 30.5 3.44159
-103 30.5 3.45081
-102.5 30.5 3.46966
-102 30.5 3.48228
-101.5 30.5 3.48578
-101 30.5 3.48835
-100.5 30.5 3.51858
-100 30.5 3.55474
-99.5 30.5 3.58631
-99 30.5 3.60458
-98.5 30.5 3.60034
-98 30.5 3.58655
-97.5 30.5 3.5683
-97 30.5 3.54739
-96.5 30.5 3.53576
-96 30.5 3.51528
-95.5 30.5 3.4957
-95 30.5 3.48688
-94.5 30.5 3.45696
-94 30.5 3.42778
-93.5 30.5 3.45831
-93 30.5 3.45727
-92.5 30.5 3.43283
-92 30.5 3.42747
-91.5 30.5 3.44991
-91 30.5 3.45387
-90.5 30.5 3.46342
-90 30.5 3.46539
-89.5 30.5 3.45883
-89 30.5 3.47435
-88.5 30.5 3.49384
-88 30.5 3.5087
-87.5 30.5 3.52942
-87 30.5 3.53825
-86.5 30.5 3.55392
-86 30.5 3.56226
-85.5 30.5 3.55908
-85 30.5 3.54546
-84.5 30.5 3.52724
-84 30.5 3.52672
-83.5 30.5 3.57172
-83 30.5 3.60233
-82.5 30.5 3.61141
-82 30.5 3.61683
-81.5 30.5 3.61928
-81 30.5 3.63468
-119 31 3.56544
-118.5 31 3.54739
-118 31 3.5429
-117.5 31 3.54322
-117 31 3.55055
-116.5 31 3.55732
-116 31 3.55607
-115.5 31 3.5598
-115 31 3.5466
-114.5 31 3.54798
-114 31 3.57417
-113.5 31 3.58195
-113 31 3.5843
-112.5 31 3.59584
-112 31 3.58309
-111.5 31 3.56356
-111 31 3.55778
-110.5 31 3.54746
-110 31 3.5477
-109.5 31 3.55152
-109 31 3.53167
-108.5 31 3.5181
-108 31 3.51941
-107.5 31 3.52584
-107 31 3.53248
-106.5 31 3.52431
-106 31 3.50603
-105.5 31 3.48427
-105 31 3.47304
-104.5 31 3.46068
-104 31 3.44065
-103.5 31 3.44088
-103 31 3.46
-102.5 31 3.47863
-102 31 3.48765
-101.5 31 3.48714
-101 31 3.49161
-100.5 31 3.51626
-100 31 3.54904
-99.5 31 3.58559
-99 31 3.60944
-98.5 31 3.60181
-98 31 3.58802
-97.5 31 3.57495
-97 31 3.55991
-96.5 31 3.55025
-96 31 3.53396
-95.5 31 3.51033
-95 31 3.5097
-94.5 31 3.51529
-94 31 3.50471
-93.5 31 3.50529
-93 31 3.49853
-92.5 31 3.46731
-92 31 3.45293
-91.5 31 3.46695
-91 31 3.47461
-90.5 31 3.47505
-90 31 3.47914
-89.5 31 3.47451
-89 31 3.48415
-88.5 31 3.50483
-88 31 3.5197
-87.5 31 3.53877
-87 31 3.55482
-86.5 31 3.56305
-86 31 3.57318
-85.5 31 3.57756
-85 31 3.57188
-84.5 31 3.5686
-84 31 3.55892
-83.5 31 3.56781
-83 31 3.59581
-82.5 31 3.60948
-82 31 3.6176
-81.5 31 3.6323
-81 31 3.64875
-119 31.5 3.57772
-118.5 31.5 3.56413
-118 31.5 3.55898
-117.5 31.5 3.55473
-117 31.5 3.55493
-116.5 31.5 3.54955
-116 31.5 3.54753
-115.5 31.5 3.55859
-115 31.5 3.56048
-114.5 31.5 3.59526
-114 31.5 3.61047
-113.5 31.5 3.59673
-113 31.5 3.59889
-112.5 31.5 3.60441
-112 31.5 3.5884
-111.5 31.5 3.57895
-111 31.5 3.56894
-110.5 31.5 3.5516
-110 31.5 3.54538
-109.5 31.5 3.53319
-109 31.5 3.50245
-108.5 31.5 3.4909
-108 31.5 3.48778
-107.5 31.5 3.50294
-107 31.5 3.50857
-106.5 31.5 3.49646
-106 31.5 3.48493
-105.5 31.5 3.47858
-105 31.5 3.4786
-104.5 31.5 3.45918
-104 31.5 3.43917
-103.5 31.5 3.45768
-103 31.5 3.48153
-102.5 31.5 3.49714
-102 31.5 3.50432
-101.5 31.5 3.49953
-101 31.5 3.50113
-100.5 31.5 3.5196
-100 31.5 3.54396
-99.5 31.5 3.58023
-99 31.5 3.6085
-98.5 31.5 3.5971
-98 31.5 3.58173
-97.5 31.5 3.57322
-97 31.5 3.56375
-96.5 31.5 3.55821
-96 31.5 3.5525
-95.5 31.5 3.52894
-95 31.5 3.52347
-94.5 31.5 3.55187
-94 31.5 3.58094
-93.5 31.5 3.57475
-93 31.5 3.56627
-92.5 31.5 3.53179
-92 31.5 3.49772
-91.5 31.5 3.49527
-91 31.5 3.50724
-90.5 31.5 3.50204
-90 31.5 3.5025
-89.5 31.5 3.4976
-89 31.5 3.49661
-88.5 31.5 3.51316
-88 31.5 3.53369
-87.5 31.5 3.55274
-87 31.5 3.58169
-86.5 31.5 3.5925
-86 31.5 3.59484
-85.5 31.5 3.60023
-85 31.5 3.59588
-84.5 31.5 3.59796
-84 31.5 3.60057
-83.5 31.5 3.60023
-83 31.5 3.6171
-82.5 31.5 3.62819
-82 31.5 3.62238
-81.5 31.5 3.63359
-81 31.5 3.65991
-119 32 3.59009
-118.5 32 3.58243
-118 32 3.57781
-117.5 32 3.57428
-117 32 3.57181
-116.5 32 3.56401
-116 32 3.58312
-115.5 32 3.59651
-115 32 3.62461
-114.5 32 3.66077
-114 32 3.62803
-113.5 32 3.59965
-113 32 3.6135
-112.5 32 3.62198
-112 32 3.61039
-111.5 32 3.60016
-111 32 3.57849
-110.5 32 3.557
-110 32 3.55489
-109.5 32 3.53294
-109 32 3.50447
-108.5 32 3.48505
-108 32 3.48089
-107.5 32 3.4883
-107 32 3.47487
-106.5 32 3.46324
-106 32 3.46176
-105.5 32 3.46798
-105 32 3.47528
-104.5 32 3.47087
-104 32 3.47825
-103.5 32 3.49465
-103 32 3.50749
-102.5 32 3.51308
-102 32 3.51221
-101.5 32 3.51191
-101 32 3.5217
-100.5 32 3.5299
-100 32 3.541
-99.5 32 3.56176
-99 32 3.57763
-98.5 32 3.5721
-98 32 3.56355
-97.5 32 3.56382
-97 32 3.55916
-96.5 32 3.54879
-96 32 3.54327
-95.5 32 3.5328
-95 32 3.53115
-94.5 32 3.55265
-94 32 3.58124
-93.5 32 3.59457
-93 32 3.5976
-92.5 32 3.58958
-92 32 3.55894
-91.5 32 3.52144
-91 32 3.51718
-90.5 32 3.51512
-90 32 3.51469
-89.5 32 3.52041
-89 32 3.51899
-88.5 32 3.52311
-88 32 3.53822
-87.5 32 3.54978
-87 32 3.57768
-86.5 32 3.61167
-86 32 3.62112
-85.5 32 3.62808
-85 32 3.62619
-84.5 32 3.61984
-84 32 3.62469
-83.5 32 3.62761
-83 32 3.64411
-82.5 32 3.66338
-82 32 3.6502
-81.5 32 3.63858
-81 32 3.6653
-119 32.5 3.60195
-118.5 32.5 3.60397
-118 32.5 3.60629
-117.5 32.5 3.61201
-117 32.5 3.61652
-116.5 32.5 3.622
-116 32.5 3.63008
-115.5 32.5 3.6189
-115 32.5 3.64607
-114.5 32.5 3.65516
-114 32.5 3.63024
-113.5 32.5 3.6316
-113 32.5 3.63675
-112.5 32.5 3.6323
-112 32.5 3.62008
-111.5 32.5 3.607
-111 32.5 3.58829
-110.5 32.5 3.57927
-110 32.5 3.56882
-109.5 32.5 3.5262
-109 32.5 3.49884
-108.5 32.5 3.47195
-108 32.5 3.46568
-107.5 32.5 3.46276
-107 32.5 3.44495
-106.5 32.5 3.44427
-106 32.5 3.44886
-105.5 32.5 3.46677
-105 32.5 3.482
-104.5 32.5 3.49271
-104 32.5 3.5141
-103.5 32.5 3.52013
-103 32.5 3.52329
-102.5 32.5 3.51802
-102 32.5 3.51338
-101.5 32.5 3.52046
-101 32.5 3.53605
-100.5 32.5 3.53366
-100 32.5 3.532
-99.5 32.5 3.5407
-99 32.5 3.54685
-98.5 32.5 3.54448
-98 32.5 3.53862
-97.5 32.5 3.5469
-97 32.5 3.54876
-96.5 32.5 3.53703
-96 32.5 3.52964
-95.5 32.5 3.52699
-95 32.5 3.52701
-94.5 32.5 3.54243
-94 32.5 3.55972
-93.5 32.5 3.57903
-93 32.5 3.58933
-92.5 32.5 3.5972
-92 32.5 3.60354
-91.5 32.5 3.56655
-91 32.5 3.53688
-90.5 32.5 3.5267
-90 32.5 3.51928
-89.5 32.5 3.52703
-89 32.5 3.53753
-88.5 32.5 3.54208
-88 32.5 3.55502
-87.5 32.5 3.56219
-87 32.5 3.56447
-86.5 32.5 3.59286
-86 32.5 3.6181
-85.5 32.5 3.63311
-85 32.5 3.64514
-84.5 32.5 3.64372
-84 32.5 3.64751
-83.5 32.5 3.65077
-83 32.5 3.65619
-82.5 32.5 3.66852
-82 32.5 3.67335
-81.5 32.5 3.66631
-81 32.5 3.67932
-119 33 3.61989
-118.5 33 3.63011
-118 33 3.63949
-117.5 33 3.64807
-117 33 3.65101
-116.5 33 3.6493
-116 33 3.61397
-115.5 33 3.59176
-115 33 3.62944
-114.5 33 3.64515
-114 33 3.6612
-113.5 33 3.66546
-113 33 3.64324
-112.5 33 3.62803
-112 33 3.61459
-111.5 33 3.60142
-111 33 3.58483
-110.5 33 3.57417
-110 33 3.53205
-109.5 33 3.48693
-109 33 3.46631
-108.5 33 3.44603
-108 33 3.4531
-107.5 33 3.45331
-107 33 3.44625
-106.5 33 3.4476
-106 33 3.4557
-105.5 33 3.47358
-105 33 3.48254
-104.5 33 3.49401
-104 33 3.51188
-103.5 33 3.51695
-103 33 3.51479
-102.5 33 3.50874
-102 33 3.50363
-101.5 33 3.51072
-101 33 3.52328
-100.5 33 3.5234
-100 33 3.52103
-99.5 33 3.52321
-99 33 3.52615
-98.5 33 3.527
-98 33 3.52729
-97.5 33 3.53382
-97 33 3.53566
-96.5 33 3.52082
-96 33 3.51285
-95.5 33 3.52291
-95 33 3.53261
-94.5 33 3.5395
-94 33 3.54996
-93.5 33 3.55961
-93 33 3.56344
-92.5 33 3.56123
-92 33 3.57683
-91.5 33 3.58559
-91 33 3.56803
-90.5 33 3.55278
-90 33 3.54073
-89.5 33 3.53686
-89 33 3.54715
-88.5 33 3.55716
-88 33 3.5716
-87.5 33 3.59021
-87 33 3.57946
-86.5 33 3.57522
-86 33 3.59421
-85.5 33 3.61202
-85 33 3.6317
-84.5 33 3.64513
-84 33 3.65451
-83.5 33 3.66275
-83 33 3.66084
-82.5 33 3.65865
-82 33 3.66999
-81.5 33 3.67924
-81 33 3.68934
-119 33.5 3.63044
-118.5 33.5 3.64315
-118 33.5 3.65356
-117.5 33.5 3.65603
-117 33.5 3.6386
-116.5 33.5 3.6045
-116 33.5 3.58536
-115.5 33.5 3.60874
-115 33.5 3.64524
-114.5 33.5 3.66125
-114 33.5 3.6674
-113.5 33.5 3.6332
-113 33.5 3.61362
-112.5 33.5 3.60758
-112 33.5 3.59168
-111.5 33.5 3.57473
-111 33.5 3.55334
-110.5 33.5 3.53309
-110 33.5 3.49289
-109.5 33.5 3.47479
-109 33.5 3.45919
-108.5 33.5 3.4469
-108 33.5 3.45121
-107.5 33.5 3.44418
-107 33.5 3.44406
-106.5 33.5 3.44702
-106 33.5 3.45802
-105.5 33.5 3.47486
-105 33.5 3.4802
-104.5 33.5 3.4921
-104 33.5 3.50306
-103.5 33.5 3.50493
-103 33.5 3.50041
-102.5 33.5 3.49726
-102 33.5 3.49087
-101.5 33.5 3.499
-101 33.5 3.50778
-100.5 33.5 3.51004
-100 33.5 3.509
-99.5 33.5 3.51034
-99 33.5 3.51223
-98.5 33.5 3.51655
-98 33.5 3.51895
-97.5 33.5 3.52501
-97 33.5 3.53005
-96.5 33.5 3.5143
-96 33.5 3.49587
-95.5 33.5 3.50918
-95 33.5 3.53357
-94.5 33.5 3.53987
-94 33.5 3.54503
-93.5 33.5 3.55033
-93 33.5 3.55196
-92.5 33.5 3.54654
-92 33.5 3.54336
-91.5 33.5 3.56513
-91 33.5 3.58074
-90.5 33.5 3.58057
-90 33.5 3.57349
-89.5 33.5 3.56955
-89 33.5 3.5741
-88.5 33.5 3.58424
-88 33.5 3.58526
-87.5 33.5 3.59722
-87 33.5 3.59331
-86.5 33.5 3.57955
-86 33.5 3.58027
-85.5 33.5 3.59038
-85 33.5 3.60874
-84.5 33.5 3.62771
-84 33.5 3.64198
-83.5 33.5 3.65305
-83 33.5 3.65784
-82.5 33.5 3.65823
-82 33.5 3.66442
-81.5 33.5 3.67751
-81 33.5 3.68812
-119 34 3.62284
-118.5 34 3.63178
-118 34 3.6333
-117.5 34 3.63396
-117 34 3.59157
-116.5 34 3.5535
-116 34 3.58065
-115.5 34 3.62895
-115 34 3.64387
-114.5 34 3.64922
-114 34 3.61995
-113.5 34 3.57271
-113 34 3.58466
-112.5 34 3.58248
-112 34 3.56184
-111.5 34 3.54275
-111 34 3.52654
-110.5 34 3.51298
-110 34 3.49458
-109.5 34 3.49022
-109 34 3.46901
-108.5 34 3.44861
-108 34 3.43621
-107.5 34 3.42359
-107 34 3.42865
-106.5 34 3.43777
-106 34 3.46071
-105.5 34 3.48188
-105 34 3.48761
-104.5 34 3.49368
-104 34 3.49719
-103.5 34 3.49838
-103 34 3.50119
-102.5 34 3.49957
-102 34 3.49643
-101.5 34 3.49413
-101 34 3.4941
-100.5 34 3.49808
-100 34 3.50237
-99.5 34 3.50103
-99 34 3.5035
-98.5 34 3.51121
-98 34 3.51781
-97.5 34 3.51439
-97 34 3.51632
-96.5 34 3.51872
-96 34 3.50515
-95.5 34 3.49518
-95 34 3.51067
-94.5 34 3.52919
-94 34 3.53645
-93.5 34 3.54872
-93 34 3.56334
-92.5 34 3.5637
-92 34 3.55333
-91.5 34 3.55505
-91 34 3.57523
-90.5 34 3.60096
-90 34 3.60748
-89.5 34 3.61182
-89 34 3.62251
-88.5 34 3.63328
-88 34 3.62353
-87.5 34 3.61213
-87 34 3.60436
-86.5 34 3.5875
-86 34 3.57804
-85.5 34 3.57473
-85 34 3.58683
-84.5 34 3.60543
-84 34 3.61968
-83.5 34 3.6326
-83 34 3.64207
-82.5 34 3.65139
-82 34 3.65972
-81.5 34 3.67397
-81 34 3.68614
-119 34.5 3.59534
-118.5 34.5 3.58482
-118 34.5 3.58222
-117.5 34.5 3.58442
-117 34.5 3.55872
-116.5 34.5 3.55733
-116 34.5 3.58086
-115.5 34.5 3.60644
-115 34.5 3.61358
-114.5 34.5 3.61962
-114 34.5 3.59813
-113.5 34.5 3.58342
-113 34.5 3.57344
-112.5 34.5 3.53201
-112 34.5 3.51461
-111.5 34.5 3.50234
-111 34.5 3.49864
-110.5 34.5 3.49816
-110 34.5 3.49898
-109.5 34.5 3.50709
-109 34.5 3.48396
-108.5 34.5 3.45681
-108 34.5 3.43209
-107.5 34.5 3.41631
-107 34.5 3.41836
-106.5 34.5 3.42967
-106 34.5 3.45593
-105.5 34.5 3.47805
-105 34.5 3.487
-104.5 34.5 3.49281
-104 34.5 3.49501
-103.5 34.5 3.50136
-103 34.5 3.50743
-102.5 34.5 3.50689
-102 34.5 3.50323
-101.5 34.5 3.49091
-101 34.5 3.48218
-100.5 34.5 3.48859
-100 34.5 3.49579
-99.5 34.5 3.49177
-99 34.5 3.49275
-98.5 34.5 3.50511
-98 34.5 3.52066
-97.5 34.5 3.51664
-97 34.5 3.51106
-96.5 34.5 3.52409
-96 34.5 3.52517
-95.5 34.5 3.5085
-95 34.5 3.50251
-94.5 34.5 3.51792
-94 34.5 3.52561
-93.5 34.5 3.5453
-93 34.5 3.58424
-92.5 34.5 3.59989
-92 34.5 3.588
-91.5 34.5 3.58061
-91 34.5 3.57952
-90.5 34.5 3.60514
-90 34.5 3.63065
-89.5 34.5 3.64818
-89 34.5 3.66297
-88.5 34.5 3.6695
-88 34.5 3.657
-87.5 34.5 3.63508
-87 34.5 3.62437
-86.5 34.5 3.60833
-86 34.5 3.59107
-85.5 34.5 3.57892
-85 34.5 3.57427
-84.5 34.5 3.58298
-84 34.5 3.59523
-83.5 34.5 3.60872
-83 34.5 3.61826
-82.5 34.5 3.62996
-82 34.5 3.6425
-81.5 34.5 3.6591
-81 34.5 3.67884
-119 35 3.5656
-118.5 35 3.53929
-118 35 3.54872
-117.5 35 3.55779
-117 35 3.55663
-116.5 35 3.56969
-116 35 3.57546
-115.5 35 3.58388
-115 35 3.59343
-114.5 35 3.6024
-114 35 3.59097
-113.5 35 3.58748
-113 35 3.52742
-112.5 35 3.46714
-112 35 3.46752
-111.5 35 3.46908
-111 35 3.48342
-110.5 35 3.49162
-110 35 3.51708
-109.5 35 3.53571
-109 35 3.50352
-108.5 35 3.46907
-108 35 3.43541
-107.5 35 3.41245
-107 35 3.40882
-106.5 35 3.4133
-106 35 3.44025
-105.5 35 3.46489
-105 35 3.47927
-104.5 35 3.48899
-104 35 3.49649
-103.5 35 3.50299
-103 35 3.50778
-102.5 35 3.50452
-102 35 3.49619
-101.5 35 3.48345
-101 35 3.47948
-100.5 35 3.47463
-100 35 3.47261
-99.5 35 3.47252
-99 35 3.47885
-98.5 35 3.48927
-98 35 3.50748
-97.5 35 3.52676
-97 35 3.53823
-96.5 35 3.5442
-96 35 3.54584
-95.5 35 3.53881
-95 35 3.53197
-94.5 35 3.53541
-94 35 3.53409
-93.5 35 3.53741
-93 35 3.58518
-92.5 35 3.63894
-92 35 3.63764
-91.5 35 3.62976
-91 35 3.62295
-90.5 35 3.62136
-90 35 3.64776
-89.5 35 3.67157
-89 35 3.68706
-88.5 35 3.69058
-88 35 3.67194
-87.5 35 3.64317
-87 35 3.6342
-86.5 35 3.62762
-86 35 3.6095
-85.5 35 3.59288
-85 35 3.57731
-84.5 35 3.5703
-84 35 3.57841
-83.5 35 3.59
-83 35 3.59757
-82.5 35 3.60565
-82 35 3.61957
-81.5 35 3.63647
-81 35 3.66259
-119 35.5 3.55503
-118.5 35.5 3.52788
-118 35.5 3.52238
-117.5 35.5 3.51711
-117 35.5 3.52904
-116.5 35.5 3.54574
-116 35.5 3.55396
-115.5 35.5 3.56045
-115 35.5 3.56216
-114.5 35.5 3.56005
-114 35.5 3.55392
-113.5 35.5 3.55051
-113 35.5 3.50108
-112.5 35.5 3.47812
-112 35.5 3.47553
-111.5 35.5 3.48035
-111 35.5 3.48776
-110.5 35.5 3.48734
-110 35.5 3.51428
-109.5 35.5 3.52429
-109 35.5 3.50136
-108.5 35.5 3.47512
-108 35.5 3.44027
-107.5 35.5 3.41797
-107 35.5 3.40373
-106.5 35.5 3.39676
-106 35.5 3.41693
-105.5 35.5 3.43915
-105 35.5 3.4601
-104.5 35.5 3.47899
-104 35.5 3.49251
-103.5 35.5 3.50246
-103 35.5 3.50496
-102.5 35.5 3.50057
-102 35.5 3.4886
-101.5 35.5 3.48079
-101 35.5 3.47626
-100.5 35.5 3.46344
-100 35.5 3.45317
-99.5 35.5 3.46005
-99 35.5 3.47143
-98.5 35.5 3.48454
-98 35.5 3.4992
-97.5 35.5 3.5337
-97 35.5 3.56769
-96.5 35.5 3.57742
-96 35.5 3.57605
-95.5 35.5 3.57475
-95 35.5 3.57031
-94.5 35.5 3.56906
-94 35.5 3.56722
-93.5 35.5 3.56598
-93 35.5 3.5853
-92.5 35.5 3.63352
-92 35.5 3.65245
-91.5 35.5 3.65282
-91 35.5 3.66345
-90.5 35.5 3.66063
-90 35.5 3.66909
-89.5 35.5 3.68189
-89 35.5 3.69303
-88.5 35.5 3.69308
-88 35.5 3.67813
-87.5 35.5 3.65332
-87 35.5 3.63693
-86.5 35.5 3.62772
-86 35.5 3.61552
-85.5 35.5 3.59954
-85 35.5 3.58161
-84.5 35.5 3.56762
-84 35.5 3.5669
-83.5 35.5 3.57193
-83 35.5 3.57868
-82.5 35.5 3.58581
-82 35.5 3.59926
-81.5 35.5 3.61743
-81 35.5 3.6446
-119 36 3.54214
-118.5 36 3.51003
-118 36 3.48384
-117.5 36 3.46425
-117 36 3.48703
-116.5 36 3.51071
-116 36 3.52769
-115.5 36 3.53428
-115 36 3.5327
-114.5 36 3.52314
-114 36 3.53988
-113.5 36 3.54712
-113 36 3.52317
-112.5 36 3.51396
-112 36 3.4973
-111.5 36 3.49417
-111 36 3.47586
-110.5 36 3.46419
-110 36 3.49437
-109.5 36 3.50655
-109 36 3.50046
-108.5 36 3.47773
-108 36 3.44052
-107.5 36 3.41718
-107 36 3.38427
-106.5 36 3.36795
-106 36 3.38446
-105.5 36 3.40705
-105 36 3.43746
-104.5 36 3.4639
-104 36 3.48468
-103.5 36 3.49939
-103 36 3.50654
-102.5 36 3.49771
-102 36 3.48545
-101.5 36 3.47481
-101 36 3.46997
-100.5 36 3.45744
-100 36 3.45028
-99.5 36 3.46452
-99 36 3.48653
-98.5 36 3.5035
-98 36 3.51993
-97.5 36 3.54312
-97 36 3.57716
-96.5 36 3.60656
-96 36 3.61328
-95.5 36 3.61268
-95 36 3.61131
-94.5 36 3.60659
-94 36 3.6076
-93.5 36 3.60963
-93 36 3.61412
-92.5 36 3.62935
-92 36 3.64156
-91.5 36 3.63855
-91 36 3.65954
-90.5 36 3.67657
-90 36 3.67762
-89.5 36 3.67828
-89 36 3.68237
-88.5 36 3.68128
-88 36 3.66948
-87.5 36 3.65238
-87 36 3.63419
-86.5 36 3.61956
-86 36 3.60973
-85.5 36 3.59791
-85 36 3.5791
-84.5 36 3.56272
-84 36 3.5571
-83.5 36 3.55711
-83 36 3.56205
-82.5 36 3.56796
-82 36 3.57988
-81.5 36 3.59667
-81 36 3.62434
-119 36.5 3.52033
-118.5 36.5 3.49077
-118 36.5 3.45987
-117.5 36.5 3.44299
-117 36.5 3.45803
-116.5 36.5 3.47651
-116 36.5 3.49863
-115.5 36.5 3.50813
-115 36.5 3.51087
-114.5 36.5 3.50514
-114 36.5 3.51703
-113.5 36.5 3.51251
-113 36.5 3.50559
-112.5 36.5 3.49637
-112 36.5 3.48515
-111.5 36.5 3.48136
-111 36.5 3.47139
-110.5 36.5 3.47877
-110 36.5 3.49905
-109.5 36.5 3.50288
-109 36.5 3.4872
-108.5 36.5 3.44765
-108 36.5 3.4168
-107.5 36.5 3.39896
-107 36.5 3.36828
-106.5 36.5 3.36196
-106 36.5 3.36892
-105.5 36.5 3.38903
-105 36.5 3.41797
-104.5 36.5 3.44855
-104 36.5 3.4756
-103.5 36.5 3.50389
-103 36.5 3.50987
-102.5 36.5 3.50031
-102 36.5 3.48744
-101.5 36.5 3.48119
-101 36.5 3.47607
-100.5 36.5 3.46595
-100 36.5 3.46137
-99.5 36.5 3.48395
-99 36.5 3.51642
-98.5 36.5 3.53603
-98 36.5 3.55273
-97.5 36.5 3.56694
-97 36.5 3.58563
-96.5 36.5 3.61537
-96 36.5 3.63087
-95.5 36.5 3.63244
-95 36.5 3.63784
-94.5 36.5 3.6342
-94 36.5 3.63516
-93.5 36.5 3.63304
-93 36.5 3.63029
-92.5 36.5 3.62688
-92 36.5 3.63585
-91.5 36.5 3.6375
-91 36.5 3.64891
-90.5 36.5 3.66558
-90 36.5 3.67015
-89.5 36.5 3.66975
-89 36.5 3.66585
-88.5 36.5 3.66102
-88 36.5 3.65101
-87.5 36.5 3.63791
-87 36.5 3.62406
-86.5 36.5 3.61051
-86 36.5 3.59888
-85.5 36.5 3.58773
-85 36.5 3.57337
-84.5 36.5 3.56022
-84 36.5 3.55352
-83.5 36.5 3.55257
-83 36.5 3.55651
-82.5 36.5 3.56316
-82 36.5 3.57073
-81.5 36.5 3.58457
-81 36.5 3.60461
-119 37 3.49099
-118.5 37 3.46416
-118 37 3.42859
-117.5 37 3.41538
-117 37 3.4228
-116.5 37 3.44079
-116 37 3.46386
-115.5 37 3.4777
-115 37 3.47859
-114.5 37 3.47251
-114 37 3.46849
-113.5 37 3.4548
-113 37 3.45628
-112.5 37 3.45578
-112 37 3.45937
-111.5 37 3.46886
-111 37 3.47923
-110.5 37 3.49895
-110 37 3.50701
-109.5 37 3.50034
-109 37 3.46536
-108.5 37 3.41433
-108 37 3.40705
-107.5 37 3.39625
-107 37 3.37593
-106.5 37 3.36896
-106 37 3.36522
-105.5 37 3.37837
-105 37 3.40659
-104.5 37 3.43811
-104 37 3.48286
-103.5 37 3.51273
-103 37 3.5134
-102.5 37 3.50704
-102 37 3.50382
-101.5 37 3.50114
-101 37 3.50252
-100.5 37 3.49575
-100 37 3.50769
-99.5 37 3.51716
-99 37 3.54827
-98.5 37 3.57166
-98 37 3.58834
-97.5 37 3.59977
-97 37 3.60904
-96.5 37 3.62007
-96 37 3.62757
-95.5 37 3.62471
-95 37 3.63124
-94.5 37 3.63542
-94 37 3.63528
-93.5 37 3.63311
-93 37 3.62164
-92.5 37 3.60896
-92 37 3.6176
-91.5 37 3.63162
-91 37 3.63916
-90.5 37 3.65166
-90 37 3.65646
-89.5 37 3.65814
-89 37 3.65227
-88.5 37 3.64328
-88 37 3.63405
-87.5 37 3.62095
-87 37 3.60894
-86.5 37 3.59851
-86 37 3.58689
-85.5 37 3.57734
-85 37 3.56762
-84.5 37 3.55946
-84 37 3.55542
-83.5 37 3.55532
-83 37 3.56075
-82.5 37 3.56844
-82 37 3.57353
-81.5 37 3.58137
-81 37 3.59533
-119 37.5 3.44645
-118.5 37.5 3.41043
-118 37.5 3.38692
-117.5 37.5 3.38766
-117 37.5 3.40311
-116.5 37.5 3.43259
-116 37.5 3.44965
-115.5 37.5 3.46228
-115 37.5 3.46381
-114.5 37.5 3.46207
-114 37.5 3.44729
-113.5 37.5 3.42992
-113 37.5 3.421
-112.5 37.5 3.41816
-112 37.5 3.42986
-111.5 37.5 3.45185
-111 37.5 3.47553
-110.5 37.5 3.50206
-110 37.5 3.51215
-109.5 37.5 3.50779
-109 37.5 3.4727
-108.5 37.5 3.43126
-108 37.5 3.40768
-107.5 37.5 3.37647
-107 37.5 3.35859
-106.5 37.5 3.34746
-106 37.5 3.35116
-105.5 37.5 3.3723
-105 37.5 3.40084
-104.5 37.5 3.43754
-104 37.5 3.47716
-103.5 37.5 3.50236
-103 37.5 3.51329
-102.5 37.5 3.52374
-102 37.5 3.52596
-101.5 37.5 3.51979
-101 37.5 3.52435
-99 37.5 3.5701
-98.5 37.5 3.59609
-98 37.5 3.61776
-97.5 37.5 3.62587
-97 37.5 3.62702
-96.5 37.5 3.62323
-96 37.5 3.62449
-95.5 37.5 3.62106
-95 37.5 3.62208
-94.5 37.5 3.6274
-94 37.5 3.6258
-93.5 37.5 3.62416
-93 37.5 3.61673
-92.5 37.5 3.60883
-92 37.5 3.6066
-91.5 37.5 3.61637
-91 37.5 3.6225
-90.5 37.5 3.63157
-90 37.5 3.63676
-89.5 37.5 3.63998
-89 37.5 3.6392
-88.5 37.5 3.63398
-88 37.5 3.62564
-87.5 37.5 3.61345
-87 37.5 3.59647
-86.5 37.5 3.58338
-86 37.5 3.57416
-85.5 37.5 3.568
-85 37.5 3.5645
-84.5 37.5 3.5619
-84 37.5 3.56193
-83.5 37.5 3.56434
-83 37.5 3.56905
-82.5 37.5 3.57475
-82 37.5 3.57964
-81.5 37.5 3.58492
-81 37.5 3.59201
-119 38 3.41339
-118.5 38 3.37517
-118 38 3.37598
-117.5 38 3.38945
-117 38 3.42144
-116.5 38 3.45561
-116 38 3.46536
-115.5 38 3.47155
-115 38 3.47767
-114.5 38 3.4779
-114 38 3.45366
-113.5 38 3.42492
-113 38 3.40209
-112.5 38 3.39014
-112 38 3.40701
-111.5 38 3.43411
-111 38 3.46584
-110.5 38 3.50005
-110 38 3.51717
-109.5 38 3.52026
-109 38 3.48209
-108.5 38 3.43947
-108 38 3.38645
-107.5 38 3.34064
-107 38 3.3235
-106.5 38 3.31569
-106 38 3.33648
-105.5 38 3.36763
-105 38 3.39636
-104.5 38 3.42477
-104 38 3.45541
-103.5 38 3.48615
-103 38 3.52331
-102.5 38 3.54709
-97.5 38 3.64039
-97 38 3.63401
-96.5 38 3.61982
-96 38 3.61615
-95.5 38 3.61908
-95 38 3.61987
-94.5 38 3.62529
-94 38 3.62332
-93.5 38 3.62123
-93 38 3.6207
-92.5 38 3.62073
-92 38 3.61463
-91.5 38 3.61318
-91 38 3.61519
-90.5 38 3.61739
-90 38 3.62131
-89.5 38 3.62361
-89 38 3.62775
-88.5 38 3.62802
-88 38 3.62252
-87.5 38 3.61271
-87 38 3.59235
-86.5 38 3.57465
-86 38 3.56927
-85.5 38 3.56572
-85 38 3.56737
-84.5 38 3.56881
-84 38 3.57188
-83.5 38 3.57629
-83 38 3.58072
-82.5 38 3.58321
-82 38 3.58517
-81.5 38 3.58811
-81 38 3.59014
-119 38.5 3.41012
-118.5 38.5 3.39459
-118 38.5 3.40334
-117.5 38.5 3.42119
-117 38.5 3.44851
-116.5 38.5 3.46843
-116 38.5 3.47729
-115.5 38.5 3.48225
-115 38.5 3.49327
-114.5 38.5 3.4932
-114 38.5 3.46527
-113.5 38.5 3.42729
-113 38.5 3.40134
-112.5 38.5 3.38816
-112 38.5 3.39541
-111.5 38.5 3.41219
-111 38.5 3.443
-110.5 38.5 3.4768
-110 38.5 3.4993
-109.5 38.5 3.50474
-109 38.5 3.47069
-108.5 38.5 3.42714
-108 38.5 3.37663
-107.5 38.5 3.34336
-107 38.5 3.31778
-106.5 38.5 3.31168
-106 38.5 3.33606
-105.5 38.5 3.37122
-105 38.5 3.38656
-104.5 38.5 3.40211
-104 38.5 3.43476
-103.5 38.5 3.48408
-103 38.5 3.53175
-97 38.5 3.64592
-96.5 38.5 3.63308
-96 38.5 3.61677
-95.5 38.5 3.61228
-95 38.5 3.613
-94.5 38.5 3.61714
-94 38.5 3.61783
-93.5 38.5 3.61785
-93 38.5 3.62095
-92.5 38.5 3.62343
-92 38.5 3.61978
-91.5 38.5 3.61496
-91 38.5 3.61362
-90.5 38.5 3.61211
-90 38.5 3.61267
-89.5 38.5 3.61365
-89 38.5 3.61896
-88.5 38.5 3.62093
-88 38.5 3.61597
-87.5 38.5 3.60563
-87 38.5 3.58999
-86.5 38.5 3.57687
-86 38.5 3.57743
-85.5 38.5 3.58001
-85 38.5 3.58134
-84.5 38.5 3.58249
-84 38.5 3.5854
-83.5 38.5 3.59109
-83 38.5 3.59611
-82.5 38.5 3.59797
-82 38.5 3.59099
-81.5 38.5 3.58662
-81 38.5 3.58601
-119 39 3.42279
-118.5 39 3.42497
-118 39 3.43624
-117.5 39 3.45374
-117 39 3.46715
-116.5 39 3.4754
-116 39 3.4801
-115.5 39 3.485
-115 39 3.50352
-114.5 39 3.51189
-114 39 3.47883
-113.5 39 3.43696
-113 39 3.4154
-112.5 39 3.40099
-112 39 3.39645
-111.5 39 3.39562
-111 39 3.42151
-110.5 39 3.44856
-110 39 3.47781
-109.5 39 3.4884
-109 39 3.46089
-108.5 39 3.42022
-108 39 3.38726
-107.5 39 3.36521
-107 39 3.33127
-106.5 39 3.31871
-106 39 3.3488
-105.5 39 3.38526
-105 39 3.37916
-104.5 39 3.37739
-104 39 3.42561
-103.5 39 3.49014
-96.5 39 3.65361
-96 39 3.63059
-95.5 39 3.61175
-95 39 3.60921
-94.5 39 3.61041
-94 39 3.61001
-93.5 39 3.61071
-93 39 3.61634
-92.5 39 3.62159
-92 39 3.61909
-91.5 39 3.61445
-91 39 3.61295
-90.5 39 3.61089
-90 39 3.60912
-89.5 39 3.60724
-89 39 3.61201
-88.5 39 3.61508
-88 39 3.60822
-87.5 39 3.59863
-87 39 3.58772
-86.5 39 3.58077
-86 39 3.58996
-85.5 39 3.60078
-85 39 3.60006
-84.5 39 3.59838
-84 39 3.59891
-83.5 39 3.60536
-83 39 3.61296
-82.5 39 3.61601
-82 39 3.60033
-81.5 39 3.58526
-81 39 3.58415
-119 39.5 3.43703
-118.5 39.5 3.45389
-118 39.5 3.46743
-117.5 39.5 3.48146
-117 39.5 3.48602
-116.5 39.5 3.48785
-116 39.5 3.48901
-115.5 39.5 3.4953
-115 39.5 3.51291
-114.5 39.5 3.52263
-114 39.5 3.49981
-113.5 39.5 3.47008
-113 39.5 3.45221
-112.5 39.5 3.44051
-112 39.5 3.42521
-111.5 39.5 3.41347
-111 39.5 3.41421
-110.5 39.5 3.4244
-110 39.5 3.44833
-109.5 39.5 3.45789
-109 39.5 3.43732
-108.5 39.5 3.4009
-108 39.5 3.37836
-107.5 39.5 3.36054
-107 39.5 3.33863
-106.5 39.5 3.33389
-106 39.5 3.36047
-105.5 39.5 3.38623
-105 39.5 3.37595
-104.5 39.5 3.37665
-104 39.5 3.428
-103.5 39.5 3.49377
-96.5 39.5 3.64711
-96 39.5 3.63342
-95.5 39.5 3.617
-95 39.5 3.60963
-94.5 39.5 3.60727
-94 39.5 3.60498
-93.5 39.5 3.60476
-93 39.5 3.61062
-92.5 39.5 3.61694
-92 39.5 3.61839
-91.5 39.5 3.61728
-91 39.5 3.61768
-90.5 39.5 3.61759
-90 39.5 3.61584
-89.5 39.5 3.61413
-89 39.5 3.61224
-88.5 39.5 3.6097
-88 39.5 3.6021
-87.5 39.5 3.59502
-87 39.5 3.59289
-86.5 39.5 3.59704
-86 39.5 3.60817
-85.5 39.5 3.61859
-85 39.5 3.61683
-84.5 39.5 3.61133
-84 39.5 3.60624
-83.5 39.5 3.60894
-83 39.5 3.62131
-82.5 39.5 3.62594
-82 39.5 3.60538
-81.5 39.5 3.58409
-81 39.5 3.58492
-119 40 3.45608
-118.5 40 3.48363
-118 40 3.49667
-117.5 40 3.5075
-117 40 3.50705
-116.5 40 3.50558
-116 40 3.5041
-115.5 40 3.50675
-115 40 3.5269
-114.5 40 3.54174
-114 40 3.52653
-113.5 40 3.50476
-113 40 3.49286
-112.5 40 3.48484
-112 40 3.45551
-111.5 40 3.43203
-111 40 3.40673
-110.5 40 3.39898
-110 40 3.42034
-109.5 40 3.43391
-109 40 3.41292
-108.5 40 3.37599
-108 40 3.36293
-107.5 40 3.35391
-107 40 3.34502
-106.5 40 3.34746
-106 40 3.37855
-105.5 40 3.40229
-105 40 3.38576
-104.5 40 3.37519
-104 40 3.43662
-103.5 40 3.50926
-96.5 40 3.63347
-96 40 3.62137
-95.5 40 3.60963
-95 40 3.60429
-94.5 40 3.60264
-94 40 3.60034
-93.5 40 3.59879
-93 40 3.60748
-92.5 40 3.61568
-92 40 3.62147
-91.5 40 3.62314
-91 40 3.6262
-90.5 40 3.62802
-90 40 3.62605
-89.5 40 3.62465
-89 40 3.61828
-88.5 40 3.61124
-88 40 3.60264
-87.5 40 3.59615
-87 40 3.60302
-86.5 40 3.61596
-86 40 3.62931
-85.5 40 3.63935
-85 40 3.63435
-84.5 40 3.62323
-84 40 3.61168
-83.5 40 3.60657
-83 40 3.62542
-82.5 40 3.63725
-82 40 3.61037
-81.5 40 3.57937
-81 40 3.58517
-119 40.5 3.47268
-118.5 40.5 3.49569
-118 40.5 3.50471
-117.5 40.5 3.5092
-117 40.5 3.51783
-116.5 40.5 3.52428
-116 40.5 3.52102
-115.5 40.5 3.52125
-115 40.5 3.53514
-114.5 40.5 3.54747
-114 40.5 3.54212
-113.5 40.5 3.52826
-113 40.5 3.51326
-112.5 40.5 3.4942
-112 40.5 3.46241
-111.5 40.5 3.42853
-111 40.5 3.39922
-110.5 40.5 3.38988
-110 40.5 3.413
-109.5 40.5 3.43366
-109 40.5 3.41716
-108.5 40.5 3.38718
-108 40.5 3.36653
-107.5 40.5 3.3584
-107 40.5 3.36432
-106.5 40.5 3.38117
-106 40.5 3.40785
-105.5 40.5 3.42382
-105 40.5 3.40913
-104.5 40.5 3.40282
-104 40.5 3.44097
-103.5 40.5 3.49575
-96.5 40.5 3.60932
-96 40.5 3.59424
-95.5 40.5 3.58548
-95 40.5 3.58715
-94.5 40.5 3.59411
-94 40.5 3.59406
-93.5 40.5 3.59687
-93 40.5 3.60812
-92.5 40.5 3.62098
-92 40.5 3.62977
-91.5 40.5 3.63386
-91 40.5 3.63541
-90.5 40.5 3.63454
-90 40.5 3.62983
-89.5 40.5 3.625
-89 40.5 3.62174
-88.5 40.5 3.61696
-88 40.5 3.61001
-87.5 40.5 3.60609
-87 40.5 3.61494
-86.5 40.5 3.62976
-86 40.5 3.64371
-85.5 40.5 3.65124
-85 40.5 3.64609
-84.5 40.5 3.63381
-84 40.5 3.6194
-83.5 40.5 3.61407
-83 40.5 3.62782
-82.5 40.5 3.6381
-82 40.5 3.61926
-81.5 40.5 3.59718
-81 40.5 3.59296
-119 41 3.47802
-118.5 41 3.4961
-118 41 3.4975
-117.5 41 3.49863
-117 41 3.52052
-116.5 41 3.53635
-116 41 3.52768
-115.5 41 3.52211
-115 41 3.53287
-114.5 41 3.54564
-114 41 3.54617
-113.5 41 3.53701
-113 41 3.51969
-112.5 41 3.49585
-112 41 3.46561
-111.5 41 3.42735
-111 41 3.39842
-110.5 41 3.3839
-110 41 3.41624
-109.5 41 3.44913
-109 41 3.42957
-108.5 41 3.40266
-108 41 3.37808
-107.5 41 3.37096
-107 41 3.39147
-106.5 41 3.41953
-106 41 3.44464
-105.5 41 3.45588
-105 41 3.4364
-104.5 41 3.42388
-104 41 3.4481
-103.5 41 3.49036
-96.5 41 3.59306
-96 41 3.57395
-95.5 41 3.56384
-95 41 3.57106
-94.5 41 3.58457
-94 41 3.58375
-93.5 41 3.58954
-93 41 3.60553
-92.5 41 3.6247
-92 41 3.63544
-91.5 41 3.64103
-91 41 3.64068
-90.5 41 3.63719
-90 41 3.63058
-89.5 41 3.62391
-89 41 3.62662
-88.5 41 3.62751
-88 41 3.62263
-87.5 41 3.61831
-87 41 3.62847
-86.5 41 3.64198
-86 41 3.654
-85.5 41 3.65916
-85 41 3.65159
-84.5 41 3.63861
-84 41 3.62021
-83.5 41 3.61259
-83 41 3.6252
-82.5 41 3.63857
-82 41 3.62479
-81.5 41 3.61076
-81 41 3.60479
-119 41.5 3.47206
-118.5 41.5 3.47581
-118 41.5 3.48668
-117.5 41.5 3.50177
-117 41.5 3.51931
-116.5 41.5 3.52778
-116 41.5 3.5167
-115.5 41.5 3.50784
-115 41.5 3.52055
-114.5 41.5 3.5357
-114 41.5 3.5378
-113.5 41.5 3.53014
-113 41.5 3.51691
-112.5 41.5 3.50015
-112 41.5 3.478
-111.5 41.5 3.44996
-111 41.5 3.41238
-110.5 41.5 3.39399
-110 41.5 3.41328
-109.5 41.5 3.43536
-109 41.5 3.41851
-108.5 41.5 3.3935
-108 41.5 3.38659
-107.5 41.5 3.39503
-107 41.5 3.42299
-106.5 41.5 3.45478
-106 41.5 3.47552
-105.5 41.5 3.48127
-105 41.5 3.45839
-104.5 41.5 3.44327
-104 41.5 3.46099
-103.5 41.5 3.49401
-103 41.5 3.52923
-97 41.5 3.63262
-96.5 41.5 3.5976
-96 41.5 3.57571
-95.5 41.5 3.56201
-95 41.5 3.56193
-94.5 41.5 3.56418
-94 41.5 3.56629
-93.5 41.5 3.57785
-93 41.5 3.59797
-92.5 41.5 3.62147
-92 41.5 3.63458
-91.5 41.5 3.64052
-91 41.5 3.63904
-90.5 41.5 3.63643
-90 41.5 3.63343
-89.5 41.5 3.63385
-89 41.5 3.63927
-88.5 41.5 3.64288
-88 41.5 3.64206
-87.5 41.5 3.64238
-87 41.5 3.64628
-86.5 41.5 3.65412
-86 41.5 3.66188
-85.5 41.5 3.66185
-85 41.5 3.64894
-84.5 41.5 3.62943
-84 41.5 3.61276
-83.5 41.5 3.60482
-83 41.5 3.61232
-82.5 41.5 3.61957
-82 41.5 3.61449
-81.5 41.5 3.60982
-81 41.5 3.61705
-119 42 3.46256
-118.5 42 3.45262
-118 42 3.47454
-117.5 42 3.50281
-117 42 3.5165
-116.5 42 3.51872
-116 42 3.50173
-115.5 42 3.48499
-115 42 3.50337
-114.5 42 3.52039
-114 42 3.51767
-113.5 42 3.50733
-113 42 3.49707
-112.5 42 3.48993
-112 42 3.47918
-111.5 42 3.46895
-111 42 3.42702
-110.5 42 3.40185
-110 42 3.42012
-109.5 42 3.43754
-109 42 3.41807
-108.5 42 3.3877
-108 42 3.39823
-107.5 42 3.41735
-107 42 3.44718
-106.5 42 3.47943
-106 42 3.49623
-105.5 42 3.50451
-105 42 3.48168
-104.5 42 3.45894
-104 42 3.47304
-103.5 42 3.49612
-103 42 3.52009
-102.5 42 3.53745
-97.5 42 3.64645
-97 42 3.62802
-96.5 42 3.59996
-96 42 3.585
-95.5 42 3.57188
-95 42 3.56564
-94.5 42 3.55732
-94 42 3.55958
-93.5 42 3.57107
-93 42 3.59406
-92.5 42 3.62148
-92 42 3.63449
-91.5 42 3.63908
-91 42 3.63696
-90.5 42 3.63552
-90 42 3.63877
-89.5 42 3.64615
-89 42 3.65487
-88.5 42 3.65885
-88 42 3.65621
-87.5 42 3.65652
-87 42 3.65219
-86.5 42 3.65721
-86 42 3.66423
-85.5 42 3.66356
-85 42 3.64603
-84.5 42 3.62128
-84 42 3.60849
-83.5 42 3.60006
-83 42 3.60686
-82.5 42 3.60916
-82 42 3.6082
-81.5 42 3.60645
-81 42 3.62772
-119 42.5 3.45966
-118.5 42.5 3.44548
-118 42.5 3.46688
-117.5 42.5 3.49586
-117 42.5 3.50937
-116.5 42.5 3.50801
-116 42.5 3.49662
-115.5 42.5 3.48602
-115 42.5 3.49375
-114.5 42.5 3.50181
-114 42.5 3.48664
-113.5 42.5 3.4679
-113 42.5 3.45552
-112.5 42.5 3.44724
-112 42.5 3.4416
-111.5 42.5 3.43338
-111 42.5 3.42163
-110.5 42.5 3.41522
-110 42.5 3.43566
-109.5 42.5 3.45219
-109 42.5 3.44442
-108.5 42.5 3.42839
-108 42.5 3.43344
-107.5 42.5 3.44982
-107 42.5 3.46244
-106.5 42.5 3.47788
-106 42.5 3.49001
-105.5 42.5 3.49914
-105 42.5 3.50181
-104.5 42.5 3.49303
-104 42.5 3.49179
-103.5 42.5 3.49836
-103 42.5 3.50277
-102.5 42.5 3.51307
-102 42.5 3.52028
-101.5 42.5 3.51479
-101 42.5 3.52039
-99 42.5 3.59137
-98.5 42.5 3.59823
-98 42.5 3.61592
-97.5 42.5 3.6231
-97 42.5 3.61315
-96.5 42.5 3.61054
-96 42.5 3.60563
-95.5 42.5 3.59928
-95 42.5 3.58817
-94.5 42.5 3.57122
-94 42.5 3.56579
-93.5 42.5 3.56848
-93 42.5 3.59103
-92.5 42.5 3.61898
-92 42.5 3.63191
-91.5 42.5 3.63403
-91 42.5 3.63278
-90.5 42.5 3.63313
-90 42.5 3.64388
-89.5 42.5 3.65931
-89 42.5 3.66884
-88.5 42.5 3.66804
-88 42.5 3.65193
-87.5 42.5 3.63523
-87 42.5 3.63588
-86.5 42.5 3.64911
-86 42.5 3.662
-85.5 42.5 3.66653
-85 42.5 3.65138
-84.5 42.5 3.63312
-84 42.5 3.62377
-83.5 42.5 3.62319
-83 42.5 3.62526
-82.5 42.5 3.62482
-82 42.5 3.62096
-81.5 42.5 3.62036
-81 42.5 3.63372
-119 43 3.46773
-118.5 43 3.44479
-118 43 3.47013
-117.5 43 3.49906
-117 43 3.50824
-116.5 43 3.50164
-116 43 3.4913
-115.5 43 3.48219
-115 43 3.48154
-114.5 43 3.48519
-114 43 3.45871
-113.5 43 3.42982
-113 43 3.41749
-112.5 43 3.40366
-112 43 3.39729
-111.5 43 3.38539
-111 43 3.38978
-110.5 43 3.40165
-110 43 3.4274
-109.5 43 3.45624
-109 43 3.45591
-108.5 43 3.45894
-108 43 3.46981
-107.5 43 3.48921
-107 43 3.48992
-106.5 43 3.48124
-106 43 3.47985
-105.5 43 3.48249
-105 43 3.49866
-104.5 43 3.51189
-104 43 3.50929
-103.5 43 3.50579
-103 43 3.49769
-102.5 43 3.49188
-102 43 3.49718
-101.5 43 3.50758
-101 43 3.52132
-100.5 43 3.54062
-100 43 3.575
-99.5 43 3.57747
-99 43 3.58944
-98.5 43 3.59544
-98 43 3.60672
-97.5 43 3.61398
-97 43 3.61907
-96.5 43 3.62719
-96 43 3.62671
-95.5 43 3.62397
-95 43 3.60676
-94.5 43 3.58542
-94 43 3.57278
-93.5 43 3.56592
-93 43 3.588
-92.5 43 3.61502
-92 43 3.62282
-91.5 43 3.62619
-91 43 3.62749
-90.5 43 3.62872
-90 43 3.64722
-89.5 43 3.66832
-89 43 3.67499
-88.5 43 3.67043
-88 43 3.63854
-87.5 43 3.60951
-87 43 3.62442
-86.5 43 3.64841
-86 43 3.67159
-85.5 43 3.68064
-85 43 3.66514
-84.5 43 3.64766
-84 43 3.64179
-83.5 43 3.64867
-83 43 3.64709
-82.5 43 3.64597
-82 43 3.63727
-81.5 43 3.63199
-81 43 3.63713
-119 43.5 3.48615
-118.5 43.5 3.4782
-118 43.5 3.49431
-117.5 43.5 3.51512
-117 43.5 3.51734
-116.5 43.5 3.50688
-116 43.5 3.48763
-115.5 43.5 3.4702
-115 43.5 3.45435
-114.5 43.5 3.44457
-114 43.5 3.43307
-113.5 43.5 3.41684
-113 43.5 3.40711
-112.5 43.5 3.39692
-112 43.5 3.38429
-111.5 43.5 3.37275
-111 43.5 3.36345
-110.5 43.5 3.375
-110 43.5 3.39842
-109.5 43.5 3.43095
-109 43.5 3.43913
-108.5 43.5 3.4548
-108 43.5 3.4861
-107.5 43.5 3.51577
-107 43.5 3.52834
-106.5 43.5 3.51545
-106 43.5 3.48778
-105.5 43.5 3.48001
-105 43.5 3.49148
-104.5 43.5 3.51073
-104 43.5 3.51616
-103.5 43.5 3.51134
-103 43.5 3.50286
-102.5 43.5 3.49036
-102 43.5 3.48204
-101.5 43.5 3.49716
-101 43.5 3.51944
-100.5 43.5 3.5422
-100 43.5 3.56156
-99.5 43.5 3.57699
-99 43.5 3.58399
-98.5 43.5 3.59888
-98 43.5 3.61191
-97.5 43.5 3.62432
-97 43.5 3.6338
-96.5 43.5 3.6384
-96 43.5 3.63711
-95.5 43.5 3.63393
-95 43.5 3.61946
-94.5 43.5 3.60529
-94 43.5 3.58816
-93.5 43.5 3.57499
-93 43.5 3.58188
-92.5 43.5 3.59151
-92 43.5 3.60563
-91.5 43.5 3.62213
-91 43.5 3.62837
-90.5 43.5 3.6326
-90 43.5 3.64814
-89.5 43.5 3.66251
-89 43.5 3.66619
-88.5 43.5 3.65766
-88 43.5 3.63326
-87.5 43.5 3.61914
-87 43.5 3.63763
-86.5 43.5 3.66747
-86 43.5 3.68879
-85.5 43.5 3.69134
-85 43.5 3.67325
-84.5 43.5 3.6493
-84 43.5 3.64276
-83.5 43.5 3.64549
-83 43.5 3.65273
-82.5 43.5 3.65891
-82 43.5 3.64558
-81.5 43.5 3.6359
-81 43.5 3.6429
-119 44 3.50112
-118.5 44 3.50408
-118 44 3.51353
-117.5 44 3.5323
-117 44 3.5266
-116.5 44 3.5154
-116 44 3.48978
-115.5 44 3.46536
-115 44 3.43934
-114.5 44 3.41623
-114 44 3.41602
-113.5 44 3.4137
-113 44 3.40795
-112.5 44 3.40606
-112 44 3.39318
-111.5 44 3.38409
-111 44 3.364
-110.5 44 3.36771
-110 44 3.39809
-109.5 44 3.43329
-109 44 3.44699
-108.5 44 3.45687
-108 44 3.50358
-107.5 44 3.54099
-107 44 3.55946
-106.5 44 3.55709
-106 44 3.51794
-105.5 44 3.49659
-105 44 3.51252
-104.5 44 3.52479
-104 44 3.5256
-103.5 44 3.51684
-103 44 3.50687
-102.5 44 3.50356
-102 44 3.49999
-101.5 44 3.50816
-101 44 3.53061
-100.5 44 3.56087
-100 44 3.5899
-99.5 44 3.60348
-99 44 3.61166
-98.5 44 3.6243
-98 44 3.63624
-97.5 44 3.64686
-97 44 3.65323
-96.5 44 3.65293
-96 44 3.64991
-95.5 44 3.64548
-95 44 3.63388
-94.5 44 3.62022
-94 44 3.59402
-93.5 44 3.5725
-93 44 3.56464
-92.5 44 3.56744
-92 44 3.59451
-91.5 44 3.62287
-91 44 3.63052
-90.5 44 3.6334
-90 44 3.64539
-89.5 44 3.65552
-89 44 3.65774
-88.5 44 3.6518
-88 44 3.6372
-87.5 44 3.63084
-87 44 3.65241
-86.5 44 3.68318
-86 44 3.69416
-85.5 44 3.69431
-85 44 3.67065
-84.5 44 3.64302
-84 44 3.64113
-83.5 44 3.64107
-83 44 3.65807
-82.5 44 3.66931
-82 44 3.64841
-81.5 44 3.63566
-81 44 3.65374
-119 44.5 3.52869
-118.5 44.5 3.5122
-118 44.5 3.51375
-117.5 44.5 3.52653
-117 44.5 3.52194
-116.5 44.5 3.51149
-116 44.5 3.49275
-115.5 44.5 3.47298
-115 44.5 3.45297
-114.5 44.5 3.43662
-114 44.5 3.42932
-113.5 44.5 3.42637
-113 44.5 3.41278
-112.5 44.5 3.40726
-112 44.5 3.40116
-111.5 44.5 3.39404
-111 44.5 3.37217
-110.5 44.5 3.36894
-110 44.5 3.41463
-109.5 44.5 3.45886
-109 44.5 3.48445
-108.5 44.5 3.49993
-108 44.5 3.54095
-107.5 44.5 3.57182
-107 44.5 3.57522
-106.5 44.5 3.56763
-106 44.5 3.54007
-105.5 44.5 3.52452
-105 44.5 3.55063
-104.5 44.5 3.55865
-104 44.5 3.54371
-103.5 44.5 3.52776
-103 44.5 3.51129
-102.5 44.5 3.51449
-102 44.5 3.52584
-101.5 44.5 3.53055
-101 44.5 3.547
-100.5 44.5 3.5814
-100 44.5 3.62401
-99.5 44.5 3.63616
-99 44.5 3.64608
-98.5 44.5 3.65437
-98 44.5 3.66393
-97.5 44.5 3.6703
-97 44.5 3.67346
-96.5 44.5 3.66684
-96 44.5 3.66032
-95.5 44.5 3.65234
-95 44.5 3.63867
-94.5 44.5 3.61959
-94 44.5 3.59061
-93.5 44.5 3.56663
-93 44.5 3.55532
-92.5 44.5 3.56419
-92 44.5 3.59033
-91.5 44.5 3.61747
-91 44.5 3.63073
-90.5 44.5 3.63704
-90 44.5 3.64569
-89.5 44.5 3.65113
-89 44.5 3.65378
-88.5 44.5 3.65401
-88 44.5 3.6468
-87.5 44.5 3.64474
-87 44.5 3.65593
-86.5 44.5 3.66992
-86 44.5 3.6781
-85.5 44.5 3.68216
-85 44.5 3.66872
-84.5 44.5 3.65868
-84 44.5 3.6608
-83.5 44.5 3.6645
-83 44.5 3.66105
-82.5 44.5 3.64634
-82 44.5 3.64185
-81.5 44.5 3.65056
-81 44.5 3.67097
-119 45 3.57825
-118.5 45 3.53174
-118 45 3.52886
-117.5 45 3.53589
-117 45 3.53209
-116.5 45 3.51976
-116 45 3.51012
-115.5 45 3.49563
-115 45 3.48501
-114.5 45 3.47709
-114 45 3.46992
-113.5 45 3.46337
-113 45 3.44197
-112.5 45 3.42539
-112 45 3.42918
-111.5 45 3.42834
-111 45 3.40394
-110.5 45 3.37844
-110 45 3.42919
-109.5 45 3.4856
-109 45 3.51152
-108.5 45 3.52789
-108 45 3.56376
-107.5 45 3.59463
-107 45 3.58591
-106.5 45 3.57326
-106 45 3.55081
-105.5 45 3.53073
-105 45 3.56024
-104.5 45 3.5821
-104 45 3.564
-103.5 45 3.54782
-103 45 3.53443
-102.5 45 3.52894
-102 45 3.53818
-101.5 45 3.5442
-101 45 3.55422
-100.5 45 3.58029
-100 45 3.61855
-99.5 45 3.64497
-99 45 3.66508
-98.5 45 3.67485
-98 45 3.67997
-97.5 45 3.68485
-97 45 3.68323
-96.5 45 3.67527
-96 45 3.66875
-95.5 45 3.65753
-95 45 3.64119
-94.5 45 3.62215
-94 45 3.59456
-93.5 45 3.56913
-93 45 3.55933
-92.5 45 3.565
-92 45 3.58542
-91.5 45 3.61374
-91 45 3.63101
-90.5 45 3.64203
-90 45 3.65231
-89.5 45 3.65211
-89 45 3.65754
-88.5 45 3.66054
-88 45 3.65612
-87.5 45 3.65392
-87 45 3.65441
-86.5 45 3.65315
-86 45 3.6608
-85.5 45 3.66914
-85 45 3.66382
-84.5 45 3.66695
-84 45 3.67338
-83.5 45 3.68263
-83 45 3.65622
-82.5 45 3.62583
-82 45 3.64408
-81.5 45 3.66813
-81 45 3.68806
-119 45.5 3.61477
-118.5 45.5 3.57064
-118 45.5 3.55978
-117.5 45.5 3.55807
-117 45.5 3.55769
-116.5 45.5 3.54802
-116 45.5 3.54188
-115.5 45.5 3.52865
-115 45.5 3.5167
-114.5 45.5 3.50514
-114 45.5 3.50294
-113.5 45.5 3.49308
-113 45.5 3.47276
-112.5 45.5 3.45301
-112 45.5 3.46492
-111.5 45.5 3.47087
-111 45.5 3.47286
-110.5 45.5 3.45772
-110 45.5 3.46504
-109.5 45.5 3.49658
-109 45.5 3.52667
-108.5 45.5 3.54668
-108 45.5 3.56445
-107.5 45.5 3.58301
-107 45.5 3.57466
-106.5 45.5 3.56709
-106 45.5 3.56767
-105.5 45.5 3.55715
-105 45.5 3.56139
-104.5 45.5 3.57552
-104 45.5 3.56429
-103.5 45.5 3.55564
-103 45.5 3.55632
-102.5 45.5 3.54758
-102 45.5 3.54786
-101.5 45.5 3.54941
-101 45.5 3.55496
-100.5 45.5 3.57254
-100 45.5 3.60205
-99.5 45.5 3.64502
-99 45.5 3.67947
-98.5 45.5 3.68968
-98 45.5 3.69112
-97.5 45.5 3.69536
-97 45.5 3.69114
-96.5 45.5 3.68543
-96 45.5 3.67684
-95.5 45.5 3.65915
-95 45.5 3.64277
-94.5 45.5 3.62764
-94 45.5 3.6052
-93.5 45.5 3.58272
-93 45.5 3.56873
-92.5 45.5 3.56293
-92 45.5 3.57804
-91.5 45.5 3.60807
-91 45.5 3.63162
-90.5 45.5 3.65391
-90 45.5 3.66149
-89.5 45.5 3.65372
-89 45.5 3.6564
-88.5 45.5 3.6537
-88 45.5 3.65794
-87.5 45.5 3.66128
-87 45.5 3.65519
-86.5 45.5 3.64278
-86 45.5 3.64086
-85.5 45.5 3.64005
-85 45.5 3.64326
-84.5 45.5 3.655
-84 45.5 3.66421
-83.5 45.5 3.67361
-83 45.5 3.66743
-82.5 45.5 3.67084
-82 45.5 3.67417
-81.5 45.5 3.67951
-81 45.5 3.69955
-119 46 3.63609
-118.5 46 3.60084
-118 46 3.59512
-117.5 46 3.58868
-117 46 3.58704
-116.5 46 3.57562
-116 46 3.56805
-115.5 46 3.55347
-115 46 3.53123
-114.5 46 3.51174
-114 46 3.50876
-113.5 46 3.50525
-113 46 3.48244
-112.5 46 3.46018
-112 46 3.4758
-111.5 46 3.49175
-111 46 3.50636
-110.5 46 3.5173
-110 46 3.50093
-109.5 46 3.504
-109 46 3.53163
-108.5 46 3.55406
-108 46 3.55939
-107.5 46 3.57248
-107 46 3.56586
-106.5 46 3.55518
-106 46 3.56833
-105.5 46 3.57377
-105 46 3.57373
-104.5 46 3.57581
-104 46 3.56116
-103.5 46 3.5485
-103 46 3.55203
-102.5 46 3.54795
-102 46 3.54544
-101.5 46 3.54904
-101 46 3.55415
-100.5 46 3.56733
-100 46 3.59689
-99.5 46 3.64352
-99 46 3.68565
-98.5 46 3.70487
-98 46 3.71315
-97.5 46 3.71139
-97 46 3.70072
-96.5 46 3.69149
-96 46 3.6774
-95.5 46 3.65942
-95 46 3.64836
-94.5 46 3.63814
-94 46 3.61773
-93.5 46 3.59742
-93 46 3.57831
-92.5 46 3.56649
-92 46 3.58339
-91.5 46 3.60764
-91 46 3.62532
-90.5 46 3.64917
-90 46 3.63997
-89.5 46 3.6321
-89 46 3.63538
-88.5 46 3.63638
-88 46 3.65379
-87.5 46 3.66215
-87 46 3.64897
-86.5 46 3.6296
-86 46 3.6236
-85.5 46 3.617
-85 46 3.63352
-84.5 46 3.65238
-84 46 3.67068
-83.5 46 3.6836
-83 46 3.70897
-82.5 46 3.73096
-82 46 3.70936
-81.5 46 3.69015
-81 46 3.71275
-119 46.5 3.64589
-118.5 46.5 3.63817
-118 46.5 3.64428
-117.5 46.5 3.64198
-117 46.5 3.62662
-116.5 46.5 3.60645
-116 46.5 3.5896
-115.5 46.5 3.57116
-115 46.5 3.53807
-114.5 46.5 3.51311
-114 46.5 3.50261
-113.5 46.5 3.5014
-113 46.5 3.49359
-112.5 46.5 3.48774
-112 46.5 3.49421
-111.5 46.5 3.50864
-111 46.5 3.50582
-110.5 46.5 3.51316
-110 46.5 3.50899
-109.5 46.5 3.51177
-109 46.5 3.53351
-108.5 46.5 3.55245
-108 46.5 3.54172
-107.5 46.5 3.54834
-107 46.5 3.56321
-106.5 46.5 3.56359
-106 46.5 3.57087
-105.5 46.5 3.57442
-105 46.5 3.57141
-104.5 46.5 3.56547
-104 46.5 3.55245
-103.5 46.5 3.53994
-103 46.5 3.54301
-102.5 46.5 3.54027
-102 46.5 3.53515
-101.5 46.5 3.54315
-101 46.5 3.55429
-100.5 46.5 3.56492
-100 46.5 3.58958
-99.5 46.5 3.64064
-99 46.5 3.69172
-98.5 46.5 3.72016
-98 46.5 3.73308
-97.5 46.5 3.72008
-97 46.5 3.70357
-96.5 46.5 3.69318
-96 46.5 3.67931
-95.5 46.5 3.66623
-95 46.5 3.65768
-94.5 46.5 3.64833
-94 46.5 3.63171
-93.5 46.5 3.61743
-93 46.5 3.60194
-92.5 46.5 3.5962
-92 46.5 3.60027
-91.5 46.5 3.59931
-91 46.5 3.60369
-90.5 46.5 3.61569
-90 46.5 3.60648
-89.5 46.5 3.61925
-89 46.5 3.6244
-88.5 46.5 3.63665
-88 46.5 3.64636
-87.5 46.5 3.64298
-87 46.5 3.6336
-86.5 46.5 3.62307
-86 46.5 3.61863
-85.5 46.5 3.61406
-85 46.5 3.63462
-84.5 46.5 3.65633
-84 46.5 3.68341
-83.5 46.5 3.70341
-83 46.5 3.72953
-82.5 46.5 3.73459
-82 46.5 3.72098
-81.5 46.5 3.70497
-81 46.5 3.71357
-119 47 3.63643
-118.5 47 3.65215
-118 47 3.66766
-117.5 47 3.67588
-117 47 3.64626
-116.5 47 3.61754
-116 47 3.59575
-115.5 47 3.58143
-115 47 3.54587
-114.5 47 3.51468
-114 47 3.50454
-113.5 47 3.50437
-113 47 3.51254
-112.5 47 3.52264
-112 47 3.53444
-111.5 47 3.54715
-111 47 3.53607
-110.5 47 3.52128
-110 47 3.51708
-109.5 47 3.51612
-109 47 3.53632
-108.5 47 3.56544
-108 47 3.55166
-107.5 47 3.53564
-107 47 3.55724
-106.5 47 3.56731
-106 47 3.57174
-105.5 47 3.56719
-105 47 3.55475
-104.5 47 3.54707
-104 47 3.53335
-103.5 47 3.51986
-103 47 3.52406
-102.5 47 3.53144
-102 47 3.53172
-101.5 47 3.54071
-101 47 3.55443
-100.5 47 3.5646
-100 47 3.58725
-99.5 47 3.63613
-99 47 3.68802
-98.5 47 3.71979
-98 47 3.73029
-97.5 47 3.71813
-97 47 3.70579
-96.5 47 3.69679
-96 47 3.68508
-95.5 47 3.67587
-95 47 3.67339
-94.5 47 3.66596
-94 47 3.65617
-93.5 47 3.64634
-93 47 3.6381
-92.5 47 3.63222
-92 47 3.62475
-91.5 47 3.60905
-91 47 3.61841
-90.5 47 3.61601
-90 47 3.6143
-89.5 47 3.62488
-89 47 3.62044
-88.5 47 3.62734
-88 47 3.61525
-87.5 47 3.6035
-87 47 3.59657
-86.5 47 3.59801
-86 47 3.59209
-85.5 47 3.59139
-85 47 3.61129
-84.5 47 3.63354
-84 47 3.65674
-83.5 47 3.68003
-83 47 3.69213
-82.5 47 3.69437
-82 47 3.69188
-81.5 47 3.68855
-81 47 3.68668
-119 47.5 3.63786
-118.5 47.5 3.65261
-118 47.5 3.65629
-117.5 47.5 3.65628
-117 47.5 3.62713
-116.5 47.5 3.59624
-116 47.5 3.57089
-115.5 47.5 3.55336
-115 47.5 3.53949
-114.5 47.5 3.51968
-114 47.5 3.50994
-113.5 47.5 3.5096
-113 47.5 3.52731
-112.5 47.5 3.54592
-112 47.5 3.56321
-111.5 47.5 3.57362
-111 47.5 3.57442
-110.5 47.5 3.55754
-110 47.5 3.54265
-109.5 47.5 3.53193
-109 47.5 3.52877
-108.5 47.5 3.54685
-108 47.5 3.56438
-107.5 47.5 3.55538
-107 47.5 3.56737
-106.5 47.5 3.57211
-106 47.5 3.5707
-105.5 47.5 3.56008
-105 47.5 3.53604
-104.5 47.5 3.52724
-104 47.5 3.51996
-103.5 47.5 3.51032
-103 47.5 3.50954
-102.5 47.5 3.52305
-102 47.5 3.53038
-101.5 47.5 3.54081
-101 47.5 3.55767
-100.5 47.5 3.56546
-100 47.5 3.58393
-99.5 47.5 3.63254
-99 47.5 3.68332
-98.5 47.5 3.71418
-98 47.5 3.72294
-97.5 47.5 3.7129
-97 47.5 3.70386
-96.5 47.5 3.69508
-96 47.5 3.68816
-95.5 47.5 3.68662
-95 47.5 3.68719
-94.5 47.5 3.67792
-94 47.5 3.67344
-93.5 47.5 3.66664
-93 47.5 3.66399
-92.5 47.5 3.65796
-92 47.5 3.65437
-91.5 47.5 3.64554
-91 47.5 3.64543
-90.5 47.5 3.61082
-90 47.5 3.60495
-89.5 47.5 3.59394
-89 47.5 3.58927
-88.5 47.5 3.58945
-88 47.5 3.57149
-87.5 47.5 3.56055
-87 47.5 3.55507
-86.5 47.5 3.56544
-86 47.5 3.56457
-85.5 47.5 3.57604
-85 47.5 3.58214
-84.5 47.5 3.59071
-84 47.5 3.60504
-83.5 47.5 3.6241
-83 47.5 3.62912
-82.5 47.5 3.63558
-82 47.5 3.64808
-81.5 47.5 3.66862
-81 47.5 3.66324
-119 48 3.64974
-118.5 48 3.65798
-118 48 3.65182
-117.5 48 3.64227
-117 48 3.61132
-116.5 48 3.57557
-116 48 3.54889
-115.5 48 3.52314
-115 48 3.51743
-114.5 48 3.51399
-114 48 3.50397
-113.5 48 3.50346
-113 48 3.52287
-112.5 48 3.55096
-112 48 3.56916
-111.5 48 3.58131
-111 48 3.58602
-110.5 48 3.58425
-110 48 3.56941
-109.5 48 3.55816
-109 48 3.53965
-108.5 48 3.5287
-108 48 3.54563
-107.5 48 3.5532
-107 48 3.56109
-106.5 48 3.56718
-106 48 3.56279
-105.5 48 3.56455
-105 48 3.5472
-104.5 48 3.52732
-104 48 3.51719
-103.5 48 3.51337
-103 48 3.51787
-102.5 48 3.53244
-102 48 3.54186
-101.5 48 3.54009
-101 48 3.54625
-100.5 48 3.56656
-100 48 3.59411
-99.5 48 3.63713
-99 48 3.68283
-98.5 48 3.70586
-98 48 3.70825
-97.5 48 3.70051
-97 48 3.6948
-96.5 48 3.69029
-96 48 3.68624
-95.5 48 3.68605
-95 48 3.67936
-94.5 48 3.67026
-94 48 3.66498
-93.5 48 3.66397
-93 48 3.65777
-92.5 48 3.6472
-92 48 3.63312
-91.5 48 3.63115
-91 48 3.60324
-90.5 48 3.56756
-90 48 3.56728
-89.5 48 3.55985
-89 48 3.57088
-88.5 48 3.57439
-88 48 3.56067
-87.5 48 3.5499
-87 48 3.55642
-86.5 48 3.56753
-86 48 3.56992
-85.5 48 3.5767
-85 48 3.56263
-84.5 48 3.55676
-84 48 3.56874
-83.5 48 3.58372
-83 48 3.58517
-82.5 48 3.59127
-82 48 3.62065
-81.5 48 3.65444
-81 48 3.63729
-119 48.5 3.67237
-118.5 48.5 3.65241
-118 48.5 3.6502
-117.5 48.5 3.64466
-117 48.5 3.61695
-116.5 48.5 3.58561
-116 48.5 3.56417
-115.5 48.5 3.54399
-115 48.5 3.51948
-114.5 48.5 3.51232
-114 48.5 3.50949
-113.5 48.5 3.51689
-113 48.5 3.52621
-112.5 48.5 3.55346
-112 48.5 3.57705
-111.5 48.5 3.59594
-111 48.5 3.59468
-110.5 48.5 3.59709
-110 48.5 3.59115
-109.5 48.5 3.58533
-109 48.5 3.57594
-108.5 48.5 3.56135
-108 48.5 3.55736
-107.5 48.5 3.56499
-107 48.5 3.56367
-106.5 48.5 3.56844
-106 48.5 3.55525
-105.5 48.5 3.56457
-105 48.5 3.57093
-104.5 48.5 3.55245
-104 48.5 3.53174
-103.5 48.5 3.52718
-103 48.5 3.53328
-102.5 48.5 3.54922
-102 48.5 3.56582
-101.5 48.5 3.55478
-101 48.5 3.54149
-100.5 48.5 3.57067
-100 48.5 3.60844
-99.5 48.5 3.6465
-99 48.5 3.68529
-98.5 48.5 3.69947
-98 48.5 3.69744
-97.5 48.5 3.69651
-97 48.5 3.69375
-96.5 48.5 3.69255
-96 48.5 3.6882
-95.5 48.5 3.68667
-95 48.5 3.67497
-94.5 48.5 3.66691
-94 48.5 3.66004
-93.5 48.5 3.66397
-93 48.5 3.64552
-92.5 48.5 3.61633
-92 48.5 3.59331
-91.5 48.5 3.59902
-91 48.5 3.57788
-90.5 48.5 3.58041
-90 48.5 3.5798
-89.5 48.5 3.5785
-89 48.5 3.58419
-88.5 48.5 3.57897
-88 48.5 3.57339
-87.5 48.5 3.57221
-87 48.5 3.57902
-86.5 48.5 3.57847
-86 48.5 3.57456
-85.5 48.5 3.5643
-85 48.5 3.55014
-84.5 48.5 3.55005
-84 48.5 3.55656
-83.5 48.5 3.56528
-83 48.5 3.56856
-82.5 48.5 3.57935
-82 48.5 3.59702
-81.5 48.5 3.61151
-81 48.5 3.61757
-119 49 3.73319
-118.5 49 3.67156
-118 49 3.67155
-117.5 49 3.67508
-117 49 3.65011
-116.5 49 3.62125
-116 49 3.61311
-115.5 49 3.60659
-115 49 3.57538
-114.5 49 3.55279
-114 49 3.55748
-113.5 49 3.57079
-113 49 3.57885
-112.5 49 3.59445
-112 49 3.62418
-111.5 49 3.64764
-111 49 3.64574
-110.5 49 3.63764
-110 49 3.63487
-109.5 49 3.62971
-109 49 3.62782
-108.5 49 3.62255
-108 49 3.61858
-107.5 49 3.62081
-107 49 3.62076
-106.5 49 3.619
-106 49 3.60049
-105.5 49 3.58698
-105 49 3.59225
-104.5 49 3.58614
-104 49 3.5664
-103.5 49 3.55217
-103 49 3.55261
-102.5 49 3.56098
-102 49 3.57706
-101.5 49 3.58325
-101 49 3.58133
-100.5 49 3.59574
-100 49 3.62336
-99.5 49 3.65055
-99 49 3.67937
-98.5 49 3.69685
-98 49 3.70401
-97.5 49 3.70851
-97 49 3.71255
-96.5 49 3.71436
-96 49 3.7153
-95.5 49 3.71329
-95 49 3.70421
-94.5 49 3.69585
-94 49 3.69841
-93.5 49 3.69831
-93 49 3.66664
-92.5 49 3.62987
-92 49 3.63108
-91.5 49 3.64392
-91 49 3.64348
-90.5 49 3.64914
-90 49 3.63481
-89.5 49 3.62084
-89 49 3.60846
-88.5 49 3.59549
-88 49 3.59548
-87.5 49 3.5983
-87 49 3.59702
-86.5 49 3.58953
-86 49 3.57922
-85.5 49 3.56499
-85 49 3.5636
-84.5 49 3.56814
-84 49 3.57231
-83.5 49 3.57688
-83 49 3.58357
-82.5 49 3.59253
-82 49 3.59843
-81.5 49 3.60631
-81 49 3.65129
