-119 25 -7.58408e-05
-118.5 25 -6.90164e-06
-118 25 1.0211e-05
-117.5 25 3.62018e-05
-117 25 5.99155e-05
-116.5 25 4.02034e-05
-116 25 1.00965e-05
-115.5 25 3.78692e-05
-115 25 4.63958e-05
-114.5 25 4.39096e-05
-114 25 1.64788e-05
-113.5 25 8.32831e-05
-113 25 0.000143892
-112.5 25 0.000108022
-112 25 5.40631e-05
-111.5 25 8.91565e-05
-111 25 5.66586e-05
-110.5 25 0.000100489
-110 25 0.000101325
-109.5 25 0.000131706
-109 25 0.000138346
-108.5 25 0.000124831
-108 25 6.92478e-05
-107.5 25 8.87915e-05
-107 25 4.99636e-05
-106.5 25 7.03936e-05
-106 25 3.34131e-05
-105.5 25 0.00010668
-105 25 0.000159865
-104.5 25 0.000130896
-104 25 9.67138e-05
-103.5 25 9.53178e-05
-103 25 4.42023e-05
-102.5 25 9.30695e-05
-102 25 8.0191e-05
-101.5 25 0.00012661
-101 25 0.000130307
-100.5 25 0.000181797
-100 25 0.000240374
-99.5 25 0.000162013
-99 25 4.50273e-05
-98.5 25 0.000107267
-98 25 0.000175596
-97.5 25 0.000113892
-97 25 8.16913e-05
-96.5 25 0.000157797
-96 25 0.000203418
-95.5 25 0.000156207
-95 25 0.000137737
-94.5 25 8.10645e-05
-94 25 -1.61309e-05
-93.5 25 8.2436e-05
-93 25 0.000111232
-92.5 25 0.000128865
-92 25 0.000136338
-91.5 25 0.000112456
-91 25 7.00366e-05
-90.5 25 8.75927e-05
-90 25 6.6855e-05
-89.5 25 9.48555e-05
-89 25 8.96536e-05
-88.5 25 0.000102851
-88 25 0.000102345
-87.5 25 7.28879e-05
-87 25 2.81988e-05
-86.5 25 4.6051e-05
-86 25 2.84214e-05
-85.5 25 5.6453e-05
-85 25 7.28056e-05
-84.5 25 4.26597e-05
-84 25 -3.18459e-05
-83.5 25 7.52243e-05
-83 25 0.000193447
-82.5 25 3.18952e-05
-82 25 -0.000123341
-81.5 25 -3.23791e-05
-81 25 8.64293e-06
-119 25.5 5.48188e-06
-118.5 25.5 1.23382e-05
-118 25.5 2.87645e-05
-117.5 25.5 3.25527e-05
-117 25.5 4.71325e-05
-116.5 25.5 3.48064e-05
-116 25.5 3.61419e-05
-115.5 25.5 3.15736e-05
-115 25.5 4.28056e-05
-114.5 25.5 3.53481e-05
-114 25.5 4.8984e-05
-113.5 25.5 6.80621e-05
-113 25.5 0.000112389
-112.5 25.5 0.000107074
-112 25.5 0.000130143
-111.5 25.5 0.000107251
-111 25.5 0.000111807
-110.5 25.5 0.000104356
-110 25.5 0.00012262
-109.5 25.5 0.000135164
-109 25.5 0.000173146
-108.5 25.5 0.000143678
-108 25.5 0.000135087
-107.5 25.5 0.00011079
-107 25.5 0.000102809
-106.5 25.5 8.7509e-05
-106 25.5 8.64481e-05
-105.5 25.5 0.000108105
-105 25.5 0.000150333
-104.5 25.5 0.000128031
-104 25.5 0.000131658
-103.5 25.5 0.000108361
-103 25.5 0.000108307
-102.5 25.5 0.000113129
-102 25.5 0.00014204
-101.5 25.5 0.000140191
-101 25.5 0.000161706
-100.5 25.5 0.000177085
-100 25.5 0.000220462
-99.5 25.5 0.000171877
-99 25.5 0.000148953
-98.5 25.5 6.81898e-05
-98 25.5 -7.23041e-06
-97.5 25.5 7.46497e-05
-97 25.5 0.000161534
-96.5 25.5 0.000174352
-96 25.5 0.000199818
-95.5 25.5 0.000133107
-95 25.5 7.98646e-05
-94.5 25.5 7.81601e-05
-94 25.5 9.19621e-05
-93.5 25.5 0.000106274
-93 25.5 0.000139816
-92.5 25.5 0.0001297
-92 25.5 0.000142362
-91.5 25.5 0.000111149
-91 25.5 0.000102225
-90.5 25.5 9.95547e-05
-90 25.5 0.000113152
-89.5 25.5 0.000110744
-89 25.5 0.000119451
-88.5 25.5 0.000106736
-88 25.5 0.000110845
-87.5 25.5 7.15634e-05
-87 25.5 5.15374e-05
-86.5 25.5 5.21913e-05
-86 25.5 6.39151e-05
-85.5 25.5 6.37166e-05
-85 25.5 7.00991e-05
-84.5 25.5 5.62869e-05
-84 25.5 5.9472e-05
-83.5 25.5 5.79249e-05
-83 25.5 7.92802e-05
-82.5 25.5 1.19729e-05
-82 25.5 -4.00055e-05
-81.5 25.5 -2.57244e-05
-81 25.5 -2.32994e-05
-119 26 4.84987e-05
-118.5 26 4.92257e-05
-118 26 3.0877e-05
-117.5 26 4.82627e-05
-117 26 3.45817e-05
-116.5 26 4.71484e-05
-116 26 3.86794e-05
-115.5 26 4.41309e-05
-115 26 2.23386e-05
-114.5 26 4.48776e-05
-114 26 3.71824e-05
-113.5 26 7.4595e-05
-113 26 8.67135e-05
-112.5 26 0.000134687
-112 26 0.000205063
-111.5 26 0.000154286
-111 26 0.000129772
-110.5 26 0.000132757
-110 26 0.000106024
-109.5 26 0.000167415
-109 26 0.000236648
-108.5 26 0.000190688
-108 26 0.000181318
-107.5 26 0.000154405
-107 26 0.000130679
-106.5 26 0.000118295
-106 26 8.98391e-05
-105.5 26 0.000127543
-105 26 0.000169782
-104.5 26 0.000149154
-104 26 0.000159154
-103.5 26 0.000136273
-103 26 0.000135509
-102.5 26 0.00015231
-102 26 0.000197246
-101.5 26 0.000171413
-101 26 0.000171011
-100.5 26 0.00019773
-100 26 0.000248273
-99.5 26 0.000218726
-99 26 0.000269894
-98.5 26 3.97038e-05
-98 26 -0.000373718
-97.5 26 4.60824e-05
-97 26 0.000290051
-96.5 26 0.000224697
-96 26 0.000250815
-95.5 26 0.000135773
-95 26 -7.13167e-05
-94.5 26 8.92606e-05
-94 26 0.000166935
-93.5 26 0.000147135
-93 26 0.000177862
-92.5 26 0.000154796
-92 26 0.000159296
-91.5 26 0.00012741
-91 26 0.000107723
-90.5 26 0.000120758
-90 26 0.000156054
-89.5 26 0.000140514
-89 26 0.000143996
-88.5 26 0.00012843
-88 26 0.000141017
-87.5 26 8.10732e-05
-87 26 3.31693e-05
-86.5 26 7.05825e-05
-86 26 9.63463e-05
-85.5 26 8.11192e-05
-85 26 6.87948e-05
-84.5 26 8.85072e-05
-84 26 0.000116469
-83.5 26 6.9465e-05
-83 26 1.93744e-05
-82.5 26 1.32927e-05
-82 26 -4.34072e-05
-81.5 26 -1.12211e-05
-81 26 -7.84215e-05
-119 26.5 8.46387e-05
-118.5 26.5 7.3822e-05
-118 26.5 8.34367e-05
-117.5 26.5 6.16819e-05
-117 26.5 5.15635e-05
-116.5 26.5 5.13569e-05
-116 26.5 6.42147e-05
-115.5 26.5 4.92922e-05
-115 26.5 4.89821e-05
-114.5 26.5 4.39237e-05
-114 26.5 6.00553e-05
-113.5 26.5 6.28164e-05
-113 26.5 9.3846e-05
-112.5 26.5 0.000111516
-112 26.5 0.000162743
-111.5 26.5 0.000143806
-111 26.5 0.000161663
-110.5 26.5 0.000136697
-110 26.5 0.00014638
-109.5 26.5 0.000153886
-109 26.5 0.000192901
-108.5 26.5 0.000180175
-108 26.5 0.000197182
-107.5 26.5 0.000164875
-107 26.5 0.000158615
-106.5 26.5 0.000132982
-106 26.5 0.000126575
-105.5 26.5 0.000115494
-105 26.5 0.000124556
-104.5 26.5 0.000119844
-104 26.5 0.000140533
-103.5 26.5 0.000121346
-103 26.5 0.000127841
-102.5 26.5 0.000138561
-102 26.5 0.000175916
-101.5 26.5 0.000146953
-101 26.5 0.000153586
-100.5 26.5 0.00016154
-100 26.5 0.00020165
-99.5 26.5 0.000187621
-99 26.5 0.000192152
-98.5 26.5 0.000108164
-98 26.5 2.73007e-05
-97.5 26.5 0.000106824
-97 26.5 0.000192296
-96.5 26.5 0.000196584
-96 26.5 0.000235652
-95.5 26.5 0.000163452
-95 26.5 0.000133568
-94.5 26.5 0.000125294
-94 26.5 0.000142687
-93.5 26.5 0.000135732
-93 26.5 0.000140724
-92.5 26.5 0.000136477
-92 26.5 0.000134962
-91.5 26.5 0.000109964
-91 26.5 8.63699e-05
-90.5 26.5 0.000107026
-90 26.5 0.000137585
-89.5 26.5 0.000135603
-89 26.5 0.000150372
-88.5 26.5 0.000107983
-88 26.5 7.59437e-05
-87.5 26.5 5.95156e-05
-87 26.5 5.32751e-05
-86.5 26.5 7.26555e-05
-86 26.5 0.000105473
-85.5 26.5 7.60785e-05
-85 26.5 6.74532e-05
-84.5 26.5 7.61684e-05
-84 26.5 0.000120686
-83.5 26.5 4.71013e-05
-83 26.5 -5.05529e-06
-82.5 26.5 2.41128e-05
-82 26.5 6.09054e-05
-81.5 26.5 6.18887e-05
-81 26.5 5.87465e-05
-119 27 0.000120517
-118.5 27 0.000114458
-118 27 0.000137517
-117.5 27 9.39495e-05
-117 27 2.9891e-05
-116.5 27 7.35596e-05
-116 27 8.92712e-05
-115.5 27 7.34639e-05
-115 27 4.74988e-05
-114.5 27 6.22212e-05
-114 27 5.87913e-05
-113.5 27 7.1235e-05
-113 27 7.11972e-05
-112.5 27 0.000112063
-112 27 0.000142917
-111.5 27 0.000161381
-111 27 0.000186808
-110.5 27 0.000165567
-110 27 0.000139787
-109.5 27 0.000165793
-109 27 0.000158393
-108.5 27 0.000195234
-108 27 0.000229204
-107.5 27 0.000197912
-107 27 0.000175805
-106.5 27 0.000161451
-106 27 0.000140908
-105.5 27 0.000121573
-105 27 5.35531e-05
-104.5 27 0.000113327
-104 27 0.000130443
-103.5 27 0.000120089
-103 27 8.30538e-05
-102.5 27 0.00014942
-102 27 0.000169557
-101.5 27 0.000148598
-101 27 8.85187e-05
-100.5 27 0.000148612
-100 27 0.000169844
-99.5 27 0.000191259
-99 27 0.00017378
-98.5 27 0.000191994
-98 27 0.000242828
-97.5 27 0.000175015
-97 27 0.000140925
-96.5 27 0.000194123
-96 27 0.000298214
-95.5 27 0.00021073
-95 27 0.000288645
-94.5 27 0.000172606
-94 27 0.000115007
-93.5 27 0.000144712
-93 27 7.44895e-05
-92.5 27 0.000143502
-92 27 9.93494e-05
-91.5 27 0.000107875
-91 27 -1.6862e-06
-90.5 27 0.000107047
-90 27 0.000124325
-89.5 27 0.000154163
-89 27 0.00018344
-88.5 27 0.000106958
-88 27 -3.24468e-05
-87.5 27 5.09894e-05
-87 27 2.06567e-05
-86.5 27 9.27562e-05
-86 27 0.000152746
-85.5 27 8.96083e-05
-85 27 7.55147e-06
-84.5 27 9.52191e-05
-84 27 0.000195368
-83.5 27 4.43142e-05
-83 27 -0.000136375
-82.5 27 4.69998e-05
-82 27 0.000186314
-81.5 27 0.000145955
-81 27 0.00018736
-119 27.5 0.000115748
-118.5 27.5 0.000114714
-118 27.5 0.000146303
-117.5 27.5 0.000113289
-117 27.5 9.96792e-05
-116.5 27.5 8.6859e-05
-116 27.5 9.33968e-05
-115.5 27.5 7.70055e-05
-115 27.5 8.28599e-05
-114.5 27.5 6.02474e-05
-114 27.5 5.74138e-05
-113.5 27.5 5.08516e-05
-113 27.5 6.89407e-05
-112.5 27.5 8.20472e-05
-112 27.5 0.000125115
-111.5 27.5 0.000136339
-111 27.5 0.000180621
-110.5 27.5 0.000154567
-110 27.5 0.000163253
-109.5 27.5 0.000157019
-109 27.5 0.00017988
-108.5 27.5 0.00017691
-108 27.5 0.000196936
-107.5 27.5 0.000191629
-107 27.5 0.000210571
-106.5 27.5 0.0001687
-106 27.5 0.00015041
-105.5 27.5 0.000127027
-105 27.5 0.000123751
-104.5 27.5 9.80713e-05
-104 27.5 9.40285e-05
-103.5 27.5 0.000107105
-103 27.5 0.000147445
-102.5 27.5 0.000154042
-102 27.5 0.000186248
-101.5 27.5 0.00013216
-101 27.5 0.000103526
-100.5 27.5 0.00012332
-100 27.5 0.000162704
-99.5 27.5 0.000193261
-99 27.5 0.000230559
-98.5 27.5 0.00022759
-98 27.5 0.000256836
-97.5 27.5 0.000193839
-97 27.5 0.000163761
-96.5 27.5 0.00012874
-96 27.5 9.9393e-05
-95.5 27.5 0.000116664
-95 27.5 0.000155094
-94.5 27.5 0.000150144
-94 27.5 0.000181191
-93.5 27.5 0.00018982
-93 27.5 0.000234533
-92.5 27.5 0.000203695
-92 27.5 0.000207217
-91.5 27.5 0.000165553
-91 27.5 0.000150897
-90.5 27.5 0.000141677
-90 27.5 0.000158662
-89.5 27.5 0.000149514
-89 27.5 0.000174232
-88.5 27.5 0.000124368
-88 27.5 0.000103708
-87.5 27.5 8.72352e-05
-87 27.5 9.3339e-05
-86.5 27.5 9.39589e-05
-86 27.5 0.000119447
-85.5 27.5 7.88831e-05
-85 27.5 6.40847e-05
-84.5 27.5 6.92181e-05
-84 27.5 8.95499e-05
-83.5 27.5 4.13031e-05
-83 27.5 -7.80188e-06
-82.5 27.5 8.0818e-05
-82 27.5 0.000172496
-81.5 27.5 0.000169034
-81 27.5 0.000190102
-119 28 0.000107414
-118.5 28 0.000131273
-118 28 0.000184286
-117.5 28 0.00015312
-117 28 0.00013513
-116.5 28 0.000118718
-116 28 8.819e-05
-115.5 28 0.000101681
-115 28 0.000110779
-114.5 28 7.8973e-05
-114 28 2.0085e-05
-113.5 28 5.1147e-05
-113 28 3.00593e-05
-112.5 28 7.53233e-05
-112 28 9.13832e-05
-111.5 28 0.000140392
-111 28 0.000190182
-110.5 28 0.000173524
-110 28 0.000148434
-109.5 28 0.000175403
-109 28 0.000179211
-108.5 28 0.000186626
-108 28 0.000144757
-107.5 28 0.00021318
-107 28 0.000273976
-106.5 28 0.000196103
-106 28 0.000132573
-105.5 28 0.00015942
-105 28 0.000167068
-104.5 28 0.000109765
-104 28 4.02155e-06
-103.5 28 0.000111079
-103 28 0.000208553
-102.5 28 0.000195867
-102 28 0.000225641
-101.5 28 0.000151595
-101 28 2.14149e-05
-100.5 28 0.000120304
-100 28 0.000126558
-99.5 28 0.000221256
-99 28 0.000292332
-98.5 28 0.000283825
-98 28 0.000337543
-97.5 28 0.000228228
-97 28 0.000157338
-96.5 28 8.76664e-05
-96 28 -0.00019813
-95.5 28 4.49137e-05
-95 28 2.86748e-05
-94.5 28 0.000139856
-94 28 0.000246679
-93.5 28 0.000252123
-93 28 0.000443899
-92.5 28 0.000280192
-92 28 0.000341913
-91.5 28 0.000231045
-91 28 0.00027252
-90.5 28 0.00018767
-90 28 0.000186029
-89.5 28 0.000159798
-89 28 0.000215151
-88.5 28 0.000158095
-88 28 0.000205299
-87.5 28 0.000143343
-87 28 0.000131326
-86.5 28 0.000117929
-86 28 0.000110361
-85.5 28 9.3338e-05
-85 28 5.78867e-05
-84.5 28 7.13426e-05
-84 28 2.273e-05
-83.5 28 4.89084e-05
-83 28 -2.79215e-05
-82.5 28 0.000124469
-82 28 0.000231658
-81.5 28 0.000202148
-81 28 0.000254981
-119 28.5 6.62156e-05
-118.5 28.5 9.97193e-05
-118 28.5 0.000168903
-117.5 28.5 0.000155059
-117 28.5 0.000178972
-116.5 28.5 0.000127826
-116 28.5 0.000100949
-115.5 28.5 9.87792e-05
-115 28.5 0.000119048
-114.5 28.5 8.62956e-05
-114 28.5 7.12616e-05
-113.5 28.5 5.17295e-05
-113 28.5 4.18046e-05
-112.5 28.5 5.0252e-05
-112 28.5 7.5277e-05
-111.5 28.5 0.000105998
-111 28.5 0.000167843
-110.5 28.5 0.000155406
-110 28.5 0.000180767
-109.5 28.5 0.000166544
-109 28.5 0.000186623
-108.5 28.5 0.000186699
-108 28.5 0.000215336
-107.5 28.5 0.000203522
-107 28.5 0.000214478
-106.5 28.5 0.000182203
-106 28.5 0.000173826
-105.5 28.5 0.000161192
-105 28.5 0.00018147
-104.5 28.5 0.000104078
-104 28.5 5.40711e-05
-103.5 28.5 8.40713e-05
-103 28.5 0.000136001
-102.5 28.5 0.000171883
-102 28.5 0.0002378
-101.5 28.5 0.000157825
-101 28.5 0.000112307
-100.5 28.5 0.000136349
-100 28.5 0.000191703
-99.5 28.5 0.000238463
-99 28.5 0.000308699
-98.5 28.5 0.000274574
-98 28.5 0.000268886
-97.5 28.5 0.000215034
-97 28.5 0.000193195
-96.5 28.5 0.000146523
-96 28.5 0.000119278
-95.5 28.5 0.000100407
-95 28.5 8.42309e-05
-94.5 28.5 0.000107936
-94 28.5 0.000132268
-93.5 28.5 0.000166268
-93 28.5 0.000211187
-92.5 28.5 0.000180982
-92 28.5 0.000177139
-91.5 28.5 0.000167453
-91 28.5 0.000193153
-90.5 28.5 0.000147452
-90 28.5 0.000125695
-89.5 28.5 8.99331e-05
-89 28.5 6.41436e-05
-88.5 28.5 9.23623e-05
-88 28.5 0.000145783
-87.5 28.5 0.000122875
-87 28.5 0.000142587
-86.5 28.5 0.000101033
-86 28.5 9.05379e-05
-85.5 28.5 8.83761e-05
-85 28.5 9.86446e-05
-84.5 28.5 9.053e-05
-84 28.5 8.32253e-05
-83.5 28.5 0.000101228
-83 28.5 0.000139076
-82.5 28.5 0.000170054
-82 28.5 0.000241095
-81.5 28.5 0.000170743
-81 28.5 0.000126349
-119 29 -3.52424e-05
-118.5 29 8.56282e-05
-118 29 0.000198065
-117.5 29 0.000181956
-117 29 0.000256428
-116.5 29 0.000158345
-116 29 5.33044e-05
-115.5 29 0.000117576
-115 29 0.000143089
-114.5 29 0.000118433
-114 29 8.92841e-05
-113.5 29 7.541e-05
-113 29 -7.33702e-06
-112.5 29 4.80582e-05
-112 29 8.82103e-06
-111.5 29 9.85802e-05
-111 29 0.000166623
-110.5 29 0.000170197
-110 29 0.000198618
-109.5 29 0.000187175
-109 29 0.000163502
-108.5 29 0.00021702
-108 29 0.000274853
-107.5 29 0.00022677
-107 29 0.000151677
-106.5 29 0.000195831
-106 29 0.00017161
-105.5 29 0.000202021
-105 29 0.000230938
-104.5 29 0.000134109
-104 29 -1.53762e-05
-103.5 29 7.43741e-05
-103 29 3.49824e-05
-102.5 29 0.000190405
-102 29 0.000327943
-101.5 29 0.000198582
-101 29 9.57952e-05
-100.5 29 0.000162378
-100 29 0.000234777
-99.5 29 0.000277868
-99 29 0.000387461
-98.5 29 0.000291518
-98 29 0.000209832
-97.5 29 0.000219928
-97 29 0.00021515
-96.5 29 0.000236131
-96 29 0.000377916
-95.5 29 0.000187174
-95 29 5.88405e-05
-94.5 29 9.88297e-05
-94 29 -3.51597e-05
-93.5 29 0.000113454
-93 29 4.1138e-06
-92.5 29 0.00010609
-92 29 -1.05905e-05
-91.5 29 0.000121964
-91 29 0.000148679
-90.5 29 0.000133188
-90 29 4.2353e-05
-89.5 29 3.88722e-05
-89 29 -0.000179613
-88.5 29 5.16267e-05
-88 29 0.000108844
-87.5 29 0.000133774
-87 29 0.000170814
-86.5 29 0.000106916
-86 29 2.62259e-05
-85.5 29 0.000109908
-85 29 0.000123119
-84.5 29 0.000131803
-84 29 9.58735e-05
-83.5 29 0.000162207
-83 29 0.000290966
-82.5 29 0.000230311
-82 29 0.000368788
-81.5 29 0.000146056
-81 29 -3.32118e-05
-119 29.5 2.87478e-05
-118.5 29.5 4.14677e-05
-118 29.5 6.72811e-05
-117.5 29.5 0.000121622
-117 29.5 0.000206467
-116.5 29.5 0.000158759
-116 29.5 0.000142101
-115.5 29.5 0.000126978
-115 29.5 0.000133598
-114.5 29.5 0.000125194
-114 29.5 0.000145079
-113.5 29.5 0.000111362
-113 29.5 0.000104337
-112.5 29.5 6.91931e-05
-112 29.5 5.09217e-05
-111.5 29.5 6.6075e-05
-111 29.5 0.000104954
-110.5 29.5 0.000123091
-110 29.5 0.00018373
-109.5 29.5 0.000166038
-109 29.5 0.000196931
-108.5 29.5 0.000199707
-108 29.5 0.000252168
-107.5 29.5 0.000221865
-107 29.5 0.000237126
-106.5 29.5 0.000202726
-106 29.5 0.000215178
-105.5 29.5 0.000190654
-105 29.5 0.000210815
-104.5 29.5 0.000143373
-104 29.5 0.000107708
-103.5 29.5 0.000101829
-103 29.5 0.000116459
-102.5 29.5 0.000180129
-102 29.5 0.000262617
-101.5 29.5 0.000179239
-101 29.5 0.00012325
-100.5 29.5 0.000146821
-100 29.5 0.000199278
-99.5 29.5 0.000250769
-99 29.5 0.000327874
-98.5 29.5 0.000270136
-98 29.5 0.000235967
-97.5 29.5 0.00020265
-97 29.5 0.000193826
-96.5 29.5 0.000215993
-96 29.5 0.000280403
-95.5 29.5 0.000196717
-95 29.5 0.000158065
-94.5 29.5 0.000160096
-94 29.5 0.000195141
-93.5 29.5 0.000185291
-93 29.5 0.000186254
-92.5 29.5 0.000137788
-92 29.5 8.23564e-05
-91.5 29.5 0.000115446
-91 29.5 0.000150147
-90.5 29.5 0.000139309
-90 29.5 0.000140701
-89.5 29.5 8.57236e-05
-89 29.5 4.63328e-05
-88.5 29.5 7.66831e-05
-88 29.5 0.000123032
-87.5 29.5 9.98085e-05
-87 29.5 9.40842e-05
-86.5 29.5 8.90105e-05
-86 29.5 9.93862e-05
-85.5 29.5 0.000141989
-85 29.5 0.000206126
-84.5 29.5 0.000170139
-84 29.5 0.000163767
-83.5 29.5 0.000149771
-83 29.5 0.000174132
-82.5 29.5 0.000140926
-82 29.5 0.000132238
-81.5 29.5 7.98683e-05
-81 29.5 1.7875e-05
-119 30 2.69547e-05
-118.5 30 1.77062e-05
-118 30 -0.000135282
-117.5 30 8.94235e-05
-117 30 0.000239135
-116.5 30 0.00018704
-116 30 0.000192171
-115.5 30 0.000156503
-115 30 0.000101706
-114.5 30 0.000155788
-114 30 0.000218565
-113.5 30 0.000171539
-113 30 0.000205288
-112.5 30 0.000113591
-112 30 1.5812e-05
-111.5 30 5.83786e-05
-111 30 5.77818e-06
-110.5 30 0.000108691
-110 30 0.000186456
-109.5 30 0.000172348
-109 30 0.000209534
-108.5 30 0.000213745
-108 30 0.000251087
-107.5 30 0.000256475
-107 30 0.000310614
-106.5 30 0.00024638
-106 30 0.000226042
-105.5 30 0.000223925
-105 30 0.000204236
-104.5 30 0.000192371
-104 30 0.000158638
-103.5 30 0.000152986
-103 30 0.000102443
-102.5 30 0.000214954
-102 30 0.000290725
-101.5 30 0.000194459
-101 30 3.86074e-05
-100.5 30 0.000140342
-100 30 0.000133215
-99.5 30 0.000251685
-99 30 0.00035504
-98.5 30 0.00028131
-98 30 0.0002273
-97.5 30 0.000196595
-97 30 0.000106661
-96.5 30 0.000218264
-96 30 0.000273068
-95.5 30 0.000230839
-95 30 0.000180608
-94.5 30 0.000242555
-94 30 0.000420895
-93.5 30 0.000298887
-93 30 0.000362708
-92.5 30 0.0001991
-92 30 5.14409e-05
-91.5 30 0.000136533
-91 30 0.000147824
-90.5 30 0.000183535
-90 30 0.00024905
-89.5 30 0.000163171
-89 30 0.000156312
-88.5 30 0.000135861
-88 30 0.000144825
-87.5 30 0.000103788
-87 30 -2.93863e-05
-86.5 30 9.71469e-05
-86 30 0.000104582
-85.5 30 0.000201477
-85 30 0.000347252
-84.5 30 0.0002303
-84 30 0.000207456
-83.5 30 0.000152274
-83 30 7.55632e-05
-82.5 30 7.53581e-05
-82 30 -8.86343e-05
-81.5 30 2.91308e-05
-81 30 -2.32211e-05
-119 30.5 9.63566e-05
-118.5 30.5 4.60473e-05
-118 30.5 1.59649e-05
-117.5 30.5 6.74467e-05
-117 30.5 0.000129474
-116.5 30.5 0.000149713
-116 30.5 0.000200559
-115.5 30.5 0.000159306
-115 30.5 0.000152227
-114.5 30.5 0.000142835
-114 30.5 0.000160787
-113.5 30.5 0.00015032
-113 30.5 0.000179663
-112.5 30.5 0.00012481
-112 30.5 0.000107838
-111.5 30.5 6.32429e-05
-111 30.5 4.37809e-05
-110.5 30.5 5.98946e-05
-110 30.5 9.88707e-05
-109.5 30.5 9.9295e-05
-109 30.5 0.000124801
-108.5 30.5 0.000149186
-108 30.5 0.00020709
-107.5 30.5 0.000196673
-107 30.5 0.000236171
-106.5 30.5 0.000195181
-106 30.5 0.000215739
-105.5 30.5 0.000205064
-105 30.5 0.000239902
-104.5 30.5 0.000204147
-104 30.5 0.000195676
-103.5 30.5 0.000185524
-103 30.5 0.000204119
-102.5 30.5 0.000227091
-102 30.5 0.000282744
-101.5 30.5 0.000204006
-101 30.5 0.000151521
-100.5 30.5 0.0001611
-100 30.5 0.000191265
-99.5 30.5 0.000231276
-99 30.5 0.000288954
-98.5 30.5 0.000248808
-98 30.5 0.000228869
-97.5 30.5 0.000193442
-97 30.5 0.00018189
-96.5 30.5 0.000217656
-96 30.5 0.000282549
-95.5 30.5 0.000227604
-95 30.5 0.000211383
-94.5 30.5 0.000214084
-94 30.5 0.000267112
-93.5 30.5 0.000266566
-93 30.5 0.000315321
-92.5 30.5 0.000217664
-92 30.5 0.000158711
-91.5 30.5 0.000161796
-91 30.5 0.000195274
-90.5 30.5 0.000170239
-90 30.5 0.000181867
-89.5 30.5 0.000145431
-89 30.5 0.000162439
-88.5 30.5 0.000129975
-88 30.5 0.000143885
-87.5 30.5 0.000118638
-87 30.5 0.000121107
-86.5 30.5 0.000133548
-86 30.5 0.000174602
-85.5 30.5 0.000195663
-85 30.5 0.000255679
-84.5 30.5 0.000201466
-84 30.5 0.000181745
-83.5 30.5 0.000135558
-83 30.5 0.00010722
-82.5 30.5 8.2449e-05
-82 30.5 5.17068e-05
-81.5 30.5 6.75459e-05
-81 30.5 7.00622e-05
-119 31 0.000185795
-118.5 31 9.7318e-05
-118 31 4.66082e-05
-117.5 31 7.35262e-05
-117 31 6.51464e-06
-116.5 31 0.00014579
-116 31 0.000251878
-115.5 31 0.000186984
-115 31 0.000161081
-114.5 31 0.000150443
-114 31 9.04766e-05
-113.5 31 0.000151106
-113 31 0.000195018
-112.5 31 0.000163549
-112 31 0.000179724
-111.5 31 0.000100746
-111 31 -1.38252e-05
-110.5 31 5.21184e-05
-110 31 -2.28184e-05
-109.5 31 6.73963e-05
-109 31 -3.09332e-05
-108.5 31 0.000133445
-108 31 0.000143723
-107.5 31 0.000188357
-107 31 0.000158131
-106.5 31 0.000195082
-106 31 0.000157345
-105.5 31 0.000235994
-105 31 0.000275335
-104.5 31 0.000258618
-104 31 0.000180828
-103.5 31 0.000249449
-103 31 0.000249877
-102.5 31 0.000280658
-102 31 0.000342305
-101.5 31 0.000249782
-101 31 0.00016581
-100.5 31 0.00020203
-100 31 0.000198592
-99.5 31 0.000244205
-99 31 0.000265756
-98.5 31 0.000251274
-98 31 0.000207368
-97.5 31 0.000210493
-97 31 0.000171604
-96.5 31 0.000251523
-96 31 0.000346112
-95.5 31 0.000252559
-95 31 0.000187042
-94.5 31 0.0001976
-94 31 0.000124948
-93.5 31 0.000261312
-93 31 0.000368826
-92.5 31 0.000258671
-92 31 0.000171163
-91.5 31 0.000210223
-91 31 0.000247818
-90.5 31 0.000185814
-90 31 0.000110143
-89.5 31 0.000155526
-89 31 0.000165018
-88.5 31 0.000155988
-88 31 0.000127922
-87.5 31 0.000167089
-87 31 0.000216287
-86.5 31 0.000194126
-86 31 0.000222181
-85.5 31 0.000214015
-85 31 0.00022792
-84.5 31 0.000196784
-84 31 0.000144445
-83.5 31 0.000144102
-83 31 9.66678e-05
-82.5 31 0.000117834
-82 31 0.000123697
-81.5 31 0.000120559
-81 31 0.000152646
-119 31.5 0.000115189
-118.5 31.5 9.16417e-05
-118 31.5 0.000103458
-117.5 31.5 8.93135e-05
-117 31.5 0.000110339
-116.5 31.5 0.00011933
-116 31.5 0.000157309
-115.5 31.5 0.000158063
-115 31.5 0.000194466
-114.5 31.5 0.000151939
-114 31.5 0.000129868
-113.5 31.5 0.000125458
-113 31.5 0.000134462
-112.5 31.5 0.000135295
-112 31.5 0.000170667
-111.5 31.5 0.000108822
-111 31.5 9.20249e-05
-110.5 31.5 7.07094e-05
-110 31.5 9.309e-05
-109.5 31.5 8.97729e-05
-109 31.5 0.000131646
-108.5 31.5 0.000143859
-108 31.5 0.000196183
-107.5 31.5 0.000156976
-107 31.5 0.000150704
-106.5 31.5 0.000158695
-106 31.5 0.00020565
-105.5 31.5 0.000220614
-105 31.5 0.000286118
-104.5 31.5 0.000290805
-104 31.5 0.000350494
-103.5 31.5 0.000298268
-103 31.5 0.000295905
-102.5 31.5 0.000267184
-102 31.5 0.000284907
-101.5 31.5 0.000243134
-101 31.5 0.000245814
-100.5 31.5 0.000221231
-100 31.5 0.000238373
-99.5 31.5 0.000232982
-99 31.5 0.000255579
-98.5 31.5 0.000232103
-98 31.5 0.000231999
-97.5 31.5 0.000207149
-97 31.5 0.000215219
-96.5 31.5 0.000228155
-96 31.5 0.000274777
-95.5 31.5 0.000219131
-95 31.5 0.000186561
-94.5 31.5 0.000186799
-94 31.5 0.000202121
-93.5 31.5 0.000232494
-93 31.5 0.000285314
-92.5 31.5 0.000239575
-92 31.5 0.000247342
-91.5 31.5 0.000208072
-91 31.5 0.000226702
-90.5 31.5 0.000161573
-90 31.5 0.000132668
-89.5 31.5 0.000131486
-89 31.5 0.000162836
-88.5 31.5 0.000139066
-88 31.5 0.000154366
-87.5 31.5 0.000160321
-87 31.5 0.000207263
-86.5 31.5 0.0001834
-86 31.5 0.000197207
-85.5 31.5 0.000183687
-85 31.5 0.000197434
-84.5 31.5 0.000175901
-84 31.5 0.000174751
-83.5 31.5 0.000151017
-83 31.5 0.000148512
-82.5 31.5 0.000133277
-82 31.5 0.000145146
-81.5 31.5 0.000137007
-81 31.5 0.000156631
-119 32 4.2189e-05
-118.5 32 0.000109062
-118 32 0.000136632
-117.5 32 0.000133233
-117 32 0.000171666
-116.5 32 0.00011879
-116 32 5.35179e-05
-115.5 32 0.000158468
-115 32 0.000255594
-114.5 32 0.000186046
-114 32 0.000101435
-113.5 32 0.000129441
-113 32 2.85942e-05
-112.5 32 0.000137623
-112 32 0.00019658
-111.5 32 0.000150209
-111 32 0.000143562
-110.5 32 0.000127867
-110 32 0.0001643
-109.5 32 0.00015779
-109 32 0.000238355
-108.5 32 0.000213787
-108 32 0.000235278
-107.5 32 0.000188885
-107 32 2.80271e-05
-106.5 32 0.000186585
-106 32 0.000190277
-105.5 32 0.000259578
-105 32 0.000283058
-104.5 32 0.000372475
-104 32 0.00056056
-103.5 32 0.00038768
-103 32 0.000310516
-102.5 32 0.000290153
-102 32 0.000226491
-101.5 32 0.000270676
-101 32 0.000305585
-100.5 32 0.000266588
-100 32 0.000254317
-99.5 32 0.00025716
-99 32 0.000234035
-98.5 32 0.00025426
-98 32 0.000224005
-97.5 32 0.000238019
-97 32 0.000195961
-96.5 32 0.000247726
-96 32 0.000234514
-95.5 32 0.000227151
-95 32 0.000105148
-94.5 32 0.000211804
-94 32 0.000207037
-93.5 32 0.000246191
-93 32 0.000231662
-92.5 32 0.000256748
-92 32 0.000314756
-91.5 32 0.000239019
-91 32 0.000224403
-90.5 32 0.000178499
-90 32 6.22025e-05
-89.5 32 0.000152157
-89 32 0.000142938
-88.5 32 0.000159454
-88 32 0.000135844
-87.5 32 0.000183375
-87 32 0.000217112
-86.5 32 0.000199142
-86 32 0.000156422
-85.5 32 0.000179916
-85 32 0.00016202
-84.5 32 0.000178402
-84 32 0.000194807
-83.5 32 0.000176665
-83 32 0.000180408
-82.5 32 0.000160238
-82 32 0.000170279
-81.5 32 0.000153722
-81 32 0.000200603
-119 32.5 0.000113509
-118.5 32.5 0.000114489
-118 32.5 0.000137161
-117.5 32.5 0.000113359
-117 32.5 0.000121986
-116.5 32.5 8.85488e-05
-116 32.5 7.40376e-05
-115.5 32.5 0.000125109
-115 32.5 0.000194538
-114.5 32.5 0.000187314
-114 32.5 0.000231188
-113.5 32.5 0.000160441
-113 32.5 0.000136712
-112.5 32.5 0.000127966
-112 32.5 0.000142079
-111.5 32.5 0.000122835
-111 32.5 0.000130568
-110.5 32.5 9.2898e-05
-110 32.5 9.68306e-05
-109.5 32.5 0.000102035
-109 32.5 0.0001797
-108.5 32.5 0.000179321
-108 32.5 0.000269048
-107.5 32.5 0.000204604
-107 32.5 0.000216797
-106.5 32.5 0.000213276
-106 32.5 0.000274292
-105.5 32.5 0.000239576
-105 32.5 0.000263351
-104.5 32.5 0.00032108
-104 32.5 0.000443716
-103.5 32.5 0.000355611
-103 32.5 0.000326546
-102.5 32.5 0.000272378
-102 32.5 0.000253824
-101.5 32.5 0.000245126
-101 32.5 0.000271577
-100.5 32.5 0.000244705
-100 32.5 0.000260056
-99.5 32.5 0.000243983
-99 32.5 0.000265741
-98.5 32.5 0.000249509
-98 32.5 0.000274817
-97.5 32.5 0.000242846
-97 32.5 0.000257494
-96.5 32.5 0.000250017
-96 32.5 0.0002792
-95.5 32.5 0.000249519
-95 32.5 0.00025364
-94.5 32.5 0.000242766
-94 32.5 0.000279589
-93.5 32.5 0.000230373
-93 32.5 0.000224377
-92.5 32.5 0.000191818
-92 32.5 0.000196312
-91.5 32.5 0.000175739
-91 32.5 0.000195699
-90.5 32.5 0.000170396
-90 32.5 0.000191513
-89.5 32.5 0.000165163
-89 32.5 0.000182091
-88.5 32.5 0.000149643
-88 32.5 0.000147503
-87.5 32.5 0.000170547
-87 32.5 0.000214986
-86.5 32.5 0.000190572
-86 32.5 0.000185872
-85.5 32.5 0.000163242
-85 32.5 0.000156903
-84.5 32.5 0.000151446
-84 32.5 0.000165274
-83.5 32.5 0.000161528
-83 32.5 0.000184607
-82.5 32.5 0.000144858
-82 32.5 0.000127002
-81.5 32.5 0.000122918
-81 32.5 0.000127457
-119 33 0.000142368
-118.5 33 0.000146266
-118 33 0.000125381
-117.5 33 0.000122548
-117 33 6.41472e-05
-116.5 33 8.22782e-05
-116 33 -1.09874e-05
-115.5 33 0.000123097
-115 33 0.000147224
-114.5 33 0.000223303
-114 33 0.000413777
-113.5 33 0.000223981
-113 33 0.000177599
-112.5 33 0.000155999
-112 33 5.32574e-05
-111.5 33 0.000136771
-111 33 8.8512e-05
-110.5 33 9.80622e-05
-110 33 -5.06511e-05
-109.5 33 8.82576e-05
-109 33 0.0001041
-108.5 33 0.000198608
-108 33 0.000344959
-107.5 33 0.000281836
-107 33 0.000313112
-106.5 33 0.000309817
-106 33 0.000330778
-105.5 33 0.00028476
-105 33 0.000116471
-104.5 33 0.000333357
-104 33 0.000429398
-103.5 33 0.000387869
-103 33 0.000291516
-102.5 33 0.000309181
-102 33 0.000201966
-101.5 33 0.000269156
-101 33 0.000223155
-100.5 33 0.000266814
-100 33 0.000235277
-99.5 33 0.000277591
-99 33 0.000264226
-98.5 33 0.000295372
-98 33 0.000306432
-97.5 33 0.000293801
-97 33 0.000270388
-96.5 33 0.000302901
-96 33 0.000307284
-95.5 33 0.000321539
-95 33 0.000347634
-94.5 33 0.000324138
-94 33 0.00035211
-93.5 33 0.000268667
-93 33 0.000161662
-92.5 33 0.000177945
-92 33 2.502e-05
-91.5 33 0.000161424
-91 33 0.000131816
-90.5 33 0.000213689
-90 33 0.000288175
-89.5 33 0.00022434
-89 33 0.000199249
-88.5 33 0.000179303
-88 33 8.01229e-05
-87.5 33 0.000195735
-87 33 0.000222838
-86.5 33 0.000217207
-86 33 0.000188527
-85.5 33 0.000173964
-85 33 0.000116584
-84.5 33 0.000143586
-84 33 0.000122442
-83.5 33 0.000164209
-83 33 0.000216269
-82.5 33 0.000142762
-82 33 5.60944e-05
-81.5 33 9.6808e-05
-81 33 5.89548e-05
-119 33.5 0.000177855
-118.5 33.5 0.000162657
-118 33.5 0.000182401
-117.5 33.5 0.000130619
-117 33.5 9.87157e-05
-116.5 33.5 0.000104481
-116 33.5 0.00013045
-115.5 33.5 0.000138348
-115 33.5 0.000168947
-114.5 33.5 0.000149354
-114 33.5 0.000159502
-113.5 33.5 0.00015415
-113 33.5 0.000207813
-112.5 33.5 0.000169154
-112 33.5 0.000192876
-111.5 33.5 0.000172187
-111 33.5 0.000199694
-110.5 33.5 0.000134361
-110 33.5 9.97929e-05
-109.5 33.5 6.86267e-05
-109 33.5 6.31471e-05
-108.5 33.5 0.000103798
-108 33.5 0.000202214
-107.5 33.5 0.000208723
-107 33.5 0.000314437
-106.5 33.5 0.000286018
-106 33.5 0.000366726
-105.5 33.5 0.000288236
-105 33.5 0.000298538
-104.5 33.5 0.000313926
-104 33.5 0.000392565
-103.5 33.5 0.000363531
-103 33.5 0.000391201
-102.5 33.5 0.000329279
-102 33.5 0.000325936
-101.5 33.5 0.000278559
-101 33.5 0.000279348
-100.5 33.5 0.000260026
-100 33.5 0.00028458
-99.5 33.5 0.000270391
-99 33.5 0.000306192
-98.5 33.5 0.000278665
-98 33.5 0.000303345
-97.5 33.5 0.000278036
-97 33.5 0.000306136
-96.5 33.5 0.000298309
-96 33.5 0.000342794
-95.5 33.5 0.000311341
-95 33.5 0.000343635
-94.5 33.5 0.000294552
-94 33.5 0.00032078
-93.5 33.5 0.000242044
-93 33.5 0.000223628
-92.5 33.5 0.000187262
-92 33.5 0.000185125
-91.5 33.5 0.000173419
-91 33.5 0.000185645
-90.5 33.5 0.000194937
-90 33.5 0.000247205
-89.5 33.5 0.000202925
-89 33.5 0.000206108
-88.5 33.5 0.00019704
-88 33.5 0.000225834
-87.5 33.5 0.000222677
-87 33.5 0.00025334
-86.5 33.5 0.000219699
-86 33.5 0.000214365
-85.5 33.5 0.000175338
-85 33.5 0.000152274
-84.5 33.5 0.000133899
-84 33.5 0.000125347
-83.5 33.5 0.000137054
-83 33.5 0.000163917
-82.5 33.5 0.000127176
-82 33.5 0.000104431
-81.5 33.5 0.000102146
-81 33.5 0.000101352
-119 34 0.000217328
-118.5 34 0.000196334
-118 34 0.000259451
-117.5 34 0.000162586
-117 34 5.78516e-05
-116.5 34 0.000154358
-116 34 0.000236689
-115.5 34 0.000189597
-115 34 0.000172134
-114.5 34 0.000111932
-114 34 -0.000147566
-113.5 34 0.000120683
-113 34 0.000253534
-112.5 34 0.000222983
-112 34 0.000308072
-111.5 34 0.000251838
-111 34 0.000320284
-110.5 34 0.000224971
-110 34 0.000155273
-109.5 34 0.000108555
-109 34 -0.000126973
-108.5 34 7.51967e-05
-108 34 1.96605e-05
-107.5 34 0.000207777
-107 34 0.000306118
-106.5 34 0.000343991
-106 34 0.000405454
-105.5 34 0.000376923
-105 34 0.0003504
-104.5 34 0.000381439
-104 34 0.000327729
-103.5 34 0.000430937
-103 34 0.000462972
-102.5 34 0.000427437
-102 34 0.000396457
-101.5 34 0.000357194
-101 34 0.000268877
-100.5 34 0.000318124
-100 34 0.000286281
-99.5 34 0.000329175
-99 34 0.00031777
-98.5 34 0.000332508
-98 34 0.000257011
-97.5 34 0.000332467
-97 34 0.000285947
-96.5 34 0.000364352
-96 34 0.000353125
-95.5 34 0.000367774
-95 34 0.000315336
-94.5 34 0.000330504
-94 34 0.00028731
-93.5 34 0.000277465
-93 34 0.00022108
-92.5 34 0.000256045
-92 34 0.000274306
-91.5 34 0.000243708
-91 34 0.000159343
-90.5 34 0.000228628
-90 34 0.000216809
-89.5 34 0.000225307
-89 34 0.000161978
-88.5 34 0.000253774
-88 34 0.000344575
-87.5 34 0.000283653
-87 34 0.000294384
-86.5 34 0.000251572
-86 34 0.00023174
-85.5 34 0.000201869
-85 34 0.000151209
-84.5 34 0.000142996
-84 34 8.23467e-05
-83.5 34 0.000129673
-83 34 0.000139167
-82.5 34 0.000129559
-82 34 0.000119979
-81.5 34 0.000115663
-81 34 0.000134901
-119 34.5 0.000170717
-118.5 34.5 0.000162719
-118 34.5 0.000199879
-117.5 34.5 0.000167062
-117 34.5 0.000179828
-116.5 34.5 0.0001706
-116 34.5 0.000207769
-115.5 34.5 0.000186447
-115 34.5 0.00021129
-114.5 34.5 0.000133394
-114 34.5 7.03961e-05
-113.5 34.5 0.000101448
-113 34.5 0.000141886
-112.5 34.5 0.000151721
-112 34.5 0.000205257
-111.5 34.5 0.000202532
-111 34.5 0.000262954
-110.5 34.5 0.000238732
-110 34.5 0.000289876
-109.5 34.5 0.000171863
-109 34.5 0.000120318
-108.5 34.5 8.60882e-05
-108 34.5 0.000105457
-107.5 34.5 0.000140716
-107 34.5 0.00025534
-106.5 34.5 0.000261761
-106 34.5 0.000380034
-105.5 34.5 0.000329044
-105 34.5 0.000399776
-104.5 34.5 0.000361129
-104 34.5 0.000431638
-103.5 34.5 0.000407912
-103 34.5 0.000481609
-102.5 34.5 0.000404206
-102 34.5 0.000422953
-101.5 34.5 0.000351701
-101 34.5 0.000361245
-100.5 34.5 0.000316804
-100 34.5 0.000338669
-99.5 34.5 0.000313484
-99 34.5 0.000355398
-98.5 34.5 0.000322767
-98 34.5 0.000359746
-97.5 34.5 0.000334641
-97 34.5 0.000384615
-96.5 34.5 0.000364852
-96 34.5 0.000425866
-95.5 34.5 0.00035244
-95 34.5 0.000353158
-94.5 34.5 0.000296382
-94 34.5 0.000297485
-93.5 34.5 0.00024916
-93 34.5 0.000251252
-92.5 34.5 0.000255666
-92 34.5 0.000319779
-91.5 34.5 0.000266466
-91 34.5 0.000280823
-90.5 34.5 0.000234046
-90 34.5 0.000245925
-89.5 34.5 0.000223337
-89 34.5 0.000250391
-88.5 34.5 0.000254782
-88 34.5 0.00031301
-87.5 34.5 0.000261221
-87 34.5 0.00025865
-86.5 34.5 0.000233395
-86 34.5 0.000244779
-85.5 34.5 0.000208503
-85 34.5 0.000202863
-84.5 34.5 0.000153376
-84 34.5 0.000126311
-83.5 34.5 0.000117737
-83 34.5 0.000124245
-82.5 34.5 0.0001082
-82 34.5 0.000111468
-81.5 34.5 0.00010101
-81 34.5 0.000108903
-119 35 0.000131812
-118.5 35 0.000138477
-118 35 0.00016844
-117.5 35 0.000186232
-117 35 0.000279974
-116.5 35 0.000205905
-116 35 0.000180419
-115.5 35 0.00021531
-115 35 0.000280225
-114.5 35 0.00020276
-114 35 0.000134055
-113.5 35 0.000134176
-113 35 -3.03439e-05
-112.5 35 0.000127533
-112 35 7.84991e-05
-111.5 35 0.000192517
-111 35 0.0002076
-110.5 35 0.000303653
-110 35 0.000479238
-109.5 35 0.000297596
-109 35 0.000236335
-108.5 35 0.000173364
-108 35 3.16347e-05
-107.5 35 0.000166653
-107 35 0.000134372
-106.5 35 0.000284157
-106 35 0.00032836
-105.5 35 0.000391129
-105 35 0.000376082
-104.5 35 0.000451953
-104 35 0.00045133
-103.5 35 0.00050288
-103 35 0.000475172
-102.5 35 0.000492706
-102 35 0.000393505
-101.5 35 0.000451075
-101 35 0.000378977
-100.5 35 0.000420191
-100 35 0.000308615
-99.5 35 0.000410699
-99 35 0.000322984
-98.5 35 0.000433154
-98 35 0.000378136
-97.5 35 0.000451712
-97 35 0.00041189
-96.5 35 0.000472085
-96 35 0.000488817
-95.5 35 0.000435858
-95 35 0.000321815
-94.5 35 0.000350346
-94 35 0.000245318
-93.5 35 0.000291942
-93 35 0.000192548
-92.5 35 0.000314555
-92 35 0.000382176
-91.5 35 0.000344799
-91 35 0.000377314
-90.5 35 0.000288223
-90 35 0.000234521
-89.5 35 0.000261204
-89 35 0.000299585
-88.5 35 0.000289107
-88 35 0.000324484
-87.5 35 0.00026665
-87 35 0.000202564
-86.5 35 0.000238067
-86 35 0.000265624
-85.5 35 0.000236113
-85 35 0.000264141
-84.5 35 0.000180563
-84 35 0.000128811
-83.5 35 0.000123882
-83 35 0.000101633
-82.5 35 0.000105369
-82 35 9.72227e-05
-81.5 35 9.49433e-05
-81 35 9.18933e-05
-119 35.5 7.54509e-05
-118.5 35.5 7.24423e-05
-118 35.5 9.50935e-05
-117.5 35.5 0.000132915
-117 35.5 0.000215147
-116.5 35.5 0.000179168
-116 35.5 0.000189731
-115.5 35.5 0.00018656
-115 35.5 0.000232139
-114.5 35.5 0.000214691
-114 35.5 0.000273928
-113.5 35.5 0.000190601
-113 35.5 0.000172101
-112.5 35.5 0.000151853
-112 35.5 0.000157421
-111.5 35.5 0.000174823
-111 35.5 0.000216566
-110.5 35.5 0.000256736
-110 35.5 0.000360893
-109.5 35.5 0.00027452
-109 35.5 0.000299358
-108.5 35.5 0.000189755
-108 35.5 0.000192605
-107.5 35.5 0.000145743
-107 35.5 0.000190934
-106.5 35.5 0.000210286
-106 35.5 0.00033435
-105.5 35.5 0.000325557
-105 35.5 0.000446255
-104.5 35.5 0.000405088
-104 35.5 0.000511498
-103.5 35.5 0.00045567
-103 35.5 0.000552201
-102.5 35.5 0.000454464
-102 35.5 0.000505029
-101.5 35.5 0.000431879
-101 35.5 0.000508585
-100.5 35.5 0.000417412
-100 35.5 0.000476001
-99.5 35.5 0.00041632
-99 35.5 0.000502936
-98.5 35.5 0.000438767
-98 35.5 0.000520828
-97.5 35.5 0.000446548
-97 35.5 0.00050712
-96.5 35.5 0.000441419
-96 35.5 0.000490767
-95.5 35.5 0.000409659
-95 35.5 0.000430586
-94.5 35.5 0.000350473
-94 35.5 0.00035855
-93.5 35.5 0.000304168
-93 35.5 0.000328665
-92.5 35.5 0.000308422
-92 35.5 0.000368386
-91.5 35.5 0.000303869
-91 35.5 0.000317183
-90.5 35.5 0.00024819
-90 35.5 0.000240653
-89.5 35.5 0.000227994
-89 35.5 0.000264877
-88.5 35.5 0.00024648
-88 35.5 0.000268383
-87.5 35.5 0.000227881
-87 35.5 0.000218056
-86.5 35.5 0.000205903
-86 35.5 0.000224554
-85.5 35.5 0.000200475
-85 35.5 0.000209301
-84.5 35.5 0.000159553
-84 35.5 0.000143035
-83.5 35.5 0.000107138
-83 35.5 9.55855e-05
-82.5 35.5 7.65297e-05
-82 35.5 7.37501e-05
-81.5 35.5 6.80851e-05
-81 35.5 7.28261e-05
-119 36 -1.23621e-05
-118.5 36 2.40905e-05
-118 36 -2.50105e-05
-117.5 36 9.81629e-05
-117 36 0.000211236
-116.5 36 0.000175639
-116 36 0.000167423
-115.5 36 0.000182349
-115 36 0.000178069
-114.5 36 0.000256685
-114 36 0.000468293
-113.5 36 0.000285661
-113 36 0.000306028
-112.5 36 0.000224727
-112 36 0.000150033
-111.5 36 0.000208747
-111 36 0.000141254
-110.5 36 0.000264028
-110 36 0.000301407
-109.5 36 0.000310533
-109 36 0.000353393
-108.5 36 0.000283705
-108 36 0.000234843
-107.5 36 0.000228469
-107 36 7.64885e-05
-106.5 36 0.000263714
-106 36 0.000233487
-105.5 36 0.00040308
-105 36 0.000422906
-104.5 36 0.000510471
-104 36 0.000463725
-103.5 36 0.00058305
-103 36 0.000537061
-102.5 36 0.00060901
-102 36 0.000478004
-101.5 36 0.000608905
-101 36 0.000549921
-100.5 36 0.000611513
-100 36 0.000521427
-99.5 36 0.000607341
-99 36 0.000588911
-98.5 36 0.000614783
-98 36 0.000585176
-97.5 36 0.000588285
-97 36 0.000522903
-96.5 36 0.000536709
-96 36 0.000439476
-95.5 36 0.000491825
-95 36 0.000487637
-94.5 36 0.00044034
-94 36 0.000407838
-93.5 36 0.000390154
-93 36 0.000401481
-92.5 36 0.000365351
-92 36 0.000364531
-91.5 36 0.000321018
-91 36 0.00024242
-90.5 36 0.000257308
-90 36 0.000180059
-89.5 36 0.00023672
-89 36 0.000213781
-88.5 36 0.000245774
-88 36 0.00020729
-87.5 36 0.000226778
-87 36 0.000189844
-86.5 36 0.000201765
-86 36 0.000180492
-85.5 36 0.00019098
-85 36 0.000167774
-84.5 36 0.000163321
-84 36 0.000138154
-83.5 36 0.000115424
-83 36 5.79828e-05
-82.5 36 7.56163e-05
-82 36 2.45287e-05
-81.5 36 5.69932e-05
-81 36 5.02642e-05
-119 36.5 6.76575e-06
-118.5 36.5 -1.67067e-05
-118 36.5 -3.29398e-05
-117.5 36.5 3.5024e-05
-117 36.5 0.000102878
-116.5 36.5 0.000121762
-116 36.5 0.000158763
-115.5 36.5 0.000139604
-115 36.5 0.000158242
-114.5 36.5 0.000177166
-114 36.5 0.000255582
-113.5 36.5 0.000220053
-113 36.5 0.000264591
-112.5 36.5 0.000231055
-112 36.5 0.000273498
-111.5 36.5 0.000239116
-111 36.5 0.000264275
-110.5 36.5 0.000242156
-110 36.5 0.000269283
-109.5 36.5 0.00023873
-109 36.5 0.000282606
-108.5 36.5 0.000247585
-108 36.5 0.000339515
-107.5 36.5 0.000240143
-107 36.5 0.000284603
-106.5 36.5 0.000256629
-106 36.5 0.000366214
-105.5 36.5 0.000359093
-105 36.5 0.000516157
-104.5 36.5 0.000447922
-104 36.5 0.000593167
-103.5 36.5 0.000504928
-103 36.5 0.000685373
-102.5 36.5 0.000525244
-102 36.5 0.000668264
-101.5 36.5 0.000529623
-98.5 36.5 0.000569313
-98 36.5 0.000652567
-97.5 36.5 0.000555833
-97 36.5 0.000613884
-96.5 36.5 0.000513868
-96 36.5 0.000541516
-95.5 36.5 0.000456205
-95 36.5 0.00047579
-94.5 36.5 0.000395941
-94 36.5 0.000414173
-93.5 36.5 0.000348565
-93 36.5 0.000371057
-92.5 36.5 0.000308441
-92 36.5 0.000312636
-91.5 36.5 0.000273334
-91 36.5 0.000278889
-90.5 36.5 0.000239277
-90 36.5 0.00023938
-89.5 36.5 0.000221425
-89 36.5 0.000242934
-88.5 36.5 0.000224348
-88 36.5 0.000239796
-87.5 36.5 0.000203114
-87 36.5 0.000195332
-86.5 36.5 0.000169109
-86 36.5 0.000168041
-85.5 36.5 0.000156104
-85 36.5 0.000167397
-84.5 36.5 0.000134315
-84 36.5 0.000131678
-83.5 36.5 9.96213e-05
-83 36.5 0.000100641
-82.5 36.5 7.01697e-05
-82 36.5 5.64147e-05
-81.5 36.5 4.40532e-05
-81 36.5 2.34858e-05
-119 37 -1.74364e-05
-118.5 37 -2.10414e-05
-118 37 -0.000157884
-117.5 37 1.31674e-05
-117 37 -1.80309e-05
-116.5 37 0.000107021
-116 37 0.00014659
-115.5 37 0.000129443
-115 37 7.89421e-05
-114.5 37 0.000132014
-114 37 6.54763e-05
-113.5 37 0.000189005
-113 37 0.000220257
-112.5 37 0.000275019
-112 37 0.000387869
-111.5 37 0.000315813
-111 37 0.000344169
-110.5 37 0.00027775
-110 37 0.00017589
-109.5 37 0.000238679
-109 37 0.00013783
-108.5 37 0.000292375
-108 37 0.000437449
-107.5 37 0.000350616
-107 37 0.000352506
-106.5 37 0.000382419
-106 37 0.000345186
-105.5 37 0.000478373
-105 37 0.000493307
-104.5 37 0.000593291
-104 37 0.000530817
-103.5 37 0.000700334
-103 37 0.000643859
-97 37 0.000618038
-96.5 37 0.000609829
-96 37 0.000554994
-95.5 37 0.000520157
-95 37 0.000391639
-94.5 37 0.000436633
-94 37 0.000356722
-93.5 37 0.000381562
-93 37 0.000295349
-92.5 37 0.000320782
-92 37 0.000195825
-91.5 37 0.000291986
-91 37 0.000263066
-90.5 37 0.000280199
-90 37 0.000234923
-89.5 37 0.000256568
-89 37 0.000235274
-88.5 37 0.000250264
-88 37 0.000251737
-87.5 37 0.000223394
-87 37 0.000159361
-86.5 37 0.000175198
-86 37 0.000112442
-85.5 37 0.000159165
-85 37 0.000150897
-84.5 37 0.000143063
-84 37 9.80125e-05
-83.5 37 0.000117831
-83 37 0.000121032
-82.5 37 0.00010173
-82 37 5.18221e-05
-81.5 37 5.43162e-05
-81 37 -4.88246e-05
-119 37.5 -3.40044e-06
-118.5 37.5 -5.11772e-06
-118 37.5 7.82076e-06
-117.5 37.5 4.48588e-05
-117 37.5 9.03391e-05
-116.5 37.5 9.49627e-05
-116 37.5 0.000109952
-115.5 37.5 8.97881e-05
-115 37.5 8.77519e-05
-114.5 37.5 8.57297e-05
-114 37.5 0.000106737
-113.5 37.5 0.000137514
-113 37.5 0.000208345
-112.5 37.5 0.000227472
-112 37.5 0.000307387
-111.5 37.5 0.000282305
-111 37.5 0.000323106
-110.5 37.5 0.0002607
-110 37.5 0.000254985
-109.5 37.5 0.000221518
-109 37.5 0.000246536
-108.5 37.5 0.000223675
-108 37.5 0.000285742
-107.5 37.5 0.000275142
-107 37.5 0.000395562
-106.5 37.5 0.00035601
-106 37.5 0.000487704
-105.5 37.5 0.000426787
-105 37.5 0.00057977
-104.5 37.5 0.000502603
-104 37.5 0.000724215
-103.5 37.5 0.000565158
-96.5 37.5 0.000582765
-96 37.5 0.000609723
-95.5 37.5 0.000507092
-95 37.5 0.000494287
-94.5 37.5 0.000427625
-94 37.5 0.00043575
-93.5 37.5 0.000370821
-93 37.5 0.000374303
-92.5 37.5 0.000320197
-92 37.5 0.000320867
-91.5 37.5 0.000295132
-91 37.5 0.000321356
-90.5 37.5 0.000278888
-90 37.5 0.000296991
-89.5 37.5 0.000245081
-89 37.5 0.000251778
-88.5 37.5 0.000224241
-88 37.5 0.000246844
-87.5 37.5 0.000205805
-87 37.5 0.000209551
-86.5 37.5 0.000166077
-86 37.5 0.000161589
-85.5 37.5 0.000141166
-85 37.5 0.000152221
-84.5 37.5 0.000120113
-84 37.5 0.000116563
-83.5 37.5 9.51246e-05
-83 37.5 0.000107759
-82.5 37.5 0.000103556
-82 37.5 0.000132987
-81.5 37.5 9.23797e-05
-81 37.5 5.7423e-05
-119 38 -6.22636e-05
-118.5 38 5.58992e-05
-118 38 9.25633e-05
-117.5 38 0.000124028
-117 38 0.000173607
-116.5 38 0.000126898
-116 38 4.09816e-05
-115.5 38 0.000100131
-115 38 2.25521e-05
-114.5 38 9.49682e-05
-114 38 6.162e-05
-113.5 38 0.000134862
-113 38 0.000162661
-112.5 38 0.000223394
-112 38 0.000236873
-111.5 38 0.00029353
-111 38 0.00030471
-110.5 38 0.000304147
-110 38 0.000245964
-109.5 38 0.000283885
-109 38 0.000254334
-108.5 38 0.000243342
-108 38 2.38069e-05
-107.5 38 0.000304787
-107 38 0.000355016
-106.5 38 0.000461864
-106 38 0.000517943
-105.5 38 0.000545241
-105 38 0.000478337
-104.5 38 0.000664074
-104 38 0.000671518
-96 38 0.000602748
-95.5 38 0.000579295
-95 38 0.000495757
-94.5 38 0.000496833
-94 38 0.000446324
-93.5 38 0.000431685
-93 38 0.000390543
-92.5 38 0.000385055
-92 38 0.000373133
-91.5 38 0.000357075
-91 38 0.000346629
-90.5 38 0.000329854
-90 38 0.000336954
-89.5 38 0.000276948
-89 38 0.000228601
-88.5 38 0.000240124
-88 38 0.000226075
-87.5 38 0.000232819
-87 38 0.00023339
-86.5 38 0.000197324
-86 38 0.000166877
-85.5 38 0.00016332
-85 38 0.000127172
-84.5 38 0.000143336
-84 38 8.73102e-05
-83.5 38 0.000111182
-83 38 5.26369e-05
-82.5 38 0.000141088
-82 38 0.000234886
-81.5 38 0.000147882
-81 38 0.00011933
-119 38.5 8.38397e-05
-118.5 38.5 0.000105859
-118 38.5 0.000175405
-117.5 38.5 0.000147746
-117 38.5 0.000174156
-116.5 38.5 0.00013164
-116 38.5 0.000131201
-115.5 38.5 0.000116728
-115 38.5 0.000145616
-114.5 38.5 8.7854e-05
-114 38.5 7.80275e-05
-113.5 38.5 8.99834e-05
-113 38.5 0.000143721
-112.5 38.5 0.00017907
-112 38.5 0.000255371
-111.5 38.5 0.000263399
-111 38.5 0.000330944
-110.5 38.5 0.000297153
-110 38.5 0.000355814
-109.5 38.5 0.000283432
-109 38.5 0.000321954
-108.5 38.5 0.000247983
-108 38.5 0.000275625
-107.5 38.5 0.000303062
-107 38.5 0.000445499
-106.5 38.5 0.000423527
-106 38.5 0.000563816
-105.5 38.5 0.000488349
-105 38.5 0.000621377
-104.5 38.5 0.000575581
-95.5 38.5 0.000580608
-95 38.5 0.000586887
-94.5 38.5 0.000499618
-94 38.5 0.000487594
-93.5 38.5 0.000419239
-93 38.5 0.000422113
-92.5 38.5 0.000371674
-92 38.5 0.000396636
-91.5 38.5 0.000340287
-91 38.5 0.000356865
-90.5 38.5 0.000299448
-90 38.5 0.000301427
-89.5 38.5 0.000241581
-89 38.5 0.000224606
-88.5 38.5 0.000209804
-88 38.5 0.000232423
-87.5 38.5 0.000203577
-87 38.5 0.000219914
-86.5 38.5 0.000170163
-86 38.5 0.000164327
-85.5 38.5 0.000149994
-85 38.5 0.000170316
-84.5 38.5 0.000146397
-84 38.5 0.000156795
-83.5 38.5 0.000113678
-83 38.5 0.000104865
-82.5 38.5 0.000134178
-82 38.5 0.000194731
-81.5 38.5 0.000159675
-81 38.5 0.000142442
-119 39 0.000154928
-118.5 39 0.000190557
-118 39 0.000269799
-117.5 39 0.000205505
-117 39 0.000169928
-116.5 39 0.000176115
-116 39 0.000164848
-115.5 39 0.000185098
-115 39 0.000254834
-114.5 39 0.00013242
-114 39 1.05325e-06
-113.5 39 9.60862e-05
-113 39 6.16892e-05
-112.5 39 0.000189118
-112 39 0.00025084
-111.5 39 0.000280042
-111 39 0.000353342
-110.5 39 0.000340501
-110 39 0.000463489
-109.5 39 0.000343272
-109 39 0.000353661
-108.5 39 0.000327685
-108 39 0.000378463
-107.5 39 0.00039725
-107 39 0.000471619
-106.5 39 0.000496135
-106 39 0.000538003
-105.5 39 0.000575879
-105 39 0.000544787
-95 39 0.000637562
-94.5 39 0.000564058
-94 39 0.000466568
-93.5 39 0.000463076
-93 39 0.000397947
-92.5 39 0.000409867
-92 39 0.000394333
-91.5 39 0.000372803
-91 39 0.000341444
-90.5 39 0.000318987
-90 39 0.00023821
-89.5 39 0.000253027
-89 39 0.000150672
-88.5 39 0.000227211
-88 39 0.000204879
-87.5 39 0.000223853
-87 39 0.000187269
-86.5 39 0.000185331
-86 39 0.000108733
-85.5 39 0.000178207
-85 39 0.00018327
-84.5 39 0.000196049
-84 39 0.00020518
-83.5 39 0.000148547
-83 39 8.01299e-05
-82.5 39 0.000153937
-82 39 0.000199573
-81.5 39 0.000182271
-81 39 0.000159036
-119 39.5 0.000212873
-118.5 39.5 0.000207973
-118 39.5 0.000257635
-117.5 39.5 0.000201958
-117 39.5 0.000196637
-116.5 39.5 0.000173648
-116 39.5 0.000200321
-115.5 39.5 0.000169865
-115 39.5 0.000194132
-114.5 39.5 0.000115146
-114 39.5 8.20945e-05
-113.5 39.5 9.26893e-05
-113 39.5 0.000136671
-112.5 39.5 0.000163822
-112 39.5 0.000230526
-111.5 39.5 0.000213034
-111 39.5 0.000243718
-110.5 39.5 0.000245848
-110 39.5 0.000313965
-109.5 39.5 0.000255085
-109 39.5 0.000280466
-108.5 39.5 0.000273458
-108 39.5 0.000366666
-107.5 39.5 0.000354773
-107 39.5 0.000447198
-106.5 39.5 0.000436262
-106 39.5 0.000535873
-105.5 39.5 0.000532727
-105 39.5 0.00068642
-95 39.5 0.000666859
-94.5 39.5 0.000565299
-94 39.5 0.000549093
-93.5 39.5 0.000461649
-93 39.5 0.000449154
-92.5 39.5 0.000390277
-92 39.5 0.000393287
-91.5 39.5 0.000343607
-91 39.5 0.000347018
-90.5 39.5 0.000303127
-90 39.5 0.000302302
-89.5 39.5 0.00025939
-89 39.5 0.000255829
-88.5 39.5 0.000229933
-88 39.5 0.000250456
-87.5 39.5 0.000207564
-87 39.5 0.000214695
-86.5 39.5 0.000177876
-86 39.5 0.000184864
-85.5 39.5 0.000187499
-85 39.5 0.000229639
-84.5 39.5 0.000202059
-84 39.5 0.00021311
-83.5 39.5 0.000150742
-83 39.5 0.000116572
-82.5 39.5 0.000153257
-82 39.5 0.000204947
-81.5 39.5 0.000189863
-81 39.5 0.000185847
-119 40 0.00024997
-118.5 40 0.00025309
-118 40 0.000262038
-117.5 40 0.000232999
-117 40 0.00017156
-116.5 40 0.00021087
-116 40 0.000201355
-115.5 40 0.000204861
-115 40 0.000122639
-114.5 40 0.000151691
-114 40 4.79726e-05
-113.5 40 0.000143975
-113 40 0.000140403
-112.5 40 0.00019614
-112 40 0.000191329
-111.5 40 0.000201297
-111 40 6.32813e-05
-110.5 40 0.000214293
-110 40 0.000151373
-109.5 40 0.000229186
-109 40 0.000121906
-108.5 40 0.000278546
-108 40 0.000311536
-107.5 40 0.00038404
-107 40 0.000362623
-106.5 40 0.000459655
-106 40 0.000446101
-105.5 40 0.00059137
-105 40 0.000705405
-95 40 0.000708768
-94.5 40 0.0006087
-94 40 0.000604958
-93.5 40 0.000503365
-93 40 0.000452609
-92.5 40 0.000417222
-92 40 0.000350233
-91.5 40 0.00036256
-91 40 0.000311385
-90.5 40 0.000336099
-90 40 0.000327899
-89.5 40 0.000310963
-89 40 0.000310682
-88.5 40 0.000278209
-88 40 0.000269085
-87.5 40 0.000237359
-87 40 0.000208542
-86.5 40 0.000207208
-86 40 0.00021262
-85.5 40 0.000229004
-85 40 0.000275779
-84.5 40 0.00024411
-84 40 0.000229175
-83.5 40 0.000178643
-83 40 6.13041e-05
-82.5 40 0.000182618
-82 40 0.000228308
-81.5 40 0.000214547
-81 40 0.000215017
-119 40.5 0.000279795
-118.5 40.5 0.000260335
-118 40.5 0.000291915
-117.5 40.5 0.000236311
-117 40.5 0.000224644
-116.5 40.5 0.000221725
-116 40.5 0.000266377
-115.5 40.5 0.000225895
-115 40.5 0.000227099
-114.5 40.5 0.000192562
-114 40.5 0.00019256
-113.5 40.5 0.000184595
-113 40.5 0.000209723
-112.5 40.5 0.000199698
-112 40.5 0.000207601
-111.5 40.5 0.000193394
-111 40.5 0.000190906
-110.5 40.5 0.000206604
-110 40.5 0.000233536
-109.5 40.5 0.00021253
-109 40.5 0.000204027
-108.5 40.5 0.000263612
-108 40.5 0.000356325
-107.5 40.5 0.000375346
-107 40.5 0.000444186
-106.5 40.5 0.000439754
-106 40.5 0.000499124
-105.5 40.5 0.000549926
-105 40.5 0.000718304
-95 40.5 0.000641392
-94.5 40.5 0.000554557
-94 40.5 0.000534425
-93.5 40.5 0.00046233
-93 40.5 0.000464371
-92.5 40.5 0.000397664
-92 40.5 0.000397295
-91.5 40.5 0.000351925
-91 40.5 0.000362829
-90.5 40.5 0.000327766
-90 40.5 0.000351041
-89.5 40.5 0.000301613
-89 40.5 0.000311657
-88.5 40.5 0.000261632
-88 40.5 0.00026432
-87.5 40.5 0.000212612
-87 40.5 0.000199175
-86.5 40.5 0.000188144
-86 40.5 0.000205348
-85.5 40.5 0.000218362
-85 40.5 0.000263189
-84.5 40.5 0.000237872
-84 40.5 0.000253613
-83.5 40.5 0.00019398
-83 40.5 0.00019005
-82.5 40.5 0.000201687
-82 40.5 0.000274983
-81.5 40.5 0.000210853
-81 40.5 0.000186532
-119 41 0.000323502
-118.5 41 0.000282641
-118 41 0.000339021
-117.5 41 0.000261225
-117 41 0.000221216
-116.5 41 0.000253821
-116 41 0.000335771
-115.5 41 0.000282026
-115 41 0.00029163
-114.5 41 0.000270164
-114 41 0.000276008
-113.5 41 0.000265955
-113 41 0.000226732
-112.5 41 0.00025828
-112 41 0.0001576
-111.5 41 0.000244475
-111 41 0.000218803
-110.5 41 0.000268259
-110 41 0.00025545
-109.5 41 0.000264914
-109 41 0.000144535
-108.5 41 0.000314281
-108 41 0.000354901
-107.5 41 0.0004383
-107 41 0.000471974
-106.5 41 0.000493061
-106 41 0.000441191
-105.5 41 0.000582841
-105 41 0.00069824
-95 41 0.000578395
-94.5 41 0.000536779
-94 41 0.00043685
-93.5 41 0.000455166
-93 41 0.000462034
-92.5 41 0.000413351
-92 41 0.000414137
-91.5 41 0.000378891
-91 41 0.000383356
-90.5 41 0.000356778
-90 41 0.000364172
-89.5 41 0.000324544
-89 41 0.000297157
-88.5 41 0.000283162
-88 41 0.000234578
-87.5 41 0.000231038
-87 41 0.000130121
-86.5 41 0.000204489
-86 41 0.000154278
-85.5 41 0.000239316
-85 41 0.000252882
-84.5 41 0.000264143
-84 41 0.000290732
-83.5 41 0.000226841
-83 41 0.000270056
-82.5 41 0.000239837
-82 41 0.000395182
-81.5 41 0.000214098
-81 41 0.000152948
-119 41.5 0.000241729
-118.5 41.5 0.000246959
-118 41.5 0.000287695
-117.5 41.5 0.000250724
-117 41.5 0.000246077
-116.5 41.5 0.00024642
-116 41.5 0.000284302
-115.5 41.5 0.000285224
-115 41.5 0.000335238
-114.5 41.5 0.000301876
-114 41.5 0.000342635
-113.5 41.5 0.000318238
-113 41.5 0.000377582
-112.5 41.5 0.00032857
-112 41.5 0.000347441
-111.5 41.5 0.000298794
-111 41.5 0.000307157
-110.5 41.5 0.000305917
-110 41.5 0.000361314
-109.5 41.5 0.000309779
-109 41.5 0.000325732
-108.5 41.5 0.000345751
-108 41.5 0.000447459
-107.5 41.5 0.000444072
-107 41.5 0.00053842
-106.5 41.5 0.000491608
-106 41.5 0.000540869
-105.5 41.5 0.000533416
-105 41.5 0.000616543
-104.5 41.5 0.000648127
-95.5 41.5 0.000609239
-95 41.5 0.00057118
-94.5 41.5 0.000499013
-94 41.5 0.000451507
-93.5 41.5 0.000404659
-93 41.5 0.000390367
-92.5 41.5 0.00036182
-92 41.5 0.000374612
-91.5 41.5 0.000340677
-91 41.5 0.000355521
-90.5 41.5 0.000319746
-90 41.5 0.00033832
-89.5 41.5 0.000296771
-89 41.5 0.000301951
-88.5 41.5 0.000273193
-88 41.5 0.000283851
-87.5 41.5 0.000239176
-87 41.5 0.000242434
-86.5 41.5 0.000223458
-86 41.5 0.000263102
-85.5 41.5 0.000247148
-85 41.5 0.000283543
-84.5 41.5 0.000241925
-84 41.5 0.000242659
-83.5 41.5 0.000174305
-83 41.5 0.000142789
-82.5 41.5 0.000162174
-82 41.5 0.000204718
-81.5 41.5 0.000149708
-81 41.5 8.84327e-05
-119 42 0.000167535
-118.5 42 0.000212138
-118 42 0.000276524
-117.5 42 0.000241519
-117 42 0.000258771
-116.5 42 0.000237458
-116 42 0.000238929
-115.5 42 0.000296639
-115 42 0.000411812
-114.5 42 0.000333074
-114 42 0.000427255
-113.5 42 0.000374318
-113 42 0.000569198
-112.5 42 0.000413986
-112 42 0.000545631
-111.5 42 0.00037599
-111 42 0.000348844
-110.5 42 0.00038279
-110 42 0.000475599
-109.5 42 0.000399027
-109 42 0.000431404
-108.5 42 0.000423627
-108 42 0.000530863
-107.5 42 0.000501558
-107 42 0.000613418
-106.5 42 0.000543266
-106 42 0.000583995
-105.5 42 0.000548361
-105 42 0.000436729
-104.5 42 0.000646787
-95.5 42 0.000620145
-95 42 0.000535454
-94.5 42 0.00050144
-94 42 0.000409277
-93.5 42 0.000389903
-93 42 0.000272627
-92.5 42 0.000343639
-92 42 0.000311468
-91.5 42 0.000337938
-91 42 0.000301583
-90.5 42 0.000318702
-90 42 0.000299605
-89.5 42 0.000297948
-89 42 0.000280396
-88.5 42 0.000301449
-88 42 0.000312509
-87.5 42 0.000283513
-87 42 0.000317136
-86.5 42 0.000265335
-86 42 0.000367736
-85.5 42 0.000283736
-85 42 0.000318888
-84.5 42 0.000256094
-84 42 0.000193919
-83.5 42 0.000151647
-83 42 -7.26131e-05
-82.5 42 0.000118204
-82 42 4.69245e-05
-81.5 42 0.000107136
-81 42 -4.46751e-05
-119 42.5 9.87915e-05
-118.5 42.5 0.000163967
-118 42.5 0.00022825
-117.5 42.5 0.000204053
-117 42.5 0.000193965
-116.5 42.5 0.000202284
-116 42.5 0.000247547
-115.5 42.5 0.000258303
-115 42.5 0.000326957
-114.5 42.5 0.000267782
-114 42.5 0.000277605
-113.5 42.5 0.000300577
-113 42.5 0.000404899
-112.5 42.5 0.000350292
-112 42.5 0.000396494
-111.5 42.5 0.000346317
-111 42.5 0.000412376
-110.5 42.5 0.000371397
-110 42.5 0.000452993
-109.5 42.5 0.000374253
-109 42.5 0.000412389
-108.5 42.5 0.000382922
-108 42.5 0.000450139
-107.5 42.5 0.000431479
-107 42.5 0.000490562
-106.5 42.5 0.00048252
-106 42.5 0.000550986
-105.5 42.5 0.000514048
-105 42.5 0.000555689
-104.5 42.5 0.000583749
-104 42.5 0.000712718
-96 42.5 0.000648502
-95.5 42.5 0.00058872
-95 42.5 0.000573246
-94.5 42.5 0.000494524
-94 42.5 0.000442118
-93.5 42.5 0.000379648
-93 42.5 0.000333022
-92.5 42.5 0.000327745
-92 42.5 0.000344499
-91.5 42.5 0.000315613
-91 42.5 0.000320363
-90.5 42.5 0.000284467
-90 42.5 0.000282296
-89.5 42.5 0.000267104
-89 42.5 0.000282841
-88.5 42.5 0.000291495
-88 42.5 0.000338596
-87.5 42.5 0.000257042
-87 42.5 0.000222471
-86.5 42.5 0.000203323
-86 42.5 0.00022867
-85.5 42.5 0.000230303
-85 42.5 0.000265535
-84.5 42.5 0.000225828
-84 42.5 0.000213652
-83.5 42.5 0.000157461
-83 42.5 0.000122153
-82.5 42.5 0.000140908
-82 42.5 0.00016343
-81.5 42.5 0.000132653
-81 42.5 8.38729e-05
-119 43 -3.52759e-05
-118.5 43 0.000128889
-118 43 0.00022835
-117.5 43 0.000177953
-117 43 0.000105594
-116.5 43 0.000173625
-116 43 0.000262608
-115.5 43 0.000227382
-115 43 0.000312259
-114.5 43 0.000203179
-114 43 0.000100718
-113.5 43 0.000229559
-113 43 0.000319836
-112.5 43 0.000296933
-112 43 0.000270884
-111.5 43 0.000335146
-111 43 0.000491734
-110.5 43 0.000390838
-110 43 0.000469993
-109.5 43 0.00038568
-109 43 0.000367032
-108.5 43 0.000382783
-108 43 0.000349204
-107.5 43 0.00041106
-107 43 0.000333017
-106.5 43 0.000466873
-106 43 0.000505291
-105.5 43 0.00053878
-105 43 0.000564848
-104.5 43 0.000597718
-104 43 0.000645838
-103.5 43 0.000646232
-103 43 0.000660113
-97 43 0.000619115
-96.5 43 0.000603804
-96 43 0.000566084
-95.5 43 0.00057305
-95 43 0.000618419
-94.5 43 0.000512976
-94 43 0.000440938
-93.5 43 0.000399455
-93 43 0.000318731
-92.5 43 0.000343494
-92 43 0.000355493
-91.5 43 0.00032943
-91 43 0.000307999
-90.5 43 0.000287511
-90 43 0.000225922
-89.5 43 0.000265707
-89 43 0.000242508
-88.5 43 0.000317598
-88 43 0.000396747
-87.5 43 0.000264593
-87 43 6.15849e-05
-86.5 43 0.000170958
-86 43 4.9795e-05
-85.5 43 0.000215321
-85 43 0.000205873
-84.5 43 0.000232113
-84 43 0.000215417
-83.5 43 0.000198358
-83 43 0.000234637
-82.5 43 0.000203347
-82 43 0.000284025
-81.5 43 0.00018204
-81 43 0.000150802
-119 43.5 3.20162e-05
-118.5 43.5 9.29285e-05
-118 43.5 0.000186741
-117.5 43.5 0.000130093
-117 43.5 0.000106623
-116.5 43.5 0.000102254
-116 43.5 0.000125135
-115.5 43.5 0.000119905
-115 43.5 0.00012726
-114.5 43.5 0.000102138
-114 43.5 7.45984e-05
-113.5 43.5 0.000129448
-113 43.5 0.000195456
-112.5 43.5 0.000185194
-112 43.5 0.000212749
-111.5 43.5 0.000217198
-111 43.5 0.000283405
-110.5 43.5 0.000270723
-110 43.5 0.000314575
-109.5 43.5 0.000307404
-109 43.5 0.000330094
-108.5 43.5 0.000344504
-108 43.5 0.00037792
-107.5 43.5 0.000386712
-107 43.5 0.000412136
-106.5 43.5 0.000430579
-106 43.5 0.00049053
-105.5 43.5 0.000492066
-105 43.5 0.000577746
-104.5 43.5 0.000511864
-104 43.5 0.000541062
-103.5 43.5 0.00051168
-103 43.5 0.000559113
-102.5 43.5 0.000566149
-102 43.5 0.000621769
-98 43.5 0.000609571
-97.5 43.5 0.000579048
-97 43.5 0.000541833
-96.5 43.5 0.000528983
-96 43.5 0.000518392
-95.5 43.5 0.000516275
-95 43.5 0.000539986
-94.5 43.5 0.000495061
-94 43.5 0.00048908
-93.5 43.5 0.000405382
-93 43.5 0.000364856
-92.5 43.5 0.000331069
-92 43.5 0.00034442
-91.5 43.5 0.000303908
-91 43.5 0.000304682
-90.5 43.5 0.000267559
-90 43.5 0.000256413
-89.5 43.5 0.000252925
-89 43.5 0.00027495
-88.5 43.5 0.000303425
-88 43.5 0.000373694
-87.5 43.5 0.000253008
-87 43.5 0.000171678
-86.5 43.5 0.000177553
-86 43.5 0.000213942
-85.5 43.5 0.00022629
-85 43.5 0.000266053
-84.5 43.5 0.000226016
-84 43.5 0.0002034
-83.5 43.5 0.000184851
-83 43.5 0.000197685
-82.5 43.5 0.000184092
-82 43.5 0.0002301
-81.5 43.5 0.000179525
-81 43.5 0.00018432
-119 44 9.86122e-06
-118.5 44 8.86702e-05
-118 44 0.000202095
-117.5 44 0.000115299
-117 44 5.32489e-05
-116.5 44 6.26229e-05
-116 44 -4.10754e-05
-115.5 44 5.36428e-05
-115 44 -8.70735e-05
-114.5 44 4.8561e-05
-114 44 -6.31385e-05
-113.5 44 8.73707e-05
-113 44 4.15725e-05
-112.5 44 0.00013755
-112 44 8.18476e-05
-111.5 44 0.000157593
-111 44 3.21432e-05
-110.5 44 0.00021338
-110 44 0.000106541
-109.5 44 0.000287608
-109 44 0.000225499
-108.5 44 0.000362166
-108 44 0.000348254
-107.5 44 0.00042078
-107 44 0.000425123
-106.5 44 0.000437815
-106 44 0.000432095
-105.5 44 0.000496063
-105 44 0.000583735
-104.5 44 0.000486862
-104 44 0.000357374
-103.5 44 0.00044471
-103 44 0.0003684
-102.5 44 0.000512298
-102 44 0.000478342
-101.5 44 0.000585142
-101 44 0.000613005
-100.5 44 0.00064588
-100 44 0.000645921
-99.5 44 0.000636231
-99 44 0.000536157
-98.5 44 0.000581444
-98 44 0.000553683
-97.5 44 0.000535531
-97 44 0.0004044
-96.5 44 0.000482877
-96 44 0.000432161
-95.5 44 0.000473875
-95 44 0.000481268
-94.5 44 0.000487364
-94 44 0.000563753
-93.5 44 0.000423692
-93 44 0.000373823
-92.5 44 0.000334491
-92 44 0.000327458
-91.5 44 0.00030433
-91 44 0.000279033
-90.5 44 0.000277712
-90 44 0.000240435
-89.5 44 0.000266625
-89 44 0.000258278
-88.5 44 0.000318797
-88 44 0.000423307
-87.5 44 0.000278125
-87 44 0.000173062
-86.5 44 0.000216456
-86 44 0.000349094
-85.5 44 0.000269266
-85 44 0.00033905
-84.5 44 0.000251439
-84 44 0.00014524
-83.5 44 0.000199898
-83 44 0.000128966
-82.5 44 0.000188301
-82 44 0.000209585
-81.5 44 0.000183329
-81 44 0.000233141
-119 44.5 -1.87504e-05
-118.5 44.5 2.62059e-05
-118 44.5 7.8104e-05
-117.5 44.5 5.27184e-05
-117 44.5 1.38006e-05
-116.5 44.5 2.44737e-05
-116 44.5 1.57392e-05
-115.5 44.5 3.02263e-05
-115 44.5 2.24718e-05
-114.5 44.5 3.57158e-05
-114 44.5 4.62893e-05
-113.5 44.5 5.41507e-05
-113 44.5 6.76328e-05
-112.5 44.5 7.78957e-05
-112 44.5 8.65911e-05
-111.5 44.5 0.000105793
-111 44.5 0.000108445
-110.5 44.5 0.000202566
-110 44.5 0.000269109
-109.5 44.5 0.00031105
-109 44.5 0.000349464
-108.5 44.5 0.000389723
-108 44.5 0.000459338
-107.5 44.5 0.000426461
-107 44.5 0.000454781
-106.5 44.5 0.000396455
-106 44.5 0.000402675
-105.5 44.5 0.000423777
-105 44.5 0.000505787
-104.5 44.5 0.000400864
-104 44.5 0.000339308
-103.5 44.5 0.000363617
-103 44.5 0.000411309
-102.5 44.5 0.000450621
-102 44.5 0.000517426
-101.5 44.5 0.000508237
-101 44.5 0.000544274
-100.5 44.5 0.000565378
-100 44.5 0.000630681
-99.5 44.5 0.000573589
-99 44.5 0.000534897
-98.5 44.5 0.000521774
-98 44.5 0.000520588
-97.5 44.5 0.000501431
-97 44.5 0.000497343
-96.5 44.5 0.00045412
-96 44.5 0.000416359
-95.5 44.5 0.000420151
-95 44.5 0.000428146
-94.5 44.5 0.000434608
-94 44.5 0.00046449
-93.5 44.5 0.000385362
-93 44.5 0.000341428
-92.5 44.5 0.000297325
-92 44.5 0.000287305
-91.5 44.5 0.000274953
-91 44.5 0.000298629
-90.5 44.5 0.000271973
-90 44.5 0.000278656
-89.5 44.5 0.000261741
-89 44.5 0.000276057
-88.5 44.5 0.000286041
-88 44.5 0.000330607
-87.5 44.5 0.000250903
-87 44.5 0.000204731
-86.5 44.5 0.00018867
-86 44.5 0.000207869
-85.5 44.5 0.000226825
-85 44.5 0.000293228
-84.5 44.5 0.000246539
-84 44.5 0.000259857
-83.5 44.5 0.000213772
-83 44.5 0.000237874
-82.5 44.5 0.000160167
-82 44.5 0.000117618
-81.5 44.5 0.000137395
-81 44.5 0.000167054
-119 45 -0.000159185
-118.5 45 1.87566e-05
-118 45 -6.37358e-05
-117.5 45 4.64681e-05
-117 45 -0.00011982
-116.5 45 4.15487e-05
-116 45 -9.4477e-06
-115.5 45 7.0267e-05
-115 45 4.61547e-05
-114.5 45 8.38047e-05
-114 45 7.14886e-05
-113.5 45 9.09885e-05
-113 45 1.24657e-06
-112.5 45 9.0162e-05
-112 45 -5.29367e-06
-111.5 45 0.00012942
-111 45 4.1943e-05
-110.5 45 0.00025981
-110 45 0.000384117
-109.5 45 0.000377666
-109 45 0.000416453
-108.5 45 0.000455916
-108 45 0.000572452
-107.5 45 0.000463877
-107 45 0.000479125
-106.5 45 0.000383141
-106 45 0.000288577
-105.5 45 0.000401371
-105 45 0.00045622
-104.5 45 0.000373567
-104 45 0.000176043
-103.5 45 0.000347385
-103 45 0.000367152
-102.5 45 0.000455643
-102 45 0.000519086
-101.5 45 0.000484563
-101 45 0.000408256
-100.5 45 0.000533595
-100 45 0.000633813
-99.5 45 0.00055796
-99 45 0.000470294
-98.5 45 0.000500687
-98 45 0.000456513
-97.5 45 0.000500534
-97 45 0.00057863
-96.5 45 0.000454518
-96 45 0.000340816
-95.5 45 0.000388376
-95 45 0.000350824
-94.5 45 0.000395548
-94 45 0.000408751
-93.5 45 0.000361311
-93 45 0.000279804
-92.5 45 0.000275272
-92 45 0.000217722
-91.5 45 0.000263836
-91 45 0.00031794
-90.5 45 0.000285829
-90 45 0.000296182
-89.5 45 0.000275642
-89 45 0.000257513
-88.5 45 0.000277918
-88 45 0.000269849
-87.5 45 0.000250638
-87 45 0.000177208
-86.5 45 0.000177981
-86 45 2.58458e-05
-85.5 45 0.000206281
-85 45 0.000277982
-84.5 45 0.000264089
-84 45 0.00036655
-83.5 45 0.000254014
-83 45 0.000354854
-82.5 45 0.000168449
-82 45 -5.02912e-05
-81.5 45 0.000104209
-81 45 0.000128113
-119 45.5 1.23084e-05
-118.5 45.5 6.49852e-05
-118 45.5 0.000105804
-117.5 45.5 0.0001056
-117 45.5 9.71615e-05
-116.5 45.5 9.65633e-05
-116 45.5 0.000117373
-115.5 45.5 0.000103362
-115 45.5 0.000137186
-114.5 45.5 0.000102237
-114 45.5 0.000121839
-113.5 45.5 0.000119702
-113 45.5 0.000149956
-112.5 45.5 0.000129622
-112 45.5 0.000111696
-111.5 45.5 0.000190313
-111 45.5 0.000284735
-110.5 45.5 0.000314887
-110 45.5 0.000399462
-109.5 45.5 0.000396854
-109 45.5 0.000468934
-108.5 45.5 0.00045191
-108 45.5 0.000518594
-107.5 45.5 0.000413917
-107 45.5 0.000376109
-106.5 45.5 0.000328382
-106 45.5 0.000312751
-105.5 45.5 0.000350874
-105 45.5 0.000411409
-104.5 45.5 0.000332539
-104 45.5 0.000285912
-103.5 45.5 0.000326179
-103 45.5 0.00041025
-102.5 45.5 0.000414551
-102 45.5 0.000469439
-101.5 45.5 0.000417087
-101 45.5 0.000412823
-100.5 45.5 0.000458623
-100 45.5 0.000549147
-99.5 45.5 0.000509089
-99 45.5 0.000502597
-98.5 45.5 0.000472559
-98 45.5 0.000454811
-97.5 45.5 0.000456428
-97 45.5 0.000484919
-96.5 45.5 0.000420855
-96 45.5 0.000391211
-95.5 45.5 0.000359535
-95 45.5 0.000338112
-94.5 45.5 0.000346519
-94 45.5 0.000354442
-93.5 45.5 0.000325542
-93 45.5 0.00030508
-92.5 45.5 0.000248449
-92 45.5 0.000199563
-91.5 45.5 0.000227808
-91 45.5 0.000274247
-90.5 45.5 0.00026061
-90 45.5 0.000292762
-89.5 45.5 0.000263977
-89 45.5 0.000285699
-88.5 45.5 0.000258638
-88 45.5 0.000251615
-87.5 45.5 0.000251244
-87 45.5 0.000257923
-86.5 45.5 0.000200927
-86 45.5 0.000135382
-85.5 45.5 0.000197339
-85 45.5 0.000244612
-84.5 45.5 0.000210212
-84 45.5 0.000186627
-83.5 45.5 0.000183212
-83 45.5 0.000197135
-82.5 45.5 0.000156312
-82 45.5 0.000100129
-81.5 45.5 0.000114421
-81 45.5 5.00694e-05
-119 46 8.42127e-05
-118.5 46 0.000151281
-118 46 0.000261725
-117.5 46 0.000197477
-117 46 0.000270408
-116.5 46 0.000177681
-116 46 0.000215928
-115.5 46 0.000161206
-115 46 0.000219376
-114.5 46 0.000145383
-114 46 0.000132461
-113.5 46 0.000181398
-113 46 0.000286239
-112.5 46 0.000208645
-112 46 0.000122863
-111.5 46 0.00028471
-111 46 0.00053088
-110.5 46 0.000379115
-110 46 0.000437317
-109.5 46 0.00042176
-109 46 0.000534499
-108.5 46 0.000460959
-108 46 0.000522244
-107.5 46 0.000378531
-107 46 0.000236638
-106.5 46 0.000303646
-106 46 0.000246292
-105.5 46 0.000349623
-105 46 0.000384115
-104.5 46 0.000336855
-104 46 0.000276037
-103.5 46 0.000344581
-103 46 0.000436159
-102.5 46 0.000416584
-102 46 0.000412554
-101.5 46 0.000399391
-101 46 0.000313979
-100.5 46 0.000427583
-100 46 0.000488565
-99.5 46 0.000498922
-99 46 0.000505804
-98.5 46 0.000483298
-98 46 0.000398614
-97.5 46 0.000440921
-97 46 0.000408001
-96.5 46 0.000410697
-96 46 0.000408825
-95.5 46 0.000356297
-95 46 0.000276212
-94.5 46 0.000324335
-94 46 0.00029193
-93.5 46 0.000315356
-93 46 0.000325575
-92.5 46 0.00023956
-92 46 0.000111337
-91.5 46 0.000205057
-91 46 0.000244818
-90.5 46 0.000241105
-90 46 0.00030789
-89.5 46 0.000250889
-89 46 0.000326035
-88.5 46 0.000249173
-88 46 0.000208339
-87.5 46 0.000265466
-87 46 0.00035552
-86.5 46 0.00024461
-86 46 0.000130129
-85.5 46 0.000220874
-85 46 0.000213811
-84.5 46 0.000183558
-84 46 -6.33899e-05
-83.5 46 0.000149919
-83 46 1.52079e-05
-82.5 46 0.000181043
-82 46 0.000185035
-81.5 46 0.000151468
-81 46 -0.00012103
-119 46.5 0.000177009
-118.5 46.5 0.000211993
-118 46.5 0.000274911
-117.5 46.5 0.000232066
-117 46.5 0.000247287
-116.5 46.5 0.000195787
-116 46.5 0.000200279
-115.5 46.5 0.000159275
-115 46.5 0.000153445
-114.5 46.5 0.000146458
-114 46.5 0.000159812
-113.5 46.5 0.000206893
-113 46.5 0.000285741
-112.5 46.5 0.000268476
-112 46.5 0.000311803
-111.5 46.5 0.00032455
-111 46.5 0.000421034
-110.5 46.5 0.000351572
-110 46.5 0.000355445
-109.5 46.5 0.000372597
-109 46.5 0.000452612
-108.5 46.5 0.000392278
-108 46.5 0.000379808
-107.5 46.5 0.0003195
-107 46.5 0.000257448
-106.5 46.5 0.000291649
-106 46.5 0.000327831
-105.5 46.5 0.000329425
-105 46.5 0.000375221
-104.5 46.5 0.000297663
-104 46.5 0.000279421
-103.5 46.5 0.000311871
-103 46.5 0.000394811
-102.5 46.5 0.000372906
-102 46.5 0.00038975
-101.5 46.5 0.000349755
-101 46.5 0.000353972
-100.5 46.5 0.000358672
-100 46.5 0.00040957
-99.5 46.5 0.000448676
-99 46.5 0.00052573
-98.5 46.5 0.000481547
-98 46.5 0.000464775
-97.5 46.5 0.00041863
-97 46.5 0.000383227
-96.5 46.5 0.000369942
-96 46.5 0.000372188
-95.5 46.5 0.000334517
-95 46.5 0.00031617
-94.5 46.5 0.000307218
-94 46.5 0.000295441
-93.5 46.5 0.000292157
-93 46.5 0.000276134
-92.5 46.5 0.00023351
-92 46.5 0.00017047
-91.5 46.5 0.000192473
-91 46.5 0.000177789
-90.5 46.5 0.000190849
-90 46.5 0.000169756
-89.5 46.5 0.000188651
-89 46.5 0.000197895
-88.5 46.5 0.000223008
-88 46.5 0.000258297
-87.5 46.5 0.00026225
-87 46.5 0.000305174
-86.5 46.5 0.000273573
-86 46.5 0.000322006
-85.5 46.5 0.000257682
-85 46.5 0.000259555
-84.5 46.5 0.0002091
-84 46.5 0.000184881
-83.5 46.5 0.000202563
-83 46.5 0.000232312
-82.5 46.5 0.000243161
-82 46.5 0.000292255
-81.5 46.5 0.000265895
-81 46.5 0.000277618
-119 47 0.000251843
-118.5 47 0.000263875
-118 47 0.000343445
-117.5 47 0.000251827
-117 47 0.000250542
-116.5 47 0.000212361
-116 47 0.00018973
-115.5 47 0.000167565
-115 47 6.46536e-05
-114.5 47 0.000161379
-114 47 0.000148912
-113.5 47 0.000243243
-113 47 0.000324238
-112.5 47 0.000329095
-112 47 0.000502986
-111.5 47 0.000353989
-111 47 0.000392061
-110.5 47 0.000320593
-110 47 0.000238393
-109.5 47 0.00033404
-109 47 0.000417151
-108.5 47 0.000339113
-108 47 0.000235184
-107.5 47 0.000286685
-107 47 0.000190695
-106.5 47 0.00031335
-106 47 0.000382219
-105.5 47 0.00033994
-105 47 0.000384991
-104.5 47 0.000284278
-104 47 0.00020284
-103.5 47 0.00030077
-103 47 0.000370144
-102.5 47 0.00036809
-102 47 0.000333273
-101.5 47 0.00035334
-101 47 0.000319802
-100.5 47 0.000330872
-100 47 0.000280893
-99.5 47 0.000432038
-99 47 0.000577408
-98.5 47 0.000511872
-98 47 0.000509674
-97.5 47 0.000429462
-97 47 0.000303035
-96.5 47 0.000358382
-96 47 0.000321512
-95.5 47 0.000334811
-95 47 0.000320521
-94.5 47 0.000315247
-94 47 0.000265189
-93.5 47 0.000296352
-93 47 0.000218542
-92.5 47 0.000246291
-92 47 0.000162487
-91.5 47 0.000206074
-91 47 7.20309e-05
-90.5 47 0.000164078
-90 47 -5.27008e-06
-89.5 47 0.000134337
-89 47 5.62579e-05
-88.5 47 0.000196056
-88 47 0.000334186
-87.5 47 0.000245498
-87 47 0.000302744
-86.5 47 0.000275065
-86 47 0.00058766
-85.5 47 0.000272833
-85 47 0.000338851
-84.5 47 0.000232787
-84 47 0.000401467
-83.5 47 0.000257716
-83 47 0.000459375
-82.5 47 0.000288351
-82 47 0.000451856
-81.5 47 0.000359636
-81 47 0.000717089
-119 47.5 0.000390152
-118.5 47.5 0.000286569
-118 47.5 0.000302497
-117.5 47.5 0.000236901
-117 47.5 0.000237834
-116.5 47.5 0.000212089
-116 47.5 0.000233679
-115.5 47.5 0.000183814
-115 47.5 0.000184707
-114.5 47.5 0.000192595
-114 47.5 0.000254366
-113.5 47.5 0.000263702
-113 47.5 0.000339423
-112.5 47.5 0.000315302
-112 47.5 0.000373626
-111.5 47.5 0.000307997
-111 47.5 0.000294216
-110.5 47.5 0.000273428
-110 47.5 0.000264971
-109.5 47.5 0.000271209
-109 47.5 0.000294229
-108.5 47.5 0.00026848
-108 47.5 0.000254937
-107.5 47.5 0.000278791
-107 47.5 0.000326857
-106.5 47.5 0.000323045
-106 47.5 0.000375474
-105.5 47.5 0.000285732
-105 47.5 0.000253816
-104.5 47.5 0.000223967
-104 47.5 0.000235826
-103.5 47.5 0.000268762
-103 47.5 0.000328325
-102.5 47.5 0.000337174
-102 47.5 0.000381767
-101.5 47.5 0.000314154
-101 47.5 0.000315154
-100.5 47.5 0.000266342
-100 47.5 0.000274606
-99.5 47.5 0.000381108
-99 47.5 0.00051605
-98.5 47.5 0.000494755
-98 47.5 0.000510116
-97.5 47.5 0.000424734
-97 47.5 0.0003787
-96.5 47.5 0.000345294
-96 47.5 0.000340247
-95.5 47.5 0.00031874
-95 47.5 0.000324995
-94.5 47.5 0.000317791
-94 47.5 0.000346495
-93.5 47.5 0.000315564
-93 47.5 0.000317758
-92.5 47.5 0.000278394
-92 47.5 0.000281665
-91.5 47.5 0.000256023
-91 47.5 0.000277387
-90.5 47.5 0.000204367
-90 47.5 0.000145922
-89.5 47.5 0.000139706
-89 47.5 0.000116546
-88.5 47.5 0.000171089
-88 47.5 0.000213588
-87.5 47.5 0.000187636
-87 47.5 0.000159179
-86.5 47.5 0.000178282
-86 47.5 0.000201024
-85.5 47.5 0.000183429
-85 47.5 0.000182481
-84.5 47.5 0.000185109
-84 47.5 0.000216199
-83.5 47.5 0.000220008
-83 47.5 0.000283265
-82.5 47.5 0.000238089
-82 47.5 0.000263486
-81.5 47.5 0.00031528
-81 47.5 0.000492817
-119 48 0.000673968
-118.5 48 0.000260735
-118 48 0.000324459
-117.5 48 0.000199032
-117 48 0.000246235
-116.5 48 0.000206652
-116 48 0.000316329
-115.5 48 0.000193898
-115 48 0.000298892
-114.5 48 0.000218057
-114 48 0.000382792
-113.5 48 0.000278867
-113 48 0.000398054
-112.5 48 0.000288041
-112 48 0.000300468
-111.5 48 0.000261029
-111 48 0.000182833
-110.5 48 0.000246883
-110 48 0.00025347
-109.5 48 0.000232362
-109 48 0.000166427
-108.5 48 0.000219115
-108 48 0.000233476
-107.5 48 0.000282556
-107 48 0.000469987
-106.5 48 0.000341996
-106 48 0.000409836
-105.5 48 0.000252905
-105 48 7.0728e-05
-104.5 48 0.000189003
-104 48 0.000221759
-103.5 48 0.000257297
-103 48 0.00027521
-102.5 48 0.000344553
-102 48 0.000428652
-101.5 48 0.000315045
-101 48 0.000269326
-100.5 48 0.000234367
-100 48 0.000161376
-99.5 48 0.000363565
-99 48 0.000506917
-98.5 48 0.000502162
-98 48 0.000534463
-97.5 48 0.000437754
-97 48 0.000415722
-96.5 48 0.000350325
-96 48 0.000342541
-95.5 48 0.000314334
-95 48 0.000319424
-94.5 48 0.000323059
-94 48 0.00045039
-93.5 48 0.000336835
-93 48 0.000436667
-92.5 48 0.000300061
-92 48 0.000410971
-91.5 48 0.000300408
-91 48 0.000533833
-90.5 48 0.00024682
-90 48 0.000264757
-89.5 48 0.000156487
-89 48 0.0001311
-88.5 48 0.000152183
-88 48 0.000130531
-87.5 48 0.000131984
-87 48 -1.04898e-05
-86.5 48 7.95763e-05
-86 48 -0.000158741
-85.5 48 8.40672e-05
-85 48 4.12066e-05
-84.5 48 0.000123032
-84 48 6.53127e-05
-83.5 48 0.000151841
-83 48 0.000192146
-82.5 48 0.000157897
-82 48 7.53968e-05
-81.5 48 0.000226227
-81 48 0.000484748
-119 48.5 0.000145737
-118.5 48.5 9.84151e-05
-118 48.5 5.4962e-05
-117.5 48.5 0.000114538
-117 48.5 0.000171137
-116.5 48.5 0.000157237
-116 48.5 0.000152326
-115.5 48.5 0.0001347
-115 48.5 0.000138113
-114.5 48.5 0.000165764
-114 48.5 0.000225109
-113.5 48.5 0.000217376
-113 48.5 0.000235048
-112.5 48.5 0.000212097
-112 48.5 0.000187918
-111.5 48.5 0.000212606
-111 48.5 0.00022124
-110.5 48.5 0.000222555
-110 48.5 0.000220724
-109.5 48.5 0.000188153
-109 48.5 0.000149851
-108.5 48.5 0.000166506
-108 48.5 0.000172976
-107.5 48.5 0.000233574
-107 48.5 0.000315049
-106.5 48.5 0.000284289
-106 48.5 0.000287837
-105.5 48.5 0.000197447
-105 48.5 0.000116948
-104.5 48.5 0.000150204
-104 48.5 0.000184705
-103.5 48.5 0.000231237
-103 48.5 0.000292261
-102.5 48.5 0.000315798
-102 48.5 0.000375552
-101.5 48.5 0.000250967
-101 48.5 0.000166106
-100.5 48.5 0.000171543
-100 48.5 0.000197263
-99.5 48.5 0.000334716
-99 48.5 0.000487815
-98.5 48.5 0.000476929
-98 48.5 0.000488731
-97.5 48.5 0.000408045
-97 48.5 0.000355837
-96.5 48.5 0.000321345
-96 48.5 0.00030938
-95.5 48.5 0.000288286
-95 48.5 0.000278899
-94.5 48.5 0.000285592
-94 48.5 0.00030897
-93.5 48.5 0.000293259
-93 48.5 0.000303174
-92.5 48.5 0.000249269
-92 48.5 0.00022583
-91.5 48.5 0.000241211
-91 48.5 0.000299311
-90.5 48.5 0.000201918
-90 48.5 0.000144393
-89.5 48.5 0.00014698
-89 48.5 0.000170188
-88.5 48.5 0.0001434
-88 48.5 0.000107827
-87.5 48.5 0.000111668
-87 48.5 8.29761e-05
-86.5 48.5 6.88779e-05
-86 48.5 -8.49978e-06
-85.5 48.5 6.39282e-05
-85 48.5 6.93075e-05
-84.5 48.5 0.000100549
-84 48.5 8.44286e-05
-83.5 48.5 0.000101247
-83 48.5 7.14822e-05
-82.5 48.5 9.13667e-05
-82 48.5 6.55958e-05
-81.5 48.5 0.000105095
-81 48.5 9.88665e-05
-119 49 -0.000350135
-118.5 49 -6.80289e-05
-118 49 -0.000280682
-117.5 49 3.76314e-05
-117 49 0.000126615
-116.5 49 0.000115867
-116 49 -1.96465e-05
-115.5 49 7.86752e-05
-115 49 -5.37949e-05
-114.5 49 0.000116251
-114 49 8.15498e-05
-113.5 49 0.000164931
-113 49 7.03539e-05
-112.5 49 0.000151891
-112 49 2.46914e-05
-111.5 49 0.000185638
-111 49 0.000242189
-110.5 49 0.000219764
-110 49 0.000175437
-109.5 49 0.000170057
-109 49 7.59875e-05
-108.5 49 0.000135905
-108 49 5.81094e-05
-107.5 49 0.000191599
-107 49 0.000192863
-106.5 49 0.00023892
-106 49 0.000179421
-105.5 49 0.000171738
-105 49 6.12169e-05
-104.5 49 0.000135661
-104 49 0.000110753
-103.5 49 0.000222052
-103 49 0.000292203
-102.5 49 0.000315003
-102 49 0.000370199
-101.5 49 0.000219648
-101 49 -4.55108e-05
-100.5 49 0.000138699
-100 49 0.000127397
-99.5 49 0.000331522
-99 49 0.000527578
-98.5 49 0.000472065
-98 49 0.000465077
-97.5 49 0.000392398
-97 49 0.000257769
-96.5 49 0.000306782
-96 49 0.000260013
-95.5 49 0.000275824
-95 49 0.000214179
-94.5 49 0.00025517
-94 49 0.000173975
-93.5 49 0.000251978
-93 49 0.000197159
-92.5 49 0.00019652
-92 49 2.72952e-06
-91.5 49 0.000176997
-91 49 0.000141012
-90.5 49 0.000150141
-90 49 -2.17314e-05
-89.5 49 0.000138479
-89 49 0.000231323
-88.5 49 0.000144605
-88 49 5.01308e-05
-87.5 49 0.000111266
-87 49 0.000157737
-86.5 49 8.69016e-05
-86 49 5.09289e-05
-85.5 49 6.80204e-05
-85 49 7.53711e-05
-84.5 49 9.15966e-05
-84 49 8.50978e-05
-83.5 49 6.09081e-05
-83 49 -8.45791e-05
-82.5 49 3.98675e-05
-82 49 1.38967e-05
-81.5 49 -2.70977e-06
-81 49 -0.000320735
