-119 25 3.27103
-118.5 25 3.25599
-118 25 3.25056
-117.5 25 3.24988
-117 25 3.26707
-116.5 25 3.278
-116 25 3.26053
-115.5 25 3.25166
-115 25 3.26024
-114.5 25 3.26892
-114 25 3.28482
-113.5 25 3.2868
-113 25 3.26638
-112.5 25 3.2596
-112 25 3.26319
-111.5 25 3.25955
-111 25 3.26041
-110.5 25 3.26612
-110 25 3.26378
-109.5 25 3.26092
-109 25 3.26026
-108.5 25 3.25924
-108 25 3.25871
-107.5 25 3.26055
-107 25 3.25626
-106.5 25 3.24855
-106 25 3.2494
-105.5 25 3.25617
-105 25 3.25207
-104.5 25 3.24287
-104 25 3.2448
-103.5 25 3.24919
-103 25 3.2491
-102.5 25 3.25099
-102 25 3.25057
-101.5 25 3.24065
-101 25 3.23342
-100.5 25 3.24027
-100 25 3.2343
-99.5 25 3.10784
-99 25 2.76497
-98.5 25 2.6878
-98 25 3.08477
-97.5 25 3.12803
-97 25 2.86298
-96.5 25 2.7813
-96 25 2.85872
-95.5 25 2.98481
-95 25 3.16124
-94.5 25 3.17269
-94 25 3.31081
-93.5 25 3.42534
-93 25 3.35071
-92.5 25 3.28248
-92 25 3.25896
-91.5 25 3.25035
-91 25 3.23796
-90.5 25 3.23615
-90 25 3.27562
-89.5 25 3.34228
-89 25 3.42394
-88.5 25 3.49587
-88 25 3.38929
-87.5 25 3.28343
-87 25 3.48069
-86.5 25 3.54207
-86 25 3.38382
-85.5 25 3.26941
-85 25 3.24945
-84.5 25 3.25305
-84 25 3.25973
-83.5 25 3.25897
-83 25 3.27735
-82.5 25 3.29676
-82 25 3.24997
-81.5 25 3.21613
-81 25 3.25301
-119 25.5 3.24863
-118.5 25.5 3.24587
-118 25.5 3.24517
-117.5 25.5 3.2497
-117 25.5 3.26124
-116.5 25.5 3.25027
-116 25.5 3.23351
-115.5 25.5 3.24747
-115 25.5 3.26132
-114.5 25.5 3.2713
-114 25.5 3.27853
-113.5 25.5 3.25181
-113 25.5 3.23118
-112.5 25.5 3.24899
-112 25.5 3.25514
-111.5 25.5 3.24339
-111 25.5 3.24233
-110.5 25.5 3.24725
-110 25.5 3.24284
-109.5 25.5 3.24431
-109 25.5 3.24436
-108.5 25.5 3.24299
-108 25.5 3.24159
-107.5 25.5 3.24506
-107 25.5 3.24148
-106.5 25.5 3.23721
-106 25.5 3.23943
-105.5 25.5 3.24353
-105 25.5 3.23768
-104.5 25.5 3.23825
-104 25.5 3.24486
-103.5 25.5 3.24204
-103 25.5 3.23581
-102.5 25.5 3.24205
-102 25.5 3.24593
-101.5 25.5 3.23545
-101 25.5 3.22694
-100.5 25.5 3.2376
-100 25.5 3.25136
-99.5 25.5 3.26245
-99 25.5 2.78884
-98.5 25.5 2.60024
-98 25.5 2.93044
-97.5 25.5 2.96798
-97 25.5 2.79519
-96.5 25.5 2.66769
-96 25.5 2.63187
-95.5 25.5 3.02414
-95 25.5 3.27114
-94.5 25.5 3.26435
-94 25.5 3.29674
-93.5 25.5 3.35936
-93 25.5 3.3242
-92.5 25.5 3.27558
-92 25.5 3.25003
-91.5 25.5 3.2434
-91 25.5 3.23287
-90.5 25.5 3.21615
-90 25.5 3.21706
-89.5 25.5 3.26013
-89 25.5 3.32198
-88.5 25.5 3.42946
-88 25.5 3.50675
-87.5 25.5 3.37354
-87 25.5 3.40537
-86.5 25.5 3.4422
-86 25.5 3.3542
-85.5 25.5 3.26663
-85 25.5 3.2465
-84.5 25.5 3.24679
-84 25.5 3.2543
-83.5 25.5 3.24283
-83 25.5 3.22554
-82.5 25.5 3.25089
-82 25.5 3.23374
-81.5 25.5 3.19833
-81 25.5 3.22811
-119 26 3.25378
-118.5 26 3.25072
-118 26 3.24336
-117.5 26 3.24638
-117 26 3.24702
-116.5 26 3.23663
-116 26 3.24568
-115.5 26 3.25946
-115 26 3.25734
-114.5 26 3.25992
-114 26 3.24617
-113.5 26 3.2242
-113 26 3.24129
-112.5 26 3.26056
-112 26 3.24363
-111.5 26 3.23215
-111 26 3.24433
-110.5 26 3.24751
-110 26 3.24199
-109.5 26 3.24303
-109 26 3.24238
-108.5 26 3.23912
-108 26 3.24004
-107.5 26 3.24233
-107 26 3.23638
-106.5 26 3.23333
-106 26 3.24058
-105.5 26 3.24387
-105 26 3.23733
-104.5 26 3.23741
-104 26 3.24367
-103.5 26 3.24012
-103 26 3.2351
-102.5 26 3.24098
-102 26 3.24309
-101.5 26 3.23565
-101 26 3.2343
-100.5 26 3.24725
-100 26 3.28225
-99.5 26 3.31763
-99 26 2.92757
-98.5 26 2.55397
-98 26 2.67846
-97.5 26 2.77794
-97 26 2.82122
-96.5 26 2.74463
-96 26 2.74139
-95.5 26 3.12031
-95 26 3.45333
-94.5 26 3.22594
-94 26 3.15363
-93.5 26 3.25359
-93 26 3.28809
-92.5 26 3.25942
-92 26 3.25215
-91.5 26 3.25364
-91 26 3.25184
-90.5 26 3.22529
-90 26 3.1979
-89.5 26 3.19276
-89 26 3.18484
-88.5 26 3.21876
-88 26 3.29549
-87.5 26 3.22713
-87 26 3.19707
-86.5 26 3.32713
-86 26 3.34188
-85.5 26 3.25008
-85 26 3.24093
-84.5 26 3.24029
-84 26 3.24228
-83.5 26 3.25259
-83 26 3.2377
-82.5 26 3.2364
-82 26 3.21342
-81.5 26 3.15397
-81 26 3.16329
-119 26.5 3.26329
-118.5 26.5 3.2483
-118 26.5 3.23911
-117.5 26.5 3.24694
-117 26.5 3.24763
-116.5 26.5 3.24793
-116 26.5 3.26015
-115.5 26.5 3.25144
-115 26.5 3.24186
-114.5 26.5 3.24499
-114 26.5 3.23242
-113.5 26.5 3.23559
-113 26.5 3.25849
-112.5 26.5 3.2511
-112 26.5 3.23314
-111.5 26.5 3.24396
-111 26.5 3.2586
-110.5 26.5 3.24812
-110 26.5 3.24282
-109.5 26.5 3.24718
-109 26.5 3.24693
-108.5 26.5 3.24173
-108 26.5 3.2425
-107.5 26.5 3.24216
-107 26.5 3.23635
-106.5 26.5 3.23719
-106 26.5 3.24623
-105.5 26.5 3.24478
-105 26.5 3.23817
-104.5 26.5 3.24074
-104 26.5 3.24679
-103.5 26.5 3.23945
-103 26.5 3.23472
-102.5 26.5 3.24251
-102 26.5 3.24661
-101.5 26.5 3.23812
-101 26.5 3.23477
-100.5 26.5 3.24096
-100 26.5 3.24403
-99.5 26.5 3.24815
-99 26.5 2.99097
-98.5 26.5 2.51671
-98 26.5 2.50321
-97.5 26.5 2.61837
-97 26.5 2.93134
-96.5 26.5 2.89628
-96 26.5 2.86253
-95.5 26.5 3.18215
-95 26.5 3.57595
-94.5 26.5 3.30494
-94 26.5 2.99153
-93.5 26.5 3.10817
-93 26.5 3.23849
-92.5 26.5 3.25157
-92 26.5 3.25663
-91.5 26.5 3.26287
-91 26.5 3.28282
-90.5 26.5 3.26037
-90 26.5 3.21665
-89.5 26.5 3.19446
-89 26.5 3.12738
-88.5 26.5 3.11754
-88 26.5 3.15649
-87.5 26.5 3.09056
-87 26.5 2.97116
-86.5 26.5 3.16058
-86 26.5 3.31465
-85.5 26.5 3.27116
-85 26.5 3.26093
-84.5 26.5 3.24872
-84 26.5 3.22783
-83.5 26.5 3.24321
-83 26.5 3.24226
-82.5 26.5 3.23271
-82 26.5 3.23039
-81.5 26.5 3.16738
-81 26.5 3.11865
-119 27 3.26491
-118.5 27 3.24742
-118 27 3.24812
-117.5 27 3.25515
-117 27 3.24724
-116.5 27 3.24758
-116 27 3.24864
-115.5 27 3.24006
-115 27 3.24883
-114.5 27 3.25262
-114 27 3.23996
-113.5 27 3.24254
-113 27 3.24763
-112.5 27 3.23976
-112 27 3.24403
-111.5 27 3.25741
-111 27 3.25149
-110.5 27 3.23914
-110 27 3.2464
-109.5 27 3.25209
-109 27 3.24457
-108.5 27 3.24099
-108 27 3.24613
-107.5 27 3.24478
-107 27 3.23616
-106.5 27 3.23764
-106 27 3.24612
-105.5 27 3.24487
-105 27 3.23844
-104.5 27 3.24036
-104 27 3.24234
-103.5 27 3.23689
-103 27 3.2375
-102.5 27 3.24547
-102 27 3.2442
-101.5 27 3.238
-101 27 3.24005
-100.5 27 3.23936
-100 27 3.20926
-99.5 27 3.08432
-99 27 2.81194
-98.5 27 2.48812
-98 27 2.35504
-97.5 27 2.49213
-97 27 2.74412
-96.5 27 3.00877
-96 27 3.16588
-95.5 27 3.12771
-95 27 3.38255
-94.5 27 3.36261
-94 27 3.14231
-93.5 27 3.13392
-93 27 3.2119
-92.5 27 3.23137
-92 27 3.23842
-91.5 27 3.23943
-91 27 3.26134
-90.5 27 3.29411
-90 27 3.28618
-89.5 27 3.31527
-89 27 3.28187
-88.5 27 3.13861
-88 27 3.11143
-87.5 27 3.14904
-87 27 3.11223
-86.5 27 3.14417
-86 27 3.24271
-85.5 27 3.23746
-85 27 3.23821
-84.5 27 3.26007
-84 27 3.24771
-83.5 27 3.24876
-83 27 3.24031
-82.5 27 3.2087
-82 27 3.21285
-81.5 27 3.19945
-81 27 3.15141
-119 27.5 3.26882
-118.5 27.5 3.25331
-118 27.5 3.25285
-117.5 27.5 3.24804
-117 27.5 3.23979
-116.5 27.5 3.2467
-116 27.5 3.24645
-115.5 27.5 3.24902
-115 27.5 3.26029
-114.5 27.5 3.25012
-114 27.5 3.24054
-113.5 27.5 3.24513
-113 27.5 3.24325
-112.5 27.5 3.24122
-112 27.5 3.25063
-111.5 27.5 3.25371
-111 27.5 3.24363
-110.5 27.5 3.24182
-110 27.5 3.25122
-109.5 27.5 3.24873
-109 27.5 3.24017
-108.5 27.5 3.24484
-108 27.5 3.25039
-107.5 27.5 3.24274
-107 27.5 3.23351
-106.5 27.5 3.23986
-106 27.5 3.24791
-105.5 27.5 3.24312
-105 27.5 3.23593
-104.5 27.5 3.24044
-104 27.5 3.24175
-103.5 27.5 3.23654
-103 27.5 3.23777
-102.5 27.5 3.24586
-102 27.5 3.24441
-101.5 27.5 3.23892
-101 27.5 3.23535
-100.5 27.5 3.2303
-100 27.5 3.18953
-99.5 27.5 2.99661
-99 27.5 2.71624
-98.5 27.5 2.49931
-98 27.5 2.37641
-97.5 27.5 2.45211
-97 27.5 2.60301
-96.5 27.5 3.00274
-96 27.5 3.37405
-95.5 27.5 3.23286
-95 27.5 3.24244
-94.5 27.5 3.31524
-94 27.5 3.26349
-93.5 27.5 3.22447
-93 27.5 3.25025
-92.5 27.5 3.24984
-92 27.5 3.2429
-91.5 27.5 3.23439
-91 27.5 3.22113
-90.5 27.5 3.26126
-90 27.5 3.27521
-89.5 27.5 3.35745
-89 27.5 3.53683
-88.5 27.5 3.32734
-88 27.5 3.09482
-87.5 27.5 3.17681
-87 27.5 3.28487
-86.5 27.5 3.24588
-86 27.5 3.2689
-85.5 27.5 3.24643
-85 27.5 3.20994
-84.5 27.5 3.23709
-84 27.5 3.24858
-83.5 27.5 3.25235
-83 27.5 3.2574
-82.5 27.5 3.22347
-82 27.5 3.20572
-81.5 27.5 3.21221
-81 27.5 3.19368
-119 28 3.2667
-118.5 28 3.25076
-118 28 3.24853
-117.5 28 3.24503
-117 28 3.25032
-116.5 28 3.25614
-116 28 3.24793
-115.5 28 3.24924
-115 28 3.24902
-114.5 28 3.24195
-114 28 3.25012
-113.5 28 3.25441
-113 28 3.24356
-112.5 28 3.23931
-112 28 3.24725
-111.5 28 3.25059
-111 28 3.24388
-110.5 28 3.24482
-110 28 3.25189
-109.5 28 3.24713
-109 28 3.24496
-108.5 28 3.2504
-108 28 3.24928
-107.5 28 3.24075
-107 28 3.23626
-106.5 28 3.24395
-106 28 3.24877
-105.5 28 3.24381
-105 28 3.24078
-104.5 28 3.24441
-104 28 3.2422
-103.5 28 3.23478
-103 28 3.24156
-102.5 28 3.24926
-102 28 3.24453
-101.5 28 3.23897
-101 28 3.23526
-100.5 28 3.19665
-100 28 3.13022
-99.5 28 3.0181
-99 28 2.84955
-98.5 28 2.67355
-98 28 2.58293
-97.5 28 2.62522
-97 28 2.72298
-96.5 28 2.84594
-96 28 3.02328
-95.5 28 3.09189
-95 28 3.18064
-94.5 28 3.31418
-94 28 3.33242
-93.5 28 3.25695
-93 28 3.26168
-92.5 28 3.26671
-92 28 3.2595
-91.5 28 3.25818
-91 28 3.24347
-90.5 28 3.23968
-90 28 3.21246
-89.5 28 3.20116
-89 28 3.40334
-88.5 28 3.41386
-88 28 3.22809
-87.5 28 3.20205
-87 28 3.26644
-86.5 28 3.24775
-86 28 3.25745
-85.5 28 3.27232
-85 28 3.24521
-84.5 28 3.24288
-84 28 3.24559
-83.5 28 3.24066
-83 28 3.25445
-82.5 28 3.24037
-82 28 3.22283
-81.5 28 3.24461
-81 28 3.24707
-119 28.5 3.26345
-118.5 28.5 3.25146
-118 28.5 3.2501
-117.5 28.5 3.25123
-117 28.5 3.25779
-116.5 28.5 3.25028
-116 28.5 3.24123
-115.5 28.5 3.24635
-115 28.5 3.24488
-114.5 28.5 3.25006
-114 28.5 3.25987
-113.5 28.5 3.25096
-113 28.5 3.24101
-112.5 28.5 3.24135
-112 28.5 3.24522
-111.5 28.5 3.24554
-111 28.5 3.24346
-110.5 28.5 3.25167
-110 28.5 3.25671
-109.5 28.5 3.24631
-109 28.5 3.24695
-108.5 28.5 3.25243
-108 28.5 3.24807
-107.5 28.5 3.23946
-107 28.5 3.2378
-106.5 28.5 3.24851
-106 28.5 3.25177
-105.5 28.5 3.24477
-105 28.5 3.24179
-104.5 28.5 3.24246
-104 28.5 3.23763
-103.5 28.5 3.22678
-103 28.5 3.23544
-102.5 28.5 3.24255
-102 28.5 3.24236
-101.5 28.5 3.24202
-101 28.5 3.23698
-100.5 28.5 3.18049
-100 28.5 3.10721
-99.5 28.5 3.09372
-99 28.5 3.05931
-98.5 28.5 2.92509
-98 28.5 2.85372
-97.5 28.5 2.85436
-97 28.5 2.89774
-96.5 28.5 2.81752
-96 28.5 2.78351
-95.5 28.5 2.88075
-95 28.5 3.03286
-94.5 28.5 3.22892
-94 28.5 3.32435
-93.5 28.5 3.26217
-93 28.5 3.25448
-92.5 28.5 3.2578
-92 28.5 3.23902
-91.5 28.5 3.21705
-91 28.5 3.20394
-90.5 28.5 3.17443
-90 28.5 3.17187
-89.5 28.5 3.13735
-89 28.5 3.19926
-88.5 28.5 3.31654
-88 28.5 3.28308
-87.5 28.5 3.2395
-87 28.5 3.26701
-86.5 28.5 3.25117
-86 28.5 3.22824
-85.5 28.5 3.25241
-85 28.5 3.25719
-84.5 28.5 3.25003
-84 28.5 3.24941
-83.5 28.5 3.24418
-83 28.5 3.26578
-82.5 28.5 3.26445
-82 28.5 3.23047
-81.5 28.5 3.25334
-81 28.5 3.29297
-119 29 3.2624
-118.5 29 3.25037
-118 29 3.24574
-117.5 29 3.24986
-117 29 3.25193
-116.5 29 3.24434
-116 29 3.25027
-115.5 29 3.25544
-115 29 3.25
-114.5 29 3.25269
-114 29 3.24872
-113.5 29 3.24264
-113 29 3.24663
-112.5 29 3.24763
-112 29 3.2467
-111.5 29 3.24341
-111 29 3.24442
-110.5 29 3.25464
-110 29 3.24746
-109.5 29 3.23817
-109 29 3.25145
-108.5 29 3.25561
-108 29 3.24418
-107.5 29 3.2405
-107 29 3.24906
-106.5 29 3.25578
-106 29 3.24614
-105.5 29 3.24003
-105 29 3.24126
-104.5 29 3.23023
-104 29 3.20669
-103.5 29 3.19564
-103 29 3.20811
-102.5 29 3.22578
-102 29 3.23163
-101.5 29 3.23462
-101 29 3.23737
-100.5 29 3.20189
-100 29 3.16192
-99.5 29 3.16567
-99 29 3.16141
-98.5 29 3.10122
-98 29 3.04036
-97.5 29 2.97991
-97 29 2.92435
-96.5 29 2.82597
-96 29 2.74841
-95.5 29 2.76492
-95 29 2.8957
-94.5 29 3.11092
-94 29 3.21407
-93.5 29 3.14761
-93 29 3.15349
-92.5 29 3.19674
-92 29 3.19977
-91.5 29 3.1089
-91 29 3.02544
-90.5 29 3.00842
-90 29 3.03212
-89.5 29 3.03654
-89 29 3.10725
-88.5 29 3.29687
-88 29 3.34185
-87.5 29 3.2346
-87 29 3.24582
-86.5 29 3.26134
-86 29 3.24131
-85.5 29 3.2393
-85 29 3.23844
-84.5 29 3.23173
-84 29 3.23316
-83.5 29 3.22811
-83 29 3.2624
-82.5 29 3.3094
-82 29 3.28123
-81.5 29 3.25952
-81 29 3.30409
-119 29.5 3.26173
-118.5 29.5 3.24805
-118 29.5 3.24261
-117.5 29.5 3.25317
-117 29.5 3.25428
-116.5 29.5 3.25206
-116 29.5 3.25936
-115.5 29.5 3.25205
-115 29.5 3.24597
-114.5 29.5 3.24616
-114 29.5 3.24133
-113.5 29.5 3.25042
-113 29.5 3.25748
-112.5 29.5 3.25142
-112 29.5 3.248
-111.5 29.5 3.23966
-111 29.5 3.24015
-110.5 29.5 3.24942
-110 29.5 3.24134
-109.5 29.5 3.24543
-109 29.5 3.25911
-108.5 29.5 3.25025
-108 29.5 3.24069
-107.5 29.5 3.25061
-107 29.5 3.25945
-106.5 29.5 3.25458
-106 29.5 3.23676
-105.5 29.5 3.23578
-105 29.5 3.23605
-104.5 29.5 3.20784
-104 29.5 3.17529
-103.5 29.5 3.17114
-103 29.5 3.18191
-102.5 29.5 3.20563
-102 29.5 3.2189
-101.5 29.5 3.22871
-101 29.5 3.24379
-100.5 29.5 3.22967
-100 29.5 3.21366
-99.5 29.5 3.22415
-99 29.5 3.22615
-98.5 29.5 3.20548
-98 29.5 3.15875
-97.5 29.5 3.05799
-97 29.5 2.94044
-96.5 29.5 2.84495
-96 29.5 2.77211
-95.5 29.5 2.74056
-95 29.5 2.7777
-94.5 29.5 2.94202
-94 29.5 3.06433
-93.5 29.5 3.00819
-93 29.5 2.98622
-92.5 29.5 3.02799
-92 29.5 3.11466
-91.5 29.5 3.01591
-91 29.5 2.85047
-90.5 29.5 2.83713
-90 29.5 2.90936
-89.5 29.5 2.95095
-89 29.5 2.98753
-88.5 29.5 3.1967
-88 29.5 3.36262
-87.5 29.5 3.27366
-87 29.5 3.23571
-86.5 29.5 3.23896
-86 29.5 3.22998
-85.5 29.5 3.2132
-85 29.5 3.20379
-84.5 29.5 3.19696
-84 29.5 3.21653
-83.5 29.5 3.22393
-83 29.5 3.23876
-82.5 29.5 3.29386
-82 29.5 3.31022
-81.5 29.5 3.28993
-81 29.5 3.31917
-119 30 3.27293
-118.5 30 3.25516
-118 30 3.25447
-117.5 30 3.26225
-117 30 3.25076
-116.5 30 3.24915
-116 30 3.2495
-115.5 30 3.24424
-115 30 3.25154
-114.5 30 3.25164
-114 30 3.2523
-113.5 30 3.2593
-113 30 3.25047
-112.5 30 3.24548
-112 30 3.24475
-111.5 30 3.23977
-111 30 3.25409
-110.5 30 3.25485
-110 30 3.23909
-109.5 30 3.24677
-109 30 3.25228
-108.5 30 3.24212
-108 30 3.25405
-107.5 30 3.26341
-107 30 3.26587
-106.5 30 3.25494
-106 30 3.23488
-105.5 30 3.22529
-105 30 3.20977
-104.5 30 3.19358
-104 30 3.18059
-103.5 30 3.1718
-103 30 3.18156
-102.5 30 3.19671
-102 30 3.19833
-101.5 30 3.20988
-101 30 3.23631
-100.5 30 3.25001
-100 30 3.26056
-99.5 30 3.27824
-99 30 3.28497
-98.5 30 3.25902
-98 30 3.20552
-97.5 30 3.11925
-97 30 3.00247
-96.5 30 2.89476
-96 30 2.82133
-95.5 30 2.78352
-95 30 2.78214
-94.5 30 2.81184
-94 30 2.83223
-93.5 30 2.81088
-93 30 2.77791
-92.5 30 2.77235
-92 30 2.84195
-91.5 30 2.91743
-91 30 2.83033
-90.5 30 2.73952
-90 30 2.81138
-89.5 30 2.92772
-89 30 2.9868
-88.5 30 3.07575
-88 30 3.18838
-87.5 30 3.19725
-87 30 3.18619
-86.5 30 3.19644
-86 30 3.18722
-85.5 30 3.1674
-85 30 3.14381
-84.5 30 3.13619
-84 30 3.16608
-83.5 30 3.21948
-83 30 3.24596
-82.5 30 3.2727
-82 30 3.28836
-81.5 30 3.28389
-81 30 3.31801
-119 30.5 3.28554
-118.5 30.5 3.25835
-118 30.5 3.25307
-117.5 30.5 3.24669
-117 30.5 3.23887
-116.5 30.5 3.24973
-116 30.5 3.25015
-115.5 30.5 3.2555
-115 30.5 3.26254
-114.5 30.5 3.25215
-114 30.5 3.25271
-113.5 30.5 3.24846
-113 30.5 3.2392
-112.5 30.5 3.24943
-112 30.5 3.25326
-111.5 30.5 3.25622
-111 30.5 3.26162
-110.5 30.5 3.22987
-110 30.5 3.21781
-109.5 30.5 3.24026
-109 30.5 3.24182
-108.5 30.5 3.23206
-108 30.5 3.25105
-107.5 30.5 3.24925
-107 30.5 3.25401
-106.5 30.5 3.24109
-106 30.5 3.22312
-105.5 30.5 3.21116
-105 30.5 3.19233
-104.5 30.5 3.19699
-104 30.5 3.19868
-103.5 30.5 3.1813
-103 30.5 3.18539
-102.5 30.5 3.18853
-102 30.5 3.18206
-101.5 30.5 3.19747
-101 30.5 3.22717
-100.5 30.5 3.25761
-100 30.5 3.28742
-99.5 30.5 3.3119
-99 30.5 3.32397
-98.5 30.5 3.28869
-98 30.5 3.22657
-97.5 30.5 3.158
-97 30.5 3.06412
-96.5 30.5 2.95981
-96 30.5 2.886
-95.5 30.5 2.84786
-95 30.5 2.84271
-94.5 30.5 2.79855
-94 30.5 2.71685
-93.5 30.5 2.69454
-93 30.5 2.66298
-92.5 30.5 2.6409
-92 30.5 2.62283
-91.5 30.5 2.76306
-91 30.5 2.83651
-90.5 30.5 2.76677
-90 30.5 2.76881
-89.5 30.5 2.88595
-89 30.5 2.99378
-88.5 30.5 3.0327
-88 30.5 3.0731
-87.5 30.5 3.10835
-87 30.5 3.12171
-86.5 30.5 3.15023
-86 30.5 3.15663
-85.5 30.5 3.14922
-85 30.5 3.11644
-84.5 30.5 3.11047
-84 30.5 3.12293
-83.5 30.5 3.18315
-83 30.5 3.23885
-82.5 30.5 3.26193
-82 30.5 3.27325
-81.5 30.5 3.27876
-81 30.5 3.30884
-119 31 3.27301
-118.5 31 3.24432
-118 31 3.24164
-117.5 31 3.23821
-117 31 3.2533
-116.5 31 3.26614
-116 31 3.25677
-115.5 31 3.25877
-115 31 3.24563
-114.5 31 3.23922
-114 31 3.24969
-113.5 31 3.24684
-113 31 3.25318
-112.5 31 3.26092
-112 31 3.25039
-111.5 31 3.24553
-111 31 3.21835
-110.5 31 3.18834
-110 31 3.21454
-109.5 31 3.22691
-109 31 3.18632
-108.5 31 3.17403
-108 31 3.18294
-107.5 31 3.19576
-107 31 3.21802
-106.5 31 3.21639
-106 31 3.21813
-105.5 31 3.21841
-105 31 3.2121
-104.5 31 3.20808
-104 31 3.1877
-103.5 31 3.17422
-103 31 3.18799
-102.5 31 3.19568
-102 31 3.18845
-101.5 31 3.19631
-101 31 3.22332
-100.5 31 3.25132
-100 31 3.27848
-99.5 31 3.31113
-99 31 3.32829
-98.5 31 3.29932
-98 31 3.24536
-97.5 31 3.18661
-97 31 3.10546
-96.5 31 3.01086
-96 31 2.93912
-95.5 31 2.89711
-95 31 2.89627
-94.5 31 2.89276
-94 31 2.82372
-93.5 31 2.74562
-93 31 2.71631
-92.5 31 2.70562
-92 31 2.68229
-91.5 31 2.72594
-91 31 2.80022
-90.5 31 2.80436
-90 31 2.80982
-89.5 31 2.87756
-89 31 2.96259
-88.5 31 3.01059
-88 31 3.04518
-87.5 31 3.08417
-87 31 3.1182
-86.5 31 3.1566
-86 31 3.17895
-85.5 31 3.19765
-85 31 3.17881
-84.5 31 3.15846
-84 31 3.15934
-83.5 31 3.17721
-83 31 3.21995
-82.5 31 3.24966
-82 31 3.25668
-81.5 31 3.27051
-81 31 3.30507
-119 31.5 3.26248
-118.5 31.5 3.25411
-118 31.5 3.25435
-117.5 31.5 3.25805
-117 31.5 3.26825
-116.5 31.5 3.2578
-116 31.5 3.24613
-115.5 31.5 3.24702
-115 31.5 3.23764
-114.5 31.5 3.25922
-114 31.5 3.26618
-113.5 31.5 3.25613
-113 31.5 3.25871
-112.5 31.5 3.2447
-112 31.5 3.2271
-111.5 31.5 3.2174
-111 31.5 3.19197
-110.5 31.5 3.19606
-110 31.5 3.209
-109.5 31.5 3.16306
-109 31.5 3.11634
-108.5 31.5 3.12809
-108 31.5 3.13305
-107.5 31.5 3.16645
-107 31.5 3.19197
-106.5 31.5 3.1906
-106 31.5 3.21097
-105.5 31.5 3.22837
-105 31.5 3.23206
-104.5 31.5 3.21387
-104 31.5 3.18247
-103.5 31.5 3.18415
-103 31.5 3.20274
-102.5 31.5 3.21046
-102 31.5 3.20322
-101.5 31.5 3.20546
-101 31.5 3.22197
-100.5 31.5 3.23947
-100 31.5 3.25504
-99.5 31.5 3.28983
-99 31.5 3.31626
-98.5 31.5 3.29151
-98 31.5 3.24503
-97.5 31.5 3.19865
-97 31.5 3.13434
-96.5 31.5 3.05049
-96 31.5 2.98268
-95.5 31.5 2.93883
-95 31.5 2.93119
-94.5 31.5 2.96203
-94 31.5 2.9749
-93.5 31.5 2.88732
-93 31.5 2.84227
-92.5 31.5 2.8293
-92 31.5 2.81469
-91.5 31.5 2.7978
-91 31.5 2.83399
-90.5 31.5 2.85525
-90 31.5 2.86629
-89.5 31.5 2.90697
-89 31.5 2.96914
-88.5 31.5 3.02106
-88 31.5 3.05913
-87.5 31.5 3.10446
-87 31.5 3.15238
-86.5 31.5 3.20166
-86 31.5 3.22578
-85.5 31.5 3.25512
-85 31.5 3.26391
-84.5 31.5 3.24589
-84 31.5 3.243
-83.5 31.5 3.23852
-83 31.5 3.24325
-82.5 31.5 3.25749
-82 31.5 3.25255
-81.5 31.5 3.26433
-81 31.5 3.30269
-119 32 3.27452
-118.5 32 3.27425
-118 32 3.27046
-117.5 32 3.27364
-117 32 3.26877
-116.5 32 3.24931
-116 32 3.25889
-115.5 32 3.26176
-115 32 3.27345
-114.5 32 3.29261
-114 32 3.26294
-113.5 32 3.24529
-113 32 3.24012
-112.5 32 3.22821
-112 32 3.22852
-111.5 32 3.2183
-111 32 3.20266
-110.5 32 3.20197
-110 32 3.16638
-109.5 32 3.12303
-109 32 3.1403
-108.5 32 3.14913
-108 32 3.14124
-107.5 32 3.15559
-107 32 3.14256
-106.5 32 3.14779
-106 32 3.19548
-105.5 32 3.23578
-105 32 3.25109
-104.5 32 3.23602
-104 32 3.21172
-103.5 32 3.21266
-103 32 3.2326
-102.5 32 3.23574
-102 32 3.2222
-101.5 32 3.21808
-101 32 3.23256
-100.5 32 3.23781
-100 32 3.24004
-99.5 32 3.25628
-99 32 3.27114
-98.5 32 3.26608
-98 32 3.23724
-97.5 32 3.19878
-97 32 3.14509
-96.5 32 3.07074
-96 32 3.0066
-95.5 32 2.96579
-95 32 2.9532
-94.5 32 2.9643
-94 32 2.98073
-93.5 32 2.95949
-93 32 2.93533
-92.5 32 2.93991
-92 32 2.91904
-91.5 32 2.86857
-91 32 2.88593
-90.5 32 2.92357
-90 32 2.93502
-89.5 32 2.95793
-89 32 3.01294
-88.5 32 3.07061
-88 32 3.11403
-87.5 32 3.15831
-87 32 3.2117
-86.5 32 3.27938
-86 32 3.30867
-85.5 32 3.31367
-85 32 3.32528
-84.5 32 3.31712
-84 32 3.31885
-83.5 32 3.32102
-83 32 3.31535
-82.5 32 3.30955
-82 32 3.29111
-81.5 32 3.27574
-81 32 3.30834
-119 32.5 3.27822
-118.5 32.5 3.26784
-118 32.5 3.26954
-117.5 32.5 3.2826
-117 32.5 3.28132
-116.5 32.5 3.27226
-116 32.5 3.27662
-115.5 32.5 3.26088
-115 32.5 3.26976
-114.5 32.5 3.26012
-114 32.5 3.23762
-113.5 32.5 3.24546
-113 32.5 3.2422
-112.5 32.5 3.24457
-112 32.5 3.24231
-111.5 32.5 3.21538
-111 32.5 3.19999
-110.5 32.5 3.1851
-110 32.5 3.15985
-109.5 32.5 3.17527
-109 32.5 3.19413
-108.5 32.5 3.14693
-108 32.5 3.13011
-107.5 32.5 3.12545
-107 32.5 3.10721
-106.5 32.5 3.14236
-106 32.5 3.19907
-105.5 32.5 3.24837
-105 32.5 3.27151
-104.5 32.5 3.25541
-104 32.5 3.23877
-103.5 32.5 3.24266
-103 32.5 3.25859
-102.5 32.5 3.24627
-102 32.5 3.23128
-101.5 32.5 3.22751
-101 32.5 3.24129
-100.5 32.5 3.23693
-100 32.5 3.22562
-99.5 32.5 3.22546
-99 32.5 3.2292
-98.5 32.5 3.23541
-98 32.5 3.21989
-97.5 32.5 3.19153
-97 32.5 3.15098
-96.5 32.5 3.08415
-96 32.5 3.02153
-95.5 32.5 2.98342
-95 32.5 2.96766
-94.5 32.5 2.96416
-94 32.5 2.963
-93.5 32.5 2.97628
-93 32.5 2.97194
-92.5 32.5 2.99172
-92 32.5 3.01124
-91.5 32.5 2.96646
-91 32.5 2.94897
-90.5 32.5 2.97927
-90 32.5 3.0046
-89.5 32.5 3.0285
-89 32.5 3.07906
-88.5 32.5 3.13759
-88 32.5 3.18678
-87.5 32.5 3.22855
-87 32.5 3.26121
-86.5 32.5 3.31675
-86 32.5 3.36714
-85.5 32.5 3.37134
-85 32.5 3.37881
-84.5 32.5 3.37228
-84 32.5 3.37226
-83.5 32.5 3.37184
-83 32.5 3.37201
-82.5 32.5 3.35984
-82 32.5 3.34819
-81.5 32.5 3.32907
-81 32.5 3.33434
-119 33 3.25867
-118.5 33 3.24015
-118 33 3.25351
-117.5 33 3.27855
-117 33 3.27242
-116.5 33 3.26429
-116 33 3.24198
-115.5 33 3.21993
-115 33 3.22996
-114.5 33 3.22474
-114 33 3.24923
-113.5 33 3.27016
-113 33 3.26115
-112.5 33 3.25848
-112 33 3.22791
-111.5 33 3.2018
-111 33 3.20117
-110.5 33 3.19712
-110 33 3.2065
-109.5 33 3.21886
-109 33 3.15991
-108.5 33 3.10346
-108 33 3.12158
-107.5 33 3.13062
-107 33 3.13715
-106.5 33 3.17044
-106 33 3.21404
-105.5 33 3.25999
-105 33 3.27176
-104.5 33 3.25925
-104 33 3.25059
-103.5 33 3.24688
-103 33 3.24202
-102.5 33 3.22713
-102 33 3.20992
-101.5 33 3.2156
-101 33 3.23783
-100.5 33 3.23435
-100 33 3.21725
-99.5 33 3.20792
-99 33 3.20885
-98.5 33 3.22165
-98 33 3.21481
-97.5 33 3.17847
-97 33 3.1385
-96.5 33 3.09064
-96 33 3.03855
-95.5 33 3.00274
-95 33 2.98974
-94.5 33 2.98784
-94 33 2.99108
-93.5 33 3.01291
-93 33 3.01309
-92.5 33 3.00247
-92 33 3.02741
-91.5 33 3.03786
-91 33 3.03088
-90.5 33 3.04635
-90 33 3.06831
-89.5 33 3.09637
-89 33 3.14925
-88.5 33 3.21261
-88 33 3.25969
-87.5 33 3.30469
-87 33 3.3159
-86.5 33 3.31831
-86 33 3.35866
-85.5 33 3.38048
-85 33 3.39231
-84.5 33 3.39293
-84 33 3.38818
-83.5 33 3.38359
-83 33 3.38048
-82.5 33 3.37521
-82 33 3.37055
-81.5 33 3.371
-81 33 3.36821
-119 33.5 3.2314
-118.5 33.5 3.20579
-118 33.5 3.21828
-117.5 33.5 3.24023
-117 33.5 3.23645
-116.5 33.5 3.22972
-116 33.5 3.21485
-115.5 33.5 3.22016
-115 33.5 3.22905
-114.5 33.5 3.23327
-114 33.5 3.25799
-113.5 33.5 3.25393
-113 33.5 3.24832
-112.5 33.5 3.24215
-112 33.5 3.22003
-111.5 33.5 3.22576
-111 33.5 3.23072
-110.5 33.5 3.23185
-110 33.5 3.23046
-109.5 33.5 3.19206
-109 33.5 3.1345
-108.5 33.5 3.13868
-108 33.5 3.15676
-107.5 33.5 3.15243
-107 33.5 3.16579
-106.5 33.5 3.18721
-106 33.5 3.22268
-105.5 33.5 3.26587
-105 33.5 3.27183
-104.5 33.5 3.26123
-104 33.5 3.25161
-103.5 33.5 3.23485
-103 33.5 3.21636
-102.5 33.5 3.20027
-102 33.5 3.18604
-101.5 33.5 3.20648
-101 33.5 3.23373
-100.5 33.5 3.22923
-100 33.5 3.21096
-99.5 33.5 3.19599
-99 33.5 3.19235
-98.5 33.5 3.20943
-98 33.5 3.21438
-97.5 33.5 3.17523
-97 33.5 3.13139
-96.5 33.5 3.0958
-96 33.5 3.05787
-95.5 33.5 3.02944
-95 33.5 3.02142
-94.5 33.5 3.0231
-94 33.5 3.02475
-93.5 33.5 3.04841
-93 33.5 3.06759
-92.5 33.5 3.04906
-92 33.5 3.04551
-91.5 33.5 3.07123
-91 33.5 3.09386
-90.5 33.5 3.11752
-90 33.5 3.14087
-89.5 33.5 3.17539
-89 33.5 3.22409
-88.5 33.5 3.28277
-88 33.5 3.31223
-87.5 33.5 3.34028
-87 33.5 3.35522
-86.5 33.5 3.34157
-86 33.5 3.35545
-85.5 33.5 3.37375
-85 33.5 3.3893
-84.5 33.5 3.39641
-84 33.5 3.38859
-83.5 33.5 3.38242
-83 33.5 3.37409
-82.5 33.5 3.3718
-82 33.5 3.36807
-81.5 33.5 3.37506
-81 33.5 3.38461
-119 34 3.19907
-118.5 34 3.16705
-118 34 3.18871
-117.5 34 3.21286
-117 34 3.21438
-116.5 34 3.21492
-116 34 3.22067
-115.5 34 3.2349
-115 34 3.22678
-114.5 34 3.22981
-114 34 3.23418
-113.5 34 3.2218
-113 34 3.24015
-112.5 34 3.2451
-112 34 3.25558
-111.5 34 3.27039
-111 34 3.26082
-110.5 34 3.25331
-110 34 3.22686
-109.5 34 3.19612
-109 34 3.20281
-108.5 34 3.2131
-108 34 3.18205
-107.5 34 3.15793
-107 34 3.16967
-106.5 34 3.18948
-106 34 3.23921
-105.5 34 3.28437
-105 34 3.27526
-104.5 34 3.26071
-104 34 3.24672
-103.5 34 3.22494
-103 34 3.20627
-102.5 34 3.19721
-102 34 3.19489
-101.5 34 3.20537
-101 34 3.22067
-100.5 34 3.22024
-100 34 3.20651
-99.5 34 3.18778
-99 34 3.18145
-98.5 34 3.19309
-98 34 3.19833
-97.5 34 3.17005
-97 34 3.13586
-96.5 34 3.11469
-96 34 3.09007
-95.5 34 3.06319
-95 34 3.05637
-94.5 34 3.07256
-94 34 3.07472
-93.5 34 3.08409
-93 34 3.11506
-92.5 34 3.11203
-92 34 3.0977
-91.5 34 3.11266
-91 34 3.14002
-90.5 34 3.18566
-90 34 3.22297
-89.5 34 3.26097
-89 34 3.3125
-88.5 34 3.36518
-88 34 3.37422
-87.5 34 3.35761
-87 34 3.3629
-86.5 34 3.35177
-86 34 3.35338
-85.5 34 3.36527
-85 34 3.37868
-84.5 34 3.3963
-84 34 3.39024
-83.5 34 3.3835
-83 34 3.37601
-82.5 34 3.37191
-82 34 3.3678
-81.5 34 3.36995
-81 34 3.38636
-119 34.5 3.18383
-118.5 34.5 3.17156
-118 34.5 3.17928
-117.5 34.5 3.1867
-117 34.5 3.19836
-116.5 34.5 3.21351
-116 34.5 3.21768
-115.5 34.5 3.21431
-115 34.5 3.21524
-114.5 34.5 3.2389
-114 34.5 3.24104
-113.5 34.5 3.24133
-113 34.5 3.25538
-112.5 34.5 3.25379
-112 34.5 3.27078
-111.5 34.5 3.27039
-111 34.5 3.2618
-110.5 34.5 3.25442
-110 34.5 3.24852
-109.5 34.5 3.2716
-109 34.5 3.27936
-108.5 34.5 3.23513
-108 34.5 3.1907
-107.5 34.5 3.17359
-107 34.5 3.17561
-106.5 34.5 3.18659
-106 34.5 3.23952
-105.5 34.5 3.28115
-105 34.5 3.27391
-104.5 34.5 3.26676
-104 34.5 3.24916
-103.5 34.5 3.22151
-103 34.5 3.20624
-102.5 34.5 3.20531
-102 34.5 3.20844
-101.5 34.5 3.2037
-101 34.5 3.20601
-100.5 34.5 3.20537
-100 34.5 3.19612
-99.5 34.5 3.1713
-99 34.5 3.16145
-98.5 34.5 3.17105
-98 34.5 3.18642
-97.5 34.5 3.17306
-97 34.5 3.14894
-96.5 34.5 3.14331
-96 34.5 3.13906
-95.5 34.5 3.12044
-95 34.5 3.10027
-94.5 34.5 3.11464
-94 34.5 3.12423
-93.5 34.5 3.13463
-93 34.5 3.18639
-92.5 34.5 3.20334
-92 34.5 3.17092
-91.5 34.5 3.17057
-91 34.5 3.18045
-90.5 34.5 3.22475
-90 34.5 3.28464
-89.5 34.5 3.33079
-89 34.5 3.37331
-88.5 34.5 3.40804
-88 34.5 3.42523
-87.5 34.5 3.40438
-87 34.5 3.39606
-86.5 34.5 3.3844
-86 34.5 3.36676
-85.5 34.5 3.36522
-85 34.5 3.3624
-84.5 34.5 3.3731
-84 34.5 3.37754
-83.5 34.5 3.37638
-83 34.5 3.37254
-82.5 34.5 3.36852
-82 34.5 3.3677
-81.5 34.5 3.3711
-81 34.5 3.38633
-119 35 3.19172
-118.5 35 3.18818
-118 35 3.17478
-117.5 35 3.16667
-117 35 3.1908
-116.5 35 3.21694
-116 35 3.20949
-115.5 35 3.19842
-115 35 3.22786
-114.5 35 3.26507
-114 35 3.25558
-113.5 35 3.2556
-113 35 3.24529
-112.5 35 3.2373
-112 35 3.25077
-111.5 35 3.25405
-111 35 3.26256
-110.5 35 3.26633
-110 35 3.30336
-109.5 35 3.34099
-109 35 3.28912
-108.5 35 3.22296
-108 35 3.19765
-107.5 35 3.18228
-107 35 3.16034
-106.5 35 3.16139
-106 35 3.2313
-105.5 35 3.2836
-105 35 3.2884
-104.5 35 3.2807
-104 35 3.24716
-103.5 35 3.22162
-103 35 3.21624
-102.5 35 3.21214
-102 35 3.19941
-101.5 35 3.19194
-101 35 3.19671
-100.5 35 3.18171
-100 35 3.15542
-99.5 35 3.13938
-99 35 3.13399
-98.5 35 3.13972
-98 35 3.158
-97.5 35 3.18541
-97 35 3.19491
-96.5 35 3.18747
-96 35 3.19022
-95.5 35 3.20271
-95 35 3.18982
-94.5 35 3.17514
-94 35 3.16927
-93.5 35 3.16549
-93 35 3.23333
-92.5 35 3.31852
-92 35 3.29627
-91.5 35 3.26283
-91 35 3.25483
-90.5 35 3.25739
-90 35 3.31261
-89.5 35 3.36818
-89 35 3.39793
-88.5 35 3.41098
-88 35 3.42778
-87.5 35 3.42825
-87 35 3.4257
-86.5 35 3.42776
-86 35 3.40391
-85.5 35 3.38684
-85 35 3.3712
-84.5 35 3.35992
-84 35 3.36388
-83.5 35 3.36552
-83 35 3.36351
-82.5 35 3.36021
-82 35 3.36117
-81.5 35 3.36733
-81 35 3.38363
-119 35.5 3.20412
-118.5 35.5 3.19761
-118 35.5 3.17906
-117.5 35.5 3.16744
-117 35.5 3.18662
-116.5 35.5 3.20931
-116 35.5 3.20865
-115.5 35.5 3.20916
-115 35.5 3.22813
-114.5 35.5 3.24038
-114 35.5 3.24135
-113.5 35.5 3.25366
-113 35.5 3.24585
-112.5 35.5 3.25272
-112 35.5 3.26164
-111.5 35.5 3.27413
-111 35.5 3.28077
-110.5 35.5 3.28534
-110 35.5 3.3166
-109.5 35.5 3.31799
-109 35.5 3.26865
-108.5 35.5 3.2324
-108 35.5 3.20288
-107.5 35.5 3.17088
-107 35.5 3.15027
-106.5 35.5 3.16249
-106 35.5 3.22344
-105.5 35.5 3.26122
-105 35.5 3.28024
-104.5 35.5 3.27632
-104 35.5 3.24788
-103.5 35.5 3.23534
-103 35.5 3.22985
-102.5 35.5 3.21061
-102 35.5 3.18961
-101.5 35.5 3.1857
-101 35.5 3.18943
-100.5 35.5 3.16046
-100 35.5 3.12197
-99.5 35.5 3.11662
-99 35.5 3.11963
-98.5 35.5 3.12656
-98 35.5 3.13896
-97.5 35.5 3.19201
-97 35.5 3.24701
-96.5 35.5 3.25274
-96 35.5 3.24369
-95.5 35.5 3.26453
-95 35.5 3.27611
-94.5 35.5 3.25821
-94 35.5 3.2476
-93.5 35.5 3.24005
-93 35.5 3.26252
-92.5 35.5 3.34113
-92 35.5 3.36775
-91.5 35.5 3.34127
-91 35.5 3.3372
-90.5 35.5 3.32586
-90 35.5 3.34406
-89.5 35.5 3.37877
-89 35.5 3.40781
-88.5 35.5 3.42024
-88 35.5 3.42707
-87.5 35.5 3.43317
-87 35.5 3.42901
-86.5 35.5 3.42892
-86 35.5 3.41625
-85.5 35.5 3.39762
-85 35.5 3.38368
-84.5 35.5 3.36756
-84 35.5 3.36035
-83.5 35.5 3.35653
-83 35.5 3.35496
-82.5 35.5 3.35412
-82 35.5 3.35532
-81.5 35.5 3.3623
-81 35.5 3.37897
-119 36 3.21586
-118.5 36 3.21265
-118 36 3.18959
-117.5 36 3.16689
-117 36 3.18384
-116.5 36 3.20455
-116 36 3.20773
-115.5 36 3.21016
-115 36 3.21333
-114.5 36 3.21332
-114 36 3.24491
-113.5 36 3.27333
-113 36 3.28086
-112.5 36 3.28977
-112 36 3.29274
-111.5 36 3.29551
-111 36 3.27804
-110.5 36 3.27104
-110 36 3.28812
-109.5 36 3.28483
-109 36 3.26522
-108.5 36 3.24
-108 36 3.18859
-107.5 36 3.15692
-107 36 3.14195
-106.5 36 3.15263
-106 36 3.18749
-105.5 36 3.22066
-105 36 3.26092
-104.5 36 3.27666
-104 36 3.26477
-103.5 36 3.25499
-103 36 3.23549
-102.5 36 3.20889
-102 36 3.18445
-101.5 36 3.1779
-101 36 3.1813
-100.5 36 3.1567
-100 36 3.12659
-99.5 36 3.128
-99 36 3.14406
-98.5 36 3.15497
-98 36 3.16694
-97.5 36 3.20031
-97 36 3.26105
-96.5 36 3.31703
-96 36 3.31941
-95.5 36 3.31127
-95 36 3.32423
-94.5 36 3.32307
-94 36 3.32448
-93.5 36 3.33276
-93 36 3.33127
-92.5 36 3.34601
-92 36 3.36691
-91.5 36 3.35517
-91 36 3.36239
-90.5 36 3.37037
-90 36 3.37033
-89.5 36 3.38052
-89 36 3.403
-88.5 36 3.42342
-88 36 3.42893
-87.5 36 3.4346
-87 36 3.42802
-86.5 36 3.41637
-86 36 3.40509
-85.5 36 3.38883
-85 36 3.37913
-84.5 36 3.36895
-84 36 3.35573
-83.5 36 3.34696
-83 36 3.34576
-82.5 36 3.34871
-82 36 3.35149
-81.5 36 3.35692
-81 36 3.37397
-119 36.5 3.22532
-118.5 36.5 3.23151
-118 36.5 3.20438
-117.5 36.5 3.17585
-117 36.5 3.17492
-116.5 36.5 3.1793
-116 36.5 3.18991
-115.5 36.5 3.19777
-115 36.5 3.20464
-114.5 36.5 3.21285
-114 36.5 3.24423
-113.5 36.5 3.2668
-113 36.5 3.28485
-112.5 36.5 3.29044
-112 36.5 3.28273
-111.5 36.5 3.26169
-111 36.5 3.2517
-110.5 36.5 3.25563
-110 36.5 3.27126
-109.5 36.5 3.27146
-109 36.5 3.24939
-108.5 36.5 3.20645
-108 36.5 3.17059
-107.5 36.5 3.16731
-107 36.5 3.15378
-106.5 36.5 3.15998
-106 36.5 3.17681
-105.5 36.5 3.20929
-105 36.5 3.2502
-104.5 36.5 3.27031
-104 36.5 3.27422
-103.5 36.5 3.2697
-103 36.5 3.24345
-102.5 36.5 3.21249
-102 36.5 3.18666
-101.5 36.5 3.18445
-101 36.5 3.18926
-100.5 36.5 3.16831
-100 36.5 3.14644
-99.5 36.5 3.15772
-99 36.5 3.19019
-98.5 36.5 3.20587
-98 36.5 3.2163
-97.5 36.5 3.23546
-97 36.5 3.27193
-96.5 36.5 3.33507
-96 36.5 3.36193
-95.5 36.5 3.34969
-95 36.5 3.35821
-94.5 36.5 3.36353
-94 36.5 3.36824
-93.5 36.5 3.37381
-93 36.5 3.37271
-92.5 36.5 3.36195
-92 36.5 3.37148
-91.5 36.5 3.37006
-91 36.5 3.3721
-90.5 36.5 3.38199
-90 36.5 3.38306
-89.5 36.5 3.38605
-89 36.5 3.39296
-88.5 36.5 3.40405
-88 36.5 3.40867
-87.5 36.5 3.41021
-87 36.5 3.41196
-86.5 36.5 3.40372
-86 36.5 3.39057
-85.5 36.5 3.37709
-85 36.5 3.36908
-84.5 36.5 3.36104
-84 36.5 3.34743
-83.5 36.5 3.33553
-83 36.5 3.33398
-82.5 36.5 3.33858
-82 36.5 3.34969
-81.5 36.5 3.36134
-81 36.5 3.37137
-119 37 3.22607
-118.5 37 3.23831
-118 37 3.19337
-117.5 37 3.15895
-117 37 3.14303
-116.5 37 3.14211
-116 37 3.16019
-115.5 37 3.17786
-115 37 3.18705
-114.5 37 3.19693
-114 37 3.21303
-113.5 37 3.22592
-113 37 3.24037
-112.5 37 3.24962
-112 37 3.22652
-111.5 37 3.20762
-111 37 3.22498
-110.5 37 3.24873
-110 37 3.27302
-109.5 37 3.27297
-109 37 3.2372
-108.5 37 3.18796
-108 37 3.1998
-107.5 37 3.21493
-107 37 3.19584
-106.5 37 3.18688
-106 37 3.18704
-105.5 37 3.20839
-105 37 3.23593
-104.5 37 3.25928
-104 37 3.28312
-103.5 37 3.28673
-103 37 3.2572
-102.5 37 3.2244
-102 37 3.2029
-101.5 37 3.19768
-101 37 3.20165
-100.5 37 3.18962
-100 37 3.18992
-99.5 37 3.18648
-99 37 3.21539
-98.5 37 3.25875
-98 37 3.28006
-97.5 37 3.28913
-97 37 3.31329
-96.5 37 3.34065
-96 37 3.35587
-95.5 37 3.34578
-95 37 3.35779
-94.5 37 3.37411
-94 37 3.37597
-93.5 37 3.37418
-93 37 3.36602
-92.5 37 3.35229
-92 37 3.36248
-91.5 37 3.37857
-91 37 3.38051
-90.5 37 3.38889
-90 37 3.39097
-89.5 37 3.39273
-89 37 3.39074
-88.5 37 3.38648
-88 37 3.38162
-87.5 37 3.37344
-87 37 3.37631
-86.5 37 3.37879
-86 37 3.3666
-85.5 37 3.35875
-85 37 3.35741
-84.5 37 3.35475
-84 37 3.34123
-83.5 37 3.32538
-83 37 3.32173
-82.5 37 3.32529
-82 37 3.34075
-81.5 37 3.36205
-81 37 3.36902
-119 37.5 3.19917
-118.5 37.5 3.17561
-118 37.5 3.1427
-117.5 37.5 3.12151
-117 37.5 3.11595
-116.5 37.5 3.1295
-116 37.5 3.14641
-115.5 37.5 3.16546
-115 37.5 3.17634
-114.5 37.5 3.1867
-114 37.5 3.18552
-113.5 37.5 3.18218
-113 37.5 3.18187
-112.5 37.5 3.18367
-112 37.5 3.18019
-111.5 37.5 3.19934
-111 37.5 3.23345
-110.5 37.5 3.27571
-110 37.5 3.29537
-109.5 37.5 3.28889
-109 37.5 3.25678
-108.5 37.5 3.22375
-108 37.5 3.22894
-107.5 37.5 3.2196
-107 37.5 3.2018
-106.5 37.5 3.18069
-106 37.5 3.18221
-105.5 37.5 3.19949
-105 37.5 3.22497
-104.5 37.5 3.25379
-104 37.5 3.27925
-103.5 37.5 3.28303
-103 37.5 3.26158
-102.5 37.5 3.23944
-102 37.5 3.22109
-101.5 37.5 3.21332
-101 37.5 3.21463
-100.5 37.5 3.19802
-100 37.5 3.22002
-99.5 37.5 3.20584
-99 37.5 3.23476
-98.5 37.5 3.29048
-98 37.5 3.32439
-97.5 37.5 3.32564
-97 37.5 3.34165
-96.5 37.5 3.34605
-96 37.5 3.35023
-95.5 37.5 3.34344
-95 37.5 3.3485
-94.5 37.5 3.36299
-94 37.5 3.36539
-93.5 37.5 3.36437
-93 37.5 3.36031
-92.5 37.5 3.35575
-92 37.5 3.35547
-91.5 37.5 3.36853
-91 37.5 3.37449
-90.5 37.5 3.3827
-90 37.5 3.38972
-89.5 37.5 3.39445
-89 37.5 3.39307
-88.5 37.5 3.38604
-88 37.5 3.37151
-87.5 37.5 3.35633
-87 37.5 3.34296
-86.5 37.5 3.33769
-86 37.5 3.33228
-85.5 37.5 3.33341
-85 37.5 3.345
-84.5 37.5 3.35317
-84 37.5 3.34511
-83.5 37.5 3.3314
-83 37.5 3.32184
-82.5 37.5 3.31735
-82 37.5 3.32362
-81.5 37.5 3.33805
-81 37.5 3.35686
-119 38 3.16236
-118.5 38 3.1168
-118 38 3.1055
-117.5 38 3.09891
-117 38 3.115
-116.5 38 3.13934
-116 38 3.15485
-115.5 38 3.17022
-115 38 3.18347
-114.5 38 3.19187
-114 38 3.17595
-113.5 38 3.15555
-113 38 3.14794
-112.5 38 3.14527
-112 38 3.17149
-111.5 38 3.21389
-111 38 3.25932
-110.5 38 3.3086
-110 38 3.3109
-109.5 38 3.30026
-109 38 3.26416
-108.5 38 3.23519
-108 38 3.21482
-107.5 38 3.19284
-107 38 3.17237
-106.5 38 3.15277
-106 38 3.16674
-105.5 38 3.18886
-105 38 3.21444
-104.5 38 3.23591
-104 38 3.25348
-103.5 38 3.26173
-103 38 3.2578
-102.5 38 3.24938
-102 38 3.23551
-101.5 38 3.21708
-101 38 3.18594
-100.5 38 3.16282
-100 38 3.15615
-99.5 38 3.20537
-99 38 3.25681
-98.5 38 3.30895
-98 38 3.33289
-97.5 38 3.31896
-97 38 3.32616
-96.5 38 3.3344
-96 38 3.33511
-95.5 38 3.33842
-95 38 3.34172
-94.5 38 3.3543
-94 38 3.35552
-93.5 38 3.35616
-93 38 3.36139
-92.5 38 3.3694
-92 38 3.36664
-91.5 38 3.36804
-91 38 3.37231
-90.5 38 3.37565
-90 38 3.38456
-89.5 38 3.39218
-89 38 3.39421
-88.5 38 3.39105
-88 38 3.37385
-87.5 38 3.35302
-87 38 3.32806
-86.5 38 3.30796
-86 38 3.3051
-85.5 38 3.30997
-85 38 3.33458
-84.5 38 3.35856
-84 38 3.35887
-83.5 38 3.34994
-83 38 3.33921
-82.5 38 3.32236
-82 38 3.31258
-81.5 38 3.31177
-81 38 3.33544
-119 38.5 3.1466
-118.5 38.5 3.1236
-118 38.5 3.11161
-117.5 38.5 3.10874
-117 38.5 3.12485
-116.5 38.5 3.1455
-116 38.5 3.15974
-115.5 38.5 3.17089
-115 38.5 3.18389
-114.5 38.5 3.18833
-114 38.5 3.17465
-113.5 38.5 3.15462
-113 38.5 3.14081
-112.5 38.5 3.13706
-112 38.5 3.16344
-111.5 38.5 3.20096
-111 38.5 3.24282
-110.5 38.5 3.27655
-110 38.5 3.28302
-109.5 38.5 3.27688
-109 38.5 3.25032
-108.5 38.5 3.22888
-108 38.5 3.20469
-107.5 38.5 3.18847
-107 38.5 3.16576
-106.5 38.5 3.15373
-106 38.5 3.16964
-105.5 38.5 3.19087
-105 38.5 3.19877
-104.5 38.5 3.1977
-104 38.5 3.20902
-103.5 38.5 3.225
-103 38.5 3.24146
-102.5 38.5 3.25298
-102 38.5 3.24069
-101.5 38.5 3.22098
-101 38.5 3.21738
-100.5 38.5 3.25322
-99.5 38.5 3.33389
-99 38.5 3.32243
-98.5 38.5 3.30843
-98 38.5 3.32722
-97.5 38.5 3.32877
-97 38.5 3.3275
-96.5 38.5 3.33499
-96 38.5 3.32983
-95.5 38.5 3.33197
-95 38.5 3.33167
-94.5 38.5 3.33813
-94 38.5 3.3428
-93.5 38.5 3.34763
-93 38.5 3.35545
-92.5 38.5 3.36471
-92 38.5 3.36868
-91.5 38.5 3.36982
-91 38.5 3.37354
-90.5 38.5 3.37536
-90 38.5 3.37765
-89.5 38.5 3.38005
-89 38.5 3.3829
-88.5 38.5 3.37969
-88 38.5 3.36712
-87.5 38.5 3.34593
-87 38.5 3.32043
-86.5 38.5 3.29888
-86 38.5 3.29609
-85.5 38.5 3.30456
-85 38.5 3.32741
-84.5 38.5 3.35308
-84 38.5 3.37094
-83.5 38.5 3.37896
-83 38.5 3.37713
-82.5 38.5 3.36085
-82 38.5 3.32596
-81.5 38.5 3.30508
-81 38.5 3.31576
-119 39 3.15226
-118.5 39 3.14754
-118 39 3.13032
-117.5 39 3.12265
-117 39 3.13281
-116.5 39 3.14843
-116 39 3.15657
-115.5 39 3.164
-115 39 3.17795
-114.5 39 3.18551
-114 39 3.17649
-113.5 39 3.16027
-113 39 3.14135
-112.5 39 3.13003
-112 39 3.14775
-111.5 39 3.17095
-111 39 3.20019
-110.5 39 3.22135
-110 39 3.23871
-109.5 39 3.24218
-109 39 3.23197
-108.5 39 3.21944
-108 39 3.20449
-107.5 39 3.19769
-107 39 3.17344
-106.5 39 3.16356
-106 39 3.18154
-105.5 39 3.19993
-105 39 3.1757
-104.5 39 3.1517
-104 39 3.16282
-103.5 39 3.18841
-103 39 3.23135
-102.5 39 3.25665
-102 39 3.23743
-101.5 39 3.27029
-98.5 39 3.30602
-98 39 3.28079
-97.5 39 3.3426
-97 39 3.35384
-96.5 39 3.36098
-96 39 3.35271
-95.5 39 3.34294
-95 39 3.33566
-94.5 39 3.32961
-94 39 3.33346
-93.5 39 3.33905
-93 39 3.34671
-92.5 39 3.3541
-92 39 3.36084
-91.5 39 3.36469
-91 39 3.36908
-90.5 39 3.37235
-90 39 3.36916
-89.5 39 3.3644
-89 39 3.36576
-88.5 39 3.36248
-88 39 3.35255
-87.5 39 3.33641
-87 39 3.31286
-86.5 39 3.29416
-86 39 3.29471
-85.5 39 3.30506
-85 39 3.32304
-84.5 39 3.34605
-84 39 3.37405
-83.5 39 3.40103
-83 39 3.4129
-82.5 39 3.41013
-82 39 3.35554
-81.5 39 3.30902
-81 39 3.31309
-119 39.5 3.1616
-118.5 39.5 3.15314
-118 39.5 3.14114
-117.5 39.5 3.13493
-117 39.5 3.13842
-116.5 39.5 3.1451
-116 39.5 3.15347
-115.5 39.5 3.16219
-115 39.5 3.17435
-114.5 39.5 3.18238
-114 39.5 3.17939
-113.5 39.5 3.16865
-113 39.5 3.15483
-112.5 39.5 3.14534
-112 39.5 3.14601
-111.5 39.5 3.15165
-111 39.5 3.15711
-110.5 39.5 3.16453
-110 39.5 3.18149
-109.5 39.5 3.19042
-109 39.5 3.18553
-108.5 39.5 3.1726
-108 39.5 3.17103
-107.5 39.5 3.17273
-107 39.5 3.17038
-106.5 39.5 3.17502
-106 39.5 3.19217
-105.5 39.5 3.1967
-105 39.5 3.16258
-104.5 39.5 3.13338
-104 39.5 3.14833
-103.5 39.5 3.18962
-103 39.5 3.22447
-102.5 39.5 3.22691
-102 39.5 3.18473
-98 39.5 3.21433
-97.5 39.5 3.30713
-97 39.5 3.3501
-96.5 39.5 3.36174
-96 39.5 3.36257
-95.5 39.5 3.35706
-95 39.5 3.34543
-94.5 39.5 3.33374
-94 39.5 3.3315
-93.5 39.5 3.3337
-93 39.5 3.34046
-92.5 39.5 3.34814
-92 39.5 3.35458
-91.5 39.5 3.35905
-91 39.5 3.36181
-90.5 39.5 3.36364
-90 39.5 3.36302
-89.5 39.5 3.3606
-89 39.5 3.35726
-88.5 39.5 3.35155
-88 39.5 3.34126
-87.5 39.5 3.32731
-87 39.5 3.31234
-86.5 39.5 3.30272
-86 39.5 3.30558
-85.5 39.5 3.31571
-85 39.5 3.32546
-84.5 39.5 3.34124
-84 39.5 3.36731
-83.5 39.5 3.39582
-83 39.5 3.41603
-82.5 39.5 3.4149
-82 39.5 3.37508
-81.5 39.5 3.33406
-81 39.5 3.33094
-119 40 3.1635
-118.5 40 3.15222
-118 40 3.14545
-117.5 40 3.14428
-117 40 3.1462
-116.5 40 3.14844
-116 40 3.15736
-115.5 40 3.16497
-115 40 3.17537
-114.5 40 3.18485
-114 40 3.18686
-113.5 40 3.18132
-113 40 3.1705
-112.5 40 3.16081
-112 40 3.14476
-111.5 40 3.13467
-111 40 3.11535
-110.5 40 3.10788
-110 40 3.12571
-109.5 40 3.14109
-109 40 3.13367
-108.5 40 3.11701
-108 40 3.12875
-107.5 40 3.14413
-107 40 3.16495
-106.5 40 3.18574
-106 40 3.20957
-105.5 40 3.21139
-105 40 3.16688
-104.5 40 3.12525
-104 40 3.15261
-103.5 40 3.20373
-103 40 3.23109
-102.5 40 3.22177
-102 40 3.10367
-98 40 3.1554
-97.5 40 3.31761
-97 40 3.35134
-96.5 40 3.34682
-96 40 3.35205
-95.5 40 3.35803
-95 40 3.34783
-94.5 40 3.33512
-94 40 3.33088
-93.5 40 3.32944
-93 40 3.33595
-92.5 40 3.34383
-92 40 3.34948
-91.5 40 3.35362
-91 40 3.35483
-90.5 40 3.35515
-90 40 3.35767
-89.5 40 3.35975
-89 40 3.35537
-88.5 40 3.34858
-88 40 3.3394
-87.5 40 3.32705
-87 40 3.31961
-86.5 40 3.31691
-86 40 3.32316
-85.5 40 3.33415
-85 40 3.33533
-84.5 40 3.34001
-84 40 3.36116
-83.5 40 3.38418
-83 40 3.40801
-82.5 40 3.41297
-82 40 3.38268
-81.5 40 3.34903
-81 40 3.34831
-119 40.5 3.15451
-118.5 40.5 3.14976
-118 40.5 3.14953
-117.5 40.5 3.15553
-117 40.5 3.16684
-116.5 40.5 3.17644
-116 40.5 3.17697
-115.5 40.5 3.17629
-115 40.5 3.18244
-114.5 40.5 3.19103
-114 40.5 3.19906
-113.5 40.5 3.19661
-113 40.5 3.17827
-112.5 40.5 3.15389
-112 40.5 3.12968
-111.5 40.5 3.10476
-111 40.5 3.0788
-110.5 40.5 3.06735
-110 40.5 3.09083
-109.5 40.5 3.11623
-109 40.5 3.11282
-108.5 40.5 3.10344
-108 40.5 3.11178
-107.5 40.5 3.1347
-107 40.5 3.16982
-106.5 40.5 3.20493
-106 40.5 3.22987
-105.5 40.5 3.22809
-105 40.5 3.18463
-104.5 40.5 3.14646
-104 40.5 3.15126
-103.5 40.5 3.18555
-103 40.5 3.22031
-102.5 40.5 3.21858
-102 40.5 3.16504
-98 40.5 3.26715
-97.5 40.5 3.33559
-97 40.5 3.34944
-96.5 40.5 3.33061
-96 40.5 3.33008
-95.5 40.5 3.33759
-95 40.5 3.33861
-94.5 40.5 3.3386
-94 40.5 3.33251
-93.5 40.5 3.32848
-93 40.5 3.33186
-92.5 40.5 3.33767
-92 40.5 3.34258
-91.5 40.5 3.34559
-91 40.5 3.34789
-90.5 40.5 3.34903
-90 40.5 3.35012
-89.5 40.5 3.3516
-89 40.5 3.35235
-88.5 40.5 3.35149
-88 40.5 3.34679
-87.5 40.5 3.33941
-87 40.5 3.33364
-86.5 40.5 3.33149
-86 40.5 3.33767
-85.5 40.5 3.34574
-85 40.5 3.34656
-84.5 40.5 3.35025
-84 40.5 3.36553
-83.5 40.5 3.38493
-83 40.5 3.40316
-82.5 40.5 3.40832
-82 40.5 3.39206
-81.5 40.5 3.37143
-81 40.5 3.36246
-119 41 3.14631
-118.5 41 3.14873
-118 41 3.15725
-117.5 41 3.17165
-117 41 3.19573
-116.5 41 3.2132
-116 41 3.20224
-115.5 41 3.19104
-115 41 3.19509
-114.5 41 3.20296
-114 41 3.21671
-113.5 41 3.216
-113 41 3.18576
-112.5 41 3.14679
-112 41 3.11937
-111.5 41 3.08641
-111 41 3.0534
-110.5 41 3.0324
-110 41 3.06454
-109.5 41 3.10355
-109 41 3.09562
-108.5 41 3.09006
-108 41 3.09697
-107.5 41 3.12608
-107 41 3.17243
-106.5 41 3.21953
-106 41 3.2457
-105.5 41 3.24814
-105 41 3.20299
-104.5 41 3.16607
-104 41 3.16156
-103.5 41 3.17894
-103 41 3.22728
-102.5 41 3.25497
-102 41 3.21897
-98 41 3.35324
-97.5 41 3.38823
-97 41 3.36639
-96.5 41 3.32254
-96 41 3.31792
-95.5 41 3.32143
-95 41 3.32668
-94.5 41 3.33636
-94 41 3.32675
-93.5 41 3.32135
-93 41 3.32462
-92.5 41 3.33052
-92 41 3.33571
-91.5 41 3.33842
-91 41 3.34237
-90.5 41 3.34368
-90 41 3.34217
-89.5 41 3.34219
-89 41 3.34825
-88.5 41 3.35564
-88 41 3.35685
-87.5 41 3.35449
-87 41 3.34895
-86.5 41 3.34389
-86 41 3.34859
-85.5 41 3.35485
-85 41 3.35467
-84.5 41 3.35808
-84 41 3.37078
-83.5 41 3.38733
-83 41 3.40135
-82.5 41 3.40741
-82 41 3.39994
-81.5 41 3.38906
-81 41 3.37495
-119 41.5 3.14276
-118.5 41.5 3.14763
-118 41.5 3.1677
-117.5 41.5 3.19526
-117 41.5 3.2198
-116.5 41.5 3.23181
-116 41.5 3.21952
-115.5 41.5 3.20655
-115 41.5 3.21516
-114.5 41.5 3.22997
-114 41.5 3.23764
-113.5 41.5 3.23161
-113 41.5 3.19775
-112.5 41.5 3.16097
-112 41.5 3.13227
-111.5 41.5 3.10372
-111 41.5 3.05905
-110.5 41.5 3.03286
-110 41.5 3.04259
-109.5 41.5 3.06422
-109 41.5 3.05806
-108.5 41.5 3.05392
-108 41.5 3.07239
-107.5 41.5 3.1117
-107 41.5 3.16715
-106.5 41.5 3.21845
-106 41.5 3.2417
-105.5 41.5 3.23932
-105 41.5 3.20637
-104.5 41.5 3.18002
-104 41.5 3.19494
-103.5 41.5 3.2173
-103 41.5 3.23992
-102.5 41.5 3.25368
-102 41.5 3.23522
-101.5 41.5 3.2333
-101 41.5 3.29202
-100.5 41.5 3.36367
-99.5 41.5 3.35123
-99 41.5 3.31531
-98.5 41.5 3.33102
-98 41.5 3.36853
-97.5 41.5 3.40368
-97 41.5 3.38893
-96.5 41.5 3.35478
-96 41.5 3.33246
-95.5 41.5 3.312
-95 41.5 3.3096
-94.5 41.5 3.31203
-94 41.5 3.30843
-93.5 41.5 3.31099
-93 41.5 3.31597
-92.5 41.5 3.32567
-92 41.5 3.33342
-91.5 41.5 3.33932
-91 41.5 3.3417
-90.5 41.5 3.34091
-90 41.5 3.33745
-89.5 41.5 3.33625
-89 41.5 3.34436
-88.5 41.5 3.35489
-88 41.5 3.3634
-87.5 41.5 3.36918
-87 41.5 3.36279
-86.5 41.5 3.35652
-86 41.5 3.35379
-85.5 41.5 3.3532
-85 41.5 3.35438
-84.5 41.5 3.3597
-84 41.5 3.37119
-83.5 41.5 3.38495
-83 41.5 3.39552
-82.5 41.5 3.39943
-82 41.5 3.39894
-81.5 41.5 3.39357
-81 41.5 3.38437
-119 42 3.13871
-118.5 42 3.14215
-118 42 3.17358
-117.5 42 3.21377
-117 42 3.23737
-116.5 42 3.24693
-116 42 3.23142
-115.5 42 3.21498
-115 42 3.23165
-114.5 42 3.25209
-114 42 3.25033
-113.5 42 3.24204
-113 42 3.20648
-112.5 42 3.17554
-112 42 3.15776
-111.5 42 3.14461
-111 42 3.09664
-110.5 42 3.06133
-110 42 3.06442
-109.5 42 3.06961
-109 42 3.05972
-108.5 42 3.04345
-108 42 3.0703
-107.5 42 3.11025
-107 42 3.17009
-106.5 42 3.22083
-106 42 3.23698
-105.5 42 3.23184
-105 42 3.20659
-104.5 42 3.18238
-104 42 3.21139
-103.5 42 3.24758
-103 42 3.25444
-102.5 42 3.25845
-102 42 3.24367
-101.5 42 3.2265
-101 42 3.23316
-100.5 42 3.25132
-100 42 3.24892
-99.5 42 3.27043
-99 42 3.29873
-98.5 42 3.34327
-98 42 3.38188
-97.5 42 3.41619
-97 42 3.40467
-96.5 42 3.37856
-96 42 3.34534
-95.5 42 3.31165
-95 42 3.30704
-94.5 42 3.30199
-94 42 3.30105
-93.5 42 3.3054
-93 42 3.31162
-92.5 42 3.32481
-92 42 3.33548
-91.5 42 3.34426
-91 42 3.34533
-90.5 42 3.34358
-90 42 3.33977
-89.5 42 3.33719
-89 42 3.3478
-88.5 42 3.35618
-88 42 3.36526
-87.5 42 3.37328
-87 42 3.36058
-86.5 42 3.35442
-86 42 3.3461
-85.5 42 3.34191
-85 42 3.34379
-84.5 42 3.35139
-84 42 3.36341
-83.5 42 3.37805
-83 42 3.38743
-82.5 42 3.39013
-82 42 3.39559
-81.5 42 3.39533
-81 42 3.39138
-119 42.5 3.13544
-118.5 42.5 3.13711
-118 42.5 3.17209
-117.5 42.5 3.21517
-117 42.5 3.23945
-116.5 42.5 3.24731
-116 42.5 3.24164
-115.5 42.5 3.23489
-115 42.5 3.23981
-114.5 42.5 3.24545
-114 42.5 3.23043
-113.5 42.5 3.20798
-113 42.5 3.1894
-112.5 42.5 3.16921
-112 42.5 3.1587
-111.5 42.5 3.14612
-111 42.5 3.12976
-110.5 42.5 3.11337
-110 42.5 3.12127
-109.5 42.5 3.12437
-109 42.5 3.11765
-108.5 42.5 3.10524
-108 42.5 3.11493
-107.5 42.5 3.1401
-107 42.5 3.1851
-106.5 42.5 3.21691
-106 42.5 3.22406
-105.5 42.5 3.2177
-105 42.5 3.21778
-104.5 42.5 3.21543
-104 42.5 3.2214
-103.5 42.5 3.2446
-103 42.5 3.24916
-102.5 42.5 3.24871
-102 42.5 3.25042
-101.5 42.5 3.23364
-101 42.5 3.23017
-100.5 42.5 3.2701
-100 42.5 3.33675
-99.5 42.5 3.32837
-99 42.5 3.3492
-98.5 42.5 3.35946
-98 42.5 3.3831
-97.5 42.5 3.40368
-97 42.5 3.39872
-96.5 42.5 3.38661
-96 42.5 3.36412
-95.5 42.5 3.34514
-95 42.5 3.33237
-94.5 42.5 3.31372
-94 42.5 3.30329
-93.5 42.5 3.29635
-93 42.5 3.30397
-92.5 42.5 3.32014
-92 42.5 3.33487
-91.5 42.5 3.34549
-91 42.5 3.34946
-90.5 42.5 3.34999
-90 42.5 3.35351
-89.5 42.5 3.35988
-89 42.5 3.36535
-88.5 42.5 3.36303
-88 42.5 3.35196
-87.5 42.5 3.33617
-87 42.5 3.32966
-86.5 42.5 3.33021
-86 42.5 3.32917
-85.5 42.5 3.32952
-85 42.5 3.33015
-84.5 42.5 3.33705
-84 42.5 3.35137
-83.5 42.5 3.3722
-83 42.5 3.38506
-82.5 42.5 3.39526
-82 42.5 3.39937
-81.5 42.5 3.40089
-81 42.5 3.40194
-119 43 3.13821
-118.5 43 3.13003
-118 43 3.16634
-117.5 43 3.21046
-117 43 3.22927
-116.5 43 3.23537
-116 43 3.23445
-115.5 43 3.23508
-115 43 3.23103
-114.5 43 3.22919
-114 43 3.204
-113.5 43 3.16924
-113 43 3.16508
-112.5 43 3.1518
-112 43 3.14109
-111.5 43 3.12825
-111 43 3.13244
-110.5 43 3.13929
-110 43 3.15077
-109.5 43 3.16711
-109 43 3.16208
-108.5 43 3.16338
-108 43 3.16357
-107.5 43 3.17135
-107 43 3.19751
-106.5 43 3.20748
-106 43 3.18866
-105.5 43 3.18115
-105 43 3.20089
-104.5 43 3.23907
-104 43 3.2523
-103.5 43 3.2603
-103 43 3.25649
-102.5 43 3.23493
-102 43 3.22909
-101.5 43 3.23661
-101 43 3.24583
-100.5 43 3.28365
-100 43 3.33982
-99.5 43 3.34551
-99 43 3.35412
-98.5 43 3.36662
-98 43 3.38722
-97.5 43 3.40021
-97 43 3.39698
-96.5 43 3.39467
-96 43 3.38521
-95.5 43 3.37527
-95 43 3.35267
-94.5 43 3.32484
-94 43 3.30263
-93.5 43 3.28544
-93 43 3.29391
-92.5 43 3.31391
-92 43 3.33128
-91.5 43 3.34728
-91 43 3.35594
-90.5 43 3.35962
-90 43 3.37115
-89.5 43 3.38262
-89 43 3.3785
-88.5 43 3.36691
-88 43 3.33378
-87.5 43 3.30056
-87 43 3.30844
-86.5 43 3.31947
-86 43 3.33077
-85.5 43 3.33368
-85 43 3.33342
-84.5 43 3.33318
-84 43 3.34895
-83.5 43 3.37231
-83 43 3.388
-82.5 43 3.40395
-82 43 3.40502
-81.5 43 3.4057
-81 43 3.41115
-119 43.5 3.16517
-118.5 43.5 3.15587
-118 43.5 3.1691
-117.5 43.5 3.19345
-117 43.5 3.21054
-116.5 43.5 3.215
-116 43.5 3.20634
-115.5 43.5 3.19746
-115 43.5 3.19575
-114.5 43.5 3.19636
-114 43.5 3.1941
-113.5 43.5 3.18403
-113 43.5 3.17444
-112.5 43.5 3.1613
-112 43.5 3.13646
-111.5 43.5 3.12265
-111 43.5 3.12534
-110.5 43.5 3.14235
-110 43.5 3.14327
-109.5 43.5 3.15498
-109 43.5 3.16234
-108.5 43.5 3.17673
-108 43.5 3.1986
-107.5 43.5 3.21272
-107 43.5 3.21621
-106.5 43.5 3.20548
-106 43.5 3.15402
-105.5 43.5 3.14191
-105 43.5 3.16727
-104.5 43.5 3.22504
-104 43.5 3.27661
-103.5 43.5 3.28921
-103 43.5 3.28113
-102.5 43.5 3.24088
-102 43.5 3.20332
-101.5 43.5 3.2234
-101 43.5 3.26704
-100.5 43.5 3.30512
-100 43.5 3.34013
-99.5 43.5 3.35486
-99 43.5 3.3605
-98.5 43.5 3.38169
-98 43.5 3.40007
-97.5 43.5 3.39897
-97 43.5 3.39605
-96.5 43.5 3.40195
-96 43.5 3.39857
-95.5 43.5 3.39115
-95 43.5 3.36837
-94.5 43.5 3.34199
-94 43.5 3.31107
-93.5 43.5 3.28756
-93 43.5 3.2875
-92.5 43.5 3.30203
-92 43.5 3.32602
-91.5 43.5 3.35381
-91 43.5 3.37008
-90.5 43.5 3.37811
-90 43.5 3.38541
-89.5 43.5 3.38697
-89 43.5 3.37806
-88.5 43.5 3.36198
-88 43.5 3.33312
-87.5 43.5 3.31449
-87 43.5 3.32367
-86.5 43.5 3.34189
-86 43.5 3.35542
-85.5 43.5 3.35773
-85 43.5 3.35253
-84.5 43.5 3.34186
-84 43.5 3.34525
-83.5 43.5 3.35373
-83 43.5 3.37606
-82.5 43.5 3.39624
-82 43.5 3.3982
-81.5 43.5 3.39667
-81 43.5 3.40754
-119 44 3.20153
-118.5 44 3.19151
-118 44 3.19163
-117.5 44 3.19628
-117 44 3.21012
-116.5 44 3.20886
-116 44 3.18742
-115.5 44 3.16172
-115 44 3.15873
-114.5 44 3.16218
-114 44 3.18036
-113.5 44 3.20104
-113 44 3.19562
-112.5 44 3.18785
-112 44 3.15504
-111.5 44 3.13308
-111 44 3.14001
-110.5 44 3.16553
-110 44 3.16873
-109.5 44 3.16366
-109 44 3.17624
-108.5 44 3.1851
-108 44 3.21976
-107.5 44 3.24629
-107 44 3.24176
-106.5 44 3.23629
-106 44 3.17519
-105.5 44 3.14541
-105 44 3.1856
-104.5 44 3.23365
-104 44 3.2896
-103.5 44 3.2998
-103 44 3.27965
-102.5 44 3.24844
-102 44 3.21023
-101.5 44 3.22346
-101 44 3.27715
-100.5 44 3.32682
-100 44 3.36629
-99.5 44 3.37889
-99 44 3.38725
-98.5 44 3.40245
-98 44 3.40847
-97.5 44 3.40619
-97 44 3.41376
-96.5 44 3.42035
-96 44 3.41789
-95.5 44 3.41189
-95 44 3.39219
-94.5 44 3.36367
-94 44 3.32412
-93.5 44 3.29197
-93 44 3.28385
-92.5 44 3.29496
-92 44 3.32806
-91.5 44 3.36781
-91 44 3.38961
-90.5 44 3.39843
-90 44 3.39986
-89.5 44 3.39255
-89 44 3.38304
-88.5 44 3.36858
-88 44 3.34729
-87.5 44 3.33515
-87 44 3.34211
-86.5 44 3.36308
-86 44 3.36985
-85.5 44 3.37481
-85 44 3.36092
-84.5 44 3.34246
-84 44 3.33207
-83.5 44 3.32716
-83 44 3.35358
-82.5 44 3.38012
-82 44 3.37781
-81.5 44 3.37832
-81 44 3.40013
-119 44.5 3.22028
-118.5 44.5 3.21939
-118 44.5 3.22802
-117.5 44.5 3.23933
-117 44.5 3.24057
-116.5 44.5 3.22968
-116 44.5 3.20017
-115.5 44.5 3.16972
-115 44.5 3.15203
-114.5 44.5 3.14932
-114 44.5 3.15954
-113.5 44.5 3.18018
-113 44.5 3.19225
-112.5 44.5 3.19448
-112 44.5 3.17365
-111.5 44.5 3.15223
-111 44.5 3.15381
-110.5 44.5 3.17316
-110 44.5 3.21581
-109.5 44.5 3.23058
-109 44.5 3.22977
-108.5 44.5 3.22635
-108 44.5 3.24
-107.5 44.5 3.25519
-107 44.5 3.23388
-106.5 44.5 3.22081
-106 44.5 3.19793
-105.5 44.5 3.18489
-105 44.5 3.2479
-104.5 44.5 3.28996
-104 44.5 3.31621
-103.5 44.5 3.30308
-103 44.5 3.26014
-102.5 44.5 3.23586
-102 44.5 3.21465
-101.5 44.5 3.23249
-101 44.5 3.29097
-100.5 44.5 3.34134
-100 44.5 3.38458
-99.5 44.5 3.39858
-99 44.5 3.41001
-98.5 44.5 3.41217
-98 44.5 3.4126
-97.5 44.5 3.41844
-97 44.5 3.43202
-96.5 44.5 3.42971
-96 44.5 3.42941
-95.5 44.5 3.42676
-95 44.5 3.41008
-94.5 44.5 3.37811
-94 44.5 3.33907
-93.5 44.5 3.30527
-93 44.5 3.29039
-92.5 44.5 3.29858
-92 44.5 3.33346
-91.5 44.5 3.38058
-91 44.5 3.40917
-90.5 44.5 3.42019
-90 44.5 3.41766
-89.5 44.5 3.40398
-89 44.5 3.39442
-88.5 44.5 3.38306
-88 44.5 3.36365
-87.5 44.5 3.34681
-87 44.5 3.34381
-86.5 44.5 3.35004
-86 44.5 3.36054
-85.5 44.5 3.37459
-85 44.5 3.36102
-84.5 44.5 3.34694
-84 44.5 3.33399
-83.5 44.5 3.33047
-83 44.5 3.33754
-82.5 44.5 3.34458
-82 44.5 3.35671
-81.5 44.5 3.38078
-81 44.5 3.41138
-119 45 3.21907
-118.5 45 3.22619
-118 45 3.24646
-117.5 45 3.28023
-117 45 3.2808
-116.5 45 3.26994
-116 45 3.24018
-115.5 45 3.2056
-115 45 3.18068
-114.5 45 3.16301
-114 45 3.16131
-113.5 45 3.16692
-113 45 3.18715
-112.5 45 3.20265
-112 45 3.19452
-111.5 45 3.17442
-111 45 3.16885
-110.5 45 3.16769
-110 45 3.22618
-109.5 45 3.278
-109 45 3.27007
-108.5 45 3.25673
-108 45 3.25684
-107.5 45 3.27227
-107 45 3.24219
-106.5 45 3.21138
-106 45 3.2024
-105.5 45 3.19242
-105 45 3.2551
-104.5 45 3.30513
-104 45 3.31052
-103.5 45 3.29723
-103 45 3.25707
-102.5 45 3.23978
-102 45 3.22876
-101.5 45 3.23573
-101 45 3.28313
-100.5 45 3.32493
-100 45 3.3591
-99.5 45 3.38659
-99 45 3.40782
-98.5 45 3.40763
-98 45 3.40196
-97.5 45 3.41016
-97 45 3.41945
-96.5 45 3.42308
-96 45 3.43222
-95.5 45 3.43244
-95 45 3.4148
-94.5 45 3.39077
-94 45 3.36017
-93.5 45 3.32571
-93 45 3.30688
-92.5 45 3.30576
-92 45 3.34115
-91.5 45 3.39298
-91 45 3.42056
-90.5 45 3.43482
-90 45 3.43053
-89.5 45 3.41204
-89 45 3.40789
-88.5 45 3.40031
-88 45 3.3805
-87.5 45 3.36087
-87 45 3.35399
-86.5 45 3.34636
-86 45 3.36564
-85.5 45 3.38182
-85 45 3.36573
-84.5 45 3.35603
-84 45 3.34749
-83.5 45 3.34842
-83 45 3.34185
-82.5 45 3.33428
-82 45 3.36353
-81.5 45 3.39884
-81 45 3.43631
-119 45.5 3.21727
-118.5 45.5 3.20067
-118 45.5 3.22599
-117.5 45.5 3.26575
-117 45.5 3.29409
-116.5 45.5 3.29835
-116 45.5 3.28226
-115.5 45.5 3.25113
-115 45.5 3.2271
-114.5 45.5 3.2005
-114 45.5 3.18307
-113.5 45.5 3.17181
-113 45.5 3.18258
-112.5 45.5 3.19737
-112 45.5 3.21829
-111.5 45.5 3.21924
-111 45.5 3.21644
-110.5 45.5 3.21131
-110 45.5 3.22438
-109.5 45.5 3.2609
-109 45.5 3.27295
-108.5 45.5 3.26986
-108 45.5 3.2472
-107.5 45.5 3.24827
-107 45.5 3.24823
-106.5 45.5 3.23352
-106 45.5 3.24625
-105.5 45.5 3.24531
-105 45.5 3.25775
-104.5 45.5 3.28166
-104 45.5 3.27163
-103.5 45.5 3.2642
-103 45.5 3.24128
-102.5 45.5 3.23787
-102 45.5 3.24765
-101.5 45.5 3.25126
-101 45.5 3.27877
-100.5 45.5 3.30008
-100 45.5 3.31645
-99.5 45.5 3.3631
-99 45.5 3.40213
-98.5 45.5 3.39574
-98 45.5 3.38413
-97.5 45.5 3.39566
-97 45.5 3.4048
-96.5 45.5 3.42007
-96 45.5 3.431
-95.5 45.5 3.42284
-95 45.5 3.41171
-94.5 45.5 3.40708
-94 45.5 3.38701
-93.5 45.5 3.35557
-93 45.5 3.33134
-92.5 45.5 3.31604
-92 45.5 3.34082
-91.5 45.5 3.38206
-91 45.5 3.41087
-90.5 45.5 3.43416
-90 45.5 3.43367
-89.5 45.5 3.41754
-89 45.5 3.41478
-88.5 45.5 3.40364
-88 45.5 3.39809
-87.5 45.5 3.39429
-87 45.5 3.38861
-86.5 45.5 3.37716
-86 45.5 3.37196
-85.5 45.5 3.35559
-85 45.5 3.34818
-84.5 45.5 3.34894
-84 45.5 3.35927
-83.5 45.5 3.37421
-83 45.5 3.38285
-82.5 45.5 3.39402
-82 45.5 3.39985
-81.5 45.5 3.40814
-81 45.5 3.44426
-119 46 3.23704
-118.5 46 3.18333
-118 46 3.21249
-117.5 46 3.25005
-117 46 3.29308
-116.5 46 3.31188
-116 46 3.30293
-115.5 46 3.27812
-115 46 3.25498
-114.5 46 3.22813
-114 46 3.1944
-113.5 46 3.16902
-113 46 3.16556
-112.5 46 3.17552
-112 46 3.20991
-111.5 46 3.24153
-111 46 3.24431
-110.5 46 3.24917
-110 46 3.23873
-109.5 46 3.2489
-109 46 3.26927
-108.5 46 3.28842
-108 46 3.26087
-107.5 46 3.23442
-107 46 3.24546
-106.5 46 3.2435
-106 46 3.26588
-105.5 46 3.28697
-105 46 3.28893
-104.5 46 3.28142
-104 46 3.25762
-103.5 46 3.25169
-103 46 3.24072
-102.5 46 3.23152
-102 46 3.24109
-101.5 46 3.25041
-101 46 3.27278
-100.5 46 3.28344
-100 46 3.29344
-99.5 46 3.33936
-99 46 3.38305
-98.5 46 3.38996
-98 46 3.39282
-97.5 46 3.40075
-97 46 3.40516
-96.5 46 3.41701
-96 46 3.41951
-95.5 46 3.41318
-95 46 3.4175
-94.5 46 3.42173
-94 46 3.4009
-93.5 46 3.37524
-93 46 3.34507
-92.5 46 3.32091
-92 46 3.34035
-91.5 46 3.36563
-91 46 3.38138
-90.5 46 3.40691
-90 46 3.3959
-89.5 46 3.39278
-89 46 3.39741
-88.5 46 3.3925
-88 46 3.40693
-87.5 46 3.41358
-87 46 3.40436
-86.5 46 3.38757
-86 46 3.35193
-85.5 46 3.31689
-85 46 3.32923
-84.5 46 3.35046
-84 46 3.38808
-83.5 46 3.41366
-83 46 3.43907
-82.5 46 3.4591
-82 46 3.42818
-81.5 46 3.40552
-81 46 3.44275
-119 46.5 3.26656
-118.5 46.5 3.23784
-118 46.5 3.25146
-117.5 46.5 3.27634
-117 46.5 3.30399
-116.5 46.5 3.31781
-116 46.5 3.30936
-115.5 46.5 3.29066
-115 46.5 3.26718
-114.5 46.5 3.24335
-114 46.5 3.20467
-113.5 46.5 3.18127
-113 46.5 3.16901
-112.5 46.5 3.18307
-112 46.5 3.2029
-111.5 46.5 3.23523
-111 46.5 3.24227
-110.5 46.5 3.24956
-110 46.5 3.24246
-109.5 46.5 3.24542
-109 46.5 3.25426
-108.5 46.5 3.27286
-108 46.5 3.28063
-107.5 46.5 3.26724
-107 46.5 3.28035
-106.5 46.5 3.27829
-106 46.5 3.27158
-105.5 46.5 3.28656
-105 46.5 3.30187
-104.5 46.5 3.28179
-104 46.5 3.24017
-103.5 46.5 3.23221
-103 46.5 3.2402
-102.5 46.5 3.23003
-102 46.5 3.23549
-101.5 46.5 3.24868
-101 46.5 3.26944
-100.5 46.5 3.27085
-100 46.5 3.2715
-99.5 46.5 3.32143
-99 46.5 3.37656
-98.5 46.5 3.40073
-98 46.5 3.41263
-97.5 46.5 3.40948
-97 46.5 3.40601
-96.5 46.5 3.41277
-96 46.5 3.41337
-95.5 46.5 3.41568
-95 46.5 3.42195
-94.5 46.5 3.41813
-94 46.5 3.40273
-93.5 46.5 3.39234
-93 46.5 3.37229
-92.5 46.5 3.3594
-92 46.5 3.35433
-91.5 46.5 3.33667
-91 46.5 3.33216
-90.5 46.5 3.34502
-90 46.5 3.34239
-89.5 46.5 3.3761
-89 46.5 3.3828
-88.5 46.5 3.38892
-88 46.5 3.39672
-87.5 46.5 3.38773
-87 46.5 3.37932
-86.5 46.5 3.35872
-86 46.5 3.32428
-85.5 46.5 3.30209
-85 46.5 3.33501
-84.5 46.5 3.3884
-84 46.5 3.42607
-83.5 46.5 3.43763
-83 46.5 3.45244
-82.5 46.5 3.44522
-82 46.5 3.43214
-81.5 46.5 3.42279
-81 46.5 3.44201
-119 47 3.28021
-118.5 47 3.28509
-118 47 3.29137
-117.5 47 3.30395
-117 47 3.31166
-116.5 47 3.31594
-116 47 3.3017
-115.5 47 3.28789
-115 47 3.26949
-114.5 47 3.25797
-114 47 3.22586
-113.5 47 3.2125
-113 47 3.21541
-112.5 47 3.23529
-112 47 3.26235
-111.5 47 3.27596
-111 47 3.27708
-110.5 47 3.26981
-110 47 3.25984
-109.5 47 3.25637
-109 47 3.25978
-108.5 47 3.26115
-108 47 3.28125
-107.5 47 3.2849
-107 47 3.30421
-106.5 47 3.30861
-106 47 3.28308
-105.5 47 3.27036
-105 47 3.28281
-104.5 47 3.27882
-104 47 3.23445
-103.5 47 3.20729
-103 47 3.21054
-102.5 47 3.20922
-102 47 3.21349
-101.5 47 3.23761
-101 47 3.26874
-100.5 47 3.27269
-100 47 3.273
-99.5 47 3.31746
-99 47 3.37631
-98.5 47 3.41057
-98 47 3.4262
-97.5 47 3.42056
-97 47 3.41579
-96.5 47 3.41848
-96 47 3.41711
-95.5 47 3.41921
-95 47 3.42318
-94.5 47 3.41984
-94 47 3.41847
-93.5 47 3.42033
-93 47 3.41494
-92.5 47 3.40374
-92 47 3.37674
-91.5 47 3.33308
-91 47 3.33674
-90.5 47 3.33093
-90 47 3.34483
-89.5 47 3.37348
-89 47 3.34962
-88.5 47 3.3511
-88 47 3.33635
-87.5 47 3.32627
-87 47 3.32496
-86.5 47 3.31359
-86 47 3.28511
-85.5 47 3.27136
-85 47 3.32344
-84.5 47 3.3894
-84 47 3.39405
-83.5 47 3.39715
-83 47 3.39962
-82.5 47 3.39672
-82 47 3.41923
-81.5 47 3.42679
-81 47 3.43089
-119 47.5 3.29816
-118.5 47.5 3.31517
-118 47.5 3.31474
-117.5 47.5 3.31689
-117 47.5 3.30701
-116.5 47.5 3.30078
-116 47.5 3.27985
-115.5 47.5 3.26443
-115 47.5 3.24767
-114.5 47.5 3.23559
-114 47.5 3.22112
-113.5 47.5 3.21528
-113 47.5 3.25042
-112.5 47.5 3.28504
-112 47.5 3.33781
-111.5 47.5 3.34997
-111 47.5 3.32799
-110.5 47.5 3.29784
-110 47.5 3.27948
-109.5 47.5 3.2683
-109 47.5 3.28249
-108.5 47.5 3.28258
-108 47.5 3.29749
-107.5 47.5 3.30142
-107 47.5 3.31076
-106.5 47.5 3.3105
-106 47.5 3.2852
-105.5 47.5 3.26228
-105 47.5 3.25671
-104.5 47.5 3.25836
-104 47.5 3.22911
-103.5 47.5 3.19789
-103 47.5 3.19277
-102.5 47.5 3.19541
-102 47.5 3.19764
-101.5 47.5 3.23211
-101 47.5 3.27353
-100.5 47.5 3.27706
-100 47.5 3.27747
-99.5 47.5 3.32226
-99 47.5 3.38332
-98.5 47.5 3.4256
-98 47.5 3.44262
-97.5 47.5 3.42968
-97 47.5 3.4225
-96.5 47.5 3.42067
-96 47.5 3.41981
-95.5 47.5 3.42346
-95 47.5 3.42554
-94.5 47.5 3.42129
-94 47.5 3.42639
-93.5 47.5 3.4342
-93 47.5 3.43703
-92.5 47.5 3.42599
-92 47.5 3.40832
-91.5 47.5 3.38019
-91 47.5 3.37196
-90.5 47.5 3.32178
-90 47.5 3.31474
-89.5 47.5 3.28779
-89 47.5 3.2692
-88.5 47.5 3.2823
-88 47.5 3.27248
-87.5 47.5 3.2881
-87 47.5 3.28181
-86.5 47.5 3.27399
-86 47.5 3.25558
-85.5 47.5 3.25843
-85 47.5 3.28185
-84.5 47.5 3.29741
-84 47.5 3.30091
-83.5 47.5 3.32321
-83 47.5 3.34115
-82.5 47.5 3.38459
-82 47.5 3.41634
-81.5 47.5 3.43346
-81 47.5 3.40597
-119 48 3.31338
-118.5 48 3.33969
-118 48 3.335
-117.5 48 3.33325
-117 48 3.3168
-116.5 48 3.3032
-116 48 3.28242
-115.5 48 3.26006
-115 48 3.24404
-114.5 48 3.22352
-114 48 3.21083
-113.5 48 3.19551
-113 48 3.23218
-112.5 48 3.27738
-112 48 3.33312
-111.5 48 3.38016
-111 48 3.34725
-110.5 48 3.30779
-110 48 3.28458
-109.5 48 3.26586
-109 48 3.27903
-108.5 48 3.28636
-108 48 3.28938
-107.5 48 3.29372
-107 48 3.29507
-106.5 48 3.3047
-106 48 3.28625
-105.5 48 3.25919
-105 48 3.24894
-104.5 48 3.26156
-104 48 3.24309
-103.5 48 3.19726
-103 48 3.18132
-102.5 48 3.20586
-102 48 3.22875
-101.5 48 3.24147
-101 48 3.26984
-100.5 48 3.28633
-100 48 3.29594
-99.5 48 3.33805
-99 48 3.4003
-98.5 48 3.43302
-98 48 3.43687
-97.5 48 3.42438
-97 48 3.42042
-96.5 48 3.42267
-96 48 3.42356
-95.5 48 3.42512
-95 48 3.41801
-94.5 48 3.40878
-94 48 3.40981
-93.5 48 3.4174
-93 48 3.40695
-92.5 48 3.3914
-92 48 3.36523
-91.5 48 3.35898
-91 48 3.32152
-90.5 48 3.26741
-90 48 3.25128
-89.5 48 3.22004
-89 48 3.25158
-88.5 48 3.27553
-88 48 3.2837
-87.5 48 3.29723
-87 48 3.27559
-86.5 48 3.26051
-86 48 3.24515
-85.5 48 3.2474
-85 48 3.24036
-84.5 48 3.23503
-84 48 3.26459
-83.5 48 3.2922
-83 48 3.32589
-82.5 48 3.37013
-82 48 3.3781
-81.5 48 3.39267
-81 48 3.31943
-119 48.5 3.32584
-118.5 48.5 3.32466
-118 48.5 3.32809
-117.5 48.5 3.32876
-117 48.5 3.31707
-116.5 48.5 3.303
-116 48.5 3.29862
-115.5 48.5 3.28701
-115 48.5 3.27764
-114.5 48.5 3.2643
-114 48.5 3.25835
-113.5 48.5 3.25017
-113 48.5 3.24548
-112.5 48.5 3.26971
-112 48.5 3.28844
-111.5 48.5 3.32788
-111 48.5 3.32883
-110.5 48.5 3.315
-110 48.5 3.31116
-109.5 48.5 3.30631
-109 48.5 3.30437
-108.5 48.5 3.30905
-108 48.5 3.2919
-107.5 48.5 3.29079
-107 48.5 3.27761
-106.5 48.5 3.29366
-106 48.5 3.29969
-105.5 48.5 3.27855
-105 48.5 3.24889
-104.5 48.5 3.26464
-104 48.5 3.27654
-103.5 48.5 3.22661
-103 48.5 3.17564
-102.5 48.5 3.20549
-102 48.5 3.27209
-101.5 48.5 3.27513
-101 48.5 3.27132
-100.5 48.5 3.29628
-100 48.5 3.3174
-99.5 48.5 3.35839
-99 48.5 3.41647
-98.5 48.5 3.43382
-98 48.5 3.4285
-97.5 48.5 3.42295
-97 48.5 3.42316
-96.5 48.5 3.4294
-96 48.5 3.43078
-95.5 48.5 3.42883
-95 48.5 3.41512
-94.5 48.5 3.39996
-94 48.5 3.39182
-93.5 48.5 3.39146
-93 48.5 3.36187
-92.5 48.5 3.32644
-92 48.5 3.29766
-91.5 48.5 3.31895
-91 48.5 3.29491
-90.5 48.5 3.29293
-90 48.5 3.28235
-89.5 48.5 3.27714
-89 48.5 3.2936
-88.5 48.5 3.27944
-88 48.5 3.28328
-87.5 48.5 3.27375
-87 48.5 3.25758
-86.5 48.5 3.24493
-86 48.5 3.23417
-85.5 48.5 3.23544
-85 48.5 3.23951
-84.5 48.5 3.26546
-84 48.5 3.29114
-83.5 48.5 3.29755
-83 48.5 3.29678
-82.5 48.5 3.27852
-82 48.5 3.26796
-81.5 48.5 3.26958
-81 48.5 3.23905
-119 49 3.3679
-118.5 49 3.32336
-118 49 3.32401
-117.5 49 3.32509
-117 49 3.31235
-116.5 49 3.29691
-116 49 3.30703
-115.5 49 3.31735
-115 49 3.32036
-114.5 49 3.32477
-114 49 3.33739
-113.5 49 3.35082
-113 49 3.33215
-112.5 49 3.32425
-112 49 3.31822
-111.5 49 3.31959
-111 49 3.33055
-110.5 49 3.33429
-110 49 3.35534
-109.5 49 3.37727
-109 49 3.38537
-108.5 49 3.39068
-108 49 3.37274
-107.5 49 3.35553
-107 49 3.33466
-106.5 49 3.32511
-106 49 3.33402
-105.5 49 3.3296
-105 49 3.29803
-104.5 49 3.27754
-104 49 3.28449
-103.5 49 3.26941
-103 49 3.21807
-102.5 49 3.19522
-102 49 3.24626
-101.5 49 3.2853
-101 49 3.30055
-100.5 49 3.33159
-100 49 3.3566
-99.5 49 3.36983
-99 49 3.40265
-98.5 49 3.42284
-98 49 3.42814
-97.5 49 3.43156
-97 49 3.44163
-96.5 49 3.45045
-96 49 3.45294
-95.5 49 3.4482
-95 49 3.43142
-94.5 49 3.41515
-94 49 3.41589
-93.5 49 3.40993
-93 49 3.37224
-92.5 49 3.33545
-92 49 3.35259
-91.5 49 3.3865
-91 49 3.38476
-90.5 49 3.38718
-90 49 3.36478
-89.5 49 3.3444
-89 49 3.29979
-88.5 49 3.2524
-88 49 3.24501
-87.5 49 3.237
-87 49 3.23977
-86.5 49 3.2407
-86 49 3.24438
-85.5 49 3.25446
-85 49 3.2865
-84.5 49 3.32449
-84 49 3.32267
-83.5 49 3.30042
-83 49 3.25163
-82.5 49 3.19926
-82 49 3.20774
-81.5 49 3.22489
-81 49 3.26593
