-119 25 -0.140832 -0.149463
-118.5 25 -0.141664 -0.152433
-118 25 -0.142992 -0.155384
-117.5 25 -0.144913 -0.158318
-117 25 -0.14729 -0.161541
-116.5 25 -0.149549 -0.16517
-116 25 -0.151214 -0.169043
-115.5 25 -0.152125 -0.172861
-115 25 -0.152353 -0.176526
-114.5 25 -0.151936 -0.179993
-114 25 -0.150936 -0.183315
-113.5 25 -0.149371 -0.186501
-113 25 -0.147241 -0.189589
-112.5 25 -0.144567 -0.192595
-112 25 -0.141397 -0.195556
-111.5 25 -0.137721 -0.19849
-111 25 -0.133571 -0.201424
-110.5 25 -0.129034 -0.204303
-110 25 -0.12419 -0.207192
-109.5 25 -0.119069 -0.21008
-109 25 -0.11367 -0.212987
-108.5 25 -0.108044 -0.215822
-108 25 -0.102219 -0.218584
-107.5 25 -0.0962952 -0.221211
-107 25 -0.0903616 -0.223693
-106.5 25 -0.0844673 -0.226013
-106 25 -0.0787024 -0.228198
-105.5 25 -0.0731155 -0.230265
-105 25 -0.0676867 -0.232359
-104.5 25 -0.062199 -0.234499
-104 25 -0.0564341 -0.236665
-103.5 25 -0.0503617 -0.23866
-103 25 -0.0440414 -0.240484
-102.5 25 -0.0375235 -0.242064
-102 25 -0.0308271 -0.243418
-101.5 25 -0.0240316 -0.244519
-101 25 -0.0171769 -0.245359
-100.5 25 -0.0103122 -0.2459
-100 25 -0.00348677 -0.246189
-99.5 25 0.00319958 -0.246171
-99 25 0.00971756 -0.245963
-98.5 25 0.0161467 -0.245557
-98 25 0.0225358 -0.244943
-97.5 25 0.0288758 -0.244077
-97 25 0.0350769 -0.242966
-96.5 25 0.0410798 -0.241621
-96 25 0.0469242 -0.240195
-95.5 25 0.052729 -0.238687
-95 25 0.0586031 -0.237126
-94.5 25 0.0645863 -0.235393
-94 25 0.0706191 -0.233497
-93.5 25 0.0766419 -0.231421
-93 25 0.0826054 -0.229173
-92.5 25 0.0884202 -0.226745
-92 25 0.0940364 -0.224208
-91.5 25 0.0993757 -0.221527
-91 25 0.104389 -0.218792
-90.5 25 0.109024 -0.215966
-90 25 0.113293 -0.21315
-89.5 25 0.117197 -0.210333
-89 25 0.120763 -0.207535
-88.5 25 0.124002 -0.204682
-88 25 0.126855 -0.20183
-87.5 25 0.129262 -0.198941
-87 25 0.131293 -0.196161
-86.5 25 0.133145 -0.193488
-86 25 0.134988 -0.190862
-85.5 25 0.13684 -0.18809
-85 25 0.138613 -0.185165
-84.5 25 0.140169 -0.182015
-84 25 0.141496 -0.178765
-83.5 25 0.142664 -0.175398
-83 25 0.143764 -0.171941
-82.5 25 0.144755 -0.16823
-82 25 0.145488 -0.164358
-81.5 25 0.145885 -0.160323
-81 25 0.145963 -0.156323
-119 25.5 -0.144712 -0.150518
-118.5 25.5 -0.145478 -0.153487
-118 25.5 -0.146751 -0.15625
-117.5 25.5 -0.14882 -0.159021
-117 25.5 -0.151635 -0.162081
-116.5 25.5 -0.15436 -0.165845
-116 25.5 -0.156131 -0.169817
-115.5 25.5 -0.156887 -0.173698
-115 25.5 -0.156867 -0.177326
-114.5 25.5 -0.15625 -0.180712
-114 25.5 -0.155086 -0.183889
-113.5 25.5 -0.153386 -0.186949
-113 25.5 -0.151147 -0.1899
-112.5 25.5 -0.148412 -0.19278
-112 25.5 -0.14519 -0.19566
-111.5 25.5 -0.141499 -0.198548
-111 25.5 -0.137312 -0.201437
-110.5 25.5 -0.132736 -0.204298
-110 25.5 -0.127892 -0.207196
-109.5 25.5 -0.12277 -0.210138
-109 25.5 -0.117339 -0.213108
-108.5 25.5 -0.1116 -0.216059
-108 25.5 -0.105652 -0.218903
-107.5 25.5 -0.0995447 -0.22162
-107 25.5 -0.0933877 -0.224148
-106.5 25.5 -0.0873007 -0.226522
-106 25.5 -0.0813528 -0.22867
-105.5 25.5 -0.0756929 -0.23071
-105 25.5 -0.070312 -0.232786
-104.5 25.5 -0.0648712 -0.235052
-104 25.5 -0.0590125 -0.237299
-103.5 25.5 -0.052717 -0.239402
-103 25.5 -0.0461223 -0.24128
-102.5 25.5 -0.0392983 -0.242905
-102 25.5 -0.0323262 -0.244286
-101.5 25.5 -0.0252145 -0.245414
-101 25.5 -0.0180129 -0.246263
-100.5 25.5 -0.0108019 -0.246831
-100 25.5 -0.0036404 -0.247066
-99.5 25.5 0.00335203 -0.247048
-99 25.5 0.0101056 -0.246786
-98.5 25.5 0.0167699 -0.246407
-98 25.5 0.0234539 -0.245784
-97.5 25.5 0.0300982 -0.244899
-97 25.5 0.0366031 -0.243699
-96.5 25.5 0.0428197 -0.242282
-96 25.5 0.0487579 -0.240747
-95.5 25.5 0.0546263 -0.239267
-95 25.5 0.0606538 -0.237696
-94.5 25.5 0.0668507 -0.235972
-94 25.5 0.073097 -0.234068
-93.5 25.5 0.0793533 -0.231973
-93 25.5 0.0855301 -0.229699
-92.5 25.5 0.0915379 -0.227253
-92 25.5 0.0973067 -0.224662
-91.5 25.5 0.102777 -0.221972
-91 25.5 0.10789 -0.219183
-90.5 25.5 0.112595 -0.216367
-90 25.5 0.116852 -0.213532
-89.5 25.5 0.120751 -0.210779
-89 25.5 0.124352 -0.208008
-88.5 25.5 0.127633 -0.205219
-88 25.5 0.130528 -0.202349
-87.5 25.5 0.132915 -0.199496
-87 25.5 0.134805 -0.196725
-86.5 25.5 0.136546 -0.194224
-86 25.5 0.138445 -0.191733
-85.5 25.5 0.140485 -0.189134
-85 25.5 0.142494 -0.186245
-84.5 25.5 0.144274 -0.183158
-84 25.5 0.145696 -0.179899
-83.5 25.5 0.14697 -0.176659
-83 25.5 0.148283 -0.17322
-82.5 25.5 0.149516 -0.169582
-82 25.5 0.150471 -0.165637
-81.5 25.5 0.150949 -0.161549
-81 25.5 0.150929 -0.157478
-119 26 -0.148685 -0.152006
-118.5 26 -0.149185 -0.154975
-118 26 -0.150304 -0.157683
-117.5 26 -0.15257 -0.160247
-117 26 -0.156066 -0.163062
-116.5 26 -0.159353 -0.167016
-116 26 -0.16116 -0.171114
-115.5 26 -0.161699 -0.174968
-115 26 -0.161381 -0.178488
-114.5 26 -0.160461 -0.181683
-114 26 -0.159093 -0.184634
-113.5 26 -0.157265 -0.187487
-113 26 -0.154918 -0.19024
-112.5 26 -0.152141 -0.19292
-112 26 -0.148955 -0.195637
-111.5 26 -0.145259 -0.198435
-111 26 -0.141044 -0.201296
-110.5 26 -0.136479 -0.204104
-110 26 -0.131685 -0.207028
-109.5 26 -0.126601 -0.21006
-109 26 -0.121168 -0.213166
-108.5 26 -0.115354 -0.21627
-108 26 -0.109221 -0.219285
-107.5 26 -0.102899 -0.222101
-107 26 -0.0965365 -0.224755
-106.5 26 -0.0901738 -0.227183
-106 26 -0.0839911 -0.229385
-105.5 26 -0.078278 -0.231407
-105 26 -0.073054 -0.233429
-104.5 26 -0.0677103 -0.235857
-104 26 -0.0617175 -0.238249
-103.5 26 -0.055185 -0.240424
-103 26 -0.048283 -0.242346
-102.5 26 -0.0411616 -0.244007
-102 26 -0.0338603 -0.245415
-101.5 26 -0.0264191 -0.246552
-101 26 -0.0188877 -0.247446
-100.5 26 -0.0112868 -0.248024
-100 26 -0.00375565 -0.248276
-99.5 26 0.00353588 -0.248213
-99 26 0.0105077 -0.247915
-98.5 26 0.0173895 -0.247563
-98 26 0.0243915 -0.246968
-97.5 26 0.0314233 -0.24602
-97 26 0.0382649 -0.244747
-96.5 26 0.0446874 -0.243195
-96 26 0.0506506 -0.241525
-95.5 26 0.0565433 -0.240045
-95 26 0.0627359 -0.238474
-94.5 26 0.0691386 -0.236723
-94 26 0.0756312 -0.234774
-93.5 26 0.0821135 -0.232634
-93 26 0.0885159 -0.230315
-92.5 26 0.0947286 -0.227815
-92 26 0.100662 -0.22518
-91.5 26 0.106265 -0.222453
-91 26 0.111459 -0.219655
-90.5 26 0.116183 -0.216821
-90 26 0.120418 -0.214005
-89.5 26 0.124284 -0.211315
-89 26 0.127919 -0.208644
-88.5 26 0.131295 -0.205909
-88 26 0.134242 -0.203101
-87.5 26 0.13656 -0.200249
-87 26 0.138218 -0.197515
-86.5 26 0.139775 -0.19524
-86 26 0.141743 -0.192983
-85.5 26 0.14405 -0.190519
-85 26 0.146377 -0.187758
-84.5 26 0.148356 -0.184698
-84 26 0.149864 -0.181449
-83.5 26 0.151242 -0.178325
-83 26 0.15279 -0.174995
-82.5 26 0.154348 -0.171357
-82 26 0.155587 -0.167404
-81.5 26 0.156126 -0.163234
-81 26 0.155937 -0.159064
-119 26.5 -0.152754 -0.153909
-118.5 26.5 -0.153024 -0.157121
-118 26.5 -0.153857 -0.160099
-117.5 26.5 -0.156064 -0.162726
-117 26.5 -0.160447 -0.165136
-116.5 26.5 -0.16462 -0.169378
-116 26.5 -0.166295 -0.173394
-115.5 26.5 -0.166416 -0.176968
-115 26.5 -0.165663 -0.180154
-114.5 26.5 -0.164409 -0.182997
-114 26.5 -0.162855 -0.185579
-113.5 26.5 -0.160919 -0.188132
-113 26.5 -0.158471 -0.190551
-112.5 26.5 -0.155672 -0.192925
-112 26.5 -0.152553 -0.195353
-111.5 26.5 -0.148992 -0.197952
-111 26.5 -0.144779 -0.200795
-110.5 26.5 -0.140234 -0.203548
-110 26.5 -0.1356 -0.206517
-109.5 26.5 -0.130635 -0.20973
-109 26.5 -0.125238 -0.213042
-108.5 26.5 -0.11935 -0.216382
-108 26.5 -0.11303 -0.219631
-107.5 26.5 -0.10647 -0.222663
-107 26.5 -0.0998294 -0.225488
-106.5 26.5 -0.0931889 -0.228096
-106 26.5 -0.0867389 -0.230497
-105.5 26.5 -0.0808304 -0.232627
-105 26.5 -0.0758549 -0.234577
-104.5 26.5 -0.0707794 -0.237221
-104 26.5 -0.0645905 -0.239667
-103.5 26.5 -0.0577189 -0.241833
-103 26.5 -0.0504965 -0.24371
-102.5 26.5 -0.0430436 -0.245353
-102 26.5 -0.0354296 -0.246743
-101.5 26.5 -0.0276859 -0.247934
-101 26.5 -0.0198014 -0.248864
-100.5 26.5 -0.0118164 -0.249504
-100 26.5 -0.00388197 -0.249838
-99.5 26.5 0.00378156 -0.249811
-99 26.5 0.0109137 -0.24945
-98.5 26.5 0.0179658 -0.249179
-98 26.5 0.0253686 -0.248566
-97.5 26.5 0.0328218 -0.247573
-97 26.5 0.0400543 -0.246238
-96.5 26.5 0.0467648 -0.244577
-96 26.5 0.0526733 -0.242691
-95.5 26.5 0.0584811 -0.241201
-95 26.5 0.0648611 -0.23954
-94.5 26.5 0.0715318 -0.237654
-94 26.5 0.0782626 -0.235569
-93.5 26.5 0.0849836 -0.233331
-93 26.5 0.0916139 -0.230948
-92.5 26.5 0.0980233 -0.228367
-92 26.5 0.104092 -0.225678
-91.5 26.5 0.109791 -0.222934
-91 26.5 0.115067 -0.220154
-90.5 26.5 0.119832 -0.217347
-90 26.5 0.123964 -0.21455
-89.5 26.5 0.127736 -0.211986
-89 26.5 0.131417 -0.209441
-88.5 26.5 0.134878 -0.20686
-88 26.5 0.137928 -0.204224
-87.5 26.5 0.140255 -0.20149
-87 26.5 0.141518 -0.198728
-86.5 26.5 0.142743 -0.196779
-86 26.5 0.144869 -0.194712
-85.5 26.5 0.147487 -0.19242
-85 26.5 0.150176 -0.189829
-84.5 26.5 0.152513 -0.18686
-84 26.5 0.154017 -0.183539
-83.5 26.5 0.155392 -0.180615
-83 26.5 0.157287 -0.177356
-82.5 26.5 0.159223 -0.17371
-82 26.5 0.160779 -0.169793
-81.5 26.5 0.1615 -0.165605
-81 26.5 0.160979 -0.161282
-119 27 -0.157332 -0.156054
-118.5 27 -0.157392 -0.159782
-118 27 -0.157866 -0.163518
-117.5 27 -0.159519 -0.167082
-117 27 -0.164848 -0.170503
-116.5 27 -0.169957 -0.17368
-116 27 -0.171035 -0.176712
-115.5 27 -0.170652 -0.1795
-115 27 -0.169513 -0.182136
-114.5 27 -0.167912 -0.184573
-114 27 -0.166208 -0.186811
-113.5 27 -0.164183 -0.188859
-113 27 -0.161614 -0.190772
-112.5 27 -0.158824 -0.192686
-112 27 -0.155861 -0.194689
-111.5 27 -0.152597 -0.196891
-111 27 -0.148517 -0.199436
-110.5 27 -0.144053 -0.202351
-110 27 -0.139731 -0.2056
-109.5 27 -0.134986 -0.209075
-109 27 -0.129646 -0.212684
-108.5 27 -0.123712 -0.216303
-108 27 -0.117183 -0.219832
-107.5 27 -0.110332 -0.223144
-107 27 -0.103441 -0.226257
-106.5 27 -0.0965495 -0.229199
-106 27 -0.0897791 -0.232006
-105.5 27 -0.0835123 -0.23465
-105 27 -0.0788173 -0.237141
-104.5 27 -0.0739812 -0.239442
-104 27 -0.0674023 -0.241581
-103.5 27 -0.0601787 -0.243521
-103 27 -0.0526322 -0.245272
-102.5 27 -0.0449046 -0.246824
-102 27 -0.0370356 -0.248214
-101.5 27 -0.0290163 -0.249406
-101 27 -0.0208054 -0.250416
-100.5 27 -0.0124727 -0.251174
-100 27 -0.00413082 -0.251698
-99.5 27 0.00399984 -0.251906
-99 27 0.0113043 -0.251797
-98.5 27 0.018528 -0.251319
-98 27 0.0263967 -0.250525
-97.5 27 0.0342955 -0.249432
-97 27 0.0419425 -0.248115
-96.5 27 0.0490354 -0.246563
-96 27 0.0548589 -0.24483
-95.5 27 0.0605513 -0.242917
-95 27 0.0672409 -0.240868
-94.5 27 0.0741727 -0.238666
-94 27 0.0811147 -0.236356
-93.5 27 0.0879857 -0.233928
-93 27 0.0948265 -0.231411
-92.5 27 0.101436 -0.228766
-92 27 0.107602 -0.226058
-91.5 27 0.113355 -0.223324
-91 27 0.118664 -0.220599
-90.5 27 0.12345 -0.217919
-90 27 0.12745 -0.21531
-89.5 27 0.131067 -0.212757
-89 27 0.134754 -0.21032
-88.5 27 0.13826 -0.207937
-88 27 0.141404 -0.205645
-87.5 27 0.143882 -0.203371
-87 27 0.144678 -0.201178
-86.5 27 0.145474 -0.198985
-86 27 0.147842 -0.196855
-85.5 27 0.150754 -0.194608
-85 27 0.153856 -0.192288
-84.5 27 0.156668 -0.189716
-84 27 0.158138 -0.186865
-83.5 27 0.159458 -0.183625
-83 27 0.161826 -0.180132
-82.5 27 0.164133 -0.176414
-82 27 0.165987 -0.172624
-81.5 27 0.166984 -0.168779
-81 27 0.166038 -0.164917
-119 27.5 -0.162551 -0.157767
-118.5 27.5 -0.162754 -0.162044
-118 27.5 -0.163411 -0.16643
-117.5 27.5 -0.165283 -0.170987
-117 27.5 -0.169271 -0.1754
-116.5 27.5 -0.173046 -0.177575
-116 27.5 -0.1743 -0.179515
-115.5 27.5 -0.173977 -0.181572
-115 27.5 -0.172823 -0.183684
-114.5 27.5 -0.171113 -0.185777
-114 27.5 -0.169109 -0.187717
-113.5 27.5 -0.166792 -0.189261
-113 27.5 -0.16417 -0.190696
-112.5 27.5 -0.161448 -0.192148
-112 27.5 -0.158624 -0.193719
-111.5 27.5 -0.155639 -0.195523
-111 27.5 -0.152188 -0.197752
-110.5 27.5 -0.148393 -0.200856
-110 27.5 -0.144345 -0.204385
-109.5 27.5 -0.13974 -0.208157
-109 27.5 -0.134457 -0.212073
-108.5 27.5 -0.128426 -0.216008
-108 27.5 -0.121706 -0.219789
-107.5 27.5 -0.114622 -0.22339
-107 27.5 -0.107507 -0.226783
-106.5 27.5 -0.100463 -0.230067
-106 27.5 -0.0936222 -0.233271
-105.5 27.5 -0.087307 -0.236456
-105 27.5 -0.0819028 -0.239497
-104.5 27.5 -0.0763875 -0.241492
-104 27.5 -0.0697384 -0.243315
-103.5 27.5 -0.0623709 -0.245056
-103 27.5 -0.0546491 -0.24668
-102.5 27.5 -0.0467251 -0.248179
-102 27.5 -0.0386392 -0.24955
-101.5 27.5 -0.0304011 -0.250769
-101 27.5 -0.0219607 -0.251824
-100.5 27.5 -0.0133588 -0.252727
-100 27.5 -0.00473644 -0.253421
-99.5 27.5 0.00370397 -0.253891
-99 27.5 0.0116688 -0.254008
-98.5 27.5 0.0195523 -0.253322
-98 27.5 0.0277092 -0.252303
-97.5 27.5 0.0358155 -0.251111
-97 27.5 0.043628 -0.249776
-96.5 27.5 0.0508642 -0.248332
-96 27.5 0.0572301 -0.246743
-95.5 27.5 0.0634438 -0.244416
-95 27.5 0.0702038 -0.241943
-94.5 27.5 0.0772272 -0.239443
-94 27.5 0.084271 -0.236908
-93.5 27.5 0.0912843 -0.2343
-93 27.5 0.0982169 -0.23161
-92.5 27.5 0.104896 -0.228903
-92 27.5 0.11112 -0.22616
-91.5 27.5 0.116888 -0.223426
-91 27.5 0.122151 -0.220745
-90.5 27.5 0.126827 -0.218174
-90 27.5 0.130854 -0.215719
-89.5 27.5 0.134467 -0.213201
-89 27.5 0.137989 -0.210819
-88.5 27.5 0.141319 -0.208635
-88 27.5 0.144274 -0.206614
-87.5 27.5 0.14651 -0.204818
-87 27.5 0.147694 -0.203131
-86.5 27.5 0.148858 -0.200748
-86 27.5 0.151065 -0.198429
-85.5 27.5 0.153919 -0.196272
-85 27.5 0.156995 -0.194179
-84.5 27.5 0.15995 -0.192085
-84 27.5 0.162217 -0.189676
-83.5 27.5 0.164322 -0.186147
-83 27.5 0.166771 -0.182339
-82.5 27.5 0.169058 -0.178567
-82 27.5 0.170769 -0.174894
-81.5 27.5 0.171578 -0.171411
-81 27.5 0.171032 -0.168063
-119 28 -0.168216 -0.15854
-118.5 28 -0.168582 -0.162998
-118 28 -0.169374 -0.167573
-117.5 28 -0.171072 -0.172202
-117 28 -0.173767 -0.176253
-116.5 28 -0.176136 -0.178689
-116 28 -0.177091 -0.180485
-115.5 28 -0.176898 -0.18229
-115 28 -0.17579 -0.184158
-114.5 28 -0.17398 -0.186053
-114 28 -0.171642 -0.187731
-113.5 28 -0.169029 -0.18903
-113 28 -0.166335 -0.190131
-112.5 28 -0.163671 -0.191259
-112 28 -0.161079 -0.19254
-111.5 28 -0.158527 -0.194101
-111 28 -0.155874 -0.196267
-110.5 28 -0.152834 -0.199335
-110 28 -0.149225 -0.203026
-109.5 28 -0.144873 -0.207032
-109 28 -0.139668 -0.21121
-108.5 28 -0.133527 -0.215442
-108 28 -0.126563 -0.219511
-107.5 28 -0.119213 -0.223265
-107 28 -0.111903 -0.226802
-106.5 28 -0.104736 -0.230267
-106 28 -0.0977919 -0.233705
-105.5 28 -0.0912855 -0.237053
-105 28 -0.085206 -0.240103
-104.5 28 -0.0789533 -0.242395
-104 28 -0.0720299 -0.244316
-103.5 28 -0.064517 -0.246067
-103 28 -0.0566277 -0.2477
-102.5 28 -0.0485449 -0.24918
-102 28 -0.0402899 -0.250552
-101.5 28 -0.0318418 -0.251806
-101 28 -0.0232002 -0.252925
-100.5 28 -0.0143858 -0.253881
-100 28 -0.00547978 -0.254639
-99.5 28 0.0033753 -0.255162
-99 28 0.0120473 -0.255217
-98.5 28 0.0206176 -0.254549
-98 28 0.0291274 -0.253448
-97.5 28 0.0374538 -0.252149
-97 28 0.0454544 -0.250705
-96.5 28 0.0528966 -0.249134
-96 28 0.0597691 -0.247303
-95.5 28 0.0665095 -0.244948
-95 28 0.0734534 -0.242358
-94.5 28 0.0805189 -0.239706
-94 28 0.0876458 -0.237017
-93.5 28 0.0947523 -0.234301
-93 28 0.101767 -0.231521
-92.5 28 0.108497 -0.228697
-92 28 0.11475 -0.225855
-91.5 28 0.120484 -0.223048
-91 28 0.125659 -0.22035
-90.5 28 0.130233 -0.217752
-90 28 0.134208 -0.215279
-89.5 28 0.137777 -0.212861
-89 28 0.141122 -0.210569
-88.5 28 0.144253 -0.208458
-88 28 0.146988 -0.206545
-87.5 28 0.149112 -0.204776
-87 28 0.150577 -0.203026
-86.5 28 0.152092 -0.200869
-86 28 0.154227 -0.198695
-85.5 28 0.15691 -0.196664
-85 28 0.15997 -0.194733
-84.5 28 0.163163 -0.192802
-84 28 0.166264 -0.190402
-83.5 28 0.169171 -0.187
-83 28 0.171835 -0.183156
-82.5 28 0.174011 -0.17933
-82 28 0.175556 -0.175685
-81.5 28 0.176196 -0.172247
-81 28 0.175943 -0.168836
-119 28.5 -0.173956 -0.158186
-118.5 28.5 -0.174487 -0.162553
-118 28.5 -0.175345 -0.167109
-117.5 28.5 -0.176642 -0.17154
-117 28.5 -0.178185 -0.175338
-116.5 28.5 -0.179441 -0.177864
-116 28.5 -0.179993 -0.179822
-115.5 28.5 -0.179747 -0.181618
-115 28.5 -0.178685 -0.183504
-114.5 28.5 -0.176744 -0.18538
-114 28.5 -0.174048 -0.187032
-113.5 28.5 -0.171055 -0.188159
-113 28.5 -0.168216 -0.189079
-112.5 28.5 -0.165672 -0.190009
-112 28.5 -0.163313 -0.191038
-111.5 28.5 -0.161301 -0.192409
-111 28.5 -0.159524 -0.194466
-110.5 28.5 -0.15742 -0.197606
-110 28.5 -0.154396 -0.201423
-109.5 28.5 -0.1503 -0.205609
-109 28.5 -0.145224 -0.210057
-108.5 28.5 -0.139014 -0.21456
-108 28.5 -0.13169 -0.218864
-107.5 28.5 -0.123938 -0.222671
-107 28.5 -0.11643 -0.226262
-106.5 28.5 -0.109209 -0.229799
-106 28.5 -0.102172 -0.233354
-105.5 28.5 -0.0953587 -0.236801
-105 28.5 -0.0887093 -0.239913
-104.5 28.5 -0.0818657 -0.242485
-104 28.5 -0.0745424 -0.244659
-103.5 28.5 -0.0667799 -0.246563
-103 28.5 -0.0586799 -0.248268
-102.5 28.5 -0.0503859 -0.249784
-102 28.5 -0.0419694 -0.251156
-101.5 28.5 -0.0333694 -0.252455
-101 28.5 -0.024514 -0.25361
-100.5 28.5 -0.0154231 -0.254575
-100 28.5 -0.00623044 -0.25536
-99.5 28.5 0.00308436 -0.255847
-99 28.5 0.0124715 -0.255847
-98.5 28.5 0.0217355 -0.255108
-98 28.5 0.0306831 -0.253934
-97.5 28.5 0.0392529 -0.2525
-97 28.5 0.0474446 -0.250921
-96.5 28.5 0.0551865 -0.249179
-96 28.5 0.0624995 -0.24715
-95.5 28.5 0.0696296 -0.244749
-95 28.5 0.0767895 -0.242124
-94.5 28.5 0.0839903 -0.239381
-94 28.5 0.0911709 -0.23662
-93.5 28.5 0.0983514 -0.233841
-93 28.5 0.105471 -0.230981
-92.5 28.5 0.112284 -0.228022
-92 28.5 0.118545 -0.225053
-91.5 28.5 0.124203 -0.222148
-91 28.5 0.12928 -0.219351
-90.5 28.5 0.133743 -0.21668
-90 28.5 0.137604 -0.214145
-89.5 28.5 0.141046 -0.211754
-89 28.5 0.144254 -0.209498
-88.5 28.5 0.147185 -0.207396
-88 28.5 0.149779 -0.205429
-87.5 28.5 0.151853 -0.203543
-87 28.5 0.153487 -0.201648
-86.5 28.5 0.155141 -0.199618
-86 28.5 0.157225 -0.197588
-85.5 28.5 0.15983 -0.195639
-85 28.5 0.162823 -0.193907
-84.5 28.5 0.166336 -0.192093
-84 28.5 0.170289 -0.189757
-83.5 28.5 0.174048 -0.186337
-83 28.5 0.177 -0.182475
-82.5 28.5 0.179083 -0.178604
-82 28.5 0.180371 -0.17495
-81.5 28.5 0.180922 -0.171494
-81 28.5 0.180799 -0.168093
-119 29 -0.179641 -0.156685
-118.5 29 -0.180329 -0.16089
-118 29 -0.181201 -0.165229
-117.5 29 -0.182052 -0.169452
-117 29 -0.182607 -0.173151
-116.5 29 -0.182905 -0.17565
-116 29 -0.183038 -0.177671
-115.5 29 -0.182761 -0.179592
-115 29 -0.181735 -0.181613
-114.5 29 -0.179641 -0.183661
-114 29 -0.176428 -0.185511
-113.5 29 -0.172959 -0.186567
-113 29 -0.170014 -0.187442
-112.5 29 -0.167449 -0.188326
-112 29 -0.165335 -0.189291
-111.5 29 -0.163928 -0.190527
-111 29 -0.163261 -0.192395
-110.5 29 -0.162194 -0.195688
-110 29 -0.159741 -0.199603
-109.5 29 -0.156067 -0.20387
-109 29 -0.151172 -0.208418
-108.5 29 -0.144809 -0.2131
-108 29 -0.136989 -0.217656
-107.5 29 -0.128758 -0.221364
-107 29 -0.121071 -0.224964
-106.5 29 -0.113795 -0.228591
-106 29 -0.106682 -0.23229
-105.5 29 -0.0996111 -0.235881
-105 29 -0.0924787 -0.239201
-104.5 29 -0.0850995 -0.242025
-104 29 -0.077351 -0.244479
-103.5 29 -0.0692332 -0.246599
-103 29 -0.0608279 -0.24843
-102.5 29 -0.0522892 -0.250009
-102 29 -0.0437095 -0.25139
-101.5 29 -0.0349347 -0.252716
-101 29 -0.0258316 -0.253853
-100.5 29 -0.016513 -0.254791
-100 29 -0.00697866 -0.255531
-99.5 29 0.00285323 -0.255973
-99 29 0.013003 -0.255955
-98.5 29 0.022989 -0.255062
-98 29 0.0323689 -0.253744
-97.5 29 0.0412359 -0.252202
-97 29 0.0496621 -0.250497
-96.5 29 0.0576875 -0.248602
-96 29 0.0653743 -0.246445
-95.5 29 0.072856 -0.243964
-95 29 0.0802552 -0.241267
-94.5 29 0.0875421 -0.238461
-94 29 0.0947776 -0.235637
-93.5 29 0.102064 -0.232786
-93 29 0.109351 -0.229899
-92.5 29 0.116268 -0.226769
-92 29 0.122518 -0.223665
-91.5 29 0.128111 -0.220643
-91 29 0.133068 -0.217747
-90.5 29 0.137389 -0.214968
-90 29 0.141083 -0.21236
-89.5 29 0.144368 -0.209951
-89 29 0.147415 -0.207687
-88.5 29 0.150248 -0.205522
-88 29 0.152762 -0.203419
-87.5 29 0.154825 -0.201354
-87 29 0.156468 -0.199269
-86.5 29 0.158151 -0.197203
-86 29 0.160213 -0.195164
-85.5 29 0.162584 -0.193234
-85 29 0.165519 -0.191519
-84.5 29 0.169429 -0.189823
-84 29 0.174386 -0.187685
-83.5 29 0.179056 -0.184094
-83 29 0.182258 -0.180143
-82.5 29 0.184218 -0.176308
-82 29 0.185306 -0.172727
-81.5 29 0.185665 -0.169344
-81 29 0.185532 -0.166059
-119 29.5 -0.185136 -0.154058
-118.5 29.5 -0.185941 -0.157937
-118 29.5 -0.186828 -0.16187
-117.5 29.5 -0.187406 -0.165812
-117 29.5 -0.186993 -0.169493
-116.5 29.5 -0.186343 -0.17182
-116 29.5 -0.18624 -0.173895
-115.5 29.5 -0.185993 -0.176006
-115 29.5 -0.185065 -0.178172
-114.5 29.5 -0.182909 -0.180481
-114 29.5 -0.179052 -0.182781
-113.5 29.5 -0.174917 -0.183927
-113 29.5 -0.171854 -0.185055
-112.5 29.5 -0.169389 -0.186282
-112 29.5 -0.167409 -0.187599
-111.5 29.5 -0.166408 -0.188961
-111 29.5 -0.166965 -0.190594
-110.5 29.5 -0.167182 -0.194058
-110 29.5 -0.165243 -0.197847
-109.5 29.5 -0.161829 -0.201807
-109 29.5 -0.157178 -0.205993
-108.5 29.5 -0.150919 -0.21054
-108 29.5 -0.142411 -0.215339
-107.5 29.5 -0.13349 -0.21884
-107 29.5 -0.125817 -0.222493
-106.5 29.5 -0.118639 -0.226435
-106 29.5 -0.111492 -0.230423
-105.5 29.5 -0.104181 -0.234347
-105 29.5 -0.0965903 -0.237983
-104.5 29.5 -0.0886904 -0.24114
-104 29.5 -0.0804919 -0.243883
-103.5 29.5 -0.0719427 -0.246274
-103 29.5 -0.0631459 -0.248303
-102.5 29.5 -0.0542562 -0.24999
-102 29.5 -0.0454694 -0.251371
-101.5 29.5 -0.0365073 -0.252697
-101 29.5 -0.0271226 -0.253734
-100.5 29.5 -0.0174908 -0.254492
-100 29.5 -0.00764212 -0.254997
-99.5 29.5 0.00262983 -0.255286
-99 29.5 0.0136335 -0.255295
-98.5 29.5 0.0244723 -0.254167
-98 29.5 0.0342492 -0.252751
-97.5 29.5 0.043345 -0.251181
-97 29.5 0.0520182 -0.249422
-96.5 29.5 0.0603511 -0.247437
-96 29.5 0.0684052 -0.245209
-95.5 29.5 0.0762223 -0.24262
-95 29.5 0.0838229 -0.239814
-94.5 29.5 0.0912378 -0.2369
-94 29.5 0.0985394 -0.233924
-93.5 29.5 0.105862 -0.230973
-93 29.5 0.11337 -0.228068
-92.5 29.5 0.120495 -0.224767
-92 29.5 0.126694 -0.221555
-91.5 29.5 0.13217 -0.218488
-91 29.5 0.137017 -0.215538
-90.5 29.5 0.141194 -0.212705
-90 29.5 0.144669 -0.209999
-89.5 29.5 0.147752 -0.207572
-89 29.5 0.150712 -0.205236
-88.5 29.5 0.153486 -0.202953
-88 29.5 0.155992 -0.200689
-87.5 29.5 0.158065 -0.198397
-87 29.5 0.159715 -0.196034
-86.5 29.5 0.161335 -0.193751
-86 29.5 0.163284 -0.191442
-85.5 29.5 0.165542 -0.189214
-85 29.5 0.168296 -0.187121
-84.5 29.5 0.172328 -0.18529
-84 29.5 0.178485 -0.183494
-83.5 29.5 0.184353 -0.179588
-83 29.5 0.187612 -0.175718
-82.5 29.5 0.189293 -0.172181
-82 29.5 0.190077 -0.168898
-81.5 29.5 0.190293 -0.165804
-81 29.5 0.190087 -0.162781
-119 30 -0.190224 -0.150446
-118.5 30 -0.191084 -0.15382
-118 30 -0.192037 -0.157131
-117.5 30 -0.192608 -0.160342
-117 30 -0.191312 -0.163346
-116.5 30 -0.189768 -0.166097
-116 30 -0.189654 -0.168614
-115.5 30 -0.189478 -0.170996
-115 30 -0.188669 -0.173251
-114.5 30 -0.18671 -0.175461
-114 30 -0.18213 -0.177617
-113.5 30 -0.177279 -0.179736
-113 30 -0.174398 -0.18182
-112.5 30 -0.172025 -0.183931
-112 30 -0.170045 -0.186132
-111.5 30 -0.168988 -0.188396
-111 30 -0.170729 -0.190832
-110.5 30 -0.172128 -0.193475
-110 30 -0.170221 -0.196344
-109.5 30 -0.166967 -0.199393
-109 30 -0.162697 -0.202676
-108.5 30 -0.156976 -0.20623
-108 30 -0.147876 -0.210136
-107.5 30 -0.138248 -0.214358
-107 30 -0.130993 -0.218796
-106.5 30 -0.124028 -0.223352
-106 30 -0.116825 -0.22788
-105.5 30 -0.10928 -0.232219
-105 30 -0.101196 -0.236242
-104.5 30 -0.0927178 -0.239805
-104 30 -0.0840122 -0.242936
-103.5 30 -0.0749951 -0.245633
-103 30 -0.0656984 -0.247969
-102.5 30 -0.0563293 -0.24989
-102 30 -0.0472502 -0.251442
-101.5 30 -0.0379952 -0.252578
-101 30 -0.0281491 -0.253327
-100.5 30 -0.0181269 -0.253724
-100 30 -0.00795974 -0.25376
-99.5 30 0.00253917 -0.253507
-99 30 0.0144165 -0.252957
-98.5 30 0.0261385 -0.2521
-98 30 0.0361193 -0.250946
-97.5 30 0.0454676 -0.24952
-97 30 0.0544534 -0.247797
-96.5 30 0.0630972 -0.245768
-96 30 0.0715542 -0.243432
-95.5 30 0.0797733 -0.240761
-95 30 0.0876188 -0.23783
-94.5 30 0.0951737 -0.234717
-94 30 0.102522 -0.231488
-93.5 30 0.109798 -0.228213
-93 30 0.117561 -0.224966
-92.5 30 0.124899 -0.221791
-92 30 0.130941 -0.218688
-91.5 30 0.136289 -0.215684
-91 30 0.141025 -0.212788
-90.5 30 0.145109 -0.209974
-90 30 0.148374 -0.207295
-89.5 30 0.151265 -0.204688
-89 30 0.154178 -0.202198
-88.5 30 0.156955 -0.199735
-88 30 0.159505 -0.197318
-87.5 30 0.161702 -0.194837
-87 30 0.16335 -0.192239
-86.5 30 0.164987 -0.189479
-86 30 0.167008 -0.186565
-85.5 30 0.169154 -0.183633
-85 30 0.171662 -0.180666
-84.5 30 0.175269 -0.177743
-84 30 0.182658 -0.174866
-83.5 30 0.189758 -0.171997
-83 30 0.192566 -0.169146
-82.5 30 0.193872 -0.166377
-82 30 0.194463 -0.163689
-81.5 30 0.194525 -0.161055
-81 30 0.194297 -0.158421
-119 30.5 -0.194783 -0.146214
-118.5 30.5 -0.195534 -0.149073
-118 30.5 -0.196242 -0.151815
-117.5 30.5 -0.196471 -0.154323
-117 30.5 -0.195523 -0.15665
-116.5 30.5 -0.194304 -0.159816
-116 30.5 -0.193773 -0.162811
-115.5 30.5 -0.193221 -0.165471
-115 30.5 -0.192086 -0.167861
-114.5 30.5 -0.189794 -0.16999
-114 30.5 -0.185794 -0.172002
-113.5 30.5 -0.181533 -0.175123
-113 30.5 -0.178429 -0.178216
-112.5 30.5 -0.176075 -0.181256
-112 30.5 -0.174252 -0.184287
-111.5 30.5 -0.173513 -0.18748
-111 30.5 -0.174513 -0.190736
-110.5 30.5 -0.175231 -0.192576
-110 30.5 -0.173742 -0.194506
-109.5 30.5 -0.170773 -0.19668
-109 30.5 -0.166658 -0.199062
-108.5 30.5 -0.161054 -0.201632
-108 30.5 -0.153231 -0.204582
-107.5 30.5 -0.144835 -0.209534
-107 30.5 -0.13747 -0.214792
-106.5 30.5 -0.130325 -0.220006
-106 30.5 -0.122856 -0.225048
-105.5 30.5 -0.114887 -0.229838
-105 30.5 -0.106324 -0.234194
-104.5 30.5 -0.0973138 -0.238172
-104 30.5 -0.0880325 -0.241645
-103.5 30.5 -0.0784801 -0.244694
-103 30.5 -0.0686988 -0.247301
-102.5 30.5 -0.0588132 -0.249519
-102 30.5 -0.0490318 -0.251242
-101.5 30.5 -0.0390522 -0.252198
-101 30.5 -0.028719 -0.252685
-100.5 30.5 -0.0181671 -0.252712
-100 30.5 -0.00746895 -0.252334
-99.5 30.5 0.00358332 -0.251522
-99 30.5 0.015396 -0.250385
-98.5 30.5 0.0270418 -0.24979
-98 30.5 0.0375733 -0.248915
-97.5 30.5 0.0474173 -0.247607
-97 30.5 0.0568759 -0.24592
-96.5 30.5 0.0660008 -0.243828
-96 30.5 0.0748758 -0.241347
-95.5 30.5 0.0834596 -0.238569
-95 30.5 0.091647 -0.235494
-94.5 30.5 0.0994802 -0.232174
-94 30.5 0.107043 -0.228656
-93.5 30.5 0.11446 -0.22503
-93 30.5 0.121928 -0.221395
-92.5 30.5 0.12896 -0.218319
-92 30.5 0.135023 -0.215316
-91.5 30.5 0.140314 -0.212366
-91 30.5 0.144991 -0.209462
-90.5 30.5 0.14896 -0.206656
-90 30.5 0.152231 -0.203932
-89.5 30.5 0.155127 -0.201154
-89 30.5 0.15795 -0.198448
-88.5 30.5 0.160669 -0.195815
-88 30.5 0.16322 -0.193217
-87.5 30.5 0.165523 -0.190574
-87 30.5 0.167513 -0.187733
-86.5 30.5 0.169513 -0.184449
-86 30.5 0.171679 -0.180958
-85.5 30.5 0.174023 -0.177278
-85 30.5 0.176794 -0.173481
-84.5 30.5 0.180763 -0.169476
-84 30.5 0.186919 -0.16548
-83.5 30.5 0.192815 -0.163622
-83 30.5 0.195992 -0.161836
-82.5 30.5 0.197502 -0.159843
-82 30.5 0.198138 -0.157732
-81.5 30.5 0.198294 -0.15555
-81 30.5 0.198117 -0.153285
-119 31 -0.198955 -0.141657
-118.5 31 -0.199551 -0.144191
-118 31 -0.200106 -0.146626
-117.5 31 -0.200201 -0.148917
-117 31 -0.199656 -0.151307
-116.5 31 -0.198871 -0.154283
-116 31 -0.19817 -0.157368
-115.5 31 -0.19729 -0.160218
-115 31 -0.195855 -0.162879
-114.5 31 -0.193437 -0.165332
-114 31 -0.18996 -0.167912
-113.5 31 -0.186317 -0.171186
-113 31 -0.183311 -0.174676
-112.5 31 -0.18084 -0.17813
-112 31 -0.179018 -0.181513
-111.5 31 -0.178212 -0.184877
-111 31 -0.178401 -0.187934
-110.5 31 -0.178275 -0.190027
-110 31 -0.176736 -0.191858
-109.5 31 -0.173972 -0.193743
-109 31 -0.170118 -0.195799
-108.5 31 -0.164998 -0.19809
-108 31 -0.158569 -0.201202
-107.5 31 -0.151522 -0.20591
-107 31 -0.144496 -0.211376
-106.5 31 -0.137209 -0.216895
-106 31 -0.129439 -0.222298
-105.5 31 -0.121021 -0.227421
-105 31 -0.111911 -0.232129
-104.5 31 -0.10232 -0.236368
-104 31 -0.0924463 -0.240093
-103.5 31 -0.0823315 -0.243385
-103 31 -0.0719755 -0.246226
-102.5 31 -0.061484 -0.248616
-102 31 -0.0508461 -0.250402
-101.5 31 -0.0400613 -0.25143
-101 31 -0.0290356 -0.251827
-100.5 31 -0.017905 -0.25171
-100 31 -0.00665925 -0.251151
-99.5 31 0.00482732 -0.250158
-99 31 0.0165751 -0.249013
-98.5 31 0.0281139 -0.248156
-98 31 0.0390244 -0.247191
-97.5 31 0.0494112 -0.245829
-97 31 0.0594006 -0.244043
-96.5 31 0.0690546 -0.241834
-96 31 0.0783948 -0.239218
-95.5 31 0.0873889 -0.236251
-95 31 0.0959434 -0.232986
-94.5 31 0.10409 -0.229432
-94 31 0.111869 -0.225707
-93.5 31 0.119356 -0.221865
-93 31 0.12656 -0.218149
-92.5 31 0.13324 -0.214812
-92 31 0.139198 -0.2117
-91.5 31 0.144486 -0.208616
-91 31 0.149104 -0.205585
-90.5 31 0.15302 -0.202609
-90 31 0.156286 -0.199695
-89.5 31 0.159187 -0.196782
-89 31 0.161961 -0.193932
-88.5 31 0.164642 -0.191136
-88 31 0.167228 -0.18834
-87.5 31 0.169731 -0.18549
-87 31 0.172139 -0.18236
-86.5 31 0.174547 -0.178789
-86 31 0.17705 -0.17492
-85.5 31 0.179573 -0.170879
-85 31 0.182484 -0.166757
-84.5 31 0.186358 -0.162626
-84 31 0.191332 -0.158946
-83.5 31 0.195939 -0.156746
-83 31 0.198934 -0.155059
-82.5 31 0.20063 -0.153363
-82 31 0.201446 -0.151551
-81.5 31 0.201687 -0.149648
-81 31 0.201625 -0.147654
-119 31.5 -0.202891 -0.136929
-118.5 31.5 -0.203385 -0.139291
-118 31.5 -0.203816 -0.141528
-117.5 31.5 -0.203995 -0.143765
-117 31.5 -0.203837 -0.146209
-116.5 31.5 -0.203416 -0.149131
-116 31.5 -0.202732 -0.152215
-115.5 31.5 -0.201679 -0.155272
-115 31.5 -0.200069 -0.158167
-114.5 31.5 -0.197659 -0.161017
-114 31.5 -0.194575 -0.164012
-113.5 31.5 -0.191332 -0.167439
-113 31.5 -0.188406 -0.17101
-112.5 31.5 -0.185901 -0.17459
-112 31.5 -0.183954 -0.178063
-111.5 31.5 -0.182827 -0.181372
-111 31.5 -0.182354 -0.184295
-110.5 31.5 -0.181648 -0.186657
-110 31.5 -0.179901 -0.188704
-109.5 31.5 -0.177164 -0.190689
-109 31.5 -0.17348 -0.192636
-108.5 31.5 -0.169049 -0.194945
-108 31.5 -0.163965 -0.19812
-107.5 31.5 -0.158228 -0.202801
-107 31.5 -0.151733 -0.208257
-106.5 31.5 -0.144439 -0.213947
-106 31.5 -0.136428 -0.219593
-105.5 31.5 -0.127565 -0.224995
-105 31.5 -0.117881 -0.229973
-104.5 31.5 -0.107629 -0.234392
-104 31.5 -0.097145 -0.238315
-103.5 31.5 -0.0864608 -0.241788
-103 31.5 -0.0755247 -0.244845
-102.5 31.5 -0.064304 -0.247406
-102 31.5 -0.0528298 -0.249345
-101.5 31.5 -0.0411253 -0.250482
-101 31.5 -0.0293468 -0.250941
-100.5 31.5 -0.0175679 -0.250833
-100 31.5 -0.00573669 -0.250184
-99.5 31.5 0.00611542 -0.249147
-99 31.5 0.0178943 -0.247965
-98.5 31.5 0.029452 -0.246919
-98 31.5 0.040683 -0.245738
-97.5 31.5 0.0515886 -0.244213
-97 31.5 0.0621354 -0.242257
-96.5 31.5 0.0723246 -0.239876
-96 31.5 0.0821771 -0.237044
-95.5 31.5 0.0916082 -0.233851
-95 31.5 0.100566 -0.230325
-94.5 31.5 0.109018 -0.226564
-94 31.5 0.116997 -0.222587
-93.5 31.5 0.124481 -0.218556
-93 31.5 0.131439 -0.21466
-92.5 31.5 0.137839 -0.211116
-92 31.5 0.14367 -0.207752
-91.5 31.5 0.148923 -0.204469
-91 31.5 0.153523 -0.201195
-90.5 31.5 0.157396 -0.197975
-90 31.5 0.160628 -0.194801
-89.5 31.5 0.16348 -0.191735
-89 31.5 0.166196 -0.188722
-88.5 31.5 0.16888 -0.185764
-88 31.5 0.171522 -0.182815
-87.5 31.5 0.174238 -0.179785
-87 31.5 0.177091 -0.176475
-86.5 31.5 0.179975 -0.172678
-86 31.5 0.182711 -0.168629
-85.5 31.5 0.185375 -0.164481
-85 31.5 0.18828 -0.160305
-84.5 31.5 0.191774 -0.156319
-84 31.5 0.195743 -0.15291
-83.5 31.5 0.199374 -0.15052
-83 31.5 0.201995 -0.148662
-82.5 31.5 0.203669 -0.146975
-82 31.5 0.204553 -0.14528
-81.5 31.5 0.204922 -0.14353
-81 31.5 0.204921 -0.141718
-119 32 -0.206703 -0.132102
-118.5 32 -0.207084 -0.13433
-118 32 -0.207497 -0.136485
-117.5 32 -0.207835 -0.138676
-117 32 -0.208089 -0.141111
-116.5 32 -0.208047 -0.144051
-116 32 -0.207497 -0.147216
-115.5 32 -0.206385 -0.150409
-115 32 -0.204692 -0.153556
-114.5 32 -0.202364 -0.156694
-114 32 -0.199528 -0.159986
-113.5 32 -0.196522 -0.163512
-113 32 -0.193665 -0.167173
-112.5 32 -0.191051 -0.170771
-112 32 -0.188892 -0.174261
-111.5 32 -0.187432 -0.177489
-111 32 -0.186511 -0.180393
-110.5 32 -0.185357 -0.183026
-110 32 -0.183358 -0.185362
-109.5 32 -0.180447 -0.187517
-109 32 -0.176934 -0.189591
-108.5 32 -0.173198 -0.191909
-108 32 -0.169484 -0.195011
-107.5 32 -0.165039 -0.1998
-107 32 -0.159123 -0.205318
-106.5 32 -0.15198 -0.211063
-106 32 -0.143788 -0.216816
-105.5 32 -0.134496 -0.222389
-105 32 -0.124136 -0.227629
-104.5 32 -0.113204 -0.232128
-104 32 -0.102114 -0.236214
-103.5 32 -0.0908741 -0.239866
-103 32 -0.0793391 -0.243158
-102.5 32 -0.067423 -0.245953
-102 32 -0.054999 -0.248144
-101.5 32 -0.042363 -0.249443
-101 32 -0.0297586 -0.250065
-100.5 32 -0.0172077 -0.250047
-100 32 -0.00475156 -0.249425
-99.5 32 0.00748204 -0.248343
-99 32 0.0193665 -0.247044
-98.5 32 0.0310286 -0.245854
-98 32 0.0426168 -0.244483
-97.5 32 0.0540249 -0.242724
-97 32 0.0651264 -0.240542
-96.5 32 0.0759107 -0.237864
-96 32 0.0863026 -0.234789
-95.5 32 0.0962082 -0.231281
-95 32 0.105521 -0.227493
-94.5 32 0.114283 -0.223462
-94 32 0.122464 -0.219269
-93.5 32 0.129935 -0.214986
-93 32 0.136645 -0.210828
-92.5 32 0.142772 -0.207068
-92 32 0.148487 -0.20347
-91.5 32 0.153726 -0.199917
-91 32 0.158319 -0.196373
-90.5 32 0.16216 -0.192828
-90 32 0.165282 -0.189357
-89.5 32 0.168023 -0.186092
-89 32 0.1707 -0.182909
-88.5 32 0.173335 -0.179753
-88 32 0.176034 -0.176641
-87.5 32 0.178987 -0.173485
-87 32 0.18232 -0.170104
-86.5 32 0.185622 -0.166136
-86 32 0.188564 -0.161997
-85.5 32 0.191263 -0.157857
-85 32 0.194014 -0.1538
-84.5 32 0.19703 -0.150021
-84 32 0.200184 -0.146784
-83.5 32 0.20302 -0.144331
-83 32 0.205222 -0.142365
-82.5 32 0.206745 -0.140633
-82 32 0.207645 -0.138965
-81.5 32 0.208026 -0.137297
-81 32 0.20809 -0.13561
-119 32.5 -0.210414 -0.12724
-118.5 32.5 -0.210776 -0.129396
-118 32.5 -0.211169 -0.131542
-117.5 32.5 -0.21168 -0.133733
-117 32.5 -0.212404 -0.136122
-116.5 32.5 -0.21284 -0.139143
-116 32.5 -0.212446 -0.142344
-115.5 32.5 -0.211361 -0.145636
-115 32.5 -0.209669 -0.148954
-114.5 32.5 -0.207403 -0.152308
-114 32.5 -0.204742 -0.15578
-113.5 32.5 -0.201901 -0.159423
-113 32.5 -0.199028 -0.163102
-112.5 32.5 -0.196293 -0.166745
-112 32.5 -0.193889 -0.17027
-111.5 32.5 -0.192058 -0.173544
-111 32.5 -0.190877 -0.176465
-110.5 32.5 -0.189494 -0.179423
-110 32.5 -0.187163 -0.182092
-109.5 32.5 -0.184088 -0.184553
-109 32.5 -0.180556 -0.186952
-108.5 32.5 -0.177289 -0.189414
-108 32.5 -0.175065 -0.192326
-107.5 32.5 -0.172117 -0.197322
-107 32.5 -0.16668 -0.202732
-106.5 32.5 -0.159582 -0.208278
-106 32.5 -0.151282 -0.213823
-105.5 32.5 -0.141716 -0.219396
-105 32.5 -0.13066 -0.224833
-104.5 32.5 -0.118934 -0.229378
-104 32.5 -0.107335 -0.233589
-103.5 32.5 -0.0955983 -0.237511
-103 32.5 -0.0835313 -0.241001
-102.5 32.5 -0.0708898 -0.244103
-102 32.5 -0.057525 -0.246691
-101.5 32.5 -0.0438405 -0.248268
-101 32.5 -0.03038 -0.249198
-100.5 32.5 -0.0170045 -0.249459
-100 32.5 -0.00378804 -0.248963
-99.5 32.5 0.00899161 -0.247881
-99 32.5 0.0210263 -0.246411
-98.5 32.5 0.0327955 -0.24514
-98 32.5 0.0448199 -0.243544
-97.5 32.5 0.0568011 -0.241506
-97 32.5 0.0685489 -0.238909
-96.5 32.5 0.0799027 -0.235879
-96 32.5 0.0908417 -0.232417
-95.5 32.5 0.101217 -0.228575
-95 32.5 0.110889 -0.224464
-94.5 32.5 0.119913 -0.220198
-94 32.5 0.128276 -0.215771
-93.5 32.5 0.135799 -0.21128
-93 32.5 0.142216 -0.206799
-92.5 32.5 0.148026 -0.202858
-92 32.5 0.153676 -0.198963
-91.5 32.5 0.158922 -0.195104
-91 32.5 0.163562 -0.191235
-90.5 32.5 0.167392 -0.187367
-90 32.5 0.170329 -0.183535
-89.5 32.5 0.172873 -0.180027
-89 32.5 0.17549 -0.176564
-88.5 32.5 0.178119 -0.173111
-88 32.5 0.180789 -0.169712
-87.5 32.5 0.183854 -0.166384
-87 32.5 0.187696 -0.163057
-86.5 32.5 0.191505 -0.158936
-86 32.5 0.194474 -0.154833
-85.5 32.5 0.19707 -0.150884
-85 32.5 0.199581 -0.147097
-84.5 32.5 0.202146 -0.143589
-84 32.5 0.204593 -0.140541
-83.5 32.5 0.206764 -0.138133
-83 32.5 0.208562 -0.136123
-82.5 32.5 0.209903 -0.134328
-82 32.5 0.210723 -0.13266
-81.5 32.5 0.211116 -0.131028
-81 32.5 0.211191 -0.129405
-119 33 -0.214149 -0.122344
-118.5 33 -0.214493 -0.12449
-118 33 -0.214953 -0.126699
-117.5 33 -0.215584 -0.129034
-117 33 -0.216825 -0.131612
-116.5 33 -0.217746 -0.134453
-116 33 -0.21751 -0.137545
-115.5 33 -0.216526 -0.140818
-115 33 -0.214888 -0.144236
-114.5 33 -0.212716 -0.147743
-114 33 -0.210191 -0.151367
-113.5 33 -0.207398 -0.155019
-113 33 -0.204509 -0.158716
-112.5 33 -0.201684 -0.162403
-112 33 -0.199062 -0.166091
-111.5 33 -0.196869 -0.169635
-111 33 -0.195563 -0.172953
-110.5 33 -0.194097 -0.175973
-110 33 -0.191486 -0.178859
-109.5 33 -0.188223 -0.181699
-109 33 -0.18467 -0.18471
-108.5 33 -0.181503 -0.187974
-108 33 -0.180754 -0.191698
-107.5 33 -0.179223 -0.195863
-107 33 -0.173895 -0.200489
-106.5 33 -0.166832 -0.205357
-106 33 -0.158582 -0.210443
-105.5 33 -0.149059 -0.215564
-105 33 -0.137363 -0.220712
-104.5 33 -0.124854 -0.22569
-104 33 -0.112901 -0.230378
-103.5 33 -0.100681 -0.234661
-103 33 -0.0880443 -0.238448
-102.5 33 -0.0749253 -0.241667
-102 33 -0.0605544 -0.244453
-101.5 33 -0.0458093 -0.246734
-101 33 -0.0315024 -0.248366
-100.5 33 -0.0171205 -0.249096
-100 33 -0.00293214 -0.248943
-99.5 33 0.0105934 -0.247933
-99 33 0.022835 -0.246536
-98.5 33 0.0347768 -0.244876
-98 33 0.0474034 -0.242956
-97.5 33 0.0601264 -0.240432
-97 33 0.0725283 -0.237357
-96.5 33 0.0844593 -0.233705
-96 33 0.0959307 -0.22972
-95.5 33 0.106717 -0.225465
-95 33 0.116636 -0.221109
-94.5 33 0.125871 -0.216592
-94 33 0.13441 -0.212057
-93.5 33 0.142028 -0.207476
-93 33 0.14816 -0.202977
-92.5 33 0.15366 -0.198523
-92 33 0.159342 -0.194187
-91.5 33 0.164607 -0.189922
-91 33 0.169261 -0.185774
-90.5 33 0.173103 -0.18169
-90 33 0.175832 -0.177668
-89.5 33 0.178164 -0.173692
-89 33 0.180807 -0.169752
-88.5 33 0.183397 -0.165857
-88 33 0.185976 -0.161989
-87.5 33 0.188875 -0.158175
-87 33 0.193188 -0.154424
-86.5 33 0.197447 -0.150709
-86 33 0.200218 -0.147067
-85.5 33 0.202572 -0.143541
-85 33 0.20483 -0.140178
-84.5 33 0.207002 -0.137058
-84 33 0.208885 -0.134309
-83.5 33 0.210523 -0.131955
-83 33 0.212021 -0.129908
-82.5 33 0.213155 -0.128078
-82 33 0.213872 -0.126392
-81.5 33 0.214203 -0.12476
-81 33 0.214268 -0.123191
-119 33.5 -0.217913 -0.117321
-118.5 33.5 -0.218365 -0.119458
-118 33.5 -0.218989 -0.121694
-117.5 33.5 -0.219947 -0.124119
-117 33.5 -0.221281 -0.126824
-116.5 33.5 -0.222336 -0.129483
-116 33.5 -0.222454 -0.132422
-115.5 33.5 -0.221744 -0.13565
-115 33.5 -0.220313 -0.139094
-114.5 33.5 -0.218268 -0.142718
-114 33.5 -0.21575 -0.146388
-113.5 33.5 -0.212963 -0.150021
-113 33.5 -0.2101 -0.153672
-112.5 33.5 -0.207324 -0.157414
-112 33.5 -0.204719 -0.161245
-111.5 33.5 -0.202427 -0.165086
-111 33.5 -0.200608 -0.168783
-110.5 33.5 -0.198692 -0.171866
-110 33.5 -0.196121 -0.174877
-109.5 33.5 -0.193161 -0.178105
-109 33.5 -0.190094 -0.181648
-108.5 33.5 -0.18764 -0.185714
-108 33.5 -0.186467 -0.190222
-107.5 33.5 -0.184562 -0.193675
-107 33.5 -0.179902 -0.197507
-106.5 33.5 -0.173273 -0.201852
-106 33.5 -0.165181 -0.206486
-105.5 33.5 -0.155582 -0.211301
-105 33.5 -0.144228 -0.216169
-104.5 33.5 -0.13182 -0.221722
-104 33.5 -0.119261 -0.227015
-103.5 33.5 -0.106314 -0.231847
-103 33.5 -0.092841 -0.23594
-102.5 33.5 -0.0788617 -0.239421
-102 33.5 -0.0642253 -0.242413
-101.5 33.5 -0.0490086 -0.245605
-101 33.5 -0.0335441 -0.248021
-100.5 33.5 -0.0178859 -0.249401
-100 33.5 -0.00244279 -0.24941
-99.5 33.5 0.0119668 -0.248481
-99 33.5 0.0249131 -0.246976
-98.5 33.5 0.0374402 -0.24501
-98 33.5 0.0506335 -0.242603
-97.5 33.5 0.0641287 -0.239628
-97 33.5 0.0773549 -0.235832
-96.5 33.5 0.0899245 -0.231487
-96 33.5 0.101708 -0.226735
-95.5 33.5 0.112642 -0.222047
-95 33.5 0.122737 -0.217269
-94.5 33.5 0.132078 -0.2125
-94 33.5 0.140612 -0.207712
-93.5 33.5 0.148177 -0.203051
-93 33.5 0.154516 -0.198435
-92.5 33.5 0.160198 -0.193494
-92 33.5 0.165686 -0.188671
-91.5 33.5 0.170766 -0.184055
-91 33.5 0.175243 -0.179628
-90.5 33.5 0.178966 -0.175373
-90 33.5 0.181808 -0.171199
-89.5 33.5 0.184283 -0.16679
-89 33.5 0.186833 -0.162426
-88.5 33.5 0.189405 -0.158135
-88 33.5 0.19201 -0.15388
-87.5 33.5 0.194969 -0.149642
-87 33.5 0.198736 -0.145495
-86.5 33.5 0.202459 -0.14224
-86 33.5 0.205235 -0.13913
-85.5 33.5 0.207528 -0.136074
-85 33.5 0.209583 -0.133125
-84.5 33.5 0.211445 -0.130394
-84 33.5 0.213006 -0.127933
-83.5 33.5 0.214362 -0.125678
-83 33.5 0.215556 -0.123668
-82.5 33.5 0.216482 -0.121865
-82 33.5 0.217073 -0.12017
-81.5 33.5 0.217332 -0.118565
-81 33.5 0.217289 -0.117041
-119 34 -0.221682 -0.112128
-118.5 34 -0.222223 -0.114165
-118 34 -0.223035 -0.116293
-117.5 34 -0.224236 -0.118574
-117 34 -0.225773 -0.121089
-116.5 34 -0.226986 -0.123748
-116 34 -0.22743 -0.126687
-115.5 34 -0.22704 -0.129887
-115 34 -0.22586 -0.13334
-114.5 34 -0.223933 -0.136982
-114 34 -0.22139 -0.140642
-113.5 34 -0.218543 -0.144185
-113 34 -0.21575 -0.147719
-112.5 34 -0.213108 -0.151424
-112 34 -0.210576 -0.155264
-111.5 34 -0.208195 -0.159195
-111 34 -0.205965 -0.162963
-110.5 34 -0.203659 -0.166272
-110 34 -0.201191 -0.16949
-109.5 34 -0.198529 -0.172916
-109 34 -0.195942 -0.176693
-108.5 34 -0.193896 -0.180867
-108 34 -0.192402 -0.185203
-107.5 34 -0.190042 -0.189008
-107 34 -0.185723 -0.192947
-106.5 34 -0.179543 -0.197256
-106 34 -0.17176 -0.201962
-105.5 34 -0.162408 -0.206884
-105 34 -0.151464 -0.212212
-104.5 34 -0.139319 -0.218035
-104 34 -0.126363 -0.223949
-103.5 34 -0.112562 -0.22925
-103 34 -0.0981549 -0.233965
-102.5 34 -0.0835636 -0.237796
-102 34 -0.0686801 -0.241519
-101.5 34 -0.0530717 -0.245324
-101 34 -0.0364237 -0.248668
-100.5 34 -0.0189858 -0.250417
-100 34 -0.00186175 -0.250624
-99.5 34 0.0136386 -0.249209
-99 34 0.0272664 -0.247271
-98.5 34 0.0404286 -0.245062
-98 34 0.0544135 -0.242556
-97.5 34 0.0689508 -0.238986
-97 34 0.0831415 -0.234488
-96.5 34 0.0963584 -0.229169
-96 34 0.108373 -0.223616
-95.5 34 0.119316 -0.218153
-95 34 0.129448 -0.212861
-94.5 34 0.1388 -0.207605
-94 34 0.147308 -0.20243
-93.5 34 0.154809 -0.197373
-93 34 0.161347 -0.192352
-92.5 34 0.16716 -0.187168
-92 34 0.172518 -0.182066
-91.5 34 0.177367 -0.177171
-91 34 0.181642 -0.172492
-90.5 34 0.185225 -0.168002
-90 34 0.18817 -0.163585
-89.5 34 0.190757 -0.159051
-89 34 0.19329 -0.154534
-88.5 34 0.195779 -0.15009
-88 34 0.198323 -0.145745
-87.5 34 0.201126 -0.14149
-87 34 0.204309 -0.137541
-86.5 34 0.207372 -0.134314
-86 34 0.209937 -0.13142
-85.5 34 0.212124 -0.128652
-85 34 0.214018 -0.12602
-84.5 34 0.215631 -0.12355
-84 34 0.216962 -0.121305
-83.5 34 0.218077 -0.119232
-83 34 0.219051 -0.117375
-82.5 34 0.21982 -0.115644
-82 34 0.220307 -0.114021
-81.5 34 0.220437 -0.112461
-81 34 0.220307 -0.111001
-119 34.5 -0.225327 -0.106773
-118.5 34.5 -0.225969 -0.10863
-118 34.5 -0.226895 -0.110523
-117.5 34.5 -0.228332 -0.112551
-117 34.5 -0.23014 -0.114805
-116.5 34.5 -0.231719 -0.11741
-116 34.5 -0.232491 -0.120322
-115.5 34.5 -0.232393 -0.123477
-115 34.5 -0.231479 -0.12692
-114.5 34.5 -0.229661 -0.130535
-114 34.5 -0.226993 -0.134113
-113.5 34.5 -0.22402 -0.13743
-113 34.5 -0.22132 -0.140793
-112.5 34.5 -0.218881 -0.144327
-112 34.5 -0.216518 -0.14814
-111.5 34.5 -0.214112 -0.152088
-111 34.5 -0.21152 -0.155901
-110.5 34.5 -0.208917 -0.159317
-110 34.5 -0.206457 -0.162652
-109.5 34.5 -0.204138 -0.16615
-109 34.5 -0.201938 -0.169963
-108.5 34.5 -0.200131 -0.174091
-108 34.5 -0.198498 -0.178337
-107.5 34.5 -0.196091 -0.182529
-107 34.5 -0.191986 -0.186846
-106.5 34.5 -0.186204 -0.191534
-106 34.5 -0.178757 -0.196482
-105.5 34.5 -0.169796 -0.201891
-105 34.5 -0.159397 -0.207705
-104.5 34.5 -0.14755 -0.214249
-104 34.5 -0.134212 -0.220713
-103.5 34.5 -0.119665 -0.226915
-103 34.5 -0.104258 -0.232026
-102.5 34.5 -0.0889153 -0.236578
-102 34.5 -0.0740745 -0.24077
-101.5 34.5 -0.0582209 -0.245827
-101 34.5 -0.0400916 -0.249856
-100.5 34.5 -0.0204595 -0.252362
-100 34.5 -0.00101249 -0.252226
-99.5 34.5 0.0161583 -0.250343
-99 34.5 0.0302159 -0.247476
-98.5 34.5 0.043576 -0.245376
-98 34.5 0.0585691 -0.2425
-97.5 34.5 0.0746298 -0.238453
-97 34.5 0.0901242 -0.232927
-96.5 34.5 0.104116 -0.226536
-96 34.5 0.116213 -0.219839
-95.5 34.5 0.12696 -0.213582
-95 34.5 0.136923 -0.207552
-94.5 34.5 0.146233 -0.20172
-94 34.5 0.154628 -0.196041
-93.5 34.5 0.162097 -0.190533
-93 34.5 0.168663 -0.185088
-92.5 34.5 0.17451 -0.179653
-92 34.5 0.179715 -0.174326
-91.5 34.5 0.184342 -0.169224
-91 34.5 0.188382 -0.164365
-90.5 34.5 0.191834 -0.159714
-90 34.5 0.194763 -0.155162
-89.5 34.5 0.197387 -0.150609
-89 34.5 0.199859 -0.146111
-88.5 34.5 0.202254 -0.141721
-88 34.5 0.20466 -0.13744
-87.5 34.5 0.207176 -0.133356
-87 34.5 0.209745 -0.129642
-86.5 34.5 0.212239 -0.126542
-86 34.5 0.214493 -0.123783
-85.5 34.5 0.216496 -0.121259
-85 34.5 0.218217 -0.118852
-84.5 34.5 0.219632 -0.116617
-84 34.5 0.220732 -0.114561
-83.5 34.5 0.221636 -0.112732
-83 34.5 0.222431 -0.111046
-82.5 34.5 0.223084 -0.109478
-82 34.5 0.223476 -0.107936
-81.5 34.5 0.223541 -0.106449
-81 34.5 0.223215 -0.105088
-119 35 -0.228836 -0.101293
-118.5 35 -0.229449 -0.102952
-118 35 -0.230479 -0.104601
-117.5 35 -0.232134 -0.106305
-117 35 -0.23439 -0.108198
-116.5 35 -0.236416 -0.110694
-116 35 -0.237534 -0.113452
-115.5 35 -0.237786 -0.116454
-115 35 -0.23715 -0.119708
-114.5 35 -0.235365 -0.123187
-114 35 -0.232429 -0.126675
-113.5 35 -0.229285 -0.129622
-113 35 -0.226722 -0.132678
-112.5 35 -0.224597 -0.136022
-112 35 -0.222537 -0.139754
-111.5 35 -0.220127 -0.14372
-111 35 -0.217224 -0.147641
-110.5 35 -0.214311 -0.15102
-110 35 -0.211912 -0.154392
-109.5 35 -0.209797 -0.157943
-109 35 -0.207946 -0.161783
-108.5 35 -0.206401 -0.165848
-108 35 -0.204967 -0.170138
-107.5 35 -0.202666 -0.174654
-107 35 -0.198898 -0.179458
-106.5 35 -0.19341 -0.184524
-106 35 -0.18641 -0.190004
-105.5 35 -0.177997 -0.195863
-105 35 -0.168302 -0.202415
-104.5 35 -0.1568 -0.209716
-104 35 -0.143272 -0.217305
-103.5 35 -0.127662 -0.224336
-103 35 -0.111077 -0.23051
-102.5 35 -0.0951932 -0.235603
-102 35 -0.0807446 -0.240479
-101.5 35 -0.0647508 -0.246851
-101 35 -0.0448032 -0.25226
-100.5 35 -0.0220947 -0.255162
-100 35 0.000569647 -0.255153
-99.5 35 0.0195751 -0.252422
-99 35 0.0336297 -0.248384
-98.5 35 0.0469614 -0.246329
-98 35 0.0634803 -0.243183
-97.5 35 0.0814125 -0.238118
-97 35 0.0986221 -0.231321
-96.5 35 0.113421 -0.223426
-96 35 0.125416 -0.215295
-95.5 35 0.13568 -0.208085
-95 35 0.145419 -0.20128
-94.5 35 0.154456 -0.194736
-94 35 0.162672 -0.188481
-93.5 35 0.169979 -0.182459
-93 35 0.176507 -0.176655
-92.5 35 0.182247 -0.170922
-92 35 0.187264 -0.165424
-91.5 35 0.191602 -0.160187
-91 35 0.195381 -0.155248
-90.5 35 0.198635 -0.150543
-90 35 0.201494 -0.146
-89.5 35 0.204047 -0.14152
-89 35 0.206413 -0.137158
-88.5 35 0.208669 -0.132939
-88 35 0.210871 -0.128865
-87.5 35 0.213018 -0.125026
-87 35 0.215044 -0.121565
-86.5 35 0.216983 -0.118671
-86 35 0.218879 -0.116138
-85.5 35 0.220664 -0.113831
-85 35 0.22223 -0.111668
-84.5 35 0.223436 -0.10964
-84 35 0.22429 -0.107792
-83.5 35 0.224969 -0.106224
-83 35 0.225637 -0.10479
-82.5 35 0.22624 -0.103402
-82 35 0.226634 -0.102014
-81.5 35 0.226547 -0.100635
-81 35 0.225999 -0.0993643
-119 35.5 -0.232163 -0.0957601
-118.5 35.5 -0.232781 -0.0972921
-118 35.5 -0.233772 -0.0987883
-117.5 35.5 -0.235525 -0.100204
-117 35.5 -0.238325 -0.101636
-116.5 35.5 -0.24098 -0.103917
-116 35.5 -0.24238 -0.106314
-115.5 35.5 -0.242888 -0.108792
-115 35.5 -0.242546 -0.111496
-114.5 35.5 -0.240991 -0.114543
-114 35.5 -0.237641 -0.117922
-113.5 35.5 -0.234103 -0.120311
-113 35.5 -0.231855 -0.123024
-112.5 35.5 -0.230212 -0.126223
-112 35.5 -0.228581 -0.129792
-111.5 35.5 -0.226377 -0.13373
-111 35.5 -0.223037 -0.137867
-110.5 35.5 -0.219731 -0.141148
-110 35.5 -0.217449 -0.144573
-109.5 35.5 -0.215674 -0.148295
-109 35.5 -0.214076 -0.152279
-108.5 35.5 -0.212798 -0.156451
-108 35.5 -0.211696 -0.160796
-107.5 35.5 -0.209888 -0.165681
-107 35.5 -0.206405 -0.170845
-106.5 35.5 -0.201379 -0.17637
-106 35.5 -0.19481 -0.182346
-105.5 35.5 -0.187051 -0.188888
-105 35.5 -0.178289 -0.196144
-104.5 35.5 -0.167564 -0.204679
-104 35.5 -0.153732 -0.213466
-103.5 35.5 -0.137277 -0.2221
-103 35.5 -0.119311 -0.229959
-102.5 35.5 -0.102194 -0.23653
-97.5 35.5 0.0900481 -0.238891
-97 35.5 0.109193 -0.230077
-96.5 35.5 0.124987 -0.220208
-96 35.5 0.136395 -0.210149
-95.5 35.5 0.145653 -0.201858
-95 35.5 0.154922 -0.194044
-94.5 35.5 0.163674 -0.186591
-94 35.5 0.171532 -0.179578
-93.5 35.5 0.178542 -0.173017
-93 35.5 0.184836 -0.166889
-92.5 35.5 0.190379 -0.160895
-92 35.5 0.195042 -0.155253
-91.5 35.5 0.199043 -0.149998
-91 35.5 0.202481 -0.145069
-90.5 35.5 0.20549 -0.140445
-90 35.5 0.20818 -0.136065
-89.5 35.5 0.210615 -0.131784
-89 35.5 0.212798 -0.127665
-88.5 35.5 0.21487 -0.123754
-88 35.5 0.216843 -0.120022
-87.5 35.5 0.218639 -0.116516
-87 35.5 0.220083 -0.113335
-86.5 35.5 0.221472 -0.110766
-86 35.5 0.223037 -0.108495
-85.5 35.5 0.224613 -0.106413
-85 35.5 0.226013 -0.104512
-84.5 35.5 0.22706 -0.102727
-84 35.5 0.227611 -0.101087
-83.5 35.5 0.228019 -0.0998247
-83 35.5 0.228603 -0.0986714
-82.5 35.5 0.229209 -0.0975352
-82 35.5 0.229595 -0.096418
-81.5 35.5 0.229518 -0.0952554
-81 35.5 0.228603 -0.0940658
-119 36 -0.235483 -0.0901831
-118.5 36 -0.236037 -0.0916603
-118 36 -0.236936 -0.0931564
-117.5 36 -0.238533 -0.0946347
-117 36 -0.241882 -0.0960854
-116.5 36 -0.245121 -0.0975364
-116 36 -0.246496 -0.0990056
-115.5 36 -0.247129 -0.100555
-115 36 -0.247184 -0.102222
-114.5 36 -0.246208 -0.104151
-114 36 -0.242426 -0.106386
-113.5 36 -0.238422 -0.108973
-113 36 -0.236825 -0.111838
-112.5 36 -0.235727 -0.114984
-112 36 -0.234551 -0.118327
-111.5 36 -0.23281 -0.121833
-111 36 -0.229062 -0.125518
-110.5 36 -0.225235 -0.129304
-110 36 -0.22335 -0.133224
-109.5 36 -0.221897 -0.137315
-109 36 -0.220577 -0.141614
-108.5 36 -0.219457 -0.146093
-108 36 -0.21888 -0.150779
-107.5 36 -0.21756 -0.155682
-107 36 -0.214532 -0.160981
-106.5 36 -0.209974 -0.166784
-106 36 -0.20414 -0.173354
-105.5 36 -0.197197 -0.180699
-105 36 -0.189833 -0.189188
-104.5 36 -0.180073 -0.198452
-104 36 -0.166497 -0.208699
-103.5 36 -0.14955 -0.219234
-96.5 36 0.139358 -0.216656
-96 36 0.149561 -0.205473
-95.5 36 0.157192 -0.195046
-95 36 0.16602 -0.185547
-94.5 36 0.174183 -0.176887
-94 36 0.181404 -0.169028
-93.5 36 0.187714 -0.161891
-93 36 0.193626 -0.155375
-92.5 36 0.198839 -0.149337
-92 36 0.203009 -0.143759
-91.5 36 0.206525 -0.138604
-91 36 0.209574 -0.133828
-90.5 36 0.212192 -0.129376
-90 36 0.214665 -0.125221
-89.5 36 0.216928 -0.121292
-89 36 0.218869 -0.117597
-88.5 36 0.220677 -0.114119
-88 36 0.222407 -0.110892
-87.5 36 0.223904 -0.107918
-87 36 0.224803 -0.105241
-86.5 36 0.225645 -0.102872
-86 36 0.226965 -0.10079
-85.5 36 0.228318 -0.0989514
-85 36 0.229538 -0.0973384
-84.5 36 0.230437 -0.0959231
-84 36 0.230659 -0.0946795
-83.5 36 0.230747 -0.093589
-83 36 0.231268 -0.092652
-82.5 36 0.231835 -0.0918231
-82 36 0.232267 -0.0911023
-81.5 36 0.232267 -0.0904532
-81 36 0.230992 -0.0898223
-119 36.5 -0.238796 -0.0843538
-118.5 36.5 -0.239421 -0.0857868
-118 36.5 -0.240426 -0.0872559
-117.5 36.5 -0.242145 -0.0887962
-117 36.5 -0.244947 -0.0902743
-116.5 36.5 -0.247659 -0.09086
-116 36.5 -0.249199 -0.0913828
-115.5 36.5 -0.249958 -0.0919683
-115 36.5 -0.250081 -0.0926261
-114.5 36.5 -0.24921 -0.093365
-114 36.5 -0.246632 -0.0944194
-113.5 36.5 -0.24383 -0.0971589
-113 36.5 -0.242245 -0.100205
-112.5 36.5 -0.241174 -0.103268
-112 36.5 -0.239968 -0.106332
-111.5 36.5 -0.238159 -0.109342
-111 36.5 -0.235124 -0.112424
-110.5 36.5 -0.232066 -0.116614
-110 36.5 -0.230135 -0.12094
-109.5 36.5 -0.228806 -0.12531
-109 36.5 -0.227668 -0.129788
-108.5 36.5 -0.226853 -0.134456
-108 36.5 -0.226262 -0.139313
-107.5 36.5 -0.22519 -0.144044
-107 36.5 -0.222779 -0.149252
-106.5 36.5 -0.219263 -0.155146
-106 36.5 -0.214519 -0.161967
-105.5 36.5 -0.209039 -0.169951
-105 36.5 -0.202543 -0.179134
-104.5 36.5 -0.193859 -0.189127
-95.5 36.5 0.172183 -0.185081
-95 36.5 0.179382 -0.174196
-94.5 36.5 0.186213 -0.164661
-94 36.5 0.192285 -0.156272
-93.5 36.5 0.197721 -0.14882
-93 36.5 0.202732 -0.142116
-92.5 36.5 0.207186 -0.13625
-92 36.5 0.210814 -0.130915
-91.5 36.5 0.213872 -0.126022
-91 36.5 0.216484 -0.121534
-90.5 36.5 0.218761 -0.117398
-90 36.5 0.220837 -0.11355
-89.5 36.5 0.222734 -0.110081
-89 36.5 0.224386 -0.106873
-88.5 36.5 0.225904 -0.103917
-88 36.5 0.227277 -0.101223
-87.5 36.5 0.228416 -0.098826
-87 36.5 0.22913 -0.09669
-86.5 36.5 0.2298 -0.0945637
-86 36.5 0.230726 -0.0926981
-85.5 36.5 0.231742 -0.0911394
-85 36.5 0.232635 -0.0898417
-84.5 36.5 0.233238 -0.0888052
-84 36.5 0.233394 -0.0879673
-83.5 36.5 0.233427 -0.0870576
-83 36.5 0.233695 -0.0863179
-82.5 36.5 0.234041 -0.0858138
-82 36.5 0.234209 -0.0854893
-81.5 36.5 0.234019 -0.0853631
-81 36.5 0.233048 -0.0853182
-119 37 -0.242047 -0.0781201
-118.5 37 -0.24271 -0.0793911
-118 37 -0.243755 -0.0806614
-117.5 37 -0.245384 -0.081923
-117 37 -0.247586 -0.0829231
-116.5 37 -0.249675 -0.0832564
-116 37 -0.251068 -0.0833194
-115.5 37 -0.251877 -0.0833196
-115 37 -0.252125 -0.0833826
-114.5 37 -0.25163 -0.0835449
-114 37 -0.250293 -0.0843288
-113.5 37 -0.248721 -0.0864283
-113 37 -0.247507 -0.0891494
-112.5 37 -0.246417 -0.0919426
-112 37 -0.245159 -0.0946996
-111.5 37 -0.243418 -0.0974386
-111 37 -0.241092 -0.100431
-110.5 37 -0.238767 -0.104215
-110 37 -0.237082 -0.108333
-109.5 37 -0.2358 -0.112531
-109 37 -0.234835 -0.116812
-108.5 37 -0.234172 -0.121245
-108 37 -0.233666 -0.12575
-107.5 37 -0.232767 -0.130309
-107 37 -0.23115 -0.135247
-106.5 37 -0.228544 -0.140897
-106 37 -0.22524 -0.147483
-105.5 37 -0.221151 -0.155223
-105 37 -0.216197 -0.164314
-95 37 0.193627 -0.158683
-94.5 37 0.198783 -0.149213
-94 37 0.203501 -0.140968
-93.5 37 0.207793 -0.133751
-93 37 0.211804 -0.127363
-92.5 37 0.215376 -0.121794
-92 37 0.218387 -0.116811
-91.5 37 0.220893 -0.112315
-91 37 0.223039 -0.108251
-90.5 37 0.224892 -0.104557
-90 37 0.226566 -0.101196
-89.5 37 0.22806 -0.098205
-89 37 0.229386 -0.0954927
-88.5 37 0.230577 -0.0930505
-88 37 0.231633 -0.0908521
-87.5 37 0.232453 -0.0889149
-87 37 0.233026 -0.0871671
-86.5 37 0.233543 -0.0854821
-86 37 0.234172 -0.0839862
-85.5 37 0.234834 -0.0827339
-85 37 0.235419 -0.0817517
-84.5 37 0.235756 -0.0809859
-84 37 0.235823 -0.0803914
-83.5 37 0.23579 -0.0797966
-83 37 0.235812 -0.0793372
-82.5 37 0.235868 -0.0791026
-82 37 0.235835 -0.0790663
-81.5 37 0.235486 -0.0791931
-81 37 0.234823 -0.079283
-119 37.5 -0.245054 -0.0714827
-118.5 37.5 -0.245767 -0.0724918
-118 37.5 -0.246773 -0.0735006
-117.5 37.5 -0.248176 -0.0744203
-117 37.5 -0.249849 -0.0750414
-116.5 37.5 -0.251421 -0.0751767
-116 37.5 -0.252563 -0.0750054
-115.5 37.5 -0.253332 -0.0747263
-115 37.5 -0.25366 -0.0743389
-114.5 37.5 -0.253683 -0.0741676
-114 37.5 -0.253502 -0.0746092
-113.5 37.5 -0.253095 -0.0762938
-113 37.5 -0.25236 -0.0785463
-112.5 37.5 -0.251319 -0.0809878
-112 37.5 -0.25003 -0.0833577
-111.5 37.5 -0.248492 -0.0857902
-111 37.5 -0.246728 -0.088466
-110.5 37.5 -0.245043 -0.0917457
-110 37.5 -0.243606 -0.0953403
-109.5 37.5 -0.242464 -0.0990432
-109 37.5 -0.241605 -0.102846
-108.5 37.5 -0.241062 -0.10672
-108 37.5 -0.240621 -0.110648
-107.5 37.5 -0.240078 -0.114693
-107 37.5 -0.239004 -0.11909
-106.5 37.5 -0.237511 -0.124072
-106 37.5 -0.235329 -0.129874
-105.5 37.5 -0.23292 -0.13674
-94.5 37.5 0.210901 -0.130442
-94 37.5 0.214226 -0.123018
-93.5 37.5 0.217404 -0.116531
-93 37.5 0.220412 -0.110855
-92.5 37.5 0.22316 -0.105846
-92 37.5 0.22549 -0.101431
-91.5 37.5 0.227435 -0.0974846
-91 37.5 0.229075 -0.0939892
-90.5 37.5 0.230499 -0.0908537
-90 37.5 0.231721 -0.0880694
-89.5 37.5 0.232829 -0.085619
-89 37.5 0.233813 -0.0834565
-88.5 37.5 0.234707 -0.0815288
-88 37.5 0.235464 -0.0798438
-87.5 37.5 0.236052 -0.0783389
-87 37.5 0.236459 -0.0769969
-86.5 37.5 0.236821 -0.0757442
-86 37.5 0.237217 -0.0746634
-85.5 37.5 0.237601 -0.073753
-85 37.5 0.237896 -0.0730684
-84.5 37.5 0.23802 -0.0725641
-84 37.5 0.237963 -0.0721948
-83.5 37.5 0.237828 -0.0718789
-83 37.5 0.237647 -0.0716991
-82.5 37.5 0.237466 -0.0716809
-82 37.5 0.237183 -0.0718792
-81.5 37.5 0.236832 -0.0721764
-81 37.5 0.236369 -0.0724107
-119 38 -0.247824 -0.0644587
-118.5 38 -0.248519 -0.0651975
-118 38 -0.249464 -0.0659362
-117.5 38 -0.250625 -0.0665578
-117 38 -0.251866 -0.0669452
-116.5 38 -0.252982 -0.0669004
-116 38 -0.25387 -0.0666029
-115.5 38 -0.254417 -0.0661344
-115 38 -0.254804 -0.06554
-114.5 38 -0.25535 -0.0650443
-114 38 -0.25634 -0.0650894
-113.5 38 -0.257035 -0.0664767
-113 38 -0.256762 -0.0683507
-112.5 38 -0.255806 -0.0703145
-112 38 -0.254519 -0.0722426
-111.5 38 -0.253141 -0.0741797
-111 38 -0.251855 -0.0763323
-110.5 38 -0.250659 -0.0790082
-110 38 -0.249486 -0.0819268
-109.5 38 -0.248451 -0.0849542
-109 38 -0.247688 -0.0880259
-108.5 38 -0.247175 -0.0911432
-108 38 -0.246879 -0.0942784
-107.5 38 -0.246561 -0.0975304
-107 38 -0.246105 -0.101035
-106.5 38 -0.245239 -0.104999
-106 38 -0.244272 -0.109558
-94 38 0.223813 -0.102585
-93.5 38 0.225953 -0.0972604
-93 38 0.22815 -0.0926025
-92.5 38 0.230177 -0.0884402
-92 38 0.231885 -0.0847739
-91.5 38 0.233262 -0.0815846
-91 38 0.234412 -0.0787832
-90.5 38 0.235392 -0.0763415
-90 38 0.236223 -0.0742156
-89.5 38 0.236951 -0.0723865
-89 38 0.237634 -0.0708099
-88.5 38 0.238238 -0.0694409
-88 38 0.238773 -0.0682608
-87.5 38 0.239171 -0.0672336
-87 38 0.239433 -0.0663145
-86.5 38 0.239627 -0.0655038
-86 38 0.239832 -0.0648013
-85.5 38 0.240003 -0.0642605
-85 38 0.240082 -0.063855
-84.5 38 0.240025 -0.063612
-84 38 0.239855 -0.0634676
-83.5 38 0.239582 -0.0633956
-83 38 0.239228 -0.0634407
-82.5 38 0.238807 -0.0636389
-82 38 0.238375 -0.0639996
-81.5 38 0.237976 -0.0644403
-81 38 0.237736 -0.0648549
-119 38.5 -0.250296 -0.0570577
-118.5 38.5 -0.251007 -0.0575349
-118 38.5 -0.251878 -0.0580039
-117.5 38.5 -0.252853 -0.0584083
-117 38.5 -0.253701 -0.0586431
-116.5 38.5 -0.254423 -0.0585078
-116 38.5 -0.255042 -0.0582016
-115.5 38.5 -0.255444 -0.0577782
-115 38.5 -0.255741 -0.0572556
-114.5 38.5 -0.256578 -0.0566431
-114 38.5 -0.258791 -0.0562288
-113.5 38.5 -0.260705 -0.057445
-113 38.5 -0.260694 -0.0588413
-112.5 38.5 -0.259708 -0.0601655
-112 38.5 -0.258366 -0.0614625
-111.5 38.5 -0.257094 -0.0627417
-111 38.5 -0.256246 -0.0641833
-110.5 38.5 -0.255512 -0.0661467
-110 38.5 -0.254503 -0.0682365
-109.5 38.5 -0.25354 -0.0703808
-109 38.5 -0.252784 -0.0725514
-108.5 38.5 -0.252314 -0.0747046
-108 38.5 -0.252038 -0.0769294
-107.5 38.5 -0.251958 -0.0791367
-107 38.5 -0.251775 -0.0815416
-106.5 38.5 -0.251603 -0.0841991
-106 38.5 -0.251317 -0.0873521
-94 38.5 0.231771 -0.0801362
-93.5 38.5 0.233078 -0.076182
-93 38.5 0.234649 -0.0728305
-92.5 38.5 0.236173 -0.0696781
-92 38.5 0.237296 -0.0669754
-91.5 38.5 0.238168 -0.0646877
-91 38.5 0.238878 -0.0627415
-90.5 38.5 0.239463 -0.0610841
-90 38.5 0.239922 -0.0597241
-89.5 38.5 0.240346 -0.0585708
-89 38.5 0.240758 -0.0576254
-88.5 38.5 0.241159 -0.0568501
-88 38.5 0.241492 -0.0562019
-87.5 38.5 0.241756 -0.0556705
-87 38.5 0.241894 -0.0552287
-86.5 38.5 0.241985 -0.0548417
-86 38.5 0.242042 -0.054517
-85.5 38.5 0.242054 -0.0542921
-85 38.5 0.241974 -0.054175
-84.5 38.5 0.241767 -0.0541659
-84 38.5 0.241492 -0.0542737
-83.5 38.5 0.241114 -0.0543911
-83 38.5 0.240586 -0.0546074
-82.5 38.5 0.240002 -0.0549588
-82 38.5 0.239406 -0.0554181
-81.5 38.5 0.238982 -0.0559768
-81 38.5 0.238913 -0.0565623
-119 39 -0.252475 -0.0493245
-118.5 39 -0.253192 -0.0495136
-118 39 -0.254057 -0.0497118
-117.5 39 -0.254934 -0.0498646
-117 39 -0.2555 -0.0499278
-116.5 39 -0.255938 -0.0498555
-116 39 -0.25647 -0.0497387
-115.5 39 -0.256746 -0.0495944
-115 39 -0.256897 -0.0495133
-114.5 39 -0.25759 -0.0494866
-114 39 -0.260937 -0.0495674
-113.5 39 -0.263961 -0.0497115
-113 39 -0.263823 -0.0499908
-112.5 39 -0.262726 -0.0503781
-112 39 -0.261364 -0.0509006
-111.5 39 -0.260152 -0.0515581
-111 39 -0.259725 -0.0523689
-110.5 39 -0.259343 -0.0532785
-110 39 -0.258386 -0.0542785
-109.5 39 -0.257439 -0.0553592
-109 39 -0.256677 -0.0564674
-108.5 39 -0.256227 -0.0575929
-108 39 -0.255996 -0.0586918
-107.5 39 -0.255904 -0.059773
-107 39 -0.256019 -0.0608897
-106.5 39 -0.2561 -0.0622321
-93.5 39 0.238461 -0.0535847
-93 39 0.239661 -0.0514681
-92.5 39 0.240885 -0.049685
-92 39 0.241509 -0.0481893
-91.5 39 0.241936 -0.0469735
-91 39 0.242294 -0.0460094
-90.5 39 0.242536 -0.045262
-90 39 0.242732 -0.0446943
-89.5 39 0.24294 -0.0442891
-89 39 0.243148 -0.0440101
-88.5 39 0.243379 -0.0438477
-88 39 0.243609 -0.0437667
-87.5 39 0.243748 -0.0437578
-87 39 0.243829 -0.043785
-86.5 39 0.243875 -0.0438119
-86 39 0.243875 -0.0438658
-85.5 39 0.243783 -0.0439469
-85 39 0.243586 -0.0440912
-84.5 39 0.24324 -0.0442891
-84 39 0.242906 -0.0445594
-83.5 39 0.24249 -0.0449019
-83 39 0.241832 -0.045298
-82.5 39 0.241093 -0.0457397
-82 39 0.240389 -0.0462254
-81.5 39 0.239823 -0.0467482
-81 39 0.240008 -0.0472617
-119 39.5 -0.254321 -0.0412773
-118.5 39.5 -0.255065 -0.0411604
-118 39.5 -0.255902 -0.0410785
-117.5 39.5 -0.256716 -0.0409889
-117 39.5 -0.257286 -0.040854
-116.5 39.5 -0.257786 -0.0408449
-116 39.5 -0.25832 -0.040854
-115.5 39.5 -0.258774 -0.0409799
-115 39.5 -0.259228 -0.0412954
-114.5 39.5 -0.260285 -0.0418536
-114 39.5 -0.26275 -0.0424119
-113.5 39.5 -0.264947 -0.0415024
-113 39.5 -0.26525 -0.0406286
-112.5 39.5 -0.264564 -0.0400613
-112 39.5 -0.263552 -0.039818
-111.5 39.5 -0.262634 -0.0398454
-111 39.5 -0.262099 -0.039989
-110.5 39.5 -0.261599 -0.039827
-110 39.5 -0.260797 -0.0397283
-109.5 39.5 -0.25996 -0.0397009
-109 39.5 -0.259251 -0.0397462
-108.5 39.5 -0.258762 -0.039773
-108 39.5 -0.258425 -0.0396741
-107.5 39.5 -0.258367 -0.0394757
-107 39.5 -0.258518 -0.039233
-106.5 39.5 -0.259006 -0.0390526
-93.5 39.5 0.242346 -0.0299738
-93 39.5 0.243009 -0.0292267
-92.5 39.5 0.243753 -0.0289021
-92 39.5 0.24416 -0.0287402
-91.5 39.5 0.244358 -0.0286858
-91 39.5 0.244474 -0.0287669
-90.5 39.5 0.244555 -0.0289563
-90 39.5 0.244578 -0.0292262
-89.5 39.5 0.244636 -0.0295868
-89 39.5 0.244741 -0.0300098
-88.5 39.5 0.244892 -0.0304785
-88 39.5 0.245032 -0.0310006
-87.5 39.5 0.24516 -0.0315231
-87 39.5 0.245253 -0.0320274
-86.5 39.5 0.245311 -0.0324776
-86 39.5 0.245299 -0.0329103
-85.5 39.5 0.245195 -0.0333154
-85 39.5 0.244962 -0.0337115
-84.5 39.5 0.24459 -0.034126
-84 39.5 0.244125 -0.0345493
-83.5 39.5 0.243578 -0.0351168
-83 39.5 0.242916 -0.0356929
-82.5 39.5 0.242207 -0.0362515
-82 39.5 0.241498 -0.036774
-81.5 39.5 0.241032 -0.0372514
-81 39.5 0.240974 -0.0377013
-119 40 -0.255804 -0.0329432
-118.5 40 -0.256588 -0.0325293
-118 40 -0.257501 -0.0321508
-117.5 40 -0.258321 -0.0318446
-117 40 -0.259 -0.0315654
-116.5 40 -0.259632 -0.0313854
-116 40 -0.260347 -0.0312952
-115.5 40 -0.261026 -0.0314123
-115 40 -0.261741 -0.0316916
-114.5 40 -0.262759 -0.0321505
-114 40 -0.264247 -0.0322228
-113.5 40 -0.265453 -0.0311603
-113 40 -0.265757 -0.0297281
-112.5 40 -0.265464 -0.0285125
-112 40 -0.264856 -0.0275847
-111.5 40 -0.264129 -0.0269364
-111 40 -0.26345 -0.0262697
-110.5 40 -0.262748 -0.0253426
-110 40 -0.261951 -0.0243067
-109.5 40 -0.261178 -0.0233251
-109 40 -0.260476 -0.0223344
-108.5 40 -0.259832 -0.0212987
-108 40 -0.259305 -0.0200201
-107.5 40 -0.259024 -0.0184978
-107 40 -0.259164 -0.0167148
-106.5 40 -0.25955 -0.0148414
-93.5 40 0.244093 -0.00606081
-93 40 0.244514 -0.00693451
-92.5 40 0.244995 -0.00796102
-92 40 0.245276 -0.00901488
-91.5 40 0.245393 -0.0101134
-91 40 0.24544 -0.0112035
-90.5 40 0.24544 -0.012329
-90 40 0.245416 -0.0134636
-89.5 40 0.245428 -0.0145895
-89 40 0.245498 -0.015706
-88.5 40 0.245604 -0.016832
-88 40 0.245767 -0.0179484
-87.5 40 0.245931 -0.0190293
-87 40 0.246107 -0.0200289
-86.5 40 0.246247 -0.0209205
-86 40 0.246306 -0.02174
-85.5 40 0.24626 -0.0224785
-85 40 0.246048 -0.0231719
-84.5 40 0.245662 -0.0238203
-84 40 0.245123 -0.0244958
-83.5 40 0.244503 -0.0252431
-83 40 0.243847 -0.0260272
-82.5 40 0.243168 -0.0267379
-82 40 0.242559 -0.0273959
-81.5 40 0.242079 -0.027981
-81 40 0.241868 -0.0286115
-119 40.5 -0.256903 -0.0243769
-118.5 40.5 -0.257775 -0.023611
-118 40.5 -0.258766 -0.0229539
-117.5 40.5 -0.259722 -0.0223686
-117 40.5 -0.260465 -0.021864
-116.5 40.5 -0.26122 -0.02136
-116 40.5 -0.262152 -0.0210088
-115.5 40.5 -0.263096 -0.0208197
-115 40.5 -0.264004 -0.0209456
-114.5 40.5 -0.264806 -0.0210627
-114 40.5 -0.265314 -0.0207296
-113.5 40.5 -0.265573 -0.0193069
-113 40.5 -0.265679 -0.0175148
-112.5 40.5 -0.265644 -0.0157588
-112 40.5 -0.265361 -0.0143001
-111.5 40.5 -0.264771 -0.0130121
-111 40.5 -0.263863 -0.0116975
-110.5 40.5 -0.262872 -0.0100137
-110 40.5 -0.261987 -0.00819433
-109.5 40.5 -0.261196 -0.00632163
-109 40.5 -0.260406 -0.00444838
-108.5 40.5 -0.259533 -0.00240446
-108 40.5 -0.258554 -4.49317e-05
-107.5 40.5 -0.257834 0.00285447
-107 40.5 -0.257528 0.0061507
-106.5 40.5 -0.257752 0.00981558
-93.5 40.5 0.24356 0.0178026
-93 40.5 0.244091 0.0152819
-92.5 40.5 0.24461 0.0129402
-92 40.5 0.244928 0.0106891
-91.5 40.5 0.245081 0.00854595
-91 40.5 0.245164 0.00644749
-90.5 40.5 0.245188 0.00442158
-90 40.5 0.245211 0.00245819
-89.5 40.5 0.245294 0.00057628
-89 40.5 0.2454 -0.00125177
-88.5 40.5 0.245554 -0.00301661
-88 40.5 0.245754 -0.00472745
-87.5 40.5 0.246037 -0.00636656
-87 40.5 0.246379 -0.00786154
-86.5 40.5 0.246674 -0.00921224
-86 40.5 0.246863 -0.0104099
-85.5 40.5 0.246922 -0.0115174
-85 40.5 0.246804 -0.0125081
-84.5 40.5 0.24645 -0.0134265
-84 40.5 0.245848 -0.0143452
-83.5 40.5 0.245152 -0.0153625
-83 40.5 0.244527 -0.0163623
-82.5 40.5 0.243973 -0.0172895
-82 40.5 0.243418 -0.0180999
-81.5 40.5 0.242982 -0.0188562
-81 40.5 0.242569 -0.0196578
-119 41 -0.257538 -0.0156134
-118.5 41 -0.258548 -0.0144604
-118 41 -0.259713 -0.0134253
-117.5 41 -0.260747 -0.012516
-117 41 -0.261544 -0.0116609
-116.5 41 -0.262388 -0.010742
-116 41 -0.263529 -0.00994979
-115.5 41 -0.264848 -0.00940049
-115 41 -0.265977 -0.00913037
-114.5 41 -0.266405 -0.00893225
-114 41 -0.265882 -0.00829282
-113.5 41 -0.265181 -0.00638387
-113 41 -0.26505 -0.00410615
-112.5 41 -0.265193 -0.00192681
-112 41 -0.265193 9.06799e-06
-111.5 41 -0.264646 0.00176496
-111 41 -0.263434 0.00359244
-110.5 41 -0.262055 0.00597911
-110 41 -0.260997 0.00853587
-109.5 41 -0.260141 0.0111384
-109 41 -0.259202 0.0138217
-108.5 41 -0.257907 0.0166938
-108 41 -0.256243 0.0200346
-107.5 41 -0.254721 0.0241764
-107 41 -0.253854 0.0289217
-106.5 41 -0.25339 0.034135
-93.5 41 0.240815 0.0411403
-93 41 0.241754 0.0371336
-92.5 41 0.242598 0.0335317
-92 41 0.243145 0.0301912
-91.5 41 0.243466 0.0270305
-91 41 0.243668 0.0240145
-90.5 41 0.243846 0.0211148
-90 41 0.244012 0.0183686
-89.5 41 0.244202 0.0157666
-89 41 0.244428 0.0132721
-88.5 41 0.24469 0.0108863
-88 41 0.245023 0.00858973
-87.5 41 0.245474 0.00641107
-87 41 0.246033 0.00439413
-86.5 41 0.246568 0.00260224
-86 41 0.246948 0.00099061
-85.5 41 0.247174 -0.000486099
-85 41 0.247209 -0.00181882
-84.5 41 0.246912 -0.00304355
-84 41 0.246235 -0.00420508
-83.5 41 0.245498 -0.00552873
-83 41 0.244951 -0.00677984
-82.5 41 0.244512 -0.00793285
-82 41 0.244119 -0.00894104
-81.5 41 0.243644 -0.00986873
-81 41 0.243109 -0.0108321
-119 41.5 -0.257641 -0.00670726
-118.5 41.5 -0.258791 -0.00506884
-118 41.5 -0.26012 -0.00354747
-117.5 41.5 -0.26133 -0.00216074
-117 41.5 -0.262072 -0.000954529
-116.5 41.5 -0.262922 0.00057618
-116 41.5 -0.26436 0.00192664
-115.5 41.5 -0.266013 0.00303422
-115 41.5 -0.267402 0.00392555
-114.5 41.5 -0.267725 0.00463664
-114 41.5 -0.265965 0.00540213
-113.5 41.5 -0.264049 0.00797722
-113 41.5 -0.263797 0.0106512
-112.5 41.5 -0.264216 0.013145
-112 41.5 -0.264491 0.015459
-111.5 41.5 -0.264037 0.0176108
-111 41.5 -0.262276 0.0197085
-110.5 41.5 -0.2603 0.0227609
-110 41.5 -0.259114 0.0259117
-109.5 41.5 -0.258144 0.0290993
-109 41.5 -0.256982 0.0324393
-108.5 41.5 -0.255222 0.0360318
-108 41.5 -0.252539 0.0400562
-107.5 41.5 -0.24994 0.0453144
-107 41.5 -0.248204 0.0511668
-106.5 41.5 -0.24703 0.057631
-106 41.5 -0.246023 0.064726
-94 41.5 0.234502 0.0693805
-93.5 41.5 0.236047 0.0636008
-93 41.5 0.237688 0.0582701
-92.5 41.5 0.239101 0.0536247
-92 41.5 0.240011 0.0492851
-91.5 41.5 0.240598 0.0451882
-91 41.5 0.241029 0.0412989
-90.5 41.5 0.241413 0.0376163
-90 41.5 0.241832 0.0340963
-89.5 41.5 0.242251 0.0308547
-89 41.5 0.242646 0.0277668
-88.5 41.5 0.243065 0.0247956
-88 41.5 0.243544 0.0219593
-87.5 41.5 0.244203 0.0192585
-87 41.5 0.245066 0.0166924
-86.5 41.5 0.245904 0.0144776
-86 41.5 0.246515 0.0124248
-85.5 41.5 0.246946 0.0105251
-85 41.5 0.247161 0.00876002
-84.5 41.5 0.24703 0.00717573
-84 41.5 0.246287 0.00572635
-83.5 41.5 0.245461 0.00407859
-83 41.5 0.245053 0.00255695
-82.5 41.5 0.244814 0.00120649
-82 41.5 0.244551 -2.72016e-05
-81.5 41.5 0.244167 -0.00115291
-81 41.5 0.243389 -0.00227807
-119 42 -0.257041 0.00221468
-118.5 42 -0.25832 0.00442029
-118 42 -0.259841 0.00658991
-117.5 42 -0.261314 0.00866941
-117 42 -0.261929 0.0106775
-116.5 42 -0.262593 0.0125768
-116 42 -0.264319 0.0144494
-115.5 42 -0.266274 0.0162407
-115 42 -0.267952 0.0180776
-114.5 42 -0.268556 0.01995
-114 42 -0.265526 0.0219663
-113.5 42 -0.262255 0.0241722
-113 42 -0.262231 0.026603
-112.5 42 -0.262859 0.0291235
-112 42 -0.263317 0.0317882
-111.5 42 -0.263052 0.034534
-111 42 -0.260613 0.0374062
-110.5 42 -0.257801 0.0404487
-110 42 -0.256546 0.0437351
-109.5 42 -0.255424 0.0472642
-109 42 -0.253927 0.0511711
-108.5 42 -0.251694 0.0555195
-108 42 -0.247771 0.0604708
-107.5 42 -0.243776 0.0661608
-107 42 -0.241278 0.0726155
-106.5 42 -0.239141 0.0797637
-106 42 -0.237101 0.0876767
-94 42 0.227385 0.091611
-93.5 42 0.229654 0.0849223
-93 42 0.232128 0.0787643
-92.5 42 0.234314 0.0730658
-92 42 0.235605 0.0677721
-91.5 42 0.236534 0.0627937
-91 42 0.237294 0.05813
-90.5 42 0.23797 0.053737
-90 42 0.238731 0.0496139
-89.5 42 0.239503 0.0457424
-89 42 0.240095 0.0421056
-88.5 42 0.240698 0.0386211
-88 42 0.241398 0.0353087
-87.5 42 0.242219 0.0321577
-87 42 0.243438 0.0291867
-86.5 42 0.244669 0.0264497
-86 42 0.245478 0.0239021
-85.5 42 0.246093 0.0214893
-85 42 0.246552 0.0191848
-84.5 42 0.246673 0.017024
-84 42 0.245901 0.0150252
-83.5 42 0.245055 0.0132699
-83 42 0.244899 0.0116586
-82.5 42 0.244838 0.0101371
-82 42 0.244741 0.00866062
-81.5 42 0.244404 0.00716576
-81 42 0.243451 0.00568079
-119 42.5 -0.255684 0.0109013
-118.5 42.5 -0.256962 0.0136918
-118 42.5 -0.258483 0.0164915
-117.5 42.5 -0.25993 0.019318
-117 42.5 -0.260928 0.0221176
-116.5 42.5 -0.261974 0.0244313
-116 42.5 -0.26358 0.0267359
-115.5 42.5 -0.265308 0.029238
-115 42.5 -0.266609 0.0319387
-114.5 42.5 -0.266695 0.0349815
-114 42.5 -0.264456 0.0382489
-113.5 42.5 -0.26195 0.0401393
-113 42.5 -0.261269 0.0422367
-112.5 42.5 -0.261378 0.0448204
-112 42.5 -0.261354 0.0477821
-111.5 42.5 -0.260612 0.0511306
-111 42.5 -0.258422 0.0547676
-110.5 42.5 -0.255855 0.057783
-110 42.5 -0.253993 0.061087
-109.5 42.5 -0.252169 0.0648764
-109 42.5 -0.249882 0.0691976
-108.5 42.5 -0.246682 0.0741844
-108 42.5 -0.242144 0.0799458
-107.5 42.5 -0.237473 0.0859322
-107 42.5 -0.233738 0.0927371
-106.5 42.5 -0.230575 0.10038
-106 42.5 -0.22757 0.108752
-105.5 42.5 -0.224845 0.117844
-94.5 42.5 0.215623 0.119932
-94 42.5 0.219261 0.111939
-93.5 42.5 0.222412 0.104629
-93 42.5 0.225417 0.0978956
-92.5 42.5 0.22802 0.0913693
-92 42.5 0.229918 0.0852568
-91.5 42.5 0.231365 0.0795858
-91 42.5 0.232594 0.0742654
-90.5 42.5 0.233714 0.0692966
-90 42.5 0.234845 0.0646693
-89.5 42.5 0.235928 0.0602947
-89 42.5 0.236852 0.0561809
-88.5 42.5 0.237716 0.0522919
-88 42.5 0.238653 0.0485381
-87.5 42.5 0.239784 0.0449825
-87 42.5 0.241219 0.0416697
-86.5 42.5 0.242643 0.0384739
-86 42.5 0.243702 0.0354584
-85.5 42.5 0.244468 0.0325686
-85 42.5 0.245028 0.0297245
-84.5 42.5 0.245307 0.0269878
-84 42.5 0.245101 0.0244579
-83.5 42.5 0.244785 0.0226036
-83 42.5 0.244687 0.0209114
-82.5 42.5 0.244626 0.019237
-82 42.5 0.244395 0.0174818
-81.5 42.5 0.243994 0.0156456
-81 42.5 0.243215 0.0137641
-119 43 -0.253615 0.0191633
-118.5 43 -0.254854 0.0224308
-118 43 -0.25635 0.0257521
-117.5 43 -0.257846 0.0290739
-117 43 -0.259171 0.032296
-116.5 43 -0.26052 0.0351943
-116 43 -0.262016 0.0380566
-115.5 43 -0.263463 0.0410812
-115 43 -0.264432 0.0443212
-114.5 43 -0.264273 0.0478049
-114 43 -0.262764 0.0512162
-113.5 43 -0.261035 0.0537635
-113 43 -0.260066 0.0562568
-112.5 43 -0.259526 0.0591194
-112 43 -0.25895 0.0624138
-111.5 43 -0.25776 0.0660952
-111 43 -0.255737 0.0699383
-110.5 43 -0.253333 0.073458
-110 43 -0.251003 0.0771305
-109.5 43 -0.248477 0.0812347
-109 43 -0.245325 0.0858796
-108.5 43 -0.241094 0.091145
-108 43 -0.235746 0.0971759
-107.5 43 -0.230265 0.103755
-107 43 -0.22547 0.111164
-106.5 43 -0.221165 0.119291
-106 43 -0.217118 0.128194
-105.5 43 -0.213292 0.137771
-105 43 -0.209171 0.148284
-95 43 0.200231 0.147807
-94.5 43 0.20559 0.138599
-94 43 0.210189 0.13012
-93.5 43 0.214212 0.12228
-93 43 0.217793 0.114998
-92.5 43 0.220859 0.108022
-92 43 0.223336 0.101451
-91.5 43 0.225359 0.0952766
-91 43 0.227088 0.0895161
-90.5 43 0.22872 0.0840792
-90 43 0.230302 0.0790384
-89.5 43 0.231786 0.0743221
-89 43 0.233049 0.0698934
-88.5 43 0.234152 0.0656362
-88 43 0.235318 0.0615405
-87.5 43 0.236752 0.057571
-87 43 0.238482 0.0538717
-86.5 43 0.240137 0.0503883
-86 43 0.241376 0.0471118
-85.5 43 0.242235 0.0438625
-85 43 0.242909 0.040667
-84.5 43 0.243461 0.0374896
-84 43 0.243878 0.0346993
-83.5 43 0.24416 0.0325119
-83 43 0.244246 0.0306578
-82.5 43 0.244099 0.0287676
-82 43 0.24378 0.0267962
-81.5 43 0.243265 0.0246904
-81 43 0.242652 0.0226198
-119 43.5 -0.250888 0.0268119
-118.5 43.5 -0.252113 0.030529
-118 43.5 -0.253584 0.0342639
-117.5 43.5 -0.255191 0.0379901
-117 43.5 -0.256786 0.0415814
-116.5 43.5 -0.258344 0.0449383
-116 43.5 -0.259803 0.0482415
-115.5 43.5 -0.26104 0.0516347
-115 43.5 -0.261732 0.0552257
-114.5 43.5 -0.261584 0.0589428
-114 43.5 -0.260595 0.062516
-113.5 43.5 -0.259309 0.0656032
-113 43.5 -0.258183 0.0686273
-112.5 43.5 -0.257194 0.0719033
-112 43.5 -0.256045 0.0755756
-111.5 43.5 -0.254536 0.0795808
-111 43.5 -0.252533 0.0836935
-110.5 43.5 -0.250159 0.087681
-110 43.5 -0.247463 0.0917848
-109.5 43.5 -0.244273 0.0962492
-109 43.5 -0.240354 0.101091
-108.5 43.5 -0.235198 0.106519
-108 43.5 -0.228781 0.112675
-107.5 43.5 -0.222141 0.119821
-107 43.5 -0.216218 0.127732
-106.5 43.5 -0.210951 0.136355
-106 43.5 -0.205906 0.145598
-105.5 43.5 -0.200923 0.155525
-105 43.5 -0.195459 0.166236
-104.5 43.5 -0.188324 0.177783
-95.5 43.5 0.181042 0.174489
-95 43.5 0.188411 0.164256
-94.5 43.5 0.194852 0.154769
-94 43.5 0.200429 0.146003
-93.5 43.5 0.205276 0.137885
-93 43.5 0.209517 0.130279
-92.5 43.5 0.213139 0.12307
-92 43.5 0.216169 0.116239
-91.5 43.5 0.218753 0.109812
-91 43.5 0.221016 0.10372
-90.5 43.5 0.223142 0.0980042
-90 43.5 0.225282 0.0926582
-89.5 43.5 0.227223 0.087771
-89 43.5 0.228793 0.0831177
-88.5 43.5 0.230129 0.0786627
-88 43.5 0.231476 0.0742256
-87.5 43.5 0.23317 0.0699413
-87 43.5 0.235297 0.0658914
-86.5 43.5 0.237325 0.0622822
-86 43.5 0.238722 0.0588082
-85.5 43.5 0.239612 0.0553878
-85 43.5 0.24028 0.0518237
-84.5 43.5 0.24112 0.0483316
-84 43.5 0.24227 0.0451996
-83.5 43.5 0.243235 0.0428415
-83 43.5 0.243544 0.0407626
-82.5 43.5 0.243321 0.0387103
-82 43.5 0.24279 0.036478
-81.5 43.5 0.242246 0.0341472
-81 43.5 0.241776 0.0318249
-119 44 -0.2476 0.0337932
-118.5 44 -0.248772 0.0378695
-118 44 -0.25028 0.0419828
-117.5 44 -0.252001 0.0460415
-117 44 -0.253858 0.0499832
-116.5 44 -0.255629 0.053673
-116 44 -0.2571 0.0572906
-115.5 44 -0.258172 0.0609447
-115 44 -0.258709 0.0647785
-114.5 44 -0.258572 0.0686842
-114 44 -0.257911 0.0725182
-113.5 44 -0.256913 0.0759919
-113 44 -0.255667 0.0794746
-112.5 44 -0.25422 0.0831914
-112 44 -0.252624 0.0872773
-111.5 44 -0.250804 0.0916419
-111 44 -0.248772 0.0961691
-110.5 44 -0.24634 0.100579
-110 44 -0.243311 0.10515
-109.5 44 -0.23972 0.109947
-109 44 -0.235182 0.115059
-108.5 44 -0.22906 0.120558
-108 44 -0.221243 0.126758
-107.5 44 -0.213238 0.134345
-107 44 -0.206318 0.142633
-106.5 44 -0.200097 0.151435
-106 44 -0.194175 0.160776
-105.5 44 -0.188253 0.170667
-105 44 -0.181819 0.181196
-104.5 44 -0.173777 0.192122
-104 44 -0.163292 0.20356
-103.5 44 -0.150051 0.215313
-96.5 44 0.146759 0.209482
-96 44 0.158442 0.198656
-95.5 44 0.167868 0.187901
-95 44 0.176246 0.17774
-94.5 44 0.183727 0.168273
-94 44 0.190297 0.159516
-93.5 44 0.195995 0.151372
-93 44 0.200895 0.143749
-92.5 44 0.205084 0.136468
-92 44 0.208687 0.129602
-91.5 44 0.211767 0.123086
-91 44 0.21451 0.116904
-90.5 44 0.217203 0.111018
-90 44 0.219958 0.105528
-89.5 44 0.222427 0.100588
-89 44 0.22431 0.0959169
-88.5 44 0.225731 0.091309
-88 44 0.227152 0.0867192
-87.5 44 0.229147 0.0821565
-87 44 0.23184 0.0778276
-86.5 44 0.234321 0.0741919
-86 44 0.235842 0.0707001
-85.5 44 0.23659 0.0670912
-85 44 0.237177 0.0633116
-84.5 44 0.238336 0.0594779
-84 44 0.240331 0.0559591
-83.5 44 0.242077 0.0534753
-83 44 0.242588 0.0512701
-82.5 44 0.242226 0.0489843
-82 44 0.241515 0.0465095
-81.5 44 0.240867 0.0438908
-81 44 0.240555 0.0412536
-119 44.5 -0.243784 0.0399994
-118.5 44.5 -0.244941 0.0444087
-118 44.5 -0.246462 0.0488094
-117.5 44.5 -0.248336 0.0531731
-117 44.5 -0.250473 0.057394
-116.5 44.5 -0.252511 0.0612991
-116 44.5 -0.254044 0.0651147
-115.5 44.5 -0.255 0.0689484
-115 44.5 -0.255352 0.0728988
-114.5 44.5 -0.255201 0.0769752
-114 44.5 -0.254799 0.0810517
-113.5 44.5 -0.253981 0.0848222
-113 44.5 -0.252498 0.0887185
-112.5 44.5 -0.250649 0.0928941
-112 44.5 -0.248575 0.097375
-111.5 44.5 -0.246424 0.10218
-111 44.5 -0.244325 0.107184
-110.5 44.5 -0.241848 0.112088
-110 44.5 -0.238565 0.117181
-109.5 44.5 -0.234567 0.122527
-109 44.5 -0.2296 0.128124
-108.5 44.5 -0.222836 0.133892
-108 44.5 -0.213393 0.13993
-107.5 44.5 -0.203723 0.147885
-107 44.5 -0.196003 0.156191
-106.5 44.5 -0.189175 0.164749
-106 44.5 -0.182523 0.173666
-105.5 44.5 -0.175797 0.183079
-105 44.5 -0.168793 0.192978
-104.5 44.5 -0.160268 0.202867
-104 44.5 -0.149115 0.213072
-103.5 44.5 -0.135472 0.223555
-103 44.5 -0.120044 0.234039
-102.5 44.5 -0.10454 0.244342
-97.5 44.5 0.0986554 0.237377
-97 44.5 0.117668 0.227416
-96.5 44.5 0.133385 0.217508
-96 44.5 0.145204 0.207889
-95.5 44.5 0.154886 0.197684
-95 44.5 0.164178 0.187992
-94.5 44.5 0.172691 0.178976
-94 44.5 0.18021 0.170562
-93.5 44.5 0.186724 0.162706
-93 44.5 0.192243 0.155291
-92.5 44.5 0.196983 0.148209
-92 44.5 0.201133 0.141487
-91.5 44.5 0.204717 0.135125
-91 44.5 0.207898 0.129078
-90.5 44.5 0.211029 0.123282
-90 44.5 0.214524 0.117712
-89.5 44.5 0.217643 0.112943
-89 44.5 0.219705 0.108318
-88.5 44.5 0.221176 0.103746
-88 44.5 0.22261 0.0992018
-87.5 44.5 0.224697 0.0945854
-87 44.5 0.228154 0.0899512
-86.5 44.5 0.231386 0.0864957
-86 44.5 0.232845 0.0829951
-85.5 44.5 0.233348 0.0792968
-85 44.5 0.233712 0.0754362
-84.5 44.5 0.234932 0.0713958
-84 44.5 0.237987 0.0673284
-83.5 44.5 0.240804 0.0648629
-83 44.5 0.241395 0.0623971
-82.5 44.5 0.240791 0.0597604
-82 44.5 0.239786 0.056953
-81.5 44.5 0.239006 0.0539923
-81 44.5 0.238943 0.0509688
-119 45 -0.239503 0.0454035
-118.5 45 -0.240644 0.0500647
-118 45 -0.242243 0.0547076
-117.5 45 -0.244246 0.0592604
-117 45 -0.246782 0.0636336
-116.5 45 -0.249155 0.0677544
-116 45 -0.250752 0.0717229
-115.5 45 -0.251653 0.0756454
-115 45 -0.251856 0.0796139
-114.5 45 -0.251539 0.0836537
-114 45 -0.251298 0.0877749
-113.5 45 -0.250537 0.0919948
-113 45 -0.248698 0.0963768
-112.5 45 -0.246402 0.100993
-112 45 -0.243891 0.10587
-111.5 45 -0.241304 0.111017
-111 45 -0.239097 0.116397
-110.5 45 -0.236497 0.121985
-110 45 -0.232794 0.127834
-109.5 45 -0.22843 0.133961
-109 45 -0.223218 0.140422
-108.5 45 -0.216369 0.147125
-108 45 -0.205335 0.154053
-107.5 45 -0.193997 0.16118
-107 45 -0.186108 0.168594
-106.5 45 -0.178917 0.176278
-106 45 -0.171688 0.184296
-105.5 45 -0.164281 0.192637
-105 45 -0.157064 0.201266
-104.5 45 -0.148453 0.210066
-104 45 -0.136949 0.218839
-103.5 45 -0.123087 0.227468
-103 45 -0.107601 0.235638
-102.5 45 -0.0923694 0.243151
-102 45 -0.083174 0.249567
-101.5 45 -0.0721147 0.254659
-101 45 -0.0514162 0.258214
-100.5 45 -0.0272934 0.260373
-100 45 -0.00247325 0.260886
-99.5 45 0.0201403 0.259797
-99 45 0.0335589 0.256846
-98.5 45 0.0461022 0.252077
-98 45 0.0661789 0.24568
-97.5 45 0.0868266 0.238184
-97 45 0.105724 0.229879
-96.5 45 0.121768 0.221178
-96 45 0.133233 0.21236
-95.5 45 0.14272 0.203641
-95 45 0.152917 0.195165
-94.5 45 0.162328 0.187022
-94 45 0.170647 0.179284
-93.5 45 0.177851 0.171914
-93 45 0.183926 0.164914
-92.5 45 0.189165 0.15822
-92 45 0.193844 0.151876
-91.5 45 0.197928 0.145856
-91 45 0.201518 0.140206
-90.5 45 0.204929 0.134852
-90 45 0.209178 0.129777
-89.5 45 0.213021 0.124882
-89 45 0.215215 0.120248
-88.5 45 0.216775 0.115794
-88 45 0.218157 0.111583
-87.5 45 0.22006 0.107462
-87 45 0.224436 0.103458
-86.5 45 0.228557 0.0994633
-86 45 0.229762 0.0955761
-85.5 45 0.230016 0.091734
-85 45 0.23013 0.0880445
-84.5 45 0.231018 0.0844185
-84 45 0.235267 0.0808913
-83.5 45 0.2393 0.0774092
-83 45 0.239579 0.0740528
-82.5 45 0.238729 0.0707327
-82 45 0.23755 0.0675386
-81.5 45 0.236586 0.0644071
-81 45 0.236877 0.0613209
-119 45.5 -0.23482 0.0499519
-118.5 45.5 -0.236009 0.0548285
-118 45.5 -0.237711 0.0596958
-117.5 45.5 -0.240001 0.0644379
-117 45.5 -0.242791 0.0689091
-116.5 45.5 -0.245439 0.0732099
-116 45.5 -0.247281 0.0772676
-115.5 45.5 -0.248254 0.081217
-115 45.5 -0.248446 0.0851848
-114.5 45.5 -0.248075 0.0891795
-114 45.5 -0.247409 0.0933184
-113.5 45.5 -0.246207 0.0979337
-113 45.5 -0.244134 0.102756
-112.5 45.5 -0.241549 0.107759
-112 45.5 -0.238683 0.113004
-111.5 45.5 -0.235779 0.118483
-111 45.5 -0.233015 0.124179
-110.5 45.5 -0.229829 0.130423
-110 45.5 -0.225722 0.136927
-109.5 45.5 -0.220784 0.143783
-109 45.5 -0.214911 0.150999
-108.5 45.5 -0.207362 0.158629
-108 45.5 -0.197152 0.166393
-107.5 45.5 -0.186622 0.172628
-107 45.5 -0.177973 0.178971
-106.5 45.5 -0.170168 0.185692
-106 45.5 -0.162466 0.192728
-105.5 45.5 -0.154751 0.199952
-105 45.5 -0.146971 0.207231
-104.5 45.5 -0.138092 0.21487
-104 45.5 -0.126987 0.22222
-103.5 45.5 -0.113962 0.228986
-103 45.5 -0.0998491 0.234933
-102.5 45.5 -0.0865682 0.239639
-102 45.5 -0.0765628 0.243166
-101.5 45.5 -0.0650093 0.248816
-101 45.5 -0.0472121 0.252955
-100.5 45.5 -0.0259988 0.254925
-100 45.5 -0.00423513 0.254772
-99.5 45.5 0.0151489 0.252334
-99 45.5 0.0288519 0.247988
-98.5 45.5 0.0418767 0.245802
-98 45.5 0.0592264 0.24214
-97.5 45.5 0.0779193 0.236733
-97 45.5 0.09555 0.230075
-96.5 45.5 0.110814 0.222535
-96 45.5 0.122815 0.214528
-95.5 45.5 0.133153 0.207348
-95 45.5 0.143428 0.200186
-94.5 45.5 0.153139 0.193051
-94 45.5 0.16189 0.186079
-93.5 45.5 0.169567 0.179313
-93 45.5 0.176143 0.17279
-92.5 45.5 0.181901 0.166573
-92 45.5 0.187083 0.160644
-91.5 45.5 0.191714 0.155057
-91 45.5 0.195898 0.149847
-90.5 45.5 0.199903 0.145025
-90 45.5 0.204112 0.140463
-89.5 45.5 0.207913 0.135551
-89 45.5 0.210637 0.130882
-88.5 45.5 0.212736 0.126617
-88 45.5 0.214668 0.122721
-87.5 45.5 0.217086 0.119221
-87 45.5 0.220784 0.115847
-86.5 45.5 0.224238 0.111394
-86 45.5 0.22594 0.107057
-85.5 45.5 0.226733 0.103134
-85 45.5 0.227411 0.0995893
-84.5 45.5 0.228883 0.0964675
-84 45.5 0.232197 0.0935073
-83.5 45.5 0.235305 0.0890716
-83 45.5 0.236137 0.084762
-82.5 45.5 0.235754 0.0808304
-82 45.5 0.234999 0.0772585
-81.5 45.5 0.234359 0.0740015
-81 45.5 0.234372 0.0708797
-119 46 -0.2298 0.0536544
-118.5 46 -0.230961 0.0587464
-118 46 -0.232781 0.0638379
-117.5 46 -0.235389 0.0688486
-117 46 -0.238604 0.073536
-116.5 46 -0.241612 0.0778543
-116 46 -0.243742 0.0818668
-115.5 46 -0.244787 0.0858162
-115 46 -0.244929 0.0898015
-114.5 46 -0.244361 0.0939038
-114 46 -0.243225 0.098249
-113.5 46 -0.24147 0.103017
-113 46 -0.239043 0.108109
-112.5 46 -0.236099 0.113435
-112 46 -0.232859 0.119022
-111.5 46 -0.22958 0.124851
-111 46 -0.226236 0.130978
-110.5 46 -0.222428 0.1375
-110 46 -0.217781 0.144355
-109.5 46 -0.21232 0.151553
-109 46 -0.205904 0.159055
-108.5 46 -0.198146 0.166819
-108 46 -0.188916 0.174313
-107.5 46 -0.179414 0.180638
-107 46 -0.170688 0.186629
-106.5 46 -0.162374 0.192783
-106 46 -0.154293 0.199143
-105.5 46 -0.146405 0.205621
-105 46 -0.138466 0.212062
-104.5 46 -0.129597 0.218449
-104 46 -0.119141 0.224468
-103.5 46 -0.107044 0.22983
-103 46 -0.0942382 0.234427
-102.5 46 -0.082207 0.238016
-102 46 -0.0714922 0.241165
-101.5 46 -0.0593573 0.245294
-101 46 -0.0435691 0.248668
-100.5 46 -0.0251732 0.250224
-100 46 -0.00623505 0.249883
-99.5 46 0.0107664 0.247634
-99 46 0.0247858 0.244404
-98.5 46 0.0385344 0.242182
-98 46 0.0543485 0.239339
-97.5 46 0.0710661 0.235146
-97 46 0.0872414 0.229749
-96.5 46 0.101635 0.22346
-96 46 0.113822 0.216758
-95.5 46 0.124691 0.210353
-95 46 0.135135 0.203983
-94.5 46 0.144985 0.197623
-94 46 0.153983 0.191325
-93.5 46 0.161961 0.185181
-93 46 0.168932 0.179162
-92.5 46 0.175116 0.173342
-92 46 0.180783 0.167764
-91.5 46 0.185972 0.162519
-91 46 0.190723 0.157643
-90.5 46 0.195125 0.153109
-90 46 0.199321 0.148683
-89.5 46 0.203077 0.144049
-89 46 0.20624 0.139533
-88.5 46 0.208938 0.135413
-88 46 0.211442 0.13168
-87.5 46 0.214127 0.128306
-87 46 0.217213 0.124833
-86.5 46 0.220027 0.120605
-86 46 0.222015 0.116278
-85.5 46 0.223409 0.11231
-85 46 0.224674 0.108757
-84.5 46 0.226417 0.105563
-84 46 0.228857 0.102207
-83.5 46 0.231026 0.0978531
-83 46 0.232033 0.0932921
-82.5 46 0.232227 0.0890729
-82 46 0.231994 0.0852314
-81.5 46 0.231659 0.0817499
-81 46 0.231478 0.0783222
-119 46.5 -0.22438 0.0565014
-118.5 46.5 -0.225553 0.0617725
-118 46.5 -0.227404 0.067143
-117.5 46.5 -0.230321 0.0724323
-117 46.5 -0.234164 0.0773619
-116.5 46.5 -0.237837 0.0816076
-116 46.5 -0.240247 0.0855657
-115.5 46.5 -0.241277 0.089479
-115 46.5 -0.241251 0.0934818
-114.5 46.5 -0.240352 0.0977007
-114 46.5 -0.23871 0.102216
-113.5 46.5 -0.236405 0.107155
-113 46.5 -0.233487 0.112444
-112.5 46.5 -0.230138 0.118022
-112 46.5 -0.226491 0.123896
-111.5 46.5 -0.222752 0.13004
-111 46.5 -0.218935 0.136463
-110.5 46.5 -0.214636 0.143119
-110 46.5 -0.209477 0.150082
-109.5 46.5 -0.203511 0.157323
-109 46.5 -0.196711 0.164916
-108.5 46.5 -0.189038 0.172562
-108 46.5 -0.180726 0.179812
-107.5 46.5 -0.17218 0.186082
-107 46.5 -0.163622 0.191956
-106.5 46.5 -0.155141 0.197776
-106 46.5 -0.146829 0.203731
-105.5 46.5 -0.138857 0.209704
-105 46.5 -0.131067 0.215525
-104.5 46.5 -0.122638 0.220922
-104 46.5 -0.112816 0.225878
-103.5 46.5 -0.101612 0.230304
-103 46.5 -0.0898095 0.234019
-102.5 46.5 -0.0783846 0.237114
-102 46.5 -0.0674158 0.239938
-101.5 46.5 -0.0553264 0.242988
-101 46.5 -0.0409314 0.245408
-100.5 46.5 -0.0247126 0.246577
-100 46.5 -0.00806388 0.246164
-99.5 46.5 0.0074906 0.244418
-99 46.5 0.0214819 0.242035
-98.5 46.5 0.035304 0.239867
-98 46.5 0.0501156 0.237231
-97.5 46.5 0.0654485 0.233687
-97 46.5 0.0803649 0.229198
-96.5 46.5 0.0940172 0.223944
-96 46.5 0.106067 0.218277
-95.5 46.5 0.117075 0.212529
-95 46.5 0.127601 0.206754
-94.5 46.5 0.137593 0.200952
-94 46.5 0.146817 0.19524
-93.5 46.5 0.155037 0.189617
-93 46.5 0.162202 0.184085
-92.5 46.5 0.168702 0.178571
-92 46.5 0.174812 0.173272
-91.5 46.5 0.180544 0.168262
-91 46.5 0.185833 0.163656
-90.5 46.5 0.190562 0.159329
-90 46.5 0.194704 0.155066
-89.5 46.5 0.198443 0.150577
-89 46.5 0.201961 0.146214
-88.5 46.5 0.20523 0.142139
-88 46.5 0.208279 0.138541
-87.5 46.5 0.211119 0.135167
-87 46.5 0.213646 0.131659
-86.5 46.5 0.215926 0.127503
-86 46.5 0.218036 0.123248
-85.5 46.5 0.219964 0.119209
-85 46.5 0.221775 0.115638
-84.5 46.5 0.22356 0.112273
-84 46.5 0.225253 0.108684
-83.5 46.5 0.226673 0.104304
-83 46.5 0.227716 0.0997248
-82.5 46.5 0.228367 0.095353
-82 46.5 0.228667 0.0913949
-81.5 46.5 0.228614 0.0877336
-81 46.5 0.228275 0.0841264
-119 47 -0.218734 0.0584479
-118.5 47 -0.219681 0.0638357
-118 47 -0.221508 0.0693768
-117.5 47 -0.224808 0.0749359
-117 47 -0.229608 0.0801794
-116.5 47 -0.234091 0.08429
-116 47 -0.236747 0.0881486
-115.5 47 -0.237746 0.0920795
-115 47 -0.237444 0.096181
-114.5 47 -0.236116 0.100535
-114 47 -0.233907 0.105194
-113.5 47 -0.230988 0.110312
-113 47 -0.227583 0.115772
-112.5 47 -0.22373 0.121528
-112 47 -0.219602 0.1276
-111.5 47 -0.21546 0.133959
-111 47 -0.211305 0.14057
-110.5 47 -0.206638 0.147226
-110 47 -0.20105 0.154135
-109.5 47 -0.194568 0.161321
-109 47 -0.187441 0.168814
-108.5 47 -0.180039 0.176324
-108 47 -0.17265 0.183457
-107.5 47 -0.164984 0.189529
-107 47 -0.156753 0.195213
-106.5 47 -0.148168 0.200817
-106 47 -0.139713 0.206502
-105.5 47 -0.131877 0.212168
-105 47 -0.124632 0.217593
-104.5 47 -0.116862 0.222198
-104 47 -0.107631 0.226371
-103.5 47 -0.0971257 0.230113
-103 47 -0.0860289 0.233333
-102.5 47 -0.0750765 0.236113
-102 47 -0.0642292 0.238613
-101.5 47 -0.0524613 0.240925
-101 47 -0.0391291 0.24267
-100.5 47 -0.0245346 0.243479
-100 47 -0.00950606 0.24312
-99.5 47 0.00493059 0.241789
-99 47 0.0185916 0.239882
-98.5 47 0.0322262 0.237849
-98 47 0.0463211 0.235375
-97.5 47 0.0606396 0.232227
-97 47 0.0746162 0.228359
-96.5 47 0.0875542 0.223898
-96 47 0.0992427 0.219014
-95.5 47 0.110156 0.213788
-95 47 0.120714 0.208454
-94.5 47 0.130838 0.203111
-94 47 0.140265 0.197858
-93.5 47 0.148654 0.192695
-93 47 0.155912 0.187586
-92.5 47 0.162551 0.182306
-92 47 0.16906 0.17717
-91.5 47 0.175358 0.172367
-91 47 0.181195 0.167932
-90.5 47 0.186179 0.163786
-90 47 0.190216 0.15972
-89.5 47 0.193897 0.155268
-89 47 0.197723 0.150923
-88.5 47 0.201589 0.146903
-88 47 0.205165 0.143332
-87.5 47 0.208031 0.139995
-87 47 0.21003 0.13655
-86.5 47 0.211805 0.13234
-86 47 0.214001 0.128041
-85.5 47 0.21642 0.123993
-85 47 0.218694 0.120341
-84.5 47 0.220443 0.116905
-84 47 0.221443 0.113289
-83.5 47 0.222205 0.108791
-83 47 0.223244 0.104151
-82.5 47 0.224348 0.0997251
-82 47 0.22515 0.0957042
-81.5 47 0.225321 0.0919625
-81 47 0.224795 0.0883109
-119 47.5 -0.212879 0.059432
-118.5 47.5 -0.213675 0.0647118
-118 47.5 -0.215307 0.0701261
-117.5 47.5 -0.218719 0.0757473
-117 47.5 -0.224771 0.0814045
-116.5 47.5 -0.230558 0.085299
-116 47.5 -0.233278 0.0892201
-115.5 47.5 -0.233968 0.0934114
-115 47.5 -0.233318 0.0978096
-114.5 47.5 -0.23158 0.102415
-114 47.5 -0.228779 0.107271
-113.5 47.5 -0.225249 0.112569
-113 47.5 -0.221333 0.118145
-112.5 47.5 -0.217019 0.123991
-112 47.5 -0.212414 0.130098
-111.5 47.5 -0.207809 0.13652
-111 47.5 -0.203481 0.14322
-110.5 47.5 -0.198663 0.149741
-110 47.5 -0.192625 0.156495
-109.5 47.5 -0.185683 0.163529
-109 47.5 -0.178277 0.170742
-108.5 47.5 -0.17099 0.178054
-108 47.5 -0.164646 0.18515
-107.5 47.5 -0.158076 0.190915
-107 47.5 -0.150046 0.19641
-106.5 47.5 -0.141406 0.201888
-106 47.5 -0.132845 0.207311
-105.5 47.5 -0.125107 0.212762
-105 47.5 -0.118736 0.21805
-104.5 47.5 -0.111994 0.22207
-104 47.5 -0.10326 0.225758
-103.5 47.5 -0.093253 0.229158
-103 47.5 -0.0826483 0.232126
-102.5 47.5 -0.0720701 0.234734
-102 47.5 -0.0615847 0.237054
-101.5 47.5 -0.0503825 0.238907
-101 47.5 -0.037933 0.240229
-100.5 47.5 -0.0245144 0.240832
-100 47.5 -0.0107108 0.240544
-99.5 47.5 0.00285355 0.239474
-99 47.5 0.016073 0.237891
-98.5 47.5 0.0293191 0.235984
-98 47.5 0.0427642 0.233628
-97.5 47.5 0.0563288 0.230723
-97 47.5 0.069588 0.227233
-96.5 47.5 0.0819978 0.223276
-96 47.5 0.0931469 0.218976
-95.5 47.5 0.103699 0.214102
-95 47.5 0.11425 0.209101
-94.5 47.5 0.12455 0.204118
-94 47.5 0.134212 0.199163
-93.5 47.5 0.142799 0.194342
-93 47.5 0.149927 0.189602
-92.5 47.5 0.15651 0.184422
-92 47.5 0.163438 0.179421
-91.5 47.5 0.170313 0.174744
-91 47.5 0.176671 0.170373
-90.5 47.5 0.182033 0.166317
-90 47.5 0.185802 0.162467
-89.5 47.5 0.1892 0.157907
-89 47.5 0.193421 0.153545
-88.5 47.5 0.197894 0.149543
-88 47.5 0.202008 0.145873
-87.5 47.5 0.205087 0.142519
-87 47.5 0.206375 0.139263
-86.5 47.5 0.207437 0.134847
-86 47.5 0.209826 0.130494
-85.5 47.5 0.212746 0.126455
-85 47.5 0.215494 0.122705
-84.5 47.5 0.217364 0.119215
-84 47.5 0.217523 0.115753
-83.5 47.5 0.217458 0.111067
-83 47.5 0.218626 0.106399
-82.5 47.5 0.220205 0.102019
-82 47.5 0.221519 0.0979355
-81.5 47.5 0.22201 0.0941851
-81 47.5 0.221134 0.0906054
-119 48 -0.207356 0.0595799
-118.5 48 -0.207959 0.0644813
-118 48 -0.209313 0.0693372
-117.5 48 -0.212314 0.0742026
-117 48 -0.219778 0.0790681
-116.5 48 -0.226934 0.0839067
-116 48 -0.229199 0.0887268
-115.5 48 -0.229507 0.0935923
-115 48 -0.228582 0.0985384
-114.5 48 -0.226545 0.103574
-114 48 -0.223262 0.108773
-113.5 48 -0.219215 0.114151
-113 48 -0.214927 0.119718
-112.5 48 -0.210211 0.125491
-112 48 -0.205145 0.131471
-111.5 48 -0.20004 0.137659
-111 48 -0.195658 0.144053
-110.5 48 -0.19082 0.150636
-110 48 -0.184361 0.157354
-109.5 48 -0.177071 0.164153
-109 48 -0.169393 0.170925
-108.5 48 -0.162023 0.177598
-108 48 -0.156797 0.184001
-107.5 48 -0.15137 0.19008
-107 48 -0.14341 0.195809
-106.5 48 -0.134766 0.201259
-106 48 -0.12619 0.206412
-105.5 48 -0.118405 0.211313
-105 48 -0.113152 0.215935
-104.5 48 -0.107618 0.220216
-104 48 -0.0991353 0.224083
-103.5 48 -0.0895004 0.227528
-103 48 -0.0793698 0.230478
-102.5 48 -0.0691724 0.23296
-102 48 -0.0592428 0.235082
-101.5 48 -0.048737 0.236809
-101 48 -0.0370115 0.238014
-100.5 48 -0.0245359 0.238554
-100 48 -0.011712 0.238356
-99.5 48 0.00107205 0.237465
-99 48 0.0137487 0.23608
-98.5 48 0.0264922 0.234255
-98 48 0.0393701 0.231979
-97.5 48 0.0522746 0.229183
-97 48 0.0649512 0.225846
-96.5 48 0.0769313 0.222033
-96 48 0.0874771 0.217878
-95.5 48 0.0975541 0.213462
-95 48 0.108154 0.208858
-94.5 48 0.118539 0.204137
-94 48 0.128388 0.199307
-93.5 48 0.137259 0.194469
-93 48 0.14412 0.189639
-92.5 48 0.150499 0.184864
-92 48 0.157882 0.180161
-91.5 48 0.165239 0.175583
-91 48 0.172113 0.171113
-90.5 48 0.177969 0.166779
-90 48 0.181333 0.162525
-89.5 48 0.184321 0.158361
-89 48 0.189051 0.154251
-88.5 48 0.194023 0.150276
-88 48 0.198633 0.146355
-87.5 48 0.20217 0.142515
-87 48 0.202626 0.138666
-86.5 48 0.2028 0.134754
-86 48 0.205601 0.130797
-85.5 48 0.208964 0.126858
-85 48 0.2121 0.122928
-84.5 48 0.214311 0.118998
-84 48 0.213547 0.114978
-83.5 48 0.212529 0.110859
-83 48 0.214043 0.106641
-82.5 48 0.21604 0.10246
-82 48 0.217795 0.0983137
-81.5 48 0.218719 0.0942576
-81 48 0.217326 0.0902377
-119 48.5 -0.202297 0.0593771
-118.5 48.5 -0.203163 0.0638728
-118 48.5 -0.204882 0.0682164
-117.5 48.5 -0.208345 0.0722991
-117 48.5 -0.214556 0.0763095
-116.5 48.5 -0.220524 0.0820739
-116 48.5 -0.223257 0.087811
-115.5 48.5 -0.223771 0.0933503
-115 48.5 -0.222852 0.0987906
-114.5 48.5 -0.2207 0.104231
-114 48.5 -0.21733 0.109717
-113.5 48.5 -0.213176 0.115139
-113 48.5 -0.208589 0.120669
-112.5 48.5 -0.203569 0.126352
-112 48.5 -0.198251 0.132161
-111.5 48.5 -0.192933 0.138087
-111 48.5 -0.187926 0.14414
-110.5 48.5 -0.182527 0.150767
-110 48.5 -0.176046 0.157439
-109.5 48.5 -0.168887 0.164004
-109 48.5 -0.161526 0.17037
-108.5 48.5 -0.154652 0.176422
-108 48.5 -0.149077 0.182159
-107.5 48.5 -0.143394 0.188553
-107 48.5 -0.136155 0.194551
-106.5 48.5 -0.128212 0.200018
-106 48.5 -0.120309 0.204964
-105.5 48.5 -0.113219 0.209388
-105 48.5 -0.107657 0.21339
-104.5 48.5 -0.10192 0.218048
-104 48.5 -0.0942744 0.222238
-103.5 48.5 -0.0854519 0.225853
-103 48.5 -0.076088 0.22883
-102.5 48.5 -0.0665482 0.231276
-102 48.5 -0.056995 0.233236
-101.5 48.5 -0.0469545 0.234972
-101 48.5 -0.0360481 0.23615
-100.5 48.5 -0.0244785 0.236716
-100 48.5 -0.0125572 0.236572
-99.5 48.5 -0.000514536 0.235835
-99 48.5 0.0115558 0.23454
-98.5 48.5 0.0237211 0.232805
-98 48.5 0.035967 0.230547
-97.5 48.5 0.0481994 0.227805
-97 48.5 0.0601884 0.224514
-96.5 48.5 0.0716091 0.220755
-96 48.5 0.0820688 0.2166
-95.5 48.5 0.0921499 0.212563
-95 48.5 0.102448 0.208264
-94.5 48.5 0.11261 0.203714
-94 48.5 0.122285 0.198966
-93.5 48.5 0.13104 0.194029
-93 48.5 0.138401 0.189029
-92.5 48.5 0.145302 0.184605
-92 48.5 0.152663 0.180172
-91.5 48.5 0.160024 0.175667
-91 48.5 0.166871 0.17109
-90.5 48.5 0.172663 0.166431
-90 48.5 0.176763 0.161746
-89.5 48.5 0.180443 0.157934
-89 48.5 0.185031 0.154094
-88.5 48.5 0.189875 0.150101
-88 48.5 0.194273 0.145974
-87.5 48.5 0.19752 0.14163
-87 48.5 0.198725 0.137161
-86.5 48.5 0.199645 0.133744
-86 48.5 0.20204 0.13021
-85.5 48.5 0.205058 0.126379
-85 48.5 0.207872 0.122306
-84.5 48.5 0.209644 0.117935
-84 48.5 0.209522 0.113376
-83.5 48.5 0.209158 0.109788
-83 48.5 0.210254 0.106083
-82.5 48.5 0.211972 0.102091
-82 48.5 0.213501 0.0979181
-81.5 48.5 0.214191 0.0935479
-81 48.5 0.213392 0.0891148
-119 49 -0.197577 0.0592095
-118.5 49 -0.198656 0.0635615
-118 49 -0.200664 0.0677791
-117.5 49 -0.204232 0.0718521
-117 49 -0.209289 0.0762041
-116.5 49 -0.213963 0.081671
-116 49 -0.216614 0.0874977
-115.5 49 -0.217379 0.0932341
-115 49 -0.216587 0.098881
-114.5 49 -0.214441 0.104483
-114 49 -0.21112 0.110066
-113.5 49 -0.206925 0.115578
-113 49 -0.202155 0.121162
-112.5 49 -0.19692 0.126818
-112 49 -0.191385 0.132591
-111.5 49 -0.185809 0.138453
-111 49 -0.180275 0.144513
-110.5 49 -0.174398 0.150915
-110 49 -0.167906 0.157425
-109.5 49 -0.160937 0.163792
-109 49 -0.153885 0.169987
-108.5 49 -0.147325 0.175885
-108 49 -0.141475 0.181685
-107.5 49 -0.135544 0.187763
-107 49 -0.128834 0.193671
-106.5 49 -0.121618 0.199057
-106 49 -0.114457 0.203975
-105.5 49 -0.107952 0.208345
-105 49 -0.102239 0.212508
-104.5 49 -0.0963077 0.216878
-104 49 -0.0892422 0.221041
-103.5 49 -0.0812607 0.224611
-103 49 -0.0727054 0.227641
-102.5 49 -0.06385 0.230069
-102 49 -0.054803 0.232074
-101.5 49 -0.0452773 0.233683
-101 49 -0.0350955 0.234843
-100.5 49 -0.0243808 0.235356
-100 49 -0.0132838 0.235293
-99.5 49 -0.00199525 0.234592
-99 49 0.00941636 0.233396
-98.5 49 0.0209506 0.231669
-98 49 0.0325534 0.229484
-97.5 49 0.0441429 0.226751
-97 49 0.055527 0.223577
-96.5 49 0.0664327 0.219926
-96 49 0.0767648 0.215988
-95.5 49 0.0868232 0.211978
-95 49 0.0968545 0.207806
-94.5 49 0.106763 0.203346
-94 49 0.11622 0.198706
-93.5 49 0.124884 0.193869
-93 49 0.132661 0.189058
-92.5 49 0.140027 0.184562
-92 49 0.147434 0.180156
-91.5 49 0.154718 0.175651
-91 49 0.161497 0.171084
-90.5 49 0.167305 0.166426
-90 49 0.17202 0.161894
-89.5 49 0.176352 0.157875
-89 49 0.180903 0.153982
-88.5 49 0.185537 0.149935
-88 49 0.189705 0.145754
-87.5 49 0.192793 0.141393
-87 49 0.194665 0.137104
-86.5 49 0.196264 0.133436
-86 49 0.198492 0.129839
-85.5 49 0.201102 0.126008
-85 49 0.20348 0.121908
-84.5 49 0.204997 0.117565
-84 49 0.205407 0.113223
-83.5 49 0.205667 0.109437
-83 49 0.206596 0.105733
-82.5 49 0.207922 0.101794
-82 49 0.209138 0.0976489
-81.5 49 0.209685 0.093315
-81 49 0.209343 0.0890346
