-119 25 745.181
-118.5 25 736.762
-118 25 728.276
-117.5 25 719.692
-117 25 710.971
-116.5 25 702.095
-116 25 693.098
-115.5 25 684.023
-115 25 674.922
-114.5 25 665.831
-114 25 656.796
-113.5 25 647.846
-113 25 639.029
-112.5 25 630.37
-112 25 621.914
-111.5 25 613.683
-111 25 605.724
-110.5 25 598.054
-110 25 590.718
-109.5 25 583.731
-109 25 577.132
-108.5 25 570.936
-108 25 565.173
-107.5 25 559.844
-107 25 554.93
-106.5 25 550.397
-106 25 546.214
-105.5 25 542.331
-105 25 538.716
-104.5 25 535.342
-104 25 532.273
-103.5 25 529.559
-103 25 527.286
-102.5 25 525.511
-102 25 524.314
-101.5 25 523.723
-101 25 523.707
-100.5 25 524.202
-100 25 525.141
-99.5 25 526.443
-99 25 528.022
-98.5 25 529.822
-98 25 531.858
-97.5 25 534.159
-97 25 536.764
-96.5 25 539.69
-96 25 542.968
-95.5 25 546.606
-95 25 550.63
-94.5 25 555.04
-94 25 559.852
-93.5 25 565.08
-93 25 570.747
-92.5 25 576.845
-92 25 583.3
-91.5 25 590.03
-91 25 596.947
-90.5 25 603.982
-90 25 611.064
-89.5 25 618.153
-89 25 625.228
-88.5 25 632.29
-88 25 639.347
-87.5 25 646.407
-87 25 653.488
-86.5 25 660.603
-86 25 667.78
-85.5 25 675.04
-85 25 682.403
-84.5 25 689.884
-84 25 697.49
-83.5 25 705.222
-83 25 713.072
-82.5 25 721.029
-82 25 729.072
-81.5 25 737.17
-81 25 745.288
-119 25.5 734.444
-118.5 25.5 725.828
-118 25.5 717.153
-117.5 25.5 708.388
-117 25.5 699.465
-116.5 25.5 690.362
-116 25.5 681.114
-115.5 25.5 671.803
-115 25.5 662.471
-114.5 25.5 653.17
-114 25.5 643.926
-113.5 25.5 634.785
-113 25.5 625.77
-112.5 25.5 616.928
-112 25.5 608.276
-111.5 25.5 599.86
-111 25.5 591.698
-110.5 25.5 583.838
-110 25.5 576.294
-109.5 25.5 569.112
-109 25.5 562.31
-108.5 25.5 555.927
-108 25.5 549.992
-107.5 25.5 544.523
-107 25.5 539.491
-106.5 25.5 534.856
-106 25.5 530.562
-105.5 25.5 526.576
-105 25.5 522.807
-104.5 25.5 519.245
-104 25.5 515.929
-103.5 25.5 512.979
-103 25.5 510.464
-102.5 25.5 508.476
-102 25.5 507.115
-101.5 25.5 506.439
-101 25.5 506.402
-100.5 25.5 506.916
-100 25.5 507.895
-99.5 25.5 509.265
-99 25.5 510.895
-98.5 25.5 512.722
-98 25.5 514.764
-97.5 25.5 517.103
-97 25.5 519.766
-96.5 25.5 522.788
-96 25.5 526.175
-95.5 25.5 529.954
-95 25.5 534.119
-94.5 25.5 538.682
-94 25.5 543.648
-93.5 25.5 549.032
-93 25.5 554.885
-92.5 25.5 561.208
-92 25.5 567.92
-91.5 25.5 574.887
-91 25.5 582.024
-90.5 25.5 589.245
-90 25.5 596.481
-89.5 25.5 603.679
-89 25.5 610.835
-88.5 25.5 617.959
-88 25.5 625.069
-87.5 25.5 632.182
-87 25.5 639.313
-86.5 25.5 646.485
-86 25.5 653.724
-85.5 25.5 661.063
-85 25.5 668.525
-84.5 25.5 676.127
-84 25.5 683.878
-83.5 25.5 691.777
-83 25.5 699.82
-82.5 25.5 707.99
-82 25.5 716.264
-81.5 25.5 724.609
-81 25.5 732.969
-119 26 723.63
-118.5 26 714.816
-118 26 705.973
-117.5 26 697.036
-117 26 687.93
-116.5 26 678.579
-116 26 669.086
-115.5 26 659.526
-115 26 649.975
-114.5 26 640.461
-114 26 631.029
-113.5 26 621.696
-113 26 612.504
-112.5 26 603.474
-112 26 594.646
-111.5 26 586.035
-111 26 577.687
-110.5 26 569.621
-110 26 561.88
-109.5 26 554.484
-109 26 547.473
-108.5 26 540.883
-108 26 534.77
-107.5 26 529.161
-107 26 524.018
-106.5 26 519.279
-106 26 514.913
-105.5 26 510.827
-105 26 506.935
-104.5 26 503.145
-104 26 499.589
-103.5 26 496.369
-103 26 493.589
-102.5 26 491.353
-102 26 489.81
-101.5 26 489.059
-101 26 489.006
-100.5 26 489.538
-100 26 490.591
-99.5 26 492.037
-99 26 493.74
-98.5 26 495.56
-98 26 497.612
-97.5 26 499.973
-97 26 502.707
-96.5 26 505.826
-96 26 509.35
-95.5 26 513.278
-95 26 517.608
-94.5 26 522.337
-94 26 527.446
-93.5 26 532.983
-93 26 539.011
-92.5 26 545.594
-92 26 552.564
-91.5 26 559.79
-91 26 567.152
-90.5 26 574.567
-90 26 581.946
-89.5 26 589.239
-89 26 596.455
-88.5 26 603.624
-88 26 610.774
-87.5 26 617.926
-87 26 625.099
-86.5 26 632.311
-86 26 639.605
-85.5 26 647.012
-85 26 654.567
-84.5 26 662.283
-84 26 670.175
-83.5 26 678.237
-83 26 686.471
-82.5 26 694.853
-82 26 703.37
-81.5 26 711.965
-81 26 720.574
-119 26.5 712.714
-118.5 26.5 703.706
-118 26.5 694.68
-117.5 26.5 685.59
-117 26.5 676.319
-116.5 26.5 666.717
-116 26.5 656.957
-115.5 26.5 647.167
-115 26.5 637.4
-114.5 26.5 627.703
-114 26.5 618.089
-113.5 26.5 608.589
-113 26.5 599.223
-112.5 26.5 590.031
-112 26.5 581.022
-111.5 26.5 572.239
-111 26.5 563.693
-110.5 26.5 555.439
-110 26.5 547.484
-109.5 26.5 539.876
-109 26.5 532.638
-108.5 26.5 525.831
-108 26.5 519.512
-107.5 26.5 513.765
-107 26.5 508.503
-106.5 26.5 503.673
-106 26.5 499.213
-105.5 26.5 495.06
-105 26.5 491.057
-104.5 26.5 487.044
-104 26.5 483.213
-103.5 26.5 479.732
-103 26.5 476.681
-102.5 26.5 474.188
-102 26.5 472.417
-101.5 26.5 471.603
-101 26.5 471.532
-100.5 26.5 472.082
-100 26.5 473.168
-99.5 26.5 474.704
-99 26.5 476.491
-98.5 26.5 478.288
-98 26.5 480.316
-97.5 26.5 482.72
-97 26.5 485.539
-96.5 26.5 488.793
-96 26.5 492.475
-95.5 26.5 496.591
-95 26.5 501.115
-94.5 26.5 506.025
-94 26.5 511.308
-93.5 26.5 516.986
-93 26.5 523.174
-92.5 26.5 530.029
-92 26.5 537.292
-91.5 26.5 544.764
-91 26.5 552.343
-90.5 26.5 559.935
-90 26.5 567.456
-89.5 26.5 574.813
-89 26.5 582.065
-88.5 26.5 589.26
-88 26.5 596.434
-87.5 26.5 603.618
-87 26.5 610.823
-86.5 26.5 618.069
-86 26.5 625.402
-85.5 26.5 632.874
-85 26.5 640.51
-84.5 26.5 648.339
-84 26.5 656.364
-83.5 26.5 664.588
-83 26.5 673.004
-82.5 26.5 681.602
-82 26.5 690.351
-81.5 26.5 699.206
-81 26.5 708.072
-119 27 701.676
-118.5 27 692.435
-118 27 683.203
-117.5 27 673.934
-117 27 664.533
-116.5 27 654.648
-116 27 644.655
-115.5 27 634.662
-115 27 624.725
-114.5 27 614.863
-114 27 605.106
-113.5 27 595.45
-113 27 585.942
-112.5 27 576.594
-112 27 567.436
-111.5 27 558.477
-111 27 549.752
-110.5 27 541.298
-110 27 533.145
-109.5 27 525.31
-109 27 517.851
-108.5 27 510.805
-108 27 504.256
-107.5 27 498.355
-107 27 492.952
-106.5 27 487.978
-106 27 483.404
-105.5 27 479.15
-105 27 475.088
-104.5 27 470.816
-104 27 466.766
-103.5 27 463.068
-103 27 459.813
-102.5 27 457.079
-102 27 455.05
-101.5 27 454.175
-101 27 454.037
-100.5 27 454.502
-100 27 455.549
-99.5 27 457.095
-99 27 458.994
-98.5 27 460.708
-98 27 462.755
-97.5 27 465.249
-97 27 468.219
-96.5 27 471.655
-96 27 475.549
-95.5 27 479.902
-95 27 484.67
-94.5 27 489.825
-94 27 495.328
-93.5 27 501.193
-93 27 507.5
-92.5 27 514.672
-92 27 522.178
-91.5 27 529.854
-91 27 537.597
-90.5 27 545.335
-90 27 552.972
-89.5 27 560.357
-89 27 567.622
-88.5 27 574.825
-88 27 582.014
-87.5 27 589.216
-87 27 596.458
-86.5 27 603.721
-86 27 611.097
-85.5 27 618.623
-85 27 626.344
-84.5 27 634.273
-84 27 642.434
-83.5 27 650.806
-83 27 659.401
-82.5 27 668.193
-82 27 677.163
-81.5 27 686.257
-81 27 695.392
-119 27.5 690.515
-118.5 27.5 681.007
-118 27.5 671.485
-117.5 27.5 661.93
-117 27.5 652.226
-116.5 27.5 642.236
-116 27.5 632.118
-115.5 27.5 622.006
-115 27.5 611.938
-114.5 27.5 601.957
-114 27.5 592.069
-113.5 27.5 582.3
-113 27.5 572.664
-112.5 27.5 563.194
-112 27.5 553.893
-111.5 27.5 544.793
-111 27.5 535.895
-110.5 27.5 527.253
-110 27.5 518.877
-109.5 27.5 510.83
-109 27.5 503.145
-108.5 27.5 495.894
-108 27.5 489.148
-107.5 27.5 483.006
-107 27.5 477.375
-106.5 27.5 472.2
-106 27.5 467.408
-105.5 27.5 462.942
-105 27.5 458.634
-104.5 27.5 454.319
-104 27.5 450.183
-103.5 27.5 446.401
-103 27.5 443.05
-102.5 27.5 440.246
-102 27.5 438.143
-101.5 27.5 436.993
-101 27.5 436.584
-100.5 27.5 436.824
-100 27.5 437.641
-99.5 27.5 438.997
-99 27.5 440.72
-98.5 27.5 442.593
-98 27.5 444.817
-97.5 27.5 447.522
-97 27.5 450.722
-96.5 27.5 454.416
-96 27.5 458.586
-95.5 27.5 463.219
-95 27.5 468.289
-94.5 27.5 473.75
-94 27.5 479.588
-93.5 27.5 485.788
-93 27.5 492.446
-92.5 27.5 499.696
-92 27.5 507.297
-91.5 27.5 515.057
-91 27.5 522.884
-90.5 27.5 530.686
-90 27.5 538.355
-89.5 27.5 545.795
-89 27.5 553.077
-88.5 27.5 560.29
-88 27.5 567.478
-87.5 27.5 574.695
-87 27.5 581.944
-86.5 27.5 589.256
-86 27.5 596.675
-85.5 27.5 604.272
-85 27.5 612.067
-84.5 27.5 620.102
-84 27.5 628.379
-83.5 27.5 636.91
-83 27.5 645.669
-82.5 27.5 654.645
-82 27.5 663.786
-81.5 27.5 673.052
-81 27.5 682.342
-119 28 679.305
-118.5 28 669.485
-118 28 659.661
-117.5 28 649.784
-117 28 639.81
-116.5 28 629.676
-116 28 619.477
-115.5 28 609.268
-115 28 599.109
-114.5 28 589.021
-114 28 579.035
-113.5 28 569.16
-113 28 559.424
-112.5 28 549.837
-112 28 540.424
-111.5 28 531.181
-111 28 522.132
-110.5 28 513.284
-110 28 504.701
-109.5 28 496.419
-109 28 488.509
-108.5 28 481.026
-108 28 474.063
-107.5 28 467.659
-107 28 461.78
-106.5 28 456.348
-106 28 451.328
-105.5 28 446.615
-105 28 442.108
-104.5 28 437.712
-104 28 433.551
-103.5 28 429.729
-103 28 426.344
-102.5 28 423.486
-102 28 421.298
-101.5 28 419.865
-101 28 419.143
-100.5 28 419.046
-100 28 419.574
-99.5 28 420.65
-99 28 422.223
-98.5 28 424.192
-98 28 426.645
-97.5 28 429.605
-97 28 433.085
-96.5 28 437.074
-96 28 441.553
-95.5 28 446.507
-95 28 451.904
-94.5 28 457.726
-94 28 463.928
-93.5 28 470.512
-93 28 477.475
-92.5 28 484.843
-92 28 492.472
-91.5 28 500.27
-91 28 508.145
-90.5 28 515.989
-90 28 523.678
-89.5 28 531.136
-89 28 538.427
-88.5 28 545.63
-88 28 552.83
-87.5 28 560.051
-87 28 567.332
-86.5 28 574.68
-86 28 582.169
-85.5 28 589.828
-85 28 597.717
-84.5 28 605.848
-84 28 614.26
-83.5 28 622.94
-83 28 631.88
-82.5 28 641.02
-82 28 650.335
-81.5 28 659.753
-81 28 669.211
-119 28.5 668.117
-118.5 28.5 657.996
-118 28.5 647.848
-117.5 28.5 637.666
-117 28.5 627.429
-116.5 28.5 617.149
-116 28.5 606.846
-115.5 28.5 596.557
-115 28.5 586.304
-114.5 28.5 576.13
-114 28.5 566.044
-113.5 28.5 556.081
-113 28.5 546.244
-112.5 28.5 536.564
-112 28.5 527.032
-111.5 28.5 517.675
-111 28.5 508.461
-110.5 28.5 499.428
-110 28.5 490.605
-109.5 28.5 482.089
-109 28.5 473.923
-108.5 28.5 466.196
-108 28.5 458.973
-107.5 28.5 452.317
-107 28.5 446.177
-106.5 28.5 440.505
-106 28.5 435.233
-105.5 28.5 430.303
-105 28.5 425.61
-104.5 28.5 421.129
-104 28.5 416.91
-103.5 28.5 413.061
-103 28.5 409.633
-102.5 28.5 406.736
-102 28.5 404.412
-101.5 28.5 402.738
-101 28.5 401.677
-100.5 28.5 401.252
-100 28.5 401.441
-99.5 28.5 402.238
-99 28.5 403.654
-98.5 28.5 405.706
-98 28.5 408.369
-97.5 28.5 411.598
-97 28.5 415.363
-96.5 28.5 419.655
-96 28.5 424.448
-95.5 28.5 429.719
-95 28.5 435.455
-94.5 28.5 441.63
-94 28.5 448.209
-93.5 28.5 455.161
-93 28.5 462.413
-92.5 28.5 469.891
-92 28.5 477.553
-91.5 28.5 485.378
-91 28.5 493.291
-90.5 28.5 501.196
-90 28.5 508.922
-89.5 28.5 516.385
-89 28.5 523.644
-88.5 28.5 530.845
-88 28.5 538.043
-87.5 28.5 545.306
-87 28.5 552.625
-86.5 28.5 560.045
-86 28.5 567.593
-85.5 28.5 575.348
-85 28.5 583.329
-84.5 28.5 591.583
-84 28.5 600.127
-83.5 28.5 608.989
-83 28.5 618.11
-82.5 28.5 627.445
-82 28.5 636.931
-81.5 28.5 646.521
-81 28.5 656.158
-119 29 657.05
-118.5 29 646.619
-118 29 636.158
-117.5 29 625.666
-117 29 615.18
-116.5 29 604.737
-116 29 594.329
-115.5 29 583.94
-115 29 573.601
-114.5 29 563.326
-114 29 553.152
-113.5 29 543.088
-113 29 533.164
-112.5 29 523.379
-112 29 513.761
-111.5 29 504.279
-111 29 494.928
-110.5 29 485.676
-110 29 476.625
-109.5 29 467.84
-109 29 459.408
-108.5 29 451.394
-108 29 443.905
-107.5 29 436.985
-107 29 430.602
-106.5 29 424.679
-106 29 419.185
-105.5 29 414.038
-105 29 409.185
-104.5 29 404.581
-104 29 400.297
-103.5 29 396.387
-103 29 392.934
-102.5 29 389.966
-102 29 387.529
-101.5 29 385.597
-101 29 384.241
-100.5 29 383.476
-100 29 383.321
-99.5 29 383.82
-99 29 385.083
-98.5 29 387.21
-98 29 390.073
-97.5 29 393.553
-97 29 397.601
-96.5 29 402.176
-96 29 407.262
-95.5 29 412.829
-95 29 418.876
-94.5 29 425.379
-94 29 432.334
-93.5 29 439.639
-93 29 447.161
-92.5 29 454.728
-92 29 462.422
-91.5 29 470.264
-91 29 478.258
-90.5 29 486.247
-90 29 494.05
-89.5 29 501.481
-89 29 508.722
-88.5 29 515.896
-88 29 523.132
-87.5 29 530.442
-87 29 537.856
-86.5 29 545.346
-86 29 553.004
-85.5 29 560.86
-85 29 568.967
-84.5 29 577.346
-84 29 586.059
-83.5 29 595.118
-83 29 604.463
-82.5 29 614.003
-82 29 623.69
-81.5 29 633.464
-81 29 643.298
-119 29.5 646.177
-118.5 29.5 635.459
-118 29.5 624.69
-117.5 29.5 613.904
-117 29.5 603.145
-116.5 29.5 592.554
-116 29.5 582.019
-115.5 29.5 571.525
-115 29.5 561.066
-114.5 29.5 550.686
-114 29.5 540.397
-113.5 29.5 530.234
-113 29.5 520.201
-112.5 29.5 510.327
-112 29.5 500.598
-111.5 29.5 491.022
-111 29.5 481.525
-110.5 29.5 472.067
-110 29.5 462.752
-109.5 29.5 453.707
-109 29.5 444.984
-108.5 29.5 436.684
-108 29.5 428.887
-107.5 29.5 421.725
-107 29.5 415.088
-106.5 29.5 408.934
-106 29.5 403.197
-105.5 29.5 397.854
-105 29.5 392.827
-104.5 29.5 388.091
-104 29.5 383.696
-103.5 29.5 379.726
-103 29.5 376.211
-102.5 29.5 373.198
-102 29.5 370.644
-101.5 29.5 368.499
-101 29.5 366.851
-100.5 29.5 365.79
-100 29.5 365.321
-99.5 29.5 365.534
-99 29.5 366.596
-98.5 29.5 368.825
-98 29.5 371.88
-97.5 29.5 375.587
-97 29.5 379.857
-96.5 29.5 384.673
-96 29.5 390
-95.5 29.5 395.809
-95 29.5 402.107
-94.5 29.5 408.901
-94 29.5 416.163
-93.5 29.5 423.806
-93 29.5 431.606
-92.5 29.5 439.219
-92 29.5 446.905
-91.5 29.5 454.793
-91 29.5 462.867
-90.5 29.5 471.013
-90 29.5 478.952
-89.5 29.5 486.362
-89 29.5 493.548
-88.5 29.5 500.747
-88 29.5 508.036
-87.5 29.5 515.473
-87 29.5 523.014
-86.5 29.5 530.641
-86 29.5 538.422
-85.5 29.5 546.441
-85 29.5 554.701
-84.5 29.5 563.254
-84 29.5 572.138
-83.5 29.5 581.455
-83 29.5 591.048
-82.5 29.5 600.835
-82 29.5 610.733
-81.5 29.5 620.714
-81 29.5 630.75
-119 30 635.6
-118.5 30 624.615
-118 30 613.584
-117.5 30 602.512
-117 30 591.476
-116.5 30 580.727
-116 30 570.051
-115.5 30 559.392
-115 30 548.787
-114.5 30 538.252
-114 30 527.831
-113.5 30 517.533
-113 30 507.386
-112.5 30 497.388
-112 30 487.554
-111.5 30 477.853
-111 30 468.247
-110.5 30 458.546
-110 30 449.003
-109.5 30 439.698
-109 30 430.719
-108.5 30 422.117
-108 30 414.01
-107.5 30 406.596
-107 30 399.714
-106.5 30 393.285
-106 30 387.306
-105.5 30 381.73
-105 30 376.532
-104.5 30 371.614
-104 30 367.098
-103.5 30 363.023
-103 30 359.444
-102.5 30 356.361
-102 30 353.749
-101.5 30 351.396
-101 30 349.557
-100.5 30 348.286
-100 30 347.616
-99.5 30 347.598
-99 30 348.434
-98.5 30 350.793
-98 30 353.989
-97.5 30 357.811
-97 30 362.22
-96.5 30 367.175
-96 30 372.663
-95.5 30 378.615
-95 30 385.08
-94.5 30 392.047
-94 30 399.524
-93.5 30 407.412
-93 30 415.507
-92.5 30 423.078
-92 30 430.775
-91.5 30 438.714
-91 30 446.905
-90.5 30 455.213
-90 30 463.414
-89.5 30 470.765
-89 30 477.99
-88.5 30 485.27
-88 30 492.711
-87.5 30 500.317
-87 30 508.098
-86.5 30 515.893
-86 30 523.901
-85.5 30 532.144
-85 30 540.652
-84.5 30 549.422
-84 30 558.521
-83.5 30 568.136
-83 30 578.023
-82.5 30 588.059
-82 30 598.202
-81.5 30 608.399
-81 30 618.646
-119 30.5 625.373
-118.5 30.5 614.176
-118 30.5 602.932
-117.5 30.5 591.677
-117 30.5 580.467
-116.5 30.5 569.45
-116 30.5 558.513
-115.5 30.5 547.635
-115 30.5 536.811
-114.5 30.5 526.089
-114 30.5 515.483
-113.5 30.5 505.037
-113 30.5 494.739
-112.5 30.5 484.607
-112 30.5 474.608
-111.5 30.5 464.743
-111 30.5 454.92
-110.5 30.5 445.094
-110 30.5 435.364
-109.5 30.5 425.868
-109 30.5 416.657
-108.5 30.5 407.835
-108 30.5 399.482
-107.5 30.5 391.746
-107 30.5 384.528
-106.5 30.5 377.799
-106 30.5 371.511
-105.5 30.5 365.668
-105 30.5 360.215
-104.5 30.5 355.14
-104 30.5 350.475
-103.5 30.5 346.291
-103 30.5 342.588
-102.5 30.5 339.394
-102 30.5 336.635
-101.5 30.5 334.251
-101 30.5 332.35
-100.5 30.5 331.032
-100 30.5 330.337
-99.5 30.5 330.36
-99 30.5 331.294
-98.5 30.5 333.468
-98 30.5 336.545
-97.5 30.5 340.327
-97 30.5 344.722
-96.5 30.5 349.704
-96 30.5 355.22
-95.5 30.5 361.248
-95 30.5 367.767
-94.5 30.5 374.8
-94 30.5 382.289
-93.5 30.5 390.17
-93 30.5 398.188
-92.5 30.5 406.016
-92 30.5 413.887
-91.5 30.5 421.971
-91 30.5 430.225
-90.5 30.5 438.58
-90 30.5 446.755
-89.5 30.5 454.448
-89 30.5 461.938
-88.5 30.5 469.485
-88 30.5 477.142
-87.5 30.5 484.988
-87 30.5 492.988
-86.5 30.5 501.133
-86 30.5 509.475
-85.5 30.5 518.077
-85 30.5 526.924
-84.5 30.5 536.054
-84 30.5 545.503
-83.5 30.5 555.372
-83 30.5 565.505
-82.5 30.5 575.806
-82 30.5 586.199
-81.5 30.5 596.656
-81 30.5 607.163
-119 31 615.533
-118.5 31 604.144
-118 31 592.728
-117.5 31 581.298
-117 31 569.915
-116.5 31 558.62
-116 31 547.406
-115.5 31 536.248
-115 31 525.18
-114.5 31 514.216
-114 31 503.412
-113.5 31 492.777
-113 31 482.325
-112.5 31 472.022
-112 31 461.868
-111.5 31 451.807
-111 31 441.804
-110.5 31 431.81
-110 31 421.932
-109.5 31 412.238
-109 31 402.829
-108.5 31 393.768
-108 31 385.175
-107.5 31 377.101
-107 31 369.548
-106.5 31 362.466
-106 31 355.864
-105.5 31 349.705
-105 31 343.995
-104.5 31 338.708
-104 31 333.891
-103.5 31 329.551
-103 31 325.731
-102.5 31 322.403
-102 31 319.551
-101.5 31 317.139
-101 31 315.259
-100.5 31 313.977
-100 31 313.347
-99.5 31 313.464
-99 31 314.477
-98.5 31 316.505
-98 31 319.407
-97.5 31 323.048
-97 31 327.362
-96.5 31 332.279
-96 31 337.769
-95.5 31 343.771
-95 31 350.288
-94.5 31 357.27
-94 31 364.714
-93.5 31 372.492
-93 31 380.471
-92.5 31 388.46
-92 31 396.565
-91.5 31 404.793
-91 31 413.171
-90.5 31 421.564
-90 31 429.844
-89.5 31 437.834
-89 31 445.715
-88.5 31 453.58
-88 31 461.555
-87.5 31 469.668
-87 31 477.992
-86.5 31 486.517
-86 31 495.297
-85.5 31 504.315
-85 31 513.585
-84.5 31 523.113
-84 31 532.952
-83.5 31 543.114
-83 31 553.527
-82.5 31 564.093
-82 31 574.761
-81.5 31 585.485
-81 31 596.257
-119 31.5 606.076
-118.5 31.5 594.522
-118 31.5 582.934
-117.5 31.5 571.348
-117 31.5 559.759
-116.5 31.5 548.213
-116 31.5 536.696
-115.5 31.5 525.257
-115 31.5 513.902
-114.5 31.5 502.684
-114 31.5 491.64
-113.5 31.5 480.82
-113 31.5 470.191
-112.5 31.5 459.733
-112 31.5 449.398
-111.5 31.5 439.173
-111 31.5 428.978
-110.5 31.5 418.826
-110 31.5 408.753
-109.5 31.5 398.873
-109 31.5 389.233
-108.5 31.5 379.945
-108 31.5 371.062
-107.5 31.5 362.677
-107 31.5 354.764
-106.5 31.5 347.343
-106 31.5 340.384
-105.5 31.5 333.913
-105 31.5 327.907
-104.5 31.5 322.399
-104 31.5 317.382
-103.5 31.5 312.893
-103 31.5 308.921
-102.5 31.5 305.485
-102 31.5 302.545
-101.5 31.5 300.123
-101 31.5 298.26
-100.5 31.5 297.04
-100 31.5 296.492
-99.5 31.5 296.716
-99 31.5 297.762
-98.5 31.5 299.688
-98 31.5 302.419
-97.5 31.5 305.915
-97 31.5 310.101
-96.5 31.5 314.938
-96 31.5 320.349
-95.5 31.5 326.311
-95 31.5 332.76
-94.5 31.5 339.688
-94 31.5 347.032
-93.5 31.5 354.731
-93 31.5 362.681
-92.5 31.5 370.831
-92 31.5 379.132
-91.5 31.5 387.564
-91 31.5 396.067
-90.5 31.5 404.592
-90 31.5 413.026
-89.5 31.5 421.359
-89 31.5 429.605
-88.5 31.5 437.857
-88 31.5 446.158
-87.5 31.5 454.605
-87 31.5 463.27
-86.5 31.5 472.242
-86 31.5 481.487
-85.5 31.5 490.985
-85 31.5 500.697
-84.5 31.5 510.657
-84 31.5 520.877
-83.5 31.5 531.381
-83 31.5 542.092
-82.5 31.5 552.954
-82 31.5 563.899
-81.5 31.5 574.902
-81 31.5 585.935
-119 32 597.02
-118.5 32 585.295
-118 32 573.563
-117.5 32 561.804
-117 32 550.028
-116.5 32 538.208
-116 32 526.411
-115.5 32 514.661
-115 32 503.012
-114.5 32 491.503
-114 32 480.216
-113.5 32 469.192
-113 32 458.399
-112.5 32 447.769
-112 32 437.286
-111.5 32 426.882
-111 32 416.524
-110.5 32 406.169
-110 32 395.907
-109.5 32 385.796
-109 32 375.932
-108.5 32 366.365
-108 32 357.203
-107.5 32 348.477
-107 32 340.227
-106.5 32 332.431
-106 32 325.124
-105.5 32 318.297
-105 32 311.995
-104.5 32 306.218
-104 32 300.998
-103.5 32 296.317
-103 32 292.207
-102.5 32 288.642
-102 32 285.631
-101.5 32 283.171
-101 32 281.328
-100.5 32 280.15
-100 32 279.701
-99.5 32 280.005
-99 32 281.091
-98.5 32 282.919
-98 32 285.518
-97.5 32 288.865
-97 32 292.943
-96.5 32 297.681
-96 32 303.037
-95.5 32 308.927
-95 32 315.334
-94.5 32 322.188
-94 32 329.456
-93.5 32 337.077
-93 32 345.049
-92.5 32 353.351
-92 32 361.883
-91.5 32 370.523
-91 32 379.218
-90.5 32 387.902
-90 32 396.576
-89.5 32 405.24
-89 32 413.893
-88.5 32 422.521
-88 32 431.177
-87.5 32 439.949
-87 32 448.997
-86.5 32 458.434
-86 32 468.19
-85.5 32 478.172
-85 32 488.355
-84.5 32 498.734
-84 32 509.349
-83.5 32 520.201
-83 32 531.242
-82.5 32 542.401
-82 32 553.641
-81.5 32 564.915
-81 32 576.211
-119 32.5 588.35
-118.5 32.5 576.477
-118 32.5 564.583
-117.5 32.5 552.677
-117 32.5 540.707
-116.5 32.5 528.636
-116 32.5 516.536
-115.5 32.5 504.496
-115 32.5 492.54
-114.5 32.5 480.743
-114 32.5 469.176
-113.5 32.5 457.97
-113 32.5 447
-112.5 32.5 436.217
-112 32.5 425.555
-111.5 32.5 414.999
-111 32.5 404.461
-110.5 32.5 393.908
-110 32.5 383.408
-109.5 32.5 373.076
-109 32.5 362.946
-108.5 32.5 353.116
-108 32.5 343.627
-107.5 32.5 334.587
-107 32.5 325.963
-106.5 32.5 317.808
-106 32.5 310.108
-105.5 32.5 302.928
-105 32.5 296.275
-104.5 32.5 290.229
-104 32.5 284.755
-103.5 32.5 279.883
-103 32.5 275.59
-102.5 32.5 271.902
-102 32.5 268.789
-101.5 32.5 266.277
-101 32.5 264.412
-100.5 32.5 263.269
-100 32.5 262.878
-99.5 32.5 263.276
-99 32.5 264.399
-98.5 32.5 266.154
-98 32.5 268.625
-97.5 32.5 271.871
-97 32.5 275.855
-96.5 32.5 280.552
-96 32.5 285.864
-95.5 32.5 291.745
-95 32.5 298.116
-94.5 32.5 304.959
-94 32.5 312.182
-93.5 32.5 319.785
-93 32.5 327.773
-92.5 32.5 336.303
-92 32.5 345.086
-91.5 32.5 353.989
-91 32.5 362.892
-90.5 32.5 371.799
-90 32.5 380.704
-89.5 32.5 389.765
-89 32.5 398.816
-88.5 32.5 407.849
-88 32.5 416.854
-87.5 32.5 425.963
-87 32.5 435.343
-86.5 32.5 445.297
-86 32.5 455.568
-85.5 32.5 466.048
-85 32.5 476.671
-84.5 32.5 487.461
-84 32.5 498.436
-83.5 32.5 509.65
-83 32.5 521.014
-82.5 32.5 532.481
-82 32.5 543.998
-81.5 32.5 555.545
-81 32.5 567.092
-119 33 580.074
-118.5 33 568.033
-118 33 555.987
-117.5 33 543.913
-117 33 531.785
-116.5 33 519.444
-116 33 507.092
-115.5 33 494.776
-115 33 482.558
-114.5 33 470.471
-114 33 458.622
-113.5 33 447.231
-113 33 436.088
-112.5 33 425.103
-112 33 414.263
-111.5 33 403.514
-111 33 392.816
-110.5 33 382.016
-110 33 371.301
-109.5 33 360.722
-109 33 350.356
-108.5 33 340.227
-108 33 330.425
-107.5 33 321.034
-107 33 312.061
-106.5 33 303.495
-106 33 295.411
-105.5 33 287.821
-105 33 280.807
-104.5 33 274.436
-104 33 268.701
-103.5 33 263.577
-103 33 259.099
-102.5 33 255.236
-102 33 252.006
-101.5 33 249.38
-101 33 247.455
-100.5 33 246.285
-100 33 245.935
-99.5 33 246.387
-99 33 247.59
-98.5 33 249.256
-98 33 251.662
-97.5 33 254.847
-97 33 258.825
-96.5 33 263.521
-96 33 268.89
-95.5 33 274.802
-95 33 281.253
-94.5 33 288.152
-94 33 295.457
-93.5 33 303.105
-93 33 311.164
-92.5 33 319.977
-92 33 329.068
-91.5 33 338.233
-91 33 347.413
-90.5 33 356.554
-90 33 365.72
-89.5 33 375.191
-89 33 384.682
-88.5 33 394.105
-88 33 403.502
-87.5 33 412.935
-87 33 422.612
-86.5 33 433.091
-86 33 443.86
-85.5 33 454.768
-85 33 465.798
-84.5 33 476.941
-84 33 488.239
-83.5 33 499.788
-83 33 511.465
-82.5 33 523.207
-82 33 534.993
-81.5 33 546.787
-81 33 558.575
-119 33.5 572.182
-118.5 33.5 559.978
-118 33.5 547.739
-117.5 33.5 535.472
-117 33.5 523.108
-116.5 33.5 510.613
-116 33.5 498.06
-115.5 33.5 485.551
-115 33.5 473.115
-114.5 33.5 460.838
-114 33.5 448.796
-113.5 33.5 437.135
-113 33.5 425.724
-112.5 33.5 414.506
-112 33.5 403.413
-111.5 33.5 392.431
-111 33.5 381.474
-110.5 33.5 370.508
-110 33.5 359.585
-109.5 33.5 348.808
-109 33.5 338.191
-108.5 33.5 327.817
-108 33.5 317.699
-107.5 33.5 307.953
-107 33.5 298.555
-106.5 33.5 289.59
-106 33.5 281.063
-105.5 33.5 273.078
-105 33.5 265.662
-104.5 33.5 258.93
-104 33.5 252.85
-103.5 33.5 247.457
-103 33.5 242.717
-102.5 33.5 238.665
-102 33.5 235.24
-101.5 33.5 232.473
-101 33.5 230.413
-100.5 33.5 229.176
-100 33.5 228.774
-99.5 33.5 229.226
-99 33.5 230.385
-98.5 33.5 232.133
-98 33.5 234.562
-97.5 33.5 237.808
-97 33.5 241.836
-96.5 33.5 246.647
-96 33.5 252.12
-95.5 33.5 258.213
-95 33.5 264.829
-94.5 33.5 271.944
-94 33.5 279.467
-93.5 33.5 287.401
-93 33.5 295.775
-92.5 33.5 304.757
-92 33.5 314.054
-91.5 33.5 323.5
-91 33.5 332.981
-90.5 33.5 342.494
-90 33.5 352.062
-89.5 33.5 361.844
-89 33.5 371.674
-88.5 33.5 381.504
-88 33.5 391.327
-87.5 33.5 401.244
-87 33.5 411.426
-86.5 33.5 422.173
-86 33.5 433.231
-85.5 33.5 444.465
-85 33.5 455.815
-84.5 33.5 467.29
-84 33.5 478.903
-83.5 33.5 490.708
-83 33.5 502.624
-82.5 33.5 514.609
-82 33.5 526.62
-81.5 33.5 538.638
-81 33.5 550.635
-119 34 564.713
-118.5 34 552.328
-118 34 539.916
-117.5 34 527.44
-117 34 514.886
-116.5 34 502.219
-116 34 489.52
-115.5 34 476.831
-115 34 464.224
-114.5 34 451.754
-114 34 439.53
-113.5 34 427.599
-113 34 415.925
-112.5 34 404.428
-112 34 393.085
-111.5 34 381.832
-111 34 370.639
-110.5 34 359.459
-110 34 348.358
-109.5 34 337.358
-109 34 326.528
-108.5 34 315.876
-108 34 305.469
-107.5 34 295.321
-107 34 285.521
-106.5 34 276.085
-106 34 267.124
-105.5 34 258.666
-105 34 250.84
-104.5 34 243.674
-104 34 237.232
-103.5 34 231.483
-103 34 226.48
-102.5 34 222.16
-102 34 218.517
-101.5 34 215.509
-101 34 213.273
-100.5 34 211.879
-100 34 211.437
-99.5 34 211.857
-99 34 213.043
-98.5 34 214.845
-98 34 217.395
-97.5 34 220.741
-97 34 224.95
-96.5 34 229.933
-96 34 235.658
-95.5 34 241.997
-95 34 248.925
-94.5 34 256.342
-94 34 264.216
-93.5 34 272.504
-93 34 281.261
-92.5 34 290.481
-92 34 300.035
-91.5 34 309.764
-91 34 319.599
-90.5 34 329.49
-90 34 339.478
-89.5 34 349.585
-89 34 359.77
-88.5 34 369.986
-88 34 380.251
-87.5 34 390.631
-87 34 401.275
-86.5 34 412.289
-86 34 423.585
-85.5 34 435.065
-85 34 446.689
-84.5 34 458.435
-84 34 470.32
-83.5 34 482.342
-83 34 494.469
-82.5 34 506.651
-82 34 518.867
-81.5 34 531.079
-81 34 543.266
-119 34.5 557.68
-118.5 34.5 545.144
-118 34.5 532.553
-117.5 34.5 519.907
-117 34.5 507.168
-116.5 34.5 494.359
-116 34.5 481.498
-115.5 34.5 468.658
-115 34.5 455.87
-114.5 34.5 443.224
-114 34.5 430.783
-113.5 34.5 418.621
-113 34.5 406.682
-112.5 34.5 394.936
-112 34.5 383.318
-111.5 34.5 371.816
-111 34.5 360.368
-110.5 34.5 348.985
-110 34.5 337.662
-109.5 34.5 326.465
-109 34.5 315.384
-108.5 34.5 304.49
-108 34.5 293.745
-107.5 34.5 283.23
-107 34.5 272.958
-106.5 34.5 263.072
-106 34.5 253.595
-105.5 34.5 244.668
-105 34.5 236.334
-104.5 34.5 228.731
-104 34.5 221.839
-103.5 34.5 215.735
-103 34.5 210.365
-102.5 34.5 205.786
-102 34.5 201.837
-101.5 34.5 198.548
-101 34.5 196.005
-100.5 34.5 194.456
-100 34.5 193.906
-99.5 34.5 194.384
-99 34.5 195.623
-98.5 34.5 197.545
-98 34.5 200.185
-97.5 34.5 203.743
-97 34.5 208.178
-96.5 34.5 213.492
-96 34.5 219.537
-95.5 34.5 226.27
-95 34.5 233.566
-94.5 34.5 241.403
-94 34.5 249.678
-93.5 34.5 258.403
-93 34.5 267.539
-92.5 34.5 277.096
-92 34.5 286.943
-91.5 34.5 297.015
-91 34.5 307.201
-90.5 34.5 317.501
-90 34.5 327.871
-89.5 34.5 338.342
-89 34.5 348.866
-88.5 34.5 359.472
-88 34.5 370.143
-87.5 34.5 380.963
-87 34.5 391.984
-86.5 34.5 403.281
-86 34.5 414.794
-85.5 34.5 426.5
-85 34.5 438.346
-84.5 34.5 450.329
-84 34.5 462.43
-83.5 34.5 474.651
-83 34.5 486.952
-82.5 34.5 499.315
-82 34.5 511.702
-81.5 34.5 524.092
-81 34.5 536.445
-119 35 551.121
-118.5 35 538.438
-118 35 525.705
-117.5 35 512.895
-117 35 500.012
-116.5 35 487.05
-116 35 474.054
-115.5 35 461.047
-115 35 448.092
-114.5 35 435.242
-114 35 422.6
-113.5 35 410.207
-113 35 398.04
-112.5 35 386.034
-112 35 374.174
-111.5 35 362.406
-111 35 350.728
-110.5 35 339.104
-110 35 327.577
-109.5 35 316.14
-109 35 304.85
-108.5 35 293.673
-108 35 282.633
-107.5 35 271.685
-107 35 260.976
-106.5 35 250.561
-106 35 240.581
-105.5 35 231.08
-105 35 222.236
-104.5 35 214.092
-104 35 206.749
-103.5 35 200.159
-103 35 194.463
-102.5 35 189.513
-102 35 185.268
-101.5 35 181.518
-101 35 178.654
-100.5 35 176.814
-100 35 176.253
-99.5 35 176.775
-99 35 178.203
-98.5 35 180.184
-98 35 183.025
-97.5 35 186.806
-97 35 191.621
-96.5 35 197.326
-96 35 203.857
-95.5 35 211.041
-95 35 218.838
-94.5 35 227.132
-94 35 235.901
-93.5 35 245.07
-93 35 254.649
-92.5 35 264.567
-92 35 274.781
-91.5 35 285.195
-91 35 295.778
-90.5 35 306.458
-90 35 317.229
-89.5 35 328.036
-89 35 338.918
-88.5 35 349.872
-88 35 360.94
-87.5 35 372.134
-87 35 383.51
-86.5 35 395.057
-86 35 406.791
-85.5 35 418.687
-85 35 430.738
-84.5 35 442.91
-84 35 455.2
-83.5 35 467.581
-83 35 480.041
-82.5 35 492.549
-82 35 505.096
-81.5 35 517.637
-81 35 530.138
-119 35.5 545.042
-118.5 35.5 532.247
-118 35.5 519.382
-117.5 35.5 506.449
-117 35.5 493.426
-116.5 35.5 480.347
-116 35.5 467.206
-115.5 35.5 454.058
-115 35.5 440.921
-114.5 35.5 427.883
-114 35.5 415.01
-113.5 35.5 402.427
-113 35.5 390.031
-112.5 35.5 377.8
-112 35.5 365.677
-111.5 35.5 353.67
-111 35.5 341.734
-110.5 35.5 329.888
-110 35.5 318.115
-109.5 35.5 306.467
-109 35.5 294.919
-108.5 35.5 283.508
-108 35.5 272.141
-107.5 35.5 260.798
-107 35.5 249.581
-106.5 35.5 238.677
-106 35.5 228.113
-105.5 35.5 218.062
-105 35.5 208.58
-104.5 35.5 199.907
-104 35.5 191.964
-103.5 35.5 184.897
-103 35.5 178.676
-102.5 35.5 173.384
-102 35.5 168.728
-101.5 35.5 164.47
-101 35.5 161.069
-100.5 35.5 158.991
-100 35.5 158.3
-99.5 35.5 159.01
-99 35.5 160.681
-98.5 35.5 162.807
-98 35.5 165.816
-97.5 35.5 169.998
-97 35.5 175.271
-96.5 35.5 181.567
-96 35.5 188.664
-95.5 35.5 196.451
-95 35.5 204.787
-94.5 35.5 213.644
-94 35.5 222.915
-93.5 35.5 232.594
-93 35.5 242.609
-92.5 35.5 252.947
-92 35.5 263.526
-91.5 35.5 274.328
-91 35.5 285.278
-90.5 35.5 296.361
-90 35.5 307.499
-89.5 35.5 318.649
-89 35.5 329.843
-88.5 35.5 341.143
-88 35.5 352.551
-87.5 35.5 364.105
-87 35.5 375.786
-86.5 35.5 387.575
-86 35.5 399.498
-85.5 35.5 411.581
-85 35.5 423.798
-84.5 35.5 436.144
-84 35.5 448.585
-83.5 35.5 461.106
-83 35.5 473.687
-82.5 35.5 486.324
-82 35.5 498.992
-81.5 35.5 511.668
-81 35.5 524.297
-119 36 539.468
-118.5 36 526.576
-118 36 513.621
-117.5 36 500.58
-117 36 487.454
-116.5 36 474.261
-116 36 461.013
-115.5 36 447.721
-115 36 434.439
-114.5 36 421.203
-114 36 408.112
-113.5 36 395.339
-113 36 382.745
-112.5 36 370.26
-112 36 357.895
-111.5 36 345.617
-111 36 333.44
-110.5 36 321.333
-110 36 309.332
-109.5 36 297.422
-109 36 285.639
-108.5 36 273.945
-108 36 262.315
-107.5 36 250.518
-107 36 238.87
-106.5 36 227.442
-106 36 216.371
-105.5 36 205.682
-105 36 195.562
-104.5 36 186.21
-104 36 177.64
-103.5 36 169.826
-103 36 163.005
-102.5 36 157.104
-102 36 152.088
-101.5 36 147.03
-101 36 143.139
-100.5 36 140.655
-100 36 139.873
-99.5 36 140.665
-99 36 142.817
-98.5 36 145.02
-98 36 148.451
-97.5 36 153.202
-97 36 159.208
-96.5 36 166.226
-96 36 174.088
-95.5 36 182.538
-95 36 191.54
-94.5 36 200.974
-94 36 210.819
-93.5 36 220.991
-93 36 231.482
-92.5 36 242.22
-92 36 253.2
-91.5 36 264.356
-91 36 275.683
-90.5 36 287.119
-90 36 298.635
-89.5 36 310.072
-89 36 321.58
-88.5 36 333.18
-88 36 344.913
-87.5 36 356.768
-87 36 368.749
-86.5 36 380.737
-86 36 392.852
-85.5 36 405.1
-85 36 417.482
-84.5 36 429.968
-84 36 442.545
-83.5 36 455.167
-83 36 467.848
-82.5 36 480.569
-82 36 493.331
-81.5 36 506.101
-81 36 518.84
-119 36.5 534.395
-118.5 36.5 521.445
-118 36.5 508.421
-117.5 36.5 495.321
-117 36.5 482.117
-116.5 36.5 468.841
-116 36.5 455.483
-115.5 36.5 442.091
-115 36.5 428.682
-114.5 36.5 415.328
-114 36.5 402.086
-113.5 36.5 389.083
-113 36.5 376.223
-112.5 36.5 363.492
-112 36.5 350.845
-111.5 36.5 338.309
-111 36.5 325.852
-110.5 36.5 313.509
-110 36.5 301.242
-109.5 36.5 289.087
-109 36.5 276.996
-108.5 36.5 264.995
-108 36.5 252.97
-107.5 36.5 240.894
-107 36.5 228.854
-106.5 36.5 217.031
-106 36.5 205.432
-105.5 36.5 194.229
-105 36.5 183.437
-104.5 36.5 173.346
-104 36.5 163.857
-103.5 36.5 155.206
-103 36.5 147.364
-102.5 36.5 140.55
-102 36.5 134.494
-101.5 36.5 129.103
-101 36.5 124.753
-100.5 36.5 122.001
-100 36.5 120.859
-99.5 36.5 121.484
-99 36.5 123.523
-98.5 36.5 126.544
-98 36.5 130.852
-97.5 36.5 136.592
-97 36.5 143.537
-96.5 36.5 151.518
-96 36.5 160.226
-95.5 36.5 169.502
-95 36.5 179.193
-94.5 36.5 189.283
-94 36.5 199.676
-93.5 36.5 210.375
-93 36.5 221.303
-92.5 36.5 232.468
-92 36.5 243.806
-91.5 36.5 255.321
-91 36.5 266.953
-90.5 36.5 278.702
-90 36.5 290.482
-89.5 36.5 302.259
-89 36.5 314.062
-88.5 36.5 325.963
-88 36.5 337.955
-87.5 36.5 350.065
-87 36.5 362.25
-86.5 36.5 374.482
-86 36.5 386.792
-85.5 36.5 399.219
-85 36.5 411.742
-84.5 36.5 424.359
-84 36.5 437.031
-83.5 36.5 449.745
-83 36.5 462.485
-82.5 36.5 475.263
-82 36.5 488.055
-81.5 36.5 500.853
-81 36.5 513.603
-119 37 529.827
-118.5 37 516.838
-118 37 503.787
-117.5 37 490.645
-117 37 477.404
-116.5 37 464.053
-116 37 450.624
-115.5 37 437.137
-115 37 423.641
-114.5 37 410.172
-114 37 396.807
-113.5 37 383.58
-113 37 370.489
-112.5 37 357.486
-112 37 344.585
-111.5 37 331.764
-111 37 319.059
-110.5 37 306.452
-110 37 293.954
-109.5 37 281.518
-109 37 269.159
-108.5 37 256.819
-108 37 244.48
-107.5 37 232.087
-107 37 219.754
-106.5 37 207.522
-106 37 195.509
-105.5 37 183.731
-105 37 172.343
-104.5 37 161.37
-104 37 151.007
-103.5 37 141.255
-103 37 132.394
-102.5 37 124.388
-102 37 117.432
-101.5 37 111.397
-101 37 106.749
-100.5 37 103.536
-100 37 102.085
-99.5 37 102.363
-99 37 104.497
-98.5 37 108.257
-98 37 113.706
-97.5 37 120.589
-97 37 128.703
-96.5 37 137.733
-96 37 147.426
-95.5 37 157.528
-95 37 167.973
-94.5 37 178.679
-94 37 189.647
-93.5 37 200.816
-93 37 212.193
-92.5 37 223.728
-92 37 235.427
-91.5 37 247.238
-91 37 259.169
-90.5 37 271.163
-90 37 283.208
-89.5 37 295.252
-89 37 307.344
-88.5 37 319.489
-88 37 331.724
-87.5 37 344.031
-87 37 356.414
-86.5 37 368.84
-86 37 381.343
-85.5 37 393.921
-85 37 406.584
-84.5 37 419.302
-84 37 432.059
-83.5 37 444.825
-83 37 457.607
-82.5 37 470.393
-82 37 483.195
-81.5 37 495.979
-81 37 508.723
-119 37.5 525.744
-118.5 37.5 512.752
-118 37.5 499.69
-117.5 37.5 486.55
-117 37.5 473.283
-116.5 37.5 459.896
-116 37.5 446.397
-115.5 37.5 432.85
-115 37.5 419.269
-114.5 37.5 405.72
-114 37.5 392.221
-113.5 37.5 378.83
-113 37.5 365.514
-112.5 37.5 352.289
-112 37.5 339.126
-111.5 37.5 326.057
-111 37.5 313.088
-110.5 37.5 300.264
-110 37.5 287.527
-109.5 37.5 274.866
-109 37.5 262.225
-108.5 37.5 249.615
-108 37.5 236.968
-107.5 37.5 224.323
-107 37.5 211.673
-106.5 37.5 199.133
-106 37.5 186.677
-105.5 37.5 174.45
-105 37.5 162.383
-104.5 37.5 150.67
-104 37.5 139.298
-103.5 37.5 128.568
-103 37.5 118.522
-102.5 37.5 109.455
-102 37.5 101.461
-101.5 37.5 94.9183
-101 37.5 89.7755
-100.5 37.5 86.229
-100 37.5 84.3206
-99.5 37.5 84.3037
-99 37.5 86.4741
-98.5 37.5 91.0477
-98 37.5 97.6719
-97.5 37.5 105.853
-97 37.5 115.161
-96.5 37.5 125.339
-96 37.5 135.999
-95.5 37.5 146.947
-95 37.5 158.057
-94.5 37.5 169.37
-94 37.5 180.83
-93.5 37.5 192.461
-93 37.5 204.214
-92.5 37.5 216.112
-92 37.5 228.106
-91.5 37.5 240.207
-91 37.5 252.37
-90.5 37.5 264.601
-90 37.5 276.854
-89.5 37.5 289.143
-89 37.5 301.455
-88.5 37.5 313.824
-88 37.5 326.242
-87.5 37.5 338.731
-87 37.5 351.268
-86.5 37.5 363.867
-86 37.5 376.518
-85.5 37.5 389.238
-85 37.5 402.004
-84.5 37.5 414.817
-84 37.5 427.628
-83.5 37.5 440.431
-83 37.5 453.212
-82.5 37.5 465.995
-82 37.5 478.769
-81.5 37.5 491.529
-81 37.5 504.252
-119 38 522.141
-118.5 38 509.158
-118 38 496.128
-117.5 38 483.005
-117 38 469.755
-116.5 38 456.332
-116 38 442.799
-115.5 38 429.193
-115 38 415.566
-114.5 38 401.938
-114 38 388.353
-113.5 38 374.813
-113 38 361.334
-112.5 38 347.899
-112 38 334.517
-111.5 38 321.198
-111 38 308.009
-110.5 38 294.978
-110 38 282.06
-109.5 38 269.178
-109 38 256.323
-108.5 38 243.452
-108 38 230.576
-107.5 38 217.671
-107 38 204.795
-106.5 38 191.938
-106 38 179.187
-105.5 38 166.495
-105 38 153.924
-104.5 38 141.41
-104 38 129.213
-103.5 38 117.44
-103 38 106.336
-102.5 38 96.1145
-102 38 87.2795
-101.5 38 80.1399
-101 38 74.6685
-100.5 38 70.6956
-100 38 68.2968
-99.5 38 67.8415
-99 38 70.0527
-98.5 38 75.4793
-98 38 83.3292
-97.5 38 92.7956
-97 38 103.39
-96.5 38 114.671
-96 38 126.306
-95.5 38 137.966
-95 38 149.693
-94.5 38 161.486
-94 38 173.393
-93.5 38 185.382
-93 38 197.482
-92.5 38 209.662
-92 38 221.932
-91.5 38 234.251
-91 38 246.629
-90.5 38 259.033
-90 38 271.477
-89.5 38 283.941
-89 38 296.446
-88.5 38 308.975
-88 38 321.553
-87.5 38 334.169
-87 38 346.842
-86.5 38 359.562
-86 38 372.341
-85.5 38 385.158
-85 38 398.023
-84.5 38 410.896
-84 38 423.756
-83.5 38 436.553
-83 38 449.323
-82.5 38 462.066
-82 38 474.805
-81.5 38 487.519
-81 38 500.209
-119 38.5 518.987
-118.5 38.5 506.043
-118 38.5 493.049
-117.5 38.5 479.984
-117 38.5 466.772
-116.5 38.5 453.342
-116 38.5 439.776
-115.5 38.5 426.154
-115 38.5 412.494
-114.5 38.5 398.839
-114 38.5 385.186
-113.5 38.5 371.562
-113 38.5 357.949
-112.5 38.5 344.369
-112 38.5 330.795
-111.5 38.5 317.278
-111 38.5 303.864
-110.5 38.5 290.698
-110 38.5 277.617
-109.5 38.5 264.576
-109 38.5 251.511
-108.5 38.5 238.449
-108 38.5 225.351
-107.5 38.5 212.273
-107 38.5 199.174
-106.5 38.5 186.126
-106 38.5 173.082
-105.5 38.5 160.116
-105 38.5 147.076
-104.5 38.5 133.982
-104 38.5 120.97
-103.5 38.5 108.387
-103 38.5 96.2876
-102.5 38.5 85.133
-102 38.5 75.3502
-101.5 38.5 67.9538
-101 38.5 62.1824
-100.5 38.5 57.9094
-99.5 38.5 54.0471
-99 38.5 55.9688
-98.5 38.5 62.3843
-98 38.5 71.4767
-97.5 38.5 82.1763
-97 38.5 93.8399
-96.5 38.5 106.13
-96 38.5 118.59
-95.5 38.5 130.833
-95 38.5 142.983
-94.5 38.5 155.175
-94 38.5 167.402
-93.5 38.5 179.703
-93 38.5 192.048
-92.5 38.5 204.478
-92 38.5 216.942
-91.5 38.5 229.453
-91 38.5 241.974
-90.5 38.5 254.527
-90 38.5 267.09
-89.5 38.5 279.706
-89 38.5 292.334
-88.5 38.5 304.995
-88 38.5 317.672
-87.5 38.5 330.39
-87 38.5 343.141
-86.5 38.5 355.959
-86 38.5 368.813
-85.5 38.5 381.71
-85 38.5 394.625
-84.5 38.5 407.553
-84 38.5 420.43
-83.5 38.5 433.209
-83 38.5 445.926
-82.5 38.5 458.626
-82 38.5 471.305
-81.5 38.5 483.972
-81 38.5 496.613
-119 39 516.267
-118.5 39 503.354
-118 39 490.411
-117.5 39 477.402
-117 39 464.274
-116.5 39 450.833
-116 39 437.283
-115.5 39 423.673
-115 39 410.04
-114.5 39 396.388
-114 39 382.732
-113.5 39 369.064
-113 39 355.401
-112.5 39 341.729
-112 39 328.055
-111.5 39 314.38
-111 39 300.784
-110.5 39 287.519
-110 39 274.328
-109.5 39 261.117
-109 39 247.897
-108.5 39 234.644
-108 39 221.39
-107.5 39 208.147
-107 39 194.922
-106.5 39 181.69
-106 39 168.499
-105.5 39 155.294
-105 39 142.045
-104.5 39 128.438
-104 39 114.974
-103.5 39 101.786
-103 39 89.1224
-102.5 39 77.2019
-102 39 66.6872
-98.5 39 53.1863
-98 39 63.2438
-97.5 39 74.6772
-97 39 87.0418
-96.5 39 99.9479
-96 39 113.029
-95.5 39 125.556
-95 39 138.007
-94.5 39 150.459
-94 39 162.949
-93.5 39 175.453
-93 39 187.994
-92.5 39 200.586
-92 39 213.21
-91.5 39 225.833
-91 39 238.47
-90.5 39 251.101
-90 39 263.749
-89.5 39 276.447
-89 39 289.17
-88.5 39 301.894
-88 39 314.641
-87.5 39 327.4
-87 39 340.197
-86.5 39 353.056
-86 39 365.955
-85.5 39 378.87
-85 39 391.811
-84.5 39 404.743
-84 39 417.636
-83.5 39 430.352
-83 39 443.02
-82.5 39 455.656
-82 39 468.283
-81.5 39 480.888
-81 39 493.478
-119 39.5 513.956
-118.5 39.5 501.079
-118 39.5 488.156
-117.5 39.5 475.173
-117 39.5 462.051
-116.5 39.5 448.721
-116 39.5 435.258
-115.5 39.5 421.738
-115 39.5 408.172
-114.5 39.5 394.587
-114 39.5 380.97
-113.5 39.5 367.337
-113 39.5 353.681
-112.5 39.5 340.018
-112 39.5 326.332
-111.5 39.5 312.66
-111 39.5 299.042
-110.5 39.5 285.62
-110 39.5 272.246
-109.5 39.5 258.887
-109 39.5 245.498
-108.5 39.5 232.119
-108 39.5 218.73
-107.5 39.5 205.394
-107 39.5 192.053
-106.5 39.5 178.745
-106 39.5 165.402
-105.5 39.5 152.071
-105 39.5 138.578
-104.5 39.5 124.929
-104 39.5 111.296
-103.5 39.5 98.0234
-103 39.5 85.2433
-102.5 39.5 73.4092
-102 39.5 63.0534
-98 39.5 59.4887
-97.5 39.5 70.8344
-97 39.5 83.1795
-96.5 39.5 96.1317
-96 39.5 109.225
-95.5 39.5 122.056
-95 39.5 134.738
-94.5 39.5 147.408
-94 39.5 160.058
-93.5 39.5 172.722
-93 39.5 185.377
-92.5 39.5 198.069
-92 39.5 210.754
-91.5 39.5 223.449
-91 39.5 236.128
-90.5 39.5 248.816
-90 39.5 261.501
-89.5 39.5 274.228
-89 39.5 286.961
-88.5 39.5 299.713
-88 39.5 312.466
-87.5 39.5 325.247
-87 39.5 338.045
-86.5 39.5 350.897
-86 39.5 363.768
-85.5 39.5 376.664
-85 39.5 389.556
-84.5 39.5 402.443
-84 39.5 415.259
-83.5 39.5 427.961
-83 39.5 440.584
-82.5 39.5 453.179
-82 39.5 465.743
-81.5 39.5 478.29
-81 39.5 490.818
-119 40 512.079
-118.5 40 499.227
-118 40 486.339
-117.5 40 473.375
-117 40 460.302
-116.5 40 447.076
-116 40 433.749
-115.5 40 420.347
-115 40 406.904
-114.5 40 393.419
-114 40 379.903
-113.5 40 366.348
-113 40 352.772
-112.5 40 339.176
-112 40 325.568
-111.5 40 311.952
-111 40 298.368
-110.5 40 284.835
-110 40 271.333
-109.5 40 257.823
-109 40 244.327
-108.5 40 230.835
-108 40 217.395
-107.5 40 203.999
-107 40 190.654
-106.5 40 177.307
-106 40 163.981
-105.5 40 150.594
-105 40 137.133
-104.5 40 123.545
-104 40 110.1
-103.5 40 96.9765
-103 40 84.4642
-102.5 40 72.9116
-102 40 62.9445
-98 40 59.5214
-97.5 40 70.2964
-97 40 82.2516
-96.5 40 94.8776
-96 40 107.768
-95.5 40 120.593
-95 40 133.367
-94.5 40 146.097
-94 40 158.818
-93.5 40 171.518
-93 40 184.219
-92.5 40 196.909
-92 40 209.604
-91.5 40 222.283
-91 40 234.964
-90.5 40 247.634
-90 40 260.317
-89.5 40 273.006
-89 40 285.714
-88.5 40 298.425
-88 40 311.157
-87.5 40 323.898
-87 40 336.668
-86.5 40 349.458
-86 40 362.273
-85.5 40 375.089
-85 40 387.913
-84.5 40 400.706
-84 40 413.447
-83.5 40 426.092
-83 40 438.679
-82.5 40 451.214
-82 40 463.722
-81.5 40 476.2
-81 40 488.664
-119 40.5 510.644
-118.5 40.5 497.844
-118 40.5 484.991
-117.5 40.5 472.077
-117 40.5 459.069
-116.5 40.5 445.969
-116 40.5 432.78
-115.5 40.5 419.533
-115 40.5 406.229
-114.5 40.5 392.893
-114 40.5 379.504
-113.5 40.5 366.078
-113 40.5 352.615
-112.5 40.5 339.149
-112 40.5 325.658
-111.5 40.5 312.172
-111 40.5 298.642
-110.5 40.5 285.086
-110 40.5 271.485
-109.5 40.5 257.901
-109 40.5 244.324
-108.5 40.5 230.801
-108 40.5 217.342
-107.5 40.5 204.001
-107 40.5 190.715
-106.5 40.5 177.489
-106 40.5 164.249
-105.5 40.5 151.029
-105 40.5 137.714
-104.5 40.5 124.419
-104 40.5 111.24
-103.5 40.5 98.5068
-103 40.5 86.3705
-102.5 40.5 75.3046
-102 40.5 65.6773
-98 40.5 62.6113
-97.5 40.5 72.7255
-97 40.5 84.0727
-96.5 40.5 96.2053
-96 40.5 108.705
-95.5 40.5 121.32
-95 40.5 133.951
-94.5 40.5 146.598
-94 40.5 159.234
-93.5 40.5 171.876
-93 40.5 184.499
-92.5 40.5 197.123
-92 40.5 209.729
-91.5 40.5 222.342
-91 40.5 234.943
-90.5 40.5 247.556
-90 40.5 260.16
-89.5 40.5 272.779
-89 40.5 285.397
-88.5 40.5 298.039
-88 40.5 310.687
-87.5 40.5 323.364
-87 40.5 336.048
-86.5 40.5 348.756
-86 40.5 361.466
-85.5 40.5 374.189
-85 40.5 386.901
-84.5 40.5 399.597
-84 40.5 412.236
-83.5 40.5 424.819
-83 40.5 437.336
-82.5 40.5 449.814
-82 40.5 462.246
-81.5 40.5 474.653
-81 40.5 487.042
-119 41 509.684
-118.5 41 496.939
-118 41 484.149
-117.5 41 471.294
-117 41 458.38
-116.5 41 445.404
-116 41 432.375
-115.5 41 419.285
-115 41 406.158
-114.5 41 392.981
-114 41 379.762
-113.5 41 366.479
-113 41 353.176
-112.5 41 339.859
-112 41 326.561
-111.5 41 313.235
-111 41 299.838
-110.5 41 286.283
-110 41 272.673
-109.5 41 259.049
-109 41 245.47
-108.5 41 231.952
-108 41 218.572
-107.5 41 205.35
-107 41 192.258
-106.5 41 179.223
-106 41 166.258
-105.5 41 153.298
-105 41 140.348
-104.5 41 127.398
-104 41 114.682
-103.5 41 102.386
-103 41 90.783
-102.5 41 80.1781
-102 41 71.0394
-98 41 68.3277
-97.5 41 77.7503
-97 41 88.437
-96.5 41 99.9538
-96 41 111.947
-95.5 41 124.155
-95 41 136.486
-94.5 41 148.874
-94 41 161.309
-93.5 41 173.757
-93 41 186.22
-92.5 41 198.669
-92 41 211.128
-91.5 41 223.585
-91 41 236.061
-90.5 41 248.539
-90 41 261.029
-89.5 41 273.51
-89 41 286.009
-88.5 41 298.518
-88 41 311.061
-87.5 41 323.618
-87 41 336.198
-86.5 41 348.775
-86 41 361.367
-85.5 41 373.957
-85 41 386.553
-84.5 41 399.123
-84 41 411.664
-83.5 41 424.152
-83 41 436.598
-82.5 41 448.991
-82 41 461.349
-81.5 41 473.669
-81 41 485.978
-119 41.5 509.205
-118.5 41.5 496.544
-118 41.5 483.825
-117.5 41.5 471.056
-117 41.5 458.235
-116.5 41.5 445.408
-116 41.5 432.534
-115.5 41.5 419.622
-115 41.5 406.662
-114.5 41.5 393.675
-114 41.5 380.632
-113.5 41.5 367.518
-113 41.5 354.375
-112.5 41.5 341.257
-112 41.5 328.158
-111.5 41.5 315.067
-111 41.5 301.857
-110.5 41.5 288.375
-110 41.5 274.786
-109.5 41.5 261.221
-109 41.5 247.7
-108.5 41.5 234.288
-108 41.5 221.029
-107.5 41.5 208.052
-107 41.5 195.223
-106.5 41.5 182.522
-106 41.5 169.891
-105.5 41.5 157.367
-105 41.5 144.861
-104.5 41.5 132.419
-104 41.5 120.202
-103.5 41.5 108.496
-103 41.5 97.4495
-102.5 41.5 87.4231
-102 41.5 78.7327
-101.5 41.5 71.841
-101 41.5 66.6154
-99 41.5 64.1598
-98.5 41.5 69.2349
-98 41.5 76.3652
-97.5 41.5 85.119
-97 41.5 95.0874
-96.5 41.5 105.93
-96 41.5 117.308
-95.5 41.5 128.988
-95 41.5 140.856
-94.5 41.5 152.866
-94 41.5 164.96
-93.5 41.5 177.127
-93 41.5 189.318
-92.5 41.5 201.524
-92 41.5 213.739
-91.5 41.5 225.991
-91 41.5 238.263
-90.5 41.5 250.569
-90 41.5 262.879
-89.5 41.5 275.191
-89 41.5 287.508
-88.5 41.5 299.863
-88 41.5 312.244
-87.5 41.5 324.665
-87 41.5 337.096
-86.5 41.5 349.53
-86 41.5 361.964
-85.5 41.5 374.418
-85 41.5 386.867
-84.5 41.5 399.314
-84 41.5 411.732
-83.5 41.5 424.126
-83 41.5 436.475
-82.5 41.5 448.788
-82 41.5 461.051
-81.5 41.5 473.283
-81 41.5 485.497
-119 42 509.235
-118.5 42 496.672
-118 42 484.059
-117.5 42 471.384
-117 42 458.671
-116.5 42 445.991
-116 42 433.283
-115.5 42 420.523
-115 42 407.738
-114.5 42 394.918
-114 42 382.07
-113.5 42 369.105
-113 42 356.143
-112.5 42 343.207
-112 42 330.332
-111.5 42 317.478
-111 42 304.556
-110.5 42 291.166
-110 42 277.724
-109.5 42 264.32
-109 42 251.001
-108.5 42 237.778
-108 42 224.734
-107.5 42 212.076
-107 42 199.609
-106.5 42 187.265
-106 42 175.074
-105.5 42 163.022
-105 42 151.116
-104.5 42 139.215
-104 42 127.659
-103.5 42 116.615
-103 42 106.279
-102.5 42 96.854
-102 42 88.6788
-101.5 42 82.3414
-101 42 77.5626
-100.5 42 74.3283
-100 42 72.7462
-99.5 42 72.9605
-99 42 75.212
-98.5 42 79.9487
-98 42 86.5266
-97.5 42 94.575
-97 42 103.796
-96.5 42 113.89
-96 42 124.591
-95.5 42 135.621
-95 42 146.929
-94.5 42 158.437
-94 42 170.103
-93.5 42 181.875
-93 42 193.728
-92.5 42 205.595
-92 42 217.517
-91.5 42 229.486
-91 42 241.512
-90.5 42 253.578
-90 42 265.679
-89.5 42 277.758
-89 42 289.874
-88.5 42 302.023
-88 42 314.224
-87.5 42 326.46
-87 42 338.733
-86.5 42 350.984
-86 42 363.262
-85.5 42 375.552
-85 42 387.86
-84.5 42 400.162
-84 42 412.459
-83.5 42 424.74
-83 42 436.999
-82.5 42 449.214
-82 42 461.39
-81.5 42 473.522
-81 42 485.633
-119 42.5 509.774
-118.5 42.5 497.346
-118 42.5 484.859
-117.5 42.5 472.328
-117 42.5 459.758
-116.5 42.5 447.205
-116 42.5 434.621
-115.5 42.5 422.007
-115 42.5 409.351
-114.5 42.5 396.676
-114 42.5 383.958
-113.5 42.5 371.192
-113 42.5 358.41
-112.5 42.5 345.67
-112 42.5 332.958
-111.5 42.5 320.274
-111 42.5 307.49
-110.5 42.5 294.463
-110 42.5 281.356
-109.5 42.5 268.303
-109 42.5 255.325
-108.5 42.5 242.483
-108 42.5 229.821
-107.5 42.5 217.479
-107 42.5 205.34
-106.5 42.5 193.399
-106 42.5 181.627
-105.5 42.5 170.081
-105 42.5 158.718
-104.5 42.5 147.569
-104 42.5 136.788
-103.5 42.5 126.58
-103 42.5 117.062
-102.5 42.5 108.468
-102 42.5 101.024
-101.5 42.5 95.1129
-101 42.5 90.6446
-100.5 42.5 87.657
-100 42.5 86.2147
-99.5 42.5 86.4637
-99 42.5 88.5728
-98.5 42.5 92.7416
-98 42.5 98.6163
-97.5 42.5 105.89
-97 42.5 114.29
-96.5 42.5 123.579
-96 42.5 133.499
-95.5 42.5 143.849
-95 42.5 154.521
-94.5 42.5 165.462
-94 42.5 176.6
-93.5 42.5 187.904
-93 42.5 199.316
-92.5 42.5 210.812
-92 42.5 222.377
-91.5 42.5 234.027
-91 42.5 245.739
-90.5 42.5 257.522
-90 42.5 269.338
-89.5 42.5 281.186
-89 42.5 293.061
-88.5 42.5 304.992
-88 42.5 316.963
-87.5 42.5 328.99
-87 42.5 341.048
-86.5 42.5 353.133
-86 42.5 365.239
-85.5 42.5 377.378
-85 42.5 389.525
-84.5 42.5 401.688
-84 42.5 413.848
-83.5 42.5 426.017
-83 42.5 438.168
-82.5 42.5 450.294
-82 42.5 462.377
-81.5 42.5 474.426
-81 42.5 486.452
-119 43 510.829
-118.5 43 498.551
-118 43 486.223
-117.5 43 473.841
-117 43 461.433
-116.5 43 449.007
-116 43 436.558
-115.5 43 424.065
-115 43 411.543
-114.5 43 398.987
-114 43 386.417
-113.5 43 373.821
-113 43 361.242
-112.5 43 348.674
-112 43 336.148
-111.5 43 323.623
-111 43 311.067
-110.5 43 298.411
-110 43 285.754
-109.5 43 273.143
-109 43 260.627
-108.5 43 248.236
-108 43 236.035
-107.5 43 224.062
-107 43 212.317
-106.5 43 200.776
-106 43 189.484
-105.5 43 178.448
-105 43 167.72
-104.5 43 157.335
-104 43 147.426
-103.5 43 138.104
-103 43 129.5
-102.5 43 121.758
-102 43 115.065
-101.5 43 109.6
-101 43 105.435
-100.5 43 102.645
-100 43 101.321
-99.5 43 101.561
-99 43 103.473
-98.5 43 107.099
-98 43 112.253
-97.5 43 118.723
-97 43 126.299
-96.5 43 134.755
-96 43 143.88
-95.5 43 153.488
-95 43 163.485
-94.5 43 173.788
-94 43 184.352
-93.5 43 195.116
-93 43 206.049
-92.5 43 217.105
-92 43 228.282
-91.5 43 239.556
-91 43 250.928
-90.5 43 262.373
-90 43 273.891
-89.5 43 285.456
-89 43 297.083
-88.5 43 308.754
-88 43 320.484
-87.5 43 332.261
-87 43 344.101
-86.5 43 355.988
-86 43 367.928
-85.5 43 379.893
-85 43 391.881
-84.5 43 403.881
-84 43 415.905
-83.5 43 427.945
-83 43 439.99
-82.5 43 452.013
-82 43 464.003
-81.5 43 475.957
-81 43 487.887
-119 43.5 512.379
-118.5 43.5 500.281
-118 43.5 488.122
-117.5 43.5 475.914
-117 43.5 463.662
-116.5 43.5 451.392
-116 43.5 439.079
-115.5 43.5 426.727
-115 43.5 414.328
-114.5 43.5 401.905
-114 43.5 389.474
-113.5 43.5 377.071
-113 43.5 364.685
-112.5 43.5 352.323
-112 43.5 339.981
-111.5 43.5 327.665
-111 43.5 315.372
-110.5 43.5 303.128
-110 43.5 290.944
-109.5 43.5 278.843
-109 43.5 266.83
-108.5 43.5 254.962
-108 43.5 243.24
-107.5 43.5 231.718
-107 43.5 220.388
-106.5 43.5 209.313
-106 43.5 198.505
-105.5 43.5 188.035
-105 43.5 177.956
-104.5 43.5 168.371
-104 43.5 159.334
-103.5 43.5 150.937
-103 43.5 143.233
-102.5 43.5 136.367
-102 43.5 130.372
-101.5 43.5 125.372
-101 43.5 121.472
-100.5 43.5 118.858
-100 43.5 117.604
-99.5 43.5 117.81
-99 43.5 119.48
-98.5 43.5 122.596
-98 43.5 127.057
-97.5 43.5 132.757
-97 43.5 139.522
-96.5 43.5 147.174
-96 43.5 155.506
-95.5 43.5 164.365
-95 43.5 173.641
-94.5 43.5 183.283
-94 43.5 193.222
-93.5 43.5 203.421
-93 43.5 213.827
-92.5 43.5 224.419
-92 43.5 235.161
-91.5 43.5 246.041
-91 43.5 257.029
-90.5 43.5 268.124
-90 43.5 279.305
-89.5 43.5 290.581
-89 43.5 301.922
-88.5 43.5 313.328
-88 43.5 324.782
-87.5 43.5 336.299
-87 43.5 347.89
-86.5 43.5 359.578
-86 43.5 371.33
-85.5 43.5 383.12
-85 43.5 394.926
-84.5 43.5 406.754
-84 43.5 418.614
-83.5 43.5 430.523
-83 43.5 442.448
-82.5 43.5 454.363
-82 43.5 466.243
-81.5 43.5 478.09
-81 43.5 489.903
-119 44 514.418
-118.5 44 502.516
-118 44 490.551
-117.5 44 478.523
-117 44 466.45
-116.5 44 454.347
-116 44 442.198
-115.5 44 429.99
-115 44 417.729
-114.5 44 405.438
-114 44 393.168
-113.5 44 380.961
-113 44 368.797
-112.5 44 356.65
-112 44 344.517
-111.5 44 332.423
-111 44 320.433
-110.5 44 308.617
-110 44 296.937
-109.5 44 285.361
-109 44 273.907
-108.5 44 262.574
-108 44 251.384
-107.5 44 240.324
-107 44 229.469
-106.5 44 218.866
-106 44 208.575
-105.5 44 198.664
-105 44 189.252
-104.5 44 180.458
-104 44 172.297
-103.5 44 164.785
-103 44 158.008
-102.5 44 151.968
-102 44 146.664
-101.5 44 142.056
-101 44 138.407
-100.5 44 135.908
-100 44 134.716
-99.5 44 134.851
-99 44 136.284
-98.5 44 138.901
-98 44 142.721
-97.5 44 147.688
-97 44 153.699
-96.5 44 160.582
-96 44 168.16
-95.5 44 176.263
-95 44 184.824
-94.5 44 193.78
-94 44 203.086
-93.5 44 212.69
-93 44 222.56
-92.5 44 232.659
-92 44 242.955
-91.5 44 253.412
-91 44 264.007
-90.5 44 274.724
-90 44 285.564
-89.5 44 296.525
-89 44 307.579
-88.5 44 318.695
-88 44 329.86
-87.5 44 341.089
-87 44 352.423
-86.5 44 363.898
-86 44 375.458
-85.5 44 387.056
-85 44 398.665
-84.5 44 410.292
-84 44 421.973
-83.5 44 433.734
-83 44 445.53
-82.5 44 457.318
-82 44 469.076
-81.5 44 480.795
-81 44 492.473
-119 44.5 516.923
-118.5 44.5 505.244
-118 44.5 493.492
-117.5 44.5 481.669
-117 44.5 469.785
-116.5 44.5 457.882
-116 44.5 445.914
-115.5 44.5 433.877
-115 44.5 421.766
-114.5 44.5 409.626
-114 44.5 397.514
-113.5 44.5 385.544
-113 44.5 373.622
-112.5 44.5 361.72
-112 44.5 349.816
-111.5 44.5 337.965
-111 44.5 326.262
-110.5 44.5 314.906
-110 44.5 303.737
-109.5 44.5 292.702
-109 44.5 281.787
-108.5 44.5 271.018
-108 44.5 260.365
-107.5 44.5 249.802
-107 44.5 239.423
-106.5 44.5 229.331
-106 44.5 219.563
-105.5 44.5 210.22
-105 44.5 201.431
-104.5 44.5 193.422
-104 44.5 186.089
-103.5 44.5 179.434
-103 44.5 173.479
-102.5 44.5 168.245
-102 44.5 163.594
-101.5 44.5 159.31
-101 44.5 155.817
-100.5 44.5 153.418
-100 44.5 152.245
-99.5 44.5 152.33
-99 44.5 153.558
-98.5 44.5 155.701
-98 44.5 158.91
-97.5 44.5 163.216
-97 44.5 168.534
-96.5 44.5 174.726
-96 44.5 181.604
-95.5 44.5 188.985
-95 44.5 196.834
-94.5 44.5 205.122
-94 44.5 213.794
-93.5 44.5 222.812
-93 44.5 232.133
-92.5 44.5 241.743
-92 44.5 251.582
-91.5 44.5 261.617
-91 44.5 271.808
-90.5 44.5 282.146
-90 44.5 292.625
-89.5 44.5 303.281
-89 44.5 314.038
-88.5 44.5 324.862
-88 44.5 335.727
-87.5 44.5 346.655
-87 44.5 357.7
-86.5 44.5 368.967
-86 44.5 380.33
-85.5 44.5 391.722
-85 44.5 403.112
-84.5 44.5 414.514
-84 44.5 425.975
-83.5 44.5 437.578
-83 44.5 449.227
-82.5 44.5 460.868
-82 44.5 472.475
-81.5 44.5 484.04
-81 44.5 495.558
-119 45 519.87
-118.5 45 508.448
-118 45 496.946
-117.5 45 485.355
-117 45 473.683
-116.5 45 462.008
-116 45 450.253
-115.5 45 438.406
-115 45 426.483
-114.5 45 414.515
-114 45 402.578
-113.5 45 390.879
-113 45 379.239
-112.5 45 367.606
-112 45 355.979
-111.5 45 344.389
-111 45 332.956
-110.5 45 322.07
-110 45 311.385
-109.5 45 300.827
-109 45 290.419
-108.5 45 280.17
-108 45 270.077
-107.5 45 259.995
-107 45 250.142
-106.5 45 240.592
-106 45 231.398
-105.5 45 222.623
-105 45 214.412
-104.5 45 207.143
-104 45 200.542
-103.5 45 194.581
-103 45 189.317
-102.5 45 184.738
-102 45 180.724
-101.5 45 176.617
-101 45 173.259
-100.5 45 170.933
-100 45 169.776
-99.5 45 169.802
-99 45 170.906
-98.5 45 172.584
-98 45 175.273
-97.5 45 179.017
-97 45 183.744
-96.5 45 189.325
-96 45 195.596
-95.5 45 202.292
-95 45 209.483
-94.5 45 217.136
-94 45 225.209
-93.5 45 233.657
-93 45 242.449
-92.5 45 251.579
-92 45 260.976
-91.5 45 270.594
-91 45 280.396
-90.5 45 290.358
-90 45 300.478
-89.5 45 310.835
-89 45 321.304
-88.5 45 331.838
-88 45 342.415
-87.5 45 353.042
-87 45 363.774
-86.5 45 374.839
-86 45 385.989
-85.5 45 397.152
-85 45 408.304
-84.5 45 419.455
-84 45 430.653
-83.5 45 442.082
-83 45 453.548
-82.5 45 464.996
-82 45 476.411
-81.5 45 487.785
-81 45 499.113
-119 45.5 523.227
-118.5 45.5 512.094
-118 45.5 500.885
-117.5 45.5 489.584
-117 45.5 478.191
-116.5 45.5 466.738
-116 45.5 455.197
-115.5 45.5 443.571
-115 45.5 431.88
-114.5 45.5 420.172
-114 45.5 408.521
-113.5 45.5 397.045
-113 45.5 385.663
-112.5 45.5 374.331
-112 45.5 363.044
-111.5 45.5 351.844
-111 45.5 340.843
-110.5 45.5 330.241
-110 45.5 319.88
-109.5 45.5 309.703
-109 45.5 299.697
-108.5 45.5 289.889
-108 45.5 280.247
-107.5 45.5 270.743
-107 45.5 261.479
-106.5 45.5 252.547
-106 45.5 243.989
-105.5 45.5 235.885
-105 45.5 228.356
-104.5 45.5 221.603
-104 45.5 215.505
-103.5 45.5 210.039
-103 45.5 205.187
-102.5 45.5 200.946
-102 45.5 197.118
-101.5 45.5 193.457
-101 45.5 190.361
-100.5 45.5 188.166
-100 45.5 186.98
-99.5 45.5 186.851
-99 45.5 187.646
-98.5 45.5 189.146
-98 45.5 191.524
-97.5 45.5 194.861
-97 45.5 199.098
-96.5 45.5 204.136
-96 45.5 209.812
-95.5 45.5 215.965
-95 45.5 222.587
-94.5 45.5 229.677
-94 45.5 237.199
-93.5 45.5 245.126
-93 45.5 253.427
-92.5 45.5 262.087
-92 45.5 271.05
-91.5 45.5 280.271
-91 45.5 289.71
-90.5 45.5 299.343
-90 45.5 309.161
-89.5 45.5 319.185
-89 45.5 329.347
-88.5 45.5 339.598
-88 45.5 349.918
-87.5 45.5 360.314
-87 45.5 370.838
-86.5 45.5 381.586
-86 45.5 392.444
-85.5 45.5 403.335
-85 45.5 414.239
-84.5 45.5 425.162
-84 45.5 436.151
-83.5 45.5 447.286
-83 45.5 458.478
-82.5 45.5 469.667
-82 45.5 480.835
-81.5 45.5 491.969
-81 45.5 503.059
-119 46 526.932
-118.5 46 516.125
-118 46 505.241
-117.5 46 494.264
-117 46 483.172
-116.5 46 471.97
-116 46 460.663
-115.5 46 449.279
-115 46 437.849
-114.5 46 426.425
-114 46 415.077
-113.5 46 403.866
-113 46 392.768
-112.5 46 381.764
-112 46 370.848
-111.5 46 360.056
-111 46 349.466
-110.5 46 339.151
-110 46 329.074
-109.5 46 319.204
-109 46 309.559
-108.5 46 300.138
-108 46 290.952
-107.5 46 281.999
-107 46 273.348
-106.5 46 265.052
-106 46 257.152
-105.5 46 249.708
-105 46 242.8
-104.5 46 236.509
-104 46 230.806
-103.5 46 225.668
-103 46 221.116
-102.5 46 217.068
-102 46 213.411
-101.5 46 210.037
-101 46 207.203
-100.5 46 205.105
-100 46 203.902
-99.5 46 203.606
-99 46 204.169
-98.5 46 205.496
-98 46 207.661
-97.5 46 210.683
-97 46 214.533
-96.5 46 219.109
-96 46 224.285
-95.5 46 229.938
-95 46 236.057
-94.5 46 242.63
-94 46 249.647
-93.5 46 257.084
-93 46 264.923
-92.5 46 273.138
-92 46 281.689
-91.5 46 290.534
-91 46 299.631
-90.5 46 308.952
-90 46 318.475
-89.5 46 328.186
-89 46 338.044
-88.5 46 348.022
-88 46 358.095
-87.5 46 368.27
-87 46 378.565
-86.5 46 389.01
-86 46 399.55
-85.5 46 410.151
-85 46 420.786
-84.5 46 431.465
-84 46 442.205
-83.5 46 453.034
-83 46 463.909
-82.5 46 474.798
-82 46 485.681
-81.5 46 496.542
-81 46 507.367
-119 46.5 530.925
-118.5 46.5 520.462
-118 46.5 509.93
-117.5 46.5 499.303
-117 46.5 488.533
-116.5 46.5 477.604
-116 46.5 466.543
-115.5 46.5 455.414
-115 46.5 444.259
-114.5 46.5 433.135
-114 46.5 422.093
-113.5 46.5 411.18
-113 46.5 400.395
-112.5 46.5 389.741
-112 46.5 379.208
-111.5 46.5 368.831
-111 46.5 358.617
-110.5 46.5 348.607
-110 46.5 338.795
-109.5 46.5 329.223
-109 46.5 319.902
-108.5 46.5 310.86
-108 46.5 302.114
-107.5 46.5 293.697
-107 46.5 285.638
-106.5 46.5 277.97
-106 46.5 270.706
-105.5 46.5 263.893
-105 46.5 257.54
-104.5 46.5 251.676
-104 46.5 246.297
-103.5 46.5 241.44
-103 46.5 237.092
-102.5 46.5 233.218
-102 46.5 229.706
-101.5 46.5 226.544
-101 46.5 223.862
-100.5 46.5 221.845
-100 46.5 220.595
-99.5 46.5 220.169
-99 46.5 220.55
-98.5 46.5 221.725
-98 46.5 223.705
-97.5 46.5 226.483
-97 46.5 230.009
-96.5 46.5 234.213
-96 46.5 238.959
-95.5 46.5 244.164
-95 46.5 249.803
-94.5 46.5 255.899
-94 46.5 262.44
-93.5 46.5 269.419
-93 46.5 276.817
-92.5 46.5 284.615
-92 46.5 292.776
-91.5 46.5 301.263
-91 46.5 310.034
-90.5 46.5 319.057
-90 46.5 328.289
-89.5 46.5 337.696
-89 46.5 347.258
-88.5 46.5 356.964
-88 46.5 366.792
-87.5 46.5 376.739
-87 46.5 386.79
-86.5 46.5 396.934
-86 46.5 407.156
-85.5 46.5 417.45
-85 46.5 427.803
-84.5 46.5 438.213
-84 46.5 448.676
-83.5 46.5 459.186
-83 46.5 469.728
-82.5 46.5 480.294
-82 46.5 490.869
-81.5 46.5 501.437
-81 46.5 511.978
-119 47 535.133
-118.5 47 525.032
-118 47 514.88
-117.5 47 504.626
-117 47 494.201
-116.5 47 483.545
-116 47 472.743
-115.5 47 461.874
-115 47 451.003
-114.5 47 440.18
-114 47 429.455
-113.5 47 418.86
-113 47 408.413
-112.5 47 398.117
-112 47 387.991
-111.5 47 378.018
-111 47 368.189
-110.5 47 358.467
-110 47 348.932
-109.5 47 339.636
-109 47 330.63
-108.5 47 321.944
-108 47 313.628
-107.5 47 305.724
-107 47 298.239
-106.5 47 291.166
-106 47 284.528
-105.5 47 278.305
-105 47 272.472
-104.5 47 266.978
-104 47 261.895
-103.5 47 257.26
-103 47 253.108
-102.5 47 249.379
-102 47 246.011
-101.5 47 242.969
-101 47 240.395
-100.5 47 238.402
-100 47 237.107
-99.5 47 236.556
-99 47 236.792
-98.5 47 237.83
-98 47 239.655
-97.5 47 242.223
-97 47 245.502
-96.5 47 249.392
-96 47 253.782
-95.5 47 258.558
-95 47 263.755
-94.5 47 269.391
-94 47 275.485
-93.5 47 282.025
-93 47 289.007
-92.5 47 296.408
-92 47 304.201
-91.5 47 312.345
-91 47 320.809
-90.5 47 329.542
-90 47 338.489
-89.5 47 347.595
-89 47 356.864
-88.5 47 366.294
-88 47 375.88
-87.5 47 385.592
-87 47 395.391
-86.5 47 405.228
-86 47 415.128
-85.5 47 425.106
-85 47 435.167
-84.5 47 445.294
-84 47 455.462
-83.5 47 465.639
-83 47 475.838
-82.5 47 486.067
-82 47 496.322
-81.5 47 506.585
-81 47 516.829
-119 47.5 539.484
-118.5 47.5 529.753
-118 47.5 519.983
-117.5 47.5 510.123
-117 47.5 500.071
-116.5 47.5 489.688
-116 47.5 479.138
-115.5 47.5 468.541
-115 47.5 457.961
-114.5 47.5 447.452
-114 47.5 437.052
-113.5 47.5 426.789
-113 47.5 416.686
-112.5 47.5 406.767
-112 47.5 397.034
-111.5 47.5 387.484
-111 47.5 378.044
-110.5 47.5 368.613
-110 47.5 359.337
-109.5 47.5 350.33
-109 47.5 341.633
-108.5 47.5 333.302
-108 47.5 325.39
-107.5 47.5 317.988
-107 47.5 311.045
-106.5 47.5 304.546
-106 47.5 298.477
-105.5 47.5 292.819
-105 47.5 287.479
-104.5 47.5 282.314
-104 47.5 277.473
-103.5 47.5 273.055
-103 47.5 269.069
-102.5 47.5 265.502
-102 47.5 262.265
-101.5 47.5 259.32
-101 47.5 256.788
-100.5 47.5 254.81
-100 47.5 253.454
-99.5 47.5 252.8
-99 47.5 252.893
-98.5 47.5 253.821
-98 47.5 255.505
-97.5 47.5 257.902
-97 47.5 260.952
-96.5 47.5 264.589
-96 47.5 268.671
-95.5 47.5 273.048
-95 47.5 277.809
-94.5 47.5 283.018
-94 47.5 288.685
-93.5 47.5 294.816
-93 47.5 301.398
-92.5 47.5 308.425
-92 47.5 315.862
-91.5 47.5 323.677
-91 47.5 331.835
-90.5 47.5 340.288
-90 47.5 348.962
-89.5 47.5 357.759
-89 47.5 366.725
-88.5 47.5 375.878
-88 47.5 385.212
-87.5 47.5 394.69
-87 47.5 404.243
-86.5 47.5 413.759
-86 47.5 423.326
-85.5 47.5 432.984
-85 47.5 442.744
-84.5 47.5 452.583
-84 47.5 462.457
-83.5 47.5 472.288
-83 47.5 482.134
-82.5 47.5 492.02
-82 47.5 501.949
-81.5 47.5 511.901
-81 47.5 521.845
-119 48 543.895
-118.5 48 534.517
-118 48 525.11
-117.5 48 515.633
-117 48 505.986
-116.5 48 495.855
-116 48 485.581
-115.5 48 475.282
-115 48 465.019
-114.5 48 454.838
-114 48 444.776
-113.5 48 434.847
-113 48 425.092
-112.5 48 415.53
-112 48 406.182
-111.5 48 397.031
-111 48 388.014
-110.5 48 378.852
-110 48 369.875
-109.5 48 361.182
-109 48 352.832
-108.5 48 344.861
-108 48 337.34
-107.5 48 330.421
-107 48 323.98
-106.5 48 317.981
-106 48 312.421
-105.5 48 307.261
-105 48 302.404
-104.5 48 297.504
-104 48 292.905
-103.5 48 288.692
-103 48 284.893
-102.5 48 281.48
-102 48 278.409
-101.5 48 275.518
-101 48 273.041
-100.5 48 271.07
-100 48 269.687
-99.5 48 268.938
-99 48 268.899
-98.5 48 269.726
-98 48 271.274
-97.5 48 273.478
-97 48 276.309
-96.5 48 279.694
-96 48 283.521
-95.5 48 287.494
-95 48 291.861
-94.5 48 296.676
-94 48 301.959
-93.5 48 307.704
-93 48 313.911
-92.5 48 320.576
-92 48 327.666
-91.5 48 335.149
-91 48 342.996
-90.5 48 351.16
-90 48 359.568
-89.5 48 368.037
-89 48 376.695
-88.5 48 385.563
-88 48 394.631
-87.5 48 403.863
-87 48 413.182
-86.5 48 422.358
-86 48 431.593
-85.5 48 440.936
-85 48 450.391
-84.5 48 459.94
-84 48 469.531
-83.5 48 479.004
-83 48 488.498
-82.5 48 498.048
-82 48 507.65
-81.5 48 517.291
-81 48 526.937
-119 48.5 548.312
-118.5 48.5 539.251
-118 48.5 530.148
-117.5 48.5 520.958
-117 48.5 511.57
-116.5 48.5 501.845
-116 48.5 491.945
-115.5 48.5 482.006
-115 48.5 472.091
-114.5 48.5 462.255
-114 48.5 452.53
-113.5 48.5 442.948
-113 48.5 433.531
-112.5 48.5 424.312
-112 48.5 415.288
-111.5 48.5 406.454
-111 48.5 397.721
-110.5 48.5 388.986
-110 48.5 380.404
-109.5 48.5 372.109
-109 48.5 364.156
-108.5 48.5 356.61
-108 48.5 349.532
-107.5 48.5 343.013
-107 48.5 336.982
-106.5 48.5 331.402
-106 48.5 326.233
-105.5 48.5 321.428
-105 48.5 316.857
-104.5 48.5 312.36
-104 48.5 308.075
-103.5 48.5 304.116
-103 48.5 300.497
-102.5 48.5 297.227
-102 48.5 294.242
-101.5 48.5 291.504
-101 48.5 289.12
-100.5 48.5 287.211
-100 48.5 285.833
-99.5 48.5 285.061
-99 48.5 284.96
-98.5 48.5 285.625
-98 48.5 286.973
-97.5 48.5 288.953
-97 48.5 291.506
-96.5 48.5 294.578
-96 48.5 298.039
-95.5 48.5 301.751
-95 48.5 305.812
-94.5 48.5 310.303
-94 48.5 315.24
-93.5 48.5 320.638
-93 48.5 326.492
-92.5 48.5 332.804
-92 48.5 339.542
-91.5 48.5 346.683
-91 48.5 354.188
-90.5 48.5 362.014
-90 48.5 370.077
-89.5 48.5 378.278
-89 48.5 386.658
-88.5 48.5 395.241
-88 48.5 404.011
-87.5 48.5 412.931
-87 48.5 421.914
-86.5 48.5 430.845
-86 48.5 439.807
-85.5 48.5 448.858
-85 48.5 458.002
-84.5 48.5 467.223
-84 48.5 476.467
-83.5 48.5 485.653
-83 48.5 494.843
-82.5 48.5 504.075
-82 48.5 513.352
-81.5 48.5 522.663
-81 48.5 531.975
-119 49 552.721
-118.5 49 543.955
-118 49 535.141
-117.5 49 526.221
-117 49 517.116
-116.5 49 507.768
-116 49 498.268
-115.5 49 488.708
-115 49 479.16
-114.5 49 469.677
-114 49 460.299
-113.5 49 451.058
-113 49 441.98
-112.5 49 433.081
-112 49 424.378
-111.5 49 415.842
-111 49 407.426
-110.5 49 399.094
-110 49 390.946
-109.5 49 383.073
-109 49 375.548
-108.5 49 368.432
-108 49 361.787
-107.5 49 355.654
-107 49 350.001
-106.5 49 344.781
-106 49 339.96
-105.5 49 335.46
-105 49 331.179
-104.5 49 327.028
-104 49 323.075
-103.5 49 319.371
-103 49 315.957
-102.5 49 312.825
-102 49 309.96
-101.5 49 307.353
-101 49 305.09
-100.5 49 303.249
-100 49 301.902
-99.5 49 301.113
-99 49 300.951
-98.5 49 301.459
-98 49 302.602
-97.5 49 304.331
-97 49 306.606
-96.5 49 309.352
-96 49 312.48
-95.5 49 315.914
-95 49 319.705
-94.5 49 323.895
-94 49 328.516
-93.5 49 333.581
-93 49 339.098
-92.5 49 345.061
-92 49 351.452
-91.5 49 358.241
-91 49 365.4
-90.5 49 372.874
-90 49 380.598
-89.5 49 388.509
-89 49 396.61
-88.5 49 404.898
-88 49 413.364
-87.5 49 421.959
-87 49 430.619
-86.5 49 439.281
-86 49 447.981
-85.5 49 456.743
-85 49 465.581
-84.5 49 474.473
-84 49 483.383
-83.5 49 492.272
-83 49 501.167
-82.5 49 510.09
-82 49 519.048
-81.5 49 528.029
-81 49 537.014
