-119 25 -0.468715
-118.5 25 -0.681839
-118 25 -1.03694
-117.5 25 -1.54316
-117 25 -2.11943
-116.5 25 -2.64632
-116 25 -3.05821
-115.5 25 -3.38099
-115 25 -3.64633
-114.5 25 -3.86825
-114 25 -4.04309
-113.5 25 -4.15739
-113 25 -4.19407
-112.5 25 -4.15878
-112 25 -4.05659
-111.5 25 -3.8842
-111 25 -3.64323
-110.5 25 -3.36245
-110 25 -3.04571
-109.5 25 -2.70356
-109 25 -2.33687
-108.5 25 -1.96262
-108 25 -1.59681
-107.5 25 -1.27442
-107 25 -1.02212
-106.5 25 -0.857869
-106 25 -0.793216
-105.5 25 -0.843064
-105 25 -0.984704
-104.5 25 -1.15567
-104 25 -1.30744
-103.5 25 -1.43482
-103 25 -1.5438
-102.5 25 -1.64391
-102 25 -1.72788
-101.5 25 -1.78359
-101 25 -1.79436
-100.5 25 -1.75703
-100 25 -1.68137
-99.5 25 -1.57999
-99 25 -1.45612
-98.5 25 -1.31737
-98 25 -1.18055
-97.5 25 -1.04867
-97 25 -0.932594
-96.5 25 -0.842332
-96 25 -0.781299
-95.5 25 -0.726226
-95 25 -0.651325
-94.5 25 -0.557246
-94 25 -0.449956
-93.5 25 -0.33887
-93 25 -0.236536
-92.5 25 -0.124877
-92 25 0.00645211
-91.5 25 0.158634
-91 25 0.320749
-90.5 25 0.480142
-90 25 0.629982
-89.5 25 0.764213
-89 25 0.881088
-88.5 25 0.972029
-88 25 1.02497
-87.5 25 1.03529
-87 25 0.995235
-86.5 25 0.924806
-86 25 0.852663
-85.5 25 0.798939
-85 25 0.746953
-84.5 25 0.679014
-84 25 0.579942
-83.5 25 0.47803
-83 25 0.401245
-82.5 25 0.373471
-82 25 0.364861
-81.5 25 0.359099
-81 25 0.32946
-119 25.5 -0.253505
-118.5 25.5 -0.448851
-118 25.5 -0.814412
-117.5 25.5 -1.36521
-117 25.5 -2.03621
-116.5 25.5 -2.60368
-116 25.5 -3.00823
-115.5 25.5 -3.2892
-115 25.5 -3.52261
-114.5 25.5 -3.72982
-114 25.5 -3.90997
-113.5 25.5 -4.03195
-113 25.5 -4.08189
-112.5 25.5 -4.05976
-112 25.5 -3.97038
-111.5 25.5 -3.8144
-111 25.5 -3.5915
-110.5 25.5 -3.32322
-110 25.5 -3.02991
-109.5 25.5 -2.70743
-109 25.5 -2.35843
-108.5 25.5 -1.97801
-108 25.5 -1.59835
-107.5 25.5 -1.25997
-107 25.5 -0.997453
-106.5 25.5 -0.830875
-106 25.5 -0.772694
-105.5 25.5 -0.849944
-105 25.5 -1.0531
-104.5 25.5 -1.27942
-104 25.5 -1.45018
-103.5 25.5 -1.56793
-103 25.5 -1.66712
-102.5 25.5 -1.76208
-102 25.5 -1.85416
-101.5 25.5 -1.91001
-101 25.5 -1.90933
-100.5 25.5 -1.8536
-100 25.5 -1.75813
-99.5 25.5 -1.62801
-99 25.5 -1.4771
-98.5 25.5 -1.31511
-98 25.5 -1.15182
-97.5 25.5 -1.00181
-97 25.5 -0.870613
-96.5 25.5 -0.78278
-96 25.5 -0.741855
-95.5 25.5 -0.709142
-95 25.5 -0.645824
-94.5 25.5 -0.548172
-94 25.5 -0.436653
-93.5 25.5 -0.332408
-93 25.5 -0.242632
-92.5 25.5 -0.153292
-92 25.5 -0.0324865
-91.5 25.5 0.114414
-91 25.5 0.267906
-90.5 25.5 0.421327
-90 25.5 0.560336
-89.5 25.5 0.683378
-89 25.5 0.786729
-88.5 25.5 0.861725
-88 25.5 0.907799
-87.5 25.5 0.896581
-87 25.5 0.818593
-86.5 25.5 0.702049
-86 25.5 0.612792
-85.5 25.5 0.554878
-85 25.5 0.517296
-84.5 25.5 0.455382
-84 25.5 0.347841
-83.5 25.5 0.210768
-83 25.5 0.137306
-82.5 25.5 0.122498
-82 25.5 0.150761
-81.5 25.5 0.16045
-81 25.5 0.11842
-119 26 0.0757966
-118.5 26 -0.0681853
-118 26 -0.406074
-117.5 26 -1.01689
-117 26 -1.83632
-116.5 26 -2.45416
-116 26 -2.83206
-115.5 26 -3.07447
-115 26 -3.27153
-114.5 26 -3.47118
-114 26 -3.67699
-113.5 26 -3.82056
-113 26 -3.88582
-112.5 26 -3.89189
-112 26 -3.83727
-111.5 26 -3.70647
-111 26 -3.4979
-110.5 26 -3.25906
-110 26 -2.99514
-109.5 26 -2.70367
-109 26 -2.36757
-108.5 26 -1.988
-108 26 -1.58065
-107.5 26 -1.21743
-107 26 -0.935081
-106.5 26 -0.746197
-106 26 -0.684545
-105.5 26 -0.80183
-105 26 -1.0965
-104.5 26 -1.38669
-104 26 -1.57055
-103.5 26 -1.67668
-103 26 -1.75688
-102.5 26 -1.85003
-102 26 -1.95818
-101.5 26 -2.02677
-101 26 -2.01879
-100.5 26 -1.9503
-100 26 -1.83112
-99.5 26 -1.6772
-99 26 -1.502
-98.5 26 -1.31712
-98 26 -1.13444
-97.5 26 -0.95893
-97 26 -0.816448
-96.5 26 -0.73819
-96 26 -0.728856
-95.5 26 -0.733894
-95 26 -0.683531
-94.5 26 -0.581262
-94 26 -0.459103
-93.5 26 -0.354986
-93 26 -0.291
-92.5 26 -0.230974
-92 26 -0.122015
-91.5 26 0.0167873
-91 26 0.170818
-90.5 26 0.315675
-90 26 0.44021
-89.5 26 0.546424
-89 26 0.628454
-88.5 26 0.696891
-88 26 0.7267
-87.5 26 0.684171
-87 26 0.554556
-86.5 26 0.378712
-86 26 0.257567
-85.5 26 0.207411
-85 26 0.186999
-84.5 26 0.134431
-84 26 -0.00327306
-83.5 26 -0.18532
-83 26 -0.262062
-82.5 26 -0.239265
-82 26 -0.17615
-81.5 26 -0.152392
-81 26 -0.210143
-119 26.5 0.51292
-118.5 26.5 0.453998
-118 26.5 0.217582
-117.5 26.5 -0.361521
-117 26.5 -1.38977
-116.5 26.5 -2.09713
-116 26.5 -2.45231
-115.5 26.5 -2.66575
-115 26.5 -2.83928
-114.5 26.5 -3.04122
-114 26.5 -3.29914
-113.5 26.5 -3.49265
-113 26.5 -3.59682
-112.5 26.5 -3.6479
-112 26.5 -3.64852
-111.5 26.5 -3.57385
-111 26.5 -3.38565
-110.5 26.5 -3.17922
-110 26.5 -2.96404
-109.5 26.5 -2.7076
-109 26.5 -2.39924
-108.5 26.5 -2.01887
-108 26.5 -1.57292
-107.5 26.5 -1.16695
-107 26.5 -0.855998
-106.5 26.5 -0.637682
-106 26.5 -0.543734
-105.5 26.5 -0.662268
-105 26.5 -1.08107
-104.5 26.5 -1.47136
-104 26.5 -1.65407
-103.5 26.5 -1.73874
-103 26.5 -1.79643
-102.5 26.5 -1.88217
-102 26.5 -2.0242
-101.5 26.5 -2.12663
-101 26.5 -2.12103
-100.5 26.5 -2.03535
-100 26.5 -1.89853
-99.5 26.5 -1.72596
-99 26.5 -1.53146
-98.5 26.5 -1.32656
-98 26.5 -1.12283
-97.5 26.5 -0.93459
-97 26.5 -0.780807
-96.5 26.5 -0.703946
-96 26.5 -0.75184
-95.5 26.5 -0.820352
-95 26.5 -0.774319
-94.5 26.5 -0.657623
-94 26.5 -0.524238
-93.5 26.5 -0.419549
-93 26.5 -0.385413
-92.5 26.5 -0.369051
-92 26.5 -0.266046
-91.5 26.5 -0.118136
-91 26.5 0.0325159
-90.5 26.5 0.167779
-90 26.5 0.273148
-89.5 26.5 0.348491
-89 26.5 0.411984
-88.5 26.5 0.454687
-88 26.5 0.456019
-87.5 26.5 0.383369
-87 26.5 0.18429
-86.5 26.5 -0.0908906
-86 26.5 -0.229751
-85.5 26.5 -0.274238
-85 26.5 -0.282219
-84.5 26.5 -0.329127
-84 26.5 -0.50205
-83.5 26.5 -0.76364
-83 26.5 -0.816467
-82.5 26.5 -0.748487
-82 26.5 -0.649106
-81.5 26.5 -0.595908
-81 26.5 -0.688867
-119 27 0.945958
-118.5 27 1.0143
-118 27 0.969971
-117.5 27 0.650636
-117 27 -0.361886
-116.5 27 -1.38635
-116 27 -1.79491
-115.5 27 -2.03821
-115 27 -2.22465
-114.5 27 -2.41912
-114 27 -2.71682
-113.5 27 -3.0082
-113 27 -3.17883
-112.5 27 -3.30618
-112 27 -3.39878
-111.5 27 -3.43234
-111 27 -3.31053
-110.5 27 -3.1191
-110 27 -2.9543
-109.5 27 -2.73962
-109 27 -2.45714
-108.5 27 -2.10434
-108 27 -1.62642
-107.5 27 -1.15603
-107 27 -0.814999
-106.5 27 -0.557469
-106 27 -0.404516
-105.5 27 -0.446165
-105 27 -0.944638
-104.5 27 -1.48723
-104 27 -1.65362
-103.5 27 -1.72295
-103 27 -1.77277
-102.5 27 -1.84607
-102 27 -2.03343
-101.5 27 -2.19325
-101 27 -2.1854
-100.5 27 -2.0945
-100 27 -1.95197
-99.5 27 -1.77251
-99 27 -1.56365
-98.5 27 -1.34563
-98 27 -1.13468
-97.5 27 -0.939616
-97 27 -0.78305
-96.5 27 -0.711079
-96 27 -0.838622
-95.5 27 -0.965307
-95 27 -0.902929
-94.5 27 -0.77843
-94 27 -0.639462
-93.5 27 -0.52801
-93 27 -0.549669
-92.5 27 -0.561461
-92 27 -0.43097
-91.5 27 -0.27413
-91 27 -0.128076
-90.5 27 -0.0107851
-90 27 0.0580132
-89.5 27 0.100307
-89 27 0.126164
-88.5 27 0.126749
-88 27 0.0832759
-87.5 27 -0.0402675
-87 27 -0.380107
-86.5 27 -0.71372
-86 27 -0.841572
-85.5 27 -0.883268
-85 27 -0.907536
-84.5 27 -0.97039
-84 27 -1.27793
-83.5 27 -1.53618
-83 27 -1.49129
-82.5 27 -1.36015
-82 27 -1.24183
-81.5 27 -1.20448
-81 27 -1.45013
-119 27.5 1.24517
-118.5 27.5 1.38161
-118 27.5 1.4136
-117.5 27.5 1.22258
-117 27.5 0.611852
-116.5 27.5 -0.337205
-116 27.5 -0.942128
-115.5 27.5 -1.30737
-115 27.5 -1.56984
-114.5 27.5 -1.79557
-114 27.5 -2.06394
-113.5 27.5 -2.3836
-113 27.5 -2.64185
-112.5 27.5 -2.86213
-112 27.5 -3.04783
-111.5 27.5 -3.18446
-111 27.5 -3.21106
-110.5 27.5 -3.11404
-110 27.5 -2.98531
-109.5 27.5 -2.79677
-109 27.5 -2.52999
-108.5 27.5 -2.17068
-108 27.5 -1.72239
-107.5 27.5 -1.24781
-107 27.5 -0.870918
-106.5 27.5 -0.595318
-106 27.5 -0.437797
-105.5 27.5 -0.473496
-105 27.5 -0.812558
-104.5 27.5 -1.26583
-104 27.5 -1.50787
-103.5 27.5 -1.62853
-103 27.5 -1.71944
-102.5 27.5 -1.83156
-102 27.5 -2.00071
-101.5 27.5 -2.15149
-101 27.5 -2.18302
-100.5 27.5 -2.11926
-100 27.5 -1.99079
-99.5 27.5 -1.81094
-99 27.5 -1.59828
-98.5 27.5 -1.37308
-98 27.5 -1.16495
-97.5 27.5 -0.99247
-97 27.5 -0.870706
-96.5 27.5 -0.840345
-96 27.5 -0.943111
-95.5 27.5 -1.03093
-95 27.5 -1.00142
-94.5 27.5 -0.90843
-94 27.5 -0.8005
-93.5 27.5 -0.724734
-93 27.5 -0.719245
-92.5 27.5 -0.669416
-92 27.5 -0.546335
-91.5 27.5 -0.406446
-91 27.5 -0.284186
-90.5 27.5 -0.203165
-90 27.5 -0.169195
-89.5 27.5 -0.169667
-89 27.5 -0.196006
-88.5 27.5 -0.260341
-88 27.5 -0.378995
-87.5 27.5 -0.603037
-87 27.5 -0.965855
-86.5 27.5 -1.2603
-86 27.5 -1.42501
-85.5 27.5 -1.52877
-85 27.5 -1.62324
-84.5 27.5 -1.77098
-84 27.5 -2.03252
-83.5 27.5 -2.12114
-83 27.5 -2.03777
-82.5 27.5 -1.91924
-82 27.5 -1.85327
-81.5 27.5 -1.90997
-81 27.5 -2.16347
-119 28 1.35958
-118.5 28 1.50659
-118 28 1.55358
-117.5 28 1.41499
-117 28 0.980495
-116.5 28 0.310533
-116 28 -0.263219
-115.5 28 -0.687237
-115 28 -0.996785
-114.5 28 -1.24383
-114 28 -1.49286
-113.5 28 -1.78318
-113 28 -2.07994
-112.5 28 -2.37014
-112 28 -2.63924
-111.5 28 -2.87399
-111 28 -3.03446
-110.5 28 -3.07136
-110 28 -3.01028
-109.5 28 -2.8616
-109 28 -2.61725
-108.5 28 -2.25908
-108 28 -1.81364
-107.5 28 -1.36163
-107 28 -0.990791
-106.5 28 -0.715263
-106 28 -0.560446
-105.5 28 -0.584595
-105 28 -0.811048
-104.5 28 -1.12401
-104 28 -1.3564
-103.5 28 -1.51331
-103 28 -1.64295
-102.5 28 -1.78981
-102 28 -1.9608
-101.5 28 -2.10346
-101 28 -2.15656
-100.5 28 -2.12581
-100 28 -2.02098
-99.5 28 -1.84828
-99 28 -1.62864
-98.5 28 -1.40116
-98 28 -1.20431
-97.5 28 -1.05444
-97 28 -0.961726
-96.5 28 -0.952748
-96 28 -1.02583
-95.5 28 -1.08593
-95 28 -1.07827
-94.5 28 -1.02427
-94 28 -0.953086
-93.5 28 -0.886348
-93 28 -0.826248
-92.5 28 -0.734266
-92 28 -0.615225
-91.5 28 -0.502797
-91 28 -0.416194
-90.5 28 -0.37449
-90 28 -0.384943
-89.5 28 -0.430779
-89 28 -0.514347
-88.5 28 -0.632067
-88 28 -0.806859
-87.5 28 -1.07121
-87 28 -1.41566
-86.5 28 -1.71229
-86 28 -1.92633
-85.5 28 -2.08833
-85 28 -2.22401
-84.5 28 -2.37252
-84 28 -2.5022
-83.5 28 -2.49007
-83 28 -2.38337
-82.5 28 -2.28926
-82 28 -2.26018
-81.5 28 -2.34782
-81 28 -2.51348
-119 28.5 1.33255
-118.5 28.5 1.44863
-118 28.5 1.49604
-117.5 28.5 1.40421
-117 28.5 1.13001
-116.5 28.5 0.665188
-116 28.5 0.186798
-115.5 28.5 -0.228719
-115 28.5 -0.544004
-114.5 28.5 -0.779058
-114 28.5 -0.976487
-113.5 28.5 -1.22783
-113 28.5 -1.52809
-112.5 28.5 -1.86573
-112 28.5 -2.2127
-111.5 28.5 -2.55142
-111 28.5 -2.84544
-110.5 28.5 -3.01441
-110 28.5 -3.04431
-109.5 28.5 -2.94066
-109 28.5 -2.72292
-108.5 28.5 -2.37797
-108 28.5 -1.92678
-107.5 28.5 -1.48085
-107 28.5 -1.12642
-106.5 28.5 -0.873215
-106 28.5 -0.725167
-105.5 28.5 -0.716275
-105 28.5 -0.852639
-104.5 28.5 -1.05974
-104 28.5 -1.24922
-103.5 28.5 -1.41114
-103 28.5 -1.55968
-102.5 28.5 -1.72404
-102 28.5 -1.90454
-101.5 28.5 -2.05564
-101 28.5 -2.13418
-100.5 28.5 -2.12788
-100 28.5 -2.04951
-99.5 28.5 -1.88756
-99 28.5 -1.65547
-98.5 28.5 -1.41484
-98 28.5 -1.22853
-97.5 28.5 -1.10348
-97 28.5 -1.03653
-96.5 28.5 -1.0405
-96 28.5 -1.0927
-95.5 28.5 -1.13992
-95 28.5 -1.15282
-94.5 28.5 -1.13013
-94 28.5 -1.08448
-93.5 28.5 -1.01198
-93 28.5 -0.906958
-92.5 28.5 -0.77215
-92 28.5 -0.652995
-91.5 28.5 -0.566354
-91 28.5 -0.518176
-90.5 28.5 -0.523258
-90 28.5 -0.574504
-89.5 28.5 -0.671797
-89 28.5 -0.80081
-88.5 28.5 -0.960353
-88 28.5 -1.16854
-87.5 28.5 -1.44539
-87 28.5 -1.77101
-86.5 28.5 -2.07719
-86 28.5 -2.32839
-85.5 28.5 -2.52157
-85 28.5 -2.69201
-84.5 28.5 -2.80707
-84 28.5 -2.80871
-83.5 28.5 -2.67338
-83 28.5 -2.5318
-82.5 28.5 -2.45173
-82 28.5 -2.45653
-81.5 28.5 -2.53025
-81 28.5 -2.64666
-119 29 1.17702
-118.5 29 1.25676
-118 29 1.28601
-117.5 29 1.25137
-117 29 1.12834
-116.5 29 0.820994
-116 29 0.429682
-115.5 29 0.0430031
-115 29 -0.253526
-114.5 29 -0.440163
-114 29 -0.539222
-113.5 29 -0.727079
-113 29 -1.02373
-112.5 29 -1.3761
-112 29 -1.77322
-111.5 29 -2.21506
-111 29 -2.66952
-110.5 29 -2.96845
-110 29 -3.08099
-109.5 29 -3.04839
-109 29 -2.87421
-108.5 29 -2.54108
-108 29 -2.06397
-107.5 29 -1.61898
-107 29 -1.2837
-106.5 29 -1.05135
-106 29 -0.906491
-105.5 29 -0.866855
-105 29 -0.921314
-104.5 29 -1.03916
-104 29 -1.17866
-103.5 29 -1.32078
-103 29 -1.46404
-102.5 29 -1.63808
-102 29 -1.84076
-101.5 29 -2.01287
-101 29 -2.10778
-100.5 29 -2.13636
-100 29 -2.08624
-99.5 29 -1.93145
-99 29 -1.66987
-98.5 29 -1.40502
-98 29 -1.23069
-97.5 29 -1.12783
-97 29 -1.08842
-96.5 29 -1.1013
-96 29 -1.14952
-95.5 29 -1.1981
-95 29 -1.21902
-94.5 29 -1.2208
-94 29 -1.19519
-93.5 29 -1.115
-93 29 -0.962008
-92.5 29 -0.775765
-92 29 -0.655995
-91.5 29 -0.595811
-91 29 -0.591249
-90.5 29 -0.637548
-90 29 -0.739659
-89.5 29 -0.884274
-89 29 -1.04795
-88.5 29 -1.23332
-88 29 -1.45538
-87.5 29 -1.72728
-87 29 -2.04228
-86.5 29 -2.35195
-86 29 -2.61113
-85.5 29 -2.83168
-85 29 -3.00801
-84.5 29 -3.06815
-84 29 -2.94505
-83.5 29 -2.65928
-83 29 -2.47067
-82.5 29 -2.40036
-82 29 -2.42246
-81.5 29 -2.50521
-81 29 -2.59128
-119 29.5 0.91084
-118.5 29.5 0.943095
-118 29.5 0.927059
-117.5 29.5 0.911549
-117 29.5 0.949414
-116.5 29.5 0.767586
-116 29.5 0.439362
-115.5 29.5 0.0949338
-115 29.5 -0.186265
-114.5 29.5 -0.319157
-114 29.5 -0.261595
-113.5 29.5 -0.347267
-113 29.5 -0.602496
-112.5 29.5 -0.944731
-112 29.5 -1.34196
-111.5 29.5 -1.83612
-111 29.5 -2.4558
-110.5 29.5 -2.89651
-110 29.5 -3.10241
-109.5 29.5 -3.14877
-109 29.5 -3.05776
-108.5 29.5 -2.77805
-108 29.5 -2.25314
-107.5 29.5 -1.78783
-107 29.5 -1.48259
-106.5 29.5 -1.26969
-106 29.5 -1.1271
-105.5 29.5 -1.04565
-105 29.5 -1.02271
-104.5 29.5 -1.0582
-104 29.5 -1.13873
-103.5 29.5 -1.2431
-103 29.5 -1.36791
-102.5 29.5 -1.53307
-102 29.5 -1.75694
-101.5 29.5 -1.95838
-101 29.5 -2.07888
-100.5 29.5 -2.13342
-100 29.5 -2.11682
-99.5 29.5 -1.98069
-99 29.5 -1.67535
-98.5 29.5 -1.35943
-98 29.5 -1.2014
-97.5 29.5 -1.13827
-97 29.5 -1.12345
-96.5 29.5 -1.1467
-96 29.5 -1.19613
-95.5 29.5 -1.24029
-95 29.5 -1.26916
-94.5 29.5 -1.28223
-94 29.5 -1.26318
-93.5 29.5 -1.18048
-93 29.5 -0.971681
-92.5 29.5 -0.714928
-92 29.5 -0.610285
-91.5 29.5 -0.595941
-91 29.5 -0.635603
-90.5 29.5 -0.728974
-90 29.5 -0.880302
-89.5 29.5 -1.07084
-89 29.5 -1.26254
-88.5 29.5 -1.45997
-88 29.5 -1.67423
-87.5 29.5 -1.92587
-87 29.5 -2.21716
-86.5 29.5 -2.51738
-86 29.5 -2.75424
-85.5 29.5 -2.94634
-85 29.5 -3.08188
-84.5 29.5 -3.0868
-84 29.5 -2.82869
-83.5 29.5 -2.34023
-83 29.5 -2.12886
-82.5 29.5 -2.09941
-82 29.5 -2.16602
-81.5 29.5 -2.26346
-81 29.5 -2.34556
-119 30 0.579618
-118.5 30 0.544085
-118 30 0.448383
-117.5 30 0.344592
-117 30 0.422096
-116.5 30 0.454595
-116 30 0.216242
-115.5 30 -0.0734625
-115 30 -0.334693
-114.5 30 -0.490857
-114 30 -0.345827
-113.5 30 -0.197831
-113 30 -0.359764
-112.5 30 -0.622824
-112 30 -0.952693
-111.5 30 -1.38491
-111 30 -2.0741
-110.5 30 -2.71855
-110 30 -3.03047
-109.5 30 -3.18898
-109 30 -3.22822
-108.5 30 -3.1068
-108 30 -2.61076
-107.5 30 -2.04674
-107 30 -1.7622
-106.5 30 -1.55906
-106 30 -1.3969
-105.5 30 -1.27988
-105 30 -1.17369
-104.5 30 -1.11581
-104 30 -1.13208
-103.5 30 -1.18914
-103 30 -1.27459
-102.5 30 -1.41294
-102 30 -1.6458
-101.5 30 -1.87339
-101 30 -1.99915
-100.5 30 -2.07502
-100 30 -2.09842
-99.5 30 -2.02248
-99 30 -1.65346
-98.5 30 -1.27931
-98 30 -1.18197
-97.5 30 -1.15924
-97 30 -1.16647
-96.5 30 -1.19606
-96 30 -1.23201
-95.5 30 -1.25852
-95 30 -1.27531
-94.5 30 -1.27805
-94 30 -1.25626
-93.5 30 -1.17284
-93 30 -0.859121
-92.5 30 -0.567529
-92 30 -0.537356
-91.5 30 -0.586312
-91 30 -0.680421
-90.5 30 -0.820772
-90 30 -1.02611
-89.5 30 -1.24453
-89 30 -1.44124
-88.5 30 -1.63207
-88 30 -1.83066
-87.5 30 -2.05033
-87 30 -2.32184
-86.5 30 -2.5553
-86 30 -2.69484
-85.5 30 -2.79413
-85 30 -2.8297
-84.5 30 -2.72295
-84 30 -2.15539
-83.5 30 -1.61334
-83 30 -1.53361
-82.5 30 -1.60073
-82 30 -1.71442
-81.5 30 -1.83689
-81 30 -1.87386
-119 30.5 0.25304
-118.5 30.5 0.168602
-118 30.5 0.0344869
-117.5 30.5 -0.108334
-117 30.5 -0.163775
-116.5 30.5 -0.0838745
-116 30.5 -0.167404
-115.5 30.5 -0.336514
-115 30.5 -0.510419
-114.5 30.5 -0.608619
-114 30.5 -0.54045
-113.5 30.5 -0.324828
-113 30.5 -0.31836
-112.5 30.5 -0.472191
-112 30.5 -0.733703
-111.5 30.5 -1.12853
-111 30.5 -1.70096
-110.5 30.5 -2.37027
-110 30.5 -2.82182
-109.5 30.5 -3.10086
-109 30.5 -3.24352
-108.5 30.5 -3.22409
-108 30.5 -2.95655
-107.5 30.5 -2.49373
-107 30.5 -2.16182
-106.5 30.5 -1.9142
-106 30.5 -1.70697
-105.5 30.5 -1.52514
-105 30.5 -1.35824
-104.5 30.5 -1.22569
-104 30.5 -1.16911
-103.5 30.5 -1.16962
-103 30.5 -1.22194
-102.5 30.5 -1.33071
-102 30.5 -1.51269
-101.5 30.5 -1.70158
-101 30.5 -1.83437
-100.5 30.5 -1.91661
-100 30.5 -1.94437
-99.5 30.5 -1.8678
-99 30.5 -1.61608
-98.5 30.5 -1.36089
-98 30.5 -1.26146
-97.5 30.5 -1.24292
-97 30.5 -1.24337
-96.5 30.5 -1.25422
-96 30.5 -1.26461
-95.5 30.5 -1.25767
-95 30.5 -1.23448
-94.5 30.5 -1.19933
-94 30.5 -1.13112
-93.5 30.5 -0.990962
-93 30.5 -0.723344
-92.5 30.5 -0.552583
-92 30.5 -0.547619
-91.5 30.5 -0.63194
-91 30.5 -0.76021
-90.5 30.5 -0.93274
-90 30.5 -1.14846
-89.5 30.5 -1.36453
-89 30.5 -1.56138
-88.5 30.5 -1.74699
-88 30.5 -1.92768
-87.5 30.5 -2.11713
-87 30.5 -2.30257
-86.5 30.5 -2.40638
-86 30.5 -2.4339
-85.5 30.5 -2.38875
-85 30.5 -2.25554
-84.5 30.5 -1.93289
-84 30.5 -1.33056
-83.5 30.5 -1.01386
-83 30.5 -0.98454
-82.5 30.5 -1.0735
-82 30.5 -1.19303
-81.5 30.5 -1.28462
-81 30.5 -1.31562
-119 31 -0.0452899
-118.5 31 -0.141189
-118 31 -0.285098
-117.5 31 -0.423993
-117 31 -0.500118
-116.5 31 -0.482139
-116 31 -0.505161
-115.5 31 -0.581566
-115 31 -0.649844
-114.5 31 -0.653321
-114 31 -0.544008
-113.5 31 -0.367596
-113 31 -0.310443
-112.5 31 -0.392495
-112 31 -0.615285
-111.5 31 -0.996785
-111 31 -1.53324
-110.5 31 -2.12662
-110 31 -2.59887
-109.5 31 -2.93997
-109 31 -3.15261
-108.5 31 -3.21845
-108 31 -3.09438
-107.5 31 -2.8173
-107 31 -2.52997
-106.5 31 -2.26902
-106 31 -2.02016
-105.5 31 -1.77849
-105 31 -1.53877
-104.5 31 -1.34092
-104 31 -1.22032
-103.5 31 -1.17047
-103 31 -1.17677
-102.5 31 -1.24928
-102 31 -1.37559
-101.5 31 -1.51374
-101 31 -1.61927
-100.5 31 -1.69834
-100 31 -1.73309
-99.5 31 -1.6963
-99 31 -1.57564
-98.5 31 -1.44965
-98 31 -1.39045
-97.5 31 -1.36479
-97 31 -1.34892
-96.5 31 -1.32987
-96 31 -1.29543
-95.5 31 -1.2426
-95 31 -1.1791
-94.5 31 -1.10337
-94 31 -1.00364
-93.5 31 -0.857847
-93 31 -0.683764
-92.5 31 -0.596974
-92 31 -0.622949
-91.5 31 -0.711465
-91 31 -0.844525
-90.5 31 -1.01765
-90 31 -1.22623
-89.5 31 -1.43143
-89 31 -1.62073
-88.5 31 -1.79055
-88 31 -1.94066
-87.5 31 -2.06719
-87 31 -2.14262
-86.5 31 -2.13248
-86 31 -2.04265
-85.5 31 -1.89711
-85 31 -1.66772
-84.5 31 -1.2961
-84 31 -0.834091
-83.5 31 -0.581228
-83 31 -0.541052
-82.5 31 -0.5997
-82 31 -0.68833
-81.5 31 -0.764238
-81 31 -0.802632
-119 31.5 -0.305362
-118.5 31.5 -0.404093
-118 31.5 -0.540225
-117.5 31.5 -0.676172
-117 31.5 -0.764359
-116.5 31.5 -0.784428
-116 31.5 -0.786048
-115.5 31.5 -0.787983
-115 31.5 -0.771411
-114.5 31.5 -0.683663
-114 31.5 -0.519277
-113.5 31.5 -0.344702
-113 31.5 -0.269934
-112.5 31.5 -0.325498
-112 31.5 -0.525558
-111.5 31.5 -0.895203
-111 31.5 -1.41011
-110.5 31.5 -1.95221
-110 31.5 -2.40194
-109.5 31.5 -2.74776
-109 31.5 -3.00155
-108.5 31.5 -3.14796
-108 31.5 -3.1633
-107.5 31.5 -3.03375
-107 31.5 -2.83062
-106.5 31.5 -2.58325
-106 31.5 -2.31738
-105.5 31.5 -2.02216
-105 31.5 -1.71308
-104.5 31.5 -1.43995
-104 31.5 -1.2615
-103.5 31.5 -1.16652
-103 31.5 -1.13513
-102.5 31.5 -1.15874
-102 31.5 -1.23346
-101.5 31.5 -1.3181
-101 31.5 -1.39277
-100.5 31.5 -1.46136
-100 31.5 -1.50758
-99.5 31.5 -1.52654
-99 31.5 -1.53339
-98.5 31.5 -1.5366
-98 31.5 -1.5321
-97.5 31.5 -1.51225
-97 31.5 -1.47498
-96.5 31.5 -1.41683
-96 31.5 -1.3358
-95.5 31.5 -1.2384
-95 31.5 -1.12743
-94.5 31.5 -1.01752
-94 31.5 -0.8914
-93.5 31.5 -0.764843
-93 31.5 -0.674648
-92.5 31.5 -0.66491
-92 31.5 -0.710573
-91.5 31.5 -0.797736
-91 31.5 -0.917748
-90.5 31.5 -1.07595
-90 31.5 -1.26275
-89.5 31.5 -1.45519
-89 31.5 -1.62542
-88.5 31.5 -1.76722
-88 31.5 -1.87806
-87.5 31.5 -1.93482
-87 31.5 -1.90835
-86.5 31.5 -1.78348
-86 31.5 -1.60843
-85.5 31.5 -1.3944
-85 31.5 -1.11805
-84.5 31.5 -0.768714
-84 31.5 -0.414781
-83.5 31.5 -0.201445
-83 31.5 -0.137706
-82.5 31.5 -0.159001
-82 31.5 -0.218267
-81.5 31.5 -0.272562
-81 31.5 -0.307881
-119 32 -0.529694
-118.5 32 -0.623674
-118 32 -0.756225
-117.5 32 -0.891846
-117 32 -0.998921
-116.5 32 -1.03854
-116 32 -1.03019
-115.5 32 -0.98744
-115 32 -0.89935
-114.5 32 -0.738166
-114 32 -0.498782
-113.5 32 -0.303579
-113 32 -0.209808
-112.5 32 -0.231565
-112 32 -0.398703
-111.5 32 -0.758677
-111 32 -1.28197
-110.5 32 -1.78083
-110 32 -2.19523
-109.5 32 -2.52366
-109 32 -2.79633
-108.5 32 -3.01945
-108 32 -3.17854
-107.5 32 -3.18572
-107 32 -3.06077
-106.5 32 -2.85994
-106 32 -2.59524
-105.5 32 -2.26088
-105 32 -1.86289
-104.5 32 -1.52354
-104 32 -1.28868
-103.5 32 -1.15392
-103 32 -1.08516
-102.5 32 -1.07457
-102 32 -1.08866
-101.5 32 -1.12612
-101 32 -1.1689
-100.5 32 -1.20936
-100 32 -1.26575
-99.5 32 -1.35487
-99 32 -1.49828
-98.5 32 -1.63521
-98 32 -1.69032
-97.5 32 -1.67589
-97 32 -1.61827
-96.5 32 -1.51786
-96 32 -1.38684
-95.5 32 -1.23673
-95 32 -1.09084
-94.5 32 -0.937672
-94 32 -0.79762
-93.5 32 -0.697546
-93 32 -0.676372
-92.5 32 -0.734651
-92 32 -0.805006
-91.5 32 -0.877779
-91 32 -0.974175
-90.5 32 -1.10339
-90 32 -1.26523
-89.5 32 -1.43189
-89 32 -1.57539
-88.5 32 -1.6846
-88 32 -1.75056
-87.5 32 -1.74358
-87 32 -1.62108
-86.5 32 -1.38846
-86 32 -1.13964
-85.5 32 -0.882492
-85 32 -0.595108
-84.5 32 -0.287811
-84 32 -0.00402407
-83.5 32 0.172865
-83 32 0.249845
-82.5 32 0.253296
-82 32 0.224245
-81.5 32 0.186578
-81 32 0.171067
-119 32.5 -0.70139
-118.5 32.5 -0.79506
-118 32.5 -0.919303
-117.5 32.5 -1.0617
-117 32.5 -1.19167
-116.5 32.5 -1.24914
-116 32.5 -1.24054
-115.5 32.5 -1.17495
-115 32.5 -1.05115
-114.5 32.5 -0.836843
-114 32.5 -0.512541
-113.5 32.5 -0.266671
-113 32.5 -0.135252
-112.5 32.5 -0.111984
-112 32.5 -0.217335
-111.5 32.5 -0.52209
-111 32.5 -1.07038
-110.5 32.5 -1.5512
-110 32.5 -1.91711
-109.5 32.5 -2.22664
-109 32.5 -2.50093
-108.5 32.5 -2.78024
-108 32.5 -3.08821
-107.5 32.5 -3.23687
-107 32.5 -3.20809
-106.5 32.5 -3.06459
-106 32.5 -2.84356
-105.5 32.5 -2.50346
-105 32.5 -2.01212
-104.5 32.5 -1.58472
-104 32.5 -1.31361
-103.5 32.5 -1.14236
-103 32.5 -1.04812
-102.5 32.5 -0.992554
-102 32.5 -0.965112
-101.5 32.5 -0.949486
-101 32.5 -0.958418
-100.5 32.5 -0.978275
-100 32.5 -1.02355
-99.5 32.5 -1.16595
-99 32.5 -1.46714
-98.5 32.5 -1.76485
-98 32.5 -1.87454
-97.5 32.5 -1.86267
-97 32.5 -1.77378
-96.5 32.5 -1.6343
-96 32.5 -1.44737
-95.5 32.5 -1.2494
-95 32.5 -1.06627
-94.5 32.5 -0.899774
-94 32.5 -0.751528
-93.5 32.5 -0.665243
-93 32.5 -0.709654
-92.5 32.5 -0.854792
-92 32.5 -0.921792
-91.5 32.5 -0.964108
-91 32.5 -1.01997
-90.5 32.5 -1.10484
-90 32.5 -1.23087
-89.5 32.5 -1.37678
-89 32.5 -1.47547
-88.5 32.5 -1.53344
-88 32.5 -1.54871
-87.5 32.5 -1.47566
-87 32.5 -1.26928
-86.5 32.5 -0.922053
-86 32.5 -0.632157
-85.5 32.5 -0.367701
-85 32.5 -0.104877
-84.5 32.5 0.159643
-84 32.5 0.384258
-83.5 32.5 0.533472
-83 32.5 0.610687
-82.5 32.5 0.636703
-82 32.5 0.62993
-81.5 32.5 0.620863
-81 32.5 0.620549
-119 33 -0.830389
-118.5 33 -0.911507
-118 33 -1.02759
-117.5 33 -1.16335
-117 33 -1.3075
-116.5 33 -1.40207
-116 33 -1.40638
-115.5 33 -1.34659
-115 33 -1.22229
-114.5 33 -1.01864
-114 33 -0.660806
-113.5 33 -0.304251
-113 33 -0.102178
-112.5 33 0.00463696
-112 33 0.0111711
-111.5 33 -0.148957
-111 33 -0.630039
-110.5 33 -1.17869
-110 33 -1.53307
-109.5 33 -1.83147
-109 33 -2.10591
-108.5 33 -2.39423
-108 33 -2.80052
-107.5 33 -3.13279
-107 33 -3.20804
-106.5 33 -3.16289
-106 33 -3.02149
-105.5 33 -2.77365
-105 33 -2.23869
-104.5 33 -1.67267
-104 33 -1.35665
-103.5 33 -1.14723
-103 33 -1.01198
-102.5 33 -0.959098
-102 33 -0.890859
-101.5 33 -0.835473
-101 33 -0.808124
-100.5 33 -0.778076
-100 33 -0.803191
-99.5 33 -0.974839
-99 33 -1.46238
-98.5 33 -1.93536
-98 33 -2.07745
-97.5 33 -2.04192
-97 33 -1.91608
-96.5 33 -1.73531
-96 33 -1.49931
-95.5 33 -1.25989
-95 33 -1.08059
-94.5 33 -0.910621
-94 33 -0.772595
-93.5 33 -0.712166
-93 33 -0.865602
-92.5 33 -1.03382
-92 33 -1.04463
-91.5 33 -1.03438
-91 33 -1.04189
-90.5 33 -1.08611
-90 33 -1.18946
-89.5 33 -1.27851
-89 33 -1.30696
-88.5 33 -1.30151
-88 33 -1.23771
-87.5 33 -1.09042
-87 33 -0.740796
-86.5 33 -0.359804
-86 33 -0.109562
-85.5 33 0.113499
-85 33 0.340916
-84.5 33 0.556365
-84 33 0.731329
-83.5 33 0.854428
-83 33 0.933105
-82.5 33 0.977343
-82 33 1.00028
-81.5 33 1.01833
-81 33 1.05563
-119 33.5 -0.903831
-118.5 33.5 -0.98789
-118 33.5 -1.10096
-117.5 33.5 -1.24111
-117 33.5 -1.38172
-116.5 33.5 -1.49714
-116 33.5 -1.5235
-115.5 33.5 -1.47168
-115 33.5 -1.3427
-114.5 33.5 -1.13404
-114 33.5 -0.82894
-113.5 33.5 -0.434118
-113 33.5 -0.148029
-112.5 33.5 0.0380675
-112 33.5 0.125937
-111.5 33.5 0.076103
-111 33.5 -0.195438
-110.5 33.5 -0.682178
-110 33.5 -1.08184
-109.5 33.5 -1.41876
-109 33.5 -1.73223
-108.5 33.5 -2.06148
-108 33.5 -2.44962
-107.5 33.5 -2.8524
-107 33.5 -3.0587
-106.5 33.5 -3.10711
-106 33.5 -3.03787
-105.5 33.5 -2.8268
-105 33.5 -2.42514
-104.5 33.5 -1.87476
-104 33.5 -1.46167
-103.5 33.5 -1.15734
-103 33.5 -0.962242
-102.5 33.5 -0.870091
-102 33.5 -0.858471
-101.5 33.5 -0.822126
-101 33.5 -0.755917
-100.5 33.5 -0.674882
-100 33.5 -0.672402
-99.5 33.5 -0.905473
-99 33.5 -1.45628
-98.5 33.5 -2.00504
-98 33.5 -2.22437
-97.5 33.5 -2.18967
-97 33.5 -2.01419
-96.5 33.5 -1.78765
-96 33.5 -1.53409
-95.5 33.5 -1.31838
-95 33.5 -1.13743
-94.5 33.5 -0.989588
-94 33.5 -0.888479
-93.5 33.5 -0.882003
-93 33.5 -1.01363
-92.5 33.5 -1.09003
-92 33.5 -1.07714
-91.5 33.5 -1.03974
-91 33.5 -1.01793
-90.5 33.5 -1.03493
-90 33.5 -1.08448
-89.5 33.5 -1.10209
-89 33.5 -1.07273
-88.5 33.5 -0.990563
-88 33.5 -0.845214
-87.5 33.5 -0.598544
-87 33.5 -0.216704
-86.5 33.5 0.0848507
-86 33.5 0.306583
-85.5 33.5 0.508176
-85 33.5 0.701202
-84.5 33.5 0.873888
-84 33.5 1.01372
-83.5 33.5 1.11786
-83 33.5 1.19275
-82.5 33.5 1.24943
-82 33.5 1.29909
-81.5 33.5 1.34842
-81 33.5 1.39941
-119 34 -0.920189
-118.5 34 -1.00643
-118 34 -1.13542
-117.5 34 -1.29837
-117 34 -1.46678
-116.5 34 -1.58031
-116 34 -1.60488
-115.5 34 -1.54914
-115 34 -1.41168
-114.5 34 -1.17474
-114 34 -0.860897
-113.5 34 -0.503434
-113 34 -0.210556
-112.5 34 0.00671727
-112 34 0.134827
-111.5 34 0.14488
-111 34 -0.0165399
-110.5 34 -0.350276
-110 34 -0.719623
-109.5 34 -1.07008
-109 34 -1.4197
-108.5 34 -1.80183
-108 34 -2.21954
-107.5 34 -2.61306
-107 34 -2.86205
-106.5 34 -2.96945
-106 34 -2.93745
-105.5 34 -2.77293
-105 34 -2.43203
-104.5 34 -1.9705
-104 34 -1.51658
-103.5 34 -1.12895
-103 34 -0.84993
-102.5 34 -0.783024
-102 34 -0.842326
-101.5 34 -0.885141
-101 34 -0.785171
-100.5 34 -0.597245
-100 34 -0.516806
-99.5 34 -0.79668
-99 34 -1.45672
-98.5 34 -2.10139
-98 34 -2.38841
-97.5 34 -2.3245
-97 34 -2.08894
-96.5 34 -1.81115
-96 34 -1.56228
-95.5 34 -1.3627
-95 34 -1.20063
-94.5 34 -1.06405
-94 34 -0.97392
-93.5 34 -0.965508
-93 34 -1.02355
-92.5 34 -1.04783
-92 34 -1.01447
-91.5 34 -0.962367
-91 34 -0.921076
-90.5 34 -0.904771
-90 34 -0.904817
-89.5 34 -0.87533
-89 34 -0.801404
-88.5 34 -0.678187
-88 34 -0.494211
-87.5 34 -0.231393
-87 34 0.102525
-86.5 34 0.381981
-86 34 0.600984
-85.5 34 0.791741
-85 34 0.961635
-84.5 34 1.10977
-84 34 1.2211
-83.5 34 1.29611
-83 34 1.35604
-82.5 34 1.41576
-82 34 1.47728
-81.5 34 1.53694
-81 34 1.57959
-119 34.5 -0.871403
-118.5 34.5 -0.960272
-118 34.5 -1.10845
-117.5 34.5 -1.30749
-117 34.5 -1.51521
-116.5 34.5 -1.64035
-116 34.5 -1.66081
-115.5 34.5 -1.59267
-115 34.5 -1.43791
-114.5 34.5 -1.18565
-114 34.5 -0.85171
-113.5 34.5 -0.529924
-113 34.5 -0.262093
-112.5 34.5 -0.0606659
-112 34.5 0.0852378
-111.5 34.5 0.144497
-111 34.5 0.0771479
-110.5 34.5 -0.142076
-110 34.5 -0.440677
-109.5 34.5 -0.78582
-109 34.5 -1.15368
-108.5 34.5 -1.57139
-108 34.5 -2.02401
-107.5 34.5 -2.41627
-107 34.5 -2.67306
-106.5 34.5 -2.79081
-106 34.5 -2.78869
-105.5 34.5 -2.64933
-105 34.5 -2.38852
-104.5 34.5 -1.97281
-104 34.5 -1.49848
-103.5 34.5 -1.02684
-103 34.5 -0.693934
-102.5 34.5 -0.622614
-102 34.5 -0.873874
-101.5 34.5 -1.03454
-101 34.5 -0.885881
-100.5 34.5 -0.537852
-100 34.5 -0.300304
-99.5 34.5 -0.547247
-99 34.5 -1.40906
-98.5 34.5 -2.31583
-98 34.5 -2.6459
-97.5 34.5 -2.47806
-97 34.5 -2.11815
-96.5 34.5 -1.76357
-96 34.5 -1.51823
-95.5 34.5 -1.36694
-95 34.5 -1.22792
-94.5 34.5 -1.09462
-94 34.5 -1.00421
-93.5 34.5 -0.967027
-93 34.5 -0.969179
-92.5 34.5 -0.948053
-92 34.5 -0.894792
-91.5 34.5 -0.830238
-91 34.5 -0.768644
-90.5 34.5 -0.724257
-90 34.5 -0.685517
-89.5 34.5 -0.627912
-89 34.5 -0.536039
-88.5 34.5 -0.396049
-88 34.5 -0.210875
-87.5 34.5 0.034575
-87 34.5 0.32101
-86.5 34.5 0.580063
-86 34.5 0.79343
-85.5 34.5 0.970426
-85 34.5 1.12919
-84.5 34.5 1.25131
-84 34.5 1.32897
-83.5 34.5 1.36466
-83 34.5 1.40481
-82.5 34.5 1.4531
-82 34.5 1.52217
-81.5 34.5 1.58613
-81 34.5 1.61236
-119 35 -0.743388
-118.5 35 -0.825368
-118 35 -0.98482
-117.5 35 -1.22109
-117 35 -1.49874
-116.5 35 -1.63801
-116 35 -1.66246
-115.5 35 -1.60391
-115 35 -1.45657
-114.5 35 -1.1988
-114 35 -0.844705
-113.5 35 -0.556995
-113 35 -0.336946
-112.5 35 -0.159824
-112 35 -0.0150246
-111.5 35 0.0917794
-111 35 0.127255
-110.5 35 0.0017562
-110 35 -0.23594
-109.5 35 -0.540092
-109 35 -0.901559
-108.5 35 -1.33768
-108 35 -1.8319
-107.5 35 -2.22534
-107 35 -2.47498
-106.5 35 -2.58955
-106 35 -2.59514
-105.5 35 -2.50268
-105 35 -2.30373
-104.5 35 -1.93557
-104 35 -1.42381
-103.5 35 -0.833092
-103 35 -0.370633
-102.5 35 -0.383033
-102 35 -0.935513
-101.5 35 -1.2913
-101 35 -1.05563
-100.5 35 -0.438185
-100 35 0.0815898
-99.5 35 -0.169958
-99 35 -1.4075
-98.5 35 -2.69067
-98 35 -3.00257
-97.5 35 -2.67462
-97 35 -2.1131
-96.5 35 -1.6483
-96 35 -1.39736
-95.5 35 -1.31615
-95 35 -1.20507
-94.5 35 -1.08397
-94 35 -0.978319
-93.5 35 -0.914803
-93 35 -0.868899
-92.5 35 -0.810064
-92 35 -0.738568
-91.5 35 -0.657358
-91 35 -0.579696
-90.5 35 -0.513422
-90 35 -0.45311
-89.5 35 -0.389585
-89 35 -0.290434
-88.5 35 -0.156019
-88 35 0.0149531
-87.5 35 0.228631
-87 35 0.470591
-86.5 35 0.706188
-86 35 0.899576
-85.5 35 1.06082
-85 35 1.19126
-84.5 35 1.28393
-84 35 1.32324
-83.5 35 1.30993
-83 35 1.3091
-82.5 35 1.34565
-82 35 1.4122
-81.5 35 1.46636
-81 35 1.47916
-119 35.5 -0.51945
-118.5 35.5 -0.578978
-118 35.5 -0.70958
-117.5 35.5 -0.955179
-117 35.5 -1.32293
-116.5 35.5 -1.49648
-116 35.5 -1.55699
-115.5 35.5 -1.55355
-115 35.5 -1.47993
-114.5 35.5 -1.27843
-114 35.5 -0.898199
-113.5 35.5 -0.656102
-113 35.5 -0.485885
-112.5 35.5 -0.334735
-112 35.5 -0.195345
-111.5 35.5 -0.0529844
-111 35.5 0.102768
-110.5 35.5 0.0706868
-110 35.5 -0.0904853
-109.5 35.5 -0.334576
-109 35.5 -0.638821
-108.5 35.5 -1.05101
-108 35.5 -1.57991
-107.5 35.5 -1.98431
-107 35.5 -2.21941
-106.5 35.5 -2.33211
-106 35.5 -2.34047
-105.5 35.5 -2.27855
-105 35.5 -2.16084
-104.5 35.5 -1.83297
-104 35.5 -1.25776
-103.5 35.5 -0.527352
-103 35.5 0.121001
-102.5 35.5 0.195894
-102 35.5 -0.862259
-101.5 35.5 -1.59719
-101 35.5 -1.24341
-100.5 35.5 -0.3296
-100 35.5 0.479336
-99.5 35.5 0.392699
-99 35.5 -1.44851
-98.5 35.5 -3.41147
-98 35.5 -3.58686
-97.5 35.5 -2.895
-97 35.5 -2.05878
-96.5 35.5 -1.42757
-96 35.5 -1.20706
-95.5 35.5 -1.25047
-95 35.5 -1.16523
-94.5 35.5 -1.02079
-94 35.5 -0.900813
-93.5 35.5 -0.8104
-93 35.5 -0.736471
-92.5 35.5 -0.648754
-92 35.5 -0.561682
-91.5 35.5 -0.469957
-91 35.5 -0.384405
-90.5 35.5 -0.303362
-90 35.5 -0.24053
-89.5 35.5 -0.17977
-89 35.5 -0.0829204
-88.5 35.5 0.0478677
-88 35.5 0.199652
-87.5 35.5 0.377194
-87 35.5 0.567274
-86.5 35.5 0.781573
-86 35.5 0.936313
-85.5 35.5 1.04911
-85 35.5 1.12781
-84.5 35.5 1.17587
-84 35.5 1.16914
-83.5 35.5 1.07769
-83 35.5 1.03589
-82.5 35.5 1.04554
-82 35.5 1.08079
-81.5 35.5 1.1195
-81 35.5 1.10354
-119 36 -0.232412
-118.5 36 -0.234933
-118 36 -0.283946
-117.5 36 -0.42749
-117 36 -0.757196
-116.5 36 -1.09445
-116 36 -1.27871
-115.5 36 -1.40618
-115 36 -1.49106
-114.5 36 -1.48209
-114 36 -1.24131
-113.5 36 -0.926018
-113 36 -0.739528
-112.5 36 -0.587157
-112 36 -0.45118
-111.5 36 -0.325293
-111 36 -0.130187
-110.5 36 0.00683761
-110 36 -0.0399227
-109.5 36 -0.170569
-109 36 -0.366753
-108.5 36 -0.658132
-108 36 -1.14083
-107.5 36 -1.61409
-107 36 -1.87714
-106.5 36 -2.00677
-106 36 -2.0272
-105.5 36 -1.98185
-105 36 -1.92702
-104.5 36 -1.70411
-104 36 -1.11409
-103.5 36 -0.275666
-103 36 0.655809
-102.5 36 1.12063
-102 36 -0.28296
-101.5 36 -1.75858
-101 36 -1.35257
-100.5 36 -0.368537
-100 36 0.660306
-99.5 36 0.859199
-99 36 -1.84652
-98.5 36 -4.44634
-98 36 -3.99404
-97.5 36 -2.87001
-97 36 -1.79588
-96.5 36 -1.08346
-96 36 -1.04512
-95.5 36 -1.18593
-95 36 -1.04127
-94.5 36 -0.878208
-94 36 -0.750078
-93.5 36 -0.656887
-93 36 -0.561077
-92.5 36 -0.463733
-92 36 -0.373041
-91.5 36 -0.28561
-91 36 -0.198026
-90.5 36 -0.127318
-90 36 -0.0777146
-89.5 36 -0.0153956
-89 36 0.0930952
-88.5 36 0.218852
-88 36 0.358094
-87.5 36 0.509773
-87 36 0.687658
-86.5 36 0.835346
-86 36 0.900495
-85.5 36 0.931694
-85 36 0.928929
-84.5 36 0.891252
-84 36 0.770187
-83.5 36 0.646458
-83 36 0.590687
-82.5 36 0.563646
-82 36 0.533134
-81.5 36 0.478747
-81 36 0.302143
-119 36.5 0.0642673
-118.5 36.5 0.110009
-118 36.5 0.116704
-117.5 36.5 0.0579724
-117 36.5 -0.12503
-116.5 36.5 -0.533386
-116 36.5 -0.862022
-115.5 36.5 -1.13122
-115 36.5 -1.35543
-114.5 36.5 -1.51357
-114 36.5 -1.52573
-113.5 36.5 -1.24677
-113 36.5 -0.993499
-112.5 36.5 -0.794593
-112 36.5 -0.634182
-111.5 36.5 -0.499281
-111 36.5 -0.35481
-110.5 36.5 -0.143504
-110 36.5 -0.055783
-109.5 36.5 -0.0741825
-109 36.5 -0.172738
-108.5 36.5 -0.37162
-108 36.5 -0.697458
-107.5 36.5 -1.16212
-107 36.5 -1.49063
-106.5 36.5 -1.69836
-106 36.5 -1.78832
-105.5 36.5 -1.81811
-105 36.5 -1.78358
-104.5 36.5 -1.65074
-104 36.5 -1.19604
-103.5 36.5 -0.451699
-103 36.5 0.388701
-102.5 36.5 0.849744
-102 36.5 0.208288
-101.5 36.5 -0.970143
-98.5 36.5 -3.576
-98 36.5 -3.1451
-97.5 36.5 -2.07833
-97 36.5 -1.12131
-96.5 36.5 -0.582982
-96 36.5 -0.616294
-95.5 36.5 -0.688689
-95 36.5 -0.639291
-94.5 36.5 -0.55117
-94 36.5 -0.481491
-93.5 36.5 -0.417166
-93 36.5 -0.33956
-92.5 36.5 -0.256412
-92 36.5 -0.178056
-91.5 36.5 -0.0995761
-91 36.5 -0.0337154
-90.5 36.5 0.0185949
-90 36.5 0.0602069
-89.5 36.5 0.135121
-89 36.5 0.237757
-88.5 36.5 0.356033
-88 36.5 0.484073
-87.5 36.5 0.623513
-87 36.5 0.757795
-86.5 36.5 0.798113
-86 36.5 0.781781
-85.5 36.5 0.726823
-85 36.5 0.639603
-84.5 36.5 0.502609
-84 36.5 0.309733
-83.5 36.5 0.195384
-83 36.5 0.115402
-82.5 36.5 0.0266426
-82 36.5 -0.0938489
-81.5 36.5 -0.276521
-81 36.5 -0.535611
-119 37 0.33483
-118.5 37 0.400923
-118 37 0.426375
-117.5 37 0.384132
-117 37 0.221327
-116.5 37 -0.102571
-116 37 -0.445169
-115.5 37 -0.76645
-115 37 -1.05752
-114.5 37 -1.30334
-114 37 -1.40312
-113.5 37 -1.26475
-113 37 -1.04169
-112.5 37 -0.82859
-112 37 -0.645695
-111.5 37 -0.488097
-111 37 -0.327596
-110.5 37 -0.138919
-110 37 -0.0172569
-109.5 37 0.0222008
-109 37 -0.0323092
-108.5 37 -0.187946
-108 37 -0.469428
-107.5 37 -0.839619
-107 37 -1.18807
-106.5 37 -1.44813
-106 37 -1.64538
-105.5 37 -1.7905
-105 37 -1.8951
-104.5 37 -1.85279
-104 37 -1.58009
-103.5 37 -1.03348
-103 37 -0.382647
-97 37 0.138984
-96.5 37 0.458376
-96 37 0.345984
-95.5 37 0.137416
-95 37 -0.00322623
-94.5 37 -0.0836454
-94 37 -0.12413
-93.5 37 -0.136681
-93 37 -0.103643
-92.5 37 -0.047638
-92 37 0.0185812
-91.5 37 0.0754566
-91 37 0.123341
-90.5 37 0.161958
-90 37 0.200877
-89.5 37 0.260842
-89 37 0.344605
-88.5 37 0.439936
-88 37 0.539663
-87.5 37 0.635675
-87 37 0.695443
-86.5 37 0.675689
-86 37 0.598629
-85.5 37 0.486846
-85 37 0.348195
-84.5 37 0.173498
-84 37 -0.0203473
-83.5 37 -0.166007
-83 37 -0.291017
-82.5 37 -0.429206
-82 37 -0.595461
-81.5 37 -0.81173
-81 37 -1.02073
-119 37.5 0.574215
-118.5 37.5 0.64729
-118 37.5 0.682061
-117.5 37.5 0.650607
-117 37.5 0.511858
-116.5 37.5 0.267463
-116 37.5 -0.0312966
-115.5 37.5 -0.335498
-115 37.5 -0.658254
-114.5 37.5 -0.947166
-114 37.5 -1.12869
-113.5 37.5 -1.06937
-113 37.5 -0.893062
-112.5 37.5 -0.682098
-112 37.5 -0.492396
-111.5 37.5 -0.322008
-111 37.5 -0.160275
-110.5 37.5 0.000162472
-110 37.5 0.118325
-109.5 37.5 0.161517
-109 37.5 0.125469
-108.5 37.5 -0.0187282
-108 37.5 -0.268156
-107.5 37.5 -0.596752
-107 37.5 -0.922134
-106.5 37.5 -1.24248
-106 37.5 -1.52835
-105.5 37.5 -1.82965
-105 37.5 -2.07963
-104.5 37.5 -2.20964
-104 37.5 -2.11835
-103.5 37.5 -1.83097
-96.5 37.5 1.84411
-96 37.5 1.54912
-95.5 37.5 1.08381
-95 37.5 0.698119
-94.5 37.5 0.441163
-94 37.5 0.25374
-93.5 37.5 0.148897
-93 37.5 0.116827
-92.5 37.5 0.154944
-92 37.5 0.199045
-91.5 37.5 0.238271
-91 37.5 0.266536
-90.5 37.5 0.287753
-90 37.5 0.30953
-89.5 37.5 0.346719
-89 37.5 0.399288
-88.5 37.5 0.460174
-88 37.5 0.530411
-87.5 37.5 0.579352
-87 37.5 0.582351
-86.5 37.5 0.506449
-86 37.5 0.386056
-85.5 37.5 0.240431
-85 37.5 0.0755799
-84.5 37.5 -0.107123
-84 37.5 -0.295132
-83.5 37.5 -0.457342
-83 37.5 -0.609101
-82.5 37.5 -0.769593
-82 37.5 -0.961887
-81.5 37.5 -1.16559
-81 37.5 -1.33918
-119 38 0.78216
-118.5 38 0.864926
-118 38 0.913621
-117.5 38 0.901537
-117 38 0.808687
-116.5 38 0.633727
-116 38 0.40943
-115.5 38 0.147084
-115 38 -0.156704
-114.5 38 -0.476085
-114 38 -0.738312
-113.5 38 -0.714957
-113 38 -0.557252
-112.5 38 -0.364034
-112 38 -0.183878
-111.5 38 -0.0270411
-111 38 0.11708
-110.5 38 0.252078
-110 38 0.346259
-109.5 38 0.386854
-109 38 0.345352
-108.5 38 0.208835
-108 38 -0.0346212
-107.5 38 -0.320352
-107 38 -0.645479
-106.5 38 -0.980769
-106 38 -1.361
-105.5 38 -1.78403
-105 38 -2.25229
-104.5 38 -2.53722
-104 38 -2.66161
-96 38 2.73527
-95.5 38 1.9351
-95 38 1.32343
-94.5 38 0.882544
-94 38 0.584821
-93.5 38 0.391879
-93 38 0.31159
-92.5 38 0.335836
-92 38 0.366361
-91.5 38 0.379394
-91 38 0.380961
-90.5 38 0.376114
-90 38 0.375133
-89.5 38 0.378283
-89 38 0.394714
-88.5 38 0.422169
-88 38 0.455453
-87.5 38 0.467711
-87 38 0.432877
-86.5 38 0.30511
-86 38 0.152413
-85.5 38 -0.00931188
-85 38 -0.176421
-84.5 38 -0.352747
-84 38 -0.527341
-83.5 38 -0.685374
-83 38 -0.841167
-82.5 38 -1.00708
-82 38 -1.19015
-81.5 38 -1.3753
-81 38 -1.51775
-119 38.5 0.954985
-118.5 38.5 1.05117
-118 38.5 1.12294
-117.5 38.5 1.14911
-117 38.5 1.11356
-116.5 38.5 1.0211
-116 38.5 0.888202
-115.5 38.5 0.718991
-115 38.5 0.507358
-114.5 38.5 0.218798
-114 38.5 -0.126981
-113.5 38.5 -0.106995
-113 38.5 0.0195425
-112.5 38.5 0.157607
-112 38.5 0.289259
-111.5 38.5 0.400616
-111 38.5 0.507072
-110.5 38.5 0.603517
-110 38.5 0.672809
-109.5 38.5 0.695686
-109 38.5 0.659768
-108.5 38.5 0.526637
-108 38.5 0.298365
-107.5 38.5 0.0343459
-107 38.5 -0.258115
-106.5 38.5 -0.61365
-106 38.5 -1.01425
-105.5 38.5 -1.54155
-105 38.5 -2.17072
-104.5 38.5 -2.66271
-95.5 38.5 2.40004
-95 38.5 1.62754
-94.5 38.5 1.14908
-94 38.5 0.823011
-93.5 38.5 0.610606
-93 38.5 0.483648
-92.5 38.5 0.528366
-92 38.5 0.531953
-91.5 38.5 0.506184
-91 38.5 0.46629
-90.5 38.5 0.429102
-90 38.5 0.382556
-89.5 38.5 0.34648
-89 38.5 0.322934
-88.5 38.5 0.309685
-88 38.5 0.297046
-87.5 38.5 0.279084
-87 38.5 0.216957
-86.5 38.5 0.0461524
-86 38.5 -0.114458
-85.5 38.5 -0.264804
-85 38.5 -0.416206
-84.5 38.5 -0.567239
-84 38.5 -0.715577
-83.5 38.5 -0.851625
-83 38.5 -0.985082
-82.5 38.5 -1.11955
-82 38.5 -1.2696
-81.5 38.5 -1.41506
-81 38.5 -1.53541
-119 39 1.08642
-118.5 39 1.1996
-118 39 1.30213
-117.5 39 1.37923
-117 39 1.41646
-116.5 39 1.40635
-116 39 1.37966
-115.5 39 1.34323
-115 39 1.31441
-114.5 39 1.24905
-114 39 1.06213
-113.5 39 0.882326
-113 39 0.847681
-112.5 39 0.856311
-112 39 0.887273
-111.5 39 0.931776
-111 39 0.983543
-110.5 39 1.03057
-110 39 1.06639
-109.5 39 1.07908
-109 39 1.05139
-108.5 39 0.962078
-108 39 0.777889
-107.5 39 0.527491
-107 39 0.236233
-106.5 39 -0.0871568
-106 39 -0.470377
-105.5 39 -0.935358
-105 39 -1.58509
-95 39 1.52584
-94.5 39 1.19057
-94 39 0.982428
-93.5 39 0.845179
-93 39 0.804326
-92.5 39 0.778363
-92 39 0.70203
-91.5 39 0.610866
-91 39 0.519847
-90.5 39 0.425468
-90 39 0.334556
-89.5 39 0.260024
-89 39 0.195083
-88.5 39 0.132079
-88 39 0.0633989
-87.5 39 -0.0242805
-87 39 -0.157081
-86.5 39 -0.29441
-86 39 -0.408114
-85.5 39 -0.520091
-85 39 -0.634441
-84.5 39 -0.748966
-84 39 -0.858444
-83.5 39 -0.952498
-83 39 -1.03669
-82.5 39 -1.11856
-82 39 -1.19625
-81.5 39 -1.26411
-81 39 -1.28781
-119 39.5 1.15994
-118.5 39.5 1.28396
-118 39.5 1.41528
-117.5 39.5 1.54128
-117 39.5 1.6419
-116.5 39.5 1.70602
-116 39.5 1.7636
-115.5 39.5 1.84635
-115 39.5 1.96937
-114.5 39.5 2.11228
-114 39.5 2.18515
-113.5 39.5 1.89833
-113 39.5 1.67365
-112.5 39.5 1.53832
-112 39.5 1.46856
-111.5 39.5 1.44711
-111 39.5 1.44959
-110.5 39.5 1.4543
-110 39.5 1.46092
-109.5 39.5 1.46084
-109 39.5 1.44641
-108.5 39.5 1.39602
-108 39.5 1.28008
-107.5 39.5 1.04712
-107 39.5 0.775332
-106.5 39.5 0.470303
-106 39.5 0.146177
-105.5 39.5 -0.237118
-105 39.5 -0.724881
-95 39.5 1.24258
-94.5 39.5 1.11675
-94 39.5 1.05207
-93.5 39.5 1.04285
-93 39.5 1.06842
-92.5 39.5 0.949266
-92 39.5 0.807782
-91.5 39.5 0.667199
-91 39.5 0.529559
-90.5 39.5 0.396238
-90 39.5 0.272169
-89.5 39.5 0.164495
-89 39.5 0.0604473
-88.5 39.5 -0.0522112
-88 39.5 -0.177807
-87.5 39.5 -0.331117
-87 39.5 -0.501812
-86.5 39.5 -0.582736
-86 39.5 -0.651797
-85.5 39.5 -0.724761
-85 39.5 -0.802848
-84.5 39.5 -0.884584
-84 39.5 -0.94909
-83.5 39.5 -1.00044
-83 39.5 -1.03579
-82.5 39.5 -1.05398
-82 39.5 -1.05242
-81.5 39.5 -1.0274
-81 39.5 -0.978578
-119 40 1.16664
-118.5 40 1.29263
-118 40 1.43561
-117.5 40 1.59459
-117 40 1.73907
-116.5 40 1.8485
-116 40 1.9511
-115.5 40 2.10207
-115 40 2.29192
-114.5 40 2.51097
-114 40 2.61532
-113.5 40 2.44387
-113 40 2.19709
-112.5 40 2.00732
-112 40 1.88773
-111.5 40 1.83696
-111 40 1.81192
-110.5 40 1.79895
-110 40 1.78783
-109.5 40 1.78598
-109 40 1.77626
-108.5 40 1.75076
-108 40 1.65901
-107.5 40 1.47923
-107 40 1.23805
-106.5 40 0.978033
-106 40 0.687677
-105.5 40 0.381046
-105 40 -0.0236818
-95 40 0.916472
-94.5 40 0.935972
-94 40 0.980297
-93.5 40 1.02638
-93 40 1.04867
-92.5 40 0.953306
-92 40 0.816683
-91.5 40 0.665321
-91 40 0.515821
-90.5 40 0.360308
-90 40 0.219382
-89.5 40 0.0876957
-89 40 -0.0397058
-88.5 40 -0.180359
-88 40 -0.331291
-87.5 40 -0.497247
-87 40 -0.649788
-86.5 40 -0.73622
-86 40 -0.793409
-85.5 40 -0.849513
-85 40 -0.910152
-84.5 40 -0.964833
-84 40 -1.00096
-83.5 40 -1.01962
-83 40 -1.01538
-82.5 40 -0.985165
-82 40 -0.935361
-81.5 40 -0.869479
-81 40 -0.820403
-119 40.5 1.11214
-118.5 40.5 1.21953
-118 40.5 1.37165
-117.5 40.5 1.5423
-117 40.5 1.71339
-116.5 40.5 1.82649
-116 40.5 1.94866
-115.5 40.5 2.10496
-115 40.5 2.34706
-114.5 40.5 2.60146
-114 40.5 2.75002
-113.5 40.5 2.63298
-113 40.5 2.42748
-112.5 40.5 2.23373
-112 40.5 2.11652
-111.5 40.5 2.06222
-111 40.5 2.04469
-110.5 40.5 2.02681
-110 40.5 2.01886
-109.5 40.5 2.02222
-109 40.5 2.03303
-108.5 40.5 2.02534
-108 40.5 1.96438
-107.5 40.5 1.81329
-107 40.5 1.61209
-106.5 40.5 1.37919
-106 40.5 1.14296
-105.5 40.5 0.898176
-105 40.5 0.634516
-95 40.5 0.52504
-94.5 40.5 0.665992
-94 40.5 0.793716
-93.5 40.5 0.890762
-93 40.5 0.92733
-92.5 40.5 0.876865
-92 40.5 0.77011
-91.5 40.5 0.641394
-91 40.5 0.491613
-90.5 40.5 0.334586
-90 40.5 0.184556
-89.5 40.5 0.0488621
-89 40.5 -0.0860394
-88.5 40.5 -0.228445
-88 40.5 -0.39065
-87.5 40.5 -0.555905
-87 40.5 -0.701024
-86.5 40.5 -0.785742
-86 40.5 -0.846747
-85.5 40.5 -0.901477
-85 40.5 -0.953024
-84.5 40.5 -0.996977
-84 40.5 -1.02373
-83.5 40.5 -1.01962
-83 40.5 -0.987257
-82.5 40.5 -0.935352
-82 40.5 -0.854076
-81.5 40.5 -0.769657
-81 40.5 -0.718969
-119 41 0.99145
-118.5 41 1.07397
-118 41 1.20007
-117.5 41 1.37437
-117 41 1.55018
-116.5 41 1.63505
-116 41 1.72817
-115.5 41 1.89065
-115 41 2.14627
-114.5 41 2.442
-114 41 2.65224
-113.5 41 2.54621
-113 41 2.35671
-112.5 41 2.20082
-112 41 2.11887
-111.5 41 2.10605
-111 41 2.12877
-110.5 41 2.11983
-110 41 2.1248
-109.5 41 2.15295
-109 41 2.19219
-108.5 41 2.21555
-108 41 2.18037
-107.5 41 2.04714
-107 41 1.86183
-106.5 41 1.66664
-106 41 1.47027
-105.5 41 1.31
-105 41 1.17307
-95 41 0.118262
-94.5 41 0.356996
-94 41 0.558617
-93.5 41 0.702114
-93 41 0.780625
-92.5 41 0.776026
-92 41 0.716879
-91.5 41 0.618309
-91 41 0.489632
-90.5 41 0.341654
-90 41 0.190394
-89.5 41 0.064641
-89 41 -0.063094
-88.5 41 -0.200419
-88 41 -0.359314
-87.5 41 -0.525411
-87 41 -0.670036
-86.5 41 -0.754068
-86 41 -0.819988
-85.5 41 -0.878489
-85 41 -0.934146
-84.5 41 -0.98553
-84 41 -1.01314
-83.5 41 -1.00106
-83 41 -0.963611
-82.5 41 -0.902696
-82 41 -0.81636
-81.5 41 -0.724427
-81 41 -0.66439
-119 41.5 0.816228
-118.5 41.5 0.829367
-118 41.5 0.892587
-117.5 41.5 1.01825
-117 41.5 1.1985
-116.5 41.5 1.19374
-116 41.5 1.24941
-115.5 41.5 1.39544
-115 41.5 1.62661
-114.5 41.5 1.92196
-114 41.5 2.21728
-113.5 41.5 2.06215
-113 41.5 1.91763
-112.5 41.5 1.85163
-112 41.5 1.85666
-111.5 41.5 1.92184
-111 41.5 2.02821
-110.5 41.5 2.03595
-110 41.5 2.0801
-109.5 41.5 2.15301
-109 41.5 2.23376
-108.5 41.5 2.28713
-108 41.5 2.28638
-107.5 41.5 2.13972
-107 41.5 1.97126
-106.5 41.5 1.80084
-106 41.5 1.65939
-105.5 41.5 1.56017
-105 41.5 1.55779
-104.5 41.5 1.67491
-95.5 41.5 -0.635222
-95 41.5 -0.260095
-94.5 41.5 0.0563233
-94 41.5 0.310484
-93.5 41.5 0.506491
-93 41.5 0.627864
-92.5 41.5 0.680791
-92 41.5 0.672071
-91.5 41.5 0.621108
-91 41.5 0.530937
-90.5 41.5 0.408868
-90 41.5 0.254205
-89.5 41.5 0.153753
-89 41.5 0.0462013
-88.5 41.5 -0.0764665
-88 41.5 -0.221671
-87.5 41.5 -0.380659
-87 41.5 -0.543077
-86.5 41.5 -0.627382
-86 41.5 -0.694831
-85.5 41.5 -0.766472
-85 41.5 -0.84113
-84.5 41.5 -0.909452
-84 41.5 -0.963125
-83.5 41.5 -0.963913
-83 41.5 -0.943228
-82.5 41.5 -0.900645
-82 41.5 -0.848438
-81.5 41.5 -0.774952
-81 41.5 -0.708505
-119 42 0.603406
-118.5 42 0.518815
-118 42 0.454395
-117.5 42 0.429692
-117 42 0.41856
-116.5 42 0.451724
-116 42 0.534381
-115.5 42 0.67087
-115 42 0.816485
-114.5 42 0.962136
-114 42 1.02235
-113.5 42 1.05366
-113 42 1.13934
-112.5 42 1.26128
-112 42 1.38903
-111.5 42 1.52655
-111 42 1.64064
-110.5 42 1.75395
-110 42 1.89899
-109.5 42 2.04894
-109 42 2.16876
-108.5 42 2.23619
-108 42 2.19181
-107.5 42 2.0613
-107 42 1.91793
-106.5 42 1.78632
-106 42 1.68383
-105.5 42 1.67295
-105 42 1.80325
-104.5 42 2.01042
-95.5 42 -0.988813
-95 42 -0.54529
-94.5 42 -0.193387
-94 42 0.0998063
-93.5 42 0.32892
-93 42 0.496581
-92.5 42 0.599513
-92 42 0.652524
-91.5 42 0.654613
-91 42 0.623739
-90.5 42 0.55766
-90 42 0.447771
-89.5 42 0.335512
-89 42 0.244221
-88.5 42 0.137669
-88 42 0.0236453
-87.5 42 -0.106708
-87 42 -0.250766
-86.5 42 -0.37442
-86 42 -0.469939
-85.5 42 -0.56583
-85 42 -0.663709
-84.5 42 -0.757336
-84 42 -0.838116
-83.5 42 -0.884477
-83 42 -0.904605
-82.5 42 -0.920102
-82 42 -0.941233
-81.5 42 -0.9686
-81 42 -1.00152
-119 42.5 0.436066
-118.5 42.5 0.243405
-118 42.5 0.0572345
-117.5 42.5 -0.133473
-117 42.5 -0.317324
-116.5 42.5 -0.242765
-116 42.5 -0.115357
-115.5 42.5 -0.00771795
-115 42.5 0.0557864
-114.5 42.5 0.0252812
-114 42.5 -0.110498
-113.5 42.5 0.136944
-113 42.5 0.444781
-112.5 42.5 0.720714
-112 42.5 0.954934
-111.5 42.5 1.13577
-111 42.5 1.26145
-110.5 42.5 1.49043
-110 42.5 1.72704
-109.5 42.5 1.93106
-109 42.5 2.08141
-108.5 42.5 2.13249
-108 42.5 2.03596
-107.5 42.5 1.90587
-107 42.5 1.75686
-106.5 42.5 1.62767
-106 42.5 1.55708
-105.5 42.5 1.59419
-105 42.5 1.77589
-104.5 42.5 1.92921
-104 42.5 2.06643
-96 42.5 -1.79078
-95.5 42.5 -1.17689
-95 42.5 -0.702533
-94.5 42.5 -0.333492
-94 42.5 -0.0357955
-93.5 42.5 0.209144
-93 42.5 0.401621
-92.5 42.5 0.549904
-92 42.5 0.647132
-91.5 42.5 0.707042
-91 42.5 0.725451
-90.5 42.5 0.713468
-90 42.5 0.668981
-89.5 42.5 0.56969
-89 42.5 0.487217
-88.5 42.5 0.410034
-88 42.5 0.318063
-87.5 42.5 0.217144
-87 42.5 0.108503
-86.5 42.5 -0.0399022
-86 42.5 -0.169193
-85.5 42.5 -0.285267
-85 42.5 -0.411775
-84.5 42.5 -0.535648
-84 42.5 -0.640683
-83.5 42.5 -0.731652
-83 42.5 -0.796864
-82.5 42.5 -0.866644
-82 42.5 -0.961375
-81.5 42.5 -1.09116
-81 42.5 -1.23198
-119 43 0.375433
-118.5 43 0.10925
-118 43 -0.146005
-117.5 43 -0.390688
-117 43 -0.57151
-116.5 43 -0.560665
-116 43 -0.462067
-115.5 43 -0.378657
-115 43 -0.341017
-114.5 43 -0.378981
-114 43 -0.414389
-113.5 43 -0.192587
-113 43 0.14588
-112.5 43 0.469742
-112 43 0.748312
-111.5 43 0.970116
-111 43 1.16513
-110.5 43 1.41229
-110 43 1.66875
-109.5 43 1.89357
-109 43 2.04541
-108.5 43 2.0878
-108 43 1.95801
-107.5 43 1.74485
-107 43 1.50781
-106.5 43 1.32915
-106 43 1.22574
-105.5 43 1.25236
-105 43 1.38224
-104.5 43 1.52956
-104 43 1.62983
-103.5 43 1.70341
-103 43 1.73277
-97 43 -2.02032
-96.5 43 -1.88794
-96 43 -1.52332
-95.5 43 -1.06629
-95 43 -0.671152
-94.5 43 -0.352479
-94 43 -0.0793897
-93.5 43 0.15226
-93 43 0.353406
-92.5 43 0.519686
-92 43 0.655065
-91.5 43 0.750143
-91 43 0.811399
-90.5 43 0.825212
-90 43 0.811629
-89.5 43 0.764793
-89 43 0.729716
-88.5 43 0.688343
-88 43 0.626612
-87.5 43 0.529522
-87 43 0.422597
-86.5 43 0.295988
-86 43 0.183707
-85.5 43 0.0602923
-85 43 -0.0815636
-84.5 43 -0.250921
-84 43 -0.395868
-83.5 43 -0.507452
-83 43 -0.576874
-82.5 43 -0.668323
-82 43 -0.78875
-81.5 43 -0.953368
-81 43 -1.1008
-119 43.5 0.450981
-118.5 43.5 0.142595
-118 43.5 -0.156276
-117.5 43.5 -0.416602
-117 43.5 -0.581669
-116.5 43.5 -0.581317
-116 43.5 -0.50709
-115.5 43.5 -0.425482
-115 43.5 -0.394028
-114.5 43.5 -0.395622
-114 43.5 -0.347017
-113.5 43.5 -0.122231
-113 43.5 0.190911
-112.5 43.5 0.501519
-112 43.5 0.772428
-111.5 43.5 1.00676
-111 43.5 1.22898
-110.5 43.5 1.47197
-110 43.5 1.71965
-109.5 43.5 1.92735
-109 43.5 2.08367
-108.5 43.5 2.09577
-108 43.5 1.90082
-107.5 43.5 1.52286
-107 43.5 1.1642
-106.5 43.5 0.902259
-106 43.5 0.751503
-105.5 43.5 0.731086
-105 43.5 0.837659
-104.5 43.5 0.978065
-104 43.5 1.05788
-103.5 43.5 1.08809
-103 43.5 1.05709
-102.5 43.5 1.0888
-102 43.5 1.32444
-98 43.5 -0.391418
-97.5 43.5 -0.983328
-97 43.5 -1.33262
-96.5 43.5 -1.35586
-96 43.5 -1.1023
-95.5 43.5 -0.773133
-95 43.5 -0.49525
-94.5 43.5 -0.268823
-94 43.5 -0.0633124
-93.5 43.5 0.138315
-93 43.5 0.325432
-92.5 43.5 0.501453
-92 43.5 0.655093
-91.5 43.5 0.788055
-91 43.5 0.873246
-90.5 43.5 0.917788
-90 43.5 0.921342
-89.5 43.5 0.934858
-89 43.5 0.952481
-88.5 43.5 0.966505
-88 43.5 0.934107
-87.5 43.5 0.858868
-87 43.5 0.741849
-86.5 43.5 0.65579
-86 43.5 0.572729
-85.5 43.5 0.47748
-85 43.5 0.317861
-84.5 43.5 0.114947
-84 43.5 -0.0896476
-83.5 43.5 -0.190497
-83 43.5 -0.254648
-82.5 43.5 -0.321319
-82 43.5 -0.448801
-81.5 43.5 -0.613149
-81 43.5 -0.774833
-119 44 0.674237
-118.5 44 0.336907
-118 44 0.0192009
-117.5 44 -0.239666
-117 44 -0.385338
-116.5 44 -0.352149
-116 44 -0.268532
-115.5 44 -0.185175
-115 44 -0.145985
-114.5 44 -0.113965
-114 44 -0.0243502
-113.5 44 0.227715
-113 44 0.511748
-112.5 44 0.778168
-112 44 1.00757
-111.5 44 1.21214
-111 44 1.40812
-110.5 44 1.63117
-110 44 1.83649
-109.5 44 2.02462
-109 44 2.14959
-108.5 44 2.1069
-108 44 1.78769
-107.5 44 1.19439
-107 44 0.699226
-106.5 44 0.364384
-106 44 0.176938
-105.5 44 0.151659
-105 44 0.265317
-104.5 44 0.430935
-104 44 0.503018
-103.5 44 0.451662
-103 44 0.365359
-102.5 44 0.516684
-102 44 1.07285
-101.5 44 1.74109
-101 44 1.91899
-100.5 44 1.63457
-100 44 1.16681
-99.5 44 0.912541
-99 44 1.04933
-98.5 44 1.0375
-98 44 0.534633
-97.5 44 -0.150745
-97 44 -0.676279
-96.5 44 -0.841272
-96 44 -0.654463
-95.5 44 -0.425394
-95 44 -0.268781
-94.5 44 -0.149171
-94 44 -0.0217787
-93.5 44 0.126677
-93 44 0.293666
-92.5 44 0.467403
-92 44 0.64188
-91.5 44 0.801113
-91 44 0.930232
-90.5 44 0.991002
-90 44 1.01196
-89.5 44 1.07393
-89 44 1.16632
-88.5 44 1.24293
-88 44 1.26949
-87.5 44 1.20838
-87 44 1.09296
-86.5 44 1.04392
-86 44 1.02294
-85.5 44 0.967215
-85 44 0.831986
-84.5 44 0.592121
-84 44 0.317911
-83.5 44 0.223316
-83 44 0.199776
-82.5 44 0.160187
-82 44 0.0577192
-81.5 44 -0.110725
-81 44 -0.302338
-119 44.5 1.06426
-118.5 44.5 0.716005
-118 44.5 0.410857
-117.5 44.5 0.171633
-117 44.5 0.0572596
-116.5 44.5 0.161024
-116 44.5 0.273796
-115.5 44.5 0.361788
-115 44.5 0.421215
-114.5 44.5 0.471339
-114 44.5 0.582532
-113.5 44.5 0.866609
-113 44.5 1.1021
-112.5 44.5 1.28788
-112 44.5 1.43669
-111.5 44.5 1.56165
-111 44.5 1.69913
-110.5 44.5 1.85935
-110 44.5 1.99108
-109.5 44.5 2.09268
-109 44.5 2.12847
-108.5 44.5 1.99915
-108 44.5 1.52351
-107.5 44.5 0.630652
-107 44.5 0.0620798
-106.5 44.5 -0.248279
-106 44.5 -0.395587
-105.5 44.5 -0.387601
-105 44.5 -0.204597
-104.5 44.5 0.0474884
-104 44.5 0.109896
-103.5 44.5 2.31501e-05
-103 44.5 -0.129523
-102.5 44.5 0.0465627
-102 44.5 1.00734
-101.5 44.5 2.10007
-101 44.5 2.18083
-100.5 44.5 1.61306
-100 44.5 0.885217
-99.5 44.5 0.581107
-99 44.5 1.28986
-98.5 44.5 1.83395
-98 44.5 1.34988
-97.5 44.5 0.497754
-97 44.5 -0.231291
-96.5 44.5 -0.550187
-96 44.5 -0.347804
-95.5 44.5 -0.141243
-95 44.5 -0.101044
-94.5 44.5 -0.0830094
-94 44.5 -0.0314869
-93.5 44.5 0.0744568
-93 44.5 0.216685
-92.5 44.5 0.393451
-92 44.5 0.589463
-91.5 44.5 0.790321
-91 44.5 0.969445
-90.5 44.5 1.08337
-90 44.5 1.08997
-89.5 44.5 1.20354
-89 44.5 1.3727
-88.5 44.5 1.53702
-88 44.5 1.64948
-87.5 44.5 1.64904
-87 44.5 1.49871
-86.5 44.5 1.50519
-86 44.5 1.55956
-85.5 44.5 1.58297
-85 44.5 1.52036
-84.5 44.5 1.30278
-84 44.5 0.907292
-83.5 44.5 0.825138
-83 44.5 0.829945
-82.5 44.5 0.823192
-82 44.5 0.757814
-81.5 44.5 0.601189
-81 44.5 0.353118
-119 45 1.61907
-118.5 45 1.29359
-118 45 1.03124
-117.5 45 0.86816
-117 45 0.884625
-116.5 45 1.00323
-116 45 1.10492
-115.5 45 1.19884
-115 45 1.29074
-114.5 45 1.39459
-114 45 1.6036
-113.5 45 1.82051
-113 45 1.91936
-112.5 45 1.97525
-112 45 2.00763
-111.5 45 2.0366
-111 45 2.09097
-110.5 45 2.13653
-110 45 2.12168
-109.5 45 2.07484
-109 45 1.94628
-108.5 45 1.64061
-108 45 0.73585
-107.5 45 -0.243399
-107 45 -0.621261
-106.5 45 -0.781653
-106 45 -0.821759
-105.5 45 -0.728489
-105 45 -0.376887
-104.5 45 -0.0294322
-104 45 0.0239638
-103.5 45 -0.106515
-103 45 -0.26515
-102.5 45 -0.116212
-102 45 1.4298
-101.5 45 2.87501
-101 45 2.64721
-100.5 45 1.77718
-100 45 0.749279
-99.5 45 0.130257
-99 45 1.33428
-98.5 45 2.52011
-98 45 1.85854
-97.5 45 0.827896
-97 45 -0.0781979
-96.5 45 -0.608185
-96 45 -0.411486
-95.5 45 -0.0667398
-95 45 -0.104447
-94.5 45 -0.159496
-94 45 -0.152626
-93.5 45 -0.0730006
-93 45 0.0618197
-92.5 45 0.238693
-92 45 0.456918
-91.5 45 0.701975
-91 45 0.962162
-90.5 45 1.18423
-90 45 1.25576
-89.5 45 1.32526
-89 45 1.54754
-88.5 45 1.7907
-88 45 2.02383
-87.5 45 2.18422
-87 45 2.12576
-86.5 45 2.04605
-86 45 2.14025
-85.5 45 2.24687
-85 45 2.33212
-84.5 45 2.30514
-84 45 1.9923
-83.5 45 1.68302
-83 45 1.6198
-82.5 45 1.59845
-82 45 1.58589
-81.5 45 1.52886
-81 45 1.34177
-119 45.5 2.31942
-118.5 45.5 2.02449
-118 45.5 1.81474
-117.5 45.5 1.74635
-117 45.5 1.85877
-116.5 45.5 1.95614
-116 45.5 2.06969
-115.5 45.5 2.20172
-115 45.5 2.34339
-114.5 45.5 2.51917
-114 45.5 2.74543
-113.5 45.5 2.81118
-113 45.5 2.78559
-112.5 45.5 2.72246
-112 45.5 2.64118
-111.5 45.5 2.56453
-111 45.5 2.50719
-110.5 45.5 2.39684
-110 45.5 2.23166
-109.5 45.5 1.98709
-109 45.5 1.63284
-108.5 45.5 1.04196
-108 45.5 0.0729891
-107.5 45.5 -0.604952
-107 45.5 -0.896937
-106.5 45.5 -0.973223
-106 45.5 -0.929725
-105.5 45.5 -0.730528
-105 45.5 -0.333901
-104.5 45.5 0.00869948
-104 45.5 0.156134
-103.5 45.5 0.186088
-103 45.5 0.246348
-102.5 45.5 0.698534
-102 45.5 1.97735
-101.5 45.5 2.94448
-101 45.5 2.83458
-100.5 45.5 2.09924
-100 45.5 1.2296
-99.5 45.5 0.772267
-99 45.5 1.38345
-98.5 45.5 2.07664
-98 45.5 1.67867
-97.5 45.5 0.806364
-97 45.5 -0.0268223
-96.5 45.5 -0.557868
-96 45.5 -0.601972
-95.5 45.5 -0.381971
-95 45.5 -0.358031
-94.5 45.5 -0.402558
-94 45.5 -0.406456
-93.5 45.5 -0.339179
-93 45.5 -0.207674
-92.5 45.5 -0.0301825
-92 45.5 0.191785
-91.5 45.5 0.450882
-91 45.5 0.744429
-90.5 45.5 1.03445
-90 45.5 1.25112
-89.5 45.5 1.36859
-89 45.5 1.57602
-88.5 45.5 1.85122
-88 45.5 2.14284
-87.5 45.5 2.40586
-87 45.5 2.54806
-86.5 45.5 2.50234
-86 45.5 2.55918
-85.5 45.5 2.69676
-85 45.5 2.85297
-84.5 45.5 2.96452
-84 45.5 2.90096
-83.5 45.5 2.5272
-83 45.5 2.31996
-82.5 45.5 2.24506
-82 45.5 2.2365
-81.5 45.5 2.24846
-81 45.5 2.19563
-119 46 3.13008
-118.5 46 2.84216
-118 46 2.65422
-117.5 46 2.60644
-117 46 2.72414
-116.5 46 2.89133
-116 46 3.08016
-115.5 46 3.26161
-115 46 3.43014
-114.5 46 3.59973
-114 46 3.73432
-113.5 46 3.72944
-113 46 3.62017
-112.5 46 3.45778
-112 46 3.26976
-111.5 46 3.08132
-111 46 2.8926
-110.5 46 2.66295
-110 46 2.36138
-109.5 46 1.97521
-109 46 1.48485
-108.5 46 0.815233
-108 46 0.0259863
-107.5 46 -0.519319
-107 46 -0.778929
-106.5 46 -0.874199
-106 46 -0.824228
-105.5 46 -0.599556
-105 46 -0.209528
-104.5 46 0.177445
-104 46 0.453837
-103.5 46 0.62
-103 46 0.834261
-102.5 46 1.38367
-102 46 2.32158
-101.5 46 2.99442
-101 46 2.98915
-100.5 46 2.47756
-100 46 1.81493
-99.5 46 1.46001
-99 46 1.61886
-98.5 46 1.76667
-98 46 1.37373
-97.5 46 0.671417
-97 46 -0.0433614
-96.5 46 -0.519068
-96 46 -0.664808
-95.5 46 -0.636178
-95 46 -0.666373
-94.5 46 -0.724136
-94 46 -0.75186
-93.5 46 -0.703526
-93 46 -0.585176
-92.5 46 -0.425285
-92 46 -0.228544
-91.5 46 0.0157543
-91 46 0.301211
-90.5 46 0.611756
-90 46 0.889954
-89.5 46 1.10502
-89 46 1.33082
-88.5 46 1.60674
-88 46 1.91267
-87.5 46 2.21487
-87 46 2.43198
-86.5 46 2.51812
-86 46 2.60383
-85.5 46 2.74339
-85 46 2.91128
-84.5 46 3.04914
-84 46 3.04603
-83.5 46 2.82698
-83 46 2.62989
-82.5 46 2.5285
-82 46 2.50523
-81.5 46 2.5243
-81 46 2.48908
-119 46.5 4.03271
-118.5 46.5 3.74432
-118 46.5 3.53769
-117.5 46.5 3.48115
-117 46.5 3.61002
-116.5 46.5 3.87738
-116 46.5 4.14379
-115.5 46.5 4.36454
-115 46.5 4.5492
-114.5 46.5 4.68005
-114 46.5 4.72446
-113.5 46.5 4.63391
-113 46.5 4.43838
-112.5 46.5 4.18434
-112 46.5 3.88827
-111.5 46.5 3.58627
-111 46.5 3.28689
-110.5 46.5 2.96537
-110 46.5 2.55979
-109.5 46.5 2.07285
-109 46.5 1.47627
-108.5 46.5 0.807491
-108 46.5 0.184212
-107.5 46.5 -0.226302
-107 46.5 -0.475094
-106.5 46.5 -0.596811
-106 46.5 -0.588865
-105.5 46.5 -0.384155
-105 46.5 0.0206692
-104.5 46.5 0.482257
-104 46.5 0.844569
-103.5 46.5 1.10511
-103 46.5 1.39999
-102.5 46.5 1.91891
-102 46.5 2.64471
-101.5 46.5 3.1749
-101 46.5 3.23934
-100.5 46.5 2.89786
-100 46.5 2.39552
-99.5 46.5 2.01401
-99 46.5 1.84795
-98.5 46.5 1.63621
-98 46.5 1.16707
-97.5 46.5 0.530087
-97 46.5 -0.101818
-96.5 46.5 -0.552634
-96 46.5 -0.753129
-95.5 46.5 -0.844229
-95 46.5 -0.956639
-94.5 46.5 -1.08196
-94 46.5 -1.15919
-93.5 46.5 -1.15107
-93 46.5 -1.04735
-92.5 46.5 -0.918555
-92 46.5 -0.770951
-91.5 46.5 -0.583714
-91 46.5 -0.325751
-90.5 46.5 -0.0122666
-90 46.5 0.322067
-89.5 46.5 0.595867
-89 46.5 0.836931
-88.5 46.5 1.08376
-88 46.5 1.38221
-87.5 46.5 1.704
-87 46.5 1.99922
-86.5 46.5 2.17184
-86 46.5 2.29218
-85.5 46.5 2.41118
-85 46.5 2.57262
-84.5 46.5 2.72408
-84 46.5 2.79759
-83.5 46.5 2.69272
-83 46.5 2.54381
-82.5 46.5 2.43105
-82 46.5 2.39726
-81.5 46.5 2.4181
-81 46.5 2.41936
-119 47 5.04556
-118.5 47 4.73773
-118 47 4.51344
-117.5 47 4.44444
-117 47 4.592
-116.5 47 4.97275
-116 47 5.30709
-115.5 47 5.55407
-115 47 5.71756
-114.5 47 5.7901
-114 47 5.74507
-113.5 47 5.54231
-113 47 5.25472
-112.5 47 4.89914
-112 47 4.50145
-111.5 47 4.09843
-111 47 3.70893
-110.5 47 3.32145
-110 47 2.8352
-109.5 47 2.24249
-109 47 1.57146
-108.5 47 0.925605
-108 47 0.436295
-107.5 47 0.168073
-107 47 -0.0467399
-106.5 47 -0.218839
-106 47 -0.275495
-105.5 47 -0.0956029
-105 47 0.351539
-104.5 47 0.905687
-104 47 1.3271
-103.5 47 1.61788
-103 47 1.9216
-102.5 47 2.39392
-102 47 3.01362
-101.5 47 3.49005
-101 47 3.58809
-100.5 47 3.3502
-100 47 2.92702
-99.5 47 2.49757
-99 47 2.08349
-98.5 47 1.6081
-98 47 1.03498
-97.5 47 0.396007
-97 47 -0.211957
-96.5 47 -0.645326
-96 47 -0.868806
-95.5 47 -1.03248
-95 47 -1.24126
-94.5 47 -1.45752
-94 47 -1.61834
-93.5 47 -1.66133
-93 47 -1.58058
-92.5 47 -1.48958
-92 47 -1.41753
-91.5 47 -1.31577
-91 47 -1.1276
-90.5 47 -0.813877
-90 47 -0.412393
-89.5 47 -0.109345
-89 47 0.11275
-88.5 47 0.314002
-88 47 0.57189
-87.5 47 0.916111
-87 47 1.30339
-86.5 47 1.53466
-86 47 1.65455
-85.5 47 1.74361
-85 47 1.87774
-84.5 47 2.05971
-84 47 2.238
-83.5 47 2.2198
-83 47 2.09576
-82.5 47 1.96769
-82 47 1.91859
-81.5 47 1.94875
-81 47 2.01702
-119 47.5 6.17728
-118.5 47.5 5.89102
-118 47.5 5.68615
-117.5 47.5 5.61646
-117 47.5 5.7801
-116.5 47.5 6.31025
-116 47.5 6.65796
-115.5 47.5 6.84714
-115 47.5 6.93241
-114.5 47.5 6.91822
-114 47.5 6.76377
-113.5 47.5 6.4353
-113 47.5 6.05137
-112.5 47.5 5.61505
-112 47.5 5.13607
-111.5 47.5 4.63933
-111 47.5 4.18653
-110.5 47.5 3.77465
-110 47.5 3.20995
-109.5 47.5 2.52312
-109 47.5 1.79307
-108.5 47.5 1.14181
-108 47.5 0.789946
-107.5 47.5 0.712674
-107 47.5 0.497792
-106.5 47.5 0.250627
-106 47.5 0.113347
-105.5 47.5 0.238076
-105 47.5 0.767453
-104.5 47.5 1.46839
-104 47.5 1.88628
-103.5 47.5 2.15196
-103 47.5 2.41248
-102.5 47.5 2.80849
-102 47.5 3.39861
-101.5 47.5 3.89874
-101 47.5 4.00669
-100.5 47.5 3.80739
-100 47.5 3.41926
-99.5 47.5 2.92976
-99 47.5 2.32243
-98.5 47.5 1.64444
-98 47.5 0.977662
-97.5 47.5 0.302474
-97 47.5 -0.321248
-96.5 47.5 -0.781475
-96 47.5 -0.99472
-95.5 47.5 -1.19776
-95 47.5 -1.5106
-94.5 47.5 -1.84951
-94 47.5 -2.12276
-93.5 47.5 -2.25071
-93 47.5 -2.17705
-92.5 47.5 -2.12899
-92 47.5 -2.15946
-91.5 47.5 -2.17104
-91 47.5 -2.09161
-90.5 47.5 -1.83668
-90 47.5 -1.34441
-89.5 47.5 -1.00798
-89 47.5 -0.843543
-88.5 47.5 -0.71405
-88 47.5 -0.532136
-87.5 47.5 -0.208127
-87 47.5 0.305266
-86.5 47.5 0.591707
-86 47.5 0.686193
-85.5 47.5 0.728159
-85 47.5 0.804723
-84.5 47.5 0.991634
-84 47.5 1.32046
-83.5 47.5 1.37611
-83 47.5 1.25943
-82.5 47.5 1.11682
-82 47.5 1.02835
-81.5 47.5 1.05722
-81 47.5 1.22194
-119 48 7.44438
-118.5 48 7.2273
-118 48 7.11222
-117.5 48 7.16134
-117 48 7.57704
-116.5 48 8.01941
-116 48 8.16609
-115.5 48 8.19453
-115 48 8.14507
-114.5 48 7.99487
-114 48 7.6806
-113.5 48 7.264
-113 48 6.83231
-112.5 48 6.3492
-112 48 5.80895
-111.5 48 5.26
-111 48 4.82787
-110.5 48 4.36156
-110 48 3.68286
-109.5 48 2.9135
-109 48 2.14248
-108.5 48 1.50759
-108 48 1.4057
-107.5 48 1.42979
-107 48 1.10618
-106.5 48 0.761545
-106 48 0.552728
-105.5 48 0.622363
-105 48 1.33759
-104.5 48 2.13359
-104 48 2.45011
-103.5 48 2.64175
-103 48 2.84384
-102.5 48 3.16445
-102 48 3.80248
-101.5 48 4.34076
-101 48 4.39278
-100.5 48 4.19345
-100 48 3.82718
-99.5 48 3.32667
-99 48 2.5738
-98.5 48 1.7458
-98 48 1.02975
-97.5 48 0.319621
-97 48 -0.362885
-96.5 48 -0.915515
-96 48 -1.14117
-95.5 48 -1.33358
-95 48 -1.75716
-94.5 48 -2.21533
-94 48 -2.62862
-93.5 48 -2.90644
-93 48 -2.88827
-92.5 48 -2.82808
-92 48 -2.962
-91.5 48 -3.10012
-91 48 -3.17004
-90.5 48 -3.08187
-90 48 -2.6083
-89.5 48 -2.13293
-89 48 -2.00492
-88.5 48 -1.9466
-88 48 -1.87467
-87.5 48 -1.69076
-87 48 -1.17742
-86.5 48 -0.699062
-86 48 -0.591449
-85.5 48 -0.579385
-85 48 -0.585411
-84.5 48 -0.517942
-84 48 -0.178806
-83.5 48 0.108758
-83 48 0.0495435
-82.5 48 -0.0850752
-82 48 -0.224372
-81.5 48 -0.292479
-81 48 -0.151775
-119 48.5 8.75997
-118.5 48.5 8.63977
-118 48.5 8.65469
-117.5 48.5 8.89701
-117 48.5 9.38683
-116.5 48.5 9.55146
-116 48.5 9.53859
-115.5 48.5 9.43295
-115 48.5 9.25518
-114.5 48.5 8.97175
-114 48.5 8.55627
-113.5 48.5 8.11031
-113 48.5 7.63142
-112.5 48.5 7.09616
-112 48.5 6.52061
-111.5 48.5 5.95291
-111 48.5 5.45407
-110.5 48.5 4.83767
-110 48.5 4.09638
-109.5 48.5 3.3136
-109 48.5 2.58733
-108.5 48.5 2.07254
-108 48.5 1.94825
-107.5 48.5 1.79237
-107 48.5 1.4748
-106.5 48.5 1.16745
-106 48.5 1.01773
-105.5 48.5 1.1822
-105 48.5 1.79808
-104.5 48.5 2.40558
-104 48.5 2.75307
-103.5 48.5 2.98308
-103 48.5 3.22707
-102.5 48.5 3.58244
-102 48.5 4.11307
-101.5 48.5 4.52503
-101 48.5 4.60675
-100.5 48.5 4.43529
-100 48.5 4.08687
-99.5 48.5 3.56419
-99 48.5 2.84147
-98.5 48.5 2.02533
-98 48.5 1.25645
-97.5 48.5 0.513647
-97 48.5 -0.195135
-96.5 48.5 -0.789883
-96 48.5 -1.18286
-95.5 48.5 -1.5082
-95 48.5 -1.97101
-94.5 48.5 -2.49034
-94 48.5 -2.97324
-93.5 48.5 -3.3423
-93 48.5 -3.52129
-92.5 48.5 -3.5867
-92 48.5 -3.75304
-91.5 48.5 -3.94953
-91 48.5 -4.09162
-90.5 48.5 -4.09956
-90 48.5 -3.86369
-89.5 48.5 -3.45569
-89 48.5 -3.26449
-88.5 48.5 -3.19642
-88 48.5 -3.14588
-87.5 48.5 -3.02672
-87 48.5 -2.72029
-86.5 48.5 -2.24936
-86 48.5 -2.02683
-85.5 48.5 -1.96937
-85 48.5 -1.96761
-84.5 48.5 -1.94435
-84 48.5 -1.78632
-83.5 48.5 -1.45236
-83 48.5 -1.35535
-82.5 48.5 -1.41924
-82 48.5 -1.53777
-81.5 48.5 -1.64996
-81 48.5 -1.66207
-119 49 10.0305
-118.5 49 9.95326
-118 49 10.0161
-117.5 49 10.2622
-117 49 10.5984
-116.5 49 10.7235
-116 49 10.6674
-115.5 49 10.5168
-115 49 10.2749
-114.5 49 9.92906
-114 49 9.4713
-113.5 49 8.96642
-113 49 8.41025
-112.5 49 7.80269
-112 49 7.14883
-111.5 49 6.50498
-111 49 5.8653
-110.5 49 5.14878
-110 49 4.35874
-109.5 49 3.56548
-109 49 2.8531
-108.5 49 2.3545
-108 49 2.09298
-107.5 49 1.85749
-107 49 1.57639
-106.5 49 1.34401
-106 49 1.26439
-105.5 49 1.46677
-105 49 1.9504
-104.5 49 2.4558
-104 49 2.83291
-103.5 49 3.14077
-103 49 3.44954
-102.5 49 3.83506
-102 49 4.28102
-101.5 49 4.61626
-101 49 4.70959
-100.5 49 4.5912
-100 49 4.2818
-99.5 49 3.78642
-99 49 3.11543
-98.5 49 2.35783
-98 49 1.59953
-97.5 49 0.835757
-97 49 0.108667
-96.5 49 -0.519021
-96 49 -1.03075
-95.5 49 -1.50854
-95 49 -2.0368
-94.5 49 -2.60648
-94 49 -3.15263
-93.5 49 -3.60047
-93 49 -3.90992
-92.5 49 -4.14205
-92 49 -4.38538
-91.5 49 -4.63613
-91 49 -4.82634
-90.5 49 -4.88814
-90 49 -4.77154
-89.5 49 -4.54113
-89 49 -4.38468
-88.5 49 -4.31612
-88 49 -4.25857
-87.5 49 -4.14198
-87 49 -3.89893
-86.5 49 -3.56407
-86 49 -3.34052
-85.5 49 -3.2469
-85 49 -3.21208
-84.5 49 -3.16045
-84 49 -3.0204
-83.5 49 -2.79102
-83 49 -2.67017
-82.5 49 -2.6811
-82 49 -2.75701
-81.5 49 -2.83851
-81 49 -2.85553
