-118.5 25.5 3.55144
-118 25.5 3.55507
-117.5 25.5 3.5513
-117 25.5 3.55355
-116.5 25.5 3.55196
-116 25.5 3.54914
-115.5 25.5 3.54791
-115 25.5 3.54832
-114.5 25.5 3.5496
-114 25.5 3.54763
-113.5 25.5 3.55041
-113 25.5 3.55183
-112.5 25.5 3.55079
-112 25.5 3.55178
-111.5 25.5 3.55021
-111 25.5 3.55041
-110.5 25.5 3.5505
-110 25.5 3.5492
-109.5 25.5 3.5495
-109 25.5 3.54995
-108.5 25.5 3.55003
-108 25.5 3.54791
-107.5 25.5 3.54587
-107 25.5 3.54762
-106.5 25.5 3.54895
-106 25.5 3.5462
-105.5 25.5 3.54516
-105 25.5 3.54891
-104.5 25.5 3.55207
-104 25.5 3.54647
-103.5 25.5 3.54181
-103 25.5 3.54465
-102.5 25.5 3.54374
-102 25.5 3.54387
-101.5 25.5 3.54868
-101 25.5 3.54948
-100.5 25.5 3.54387
-100 25.5 3.54728
-99.5 25.5 3.54629
-99 25.5 3.53661
-98.5 25.5 3.50154
-98 25.5 3.60306
-97.5 25.5 3.54774
-97 25.5 3.53656
-96.5 25.5 3.55794
-96 25.5 3.53568
-95.5 25.5 3.55323
-95 25.5 3.55951
-94.5 25.5 3.54525
-94 25.5 3.543
-93.5 25.5 3.55764
-93 25.5 3.5551
-92.5 25.5 3.55379
-92 25.5 3.5574
-91.5 25.5 3.55434
-91 25.5 3.55321
-90.5 25.5 3.54609
-90 25.5 3.54061
-89.5 25.5 3.54392
-89 25.5 3.53917
-88.5 25.5 3.54564
-88 25.5 3.55724
-87.5 25.5 3.55478
-87 25.5 3.55114
-86.5 25.5 3.54307
-86 25.5 3.5366
-85.5 25.5 3.54362
-85 25.5 3.54884
-84.5 25.5 3.54884
-84 25.5 3.54814
-83.5 25.5 3.55374
-83 25.5 3.54596
-82.5 25.5 3.55414
-82 25.5 3.54945
-81.5 25.5 3.5762
-118.5 26 3.55631
-118 26 3.55836
-117.5 26 3.55579
-117 26 3.55848
-116.5 26 3.55675
-116 26 3.5527
-115.5 26 3.55268
-115 26 3.55322
-114.5 26 3.55273
-114 26 3.55335
-113.5 26 3.55548
-113 26 3.55481
-112.5 26 3.5532
-112 26 3.55451
-111.5 26 3.55254
-111 26 3.55164
-110.5 26 3.55202
-110 26 3.55061
-109.5 26 3.54963
-109 26 3.55052
-108.5 26 3.55054
-108 26 3.54989
-107.5 26 3.54777
-107 26 3.54743
-106.5 26 3.54758
-106 26 3.54587
-105.5 26 3.54283
-105 26 3.54565
-104.5 26 3.55043
-104 26 3.54798
-103.5 26 3.54398
-103 26 3.54303
-102.5 26 3.54397
-102 26 3.5445
-101.5 26 3.54385
-101 26 3.54974
-100.5 26 3.54157
-100 26 3.54979
-99.5 26 3.56483
-99 26 3.56389
-98.5 26 3.46242
-98 26 3.44571
-97.5 26 3.50002
-97 26 3.57561
-96.5 26 3.55716
-96 26 3.55019
-95.5 26 3.57357
-95 26 3.55719
-94.5 26 3.54139
-94 26 3.55669
-93.5 26 3.55101
-93 26 3.54719
-92.5 26 3.55107
-92 26 3.5552
-91.5 26 3.55839
-91 26 3.55598
-90.5 26 3.55232
-90 26 3.54589
-89.5 26 3.56398
-89 26 3.55255
-88.5 26 3.55261
-88 26 3.56023
-87.5 26 3.5579
-87 26 3.55378
-86.5 26 3.54848
-86 26 3.5459
-85.5 26 3.55323
-85 26 3.555
-84.5 26 3.55528
-84 26 3.55463
-83.5 26 3.55722
-83 26 3.5525
-82.5 26 3.56324
-82 26 3.56628
-81.5 26 3.58059
-118.5 26.5 3.55491
-118 26.5 3.55685
-117.5 26.5 3.55641
-117 26.5 3.55911
-116.5 26.5 3.55643
-116 26.5 3.5556
-115.5 26.5 3.55586
-115 26.5 3.55368
-114.5 26.5 3.55119
-114 26.5 3.55234
-113.5 26.5 3.5544
-113 26.5 3.55352
-112.5 26.5 3.55381
-112 26.5 3.55371
-111.5 26.5 3.55295
-111 26.5 3.55281
-110.5 26.5 3.55318
-110 26.5 3.55177
-109.5 26.5 3.55161
-109 26.5 3.55041
-108.5 26.5 3.55006
-108 26.5 3.55157
-107.5 26.5 3.55063
-107 26.5 3.54632
-106.5 26.5 3.54356
-106 26.5 3.54638
-105.5 26.5 3.54491
-105 26.5 3.5443
-104.5 26.5 3.54963
-104 26.5 3.5507
-103.5 26.5 3.54885
-103 26.5 3.54306
-102.5 26.5 3.5414
-102 26.5 3.54749
-101.5 26.5 3.5434
-101 26.5 3.54794
-100.5 26.5 3.54745
-100 26.5 3.55882
-99.5 26.5 3.5619
-99 26.5 3.51345
-98.5 26.5 3.4106
-98 26.5 3.29134
-97.5 26.5 3.41151
-97 26.5 3.54172
-96.5 26.5 3.52157
-96 26.5 3.54428
-95.5 26.5 3.54251
-95 26.5 3.53362
-94.5 26.5 3.55148
-94 26.5 3.5536
-93.5 26.5 3.54592
-93 26.5 3.54435
-92.5 26.5 3.54911
-92 26.5 3.54941
-91.5 26.5 3.5586
-91 26.5 3.54632
-90.5 26.5 3.54099
-90 26.5 3.54772
-89.5 26.5 3.5572
-89 26.5 3.56342
-88.5 26.5 3.5666
-88 26.5 3.55578
-87.5 26.5 3.5515
-87 26.5 3.55217
-86.5 26.5 3.55717
-86 26.5 3.55918
-85.5 26.5 3.55387
-85 26.5 3.55814
-84.5 26.5 3.55806
-84 26.5 3.55765
-83.5 26.5 3.55293
-83 26.5 3.56171
-82.5 26.5 3.56128
-82 26.5 3.58294
-81.5 26.5 3.58875
-118.5 27 3.55693
-118 27 3.55612
-117.5 27 3.55805
-117 27 3.55769
-116.5 27 3.55669
-116 27 3.55859
-115.5 27 3.55892
-115 27 3.55472
-114.5 27 3.54909
-114 27 3.55182
-113.5 27 3.55461
-113 27 3.55412
-112.5 27 3.55394
-112 27 3.55457
-111.5 27 3.55444
-111 27 3.5541
-110.5 27 3.55286
-110 27 3.55228
-109.5 27 3.55151
-109 27 3.55042
-108.5 27 3.54959
-108 27 3.55053
-107.5 27 3.55041
-107 27 3.54604
-106.5 27 3.54382
-106 27 3.54683
-105.5 27 3.54957
-105 27 3.54771
-104.5 27 3.5517
-104 27 3.55442
-103.5 27 3.55354
-103 27 3.54697
-102.5 27 3.54151
-102 27 3.54842
-101.5 27 3.54897
-101 27 3.54808
-100.5 27 3.55991
-100 27 3.55878
-99.5 27 3.53052
-99 27 3.4444
-98.5 27 3.34435
-98 27 3.3053
-97.5 27 3.35388
-97 27 3.43246
-96.5 27 3.52008
-96 27 3.56492
-95.5 27 3.52519
-95 27 3.53009
-94.5 27 3.55198
-94 27 3.54988
-93.5 27 3.55025
-93 27 3.54986
-92.5 27 3.55433
-92 27 3.55337
-91.5 27 3.5514
-91 27 3.54447
-90.5 27 3.54298
-90 27 3.55156
-89.5 27 3.54887
-89 27 3.55533
-88.5 27 3.56623
-88 27 3.55043
-87.5 27 3.54593
-87 27 3.55105
-86.5 27 3.55505
-86 27 3.558
-85.5 27 3.55873
-85 27 3.55717
-84.5 27 3.55934
-84 27 3.5587
-83.5 27 3.5543
-83 27 3.56713
-82.5 27 3.57619
-82 27 3.6054
-81.5 27 3.60099
-118.5 27.5 3.55648
-118 27.5 3.55889
-117.5 27.5 3.55968
-117 27.5 3.55648
-116.5 27.5 3.55548
-116 27.5 3.55936
-115.5 27.5 3.55954
-115 27.5 3.55306
-114.5 27.5 3.55007
-114 27.5 3.55279
-113.5 27.5 3.55422
-113 27.5 3.55339
-112.5 27.5 3.55531
-112 27.5 3.55532
-111.5 27.5 3.55495
-111 27.5 3.55443
-110.5 27.5 3.55166
-110 27.5 3.55337
-109.5 27.5 3.55263
-109 27.5 3.55204
-108.5 27.5 3.55161
-108 27.5 3.54999
-107.5 27.5 3.54929
-107 27.5 3.55003
-106.5 27.5 3.54816
-106 27.5 3.54522
-105.5 27.5 3.55122
-105 27.5 3.55345
-104.5 27.5 3.55212
-104 27.5 3.5517
-103.5 27.5 3.5544
-103 27.5 3.54978
-102.5 27.5 3.54233
-102 27.5 3.54624
-101.5 27.5 3.55355
-101 27.5 3.54574
-100.5 27.5 3.56189
-100 27.5 3.55169
-99.5 27.5 3.51502
-99 27.5 3.45802
-98.5 27.5 3.38405
-98 27.5 3.34477
-97.5 27.5 3.40633
-97 27.5 3.46601
-96.5 27.5 3.58497
-96 27.5 3.60855
-95.5 27.5 3.58573
-95 27.5 3.56969
-94.5 27.5 3.55022
-94 27.5 3.54421
-93.5 27.5 3.5481
-93 27.5 3.55709
-92.5 27.5 3.55893
-92 27.5 3.55125
-91.5 27.5 3.53929
-91 27.5 3.55014
-90.5 27.5 3.56952
-90 27.5 3.56422
-89.5 27.5 3.54919
-89 27.5 3.55345
-88.5 27.5 3.54397
-88 27.5 3.55311
-87.5 27.5 3.55832
-87 27.5 3.55525
-86.5 27.5 3.5547
-86 27.5 3.55473
-85.5 27.5 3.5568
-85 27.5 3.55709
-84.5 27.5 3.55952
-84 27.5 3.55809
-83.5 27.5 3.56112
-83 27.5 3.58106
-82.5 27.5 3.60364
-82 27.5 3.62066
-81.5 27.5 3.61212
-118.5 28 3.55595
-118 28 3.55968
-117.5 28 3.56021
-117 28 3.55531
-116.5 28 3.5533
-116 28 3.55672
-115.5 28 3.55743
-115 28 3.55578
-114.5 28 3.55659
-114 28 3.55603
-113.5 28 3.55413
-113 28 3.55181
-112.5 28 3.55547
-112 28 3.55555
-111.5 28 3.55508
-111 28 3.55426
-110.5 28 3.55263
-110 28 3.55382
-109.5 28 3.55357
-109 28 3.55327
-108.5 28 3.55339
-108 28 3.55159
-107.5 28 3.55011
-107 28 3.55117
-106.5 28 3.55044
-106 28 3.54782
-105.5 28 3.54729
-105 28 3.55246
-104.5 28 3.54986
-104 28 3.53895
-103.5 28 3.54747
-103 28 3.5468
-102.5 28 3.5427
-102 28 3.54291
-101.5 28 3.55013
-101 28 3.5357
-100.5 28 3.53831
-100 28 3.54115
-99.5 28 3.52336
-99 28 3.51404
-98.5 28 3.45535
-98 28 3.39723
-97.5 28 3.43365
-97 28 3.51669
-96.5 28 3.53829
-96 28 3.53193
-95.5 28 3.57357
-95 28 3.58395
-94.5 28 3.55723
-94 28 3.53814
-93.5 28 3.54369
-93 28 3.5518
-92.5 28 3.54419
-92 28 3.53684
-91.5 28 3.5295
-91 28 3.54161
-90.5 28 3.58095
-90 28 3.58874
-89.5 28 3.55687
-89 28 3.55528
-88.5 28 3.53262
-88 28 3.54783
-87.5 28 3.55869
-87 28 3.56169
-86.5 28 3.55738
-86 28 3.55775
-85.5 28 3.55637
-85 28 3.55599
-84.5 28 3.5522
-84 28 3.55561
-83.5 28 3.56248
-83 28 3.5909
-82.5 28 3.62647
-82 28 3.6329
-81.5 28 3.62122
-118.5 28.5 3.55337
-118 28.5 3.5589
-117.5 28.5 3.5583
-117 28.5 3.55558
-116.5 28.5 3.55552
-116 28.5 3.55685
-115.5 28.5 3.55898
-115 28.5 3.56156
-114.5 28.5 3.56338
-114 28.5 3.55935
-113.5 28.5 3.55374
-113 28.5 3.55197
-112.5 28.5 3.55354
-112 28.5 3.55562
-111.5 28.5 3.55432
-111 28.5 3.55624
-110.5 28.5 3.55523
-110 28.5 3.55343
-109.5 28.5 3.55424
-109 28.5 3.55359
-108.5 28.5 3.55385
-108 28.5 3.55206
-107.5 28.5 3.54999
-107 28.5 3.54807
-106.5 28.5 3.55222
-106 28.5 3.55218
-105.5 28.5 3.54669
-105 28.5 3.54287
-104.5 28.5 3.54315
-104 28.5 3.52997
-103.5 28.5 3.53185
-103 28.5 3.53241
-102.5 28.5 3.5393
-102 28.5 3.5416
-101.5 28.5 3.54488
-101 28.5 3.53463
-100.5 28.5 3.53274
-100 28.5 3.54232
-99.5 28.5 3.5388
-99 28.5 3.5508
-98.5 28.5 3.52988
-98 28.5 3.49822
-97.5 28.5 3.47831
-97 28.5 3.47835
-96.5 28.5 3.45857
-96 28.5 3.45407
-95.5 28.5 3.48447
-95 28.5 3.55604
-94.5 28.5 3.5681
-94 28.5 3.5558
-93.5 28.5 3.56554
-93 28.5 3.5675
-92.5 28.5 3.54617
-92 28.5 3.54684
-91.5 28.5 3.5499
-91 28.5 3.53793
-90.5 28.5 3.54172
-90 28.5 3.56585
-89.5 28.5 3.57256
-89 28.5 3.57562
-88.5 28.5 3.55471
-88 28.5 3.55354
-87.5 28.5 3.55268
-87 28.5 3.55471
-86.5 28.5 3.5583
-86 28.5 3.55724
-85.5 28.5 3.55661
-85 28.5 3.55777
-84.5 28.5 3.55546
-84 28.5 3.55305
-83.5 28.5 3.55668
-83 28.5 3.58379
-82.5 28.5 3.62718
-82 28.5 3.63512
-81.5 28.5 3.63116
-118.5 29 3.54776
-118 29 3.56019
-117.5 29 3.56067
-117 29 3.56169
-116.5 29 3.56084
-116 29 3.56035
-115.5 29 3.56045
-115 29 3.56218
-114.5 29 3.56189
-114 29 3.55874
-113.5 29 3.55406
-113 29 3.55429
-112.5 29 3.55196
-112 29 3.55276
-111.5 29 3.5517
-111 29 3.55417
-110.5 29 3.55622
-110 29 3.5536
-109.5 29 3.55425
-109 29 3.55475
-108.5 29 3.55286
-108 29 3.55202
-107.5 29 3.55129
-107 29 3.55026
-106.5 29 3.55237
-106 29 3.55222
-105.5 29 3.54784
-105 29 3.53454
-104.5 29 3.52577
-104 29 3.50645
-103.5 29 3.49161
-103 29 3.49186
-102.5 29 3.51894
-102 29 3.54134
-101.5 29 3.53616
-101 29 3.54586
-100.5 29 3.55991
-100 29 3.56449
-99.5 29 3.56486
-99 29 3.57877
-98.5 29 3.57037
-98 29 3.55765
-97.5 29 3.54358
-97 29 3.50644
-96.5 29 3.47703
-96 29 3.46543
-95.5 29 3.44883
-95 29 3.49818
-94.5 29 3.56251
-94 29 3.57595
-93.5 29 3.57357
-93 29 3.56252
-92.5 29 3.54863
-92 29 3.5715
-91.5 29 3.58319
-91 29 3.55535
-90.5 29 3.50155
-90 29 3.49673
-89.5 29 3.53029
-89 29 3.56306
-88.5 29 3.58268
-88 29 3.56435
-87.5 29 3.55661
-87 29 3.56018
-86.5 29 3.56107
-86 29 3.55185
-85.5 29 3.55275
-85 29 3.5588
-84.5 29 3.56692
-84 29 3.5774
-83.5 29 3.5814
-83 29 3.5985
-82.5 29 3.62432
-82 29 3.6242
-81.5 29 3.61845
-118.5 29.5 3.54835
-118 29.5 3.56313
-117.5 29.5 3.56591
-117 29.5 3.56526
-116.5 29.5 3.56555
-116 29.5 3.56158
-115.5 29.5 3.55793
-115 29.5 3.55822
-114.5 29.5 3.55539
-114 29.5 3.55701
-113.5 29.5 3.55866
-113 29.5 3.55523
-112.5 29.5 3.55009
-112 29.5 3.54818
-111.5 29.5 3.55046
-111 29.5 3.55095
-110.5 29.5 3.55632
-110 29.5 3.55654
-109.5 29.5 3.55756
-109 29.5 3.5562
-108.5 29.5 3.55227
-108 29.5 3.5534
-107.5 29.5 3.55503
-107 29.5 3.55552
-106.5 29.5 3.55307
-106 29.5 3.54928
-105.5 29.5 3.54276
-105 29.5 3.53296
-104.5 29.5 3.50396
-104 29.5 3.46805
-103.5 29.5 3.45506
-103 29.5 3.45932
-102.5 29.5 3.48932
-102 29.5 3.52331
-101.5 29.5 3.51261
-101 29.5 3.53667
-100.5 29.5 3.56285
-100 29.5 3.56178
-99.5 29.5 3.57278
-99 29.5 3.58657
-98.5 29.5 3.57866
-98 29.5 3.56334
-97.5 29.5 3.5535
-97 29.5 3.53722
-96.5 29.5 3.52165
-96 29.5 3.49382
-95.5 29.5 3.45694
-95 29.5 3.44535
-94.5 29.5 3.49203
-94 29.5 3.50947
-93.5 29.5 3.50572
-93 29.5 3.50599
-92.5 29.5 3.50445
-92 29.5 3.49522
-91.5 29.5 3.50324
-91 29.5 3.49884
-90.5 29.5 3.47742
-90 29.5 3.45686
-89.5 29.5 3.47754
-89 29.5 3.51232
-88.5 29.5 3.57303
-88 29.5 3.57132
-87.5 29.5 3.55714
-87 29.5 3.56119
-86.5 29.5 3.56629
-86 29.5 3.55829
-85.5 29.5 3.54565
-85 29.5 3.53995
-84.5 29.5 3.5446
-84 29.5 3.57686
-83.5 29.5 3.60172
-83 29.5 3.61323
-82.5 29.5 3.63362
-82 29.5 3.63525
-81.5 29.5 3.61482
-118.5 30 3.55089
-118 30 3.55645
-117.5 30 3.55836
-117 30 3.55982
-116.5 30 3.56299
-116 30 3.5608
-115.5 30 3.5594
-115 30 3.55324
-114.5 30 3.54675
-114 30 3.55575
-113.5 30 3.56334
-113 30 3.55476
-112.5 30 3.55084
-112 30 3.55235
-111.5 30 3.56072
-111 30 3.56154
-110.5 30 3.55921
-110 30 3.56035
-109.5 30 3.56028
-109 30 3.55827
-108.5 30 3.55468
-108 30 3.55404
-107.5 30 3.55586
-107 30 3.55644
-106.5 30 3.55342
-106 30 3.54059
-105.5 30 3.53015
-105 30 3.51409
-104.5 30 3.47848
-104 30 3.45022
-103.5 30 3.44711
-103 30 3.44773
-102.5 30 3.4734
-102 30 3.494
-101.5 30 3.48846
-101 30 3.50645
-100.5 30 3.53767
-100 30 3.54226
-99.5 30 3.57369
-99 30 3.59031
-98.5 30 3.58824
-98 30 3.56734
-97.5 30 3.54517
-97 30 3.53509
-96.5 30 3.53588
-96 30 3.51183
-95.5 30 3.47413
-95 30 3.45778
-94.5 30 3.44436
-94 30 3.41467
-93.5 30 3.42091
-93 30 3.45902
-92.5 30 3.47063
-92 30 3.4368
-91.5 30 3.43064
-91 30 3.43837
-90.5 30 3.43818
-90 30 3.44675
-89.5 30 3.45544
-89 30 3.48533
-88.5 30 3.53837
-88 30 3.55178
-87.5 30 3.54888
-87 30 3.5481
-86.5 30 3.566
-86 30 3.57473
-85.5 30 3.5611
-85 30 3.53615
-84.5 30 3.515
-84 30 3.54284
-83.5 30 3.58681
-83 30 3.60546
-82.5 30 3.61627
-82 30 3.62032
-81.5 30 3.60404
-118.5 30.5 3.54345
-118 30.5 3.55466
-117.5 30.5 3.54988
-117 30.5 3.55528
-116.5 30.5 3.55342
-116 30.5 3.55615
-115.5 30.5 3.56064
-115 30.5 3.55082
-114.5 30.5 3.54953
-114 30.5 3.56181
-113.5 30.5 3.5691
-113 30.5 3.56568
-112.5 30.5 3.56707
-112 30.5 3.57126
-111.5 30.5 3.56738
-111 30.5 3.56336
-110.5 30.5 3.5551
-110 30.5 3.55447
-109.5 30.5 3.54835
-109 30.5 3.54769
-108.5 30.5 3.55093
-108 30.5 3.55227
-107.5 30.5 3.55564
-107 30.5 3.55618
-106.5 30.5 3.54889
-106 30.5 3.53514
-105.5 30.5 3.50866
-105 30.5 3.47152
-104.5 30.5 3.44896
-104 30.5 3.44919
-103.5 30.5 3.44561
-103 30.5 3.44675
-102.5 30.5 3.47187
-102 30.5 3.4806
-101.5 30.5 3.48506
-101 30.5 3.49358
-100.5 30.5 3.51242
-100 30.5 3.5516
-99.5 30.5 3.58854
-99 30.5 3.60602
-98.5 30.5 3.60421
-98 30.5 3.58371
-97.5 30.5 3.56228
-97 30.5 3.54961
-96.5 30.5 3.53984
-96 30.5 3.5143
-95.5 30.5 3.48994
-95 30.5 3.48617
-94.5 30.5 3.46739
-94 30.5 3.43117
-93.5 30.5 3.42755
-93 30.5 3.44621
-92.5 30.5 3.4409
-92 30.5 3.43706
-91.5 30.5 3.44349
-91 30.5 3.45155
-90.5 30.5 3.45114
-90 30.5 3.45174
-89.5 30.5 3.44909
-89 30.5 3.4721
-88.5 30.5 3.49349
-88 30.5 3.52016
-87.5 30.5 3.54484
-87 30.5 3.53333
-86.5 30.5 3.53452
-86 30.5 3.55677
-85.5 30.5 3.56309
-85 30.5 3.55461
-84.5 30.5 3.53611
-84 30.5 3.53949
-83.5 30.5 3.57217
-83 30.5 3.5938
-82.5 30.5 3.61147
-82 30.5 3.62929
-81.5 30.5 3.61548
-118.5 31 3.54951
-118 31 3.5545
-117.5 31 3.55032
-117 31 3.55692
-116.5 31 3.54815
-116 31 3.54978
-115.5 31 3.5591
-115 31 3.56109
-114.5 31 3.56796
-114 31 3.58362
-113.5 31 3.58719
-113 31 3.57597
-112.5 31 3.5766
-112 31 3.57869
-111.5 31 3.56198
-111 31 3.55073
-110.5 31 3.54308
-110 31 3.54382
-109.5 31 3.54779
-109 31 3.5348
-108.5 31 3.52809
-108 31 3.53074
-107.5 31 3.54779
-107 31 3.54938
-106.5 31 3.535
-106 31 3.51971
-105.5 31 3.4857
-105 31 3.46177
-104.5 31 3.45085
-104 31 3.4492
-103.5 31 3.44537
-103 31 3.45691
-102.5 31 3.47814
-102 31 3.48468
-101.5 31 3.49174
-101 31 3.49454
-100.5 31 3.49524
-100 31 3.55484
-99.5 31 3.59928
-99 31 3.61537
-98.5 31 3.61931
-98 31 3.59437
-97.5 31 3.58005
-97 31 3.56914
-96.5 31 3.55319
-96 31 3.53167
-95.5 31 3.50793
-95 31 3.50492
-94.5 31 3.52008
-94 31 3.53073
-93.5 31 3.52882
-93 31 3.49115
-92.5 31 3.43733
-92 31 3.44275
-91.5 31 3.48349
-91 31 3.47903
-90.5 31 3.46708
-90 31 3.46251
-89.5 31 3.45526
-89 31 3.4778
-88.5 31 3.48362
-88 31 3.50766
-87.5 31 3.54223
-87 31 3.55948
-86.5 31 3.55367
-86 31 3.55645
-85.5 31 3.56923
-85 31 3.57532
-84.5 31 3.57206
-84 31 3.56842
-83.5 31 3.58295
-83 31 3.59722
-82.5 31 3.61906
-82 31 3.64381
-81.5 31 3.62932
-118.5 31.5 3.55613
-118 31.5 3.56336
-117.5 31.5 3.55505
-117 31.5 3.53872
-116.5 31.5 3.55297
-116 31.5 3.57594
-115.5 31.5 3.59045
-115 31.5 3.5847
-114.5 31.5 3.57914
-114 31.5 3.58363
-113.5 31.5 3.57302
-113 31.5 3.58429
-112.5 31.5 3.60948
-112 31.5 3.5945
-111.5 31.5 3.57163
-111 31.5 3.56717
-110.5 31.5 3.56475
-110 31.5 3.54786
-109.5 31.5 3.5341
-109 31.5 3.51836
-108.5 31.5 3.49876
-108 31.5 3.49032
-107.5 31.5 3.50567
-107 31.5 3.50401
-106.5 31.5 3.48944
-106 31.5 3.48445
-105.5 31.5 3.47224
-105 31.5 3.47132
-104.5 31.5 3.46387
-104 31.5 3.44635
-103.5 31.5 3.44882
-103 31.5 3.47525
-102.5 31.5 3.50245
-102 31.5 3.50482
-101.5 31.5 3.50841
-101 31.5 3.50232
-100.5 31.5 3.49978
-100 31.5 3.54254
-99.5 31.5 3.58805
-99 31.5 3.60926
-98.5 31.5 3.60714
-98 31.5 3.58283
-97.5 31.5 3.57218
-97 31.5 3.56484
-96.5 31.5 3.55801
-96 31.5 3.552
-95.5 31.5 3.52555
-95 31.5 3.52187
-94.5 31.5 3.549
-94 31.5 3.5794
-93.5 31.5 3.60237
-93 31.5 3.58196
-92.5 31.5 3.52064
-92 31.5 3.49056
-91.5 31.5 3.50828
-91 31.5 3.51463
-90.5 31.5 3.50596
-90 31.5 3.4956
-89.5 31.5 3.49614
-89 31.5 3.50321
-88.5 31.5 3.50688
-88 31.5 3.52418
-87.5 31.5 3.54901
-87 31.5 3.58337
-86.5 31.5 3.60243
-86 31.5 3.59311
-85.5 31.5 3.58534
-85 31.5 3.59513
-84.5 31.5 3.6064
-84 31.5 3.60156
-83.5 31.5 3.60017
-83 31.5 3.60741
-82.5 31.5 3.62987
-82 31.5 3.6545
-81.5 31.5 3.64158
-118.5 32 3.57338
-118 32 3.57182
-117.5 32 3.56616
-117 32 3.57662
-116.5 32 3.58663
-116 32 3.59454
-115.5 32 3.59791
-115 32 3.60164
-114.5 32 3.61832
-114 32 3.61426
-113.5 32 3.5931
-113 32 3.61665
-112.5 32 3.63508
-112 32 3.61591
-111.5 32 3.60181
-111 32 3.59244
-110.5 32 3.57281
-110 32 3.54972
-109.5 32 3.52602
-109 32 3.5045
-108.5 32 3.46786
-108 32 3.46395
-107.5 32 3.46812
-107 32 3.45902
-106.5 32 3.45438
-106 32 3.46015
-105.5 32 3.46436
-105 32 3.47205
-104.5 32 3.47714
-104 32 3.47333
-103.5 32 3.48112
-103 32 3.50661
-102.5 32 3.52685
-102 32 3.52196
-101.5 32 3.52464
-101 32 3.52328
-100.5 32 3.53271
-100 32 3.54446
-99.5 32 3.55822
-99 32 3.58014
-98.5 32 3.57133
-98 32 3.55639
-97.5 32 3.55107
-97 32 3.55266
-96.5 32 3.55265
-96 32 3.54797
-95.5 32 3.53269
-95 32 3.53499
-94.5 32 3.55322
-94 32 3.56575
-93.5 32 3.59035
-93 32 3.61613
-92.5 32 3.6065
-92 32 3.56271
-91.5 32 3.53669
-91 32 3.53217
-90.5 32 3.52245
-90 32 3.50943
-89.5 32 3.52701
-89 32 3.53235
-88.5 32 3.53639
-88 32 3.54512
-87.5 32 3.54342
-87 32 3.56662
-86.5 32 3.60856
-86 32 3.63269
-85.5 32 3.63276
-85 32 3.62569
-84.5 32 3.62334
-84 32 3.62278
-83.5 32 3.62672
-83 32 3.63612
-82.5 32 3.65236
-82 32 3.67
-81.5 32 3.64928
-118.5 32.5 3.6125
-118 32.5 3.60616
-117.5 32.5 3.60862
-117 32.5 3.6353
-116.5 32.5 3.64294
-116 32.5 3.61686
-115.5 32.5 3.59594
-115 32.5 3.61971
-114.5 32.5 3.66743
-114 32.5 3.66806
-113.5 32.5 3.65061
-113 32.5 3.64959
-112.5 32.5 3.64082
-112 32.5 3.6173
-111.5 32.5 3.60197
-111 32.5 3.59416
-110.5 32.5 3.56946
-110 32.5 3.54351
-109.5 32.5 3.51789
-109 32.5 3.5009
-108.5 32.5 3.47889
-108 32.5 3.47251
-107.5 32.5 3.46171
-107 32.5 3.45024
-106.5 32.5 3.44429
-106 32.5 3.45274
-105.5 32.5 3.46869
-105 32.5 3.47868
-104.5 32.5 3.49496
-104 32.5 3.51286
-103.5 32.5 3.52225
-103 32.5 3.52513
-102.5 32.5 3.52064
-102 32.5 3.51497
-101.5 32.5 3.52228
-101 32.5 3.53421
-100.5 32.5 3.54984
-100 32.5 3.53143
-99.5 32.5 3.5356
-99 32.5 3.5458
-98.5 32.5 3.5398
-98 32.5 3.54144
-97.5 32.5 3.54117
-97 32.5 3.54409
-96.5 32.5 3.53972
-96 32.5 3.53329
-95.5 32.5 3.52298
-95 32.5 3.52791
-94.5 32.5 3.54615
-94 32.5 3.5524
-93.5 32.5 3.56748
-93 32.5 3.59881
-92.5 32.5 3.61754
-92 32.5 3.58802
-91.5 32.5 3.55396
-91 32.5 3.54942
-90.5 32.5 3.53968
-90 32.5 3.51664
-89.5 32.5 3.52035
-89 32.5 3.53255
-88.5 32.5 3.54392
-88 32.5 3.56644
-87.5 32.5 3.57277
-87 32.5 3.56549
-86.5 32.5 3.58117
-86 32.5 3.60686
-85.5 32.5 3.62672
-85 32.5 3.64218
-84.5 32.5 3.6515
-84 32.5 3.65393
-83.5 32.5 3.65588
-83 32.5 3.65969
-82.5 32.5 3.66148
-82 32.5 3.66925
-81.5 32.5 3.66555
-118.5 33 3.64756
-118 33 3.65152
-117.5 33 3.65862
-117 33 3.65453
-116.5 33 3.64078
-116 33 3.60999
-115.5 33 3.60503
-115 33 3.63903
-114.5 33 3.68163
-114 33 3.68606
-113.5 33 3.66876
-113 33 3.64692
-112.5 33 3.62448
-112 33 3.59879
-111.5 33 3.59023
-111 33 3.58416
-110.5 33 3.55744
-110 33 3.52424
-109.5 33 3.50718
-109 33 3.49156
-108.5 33 3.46919
-108 33 3.46159
-107.5 33 3.45797
-107 33 3.44521
-106.5 33 3.44104
-106 33 3.45923
-105.5 33 3.47228
-105 33 3.47901
-104.5 33 3.50074
-104 33 3.5205
-103.5 33 3.52465
-103 33 3.51168
-102.5 33 3.49918
-102 33 3.50208
-101.5 33 3.51027
-101 33 3.52622
-100.5 33 3.52893
-100 33 3.5122
-99.5 33 3.52155
-99 33 3.52666
-98.5 33 3.52233
-98 33 3.53155
-97.5 33 3.53778
-97 33 3.53454
-96.5 33 3.52404
-96 33 3.51795
-95.5 33 3.51213
-95 33 3.51759
-94.5 33 3.53564
-94 33 3.54207
-93.5 33 3.54382
-93 33 3.56045
-92.5 33 3.57489
-92 33 3.57438
-91.5 33 3.56285
-91 33 3.56124
-90.5 33 3.55869
-90 33 3.54574
-89.5 33 3.53197
-89 33 3.5438
-88.5 33 3.55851
-88 33 3.5764
-87.5 33 3.58678
-87 33 3.57356
-86.5 33 3.57715
-86 33 3.59209
-85.5 33 3.60975
-85 33 3.6273
-84.5 33 3.64175
-84 33 3.65166
-83.5 33 3.65709
-83 33 3.65866
-82.5 33 3.65759
-82 33 3.66677
-81.5 33 3.67499
-118.5 33.5 3.6343
-118 33.5 3.65593
-117.5 33.5 3.65057
-117 33.5 3.62197
-116.5 33.5 3.59241
-116 33.5 3.58432
-115.5 33.5 3.61344
-115 33.5 3.65059
-114.5 33.5 3.65951
-114 33.5 3.65146
-113.5 33.5 3.63736
-113 33.5 3.62057
-112.5 33.5 3.60531
-112 33.5 3.58528
-111.5 33.5 3.5732
-111 33.5 3.55967
-110.5 33.5 3.53621
-110 33.5 3.50545
-109.5 33.5 3.48875
-109 33.5 3.46425
-108.5 33.5 3.43533
-108 33.5 3.43104
-107.5 33.5 3.43618
-107 33.5 3.43896
-106.5 33.5 3.44982
-106 33.5 3.47055
-105.5 33.5 3.47258
-105 33.5 3.48018
-104.5 33.5 3.50019
-104 33.5 3.50435
-103.5 33.5 3.49974
-103 33.5 3.49383
-102.5 33.5 3.49359
-102 33.5 3.49476
-101.5 33.5 3.49469
-101 33.5 3.50723
-100.5 33.5 3.50902
-100 33.5 3.50854
-99.5 33.5 3.50937
-99 33.5 3.51264
-98.5 33.5 3.50469
-98 33.5 3.5186
-97.5 33.5 3.53484
-97 33.5 3.52683
-96.5 33.5 3.51168
-96 33.5 3.50878
-95.5 33.5 3.51715
-95 33.5 3.5249
-94.5 33.5 3.54209
-94 33.5 3.54868
-93.5 33.5 3.5449
-93 33.5 3.54361
-92.5 33.5 3.53973
-92 33.5 3.55244
-91.5 33.5 3.56071
-91 33.5 3.56757
-90.5 33.5 3.5766
-90 33.5 3.58111
-89.5 33.5 3.56932
-89 33.5 3.57043
-88.5 33.5 3.58216
-88 33.5 3.60121
-87.5 33.5 3.60709
-87 33.5 3.58955
-86.5 33.5 3.57934
-86 33.5 3.57499
-85.5 33.5 3.58083
-85 33.5 3.60227
-84.5 33.5 3.63062
-84 33.5 3.65058
-83.5 33.5 3.65807
-83 33.5 3.65687
-82.5 33.5 3.65874
-82 33.5 3.66811
-81.5 33.5 3.67772
-118.5 34 3.61978
-118 34 3.63114
-117.5 34 3.61729
-117 34 3.58124
-116.5 34 3.54706
-116 34 3.55738
-115.5 34 3.61355
-115 34 3.65894
-114.5 34 3.64603
-114 34 3.60765
-113.5 34 3.58843
-113 34 3.58916
-112.5 34 3.58394
-112 34 3.56606
-111.5 34 3.54991
-111 34 3.53532
-110.5 34 3.51215
-110 34 3.48988
-109.5 34 3.47736
-109 34 3.45688
-108.5 34 3.43248
-108 34 3.42999
-107.5 34 3.42887
-107 34 3.42723
-106.5 34 3.44424
-106 34 3.46638
-105.5 34 3.47325
-105 34 3.48823
-104.5 34 3.49243
-104 34 3.48677
-103.5 34 3.48716
-103 34 3.49405
-102.5 34 3.50223
-102 34 3.495
-101.5 34 3.4847
-101 34 3.4884
-100.5 34 3.49718
-100 34 3.50255
-99.5 34 3.49983
-99 34 3.4994
-98.5 34 3.50108
-98 34 3.51102
-97.5 34 3.52498
-97 34 3.51944
-96.5 34 3.50722
-96 34 3.50647
-95.5 34 3.51411
-95 34 3.51776
-94.5 34 3.53777
-94 34 3.5572
-93.5 34 3.57188
-93 34 3.5711
-92.5 34 3.55925
-92 34 3.55766
-91.5 34 3.56264
-91 34 3.57603
-90.5 34 3.59788
-90 34 3.61359
-89.5 34 3.61514
-89 34 3.61567
-88.5 34 3.6192
-88 34 3.62326
-87.5 34 3.61975
-87 34 3.60488
-86.5 34 3.59573
-86 34 3.58525
-85.5 34 3.57478
-85 34 3.58135
-84.5 34 3.60475
-84 34 3.62484
-83.5 34 3.63691
-83 34 3.64541
-82.5 34 3.6559
-82 34 3.66901
-81.5 34 3.6759
-118.5 34.5 3.5793
-118 34.5 3.5889
-117.5 34.5 3.58894
-117 34.5 3.56828
-116.5 34.5 3.54948
-116 34.5 3.57164
-115.5 34.5 3.61568
-115 34.5 3.63945
-114.5 34.5 3.62496
-114 34.5 3.59834
-113.5 34.5 3.57645
-113 34.5 3.55391
-112.5 34.5 3.53234
-112 34.5 3.51571
-111.5 34.5 3.50382
-111 34.5 3.50235
-110.5 34.5 3.49865
-110 34.5 3.49962
-109.5 34.5 3.50411
-109 34.5 3.47818
-108.5 34.5 3.44879
-108 34.5 3.44126
-107.5 34.5 3.42603
-107 34.5 3.41168
-106.5 34.5 3.43025
-106 34.5 3.45615
-105.5 34.5 3.47547
-105 34.5 3.49317
-104.5 34.5 3.48848
-104 34.5 3.49089
-103.5 34.5 3.49916
-103 34.5 3.50746
-102.5 34.5 3.51281
-102 34.5 3.50293
-101.5 34.5 3.48888
-101 34.5 3.48224
-100.5 34.5 3.48908
-100 34.5 3.49582
-99.5 34.5 3.49391
-99 34.5 3.49646
-98.5 34.5 3.51377
-98 34.5 3.5092
-97.5 34.5 3.51246
-97 34.5 3.5221
-96.5 34.5 3.52774
-96 34.5 3.51704
-95.5 34.5 3.5037
-95 34.5 3.49937
-94.5 34.5 3.50788
-94 34.5 3.52267
-93.5 34.5 3.55483
-93 34.5 3.58737
-92.5 34.5 3.60135
-92 34.5 3.58869
-91.5 34.5 3.57375
-91 34.5 3.58272
-90.5 34.5 3.60769
-90 34.5 3.63741
-89.5 34.5 3.6653
-89 34.5 3.67873
-88.5 34.5 3.66648
-88 34.5 3.63991
-87.5 34.5 3.62394
-87 34.5 3.61145
-86.5 34.5 3.60477
-86 34.5 3.59981
-85.5 34.5 3.58241
-85 34.5 3.57138
-84.5 34.5 3.58103
-84 34.5 3.597
-83.5 34.5 3.60867
-83 34.5 3.619
-82.5 34.5 3.63425
-82 34.5 3.65392
-81.5 34.5 3.66272
-118.5 35 3.54852
-118 35 3.54968
-117.5 35 3.55795
-117 35 3.56474
-116.5 35 3.5718
-116 35 3.58628
-115.5 35 3.59429
-115 35 3.59489
-114.5 35 3.59404
-114 35 3.59906
-113.5 35 3.58175
-113 35 3.52194
-112.5 35 3.47633
-112 35 3.46553
-111.5 35 3.47374
-111 35 3.49238
-110.5 35 3.50033
-110 35 3.505
-109.5 35 3.52326
-109 35 3.50547
-108.5 35 3.47192
-108 35 3.44623
-107.5 35 3.41819
-107 35 3.40912
-106.5 35 3.42196
-106 35 3.44139
-105.5 35 3.46288
-105 35 3.48268
-104.5 35 3.48347
-104 35 3.49487
-103.5 35 3.5096
-103 35 3.51521
-102.5 35 3.50998
-102 35 3.50003
-101.5 35 3.48845
-101 35 3.47918
-100.5 35 3.48372
-100 35 3.48144
-99.5 35 3.4766
-99 35 3.48943
-98.5 35 3.51163
-98 35 3.50084
-97.5 35 3.50906
-97 35 3.54293
-96.5 35 3.56117
-96 35 3.54902
-95.5 35 3.52683
-95 35 3.51735
-94.5 35 3.51268
-94 35 3.50257
-93.5 35 3.52614
-93 35 3.58462
-92.5 35 3.62348
-92 35 3.62592
-91.5 35 3.61851
-91 35 3.61518
-90.5 35 3.61765
-90 35 3.63581
-89.5 35 3.67805
-89 35 3.71071
-88.5 35 3.70012
-88 35 3.66855
-87.5 35 3.64035
-87 35 3.62419
-86.5 35 3.61705
-86 35 3.60853
-85.5 35 3.58834
-85 35 3.56974
-84.5 35 3.56959
-84 35 3.58108
-83.5 35 3.58657
-83 35 3.59142
-82.5 35 3.60486
-82 35 3.62473
-81.5 35 3.63969
-118.5 35.5 3.52793
-118 35.5 3.50113
-117.5 35.5 3.51427
-117 35.5 3.54143
-116.5 35.5 3.56024
-116 35.5 3.57123
-115.5 35.5 3.56334
-115 35.5 3.54947
-114.5 35.5 3.55505
-114 35.5 3.57549
-113.5 35.5 3.55889
-113 35.5 3.50292
-112.5 35.5 3.46391
-112 35.5 3.45884
-111.5 35.5 3.47603
-111 35.5 3.49487
-110.5 35.5 3.48581
-110 35.5 3.48312
-109.5 35.5 3.52009
-109 35.5 3.53072
-108.5 35.5 3.49197
-108 35.5 3.44904
-107.5 35.5 3.41444
-107 35.5 3.39786
-106.5 35.5 3.38964
-106 35.5 3.40272
-105.5 35.5 3.43492
-105 35.5 3.46753
-104.5 35.5 3.4812
-104 35.5 3.49454
-103.5 35.5 3.50739
-103 35.5 3.50723
-102.5 35.5 3.49459
-102 35.5 3.48629
-101.5 35.5 3.48088
-101 35.5 3.47789
-100.5 35.5 3.46815
-100 35.5 3.45255
-99.5 35.5 3.4508
-99 35.5 3.47267
-98.5 35.5 3.49613
-98 35.5 3.50244
-97.5 35.5 3.52568
-97 35.5 3.56108
-96.5 35.5 3.58019
-96 35.5 3.58927
-95.5 35.5 3.58783
-95 35.5 3.5837
-94.5 35.5 3.57177
-94 35.5 3.54492
-93.5 35.5 3.54864
-93 35.5 3.60131
-92.5 35.5 3.64572
-92 35.5 3.65228
-91.5 35.5 3.6553
-91 35.5 3.65667
-90.5 35.5 3.65024
-90 35.5 3.64897
-89.5 35.5 3.6676
-89 35.5 3.70081
-88.5 35.5 3.70445
-88 35.5 3.68679
-87.5 35.5 3.66242
-87 35.5 3.64194
-86.5 35.5 3.63158
-86 35.5 3.6188
-85.5 35.5 3.59428
-85 35.5 3.57148
-84.5 35.5 3.56771
-84 35.5 3.57105
-83.5 35.5 3.56968
-83 35.5 3.57009
-82.5 35.5 3.58027
-82 35.5 3.59801
-81.5 35.5 3.61267
-118.5 36 3.5119
-118 36 3.46871
-117.5 36 3.46925
-117 36 3.48445
-116.5 36 3.51374
-116 36 3.53758
-115.5 36 3.53124
-115 36 3.519
-114.5 36 3.52204
-114 36 3.5326
-113.5 36 3.53027
-113 36 3.51029
-112.5 36 3.49327
-112 36 3.49224
-111.5 36 3.48904
-111 36 3.47349
-110.5 36 3.45987
-110 36 3.47953
-109.5 36 3.51911
-109 36 3.52041
-108.5 36 3.47661
-108 36 3.43213
-107.5 36 3.40423
-107 36 3.38149
-106.5 36 3.36526
-106 36 3.3809
-105.5 36 3.41915
-105 36 3.44773
-104.5 36 3.46546
-104 36 3.48485
-103.5 36 3.50052
-103 36 3.50226
-102.5 36 3.49353
-102 36 3.48711
-101.5 36 3.48029
-101 36 3.47245
-100.5 36 3.44998
-100 36 3.43567
-99.5 36 3.44983
-99 36 3.48256
-98.5 36 3.50861
-98 36 3.5349
-97.5 36 3.55706
-97 36 3.57546
-96.5 36 3.59598
-96 36 3.61701
-95.5 36 3.62445
-95 36 3.62948
-94.5 36 3.62855
-94 36 3.61602
-93.5 36 3.61026
-93 36 3.62251
-92.5 36 3.63875
-92 36 3.64359
-91.5 36 3.65192
-91 36 3.67166
-90.5 36 3.68423
-90 36 3.68421
-89.5 36 3.67558
-89 36 3.67974
-88.5 36 3.68105
-88 36 3.66866
-87.5 36 3.65844
-87 36 3.64075
-86.5 36 3.62795
-86 36 3.6219
-85.5 36 3.60194
-85 36 3.5756
-84.5 36 3.56268
-84 36 3.56026
-83.5 36 3.55975
-83 36 3.56236
-82.5 36 3.56764
-82 36 3.58039
-81.5 36 3.59538
-118.5 36.5 3.49129
-118 36.5 3.43392
-117.5 36.5 3.42818
-117 36.5 3.44796
-116.5 36.5 3.47515
-116 36.5 3.49437
-115.5 36.5 3.49883
-115 36.5 3.49882
-114.5 36.5 3.49935
-114 36.5 3.49811
-113.5 36.5 3.50348
-113 36.5 3.50563
-112.5 36.5 3.50467
-112 36.5 3.50455
-111.5 36.5 3.48675
-111 36.5 3.47105
-110.5 36.5 3.47916
-110 36.5 3.50499
-109.5 36.5 3.52227
-109 36.5 3.49231
-108.5 36.5 3.43908
-108 36.5 3.40871
-107.5 36.5 3.40181
-107 36.5 3.38041
-106.5 36.5 3.36256
-106 36.5 3.37128
-105.5 36.5 3.39072
-105 36.5 3.4112
-104.5 36.5 3.44297
-104 36.5 3.4798
-103.5 36.5 3.503
-103 36.5 3.50784
-102.5 36.5 3.50147
-102 36.5 3.4915
-101.5 36.5 3.4792
-101 36.5 3.47242
-100.5 36.5 3.46436
-100 36.5 3.46198
-99.5 36.5 3.48398
-99 36.5 3.51416
-98.5 36.5 3.53016
-98 36.5 3.55488
-97.5 36.5 3.57377
-97 36.5 3.59367
-96.5 36.5 3.6188
-96 36.5 3.62602
-95.5 36.5 3.62618
-95 36.5 3.6339
-94.5 36.5 3.63977
-94 36.5 3.63929
-93.5 36.5 3.63684
-93 36.5 3.63345
-92.5 36.5 3.62635
-92 36.5 3.62199
-91.5 36.5 3.63071
-91 36.5 3.64969
-90.5 36.5 3.66576
-90 36.5 3.67321
-89.5 36.5 3.67575
-89 36.5 3.67182
-88.5 36.5 3.66156
-88 36.5 3.64462
-87.5 36.5 3.63375
-87 36.5 3.6236
-86.5 36.5 3.61535
-86 36.5 3.61118
-85.5 36.5 3.59508
-85 36.5 3.57367
-84.5 36.5 3.5588
-84 36.5 3.54994
-83.5 36.5 3.55218
-83 36.5 3.55846
-82.5 36.5 3.56285
-82 36.5 3.5737
-81.5 36.5 3.58636
-118.5 37 3.45115
-118 37 3.40865
-117.5 37 3.40926
-117 37 3.42962
-116.5 37 3.44063
-116 37 3.45607
-115.5 37 3.47883
-115 37 3.48662
-114.5 37 3.48166
-114 37 3.4711
-113.5 37 3.4686
-113 37 3.46815
-112.5 37 3.4719
-112 37 3.47944
-111.5 37 3.47434
-111 37 3.47417
-110.5 37 3.50214
-110 37 3.52556
-109.5 37 3.51046
-109 37 3.46346
-108.5 37 3.42021
-108 37 3.41039
-107.5 37 3.40424
-107 37 3.38354
-106.5 37 3.36453
-106 37 3.36126
-105.5 37 3.37041
-105 37 3.39272
-104.5 37 3.43649
-104 37 3.48671
-103.5 37 3.51298
-103 37 3.50925
-102.5 37 3.50354
-102 37 3.49981
-101.5 37 3.49455
-101 37 3.49827
-100.5 37 3.50486
-100 37 3.51269
-99.5 37 3.53034
-99 37 3.54902
-98.5 37 3.55348
-98 37 3.56884
-97.5 37 3.5868
-97 37 3.60176
-96.5 37 3.6259
-96 37 3.63065
-95.5 37 3.62378
-95 37 3.62509
-94.5 37 3.63216
-94 37 3.63433
-93.5 37 3.63056
-93 37 3.62178
-92.5 37 3.61063
-92 37 3.61171
-91.5 37 3.62561
-91 37 3.63836
-90.5 37 3.64665
-90 37 3.65122
-89.5 37 3.65544
-89 37 3.65488
-88.5 37 3.6443
-88 37 3.62862
-87.5 37 3.61831
-87 37 3.60753
-86.5 37 3.59532
-86 37 3.58688
-85.5 37 3.57728
-85 37 3.56682
-84.5 37 3.56083
-84 37 3.55585
-83.5 37 3.55511
-83 37 3.56015
-82.5 37 3.56937
-82 37 3.5789
-81.5 37 3.58169
-118.5 37.5 3.41989
-118 37.5 3.39966
-117.5 37.5 3.39831
-117 37.5 3.42104
-116.5 37.5 3.4399
-116 37.5 3.45909
-115.5 37.5 3.48281
-115 37.5 3.48739
-114.5 37.5 3.468
-114 37.5 3.44653
-113.5 37.5 3.43683
-113 37.5 3.42446
-112.5 37.5 3.40524
-112 37.5 3.42154
-111.5 37.5 3.45561
-111 37.5 3.469
-110.5 37.5 3.49807
-110 37.5 3.52606
-109.5 37.5 3.50916
-109 37.5 3.45529
-108.5 37.5 3.41844
-108 37.5 3.40096
-107.5 37.5 3.36774
-107 37.5 3.34663
-106.5 37.5 3.34252
-106 37.5 3.35002
-105.5 37.5 3.36821
-105 37.5 3.4009
-104.5 37.5 3.44582
-104 37.5 3.48493
-103.5 37.5 3.50533
-103 37.5 3.50968
-102.5 37.5 3.52248
-102 37.5 3.53081
-101.5 37.5 3.52656
-101 37.5 3.52274
-99 37.5 3.57655
-98.5 37.5 3.60777
-98 37.5 3.61868
-97.5 37.5 3.62082
-97 37.5 3.61578
-96.5 37.5 3.61777
-96 37.5 3.62452
-95.5 37.5 3.62427
-95 37.5 3.62178
-94.5 37.5 3.62528
-94 37.5 3.62792
-93.5 37.5 3.62258
-93 37.5 3.61316
-92.5 37.5 3.60663
-92 37.5 3.61003
-91.5 37.5 3.61865
-91 37.5 3.62728
-90.5 37.5 3.63367
-90 37.5 3.63679
-89.5 37.5 3.63693
-89 37.5 3.63643
-88.5 37.5 3.63598
-88 37.5 3.62718
-87.5 37.5 3.61271
-87 37.5 3.6011
-86.5 37.5 3.5859
-86 37.5 3.57082
-85.5 37.5 3.56329
-85 37.5 3.56012
-84.5 37.5 3.56289
-84 37.5 3.56389
-83.5 37.5 3.56044
-83 37.5 3.56511
-82.5 37.5 3.57722
-82 37.5 3.58614
-81.5 37.5 3.58495
-118.5 38 3.38144
-118 38 3.38429
-117.5 38 3.39575
-117 38 3.4299
-116.5 38 3.45956
-116 38 3.46722
-115.5 38 3.47366
-115 38 3.48256
-114.5 38 3.47278
-114 38 3.4496
-113.5 38 3.4198
-113 38 3.39546
-112.5 38 3.38281
-112 38 3.39342
-111.5 38 3.4264
-111 38 3.4611
-110.5 38 3.49172
-110 38 3.51172
-109.5 38 3.50512
-109 38 3.47384
-108.5 38 3.42979
-108 38 3.38129
-107.5 38 3.33791
-107 38 3.31303
-106.5 38 3.3177
-106 38 3.33967
-105.5 38 3.36956
-105 38 3.40698
-104.5 38 3.43287
-104 38 3.4535
-103.5 38 3.48617
-103 38 3.52055
-102.5 38 3.55306
-97.5 38 3.65754
-97 38 3.64014
-96.5 38 3.61864
-96 38 3.6107
-95.5 38 3.61906
-95 38 3.62365
-94.5 38 3.62272
-94 38 3.62285
-93.5 38 3.62142
-93 38 3.62083
-92.5 38 3.61971
-92 38 3.61572
-91.5 38 3.61326
-91 38 3.61428
-90.5 38 3.61941
-90 38 3.6235
-89.5 38 3.62532
-89 38 3.62982
-88.5 38 3.62844
-88 38 3.62231
-87.5 38 3.61269
-87 38 3.5931
-86.5 38 3.57503
-86 38 3.56839
-85.5 38 3.56614
-85 38 3.56513
-84.5 38 3.56955
-84 38 3.57479
-83.5 38 3.57474
-83 38 3.57483
-82.5 38 3.57969
-82 38 3.58597
-81.5 38 3.58654
-118.5 38.5 3.38724
-118 38.5 3.3975
-117.5 38.5 3.41509
-117 38.5 3.446
-116.5 38.5 3.4665
-116 38.5 3.4681
-115.5 38.5 3.47133
-115 38.5 3.4854
-114.5 38.5 3.48827
-114 38.5 3.46541
-113.5 38.5 3.42854
-113 38.5 3.39442
-112.5 38.5 3.37623
-112 38.5 3.38676
-111.5 38.5 3.41453
-111 38.5 3.44459
-110.5 38.5 3.48284
-110 38.5 3.50729
-109.5 38.5 3.50412
-109 38.5 3.48214
-108.5 38.5 3.44659
-108 38.5 3.39635
-107.5 38.5 3.34442
-107 38.5 3.31571
-106.5 38.5 3.31149
-106 38.5 3.33286
-105.5 38.5 3.3735
-105 38.5 3.3986
-104.5 38.5 3.39543
-104 38.5 3.42163
-103.5 38.5 3.48326
-103 38.5 3.53405
-97 38.5 3.65811
-96.5 38.5 3.63817
-96 38.5 3.61535
-95.5 38.5 3.61416
-95 38.5 3.62221
-94.5 38.5 3.61999
-94 38.5 3.61647
-93.5 38.5 3.61744
-93 38.5 3.62062
-92.5 38.5 3.6242
-92 38.5 3.62279
-91.5 38.5 3.61553
-91 38.5 3.60898
-90.5 38.5 3.60907
-90 38.5 3.6109
-89.5 38.5 3.61155
-89 38.5 3.6201
-88.5 38.5 3.6236
-88 38.5 3.61974
-87.5 38.5 3.60891
-87 38.5 3.5864
-86.5 38.5 3.57066
-86 38.5 3.56964
-85.5 38.5 3.57679
-85 38.5 3.58191
-84.5 38.5 3.58746
-84 38.5 3.59198
-83.5 38.5 3.59283
-83 38.5 3.59945
-82.5 38.5 3.60096
-82 38.5 3.59068
-81.5 38.5 3.5714
-118.5 39 3.4218
-118 39 3.43682
-117.5 39 3.44835
-117 39 3.46104
-116.5 39 3.47013
-116 39 3.47586
-115.5 39 3.48358
-115 39 3.50053
-114.5 39 3.51201
-114 39 3.48943
-113.5 39 3.44114
-113 39 3.41084
-112.5 39 3.40339
-112 39 3.40146
-111.5 39 3.40118
-111 39 3.41468
-110.5 39 3.45379
-110 39 3.48776
-109.5 39 3.49362
-109 39 3.46512
-108.5 39 3.42672
-108 39 3.40007
-107.5 39 3.36402
-107 39 3.32634
-106.5 39 3.31662
-106 39 3.34018
-105.5 39 3.38321
-105 39 3.39342
-104.5 39 3.37634
-104 39 3.41388
-103.5 39 3.48824
-96.5 39 3.65072
-96 39 3.62685
-95.5 39 3.61239
-95 39 3.61478
-94.5 39 3.61189
-94 39 3.60793
-93.5 39 3.61196
-93 39 3.61747
-92.5 39 3.62123
-92 39 3.62167
-91.5 39 3.61527
-91 39 3.60872
-90.5 39 3.61017
-90 39 3.61038
-89.5 39 3.60628
-89 39 3.60768
-88.5 39 3.61421
-88 39 3.61309
-87.5 39 3.59941
-87 39 3.58411
-86.5 39 3.58012
-86 39 3.58631
-85.5 39 3.5983
-85 39 3.60162
-84.5 39 3.59657
-84 39 3.59924
-83.5 39 3.60526
-83 39 3.6153
-82.5 39 3.61726
-82 39 3.6069
-81.5 39 3.58311
-118.5 39.5 3.44083
-118 39.5 3.46726
-117.5 39.5 3.48409
-117 39.5 3.48381
-116.5 39.5 3.48696
-116 39.5 3.49228
-115.5 39.5 3.49992
-115 39.5 3.51575
-114.5 39.5 3.52632
-114 39.5 3.50752
-113.5 39.5 3.46945
-113 39.5 3.4441
-112.5 39.5 3.43305
-112 39.5 3.42044
-111.5 39.5 3.40287
-111 39.5 3.40284
-110.5 39.5 3.42836
-110 39.5 3.45471
-109.5 39.5 3.46076
-109 39.5 3.43715
-108.5 39.5 3.40107
-108 39.5 3.37322
-107.5 39.5 3.35306
-107 39.5 3.33402
-106.5 39.5 3.33069
-106 39.5 3.36093
-105.5 39.5 3.39309
-105 39.5 3.38134
-104.5 39.5 3.37277
-104 39.5 3.42324
-103.5 39.5 3.49509
-96.5 39.5 3.64386
-96 39.5 3.6292
-95.5 39.5 3.61224
-95 39.5 3.60849
-94.5 39.5 3.60418
-94 39.5 3.60131
-93.5 39.5 3.6069
-93 39.5 3.61465
-92.5 39.5 3.61758
-92 39.5 3.61681
-91.5 39.5 3.61951
-91 39.5 3.62085
-90.5 39.5 3.6182
-90 39.5 3.61597
-89.5 39.5 3.61444
-89 39.5 3.61107
-88.5 39.5 3.60515
-88 39.5 3.59849
-87.5 39.5 3.5931
-87 39.5 3.59247
-86.5 39.5 3.59985
-86 39.5 3.61308
-85.5 39.5 3.62253
-85 39.5 3.62032
-84.5 39.5 3.61051
-84 39.5 3.60623
-83.5 39.5 3.6098
-83 39.5 3.62025
-82.5 39.5 3.63157
-82 39.5 3.62254
-81.5 39.5 3.59028
-118.5 40 3.4854
-118 40 3.5016
-117.5 40 3.50861
-117 40 3.50702
-116.5 40 3.50499
-116 40 3.50354
-115.5 40 3.50607
-115 40 3.52304
-114.5 40 3.53871
-114 40 3.5292
-113.5 40 3.50156
-113 40 3.48335
-112.5 40 3.48124
-112 40 3.46437
-111.5 40 3.42853
-111 40 3.4001
-110.5 40 3.39778
-110 40 3.42053
-109.5 40 3.43271
-109 40 3.41317
-108.5 40 3.3766
-108 40 3.34979
-107.5 40 3.35302
-107 40 3.35489
-106.5 40 3.34749
-106 40 3.37287
-105.5 40 3.40207
-105 40 3.3838
-104.5 40 3.37651
-104 40 3.43773
-103.5 40 3.5086
-96.5 40 3.63208
-96 40 3.62407
-95.5 40 3.6106
-95 40 3.60673
-94.5 40 3.60249
-94 40 3.59756
-93.5 40 3.59897
-93 40 3.60878
-92.5 40 3.61605
-92 40 3.61887
-91.5 40 3.62345
-91 40 3.62741
-90.5 40 3.62823
-90 40 3.62562
-89.5 40 3.62494
-89 40 3.62282
-88.5 40 3.61159
-88 40 3.60009
-87.5 40 3.59626
-87 40 3.60113
-86.5 40 3.61616
-86 40 3.63094
-85.5 40 3.64031
-85 40 3.63776
-84.5 40 3.62372
-84 40 3.61197
-83.5 40 3.60783
-83 40 3.62136
-82.5 40 3.63847
-82 40 3.62213
-81.5 40 3.58355
-118.5 40.5 3.50498
-118 40.5 3.5134
-117.5 40.5 3.5128
-117 40.5 3.51888
-116.5 40.5 3.52255
-116 40.5 3.51973
-115.5 40.5 3.51921
-115 40.5 3.53454
-114.5 40.5 3.54341
-114 40.5 3.5364
-113.5 40.5 3.52766
-113 40.5 3.51933
-112.5 40.5 3.50313
-112 40.5 3.47771
-111.5 40.5 3.44746
-111 40.5 3.40527
-110.5 40.5 3.37562
-110 40.5 3.39543
-109.5 40.5 3.43013
-109 40.5 3.42525
-108.5 40.5 3.39092
-108 40.5 3.36001
-107.5 40.5 3.35633
-107 40.5 3.37848
-106.5 40.5 3.38789
-106 40.5 3.39615
-105.5 40.5 3.41533
-105 40.5 3.40344
-104.5 40.5 3.39317
-104 40.5 3.44263
-103.5 40.5 3.51187
-96.5 40.5 3.6146
-96 40.5 3.6
-95.5 40.5 3.58699
-95 40.5 3.59088
-94.5 40.5 3.59464
-94 40.5 3.5912
-93.5 40.5 3.59544
-93 40.5 3.60968
-92.5 40.5 3.6208
-92 40.5 3.62758
-91.5 40.5 3.63238
-91 40.5 3.63268
-90.5 40.5 3.63066
-90 40.5 3.62856
-89.5 40.5 3.62892
-89 40.5 3.62802
-88.5 40.5 3.61937
-88 40.5 3.60774
-87.5 40.5 3.60203
-87 40.5 3.60893
-86.5 40.5 3.63233
-86 40.5 3.65131
-85.5 40.5 3.65637
-85 40.5 3.65221
-84.5 40.5 3.63844
-84 40.5 3.6195
-83.5 40.5 3.60677
-83 40.5 3.6184
-82.5 40.5 3.63595
-82 40.5 3.61875
-81.5 40.5 3.58039
-118.5 41 3.49751
-118 41 3.50392
-117.5 41 3.50113
-117 41 3.52176
-116.5 41 3.5389
-116 41 3.53068
-115.5 41 3.52301
-115 41 3.53575
-114.5 41 3.54692
-114 41 3.54733
-113.5 41 3.5417
-113 41 3.52715
-112.5 41 3.49816
-112 41 3.4649
-111.5 41 3.42914
-111 41 3.39344
-110.5 41 3.38548
-110 41 3.41781
-109.5 41 3.4484
-109 41 3.44245
-108.5 41 3.40218
-108 41 3.36663
-107.5 41 3.37205
-107 41 3.4015
-106.5 41 3.42034
-106 41 3.43634
-105.5 41 3.45431
-105 41 3.44348
-104.5 41 3.41737
-104 41 3.42622
-103.5 41 3.48853
-96.5 41 3.59363
-96 41 3.56419
-95.5 41 3.5595
-95 41 3.57573
-94.5 41 3.58172
-94 41 3.57872
-93.5 41 3.58759
-93 41 3.60594
-92.5 41 3.62319
-92 41 3.63475
-91.5 41 3.64125
-91 41 3.64207
-90.5 41 3.63845
-90 41 3.63227
-89.5 41 3.62564
-89 41 3.62591
-88.5 41 3.62817
-88 41 3.62344
-87.5 41 3.61926
-87 41 3.6226
-86.5 41 3.64134
-86 41 3.65986
-85.5 41 3.65962
-85 41 3.6512
-84.5 41 3.63839
-84 41 3.622
-83.5 41 3.61182
-83 41 3.62136
-82.5 41 3.63627
-82 41 3.63699
-81.5 41 3.61062
-118.5 41.5 3.47613
-118 41.5 3.50053
-117.5 41.5 3.51297
-117 41.5 3.52162
-116.5 41.5 3.52558
-116 41.5 3.51834
-115.5 41.5 3.50646
-115 41.5 3.51403
-114.5 41.5 3.53465
-114 41.5 3.53954
-113.5 41.5 3.52678
-113 41.5 3.51905
-112.5 41.5 3.51166
-112 41.5 3.49447
-111.5 41.5 3.45642
-111 41.5 3.41547
-110.5 41.5 3.39726
-110 41.5 3.40857
-109.5 41.5 3.42745
-109 41.5 3.41774
-108.5 41.5 3.38618
-108 41.5 3.37247
-107.5 41.5 3.38891
-107 41.5 3.4188
-106.5 41.5 3.45887
-106 41.5 3.49235
-105.5 41.5 3.4937
-105 41.5 3.47057
-104.5 41.5 3.43795
-104 41.5 3.42851
-103.5 41.5 3.4821
-103 41.5 3.53982
-97 41.5 3.63966
-96.5 41.5 3.59292
-96 41.5 3.55603
-95.5 41.5 3.55532
-95 41.5 3.56884
-94.5 41.5 3.56911
-94 41.5 3.56463
-93.5 41.5 3.574
-93 41.5 3.59721
-92.5 41.5 3.62308
-92 41.5 3.64062
-91.5 41.5 3.64389
-91 41.5 3.64016
-90.5 41.5 3.63978
-90 41.5 3.63993
-89.5 41.5 3.63708
-89 41.5 3.63441
-88.5 41.5 3.63471
-88 41.5 3.64118
-87.5 41.5 3.64149
-87 41.5 3.64093
-86.5 41.5 3.65172
-86 41.5 3.66266
-85.5 41.5 3.66544
-85 41.5 3.65873
-84.5 41.5 3.64408
-84 41.5 3.62816
-83.5 41.5 3.6141
-83 41.5 3.61095
-82.5 41.5 3.62211
-82 41.5 3.6237
-81.5 41.5 3.60022
-118.5 42 3.4527
-118 42 3.48414
-117.5 42 3.50274
-117 42 3.51615
-116.5 42 3.51824
-116 42 3.50676
-115.5 42 3.48674
-115 42 3.48905
-114.5 42 3.5229
-114 42 3.53179
-113.5 42 3.50929
-113 42 3.49279
-112.5 42 3.48799
-112 42 3.48842
-111.5 42 3.46546
-111 42 3.42445
-110.5 42 3.40456
-110 42 3.42381
-109.5 42 3.4434
-109 42 3.41847
-108.5 42 3.39325
-108 42 3.40334
-107.5 42 3.41896
-107 42 3.43856
-106.5 42 3.48171
-106 42 3.51334
-105.5 42 3.51187
-105 42 3.49604
-104.5 42 3.47401
-104 42 3.46831
-103.5 42 3.49245
-103 42 3.52309
-102.5 42 3.54402
-97.5 42 3.65126
-97 42 3.62945
-96.5 42 3.59766
-96 42 3.58345
-95.5 42 3.57944
-95 42 3.5701
-94.5 42 3.55925
-94 42 3.55843
-93.5 42 3.57023
-93 42 3.59382
-92.5 42 3.62114
-92 42 3.63798
-91.5 42 3.63799
-91 42 3.63316
-90.5 42 3.63392
-90 42 3.63851
-89.5 42 3.6433
-89 42 3.64992
-88.5 42 3.65738
-88 42 3.66413
-87.5 42 3.65843
-87 42 3.65079
-86.5 42 3.65709
-86 42 3.66353
-85.5 42 3.66247
-85 42 3.64757
-84.5 42 3.62244
-84 42 3.60719
-83.5 42 3.60027
-83 42 3.59903
-82.5 42 3.60964
-82 42 3.61733
-81.5 42 3.60797
-118.5 42.5 3.43139
-118 42.5 3.46329
-117.5 42.5 3.48955
-117 42.5 3.50087
-116.5 42.5 3.4959
-116 42.5 3.48105
-115.5 42.5 3.46907
-115 42.5 3.47806
-114.5 42.5 3.49796
-114 42.5 3.50063
-113.5 42.5 3.48534
-113 42.5 3.47011
-112.5 42.5 3.4623
-112 42.5 3.45879
-111.5 42.5 3.43582
-111 42.5 3.39138
-110.5 42.5 3.37321
-110 42.5 3.41558
-109.5 42.5 3.45808
-109 42.5 3.45603
-108.5 42.5 3.43833
-108 42.5 3.44387
-107.5 42.5 3.45768
-107 42.5 3.45968
-106.5 42.5 3.46988
-106 42.5 3.49089
-105.5 42.5 3.5072
-105 42.5 3.50408
-104.5 42.5 3.50381
-104 42.5 3.50438
-103.5 42.5 3.49584
-103 42.5 3.49456
-102.5 42.5 3.50884
-102 42.5 3.52384
-101.5 42.5 3.52387
-101 42.5 3.52138
-99 42.5 3.59174
-98.5 42.5 3.60705
-98 42.5 3.61802
-97.5 42.5 3.61679
-97 42.5 3.60749
-96.5 42.5 3.60685
-96 42.5 3.61244
-95.5 42.5 3.60726
-95 42.5 3.58603
-94.5 42.5 3.56532
-94 42.5 3.55842
-93.5 42.5 3.57015
-93 42.5 3.59548
-92.5 42.5 3.6198
-92 42.5 3.63112
-91.5 42.5 3.63117
-91 42.5 3.62858
-90.5 42.5 3.63055
-90 42.5 3.6425
-89.5 42.5 3.65737
-89 42.5 3.66457
-88.5 42.5 3.66845
-88 42.5 3.66618
-87.5 42.5 3.63435
-87 42.5 3.6136
-86.5 42.5 3.63534
-86 42.5 3.64809
-85.5 42.5 3.65113
-85 42.5 3.64827
-84.5 42.5 3.63098
-84 42.5 3.625
-83.5 42.5 3.63238
-83 42.5 3.63543
-82.5 42.5 3.63396
-82 42.5 3.63548
-81.5 42.5 3.63203
-118.5 43 3.44746
-118 43 3.47817
-117.5 43 3.50296
-117 43 3.51089
-116.5 43 3.50327
-116 43 3.48757
-115.5 43 3.48027
-115 43 3.48252
-114.5 43 3.47765
-114 43 3.45389
-113.5 43 3.4272
-113 43 3.41749
-112.5 43 3.4083
-112 43 3.40109
-111.5 43 3.39417
-111 43 3.38471
-110.5 43 3.39912
-110 43 3.43037
-109.5 43 3.44568
-109 43 3.44545
-108.5 43 3.44709
-108 43 3.46504
-107.5 43 3.48253
-107 43 3.48079
-106.5 43 3.47484
-106 43 3.46726
-105.5 43 3.47363
-105 43 3.48723
-104.5 43 3.50698
-104 43 3.51582
-103.5 43 3.50509
-103 43 3.48933
-102.5 43 3.48657
-102 43 3.49013
-101.5 43 3.49155
-101 43 3.50817
-100.5 43 3.54133
-100 43 3.56063
-99.5 43 3.57263
-99 43 3.5767
-98.5 43 3.58499
-98 43 3.59333
-97.5 43 3.60329
-97 43 3.6154
-96.5 43 3.62791
-96 43 3.6298
-95.5 43 3.6202
-95 43 3.60576
-94.5 43 3.58789
-94 43 3.5699
-93.5 43 3.57018
-93 43 3.59107
-92.5 43 3.61335
-92 43 3.62564
-91.5 43 3.62807
-91 43 3.62354
-90.5 43 3.62806
-90 43 3.64714
-89.5 43 3.66626
-89 43 3.67228
-88.5 43 3.67074
-88 43 3.64962
-87.5 43 3.60925
-87 43 3.61363
-86.5 43 3.65254
-86 43 3.67626
-85.5 43 3.68567
-85 43 3.67017
-84.5 43 3.64891
-84 43 3.64503
-83.5 43 3.6496
-83 43 3.65278
-82.5 43 3.6468
-82 43 3.63829
-81.5 43 3.63123
-118.5 43.5 3.47281
-118 43.5 3.50147
-117.5 43.5 3.51539
-117 43.5 3.5216
-116.5 43.5 3.52095
-116 43.5 3.50536
-115.5 43.5 3.48373
-115 43.5 3.47028
-114.5 43.5 3.45767
-114 43.5 3.43116
-113.5 43.5 3.40416
-113 43.5 3.39027
-112.5 43.5 3.38491
-112 43.5 3.38437
-111.5 43.5 3.38649
-111 43.5 3.38553
-110.5 43.5 3.38731
-110 43.5 3.39778
-109.5 43.5 3.42645
-109 43.5 3.45065
-108.5 43.5 3.45409
-108 43.5 3.47155
-107.5 43.5 3.51385
-107 43.5 3.53149
-106.5 43.5 3.52219
-106 43.5 3.48935
-105.5 43.5 3.47119
-105 43.5 3.48264
-104.5 43.5 3.50483
-104 43.5 3.51835
-103.5 43.5 3.5182
-103 43.5 3.50199
-102.5 43.5 3.49518
-102 43.5 3.49252
-101.5 43.5 3.49118
-101 43.5 3.51339
-100.5 43.5 3.55088
-100 43.5 3.56412
-99.5 43.5 3.57104
-99 43.5 3.58364
-98.5 43.5 3.59973
-98 43.5 3.6126
-97.5 43.5 3.62644
-97 43.5 3.63766
-96.5 43.5 3.64123
-96 43.5 3.63646
-95.5 43.5 3.63126
-95 43.5 3.6251
-94.5 43.5 3.60926
-94 43.5 3.58878
-93.5 43.5 3.5784
-93 43.5 3.57561
-92.5 43.5 3.58908
-92 43.5 3.61147
-91.5 43.5 3.62238
-91 43.5 3.62226
-90.5 43.5 3.63017
-90 43.5 3.64577
-89.5 43.5 3.66261
-89 43.5 3.66755
-88.5 43.5 3.6618
-88 43.5 3.64539
-87.5 43.5 3.62225
-87 43.5 3.64364
-86.5 43.5 3.68571
-86 43.5 3.69566
-85.5 43.5 3.68125
-85 43.5 3.6532
-84.5 43.5 3.63905
-84 43.5 3.64159
-83.5 43.5 3.65352
-83 43.5 3.66004
-82.5 43.5 3.63925
-82 43.5 3.62721
-81.5 43.5 3.64093
-118.5 44 3.50286
-118 44 3.53211
-117.5 44 3.52995
-117 44 3.51785
-116.5 44 3.5156
-116 44 3.50019
-115.5 44 3.46624
-115 44 3.43757
-114.5 44 3.42217
-114 44 3.41833
-113.5 44 3.41928
-113 44 3.41212
-112.5 44 3.39984
-112 44 3.38922
-111.5 44 3.37611
-111 44 3.363
-110.5 44 3.36196
-110 44 3.39132
-109.5 44 3.43594
-109 44 3.45717
-108.5 44 3.46825
-108 44 3.50148
-107.5 44 3.54906
-107 44 3.57011
-106.5 44 3.55657
-106 44 3.52474
-105.5 44 3.49982
-105 44 3.51
-104.5 44 3.52666
-104 44 3.52664
-103.5 44 3.52456
-103 44 3.50703
-102.5 44 3.5014
-102 44 3.51118
-101.5 44 3.52074
-101 44 3.54199
-100.5 44 3.58094
-100 44 3.59903
-99.5 44 3.60536
-99 44 3.62128
-98.5 44 3.6363
-98 44 3.64647
-97.5 44 3.65203
-97 44 3.65319
-96.5 44 3.65205
-96 44 3.64712
-95.5 44 3.64518
-95 44 3.63746
-94.5 44 3.61825
-94 44 3.59876
-93.5 44 3.57446
-93 44 3.55159
-92.5 44 3.56467
-92 44 3.59555
-91.5 44 3.6202
-91 44 3.63046
-90.5 44 3.63522
-90 44 3.64427
-89.5 44 3.6563
-89 44 3.65785
-88.5 44 3.65399
-88 44 3.65317
-87.5 44 3.63194
-87 44 3.63591
-86.5 44 3.67697
-86 44 3.69858
-85.5 44 3.68966
-85 44 3.66538
-84.5 44 3.6455
-84 44 3.63409
-83.5 44 3.64383
-83 44 3.66962
-82.5 44 3.66862
-82 44 3.65071
-81.5 44 3.63781
-118.5 44.5 3.51212
-118 44.5 3.52249
-117.5 44.5 3.52438
-117 44.5 3.52724
-116.5 44.5 3.51969
-116 44.5 3.49378
-115.5 44.5 3.46232
-115 44.5 3.44262
-114.5 44.5 3.42998
-114 44.5 3.42613
-113.5 44.5 3.43372
-113 44.5 3.4361
-112.5 44.5 3.41828
-112 44.5 3.39693
-111.5 44.5 3.38525
-111 44.5 3.37899
-110.5 44.5 3.36924
-110 44.5 3.38567
-109.5 44.5 3.44353
-109 44.5 3.4902
-108.5 44.5 3.51103
-108 44.5 3.53798
-107.5 44.5 3.57837
-107 44.5 3.59118
-106.5 44.5 3.56066
-106 44.5 3.53228
-105.5 44.5 3.52603
-105 44.5 3.5458
-104.5 44.5 3.55557
-104 44.5 3.54243
-103.5 44.5 3.52864
-103 44.5 3.51879
-102.5 44.5 3.51335
-102 44.5 3.52295
-101.5 44.5 3.533
-101 44.5 3.54196
-100.5 44.5 3.57818
-100 44.5 3.62666
-99.5 44.5 3.64159
-99 44.5 3.64756
-98.5 44.5 3.65415
-98 44.5 3.66254
-97.5 44.5 3.66902
-97 44.5 3.67226
-96.5 44.5 3.6689
-96 44.5 3.65972
-95.5 44.5 3.65414
-95 44.5 3.64146
-94.5 44.5 3.62198
-94 44.5 3.59635
-93.5 44.5 3.55747
-93 44.5 3.53938
-92.5 44.5 3.56018
-92 44.5 3.59567
-91.5 44.5 3.62595
-91 44.5 3.64029
-90.5 44.5 3.64245
-90 44.5 3.6448
-89.5 44.5 3.65308
-89 44.5 3.65803
-88.5 44.5 3.65491
-88 44.5 3.6543
-87.5 44.5 3.64587
-87 44.5 3.63891
-86.5 44.5 3.65643
-86 44.5 3.68364
-85.5 44.5 3.68549
-85 44.5 3.67292
-84.5 44.5 3.66767
-84 44.5 3.67041
-83.5 44.5 3.66913
-83 44.5 3.65005
-82.5 44.5 3.62599
-82 44.5 3.63963
-81.5 44.5 3.65743
-118.5 45 3.52937
-118 45 3.54095
-117.5 45 3.53319
-117 45 3.5267
-116.5 45 3.51663
-116 45 3.50538
-115.5 45 3.49179
-115 45 3.4772
-114.5 45 3.46837
-114 45 3.465
-113.5 45 3.45651
-113 45 3.43858
-112.5 45 3.42428
-112 45 3.43002
-111.5 45 3.43087
-111 45 3.40658
-110.5 45 3.39695
-110 45 3.43343
-109.5 45 3.48827
-109 45 3.5175
-108.5 45 3.53095
-108 45 3.55372
-107.5 45 3.58836
-107 45 3.60193
-106.5 45 3.56601
-106 45 3.53286
-105.5 45 3.53529
-105 45 3.56227
-104.5 45 3.57117
-104 45 3.5556
-103.5 45 3.53317
-103 45 3.53596
-102.5 45 3.54098
-102 45 3.54123
-101.5 45 3.54151
-101 45 3.54198
-100.5 45 3.56374
-100 45 3.62315
-99.5 45 3.65832
-99 45 3.66128
-98.5 45 3.66363
-98 45 3.6741
-97.5 45 3.68521
-97 45 3.68805
-96.5 45 3.67897
-96 45 3.66904
-95.5 45 3.66019
-95 45 3.64563
-94.5 45 3.62384
-94 45 3.59671
-93.5 45 3.56582
-93 45 3.55451
-92.5 45 3.5673
-92 45 3.59526
-91.5 45 3.61969
-91 45 3.6385
-90.5 45 3.64739
-90 45 3.65129
-89.5 45 3.65359
-89 45 3.65466
-88.5 45 3.65652
-88 45 3.65727
-87.5 45 3.65008
-87 45 3.63854
-86.5 45 3.6487
-86 45 3.66957
-85.5 45 3.66817
-85 45 3.66316
-84.5 45 3.66585
-84 45 3.67329
-83.5 45 3.67657
-83 45 3.65197
-82.5 45 3.62462
-82 45 3.64733
-81.5 45 3.67496
-118.5 45.5 3.56179
-118 45.5 3.56756
-117.5 45.5 3.55888
-117 45.5 3.55721
-116.5 45.5 3.54597
-116 45.5 3.5323
-115.5 45.5 3.52577
-115 45.5 3.52106
-114.5 45.5 3.50825
-114 45.5 3.48965
-113.5 45.5 3.48347
-113 45.5 3.4825
-112.5 45.5 3.4677
-112 45.5 3.44687
-111.5 45.5 3.43875
-111 45.5 3.44618
-110.5 45.5 3.46303
-110 45.5 3.49237
-109.5 45.5 3.5106
-109 45.5 3.52713
-108.5 45.5 3.55432
-108 45.5 3.57711
-107.5 45.5 3.58061
-107 45.5 3.58213
-106.5 45.5 3.5691
-106 45.5 3.55328
-105.5 45.5 3.55434
-105 45.5 3.57355
-104.5 45.5 3.58082
-104 45.5 3.56455
-103.5 45.5 3.5442
-103 45.5 3.54528
-102.5 45.5 3.55321
-102 45.5 3.55032
-101.5 45.5 3.54803
-101 45.5 3.55715
-100.5 45.5 3.57264
-100 45.5 3.60406
-99.5 45.5 3.64712
-99 45.5 3.67495
-98.5 45.5 3.68482
-98 45.5 3.69369
-97.5 45.5 3.69986
-97 45.5 3.69233
-96.5 45.5 3.68196
-96 45.5 3.67524
-95.5 45.5 3.66076
-95 45.5 3.64328
-94.5 45.5 3.62575
-94 45.5 3.60346
-93.5 45.5 3.57829
-93 45.5 3.56311
-92.5 45.5 3.56639
-92 45.5 3.58531
-91.5 45.5 3.61372
-91 45.5 3.64013
-90.5 45.5 3.65611
-90 45.5 3.65766
-89.5 45.5 3.64986
-89 45.5 3.64449
-88.5 45.5 3.64981
-88 45.5 3.66061
-87.5 45.5 3.66584
-87 45.5 3.64448
-86.5 45.5 3.63252
-86 45.5 3.65102
-85.5 45.5 3.65639
-85 45.5 3.6504
-84.5 45.5 3.65153
-84 45.5 3.65596
-83.5 45.5 3.66234
-83 45.5 3.67004
-82.5 45.5 3.69489
-82 45.5 3.71798
-81.5 45.5 3.68622
-118.5 46 3.59733
-118 46 3.61514
-117.5 46 3.58924
-117 46 3.5739
-116.5 46 3.57958
-116 46 3.5733
-115.5 46 3.55525
-115 46 3.53399
-114.5 46 3.5148
-114 46 3.50679
-113.5 46 3.50636
-113 46 3.49293
-112.5 46 3.47195
-112 46 3.47526
-111.5 46 3.49058
-111 46 3.49255
-110.5 46 3.48936
-110 46 3.49221
-109.5 46 3.50129
-109 46 3.52391
-108.5 46 3.55806
-108 46 3.57515
-107.5 46 3.56013
-107 46 3.55947
-106.5 46 3.57551
-106 46 3.58269
-105.5 46 3.57327
-105 46 3.57594
-104.5 46 3.58891
-104 46 3.57444
-103.5 46 3.55394
-103 46 3.54617
-102.5 46 3.54575
-102 46 3.54268
-101.5 46 3.54118
-101 46 3.56009
-100.5 46 3.5745
-100 46 3.59308
-99.5 46 3.63171
-99 46 3.68175
-98.5 46 3.71138
-98 46 3.71772
-97.5 46 3.71314
-97 46 3.69634
-96.5 46 3.68717
-96 46 3.67745
-95.5 46 3.65761
-95 46 3.64133
-94.5 46 3.6316
-94 46 3.61722
-93.5 46 3.59617
-93 46 3.58082
-92.5 46 3.57264
-92 46 3.57621
-91.5 46 3.60129
-91 46 3.63165
-90.5 46 3.64687
-90 46 3.64538
-89.5 46 3.63591
-89 46 3.63202
-88.5 46 3.64255
-88 46 3.65666
-87.5 46 3.66714
-87 46 3.66295
-86.5 46 3.64249
-86 46 3.62098
-85.5 46 3.62053
-85 46 3.63311
-84.5 46 3.64451
-84 46 3.65281
-83.5 46 3.67892
-83 46 3.71476
-82.5 46 3.72408
-82 46 3.71479
-81.5 46 3.67828
-118.5 46.5 3.61478
-118 46.5 3.63756
-117.5 46.5 3.63891
-117 46.5 3.62894
-116.5 46.5 3.61424
-116 46.5 3.59561
-115.5 46.5 3.57103
-115 46.5 3.54939
-114.5 46.5 3.52711
-114 46.5 3.50835
-113.5 46.5 3.4954
-113 46.5 3.48721
-112.5 46.5 3.4981
-112 46.5 3.51597
-111.5 46.5 3.52673
-111 46.5 3.52384
-110.5 46.5 3.50257
-110 46.5 3.4812
-109.5 46.5 3.49007
-109 46.5 3.51942
-108.5 46.5 3.55303
-108 46.5 3.56872
-107.5 46.5 3.55231
-107 46.5 3.53967
-106.5 46.5 3.56413
-106 46.5 3.58153
-105.5 46.5 3.57225
-105 46.5 3.56802
-104.5 46.5 3.57637
-104 46.5 3.55485
-103.5 46.5 3.5348
-103 46.5 3.54011
-102.5 46.5 3.54434
-102 46.5 3.53937
-101.5 46.5 3.53732
-101 46.5 3.55286
-100.5 46.5 3.5692
-100 46.5 3.59244
-99.5 46.5 3.63811
-99 46.5 3.6926
-98.5 46.5 3.72783
-98 46.5 3.7321
-97.5 46.5 3.71891
-97 46.5 3.70192
-96.5 46.5 3.69073
-96 46.5 3.68133
-95.5 46.5 3.66569
-95 46.5 3.65281
-94.5 46.5 3.64422
-94 46.5 3.63352
-93.5 46.5 3.61854
-93 46.5 3.60962
-92.5 46.5 3.5963
-92 46.5 3.58924
-91.5 46.5 3.59711
-91 46.5 3.60963
-90.5 46.5 3.61215
-90 46.5 3.61183
-89.5 46.5 3.61565
-89 46.5 3.62398
-88.5 46.5 3.63777
-88 46.5 3.65128
-87.5 46.5 3.65161
-87 46.5 3.64473
-86.5 46.5 3.63147
-86 46.5 3.60768
-85.5 46.5 3.59582
-85 46.5 3.60724
-84.5 46.5 3.63992
-84 46.5 3.68218
-83.5 46.5 3.70708
-83 46.5 3.71899
-82.5 46.5 3.73064
-82 46.5 3.73201
-81.5 46.5 3.70626
-118.5 47 3.65927
-118 47 3.6864
-117.5 47 3.67466
-117 47 3.64743
-116.5 47 3.61682
-116 47 3.59457
-115.5 47 3.57509
-115 47 3.54554
-114.5 47 3.51739
-114 47 3.50436
-113.5 47 3.50451
-113 47 3.50692
-112.5 47 3.51591
-112 47 3.5358
-111.5 47 3.55351
-111 47 3.55901
-110.5 47 3.53965
-110 47 3.51456
-109.5 47 3.51245
-109 47 3.52527
-108.5 47 3.541
-108 47 3.54886
-107.5 47 3.55038
-107 47 3.5474
-106.5 47 3.56525
-106 47 3.57968
-105.5 47 3.55394
-105 47 3.53104
-104.5 47 3.53548
-104 47 3.52906
-103.5 47 3.5084
-103 47 3.51221
-102.5 47 3.53303
-102 47 3.54331
-101.5 47 3.54609
-101 47 3.55449
-100.5 47 3.57024
-100 47 3.58903
-99.5 47 3.64026
-99 47 3.6984
-98.5 47 3.7276
-98 47 3.73228
-97.5 47 3.71841
-97 47 3.70375
-96.5 47 3.69481
-96 47 3.68723
-95.5 47 3.67984
-95 47 3.67191
-94.5 47 3.66359
-94 47 3.65616
-93.5 47 3.64611
-93 47 3.6352
-92.5 47 3.6257
-92 47 3.61854
-91.5 47 3.61284
-91 47 3.60641
-90.5 47 3.59765
-90 47 3.59575
-89.5 47 3.60043
-89 47 3.60953
-88.5 47 3.61686
-88 47 3.61446
-87.5 47 3.60063
-87 47 3.59301
-86.5 47 3.59168
-86 47 3.5865
-85.5 47 3.58973
-85 47 3.6067
-84.5 47 3.64121
-84 47 3.67001
-83.5 47 3.69329
-83 47 3.71594
-82.5 47 3.71863
-82 47 3.71764
-81.5 47 3.71345
-118.5 47.5 3.6709
-118 47.5 3.67854
-117.5 47.5 3.66173
-117 47.5 3.64472
-116.5 47.5 3.61748
-116 47.5 3.58406
-115.5 47.5 3.54832
-115 47.5 3.52444
-114.5 47.5 3.51845
-114 47.5 3.51612
-113.5 47.5 3.5155
-113 47.5 3.5185
-112.5 47.5 3.53292
-112 47.5 3.55269
-111.5 47.5 3.56577
-111 47.5 3.57822
-110.5 47.5 3.57797
-110 47.5 3.55378
-109.5 47.5 3.53758
-109 47.5 3.53731
-108.5 47.5 3.54011
-108 47.5 3.54784
-107.5 47.5 3.55767
-107 47.5 3.56862
-106.5 47.5 3.57865
-106 47.5 3.58356
-105.5 47.5 3.56298
-105 47.5 3.533
-104.5 47.5 3.51933
-104 47.5 3.52122
-103.5 47.5 3.51596
-103 47.5 3.50239
-102.5 47.5 3.50632
-102 47.5 3.52981
-101.5 47.5 3.54986
-101 47.5 3.55915
-100.5 47.5 3.56944
-100 47.5 3.58534
-99.5 47.5 3.62895
-99 47.5 3.68592
-98.5 47.5 3.71671
-98 47.5 3.72104
-97.5 47.5 3.71163
-97 47.5 3.70011
-96.5 47.5 3.69486
-96 47.5 3.69209
-95.5 47.5 3.68852
-95 47.5 3.68138
-94.5 47.5 3.67537
-94 47.5 3.67569
-93.5 47.5 3.67074
-93 47.5 3.66106
-92.5 47.5 3.65945
-92 47.5 3.65874
-91.5 47.5 3.64807
-91 47.5 3.62659
-90.5 47.5 3.60294
-90 47.5 3.58975
-89.5 47.5 3.59
-89 47.5 3.60115
-88.5 47.5 3.60614
-88 47.5 3.5902
-87.5 47.5 3.56921
-87 47.5 3.56102
-86.5 47.5 3.56181
-86 47.5 3.56623
-85.5 47.5 3.56672
-85 47.5 3.57773
-84.5 47.5 3.6069
-84 47.5 3.62819
-83.5 47.5 3.64988
-83 47.5 3.66358
-82.5 47.5 3.667
-82 47.5 3.67796
-81.5 47.5 3.68164
-118.5 48 3.64782
-118 48 3.64887
-117.5 48 3.63648
-117 48 3.61926
-116.5 48 3.58453
-116 48 3.55299
-115.5 48 3.53821
-115 48 3.52758
-114.5 48 3.523
-114 48 3.51804
-113.5 48 3.5161
-113 48 3.53011
-112.5 48 3.55677
-112 48 3.57522
-111.5 48 3.57964
-111 48 3.58018
-110.5 48 3.58537
-110 48 3.57903
-109.5 48 3.5625
-109 48 3.55269
-108.5 48 3.55205
-108 48 3.5579
-107.5 48 3.56694
-107 48 3.56908
-106.5 48 3.5733
-106 48 3.57774
-105.5 48 3.57363
-105 48 3.55574
-104.5 48 3.54407
-104 48 3.53796
-103.5 48 3.52907
-103 48 3.51731
-102.5 48 3.51965
-102 48 3.53166
-101.5 48 3.54529
-101 48 3.55365
-100.5 48 3.56159
-100 48 3.59155
-99.5 48 3.63905
-99 48 3.68072
-98.5 48 3.70265
-98 48 3.70701
-97.5 48 3.70106
-97 48 3.69541
-96.5 48 3.69498
-96 48 3.6913
-95.5 48 3.68454
-95 48 3.67976
-94.5 48 3.6824
-94 48 3.68746
-93.5 48 3.6821
-93 48 3.67056
-92.5 48 3.65825
-92 48 3.65744
-91.5 48 3.65414
-91 48 3.63658
-90.5 48 3.60973
-90 48 3.5929
-89.5 48 3.59008
-89 48 3.59386
-88.5 48 3.58714
-88 48 3.56851
-87.5 48 3.55757
-87 48 3.56098
-86.5 48 3.56944
-86 48 3.57267
-85.5 48 3.57142
-85 48 3.56569
-84.5 48 3.56153
-84 48 3.56716
-83.5 48 3.57622
-83 48 3.57852
-82.5 48 3.57432
-82 48 3.59083
-81.5 48 3.61503
-118.5 48.5 3.64849
-118 48.5 3.6419
-117.5 48.5 3.61683
-117 48.5 3.58033
-116.5 48.5 3.55892
-116 48.5 3.54974
-115.5 48.5 3.5382
-115 48.5 3.51568
-114.5 48.5 3.50361
-114 48.5 3.50935
-113.5 48.5 3.52848
-113 48.5 3.54799
-112.5 48.5 3.56766
-112 48.5 3.58518
-111.5 48.5 3.58168
-111 48.5 3.57923
-110.5 48.5 3.58774
-110 48.5 3.59272
-109.5 48.5 3.58402
-109 48.5 3.5708
-108.5 48.5 3.56587
-108 48.5 3.56045
-107.5 48.5 3.56251
-107 48.5 3.56597
-106.5 48.5 3.5673
-106 48.5 3.56555
-105.5 48.5 3.55883
-105 48.5 3.55627
-104.5 48.5 3.55659
-104 48.5 3.54289
-103.5 48.5 3.52826
-103 48.5 3.53245
-102.5 48.5 3.56236
-102 48.5 3.56384
-101.5 48.5 3.55074
-101 48.5 3.54625
-100.5 48.5 3.56133
-100 48.5 3.60441
-99.5 48.5 3.65691
-99 48.5 3.68925
-98.5 48.5 3.69696
-98 48.5 3.69839
-97.5 48.5 3.69342
-97 48.5 3.69136
-96.5 48.5 3.69172
-96 48.5 3.687
-95.5 48.5 3.68193
-95 48.5 3.67899
-94.5 48.5 3.67994
-94 48.5 3.67115
-93.5 48.5 3.66177
-93 48.5 3.63773
-92.5 48.5 3.60828
-92 48.5 3.60645
-91.5 48.5 3.60533
-91 48.5 3.59039
-90.5 48.5 3.57276
-90 48.5 3.56584
-89.5 48.5 3.56952
-89 48.5 3.57497
-88.5 48.5 3.57165
-88 48.5 3.56674
-87.5 48.5 3.56165
-87 48.5 3.56054
-86.5 48.5 3.55873
-86 48.5 3.55871
-85.5 48.5 3.56341
-85 48.5 3.56611
-84.5 48.5 3.56276
-84 48.5 3.55732
-83.5 48.5 3.56131
-83 48.5 3.56839
-82.5 48.5 3.57142
-82 48.5 3.56497
-81.5 48.5 3.56898
