-118.5 25.5 3.87647
-118 25.5 3.98193
-117.5 25.5 3.95206
-117 25.5 3.95988
-116.5 25.5 3.94972
-116 25.5 3.92583
-115.5 25.5 3.96164
-115 25.5 3.95155
-114.5 25.5 3.96707
-114 25.5 3.92839
-113.5 25.5 3.98207
-113 25.5 3.95962
-112.5 25.5 3.98062
-112 25.5 3.97172
-111.5 25.5 3.95684
-111 25.5 3.95267
-110.5 25.5 3.95725
-110 25.5 3.9762
-109.5 25.5 3.98604
-109 25.5 3.97853
-108.5 25.5 3.98221
-108 25.5 3.98257
-107.5 25.5 3.97594
-107 25.5 3.93985
-106.5 25.5 3.9546
-106 25.5 3.96051
-105.5 25.5 3.9618
-105 25.5 3.97165
-104.5 25.5 3.98802
-104 25.5 3.9517
-103.5 25.5 3.96755
-103 25.5 3.95852
-102.5 25.5 3.93634
-102 25.5 3.99567
-101.5 25.5 3.98596
-101 25.5 3.95776
-100.5 25.5 3.97885
-100 25.5 4.00788
-99.5 25.5 3.93498
-99 25.5 3.96373
-98.5 25.5 3.98609
-98 25.5 4.0547
-97.5 25.5 4.01771
-97 25.5 4.01623
-96.5 25.5 3.98314
-96 25.5 4.00707
-95.5 25.5 3.96952
-95 25.5 3.99803
-94.5 25.5 3.95132
-94 25.5 3.94294
-93.5 25.5 3.97912
-93 25.5 3.90923
-92.5 25.5 3.96989
-92 25.5 3.96335
-91.5 25.5 3.98121
-91 25.5 3.98457
-90.5 25.5 4.05422
-90 25.5 4.0097
-89.5 25.5 3.98583
-89 25.5 3.97301
-88.5 25.5 3.96792
-88 25.5 3.99578
-87.5 25.5 3.99623
-87 25.5 3.99229
-86.5 25.5 3.94399
-86 25.5 3.94244
-85.5 25.5 4.01388
-85 25.5 3.97924
-84.5 25.5 3.95472
-84 25.5 3.94999
-83.5 25.5 3.93685
-83 25.5 3.90942
-82.5 25.5 3.88257
-82 25.5 3.89828
-81.5 25.5 3.87652
-118.5 26 3.91098
-118 26 4.00283
-117.5 26 3.95446
-117 26 3.96331
-116.5 26 3.91905
-116 26 3.94851
-115.5 26 3.94771
-115 26 3.93926
-114.5 26 3.94812
-114 26 3.96679
-113.5 26 3.95869
-113 26 3.94752
-112.5 26 3.94184
-112 26 3.9262
-111.5 26 3.9194
-111 26 3.93571
-110.5 26 3.92819
-110 26 3.93501
-109.5 26 3.9059
-109 26 3.94484
-108.5 26 3.9359
-108 26 3.92647
-107.5 26 3.92052
-107 26 3.936
-106.5 26 3.93516
-106 26 3.93575
-105.5 26 3.9403
-105 26 3.9523
-104.5 26 3.96604
-104 26 3.96608
-103.5 26 3.94977
-103 26 3.94976
-102.5 26 3.94391
-102 26 3.93878
-101.5 26 3.93979
-101 26 3.95658
-100.5 26 3.95111
-100 26 3.97602
-99.5 26 3.91918
-99 26 3.88563
-98.5 26 3.84852
-98 26 3.90008
-97.5 26 3.87399
-97 26 3.94505
-96.5 26 3.99312
-96 26 3.95413
-95.5 26 3.93568
-95 26 3.87845
-94.5 26 3.89898
-94 26 3.85165
-93.5 26 3.89827
-93 26 3.88764
-92.5 26 3.89025
-92 26 3.90998
-91.5 26 3.91361
-91 26 3.91334
-90.5 26 3.93187
-90 26 3.98341
-89.5 26 3.96142
-89 26 3.96251
-88.5 26 3.95891
-88 26 3.91933
-87.5 26 3.96136
-87 26 3.94782
-86.5 26 3.99082
-86 26 3.93546
-85.5 26 3.93199
-85 26 3.96071
-84.5 26 3.972
-84 26 3.96427
-83.5 26 3.93663
-83 26 3.91683
-82.5 26 3.93869
-82 26 3.92274
-81.5 26 3.89451
-118.5 26.5 3.89589
-118 26.5 3.97859
-117.5 26.5 3.96129
-117 26.5 3.96255
-116.5 26.5 3.94782
-116 26.5 3.96602
-115.5 26.5 3.92224
-115 26.5 3.95343
-114.5 26.5 3.96962
-114 26.5 3.97036
-113.5 26.5 3.95745
-113 26.5 3.95482
-112.5 26.5 3.92191
-112 26.5 3.94831
-111.5 26.5 3.95417
-111 26.5 3.94643
-110.5 26.5 3.924
-110 26.5 3.94306
-109.5 26.5 3.94793
-109 26.5 3.92994
-108.5 26.5 3.9423
-108 26.5 3.94989
-107.5 26.5 3.94858
-107 26.5 3.96944
-106.5 26.5 3.92445
-106 26.5 3.93886
-105.5 26.5 3.96003
-105 26.5 3.96529
-104.5 26.5 3.95977
-104 26.5 3.97419
-103.5 26.5 3.94516
-103 26.5 3.9204
-102.5 26.5 3.92608
-102 26.5 3.91778
-101.5 26.5 3.93284
-101 26.5 3.9576
-100.5 26.5 3.95744
-100 26.5 3.91476
-99.5 26.5 3.91768
-99 26.5 3.88813
-98.5 26.5 3.88345
-98 26.5 3.81047
-97.5 26.5 3.86808
-97 26.5 3.93209
-96.5 26.5 3.95299
-96 26.5 3.97958
-95.5 26.5 3.97291
-95 26.5 3.90583
-94.5 26.5 3.95355
-94 26.5 3.97059
-93.5 26.5 3.90219
-93 26.5 3.92792
-92.5 26.5 3.92267
-92 26.5 3.91775
-91.5 26.5 3.89972
-91 26.5 3.93869
-90.5 26.5 3.91731
-90 26.5 3.97262
-89.5 26.5 3.97963
-89 26.5 3.95582
-88.5 26.5 3.94605
-88 26.5 3.95164
-87.5 26.5 3.94041
-87 26.5 3.9594
-86.5 26.5 3.96225
-86 26.5 3.95315
-85.5 26.5 3.9724
-85 26.5 3.9572
-84.5 26.5 3.9847
-84 26.5 3.97527
-83.5 26.5 3.96283
-83 26.5 3.94565
-82.5 26.5 3.95077
-82 26.5 3.92267
-81.5 26.5 3.81139
-118.5 27 3.91826
-118 27 3.96408
-117.5 27 3.95302
-117 27 3.95471
-116.5 27 3.9527
-116 27 3.95439
-115.5 27 3.95984
-115 27 3.94649
-114.5 27 3.95355
-114 27 3.96453
-113.5 27 3.96551
-113 27 3.94487
-112.5 27 3.94918
-112 27 3.93577
-111.5 27 3.94803
-111 27 3.92024
-110.5 27 3.93386
-110 27 3.924
-109.5 27 3.92015
-109 27 3.92169
-108.5 27 3.92132
-108 27 3.93928
-107.5 27 3.94542
-107 27 3.9009
-106.5 27 3.93522
-106 27 3.9328
-105.5 27 3.94232
-105 27 3.9586
-104.5 27 3.94969
-104 27 3.94176
-103.5 27 3.95437
-103 27 3.9109
-102.5 27 3.94636
-102 27 3.9104
-101.5 27 3.9331
-101 27 3.9609
-100.5 27 3.964
-100 27 3.90544
-99.5 27 3.88966
-99 27 3.87883
-98.5 27 3.89707
-98 27 3.87096
-97.5 27 3.88884
-97 27 3.86936
-96.5 27 3.89607
-96 27 4.0126
-95.5 27 4.03675
-95 27 4.04044
-94.5 27 4.00829
-94 27 4.00889
-93.5 27 3.99158
-93 27 3.94046
-92.5 27 3.91418
-92 27 3.89854
-91.5 27 3.85047
-91 27 3.88904
-90.5 27 3.91406
-90 27 3.90173
-89.5 27 3.96709
-89 27 3.97137
-88.5 27 3.93299
-88 27 3.89996
-87.5 27 3.90965
-87 27 3.93101
-86.5 27 3.92754
-86 27 3.91253
-85.5 27 3.91979
-85 27 3.95056
-84.5 27 3.95422
-84 27 3.96114
-83.5 27 3.95458
-83 27 3.96607
-82.5 27 3.96094
-82 27 3.9798
-81.5 27 3.85012
-118.5 27.5 3.91104
-118 27.5 3.97123
-117.5 27.5 3.95853
-117 27.5 3.96121
-116.5 27.5 3.95033
-116 27.5 3.95272
-115.5 27.5 3.94801
-115 27.5 3.96682
-114.5 27.5 3.95146
-114 27.5 3.95221
-113.5 27.5 3.96604
-113 27.5 3.96674
-112.5 27.5 3.95249
-112 27.5 3.94748
-111.5 27.5 3.93039
-111 27.5 3.94751
-110.5 27.5 3.93884
-110 27.5 3.9001
-109.5 27.5 3.93904
-109 27.5 3.93942
-108.5 27.5 3.93316
-108 27.5 3.93883
-107.5 27.5 3.93034
-107 27.5 3.93263
-106.5 27.5 3.94698
-106 27.5 3.91413
-105.5 27.5 3.93568
-105 27.5 3.93802
-104.5 27.5 3.92833
-104 27.5 3.92346
-103.5 27.5 3.94202
-103 27.5 3.91516
-102.5 27.5 3.93586
-102 27.5 3.92013
-101.5 27.5 3.90952
-101 27.5 3.95738
-100.5 27.5 3.96266
-100 27.5 3.96623
-99.5 27.5 3.90237
-99 27.5 3.83789
-98.5 27.5 3.85079
-98 27.5 3.8792
-97.5 27.5 3.9158
-97 27.5 3.89884
-96.5 27.5 3.91502
-96 27.5 3.96899
-95.5 27.5 3.9871
-95 27.5 4.0189
-94.5 27.5 4.02477
-94 27.5 3.99081
-93.5 27.5 3.9934
-93 27.5 3.96183
-92.5 27.5 3.94772
-92 27.5 3.93777
-91.5 27.5 3.94656
-91 27.5 3.89264
-90.5 27.5 3.92193
-90 27.5 3.94152
-89.5 27.5 3.93268
-89 27.5 3.92509
-88.5 27.5 3.98926
-88 27.5 3.93767
-87.5 27.5 3.92698
-87 27.5 3.90005
-86.5 27.5 3.90608
-86 27.5 3.90839
-85.5 27.5 3.91769
-85 27.5 3.93278
-84.5 27.5 3.95323
-84 27.5 3.93253
-83.5 27.5 3.98694
-83 27.5 3.99934
-82.5 27.5 4.00208
-82 27.5 4.00843
-81.5 27.5 3.91635
-118.5 28 3.89058
-118 28 3.96123
-117.5 28 3.94096
-117 28 3.95442
-116.5 28 3.95561
-116 28 3.96102
-115.5 28 3.95408
-115 28 3.95485
-114.5 28 3.95329
-114 28 3.95117
-113.5 28 3.9715
-113 28 3.9552
-112.5 28 3.97141
-112 28 3.95679
-111.5 28 3.94505
-111 28 3.93831
-110.5 28 3.92479
-110 28 3.94893
-109.5 28 3.94374
-109 28 3.94275
-108.5 28 3.94767
-108 28 3.94103
-107.5 28 3.96666
-107 28 3.96029
-106.5 28 3.88567
-106 28 3.97258
-105.5 28 3.93665
-105 28 3.92613
-104.5 28 3.91835
-104 28 3.94145
-103.5 28 3.9181
-103 28 3.92577
-102.5 28 3.92897
-102 28 3.9411
-101.5 28 3.90821
-101 28 3.94481
-100.5 28 3.94561
-100 28 3.96525
-99.5 28 3.93725
-99 28 3.88611
-98.5 28 3.86191
-98 28 3.87186
-97.5 28 3.91147
-97 28 3.97314
-96.5 28 3.95126
-96 28 3.92799
-95.5 28 3.95448
-95 28 3.93568
-94.5 28 3.98239
-94 28 4.00212
-93.5 28 4.01737
-93 28 4.02027
-92.5 28 3.99685
-92 28 3.98913
-91.5 28 4.03071
-91 28 3.99628
-90.5 28 3.972
-90 28 3.97965
-89.5 28 4.00232
-89 28 3.96284
-88.5 28 3.97662
-88 28 4.00359
-87.5 28 3.99599
-87 28 3.93426
-86.5 28 3.93229
-86 28 3.94279
-85.5 28 3.94702
-85 28 3.9279
-84.5 28 3.94819
-84 28 3.92595
-83.5 28 3.95886
-83 28 4.02377
-82.5 28 4.07024
-82 28 4.08181
-81.5 28 3.97489
-118.5 28.5 3.90422
-118 28.5 3.98518
-117.5 28.5 3.91318
-117 28.5 3.95166
-116.5 28.5 3.96259
-116 28.5 3.94851
-115.5 28.5 3.95479
-115 28.5 3.95594
-114.5 28.5 3.956
-114 28.5 3.98158
-113.5 28.5 3.95202
-113 28.5 3.95786
-112.5 28.5 3.97001
-112 28.5 3.97179
-111.5 28.5 3.95204
-111 28.5 3.94063
-110.5 28.5 3.93875
-110 28.5 3.94937
-109.5 28.5 3.93901
-109 28.5 3.94008
-108.5 28.5 3.94185
-108 28.5 3.97128
-107.5 28.5 3.94727
-107 28.5 3.89197
-106.5 28.5 3.9596
-106 28.5 3.94864
-105.5 28.5 3.92492
-105 28.5 3.94081
-104.5 28.5 3.91834
-104 28.5 3.94436
-103.5 28.5 3.94556
-103 28.5 3.93841
-102.5 28.5 3.93828
-102 28.5 3.95983
-101.5 28.5 3.96376
-101 28.5 3.93819
-100.5 28.5 3.93225
-100 28.5 3.89263
-99.5 28.5 3.94724
-99 28.5 3.94334
-98.5 28.5 3.92312
-98 28.5 3.90932
-97.5 28.5 3.92621
-97 28.5 3.93341
-96.5 28.5 3.88948
-96 28.5 3.87947
-95.5 28.5 3.94293
-95 28.5 3.9436
-94.5 28.5 3.95223
-94 28.5 3.99507
-93.5 28.5 4.00203
-93 28.5 4.03513
-92.5 28.5 4.02016
-92 28.5 4.02559
-91.5 28.5 4.02059
-91 28.5 4.01159
-90.5 28.5 3.98631
-90 28.5 3.96761
-89.5 28.5 3.98439
-89 28.5 4.00232
-88.5 28.5 3.99036
-88 28.5 4.0043
-87.5 28.5 4.00146
-87 28.5 4.00516
-86.5 28.5 3.97084
-86 28.5 3.98828
-85.5 28.5 3.9826
-85 28.5 3.94767
-84.5 28.5 3.97824
-84 28.5 3.96105
-83.5 28.5 3.94104
-83 28.5 3.95792
-82.5 28.5 4.01406
-82 28.5 4.06971
-81.5 28.5 4.07898
-118.5 29 3.89976
-118 29 3.95238
-117.5 29 3.94696
-117 29 3.95664
-116.5 29 3.92849
-116 29 3.95722
-115.5 29 3.9639
-115 29 3.96197
-114.5 29 3.96095
-114 29 3.95178
-113.5 29 3.94555
-113 29 3.9561
-112.5 29 3.95519
-112 29 3.9633
-111.5 29 3.96422
-111 29 3.94218
-110.5 29 3.9445
-110 29 3.96784
-109.5 29 3.9582
-109 29 3.94942
-108.5 29 3.94003
-108 29 3.94613
-107.5 29 3.91302
-107 29 3.9382
-106.5 29 3.95406
-106 29 3.89661
-105.5 29 3.93317
-105 29 3.90239
-104.5 29 3.91346
-104 29 3.93123
-103.5 29 3.89966
-103 29 3.91729
-102.5 29 3.92789
-102 29 3.94336
-101.5 29 3.95229
-101 29 3.92346
-100.5 29 3.91878
-100 29 3.9097
-99.5 29 3.91974
-99 29 3.95568
-98.5 29 3.95613
-98 29 3.95952
-97.5 29 3.96483
-97 29 3.92243
-96.5 29 3.86393
-96 29 3.87289
-95.5 29 3.88839
-95 29 3.93126
-94.5 29 3.915
-94 29 3.92497
-93.5 29 3.91696
-93 29 3.95678
-92.5 29 3.98686
-92 29 3.95294
-91.5 29 3.99531
-91 29 3.98132
-90.5 29 3.96743
-90 29 3.93707
-89.5 29 3.93419
-89 29 3.96119
-88.5 29 3.96544
-88 29 4.0077
-87.5 29 3.96534
-87 29 3.99141
-86.5 29 3.992
-86 29 3.99566
-85.5 29 3.98599
-85 29 3.96483
-84.5 29 3.9459
-84 29 3.99743
-83.5 29 4.00419
-83 29 3.97704
-82.5 29 3.95143
-82 29 3.99666
-81.5 29 4.01028
-118.5 29.5 3.90136
-118 29.5 3.96698
-117.5 29.5 3.93773
-117 29.5 3.9648
-116.5 29.5 3.98139
-116 29.5 3.95642
-115.5 29.5 3.94945
-115 29.5 3.95208
-114.5 29.5 3.95061
-114 29.5 3.94016
-113.5 29.5 3.93788
-113 29.5 3.93748
-112.5 29.5 3.95993
-112 29.5 3.96727
-111.5 29.5 3.99257
-111 29.5 3.96408
-110.5 29.5 3.97813
-110 29.5 3.94856
-109.5 29.5 3.9548
-109 29.5 3.9482
-108.5 29.5 3.93958
-108 29.5 3.9395
-107.5 29.5 3.94795
-107 29.5 3.95778
-106.5 29.5 3.92407
-106 29.5 3.97707
-105.5 29.5 3.91841
-105 29.5 3.90441
-104.5 29.5 3.913
-104 29.5 3.89307
-103.5 29.5 3.84155
-103 29.5 3.89187
-102.5 29.5 3.89498
-102 29.5 3.91294
-101.5 29.5 3.91939
-101 29.5 3.93397
-100.5 29.5 3.93527
-100 29.5 3.98218
-99.5 29.5 3.94414
-99 29.5 3.9785
-98.5 29.5 3.97648
-98 29.5 4.00762
-97.5 29.5 3.97541
-97 29.5 3.95438
-96.5 29.5 3.94069
-96 29.5 3.90306
-95.5 29.5 3.86439
-95 29.5 3.9115
-94.5 29.5 3.88911
-94 29.5 3.81853
-93.5 29.5 3.84738
-93 29.5 3.85093
-92.5 29.5 3.91703
-92 29.5 3.90223
-91.5 29.5 3.90355
-91 29.5 3.94473
-90.5 29.5 3.91724
-90 29.5 3.90309
-89.5 29.5 3.89775
-89 29.5 3.92647
-88.5 29.5 3.95194
-88 29.5 3.96018
-87.5 29.5 3.9986
-87 29.5 3.97916
-86.5 29.5 4.00519
-86 29.5 3.99867
-85.5 29.5 3.97169
-85 29.5 3.98329
-84.5 29.5 3.96216
-84 29.5 3.9795
-83.5 29.5 4.00062
-83 29.5 4.02014
-82.5 29.5 3.98136
-82 29.5 3.99063
-81.5 29.5 3.97473
-118.5 30 3.91403
-118 30 3.95997
-117.5 30 3.93704
-117 30 3.95692
-116.5 30 3.96756
-116 30 3.9601
-115.5 30 3.941
-115 30 3.96455
-114.5 30 3.95699
-114 30 3.92726
-113.5 30 3.93551
-113 30 3.94176
-112.5 30 3.96283
-112 30 3.98203
-111.5 30 3.9331
-111 30 3.96497
-110.5 30 3.95933
-110 30 3.94512
-109.5 30 3.93886
-109 30 3.95814
-108.5 30 3.95689
-108 30 3.92472
-107.5 30 3.95748
-107 30 3.95276
-106.5 30 3.96458
-106 30 3.93816
-105.5 30 3.92542
-105 30 3.90348
-104.5 30 3.8811
-104 30 3.84842
-103.5 30 3.83408
-103 30 3.8423
-102.5 30 3.84341
-102 30 3.8793
-101.5 30 3.91318
-101 30 3.94027
-100.5 30 3.96866
-100 30 3.98713
-99.5 30 3.99018
-99 30 3.99931
-98.5 30 4.01
-98 30 4.0267
-97.5 30 3.98118
-97 30 3.98136
-96.5 30 4.00847
-96 30 3.96224
-95.5 30 3.94224
-95 30 3.93322
-94.5 30 3.96734
-94 30 3.92056
-93.5 30 3.90259
-93 30 3.88315
-92.5 30 3.85467
-92 30 3.90194
-91.5 30 3.8823
-91 30 3.91488
-90.5 30 3.93554
-90 30 3.93288
-89.5 30 3.90425
-89 30 3.91002
-88.5 30 3.93709
-88 30 3.93028
-87.5 30 3.96546
-87 30 3.98913
-86.5 30 3.99487
-86 30 3.98733
-85.5 30 4.03723
-85 30 4.00523
-84.5 30 3.99337
-84 30 3.9948
-83.5 30 4.0082
-83 30 4.01315
-82.5 30 4.0096
-82 30 4.02279
-81.5 30 3.97041
-118.5 30.5 3.89453
-118 30.5 3.94343
-117.5 30.5 3.9347
-117 30.5 3.94824
-116.5 30.5 3.95217
-116 30.5 3.94983
-115.5 30.5 3.97932
-115 30.5 3.96219
-114.5 30.5 3.92705
-114 30.5 3.93396
-113.5 30.5 3.95096
-113 30.5 3.95025
-112.5 30.5 3.94368
-112 30.5 3.91831
-111.5 30.5 3.94541
-111 30.5 3.95806
-110.5 30.5 3.94848
-110 30.5 3.9429
-109.5 30.5 3.95054
-109 30.5 3.94442
-108.5 30.5 3.91745
-108 30.5 3.93969
-107.5 30.5 3.94614
-107 30.5 3.94821
-106.5 30.5 3.93327
-106 30.5 3.90266
-105.5 30.5 3.91127
-105 30.5 3.85017
-104.5 30.5 3.83337
-104 30.5 3.81685
-103.5 30.5 3.82846
-103 30.5 3.83267
-102.5 30.5 3.86221
-102 30.5 3.88204
-101.5 30.5 3.92117
-101 30.5 3.93221
-100.5 30.5 3.96914
-100 30.5 3.99186
-99.5 30.5 4.01134
-99 30.5 4.02488
-98.5 30.5 4.02293
-98 30.5 4.00735
-97.5 30.5 3.97057
-97 30.5 4.00094
-96.5 30.5 4.0079
-96 30.5 3.98152
-95.5 30.5 4.01205
-95 30.5 3.98744
-94.5 30.5 4.01728
-94 30.5 4.0475
-93.5 30.5 3.98634
-93 30.5 3.97672
-92.5 30.5 3.92529
-92 30.5 3.89714
-91.5 30.5 3.90112
-91 30.5 3.90158
-90.5 30.5 3.91684
-90 30.5 3.94076
-89.5 30.5 3.95003
-89 30.5 3.94676
-88.5 30.5 3.94011
-88 30.5 3.9637
-87.5 30.5 3.95853
-87 30.5 3.98076
-86.5 30.5 4.01609
-86 30.5 4.01286
-85.5 30.5 4.01208
-85 30.5 4.02793
-84.5 30.5 4.0062
-84 30.5 4.01879
-83.5 30.5 4.00866
-83 30.5 3.99535
-82.5 30.5 3.99312
-82 30.5 4.04806
-81.5 30.5 3.99376
-118.5 31 3.93272
-118 31 3.91804
-117.5 31 3.92904
-117 31 3.95409
-116.5 31 3.92019
-116 31 3.94083
-115.5 31 3.96489
-115 31 3.96125
-114.5 31 3.93908
-114 31 3.94856
-113.5 31 3.98672
-113 31 3.95968
-112.5 31 3.9545
-112 31 3.94648
-111.5 31 3.94749
-111 31 3.93352
-110.5 31 3.94515
-110 31 3.89625
-109.5 31 3.87856
-109 31 3.88003
-108.5 31 3.88744
-108 31 3.89965
-107.5 31 3.90692
-107 31 3.9369
-106.5 31 3.92047
-106 31 3.89699
-105.5 31 3.83347
-105 31 3.83628
-104.5 31 3.81679
-104 31 3.82988
-103.5 31 3.85613
-103 31 3.87021
-102.5 31 3.91104
-102 31 3.9231
-101.5 31 3.97294
-101 31 3.96099
-100.5 31 3.96225
-100 31 4.00969
-99.5 31 4.0324
-99 31 4.04638
-98.5 31 4.03962
-98 31 4.03735
-97.5 31 3.98317
-97 31 3.99767
-96.5 31 3.99562
-96 31 3.95108
-95.5 31 3.97241
-95 31 3.96951
-94.5 31 3.9913
-94 31 4.02627
-93.5 31 3.97146
-93 31 3.96275
-92.5 31 3.94739
-92 31 3.9302
-91.5 31 3.92839
-91 31 3.92012
-90.5 31 3.92782
-90 31 3.943
-89.5 31 3.98149
-89 31 3.95911
-88.5 31 3.9843
-88 31 3.99786
-87.5 31 4.01544
-87 31 3.99913
-86.5 31 4.01464
-86 31 4.04975
-85.5 31 4.02523
-85 31 4.02737
-84.5 31 4.01
-84 31 4.01388
-83.5 31 4.00588
-83 31 3.99761
-82.5 31 3.97987
-82 31 4.03364
-81.5 31 3.99577
-118.5 31.5 3.9339
-118 31.5 3.93939
-117.5 31.5 3.94513
-117 31.5 3.91827
-116.5 31.5 3.9362
-116 31.5 3.93801
-115.5 31.5 3.93936
-115 31.5 3.95041
-114.5 31.5 3.95219
-114 31.5 3.98287
-113.5 31.5 3.96524
-113 31.5 3.95366
-112.5 31.5 3.95562
-112 31.5 3.92734
-111.5 31.5 3.92395
-111 31.5 3.91955
-110.5 31.5 3.86213
-110 31.5 3.82971
-109.5 31.5 3.82429
-109 31.5 3.82711
-108.5 31.5 3.82554
-108 31.5 3.82489
-107.5 31.5 3.87012
-107 31.5 3.89274
-106.5 31.5 3.85718
-106 31.5 3.83647
-105.5 31.5 3.82419
-105 31.5 3.84342
-104.5 31.5 3.84246
-104 31.5 3.85468
-103.5 31.5 3.87699
-103 31.5 3.90772
-102.5 31.5 3.94128
-102 31.5 3.97586
-101.5 31.5 3.98037
-101 31.5 3.97741
-100.5 31.5 3.97409
-100 31.5 3.98745
-99.5 31.5 4.03474
-99 31.5 4.03234
-98.5 31.5 4.0352
-98 31.5 4.02487
-97.5 31.5 4.02115
-97 31.5 3.99895
-96.5 31.5 3.99121
-96 31.5 3.99338
-95.5 31.5 3.97132
-95 31.5 3.98646
-94.5 31.5 3.96599
-94 31.5 3.95101
-93.5 31.5 3.99179
-93 31.5 3.97421
-92.5 31.5 3.9619
-92 31.5 3.94765
-91.5 31.5 3.95524
-91 31.5 3.94712
-90.5 31.5 3.94261
-90 31.5 3.9755
-89.5 31.5 3.97655
-89 31.5 4.00355
-88.5 31.5 3.99278
-88 31.5 4.02249
-87.5 31.5 4.02579
-87 31.5 4.03752
-86.5 31.5 4.04553
-86 31.5 4.04043
-85.5 31.5 4.03245
-85 31.5 4.03887
-84.5 31.5 4.03207
-84 31.5 4.02864
-83.5 31.5 4.02081
-83 31.5 4.01315
-82.5 31.5 3.98906
-82 31.5 4.02771
-81.5 31.5 3.98852
-118.5 32 3.93045
-118 32 3.92283
-117.5 32 3.93432
-117 32 3.96567
-116.5 32 3.94114
-116 32 3.90826
-115.5 32 3.93504
-115 32 3.93608
-114.5 32 3.92144
-114 32 3.93669
-113.5 32 3.94038
-113 32 3.93152
-112.5 32 3.89545
-112 32 3.89218
-111.5 32 3.88077
-111 32 3.86952
-110.5 32 3.84891
-110 32 3.82925
-109.5 32 3.79695
-109 32 3.80177
-108.5 32 3.78354
-108 32 3.78464
-107.5 32 3.79421
-107 32 3.78499
-106.5 32 3.78653
-106 32 3.79684
-105.5 32 3.82795
-105 32 3.83787
-104.5 32 3.86644
-104 32 3.8638
-103.5 32 3.89536
-103 32 3.93173
-102.5 32 3.95391
-102 32 3.98871
-101.5 32 3.9872
-101 32 4.0012
-100.5 32 3.99427
-100 32 4.00482
-99.5 32 4.02041
-99 32 4.01758
-98.5 32 4.00024
-98 32 3.97276
-97.5 32 4.00483
-97 32 3.98415
-96.5 32 3.9719
-96 32 4.01267
-95.5 32 3.98695
-95 32 3.94339
-94.5 32 4.00501
-94 32 3.95862
-93.5 32 3.95273
-93 32 3.97572
-92.5 32 3.98282
-92 32 3.98082
-91.5 32 3.96899
-91 32 3.96609
-90.5 32 3.95797
-90 32 4.00123
-89.5 32 3.97852
-89 32 3.98109
-88.5 32 4.00718
-88 32 4.02174
-87.5 32 4.02966
-87 32 4.02609
-86.5 32 4.03631
-86 32 4.05054
-85.5 32 4.04132
-85 32 4.05116
-84.5 32 4.04135
-84 32 4.03062
-83.5 32 4.03941
-83 32 4.04955
-82.5 32 4.02327
-82 32 4.02855
-81.5 32 4.0023
-118.5 32.5 3.95513
-118 32.5 3.93288
-117.5 32.5 3.91234
-117 32.5 3.93137
-116.5 32.5 3.90018
-116 32.5 3.89896
-115.5 32.5 3.88272
-115 32.5 3.86272
-114.5 32.5 3.87613
-114 32.5 3.89899
-113.5 32.5 3.89867
-113 32.5 3.87828
-112.5 32.5 3.86329
-112 32.5 3.84487
-111.5 32.5 3.84355
-111 32.5 3.86043
-110.5 32.5 3.85603
-110 32.5 3.82003
-109.5 32.5 3.82133
-109 32.5 3.82081
-108.5 32.5 3.77639
-108 32.5 3.7461
-107.5 32.5 3.74766
-107 32.5 3.76791
-106.5 32.5 3.7654
-106 32.5 3.7795
-105.5 32.5 3.83135
-105 32.5 3.8487
-104.5 32.5 3.8565
-104 32.5 3.89414
-103.5 32.5 3.92288
-103 32.5 3.93142
-102.5 32.5 3.96704
-102 32.5 3.96567
-101.5 32.5 3.99747
-101 32.5 4.01144
-100.5 32.5 4.01285
-100 32.5 4.00591
-99.5 32.5 3.98567
-99 32.5 3.9946
-98.5 32.5 3.98693
-98 32.5 3.97323
-97.5 32.5 3.98468
-97 32.5 3.9666
-96.5 32.5 3.98835
-96 32.5 3.97077
-95.5 32.5 3.95584
-95 32.5 3.93679
-94.5 32.5 3.91493
-94 32.5 3.98036
-93.5 32.5 3.95955
-93 32.5 3.97072
-92.5 32.5 3.97474
-92 32.5 3.98152
-91.5 32.5 3.98524
-91 32.5 3.94732
-90.5 32.5 3.93105
-90 32.5 3.97875
-89.5 32.5 4.02472
-89 32.5 3.99812
-88.5 32.5 4.01069
-88 32.5 4.04473
-87.5 32.5 4.03798
-87 32.5 4.02759
-86.5 32.5 4.03202
-86 32.5 4.04109
-85.5 32.5 4.03659
-85 32.5 4.04488
-84.5 32.5 4.04989
-84 32.5 4.05244
-83.5 32.5 4.05365
-83 32.5 4.05049
-82.5 32.5 4.03297
-82 32.5 4.03877
-81.5 32.5 4.04022
-118.5 33 3.89264
-118 33 3.90611
-117.5 33 3.92031
-117 33 3.89413
-116.5 33 3.8376
-116 33 3.81114
-115.5 33 3.82439
-115 33 3.85242
-114.5 33 3.86493
-114 33 3.8754
-113.5 33 3.88105
-113 33 3.86196
-112.5 33 3.82768
-112 33 3.81732
-111.5 33 3.84236
-111 33 3.8505
-110.5 33 3.83013
-110 33 3.83553
-109.5 33 3.82487
-109 33 3.79159
-108.5 33 3.77956
-108 33 3.76482
-107.5 33 3.77406
-107 33 3.73974
-106.5 33 3.74509
-106 33 3.80193
-105.5 33 3.82528
-105 33 3.83509
-104.5 33 3.85048
-104 33 3.90721
-103.5 33 3.91935
-103 33 3.93025
-102.5 33 3.93547
-102 33 3.94354
-101.5 33 3.96926
-101 33 3.97697
-100.5 33 3.99544
-100 33 3.98067
-99.5 33 3.98256
-99 33 3.98524
-98.5 33 3.99251
-98 33 4.00196
-97.5 33 3.98847
-97 33 3.97784
-96.5 33 3.99891
-96 33 3.96512
-95.5 33 3.95172
-95 33 3.9747
-94.5 33 3.91875
-94 33 3.94649
-93.5 33 3.9608
-93 33 3.97399
-92.5 33 3.97726
-92 33 3.97065
-91.5 33 3.97911
-91 33 3.98406
-90.5 33 3.94788
-90 33 3.95136
-89.5 33 4.00987
-89 33 4.01953
-88.5 33 4.0352
-88 33 4.0233
-87.5 33 4.04662
-87 33 4.02654
-86.5 33 4.02743
-86 33 4.03948
-85.5 33 4.02187
-85 33 4.02456
-84.5 33 4.04211
-84 33 4.04497
-83.5 33 4.03604
-83 33 4.066
-82.5 33 4.05107
-82 33 4.03499
-81.5 33 4.02053
-118.5 33.5 3.89699
-118 33.5 3.90025
-117.5 33.5 3.86676
-117 33.5 3.85349
-116.5 33.5 3.84027
-116 33.5 3.83756
-115.5 33.5 3.82923
-115 33.5 3.8263
-114.5 33.5 3.87609
-114 33.5 3.89477
-113.5 33.5 3.86625
-113 33.5 3.84397
-112.5 33.5 3.83939
-112 33.5 3.80243
-111.5 33.5 3.80654
-111 33.5 3.80569
-110.5 33.5 3.81999
-110 33.5 3.80026
-109.5 33.5 3.79284
-109 33.5 3.8014
-108.5 33.5 3.78271
-108 33.5 3.75964
-107.5 33.5 3.74345
-107 33.5 3.73334
-106.5 33.5 3.77158
-106 33.5 3.7893
-105.5 33.5 3.81086
-105 33.5 3.80792
-104.5 33.5 3.83598
-104 33.5 3.86793
-103.5 33.5 3.89262
-103 33.5 3.91504
-102.5 33.5 3.91847
-102 33.5 3.94794
-101.5 33.5 3.9487
-101 33.5 3.96127
-100.5 33.5 3.97831
-100 33.5 3.99178
-99.5 33.5 3.99981
-99 33.5 4.00449
-98.5 33.5 4.01437
-98 33.5 4.01036
-97.5 33.5 4.0016
-97 33.5 3.99811
-96.5 33.5 3.99477
-96 33.5 3.97387
-95.5 33.5 3.97747
-95 33.5 3.97761
-94.5 33.5 3.97259
-94 33.5 3.92598
-93.5 33.5 3.97257
-93 33.5 3.97926
-92.5 33.5 3.96104
-92 33.5 3.98449
-91.5 33.5 3.98049
-91 33.5 3.96003
-90.5 33.5 4.00041
-90 33.5 4.00707
-89.5 33.5 4.02092
-89 33.5 4.01598
-88.5 33.5 4.0584
-88 33.5 4.04249
-87.5 33.5 4.01642
-87 33.5 4.03708
-86.5 33.5 4.00968
-86 33.5 3.99924
-85.5 33.5 3.99561
-85 33.5 3.9898
-84.5 33.5 4.0118
-84 33.5 4.07202
-83.5 33.5 4.04137
-83 33.5 4.02668
-82.5 33.5 4.06678
-82 33.5 4.05487
-81.5 33.5 4.0591
-118.5 34 3.91134
-118 34 3.88833
-117.5 34 3.85934
-117 34 3.87999
-116.5 34 3.86617
-116 34 3.84865
-115.5 34 3.84366
-115 34 3.86454
-114.5 34 3.86833
-114 34 3.85986
-113.5 34 3.84744
-113 34 3.83843
-112.5 34 3.78861
-112 34 3.80289
-111.5 34 3.80963
-111 34 3.77447
-110.5 34 3.78596
-110 34 3.8001
-109.5 34 3.80662
-109 34 3.78377
-108.5 34 3.77841
-108 34 3.76127
-107.5 34 3.73557
-107 34 3.73974
-106.5 34 3.75366
-106 34 3.77989
-105.5 34 3.78733
-105 34 3.78702
-104.5 34 3.81796
-104 34 3.83786
-103.5 34 3.87829
-103 34 3.91574
-102.5 34 3.94683
-102 34 3.96189
-101.5 34 3.9649
-101 34 3.97864
-100.5 34 3.99121
-100 34 3.99967
-99.5 34 4.01082
-99 34 4.01476
-98.5 34 4.01927
-98 34 4.01871
-97.5 34 4.0204
-97 34 4.01241
-96.5 34 3.98937
-96 34 4.00805
-95.5 34 4.00339
-95 34 3.97837
-94.5 34 3.99663
-94 34 3.96009
-93.5 34 3.96515
-93 34 3.99228
-92.5 34 3.98584
-92 34 3.96841
-91.5 34 4.01398
-91 34 3.99064
-90.5 34 3.98591
-90 34 4.0338
-89.5 34 4.04755
-89 34 4.06251
-88.5 34 4.01676
-88 34 4.06105
-87.5 34 4.05278
-87 34 4.02259
-86.5 34 4.03642
-86 34 4.02714
-85.5 34 3.98912
-85 34 3.98103
-84.5 34 3.96588
-84 34 3.98995
-83.5 34 4.04916
-83 34 4.04803
-82.5 34 4.06056
-82 34 4.061
-81.5 34 4.06592
-118.5 34.5 3.90018
-118 34.5 3.85978
-117.5 34.5 3.88908
-117 34.5 3.87345
-116.5 34.5 3.85281
-116 34.5 3.83813
-115.5 34.5 3.82965
-115 34.5 3.8393
-114.5 34.5 3.86423
-114 34.5 3.84194
-113.5 34.5 3.82637
-113 34.5 3.81213
-112.5 34.5 3.7966
-112 34.5 3.80046
-111.5 34.5 3.75628
-111 34.5 3.78154
-110.5 34.5 3.79852
-110 34.5 3.80641
-109.5 34.5 3.80017
-109 34.5 3.81336
-108.5 34.5 3.77761
-108 34.5 3.75249
-107.5 34.5 3.74622
-107 34.5 3.74328
-106.5 34.5 3.74638
-106 34.5 3.75863
-105.5 34.5 3.76282
-105 34.5 3.78343
-104.5 34.5 3.80192
-104 34.5 3.83975
-103.5 34.5 3.88875
-103 34.5 3.94095
-102.5 34.5 3.9763
-102 34.5 3.99163
-101.5 34.5 3.99463
-101 34.5 3.99644
-100.5 34.5 3.9904
-100 34.5 3.9959
-99.5 34.5 4.00214
-99 34.5 4.01119
-98.5 34.5 4.0123
-98 34.5 4.01575
-97.5 34.5 4.02577
-97 34.5 4.02351
-96.5 34.5 4.02175
-96 34.5 4.01616
-95.5 34.5 4.00805
-95 34.5 4.00494
-94.5 34.5 3.97913
-94 34.5 3.97748
-93.5 34.5 3.98861
-93 34.5 4.00727
-92.5 34.5 3.99853
-92 34.5 3.96333
-91.5 34.5 3.97536
-91 34.5 4.01149
-90.5 34.5 3.99794
-90 34.5 4.0414
-89.5 34.5 4.0448
-89 34.5 4.04901
-88.5 34.5 4.08275
-88 34.5 4.05093
-87.5 34.5 4.06564
-87 34.5 4.03588
-86.5 34.5 4.01284
-86 34.5 4.03743
-85.5 34.5 4.0026
-85 34.5 3.975
-84.5 34.5 4.00698
-84 34.5 4.0085
-83.5 34.5 4.0226
-83 34.5 4.03482
-82.5 34.5 4.04447
-82 34.5 4.04814
-81.5 34.5 4.05992
-118.5 35 3.88829
-118 35 3.88212
-117.5 35 3.83805
-117 35 3.81736
-116.5 35 3.87002
-116 35 3.8465
-115.5 35 3.81134
-115 35 3.82723
-114.5 35 3.83601
-114 35 3.82438
-113.5 35 3.82512
-113 35 3.79284
-112.5 35 3.77958
-112 35 3.7742
-111.5 35 3.78821
-111 35 3.79342
-110.5 35 3.80251
-110 35 3.81084
-109.5 35 3.82028
-109 35 3.82234
-108.5 35 3.79481
-108 35 3.78553
-107.5 35 3.76093
-107 35 3.73984
-106.5 35 3.72636
-106 35 3.73078
-105.5 35 3.74649
-105 35 3.76807
-104.5 35 3.80365
-104 35 3.85779
-103.5 35 3.9113
-103 35 3.9567
-102.5 35 3.98698
-102 35 3.99775
-101.5 35 4.00103
-101 35 3.98771
-100.5 35 3.98514
-100 35 3.97099
-99.5 35 3.99654
-99 35 3.99383
-98.5 35 4.00966
-98 35 4.01947
-97.5 35 4.03221
-97 35 4.04495
-96.5 35 4.0609
-96 35 4.04607
-95.5 35 4.02053
-95 35 4.00558
-94.5 35 3.99683
-94 35 3.98846
-93.5 35 3.98018
-93 35 4.0118
-92.5 35 4.01824
-92 35 4.01707
-91.5 35 3.98475
-91 35 3.98805
-90.5 35 4.00539
-90 35 3.99117
-89.5 35 4.03554
-89 35 4.07917
-88.5 35 4.10372
-88 35 4.0817
-87.5 35 4.02646
-87 35 4.01918
-86.5 35 4.02608
-86 35 4.03979
-85.5 35 4.03482
-85 35 3.99923
-84.5 35 3.9913
-84 35 4.00293
-83.5 35 4.00635
-83 35 4.01612
-82.5 35 4.01649
-82 35 4.02426
-81.5 35 4.06986
-118.5 35.5 3.88682
-118 35.5 3.78302
-117.5 35.5 3.80661
-117 35.5 3.8426
-116.5 35.5 3.82717
-116 35.5 3.80804
-115.5 35.5 3.82096
-115 35.5 3.81421
-114.5 35.5 3.78959
-114 35.5 3.78222
-113.5 35.5 3.78961
-113 35.5 3.79421
-112.5 35.5 3.79169
-112 35.5 3.79179
-111.5 35.5 3.79173
-111 35.5 3.79707
-110.5 35.5 3.81239
-110 35.5 3.81618
-109.5 35.5 3.83549
-109 35.5 3.84064
-108.5 35.5 3.82042
-108 35.5 3.8006
-107.5 35.5 3.76329
-107 35.5 3.72569
-106.5 35.5 3.711
-106 35.5 3.7151
-105.5 35.5 3.71854
-105 35.5 3.7629
-104.5 35.5 3.82848
-104 35.5 3.87664
-103.5 35.5 3.92081
-103 35.5 3.95829
-102.5 35.5 3.96811
-97.5 35.5 4.04416
-97 35.5 4.08174
-96.5 35.5 4.08074
-96 35.5 4.09249
-95.5 35.5 4.0688
-95 35.5 4.04092
-94.5 35.5 4.01823
-94 35.5 4.0116
-93.5 35.5 4.02197
-93 35.5 4.03206
-92.5 35.5 4.0232
-92 35.5 4.02415
-91.5 35.5 4.04125
-91 35.5 4.02667
-90.5 35.5 4.02632
-90 35.5 4.04307
-89.5 35.5 4.01846
-89 35.5 4.04695
-88.5 35.5 4.0766
-88 35.5 4.07926
-87.5 35.5 4.03811
-87 35.5 4.03402
-86.5 35.5 4.05191
-86 35.5 4.03938
-85.5 35.5 4.0305
-85 35.5 4.00129
-84.5 35.5 3.99228
-84 35.5 4.0088
-83.5 35.5 4.03806
-83 35.5 4.03677
-82.5 35.5 3.9906
-82 35.5 4.01573
-81.5 35.5 4.03669
-118.5 36 3.87275
-118 36 3.80181
-117.5 36 3.80953
-117 36 3.77782
-116.5 36 3.76921
-116 36 3.79597
-115.5 36 3.78762
-115 36 3.76716
-114.5 36 3.77804
-114 36 3.77543
-113.5 36 3.79213
-113 36 3.81237
-112.5 36 3.80178
-112 36 3.79927
-111.5 36 3.80248
-111 36 3.80683
-110.5 36 3.81274
-110 36 3.82066
-109.5 36 3.83463
-109 36 3.83858
-108.5 36 3.82743
-108 36 3.80291
-107.5 36 3.76116
-107 36 3.72869
-106.5 36 3.69997
-106 36 3.69042
-105.5 36 3.72393
-105 36 3.78652
-104.5 36 3.83239
-104 36 3.87726
-103.5 36 3.90637
-96.5 36 4.09312
-96 36 4.09979
-95.5 36 4.10194
-95 36 4.08926
-94.5 36 4.07279
-94 36 4.05155
-93.5 36 4.0489
-93 36 4.04916
-92.5 36 4.05509
-92 36 4.04843
-91.5 36 4.03798
-91 36 4.03475
-90.5 36 4.03179
-90 36 4.05316
-89.5 36 4.05865
-89 36 4.07055
-88.5 36 4.07525
-88 36 4.02013
-87.5 36 4.00594
-87 36 4.02662
-86.5 36 4.02647
-86 36 4.02932
-85.5 36 4.05763
-85 36 4.04156
-84.5 36 3.99779
-84 36 4.0037
-83.5 36 3.99955
-83 36 4.01908
-82.5 36 4.00048
-82 36 4.00059
-81.5 36 4.06724
-118.5 36.5 3.8395
-118 36.5 3.77847
-117.5 36.5 3.77592
-117 36.5 3.75791
-116.5 36.5 3.76863
-116 36.5 3.76367
-115.5 36.5 3.77102
-115 36.5 3.78397
-114.5 36.5 3.78635
-114 36.5 3.7791
-113.5 36.5 3.79165
-113 36.5 3.78208
-112.5 36.5 3.78456
-112 36.5 3.79975
-111.5 36.5 3.79986
-111 36.5 3.81816
-110.5 36.5 3.83334
-110 36.5 3.83005
-109.5 36.5 3.85051
-109 36.5 3.8486
-108.5 36.5 3.82546
-108 36.5 3.78297
-107.5 36.5 3.75231
-107 36.5 3.72818
-106.5 36.5 3.70093
-106 36.5 3.71079
-105.5 36.5 3.74266
-105 36.5 3.78047
-104.5 36.5 3.8331
-95.5 36.5 4.10131
-95 36.5 4.09645
-94.5 36.5 4.09799
-94 36.5 4.08266
-93.5 36.5 4.06831
-93 36.5 4.06545
-92.5 36.5 4.04823
-92 36.5 4.05591
-91.5 36.5 4.06031
-91 36.5 4.04399
-90.5 36.5 4.02567
-90 36.5 4.01648
-89.5 36.5 4.03282
-89 36.5 4.04339
-88.5 36.5 4.05079
-88 36.5 4.07055
-87.5 36.5 4.04302
-87 36.5 4.00674
-86.5 36.5 4.01366
-86 36.5 4.00688
-85.5 36.5 3.99866
-85 36.5 4.02217
-84.5 36.5 4.0184
-84 36.5 4.01661
-83.5 36.5 4.01477
-83 36.5 3.98751
-82.5 36.5 4.00371
-82 36.5 4.0385
-81.5 36.5 4.05907
-118.5 37 3.81664
-118 37 3.76707
-117.5 37 3.77039
-117 37 3.75276
-116.5 37 3.7559
-116 37 3.76654
-115.5 37 3.7748
-115 37 3.78248
-114.5 37 3.79291
-114 37 3.76704
-113.5 37 3.75959
-113 37 3.76116
-112.5 37 3.77134
-112 37 3.78695
-111.5 37 3.81668
-111 37 3.83818
-110.5 37 3.84262
-110 37 3.85065
-109.5 37 3.85007
-109 37 3.84462
-108.5 37 3.81416
-108 37 3.76866
-107.5 37 3.74862
-107 37 3.72767
-106.5 37 3.73585
-106 37 3.74365
-105.5 37 3.75793
-105 37 3.79381
-95 37 4.09521
-94.5 37 4.09369
-94 37 4.09309
-93.5 37 4.07179
-93 37 4.06088
-92.5 37 4.05335
-92 37 4.04646
-91.5 37 4.04483
-91 37 4.04697
-90.5 37 4.04628
-90 37 4.03657
-89.5 37 4.02994
-89 37 4.01986
-88.5 37 4.00743
-88 37 4.01168
-87.5 37 4.02919
-87 37 4.01855
-86.5 37 4.01442
-86 37 4.00036
-85.5 37 4.00098
-85 37 4.01321
-84.5 37 4.01122
-84 37 4.0227
-83.5 37 4.03296
-83 37 4.0268
-82.5 37 4.0053
-82 37 3.99172
-81.5 37 4.02312
-118.5 37.5 3.82303
-118 37.5 3.75009
-117.5 37.5 3.74059
-117 37.5 3.75349
-116.5 37.5 3.7646
-116 37.5 3.78875
-115.5 37.5 3.82283
-115 37.5 3.78694
-114.5 37.5 3.75257
-114 37.5 3.74236
-113.5 37.5 3.74384
-113 37.5 3.74253
-112.5 37.5 3.7463
-112 37.5 3.7732
-111.5 37.5 3.81131
-111 37.5 3.82692
-110.5 37.5 3.84225
-110 37.5 3.85663
-109.5 37.5 3.8672
-109 37.5 3.83973
-108.5 37.5 3.7877
-108 37.5 3.76011
-107.5 37.5 3.73228
-107 37.5 3.74294
-106.5 37.5 3.7631
-106 37.5 3.76808
-105.5 37.5 3.78677
-94.5 37.5 4.09359
-94 37.5 4.09573
-93.5 37.5 4.08179
-93 37.5 4.0656
-92.5 37.5 4.04748
-92 37.5 4.03638
-91.5 37.5 4.05203
-91 37.5 4.05583
-90.5 37.5 4.03094
-90 37.5 4.0239
-89.5 37.5 4.02701
-89 37.5 4.0319
-88.5 37.5 4.03221
-88 37.5 4.02245
-87.5 37.5 4.01684
-87 37.5 4.01855
-86.5 37.5 4.01419
-86 37.5 3.9988
-85.5 37.5 3.99129
-85 37.5 3.99868
-84.5 37.5 4.02717
-84 37.5 4.02666
-83.5 37.5 4.01618
-83 37.5 4.04586
-82.5 37.5 4.04913
-82 37.5 4.04196
-81.5 37.5 4.02478
-118.5 38 3.77889
-118 38 3.74596
-117.5 38 3.76903
-117 38 3.77454
-116.5 38 3.79447
-116 38 3.79302
-115.5 38 3.77325
-115 38 3.78759
-114.5 38 3.77349
-114 38 3.75038
-113.5 38 3.74334
-113 38 3.73487
-112.5 38 3.73514
-112 38 3.75371
-111.5 38 3.78591
-111 38 3.81783
-110.5 38 3.83528
-110 38 3.84007
-109.5 38 3.84068
-109 38 3.80911
-108.5 38 3.78536
-108 38 3.75873
-107.5 38 3.73008
-107 38 3.74948
-106.5 38 3.776
-106 38 3.79577
-94 38 4.09914
-93.5 38 4.09502
-93 38 4.07781
-92.5 38 4.07324
-92 38 4.06066
-91.5 38 4.04025
-91 38 4.02514
-90.5 38 4.01806
-90 38 4.03941
-89.5 38 4.0473
-89 38 4.02967
-88.5 38 4.03169
-88 38 4.03128
-87.5 38 4.02843
-87 38 4.01993
-86.5 38 4.01839
-86 38 4.01632
-85.5 38 4.01171
-85 38 4.01315
-84.5 38 4.01417
-84 38 4.02957
-83.5 38 4.03649
-83 38 4.04119
-82.5 38 4.04643
-82 38 4.03713
-81.5 38 4.04195
-118.5 38.5 3.75883
-118 38.5 3.72733
-117.5 38.5 3.77246
-117 38.5 3.78232
-116.5 38.5 3.80864
-116 38.5 3.7981
-115.5 38.5 3.78206
-115 38.5 3.78212
-114.5 38.5 3.77127
-114 38.5 3.76987
-113.5 38.5 3.75865
-113 38.5 3.73237
-112.5 38.5 3.72693
-112 38.5 3.74358
-111.5 38.5 3.7748
-111 38.5 3.78843
-110.5 38.5 3.79072
-110 38.5 3.81457
-109.5 38.5 3.82467
-109 38.5 3.81432
-108.5 38.5 3.7999
-108 38.5 3.76602
-107.5 38.5 3.75278
-107 38.5 3.76947
-106.5 38.5 3.78606
-106 38.5 3.7944
-94 38.5 4.09105
-93.5 38.5 4.09722
-93 38.5 4.09483
-92.5 38.5 4.08227
-92 38.5 4.0613
-91.5 38.5 4.04903
-91 38.5 4.04001
-90.5 38.5 4.02606
-90 38.5 4.00945
-89.5 38.5 4.02272
-89 38.5 4.05828
-88.5 38.5 4.05657
-88 38.5 4.03912
-87.5 38.5 4.03286
-87 38.5 4.0273
-86.5 38.5 4.02472
-86 38.5 4.0217
-85.5 38.5 4.02658
-85 38.5 4.03666
-84.5 38.5 4.02953
-84 38.5 4.03159
-83.5 38.5 4.03793
-83 38.5 4.0659
-82.5 38.5 4.07558
-82 38.5 4.06008
-81.5 38.5 4.03757
-118.5 39 3.7677
-118 39 3.76429
-117.5 39 3.78285
-117 39 3.82159
-116.5 39 3.84251
-116 39 3.79113
-115.5 39 3.78303
-115 39 3.81597
-114.5 39 3.80232
-114 39 3.79407
-113.5 39 3.7713
-113 39 3.72775
-112.5 39 3.7274
-112 39 3.73106
-111.5 39 3.74524
-111 39 3.77013
-110.5 39 3.80905
-110 39 3.83014
-109.5 39 3.80381
-109 39 3.80909
-108.5 39 3.80442
-108 39 3.77765
-107.5 39 3.78455
-107 39 3.79182
-106.5 39 3.79174
-93.5 39 4.09314
-93 39 4.09788
-92.5 39 4.08964
-92 39 4.07218
-91.5 39 4.03361
-91 39 4.03496
-90.5 39 4.04653
-90 39 4.02784
-89.5 39 4.02785
-89 39 4.03982
-88.5 39 4.04886
-88 39 4.05672
-87.5 39 4.04465
-87 39 4.0323
-86.5 39 4.03874
-86 39 4.04464
-85.5 39 4.05025
-85 39 4.02486
-84.5 39 4.01654
-84 39 4.04574
-83.5 39 4.04597
-83 39 4.06502
-82.5 39 4.08193
-82 39 4.09113
-81.5 39 4.07456
-118.5 39.5 3.77614
-118 39.5 3.78687
-117.5 39.5 3.79741
-117 39.5 3.80572
-116.5 39.5 3.81589
-116 39.5 3.81973
-115.5 39.5 3.82986
-115 39.5 3.83938
-114.5 39.5 3.81566
-114 39.5 3.79871
-113.5 39.5 3.77717
-113 39.5 3.74693
-112.5 39.5 3.73949
-112 39.5 3.74354
-111.5 39.5 3.7613
-111 39.5 3.78321
-110.5 39.5 3.8084
-110 39.5 3.82172
-109.5 39.5 3.80387
-109 39.5 3.79884
-108.5 39.5 3.80373
-108 39.5 3.79434
-107.5 39.5 3.79945
-107 39.5 3.80383
-106.5 39.5 3.81416
-93.5 39.5 4.0909
-93 39.5 4.08692
-92.5 39.5 4.08229
-92 39.5 4.07072
-91.5 39.5 4.05493
-91 39.5 4.04287
-90.5 39.5 4.04811
-90 39.5 4.04815
-89.5 39.5 4.03754
-89 39.5 4.04425
-88.5 39.5 4.05248
-88 39.5 4.05542
-87.5 39.5 4.04565
-87 39.5 4.04188
-86.5 39.5 4.05936
-86 39.5 4.06618
-85.5 39.5 4.07254
-85 39.5 4.06419
-84.5 39.5 4.03044
-84 39.5 4.02105
-83.5 39.5 4.03444
-83 39.5 4.06584
-82.5 39.5 4.08958
-82 39.5 4.1023
-81.5 39.5 4.0948
-118.5 40 3.79402
-118 40 3.7703
-117.5 40 3.79061
-117 40 3.79699
-116.5 40 3.80376
-116 40 3.82082
-115.5 40 3.82241
-115 40 3.81522
-114.5 40 3.81817
-114 40 3.80449
-113.5 40 3.78295
-113 40 3.76468
-112.5 40 3.76275
-112 40 3.77452
-111.5 40 3.79428
-111 40 3.80314
-110.5 40 3.8063
-110 40 3.82267
-109.5 40 3.8079
-109 40 3.79724
-108.5 40 3.79363
-108 40 3.80633
-107.5 40 3.8357
-107 40 3.84086
-106.5 40 3.81445
-93.5 40 4.08942
-93 40 4.08388
-92.5 40 4.0824
-92 40 4.07585
-91.5 40 4.06294
-91 40 4.05757
-90.5 40 4.05612
-90 40 4.05307
-89.5 40 4.05708
-89 40 4.05418
-88.5 40 4.05022
-88 40 4.05844
-87.5 40 4.05357
-87 40 4.05766
-86.5 40 4.07679
-86 40 4.067
-85.5 40 4.08817
-85 40 4.0775
-84.5 40 4.02531
-84 40 4.04081
-83.5 40 4.0463
-83 40 4.07184
-82.5 40 4.11272
-82 40 4.10865
-81.5 40 4.09729
-118.5 40.5 3.77545
-118 40.5 3.7669
-117.5 40.5 3.78599
-117 40.5 3.77772
-116.5 40.5 3.77914
-116 40.5 3.79812
-115.5 40.5 3.81481
-115 40.5 3.83383
-114.5 40.5 3.82043
-114 40.5 3.79832
-113.5 40.5 3.79476
-113 40.5 3.78609
-112.5 40.5 3.78973
-112 40.5 3.80692
-111.5 40.5 3.82904
-111 40.5 3.82945
-110.5 40.5 3.81738
-110 40.5 3.80845
-109.5 40.5 3.81295
-109 40.5 3.81688
-108.5 40.5 3.80591
-108 40.5 3.83241
-107.5 40.5 3.8613
-107 40.5 3.86595
-106.5 40.5 3.85186
-93.5 40.5 4.09565
-93 40.5 4.09304
-92.5 40.5 4.09015
-92 40.5 4.08213
-91.5 40.5 4.07001
-91 40.5 4.06719
-90.5 40.5 4.06665
-90 40.5 4.05847
-89.5 40.5 4.0671
-89 40.5 4.06819
-88.5 40.5 4.05719
-88 40.5 4.05485
-87.5 40.5 4.04305
-87 40.5 4.05918
-86.5 40.5 4.08725
-86 40.5 4.09208
-85.5 40.5 4.11411
-85 40.5 4.11131
-84.5 40.5 4.05723
-84 40.5 4.03577
-83.5 40.5 4.03581
-83 40.5 4.06847
-82.5 40.5 4.10514
-82 40.5 4.09846
-81.5 40.5 4.06793
-118.5 41 3.74989
-118 41 3.72934
-117.5 41 3.74844
-117 41 3.7272
-116.5 41 3.76103
-116 41 3.7974
-115.5 41 3.8035
-115 41 3.82622
-114.5 41 3.81573
-114 41 3.78985
-113.5 41 3.79361
-113 41 3.79806
-112.5 41 3.81084
-112 41 3.83089
-111.5 41 3.8502
-111 41 3.8433
-110.5 41 3.84538
-110 41 3.8287
-109.5 41 3.82783
-109 41 3.83802
-108.5 41 3.82749
-108 41 3.85166
-107.5 41 3.89053
-107 41 3.91685
-106.5 41 3.89261
-93.5 41 4.09057
-93 41 4.10048
-92.5 41 4.106
-92 41 4.08716
-91.5 41 4.06523
-91 41 4.07152
-90.5 41 4.07668
-90 41 4.06828
-89.5 41 4.07203
-89 41 4.07406
-88.5 41 4.06331
-88 41 4.06688
-87.5 41 4.0755
-87 41 4.09093
-86.5 41 4.09849
-86 41 4.0921
-85.5 41 4.05336
-85 41 4.05247
-84.5 41 4.06998
-84 41 4.06721
-83.5 41 4.01844
-83 41 4.01976
-82.5 41 4.07792
-82 41 4.15056
-81.5 41 4.13241
-118.5 41.5 3.77392
-118 41.5 3.76022
-117.5 41.5 3.74285
-117 41.5 3.74788
-116.5 41.5 3.75685
-116 41.5 3.78333
-115.5 41.5 3.7794
-115 41.5 3.77427
-114.5 41.5 3.78122
-114 41.5 3.76171
-113.5 41.5 3.77268
-113 41.5 3.78884
-112.5 41.5 3.78464
-112 41.5 3.83026
-111.5 41.5 3.87865
-111 41.5 3.88089
-110.5 41.5 3.85865
-110 41.5 3.84929
-109.5 41.5 3.85534
-109 41.5 3.85907
-108.5 41.5 3.85469
-108 41.5 3.86709
-107.5 41.5 3.91413
-107 41.5 3.95106
-106.5 41.5 3.94927
-106 41.5 3.92954
-94 41.5 4.08407
-93.5 41.5 4.10847
-93 41.5 4.11468
-92.5 41.5 4.10188
-92 41.5 4.07585
-91.5 41.5 4.0593
-91 41.5 4.07781
-90.5 41.5 4.08853
-90 41.5 4.08328
-89.5 41.5 4.09344
-89 41.5 4.07975
-88.5 41.5 4.0757
-88 41.5 4.09962
-87.5 41.5 4.08848
-87 41.5 4.08735
-86.5 41.5 4.09947
-86 41.5 4.11191
-85.5 41.5 4.04393
-85 41.5 4.03083
-84.5 41.5 4.04945
-84 41.5 4.01785
-83.5 41.5 4.01768
-83 41.5 4.03145
-82.5 41.5 4.05542
-82 41.5 4.07258
-81.5 41.5 4.10084
-118.5 42 3.74324
-118 42 3.67772
-117.5 42 3.73094
-117 42 3.76598
-116.5 42 3.72394
-116 42 3.71447
-115.5 42 3.74963
-115 42 3.75138
-114.5 42 3.7838
-114 42 3.74672
-113.5 42 3.69648
-113 42 3.73062
-112.5 42 3.78969
-112 42 3.83745
-111.5 42 3.8659
-111 42 3.86934
-110.5 42 3.85958
-110 42 3.86457
-109.5 42 3.85899
-109 42 3.85368
-108.5 42 3.86057
-108 42 3.88061
-107.5 42 3.93002
-107 42 3.97248
-106.5 42 3.96147
-106 42 3.96325
-94 42 4.08012
-93.5 42 4.10109
-93 42 4.10534
-92.5 42 4.09602
-92 42 4.07787
-91.5 42 4.06692
-91 42 4.07929
-90.5 42 4.0909
-90 42 4.0991
-89.5 42 4.10515
-89 42 4.10575
-88.5 42 4.10665
-88 42 4.09637
-87.5 42 4.08299
-87 42 4.04682
-86.5 42 4.05279
-86 42 4.07558
-85.5 42 4.06613
-85 42 4.06013
-84.5 42 4.0394
-84 42 4.06822
-83.5 42 4.06541
-83 42 4.05628
-82.5 42 4.0643
-82 42 4.09292
-81.5 42 4.10522
-118.5 42.5 3.77794
-118 42.5 3.66794
-117.5 42.5 3.69416
-117 42.5 3.75515
-116.5 42.5 3.74587
-116 42.5 3.71945
-115.5 42.5 3.72365
-115 42.5 3.69797
-114.5 42.5 3.70484
-114 42.5 3.7236
-113.5 42.5 3.70264
-113 42.5 3.7244
-112.5 42.5 3.754
-112 42.5 3.78248
-111.5 42.5 3.82191
-111 42.5 3.82721
-110.5 42.5 3.81633
-110 42.5 3.82529
-109.5 42.5 3.84079
-109 42.5 3.85506
-108.5 42.5 3.87051
-108 42.5 3.88437
-107.5 42.5 3.91078
-107 42.5 3.9572
-106.5 42.5 3.97632
-106 42.5 3.97888
-105.5 42.5 3.98506
-94.5 42.5 4.07341
-94 42.5 4.08063
-93.5 42.5 4.09194
-93 42.5 4.09054
-92.5 42.5 4.08855
-92 42.5 4.07586
-91.5 42.5 4.0717
-91 42.5 4.08013
-90.5 42.5 4.08941
-90 42.5 4.10902
-89.5 42.5 4.12152
-89 42.5 4.12762
-88.5 42.5 4.11894
-88 42.5 4.07751
-87.5 42.5 4.04382
-87 42.5 4.04087
-86.5 42.5 4.07014
-86 42.5 4.08399
-85.5 42.5 4.05303
-85 42.5 4.04876
-84.5 42.5 4.06196
-84 42.5 4.06348
-83.5 42.5 4.05315
-83 42.5 4.07151
-82.5 42.5 4.07187
-82 42.5 4.04989
-81.5 42.5 4.08134
-118.5 43 3.78807
-118 43 3.72569
-117.5 43 3.72637
-117 43 3.72727
-116.5 43 3.71562
-116 43 3.72177
-115.5 43 3.72103
-115 43 3.73144
-114.5 43 3.72554
-114 43 3.69443
-113.5 43 3.67107
-113 43 3.68488
-112.5 43 3.70986
-112 43 3.71937
-111.5 43 3.7407
-111 43 3.77241
-110.5 43 3.78937
-110 43 3.80736
-109.5 43 3.82816
-109 43 3.83655
-108.5 43 3.85264
-108 43 3.87676
-107.5 43 3.90209
-107 43 3.93731
-106.5 43 3.97297
-106 43 3.98148
-105.5 43 3.99785
-105 43 4.01246
-95 43 4.09657
-94.5 43 4.08452
-94 43 4.08793
-93.5 43 4.083
-93 43 4.08193
-92.5 43 4.07844
-92 43 4.07315
-91.5 43 4.07768
-91 43 4.0696
-90.5 43 4.08139
-90 43 4.11343
-89.5 43 4.12748
-89 43 4.1314
-88.5 43 4.11806
-88 43 4.07525
-87.5 43 4.02887
-87 43 4.03952
-86.5 43 4.07375
-86 43 4.08593
-85.5 43 4.09577
-85 43 4.10182
-84.5 43 4.0783
-84 43 4.07498
-83.5 43 4.0669
-83 43 4.07172
-82.5 43 4.04696
-82 43 4.064
-81.5 43 4.12558
-118.5 43.5 3.78222
-118 43.5 3.74452
-117.5 43.5 3.7504
-117 43.5 3.76009
-116.5 43.5 3.75023
-116 43.5 3.7671
-115.5 43.5 3.75896
-115 43.5 3.74971
-114.5 43.5 3.75434
-114 43.5 3.73129
-113.5 43.5 3.69239
-113 43.5 3.67173
-112.5 43.5 3.68653
-112 43.5 3.69576
-111.5 43.5 3.70401
-111 43.5 3.72117
-110.5 43.5 3.74705
-110 43.5 3.77207
-109.5 43.5 3.80733
-109 43.5 3.84166
-108.5 43.5 3.85275
-108 43.5 3.87564
-107.5 43.5 3.91234
-107 43.5 3.93039
-106.5 43.5 3.95559
-106 43.5 3.99074
-105.5 43.5 4.00871
-105 43.5 4.01441
-104.5 43.5 4.00955
-95.5 43.5 4.11055
-95 43.5 4.10236
-94.5 43.5 4.0983
-94 43.5 4.07907
-93.5 43.5 4.06887
-93 43.5 4.05828
-92.5 43.5 4.04971
-92 43.5 4.04868
-91.5 43.5 4.07152
-91 43.5 4.08378
-90.5 43.5 4.07085
-90 43.5 4.10164
-89.5 43.5 4.13607
-89 43.5 4.13545
-88.5 43.5 4.11946
-88 43.5 4.05933
-87.5 43.5 4.04864
-87 43.5 4.03825
-86.5 43.5 4.04208
-86 43.5 4.08127
-85.5 43.5 4.08722
-85 43.5 4.08583
-84.5 43.5 4.07597
-84 43.5 4.08474
-83.5 43.5 4.13368
-83 43.5 4.08685
-82.5 43.5 4.00658
-82 43.5 4.05977
-81.5 43.5 4.13802
-118.5 44 3.7978
-118 44 3.80099
-117.5 44 3.82343
-117 44 3.80309
-116.5 44 3.77617
-116 44 3.79938
-115.5 44 3.78396
-115 44 3.78495
-114.5 44 3.77751
-114 44 3.75221
-113.5 44 3.74056
-113 44 3.71844
-112.5 44 3.69805
-112 44 3.69754
-111.5 44 3.72193
-111 44 3.73015
-110.5 44 3.73228
-110 44 3.75094
-109.5 44 3.78559
-109 44 3.84271
-108.5 44 3.87163
-108 44 3.88718
-107.5 44 3.92477
-107 44 3.96185
-106.5 44 3.96262
-106 44 3.96925
-105.5 44 4.0014
-105 44 4.02296
-104.5 44 4.02058
-104 44 3.99058
-103.5 44 3.96056
-96.5 44 4.09759
-96 44 4.10423
-95.5 44 4.10143
-95 44 4.09868
-94.5 44 4.07955
-94 44 4.06133
-93.5 44 4.02731
-93 44 4.00545
-92.5 44 4.02623
-92 44 4.04732
-91.5 44 4.06756
-91 44 4.06271
-90.5 44 4.08385
-90 44 4.12126
-89.5 44 4.13778
-89 44 4.10547
-88.5 44 4.1
-88 44 4.08973
-87.5 44 4.04825
-87 44 4.03864
-86.5 44 4.08201
-86 44 4.09009
-85.5 44 4.10276
-85 44 4.08959
-84.5 44 4.07272
-84 44 4.1048
-83.5 44 4.04083
-83 44 4.02092
-82.5 44 4.06036
-82 44 4.06277
-81.5 44 4.08589
-118.5 44.5 3.83863
-118 44.5 3.82264
-117.5 44.5 3.83614
-117 44.5 3.85712
-116.5 44.5 3.84868
-116 44.5 3.8406
-115.5 44.5 3.81203
-115 44.5 3.80572
-114.5 44.5 3.8113
-114 44.5 3.78357
-113.5 44.5 3.7721
-113 44.5 3.76991
-112.5 44.5 3.76137
-112 44.5 3.74161
-111.5 44.5 3.73937
-111 44.5 3.75202
-110.5 44.5 3.7464
-110 44.5 3.76267
-109.5 44.5 3.80321
-109 44.5 3.84937
-108.5 44.5 3.90116
-108 44.5 3.92398
-107.5 44.5 3.95126
-107 44.5 3.98048
-106.5 44.5 3.98123
-106 44.5 3.96861
-105.5 44.5 3.97314
-105 44.5 3.99828
-104.5 44.5 4.01964
-104 44.5 4.01171
-103.5 44.5 3.99202
-103 44.5 3.99295
-102.5 44.5 3.99233
-97.5 44.5 4.1332
-97 44.5 4.1258
-96.5 44.5 4.11202
-96 44.5 4.09937
-95.5 44.5 4.09507
-95 44.5 4.08337
-94.5 44.5 4.05836
-94 44.5 4.0288
-93.5 44.5 3.99222
-93 44.5 4.00094
-92.5 44.5 4.01998
-92 44.5 4.04967
-91.5 44.5 4.05882
-91 44.5 4.07239
-90.5 44.5 4.09823
-90 44.5 4.11768
-89.5 44.5 4.1316
-89 44.5 4.1216
-88.5 44.5 4.11666
-88 44.5 4.08135
-87.5 44.5 4.00634
-87 44.5 4.01448
-86.5 44.5 4.07739
-86 44.5 4.11223
-85.5 44.5 4.12447
-85 44.5 4.07936
-84.5 44.5 4.07025
-84 44.5 4.07383
-83.5 44.5 4.03446
-83 44.5 4.05065
-82.5 44.5 4.03825
-82 44.5 4.05296
-81.5 44.5 4.09026
-118.5 45 3.87255
-118 45 3.86716
-117.5 45 3.87715
-117 45 3.89747
-116.5 45 3.88782
-116 45 3.8813
-115.5 45 3.84639
-115 45 3.82789
-114.5 45 3.83698
-114 45 3.82508
-113.5 45 3.81278
-113 45 3.81136
-112.5 45 3.81223
-112 45 3.7936
-111.5 45 3.78271
-111 45 3.77999
-110.5 45 3.76816
-110 45 3.79038
-109.5 45 3.84401
-109 45 3.88016
-108.5 45 3.9205
-108 45 3.95288
-107.5 45 3.97257
-107 45 3.9928
-106.5 45 3.992
-106 45 3.96941
-105.5 45 3.97468
-105 45 3.98213
-104.5 45 4.00251
-104 45 4.0094
-103.5 45 4.00054
-103 45 4.00715
-102.5 45 4.02176
-102 45 4.02715
-101.5 45 4.03763
-101 45 4.05096
-100.5 45 4.0683
-100 45 4.09956
-99.5 45 4.1324
-99 45 4.14277
-98.5 45 4.15626
-98 45 4.15846
-97.5 45 4.14871
-97 45 4.13927
-96.5 45 4.11589
-96 45 4.09568
-95.5 45 4.09073
-95 45 4.07048
-94.5 45 4.04578
-94 45 4.01921
-93.5 45 3.99898
-93 45 4.00382
-92.5 45 4.0151
-92 45 4.0445
-91.5 45 4.05735
-91 45 4.08665
-90.5 45 4.10719
-90 45 4.12877
-89.5 45 4.11667
-89 45 4.09535
-88.5 45 4.08346
-88 45 4.06825
-87.5 45 4.04371
-87 45 4.04768
-86.5 45 4.06131
-86 45 4.10021
-85.5 45 4.07356
-85 45 4.05811
-84.5 45 4.09366
-84 45 4.08499
-83.5 45 4.04268
-83 45 4.03493
-82.5 45 4.01992
-82 45 4.06864
-81.5 45 4.10694
-118.5 45.5 3.91079
-118 45.5 3.88639
-117.5 45.5 3.90858
-117 45.5 3.9186
-116.5 45.5 3.88484
-116 45.5 3.92945
-115.5 45.5 3.92126
-115 45.5 3.85589
-114.5 45.5 3.86922
-114 45.5 3.84087
-113.5 45.5 3.81598
-113 45.5 3.82667
-112.5 45.5 3.83979
-112 45.5 3.8363
-111.5 45.5 3.82163
-111 45.5 3.81425
-110.5 45.5 3.81375
-110 45.5 3.83619
-109.5 45.5 3.86593
-109 45.5 3.91237
-108.5 45.5 3.94758
-108 45.5 3.97884
-107.5 45.5 3.99502
-107 45.5 3.99601
-106.5 45.5 3.99694
-106 45.5 3.97099
-105.5 45.5 3.95242
-105 45.5 3.98565
-104.5 45.5 3.99866
-104 45.5 4.00058
-103.5 45.5 3.99866
-103 45.5 3.99693
-102.5 45.5 4.00927
-102 45.5 4.02098
-101.5 45.5 4.03556
-101 45.5 4.05468
-100.5 45.5 4.06623
-100 45.5 4.09446
-99.5 45.5 4.12482
-99 45.5 4.14464
-98.5 45.5 4.15872
-98 45.5 4.15417
-97.5 45.5 4.14089
-97 45.5 4.1185
-96.5 45.5 4.09258
-96 45.5 4.08228
-95.5 45.5 4.07734
-95 45.5 4.05314
-94.5 45.5 4.03929
-94 45.5 4.02152
-93.5 45.5 4.01738
-93 45.5 4.02031
-92.5 45.5 4.0409
-92 45.5 4.05997
-91.5 45.5 4.07319
-91 45.5 4.08205
-90.5 45.5 4.10116
-90 45.5 4.10921
-89.5 45.5 4.08792
-89 45.5 4.07737
-88.5 45.5 4.0778
-88 45.5 4.07493
-87.5 45.5 4.05513
-87 45.5 4.04336
-86.5 45.5 4.06873
-86 45.5 4.09312
-85.5 45.5 4.08078
-85 45.5 4.09468
-84.5 45.5 4.10115
-84 45.5 4.09112
-83.5 45.5 4.01668
-83 45.5 4.01939
-82.5 45.5 4.03231
-82 45.5 4.07579
-81.5 45.5 4.07749
-118.5 46 3.95126
-118 46 3.96819
-117.5 46 3.92799
-117 46 3.96733
-116.5 46 3.91517
-116 46 3.88925
-115.5 46 3.91738
-115 46 3.89411
-114.5 46 3.91399
-114 46 3.90283
-113.5 46 3.84327
-113 46 3.83063
-112.5 46 3.82758
-112 46 3.82976
-111.5 46 3.84552
-111 46 3.85862
-110.5 46 3.86361
-110 46 3.89604
-109.5 46 3.91017
-109 46 3.916
-108.5 46 3.95482
-108 46 3.9838
-107.5 46 3.98547
-107 46 4.00013
-106.5 46 3.99099
-106 46 3.97864
-105.5 46 3.96809
-105 46 3.96412
-104.5 46 3.97754
-104 46 3.98843
-103.5 46 3.98282
-103 46 3.98444
-102.5 46 3.99067
-102 46 4.00353
-101.5 46 4.02171
-101 46 4.03578
-100.5 46 4.0435
-100 46 4.05838
-99.5 46 4.08752
-99 46 4.11016
-98.5 46 4.12681
-98 46 4.13124
-97.5 46 4.11209
-97 46 4.07667
-96.5 46 4.08135
-96 46 4.07569
-95.5 46 4.06083
-95 46 4.0677
-94.5 46 4.07502
-94 46 4.06007
-93.5 46 4.04701
-93 46 4.04526
-92.5 46 4.05135
-92 46 4.05362
-91.5 46 4.07963
-91 46 4.09507
-90.5 46 4.10487
-90 46 4.08141
-89.5 46 4.0762
-89 46 4.07973
-88.5 46 4.07023
-88 46 4.05974
-87.5 46 4.07166
-87 46 4.06922
-86.5 46 4.05846
-86 46 4.06479
-85.5 46 4.07442
-85 46 4.1015
-84.5 46 4.14447
-84 46 4.10575
-83.5 46 3.99895
-83 46 4.0449
-82.5 46 4.07101
-82 46 4.11601
-81.5 46 4.10388
-118.5 46.5 3.89601
-118 46.5 3.86007
-117.5 46.5 3.87931
-117 46.5 3.98261
-116.5 46.5 3.99726
-116 46.5 4.01169
-115.5 46.5 4.00832
-115 46.5 3.91104
-114.5 46.5 3.87025
-114 46.5 3.8873
-113.5 46.5 3.85381
-113 46.5 3.84078
-112.5 46.5 3.8473
-112 46.5 3.85796
-111.5 46.5 3.87093
-111 46.5 3.88251
-110.5 46.5 3.89196
-110 46.5 3.90067
-109.5 46.5 3.91764
-109 46.5 3.93792
-108.5 46.5 3.95203
-108 46.5 3.99496
-107.5 46.5 4.00737
-107 46.5 3.98349
-106.5 46.5 4.0011
-106 46.5 3.98186
-105.5 46.5 3.9773
-105 46.5 3.97293
-104.5 46.5 3.96717
-104 46.5 3.95135
-103.5 46.5 3.94834
-103 46.5 3.96822
-102.5 46.5 3.99347
-102 46.5 4.0077
-101.5 46.5 3.99602
-101 46.5 4.00264
-100.5 46.5 4.02019
-100 46.5 4.04058
-99.5 46.5 4.07133
-99 46.5 4.08717
-98.5 46.5 4.10147
-98 46.5 4.09658
-97.5 46.5 4.10334
-97 46.5 4.11155
-96.5 46.5 4.07949
-96 46.5 4.0885
-95.5 46.5 4.09574
-95 46.5 4.09934
-94.5 46.5 4.08969
-94 46.5 4.0861
-93.5 46.5 4.08509
-93 46.5 4.07624
-92.5 46.5 4.06891
-92 46.5 4.103
-91.5 46.5 4.10964
-91 46.5 4.08737
-90.5 46.5 4.06013
-90 46.5 4.0363
-89.5 46.5 4.04057
-89 46.5 4.03987
-88.5 46.5 4.03673
-88 46.5 4.04541
-87.5 46.5 4.05807
-87 46.5 4.05773
-86.5 46.5 4.05131
-86 46.5 4.05037
-85.5 46.5 4.05014
-85 46.5 4.04421
-84.5 46.5 4.05494
-84 46.5 4.07006
-83.5 46.5 4.09138
-83 46.5 4.15231
-82.5 46.5 4.14095
-82 46.5 4.21404
-81.5 46.5 4.17842
-118.5 47 3.93514
-118 47 3.912
-117.5 47 3.90279
-117 47 3.95795
-116.5 47 3.96737
-116 47 3.97172
-115.5 47 3.94514
-115 47 3.9322
-114.5 47 3.93167
-114 47 3.92165
-113.5 47 3.88743
-113 47 3.86279
-112.5 47 3.87231
-112 47 3.88915
-111.5 47 3.90095
-111 47 3.91974
-110.5 47 3.91769
-110 47 3.91382
-109.5 47 3.91538
-109 47 3.92855
-108.5 47 3.96116
-108 47 3.97209
-107.5 47 4.00278
-107 47 4.02645
-106.5 47 4.02213
-106 47 4.01039
-105.5 47 3.9847
-105 47 3.97205
-104.5 47 3.95357
-104 47 3.95992
-103.5 47 3.94933
-103 47 3.94527
-102.5 47 3.97649
-102 47 4.01517
-101.5 47 4.00176
-101 47 3.98737
-100.5 47 4.01751
-100 47 4.03612
-99.5 47 4.05321
-99 47 4.07634
-98.5 47 4.09951
-98 47 4.13193
-97.5 47 4.12966
-97 47 4.11753
-96.5 47 4.12233
-96 47 4.11684
-95.5 47 4.12171
-95 47 4.12686
-94.5 47 4.12819
-94 47 4.11831
-93.5 47 4.12236
-93 47 4.10855
-92.5 47 4.11569
-92 47 4.1036
-91.5 47 4.08257
-91 47 4.05518
-90.5 47 4.01794
-90 47 4.01246
-89.5 47 4.0313
-89 47 4.04045
-88.5 47 4.0347
-88 47 4.02287
-87.5 47 4.00809
-87 47 3.98189
-86.5 47 3.99513
-86 47 4.01302
-85.5 47 4.03177
-85 47 4.0187
-84.5 47 4.04236
-84 47 4.04802
-83.5 47 4.06681
-83 47 4.11537
-82.5 47 4.07175
-82 47 4.13449
-81.5 47 4.13725
-118.5 47.5 3.93844
-118 47.5 3.97456
-117.5 47.5 3.9629
-117 47.5 3.94768
-116.5 47.5 3.89581
-116 47.5 3.95128
-115.5 47.5 3.95215
-115 47.5 3.91606
-114.5 47.5 3.88369
-114 47.5 3.89415
-113.5 47.5 3.89961
-113 47.5 3.89201
-112.5 47.5 3.91323
-112 47.5 3.93768
-111.5 47.5 3.94282
-111 47.5 3.94415
-110.5 47.5 3.95505
-110 47.5 3.936
-109.5 47.5 3.9481
-109 47.5 3.96546
-108.5 47.5 3.9578
-108 47.5 3.96209
-107.5 47.5 3.98661
-107 47.5 4.02368
-106.5 47.5 4.03628
-106 47.5 4.02629
-105.5 47.5 4.01086
-105 47.5 3.99689
-104.5 47.5 3.96976
-104 47.5 3.96635
-103.5 47.5 3.97927
-103 47.5 3.97268
-102.5 47.5 3.9721
-102 47.5 3.99793
-101.5 47.5 4.0294
-101 47.5 4.01295
-100.5 47.5 4.00298
-100 47.5 4.03323
-99.5 47.5 4.06265
-99 47.5 4.09531
-98.5 47.5 4.12469
-98 47.5 4.13877
-97.5 47.5 4.1394
-97 47.5 4.12492
-96.5 47.5 4.15773
-96 47.5 4.15584
-95.5 47.5 4.15714
-95 47.5 4.16071
-94.5 47.5 4.14561
-94 47.5 4.15747
-93.5 47.5 4.14221
-93 47.5 4.12144
-92.5 47.5 4.10892
-92 47.5 4.09144
-91.5 47.5 4.07768
-91 47.5 4.05747
-90.5 47.5 4.04777
-90 47.5 4.03892
-89.5 47.5 4.05117
-89 47.5 4.05255
-88.5 47.5 4.02689
-88 47.5 4.00774
-87.5 47.5 3.97795
-87 47.5 3.95614
-86.5 47.5 3.98453
-86 47.5 3.99582
-85.5 47.5 3.94521
-85 47.5 3.95365
-84.5 47.5 3.98767
-84 47.5 3.97746
-83.5 47.5 3.99357
-83 47.5 4.00436
-82.5 47.5 3.97459
-82 47.5 4.10096
-81.5 47.5 4.00316
-118.5 48 3.96835
-118 48 3.95538
-117.5 48 3.96155
-117 48 3.99633
-116.5 48 3.94566
-116 48 3.93782
-115.5 48 3.94791
-115 48 3.96168
-114.5 48 3.92381
-114 48 3.90815
-113.5 48 3.9233
-113 48 3.93334
-112.5 48 3.97215
-112 48 3.99389
-111.5 48 3.98446
-111 48 3.96128
-110.5 48 3.98341
-110 48 4.00229
-109.5 48 3.9802
-109 48 3.97541
-108.5 48 3.96905
-108 48 3.95333
-107.5 48 3.96854
-107 48 3.97504
-106.5 48 4.01215
-106 48 4.00547
-105.5 48 3.99892
-105 48 3.99087
-104.5 48 3.98398
-104 48 3.96295
-103.5 48 3.96097
-103 48 3.97605
-102.5 48 3.98189
-102 48 3.98297
-101.5 48 4.02535
-101 48 4.04183
-100.5 48 4.004
-100 48 4.03279
-99.5 48 4.07554
-99 48 4.11188
-98.5 48 4.13579
-98 48 4.12121
-97.5 48 4.13715
-97 48 4.1528
-96.5 48 4.13192
-96 48 4.15392
-95.5 48 4.13186
-95 48 4.13701
-94.5 48 4.1465
-94 48 4.14008
-93.5 48 4.09879
-93 48 4.08349
-92.5 48 4.05023
-92 48 4.05342
-91.5 48 4.03801
-91 48 4.02918
-90.5 48 4.03379
-90 48 4.02396
-89.5 48 4.02156
-89 48 4.02824
-88.5 48 4.02255
-88 48 4.00548
-87.5 48 3.97021
-87 48 4.00637
-86.5 48 4.03745
-86 48 4.01032
-85.5 48 3.99019
-85 48 3.94765
-84.5 48 3.9609
-84 48 4.02848
-83.5 48 4.03847
-83 48 4.08641
-82.5 48 4.01221
-82 48 4.02589
-81.5 48 3.98146
-118.5 48.5 3.82634
-118 48.5 3.85287
-117.5 48.5 3.78778
-117 48.5 3.88656
-116.5 48.5 3.89087
-116 48.5 3.89162
-115.5 48.5 3.8796
-115 48.5 3.88906
-114.5 48.5 3.88465
-114 48.5 3.85882
-113.5 48.5 3.90128
-113 48.5 3.92949
-112.5 48.5 3.9398
-112 48.5 3.98306
-111.5 48.5 3.99236
-111 48.5 4.00324
-110.5 48.5 3.98153
-110 48.5 4.02463
-109.5 48.5 4.0375
-109 48.5 4.02096
-108.5 48.5 4.00451
-108 48.5 3.98732
-107.5 48.5 3.98568
-107 48.5 4.00481
-106.5 48.5 4.01318
-106 48.5 4.06183
-105.5 48.5 4.0303
-105 48.5 4.01041
-104.5 48.5 4.00623
-104 48.5 3.99907
-103.5 48.5 3.99212
-103 48.5 4.00021
-102.5 48.5 4.02145
-102 48.5 4.03372
-101.5 48.5 4.04951
-101 48.5 4.09173
-100.5 48.5 4.08012
-100 48.5 4.07581
-99.5 48.5 4.10114
-99 48.5 4.14863
-98.5 48.5 4.16562
-98 48.5 4.16945
-97.5 48.5 4.16469
-97 48.5 4.17701
-96.5 48.5 4.1624
-96 48.5 4.1406
-95.5 48.5 4.16087
-95 48.5 4.16583
-94.5 48.5 4.1363
-94 48.5 4.09612
-93.5 48.5 4.07482
-93 48.5 4.03409
-92.5 48.5 4.02542
-92 48.5 4.01945
-91.5 48.5 4.00296
-91 48.5 3.992
-90.5 48.5 3.96863
-90 48.5 3.9644
-89.5 48.5 4.00547
-89 48.5 3.99352
-88.5 48.5 3.95586
-88 48.5 3.96581
-87.5 48.5 3.96175
-87 48.5 3.98528
-86.5 48.5 3.98534
-86 48.5 3.9835
-85.5 48.5 3.98418
-85 48.5 3.95703
-84.5 48.5 3.92175
-84 48.5 3.9121
-83.5 48.5 3.97041
-83 48.5 3.95214
-82.5 48.5 3.93087
-82 48.5 3.98598
-81.5 48.5 3.85714
