-119 25 -0.161258 -0.17909
-118.5 25 -0.178059 -0.181789
-118 25 -0.164409 -0.183017
-117.5 25 -0.16631 -0.185391
-117 25 -0.165072 -0.185852
-116.5 25 -0.164477 -0.187431
-116 25 -0.164031 -0.188226
-115.5 25 -0.160129 -0.190112
-115 25 -0.157543 -0.194148
-114.5 25 -0.156543 -0.194021
-114 25 -0.155701 -0.198093
-113.5 25 -0.151828 -0.201342
-113 25 -0.148599 -0.201035
-112.5 25 -0.149609 -0.201812
-112 25 -0.145973 -0.204122
-111.5 25 -0.140327 -0.207354
-111 25 -0.13473 -0.212184
-110.5 25 -0.129609 -0.215343
-110 25 -0.12312 -0.220046
-109.5 25 -0.116067 -0.22066
-109 25 -0.110778 -0.223756
-108.5 25 -0.105319 -0.228225
-108 25 -0.0998709 -0.230617
-107.5 25 -0.095047 -0.231421
-107 25 -0.0906189 -0.234896
-106.5 25 -0.0870529 -0.236024
-106 25 -0.0826746 -0.237667
-105.5 25 -0.0770482 -0.23959
-105 25 -0.0701435 -0.241811
-104.5 25 -0.0616047 -0.243066
-104 25 -0.0558001 -0.246866
-103.5 25 -0.0521743 -0.248094
-103 25 -0.0440018 -0.248545
-102.5 25 -0.0404458 -0.250468
-102 25 -0.0371571 -0.249105
-101.5 25 -0.0269737 -0.24961
-101 25 -0.0197326 -0.251407
-100.5 25 -0.0131254 -0.251714
-100 25 0.00147615 -0.253898
-99.5 25 0.0110153 -0.253943
-99 25 0.0104407 -0.251073
-98.5 25 0.0152948 -0.247444
-98 25 0.0219219 -0.248193
-97.5 25 0.0263298 -0.245322
-97 25 0.0337988 -0.249755
-96.5 25 0.0388808 -0.252021
-96 25 0.0455276 -0.249349
-95.5 25 0.0561366 -0.250215
-95 25 0.0625854 -0.242813
-94.5 25 0.0675186 -0.240899
-94 25 0.0721049 -0.241622
-93.5 25 0.0801187 -0.241134
-93 25 0.0839029 -0.2331
-92.5 25 0.0873504 -0.235546
-92 25 0.0953542 -0.232098
-91.5 25 0.0993957 -0.228379
-91 25 0.10104 -0.226889
-90.5 25 0.10846 -0.224831
-90 25 0.114126 -0.225553
-89.5 25 0.117276 -0.223377
-89 25 0.123556 -0.218927
-88.5 25 0.125725 -0.219216
-88 25 0.131114 -0.212085
-87.5 25 0.13586 -0.213592
-87 25 0.136612 -0.208808
-86.5 25 0.140099 -0.210722
-86 25 0.140852 -0.201938
-85.5 25 0.142219 -0.20498
-85 25 0.144487 -0.207038
-84.5 25 0.144933 -0.204899
-84 25 0.148192 -0.202488
-83.5 25 0.156959 -0.199347
-83 25 0.161436 -0.195881
-82.5 25 0.151708 -0.197018
-82 25 0.152085 -0.196341
-81.5 25 0.161259 -0.194093
-81 25 0.159089 -0.191349
-119 25.5 -0.163699 -0.186769
-118.5 25.5 -0.178073 -0.186823
-118 25.5 -0.167062 -0.18731
-117.5 25.5 -0.167798 -0.189097
-117 25.5 -0.165361 -0.190731
-116.5 25.5 -0.166216 -0.191011
-116 25.5 -0.163839 -0.195127
-115.5 25.5 -0.163829 -0.192329
-115 25.5 -0.160577 -0.19557
-114.5 25.5 -0.157712 -0.196734
-114 25.5 -0.158548 -0.198837
-113.5 25.5 -0.153594 -0.198214
-113 25.5 -0.149636 -0.203323
-112.5 25.5 -0.149536 -0.202195
-112 25.5 -0.148223 -0.203928
-111.5 25.5 -0.145219 -0.206826
-111 25.5 -0.139351 -0.210987
-110.5 25.5 -0.134168 -0.213965
-110 25.5 -0.125326 -0.217639
-109.5 25.5 -0.118214 -0.221728
-109 25.5 -0.116195 -0.223263
-108.5 25.5 -0.108994 -0.226214
-108 25.5 -0.10237 -0.229545
-107.5 25.5 -0.0996143 -0.231369
-107 25.5 -0.0949297 -0.235449
-106.5 25.5 -0.0891705 -0.236595
-106 25.5 -0.0850527 -0.237715
-105.5 25.5 -0.0794829 -0.239466
-105 25.5 -0.0718934 -0.241334
-104.5 25.5 -0.0655673 -0.242065
-104 25.5 -0.0587145 -0.245919
-103.5 25.5 -0.0529951 -0.246416
-103 25.5 -0.0485788 -0.247716
-102.5 25.5 -0.0397166 -0.250767
-102 25.5 -0.0335395 -0.248592
-101.5 25.5 -0.0301577 -0.249169
-101 25.5 -0.0214548 -0.251697
-100.5 25.5 -0.0122741 -0.251083
-100 25.5 0.000179091 -0.249061
-99.5 25.5 0.0113987 -0.253926
-99 25.5 0.015994 -0.25222
-98.5 25.5 0.0181225 -0.249666
-98 25.5 0.0232748 -0.245306
-97.5 25.5 0.0265774 -0.248077
-97 25.5 0.029034 -0.247373
-96.5 25.5 0.0395769 -0.247842
-96 25.5 0.0490463 -0.244773
-95.5 25.5 0.0594506 -0.244737
-95 25.5 0.0653584 -0.241822
-94.5 25.5 0.0687402 -0.243564
-94 25.5 0.0725102 -0.242598
-93.5 25.5 0.0807958 -0.238084
-93 25.5 0.0883151 -0.240792
-92.5 25.5 0.0919158 -0.234808
-92 25.5 0.0992961 -0.231838
-91.5 25.5 0.103106 -0.229184
-91 25.5 0.106109 -0.227424
-90.5 25.5 0.108964 -0.22171
-90 25.5 0.112426 -0.222577
-89.5 25.5 0.122521 -0.218488
-89 25.5 0.127226 -0.217477
-88.5 25.5 0.130299 -0.215717
-88 25.5 0.133562 -0.211618
-87.5 25.5 0.135939 -0.210165
-87 25.5 0.13763 -0.209028
-86.5 25.5 0.142822 -0.209073
-86 25.5 0.146144 -0.208035
-85.5 25.5 0.140246 -0.206348
-85 25.5 0.143419 -0.205824
-84.5 25.5 0.147885 -0.204614
-84 25.5 0.151814 -0.202646
-83.5 25.5 0.155912 -0.201012
-83 25.5 0.15428 -0.204181
-82.5 25.5 0.15452 -0.205724
-82 25.5 0.161263 -0.199153
-81.5 25.5 0.166584 -0.197185
-81 25.5 0.163063 -0.195958
-119 26 -0.168412 -0.1819
-118.5 26 -0.180138 -0.181548
-118 26 -0.168292 -0.184562
-117.5 26 -0.171479 -0.185375
-117 26 -0.168561 -0.187451
-116.5 26 -0.170709 -0.189509
-116 26 -0.166854 -0.189752
-115.5 26 -0.161949 -0.194762
-115 26 -0.163728 -0.194265
-114.5 26 -0.16146 -0.195348
-114 26 -0.158633 -0.19635
-113.5 26 -0.158054 -0.196494
-113 26 -0.154239 -0.200214
-112.5 26 -0.151522 -0.20404
-112 26 -0.152311 -0.204925
-111.5 26 -0.149304 -0.207028
-111 26 -0.143751 -0.209365
-110.5 26 -0.138047 -0.214077
-110 26 -0.132734 -0.216433
-109.5 26 -0.123255 -0.224042
-109 26 -0.116663 -0.225486
-108.5 26 -0.113146 -0.227697
-108 26 -0.106405 -0.231407
-107.5 26 -0.10237 -0.233862
-107 26 -0.0971559 -0.23471
-106.5 26 -0.0902838 -0.23759
-106 26 -0.0865379 -0.238908
-105.5 26 -0.0816937 -0.240117
-105 26 -0.0736036 -0.241949
-104.5 26 -0.0671908 -0.243087
-104 26 -0.061078 -0.244459
-103.5 26 -0.0545958 -0.24713
-103 26 -0.0491822 -0.248385
-102.5 26 -0.0417511 -0.250226
-102 26 -0.0356981 -0.251562
-101.5 26 -0.0306338 -0.251977
-101 26 -0.0220139 -0.251751
-100.5 26 -0.0103178 -0.252907
-100 26 -0.00165821 -0.251526
-99.5 26 0.00761098 -0.255028
-99 26 0.0152421 -0.25686
-98.5 26 0.0230728 -0.258431
-98 26 0.023862 -0.255921
-97.5 26 0.0242613 -0.257014
-97 26 0.0343395 -0.250876
-96.5 26 0.0420806 -0.246995
-96 26 0.049342 -0.248186
-95.5 26 0.0598694 -0.247365
-95 26 0.0644042 -0.249811
-94.5 26 0.067221 -0.247157
-94 26 0.0787675 -0.2475
-93.5 26 0.0827825 -0.243285
-93 26 0.088226 -0.24176
-92.5 26 0.0979847 -0.23759
-92 26 0.10237 -0.234647
-91.5 26 0.105106 -0.232986
-91 26 0.11015 -0.230224
-90.5 26 0.114725 -0.227038
-90 26 0.118641 -0.22137
-89.5 26 0.123894 -0.219836
-89 26 0.12765 -0.217751
-88.5 26 0.133254 -0.214609
-88 26 0.138347 -0.214077
-87.5 26 0.139855 -0.209989
-87 26 0.138957 -0.211649
-86.5 26 0.142362 -0.206586
-86 26 0.145039 -0.209068
-85.5 26 0.145849 -0.207822
-85 26 0.147606 -0.204203
-84.5 26 0.149654 -0.202118
-84 26 0.15341 -0.200619
-83.5 26 0.156566 -0.200719
-83 26 0.157565 -0.200584
-82.5 26 0.158534 -0.197786
-82 26 0.162798 -0.19598
-81.5 26 0.166134 -0.196296
-81 26 0.166255 -0.192442
-119 26.5 -0.168703 -0.184865
-118.5 26.5 -0.182546 -0.181336
-118 26.5 -0.172736 -0.18288
-117.5 26.5 -0.172435 -0.184531
-117 26.5 -0.171361 -0.185127
-116.5 26.5 -0.170188 -0.187429
-116 26.5 -0.17107 -0.185515
-115.5 26.5 -0.170238 -0.189206
-115 26.5 -0.162594 -0.193277
-114.5 26.5 -0.16137 -0.194188
-114 26.5 -0.161169 -0.194179
-113.5 26.5 -0.159194 -0.196255
-113 26.5 -0.159294 -0.195984
-112.5 26.5 -0.156044 -0.201228
-112 26.5 -0.152804 -0.202338
-111.5 26.5 -0.151389 -0.203205
-111 26.5 -0.14837 -0.205587
-110.5 26.5 -0.143164 -0.21075
-110 26.5 -0.137466 -0.213133
-109.5 26.5 -0.129281 -0.217483
-109 26.5 -0.121246 -0.223909
-108.5 26.5 -0.116501 -0.225705
-108 26.5 -0.110091 -0.228025
-107.5 26.5 -0.104133 -0.230949
-107 26.5 -0.0998796 -0.231553
-106.5 26.5 -0.0945934 -0.23668
-106 26.5 -0.0885845 -0.237916
-105.5 26.5 -0.083539 -0.238097
-105 26.5 -0.075805 -0.240263
-104.5 26.5 -0.0689136 -0.243124
-104 26.5 -0.0637076 -0.24362
-103.5 26.5 -0.0578092 -0.246634
-103 26.5 -0.0524324 -0.249541
-102.5 26.5 -0.0435851 -0.250813
-102 26.5 -0.035771 -0.252898
-101.5 26.5 -0.0306247 -0.252546
-101 26.5 -0.0226701 -0.251671
-100.5 26.5 -0.0121277 -0.252393
-100 26.5 -0.00217685 -0.255768
-99.5 26.5 0.00556718 -0.255019
-99 26.5 0.0123482 -0.256355
-98.5 26.5 0.0193201 -0.256878
-98 26.5 0.0250477 -0.261607
-97.5 26.5 0.0324103 -0.256436
-97 26.5 0.0404152 -0.251246
-96.5 26.5 0.0429031 -0.249468
-96 26.5 0.0490522 -0.245903
-95.5 26.5 0.0581502 -0.244495
-95 26.5 0.066145 -0.247095
-94.5 26.5 0.0718928 -0.242347
-94 26.5 0.07743 -0.239766
-93.5 26.5 0.0878624 -0.240714
-93 26.5 0.0953958 -0.236039
-92.5 26.5 0.100602 -0.234432
-92 26.5 0.105256 -0.232934
-91.5 26.5 0.108898 -0.232266
-91 26.5 0.113622 -0.226977
-90.5 26.5 0.119731 -0.225434
-90 26.5 0.121386 -0.220217
-89.5 26.5 0.127586 -0.216228
-89 26.5 0.134116 -0.214197
-88.5 26.5 0.13549 -0.214342
-88 26.5 0.139833 -0.211039
-87.5 26.5 0.139793 -0.21168
-87 26.5 0.142582 -0.208791
-86.5 26.5 0.146905 -0.205651
-86 26.5 0.146013 -0.206977
-85.5 26.5 0.146845 -0.204125
-85 26.5 0.150978 -0.20223
-84.5 26.5 0.153125 -0.199134
-84 26.5 0.154659 -0.198737
-83.5 26.5 0.157277 -0.197085
-83 26.5 0.158852 -0.197157
-82.5 26.5 0.160949 -0.195407
-82 26.5 0.16429 -0.195145
-81.5 26.5 0.171933 -0.19889
-81 26.5 0.169596 -0.194116
-119 27 -0.175467 -0.180782
-118.5 27 -0.179488 -0.181838
-118 27 -0.173322 -0.184103
-117.5 27 -0.175478 -0.182551
-117 27 -0.173261 -0.184365
-116.5 27 -0.172627 -0.184753
-116 27 -0.170289 -0.186784
-115.5 27 -0.172022 -0.185024
-115 27 -0.170712 -0.186549
-114.5 27 -0.163871 -0.191954
-114 27 -0.162319 -0.193597
-113.5 27 -0.161443 -0.194418
-113 27 -0.161131 -0.195555
-112.5 27 -0.159932 -0.195574
-112 27 -0.155841 -0.200474
-111.5 27 -0.154229 -0.201773
-111 27 -0.153423 -0.204309
-110.5 27 -0.147671 -0.206674
-110 27 -0.141404 -0.212143
-109.5 27 -0.136356 -0.2155
-109 27 -0.126855 -0.220987
-108.5 27 -0.118725 -0.225951
-108 27 -0.113184 -0.227539
-107.5 27 -0.107199 -0.229867
-107 27 -0.104398 -0.234398
-106.5 27 -0.0981717 -0.234262
-106 27 -0.0888721 -0.238305
-105.5 27 -0.0850235 -0.239127
-105 27 -0.079855 -0.239442
-104.5 27 -0.071523 -0.242718
-104 27 -0.0655283 -0.245408
-103.5 27 -0.0616797 -0.245254
-103 27 -0.0542747 -0.249649
-102.5 27 -0.0458618 -0.249126
-102 27 -0.0379427 -0.25297
-101.5 27 -0.02953 -0.252736
-101 27 -0.022034 -0.251581
-100.5 27 -0.0149816 -0.251716
-100 27 -0.00460432 -0.255642
-99.5 27 0.00702255 -0.256824
-99 27 0.0132989 -0.25779
-98.5 27 0.0174097 -0.256815
-98 27 0.0245632 -0.257329
-97.5 27 0.0360385 -0.254613
-97 27 0.042416 -0.255082
-96.5 27 0.0484107 -0.251887
-96 27 0.0553222 -0.242944
-95.5 27 0.0590601 -0.240065
-95 27 0.067362 -0.237583
-94.5 27 0.0759862 -0.237502
-94 27 0.0812755 -0.23595
-93.5 27 0.0876634 -0.234813
-93 27 0.0960056 -0.235111
-92.5 27 0.102302 -0.234361
-92 27 0.105677 -0.234028
-91.5 27 0.11267 -0.2341
-91 27 0.118735 -0.228748
-90.5 27 0.123268 -0.223685
-90 27 0.129948 -0.220518
-89.5 27 0.131691 -0.215202
-89 27 0.130865 -0.215157
-88.5 27 0.137938 -0.213082
-88 27 0.142522 -0.213153
-87.5 27 0.14358 -0.212052
-87 27 0.146895 -0.208415
-86.5 27 0.145625 -0.209092
-86 27 0.148003 -0.208163
-85.5 27 0.152416 -0.204427
-85 27 0.154461 -0.200573
-84.5 27 0.154854 -0.200275
-84 27 0.15703 -0.197505
-83.5 27 0.15969 -0.195474
-83 27 0.160808 -0.19412
-82.5 27 0.162158 -0.193985
-82 27 0.160324 -0.193805
-81.5 27 0.168727 -0.197857
-81 27 0.174873 -0.190808
-119 27.5 -0.182862 -0.166917
-118.5 27.5 -0.187892 -0.172882
-118 27.5 -0.17507 -0.18021
-117.5 27.5 -0.17426 -0.183188
-117 27.5 -0.175353 -0.182655
-116.5 27.5 -0.174412 -0.183783
-116 27.5 -0.172894 -0.184396
-115.5 27.5 -0.171487 -0.186193
-115 27.5 -0.171811 -0.184334
-114.5 27.5 -0.170708 -0.186174
-114 27.5 -0.165364 -0.190966
-113.5 27.5 -0.162804 -0.192699
-113 27.5 -0.162005 -0.193457
-112.5 27.5 -0.162946 -0.193475
-112 27.5 -0.161114 -0.195099
-111.5 27.5 -0.157035 -0.20018
-111 27.5 -0.155184 -0.200884
-110.5 27.5 -0.15322 -0.202914
-110 27.5 -0.148585 -0.208734
-109.5 27.5 -0.140347 -0.211423
-109 27.5 -0.134042 -0.215439
-108.5 27.5 -0.124883 -0.221251
-108 27.5 -0.115462 -0.226349
-107.5 27.5 -0.11275 -0.22828
-107 27.5 -0.105696 -0.231222
-106.5 27.5 -0.0998155 -0.233162
-106 27.5 -0.0948264 -0.23716
-105.5 27.5 -0.0855565 -0.239209
-105 27.5 -0.0805065 -0.240959
-104.5 27.5 -0.0762154 -0.242728
-104 27.5 -0.0671172 -0.245778
-103.5 27.5 -0.0630794 -0.245977
-103 27.5 -0.05724 -0.248837
-102.5 27.5 -0.0476964 -0.249667
-102 27.5 -0.0401368 -0.251914
-101.5 27.5 -0.0293387 -0.254207
-101 27.5 -0.0217278 -0.251815
-100.5 27.5 -0.0167894 -0.251779
-100 27.5 -0.00792434 -0.251662
-99.5 27.5 0.00320797 -0.256138
-99 27.5 0.0124681 -0.26055
-98.5 27.5 0.0200079 -0.259287
-98 27.5 0.0277395 -0.25658
-97.5 27.5 0.0352182 -0.253367
-97 27.5 0.0438309 -0.252573
-96.5 27.5 0.056896 -0.24863
-96 27.5 0.0627452 -0.244063
-95.5 27.5 0.0646782 -0.242223
-95 27.5 0.0696071 -0.238929
-94.5 27.5 0.0743636 -0.23698
-94 27.5 0.0811338 -0.236817
-93.5 27.5 0.0895841 -0.233731
-93 27.5 0.0967493 -0.23318
-92.5 27.5 0.10271 -0.231953
-92 27.5 0.106485 -0.230762
-91.5 27.5 0.115786 -0.22505
-91 27.5 0.12631 -0.22366
-90.5 27.5 0.130025 -0.219708
-90 27.5 0.131978 -0.216847
-89.5 27.5 0.134731 -0.21534
-89 27.5 0.137686 -0.214275
-88.5 27.5 0.138941 -0.208834
-88 27.5 0.14223 -0.210341
-87.5 27.5 0.146349 -0.208428
-87 27.5 0.147168 -0.210295
-86.5 27.5 0.148494 -0.208491
-86 27.5 0.152542 -0.20498
-85.5 27.5 0.156661 -0.201606
-85 27.5 0.156975 -0.200532
-84.5 27.5 0.157926 -0.197274
-84 27.5 0.161418 -0.196137
-83.5 27.5 0.16247 -0.191156
-83 27.5 0.161933 -0.190641
-82.5 27.5 0.162733 -0.189694
-82 27.5 0.161408 -0.190253
-81.5 27.5 0.176821 -0.184334
-81 27.5 0.183034 -0.175824
-119 28 -0.184716 -0.163142
-118.5 28 -0.196093 -0.166617
-118 28 -0.186506 -0.169323
-117.5 28 -0.179826 -0.178248
-117 28 -0.175505 -0.182497
-116.5 28 -0.176155 -0.182155
-116 28 -0.174549 -0.182732
-115.5 28 -0.173513 -0.183941
-115 28 -0.172242 -0.185033
-114.5 28 -0.172831 -0.184699
-114 28 -0.171144 -0.185854
-113.5 28 -0.165715 -0.188877
-113 28 -0.163468 -0.192874
-112.5 28 -0.163234 -0.192585
-112 28 -0.16481 -0.191521
-111.5 28 -0.162146 -0.194345
-111 28 -0.157896 -0.1992
-110.5 28 -0.157856 -0.200661
-110 28 -0.152275 -0.202195
-109.5 28 -0.145148 -0.207763
-109 28 -0.139079 -0.212085
-108.5 28 -0.132094 -0.215992
-108 28 -0.122131 -0.222146
-107.5 28 -0.113662 -0.225205
-107 28 -0.110846 -0.227307
-106.5 28 -0.105753 -0.23467
-106 28 -0.0964907 -0.232415
-105.5 28 -0.0900755 -0.237603
-105 28 -0.0845451 -0.240337
-104.5 28 -0.0776012 -0.24299
-104 28 -0.069783 -0.243811
-103.5 28 -0.0656861 -0.246744
-103 28 -0.0589255 -0.247872
-102.5 28 -0.049745 -0.249812
-102 28 -0.0434011 -0.249974
-101.5 28 -0.0296865 -0.253818
-101 28 -0.0194991 -0.252807
-100.5 28 -0.0149448 -0.253114
-100 28 -0.00955658 -0.252113
-99.5 28 -0.00292791 -0.253944
-99 28 0.00987149 -0.257075
-98.5 28 0.0220411 -0.258131
-98 28 0.0314556 -0.256579
-97.5 28 0.0408797 -0.252798
-97 28 0.0481385 -0.247095
-96.5 28 0.0584375 -0.246103
-96 28 0.0630427 -0.246545
-95.5 28 0.0653808 -0.244064
-95 28 0.0738803 -0.243225
-94.5 28 0.0790554 -0.238587
-94 28 0.0856735 -0.234346
-93.5 28 0.0925563 -0.231043
-93 28 0.09888 -0.228201
-92.5 28 0.105956 -0.226568
-92 28 0.114414 -0.222868
-91.5 28 0.121694 -0.216136
-91 28 0.125832 -0.216046
-90.5 28 0.132063 -0.21426
-90 28 0.136049 -0.211552
-89.5 28 0.135784 -0.209658
-89 28 0.139383 -0.209739
-88.5 28 0.143623 -0.206734
-88 28 0.144274 -0.204605
-87.5 28 0.144934 -0.20409
-87 28 0.148157 -0.206121
-86.5 28 0.152935 -0.202845
-86 28 0.157104 -0.199136
-85.5 28 0.158811 -0.19781
-85 28 0.160743 -0.197404
-84.5 28 0.161211 -0.194949
-84 28 0.165349 -0.193461
-83.5 28 0.167331 -0.189545
-83 28 0.163915 -0.187018
-82.5 28 0.164068 -0.182804
-82 28 0.167819 -0.178049
-81.5 28 0.186515 -0.169152
-81 28 0.184055 -0.173483
-119 28.5 -0.191187 -0.162562
-118.5 28.5 -0.196631 -0.164574
-118 28.5 -0.18986 -0.164862
-117.5 28.5 -0.190789 -0.169572
-117 28.5 -0.181402 -0.17541
-116.5 28.5 -0.176295 -0.180679
-116 28.5 -0.17652 -0.182403
-115.5 28.5 -0.175682 -0.182312
-115 28.5 -0.174263 -0.18335
-114.5 28.5 -0.17322 -0.183937
-114 28.5 -0.171627 -0.183287
-113.5 28.5 -0.172261 -0.185353
-113 28.5 -0.167705 -0.188412
-112.5 28.5 -0.162925 -0.191913
-112 28.5 -0.1646 -0.190902
-111.5 28.5 -0.167184 -0.189901
-111 28.5 -0.163773 -0.193455
-110.5 28.5 -0.158032 -0.198932
-110 28.5 -0.158002 -0.198481
-109.5 28.5 -0.152843 -0.202569
-109 28.5 -0.144601 -0.20837
-108.5 28.5 -0.137431 -0.213188
-108 28.5 -0.126961 -0.217293
-107.5 28.5 -0.119637 -0.223555
-107 28.5 -0.11739 -0.228761
-106.5 28.5 -0.106523 -0.228824
-106 28.5 -0.0990256 -0.233435
-105.5 28.5 -0.0953178 -0.236431
-105 28.5 -0.0873509 -0.238416
-104.5 28.5 -0.0808545 -0.242052
-104 28.5 -0.0719889 -0.243008
-103.5 28.5 -0.0682609 -0.244199
-103 28.5 -0.0612437 -0.246292
-102.5 28.5 -0.0505187 -0.248918
-102 28.5 -0.0450441 -0.248783
-101.5 28.5 -0.032818 -0.249938
-101 28.5 -0.0211329 -0.253113
-100.5 28.5 -0.0161587 -0.253844
-100 28.5 -0.00893732 -0.256876
-99.5 28.5 -0.0023799 -0.253628
-99 28.5 0.00784447 -0.253583
-98.5 28.5 0.0207551 -0.254016
-98 28.5 0.0340333 -0.253556
-97.5 28.5 0.0462801 -0.250606
-97 28.5 0.051816 -0.249107
-96.5 28.5 0.0580465 -0.250479
-96 28.5 0.0656356 -0.249486
-95.5 28.5 0.0690367 -0.244407
-95 28.5 0.0764526 -0.241366
-94.5 28.5 0.0851041 -0.238262
-94 28.5 0.0904252 -0.233688
-93.5 28.5 0.0973707 -0.230566
-93 28.5 0.102713 -0.225766
-92.5 28.5 0.109699 -0.222806
-92 28.5 0.11928 -0.217474
-91.5 28.5 0.124581 -0.215083
-91 28.5 0.129606 -0.21271
-90.5 28.5 0.136317 -0.210418
-90 28.5 0.138411 -0.210662
-89.5 28.5 0.138033 -0.20939
-89 28.5 0.142272 -0.20514
-88.5 28.5 0.146041 -0.203931
-88 28.5 0.146542 -0.202451
-87.5 28.5 0.14599 -0.202956
-87 28.5 0.149943 -0.199095
-86.5 28.5 0.157777 -0.195783
-86 28.5 0.159656 -0.193402
-85.5 28.5 0.160075 -0.193889
-85 28.5 0.161669 -0.194809
-84.5 28.5 0.163854 -0.190668
-84 28.5 0.169033 -0.187284
-83.5 28.5 0.17127 -0.186968
-83 28.5 0.171066 -0.185795
-82.5 28.5 0.174395 -0.178063
-82 28.5 0.178358 -0.169428
-81.5 28.5 0.183629 -0.164177
-81 28.5 0.179114 -0.169997
-119 29 -0.193855 -0.157308
-118.5 29 -0.200567 -0.159374
-118 29 -0.193957 -0.162361
-117.5 29 -0.193526 -0.164065
-117 29 -0.189801 -0.167539
-116.5 29 -0.185778 -0.173168
-116 29 -0.17806 -0.178465
-115.5 29 -0.176234 -0.180982
-115 29 -0.175721 -0.18173
-114.5 29 -0.174397 -0.182723
-114 29 -0.174376 -0.183499
-113.5 29 -0.173114 -0.185123
-113 29 -0.172478 -0.18487
-112.5 29 -0.167613 -0.188641
-112 29 -0.164082 -0.191438
-111.5 29 -0.166587 -0.189724
-111 29 -0.169665 -0.18856
-110.5 29 -0.165068 -0.192079
-110 29 -0.157853 -0.196833
-109.5 29 -0.157771 -0.197925
-109 29 -0.152475 -0.20203
-108.5 29 -0.143495 -0.209139
-108 29 -0.135079 -0.214489
-107.5 29 -0.127783 -0.221193
-107 29 -0.117889 -0.224757
-106.5 29 -0.11207 -0.227093
-106 29 -0.106056 -0.233706
-105.5 29 -0.0965941 -0.235439
-105 29 -0.0917396 -0.239616
-104.5 29 -0.0835601 -0.241321
-104 29 -0.0728866 -0.243604
-103.5 29 -0.0700438 -0.246915
-103 29 -0.0648509 -0.246518
-102.5 29 -0.0530487 -0.248827
-102 29 -0.0449723 -0.249892
-101.5 29 -0.0348936 -0.250848
-101 29 -0.0241275 -0.253726
-100.5 29 -0.0193662 -0.254484
-100 29 -0.00940093 -0.255513
-99.5 29 0.000790197 -0.255341
-99 29 0.00952402 -0.252716
-98.5 29 0.0222809 -0.25157
-98 29 0.0356325 -0.24982
-97.5 29 0.0463266 -0.248286
-97 29 0.0487385 -0.250578
-96.5 29 0.0585597 -0.251786
-96 29 0.0705467 -0.248394
-95.5 29 0.0752369 -0.246256
-95 29 0.0815691 -0.240933
-94.5 29 0.0885377 -0.239715
-94 29 0.0952392 -0.23681
-93.5 29 0.102444 -0.234293
-93 29 0.108642 -0.228419
-92.5 29 0.116391 -0.221834
-92 29 0.124283 -0.219948
-91.5 29 0.128265 -0.214616
-91 29 0.132329 -0.213407
-90.5 29 0.135644 -0.21292
-90 29 0.138507 -0.21292
-89.5 29 0.143351 -0.209446
-89 29 0.146913 -0.205106
-88.5 29 0.148042 -0.204475
-88 29 0.146749 -0.202192
-87.5 29 0.150125 -0.20212
-87 29 0.157719 -0.194091
-86.5 29 0.16086 -0.192043
-86 29 0.160747 -0.192287
-85.5 29 0.158715 -0.193658
-85 29 0.16593 -0.189327
-84.5 29 0.171297 -0.187135
-84 29 0.171123 -0.18294
-83.5 29 0.17061 -0.182434
-83 29 0.175597 -0.179457
-82.5 29 0.184239 -0.173701
-82 29 0.185204 -0.169298
-81.5 29 0.187635 -0.165906
-81 29 0.184372 -0.164192
-119 29.5 -0.195707 -0.153742
-118.5 29.5 -0.204309 -0.154941
-118 29.5 -0.197059 -0.156791
-117.5 29.5 -0.198554 -0.158379
-117 29.5 -0.193562 -0.162168
-116.5 29.5 -0.190489 -0.164288
-116 29.5 -0.187158 -0.169051
-115.5 29.5 -0.181114 -0.176088
-115 29.5 -0.177938 -0.180084
-114.5 29.5 -0.176918 -0.181455
-114 29.5 -0.17603 -0.183277
-113.5 29.5 -0.175494 -0.183693
-113 29.5 -0.173349 -0.185758
-112.5 29.5 -0.172008 -0.184568
-112 29.5 -0.16743 -0.187834
-111.5 29.5 -0.165511 -0.188113
-111 29.5 -0.168048 -0.188474
-110.5 29.5 -0.169017 -0.186146
-110 29.5 -0.166213 -0.190964
-109.5 29.5 -0.160262 -0.195961
-109 29.5 -0.158818 -0.19782
-108.5 29.5 -0.153002 -0.202394
-108 29.5 -0.141967 -0.210351
-107.5 29.5 -0.132531 -0.215935
-107 29.5 -0.12527 -0.219534
-106.5 29.5 -0.117783 -0.226003
-106 29.5 -0.109523 -0.226219
-105.5 29.5 -0.102995 -0.23359
-105 29.5 -0.0949195 -0.238019
-104.5 29.5 -0.086195 -0.240509
-104 29.5 -0.0790791 -0.244271
-103.5 29.5 -0.0722521 -0.249837
-103 29.5 -0.0640224 -0.248592
-102.5 29.5 -0.0548642 -0.2511
-102 29.5 -0.0477902 -0.25138
-101.5 29.5 -0.0375182 -0.252128
-101 29.5 -0.0254933 -0.252688
-100.5 29.5 -0.0183569 -0.253491
-100 29.5 -0.0100035 -0.250829
-99.5 29.5 0.000794048 -0.253383
-99 29.5 0.0122311 -0.251019
-98.5 29.5 0.0242662 -0.250117
-98 29.5 0.0381165 -0.246337
-97.5 29.5 0.0458612 -0.24778
-97 29.5 0.0483158 -0.248466
-96.5 29.5 0.0611036 -0.245778
-96 29.5 0.0725923 -0.245552
-95.5 29.5 0.0782337 -0.246662
-95 29.5 0.0846686 -0.241249
-94.5 29.5 0.0906395 -0.240581
-94 29.5 0.097498 -0.243306
-93.5 29.5 0.107904 -0.236585
-93 29.5 0.117948 -0.231713
-92.5 29.5 0.120444 -0.225389
-92 29.5 0.128684 -0.221194
-91.5 29.5 0.133263 -0.218785
-91 29.5 0.132799 -0.216323
-90.5 29.5 0.138192 -0.214942
-90 29.5 0.14372 -0.212353
-89.5 29.5 0.148299 -0.209539
-89 29.5 0.14933 -0.206354
-88.5 29.5 0.150785 -0.203494
-88 29.5 0.15065 -0.202746
-87.5 29.5 0.156663 -0.194193
-87 29.5 0.162913 -0.191424
-86.5 29.5 0.161366 -0.190955
-86 29.5 0.159354 -0.192308
-85.5 29.5 0.165006 -0.189394
-85 29.5 0.170688 -0.184604
-84.5 29.5 0.172741 -0.184279
-84 29.5 0.176041 -0.179506
-83.5 29.5 0.176907 -0.176963
-83 29.5 0.182703 -0.169033
-82.5 29.5 0.187694 -0.167202
-82 29.5 0.188994 -0.16482
-81.5 29.5 0.191242 -0.163801
-81 29.5 0.191428 -0.1602
-119 30 -0.196836 -0.151665
-118.5 30 -0.20605 -0.151547
-118 30 -0.199822 -0.154298
-117.5 30 -0.201614 -0.154533
-117 30 -0.198463 -0.156274
-116.5 30 -0.19552 -0.159621
-116 30 -0.193375 -0.162841
-115.5 30 -0.190649 -0.166639
-115 30 -0.183622 -0.172177
-114.5 30 -0.179787 -0.177734
-114 30 -0.178668 -0.18191
-113.5 30 -0.177673 -0.182182
-113 30 -0.175186 -0.183516
-112.5 30 -0.171652 -0.185041
-112 30 -0.169776 -0.184887
-111.5 30 -0.168967 -0.18984
-111 30 -0.169081 -0.187269
-110.5 30 -0.169558 -0.187143
-110 30 -0.170688 -0.187197
-109.5 30 -0.167205 -0.190742
-109 30 -0.16137 -0.194765
-108.5 30 -0.159308 -0.196759
-108 30 -0.15197 -0.204363
-107.5 30 -0.139595 -0.210596
-107 30 -0.130619 -0.216586
-106.5 30 -0.120857 -0.221286
-106 30 -0.11582 -0.226473
-105.5 30 -0.111104 -0.229242
-105 30 -0.100595 -0.235529
-104.5 30 -0.0915674 -0.240924
-104 30 -0.0843228 -0.245669
-103.5 30 -0.0756998 -0.249376
-103 30 -0.0669424 -0.25164
-102.5 30 -0.0567752 -0.254094
-102 30 -0.0465977 -0.253805
-101.5 30 -0.0367411 -0.252587
-101 30 -0.0259307 -0.252353
-100.5 30 -0.0174219 -0.251387
-100 30 -0.00936945 -0.250522
-99.5 30 0.000580391 -0.250404
-99 30 0.0133699 -0.249448
-98.5 30 0.0278797 -0.24768
-98 30 0.0386686 -0.245723
-97.5 30 0.0443378 -0.247635
-97 30 0.0515204 -0.245614
-96.5 30 0.0624858 -0.241465
-96 30 0.0702277 -0.242403
-95.5 30 0.080923 -0.240157
-95 30 0.08936 -0.2382
-94.5 30 0.0870492 -0.236648
-94 30 0.100771 -0.233779
-93.5 30 0.116773 -0.22806
-93 30 0.122577 -0.226734
-92.5 30 0.129625 -0.224885
-92 30 0.133097 -0.219401
-91.5 30 0.135128 -0.219644
-91 30 0.138051 -0.215323
-90.5 30 0.141544 -0.211201
-90 30 0.146083 -0.208125
-89.5 30 0.151659 -0.206447
-89 30 0.155307 -0.203425
-88.5 30 0.153649 -0.202279
-88 30 0.158883 -0.198039
-87.5 30 0.164614 -0.191202
-87 30 0.162997 -0.190976
-86.5 30 0.161432 -0.19103
-86 30 0.164127 -0.189046
-85.5 30 0.169133 -0.181496
-85 30 0.173444 -0.180539
-84.5 30 0.178844 -0.175578
-84 30 0.181218 -0.172719
-83.5 30 0.184327 -0.168362
-83 30 0.188545 -0.163382
-82.5 30 0.190898 -0.160884
-82 30 0.190939 -0.158908
-81.5 30 0.194795 -0.159061
-81 30 0.198972 -0.154758
-119 30.5 -0.199357 -0.153042
-118.5 30.5 -0.209408 -0.148902
-118 30.5 -0.202492 -0.152077
-117.5 30.5 -0.202836 -0.153159
-117 30.5 -0.201388 -0.153502
-116.5 30.5 -0.199992 -0.155098
-116 30.5 -0.197148 -0.15922
-115.5 30.5 -0.193721 -0.160312
-115 30.5 -0.192544 -0.163288
-114.5 30.5 -0.18994 -0.16907
-114 30.5 -0.18294 -0.175763
-113.5 30.5 -0.179117 -0.178947
-113 30.5 -0.178398 -0.180111
-112.5 30.5 -0.175325 -0.183575
-112 30.5 -0.174658 -0.186334
-111.5 30.5 -0.169929 -0.187633
-111 30.5 -0.166627 -0.189564
-110.5 30.5 -0.170638 -0.186957
-110 30.5 -0.172044 -0.186208
-109.5 30.5 -0.170617 -0.18684
-109 30.5 -0.167366 -0.190403
-108.5 30.5 -0.165627 -0.194425
-108 30.5 -0.159377 -0.197366
-107.5 30.5 -0.147981 -0.205511
-107 30.5 -0.138876 -0.211771
-106.5 30.5 -0.130387 -0.218193
-106 30.5 -0.119814 -0.226608
-105.5 30.5 -0.114491 -0.229089
-105 30.5 -0.109366 -0.235565
-104.5 30.5 -0.098772 -0.241492
-104 30.5 -0.0896366 -0.246209
-103.5 30.5 -0.079876 -0.248509
-103 30.5 -0.0701153 -0.25117
-102.5 30.5 -0.0579173 -0.252298
-102 30.5 -0.0465319 -0.253921
-101.5 30.5 -0.0362194 -0.252523
-101 30.5 -0.0243648 -0.252884
-100.5 30.5 -0.0164269 -0.251495
-100 30.5 -0.00896878 -0.25025
-99.5 30.5 0.00204152 -0.249077
-99 30.5 0.0154999 -0.247788
-98.5 30.5 0.0288128 -0.24694
-98 30.5 0.0385527 -0.24694
-97.5 30.5 0.0464486 -0.247895
-97 30.5 0.0559276 -0.243665
-96.5 30.5 0.0654279 -0.240842
-96 30.5 0.0748341 -0.239823
-95.5 30.5 0.083876 -0.234898
-95 30.5 0.089574 -0.234411
-94.5 30.5 0.0966573 -0.229252
-94 30.5 0.108397 -0.221684
-93.5 30.5 0.117126 -0.221909
-93 30.5 0.122804 -0.219357
-92.5 30.5 0.130127 -0.218824
-92 30.5 0.136033 -0.217769
-91.5 30.5 0.139314 -0.215532
-91 30.5 0.143887 -0.212375
-90.5 30.5 0.147898 -0.208091
-90 30.5 0.150658 -0.203914
-89.5 30.5 0.155221 -0.200018
-89 30.5 0.155648 -0.199973
-88.5 30.5 0.158523 -0.197546
-88 30.5 0.16496 -0.190466
-87.5 30.5 0.166398 -0.190862
-87 30.5 0.164752 -0.190141
-86.5 30.5 0.165221 -0.185658
-86 30.5 0.171971 -0.17993
-85.5 30.5 0.176492 -0.176809
-85 30.5 0.179242 -0.171839
-84.5 30.5 0.183513 -0.169205
-84 30.5 0.186148 -0.165507
-83.5 30.5 0.189471 -0.162729
-83 30.5 0.193179 -0.159527
-82.5 30.5 0.194752 -0.157831
-82 30.5 0.193003 -0.154151
-81.5 30.5 0.197961 -0.153005
-81 30.5 0.205596 -0.149389
-119 31 -0.201091 -0.150306
-118.5 31 -0.207049 -0.147663
-118 31 -0.206818 -0.149702
-117.5 31 -0.205342 -0.15009
-117 31 -0.202756 -0.151569
-116.5 31 -0.204169 -0.153192
-116 31 -0.201415 -0.154347
-115.5 31 -0.197332 -0.15735
-115 31 -0.195677 -0.159912
-114.5 31 -0.196117 -0.161265
-114 31 -0.19197 -0.164403
-113.5 31 -0.184547 -0.169048
-113 31 -0.182359 -0.174514
-112.5 31 -0.180641 -0.177129
-112 31 -0.176233 -0.18237
-111.5 31 -0.174453 -0.18384
-111 31 -0.170034 -0.188503
-110.5 31 -0.167406 -0.190153
-110 31 -0.172307 -0.190379
-109.5 31 -0.173794 -0.190523
-109 31 -0.171835 -0.19193
-108.5 31 -0.169029 -0.193887
-108 31 -0.166401 -0.195276
-107.5 31 -0.157752 -0.201274
-107 31 -0.146685 -0.20711
-106.5 31 -0.139324 -0.21354
-106 31 -0.129659 -0.221387
-105.5 31 -0.122644 -0.23065
-105 31 -0.116027 -0.23359
-104.5 31 -0.104864 -0.24003
-104 31 -0.0933362 -0.243664
-103.5 31 -0.0822373 -0.245811
-103 31 -0.0720282 -0.248219
-102.5 31 -0.0605525 -0.248282
-102 31 -0.0473384 -0.250528
-101.5 31 -0.0359147 -0.249762
-101 31 -0.0250037 -0.251069
-100.5 31 -0.0145435 -0.251664
-100 31 -0.00665941 -0.24941
-99.5 31 0.00344466 -0.24794
-99 31 0.0159886 -0.246397
-98.5 31 0.0291507 -0.245901
-98 31 0.0379566 -0.245162
-97.5 31 0.0485948 -0.245983
-97 31 0.0602381 -0.242654
-96.5 31 0.0675885 -0.241229
-96 31 0.07785 -0.240896
-95.5 31 0.0880379 -0.235962
-95 31 0.0968333 -0.232643
-94.5 31 0.102718 -0.228539
-94 31 0.11033 -0.222505
-93.5 31 0.120676 -0.220918
-93 31 0.127419 -0.217869
-92.5 31 0.1328 -0.215596
-92 31 0.138287 -0.213287
-91.5 31 0.142779 -0.210744
-91 31 0.148109 -0.208083
-90.5 31 0.152821 -0.203556
-90 31 0.156956 -0.198857
-89.5 31 0.157794 -0.195438
-89 31 0.159773 -0.195186
-88.5 31 0.166265 -0.187528
-88 31 0.168276 -0.185743
-87.5 31 0.166684 -0.18522
-87 31 0.170715 -0.182379
-86.5 31 0.174945 -0.177625
-86 31 0.176087 -0.173521
-85.5 31 0.180264 -0.170987
-85 31 0.184055 -0.166721
-84.5 31 0.188034 -0.163979
-84 31 0.190599 -0.160714
-83.5 31 0.193164 -0.158036
-83 31 0.19617 -0.155131
-82.5 31 0.199101 -0.1534
-82 31 0.198505 -0.149215
-81.5 31 0.202326 -0.147718
-81 31 0.209079 -0.143993
-119 31.5 -0.2061 -0.140292
-118.5 31.5 -0.2109 -0.141384
-118 31.5 -0.207448 -0.146001
-117.5 31.5 -0.207142 -0.14675
-117 31.5 -0.207121 -0.149392
-116.5 31.5 -0.205332 -0.149176
-116 31.5 -0.204069 -0.151142
-115.5 31.5 -0.202248 -0.153794
-115 31.5 -0.199132 -0.156481
-114.5 31.5 -0.197174 -0.158726
-114 31.5 -0.193942 -0.159566
-113.5 31.5 -0.192796 -0.162181
-113 31.5 -0.189701 -0.166636
-112.5 31.5 -0.186332 -0.170766
-112 31.5 -0.184322 -0.175745
-111.5 31.5 -0.17887 -0.181616
-111 31.5 -0.175743 -0.184889
-110.5 31.5 -0.174617 -0.191175
-110 31.5 -0.17428 -0.194594
-109.5 31.5 -0.174217 -0.19527
-109 31.5 -0.173049 -0.195901
-108.5 31.5 -0.17127 -0.19757
-108 31.5 -0.16967 -0.199075
-107.5 31.5 -0.163344 -0.200149
-107 31.5 -0.154649 -0.204947
-106.5 31.5 -0.148418 -0.212468
-106 31.5 -0.141039 -0.218998
-105.5 31.5 -0.129934 -0.226817
-105 31.5 -0.12146 -0.230559
-104.5 31.5 -0.111566 -0.235141
-104 31.5 -0.097324 -0.24039
-103.5 31.5 -0.0860296 -0.243194
-103 31.5 -0.0737352 -0.244935
-102.5 31.5 -0.0612197 -0.246189
-102 31.5 -0.0487463 -0.246712
-101.5 31.5 -0.0372307 -0.248678
-101 31.5 -0.026841 -0.249913
-100.5 31.5 -0.0146627 -0.25095
-100 31.5 -0.00471582 -0.250761
-99.5 31.5 0.00557896 -0.247695
-99 31.5 0.0180416 -0.247162
-98.5 31.5 0.030557 -0.246053
-98 31.5 0.0388623 -0.245594
-97.5 31.5 0.049862 -0.243294
-97 31.5 0.0620615 -0.242239
-96.5 31.5 0.0681668 -0.241274
-96 31.5 0.0817667 -0.236548
-95.5 31.5 0.0943874 -0.2335
-95 31.5 0.0991763 -0.230478
-94.5 31.5 0.109503 -0.227042
-94 31.5 0.118429 -0.223832
-93.5 31.5 0.123766 -0.217915
-93 31.5 0.130302 -0.215336
-92.5 31.5 0.136839 -0.212062
-92 31.5 0.143123 -0.208933
-91.5 31.5 0.146849 -0.205713
-91 31.5 0.153786 -0.201177
-90.5 31.5 0.160217 -0.196695
-90 31.5 0.161712 -0.19288
-89.5 31.5 0.161133 -0.192898
-89 31.5 0.166512 -0.185773
-88.5 31.5 0.171207 -0.182905
-88 31.5 0.169385 -0.182238
-87.5 31.5 0.172069 -0.179497
-87 31.5 0.175343 -0.17514
-86.5 31.5 0.177291 -0.172507
-86 31.5 0.181522 -0.168521
-85.5 31.5 0.18628 -0.163912
-85 31.5 0.189301 -0.159809
-84.5 31.5 0.192448 -0.156589
-84 31.5 0.195037 -0.153451
-83.5 31.5 0.197974 -0.150141
-83 31.5 0.200616 -0.148085
-82.5 31.5 0.2037 -0.146597
-82 31.5 0.201658 -0.14464
-81.5 31.5 0.206132 -0.142674
-81 31.5 0.212511 -0.140094
-119 32 -0.207582 -0.134781
-118.5 32 -0.215963 -0.134375
-118 32 -0.215328 -0.135872
-117.5 32 -0.211518 -0.140399
-117 32 -0.207772 -0.142302
-116.5 32 -0.208407 -0.144835
-116 32 -0.208989 -0.147496
-115.5 32 -0.205708 -0.149227
-115 32 -0.20356 -0.152438
-114.5 32 -0.201835 -0.156279
-114 32 -0.198078 -0.159318
-113.5 32 -0.194819 -0.162583
-113 32 -0.194385 -0.163917
-112.5 32 -0.193263 -0.169103
-112 32 -0.19085 -0.172196
-111.5 32 -0.187051 -0.177074
-111 32 -0.183071 -0.182296
-110.5 32 -0.180585 -0.186724
-110 32 -0.178955 -0.190105
-109.5 32 -0.177187 -0.19493
-109 32 -0.176373 -0.195345
-108.5 32 -0.174563 -0.198609
-108 32 -0.171208 -0.201441
-107.5 32 -0.16633 -0.204678
-107 32 -0.16271 -0.208294
-106.5 32 -0.157303 -0.212181
-106 32 -0.147884 -0.217808
-105.5 32 -0.137523 -0.221794
-105 32 -0.127036 -0.227493
-104.5 32 -0.117522 -0.230595
-104 32 -0.103785 -0.23716
-103.5 32 -0.0884511 -0.241155
-103 32 -0.0763125 -0.242625
-102.5 32 -0.063285 -0.244654
-102 32 -0.0507658 -0.245592
-101.5 32 -0.0400559 -0.24772
-101 32 -0.0279382 -0.248288
-100.5 32 -0.0156941 -0.24975
-100 32 -0.00291036 -0.249677
-99.5 32 0.00770456 -0.248748
-99 32 0.018086 -0.248252
-98.5 32 0.0313036 -0.248198
-98 32 0.0416008 -0.248442
-97.5 32 0.0530515 -0.244077
-97 32 0.0632534 -0.242977
-96.5 32 0.0749896 -0.24019
-96 32 0.0878052 -0.233238
-95.5 32 0.0961022 -0.231768
-95 32 0.105447 -0.230695
-94.5 32 0.111617 -0.223444
-94 32 0.122221 -0.221045
-93.5 32 0.131936 -0.21595
-93 32 0.13565 -0.211947
-92.5 32 0.141735 -0.207437
-92 32 0.147217 -0.203668
-91.5 32 0.153408 -0.199799
-91 32 0.160276 -0.194515
-90.5 32 0.164192 -0.192044
-90 32 0.163091 -0.18951
-89.5 32 0.167822 -0.186958
-89 32 0.173208 -0.18207
-88.5 32 0.172193 -0.180898
-88 32 0.174076 -0.177868
-87.5 32 0.176796 -0.174387
-87 32 0.180744 -0.170464
-86.5 32 0.184585 -0.165225
-86 32 0.188056 -0.15995
-85.5 32 0.192416 -0.155819
-85 32 0.194618 -0.152176
-84.5 32 0.197507 -0.148876
-84 32 0.200205 -0.146107
-83.5 32 0.201528 -0.143771
-83 32 0.202427 -0.141986
-82.5 32 0.205274 -0.140615
-82 32 0.205232 -0.139227
-81.5 32 0.209825 -0.135529
-81 32 0.215318 -0.13626
-119 32.5 -0.213128 -0.130695
-118.5 32.5 -0.214489 -0.133922
-118 32.5 -0.21682 -0.133291
-117.5 32.5 -0.21699 -0.134626
-117 32.5 -0.214617 -0.136086
-116.5 32.5 -0.213702 -0.141316
-116 32.5 -0.211478 -0.144797
-115.5 32.5 -0.210286 -0.148927
-115 32.5 -0.209626 -0.152236
-114.5 32.5 -0.207445 -0.153841
-114 32.5 -0.203497 -0.156465
-113.5 32.5 -0.200327 -0.160243
-113 32.5 -0.199465 -0.163435
-112.5 32.5 -0.198134 -0.166447
-112 32.5 -0.19574 -0.171163
-111.5 32.5 -0.192739 -0.174716
-111 32.5 -0.189047 -0.177042
-110.5 32.5 -0.185737 -0.180992
-110 32.5 -0.185865 -0.184184
-109.5 32.5 -0.182301 -0.187493
-109 32.5 -0.179278 -0.190803
-108.5 32.5 -0.180332 -0.194265
-108 32.5 -0.178683 -0.198584
-107.5 32.5 -0.173213 -0.202876
-107 32.5 -0.16519 -0.207827
-106.5 32.5 -0.161263 -0.211397
-106 32.5 -0.153921 -0.215203
-105.5 32.5 -0.14278 -0.218124
-105 32.5 -0.133171 -0.222877
-104.5 32.5 -0.12419 -0.227872
-104 32.5 -0.110847 -0.231839
-103.5 32.5 -0.0934169 -0.237268
-103 32.5 -0.0786685 -0.241839
-102.5 32.5 -0.0653886 -0.243327
-102 32.5 -0.0528962 -0.246646
-101.5 32.5 -0.0408188 -0.246943
-101 32.5 -0.0295285 -0.247628
-100.5 32.5 -0.0164613 -0.248657
-100 32.5 -0.00358589 -0.249702
-99.5 32.5 0.007321 -0.250938
-99 32.5 0.0188878 -0.249811
-98.5 32.5 0.0306672 -0.249143
-98 32.5 0.0441493 -0.247791
-97.5 32.5 0.0568544 -0.244563
-97 32.5 0.0673252 -0.242967
-96.5 32.5 0.0804029 -0.237376
-96 32.5 0.0925974 -0.234436
-95.5 32.5 0.098418 -0.233057
-95 32.5 0.11008 -0.228873
-94.5 32.5 0.122084 -0.224472
-94 32.5 0.128564 -0.215906
-93.5 32.5 0.135853 -0.212894
-93 32.5 0.141769 -0.20816
-92.5 32.5 0.148101 -0.203553
-92 32.5 0.153698 -0.198801
-91.5 32.5 0.159252 -0.193868
-91 32.5 0.164615 -0.192624
-90.5 32.5 0.167871 -0.191082
-90 32.5 0.169478 -0.185473
-89.5 32.5 0.17167 -0.179784
-89 32.5 0.17548 -0.178422
-88.5 32.5 0.178034 -0.174716
-88 32.5 0.178917 -0.171082
-87.5 32.5 0.182684 -0.167141
-87 32.5 0.188068 -0.161984
-86.5 32.5 0.191633 -0.157394
-86 32.5 0.194602 -0.152957
-85.5 32.5 0.197485 -0.149666
-85 32.5 0.19956 -0.145834
-84.5 32.5 0.20171 -0.142335
-84 32.5 0.203189 -0.139973
-83.5 32.5 0.204998 -0.137448
-83 32.5 0.20653 -0.135122
-82.5 32.5 0.209179 -0.133129
-82 32.5 0.20986 -0.131325
-81.5 32.5 0.211882 -0.127881
-81 32.5 0.217012 -0.127845
-119 33 -0.219618 -0.126076
-118.5 33 -0.221447 -0.130278
-118 33 -0.218559 -0.132938
-117.5 33 -0.217189 -0.133929
-117 33 -0.218024 -0.136472
-116.5 33 -0.221063 -0.138366
-116 33 -0.220346 -0.142144
-115.5 33 -0.216825 -0.145642
-115 33 -0.211657 -0.150204
-114.5 33 -0.209099 -0.152675
-114 33 -0.20788 -0.153324
-113.5 33 -0.205258 -0.156101
-113 33 -0.20391 -0.159897
-112.5 33 -0.204584 -0.162611
-112 33 -0.202786 -0.165514
-111.5 33 -0.196109 -0.170654
-111 33 -0.192556 -0.174233
-110.5 33 -0.191069 -0.177876
-110 33 -0.188661 -0.179895
-109.5 33 -0.187013 -0.182564
-109 33 -0.186372 -0.186594
-108.5 33 -0.18574 -0.188515
-108 33 -0.183333 -0.192419
-107.5 33 -0.179149 -0.195494
-107 33 -0.174633 -0.202788
-106.5 33 -0.167806 -0.20772
-106 33 -0.157512 -0.210623
-105.5 33 -0.14816 -0.21524
-105 33 -0.140017 -0.219748
-104.5 33 -0.129466 -0.225176
-104 33 -0.11609 -0.228467
-103.5 33 -0.101302 -0.234219
-103 33 -0.0843522 -0.239972
-102.5 33 -0.0696929 -0.244444
-102 33 -0.0556216 -0.247302
-101.5 33 -0.0416679 -0.248402
-101 33 -0.0302826 -0.249691
-100.5 33 -0.0183297 -0.249682
-100 33 -0.00564973 -0.251071
-99.5 33 0.0076613 -0.250872
-99 33 0.0204167 -0.249962
-98.5 33 0.0340492 -0.248005
-98 33 0.0474997 -0.2454
-97.5 33 0.0593667 -0.243605
-97 33 0.0724856 -0.240486
-96.5 33 0.0859466 -0.23504
-96 33 0.0939079 -0.234436
-95.5 33 0.103774 -0.230838
-95 33 0.116807 -0.22285
-94.5 33 0.128246 -0.220713
-94 33 0.13732 -0.213103
-93.5 33 0.142596 -0.20836
-93 33 0.148245 -0.203311
-92.5 33 0.154419 -0.19846
-92 33 0.160348 -0.194321
-91.5 33 0.162445 -0.191869
-91 33 0.165366 -0.188632
-90.5 33 0.174504 -0.183304
-90 33 0.178314 -0.179589
-89.5 33 0.178057 -0.174936
-89 33 0.18115 -0.170861
-88.5 33 0.182819 -0.167498
-88 33 0.185002 -0.165767
-87.5 33 0.18956 -0.158373
-87 33 0.194322 -0.154848
-86.5 33 0.197351 -0.150916
-86 33 0.199319 -0.146904
-85.5 33 0.203011 -0.143523
-85 33 0.205483 -0.139745
-84.5 33 0.20666 -0.136175
-84 33 0.208233 -0.13328
-83.5 33 0.209528 -0.132253
-83 33 0.209806 -0.128087
-82.5 33 0.212063 -0.126086
-82 33 0.213744 -0.125211
-81.5 33 0.21629 -0.122839
-81 33 0.219586 -0.123065
-119 33.5 -0.223552 -0.121324
-118.5 33.5 -0.225113 -0.12337
-118 33.5 -0.223638 -0.125679
-117.5 33.5 -0.22367 -0.130006
-117 33.5 -0.222347 -0.13373
-116.5 33.5 -0.222896 -0.134658
-116 33.5 -0.222562 -0.13556
-115.5 33.5 -0.222293 -0.137291
-115 33.5 -0.220399 -0.140194
-114.5 33.5 -0.213522 -0.144305
-114 33.5 -0.209895 -0.147812
-113.5 33.5 -0.210444 -0.150904
-113 33.5 -0.209497 -0.1547
-112.5 33.5 -0.207087 -0.158433
-112 33.5 -0.20756 -0.161813
-111.5 33.5 -0.205333 -0.163941
-111 33.5 -0.199812 -0.170405
-110.5 33.5 -0.194603 -0.174877
-110 33.5 -0.19357 -0.178249
-109.5 33.5 -0.192365 -0.179827
-109 33.5 -0.188415 -0.183154
-108.5 33.5 -0.18933 -0.184551
-108 33.5 -0.189039 -0.187355
-107.5 33.5 -0.187554 -0.19051
-107 33.5 -0.181656 -0.196857
-106.5 33.5 -0.172445 -0.201528
-106 33.5 -0.164643 -0.206468
-105.5 33.5 -0.155291 -0.211544
-105 33.5 -0.146542 -0.217702
-104.5 33.5 -0.136006 -0.22229
-104 33.5 -0.122898 -0.227601
-103.5 33.5 -0.108209 -0.233172
-103 33.5 -0.0917649 -0.238447
-102.5 33.5 -0.0748796 -0.24391
-102 33.5 -0.0582205 -0.24638
-101.5 33.5 -0.0441336 -0.249374
-101 33.5 -0.0313918 -0.250519
-100.5 33.5 -0.0182945 -0.250708
-100 33.5 -0.00504683 -0.250338
-99.5 33.5 0.00872743 -0.249761
-99 33.5 0.022524 -0.248526
-98.5 33.5 0.0364605 -0.246191
-98 33.5 0.0499016 -0.244343
-97.5 33.5 0.0633647 -0.24162
-97 33.5 0.0783127 -0.237473
-96.5 33.5 0.0885362 -0.234399
-96 33.5 0.0986629 -0.231414
-95.5 33.5 0.113363 -0.224274
-95 33.5 0.123415 -0.219117
-94.5 33.5 0.135102 -0.212572
-94 33.5 0.144766 -0.20984
-93.5 33.5 0.149081 -0.202979
-93 33.5 0.155194 -0.197732
-92.5 33.5 0.16051 -0.19491
-92 33.5 0.163308 -0.190573
-91.5 33.5 0.16785 -0.186634
-91 33.5 0.176706 -0.180088
-90.5 33.5 0.18057 -0.173002
-90 33.5 0.181388 -0.171523
-89.5 33.5 0.184035 -0.167322
-89 33.5 0.186349 -0.165492
-88.5 33.5 0.186134 -0.161345
-88 33.5 0.191838 -0.155385
-87.5 33.5 0.197789 -0.151464
-87 33.5 0.199102 -0.147902
-86.5 33.5 0.203288 -0.144575
-86 33.5 0.205634 -0.142268
-85.5 33.5 0.20827 -0.138778
-85 33.5 0.210595 -0.135794
-84.5 33.5 0.211714 -0.131773
-84 33.5 0.210176 -0.127112
-83.5 33.5 0.213522 -0.124209
-83 33.5 0.216234 -0.122018
-82.5 33.5 0.214986 -0.119512
-82 33.5 0.216116 -0.118682
-81.5 33.5 0.216847 -0.117051
-81 33.5 0.222282 -0.117772
-119 34 -0.23152 -0.113011
-118.5 34 -0.229237 -0.11339
-118 34 -0.229053 -0.118159
-117.5 34 -0.229367 -0.120863
-117 34 -0.22613 -0.123423
-116.5 34 -0.225817 -0.125786
-116 34 -0.226055 -0.12794
-115.5 34 -0.224897 -0.130996
-115 34 -0.222526 -0.132475
-114.5 34 -0.220664 -0.134945
-114 34 -0.218207 -0.139028
-113.5 34 -0.215901 -0.144455
-113 34 -0.215306 -0.147151
-112.5 34 -0.21549 -0.152866
-112 34 -0.211745 -0.156103
-111.5 34 -0.208693 -0.159889
-111 34 -0.207913 -0.164622
-110.5 34 -0.202696 -0.169156
-110 34 -0.196786 -0.174457
-109.5 34 -0.195065 -0.1759
-109 34 -0.194199 -0.178721
-108.5 34 -0.192932 -0.180795
-108 34 -0.192608 -0.18322
-107.5 34 -0.192629 -0.186104
-107 34 -0.18988 -0.188475
-106.5 34 -0.181285 -0.195255
-106 34 -0.171359 -0.201484
-105.5 34 -0.163361 -0.207488
-105 34 -0.154539 -0.214132
-104.5 34 -0.142848 -0.219523
-104 34 -0.130498 -0.225626
-103.5 34 -0.115495 -0.230701
-103 34 -0.09822 -0.235777
-102.5 34 -0.0800243 -0.240329
-102 34 -0.0628243 -0.244404
-101.5 34 -0.0471182 -0.24783
-101 34 -0.0322347 -0.249389
-100.5 34 -0.0183253 -0.249831
-100 34 -0.0045784 -0.249894
-99.5 34 0.0099258 -0.249119
-99 34 0.024939 -0.247956
-98.5 34 0.0394654 -0.245603
-98 34 0.053537 -0.24289
-97.5 34 0.0683013 -0.239193
-97 34 0.0819939 -0.23547
-96.5 34 0.0942147 -0.232279
-96 34 0.10715 -0.225139
-95.5 34 0.119738 -0.219081
-95 34 0.132208 -0.213717
-94.5 34 0.140867 -0.206785
-94 34 0.150426 -0.202854
-93.5 34 0.158782 -0.196327
-93 34 0.159647 -0.193325
-92.5 34 0.1648 -0.188944
-92 34 0.172139 -0.183806
-91.5 34 0.176912 -0.175188
-91 34 0.183645 -0.170283
-90.5 34 0.186806 -0.167795
-90 34 0.187196 -0.163152
-89.5 34 0.187358 -0.16107
-89 34 0.190421 -0.155337
-88.5 34 0.197068 -0.15173
-88 34 0.199005 -0.145474
-87.5 34 0.200737 -0.143842
-87 34 0.204839 -0.141273
-86.5 34 0.206398 -0.13719
-86 34 0.208584 -0.134034
-85.5 34 0.213131 -0.131249
-85 34 0.21627 -0.127111
-84.5 34 0.219474 -0.123478
-84 34 0.219722 -0.120945
-83.5 34 0.218066 -0.116212
-83 34 0.217872 -0.116229
-82.5 34 0.218521 -0.113597
-82 34 0.21917 -0.112182
-81.5 34 0.219885 -0.110118
-81 34 0.224106 -0.109207
-119 34.5 -0.23382 -0.103402
-118.5 34.5 -0.233984 -0.104916
-118 34.5 -0.235301 -0.109234
-117.5 34.5 -0.232666 -0.109928
-117 34.5 -0.230913 -0.115535
-116.5 34.5 -0.230978 -0.118438
-116 34.5 -0.231479 -0.119808
-115.5 34.5 -0.23039 -0.123161
-115 34.5 -0.227766 -0.12674
-114.5 34.5 -0.223955 -0.130066
-114 34.5 -0.223857 -0.132671
-113.5 34.5 -0.222736 -0.136457
-113 34.5 -0.222126 -0.13954
-112.5 34.5 -0.22034 -0.144191
-112 34.5 -0.218489 -0.147076
-111.5 34.5 -0.218042 -0.152908
-111 34.5 -0.21336 -0.156315
-110.5 34.5 -0.208777 -0.160525
-110 34.5 -0.203997 -0.165528
-109.5 34.5 -0.199782 -0.171162
-109 34.5 -0.196549 -0.173334
-108.5 34.5 -0.196995 -0.176561
-108 34.5 -0.197681 -0.178445
-107.5 34.5 -0.196113 -0.181095
-107 34.5 -0.19485 -0.183052
-106.5 34.5 -0.190189 -0.187162
-106 34.5 -0.181359 -0.194454
-105.5 34.5 -0.172398 -0.202324
-105 34.5 -0.162805 -0.208381
-104.5 34.5 -0.151492 -0.215106
-104 34.5 -0.137849 -0.220992
-103.5 34.5 -0.121744 -0.226527
-103 34.5 -0.104475 -0.231494
-102.5 34.5 -0.0861829 -0.236415
-102 34.5 -0.0679662 -0.241238
-101.5 34.5 -0.0506751 -0.245141
-101 34.5 -0.034179 -0.247765
-100.5 34.5 -0.0191199 -0.249757
-100 34.5 -0.00424618 -0.250207
-99.5 34.5 0.0111715 -0.24954
-99 34.5 0.027036 -0.247837
-98.5 34.5 0.0430096 -0.245529
-98 34.5 0.0582317 -0.242022
-97.5 34.5 0.0730728 -0.237389
-97 34.5 0.0875873 -0.232693
-96.5 34.5 0.102058 -0.22686
-96 34.5 0.115767 -0.220505
-95.5 34.5 0.128495 -0.213745
-95 34.5 0.139721 -0.206759
-94.5 34.5 0.149815 -0.201585
-94 34.5 0.159103 -0.19458
-93.5 34.5 0.162348 -0.191164
-93 34.5 0.165941 -0.186387
-92.5 34.5 0.1739 -0.179608
-92 34.5 0.181849 -0.174722
-91.5 34.5 0.186161 -0.169332
-91 34.5 0.187718 -0.164212
-90.5 34.5 0.191311 -0.161408
-90 34.5 0.191649 -0.156793
-89.5 34.5 0.195645 -0.150736
-89 34.5 0.199826 -0.144939
-88.5 34.5 0.20024 -0.141442
-88 34.5 0.203626 -0.140243
-87.5 34.5 0.205194 -0.135808
-87 34.5 0.209484 -0.1314
-86.5 34.5 0.214427 -0.126614
-86 34.5 0.215233 -0.122341
-85.5 34.5 0.219088 -0.119276
-85 34.5 0.222463 -0.117563
-84.5 34.5 0.221657 -0.11494
-84 34.5 0.221429 -0.114823
-83.5 34.5 0.221734 -0.112461
-83 34.5 0.221941 -0.110379
-82.5 34.5 0.222409 -0.10845
-82 34.5 0.222866 -0.106386
-81.5 34.5 0.222996 -0.104484
-81 34.5 0.225719 -0.105349
-119 35 -0.238289 -0.0940103
-118.5 35 -0.239079 -0.0941726
-118 35 -0.237896 -0.0983009
-117.5 35 -0.239779 -0.102609
-117 35 -0.239188 -0.106368
-116.5 35 -0.233722 -0.109784
-116 35 -0.234511 -0.112731
-115.5 35 -0.236022 -0.115201
-115 35 -0.23359 -0.117617
-114.5 35 -0.230523 -0.121808
-114 35 -0.228595 -0.127108
-113.5 35 -0.226842 -0.130109
-113 35 -0.227291 -0.133751
-112.5 35 -0.227237 -0.135355
-112 35 -0.224882 -0.139799
-111.5 35 -0.222428 -0.141845
-111 35 -0.219667 -0.145667
-110.5 35 -0.216326 -0.149696
-110 35 -0.212076 -0.154662
-109.5 35 -0.206894 -0.160331
-109 35 -0.203093 -0.164901
-108.5 35 -0.201461 -0.169615
-108 35 -0.200431 -0.171959
-107.5 35 -0.200541 -0.174482
-107 35 -0.199533 -0.177863
-106.5 35 -0.19732 -0.181973
-106 35 -0.191843 -0.187219
-105.5 35 -0.182247 -0.194988
-105 35 -0.171928 -0.202226
-104.5 35 -0.15989 -0.208707
-104 35 -0.145945 -0.214268
-103.5 35 -0.129644 -0.220641
-103 35 -0.111417 -0.227049
-102.5 35 -0.0928272 -0.232989
-102 35 -0.0741828 -0.238848
-101.5 35 -0.0556153 -0.243661
-101 35 -0.0382307 -0.247753
-100.5 35 -0.0215139 -0.249952
-100 35 -0.00437047 -0.251791
-99.5 35 0.0129259 -0.24988
-99 35 0.0301134 -0.248483
-98.5 35 0.047005 -0.244878
-98 35 0.0640719 -0.240416
-97.5 35 0.0804596 -0.234602
-97 35 0.0957737 -0.227941
-96.5 35 0.110157 -0.220361
-96 35 0.124375 -0.213799
-95.5 35 0.137882 -0.207219
-95 35 0.148573 -0.200613
-94.5 35 0.157359 -0.194303
-94 35 0.164896 -0.188571
-93.5 35 0.170647 -0.184082
-93 35 0.175609 -0.176736
-92.5 35 0.180955 -0.171085
-92 35 0.186695 -0.16491
-91.5 35 0.19181 -0.161918
-91 35 0.19548 -0.157195
-90.5 35 0.198065 -0.151877
-90 35 0.202414 -0.147271
-89.5 35 0.204013 -0.140835
-89 35 0.204003 -0.136779
-88.5 35 0.205142 -0.132255
-88 35 0.208242 -0.128667
-87.5 35 0.213894 -0.125089
-87 35 0.218473 -0.118239
-86.5 35 0.219886 -0.116274
-86 35 0.220007 -0.11412
-85.5 35 0.221497 -0.111307
-85 35 0.224137 -0.111127
-84.5 35 0.22544 -0.109477
-84 35 0.225375 -0.107801
-83.5 35 0.226086 -0.106179
-83 35 0.225363 -0.106125
-82.5 35 0.225999 -0.104709
-82 35 0.226623 -0.102068
-81.5 35 0.223786 -0.101167
-81 35 0.227621 -0.0994542
-119 35.5 -0.236351 -0.0885319
-118.5 35.5 -0.242094 -0.0870628
-118 35.5 -0.248497 -0.0896133
-117.5 35.5 -0.245378 -0.0932726
-117 35.5 -0.242513 -0.0940025
-116.5 35.5 -0.241587 -0.0993651
-116 35.5 -0.240937 -0.104106
-115.5 35.5 -0.239184 -0.106323
-115 35.5 -0.238633 -0.109396
-114.5 35.5 -0.238302 -0.113668
-114 35.5 -0.236748 -0.11794
-113.5 35.5 -0.233585 -0.122978
-113 35.5 -0.23126 -0.126268
-112.5 35.5 -0.230433 -0.127954
-112 35.5 -0.229099 -0.130378
-111.5 35.5 -0.227887 -0.132847
-111 35.5 -0.225572 -0.135831
-110.5 35.5 -0.222332 -0.139129
-110 35.5 -0.219499 -0.143266
-109.5 35.5 -0.214749 -0.148052
-109 35.5 -0.210307 -0.153658
-108.5 35.5 -0.208036 -0.158975
-108 35.5 -0.206053 -0.163554
-107.5 35.5 -0.205733 -0.167871
-107 35.5 -0.206394 -0.171296
-106.5 35.5 -0.203958 -0.176126
-106 35.5 -0.199494 -0.180849
-105.5 35.5 -0.192859 -0.187392
-105 35.5 -0.181573 -0.193936
-104.5 35.5 -0.168071 -0.200028
-104 35.5 -0.154129 -0.206941
-103.5 35.5 -0.138864 -0.214061
-103 35.5 -0.120854 -0.221929
-102.5 35.5 -0.101665 -0.230563
-97.5 35.5 0.0892215 -0.23068
-97 35.5 0.106074 -0.220947
-96.5 35.5 0.120601 -0.213331
-96 35.5 0.133254 -0.204805
-95.5 35.5 0.146193 -0.19773
-95 35.5 0.157226 -0.191358
-94.5 35.5 0.166374 -0.185058
-94 35.5 0.17355 -0.17874
-93.5 35.5 0.178807 -0.172513
-93 35.5 0.183866 -0.166293
-92.5 35.5 0.19049 -0.159687
-92 35.5 0.195284 -0.154171
-91.5 35.5 0.197874 -0.148908
-91 35.5 0.202294 -0.144113
-90.5 35.5 0.205788 -0.139003
-90 35.5 0.207496 -0.134109
-89.5 35.5 0.210869 -0.131667
-89 35.5 0.212765 -0.126277
-88.5 35.5 0.212611 -0.122997
-88 35.5 0.214881 -0.117499
-87.5 35.5 0.220458 -0.112055
-87 35.5 0.222828 -0.109171
-86.5 35.5 0.222089 -0.108197
-86 35.5 0.223941 -0.105782
-85.5 35.5 0.225429 -0.10407
-85 35.5 0.227424 -0.103898
-84.5 35.5 0.228438 -0.103204
-84 35.5 0.228173 -0.101646
-83.5 35.5 0.226498 -0.100672
-83 35.5 0.226454 -0.0992658
-82.5 35.5 0.230091 -0.0980223
-82 35.5 0.229926 -0.0953995
-81.5 35.5 0.228923 -0.094318
-81 35.5 0.233199 -0.0930743
-119 36 -0.237657 -0.0842259
-118.5 36 -0.243391 -0.085983
-118 36 -0.248504 -0.0858204
-117.5 36 -0.248171 -0.0856315
-117 36 -0.249668 -0.0882902
-116.5 36 -0.24907 -0.091174
-116 36 -0.245998 -0.094103
-115.5 36 -0.245476 -0.0973832
-115 36 -0.245542 -0.100691
-114.5 36 -0.243912 -0.102944
-114 36 -0.242903 -0.106098
-113.5 36 -0.239919 -0.109369
-113 36 -0.236249 -0.113605
-112.5 36 -0.235128 -0.117876
-112 36 -0.233708 -0.121085
-111.5 36 -0.231912 -0.124005
-111 36 -0.230137 -0.126717
-110.5 36 -0.228174 -0.129367
-110 36 -0.225701 -0.132773
-109.5 36 -0.222263 -0.136792
-109 36 -0.219069 -0.141461
-108.5 36 -0.216152 -0.147147
-108 36 -0.213878 -0.152825
-107.5 36 -0.212569 -0.159494
-107 36 -0.212181 -0.1639
-106.5 36 -0.211537 -0.168091
-106 36 -0.208099 -0.173471
-105.5 36 -0.200624 -0.178338
-105 36 -0.189622 -0.183844
-104.5 36 -0.177888 -0.1909
-104 36 -0.165033 -0.198137
-103.5 36 -0.149706 -0.207662
-96.5 36 0.131395 -0.205941
-96 36 0.145125 -0.195983
-95.5 36 0.156149 -0.187215
-95 36 0.166021 -0.179671
-94.5 36 0.174849 -0.17266
-94 36 0.18239 -0.166622
-93.5 36 0.188092 -0.159909
-93 36 0.193582 -0.153194
-92.5 36 0.198129 -0.146877
-92 36 0.202288 -0.14165
-91.5 36 0.20658 -0.136711
-91 36 0.210107 -0.131557
-90.5 36 0.212846 -0.127339
-90 36 0.213967 -0.122635
-89.5 36 0.216196 -0.11785
-89 36 0.217216 -0.115137
-88.5 36 0.218503 -0.111433
-88 36 0.224303 -0.10699
-87.5 36 0.22681 -0.104935
-87 36 0.225945 -0.103827
-86.5 36 0.226799 -0.101294
-86 36 0.22783 -0.0991945
-85.5 36 0.226577 -0.0974913
-85 36 0.227997 -0.0954276
-84.5 36 0.231024 -0.0954006
-84 36 0.231302 -0.0940489
-83.5 36 0.231834 -0.093427
-83 36 0.231435 -0.0906782
-82.5 36 0.233575 -0.0883985
-82 36 0.234008 -0.0888218
-81.5 36 0.229438 -0.0885965
-81 36 0.234984 -0.0894978
-119 36.5 -0.238473 -0.0802002
-118.5 36.5 -0.247145 -0.0816687
-118 36.5 -0.251219 -0.0827948
-117.5 36.5 -0.251555 -0.0829571
-117 36.5 -0.252459 -0.0842548
-116.5 36.5 -0.251856 -0.0840296
-116 36.5 -0.251688 -0.0858768
-115.5 36.5 -0.250382 -0.0873906
-115 36.5 -0.248552 -0.0897427
-114.5 36.5 -0.248027 -0.0905537
-114 36.5 -0.247715 -0.0929597
-113.5 36.5 -0.245851 -0.0955639
-113 36.5 -0.244734 -0.100241
-112.5 36.5 -0.242625 -0.104864
-112 36.5 -0.2396 -0.109017
-111.5 36.5 -0.237758 -0.112595
-111 36.5 -0.235079 -0.115316
-110.5 36.5 -0.232657 -0.11811
-110 36.5 -0.231485 -0.121011
-109.5 36.5 -0.228237 -0.124283
-109 36.5 -0.225804 -0.129022
-108.5 36.5 -0.224755 -0.133654
-108 36.5 -0.223962 -0.140503
-107.5 36.5 -0.222065 -0.147423
-107 36.5 -0.219665 -0.153911
-106.5 36.5 -0.218403 -0.158931
-106 36.5 -0.21472 -0.162869
-105.5 36.5 -0.208157 -0.167473
-105 36.5 -0.19944 -0.173556
-104.5 36.5 -0.187909 -0.180828
-95.5 36.5 0.168253 -0.176484
-95 36.5 0.17725 -0.167816
-94.5 36.5 0.18465 -0.15957
-94 36.5 0.191548 -0.152866
-93.5 36.5 0.19771 -0.146405
-93 36.5 0.202342 -0.139674
-92.5 36.5 0.207208 -0.134105
-92 36.5 0.210356 -0.128437
-91.5 36.5 0.21289 -0.123832
-91 36.5 0.216473 -0.119444
-90.5 36.5 0.219453 -0.116281
-90 36.5 0.221886 -0.112919
-89.5 36.5 0.222835 -0.109017
-89 36.5 0.223415 -0.106098
-88.5 36.5 0.225402 -0.101529
-88 36.5 0.225659 -0.098087
-87.5 36.5 0.227177 -0.0975373
-87 36.5 0.230168 -0.0960325
-86.5 36.5 0.230648 -0.0940861
-86 36.5 0.231496 -0.0927614
-85.5 36.5 0.232959 -0.0904635
-85 36.5 0.232903 -0.0874539
-84.5 36.5 0.233048 -0.086688
-84 36.5 0.233517 -0.0857145
-83.5 36.5 0.23355 -0.0859397
-83 36.5 0.235559 -0.0857236
-82.5 36.5 0.235314 -0.0851469
-82 36.5 0.232602 -0.0861743
-81.5 36.5 0.230994 -0.0850927
-81 36.5 0.238004 -0.0840024
-119 37 -0.243474 -0.0788238
-118.5 37 -0.249776 -0.0782194
-118 37 -0.253327 -0.0787154
-117.5 37 -0.253203 -0.0792109
-117 37 -0.254237 -0.0799586
-116.5 37 -0.254315 -0.0790487
-116 37 -0.253372 -0.0798684
-115.5 37 -0.253473 -0.0778861
-115 37 -0.252664 -0.0780123
-114.5 37 -0.25108 -0.0799044
-114 37 -0.252293 -0.0820853
-113.5 37 -0.252102 -0.0845628
-113 37 -0.2509 -0.0879511
-112.5 37 -0.249114 -0.0910509
-112 37 -0.246372 -0.0952674
-111.5 37 -0.242766 -0.0985201
-111 37 -0.239991 -0.101278
-110.5 37 -0.238227 -0.104755
-110 37 -0.236318 -0.107729
-109.5 37 -0.235127 -0.110531
-109 37 -0.233588 -0.114478
-108.5 37 -0.233262 -0.119613
-108 37 -0.233812 -0.12575
-107.5 37 -0.232038 -0.131886
-107 37 -0.229274 -0.13931
-106.5 37 -0.225442 -0.144464
-106 37 -0.221443 -0.149294
-105.5 37 -0.216545 -0.154403
-105 37 -0.208726 -0.1608
-95 37 0.189256 -0.154295
-94.5 37 0.19575 -0.146014
-94 37 0.201165 -0.138563
-93.5 37 0.206973 -0.132463
-93 37 0.211422 -0.126606
-92.5 37 0.214702 -0.121181
-92 37 0.217713 -0.116424
-91.5 37 0.220466 -0.111621
-91 37 0.222241 -0.108405
-90.5 37 0.223735 -0.105323
-90 37 0.225791 -0.101872
-89.5 37 0.227498 -0.0990967
-89 37 0.229363 -0.0960153
-88.5 37 0.231318 -0.0932942
-88 37 0.232183 -0.0914559
-87.5 37 0.232307 -0.087969
-87 37 0.233172 -0.0866535
-86.5 37 0.233812 -0.0853289
-86 37 0.235295 -0.0839502
-85.5 37 0.236127 -0.0822203
-85 37 0.235655 -0.0813552
-84.5 37 0.236183 -0.0797603
-84 37 0.235228 -0.0802831
-83.5 37 0.234823 -0.0795802
-83 37 0.235419 -0.0792109
-82.5 37 0.236036 -0.0812832
-82 37 0.237104 -0.080959
-81.5 37 0.235116 -0.0806887
-81 37 0.240395 -0.0786701
-119 37.5 -0.247304 -0.0738162
-118.5 37.5 -0.250267 -0.0751676
-118 37.5 -0.255775 -0.0754558
-117.5 37.5 -0.256431 -0.0755553
-117 37.5 -0.255583 -0.0748523
-116.5 37.5 -0.255062 -0.0742578
-116 37.5 -0.253547 -0.0724739
-115.5 37.5 -0.251353 -0.0732397
-115 37.5 -0.254362 -0.0718159
-114.5 37.5 -0.256408 -0.0724019
-114 37.5 -0.256827 -0.0734107
-113.5 37.5 -0.256454 -0.0745281
-113 37.5 -0.256104 -0.0761949
-112.5 37.5 -0.255006 -0.0786631
-112 37.5 -0.252133 -0.0814294
-111.5 37.5 -0.248436 -0.0845018
-111 37.5 -0.246004 -0.0878173
-110.5 37.5 -0.243821 -0.0908447
-110 37.5 -0.241786 -0.093863
-109.5 37.5 -0.239716 -0.0973135
-109 37.5 -0.24018 -0.100467
-108.5 37.5 -0.241865 -0.105666
-108 37.5 -0.242318 -0.109612
-107.5 37.5 -0.242012 -0.115054
-107 37.5 -0.238348 -0.121
-106.5 37.5 -0.233813 -0.126397
-106 37.5 -0.230024 -0.132055
-105.5 37.5 -0.225342 -0.137488
-94.5 37.5 0.20683 -0.129983
-94 37.5 0.211082 -0.122622
-93.5 37.5 0.215323 -0.116828
-93 37.5 0.219168 -0.111864
-92.5 37.5 0.222719 -0.107179
-92 37.5 0.225128 -0.103233
-91.5 37.5 0.225761 -0.0994217
-91 37.5 0.227231 -0.0958268
-90.5 37.5 0.230545 -0.0917095
-90 37.5 0.232626 -0.0877183
-89.5 37.5 0.233123 -0.0857362
-89 37.5 0.233643 -0.0831411
-88.5 37.5 0.234096 -0.0814657
-88 37.5 0.235317 -0.0801682
-87.5 37.5 0.236199 -0.0788889
-87 37.5 0.236516 -0.0774654
-86.5 37.5 0.237082 -0.0762309
-86 37.5 0.23845 -0.0750956
-85.5 37.5 0.239287 -0.0747984
-85 37.5 0.239061 -0.0741407
-84.5 37.5 0.237466 -0.073618
-84 37.5 0.236821 -0.073618
-83.5 37.5 0.237975 -0.0728432
-83 37.5 0.236527 -0.0729515
-82.5 37.5 0.236222 -0.0728973
-82 37.5 0.236414 -0.0733747
-81.5 37.5 0.236912 -0.0737173
-81 37.5 0.246332 -0.0729875
-119 38 -0.250329 -0.0677469
-118.5 38 -0.255201 -0.069711
-118 38 -0.257218 -0.07072
-117.5 38 -0.25584 -0.0702424
-117 38 -0.25601 -0.0682965
-116.5 38 -0.254724 -0.0681073
-116 38 -0.255487 -0.0655579
-115.5 38 -0.256044 -0.0674588
-115 38 -0.254997 -0.0676028
-114.5 38 -0.256466 -0.0671885
-114 38 -0.258367 -0.0665218
-113.5 38 -0.259005 -0.0658554
-113 38 -0.259494 -0.0664226
-112.5 38 -0.259073 -0.0675575
-112 38 -0.257058 -0.0692247
-111.5 38 -0.254098 -0.0715668
-111 38 -0.251229 -0.0740711
-110.5 38 -0.249065 -0.0773054
-110 38 -0.247665 -0.080954
-109.5 38 -0.246629 -0.0842063
-109 38 -0.247278 -0.0882693
-108.5 38 -0.24795 -0.090963
-108 38 -0.248815 -0.0941251
-107.5 38 -0.249544 -0.0977287
-107 38 -0.246686 -0.101449
-106.5 38 -0.242439 -0.106458
-106 38 -0.238431 -0.111746
-94 38 0.220488 -0.104314
-93.5 38 0.223346 -0.0986025
-93 38 0.226454 -0.0940893
-92.5 38 0.228492 -0.0904135
-92 38 0.230439 -0.0873053
-91.5 38 0.232785 -0.0836659
-91 38 0.23497 -0.0800172
-90.5 38 0.236985 -0.0766208
-90 38 0.236371 -0.0745758
-89.5 38 0.236337 -0.0718552
-89 38 0.237839 -0.0703685
-88.5 38 0.238181 -0.069639
-88 38 0.238557 -0.0682786
-87.5 38 0.238841 -0.0676301
-87 38 0.239661 -0.066648
-86.5 38 0.239946 -0.0658463
-86 38 0.240264 -0.0651705
-85.5 38 0.240504 -0.0652877
-85 38 0.24031 -0.0656572
-84.5 38 0.240014 -0.0661886
-84 38 0.239365 -0.064828
-83.5 38 0.238818 -0.064828
-83 38 0.238511 -0.0648552
-82.5 38 0.238671 -0.0649811
-82 38 0.239251 -0.0653146
-81.5 38 0.238761 -0.0649451
-81 38 0.247358 -0.0649003
-119 38.5 -0.249941 -0.0667053
-118.5 38.5 -0.257472 -0.0670475
-118 38.5 -0.259949 -0.0661563
-117.5 38.5 -0.256853 -0.0657593
-117 38.5 -0.25636 -0.0648496
-116.5 38.5 -0.255065 -0.0622553
-116 38.5 -0.256188 -0.0613814
-115.5 38.5 -0.257392 -0.0611563
-115 38.5 -0.257495 -0.0605347
-114.5 38.5 -0.258539 -0.0596338
-114 38.5 -0.258642 -0.0588864
-113.5 38.5 -0.259834 -0.0570846
-113 38.5 -0.261771 -0.0571839
-112.5 38.5 -0.262058 -0.057544
-112 38.5 -0.260682 -0.0581117
-111.5 38.5 -0.257999 -0.0600121
-111 38.5 -0.25667 -0.0619399
-110.5 38.5 -0.255913 -0.0645613
-110 38.5 -0.253873 -0.0661286
-109.5 38.5 -0.252302 -0.0689033
-109 38.5 -0.252061 -0.0723804
-108.5 38.5 -0.252623 -0.0739117
-108 38.5 -0.25424 -0.0767766
-107.5 38.5 -0.254641 -0.0788482
-107 38.5 -0.252715 -0.0806679
-106.5 38.5 -0.250113 -0.0842711
-106 38.5 -0.247911 -0.0889644
-94 38.5 0.229925 -0.0830911
-93.5 38.5 0.231278 -0.0779294
-93 38.5 0.232585 -0.0742633
-92.5 38.5 0.234397 -0.0712815
-92 38.5 0.236792 -0.0683716
-91.5 38.5 0.238122 -0.0657504
-91 38.5 0.239303 -0.0627778
-90.5 38.5 0.240621 -0.0616877
-90 38.5 0.24187 -0.0607058
-89.5 38.5 0.241664 -0.0583096
-89 38.5 0.239658 -0.0573459
-88.5 38.5 0.239956 -0.056661
-88 38.5 0.241091 -0.0562827
-87.5 38.5 0.241503 -0.0561296
-87 38.5 0.242019 -0.0554179
-86.5 38.5 0.242203 -0.0553189
-86 38.5 0.242421 -0.0552018
-85.5 38.5 0.241939 -0.0557423
-85 38.5 0.241183 -0.0562558
-84.5 38.5 0.241768 -0.0555171
-84 38.5 0.24179 -0.0551028
-83.5 38.5 0.241194 -0.0552472
-83 38.5 0.239566 -0.0547155
-82.5 38.5 0.238867 -0.055571
-82 38.5 0.239692 -0.0560218
-81.5 38.5 0.240678 -0.0578412
-81 38.5 0.251018 -0.0573007
-119 39 -0.256584 -0.0586199
-118.5 39 -0.258051 -0.06098
-118 39 -0.259148 -0.0582958
-117.5 39 -0.257728 -0.0581966
-117 39 -0.255084 -0.0575212
-116.5 39 -0.253826 -0.0573049
-116 39 -0.257635 -0.0567914
-115.5 39 -0.258524 -0.0554134
-115 39 -0.256596 -0.0537289
-114.5 39 -0.257924 -0.0519185
-114 39 -0.258697 -0.0506123
-113.5 39 -0.260429 -0.0498016
-113 39 -0.263696 -0.0487659
-112.5 39 -0.263869 -0.0483514
-112 39 -0.2638 -0.047676
-111.5 39 -0.262541 -0.0482705
-111 39 -0.260556 -0.048901
-110.5 39 -0.257901 -0.0494414
-110 39 -0.256677 -0.0494865
-109.5 39 -0.258074 -0.0509816
-109 39 -0.257139 -0.0532065
-108.5 39 -0.257035 -0.0550801
-108 39 -0.258605 -0.0564944
-107.5 39 -0.258005 -0.0574398
-107 39 -0.25707 -0.0583409
-106.5 39 -0.256447 -0.0605204
-93.5 39 0.237768 -0.0560618
-93 39 0.238127 -0.0532425
-92.5 39 0.239223 -0.0508194
-92 39 0.240735 -0.0490093
-91.5 39 0.243194 -0.04782
-91 39 0.243448 -0.0464599
-90.5 39 0.24294 -0.0457304
-90 39 0.243991 -0.0455953
-89.5 39 0.243933 -0.0457934
-89 39 0.243263 -0.045073
-88.5 39 0.242859 -0.044154
-88 39 0.242559 -0.0440732
-87.5 39 0.243275 -0.0441091
-87 39 0.244037 -0.0438837
-86.5 39 0.243563 -0.044271
-86 39 0.243067 -0.0451179
-85.5 39 0.242501 -0.0460635
-85 39 0.243944 -0.0468203
-84.5 39 0.244833 -0.0469014
-84 39 0.243044 -0.0466042
-83.5 39 0.24264 -0.0462529
-83 39 0.241417 -0.0462526
-82.5 39 0.24032 -0.046235
-82 39 0.239673 -0.0469104
-81.5 39 0.240447 -0.0482076
-81 39 0.25079 -0.0494234
-119 39.5 -0.258995 -0.0444926
-118.5 39.5 -0.260704 -0.0443219
-118 39.5 -0.260041 -0.0442493
-117.5 39.5 -0.259495 -0.0444475
-117 39.5 -0.258844 -0.0444024
-116.5 39.5 -0.257739 -0.0464199
-116 39.5 -0.257379 -0.0468341
-115.5 39.5 -0.257088 -0.0449969
-115 39.5 -0.256635 -0.0446638
-114.5 39.5 -0.258181 -0.0443395
-114 39.5 -0.259576 -0.0428261
-113.5 39.5 -0.261134 -0.0427992
-113 39.5 -0.26361 -0.0411962
-112.5 39.5 -0.264366 -0.039782
-112 39.5 -0.264273 -0.0383954
-111.5 39.5 -0.263238 -0.0365758
-111 39.5 -0.26182 -0.0351436
-110.5 39.5 -0.260297 -0.0345491
-110 39.5 -0.25946 -0.0352069
-109.5 39.5 -0.260681 -0.0348374
-109 39.5 -0.260925 -0.0352609
-108.5 39.5 -0.260448 -0.0361525
-108 39.5 -0.26089 -0.0368549
-107.5 39.5 -0.260634 -0.0360534
-107 39.5 -0.260274 -0.0356211
-106.5 39.5 -0.259634 -0.0352427
-93.5 39.5 0.2423 -0.0324508
-93 39.5 0.242649 -0.0310728
-92.5 39.5 0.243183 -0.030055
-92 39.5 0.24402 -0.0293794
-91.5 39.5 0.244788 -0.0291905
-91 39.5 0.245392 -0.030055
-90.5 39.5 0.245148 -0.0299109
-90 39.5 0.245218 -0.0302621
-89.5 39.5 0.245764 -0.0307485
-89 39.5 0.245171 -0.0313249
-88.5 39.5 0.244648 -0.0312979
-88 39.5 0.244567 -0.0314332
-87.5 39.5 0.245172 -0.0315681
-87 39.5 0.245241 -0.0320274
-86.5 39.5 0.244044 -0.0330183
-86 39.5 0.243544 -0.034135
-85.5 39.5 0.243171 -0.0342343
-85 39.5 0.24352 -0.0357562
-84.5 39.5 0.245474 -0.0368638
-84 39.5 0.246055 -0.036675
-83.5 39.5 0.245067 -0.037206
-83 39.5 0.242986 -0.0372602
-82.5 39.5 0.241404 -0.0380078
-82 39.5 0.240544 -0.0391424
-81.5 39.5 0.240846 -0.0393948
-81 39.5 0.249741 -0.0405657
-119 40 -0.259106 -0.0343302
-118.5 40 -0.261459 -0.0333755
-118 40 -0.263052 -0.0339697
-117.5 40 -0.261647 -0.0338075
-117 40 -0.261331 -0.0337896
-116.5 40 -0.260651 -0.0346092
-116 40 -0.259504 -0.0352848
-115.5 40 -0.259434 -0.0353208
-115 40 -0.259445 -0.0352487
-114.5 40 -0.259258 -0.0347172
-114 40 -0.260429 -0.0344561
-113.5 40 -0.262069 -0.0337358
-113 40 -0.263579 -0.0324388
-112.5 40 -0.264036 -0.0304309
-112 40 -0.263439 -0.0285843
-111.5 40 -0.262103 -0.0258285
-111 40 -0.261682 -0.0235861
-110.5 40 -0.261706 -0.0219653
-110 40 -0.260757 -0.02165
-109.5 40 -0.261869 -0.0213348
-109 40 -0.26256 -0.0198758
-108.5 40 -0.262818 -0.0191733
-108 40 -0.262209 -0.01866
-107.5 40 -0.260124 -0.0163185
-107 40 -0.259726 -0.0144183
-106.5 40 -0.261705 -0.0119417
-93.5 40 0.244467 -0.00706052
-93 40 0.244679 -0.00796116
-92.5 40 0.244878 -0.00890673
-92 40 0.245334 -0.00986123
-91.5 40 0.245826 -0.010942
-91 40 0.246025 -0.0119868
-90.5 40 0.246177 -0.0134456
-90 40 0.246423 -0.0141841
-89.5 40 0.246072 -0.0152468
-89 40 0.24606 -0.0168317
-88.5 40 0.246224 -0.0175433
-88 40 0.245709 -0.0182638
-87.5 40 0.246014 -0.0188221
-87 40 0.245674 -0.0194526
-86.5 40 0.244339 -0.0207586
-86 40 0.244994 -0.0217488
-85.5 40 0.243894 -0.0228839
-85 40 0.244046 -0.0246308
-84.5 40 0.247173 -0.0261437
-84 40 0.246107 -0.0269633
-83.5 40 0.245381 -0.028053
-83 40 0.243859 -0.0282693
-82.5 40 0.241341 -0.0289806
-82 40 0.241329 -0.0296471
-81.5 40 0.242067 -0.0296921
-81 40 0.250229 -0.0292689
-119 40.5 -0.262659 -0.0226206
-118.5 40.5 -0.264063 -0.0225304
-118 40.5 -0.264428 -0.0235387
-117.5 40.5 -0.263072 -0.0233771
-117 40.5 -0.263698 -0.0244486
-116.5 40.5 -0.263485 -0.025322
-116 40.5 -0.262093 -0.0251241
-115.5 40.5 -0.260819 -0.025079
-115 40.5 -0.259615 -0.0245025
-114.5 40.5 -0.260937 -0.0233321
-114 40.5 -0.262105 -0.0237374
-113.5 40.5 -0.262329 -0.022963
-113 40.5 -0.263155 -0.021828
-112.5 40.5 -0.263202 -0.0197122
-112 40.5 -0.262128 -0.0175055
-111.5 40.5 -0.260559 -0.0148493
-111 40.5 -0.260607 -0.0127691
-110.5 40.5 -0.261586 -0.0107612
-110 40.5 -0.262447 -0.00858168
-109.5 40.5 -0.262187 -0.00796047
-109 40.5 -0.261928 -0.00486265
-108.5 40.5 -0.262683 -0.00323275
-108 40.5 -0.260984 -0.000531211
-107.5 40.5 -0.258908 0.00219726
-107 40.5 -0.258365 0.00540293
-106.5 40.5 -0.259191 0.00954531
-93.5 40.5 0.243442 0.0185685
-93 40.5 0.243796 0.0156868
-92.5 40.5 0.244268 0.0128683
-92 40.5 0.24494 0.0101847
-91.5 40.5 0.245601 0.00825754
-91 40.5 0.245719 0.00633963
-90.5 40.5 0.245872 0.00414224
-90 40.5 0.246462 0.00206219
-89.5 40.5 0.245908 0.000333209
-89 40.5 0.245766 -0.00149484
-88.5 40.5 0.246367 -0.00323275
-88 40.5 0.246486 -0.00462838
-87.5 40.5 0.247217 -0.00600628
-87 40.5 0.246309 -0.00801461
-86.5 40.5 0.244622 -0.00987838
-86 40.5 0.244339 -0.0111659
-85.5 40.5 0.24297 -0.0132913
-85 40.5 0.242829 -0.0120758
-84.5 40.5 0.246026 -0.0138318
-84 40.5 0.24717 -0.0155785
-83.5 40.5 0.246957 -0.0167855
-83 40.5 0.245341 -0.0159119
-82.5 40.5 0.243147 -0.0156417
-82 40.5 0.243147 -0.0152636
-81.5 40.5 0.244881 -0.0182082
-81 40.5 0.252726 -0.0182442
-119 41 -0.263624 -0.012507
-118.5 41 -0.266583 -0.012336
-118 41 -0.268105 -0.0101658
-117.5 41 -0.266762 -0.0105263
-117 41 -0.267807 -0.0103999
-116.5 41 -0.265442 -0.0100039
-116 41 -0.263065 -0.00942742
-115.5 41 -0.262494 -0.00873413
-115 41 -0.261021 -0.00923836
-114.5 41 -0.262126 -0.00969753
-114 41 -0.263838 -0.00894132
-113.5 41 -0.263469 -0.00950848
-113 41 -0.263232 -0.00797791
-112.5 41 -0.262281 -0.00726621
-112 41 -0.260961 -0.00576285
-111.5 41 -0.259772 -0.0033226
-111 41 -0.260201 -0.000558369
-110.5 41 -0.260094 0.00216121
-110 41 -0.260961 0.00467331
-109.5 41 -0.260878 0.00778872
-109 41 -0.260248 0.0107151
-108.5 41 -0.261033 0.0139295
-108 41 -0.258965 0.0177294
-107.5 41 -0.256183 0.0208267
-107 41 -0.253913 0.0258421
-106.5 41 -0.254828 0.0312538
-93.5 41 0.240411 0.0435534
-93 41 0.240816 0.0386281
-92.5 41 0.241279 0.034522
-92 41 0.242919 0.0308756
-91.5 41 0.244428 0.0282373
-91 41 0.244274 0.02532
-90.5 41 0.244214 0.0222134
-90 41 0.245082 0.0191249
-89.5 41 0.245058 0.0163877
-89 41 0.245035 0.0136324
-88.5 41 0.245772 0.0116966
-88 41 0.245724 0.00909451
-87.5 41 0.245225 0.00636601
-87 41 0.244238 0.00361978
-86.5 41 0.243835 0.00182789
-86 41 0.244155 -2.7204e-05
-85.5 41 0.246341 -0.00224199
-85 41 0.246984 -5.41332e-05
-84.5 41 0.246247 -0.000900479
-84 41 0.24589 -0.00200815
-83.5 41 0.248612 -0.00245825
-83 41 0.249016 -0.00341259
-82.5 41 0.245807 -0.00335873
-82 41 0.241552 -0.00352058
-81.5 41 0.241754 -0.00411495
-81 41 0.252832 -0.0070593
-119 41.5 -0.268612 -0.000198105
-118.5 41.5 -0.26497 0.00227779
-118 41.5 -0.266048 0.00270972
-117.5 41.5 -0.26739 0.0029985
-117 41.5 -0.267019 0.00517682
-116.5 41.5 -0.266204 0.00786896
-116 41.5 -0.264396 0.00614042
-115.5 41.5 -0.26454 0.00685178
-115 41.5 -0.264851 0.00677045
-114.5 41.5 -0.264515 0.00647371
-114 41.5 -0.265845 0.00882349
-113.5 41.5 -0.265043 0.00781511
-113 41.5 -0.26418 0.00736477
-112.5 41.5 -0.264264 0.00823824
-112 41.5 -0.260875 0.0104262
-111.5 41.5 -0.257605 0.0129021
-111 41.5 -0.257282 0.0159362
-110.5 41.5 -0.258611 0.0192135
-110 41.5 -0.258958 0.0218783
-109.5 41.5 -0.258144 0.026209
-109 41.5 -0.257749 0.0288921
-108.5 41.5 -0.257354 0.0330696
-108 41.5 -0.255785 0.0377245
-107.5 41.5 -0.25206 0.0422801
-107 41.5 -0.248431 0.0482947
-106.5 41.5 -0.247125 0.054714
-106 41.5 -0.246599 0.0628801
-94 41.5 0.234083 0.0713434
-93.5 41.5 0.234262 0.0654821
-93 41.5 0.235496 0.059711
-92.5 41.5 0.237676 0.0548847
-92 41.5 0.240311 0.0506804
-91.5 41.5 0.241952 0.04671
-91 41.5 0.241448 0.0427306
-90.5 41.5 0.241377 0.03912
-90 41.5 0.242466 0.0355276
-89.5 41.5 0.242347 0.031521
-89 41.5 0.243269 0.028325
-88.5 41.5 0.244083 0.0247775
-88 41.5 0.243149 0.0215543
-87.5 41.5 0.2437 0.0190244
-87 41.5 0.244024 0.0168455
-86.5 41.5 0.243496 0.0168183
-86 41.5 0.242646 0.0152156
-85.5 41.5 0.246634 0.0141627
-85 41.5 0.248311 0.0113085
-84.5 41.5 0.247173 0.0102009
-84 41.5 0.248862 0.00908451
-83.5 41.5 0.24885 0.00705868
-83 41.5 0.24788 0.0038085
-82.5 41.5 0.246706 0.00180053
-82 41.5 0.245844 0.000828413
-81.5 41.5 0.243904 0.000909193
-81 41.5 0.248108 -0.000828413
-119 42 -0.264029 0.0117575
-118.5 42 -0.266817 0.01643
-118 42 -0.271295 0.0155923
-117.5 42 -0.26759 0.0154577
-117 42 -0.26543 0.0174743
-116.5 42 -0.268266 0.0205351
-116 42 -0.268507 0.0212731
-115.5 42 -0.265719 0.0219575
-115 42 -0.265574 0.023218
-114.5 42 -0.263438 0.0230287
-114 42 -0.26613 0.0248293
-113.5 42 -0.269509 0.0265758
-113 42 -0.266745 0.0269989
-112.5 42 -0.262243 0.0298527
-112 42 -0.258754 0.0322657
-111.5 42 -0.256413 0.0343357
-111 42 -0.255774 0.0366049
-110.5 42 -0.25616 0.0389545
-110 42 -0.255629 0.0419885
-109.5 42 -0.25552 0.0453194
-109 42 -0.255086 0.0495236
-108.5 42 -0.253239 0.0545652
-108 42 -0.250632 0.0599758
-107.5 42 -0.245985 0.0660888
-107 42 -0.241181 0.0719314
-106.5 42 -0.239226 0.0792054
-106 42 -0.236727 0.0872988
-94 42 0.227385 0.0912871
-93.5 42 0.228544 0.0846521
-93 42 0.230342 0.0790075
-92.5 42 0.232913 0.0736778
-92 42 0.235726 0.0686094
-91.5 42 0.23756 0.0634689
-91 42 0.237886 0.0587245
-90.5 42 0.238344 0.0547902
-90 42 0.238695 0.0507661
-89.5 42 0.239202 0.0459947
-89 42 0.239793 0.0423396
-88.5 42 0.240505 0.0375051
-88 42 0.241821 0.0344533
-87.5 42 0.242714 0.0327877
-87 42 0.245067 0.0311132
-86.5 42 0.24543 0.0294837
-86 42 0.24438 0.0272959
-85.5 42 0.244923 0.0259549
-85 42 0.245502 0.0226059
-84.5 42 0.247083 0.0208321
-84 42 0.24549 0.0180773
-83.5 42 0.245393 0.0150524
-83 42 0.245828 0.0128738
-82.5 42 0.245623 0.00990299
-82 42 0.244102 0.00869661
-81.5 42 0.243281 0.00767925
-81 42 0.250608 0.00647287
-119 42.5 -0.263933 0.0200292
-118.5 42.5 -0.263969 0.0217487
-118 42.5 -0.271561 0.0263845
-117.5 42.5 -0.269067 0.0283825
-117 42.5 -0.264371 0.0305794
-116.5 42.5 -0.265271 0.0314165
-116 42.5 -0.266646 0.0353232
-115.5 42.5 -0.266086 0.0369976
-115 42.5 -0.267583 0.0392931
-114.5 42.5 -0.266512 0.0419038
-114 42.5 -0.265247 0.043146
-113.5 42.5 -0.266293 0.0465758
-113 42.5 -0.263921 0.0496994
-112.5 42.5 -0.261317 0.0523281
-112 42.5 -0.258933 0.0539121
-111.5 42.5 -0.255806 0.0549293
-111 42.5 -0.2551 0.0561627
-110.5 42.5 -0.255417 0.0586923
-110 42.5 -0.254444 0.0616899
-109.5 42.5 -0.252035 0.0655337
-109 42.5 -0.249322 0.0705207
-108.5 42.5 -0.24729 0.07585
-108 42.5 -0.244249 0.0817462
-107.5 42.5 -0.239882 0.0881556
-107 42.5 -0.234626 0.0939708
-106.5 42.5 -0.230259 0.100929
-106 42.5 -0.226037 0.109607
-105.5 42.5 -0.221037 0.118906
-94.5 42.5 0.214188 0.119923
-94 42.5 0.218336 0.110993
-93.5 42.5 0.221365 0.10318
-93 42.5 0.224383 0.0969592
-92.5 42.5 0.227376 0.090856
-92 42.5 0.230308 0.0853649
-91.5 42.5 0.232412 0.0792707
-91 42.5 0.233531 0.0739684
-90.5 42.5 0.234431 0.0700706
-90 42.5 0.234407 0.0653627
-89.5 42.5 0.234784 0.0607357
-89 42.5 0.235636 0.0560726
-88.5 42.5 0.237278 0.0519228
-88 42.5 0.240611 0.0484391
-87.5 42.5 0.243032 0.0459995
-87 42.5 0.24341 0.0443254
-86.5 42.5 0.242181 0.0404186
-86 42.5 0.241707 0.0372138
-85.5 42.5 0.244188 0.0339458
-85 42.5 0.245307 0.0303184
-84.5 42.5 0.244954 0.0270056
-84 42.5 0.244979 0.0235849
-83.5 42.5 0.245746 0.0219737
-83 42.5 0.244833 0.0194081
-82.5 42.5 0.244955 0.0177337
-82 42.5 0.246719 0.0165274
-81.5 42.5 0.244748 0.0154294
-81 42.5 0.247205 0.0124677
-119 43 -0.26258 0.0278046
-118.5 43 -0.262445 0.0279845
-118 43 -0.266615 0.031873
-117.5 43 -0.266173 0.0360766
-117 43 -0.26556 0.0386779
-116.5 43 -0.266112 0.0404151
-116 43 -0.265217 0.0436103
-115.5 43 -0.264579 0.0478408
-115 43 -0.263156 0.0508921
-114.5 43 -0.26242 0.0564909
-114 43 -0.264039 0.0596864
-113.5 43 -0.26491 0.0637729
-113 43 -0.263193 0.0665092
-112.5 43 -0.260716 0.0684985
-112 43 -0.259367 0.0708295
-111.5 43 -0.257466 0.0721442
-111 43 -0.254756 0.0733318
-110.5 43 -0.252745 0.0759422
-110 43 -0.250415 0.0795967
-109.5 43 -0.247594 0.0837822
-109 43 -0.245129 0.0883997
-108.5 43 -0.242014 0.0936924
-108 43 -0.237893 0.0995521
-107.5 43 -0.233282 0.105835
-107 43 -0.227653 0.112856
-106.5 43 -0.221766 0.119418
-106 43 -0.216039 0.128041
-105.5 43 -0.208681 0.137672
-105 43 -0.199581 0.149229
-95 43 0.193903 0.148401
-94.5 43 0.202414 0.137663
-94 43 0.208227 0.128275
-93.5 43 0.213096 0.120525
-93 43 0.217253 0.113504
-92.5 43 0.220859 0.107104
-92 43 0.223729 0.100956
-91.5 43 0.22585 0.0951324
-91 43 0.229173 0.0888226
-90.5 43 0.230449 0.083665
-90 43 0.229811 0.0793986
-89.5 43 0.230388 0.074619
-89 43 0.231639 0.0698035
-88.5 43 0.233969 0.0657169
-88 43 0.237635 0.0614592
-87.5 43 0.241008 0.0587324
-87 43 0.241401 0.0541865
-86.5 43 0.239684 0.0520986
-86 43 0.239487 0.0493352
-85.5 43 0.239463 0.0465984
-85 43 0.23999 0.0420262
-84.5 43 0.241879 0.0389658
-84 43 0.242578 0.0354374
-83.5 43 0.243645 0.0325032
-83 43 0.244 0.0267962
-82.5 43 0.245644 0.0262113
-82 43 0.244884 0.0246629
-81.5 43 0.241658 0.0208826
-81 43 0.246073 0.0176064
-119 43.5 -0.261917 0.0298451
-118.5 43.5 -0.262697 0.030376
-118 43.5 -0.264885 0.033958
-117.5 43.5 -0.264118 0.0380626
-117 43.5 -0.262734 0.0428509
-116.5 43.5 -0.262833 0.0459376
-116 43.5 -0.260805 0.0505278
-115.5 43.5 -0.260434 0.0549019
-115 43.5 -0.260075 0.0587
-114.5 43.5 -0.258789 0.0627681
-114 43.5 -0.259581 0.0663772
-113.5 43.5 -0.261275 0.0710032
-113 43.5 -0.261745 0.0752427
-112.5 43.5 -0.259655 0.0784464
-112 43.5 -0.258159 0.0808319
-111.5 43.5 -0.256551 0.0840449
-111 43.5 -0.254054 0.0875279
-110.5 43.5 -0.250987 0.090498
-110 43.5 -0.247835 0.0938463
-109.5 43.5 -0.244063 0.0970954
-109 43.5 -0.239785 0.101532
-108.5 43.5 -0.236014 0.107554
-108 43.5 -0.231563 0.113602
-107.5 43.5 -0.225529 0.120172
-107 43.5 -0.219804 0.127984
-106.5 43.5 -0.213164 0.136364
-106 43.5 -0.204658 0.144995
-105.5 43.5 -0.195545 0.154958
-105 43.5 -0.185913 0.165831
-104.5 43.5 -0.175601 0.17709
-95.5 43.5 0.170816 0.17313
-95 43.5 0.181103 0.163166
-94.5 43.5 0.190042 0.153104
-94 43.5 0.198364 0.144095
-93.5 43.5 0.204695 0.13622
-93 43.5 0.209616 0.129884
-92.5 43.5 0.213857 0.123331
-92 43.5 0.217628 0.116572
-91.5 43.5 0.219544 0.110164
-91 43.5 0.221597 0.10425
-90.5 43.5 0.225319 0.0977433
-90 43.5 0.225813 0.0923611
-89.5 43.5 0.225442 0.086988
-89 43.5 0.22726 0.0821188
-88.5 43.5 0.229695 0.0789508
-88 43.5 0.234951 0.0744865
-87.5 43.5 0.237016 0.0703465
-87 43.5 0.238277 0.0665753
-86.5 43.5 0.239476 0.062867
-86 43.5 0.238103 0.0595638
-85.5 43.5 0.238141 0.056531
-85 43.5 0.238833 0.0536148
-84.5 43.5 0.239909 0.0512837
-84 43.5 0.240107 0.0482956
-83.5 43.5 0.237893 0.0443085
-83 43.5 0.240193 0.0436243
-82.5 43.5 0.246029 0.0405733
-82 43.5 0.243433 0.0375671
-81.5 43.5 0.239056 0.0351731
-81 43.5 0.244756 0.0339852
-119 44 -0.262137 0.0308142
-118.5 44 -0.261115 0.033847
-118 44 -0.260404 0.037591
-117.5 44 -0.258284 0.0416678
-117 44 -0.25907 0.0460863
-116.5 44 -0.259906 0.0506942
-116 44 -0.257213 0.055545
-115.5 44 -0.257661 0.0588478
-115 44 -0.256639 0.0626634
-114.5 44 -0.256152 0.0659663
-114 44 -0.257026 0.0696561
-113.5 44 -0.257038 0.0731029
-113 44 -0.257262 0.0781698
-112.5 44 -0.257312 0.0829574
-112 44 -0.255928 0.0872322
-111.5 44 -0.252475 0.0913359
-111 44 -0.250056 0.0959348
-110.5 44 -0.248198 0.100362
-110 44 -0.245443 0.103557
-109.5 44 -0.241067 0.107859
-109 44 -0.23472 0.112458
-108.5 44 -0.229322 0.118407
-108 44 -0.224372 0.125642
-107.5 44 -0.21724 0.133265
-107 44 -0.209012 0.141814
-106.5 44 -0.201893 0.151669
-106 44 -0.193876 0.16101
-105.5 44 -0.18329 0.170406
-105 44 -0.172243 0.179468
-104.5 44 -0.160599 0.189737
-104 44 -0.150774 0.199942
-103.5 44 -0.141336 0.209005
-96.5 44 0.136573 0.202156
-96 44 0.148555 0.193022
-95.5 44 0.15899 0.184715
-95 44 0.169389 0.175571
-94.5 44 0.179363 0.167094
-94 44 0.188302 0.158895
-93.5 44 0.196955 0.151633
-93 44 0.203015 0.145207
-92.5 44 0.206094 0.13826
-92 44 0.209211 0.131438
-91.5 44 0.21254 0.123959
-91 44 0.215782 0.118389
-90.5 44 0.217814 0.111576
-90 44 0.218737 0.104799
-89.5 44 0.220033 0.0992017
-89 44 0.22436 0.0944228
-88.5 44 0.227289 0.0897433
-88 44 0.229671 0.0851985
-87.5 44 0.23406 0.0797715
-87 44 0.235057 0.0787098
-86.5 44 0.23396 0.0737239
-86 44 0.234696 0.0698182
-85.5 44 0.235207 0.0651745
-85 44 0.236715 0.0617456
-84.5 44 0.238535 0.0590458
-84 44 0.236952 0.0562019
-83.5 44 0.241229 0.053826
-83 44 0.242887 0.0546271
-82.5 44 0.241341 0.0505591
-82 44 0.241478 0.0478775
-81.5 44 0.240718 0.0452675
-81 44 0.243049 0.0449704
-119 44.5 -0.25715 0.0328543
-118.5 44.5 -0.257678 0.0367147
-118 44.5 -0.258445 0.0406744
-117.5 44.5 -0.256722 0.0442195
-117 44.5 -0.254573 0.0476662
-116.5 44.5 -0.25407 0.0533624
-116 44.5 -0.253831 0.0573938
-115.5 44.5 -0.254899 0.0612274
-115 44.5 -0.254535 0.0649348
-114.5 44.5 -0.253403 0.0677873
-114 44.5 -0.254006 0.0722957
-113.5 44.5 -0.253805 0.0761203
-113 44.5 -0.25241 0.0810514
-112.5 44.5 -0.251391 0.0863158
-112 44.5 -0.250825 0.0925607
-111.5 44.5 -0.248738 0.097366
-111 44.5 -0.245746 0.101955
-110.5 44.5 -0.244589 0.106356
-110 44.5 -0.241558 0.110477
-109.5 44.5 -0.235762 0.116263
-109 44.5 -0.22911 0.122608
-108.5 44.5 -0.221591 0.129042
-108 44.5 -0.214725 0.137203
-107.5 44.5 -0.206754 0.146076
-107 44.5 -0.197813 0.155282
-106.5 44.5 -0.189955 0.164704
-106 44.5 -0.181945 0.17453
-105.5 44.5 -0.173068 0.182944
-105 44.5 -0.162053 0.190854
-104.5 44.5 -0.14997 0.198422
-104 44.5 -0.140489 0.205603
-103.5 44.5 -0.131297 0.21308
-103 44.5 -0.119691 0.219839
-102.5 44.5 -0.105747 0.227011
-97.5 44.5 0.0942293 0.222772
-97 44.5 0.110903 0.215474
-96.5 44.5 0.126167 0.20779
-96 44.5 0.138993 0.200357
-95.5 44.5 0.149328 0.193158
-95 44.5 0.159551 0.185725
-94.5 44.5 0.169962 0.178508
-94 44.5 0.180122 0.171093
-93.5 44.5 0.189037 0.164524
-93 44.5 0.194482 0.156623
-92.5 44.5 0.198241 0.149991
-92 44.5 0.201334 0.14335
-91.5 44.5 0.205031 0.136888
-91 44.5 0.208049 0.130428
-90.5 44.5 0.210149 0.123696
-90 44.5 0.212349 0.117316
-89.5 44.5 0.214763 0.111827
-89 44.5 0.217894 0.10695
-88.5 44.5 0.220698 0.101299
-88 44.5 0.224998 0.0965564
-87.5 44.5 0.231964 0.0915619
-87 44.5 0.233863 0.0866127
-86.5 44.5 0.231109 0.0828062
-86 44.5 0.230192 0.0791977
-85.5 44.5 0.230896 0.0741584
-85 44.5 0.234316 0.0723767
-84.5 44.5 0.236227 0.0685164
-84 44.5 0.236881 0.0651056
-83.5 44.5 0.239723 0.063693
-83 44.5 0.239697 0.0599134
-82.5 44.5 0.240766 0.0577359
-82 44.5 0.240163 0.056278
-81.5 44.5 0.239043 0.0521296
-81 44.5 0.240238 0.0501048
-119 45 -0.254938 0.0374314
-118.5 45 -0.254595 0.0412016
-118 45 -0.254316 0.0451066
-117.5 45 -0.252883 0.0491912
-117 45 -0.250651 0.0532767
-116.5 45 -0.250677 0.0568038
-116 45 -0.250562 0.0597373
-115.5 45 -0.251475 0.065757
-115 45 -0.251818 0.0695003
-114.5 45 -0.250194 0.0731983
-114 45 -0.249712 0.0779671
-113.5 45 -0.249129 0.0820792
-113 45 -0.247328 0.0868841
-112.5 45 -0.245527 0.0915269
-112 45 -0.244766 0.0972948
-111.5 45 -0.243586 0.102576
-111 45 -0.241697 0.107651
-110.5 45 -0.240466 0.11206
-110 45 -0.235711 0.118674
-109.5 45 -0.228126 0.125314
-109 45 -0.220758 0.133133
-108.5 45 -0.212704 0.141034
-108 45 -0.204232 0.149285
-107.5 45 -0.195506 0.158759
-107 45 -0.186362 0.167658
-106.5 45 -0.178245 0.17626
-106 45 -0.17151 0.18489
-105.5 45 -0.163444 0.191296
-105 45 -0.153399 0.198737
-104.5 45 -0.142581 0.205279
-104 45 -0.132713 0.211074
-103.5 45 -0.123709 0.217093
-103 45 -0.112103 0.222986
-102.5 45 -0.0976197 0.228727
-102 45 -0.0813222 0.234621
-101.5 45 -0.0635409 0.239291
-101 45 -0.0462038 0.242359
-100.5 45 -0.0279659 0.244159
-100 45 -0.0078631 0.243799
-99.5 45 0.0122391 0.241684
-99 45 0.0321508 0.239174
-98.5 45 0.0506679 0.235089
-98 45 0.0683733 0.230509
-97.5 45 0.0864082 0.225119
-97 45 0.102744 0.218847
-96.5 45 0.117621 0.212648
-96 45 0.130494 0.20626
-95.5 45 0.141109 0.199529
-95 45 0.151661 0.193285
-94.5 45 0.161833 0.187067
-94 45 0.17184 0.180292
-93.5 45 0.179957 0.173498
-93 45 0.186032 0.166273
-92.5 45 0.19094 0.159992
-92 45 0.194352 0.152902
-91.5 45 0.197992 0.146666
-91 45 0.200909 0.139747
-90.5 45 0.20309 0.134402
-90 45 0.205779 0.128221
-89.5 45 0.209216 0.123488
-89 45 0.213389 0.118566
-88.5 45 0.21656 0.114355
-88 45 0.219908 0.10991
-87.5 45 0.22408 0.104448
-87 45 0.226769 0.0976726
-86.5 45 0.227543 0.0936325
-86 45 0.226554 0.0890525
-85.5 45 0.229648 0.0851744
-85 45 0.232844 0.0814762
-84.5 45 0.2324 0.0762485
-84 45 0.234239 0.0722083
-83.5 45 0.238069 0.0685823
-83 45 0.238678 0.0668727
-82.5 45 0.240378 0.0641734
-82 45 0.23774 0.0622655
-81.5 45 0.236167 0.0585585
-81 45 0.236915 0.0576858
-119 45.5 -0.251759 0.0443918
-118.5 45.5 -0.251286 0.0466411
-118 45.5 -0.251619 0.0530921
-117.5 45.5 -0.24961 0.0560523
-117 45.5 -0.248215 0.0597947
-116.5 45.5 -0.249341 0.0636818
-116 45.5 -0.245554 0.0659129
-115.5 45.5 -0.24549 0.0701235
-115 45.5 -0.24842 0.0753961
-114.5 45.5 -0.24581 0.0801286
-114 45.5 -0.245835 0.0861115
-113.5 45.5 -0.24558 0.091006
-113 45.5 -0.243405 0.0948478
-112.5 45.5 -0.240999 0.0987527
-112 45.5 -0.239515 0.102657
-111.5 45.5 -0.238376 0.107786
-111 45.5 -0.236572 0.113319
-110.5 45.5 -0.233207 0.120004
-110 45.5 -0.226951 0.128371
-109.5 45.5 -0.219338 0.137206
-109 45.5 -0.210778 0.144728
-108.5 45.5 -0.202513 0.152628
-108 45.5 -0.193288 0.161112
-107.5 45.5 -0.184255 0.169686
-107 45.5 -0.176399 0.177487
-106.5 45.5 -0.168786 0.184792
-106 45.5 -0.163758 0.191504
-105.5 45.5 -0.156414 0.198765
-105 45.5 -0.145014 0.20446
-104.5 45.5 -0.13506 0.210371
-104 45.5 -0.126155 0.21594
-103.5 45.5 -0.116662 0.22142
-103 45.5 -0.105248 0.227088
-102.5 45.5 -0.0910589 0.232288
-102 45.5 -0.0751939 0.237057
-101.5 45.5 -0.0591751 0.24061
-101 45.5 -0.043681 0.242797
-100.5 45.5 -0.0275854 0.244398
-100 45.5 -0.00980056 0.244038
-99.5 45.5 0.0093402 0.242302
-99 45.5 0.0283529 0.239639
-98.5 45.5 0.0457791 0.236031
-98 45.5 0.0630008 0.232414
-97.5 45.5 0.0793007 0.228356
-97 45.5 0.0951148 0.223624
-96.5 45.5 0.110482 0.218126
-96 45.5 0.122777 0.212009
-95.5 45.5 0.133499 0.205783
-95 45.5 0.14463 0.199961
-94.5 45.5 0.154469 0.193286
-94 45.5 0.163988 0.186556
-93.5 45.5 0.17242 0.179403
-93 45.5 0.17869 0.173366
-92.5 45.5 0.182707 0.167158
-92 45.5 0.185918 0.161301
-91.5 45.5 0.189923 0.155282
-91 45.5 0.19426 0.149074
-90.5 45.5 0.197446 0.143172
-90 45.5 0.200555 0.138106
-89.5 45.5 0.204803 0.133545
-89 45.5 0.208731 0.12865
-88.5 45.5 0.212262 0.123396
-88 45.5 0.21486 0.119005
-87.5 45.5 0.218634 0.114192
-87 45.5 0.222588 0.108613
-86.5 45.5 0.222908 0.10425
-86 45.5 0.222204 0.10039
-85.5 45.5 0.224174 0.0977538
-85 45.5 0.225735 0.0924994
-84.5 45.5 0.227194 0.0875332
-84 45.5 0.230137 0.0811813
-83.5 45.5 0.236342 0.0770874
-83 45.5 0.237634 0.0741185
-82.5 45.5 0.23844 0.0701238
-82 45.5 0.236393 0.0662282
-81.5 45.5 0.236726 0.0633759
-81 45.5 0.23638 0.0623323
-119 46 -0.252455 0.054176
-118.5 46 -0.246659 0.0558582
-118 46 -0.245355 0.059088
-117.5 46 -0.247782 0.0594388
-117 46 -0.244181 0.0631183
-116.5 46 -0.246375 0.0684983
-116 46 -0.245794 0.0745079
-115.5 46 -0.24236 0.079402
-115 46 -0.24196 0.0856721
-114.5 46 -0.239288 0.088929
-114 46 -0.238565 0.0933731
-113.5 46 -0.241044 0.098402
-113 46 -0.24063 0.102162
-112.5 46 -0.238707 0.1064
-112 46 -0.236177 0.110439
-111.5 46 -0.23264 0.11626
-111 46 -0.228483 0.122836
-110.5 46 -0.223164 0.131149
-110 46 -0.215238 0.13974
-109.5 46 -0.208732 0.148017
-109 46 -0.202574 0.155799
-108.5 46 -0.192995 0.163518
-108 46 -0.183403 0.171479
-107.5 46 -0.175503 0.179477
-107 46 -0.168015 0.185208
-106.5 46 -0.161315 0.191613
-106 46 -0.154525 0.197929
-105.5 46 -0.147774 0.204334
-105 46 -0.139486 0.210344
-104.5 46 -0.128655 0.215858
-104 46 -0.119231 0.220527
-103.5 46 -0.109923 0.225746
-103 46 -0.0985113 0.230801
-102.5 46 -0.0850596 0.235632
-102 46 -0.0708337 0.239573
-101.5 46 -0.0564398 0.242173
-101 46 -0.041594 0.244413
-100.5 46 -0.0266837 0.245906
-100 46 -0.0110114 0.246248
-99.5 46 0.00614503 0.244728
-99 46 0.0237272 0.242245
-98.5 46 0.0412065 0.23888
-98 46 0.0585826 0.235066
-97.5 46 0.075339 0.231539
-97 46 0.0899006 0.22831
-96.5 46 0.103055 0.222336
-96 46 0.115113 0.216902
-95.5 46 0.126344 0.211207
-95 46 0.136439 0.204136
-94.5 46 0.145489 0.197551
-94 46 0.15499 0.191289
-93.5 46 0.164246 0.184434
-93 46 0.171785 0.177921
-92.5 46 0.177039 0.172055
-92 46 0.180783 0.167665
-91.5 46 0.183984 0.161745
-91 46 0.187121 0.156842
-90.5 46 0.190981 0.151309
-90 46 0.195641 0.147423
-89.5 46 0.199385 0.142889
-89 46 0.202638 0.137851
-88.5 46 0.206588 0.132732
-88 46 0.210629 0.12746
-87.5 46 0.213172 0.122548
-87 46 0.216554 0.116764
-86.5 46 0.219808 0.111159
-86 46 0.221279 0.107299
-85.5 46 0.222428 0.10425
-85 46 0.222338 0.100768
-84.5 46 0.220311 0.0985458
-84 46 0.223435 0.0950465
-83.5 46 0.232188 0.0909079
-83 46 0.23295 0.0832882
-82.5 46 0.23335 0.0778453
-82 46 0.232304 0.0711161
-81.5 46 0.234795 0.0651156
-81 46 0.236344 0.0612022
-119 46.5 -0.245732 0.0609539
-118.5 46.5 -0.248741 0.0640936
-118 46.5 -0.251008 0.0660274
-117.5 46.5 -0.248312 0.0688701
-117 46.5 -0.239609 0.0734757
-116.5 46.5 -0.237381 0.0774338
-116 46.5 -0.234229 0.0840726
-115.5 46.5 -0.233786 0.0886335
-115 46.5 -0.239141 0.0921416
-114.5 46.5 -0.239127 0.0971429
-114 46.5 -0.236587 0.10022
-113.5 46.5 -0.237317 0.104987
-113 46.5 -0.236248 0.109638
-112.5 46.5 -0.233395 0.114819
-112 46.5 -0.229592 0.120766
-111.5 46.5 -0.224759 0.127755
-111 46.5 -0.219313 0.135383
-110.5 46.5 -0.212969 0.143965
-110 46.5 -0.206651 0.151782
-109.5 46.5 -0.200072 0.158655
-109 46.5 -0.192164 0.166085
-108.5 46.5 -0.183488 0.173983
-108 46.5 -0.173692 0.180181
-107.5 46.5 -0.167725 0.184985
-107 46.5 -0.162032 0.19121
-106.5 46.5 -0.153434 0.196823
-106 46.5 -0.148315 0.202886
-105.5 46.5 -0.14128 0.208229
-105 46.5 -0.130962 0.215399
-104.5 46.5 -0.122768 0.220328
-104 46.5 -0.114131 0.22569
-103.5 46.5 -0.103905 0.230826
-103 46.5 -0.0928448 0.234226
-102.5 46.5 -0.0800128 0.23724
-102 46.5 -0.06709 0.240163
-101.5 46.5 -0.053242 0.24431
-101 46.5 -0.0390687 0.24682
-100.5 46.5 -0.0254292 0.247459
-100 46.5 -0.0116854 0.247135
-99.5 46.5 0.0037128 0.245641
-99 46.5 0.0204007 0.244148
-98.5 46.5 0.0362156 0.241396
-98 46.5 0.0535158 0.238157
-97.5 46.5 0.0709592 0.23321
-97 46.5 0.0835173 0.228667
-96.5 46.5 0.0959712 0.225537
-96 46.5 0.108894 0.219015
-95.5 46.5 0.11744 0.214112
-95 46.5 0.127484 0.207887
-94.5 46.5 0.138674 0.201231
-94 46.5 0.147976 0.19488
-93.5 46.5 0.156196 0.188466
-93 46.5 0.164012 0.182106
-92.5 46.5 0.171177 0.175899
-92 46.5 0.174369 0.17025
-91.5 46.5 0.177704 0.166382
-91 46.5 0.18268 0.162721
-90.5 46.5 0.187396 0.159878
-90 46.5 0.192008 0.157026
-89.5 46.5 0.194665 0.153293
-89 46.5 0.197818 0.148625
-88.5 46.5 0.201075 0.144181
-88 46.5 0.204019 0.139251
-87.5 46.5 0.20712 0.13407
-87 46.5 0.210142 0.129365
-86.5 46.5 0.213255 0.124436
-86 46.5 0.216238 0.1192
-85.5 46.5 0.218792 0.114424
-85 46.5 0.22158 0.109305
-84.5 46.5 0.223039 0.10594
-84 46.5 0.22326 0.103404
-83.5 46.5 0.223612 0.0998598
-83 46.5 0.223039 0.0921057
-82.5 46.5 0.225149 0.0871038
-82 46.5 0.222257 0.0822733
-81.5 46.5 0.226674 0.0756886
-81 46.5 0.234581 0.0704623
-119 47 -0.246161 0.0703661
-118.5 47 -0.243808 0.0721111
-118 47 -0.242914 0.079046
-117.5 47 -0.24148 0.0849557
-117 47 -0.236182 0.0905683
-116.5 47 -0.235446 0.0907932
-116 47 -0.233973 0.0937613
-115.5 47 -0.235051 0.0951914
-115 47 -0.233999 0.0988437
-114.5 47 -0.231908 0.104025
-114 47 -0.231514 0.107236
-113.5 47 -0.231738 0.112201
-113 47 -0.230712 0.117616
-112.5 47 -0.22686 0.12366
-112 47 -0.22164 0.130973
-111.5 47 -0.215579 0.139095
-111 47 -0.209017 0.146705
-110.5 47 -0.203324 0.154548
-110 47 -0.197749 0.161618
-109.5 47 -0.191688 0.168535
-109 47 -0.183918 0.175758
-108.5 47 -0.175963 0.181532
-108 47 -0.170717 0.185472
-107.5 47 -0.16263 0.188872
-107 47 -0.153821 0.194638
-106.5 47 -0.147234 0.200457
-106 47 -0.140712 0.205899
-105.5 47 -0.132219 0.213374
-105 47 -0.124382 0.219113
-104.5 47 -0.115994 0.22459
-104 47 -0.106093 0.229169
-103.5 47 -0.0994794 0.233136
-103 47 -0.0909594 0.236482
-102.5 47 -0.0779559 0.238802
-102 47 -0.0618099 0.241006
-101.5 47 -0.0477544 0.245557
-101 47 -0.0377616 0.248274
-100.5 47 -0.0267172 0.247482
-100 47 -0.0138717 0.247104
-99.5 47 0.00189331 0.246628
-99 47 0.0179606 0.244964
-98.5 47 0.0332124 0.242049
-98 47 0.0477019 0.237507
-97.5 47 0.0628618 0.233693
-97 47 0.0803487 0.228953
-96.5 47 0.0908541 0.225103
-96 47 0.100545 0.221262
-95.5 47 0.112417 0.215245
-95 47 0.120135 0.210666
-94.5 47 0.129168 0.204739
-94 47 0.1392 0.198703
-93.5 47 0.148614 0.191535
-93 47 0.156595 0.186012
-92.5 47 0.162986 0.179778
-92 47 0.170217 0.174328
-91.5 47 0.176383 0.170487
-91 47 0.181077 0.167582
-90.5 47 0.186192 0.165036
-90 47 0.189637 0.161789
-89.5 47 0.190794 0.15847
-89 47 0.193069 0.154935
-88.5 47 0.196711 0.151247
-88 47 0.199748 0.148594
-87.5 47 0.202667 0.14513
-87 47 0.20648 0.142297
-86.5 47 0.209017 0.138259
-86 47 0.21074 0.13386
-85.5 47 0.212081 0.128832
-85 47 0.214053 0.126413
-84.5 47 0.215762 0.120872
-84 47 0.218682 0.115493
-83.5 47 0.21997 0.111211
-83 47 0.218615 0.106831
-82.5 47 0.223296 0.103764
-82 47 0.219917 0.101308
-81.5 47 0.221876 0.0953177
-81 47 0.22732 0.09601
-119 47.5 -0.23584 0.0746771
-118.5 47.5 -0.240618 0.0803612
-118 47.5 -0.236782 0.0847053
-117.5 47.5 -0.235986 0.0903266
-117 47.5 -0.235508 0.0944009
-116.5 47.5 -0.237141 0.0982322
-116 47.5 -0.23215 0.101048
-115.5 47.5 -0.23069 0.104249
-115 47.5 -0.230611 0.109295
-114.5 47.5 -0.231248 0.113118
-114 47.5 -0.228978 0.116472
-113.5 47.5 -0.22647 0.120717
-113 47.5 -0.223788 0.126653
-112.5 47.5 -0.218081 0.13339
-112 47.5 -0.21114 0.141403
-111.5 47.5 -0.205778 0.14868
-111 47.5 -0.200641 0.155155
-110.5 47.5 -0.194974 0.160938
-110 47.5 -0.189904 0.168286
-109.5 47.5 -0.182975 0.174519
-109 47.5 -0.176605 0.18042
-108.5 47.5 -0.17261 0.185159
-108 47.5 -0.166133 0.190061
-107.5 47.5 -0.157359 0.19516
-107 47.5 -0.147989 0.199433
-106.5 47.5 -0.139707 0.204541
-106 47.5 -0.132049 0.210351
-105.5 47.5 -0.124443 0.216018
-105 47.5 -0.116878 0.220946
-104.5 47.5 -0.110242 0.226405
-104 47.5 -0.103672 0.229706
-103.5 47.5 -0.0950714 0.232539
-103 47.5 -0.0862319 0.236623
-102.5 47.5 -0.0748438 0.24031
-102 47.5 -0.058386 0.242936
-101.5 47.5 -0.0435208 0.244771
-101 47.5 -0.0369639 0.247083
-100.5 47.5 -0.0276335 0.248072
-100 47.5 -0.0131664 0.247182
-99.5 47.5 0.000623974 0.246121
-99 47.5 0.014029 0.244124
-98.5 47.5 0.0258946 0.2413
-98 47.5 0.0421935 0.237711
-97.5 47.5 0.0596734 0.234095
-97 47.5 0.0724152 0.231307
-96.5 47.5 0.086431 0.224328
-96 47.5 0.0963986 0.220757
-95.5 47.5 0.104017 0.216953
-95 47.5 0.114383 0.211323
-94.5 47.5 0.123634 0.207158
-94 47.5 0.131279 0.201429
-93.5 47.5 0.14041 0.19633
-93 47.5 0.149754 0.191005
-92.5 47.5 0.157161 0.185807
-92 47.5 0.163942 0.181085
-91.5 47.5 0.171096 0.17558
-91 47.5 0.178078 0.171075
-90.5 47.5 0.182378 0.167162
-90 47.5 0.185935 0.162863
-89.5 47.5 0.188218 0.159086
-89 47.5 0.190886 0.156225
-88.5 47.5 0.195505 0.153482
-88 47.5 0.198836 0.151234
-87.5 47.5 0.201729 0.149678
-87 47.5 0.203959 0.148787
-86.5 47.5 0.204822 0.144911
-86 47.5 0.206401 0.141349
-85.5 47.5 0.211923 0.138561
-85 47.5 0.214007 0.136124
-84.5 47.5 0.211126 0.13634
-84 47.5 0.21321 0.133354
-83.5 47.5 0.215042 0.128425
-83 47.5 0.21625 0.125043
-82.5 47.5 0.22124 0.11971
-82 47.5 0.21398 0.117021
-81.5 47.5 0.223125 0.115069
-81 47.5 0.22481 0.112812
-119 48 -0.23421 0.0931337
-118.5 48 -0.23354 0.0947343
-118 48 -0.232723 0.0984215
-117.5 48 -0.231664 0.100724
-117 48 -0.228931 0.10085
-116.5 48 -0.230056 0.106291
-116 48 -0.229494 0.108638
-115.5 48 -0.227269 0.111749
-115 48 -0.225272 0.114034
-114.5 48 -0.225661 0.118818
-114 48 -0.224629 0.123036
-113.5 48 -0.221011 0.127191
-113 48 -0.216254 0.133846
-112.5 48 -0.209232 0.140231
-112 48 -0.203108 0.146329
-111.5 48 -0.199222 0.152444
-111 48 -0.19476 0.160223
-110.5 48 -0.187658 0.166131
-110 48 -0.181306 0.17204
-109.5 48 -0.177286 0.178371
-109 48 -0.171591 0.183965
-108.5 48 -0.164971 0.189999
-108 48 -0.159088 0.196232
-107.5 48 -0.151785 0.201645
-107 48 -0.142794 0.207059
-106.5 48 -0.133789 0.210153
-106 48 -0.126311 0.215603
-105.5 48 -0.118968 0.219803
-105 48 -0.11129 0.224146
-104.5 48 -0.105165 0.227852
-104 48 -0.0989879 0.231979
-103.5 48 -0.091082 0.235343
-103 48 -0.0811254 0.238104
-102.5 48 -0.0700432 0.241251
-102 48 -0.0563483 0.244651
-101.5 48 -0.0424924 0.244876
-101 48 -0.0335676 0.24528
-100.5 48 -0.0270819 0.248203
-100 48 -0.0170452 0.247034
-99.5 48 -0.00262645 0.245119
-99 48 0.0111223 0.243122
-98.5 48 0.0242946 0.240964
-98 48 0.0378826 0.239714
-97.5 48 0.0545258 0.235307
-97 48 0.0673364 0.231413
-96.5 48 0.0768777 0.229147
-96 48 0.091484 0.222357
-95.5 48 0.100516 0.22045
-95 48 0.107845 0.216062
-94.5 48 0.116904 0.210702
-94 48 0.125735 0.206502
-93.5 48 0.135933 0.203048
-93 48 0.143919 0.198516
-92.5 48 0.15133 0.194946
-92 48 0.158244 0.189163
-91.5 48 0.16485 0.184675
-91 48 0.172006 0.179045
-90.5 48 0.177527 0.173901
-90 48 0.181239 0.170016
-89.5 48 0.184562 0.166023
-89 48 0.188422 0.160744
-88.5 48 0.193045 0.156167
-88 48 0.197909 0.151814
-87.5 48 0.202907 0.149143
-87 48 0.203336 0.14596
-86.5 48 0.201942 0.143181
-86 48 0.205319 0.14051
-85.5 48 0.208361 0.138405
-85 48 0.214847 0.133756
-84.5 48 0.215771 0.131714
-84 48 0.211082 0.131031
-83.5 48 0.211805 0.128674
-83 48 0.209822 0.126525
-82.5 48 0.215624 0.124619
-82 48 0.217219 0.120032
-81.5 48 0.219859 0.122568
-81 48 0.214579 0.11621
-119 48.5 -0.2353 0.112288
-118.5 48.5 -0.237357 0.109977
-118 48.5 -0.232391 0.116649
-117.5 48.5 -0.236937 0.11816
-117 48.5 -0.231728 0.113196
-116.5 48.5 -0.23005 0.115382
-116 48.5 -0.228467 0.118106
-115.5 48.5 -0.227073 0.122441
-115 48.5 -0.224475 0.126424
-114.5 48.5 -0.222215 0.131244
-114 48.5 -0.220849 0.136442
-113.5 48.5 -0.214624 0.14074
-113 48.5 -0.208535 0.146378
-112.5 48.5 -0.203555 0.151927
-112 48.5 -0.196884 0.155623
-111.5 48.5 -0.188887 0.164237
-111 48.5 -0.183962 0.169273
-110.5 48.5 -0.180998 0.174507
-110 48.5 -0.175193 0.176548
-109.5 48.5 -0.168603 0.181727
-109 48.5 -0.162555 0.187959
-108.5 48.5 -0.157521 0.193588
-108 48.5 -0.151851 0.199497
-107.5 48.5 -0.144138 0.205297
-107 48.5 -0.138076 0.208273
-106.5 48.5 -0.129578 0.212608
-106 48.5 -0.120106 0.21517
-105.5 48.5 -0.114017 0.22088
-105 48.5 -0.107048 0.225134
-104.5 48.5 -0.100607 0.228264
-104 48.5 -0.0944232 0.231429
-103.5 48.5 -0.0877117 0.23454
-103 48.5 -0.0790243 0.236959
-102.5 48.5 -0.0664535 0.239504
-102 48.5 -0.0540722 0.242301
-101.5 48.5 -0.0434228 0.243173
-101 48.5 -0.0326786 0.242094
-100.5 48.5 -0.025534 0.24382
-100 48.5 -0.0180647 0.244243
-99.5 48.5 -0.00525025 0.243424
-99 48.5 0.0080513 0.241177
-98.5 48.5 0.0212715 0.239549
-98 48.5 0.0345055 0.237651
-97.5 48.5 0.0483483 0.234774
-97 48.5 0.064559 0.230251
-96.5 48.5 0.0744911 0.228632
-96 48.5 0.0851948 0.225467
-95.5 48.5 0.0965751 0.220071
-95 48.5 0.101947 0.217778
-94.5 48.5 0.111662 0.214217
-94 48.5 0.122325 0.211313
-93.5 48.5 0.131135 0.207806
-93 48.5 0.140485 0.204496
-92.5 48.5 0.146154 0.200962
-92 48.5 0.151689 0.196943
-91.5 48.5 0.159212 0.192375
-91 48.5 0.165343 0.188013
-90.5 48.5 0.172352 0.183373
-90 48.5 0.17771 0.179282
-89.5 48.5 0.17794 0.17617
-89 48.5 0.17978 0.174812
-88.5 48.5 0.185883 0.170955
-88 48.5 0.192148 0.163014
-87.5 48.5 0.196857 0.158473
-87 48.5 0.198968 0.152907
-86.5 48.5 0.200619 0.150263
-86 48.5 0.203244 0.148878
-85.5 48.5 0.205896 0.145182
-85 48.5 0.208116 0.143087
-84.5 48.5 0.211147 0.142755
-84 48.5 0.212797 0.141604
-83.5 48.5 0.212459 0.135983
-83 48.5 0.214367 0.135165
-82.5 48.5 0.215788 0.136712
-82 48.5 0.215071 0.131308
-81.5 48.5 0.221728 0.133897
-81 48.5 0.217858 0.134436
-119 49 -0.228654 0.0816079
-118.5 49 -0.231552 0.0857893
-118 49 -0.224909 0.0888554
-117.5 49 -0.241514 0.0954101
-117 49 -0.237701 0.100769
-116.5 49 -0.227164 0.107108
-116 49 -0.223324 0.113178
-115.5 49 -0.219142 0.11913
-115 49 -0.216368 0.125937
-114.5 49 -0.214919 0.132024
-114 49 -0.21466 0.140053
-113.5 49 -0.2103 0.147831
-113 49 -0.203549 0.154872
-112.5 49 -0.199339 0.161741
-112 49 -0.188434 0.169159
-111.5 49 -0.182434 0.175894
-111 49 -0.183022 0.179887
-110.5 49 -0.180329 0.184994
-110 49 -0.173934 0.190128
-109.5 49 -0.163465 0.19537
-109 49 -0.156973 0.200549
-108.5 49 -0.150714 0.204883
-108 49 -0.144455 0.209433
-107.5 49 -0.141462 0.213488
-107 49 -0.134519 0.216033
-106.5 49 -0.125964 0.221994
-106 49 -0.116247 0.22301
-105.5 49 -0.106189 0.22542
-105 49 -0.10228 0.228558
-104.5 49 -0.0976878 0.231229
-104 49 -0.0914155 0.233809
-103.5 49 -0.0844864 0.236399
-103 49 -0.0751928 0.239546
-102.5 49 -0.0633168 0.243403
-102 49 -0.0518916 0.245049
-101.5 49 -0.043651 0.246389
-101 49 -0.0332506 0.245795
-100.5 49 -0.0243537 0.244527
-100 49 -0.0179852 0.244878
-99.5 49 -0.00733873 0.244518
-99 49 0.00545296 0.243682
-98.5 49 0.0194199 0.242657
-98 49 0.0313783 0.240985
-97.5 49 0.0443615 0.238215
-97 49 0.0593398 0.23577
-96.5 49 0.0711339 0.232793
-96 49 0.0802906 0.231768
-95.5 49 0.0908275 0.226454
-95 49 0.101091 0.225393
-94.5 49 0.1094 0.224746
-94 49 0.118489 0.220735
-93.5 49 0.128274 0.218119
-93 49 0.136378 0.215187
-92.5 49 0.142856 0.211519
-92 49 0.148336 0.208705
-91.5 49 0.154554 0.204434
-91 49 0.161743 0.200927
-90.5 49 0.167784 0.198571
-90 49 0.173892 0.193527
-89.5 49 0.181436 0.187889
-89 49 0.184238 0.185021
-88.5 49 0.178949 0.181217
-88 49 0.182872 0.175777
-87.5 49 0.191577 0.170202
-87 49 0.194898 0.164304
-86.5 49 0.199831 0.159475
-86 49 0.201676 0.155384
-85.5 49 0.203699 0.150187
-85 49 0.215425 0.144873
-84.5 49 0.217803 0.140287
-84 49 0.204984 0.134569
-83.5 49 0.206227 0.130531
-83 49 0.215097 0.128508
-82.5 49 0.214045 0.12644
-82 49 0.217256 0.124885
-81.5 49 0.228981 0.126557
-81 49 0.218445 0.123257
