-119 25 751.018
-118.5 25 740.664
-118 25 730.441
-117.5 25 720.356
-117 25 710.418
-116.5 25 700.627
-116 25 690.994
-115.5 25 681.527
-115 25 672.227
-114.5 25 663.107
-114 25 654.176
-113.5 25 645.438
-113 25 636.902
-112.5 25 628.577
-112 25 620.473
-111.5 25 612.596
-111 25 604.957
-110.5 25 597.566
-110 25 590.43
-109.5 25 583.561
-109 25 576.967
-108.5 25 570.659
-108 25 564.646
-107.5 25 558.938
-107 25 553.544
-106.5 25 548.473
-106 25 543.736
-105.5 25 539.341
-105 25 535.295
-104.5 25 531.609
-104 25 528.288
-103.5 25 525.34
-103 25 522.772
-102.5 25 520.589
-102 25 518.795
-101.5 25 517.396
-101 25 516.395
-100.5 25 515.793
-100 25 515.592
-99.5 25 515.793
-99 25 516.395
-98.5 25 517.396
-98 25 518.795
-97.5 25 520.589
-97 25 522.772
-96.5 25 525.34
-96 25 528.288
-95.5 25 531.609
-95 25 535.295
-94.5 25 539.341
-94 25 543.736
-93.5 25 548.473
-93 25 553.544
-92.5 25 558.938
-92 25 564.646
-91.5 25 570.659
-91 25 576.967
-90.5 25 583.561
-90 25 590.43
-89.5 25 597.566
-89 25 604.957
-88.5 25 612.596
-88 25 620.473
-87.5 25 628.577
-87 25 636.902
-86.5 25 645.438
-86 25 654.176
-85.5 25 663.107
-85 25 672.227
-84.5 25 681.527
-84 25 690.994
-83.5 25 700.627
-83 25 710.418
-82.5 25 720.356
-82 25 730.441
-81.5 25 740.665
-81 25 751.018
-119 25.5 738.359
-118.5 25.5 727.879
-118 25.5 717.524
-117.5 25.5 707.307
-117 25.5 697.228
-116.5 25.5 687.3
-116 25.5 677.526
-115.5 25.5 667.913
-115 25.5 658.471
-114.5 25.5 649.206
-114 25.5 640.124
-113.5 25.5 631.235
-113 25.5 622.548
-112.5 25.5 614.071
-112 25.5 605.813
-111.5 25.5 597.782
-111 25.5 589.991
-110.5 25.5 582.446
-110 25.5 575.159
-109.5 25.5 568.14
-109 25.5 561.398
-108.5 25.5 554.945
-108 25.5 548.79
-107.5 25.5 542.944
-107 25.5 537.416
-106.5 25.5 532.217
-106 25.5 527.357
-105.5 25.5 522.845
-105 25.5 518.691
-104.5 25.5 514.903
-104 25.5 511.49
-103.5 25.5 508.46
-103 25.5 505.819
-102.5 25.5 503.573
-102 25.5 501.728
-101.5 25.5 500.289
-101 25.5 499.257
-100.5 25.5 498.638
-100 25.5 498.431
-99.5 25.5 498.638
-99 25.5 499.257
-98.5 25.5 500.289
-98 25.5 501.728
-97.5 25.5 503.573
-97 25.5 505.819
-96.5 25.5 508.46
-96 25.5 511.49
-95.5 25.5 514.903
-95 25.5 518.691
-94.5 25.5 522.845
-94 25.5 527.357
-93.5 25.5 532.217
-93 25.5 537.416
-92.5 25.5 542.944
-92 25.5 548.79
-91.5 25.5 554.945
-91 25.5 561.398
-90.5 25.5 568.14
-90 25.5 575.159
-89.5 25.5 582.446
-89 25.5 589.991
-88.5 25.5 597.783
-88 25.5 605.813
-87.5 25.5 614.071
-87 25.5 622.548
-86.5 25.5 631.236
-86 25.5 640.124
-85.5 25.5 649.206
-85 25.5 658.471
-84.5 25.5 667.913
-84 25.5 677.526
-83.5 25.5 687.3
-83 25.5 697.228
-82.5 25.5 707.307
-82 25.5 717.524
-81.5 25.5 727.879
-81 25.5 738.36
-119 26 725.877
-118.5 26 715.266
-118 26 704.781
-117.5 26 694.427
-117 26 684.213
-116.5 26 674.143
-116 26 664.226
-115.5 26 654.469
-115 26 644.875
-114.5 26 635.458
-114 26 626.224
-113.5 26 617.179
-113 26 608.337
-112.5 26 599.701
-112 26 591.283
-111.5 26 583.095
-111 26 575.143
-110.5 26 567.438
-110 26 559.995
-109.5 26 552.819
-109 26 545.92
-108.5 26 539.315
-108 26 533.012
-107.5 26 527.02
-107 26 521.35
-106.5 26 516.016
-106 26 511.028
-105.5 26 506.395
-105 26 502.126
-104.5 26 498.231
-104 26 494.72
-103.5 26 491.601
-103 26 488.882
-102.5 26 486.57
-102 26 484.669
-101.5 26 483.186
-101 26 482.124
-100.5 26 481.486
-100 26 481.273
-99.5 26 481.486
-99 26 482.124
-98.5 26 483.186
-98 26 484.669
-97.5 26 486.57
-97 26 488.882
-96.5 26 491.601
-96 26 494.72
-95.5 26 498.231
-95 26 502.126
-94.5 26 506.395
-94 26 511.028
-93.5 26 516.016
-93 26 521.35
-92.5 26 527.02
-92 26 533.012
-91.5 26 539.315
-91 26 545.92
-90.5 26 552.819
-90 26 559.995
-89.5 26 567.438
-89 26 575.143
-88.5 26 583.096
-88 26 591.283
-87.5 26 599.701
-87 26 608.337
-86.5 26 617.179
-86 26 626.224
-85.5 26 635.458
-85 26 644.875
-84.5 26 654.469
-84 26 664.226
-83.5 26 674.144
-83 26 684.213
-82.5 26 694.427
-82 26 704.782
-81.5 26 715.266
-81 26 725.878
-119 26.5 713.581
-118.5 26.5 702.84
-118 26.5 692.22
-117.5 26.5 681.731
-117 26.5 671.371
-116.5 26.5 661.161
-116 26.5 651.095
-115.5 26.5 641.188
-115 26.5 631.445
-114.5 26.5 621.873
-114 26.5 612.482
-113.5 26.5 603.279
-113 26.5 594.274
-112.5 26.5 585.476
-112 26.5 576.895
-111.5 26.5 568.542
-111 26.5 560.424
-110.5 26.5 552.554
-110 26.5 544.946
-109.5 26.5 537.605
-109 26.5 530.545
-108.5 26.5 523.78
-108 26.5 517.321
-107.5 26.5 511.175
-107 26.5 505.356
-106.5 26.5 499.879
-106 26.5 494.753
-105.5 26.5 489.989
-105 26.5 485.598
-104.5 26.5 481.59
-104 26.5 477.975
-103.5 26.5 474.762
-103 26.5 471.96
-102.5 26.5 469.576
-102 26.5 467.617
-101.5 26.5 466.087
-101 26.5 464.991
-100.5 26.5 464.332
-100 26.5 464.112
-99.5 26.5 464.332
-99 26.5 464.991
-98.5 26.5 466.087
-98 26.5 467.617
-97.5 26.5 469.576
-97 26.5 471.96
-96.5 26.5 474.762
-96 26.5 477.975
-95.5 26.5 481.59
-95 26.5 485.598
-94.5 26.5 489.989
-94 26.5 494.753
-93.5 26.5 499.879
-93 26.5 505.356
-92.5 26.5 511.175
-92 26.5 517.321
-91.5 26.5 523.78
-91 26.5 530.545
-90.5 26.5 537.605
-90 26.5 544.946
-89.5 26.5 552.554
-89 26.5 560.424
-88.5 26.5 568.542
-88 26.5 576.895
-87.5 26.5 585.476
-87 26.5 594.274
-86.5 26.5 603.279
-86 26.5 612.482
-85.5 26.5 621.873
-85 26.5 631.446
-84.5 26.5 641.188
-84 26.5 651.096
-83.5 26.5 661.162
-83 26.5 671.371
-82.5 26.5 681.731
-82 26.5 692.22
-81.5 26.5 702.84
-81 26.5 713.582
-119 27 701.479
-118.5 27 690.608
-118 27 679.85
-117.5 27 669.223
-117 27 658.726
-116.5 27 648.366
-116 27 638.155
-115.5 27 628.093
-115 27 618.196
-114.5 27 608.464
-114 27 598.911
-113.5 27 589.546
-113 27 580.374
-112.5 27 571.408
-112 27 562.658
-111.5 27 554.132
-111 27 545.845
-110.5 27 537.804
-110 27 530.021
-109.5 27 522.51
-109 27 515.282
-108.5 27 508.348
-108 27 501.721
-107.5 27 495.414
-107 27 489.44
-106.5 27 483.812
-106 27 478.54
-105.5 27 473.637
-105 27 469.116
-104.5 27 464.987
-104 27 461.261
-103.5 27 457.948
-103 27 455.057
-102.5 27 452.597
-102 27 450.573
-101.5 27 448.993
-101 27 447.861
-100.5 27 447.18
-100 27 446.953
-99.5 27 447.18
-99 27 447.861
-98.5 27 448.993
-98 27 450.573
-97.5 27 452.597
-97 27 455.057
-96.5 27 457.948
-96 27 461.261
-95.5 27 464.987
-95 27 469.116
-94.5 27 473.637
-94 27 478.54
-93.5 27 483.812
-93 27 489.44
-92.5 27 495.414
-92 27 501.721
-91.5 27 508.348
-91 27 515.282
-90.5 27 522.51
-90 27 530.021
-89.5 27 537.804
-89 27 545.845
-88.5 27 554.132
-88 27 562.658
-87.5 27 571.409
-87 27 580.374
-86.5 27 589.546
-86 27 598.911
-85.5 27 608.464
-85 27 618.196
-84.5 27 628.093
-84 27 638.155
-83.5 27 648.366
-83 27 658.726
-82.5 27 669.224
-82 27 679.85
-81.5 27 690.608
-81 27 701.48
-119 27.5 689.586
-118.5 27.5 678.579
-118 27.5 667.689
-117.5 27.5 656.918
-117 27.5 646.275
-116.5 27.5 635.771
-116 27.5 625.404
-115.5 27.5 615.191
-115 27.5 605.134
-114.5 27.5 595.241
-114 27.5 585.525
-113.5 27.5 575.989
-113 27.5 566.648
-112.5 27.5 557.51
-112 27.5 548.583
-111.5 27.5 539.882
-111 27.5 531.415
-110.5 27.5 523.195
-110 27.5 515.233
-109.5 27.5 507.543
-109 27.5 500.136
-108.5 27.5 493.026
-108 27.5 486.226
-107.5 27.5 479.749
-107 27.5 473.609
-106.5 27.5 467.819
-106 27.5 462.393
-105.5 27.5 457.344
-105 27.5 452.684
-104.5 27.5 448.426
-104 27.5 444.581
-103.5 27.5 441.16
-103 27.5 438.174
-102.5 27.5 435.631
-102 27.5 433.539
-101.5 27.5 431.905
-101 27.5 430.734
-100.5 27.5 430.029
-100 27.5 429.795
-99.5 27.5 430.029
-99 27.5 430.734
-98.5 27.5 431.905
-98 27.5 433.539
-97.5 27.5 435.631
-97 27.5 438.174
-96.5 27.5 441.16
-96 27.5 444.581
-95.5 27.5 448.426
-95 27.5 452.684
-94.5 27.5 457.344
-94 27.5 462.393
-93.5 27.5 467.819
-93 27.5 473.609
-92.5 27.5 479.749
-92 27.5 486.226
-91.5 27.5 493.026
-91 27.5 500.136
-90.5 27.5 507.543
-90 27.5 515.233
-89.5 27.5 523.195
-89 27.5 531.415
-88.5 27.5 539.882
-88 27.5 548.583
-87.5 27.5 557.51
-87 27.5 566.648
-86.5 27.5 575.99
-86 27.5 585.525
-85.5 27.5 595.241
-85 27.5 605.134
-84.5 27.5 615.191
-84 27.5 625.404
-83.5 27.5 635.772
-83 27.5 646.275
-82.5 27.5 656.918
-82 27.5 667.689
-81.5 27.5 678.579
-81 27.5 689.587
-119 28 677.908
-118.5 28 666.767
-118 28 655.74
-117.5 28 644.826
-117 28 634.043
-116.5 28 623.385
-116 28 612.867
-115.5 28 602.496
-115 28 592.275
-114.5 28 582.219
-114 28 572.333
-113.5 28 562.626
-113 28 553.109
-112.5 28 543.792
-112 28 534.685
-111.5 28 525.8
-111 28 517.149
-110.5 28 508.742
-110 28 500.593
-109.5 28 492.715
-109 28 485.122
-108.5 28 477.827
-108 28 470.844
-107.5 28 464.187
-107 28 457.872
-106.5 28 451.912
-106 28 446.322
-105.5 28 441.115
-105 28 436.307
-104.5 28 431.91
-104 28 427.938
-103.5 28 424.401
-103 28 421.312
-102.5 28 418.681
-102 28 416.515
-101.5 28 414.822
-101 28 413.609
-100.5 28 412.88
-100 28 412.636
-99.5 28 412.88
-99 28 413.609
-98.5 28 414.822
-98 28 416.515
-97.5 28 418.681
-97 28 421.312
-96.5 28 424.401
-96 28 427.938
-95.5 28 431.91
-95 28 436.307
-94.5 28 441.115
-94 28 446.322
-93.5 28 451.912
-93 28 457.872
-92.5 28 464.187
-92 28 470.844
-91.5 28 477.827
-91 28 485.122
-90.5 28 492.715
-90 28 500.593
-89.5 28 508.742
-89 28 517.149
-88.5 28 525.801
-88 28 534.685
-87.5 28 543.792
-87 28 553.109
-86.5 28 562.626
-86 28 572.333
-85.5 28 582.219
-85 28 592.276
-84.5 28 602.496
-84 28 612.867
-83.5 28 623.386
-83 28 634.043
-82.5 28 644.827
-82 28 655.74
-81.5 28 666.767
-81 28 677.909
-119 28.5 666.458
-118.5 28.5 655.183
-118 28.5 644.018
-117.5 28.5 632.964
-117 28.5 622.029
-116.5 28.5 611.222
-116 28.5 600.548
-115.5 28.5 590.017
-115 28.5 579.635
-114.5 28.5 569.409
-114 28.5 559.351
-113.5 28.5 549.468
-113 28.5 539.771
-112.5 28.5 530.27
-112 28.5 520.977
-111.5 28.5 511.903
-111 28.5 503.059
-110.5 28.5 494.458
-110 28.5 486.114
-109.5 28.5 478.041
-109 28.5 470.252
-108.5 28.5 462.762
-108 28.5 455.587
-107.5 28.5 448.74
-107 28.5 442.239
-106.5 28.5 436.098
-106 28.5 430.333
-105.5 28.5 424.959
-105 28.5 419.992
-104.5 28.5 415.447
-104 28.5 411.337
-103.5 28.5 407.676
-103 28.5 404.476
-102.5 28.5 401.748
-102 28.5 399.502
-101.5 28.5 397.747
-101 28.5 396.488
-100.5 28.5 395.731
-100 28.5 395.478
-99.5 28.5 395.731
-99 28.5 396.488
-98.5 28.5 397.747
-98 28.5 399.502
-97.5 28.5 401.748
-97 28.5 404.476
-96.5 28.5 407.676
-96 28.5 411.337
-95.5 28.5 415.447
-95 28.5 419.992
-94.5 28.5 424.959
-94 28.5 430.333
-93.5 28.5 436.098
-93 28.5 442.239
-92.5 28.5 448.74
-92 28.5 455.587
-91.5 28.5 462.762
-91 28.5 470.252
-90.5 28.5 478.041
-90 28.5 486.115
-89.5 28.5 494.458
-89 28.5 503.059
-88.5 28.5 511.903
-88 28.5 520.977
-87.5 28.5 530.271
-87 28.5 539.771
-86.5 28.5 549.468
-86 28.5 559.351
-85.5 28.5 569.409
-85 28.5 579.635
-84.5 28.5 590.017
-84 28.5 600.548
-83.5 28.5 611.223
-83 28.5 622.029
-82.5 28.5 632.964
-82 28.5 644.018
-81.5 28.5 655.184
-81 28.5 666.459
-119 29 655.25
-118.5 29 643.84
-118 29 632.536
-117.5 29 621.339
-117 29 610.258
-116.5 29 599.3
-116 29 588.469
-115.5 29 577.774
-115 29 567.224
-114.5 29 556.828
-114 29 546.593
-113.5 29 536.53
-113 29 526.649
-112.5 29 516.96
-112 29 507.475
-111.5 29 498.204
-111 29 489.161
-110.5 29 480.359
-110 29 471.812
-109.5 29 463.535
-109 29 455.541
-108.5 29 447.847
-108 29 440.468
-107.5 29 433.421
-107 29 426.722
-106.5 29 420.388
-106 29 414.437
-105.5 29 408.884
-105 29 403.747
-104.5 29 399.042
-104 29 394.784
-103.5 29 390.988
-103 29 387.668
-102.5 29 384.836
-102 29 382.504
-101.5 29 380.68
-101 29 379.371
-100.5 29 378.584
-100 29 378.321
-99.5 29 378.584
-99 29 379.371
-98.5 29 380.68
-98 29 382.504
-97.5 29 384.836
-97 29 387.668
-96.5 29 390.988
-96 29 394.784
-95.5 29 399.042
-95 29 403.747
-94.5 29 408.884
-94 29 414.437
-93.5 29 420.388
-93 29 426.722
-92.5 29 433.421
-92 29 440.468
-91.5 29 447.847
-91 29 455.541
-90.5 29 463.535
-90 29 471.812
-89.5 29 480.359
-89 29 489.161
-88.5 29 498.204
-88 29 507.475
-87.5 29 516.96
-87 29 526.649
-86.5 29 536.53
-86 29 546.593
-85.5 29 556.828
-85 29 567.224
-84.5 29 577.775
-84 29 588.469
-83.5 29 599.3
-83 29 610.259
-82.5 29 621.339
-82 29 632.536
-81.5 29 643.841
-81 29 655.251
-119 29.5 644.291
-118.5 29.5 632.749
-118 29.5 621.306
-117.5 29.5 609.967
-117 29.5 598.737
-116.5 29.5 587.623
-116 29.5 576.634
-115.5 29.5 565.778
-115 29.5 555.06
-114.5 29.5 544.49
-114 29.5 534.076
-113.5 29.5 523.829
-113 29.5 513.76
-112.5 29.5 503.877
-112 29.5 494.193
-111.5 29.5 484.72
-111 29.5 475.472
-110.5 29.5 466.461
-110 29.5 457.703
-109.5 29.5 449.212
-109 29.5 441.004
-108.5 29.5 433.095
-108 29.5 425.501
-107.5 29.5 418.242
-107 29.5 411.334
-106.5 29.5 404.795
-106 29.5 398.644
-105.5 29.5 392.899
-105 29.5 387.579
-104.5 29.5 382.702
-104 29.5 378.284
-103.5 29.5 374.342
-103 29.5 370.892
-102.5 29.5 367.947
-102 29.5 365.519
-101.5 29.5 363.62
-101 29.5 362.257
-100.5 29.5 361.437
-100 29.5 361.163
-99.5 29.5 361.437
-99 29.5 362.257
-98.5 29.5 363.62
-98 29.5 365.519
-97.5 29.5 367.947
-97 29.5 370.892
-96.5 29.5 374.342
-96 29.5 378.284
-95.5 29.5 382.702
-95 29.5 387.579
-94.5 29.5 392.899
-94 29.5 398.644
-93.5 29.5 404.795
-93 29.5 411.334
-92.5 29.5 418.242
-92 29.5 425.501
-91.5 29.5 433.095
-91 29.5 441.004
-90.5 29.5 449.212
-90 29.5 457.703
-89.5 29.5 466.462
-89 29.5 475.472
-88.5 29.5 484.721
-88 29.5 494.193
-87.5 29.5 503.877
-87 29.5 513.76
-86.5 29.5 523.83
-86 29.5 534.077
-85.5 29.5 544.49
-85 29.5 555.06
-84.5 29.5 565.779
-84 29.5 576.635
-83.5 29.5 587.623
-83 29.5 598.737
-82.5 29.5 609.968
-82 29.5 621.307
-81.5 29.5 632.75
-81 29.5 644.292
-119 30 633.601
-118.5 30 621.925
-118 30 610.345
-117.5 30 598.861
-117 30 587.484
-116.5 30 576.219
-116 30 565.071
-115.5 30 554.047
-115 30 543.159
-114.5 30 532.413
-114 30 521.818
-113.5 30 511.384
-113 30 501.12
-112.5 30 491.039
-112 30 481.152
-111.5 30 471.471
-111 30 462.011
-110.5 30 452.784
-110 30 443.806
-109.5 30 435.092
-109 30 426.659
-108.5 30 418.524
-108 30 410.705
-107.5 30 403.22
-107 30 396.089
-106.5 30 389.332
-106 30 382.968
-105.5 30 377.017
-105 30 371.5
-104.5 30 366.436
-104 30 361.845
-103.5 30 357.744
-103 30 354.152
-102.5 30 351.083
-102 30 348.552
-101.5 30 346.571
-101 30 345.149
-100.5 30 344.292
-100 30 344.007
-99.5 30 344.292
-99 30 345.149
-98.5 30 346.571
-98 30 348.552
-97.5 30 351.083
-97 30 354.152
-96.5 30 357.744
-96 30 361.845
-95.5 30 366.436
-95 30 371.5
-94.5 30 377.017
-94 30 382.968
-93.5 30 389.332
-93 30 396.089
-92.5 30 403.22
-92 30 410.705
-91.5 30 418.524
-91 30 426.659
-90.5 30 435.092
-90 30 443.806
-89.5 30 452.784
-89 30 462.011
-88.5 30 471.472
-88 30 481.152
-87.5 30 491.039
-87 30 501.121
-86.5 30 511.384
-86 30 521.818
-85.5 30 532.413
-85 30 543.16
-84.5 30 554.048
-84 30 565.071
-83.5 30 576.22
-83 30 587.484
-82.5 30 598.862
-82 30 610.346
-81.5 30 621.926
-81 30 633.602
-119 30.5 623.189
-118.5 30.5 611.382
-118 30.5 599.665
-117.5 30.5 588.041
-117 30.5 576.515
-116.5 30.5 565.094
-116 30.5 553.786
-115.5 30.5 542.599
-115 30.5 531.539
-114.5 30.5 520.615
-114 30.5 509.836
-113.5 30.5 499.211
-113 30.5 488.751
-112.5 30.5 478.467
-112 30.5 468.372
-111.5 30.5 458.478
-111 30.5 448.798
-110.5 30.5 439.347
-110 30.5 430.14
-109.5 30.5 421.194
-109 30.5 412.526
-108.5 30.5 404.153
-108 30.5 396.096
-107.5 30.5 388.373
-107 30.5 381.006
-106.5 30.5 374.015
-106 30.5 367.423
-105.5 30.5 361.25
-105 30.5 355.521
-104.5 30.5 350.255
-104 30.5 345.475
-103.5 30.5 341.202
-103 30.5 337.454
-102.5 30.5 334.25
-102 30.5 331.605
-101.5 30.5 329.533
-101 30.5 328.045
-100.5 30.5 327.149
-100 30.5 326.85
-99.5 30.5 327.149
-99 30.5 328.045
-98.5 30.5 329.533
-98 30.5 331.605
-97.5 30.5 334.25
-97 30.5 337.454
-96.5 30.5 341.202
-96 30.5 345.475
-95.5 30.5 350.255
-95 30.5 355.521
-94.5 30.5 361.25
-94 30.5 367.423
-93.5 30.5 374.015
-93 30.5 381.006
-92.5 30.5 388.373
-92 30.5 396.096
-91.5 30.5 404.154
-91 30.5 412.526
-90.5 30.5 421.194
-90 30.5 430.14
-89.5 30.5 439.347
-89 30.5 448.798
-88.5 30.5 458.478
-88 30.5 468.372
-87.5 30.5 478.468
-87 30.5 488.751
-86.5 30.5 499.211
-86 30.5 509.836
-85.5 30.5 520.615
-85 30.5 531.539
-84.5 30.5 542.6
-84 30.5 553.787
-83.5 30.5 565.094
-83 30.5 576.515
-82.5 30.5 588.041
-82 30.5 599.666
-81.5 30.5 611.382
-81 30.5 623.19
-119 31 613.07
-118.5 31 601.134
-118 31 589.281
-117.5 31 577.515
-117 31 565.843
-116.5 31 554.27
-116 31 542.803
-115.5 31 531.45
-115 31 520.218
-114.5 31 509.115
-114 31 498.15
-113.5 31 487.332
-113 31 476.673
-112.5 31 466.183
-112 31 455.875
-111.5 31 445.761
-111 31 435.856
-110.5 31 426.174
-110 31 416.73
-109.5 31 407.542
-109 31 398.628
-108.5 31 390.006
-108 31 381.698
-107.5 31 373.723
-107 31 366.104
-106.5 31 358.864
-106 31 352.026
-105.5 31 345.615
-105 31 339.656
-104.5 31 334.171
-104 31 329.186
-103.5 31 324.723
-103 31 320.805
-102.5 31 317.452
-102 31 314.681
-101.5 31 312.509
-101 31 310.948
-100.5 31 310.008
-100 31 309.694
-99.5 31 310.008
-99 31 310.948
-98.5 31 312.509
-98 31 314.681
-97.5 31 317.452
-97 31 320.805
-96.5 31 324.723
-96 31 329.186
-95.5 31 334.171
-95 31 339.656
-94.5 31 345.616
-94 31 352.026
-93.5 31 358.864
-93 31 366.104
-92.5 31 373.723
-92 31 381.698
-91.5 31 390.006
-91 31 398.628
-90.5 31 407.542
-90 31 416.73
-89.5 31 426.174
-89 31 435.856
-88.5 31 445.762
-88 31 455.875
-87.5 31 466.184
-87 31 476.673
-86.5 31 487.332
-86 31 498.15
-85.5 31 509.116
-85 31 520.218
-84.5 31 531.451
-84 31 542.804
-83.5 31 554.271
-83 31 565.844
-82.5 31 577.516
-82 31 589.282
-81.5 31 601.135
-81 31 613.071
-119 31.5 603.261
-118.5 31.5 591.197
-118 31.5 579.213
-117.5 31.5 567.307
-117 31.5 555.49
-116.5 31.5 543.765
-116 31.5 532.14
-115.5 31.5 520.621
-115 31.5 509.217
-114.5 31.5 497.934
-114 31.5 486.781
-113.5 31.5 475.769
-113 31.5 464.909
-112.5 31.5 454.21
-112 31.5 443.685
-111.5 31.5 433.347
-111 31.5 423.21
-110.5 31.5 413.289
-110 31.5 403.6
-109.5 31.5 394.161
-109 31.5 384.99
-108.5 31.5 376.107
-108 31.5 367.534
-107.5 31.5 359.292
-107 31.5 351.406
-106.5 31.5 343.9
-106 31.5 336.799
-105.5 31.5 330.131
-105 31.5 323.922
-104.5 31.5 318.199
-104 31.5 312.989
-103.5 31.5 308.318
-103 31.5 304.212
-102.5 31.5 300.693
-102 31.5 297.783
-101.5 31.5 295.5
-101 31.5 293.858
-100.5 31.5 292.869
-100 31.5 292.538
-99.5 31.5 292.869
-99 31.5 293.858
-98.5 31.5 295.5
-98 31.5 297.783
-97.5 31.5 300.693
-97 31.5 304.212
-96.5 31.5 308.318
-96 31.5 312.989
-95.5 31.5 318.199
-95 31.5 323.922
-94.5 31.5 330.131
-94 31.5 336.799
-93.5 31.5 343.9
-93 31.5 351.406
-92.5 31.5 359.292
-92 31.5 367.534
-91.5 31.5 376.107
-91 31.5 384.99
-90.5 31.5 394.161
-90 31.5 403.6
-89.5 31.5 413.289
-89 31.5 423.21
-88.5 31.5 433.347
-88 31.5 443.685
-87.5 31.5 454.21
-87 31.5 464.909
-86.5 31.5 475.77
-86 31.5 486.782
-85.5 31.5 497.934
-85 31.5 509.217
-84.5 31.5 520.622
-84 31.5 532.141
-83.5 31.5 543.766
-83 31.5 555.49
-82.5 31.5 567.308
-82 31.5 579.213
-81.5 31.5 591.198
-81 31.5 603.262
-119 32 593.775
-118.5 32 581.587
-118 32 569.471
-117.5 32 557.432
-117 32 545.469
-116.5 32 533.595
-116 32 521.814
-115.5 32 510.132
-115 32 498.555
-114.5 32 487.093
-114 32 475.754
-113.5 32 464.547
-113 32 453.483
-112.5 32 442.572
-112 32 431.827
-111.5 32 421.261
-111 32 410.887
-110.5 32 400.72
-110 32 390.778
-109.5 32 381.079
-109 32 371.64
-108.5 32 362.484
-108 32 353.633
-107.5 32 345.109
-107 32 336.938
-106.5 32 329.148
-106 32 321.765
-105.5 32 314.818
-105 32 308.338
-104.5 32 302.355
-104 32 296.898
-103.5 32 291.999
-103 32 287.684
-102.5 32 283.982
-102 32 280.917
-101.5 32 278.509
-101 32 276.776
-100.5 32 275.731
-100 32 275.382
-99.5 32 275.731
-99 32 276.776
-98.5 32 278.509
-98 32 280.917
-97.5 32 283.982
-97 32 287.684
-96.5 32 291.999
-96 32 296.898
-95.5 32 302.355
-95 32 308.338
-94.5 32 314.818
-94 32 321.765
-93.5 32 329.148
-93 32 336.938
-92.5 32 345.109
-92 32 353.633
-91.5 32 362.484
-91 32 371.641
-90.5 32 381.079
-90 32 390.779
-89.5 32 400.721
-89 32 410.887
-88.5 32 421.261
-88 32 431.828
-87.5 32 442.573
-87 32 453.483
-86.5 32 464.547
-86 32 475.754
-85.5 32 487.094
-85 32 498.556
-84.5 32 510.133
-84 32 521.814
-83.5 32 533.596
-83 32 545.47
-82.5 32 557.432
-82 32 569.472
-81.5 32 581.588
-81 32 593.776
-119 32.5 584.628
-118.5 32.5 572.32
-118 32.5 560.078
-117.5 32.5 547.902
-117 32.5 535.805
-116.5 32.5 523.784
-116 32.5 511.847
-115.5 32.5 500.003
-115 32.5 488.257
-114.5 32.5 476.617
-114 32.5 465.091
-113.5 32.5 453.69
-113 32.5 442.422
-112.5 32.5 431.298
-112 32.5 420.331
-111.5 32.5 409.532
-111 32.5 398.917
-110.5 32.5 388.499
-110 32.5 378.297
-109.5 32.5 368.328
-109 32.5 358.612
-108.5 32.5 349.171
-108 32.5 340.027
-107.5 32.5 331.205
-107 32.5 322.733
-106.5 32.5 314.638
-106 32.5 306.952
-105.5 32.5 299.705
-105 32.5 292.93
-104.5 32.5 286.662
-104 32.5 280.935
-103.5 32.5 275.782
-103 32.5 271.236
-102.5 32.5 267.328
-102 32.5 264.088
-101.5 32.5 261.54
-101 32.5 259.705
-100.5 32.5 258.598
-100 32.5 258.228
-99.5 32.5 258.598
-99 32.5 259.705
-98.5 32.5 261.54
-98 32.5 264.088
-97.5 32.5 267.328
-97 32.5 271.236
-96.5 32.5 275.782
-96 32.5 280.935
-95.5 32.5 286.662
-95 32.5 292.93
-94.5 32.5 299.705
-94 32.5 306.952
-93.5 32.5 314.638
-93 32.5 322.733
-92.5 32.5 331.205
-92 32.5 340.027
-91.5 32.5 349.171
-91 32.5 358.613
-90.5 32.5 368.329
-90 32.5 378.298
-89.5 32.5 388.5
-89 32.5 398.917
-88.5 32.5 409.533
-88 32.5 420.331
-87.5 32.5 431.299
-87 32.5 442.422
-86.5 32.5 453.69
-86 32.5 465.092
-85.5 32.5 476.617
-85 32.5 488.257
-84.5 32.5 500.004
-84 32.5 511.848
-83.5 32.5 523.785
-83 32.5 535.805
-82.5 32.5 547.903
-82 32.5 560.079
-81.5 32.5 572.321
-81 32.5 584.629
-119 33 575.837
-118.5 33 563.413
-118 33 551.05
-117.5 33 538.747
-117 33 526.511
-116.5 33 514.347
-116 33 502.261
-115.5 33 490.257
-115 33 478.344
-114.5 33 466.529
-114 33 454.82
-113.5 33 443.225
-113 33 431.754
-112.5 33 420.417
-112 33 409.225
-111.5 33 398.193
-111 33 387.332
-110.5 33 376.66
-110 33 366.191
-109.5 33 355.945
-109 33 345.942
-108.5 33 336.203
-108 33 326.753
-107.5 33 317.618
-107 33 308.826
-106.5 33 300.407
-106 33 292.394
-105.5 33 284.822
-105 33 277.727
-104.5 33 271.146
-104 33 265.119
-103.5 33 259.684
-103 33 254.88
-102.5 33 250.741
-102 33 247.304
-101.5 33 244.597
-101 33 242.645
-100.5 33 241.466
-100 33 241.072
-99.5 33 241.466
-99 33 242.645
-98.5 33 244.597
-98 33 247.304
-97.5 33 250.741
-97 33 254.88
-96.5 33 259.684
-96 33 265.119
-95.5 33 271.146
-95 33 277.727
-94.5 33 284.822
-94 33 292.394
-93.5 33 300.407
-93 33 308.826
-92.5 33 317.618
-92 33 326.753
-91.5 33 336.203
-91 33 345.942
-90.5 33 355.945
-90 33 366.191
-89.5 33 376.66
-89 33 387.333
-88.5 33 398.193
-88 33 409.226
-87.5 33 420.417
-87 33 431.754
-86.5 33 443.225
-86 33 454.821
-85.5 33 466.53
-85 33 478.345
-84.5 33 490.258
-84 33 502.262
-83.5 33 514.348
-83 33 526.512
-82.5 33 538.748
-82 33 551.051
-81.5 33 563.414
-81 33 575.839
-119 33.5 567.42
-118.5 33.5 554.885
-118 33.5 542.404
-117.5 33.5 529.978
-117 33.5 517.609
-116.5 33.5 505.308
-116 33.5 493.076
-115.5 33.5 480.919
-115 33.5 468.844
-114.5 33.5 456.857
-114 33.5 444.966
-113.5 33.5 433.18
-113 33.5 421.508
-112.5 33.5 409.959
-112 33.5 398.544
-111.5 33.5 387.277
-111 33.5 376.17
-110.5 33.5 365.238
-110 33.5 354.498
-109.5 33.5 343.968
-109 33.5 333.669
-108.5 33.5 323.623
-108 33.5 313.854
-107.5 33.5 304.389
-107 33.5 295.259
-106.5 33.5 286.494
-106 33.5 278.132
-105.5 33.5 270.208
-105 33.5 262.763
-104.5 33.5 255.84
-104 33.5 249.48
-103.5 33.5 243.731
-103 33.5 238.636
-102.5 33.5 234.237
-102 33.5 230.575
-101.5 33.5 227.686
-101 33.5 225.6
-100.5 33.5 224.339
-100 33.5 223.917
-99.5 33.5 224.339
-99 33.5 225.6
-98.5 33.5 227.686
-98 33.5 230.575
-97.5 33.5 234.237
-97 33.5 238.636
-96.5 33.5 243.731
-96 33.5 249.48
-95.5 33.5 255.84
-95 33.5 262.763
-94.5 33.5 270.208
-94 33.5 278.132
-93.5 33.5 286.494
-93 33.5 295.259
-92.5 33.5 304.389
-92 33.5 313.854
-91.5 33.5 323.623
-91 33.5 333.669
-90.5 33.5 343.969
-90 33.5 354.498
-89.5 33.5 365.238
-89 33.5 376.17
-88.5 33.5 387.278
-88 33.5 398.545
-87.5 33.5 409.959
-87 33.5 421.509
-86.5 33.5 433.181
-86 33.5 444.967
-85.5 33.5 456.858
-85 33.5 468.845
-84.5 33.5 480.92
-84 33.5 493.077
-83.5 33.5 505.309
-83 33.5 517.61
-82.5 33.5 529.979
-82 33.5 542.405
-81.5 33.5 554.886
-81 33.5 567.421
-119 34 559.391
-118.5 34 546.751
-118 34 534.159
-117.5 34 521.614
-117 34 509.124
-116.5 34 496.689
-116 34 484.317
-115.5 34 472.012
-115 34 459.779
-114.5 34 447.626
-114 34 435.559
-113.5 34 423.586
-113 34 411.716
-112.5 34 399.958
-112 34 388.322
-111.5 34 376.821
-111 34 365.467
-110.5 34 354.275
-110 34 343.261
-109.5 34 332.442
-109 34 321.84
-108.5 34 311.477
-108 34 301.377
-107.5 34 291.568
-107 34 282.081
-106.5 34 272.95
-106 34 264.212
-105.5 34 255.909
-105 34 248.082
-104.5 34 240.782
-104 34 234.054
-103.5 34 227.953
-103 34 222.529
-102.5 34 217.833
-102 34 213.914
-101.5 34 210.814
-101 34 208.572
-100.5 34 207.215
-100 34 206.761
-99.5 34 207.215
-99 34 208.572
-98.5 34 210.814
-98 34 213.914
-97.5 34 217.833
-97 34 222.529
-96.5 34 227.953
-96 34 234.054
-95.5 34 240.782
-95 34 248.082
-94.5 34 255.909
-94 34 264.212
-93.5 34 272.95
-93 34 282.081
-92.5 34 291.568
-92 34 301.377
-91.5 34 311.477
-91 34 321.841
-90.5 34 332.443
-90 34 343.261
-89.5 34 354.276
-89 34 365.468
-88.5 34 376.822
-88 34 388.323
-87.5 34 399.959
-87 34 411.717
-86.5 34 423.587
-86 34 435.56
-85.5 34 447.627
-85 34 459.78
-84.5 34 472.013
-84 34 484.318
-83.5 34 496.691
-83 34 509.125
-82.5 34 521.615
-82 34 534.161
-81.5 34 546.752
-81 34 559.392
-119 34.5 551.767
-118.5 34.5 539.031
-118 34.5 526.336
-117.5 34.5 513.68
-117 34.5 501.074
-116.5 34.5 488.513
-116 34.5 476.007
-115.5 34.5 463.56
-115 34.5 451.178
-114.5 34.5 438.865
-114 34.5 426.628
-113.5 34.5 414.474
-113 34.5 402.412
-112.5 34.5 390.45
-112 34.5 378.597
-111.5 34.5 366.865
-111 34.5 355.267
-110.5 34.5 343.815
-110 34.5 332.525
-109.5 34.5 321.416
-109 34.5 310.506
-108.5 34.5 299.818
-108 34.5 289.377
-107.5 34.5 279.21
-107 34.5 269.35
-106.5 34.5 259.832
-106 34.5 250.693
-105.5 34.5 241.98
-105 34.5 233.739
-104.5 34.5 226.022
-104 34.5 218.886
-103.5 34.5 212.388
-103 34.5 206.59
-102.5 34.5 201.554
-102 34.5 197.338
-101.5 34.5 193.994
-101 34.5 191.57
-100.5 34.5 190.101
-100 34.5 189.608
-99.5 34.5 190.101
-99 34.5 191.57
-98.5 34.5 193.994
-98 34.5 197.338
-97.5 34.5 201.554
-97 34.5 206.59
-96.5 34.5 212.388
-96 34.5 218.886
-95.5 34.5 226.022
-95 34.5 233.739
-94.5 34.5 241.981
-94 34.5 250.694
-93.5 34.5 259.832
-93 34.5 269.35
-92.5 34.5 279.211
-92 34.5 289.377
-91.5 34.5 299.819
-91 34.5 310.507
-90.5 34.5 321.417
-90 34.5 332.526
-89.5 34.5 343.815
-89 34.5 355.267
-88.5 34.5 366.866
-88 34.5 378.598
-87.5 34.5 390.451
-87 34.5 402.413
-86.5 34.5 414.476
-86 34.5 426.629
-85.5 34.5 438.866
-85 34.5 451.179
-84.5 34.5 463.562
-84 34.5 476.008
-83.5 34.5 488.514
-83 34.5 501.075
-82.5 34.5 513.681
-82 34.5 526.337
-81.5 34.5 539.032
-81 34.5 551.769
-119 35 544.567
-118.5 35 531.742
-118 35 518.951
-117.5 35 506.196
-117 35 493.476
-116.5 35 480.8
-116 35 468.17
-115.5 35 455.591
-115 35 443.066
-114.5 35 430.602
-114 35 418.203
-113.5 35 405.877
-113 35 393.63
-112.5 35 381.471
-112 35 369.407
-111.5 35 357.451
-111 35 345.612
-110.5 35 333.905
-110 35 322.342
-109.5 35 310.942
-109 35 299.723
-108.5 35 288.706
-108 35 277.917
-107.5 35 267.381
-107 35 257.133
-106.5 35 247.206
-106 35 237.644
-105.5 35 228.491
-105 35 219.799
-104.5 35 211.624
-104 35 204.031
-103.5 35 197.088
-103 35 190.865
-102.5 35 185.433
-102 35 180.866
-101.5 35 177.234
-101 35 174.594
-100.5 35 172.991
-100 35 172.453
-99.5 35 172.991
-99 35 174.594
-98.5 35 177.234
-98 35 180.866
-97.5 35 185.433
-97 35 190.865
-96.5 35 197.088
-96 35 204.031
-95.5 35 211.624
-95 35 219.799
-94.5 35 228.491
-94 35 237.645
-93.5 35 247.207
-93 35 257.134
-92.5 35 267.381
-92 35 277.917
-91.5 35 288.707
-91 35 299.724
-90.5 35 310.943
-90 35 322.343
-89.5 35 333.905
-89 35 345.613
-88.5 35 357.452
-88 35 369.408
-87.5 35 381.472
-87 35 393.631
-86.5 35 405.878
-86 35 418.205
-85.5 35 430.603
-85 35 443.068
-84.5 35 455.592
-84 35 468.172
-83.5 35 480.802
-83 35 493.477
-82.5 35 506.197
-82 35 518.953
-81.5 35 531.743
-81 35 544.569
-119 35.5 537.808
-118.5 35.5 524.902
-118 35.5 512.024
-117.5 35.5 499.177
-117 35.5 486.356
-116.5 35.5 473.574
-116 35.5 460.83
-115.5 35.5 448.128
-115 35.5 435.472
-114.5 35.5 422.866
-114 35.5 410.316
-113.5 35.5 397.827
-113 35.5 385.406
-112.5 35.5 373.059
-112 35.5 360.795
-111.5 35.5 348.622
-111 35.5 336.552
-110.5 35.5 324.595
-110 35.5 312.766
-109.5 35.5 301.079
-109 35.5 289.553
-108.5 35.5 278.207
-108 35.5 267.065
-107.5 35.5 256.155
-107 35.5 245.506
-106.5 35.5 235.156
-106 35.5 225.146
-105.5 35.5 215.523
-105 35.5 206.342
-104.5 35.5 197.668
-104 35.5 189.568
-103.5 35.5 182.117
-103 35.5 175.404
-102.5 35.5 169.519
-102 35.5 164.542
-101.5 35.5 160.561
-101 35.5 157.658
-100.5 35.5 155.89
-100 35.5 155.297
-99.5 35.5 155.89
-99 35.5 157.658
-98.5 35.5 160.561
-98 35.5 164.542
-97.5 35.5 169.519
-97 35.5 175.404
-96.5 35.5 182.117
-96 35.5 189.568
-95.5 35.5 197.668
-95 35.5 206.342
-94.5 35.5 215.523
-94 35.5 225.146
-93.5 35.5 235.156
-93 35.5 245.506
-92.5 35.5 256.155
-92 35.5 267.065
-91.5 35.5 278.207
-91 35.5 289.554
-90.5 35.5 301.08
-90 35.5 312.767
-89.5 35.5 324.596
-89 35.5 336.553
-88.5 35.5 348.623
-88 35.5 360.796
-87.5 35.5 373.06
-87 35.5 385.407
-86.5 35.5 397.828
-86 35.5 410.318
-85.5 35.5 422.868
-85 35.5 435.474
-84.5 35.5 448.13
-84 35.5 460.832
-83.5 35.5 473.576
-83 35.5 486.358
-82.5 35.5 499.178
-82 35.5 512.025
-81.5 35.5 524.904
-81 35.5 537.81
-119 36 531.506
-118.5 36 518.53
-118 36 505.575
-117.5 36 492.643
-117 36 479.737
-116.5 36 466.859
-116 36 454.012
-115.5 36 441.199
-115 36 428.423
-114.5 36 415.688
-114 36 402.999
-113.5 36 390.359
-113 36 377.776
-112.5 36 365.254
-112 36 352.801
-111.5 36 340.425
-111 36 328.134
-110.5 36 315.939
-110 36 303.853
-109.5 36 291.889
-109 36 280.062
-108.5 36 268.391
-108 36 256.9
-107.5 36 245.611
-107 36 234.557
-106.5 36 223.772
-106 36 213.295
-105.5 36 203.177
-105 36 193.475
-104.5 36 184.252
-104 36 175.587
-103.5 36 167.573
-103 36 160.292
-102.5 36 153.866
-102 36 148.4
-101.5 36 144.005
-101 36 140.781
-100.5 36 138.81
-100 36 138.147
-99.5 36 138.81
-99 36 140.781
-98.5 36 144.005
-98 36 148.4
-97.5 36 153.866
-97 36 160.293
-96.5 36 167.573
-96 36 175.587
-95.5 36 184.252
-95 36 193.475
-94.5 36 203.177
-94 36 213.295
-93.5 36 223.772
-93 36 234.558
-92.5 36 245.612
-92 36 256.901
-91.5 36 268.392
-91 36 280.063
-90.5 36 291.89
-90 36 303.854
-89.5 36 315.941
-89 36 328.135
-88.5 36 340.426
-88 36 352.802
-87.5 36 365.255
-87 36 377.777
-86.5 36 390.361
-86 36 403
-85.5 36 415.69
-85 36 428.424
-84.5 36 441.2
-84 36 454.014
-83.5 36 466.861
-83 36 479.739
-82.5 36 492.645
-82 36 505.576
-81.5 36 518.531
-81 36 531.508
-119 36.5 525.677
-118.5 36.5 512.642
-118 36.5 499.622
-117.5 36.5 486.619
-117 36.5 473.638
-116.5 36.5 460.676
-116 36.5 447.739
-115.5 36.5 434.828
-115 36.5 421.946
-114.5 36.5 409.096
-114 36.5 396.282
-113.5 36.5 383.507
-113 36.5 370.777
-112.5 36.5 358.096
-112 36.5 345.469
-111.5 36.5 332.905
-111 36.5 320.41
-110.5 36.5 307.993
-110 36.5 295.664
-109.5 36.5 283.436
-109 36.5 271.322
-108.5 36.5 259.339
-108 36.5 247.505
-107.5 36.5 235.846
-107 36.5 224.387
-106.5 36.5 213.16
-106 36.5 202.207
-105.5 36.5 191.575
-105 36.5 181.316
-104.5 36.5 171.508
-104 36.5 162.223
-103.5 36.5 153.562
-103 36.5 145.638
-102.5 36.5 138.579
-102 36.5 132.513
-101.5 36.5 127.597
-101 36.5 123.975
-100.5 36.5 121.75
-100 36.5 120.998
-99.5 36.5 121.75
-99 36.5 123.975
-98.5 36.5 127.597
-98 36.5 132.513
-97.5 36.5 138.579
-97 36.5 145.638
-96.5 36.5 153.562
-96 36.5 162.223
-95.5 36.5 171.509
-95 36.5 181.316
-94.5 36.5 191.575
-94 36.5 202.208
-93.5 36.5 213.161
-93 36.5 224.388
-92.5 36.5 235.847
-92 36.5 247.506
-91.5 36.5 259.34
-91 36.5 271.323
-90.5 36.5 283.437
-90 36.5 295.665
-89.5 36.5 307.994
-89 36.5 320.411
-88.5 36.5 332.906
-88 36.5 345.471
-87.5 36.5 358.097
-87 36.5 370.778
-86.5 36.5 383.509
-86 36.5 396.283
-85.5 36.5 409.097
-85 36.5 421.947
-84.5 36.5 434.83
-84 36.5 447.741
-83.5 36.5 460.678
-83 36.5 473.639
-82.5 36.5 486.621
-82 36.5 499.624
-81.5 36.5 512.643
-81 36.5 525.679
-119 37 520.338
-118.5 37 507.255
-118 37 494.183
-117.5 37 481.123
-117 37 468.079
-116.5 37 455.047
-116 37 442.034
-115.5 37 429.04
-115 37 416.068
-114.5 37 403.119
-114 37 390.197
-113.5 37 377.304
-113 37 364.445
-112.5 37 351.623
-112 37 338.843
-111.5 37 326.11
-111 37 313.431
-110.5 37 300.811
-110 37 288.261
-109.5 37 275.79
-109 37 263.408
-108.5 37 251.131
-108 37 238.975
-107.5 37 226.957
-107 37 215.105
-106.5 37 203.445
-106 37 192.016
-105.5 37 180.855
-105 37 170.03
-104.5 37 159.59
-104 37 149.635
-103.5 37 140.262
-103 37 131.585
-102.5 37 123.78
-102 37 116.998
-101.5 37 111.417
-101 37 107.268
-100.5 37 104.706
-100 37 103.838
-99.5 37 104.706
-99 37 107.268
-98.5 37 111.417
-98 37 116.998
-97.5 37 123.78
-97 37 131.585
-96.5 37 140.262
-96 37 149.635
-95.5 37 159.59
-95 37 170.03
-94.5 37 180.856
-94 37 192.016
-93.5 37 203.446
-93 37 215.106
-92.5 37 226.958
-92 37 238.976
-91.5 37 251.132
-91 37 263.409
-90.5 37 275.791
-90 37 288.263
-89.5 37 300.813
-89 37 313.432
-88.5 37 326.112
-88 37 338.845
-87.5 37 351.625
-87 37 364.447
-86.5 37 377.306
-86 37 390.199
-85.5 37 403.121
-85 37 416.07
-84.5 37 429.042
-84 37 442.036
-83.5 37 455.049
-83 37 468.08
-82.5 37 481.125
-82 37 494.185
-81.5 37 507.257
-81 37 520.34
-119 37.5 515.503
-118.5 37.5 502.386
-118 37.5 489.275
-117.5 37.5 476.172
-117 37.5 463.078
-116.5 37.5 449.993
-116 37.5 436.92
-115.5 37.5 423.86
-115 37.5 410.815
-114.5 37.5 397.785
-114 37.5 384.774
-113.5 37.5 371.784
-113 37.5 358.816
-112.5 37.5 345.875
-112 37.5 332.964
-111.5 37.5 320.087
-111 37.5 307.247
-110.5 37.5 294.452
-110 37.5 281.706
-109.5 37.5 269.019
-109 37.5 256.398
-108.5 37.5 243.854
-108 37.5 231.401
-107.5 37.5 219.054
-107 37.5 206.831
-106.5 37.5 194.761
-106 37.5 182.867
-105.5 37.5 171.196
-105 37.5 159.785
-104.5 37.5 148.709
-104 37.5 138.041
-103.5 37.5 127.875
-103 37.5 118.376
-102.5 37.5 109.657
-102 37.5 102.007
-101.5 37.5 95.6117
-101 37.5 90.7508
-100.5 37.5 87.7067
-100 37.5 86.6698
-99.5 37.5 87.7067
-99 37.5 90.7508
-98.5 37.5 95.6117
-98 37.5 102.007
-97.5 37.5 109.657
-97 37.5 118.377
-96.5 37.5 127.875
-96 37.5 138.042
-95.5 37.5 148.709
-95 37.5 159.786
-94.5 37.5 171.197
-94 37.5 182.868
-93.5 37.5 194.762
-93 37.5 206.832
-92.5 37.5 219.055
-92 37.5 231.402
-91.5 37.5 243.855
-91 37.5 256.4
-90.5 37.5 269.02
-90 37.5 281.708
-89.5 37.5 294.453
-89 37.5 307.249
-88.5 37.5 320.088
-88 37.5 332.966
-87.5 37.5 345.877
-87 37.5 358.818
-86.5 37.5 371.785
-86 37.5 384.776
-85.5 37.5 397.787
-85 37.5 410.816
-84.5 37.5 423.862
-84 37.5 436.922
-83.5 37.5 449.995
-83 37.5 463.079
-82.5 37.5 476.174
-82 37.5 489.277
-81.5 37.5 502.388
-81 37.5 515.505
-119 38 511.188
-118.5 38 498.05
-118 38 484.914
-117.5 38 471.783
-117 38 458.655
-116.5 38 445.533
-116 38 432.418
-115.5 38 419.31
-115 38 406.211
-114.5 38 393.121
-114 38 380.042
-113.5 38 366.976
-113 38 353.924
-112.5 38 340.889
-112 38 327.873
-111.5 38 314.879
-111 38 301.909
-110.5 38 288.968
-110 38 276.06
-109.5 38 263.191
-109 38 250.365
-108.5 38 237.594
-108 38 224.883
-107.5 38 212.244
-107 38 199.694
-106.5 38 187.249
-106 38 174.931
-105.5 38 162.774
-105 38 150.813
-104.5 38 139.104
-104 38 127.701
-103.5 38 116.729
-103 38 106.279
-102.5 38 96.5755
-102 38 87.7957
-101.5 38 80.325
-101 38 74.5144
-100.5 38 70.806
-100 38 69.5285
-99.5 38 70.806
-99 38 74.5144
-98.5 38 80.325
-98 38 87.7958
-97.5 38 96.5756
-97 38 106.279
-96.5 38 116.73
-96 38 127.702
-95.5 38 139.105
-95 38 150.814
-94.5 38 162.775
-94 38 174.932
-93.5 38 187.251
-93 38 199.696
-92.5 38 212.245
-92 38 224.884
-91.5 38 237.595
-91 38 250.367
-90.5 38 263.192
-90 38 276.062
-89.5 38 288.97
-89 38 301.911
-88.5 38 314.88
-88 38 327.875
-87.5 38 340.891
-87 38 353.926
-86.5 38 366.977
-86 38 380.044
-85.5 38 393.122
-85 38 406.212
-84.5 38 419.312
-84 38 432.42
-83.5 38 445.535
-83 38 458.656
-82.5 38 471.785
-82 38 484.916
-81.5 38 498.052
-81 38 511.19
-119 38.5 507.404
-118.5 38.5 494.26
-118 38.5 481.115
-117.5 38.5 467.972
-117 38.5 454.827
-116.5 38.5 441.686
-116 38.5 428.547
-115.5 38.5 415.41
-115 38.5 402.278
-114.5 38.5 389.149
-114 38.5 376.026
-113.5 38.5 362.909
-113 38.5 349.799
-112.5 38.5 336.698
-112 38.5 323.607
-111.5 38.5 310.527
-111 38.5 297.461
-110.5 38.5 284.411
-110 38.5 271.379
-109.5 38.5 258.37
-109 38.5 245.385
-108.5 38.5 232.431
-108 38.5 219.515
-107.5 38.5 206.639
-107 38.5 193.818
-106.5 38.5 181.057
-106 38.5 168.383
-105.5 38.5 155.798
-105 38.5 143.346
-104.5 38.5 131.047
-104 38.5 118.981
-103.5 38.5 107.168
-103 38.5 95.7855
-102.5 38.5 84.9188
-102 38.5 74.8694
-101.5 38.5 66.0134
-101 38.5 58.838
-100.5 38.5 54.0558
-99.5 38.5 54.0558
-99 38.5 58.838
-98.5 38.5 66.0135
-98 38.5 74.8696
-97.5 38.5 84.9192
-97 38.5 95.7863
-96.5 38.5 107.169
-96 38.5 118.982
-95.5 38.5 131.048
-95 38.5 143.347
-94.5 38.5 155.799
-94 38.5 168.384
-93.5 38.5 181.058
-93 38.5 193.82
-92.5 38.5 206.64
-92 38.5 219.516
-91.5 38.5 232.433
-91 38.5 245.387
-90.5 38.5 258.372
-90 38.5 271.381
-89.5 38.5 284.413
-89 38.5 297.463
-88.5 38.5 310.529
-88 38.5 323.609
-87.5 38.5 336.7
-87 38.5 349.801
-86.5 38.5 362.911
-86 38.5 376.028
-85.5 38.5 389.151
-85 38.5 402.28
-84.5 38.5 415.412
-84 38.5 428.548
-83.5 38.5 441.688
-83 38.5 454.829
-82.5 38.5 467.973
-82 38.5 481.117
-81.5 38.5 494.262
-81 38.5 507.406
-119 39 504.166
-118.5 39 491.03
-118 39 477.891
-117.5 39 464.752
-117 39 451.609
-116.5 39 438.467
-116 39 425.324
-115.5 39 412.18
-115 39 399.036
-114.5 39 385.893
-114 39 372.75
-113.5 39 359.609
-113 39 346.47
-112.5 39 333.333
-112 39 320.199
-111.5 39 307.069
-111 39 293.945
-110.5 39 280.826
-110 39 267.715
-109.5 39 254.614
-109 39 241.522
-108.5 39 228.444
-108 39 215.382
-107.5 39 202.338
-107 39 189.321
-106.5 39 176.328
-106 39 163.379
-105.5 39 150.473
-105 39 137.631
-104.5 39 124.865
-104 39 112.199
-103.5 39 99.7175
-103 39 87.4064
-102.5 39 75.4447
-102 39 64.0187
-101.5 39 53.3831
-98.5 39 53.3834
-98 39 64.0193
-97.5 39 75.4456
-97 39 87.4077
-96.5 39 99.7188
-96 39 112.2
-95.5 39 124.867
-95 39 137.633
-94.5 39 150.475
-94 39 163.38
-93.5 39 176.33
-93 39 189.322
-92.5 39 202.34
-92 39 215.384
-91.5 39 228.445
-91 39 241.524
-90.5 39 254.615
-90 39 267.717
-89.5 39 280.828
-89 39 293.947
-88.5 39 307.071
-88 39 320.201
-87.5 39 333.334
-87 39 346.471
-86.5 39 359.611
-86 39 372.752
-85.5 39 385.895
-85 39 399.038
-84.5 39 412.182
-84 39 425.325
-83.5 39 438.469
-83 39 451.611
-82.5 39 464.754
-82 39 477.893
-81.5 39 491.032
-81 39 504.168
-119 39.5 501.482
-118.5 39.5 488.371
-118 39.5 475.255
-117.5 39.5 462.137
-117 39.5 449.015
-116.5 39.5 435.891
-116 39.5 422.764
-115.5 39.5 409.634
-115 39.5 396.503
-114.5 39.5 383.369
-114 39.5 370.234
-113.5 39.5 357.096
-113 39.5 343.958
-112.5 39.5 330.818
-112 39.5 317.677
-111.5 39.5 304.535
-111 39.5 291.393
-110.5 39.5 278.251
-110 39.5 265.109
-109.5 39.5 251.969
-109 39.5 238.83
-108.5 39.5 225.692
-108 39.5 212.558
-107.5 39.5 199.427
-107 39.5 186.302
-106.5 39.5 173.183
-106 39.5 160.071
-105.5 39.5 146.975
-105 39.5 133.89
-104.5 39.5 120.839
-104 39.5 107.786
-103.5 39.5 94.8128
-103 39.5 81.872
-102.5 39.5 69.0503
-102 39.5 56.3885
-98 39.5 56.3899
-97.5 39.5 69.0517
-97 39.5 81.8738
-96.5 39.5 94.8145
-96 39.5 107.788
-95.5 39.5 120.84
-95 39.5 133.892
-94.5 39.5 146.977
-94 39.5 160.073
-93.5 39.5 173.185
-93 39.5 186.304
-92.5 39.5 199.429
-92 39.5 212.559
-91.5 39.5 225.694
-91 39.5 238.832
-90.5 39.5 251.971
-90 39.5 265.111
-89.5 39.5 278.253
-89 39.5 291.395
-88.5 39.5 304.537
-88 39.5 317.679
-87.5 39.5 330.819
-87 39.5 343.96
-86.5 39.5 357.098
-86 39.5 370.236
-85.5 39.5 383.371
-85 39.5 396.505
-84.5 39.5 409.636
-84 39.5 422.765
-83.5 39.5 435.893
-83 39.5 449.016
-82.5 39.5 462.139
-82 39.5 475.256
-81.5 39.5 488.373
-81 39.5 501.484
-119 40 499.363
-118.5 40 486.292
-118 40 473.215
-117.5 40 460.138
-117 40 447.054
-116.5 40 433.968
-116 40 420.879
-115.5 40 407.787
-115 40 394.692
-114.5 40 381.593
-114 40 368.492
-113.5 40 355.388
-113 40 342.282
-112.5 40 329.173
-112 40 316.062
-111.5 40 302.948
-111 40 289.832
-110.5 40 276.714
-110 40 263.594
-109.5 40 250.472
-109 40 237.348
-108.5 40 224.223
-108 40 211.095
-107.5 40 197.967
-107 40 184.836
-106.5 40 171.706
-106 40 158.569
-105.5 40 145.438
-105 40 132.298
-104.5 40 119.175
-104 40 106.023
-103.5 40 92.8921
-103 40 79.7482
-102.5 40 66.6265
-102 40 53.4695
-98 40 53.4714
-97.5 40 66.6283
-97 40 79.7502
-96.5 40 92.8939
-96 40 106.025
-95.5 40 119.177
-95 40 132.3
-94.5 40 145.44
-94 40 158.571
-93.5 40 171.707
-93 40 184.837
-92.5 40 197.968
-92 40 211.097
-91.5 40 224.225
-91 40 237.35
-90.5 40 250.473
-90 40 263.595
-89.5 40 276.716
-89 40 289.834
-88.5 40 302.95
-88 40 316.063
-87.5 40 329.175
-87 40 342.284
-86.5 40 355.39
-86 40 368.494
-85.5 40 381.595
-85 40 394.693
-84.5 40 407.789
-84 40 420.881
-83.5 40 433.97
-83 40 447.055
-82.5 40 460.139
-82 40 473.217
-81.5 40 486.294
-81 40 499.364
-119 40.5 497.814
-118.5 40.5 484.8
-118 40.5 471.781
-117.5 40.5 458.761
-117 40.5 445.736
-116.5 40.5 432.709
-116 40.5 419.679
-115.5 40.5 406.647
-115 40.5 393.612
-114.5 40.5 380.575
-114 40.5 367.537
-113.5 40.5 354.496
-113 40.5 341.455
-112.5 40.5 328.412
-112 40.5 315.367
-111.5 40.5 302.322
-111 40.5 289.277
-110.5 40.5 276.232
-110 40.5 263.187
-109.5 40.5 250.143
-109 40.5 237.101
-108.5 40.5 224.06
-108 40.5 211.022
-107.5 40.5 197.989
-107 40.5 184.96
-106.5 40.5 171.939
-106 40.5 158.923
-105.5 40.5 145.924
-105 40.5 132.935
-104.5 40.5 119.982
-104 40.5 107.028
-103.5 40.5 94.1492
-103 40.5 81.3089
-102.5 40.5 68.5873
-102 40.5 56.0221
-98 40.5 56.0234
-97.5 40.5 68.5887
-97 40.5 81.3106
-96.5 40.5 94.1508
-96 40.5 107.03
-95.5 40.5 119.984
-95 40.5 132.936
-94.5 40.5 145.926
-94 40.5 158.924
-93.5 40.5 171.941
-93 40.5 184.961
-92.5 40.5 197.991
-92 40.5 211.024
-91.5 40.5 224.062
-91 40.5 237.103
-90.5 40.5 250.145
-90 40.5 263.189
-89.5 40.5 276.234
-89 40.5 289.279
-88.5 40.5 302.324
-88 40.5 315.369
-87.5 40.5 328.413
-87 40.5 341.456
-86.5 40.5 354.498
-86 40.5 367.539
-85.5 40.5 380.577
-85 40.5 393.614
-84.5 40.5 406.648
-84 40.5 419.681
-83.5 40.5 432.711
-83 40.5 445.737
-82.5 40.5 458.763
-82 40.5 471.783
-81.5 40.5 484.802
-81 40.5 497.816
-119 41 496.842
-118.5 41 483.902
-118 41 470.957
-117.5 41 458.013
-117 41 445.065
-116.5 41 432.117
-116 41 419.169
-115.5 41 406.22
-115 41 393.271
-114.5 41 380.322
-114 41 367.374
-113.5 41 354.427
-113 41 341.482
-112.5 41 328.54
-112 41 315.6
-111.5 41 302.665
-111 41 289.735
-110.5 41 276.811
-110 41 263.894
-109.5 41 250.987
-109 41 238.091
-108.5 41 225.208
-108 41 212.341
-107.5 41 199.493
-107 41 186.67
-106.5 41 173.876
-106 41 161.12
-105.5 41 148.413
-105 41 135.768
-104.5 41 123.207
-104 41 110.733
-103.5 41 98.4561
-103 41 86.3481
-102.5 41 74.5919
-102 41 63.3754
-98 41 63.376
-97.5 41 74.5926
-97 41 86.3493
-96.5 41 98.4572
-96 41 110.734
-95.5 41 123.208
-95 41 135.769
-94.5 41 148.415
-94 41 161.121
-93.5 41 173.878
-93 41 186.672
-92.5 41 199.495
-92 41 212.342
-91.5 41 225.21
-91 41 238.093
-90.5 41 250.989
-90 41 263.896
-89.5 41 276.813
-89 41 289.737
-88.5 41 302.667
-88 41 315.602
-87.5 41 328.541
-87 41 341.484
-86.5 41 354.428
-86 41 367.375
-85.5 41 380.323
-85 41 393.272
-84.5 41 406.221
-84 41 419.171
-83.5 41 432.119
-83 41 445.067
-82.5 41 458.015
-82 41 470.959
-81.5 41 483.903
-81 41 496.844
-119 41.5 496.45
-118.5 41.5 483.599
-118 41.5 470.747
-117.5 41.5 457.896
-117 41.5 445.046
-116.5 41.5 432.198
-116 41.5 419.352
-115.5 41.5 406.509
-115 41.5 393.669
-114.5 41.5 380.834
-114 41.5 368.004
-113.5 41.5 355.18
-113 41.5 342.364
-112.5 41.5 329.556
-112 41.5 316.758
-111.5 41.5 303.972
-111 41.5 291.201
-110.5 41.5 278.445
-110 41.5 265.707
-109.5 41.5 252.993
-109 41.5 240.304
-108.5 41.5 227.646
-108 41.5 215.025
-107.5 41.5 202.447
-107 41.5 189.924
-106.5 41.5 177.462
-106 41.5 165.088
-105.5 41.5 152.807
-105 41.5 140.659
-104.5 41.5 128.664
-104 41.5 116.903
-103.5 41.5 105.412
-103 41.5 94.3325
-102.5 41.5 83.7855
-102 41.5 74.0453
-101.5 41.5 65.4899
-101 41.5 58.5765
-100.5 41.5 53.9885
-99.5 41.5 53.9885
-99 41.5 58.5765
-98.5 41.5 65.4899
-98 41.5 74.0455
-97.5 41.5 83.7858
-97 41.5 94.3332
-96.5 41.5 105.412
-96 41.5 116.904
-95.5 41.5 128.665
-95 41.5 140.66
-94.5 41.5 152.808
-94 41.5 165.089
-93.5 41.5 177.463
-93 41.5 189.926
-92.5 41.5 202.448
-92 41.5 215.026
-91.5 41.5 227.647
-91 41.5 240.306
-90.5 41.5 252.994
-90 41.5 265.708
-89.5 41.5 278.446
-89 41.5 291.202
-88.5 41.5 303.974
-88 41.5 316.76
-87.5 41.5 329.557
-87 41.5 342.365
-86.5 41.5 355.182
-86 41.5 368.005
-85.5 41.5 380.835
-85 41.5 393.671
-84.5 41.5 406.51
-84 41.5 419.353
-83.5 41.5 432.199
-83 41.5 445.047
-82.5 41.5 457.898
-82 41.5 470.749
-81.5 41.5 483.601
-81 41.5 496.451
-119 42 496.639
-118.5 42 483.894
-118 42 471.151
-117.5 42 458.412
-117 42 445.678
-116.5 42 432.949
-116 42 420.226
-115.5 42 407.511
-115 42 394.805
-114.5 42 382.108
-114 42 369.423
-113.5 42 356.751
-113 42 344.093
-112.5 42 331.453
-112 42 318.831
-111.5 42 306.232
-111 42 293.658
-110.5 42 281.114
-110 42 268.603
-109.5 42 256.132
-109 42 243.705
-108.5 42 231.333
-108 42 219.024
-107.5 42 206.787
-107 42 194.643
-106.5 42 182.602
-106 42 170.698
-105.5 42 158.946
-105 42 147.401
-104.5 42 136.106
-104 42 125.128
-103.5 42 114.563
-103 42 104.544
-102.5 42 95.243
-102 42 86.8604
-101.5 42 79.7515
-101 42 74.2407
-100.5 42 70.7358
-100 42 69.5303
-99.5 42 70.7358
-99 42 74.2407
-98.5 42 79.7515
-98 42 86.8605
-97.5 42 95.2431
-97 42 104.544
-96.5 42 114.563
-96 42 125.129
-95.5 42 136.107
-95 42 147.402
-94.5 42 158.947
-94 42 170.699
-93.5 42 182.603
-93 42 194.644
-92.5 42 206.789
-92 42 219.025
-91.5 42 231.334
-91 42 243.707
-90.5 42 256.133
-90 42 268.604
-89.5 42 281.115
-89 42 293.66
-88.5 42 306.234
-88 42 318.833
-87.5 42 331.454
-87 42 344.095
-86.5 42 356.752
-86 42 369.425
-85.5 42 382.11
-85 42 394.806
-84.5 42 407.513
-84 42 420.228
-83.5 42 432.95
-83 42 445.679
-82.5 42 458.414
-82 42 471.153
-81.5 42 483.896
-81 42 496.64
-119 42.5 497.409
-118.5 42.5 484.786
-118 42.5 472.168
-117.5 42.5 459.557
-117 42.5 446.958
-116.5 42.5 434.367
-116 42.5 421.788
-115.5 42.5 409.223
-115 42.5 396.672
-114.5 42.5 384.138
-114 42.5 371.623
-113.5 42.5 359.128
-113 42.5 346.658
-112.5 42.5 334.214
-112 42.5 321.801
-111.5 42.5 309.423
-111 42.5 297.084
-110.5 42.5 284.789
-110 42.5 272.547
-109.5 42.5 260.363
-109 42.5 248.247
-108.5 42.5 236.211
-108 42.5 224.267
-107.5 42.5 212.43
-107 42.5 200.723
-106.5 42.5 189.168
-106 42.5 177.791
-105.5 42.5 166.644
-105 42.5 155.755
-104.5 42.5 145.204
-104 42.5 135.057
-103.5 42.5 125.417
-103 42.5 116.419
-102.5 42.5 108.197
-102 42.5 101.005
-101.5 42.5 95.0096
-101 42.5 90.4704
-100.5 42.5 87.6362
-100 42.5 86.6723
-99.5 42.5 87.6362
-99 42.5 90.4704
-98.5 42.5 95.0095
-98 42.5 101.005
-97.5 42.5 108.197
-97 42.5 116.419
-96.5 42.5 125.417
-96 42.5 135.057
-95.5 42.5 145.204
-95 42.5 155.756
-94.5 42.5 166.645
-94 42.5 177.792
-93.5 42.5 189.168
-93 42.5 200.724
-92.5 42.5 212.431
-92 42.5 224.268
-91.5 42.5 236.212
-91 42.5 248.248
-90.5 42.5 260.364
-90 42.5 272.548
-89.5 42.5 284.791
-89 42.5 297.085
-88.5 42.5 309.424
-88 42.5 321.803
-87.5 42.5 334.216
-87 42.5 346.659
-86.5 42.5 359.129
-86 42.5 371.624
-85.5 42.5 384.139
-85 42.5 396.674
-84.5 42.5 409.224
-84 42.5 421.79
-83.5 42.5 434.369
-83 42.5 446.959
-82.5 42.5 459.559
-82 42.5 472.169
-81.5 42.5 484.787
-81 42.5 497.41
-119 43 498.756
-118.5 43 486.27
-118 43 473.793
-117.5 43 461.329
-117 43 448.88
-116.5 43 436.446
-116 43 424.03
-115.5 43 411.635
-115 43 399.261
-114.5 43 386.911
-114 43 374.588
-113.5 43 362.297
-113 43 350.039
-112.5 43 337.82
-112 43 325.644
-111.5 43 313.517
-111 43 301.444
-110.5 43 289.434
-110 43 277.494
-109.5 43 265.634
-109 43 253.868
-108.5 43 242.207
-108 43 230.669
-107.5 43 219.274
-107 43 208.044
-106.5 43 197.012
-106 43 186.21
-105.5 43 175.68
-105 43 165.483
-104.5 43 155.67
-104 43 146.335
-103.5 43 137.569
-103 43 129.478
-102.5 43 122.232
-102 43 115.947
-101.5 43 110.799
-101 43 106.985
-100.5 43 104.635
-100 43 103.84
-99.5 43 104.635
-99 43 106.985
-98.5 43 110.799
-98 43 115.947
-97.5 43 122.232
-97 43 129.478
-96.5 43 137.569
-96 43 146.335
-95.5 43 155.67
-95 43 165.483
-94.5 43 175.68
-94 43 186.21
-93.5 43 197.013
-93 43 208.045
-92.5 43 219.275
-92 43 230.67
-91.5 43 242.208
-91 43 253.869
-90.5 43 265.635
-90 43 277.495
-89.5 43 289.435
-89 43 301.445
-88.5 43 313.518
-88 43 325.645
-87.5 43 337.821
-87 43 350.04
-86.5 43 362.298
-86 43 374.59
-85.5 43 386.912
-85 43 399.262
-84.5 43 411.636
-84 43 424.032
-83.5 43 436.448
-83 43 448.881
-82.5 43 461.33
-82 43 473.794
-81.5 43 486.271
-81 43 498.758
-119 43.5 500.677
-118.5 43.5 488.342
-118 43.5 476.02
-117.5 43.5 463.718
-117 43.5 451.437
-116.5 43.5 439.177
-116 43.5 426.942
-115.5 43.5 414.734
-115 43.5 402.556
-114.5 43.5 390.411
-114 43.5 378.303
-113.5 43.5 366.235
-113 43.5 354.214
-112.5 43.5 342.243
-112 43.5 330.329
-111.5 43.5 318.478
-111 43.5 306.699
-110.5 43.5 295
-110 43.5 283.391
-109.5 43.5 271.885
-109 43.5 260.496
-108.5 43.5 249.24
-108 43.5 238.137
-107.5 43.5 227.209
-107 43.5 216.483
-106.5 43.5 205.991
-106 43.5 195.773
-105.5 43.5 185.872
-105 43.5 176.342
-104.5 43.5 167.255
-104 43.5 158.671
-103.5 43.5 150.696
-103 43.5 143.422
-102.5 43.5 136.963
-102 43.5 131.433
-101.5 43.5 126.97
-101 43.5 123.69
-100.5 43.5 121.679
-100 43.5 121
-99.5 43.5 121.679
-99 43.5 123.69
-98.5 43.5 126.97
-98 43.5 131.433
-97.5 43.5 136.963
-97 43.5 143.422
-96.5 43.5 150.696
-96 43.5 158.671
-95.5 43.5 167.255
-95 43.5 176.342
-94.5 43.5 185.872
-94 43.5 195.773
-93.5 43.5 205.991
-93 43.5 216.484
-92.5 43.5 227.209
-92 43.5 238.138
-91.5 43.5 249.24
-91 43.5 260.497
-90.5 43.5 271.886
-90 43.5 283.392
-89.5 43.5 295.001
-89 43.5 306.7
-88.5 43.5 318.479
-88 43.5 330.33
-87.5 43.5 342.244
-87 43.5 354.215
-86.5 43.5 366.236
-86 43.5 378.304
-85.5 43.5 390.412
-85 43.5 402.557
-84.5 43.5 414.735
-84 43.5 426.943
-83.5 43.5 439.179
-83 43.5 451.438
-82.5 43.5 463.72
-82 43.5 476.021
-81.5 43.5 488.343
-81 43.5 500.679
-119 44 503.165
-118.5 44 490.994
-118 44 478.842
-117.5 44 466.718
-117 44 454.618
-116.5 44 442.547
-116 44 430.509
-115.5 44 418.506
-115 44 406.541
-114.5 44 394.618
-114 44 382.743
-113.5 44 370.92
-113 44 359.154
-112.5 44 347.452
-112 44 335.82
-111.5 44 324.268
-111 44 312.803
-110.5 44 301.437
-110 44 290.181
-109.5 44 279.05
-109 44 268.058
-108.5 44 257.226
-108 44 246.573
-107.5 44 236.125
-107 44 225.91
-106.5 44 215.963
-106 44 206.321
-105.5 44 197.033
-105 44 188.149
-104.5 44 179.726
-104 44 171.845
-103.5 44 164.572
-103 44 157.992
-102.5 44 152.206
-102 44 147.301
-101.5 44 143.369
-101 44 140.494
-100.5 44 138.739
-100 44 138.149
-99.5 44 138.739
-99 44 140.494
-98.5 44 143.369
-98 44 147.301
-97.5 44 152.206
-97 44 157.992
-96.5 44 164.572
-96 44 171.845
-95.5 44 179.726
-95 44 188.149
-94.5 44 197.033
-94 44 206.321
-93.5 44 215.963
-93 44 225.911
-92.5 44 236.125
-92 44 246.573
-91.5 44 257.227
-91 44 268.059
-90.5 44 279.05
-90 44 290.182
-89.5 44 301.438
-89 44 312.804
-88.5 44 324.269
-88 44 335.821
-87.5 44 347.453
-87 44 359.155
-86.5 44 370.921
-86 44 382.744
-85.5 44 394.619
-85 44 406.542
-84.5 44 418.507
-84 44 430.51
-83.5 44 442.548
-83 44 454.618
-82.5 44 466.719
-82 44 478.843
-81.5 44 490.995
-81 44 503.166
-119 44.5 506.21
-118.5 44.5 494.217
-118 44.5 482.249
-117.5 44.5 470.314
-117 44.5 458.409
-116.5 44.5 446.542
-116 44.5 434.715
-115.5 44.5 422.932
-115 44.5 411.196
-114.5 44.5 399.512
-114 44.5 387.885
-113.5 44.5 376.322
-113 44.5 364.829
-112.5 44.5 353.412
-112 44.5 342.08
-111.5 44.5 330.842
-111 44.5 319.708
-110.5 44.5 308.691
-110 44.5 297.803
-109.5 44.5 287.059
-109 44.5 276.478
-108.5 44.5 266.077
-108 44.5 255.882
-107.5 44.5 245.915
-107 44.5 236.209
-106.5 44.5 226.795
-106 44.5 217.714
-105.5 44.5 209.007
-105 44.5 200.727
-104.5 44.5 192.928
-104 44.5 185.668
-103.5 44.5 179.014
-103 44.5 173.044
-102.5 44.5 167.826
-102 44.5 163.427
-101.5 44.5 159.92
-101 44.5 157.369
-100.5 44.5 155.819
-100 44.5 155.299
-99.5 44.5 155.819
-99 44.5 157.369
-98.5 44.5 159.92
-98 44.5 163.427
-97.5 44.5 167.826
-97 44.5 173.044
-96.5 44.5 179.014
-96 44.5 185.668
-95.5 44.5 192.928
-95 44.5 200.727
-94.5 44.5 209.008
-94 44.5 217.715
-93.5 44.5 226.796
-93 44.5 236.209
-92.5 44.5 245.915
-92 44.5 255.882
-91.5 44.5 266.077
-91 44.5 276.478
-90.5 44.5 287.06
-90 44.5 297.803
-89.5 44.5 308.691
-89 44.5 319.709
-88.5 44.5 330.843
-88 44.5 342.081
-87.5 44.5 353.413
-87 44.5 364.829
-86.5 44.5 376.323
-86 44.5 387.886
-85.5 44.5 399.513
-85 44.5 411.197
-84.5 44.5 422.933
-84 44.5 434.716
-83.5 44.5 446.543
-83 44.5 458.41
-82.5 44.5 470.315
-82 44.5 482.25
-81.5 44.5 494.218
-81 44.5 506.211
-119 45 509.804
-118.5 45 498
-118 45 486.226
-117.5 45 474.492
-117 45 462.798
-116.5 45 451.146
-116 45 439.543
-115.5 45 427.992
-115 45 416.498
-114.5 45 405.066
-114 45 393.701
-113.5 45 382.412
-113 45 371.204
-112.5 45 360.085
-112 45 349.066
-111.5 45 338.154
-111 45 327.363
-110.5 45 316.705
-110 45 306.193
-109.5 45 295.845
-109 45 285.677
-108.5 45 275.711
-108 45 265.97
-107.5 45 256.48
-107 45 247.268
-106.5 45 238.372
-106 45 229.823
-105.5 45 221.666
-105 45 213.944
-104.5 45 206.707
-104 45 200.009
-103.5 45 193.906
-103 45 188.455
-102.5 45 183.714
-102 45 179.741
-101.5 45 176.59
-101 45 174.305
-100.5 45 172.92
-100 45 172.456
-99.5 45 172.92
-99 45 174.305
-98.5 45 176.59
-98 45 179.741
-97.5 45 183.714
-97 45 188.455
-96.5 45 193.906
-96 45 200.009
-95.5 45 206.707
-95 45 213.944
-94.5 45 221.666
-94 45 229.823
-93.5 45 238.372
-93 45 247.269
-92.5 45 256.48
-92 45 265.97
-91.5 45 275.712
-91 45 285.678
-90.5 45 295.845
-90 45 306.194
-89.5 45 316.705
-89 45 327.364
-88.5 45 338.155
-88 45 349.066
-87.5 45 360.086
-87 45 371.205
-86.5 45 382.412
-86 45 393.702
-85.5 45 405.066
-85 45 416.499
-84.5 45 427.993
-84 45 439.543
-83.5 45 451.147
-83 45 462.798
-82.5 45 474.493
-82 45 486.227
-81.5 45 498.001
-81 45 509.805
-119 45.5 513.937
-118.5 45.5 502.328
-118 45.5 490.762
-117.5 45.5 479.237
-117 45.5 467.764
-116.5 45.5 456.339
-116 45.5 444.971
-115.5 45.5 433.664
-115 45.5 422.423
-114.5 45.5 411.253
-114 45.5 400.162
-113.5 45.5 389.157
-113 45.5 378.244
-112.5 45.5 367.434
-112 45.5 356.735
-111.5 45.5 346.159
-111 45.5 335.717
-110.5 45.5 325.423
-110 45.5 315.291
-109.5 45.5 305.339
-109 45.5 295.585
-108.5 45.5 286.048
-108 45.5 276.754
-107.5 45.5 267.725
-107 45.5 258.994
-106.5 45.5 250.587
-106 45.5 242.542
-105.5 45.5 234.895
-105 45.5 227.687
-104.5 45.5 220.962
-104 45.5 214.764
-103.5 45.5 209.141
-103 45.5 204.143
-102.5 45.5 199.816
-102 45.5 196.203
-101.5 45.5 193.347
-101 45.5 191.28
-100.5 45.5 190.029
-100 45.5 189.61
-99.5 45.5 190.029
-99 45.5 191.28
-98.5 45.5 193.347
-98 45.5 196.203
-97.5 45.5 199.816
-97 45.5 204.143
-96.5 45.5 209.141
-96 45.5 214.764
-95.5 45.5 220.962
-95 45.5 227.687
-94.5 45.5 234.895
-94 45.5 242.542
-93.5 45.5 250.587
-93 45.5 258.994
-92.5 45.5 267.725
-92 45.5 276.754
-91.5 45.5 286.048
-91 45.5 295.585
-90.5 45.5 305.34
-90 45.5 315.291
-89.5 45.5 325.423
-89 45.5 335.717
-88.5 45.5 346.159
-88 45.5 356.736
-87.5 45.5 367.434
-87 45.5 378.245
-86.5 45.5 389.157
-86 45.5 400.163
-85.5 45.5 411.254
-85 45.5 422.423
-84.5 45.5 433.664
-84 45.5 444.972
-83.5 45.5 456.339
-83 45.5 467.764
-82.5 45.5 479.238
-82 45.5 490.763
-81.5 45.5 502.329
-81 45.5 513.938
-119 46 518.59
-118.5 46 507.19
-118 46 495.84
-117.5 46 484.535
-117 46 473.29
-116.5 46 462.1
-116 46 450.979
-115.5 46 439.923
-115 46 428.945
-114.5 46 418.046
-114 46 407.236
-113.5 46 396.523
-113 46 385.913
-112.5 46 375.417
-112 46 365.045
-111.5 46 354.808
-111 46 344.718
-110.5 46 334.79
-110 46 325.037
-109.5 46 315.478
-109 46 306.131
-108.5 46 297.015
-108 46 288.154
-107.5 46 279.571
-107 46 271.295
-106.5 46 263.353
-106 46 255.779
-105.5 46 248.603
-105 46 241.866
-104.5 46 235.603
-104 46 229.852
-103.5 46 224.656
-103 46 220.052
-102.5 46 216.079
-102 46 212.773
-101.5 46 210.165
-101 46 208.282
-100.5 46 207.144
-100 46 206.764
-99.5 46 207.144
-99 46 208.282
-98.5 46 210.165
-98 46 212.773
-97.5 46 216.079
-97 46 220.053
-96.5 46 224.656
-96 46 229.852
-95.5 46 235.603
-95 46 241.866
-94.5 46 248.604
-94 46 255.779
-93.5 46 263.353
-93 46 271.295
-92.5 46 279.571
-92 46 288.154
-91.5 46 297.015
-91 46 306.131
-90.5 46 315.479
-90 46 325.037
-89.5 46 334.79
-89 46 344.718
-88.5 46 354.808
-88 46 365.045
-87.5 46 375.417
-87 46 385.914
-86.5 46 396.523
-86 46 407.237
-85.5 46 418.047
-85 46 428.945
-84.5 46 439.924
-84 46 450.98
-83.5 46 462.101
-83 46 473.291
-82.5 46 484.536
-82 46 495.84
-81.5 46 507.191
-81 46 518.591
-119 46.5 523.756
-118.5 46.5 512.569
-118 46.5 501.442
-117.5 46.5 490.371
-117 46.5 479.358
-116.5 46.5 468.417
-116 46.5 457.541
-115.5 46.5 446.749
-115 46.5 436.036
-114.5 46.5 425.416
-114 46.5 414.893
-113.5 46.5 404.476
-113 46.5 394.174
-112.5 46.5 383.996
-112 46.5 373.953
-111.5 46.5 364.055
-111 46.5 354.318
-110.5 46.5 344.752
-110 46.5 335.375
-109.5 46.5 326.202
-109 46.5 317.252
-108.5 46.5 308.544
-108 46.5 300.1
-107.5 46.5 291.944
-107 46.5 284.099
-106.5 46.5 276.594
-106 46.5 269.457
-105.5 46.5 262.717
-105 46.5 256.409
-104.5 46.5 250.562
-104 46.5 245.213
-103.5 46.5 240.393
-103 46.5 236.135
-102.5 46.5 232.471
-102 46.5 229.429
-101.5 46.5 227.035
-101 46.5 225.31
-100.5 46.5 224.268
-100 46.5 223.919
-99.5 46.5 224.268
-99 46.5 225.31
-98.5 46.5 227.035
-98 46.5 229.429
-97.5 46.5 232.471
-97 46.5 236.135
-96.5 46.5 240.393
-96 46.5 245.213
-95.5 46.5 250.562
-95 46.5 256.409
-94.5 46.5 262.717
-94 46.5 269.457
-93.5 46.5 276.594
-93 46.5 284.099
-92.5 46.5 291.944
-92 46.5 300.1
-91.5 46.5 308.544
-91 46.5 317.252
-90.5 46.5 326.202
-90 46.5 335.375
-89.5 46.5 344.752
-89 46.5 354.318
-88.5 46.5 364.056
-88 46.5 373.953
-87.5 46.5 383.996
-87 46.5 394.174
-86.5 46.5 404.477
-86 46.5 414.894
-85.5 46.5 425.417
-85 46.5 436.036
-84.5 46.5 446.749
-84 46.5 457.541
-83.5 46.5 468.418
-83 46.5 479.359
-82.5 46.5 490.372
-82 46.5 501.443
-81.5 46.5 512.57
-81 46.5 523.757
-119 47 529.411
-118.5 47 518.456
-118 47 507.551
-117.5 47 496.716
-117 47 485.947
-116.5 47 475.254
-116 47 464.638
-115.5 47 454.11
-115 47 443.671
-114.5 47 433.334
-114 47 423.1
-113.5 47 412.985
-113 47 402.99
-112.5 47 393.132
-112 47 383.416
-111.5 47 373.858
-111 47 364.468
-110.5 47 355.26
-110 47 346.251
-109.5 47 337.454
-109 47 328.889
-108.5 47 320.575
-108 47 312.53
-107.5 47 304.778
-107 47 297.341
-106.5 47 290.244
-106 47 283.512
-105.5 47 277.174
-105 47 271.256
-104.5 47 265.788
-104 47 260.797
-103.5 47 256.312
-103 47 252.359
-102.5 47 248.966
-102 47 246.154
-101.5 47 243.945
-101 47 242.355
-100.5 47 241.395
-100 47 241.075
-99.5 47 241.395
-99 47 242.355
-98.5 47 243.945
-98 47 246.154
-97.5 47 248.966
-97 47 252.359
-96.5 47 256.312
-96 47 260.797
-95.5 47 265.788
-95 47 271.256
-94.5 47 277.174
-94 47 283.512
-93.5 47 290.244
-93 47 297.341
-92.5 47 304.778
-92 47 312.53
-91.5 47 320.575
-91 47 328.89
-90.5 47 337.454
-90 47 346.251
-89.5 47 355.26
-89 47 364.468
-88.5 47 373.858
-88 47 383.416
-87.5 47 393.132
-87 47 402.99
-86.5 47 412.985
-86 47 423.1
-85.5 47 433.335
-85 47 443.671
-84.5 47 454.11
-84 47 464.638
-83.5 47 475.255
-83 47 485.948
-82.5 47 496.716
-82 47 507.551
-81.5 47 518.456
-81 47 529.412
-119 47.5 535.552
-118.5 47.5 524.821
-118 47.5 514.153
-117.5 47.5 503.557
-117 47.5 493.036
-116.5 47.5 482.594
-116 47.5 472.244
-115.5 47.5 461.981
-115 47.5 451.822
-114.5 47.5 441.767
-114 47.5 431.827
-113.5 47.5 422.011
-113 47.5 412.326
-112.5 47.5 402.786
-112 47.5 393.394
-111.5 47.5 384.173
-111 47.5 375.123
-110.5 47.5 366.267
-110 47.5 357.616
-109.5 47.5 349.184
-109 47.5 340.991
-108.5 47.5 333.052
-108 47.5 325.388
-107.5 47.5 318.018
-107 47.5 310.964
-106.5 47.5 304.247
-106 47.5 297.892
-105.5 47.5 291.922
-105 47.5 286.362
-104.5 47.5 281.235
-104 47.5 276.567
-103.5 47.5 272.381
-103 47.5 268.699
-102.5 47.5 265.544
-102 47.5 262.934
-101.5 47.5 260.887
-101 47.5 259.414
-100.5 47.5 258.526
-100 47.5 258.229
-99.5 47.5 258.526
-99 47.5 259.414
-98.5 47.5 260.886
-98 47.5 262.934
-97.5 47.5 265.544
-97 47.5 268.699
-96.5 47.5 272.381
-96 47.5 276.567
-95.5 47.5 281.235
-95 47.5 286.362
-94.5 47.5 291.922
-94 47.5 297.892
-93.5 47.5 304.247
-93 47.5 310.964
-92.5 47.5 318.018
-92 47.5 325.388
-91.5 47.5 333.052
-91 47.5 340.991
-90.5 47.5 349.184
-90 47.5 357.616
-89.5 47.5 366.267
-89 47.5 375.123
-88.5 47.5 384.173
-88 47.5 393.394
-87.5 47.5 402.786
-87 47.5 412.326
-86.5 47.5 422.011
-86 47.5 431.827
-85.5 47.5 441.767
-85 47.5 451.822
-84.5 47.5 461.981
-84 47.5 472.244
-83.5 47.5 482.595
-83 47.5 493.036
-82.5 47.5 503.557
-82 47.5 514.154
-81.5 47.5 524.821
-81 47.5 535.552
-119 48 542.152
-118.5 48 531.652
-118 48 521.225
-117.5 48 510.875
-117 48 500.605
-116.5 48 490.424
-116 48 480.334
-115.5 48 470.343
-115 48 460.46
-114.5 48 450.69
-114 48 441.043
-113.5 48 431.526
-113 48 422.146
-112.5 48 412.922
-112 48 403.85
-111.5 48 394.957
-111 48 386.245
-110.5 48 377.727
-110 48 369.426
-109.5 48 361.344
-109 48 353.507
-108.5 48 345.929
-108 48 338.624
-107.5 48 331.615
-107 48 324.92
-106.5 48 318.558
-106 48 312.551
-105.5 48 306.92
-105 48 301.686
-104.5 48 296.869
-104 48 292.493
-103.5 48 288.575
-103 48 285.135
-102.5 48 282.192
-102 48 279.76
-101.5 48 277.854
-101 48 276.485
-100.5 48 275.66
-100 48 275.385
-99.5 48 275.66
-99 48 276.485
-98.5 48 277.854
-98 48 279.76
-97.5 48 282.192
-97 48 285.135
-96.5 48 288.575
-96 48 292.492
-95.5 48 296.869
-95 48 301.686
-94.5 48 306.92
-94 48 312.551
-93.5 48 318.558
-93 48 324.92
-92.5 48 331.615
-92 48 338.624
-91.5 48 345.929
-91 48 353.507
-90.5 48 361.344
-90 48 369.426
-89.5 48 377.727
-89 48 386.245
-88.5 48 394.957
-88 48 403.851
-87.5 48 412.923
-87 48 422.146
-86.5 48 431.527
-86 48 441.043
-85.5 48 450.69
-85 48 460.461
-84.5 48 470.343
-84 48 480.334
-83.5 48 490.424
-83 48 500.606
-82.5 48 510.875
-82 48 521.225
-81.5 48 531.653
-81 48 542.152
-119 48.5 549.201
-118.5 48.5 538.937
-118 48.5 528.751
-117.5 48.5 518.645
-117 48.5 508.629
-116.5 48.5 498.704
-116 48.5 488.882
-115.5 48.5 479.163
-115 48.5 469.559
-114.5 48.5 460.072
-114 48.5 450.717
-113.5 48.5 441.495
-113 48.5 432.423
-112.5 48.5 423.503
-112 48.5 414.752
-111.5 48.5 406.176
-111 48.5 397.79
-110.5 48.5 389.606
-110 48.5 381.635
-109.5 48.5 373.895
-109 48.5 366.397
-108.5 48.5 359.159
-108 48.5 352.198
-107.5 48.5 345.527
-107 48.5 339.168
-106.5 48.5 333.138
-106 48.5 327.453
-105.5 48.5 322.132
-105 48.5 317.196
-104.5 48.5 312.663
-104 48.5 308.551
-103.5 48.5 304.875
-103 48.5 301.652
-102.5 48.5 298.897
-102 48.5 296.624
-101.5 48.5 294.844
-101 48.5 293.566
-100.5 48.5 292.796
-100 48.5 292.539
-99.5 48.5 292.796
-99 48.5 293.566
-98.5 48.5 294.844
-98 48.5 296.624
-97.5 48.5 298.897
-97 48.5 301.652
-96.5 48.5 304.875
-96 48.5 308.551
-95.5 48.5 312.663
-95 48.5 317.196
-94.5 48.5 322.132
-94 48.5 327.453
-93.5 48.5 333.138
-93 48.5 339.168
-92.5 48.5 345.527
-92 48.5 352.198
-91.5 48.5 359.159
-91 48.5 366.398
-90.5 48.5 373.895
-90 48.5 381.635
-89.5 48.5 389.606
-89 48.5 397.79
-88.5 48.5 406.177
-88 48.5 414.752
-87.5 48.5 423.503
-87 48.5 432.423
-86.5 48.5 441.495
-86 48.5 450.718
-85.5 48.5 460.072
-85 48.5 469.559
-84.5 48.5 479.163
-84 48.5 488.882
-83.5 48.5 498.705
-83 48.5 508.629
-82.5 48.5 518.646
-82 48.5 528.751
-81.5 48.5 538.938
-81 48.5 549.202
-119 49 556.662
-118.5 49 546.639
-118 49 536.701
-117.5 49 526.853
-117 49 517.094
-116.5 49 507.432
-116 49 497.871
-115.5 49 488.421
-115 49 479.09
-114.5 49 469.887
-114 49 460.818
-113.5 49 451.891
-113 49 443.114
-112.5 49 434.501
-112 49 426.056
-111.5 49 417.793
-111 49 409.725
-110.5 49 401.859
-110 49 394.211
-109.5 49 386.795
-109 49 379.622
-108.5 49 372.708
-108 49 366.069
-107.5 49 359.719
-107 49 353.673
-106.5 49 347.949
-106 49 342.563
-105.5 49 337.531
-105 49 332.868
-104.5 49 328.592
-104 49 324.718
-103.5 49 321.262
-103 49 318.236
-102.5 49 315.652
-102 49 313.521
-101.5 49 311.854
-101 49 310.657
-100.5 49 309.936
-100 49 309.696
-99.5 49 309.936
-99 49 310.657
-98.5 49 311.854
-98 49 313.521
-97.5 49 315.652
-97 49 318.236
-96.5 49 321.262
-96 49 324.718
-95.5 49 328.592
-95 49 332.868
-94.5 49 337.531
-94 49 342.563
-93.5 49 347.949
-93 49 353.673
-92.5 49 359.719
-92 49 366.069
-91.5 49 372.708
-91 49 379.622
-90.5 49 386.795
-90 49 394.211
-89.5 49 401.859
-89 49 409.725
-88.5 49 417.793
-88 49 426.056
-87.5 49 434.501
-87 49 443.114
-86.5 49 451.891
-86 49 460.818
-85.5 49 469.887
-85 49 479.091
-84.5 49 488.421
-84 49 497.871
-83.5 49 507.432
-83 49 517.094
-82.5 49 526.853
-82 49 536.701
-81.5 49 546.64
-81 49 556.662
