-119 25 2.40908
-118.5 25 -2.6075
-118 25 -2.35169
-117.5 25 -1.74416
-117 25 -0.169959
-116.5 25 -0.241033
-116 25 -0.375041
-115.5 25 -0.300194
-115 25 -0.593494
-114.5 25 -0.640179
-114 25 -0.67169
-113.5 25 -0.556534
-113 25 -0.402007
-112.5 25 -0.437932
-112 25 -0.347919
-111.5 25 -0.322058
-111 25 -0.248966
-110.5 25 -0.192627
-110 25 -0.153029
-109.5 25 -0.126241
-109 25 -0.0922432
-108.5 25 -0.0666058
-108 25 -0.0230051
-107.5 25 0.00201447
-107 25 0.0366911
-106.5 25 0.0163573
-106 25 0.0409109
-105.5 25 0.0420814
-105 25 0.0388031
-104.5 25 0.0813206
-104 25 0.0713578
-103.5 25 0.0674497
-103 25 0.0799872
-102.5 25 0.0636027
-102 25 0.0471512
-101.5 25 0.0317152
-101 25 0.0103605
-100.5 25 0.0183867
-100 25 -6.84245e-05
-99.5 25 -0.0183867
-99 25 -0.0102922
-98.5 25 -0.0317152
-98 25 -0.0471512
-97.5 25 -0.0636027
-97 25 -0.0799967
-96.5 25 -0.0674497
-96 25 -0.0713452
-95.5 25 -0.0812538
-95 25 -0.0388696
-94.5 25 -0.0421475
-94 25 -0.0408453
-93.5 25 -0.0163573
-93 25 -0.0366911
-92.5 25 -0.00199199
-92 25 0.0209025
-91.5 25 0.0666058
-91 25 0.0942816
-90.5 25 0.126241
-90 25 0.152968
-89.5 25 0.192566
-89 25 0.251011
-88.5 25 0.322117
-88 25 0.345971
-87.5 25 0.437966
-87 25 0.402007
-86.5 25 0.538994
-86 25 0.650106
-85.5 25 0.626664
-85 25 0.560029
-84.5 25 0.170395
-84 25 0.108565
-83.5 25 -0.108428
-83 25 -0.253405
-82.5 25 1.33562
-82 25 1.63475
-81.5 25 2.23375
-81 25 2.28678
-119 25.5 3.75372
-118.5 25.5 1.06294
-118 25.5 0.139014
-117.5 25.5 -0.301489
-117 25.5 0.446394
-116.5 25.5 0.456879
-116 25.5 0.306947
-115.5 25.5 0.546221
-115 25.5 0.469653
-114.5 25.5 0.288412
-114 25.5 0.206077
-113.5 25.5 0.20823
-113 25.5 0.176933
-112.5 25.5 0.0815268
-112 25.5 0.0662438
-111.5 25.5 -0.0173409
-111 25.5 -0.0351703
-110.5 25.5 -0.0279582
-110 25.5 -0.0460053
-109.5 25.5 -0.0529573
-109 25.5 -0.0764973
-108.5 25.5 -0.055666
-108 25.5 -0.068043
-107.5 25.5 -0.148393
-107 25.5 -0.137075
-106.5 25.5 -0.0459135
-106 25.5 -0.0437586
-105.5 25.5 -0.0505554
-105 25.5 -0.0593874
-104.5 25.5 -0.0390434
-104 25.5 -0.0418775
-103.5 25.5 -0.0462675
-103 25.5 -0.0198999
-102.5 25.5 -0.0218489
-102 25.5 -0.0238762
-101.5 25.5 -0.00162672
-101 25.5 0.00105845
-100.5 25.5 -0.00312637
-100 25.5 0
-99.5 25.5 0.00312806
-99 25.5 -0.00105845
-98.5 25.5 0.00162672
-98 25.5 0.0238762
-97.5 25.5 0.0218489
-97 25.5 0.0198999
-96.5 25.5 0.0463354
-96 25.5 0.0418775
-95.5 25.5 0.0389763
-95 25.5 0.0593712
-94.5 25.5 0.050573
-94 25.5 0.0437586
-93.5 25.5 0.0459135
-93 25.5 0.137075
-92.5 25.5 0.148393
-92 25.5 0.068043
-91.5 25.5 0.05645
-91 25.5 0.0764973
-90.5 25.5 0.0530189
-90 25.5 0.0460053
-89.5 25.5 0.0279883
-89 25.5 0.0352013
-88.5 25.5 0.0162833
-88 25.5 -0.0662181
-87.5 25.5 -0.0815605
-87 25.5 -0.17699
-86.5 25.5 -0.20823
-86 25.5 -0.206077
-85.5 25.5 -0.288412
-85 25.5 -0.498481
-84.5 25.5 -0.599676
-84 25.5 -0.349042
-83.5 25.5 -0.477705
-83 25.5 -0.50935
-82.5 25.5 0.192131
-82 25.5 -0.474662
-81.5 25.5 -0.59196
-81 25.5 1.20408
-119 26 1.51385
-118.5 26 0.0156018
-118 26 0.893031
-117.5 26 -0.195365
-117 26 0.788694
-116.5 26 0.570893
-116 26 0.363617
-115.5 26 0.460478
-115 26 0.380105
-114.5 26 0.414093
-114 26 0.465368
-113.5 26 0.461187
-113 26 0.491455
-112.5 26 0.539936
-112 26 0.56635
-111.5 26 0.506686
-111 26 0.46598
-110.5 26 0.531112
-110 26 0.444922
-109.5 26 0.437503
-109 26 0.503617
-108.5 26 0.411582
-108 26 0.391054
-107.5 26 0.432714
-107 26 0.37312
-106.5 26 0.309704
-106 26 0.293019
-105.5 26 0.288187
-105 26 0.259656
-104.5 26 0.242657
-104 26 0.213552
-103.5 26 0.182217
-103 26 0.161982
-102.5 26 0.130423
-102 26 0.0935578
-101.5 26 0.0848161
-101 26 0.0540399
-100.5 26 0.00878339
-100 26 0
-99.5 26 -0.00878339
-99 26 -0.0540399
-98.5 26 -0.0848161
-98 26 -0.0935578
-97.5 26 -0.130423
-97 26 -0.161982
-96.5 26 -0.182217
-96 26 -0.213565
-95.5 26 -0.242657
-95 26 -0.259656
-94.5 26 -0.288204
-94 26 -0.293019
-93.5 26 -0.309704
-93 26 -0.37312
-92.5 26 -0.432714
-92 26 -0.391054
-91.5 26 -0.411582
-91 26 -0.503591
-90.5 26 -0.437503
-90 26 -0.444922
-89.5 26 -0.531142
-89 26 -0.465949
-88.5 26 -0.506744
-88 26 -0.566408
-87.5 26 -0.539913
-87 26 -0.491398
-86.5 26 -0.461187
-86 26 -0.465368
-85.5 26 -0.414093
-85 26 -0.380105
-84.5 26 -0.436455
-84 26 -0.31981
-83.5 26 -0.522977
-83 26 -0.725269
-82.5 26 0.298565
-82 26 -0.745696
-81.5 26 0.185612
-81 26 2.57548
-119 26.5 2.22754
-118.5 26.5 -0.472723
-118 26.5 0.214879
-117.5 26.5 -0.588529
-117 26.5 0.314893
-116.5 26.5 0.423104
-116 26.5 0.297466
-115.5 26.5 0.458114
-115 26.5 0.405805
-114.5 26.5 0.188385
-114 26.5 0.18756
-113.5 26.5 0.166738
-113 26.5 0.141292
-112.5 26.5 0.145319
-112 26.5 0.16796
-111.5 26.5 0.190164
-111 26.5 0.178475
-110.5 26.5 0.154014
-110 26.5 0.173897
-109.5 26.5 0.152267
-109 26.5 0.175218
-108.5 26.5 0.152623
-108 26.5 0.128613
-107.5 26.5 0.141977
-107 26.5 0.152233
-106.5 26.5 0.147965
-106 26.5 0.136322
-105.5 26.5 0.138746
-105 26.5 0.136688
-104.5 26.5 0.134176
-104 26.5 0.12454
-103.5 26.5 0.113618
-103 26.5 0.099619
-102.5 26.5 0.0908079
-102 26.5 0.0765769
-101.5 26.5 0.0545341
-101 26.5 0.0402641
-100.5 26.5 0.0207683
-100 26.5 0
-99.5 26.5 -0.0207683
-99 26.5 -0.0402641
-98.5 26.5 -0.0545341
-98 26.5 -0.0765769
-97.5 26.5 -0.0908079
-97 26.5 -0.099619
-96.5 26.5 -0.113618
-96 26.5 -0.12454
-95.5 26.5 -0.134176
-95 26.5 -0.136755
-94.5 26.5 -0.138746
-94 26.5 -0.136257
-93.5 26.5 -0.147965
-93 26.5 -0.152233
-92.5 26.5 -0.141977
-92 26.5 -0.128613
-91.5 26.5 -0.152623
-91 26.5 -0.175218
-90.5 26.5 -0.152267
-90 26.5 -0.173957
-89.5 26.5 -0.153954
-89 26.5 -0.178416
-88.5 26.5 -0.190222
-88 26.5 -0.167925
-87.5 26.5 -0.146411
-87 26.5 -0.141256
-86.5 26.5 -0.166738
-86 26.5 -0.187598
-85.5 26.5 -0.188385
-85 26.5 -0.400515
-84.5 26.5 -0.451055
-84 26.5 -0.292302
-83.5 26.5 -0.421073
-83 26.5 -0.295529
-82.5 26.5 0.57885
-82 26.5 -0.417395
-81.5 26.5 0.472723
-81 26.5 1.96743
-119 27 1.58374
-118.5 27 -0.0130913
-118 27 0.806411
-117.5 27 -0.3475
-117 27 0.410549
-116.5 27 0.365349
-116 27 0.155201
-115.5 27 0.147602
-115 27 0.364431
-114.5 27 0.361249
-114 27 0.348006
-113.5 27 0.377342
-113 27 0.335591
-112.5 27 0.307207
-112 27 0.297849
-111.5 27 0.326057
-111 27 0.327623
-110.5 27 0.266297
-110 27 0.275176
-109.5 27 0.292425
-109 27 0.309978
-108.5 27 0.289565
-108 27 0.267614
-107.5 27 0.250221
-107 27 0.231369
-106.5 27 0.204818
-106 27 0.165588
-105.5 27 0.150394
-105 27 0.135587
-104.5 27 0.115222
-104 27 0.0985726
-103.5 27 0.0896807
-103 27 0.0892942
-102.5 27 0.05962
-102 27 0.0297843
-101.5 27 0.0226362
-101 27 0.0401004
-100.5 27 0.0249991
-100 27 0
-99.5 27 -0.0249991
-99 27 -0.0401004
-98.5 27 -0.0226362
-98 27 -0.029777
-97.5 27 -0.05962
-97 27 -0.0892942
-96.5 27 -0.0896807
-96 27 -0.0985726
-95.5 27 -0.115222
-95 27 -0.135587
-94.5 27 -0.150375
-94 27 -0.165588
-93.5 27 -0.204818
-93 27 -0.231369
-92.5 27 -0.250221
-92 27 -0.267614
-91.5 27 -0.289565
-91 27 -0.309978
-90.5 27 -0.292425
-90 27 -0.275176
-89.5 27 -0.266265
-89 27 -0.327656
-88.5 27 -0.326057
-88 27 -0.299713
-87.5 27 -0.30715
-87 27 -0.333803
-86.5 27 -0.377452
-86 27 -0.348006
-85.5 27 -0.361156
-85 27 -0.364392
-84.5 27 -0.151582
-84 27 -0.16232
-83.5 27 -0.371782
-83 27 -0.417222
-82.5 27 0.330429
-82 27 -0.806411
-81.5 27 0.171588
-81 27 2.20493
-119 27.5 1.39697
-118.5 27.5 -1.56733
-118 27.5 0.675223
-117.5 27.5 -0.43738
-117 27.5 0.132857
-116.5 27.5 0.43251
-116 27.5 0.330121
-115.5 27.5 0.192686
-115 27.5 0.186444
-114.5 27.5 0.264547
-114 27.5 0.199708
-113.5 27.5 0.268214
-113 27.5 0.247595
-112.5 27.5 0.25784
-112 27.5 0.274747
-111.5 27.5 0.301205
-111 27.5 0.319646
-110.5 27.5 0.266657
-110 27.5 0.225224
-109.5 27.5 0.237959
-109 27.5 0.198667
-108.5 27.5 0.183681
-108 27.5 0.225006
-107.5 27.5 0.231421
-107 27.5 0.223131
-106.5 27.5 0.24184
-106 27.5 0.238182
-105.5 27.5 0.231418
-105 27.5 0.212574
-104.5 27.5 0.182517
-104 27.5 0.169205
-103.5 27.5 0.13998
-103 27.5 0.111653
-102.5 27.5 0.0890369
-102 27.5 0.068239
-101.5 27.5 0.0503762
-101 27.5 0.0379693
-100.5 27.5 0.0154298
-100 27.5 0
-99.5 27.5 -0.0154298
-99 27.5 -0.0379693
-98.5 27.5 -0.0503071
-98 27.5 -0.068239
-97.5 27.5 -0.0891055
-97 27.5 -0.111653
-96.5 27.5 -0.13998
-96 27.5 -0.169205
-95.5 27.5 -0.182517
-95 27.5 -0.212574
-94.5 27.5 -0.231438
-94 27.5 -0.238182
-93.5 27.5 -0.24184
-93 27.5 -0.223131
-92.5 27.5 -0.231421
-92 27.5 -0.225006
-91.5 27.5 -0.183681
-91 27.5 -0.198667
-90.5 27.5 -0.237959
-90 27.5 -0.225224
-89.5 27.5 -0.266657
-89 27.5 -0.319612
-88.5 27.5 -0.301263
-88 27.5 -0.274747
-87.5 27.5 -0.256609
-87 27.5 -0.247633
-86.5 27.5 -0.268214
-86 27.5 -0.199615
-85.5 27.5 -0.264493
-85 27.5 -0.186496
-84.5 27.5 -0.192779
-84 27.5 -0.330121
-83.5 27.5 -0.431152
-83 27.5 -0.134336
-82.5 27.5 0.43738
-82 27.5 -0.675223
-81.5 27.5 1.28388
-81 27.5 2.04358
-119 28 2.50446
-118.5 28 -1.89747
-118 28 -0.333555
-117.5 28 -0.0447226
-117 28 0.156209
-116.5 28 0.201984
-116 28 0.339686
-115.5 28 0.286954
-115 28 0.273209
-114.5 28 0.368291
-114 28 0.294582
-113.5 28 0.29984
-113 28 0.258105
-112.5 28 0.237948
-112 28 0.231912
-111.5 28 0.2424
-111 28 0.246964
-110.5 28 0.308901
-110 28 0.292578
-109.5 28 0.29612
-109 28 0.297353
-108.5 28 0.265666
-108 28 0.232986
-107.5 28 0.207821
-107 28 0.172352
-106.5 28 0.160915
-106 28 0.133431
-105.5 28 0.129002
-105 28 0.133205
-104.5 28 0.135131
-104 28 0.185648
-103.5 28 0.180597
-103 28 0.121987
-102.5 28 0.103619
-102 28 0.0876003
-101.5 28 0.0706863
-101 28 0.0445471
-100.5 28 0.0232558
-100 28 0
-99.5 28 -0.0232558
-99 28 -0.0445471
-98.5 28 -0.0706863
-98 28 -0.087616
-97.5 28 -0.103619
-97 28 -0.121987
-96.5 28 -0.180583
-96 28 -0.185648
-95.5 28 -0.135131
-95 28 -0.133271
-94.5 28 -0.129002
-94 28 -0.133366
-93.5 28 -0.160915
-93 28 -0.172352
-92.5 28 -0.207821
-92 28 -0.232986
-91.5 28 -0.265666
-91 28 -0.297353
-90.5 28 -0.29612
-90 28 -0.292578
-89.5 28 -0.308842
-89 28 -0.246964
-88.5 28 -0.242457
-88 28 -0.231875
-87.5 28 -0.237948
-87 28 -0.258105
-86.5 28 -0.29984
-86 28 -0.294582
-85.5 28 -0.368331
-85 28 -0.273302
-84.5 28 -0.286954
-84 28 -0.339635
-83.5 28 -0.203368
-83 28 -0.156209
-82.5 28 0.0447226
-82 28 0.0396179
-81.5 28 1.51151
-81 28 0.976997
-119 28.5 2.8681
-118.5 28.5 -0.830854
-118 28.5 -0.79293
-117.5 28.5 -0.020258
-117 28.5 0.381964
-116.5 28.5 0.209226
-116 28.5 0.29351
-115.5 28.5 0.219582
-115 28.5 0.195532
-114.5 28.5 0.246686
-114 28.5 0.243346
-113.5 28.5 0.269398
-113 28.5 0.259513
-112.5 28.5 0.296308
-112 28.5 0.290304
-111.5 28.5 0.273556
-111 28.5 0.24674
-110.5 28.5 0.275818
-110 28.5 0.256181
-109.5 28.5 0.212976
-109 28.5 0.230045
-108.5 28.5 0.248977
-108 28.5 0.260631
-107.5 28.5 0.253255
-107 28.5 0.252511
-106.5 28.5 0.285601
-106 28.5 0.266601
-105.5 28.5 0.188779
-105 28.5 0.165004
-104.5 28.5 0.14196
-104 28.5 0.120902
-103.5 28.5 0.113828
-103 28.5 0.0975391
-102.5 28.5 0.0792496
-102 28.5 0.0644622
-101.5 28.5 0.0498753
-101 28.5 0.0313271
-100.5 28.5 0.0183301
-100 28.5 0
-99.5 28.5 -0.0183301
-99 28.5 -0.0313271
-98.5 28.5 -0.0499391
-98 28.5 -0.0644622
-97.5 28.5 -0.0791803
-97 28.5 -0.0974702
-96.5 28.5 -0.113842
-96 28.5 -0.120986
-95.5 28.5 -0.14196
-95 28.5 -0.165004
-94.5 28.5 -0.188758
-94 28.5 -0.266601
-93.5 28.5 -0.285601
-93 28.5 -0.252485
-92.5 28.5 -0.253255
-92 28.5 -0.260631
-91.5 28.5 -0.248977
-91 28.5 -0.230045
-90.5 28.5 -0.212976
-90 28.5 -0.256181
-89.5 28.5 -0.275818
-89 28.5 -0.246776
-88.5 28.5 -0.273556
-88 28.5 -0.290342
-87.5 28.5 -0.296308
-87 28.5 -0.259513
-86.5 28.5 -0.269398
-86 28.5 -0.243346
-85.5 28.5 -0.246686
-85 28.5 -0.19549
-84.5 28.5 -0.219539
-84 28.5 -0.295074
-83.5 28.5 -0.20927
-83 28.5 -0.380438
-82.5 28.5 0.020258
-82 28.5 0.415589
-81.5 28.5 0.752773
-81 28.5 0.354562
-119 29 2.54192
-118.5 29 -0.279553
-118 29 -0.811957
-117.5 29 -0.0356674
-117 29 0.344043
-116.5 29 0.197639
-116 29 0.34518
-115.5 29 0.259221
-115 29 0.298246
-114.5 29 0.277038
-114 29 0.261971
-113.5 29 0.281772
-113 29 0.265055
-112.5 29 0.278505
-112 29 0.267661
-111.5 29 0.248733
-111 29 0.271942
-110.5 29 0.282531
-110 29 0.299485
-109.5 29 0.28527
-109 29 0.256324
-108.5 29 0.236389
-108 29 0.239667
-107.5 29 0.231466
-107 29 0.185846
-106.5 29 0.182168
-106 29 0.199854
-105.5 29 0.200084
-105 29 0.196173
-104.5 29 0.185898
-104 29 0.173464
-103.5 29 0.157182
-103 29 0.136386
-102.5 29 0.118231
-102 29 0.0968519
-101.5 29 0.0705829
-101 29 0.0462688
-100.5 29 0.0228742
-100 29 0
-99.5 29 -0.0228763
-99 29 -0.0461985
-98.5 29 -0.0705829
-98 29 -0.0969132
-97.5 29 -0.118231
-97 29 -0.136455
-96.5 29 -0.157265
-96 29 -0.173396
-95.5 29 -0.185831
-95 29 -0.196153
-94.5 29 -0.200106
-94 29 -0.199854
-93.5 29 -0.182103
-93 29 -0.185846
-92.5 29 -0.231529
-92 29 -0.239667
-91.5 29 -0.236389
-91 29 -0.256324
-90.5 29 -0.28527
-90 29 -0.299485
-89.5 29 -0.282531
-89 29 -0.271942
-88.5 29 -0.248751
-88 29 -0.267661
-87.5 29 -0.279756
-87 29 -0.265055
-86.5 29 -0.281772
-86 29 -0.261971
-85.5 29 -0.276987
-85 29 -0.298289
-84.5 29 -0.259221
-84 29 -0.345229
-83.5 29 -0.196296
-83 29 -0.343995
-82.5 29 0.0357144
-82 29 0.457712
-81.5 29 0.333217
-81 29 0.0651836
-119 29.5 2.41067
-118.5 29.5 0.040144
-118 29.5 -0.739653
-117.5 29.5 -0.0112972
-117 29.5 0.398817
-116.5 29.5 0.175733
-116 29.5 0.318782
-115.5 29.5 0.189244
-115 29.5 0.271595
-114.5 29.5 0.284526
-114 29.5 0.257362
-113.5 29.5 0.243491
-113 29.5 0.280956
-112.5 29.5 0.295216
-112 29.5 0.294887
-111.5 29.5 0.25941
-111 29.5 0.271537
-110.5 29.5 0.26444
-110 29.5 0.253106
-109.5 29.5 0.268427
-109 29.5 0.238631
-108.5 29.5 0.275524
-108 29.5 0.273657
-107.5 29.5 0.251882
-107 29.5 0.243002
-106.5 29.5 0.230408
-106 29.5 0.221525
-105.5 29.5 0.206657
-105 29.5 0.188877
-104.5 29.5 0.172421
-104 29.5 0.154229
-103.5 29.5 0.137728
-103 29.5 0.120952
-102.5 29.5 0.101287
-102 29.5 0.0813697
-101.5 29.5 0.0620492
-101 29.5 0.042797
-100.5 29.5 0.0217663
-100 29.5 -7.06593e-05
-99.5 29.5 -0.0217663
-99 29.5 -0.0427266
-98.5 29.5 -0.0620626
-98 29.5 -0.0813697
-97.5 29.5 -0.101287
-97 29.5 -0.120939
-96.5 29.5 -0.137697
-96 29.5 -0.154211
-95.5 29.5 -0.172354
-95 29.5 -0.188944
-94.5 29.5 -0.206723
-94 29.5 -0.22146
-93.5 29.5 -0.230408
-93 29.5 -0.24303
-92.5 29.5 -0.251882
-92 29.5 -0.273657
-91.5 29.5 -0.275524
-91 29.5 -0.238631
-90.5 29.5 -0.268427
-90 29.5 -0.253106
-89.5 29.5 -0.26444
-89 29.5 -0.271481
-88.5 29.5 -0.25941
-88 29.5 -0.296703
-87.5 29.5 -0.295216
-87 29.5 -0.279209
-86.5 29.5 -0.243491
-86 29.5 -0.257362
-85.5 29.5 -0.284577
-85 29.5 -0.271639
-84.5 29.5 -0.189194
-84 29.5 -0.318827
-83.5 29.5 -0.175687
-83 29.5 -0.39877
-82.5 29.5 0.0127271
-82 29.5 0.426506
-81.5 29.5 0.0468841
-81 29.5 -0.0761511
-119 30 2.17641
-118.5 30 0.480611
-118 30 -0.527119
-117.5 30 -0.0781417
-117 30 0.363053
-116.5 30 0.230693
-116 30 0.330895
-115.5 30 0.25619
-115 30 0.286573
-114.5 30 0.256228
-114 30 0.265064
-113.5 30 0.220339
-113 30 0.262589
-112.5 30 0.261524
-112 30 0.274685
-111.5 30 0.27608
-111 30 0.2731
-110.5 30 0.255097
-110 30 0.257446
-109.5 30 0.279117
-109 30 0.278409
-108.5 30 0.235654
-108 30 0.256715
-107.5 30 0.246106
-107 30 0.2353
-106.5 30 0.226542
-106 30 0.214861
-105.5 30 0.203211
-105 30 0.192014
-104.5 30 0.180318
-104 30 0.16329
-103.5 30 0.147174
-103 30 0.131046
-102.5 30 0.112051
-102 30 0.089224
-101.5 30 0.0659866
-101 30 0.0445487
-100.5 30 0.0244539
-100 30 0
-99.5 30 -0.0244515
-99 30 -0.0446147
-98.5 30 -0.0659796
-98 30 -0.0891539
-97.5 30 -0.111982
-97 30 -0.130977
-96.5 30 -0.147259
-96 30 -0.163376
-95.5 30 -0.180318
-95 30 -0.192036
-94.5 30 -0.203187
-94 30 -0.214861
-93.5 30 -0.226542
-93 30 -0.2353
-92.5 30 -0.246106
-92 30 -0.256715
-91.5 30 -0.235654
-91 30 -0.278409
-90.5 30 -0.280296
-90 30 -0.257446
-89.5 30 -0.255097
-89 30 -0.2731
-88.5 30 -0.27612
-88 30 -0.274685
-87.5 30 -0.260149
-87 30 -0.262589
-86.5 30 -0.220339
-86 30 -0.265064
-85.5 30 -0.256228
-85 30 -0.286528
-84.5 30 -0.256144
-84 30 -0.330895
-83.5 30 -0.229197
-83 30 -0.363099
-82.5 30 0.0781417
-82 30 0.26279
-81.5 30 -0.330679
-81 30 -0.0874321
-119 30.5 1.64218
-118.5 30.5 1.17383
-118 30.5 -0.0744059
-117.5 30.5 0.00808755
-117 30.5 0.301669
-116.5 30.5 0.210974
-116 30.5 0.29282
-115.5 30.5 0.211743
-115 30.5 0.292101
-114.5 30.5 0.26773
-114 30.5 0.270739
-113.5 30.5 0.256821
-113 30.5 0.253843
-112.5 30.5 0.249716
-112 30.5 0.248309
-111.5 30.5 0.266716
-111 30.5 0.277674
-110.5 30.5 0.244407
-110 30.5 0.289905
-109.5 30.5 0.277975
-109 30.5 0.2508
-108.5 30.5 0.249165
-108 30.5 0.249511
-107.5 30.5 0.247061
-107 30.5 0.240931
-106.5 30.5 0.237009
-106 30.5 0.228372
-105.5 30.5 0.213671
-105 30.5 0.196891
-104.5 30.5 0.180131
-104 30.5 0.161718
-103.5 30.5 0.142285
-103 30.5 0.124826
-102.5 30.5 0.108784
-102 30.5 0.0875167
-101.5 30.5 0.0654755
-101 30.5 0.0452114
-100.5 30.5 0.0239801
-100 30.5 0
-99.5 30.5 -0.0239112
-99 30.5 -0.0451402
-98.5 30.5 -0.065539
-98 30.5 -0.0875872
-97.5 30.5 -0.108784
-97 30.5 -0.12491
-96.5 30.5 -0.142371
-96 30.5 -0.16165
-95.5 30.5 -0.180043
-95 30.5 -0.196868
-94.5 30.5 -0.213671
-94 30.5 -0.228398
-93.5 30.5 -0.237009
-93 30.5 -0.240931
-92.5 30.5 -0.247061
-92 30.5 -0.249511
-91.5 30.5 -0.249165
-91 30.5 -0.252738
-90.5 30.5 -0.277975
-90 30.5 -0.28803
-89.5 30.5 -0.244407
-89 30.5 -0.277674
-88.5 30.5 -0.266716
-88 30.5 -0.248309
-87.5 30.5 -0.249716
-87 30.5 -0.253843
-86.5 30.5 -0.256821
-86 30.5 -0.270739
-85.5 30.5 -0.26773
-85 30.5 -0.292099
-84.5 30.5 -0.211743
-84 30.5 -0.291371
-83.5 30.5 -0.210974
-83 30.5 -0.303123
-82.5 30.5 -0.00803907
-82 30.5 -0.0970802
-81.5 30.5 -0.887242
-81 30.5 0.183014
-119 31 0.835366
-118.5 31 0.780899
-118 31 0.610105
-117.5 31 0.071175
-117 31 0.326792
-116.5 31 0.203772
-116 31 0.277814
-115.5 31 0.242018
-115 31 0.2514
-114.5 31 0.260067
-114 31 0.232612
-113.5 31 0.253645
-113 31 0.249576
-112.5 31 0.263316
-112 31 0.265354
-111.5 31 0.269034
-111 31 0.259551
-110.5 31 0.259342
-110 31 0.234597
-109.5 31 0.262163
-109 31 0.262619
-108.5 31 0.265814
-108 31 0.261502
-107.5 31 0.250868
-107 31 0.24082
-106.5 31 0.227343
-106 31 0.216182
-105.5 31 0.203845
-105 31 0.193298
-104.5 31 0.181288
-104 31 0.168302
-103.5 31 0.154823
-103 31 0.138224
-102.5 31 0.115992
-102 31 0.0955246
-101.5 31 0.0750757
-101 31 0.0525643
-100.5 31 0.02375
-100 31 -7.21119e-05
-99.5 31 -0.02375
-99 31 -0.0525004
-98.5 31 -0.0750874
-98 31 -0.0955349
-97.5 31 -0.115992
-97 31 -0.138209
-96.5 31 -0.154806
-96 31 -0.168214
-95.5 31 -0.181221
-95 31 -0.193364
-94.5 31 -0.203975
-94 31 -0.216182
-93.5 31 -0.22728
-93 31 -0.24082
-92.5 31 -0.250868
-92 31 -0.261537
-91.5 31 -0.265814
-91 31 -0.261399
-90.5 31 -0.260903
-90 31 -0.234597
-89.5 31 -0.259342
-89 31 -0.259551
-88.5 31 -0.269034
-88 31 -0.265354
-87.5 31 -0.263316
-87 31 -0.249576
-86.5 31 -0.253645
-86 31 -0.232566
-85.5 31 -0.260115
-85 31 -0.2514
-84.5 31 -0.242019
-84 31 -0.277814
-83.5 31 -0.205327
-83 31 -0.326792
-82.5 31 -0.071175
-82 31 -0.610155
-81.5 31 -0.587772
-81 31 0.677623
-119 31.5 0.828642
-118.5 31.5 -0.0727226
-118 31.5 0.529611
-117.5 31.5 0.0390071
-117 31.5 0.306083
-116.5 31.5 0.204597
-116 31.5 0.241593
-115.5 31.5 0.256295
-115 31.5 0.252648
-114.5 31.5 0.261353
-114 31.5 0.245309
-113.5 31.5 0.263098
-113 31.5 0.229527
-112.5 31.5 0.238554
-112 31.5 0.243607
-111.5 31.5 0.269428
-111 31.5 0.26546
-110.5 31.5 0.26791
-110 31.5 0.269635
-109.5 31.5 0.260122
-109 31.5 0.259796
-108.5 31.5 0.252947
-108 31.5 0.248287
-107.5 31.5 0.242443
-107 31.5 0.243785
-106.5 31.5 0.234151
-106 31.5 0.220611
-105.5 31.5 0.214435
-105 31.5 0.206315
-104.5 31.5 0.192398
-104 31.5 0.177934
-103.5 31.5 0.166413
-103 31.5 0.151839
-102.5 31.5 0.132602
-102 31.5 0.107646
-101.5 31.5 0.0817689
-101 31.5 0.0574025
-100.5 31.5 0.0302475
-100 31.5 0
-99.5 31.5 -0.0302811
-99 31.5 -0.0574359
-98.5 31.5 -0.0818008
-98 31.5 -0.107605
-97.5 31.5 -0.13246
-97 31.5 -0.151839
-96.5 31.5 -0.166492
-96 31.5 -0.177944
-95.5 31.5 -0.192433
-95 31.5 -0.20634
-94.5 31.5 -0.214435
-94 31.5 -0.220553
-93.5 31.5 -0.234151
-93 31.5 -0.243785
-92.5 31.5 -0.243626
-92 31.5 -0.248287
-91.5 31.5 -0.250967
-91 31.5 -0.259796
-90.5 31.5 -0.261974
-90 31.5 -0.269675
-89.5 31.5 -0.26791
-89 31.5 -0.26546
-88.5 31.5 -0.269428
-88 31.5 -0.243607
-87.5 31.5 -0.238554
-87 31.5 -0.229527
-86.5 31.5 -0.26305
-86 31.5 -0.245309
-85.5 31.5 -0.261399
-85 31.5 -0.2526
-84.5 31.5 -0.256247
-84 31.5 -0.241593
-83.5 31.5 -0.204647
-83 31.5 -0.306083
-82.5 31.5 -0.0390494
-82 31.5 -0.529653
-81.5 31.5 0.0728046
-81 31.5 0.55999
-119 32 0.760717
-118.5 32 -0.138813
-118 32 0.459075
-117.5 32 0.0358718
-117 32 0.279352
-116.5 32 0.185257
-116 32 0.2245
-115.5 32 0.248831
-115 32 0.2231
-114.5 32 0.2455
-114 32 0.228723
-113.5 32 0.247503
-113 32 0.236412
-112.5 32 0.25366
-112 32 0.256038
-111.5 32 0.25638
-111 32 0.250955
-110.5 32 0.257022
-110 32 0.254083
-109.5 32 0.254961
-109 32 0.260444
-108.5 32 0.256709
-108 32 0.249349
-107.5 32 0.245421
-107 32 0.236986
-106.5 32 0.237181
-106 32 0.229908
-105.5 32 0.219975
-105 32 0.215115
-104.5 32 0.21255
-104 32 0.201977
-103.5 32 0.186819
-103 32 0.168793
-102.5 32 0.149901
-102 32 0.124558
-101.5 32 0.0927707
-101 32 0.0637241
-100.5 32 0.033553
-100 32 0
-99.5 32 -0.033518
-99 32 -0.0636848
-98.5 32 -0.0927663
-98 32 -0.124576
-97.5 32 -0.149937
-97 32 -0.168845
-96.5 32 -0.186864
-96 32 -0.201988
-95.5 32 -0.212517
-95 32 -0.215082
-94.5 32 -0.21991
-94 32 -0.229938
-93.5 32 -0.237276
-93 32 -0.238992
-92.5 32 -0.245421
-92 32 -0.247387
-91.5 32 -0.256709
-91 32 -0.261749
-90.5 32 -0.254976
-90 32 -0.254083
-89.5 32 -0.256969
-89 32 -0.250955
-88.5 32 -0.25638
-88 32 -0.256083
-87.5 32 -0.25366
-87 32 -0.236412
-86.5 32 -0.247503
-86 32 -0.228771
-85.5 32 -0.245548
-85 32 -0.223056
-84.5 32 -0.248831
-84 32 -0.224586
-83.5 32 -0.185257
-83 32 -0.279309
-82.5 32 -0.0358207
-82 32 -0.459023
-81.5 32 0.140129
-81 32 0.410928
-119 32.5 0.841741
-118.5 32.5 -0.0757752
-118 32.5 0.359764
-117.5 32.5 0.0999088
-117 32.5 0.284413
-116.5 32.5 0.199156
-116 32.5 0.199333
-115.5 32.5 0.233142
-115 32.5 0.203883
-114.5 32.5 0.215775
-114 32.5 0.240914
-113.5 32.5 0.237076
-113 32.5 0.22869
-112.5 32.5 0.241189
-112 32.5 0.250018
-111.5 32.5 0.242354
-111 32.5 0.245007
-110.5 32.5 0.256125
-110 32.5 0.252214
-109.5 32.5 0.255394
-109 32.5 0.252052
-108.5 32.5 0.251149
-108 32.5 0.247473
-107.5 32.5 0.244751
-107 32.5 0.240497
-106.5 32.5 0.238692
-106 32.5 0.240397
-105.5 32.5 0.241023
-105 32.5 0.236468
-104.5 32.5 0.228065
-104 32.5 0.219472
-103.5 32.5 0.20565
-103 32.5 0.183495
-102.5 32.5 0.147103
-102 32.5 0.121895
-101.5 32.5 0.14261
-101 32.5 0.0905574
-100.5 32.5 0.048512
-100 32.5 -3.63216e-05
-99.5 32.5 -0.048512
-99 32.5 -0.0905305
-98.5 32.5 -0.142583
-98 32.5 -0.121913
-97.5 32.5 -0.147138
-97 32.5 -0.183539
-96.5 32.5 -0.205653
-96 32.5 -0.219403
-95.5 32.5 -0.228005
-95 32.5 -0.236468
-94.5 32.5 -0.241088
-94 32.5 -0.240492
-93.5 32.5 -0.238647
-93 32.5 -0.240437
-92.5 32.5 -0.243495
-92 32.5 -0.247434
-91.5 32.5 -0.251189
-91 32.5 -0.251997
-90.5 32.5 -0.255394
-90 32.5 -0.252224
-89.5 32.5 -0.256125
-89 32.5 -0.245007
-88.5 32.5 -0.242404
-88 32.5 -0.250018
-87.5 32.5 -0.241142
-87 32.5 -0.22869
-86.5 32.5 -0.237076
-86 32.5 -0.240958
-85.5 32.5 -0.215775
-85 32.5 -0.20384
-84.5 32.5 -0.233193
-84 32.5 -0.199333
-83.5 32.5 -0.199105
-83 32.5 -0.284424
-82.5 32.5 -0.0999088
-82 32.5 -0.359896
-81.5 32.5 0.0757365
-81 32.5 0.175278
-119 33 0.842529
-118.5 33 0.0829542
-118 33 0.283862
-117.5 33 0.0921075
-117 33 0.266298
-116.5 33 0.18579
-116 33 0.221659
-115.5 33 0.226022
-115 33 0.208506
-114.5 33 0.184477
-114 33 0.223905
-113.5 33 0.217924
-113 33 0.22312
-112.5 33 0.230897
-112 33 0.242911
-111.5 33 0.239292
-111 33 0.24433
-110.5 33 0.244629
-110 33 0.241227
-109.5 33 0.245531
-109 33 0.24921
-108.5 33 0.245573
-108 33 0.245079
-107.5 33 0.249372
-107 33 0.251079
-106.5 33 0.252737
-106 33 0.251942
-105.5 33 0.249873
-105 33 0.250938
-104.5 33 0.237133
-104 33 0.21662
-103.5 33 0.302394
-103 33 0.273552
-102.5 33 0.222306
-102 33 -0.172069
-101.5 33 -0.181407
-101 33 0.113356
-100.5 33 0.024427
-100 33 0
-99.5 33 -0.0244928
-99 33 -0.113389
-98.5 33 0.181412
-98 33 0.172098
-97.5 33 -0.222271
-97 33 -0.273483
-96.5 33 -0.30228
-96 33 -0.216654
-95.5 33 -0.237213
-95 33 -0.250985
-94.5 33 -0.249873
-94 33 -0.251922
-93.5 33 -0.252683
-93 33 -0.250972
-92.5 33 -0.249314
-92 33 -0.245191
-91.5 33 -0.245628
-91 33 -0.247758
-90.5 33 -0.245575
-90 33 -0.241271
-89.5 33 -0.244674
-89 33 -0.244284
-88.5 33 -0.239292
-88 33 -0.242863
-87.5 33 -0.230897
-87 33 -0.22312
-86.5 33 -0.217924
-86 33 -0.223905
-85.5 33 -0.184427
-85 33 -0.208506
-84.5 33 -0.226022
-84 33 -0.221607
-83.5 33 -0.18583
-83 33 -0.266245
-82.5 33 -0.0904677
-82 33 -0.283862
-81.5 33 -0.0828632
-81 33 0.00425051
-119 33.5 0.791751
-118.5 33.5 0.0961622
-118 33.5 0.253319
-117.5 33.5 0.0672924
-117 33.5 0.259146
-116.5 33.5 0.160106
-116 33.5 0.21731
-115.5 33.5 0.210498
-115 33.5 0.221254
-114.5 33.5 0.178027
-114 33.5 0.177754
-113.5 33.5 0.203349
-113 33.5 0.221267
-112.5 33.5 0.226386
-112 33.5 0.232371
-111.5 33.5 0.228851
-111 33.5 0.237582
-110.5 33.5 0.231921
-110 33.5 0.239751
-109.5 33.5 0.241054
-109 33.5 0.24052
-108.5 33.5 0.245429
-108 33.5 0.245854
-107.5 33.5 0.250668
-107 33.5 0.25631
-106.5 33.5 0.259368
-106 33.5 0.261371
-105.5 33.5 0.252516
-105 33.5 0.24348
-104.5 33.5 0.349983
-104 33.5 -0.00530901
-103.5 33.5 -0.0472343
-103 33.5 0.249126
-102.5 33.5 0.24495
-102 33.5 0.236524
-101.5 33.5 0.0741332
-101 33.5 0.00531813
-100.5 33.5 0.0374397
-100 33.5 0.000110251
-99.5 33.5 -0.0374048
-99 33.5 -0.00538746
-98.5 33.5 -0.0741694
-98 33.5 -0.236546
-97.5 33.5 -0.24495
-97 33.5 -0.249116
-96.5 33.5 0.0471773
-96 33.5 0.00526286
-95.5 33.5 -0.349983
-95 33.5 -0.243448
-94.5 33.5 -0.252453
-94 33.5 -0.261341
-93.5 33.5 -0.259368
-93 33.5 -0.256359
-92.5 33.5 -0.250717
-92 33.5 -0.245896
-91.5 33.5 -0.24362
-91 33.5 -0.240476
-90.5 33.5 -0.244221
-90 33.5 -0.2398
-89.5 33.5 -0.233325
-89 33.5 -0.237534
-88.5 33.5 -0.228897
-88 33.5 -0.232371
-87.5 33.5 -0.226386
-87 33.5 -0.221267
-86.5 33.5 -0.203349
-86 33.5 -0.177754
-85.5 33.5 -0.178027
-85 33.5 -0.221254
-84.5 33.5 -0.210459
-84 33.5 -0.21731
-83.5 33.5 -0.160106
-83 33.5 -0.25965
-82.5 33.5 -0.0673293
-82 33.5 -0.254386
-81.5 33.5 -0.0962166
-81 33.5 -0.0690859
-119 34 0.75289
-118.5 34 0.0835428
-118 34 0.22341
-117.5 34 0.0692157
-117 34 0.227803
-116.5 34 0.13846
-116 34 0.218707
-115.5 34 0.166665
-115 34 0.224832
-114.5 34 0.212089
-114 34 0.19577
-113.5 34 0.157192
-113 34 0.213553
-112.5 34 0.215684
-112 34 0.218053
-111.5 34 0.218724
-111 34 0.230827
-110.5 34 0.224121
-110 34 0.228772
-109.5 34 0.236399
-109 34 0.234314
-108.5 34 0.239116
-108 34 0.243344
-107.5 34 0.247782
-107 34 0.254149
-106.5 34 0.258294
-106 34 0.253782
-105.5 34 0.402939
-105 34 0.117074
-104.5 34 0.104696
-104 34 0.292642
-103.5 34 0.088204
-103 34 0.10471
-102.5 34 0.141811
-102 34 0.325051
-101.5 34 0.271595
-101 34 0.0563248
-100.5 34 0.0238998
-100 34 -3.71264e-05
-99.5 34 -0.0239447
-99 34 -0.0563287
-98.5 34 -0.27157
-98 34 -0.325015
-97.5 34 -0.141802
-97 34 -0.104721
-96.5 34 -0.0881827
-96 34 -0.292568
-95.5 34 -0.104682
-95 34 -0.117089
-94.5 34 -0.402939
-94 34 -0.25383
-93.5 34 -0.258362
-93 34 -0.254133
-92.5 34 -0.247755
-92 34 -0.243371
-91.5 34 -0.239064
-91 34 -0.237438
-90.5 34 -0.236448
-90 34 -0.228725
-89.5 34 -0.224073
-89 34 -0.229419
-88.5 34 -0.218724
-88 34 -0.218053
-87.5 34 -0.215633
-87 34 -0.213553
-86.5 34 -0.157192
-86 34 -0.19577
-85.5 34 -0.212036
-85 34 -0.224832
-84.5 34 -0.166665
-84 34 -0.218761
-83.5 34 -0.139668
-83 34 -0.227857
-82.5 34 -0.0698158
-82 34 -0.223445
-81.5 34 -0.083612
-81 34 -0.173513
-119 34.5 0.748266
-118.5 34.5 0.15311
-118 34.5 0.285289
-117.5 34.5 0.108663
-117 34.5 0.21787
-116.5 34.5 0.131355
-116 34.5 0.236967
-115.5 34.5 0.154396
-115 34.5 0.214426
-114.5 34.5 0.16846
-114 34.5 0.227782
-113.5 34.5 0.179748
-113 34.5 0.200675
-112.5 34.5 0.203538
-112 34.5 0.205512
-111.5 34.5 0.210916
-111 34.5 0.216079
-110.5 34.5 0.217645
-110 34.5 0.219376
-109.5 34.5 0.226105
-109 34.5 0.228597
-108.5 34.5 0.231104
-108 34.5 0.235919
-107.5 34.5 0.243551
-107 34.5 0.238647
-106.5 34.5 0.23877
-106 34.5 0.137648
-105.5 34.5 0.116683
-105 34.5 0.359627
-104.5 34.5 0.162347
-104 34.5 0.311217
-103.5 34.5 0.301505
-103 34.5 0.14042
-102.5 34.5 0.159624
-102 34.5 0.105178
-101.5 34.5 0.0509685
-101 34.5 0.130802
-100.5 34.5 0.101402
-100 34.5 -3.74331e-05
-99.5 34.5 -0.101398
-99 34.5 -0.130793
-98.5 34.5 -0.0509558
-98 34.5 -0.105106
-97.5 34.5 -0.15966
-97 34.5 -0.140501
-96.5 34.5 -0.301404
-96 34.5 -0.311148
-95.5 34.5 -0.162443
-95 34.5 -0.359723
-94.5 34.5 -0.115509
-94 34.5 -0.137638
-93.5 34.5 -0.238757
-93 34.5 -0.238577
-92.5 34.5 -0.243546
-92 34.5 -0.235919
-91.5 34.5 -0.231104
-91 34.5 -0.228644
-90.5 34.5 -0.224559
-90 34.5 -0.219376
-89.5 34.5 -0.216103
-89 34.5 -0.216079
-88.5 34.5 -0.210916
-88 34.5 -0.20547
-87.5 34.5 -0.203538
-87 34.5 -0.200715
-86.5 34.5 -0.179748
-86 34.5 -0.227744
-85.5 34.5 -0.16846
-85 34.5 -0.214462
-84.5 34.5 -0.154396
-84 34.5 -0.236967
-83.5 34.5 -0.1313
-83 34.5 -0.217849
-82.5 34.5 -0.108663
-82 34.5 -0.285311
-81.5 34.5 -0.153054
-81 34.5 -0.267436
-119 35 0.670723
-118.5 35 0.116818
-118 35 0.23564
-117.5 35 0.158259
-117 35 0.211364
-116.5 35 0.11508
-116 35 0.203825
-115.5 35 0.146053
-115 35 0.220131
-114.5 35 0.153371
-114 35 0.193346
-113.5 35 0.169288
-113 35 0.189901
-112.5 35 0.191974
-112 35 0.189894
-111.5 35 0.199028
-111 35 0.20025
-110.5 35 0.207045
-110 35 0.210873
-109.5 35 0.212414
-109 35 0.217644
-108.5 35 0.221576
-108 35 0.218934
-107.5 35 0.226053
-107 35 0.628107
-106.5 35 0.210782
-106 35 0.148431
-105.5 35 0.193729
-105 35 0.292873
-104.5 35 0.301113
-104 35 0.110754
-103.5 35 0.16362
-103 35 0.197308
-102.5 35 0.298124
-102 35 0.254744
-101.5 35 0.14362
-101 35 -0.0422104
-100.5 35 -0.138115
-100 35 3.78667e-05
-99.5 35 0.138155
-99 35 0.0422056
-98.5 35 -0.143657
-98 35 -0.25479
-97.5 35 -0.29817
-97 35 -0.197295
-96.5 35 -0.163576
-96 35 -0.110802
-95.5 35 -0.301161
-95 35 -0.290915
-94.5 35 -0.193633
-94 35 -0.150196
-93.5 35 -0.210809
-93 35 -0.628156
-92.5 35 -0.226055
-92 35 -0.218911
-91.5 35 -0.2216
-91 35 -0.21762
-90.5 35 -0.212389
-90 35 -0.210917
-89.5 35 -0.207045
-89 35 -0.200209
-88.5 35 -0.199028
-88 35 -0.189894
-87.5 35 -0.192027
-87 35 -0.189901
-86.5 35 -0.169288
-86 35 -0.193346
-85.5 35 -0.153426
-85 35 -0.220131
-84.5 35 -0.146053
-84 35 -0.203792
-83.5 35 -0.116132
-83 35 -0.211397
-82.5 35 -0.157175
-82 35 -0.23564
-81.5 35 -0.116761
-81 35 -0.286717
-119 35.5 0.627226
-118.5 35.5 0.094411
-118 35.5 0.11968
-117.5 35.5 0.128806
-117 35.5 0.186941
-116.5 35.5 0.109929
-116 35.5 0.173214
-115.5 35.5 0.123376
-115 35.5 0.200274
-114.5 35.5 0.177159
-114 35.5 0.176859
-113.5 35.5 0.161783
-113 35.5 0.171073
-112.5 35.5 0.175903
-112 35.5 0.17969
-111.5 35.5 0.18772
-111 35.5 0.188912
-110.5 35.5 0.190722
-110 35.5 0.196354
-109.5 35.5 0.194963
-109 35.5 0.195981
-108.5 35.5 0.20309
-108 35.5 0.207042
-107.5 35.5 0.193232
-107 35.5 0.20401
-106.5 35.5 0.654362
-106 35.5 0.197105
-105.5 35.5 0.261081
-105 35.5 0.258413
-104.5 35.5 0.203475
-104 35.5 0.278754
-103.5 35.5 0.323534
-103 35.5 0.145798
-102.5 35.5 0.236314
-97.5 35.5 -0.236279
-97 35.5 -0.145716
-96.5 35.5 -0.323501
-96 35.5 -0.278785
-95.5 35.5 -0.203487
-95 35.5 -0.258432
-94.5 35.5 -0.261067
-94 35.5 -0.19717
-93.5 35.5 -0.654433
-93 35.5 -0.203983
-92.5 35.5 -0.193137
-92 35.5 -0.207113
-91.5 35.5 -0.20309
-91 35.5 -0.195963
-90.5 35.5 -0.194959
-90 35.5 -0.196374
-89.5 35.5 -0.190669
-89 35.5 -0.188912
-88.5 35.5 -0.18772
-88 35.5 -0.17969
-87.5 35.5 -0.175903
-87 35.5 -0.171073
-86.5 35.5 -0.161783
-86 35.5 -0.176859
-85.5 35.5 -0.177159
-85 35.5 -0.200218
-84.5 35.5 -0.123376
-84 35.5 -0.173214
-83.5 35.5 -0.109985
-83 35.5 -0.185175
-82.5 35.5 -0.128806
-82 35.5 -0.11965
-81.5 35.5 -0.0944404
-81 35.5 -0.314176
-119 36 0.612141
-118.5 36 0.108464
-118 36 0.114819
-117.5 36 0.116226
-117 36 0.165435
-116.5 36 0.106864
-116 36 0.181481
-115.5 36 0.125708
-115 36 0.13738
-114.5 36 0.165062
-114 36 0.150522
-113.5 36 0.148141
-113 36 0.158863
-112.5 36 0.160494
-112 36 0.164858
-111.5 36 0.172775
-111 36 0.174657
-110.5 36 0.176202
-110 36 0.177283
-109.5 36 0.177277
-109 36 0.176486
-108.5 36 0.184893
-108 36 -0.19106
-107.5 36 0.175674
-107 36 0.173042
-106.5 36 0.188
-106 36 0.231213
-105.5 36 0.146084
-105 36 0.214391
-104.5 36 0.331951
-104 36 0.134006
-103.5 36 0.248044
-96.5 36 -0.24811
-96 36 -0.134044
-95.5 36 -0.331962
-95 36 -0.212519
-94.5 36 -0.144649
-94 36 -0.232884
-93.5 36 -0.187904
-93 36 -0.172922
-92.5 36 -0.175721
-92 36 0.191013
-91.5 36 -0.184867
-91 36 -0.176492
-90.5 36 -0.177338
-90 36 -0.177356
-89.5 36 -0.176202
-89 36 -0.174712
-88.5 36 -0.172775
-88 36 -0.164858
-87.5 36 -0.160494
-87 36 -0.158863
-86.5 36 -0.148141
-86 36 -0.150522
-85.5 36 -0.165031
-85 36 -0.13738
-84.5 36 -0.125737
-84 36 -0.181481
-83.5 36 -0.106893
-83 36 -0.165435
-82.5 36 -0.11614
-82 36 -0.116669
-81.5 36 -0.108522
-81 36 -0.346654
-119 36.5 0.54977
-118.5 36.5 0.101848
-118 36.5 0.0971784
-117.5 36.5 0.117634
-117 36.5 0.138495
-116.5 36.5 0.104435
-116 36.5 0.147306
-115.5 36.5 0.10207
-115 36.5 0.110535
-114.5 36.5 0.136905
-114 36.5 0.126082
-113.5 36.5 0.128471
-113 36.5 0.141326
-112.5 36.5 0.146691
-112 36.5 0.150593
-111.5 36.5 0.15737
-111 36.5 0.153439
-110.5 36.5 0.155792
-110 36.5 0.154033
-109.5 36.5 0.153226
-109 36.5 0.154748
-108.5 36.5 0.163308
-108 36.5 0.22624
-107.5 36.5 -0.210895
-107 36.5 0.299028
-106.5 36.5 0.184747
-106 36.5 0.164011
-105.5 36.5 0.201498
-105 36.5 0.22588
-104.5 36.5 0.204267
-95.5 36.5 -0.204189
-95 36.5 -0.224124
-94.5 36.5 -0.203057
-94 36.5 -0.165515
-93.5 36.5 -0.184747
-93 36.5 -0.299097
-92.5 36.5 0.210771
-92 36.5 -0.22624
-91.5 36.5 -0.163281
-91 36.5 -0.154731
-90.5 36.5 -0.153263
-90 36.5 -0.153998
-89.5 36.5 -0.155792
-89 36.5 -0.153439
-88.5 36.5 -0.157337
-88 36.5 -0.150593
-87.5 36.5 -0.146691
-87 36.5 -0.141383
-86.5 36.5 -0.128471
-86 36.5 -0.126082
-85.5 36.5 -0.136905
-85 36.5 -0.110593
-84.5 36.5 -0.10207
-84 36.5 -0.147306
-83.5 36.5 -0.104435
-83 36.5 -0.140339
-82.5 36.5 -0.118465
-82 36.5 -0.097204
-81.5 36.5 -0.101118
-81 36.5 -0.345711
-119 37 0.475423
-118.5 37 0.087181
-118 37 0.0617815
-117.5 37 0.126678
-117 37 0.116884
-116.5 37 0.104857
-116 37 0.131645
-115.5 37 0.0864779
-115 37 0.108872
-114.5 37 0.12979
-114 37 0.107979
-113.5 37 0.11545
-113 37 0.12201
-112.5 37 0.126561
-112 37 0.135279
-111.5 37 0.136391
-111 37 0.132987
-110.5 37 0.132203
-110 37 0.128787
-109.5 37 0.12552
-109 37 0.136985
-108.5 37 0.241414
-108 37 0.256293
-107.5 37 0.116967
-107 37 0.112197
-106.5 37 0.324565
-106 37 0.161059
-105.5 37 0.189755
-105 37 0.199872
-95 37 -0.199921
-94.5 37 -0.19141
-94 37 -0.161107
-93.5 37 -0.324618
-93 37 -0.11221
-92.5 37 -0.116967
-92 37 -0.256194
-91.5 37 -0.241407
-91 37 -0.135192
-90.5 37 -0.125508
-90 37 -0.128717
-89.5 37 -0.132203
-89 37 -0.13293
-88.5 37 -0.134492
-88 37 -0.135279
-87.5 37 -0.126588
-87 37 -0.12201
-86.5 37 -0.115424
-86 37 -0.107979
-85.5 37 -0.12979
-85 37 -0.108872
-84.5 37 -0.0864779
-84 37 -0.131645
-83.5 37 -0.105654
-83 37 -0.118894
-82.5 37 -0.125954
-82 37 -0.0599133
-81.5 37 -0.0871577
-81 37 -0.330232
-119 37.5 0.466613
-118.5 37.5 0.109166
-118 37.5 0.0448881
-117.5 37.5 0.117445
-117 37.5 0.1039
-116.5 37.5 0.0924072
-116 37.5 0.110838
-115.5 37.5 0.112967
-115 37.5 0.0903027
-114.5 37.5 0.115427
-114 37.5 0.0941503
-113.5 37.5 0.0981859
-113 37.5 0.100843
-112.5 37.5 0.10732
-112 37.5 0.116266
-111.5 37.5 0.113672
-111 37.5 0.111214
-110.5 37.5 0.106257
-110 37.5 0.102265
-109.5 37.5 0.107588
-109 37.5 -0.0225306
-108.5 37.5 0.208835
-108 37.5 0.155584
-107.5 37.5 0.0678883
-107 37.5 0.0385679
-106.5 37.5 0.17703
-106 37.5 0.0361124
-105.5 37.5 0.0720312
-94.5 37.5 -0.0720312
-94 37.5 -0.0361124
-93.5 37.5 -0.164326
-93 37.5 -0.0385124
-92.5 37.5 -0.067821
-92 37.5 -0.155572
-91.5 37.5 -0.207901
-91 37.5 0.0225021
-90.5 37.5 -0.108555
-90 37.5 -0.102251
-89.5 37.5 -0.10627
-89 37.5 -0.110343
-88.5 37.5 -0.113731
-88 37.5 -0.117091
-87.5 37.5 -0.10732
-87 37.5 -0.100784
-86.5 37.5 -0.0981859
-86 37.5 -0.0941503
-85.5 37.5 -0.115427
-85 37.5 -0.0922707
-84.5 37.5 -0.112967
-84 37.5 -0.110838
-83.5 37.5 -0.0911771
-83 37.5 -0.101929
-82.5 37.5 -0.116718
-82 37.5 -0.0448881
-81.5 37.5 -0.109106
-81 37.5 -0.344642
-119 38 0.306744
-118.5 38 0.0983394
-118 38 0.0217258
-117.5 38 0.0970487
-117 38 0.0855872
-116.5 38 0.0900135
-116 38 0.0131528
-115.5 38 0.087097
-115 38 0.0693877
-114.5 38 0.0954927
-114 38 0.0782688
-113.5 38 0.0834796
-113 38 0.0796719
-112.5 38 0.0881943
-112 38 0.0956954
-111.5 38 0.0926897
-111 38 0.0891262
-110.5 38 0.0821579
-110 38 0.0749135
-109.5 38 0.090573
-109 38 -0.00881363
-108.5 38 0.00464939
-108 38 0.124776
-107.5 38 0.0368599
-107 38 0.141764
-106.5 38 0.0247457
-106 38 0.271035
-94 38 -0.263268
-93.5 38 -0.0247428
-93 38 -0.148773
-92.5 38 -0.036903
-92 38 -0.124776
-91.5 38 -0.00268514
-91 38 0.0069646
-90.5 38 -0.0905138
-90 38 -0.0749314
-89.5 38 -0.0821579
-89 38 -0.0891488
-88.5 38 -0.0946623
-88 38 -0.0956739
-87.5 38 -0.0881943
-87 38 -0.0796719
-86.5 38 -0.0834796
-86 38 -0.0782688
-85.5 38 -0.0961497
-85 38 -0.0713784
-84.5 38 -0.0864554
-84 38 -0.0125195
-83.5 38 -0.0900135
-83 38 -0.0841631
-82.5 38 -0.0970487
-82 38 -0.021786
-81.5 38 -0.0984001
-81 38 -0.216834
-119 38.5 0.233542
-118.5 38.5 0.0473043
-118 38.5 -0.0520236
-117.5 38.5 0.0531419
-117 38.5 0.0596367
-116.5 38.5 0.102437
-116 38.5 0.00215973
-115.5 38.5 0.0452632
-115 38.5 0.0502595
-114.5 38.5 0.073627
-114 38.5 0.06357
-113.5 38.5 0.0710903
-113 38.5 0.0619239
-112.5 38.5 0.0665946
-112 38.5 0.0731918
-111.5 38.5 0.0718885
-111 38.5 0.0656573
-110.5 38.5 0.0607743
-110 38.5 0.0562969
-109.5 38.5 0.0601359
-109 38.5 0.243274
-108.5 38.5 0.00950629
-108 38.5 0.116155
-107.5 38.5 0.112148
-107 38.5 0.106436
-106.5 38.5 -0.0323337
-106 38.5 0.0313282
-94 38.5 -0.03124
-93.5 38.5 0.0187102
-93 38.5 -0.106436
-92.5 38.5 -0.112084
-92 38.5 -0.113477
-91.5 38.5 -0.0095358
-91 38.5 -0.243977
-90.5 38.5 -0.0601458
-90 38.5 -0.0563369
-89.5 38.5 -0.0607743
-89 38.5 -0.0656878
-88.5 38.5 -0.0717671
-88 38.5 -0.0731918
-87.5 38.5 -0.0665946
-87 38.5 -0.0619239
-86.5 38.5 -0.0710903
-86 38.5 -0.06357
-85.5 38.5 -0.0741804
-85 38.5 -0.0482493
-84.5 38.5 -0.0446591
-84 38.5 -0.00215973
-83.5 38.5 -0.102437
-83 38.5 -0.0596367
-82.5 38.5 -0.0531581
-82 38.5 0.0520076
-81.5 38.5 -0.0472718
-81 38.5 -0.140029
-119 39 0.282777
-118.5 39 0.0666883
-118 39 -0.0652941
-117.5 39 0.0232125
-117 39 0.00775608
-116.5 39 0.0810116
-116 39 0.0610209
-115.5 39 0.0309168
-115 39 0.0286694
-114.5 39 0.049189
-114 39 0.0492137
-113.5 39 0.0533496
-113 39 0.0415461
-112.5 39 0.0434353
-112 39 0.0470518
-111.5 39 0.0485408
-111 39 0.0433598
-110.5 39 0.036572
-110 39 0.0392459
-109.5 39 -0.0281217
-109 39 0.243591
-108.5 39 0.0364577
-108 39 -0.0535735
-107.5 39 0.0785256
-107 39 0.0285851
-106.5 39 0.154142
-93.5 39 -0.154152
-93 39 -0.0264624
-92.5 39 -0.0779559
-92 39 0.0535271
-91.5 39 -0.0390249
-91 39 -0.243651
-90.5 39 0.0281217
-90 39 -0.0392386
-89.5 39 -0.0365412
-89 39 -0.0433456
-88.5 39 -0.0465064
-88 39 -0.0471269
-87.5 39 -0.0434353
-87 39 -0.0415461
-86.5 39 -0.0533496
-86 39 -0.0492137
-85.5 39 -0.049189
-85 39 -0.0266296
-84.5 39 -0.0309168
-84 39 -0.060588
-83.5 39 -0.0810116
-83 39 -0.0102189
-82.5 39 -0.0231513
-82 39 0.0653551
-81.5 39 -0.0661715
-81 39 -0.198736
-119 39.5 0.252117
-118.5 39.5 0.0891398
-118 39.5 -0.0280418
-117.5 39.5 0.0237153
-117 39.5 -0.0210623
-116.5 39.5 0.0526602
-116 39.5 0.0525467
-115.5 39.5 0.0200544
-115 39.5 0.011478
-114.5 39.5 0.0168903
-114 39.5 0.0265355
-113.5 39.5 0.0404187
-113 39.5 0.0283152
-112.5 39.5 0.022372
-112 39.5 0.0224876
-111.5 39.5 0.0231884
-111 39.5 0.024563
-110.5 39.5 0.0161812
-110 39.5 0.0174399
-109.5 39.5 -0.0228501
-109 39.5 0.0129163
-108.5 39.5 0.0636121
-108 39.5 -0.0728619
-107.5 39.5 0.0517707
-107 39.5 0.00331882
-106.5 39.5 0.117416
-93.5 39.5 -0.117132
-93 39.5 -0.00337542
-92.5 39.5 -0.0521204
-92 39.5 0.070858
-91.5 39.5 -0.0635864
-91 39.5 -0.0128155
-90.5 39.5 0.0229159
-90 39.5 -0.0174089
-89.5 39.5 -0.0161812
-89 39.5 -0.024216
-88.5 39.5 -0.0232601
-88 39.5 -0.0228081
-87.5 39.5 -0.0223622
-87 39.5 -0.0283152
-86.5 39.5 -0.0404187
-86 39.5 -0.0264739
-85.5 39.5 -0.0168903
-85 39.5 -0.011478
-84.5 39.5 -0.020116
-84 39.5 -0.0525467
-83.5 39.5 -0.0550441
-83 39.5 0.0210729
-82.5 39.5 -0.0234201
-82 39.5 0.0279696
-81.5 39.5 -0.08878
-81 39.5 -0.173766
-119 40 0.148312
-118.5 40 0.0848632
-118 40 -0.00840187
-117.5 40 0.0207818
-117 40 -0.0247003
-116.5 40 0.0144826
-116 40 0.0520346
-115.5 40 0.0139443
-115 40 0.0111302
-114.5 40 -0.00661998
-114 40 0.00235406
-113.5 40 0.0193238
-113 40 0.0161831
-112.5 40 0.00776964
-112 40 0.000281944
-111.5 40 -0.000388076
-111 40 0.00466051
-110.5 40 0.0044292
-110 40 0.00267517
-109.5 40 -0.0235221
-109 40 -0.016895
-108.5 40 -0.00839217
-108 40 0.040721
-107.5 40 -0.00430189
-107 40 -0.0170632
-106.5 40 -0.0289012
-93.5 40 0.0289624
-93 40 0.0149767
-92.5 40 0.00430359
-92 40 -0.0406918
-91.5 40 0.00842688
-91 40 0.0189448
-90.5 40 0.0234565
-90 40 -0.00270853
-89.5 40 -0.00452288
-89 40 -0.004598
-88.5 40 -0.00163762
-88 40 -0.00226888
-87.5 40 -0.00776964
-87 40 -0.0161831
-86.5 40 -0.0193177
-86 40 -0.00235406
-85.5 40 0.00661339
-85 40 -0.0111302
-84.5 40 -0.0139443
-84 40 -0.0520346
-83.5 40 -0.0144826
-83 40 0.0267299
-82.5 40 -0.0208516
-82 40 0.00841001
-81.5 40 -0.0848547
-81 40 -0.103258
-119 40.5 0.0341678
-118.5 40.5 0.0409955
-118 40.5 -0.0218557
-117.5 40.5 0.0266497
-117 40.5 -0.0288301
-116.5 40.5 -0.0380977
-116 40.5 0.00130163
-115.5 40.5 -0.00296231
-115 40.5 0.0103013
-114.5 40.5 -0.0180135
-114 40.5 -0.0195333
-113.5 40.5 -0.0165997
-113 40.5 -0.00694232
-112.5 40.5 -0.00918705
-112 40.5 -0.016951
-111.5 40.5 -0.0232523
-111 40.5 -0.0196869
-110.5 40.5 -0.0134175
-110 40.5 -0.015315
-109.5 40.5 -0.017198
-109 40.5 -0.0630856
-108.5 40.5 -0.0314422
-108 40.5 -0.0762326
-107.5 40.5 -0.0561677
-107 40.5 -0.0382806
-106.5 40.5 0.017145
-93.5 40.5 -0.0171424
-93 40.5 0.0382828
-92.5 40.5 0.0561677
-92 40.5 0.0762635
-91.5 40.5 0.0313349
-91 40.5 0.0630559
-90.5 40.5 0.0172388
-90 40.5 0.0132919
-89.5 40.5 0.0134484
-89 40.5 0.0196559
-88.5 40.5 0.0231986
-88 40.5 0.0169505
-87.5 40.5 0.0092368
-87 40.5 0.00694232
-86.5 40.5 0.0165997
-86 40.5 0.0194712
-85.5 40.5 0.0180135
-85 40.5 -0.0103013
-84.5 40.5 0.00296231
-84 40.5 -0.00130163
-83.5 40.5 0.0380977
-83 40.5 0.0267865
-82.5 40.5 -0.0265876
-82 40.5 0.0219793
-81.5 40.5 -0.0410578
-81 40.5 -0.00259223
-119 41 -0.0259779
-118.5 41 0.0362557
-118 41 -0.0693563
-117.5 41 0.0541894
-117 41 -0.0143575
-116.5 41 -0.0796691
-116 41 -0.00376446
-115.5 41 -0.0258473
-115 41 0.00181145
-114.5 41 -0.0268877
-114 41 -0.0377283
-113.5 41 -0.045634
-113 41 -0.0373377
-112.5 41 -0.0262327
-112 41 -0.0299444
-111.5 41 -0.041149
-111 41 -0.0427733
-110.5 41 -0.0402663
-110 41 -0.0382236
-109.5 41 -0.00909047
-109 41 -0.0237477
-108.5 41 -0.0557196
-108 41 0.0194282
-107.5 41 -0.0251171
-107 41 -0.0220734
-106.5 41 -0.0904758
-93.5 41 0.090414
-93 41 0.0219999
-92.5 41 0.0251372
-92 41 -0.0194495
-91.5 41 0.0557196
-91 41 0.0217904
-90.5 41 0.00937387
-90 41 0.0382547
-89.5 41 0.0401575
-89 41 0.0427154
-88.5 41 0.0411158
-88 41 0.0319953
-87.5 41 0.0262327
-87 41 0.0373377
-86.5 41 0.045634
-86 41 0.0377283
-85.5 41 0.02695
-85 41 -0.00181145
-84.5 41 0.0258473
-84 41 0.00376446
-83.5 41 0.0796317
-83 41 0.0123089
-82.5 41 -0.0541157
-82 41 0.069354
-81.5 41 -0.0362557
-81 41 0.0453704
-119 41.5 -0.0504374
-118.5 41.5 0.0191688
-118 41.5 -0.0905344
-117.5 41.5 0.0427497
-117 41.5 -0.0303314
-116.5 41.5 -0.108733
-116 41.5 -0.0130021
-115.5 41.5 -0.0542714
-115 41.5 -0.0127262
-114.5 41.5 -0.0299184
-114 41.5 -0.0332075
-113.5 41.5 -0.0578927
-113 41.5 -0.0662527
-112.5 41.5 -0.0476823
-112 41.5 -0.0434705
-111.5 41.5 -0.0468776
-111 41.5 -0.0571203
-110.5 41.5 -0.0649519
-110 41.5 -0.0623464
-109.5 41.5 -0.00626368
-109 41.5 0.0203721
-108.5 41.5 -0.121902
-108 41.5 0.0593452
-107.5 41.5 -0.109828
-107 41.5 -0.13298
-106.5 41.5 -0.235664
-106 41.5 0.0536289
-94 41.5 -0.052804
-93.5 41.5 0.235724
-93 41.5 0.133021
-92.5 41.5 0.109819
-92 41.5 -0.0593676
-91.5 41.5 0.121918
-91 41.5 -0.020409
-90.5 41.5 0.00618461
-90 41.5 0.0642962
-89.5 41.5 0.0648588
-89 41.5 0.0572136
-88.5 41.5 0.0469087
-88 41.5 0.0434705
-87.5 41.5 0.0476823
-87 41.5 0.0662527
-86.5 41.5 0.0558506
-86 41.5 0.0332026
-85.5 41.5 0.0299184
-85 41.5 0.0106758
-84.5 41.5 0.0542714
-84 41.5 0.0130021
-83.5 41.5 0.108866
-83 41.5 0.0324462
-82.5 41.5 -0.0427782
-82 41.5 0.0904726
-81.5 41.5 -0.0191064
-81 41.5 0.0534442
-119 42 -0.131098
-118.5 42 -0.00122078
-118 42 -0.111102
-117.5 42 -0.0248568
-117 42 -0.0410705
-116.5 42 -0.0501045
-116 42 -0.055753
-115.5 42 -0.110983
-115 42 -0.0563157
-114.5 42 -0.048505
-114 42 -0.0283123
-113.5 42 -0.0486519
-113 42 -0.0865148
-112.5 42 -0.0834651
-112 42 -0.0820078
-111.5 42 -0.0609324
-111 42 -0.0567931
-110.5 42 -0.0659967
-110 42 -0.0822928
-109.5 42 -0.00125057
-109 42 -0.263643
-108.5 42 -0.115921
-108 42 -0.100784
-107.5 42 -0.173003
-107 42 -0.116026
-106.5 42 -0.0258107
-106 42 -0.0258003
-94 42 0.0268262
-93.5 42 0.0258107
-93 42 0.116026
-92.5 42 0.173015
-92 42 0.100825
-91.5 42 0.115891
-91 42 0.265569
-90.5 42 0.00126827
-90 42 0.0823234
-89.5 42 0.0659656
-89 42 0.0567787
-88.5 42 0.0609457
-88 42 0.0820078
-87.5 42 0.0834651
-87 42 0.0869215
-86.5 42 0.0486519
-86 42 0.0280227
-85.5 42 0.048709
-85 42 0.0563157
-84.5 42 0.110762
-84 42 0.0557471
-83.5 42 0.0500993
-83 42 0.0410752
-82.5 42 0.0248609
-82 42 0.111102
-81.5 42 0.00128319
-81 42 0.114315
-119 42.5 -0.176726
-118.5 42.5 -0.00442404
-118 42.5 -0.162292
-117.5 42.5 -0.0489139
-117 42.5 -0.0844041
-116.5 42.5 -0.0270347
-116 42.5 -0.046091
-115.5 42.5 -0.0788416
-115 42.5 -0.0950771
-114.5 42.5 -0.0980574
-114 42.5 -0.0792383
-113.5 42.5 -0.0444627
-113 42.5 -0.0761053
-112.5 42.5 -0.0947728
-112 42.5 -0.111207
-111.5 42.5 -0.0968397
-111 42.5 -0.0778903
-110.5 42.5 -0.0663976
-110 42.5 -0.0796414
-109.5 42.5 -0.0966065
-109 42.5 -0.279737
-108.5 42.5 0.0196056
-108 42.5 -0.14439
-107.5 42.5 -0.0336792
-107 42.5 -0.124094
-106.5 42.5 -0.0625323
-106 42.5 -0.0938468
-105.5 42.5 -0.0940344
-94.5 42.5 0.0922614
-94 42.5 0.0950844
-93.5 42.5 0.0624934
-93 42.5 0.124061
-92.5 42.5 0.0336198
-92 42.5 0.144418
-91.5 42.5 -0.0204842
-91 42.5 0.281613
-90.5 42.5 0.0974549
-90 42.5 0.0797429
-89.5 42.5 0.0664687
-89 42.5 0.0777989
-88.5 42.5 0.0987873
-88 42.5 0.111207
-87.5 42.5 0.0947572
-87 42.5 0.0761053
-86.5 42.5 0.0464998
-86 42.5 0.0792383
-85.5 42.5 0.0980574
-85 42.5 0.0971731
-84.5 42.5 0.0789033
-84 42.5 0.046091
-83.5 42.5 0.0271929
-83 42.5 0.0842802
-82.5 42.5 0.0486786
-82 42.5 0.162286
-81.5 42.5 0.00422699
-81 42.5 0.127452
-119 43 -0.183214
-118.5 43 0.0252372
-118 43 -0.0637662
-117.5 43 -0.0352908
-117 43 -0.166116
-116.5 43 -0.117679
-116 43 -0.0642576
-115.5 43 -0.0386878
-115 43 -0.0697516
-114.5 43 -0.0864902
-114 43 -0.135595
-113.5 43 -0.0970631
-113 43 -0.0887637
-112.5 43 -0.0801453
-112 43 -0.0983711
-111.5 43 -0.124659
-111 43 -0.1184
-110.5 43 -0.106493
-110 43 -0.0953878
-109.5 43 -0.103055
-109 43 0.0187063
-108.5 43 -0.224867
-108 43 -0.169282
-107.5 43 -0.121158
-107 43 -0.0342725
-106.5 43 -0.11472
-106 43 -0.141404
-105.5 43 -0.25343
-105 43 -0.211124
-95 43 0.211124
-94.5 43 0.251746
-94 43 0.14148
-93.5 43 0.114753
-93 43 0.0342806
-92.5 43 0.121149
-92 43 0.169271
-91.5 43 0.223858
-91 43 -0.0187938
-90.5 43 0.103912
-90 43 0.0953122
-89.5 43 0.106519
-89 43 0.117634
-88.5 43 0.124648
-88 43 0.0990461
-87.5 43 0.0801453
-87 43 0.0887032
-86.5 43 0.0970631
-86 43 0.135595
-85.5 43 0.0864747
-85 43 0.069737
-84.5 43 0.0387014
-84 43 0.0642832
-83.5 43 0.117691
-83 43 0.168202
-82.5 43 0.035342
-82 43 0.0638277
-81.5 43 -0.0252372
-81 43 0.0984987
-119 43.5 -0.336998
-118.5 43.5 0.0112617
-118 43.5 -0.0310266
-117.5 43.5 0.014319
-117 43.5 -0.123979
-116.5 43.5 -0.0378684
-116 43.5 -0.074586
-115.5 43.5 -0.108236
-115 43.5 -0.0818503
-114.5 43.5 -0.0551954
-114 43.5 -0.12418
-113.5 43.5 -0.11442
-113 43.5 -0.140542
-112.5 43.5 -0.118953
-112 43.5 -0.105229
-111.5 43.5 -0.110372
-111 43.5 -0.125819
-110.5 43.5 -0.140088
-110 43.5 -0.137378
-109.5 43.5 -0.117572
-109 43.5 -0.127009
-108.5 43.5 -0.220907
-108 43.5 0.257731
-107.5 43.5 -0.094217
-107 43.5 -0.167324
-106.5 43.5 -0.23798
-106 43.5 -0.164861
-105.5 43.5 -0.163446
-105 43.5 -0.113024
-104.5 43.5 -0.185824
-95.5 43.5 0.185816
-95 43.5 0.112967
-94.5 43.5 0.163393
-94 43.5 0.164836
-93.5 43.5 0.238028
-93 43.5 0.167293
-92.5 43.5 0.0941635
-92 43.5 -0.257731
-91.5 43.5 0.219801
-91 43.5 0.125217
-90.5 43.5 0.118682
-90 43.5 0.137333
-89.5 43.5 0.140058
-89 43.5 0.125848
-88.5 43.5 0.110431
-88 43.5 0.105229
-87.5 43.5 0.118953
-87 43.5 0.140542
-86.5 43.5 0.11442
-86 43.5 0.12424
-85.5 43.5 0.0551954
-85 43.5 0.0817895
-84.5 43.5 0.108175
-84 43.5 0.074586
-83.5 43.5 0.0379142
-83 43.5 0.121999
-82.5 43.5 -0.0143803
-82 43.5 0.0309652
-81.5 43.5 -0.0113119
-81 43.5 0.204692
-119 44 -0.451454
-118.5 44 -0.0525694
-118 44 -0.235917
-117.5 44 0.0292346
-117 44 -0.0919555
-116.5 44 -0.0138362
-116 44 -0.111831
-115.5 44 -0.101497
-115 44 -0.1259
-114.5 44 -0.0732992
-114 44 -0.116122
-113.5 44 -0.0944429
-113 44 -0.153454
-112.5 44 -0.153769
-112 44 -0.143873
-111.5 44 -0.130371
-111 44 -0.128086
-110.5 44 -0.136557
-110 44 -0.14509
-109.5 44 -0.140257
-109 44 -0.14846
-108.5 44 0.227443
-108 44 -0.166219
-107.5 44 -0.143342
-107 44 -0.235602
-106.5 44 -0.159515
-106 44 -0.163883
-105.5 44 -0.19862
-105 44 -0.265789
-104.5 44 -0.170888
-104 44 -0.164626
-103.5 44 -0.278152
-96.5 44 0.27817
-96 44 0.164626
-95.5 44 0.170983
-95 44 0.265841
-94.5 44 0.19862
-94 44 0.163839
-93.5 44 0.159541
-93 44 0.235652
-92.5 44 0.143344
-92 44 0.166157
-91.5 44 -0.22749
-91 44 0.146689
-90.5 44 0.140276
-90 44 0.145193
-89.5 44 0.136557
-89 44 0.127003
-88.5 44 0.132281
-88 44 0.144846
-87.5 44 0.153769
-87 44 0.153454
-86.5 44 0.0944175
-86 44 0.116122
-85.5 44 0.0733221
-85 44 0.1259
-84.5 44 0.101558
-84 44 0.111892
-83.5 44 0.0144423
-83 44 0.0898374
-82.5 44 -0.0298193
-82 44 0.235856
-81.5 44 0.0524784
-81 44 0.258946
-119 44.5 -0.319723
-118.5 44.5 -0.00725629
-118 44.5 -0.224283
-117.5 44.5 -0.0205601
-117 44.5 -0.202229
-116.5 44.5 -0.122774
-116 44.5 -0.185957
-115.5 44.5 -0.0800176
-115 44.5 -0.181078
-114.5 44.5 -0.11098
-114 44.5 -0.131268
-113.5 44.5 -0.0832859
-113 44.5 -0.107007
-112.5 44.5 -0.148035
-112 44.5 -0.16896
-111.5 44.5 -0.183702
-111 44.5 -0.157399
-110.5 44.5 -0.138148
-110 44.5 -0.126705
-109.5 44.5 -0.140487
-109 44.5 -0.157034
-108.5 44.5 -0.169325
-108 44.5 -0.174159
-107.5 44.5 -0.174788
-107 44.5 -0.625511
-106.5 44.5 -0.172426
-106 44.5 -0.190482
-105.5 44.5 -0.214851
-105 44.5 -0.0378344
-104.5 44.5 -0.143095
-104 44.5 -0.350162
-103.5 44.5 -0.137356
-103 44.5 -0.115837
-102.5 44.5 -0.330087
-97.5 44.5 0.330087
-97 44.5 0.116791
-96.5 44.5 0.137377
-96 44.5 0.350055
-95.5 44.5 0.143007
-95 44.5 0.037867
-94.5 44.5 0.214914
-94 44.5 0.190429
-93.5 44.5 0.172416
-93 44.5 0.625559
-92.5 44.5 0.174861
-92 44.5 0.174207
-91.5 44.5 0.16932
-91 44.5 0.153471
-90.5 44.5 0.140389
-90 44.5 0.126685
-89.5 44.5 0.138168
-89 44.5 0.15618
-88.5 44.5 0.181836
-88 44.5 0.170123
-87.5 44.5 0.148035
-87 44.5 0.107007
-86.5 44.5 0.0832859
-86 44.5 0.131209
-85.5 44.5 0.11098
-85 44.5 0.180993
-84.5 44.5 0.0799935
-84 44.5 0.18598
-83.5 44.5 0.123536
-83 44.5 0.204226
-82.5 44.5 0.0200182
-82 44.5 0.224343
-81.5 44.5 0.00737854
-81 44.5 0.057106
-119 45 -0.286809
-118.5 45 0.0946453
-118 45 -0.0957226
-117.5 45 -0.00361089
-117 45 -0.163445
-116.5 45 -0.0546703
-116 45 -0.13874
-115.5 45 -0.110162
-115 45 -0.167687
-114.5 45 -0.15038
-114 45 -0.205902
-113.5 45 -0.179377
-113 45 -0.132373
-112.5 45 -0.128702
-112 45 -0.126369
-111.5 45 -0.161854
-111 45 -0.171977
-110.5 45 -0.179787
-110 45 -0.171361
-109.5 45 -0.1643
-109 45 -0.154181
-108.5 45 -0.149339
-108 45 -0.161735
-107.5 45 -0.59962
-107 45 -0.13343
-106.5 45 -0.105521
-106 45 -0.164747
-105.5 45 -0.119465
-105 45 -0.303975
-104.5 45 -0.299895
-104 45 -0.0661178
-103.5 45 -0.107768
-103 45 -0.276016
-102.5 45 -0.325731
-102 45 -0.1805
-101.5 45 0.11255
-101 45 0.0949347
-100.5 45 -0.0507305
-100 45 0
-99.5 45 0.0506453
-99 45 -0.0950264
-98.5 45 -0.112471
-98 45 0.180584
-97.5 45 0.323019
-97 45 0.276016
-96.5 45 0.11036
-96 45 0.0661178
-95.5 45 0.299841
-95 45 0.303956
-94.5 45 0.119498
-94 45 0.164736
-93.5 45 0.10544
-93 45 0.133407
-92.5 45 0.599624
-92 45 0.161737
-91.5 45 0.152759
-91 45 0.154231
-90.5 45 0.161216
-90 45 0.171312
-89.5 45 0.179787
-89 45 0.171977
-88.5 45 0.159989
-88 45 0.126369
-87.5 45 0.128738
-87 45 0.132373
-86.5 45 0.179377
-86 45 0.205902
-85.5 45 0.15041
-85 45 0.167687
-84.5 45 0.110076
-84 45 0.138681
-83.5 45 0.0546703
-83 45 0.165461
-82.5 45 0.00361089
-82 45 0.0957226
-81.5 45 -0.0946453
-81 45 -0.0949324
-119 45.5 -0.71003
-118.5 45.5 -0.0231703
-118 45.5 -0.305148
-117.5 45.5 -0.0101286
-117 45.5 -0.226495
-116.5 45.5 -0.152179
-116 45.5 -0.121351
-115.5 45.5 -0.0757633
-115 45.5 -0.104961
-114.5 45.5 -0.119086
-114 45.5 -0.0758505
-113.5 45.5 -0.145016
-113 45.5 -0.156615
-112.5 45.5 -0.197472
-112 45.5 -0.197711
-111.5 45.5 -0.175317
-111 45.5 -0.15573
-110.5 45.5 -0.14765
-110 45.5 -0.155961
-109.5 45.5 -0.176063
-109 45.5 -0.195443
-108.5 45.5 -0.192277
-108 45.5 -0.193799
-107.5 45.5 -0.179394
-107 45.5 -0.171057
-106.5 45.5 -0.0407001
-106 45.5 -0.04956
-105.5 45.5 -0.369719
-105 45.5 -0.146584
-104.5 45.5 -0.0759087
-104 45.5 -0.300954
-103.5 45.5 -0.314124
-103 45.5 -0.0604659
-102.5 45.5 -0.0273947
-102 45.5 -0.170617
-101.5 45.5 -0.0911306
-101 45.5 -0.0527303
-100.5 45.5 -0.0725712
-100 45.5 0
-99.5 45.5 0.0725691
-99 45.5 0.0527218
-98.5 45.5 0.0911179
-98 45.5 0.170626
-97.5 45.5 0.0273947
-97 45.5 0.0596724
-96.5 45.5 0.314163
-96 45.5 0.300969
-95.5 45.5 0.0758718
-95 45.5 0.146602
-94.5 45.5 0.369719
-94 45.5 0.04958
-93.5 45.5 0.0406791
-93 45.5 0.171035
-92.5 45.5 0.179371
-92 45.5 0.193799
-91.5 45.5 0.192277
-91 45.5 0.198747
-90.5 45.5 0.176089
-90 45.5 0.155961
-89.5 45.5 0.145914
-89 45.5 0.15573
-88.5 45.5 0.175317
-88 45.5 0.197657
-87.5 45.5 0.197472
-87 45.5 0.156615
-86.5 45.5 0.145016
-86 45.5 0.0758505
-85.5 45.5 0.119086
-85 45.5 0.105019
-84.5 45.5 0.0757633
-84 45.5 0.121351
-83.5 45.5 0.152179
-83 45.5 0.226495
-82.5 45.5 0.0100696
-82 45.5 0.305148
-81.5 45.5 0.0231101
-81 45.5 0.213702
-119 46 -0.393282
-118.5 46 0.0179704
-118 46 -0.360878
-117.5 46 -0.0236414
-117 46 -0.370756
-116.5 46 -0.249747
-116 46 -0.265957
-115.5 46 -0.307684
-115 46 -0.232313
-114.5 46 -0.184217
-114 46 -0.0978211
-113.5 46 -0.14422
-113 46 -0.103393
-112.5 46 -0.103812
-112 46 -0.10869
-111.5 46 -0.113489
-111 46 -0.168552
-110.5 46 -0.201725
-110 46 -0.209115
-109.5 46 -0.186082
-109 46 -0.144052
-108.5 46 -0.131338
-108 46 -0.157952
-107.5 46 -0.190894
-107 46 -0.228181
-106.5 46 -0.232471
-106 46 -0.409666
-105.5 46 0.0152976
-105 46 0.0781051
-104.5 46 -0.2878
-104 46 0.00373145
-103.5 46 -0.10176
-103 46 -0.0787816
-102.5 46 -0.281993
-102 46 -0.264078
-101.5 46 -0.0533207
-101 46 -0.0791052
-100.5 46 -0.000620409
-100 46 4.43648e-05
-99.5 46 0.000620409
-99 46 0.0790612
-98.5 46 0.0532771
-98 46 0.264078
-97.5 46 0.282035
-97 46 0.0787816
-96.5 46 0.10176
-96 46 -0.00371722
-95.5 46 0.287762
-95 46 -0.0781051
-94.5 46 -0.0152619
-94 46 0.409666
-93.5 46 0.232471
-93 46 0.228181
-92.5 46 0.190894
-92 46 0.157952
-91.5 46 0.131338
-91 46 0.144052
-90.5 46 0.186082
-90 46 0.210841
-89.5 46 0.201725
-89 46 0.166959
-88.5 46 0.113489
-88 46 0.10869
-87.5 46 0.103812
-87 46 0.103393
-86.5 46 0.14422
-86 46 0.0978211
-85.5 46 0.184217
-85 46 0.232313
-84.5 46 0.307627
-84 46 0.265957
-83.5 46 0.249747
-83 46 0.370756
-82.5 46 0.0236414
-82 46 0.360878
-81.5 46 -0.0180297
-81 46 -0.153324
-119 46.5 -0.154825
-118.5 46.5 0.259804
-118 46.5 0.00719644
-117.5 46.5 0.287249
-117 46.5 0.0580871
-116.5 46.5 0.110551
-116 46.5 0.0141435
-115.5 46.5 -0.14291
-115 46.5 -0.0771773
-114.5 46.5 -0.227601
-114 46.5 -0.210453
-113.5 46.5 -0.229239
-113 46.5 -0.228358
-112.5 46.5 -0.245487
-112 46.5 -0.274891
-111.5 46.5 -0.252477
-111 46.5 -0.202594
-110.5 46.5 -0.146199
-110 46.5 -0.136599
-109.5 46.5 -0.149537
-109 46.5 -0.206587
-108.5 46.5 -0.248821
-108 46.5 -0.249075
-107.5 46.5 -0.217811
-107 46.5 -0.147039
-106.5 46.5 -0.103166
-106 46.5 -0.110796
-105.5 46.5 -0.108443
-105 46.5 -0.293069
-104.5 46.5 0.344351
-104 46.5 0.0177904
-103.5 46.5 -0.617411
-103 46.5 -0.181321
-102.5 46.5 -0.199368
-102 46.5 -0.00402758
-101.5 46.5 -0.0521505
-101 46.5 -0.029691
-100.5 46.5 -0.0260831
-100 46.5 0
-99.5 46.5 0.0260849
-99 46.5 0.029691
-98.5 46.5 0.0521505
-98 46.5 0.00402044
-97.5 46.5 0.199368
-97 46.5 0.181321
-96.5 46.5 0.617423
-96 46.5 -0.0177904
-95.5 46.5 -0.344366
-95 46.5 0.293053
-94.5 46.5 0.108443
-94 46.5 0.110796
-93.5 46.5 0.103166
-93 46.5 0.147039
-92.5 46.5 0.217811
-92 46.5 0.249075
-91.5 46.5 0.248821
-91 46.5 0.206587
-90.5 46.5 0.149537
-90 46.5 0.136599
-89.5 46.5 0.147834
-89 46.5 0.202594
-88.5 46.5 0.252477
-88 46.5 0.274891
-87.5 46.5 0.245487
-87 46.5 0.228358
-86.5 46.5 0.229239
-86 46.5 0.210453
-85.5 46.5 0.227601
-85 46.5 0.0772158
-84.5 46.5 0.14291
-84 46.5 -0.0141792
-83.5 46.5 -0.110551
-83 46.5 -0.0580871
-82.5 46.5 -0.287249
-82 46.5 -0.00710646
-81.5 46.5 -0.267543
-81 46.5 -0.569985
-119 47 -1.29132
-118.5 47 -0.554112
-118 47 -1.08465
-117.5 47 -0.330496
-117 47 -0.308631
-116.5 47 -0.233226
-116 47 -0.0611828
-115.5 47 -0.0360192
-115 47 0.0483198
-114.5 47 -0.0473543
-114 47 -0.0614912
-113.5 47 -0.16017
-113 47 -0.157153
-112.5 47 -0.144141
-112 47 -0.0775722
-111.5 47 -0.0530978
-111 47 -0.112387
-110.5 47 -0.192947
-110 47 -0.21636
-109.5 47 -0.205084
-109 47 -0.183064
-108.5 47 -0.150939
-108 47 -0.141429
-107.5 47 -0.157686
-107 47 -0.202919
-106.5 47 -0.160982
-106 47 -0.231307
-105.5 47 -0.299152
-105 47 -0.292407
-104.5 47 -0.247555
-104 47 -0.397377
-103.5 47 -0.222891
-103 47 -0.196372
-102.5 47 0.591123
-102 47 0.287251
-101.5 47 -0.435143
-101 47 0.00332613
-100.5 47 -0.0370419
-100 47 0
-99.5 47 0.0370419
-99 47 -0.00332949
-98.5 47 0.435143
-98 47 -0.287251
-97.5 47 -0.591123
-97 47 0.196329
-96.5 47 0.222891
-96 47 0.39746
-95.5 47 0.247555
-95 47 0.292367
-94.5 47 0.299152
-94 47 0.231307
-93.5 47 0.160982
-93 47 0.202919
-92.5 47 0.157686
-92 47 0.141429
-91.5 47 0.150939
-91 47 0.183064
-90.5 47 0.205084
-90 47 0.21636
-89.5 47 0.192947
-89 47 0.112387
-88.5 47 0.0530978
-88 47 0.0775722
-87.5 47 0.144141
-87 47 0.157153
-86.5 47 0.16017
-86 47 0.0614912
-85.5 47 0.0473543
-85 47 -0.0483198
-84.5 47 0.0360751
-84 47 0.0611828
-83.5 47 0.233226
-83 47 0.308574
-82.5 47 0.330518
-82 47 1.0893
-81.5 47 0.554202
-81 47 0.388796
-119 47.5 0.404711
-118.5 47.5 0.164995
-118 47.5 -0.214143
-117.5 47.5 0.219255
-117 47.5 -0.412294
-116.5 47.5 -0.545292
-116 47.5 -0.4921
-115.5 47.5 -0.518164
-115 47.5 -0.577546
-114.5 47.5 -0.580316
-114 47.5 -0.525185
-113.5 47.5 -0.459414
-113 47.5 -0.425544
-112.5 47.5 -0.348025
-112 47.5 -0.323322
-111.5 47.5 -0.306245
-111 47.5 -0.278831
-110.5 47.5 -0.235552
-110 47.5 -0.197088
-109.5 47.5 -0.139606
-109 47.5 -0.127186
-108.5 47.5 -0.171943
-108 47.5 -0.117725
-107.5 47.5 -0.149372
-107 47.5 0.022681
-106.5 47.5 -0.0536847
-106 47.5 -0.300451
-105.5 47.5 -0.115218
-105 47.5 -0.00793332
-104.5 47.5 -0.0944603
-104 47.5 -0.0834786
-103.5 47.5 -0.0380042
-103 47.5 0.0162902
-102.5 47.5 -0.0106322
-102 47.5 -0.174864
-101.5 47.5 -0.10822
-101 47.5 -0.0896115
-100.5 47.5 -0.0311124
-100 47.5 0
-99.5 47.5 0.0311577
-99 47.5 0.0896115
-98.5 47.5 0.108174
-98 47.5 0.174864
-97.5 47.5 0.0106322
-97 47.5 -0.0162902
-96.5 47.5 0.0379936
-96 47.5 0.0834786
-95.5 47.5 0.0944735
-95 47.5 0.00793332
-94.5 47.5 0.115218
-94 47.5 0.300451
-93.5 47.5 0.0536847
-93 47.5 -0.022681
-92.5 47.5 0.149372
-92 47.5 0.117725
-91.5 47.5 0.171943
-91 47.5 0.127186
-90.5 47.5 0.139606
-90 47.5 0.197088
-89.5 47.5 0.235552
-89 47.5 0.278831
-88.5 47.5 0.306245
-88 47.5 0.323322
-87.5 47.5 0.347975
-87 47.5 0.425493
-86.5 47.5 0.459414
-86 47.5 0.525185
-85.5 47.5 0.580316
-85 47.5 0.577492
-84.5 47.5 0.518164
-84 47.5 0.4921
-83.5 47.5 0.545387
-83 47.5 0.410414
-82.5 47.5 -0.219328
-82 47.5 0.214123
-81.5 47.5 -0.157505
-81 47.5 -1.16485
-119 48 -0.494664
-118.5 48 0.412607
-118 48 0.291316
-117.5 48 0.736275
-117 48 0.585078
-116.5 48 0.715055
-116 48 0.826537
-115.5 48 0.7085
-115 48 0.596294
-114.5 48 0.508844
-114 48 0.574902
-113.5 48 0.508752
-113 48 0.314185
-112.5 48 0.257402
-112 48 0.290828
-111.5 48 0.155769
-111 48 -0.0117499
-110.5 48 -0.0992579
-110 48 -0.0967538
-109.5 48 -0.167895
-109 48 -0.285233
-108.5 48 -0.204458
-108 48 -0.250751
-107.5 48 -0.39014
-107 48 -0.378866
-106.5 48 -0.403152
-106 48 -0.322559
-105.5 48 -0.293274
-105 48 -0.316962
-104.5 48 -0.296131
-104 48 -0.266138
-103.5 48 0.0185321
-103 48 0.123428
-102.5 48 -0.493616
-102 48 -0.539421
-101.5 48 -0.129499
-101 48 -0.0958369
-100.5 48 -0.0355507
-100 48 0
-99.5 48 0.0355507
-99 48 0.0958398
-98.5 48 0.129499
-98 48 0.539421
-97.5 48 0.493616
-97 48 -0.123437
-96.5 48 -0.0185321
-96 48 0.266138
-95.5 48 0.296131
-95 48 0.316962
-94.5 48 0.293274
-94 48 0.322559
-93.5 48 0.403152
-93 48 0.378866
-92.5 48 0.39014
-92 48 0.250751
-91.5 48 0.204458
-91 48 0.285233
-90.5 48 0.167895
-90 48 0.0967538
-89.5 48 0.0992579
-89 48 0.0117499
-88.5 48 -0.155769
-88 48 -0.290771
-87.5 48 -0.257347
-87 48 -0.314188
-86.5 48 -0.508804
-86 48 -0.574902
-85.5 48 -0.508795
-85 48 -0.596294
-84.5 48 -0.708546
-84 48 -0.826637
-83.5 48 -0.713634
-83 48 -0.584979
-82.5 48 -0.737648
-82 48 -0.291433
-81.5 48 -0.412569
-81 48 -1.17103
-119 48.5 -2.2426
-118.5 48.5 -1.22732
-118 48.5 -2.08859
-117.5 48.5 -1.10912
-117 48.5 -1.33292
-116.5 48.5 -1.38233
-116 48.5 -1.27706
-115.5 48.5 -1.36846
-115 48.5 -1.4911
-114.5 48.5 -1.33958
-114 48.5 -1.2554
-113.5 48.5 -1.40122
-113 48.5 -1.35501
-112.5 48.5 -1.05919
-112 48.5 -0.90233
-111.5 48.5 -0.985505
-111 48.5 -0.8266
-110.5 48.5 -0.615923
-110 48.5 -0.376928
-109.5 48.5 -0.368978
-109 48.5 -0.156347
-108.5 48.5 -0.0811664
-108 48.5 -0.111723
-107.5 48.5 0.017167
-107 48.5 0.0587149
-106.5 48.5 0.126112
-106 48.5 0.149571
-105.5 48.5 0.135756
-105 48.5 0.132776
-104.5 48.5 0.120857
-104 48.5 0.076965
-103.5 48.5 0.0533285
-103 48.5 0.0285419
-102.5 48.5 0.0269856
-102 48.5 0.0201375
-101.5 48.5 0.00347782
-101 48.5 -0.00193958
-100.5 48.5 0.0107704
-100 48.5 0
-99.5 48.5 -0.0107704
-99 48.5 0.00193958
-98.5 48.5 -0.00347782
-98 48.5 -0.0201375
-97.5 48.5 -0.0269399
-97 48.5 -0.0285419
-96.5 48.5 -0.0533733
-96 48.5 -0.076965
-95.5 48.5 -0.120857
-95 48.5 -0.13364
-94.5 48.5 -0.135756
-94 48.5 -0.149571
-93.5 48.5 -0.126112
-93 48.5 -0.0587149
-92.5 48.5 -0.017167
-92 48.5 0.111723
-91.5 48.5 0.0811664
-91 48.5 0.156347
-90.5 48.5 0.368978
-90 48.5 0.376928
-89.5 48.5 0.615923
-89 48.5 0.825125
-88.5 48.5 0.985459
-88 48.5 0.90233
-87.5 48.5 1.05918
-87 48.5 1.35506
-86.5 48.5 1.40127
-86 48.5 1.2554
-85.5 48.5 1.33953
-85 48.5 1.4912
-84.5 48.5 1.36856
-84 48.5 1.27706
-83.5 48.5 1.38217
-83 48.5 1.33466
-82.5 48.5 1.10917
-82 48.5 2.08859
-81.5 48.5 1.22593
-81 48.5 0.920951
-119 49 -1.42863
-118.5 49 -2.46492
-118 49 -2.991
-117.5 49 -2.67185
-117 49 -3.34151
-116.5 49 -3.44148
-116 49 -3.36867
-115.5 49 -3.34298
-115 49 -3.11174
-114.5 49 -2.77925
-114 49 -2.57327
-113.5 49 -2.109
-113 49 -1.68579
-112.5 49 -1.26311
-112 49 -0.868739
-111.5 49 -0.464997
-111 49 -0.0962349
-110.5 49 0.488734
-110 49 0.782381
-109.5 49 0.828664
-109 49 1.07614
-108.5 49 1.10557
-108 49 1.11529
-107.5 49 1.0697
-107 49 0.962192
-106.5 49 0.851508
-106 49 0.775185
-105.5 49 0.699428
-105 49 0.582227
-104.5 49 0.355613
-104 49 0.204004
-103.5 49 0.168654
-103 49 0.182798
-102.5 49 0.157129
-102 49 0.0692833
-101.5 49 0.098805
-101 49 0.0756792
-100.5 49 0.0336843
-100 49 0
-99.5 49 -0.0336843
-99 49 -0.0753171
-98.5 49 -0.0980034
-98 49 -0.0675148
-97.5 49 -0.154045
-97 49 -0.179116
-96.5 49 -0.165006
-96 49 -0.19989
-95.5 49 -0.348792
-95 49 -0.57797
-94.5 49 -0.697665
-94 49 -0.77218
-93.5 49 -0.850438
-93 49 -0.965558
-92.5 49 -1.0792
-92 49 -1.13387
-91.5 49 -1.13507
-91 49 -1.11713
-90.5 49 -0.877536
-90 49 -0.836334
-89.5 49 -0.542708
-89 49 0.0365608
-88.5 49 0.403888
-88 49 0.809141
-87.5 49 1.20568
-87 49 1.63373
-86.5 49 2.06267
-86 49 2.53398
-85.5 49 2.74545
-85 49 3.08531
-84.5 49 3.33049
-84 49 3.3863
-83.5 49 3.49813
-83 49 3.43846
-82.5 49 2.78666
-82 49 3.09908
-81.5 49 2.56981
-81 49 0.260104
