-119 25 1.12689
-118.5 25 -0.0465235
-118 25 0.179809
-117.5 25 0.504374
-117 25 0.322972
-116.5 25 0.425863
-116 25 0.450043
-115.5 25 0.462976
-115 25 0.491404
-114.5 25 0.511603
-114 25 0.523881
-113.5 25 0.535669
-113 25 0.52092
-112.5 25 0.528529
-112 25 0.513861
-111.5 25 0.502945
-111 25 0.509107
-110.5 25 0.488642
-110 25 0.469686
-109.5 25 0.457729
-109 25 0.442712
-108.5 25 0.416933
-108 25 0.389819
-107.5 25 0.359317
-107 25 0.332624
-106.5 25 0.323342
-106 25 0.294965
-105.5 25 0.281026
-105 25 0.255184
-104.5 25 0.216809
-104 25 0.191834
-103.5 25 0.165385
-103 25 0.140667
-102.5 25 0.115891
-102 25 0.0958842
-101.5 25 0.0689079
-101 25 0.0445213
-100.5 25 0.0260776
-100 25 0
-99.5 25 -0.0260776
-99 25 -0.046685
-98.5 25 -0.0688424
-98 25 -0.0937289
-97.5 25 -0.115956
-97 25 -0.140667
-96.5 25 -0.165385
-96 25 -0.191834
-95.5 25 -0.216809
-95 25 -0.255184
-94.5 25 -0.281026
-94 25 -0.294965
-93.5 25 -0.323342
-93 25 -0.332624
-92.5 25 -0.359317
-92 25 -0.389819
-91.5 25 -0.416933
-91 25 -0.442712
-90.5 25 -0.457729
-90 25 -0.471569
-89.5 25 -0.488642
-89 25 -0.50723
-88.5 25 -0.502945
-88 25 -0.513861
-87.5 25 -0.528529
-87 25 -0.52092
-86.5 25 -0.535669
-86 25 -0.523881
-85.5 25 -0.511603
-85 25 -0.491404
-84.5 25 -0.462976
-84 25 -0.448869
-83.5 25 -0.425863
-83 25 -0.322972
-82.5 25 -0.504374
-82 25 -0.178476
-81.5 25 0.0465235
-81 25 -0.483994
-119 25.5 0.855815
-118.5 25.5 -0.376984
-118 25.5 -0.491361
-117.5 25.5 -0.0977168
-117 25.5 -0.273179
-116.5 25.5 -0.199325
-116 25.5 -0.141442
-115.5 25.5 -0.15311
-115 25.5 -0.102713
-114.5 25.5 -0.069113
-114 25.5 -0.032424
-113.5 25.5 0.0328063
-113 25.5 0.0572428
-112.5 25.5 0.0679166
-112 25.5 0.104691
-111.5 25.5 0.129943
-111 25.5 0.155654
-110.5 25.5 0.176439
-110 25.5 0.200626
-109.5 25.5 0.207014
-109 25.5 0.235128
-108.5 25.5 0.254888
-108 25.5 0.253951
-107.5 25.5 0.260211
-107 25.5 0.259053
-106.5 25.5 0.248627
-106 25.5 0.234845
-105.5 25.5 0.226664
-105 25.5 0.214917
-104.5 25.5 0.196536
-104 25.5 0.180058
-103.5 25.5 0.161351
-103 25.5 0.138503
-102.5 25.5 0.115964
-102 25.5 0.0951399
-101.5 25.5 0.0722652
-101 25.5 0.0480324
-100.5 25.5 0.0249452
-100 25.5 0
-99.5 25.5 -0.0249452
-99 25.5 -0.0480324
-98.5 25.5 -0.0721093
-98 25.5 -0.0951462
-97.5 25.5 -0.115964
-97 25.5 -0.138503
-96.5 25.5 -0.161351
-96 25.5 -0.180058
-95.5 25.5 -0.196536
-95 25.5 -0.214917
-94.5 25.5 -0.226664
-94 25.5 -0.234845
-93.5 25.5 -0.248627
-93 25.5 -0.259053
-92.5 25.5 -0.260211
-92 25.5 -0.253951
-91.5 25.5 -0.254888
-91 25.5 -0.235128
-90.5 25.5 -0.207014
-90 25.5 -0.200598
-89.5 25.5 -0.175459
-89 25.5 -0.155654
-88.5 25.5 -0.13
-88 25.5 -0.105739
-87.5 25.5 -0.0679166
-87 25.5 -0.0572428
-86.5 25.5 -0.0328063
-86 25.5 0.032424
-85.5 25.5 0.069113
-85 25.5 0.102713
-84.5 25.5 0.15311
-84 25.5 0.141442
-83.5 25.5 0.199325
-83 25.5 0.273179
-82.5 25.5 0.0977168
-82 25.5 0.491361
-81.5 25.5 0.376984
-81 25.5 -0.576029
-119 26 1.43991
-118.5 26 0.348526
-118 26 0.265914
-117.5 26 0.533702
-117 26 0.328637
-116.5 26 0.364083
-116 26 0.374037
-115.5 26 0.318114
-115 26 0.292071
-114.5 26 0.294698
-114 26 0.274152
-113.5 26 0.271541
-113 26 0.284248
-112.5 26 0.25516
-112 26 0.240866
-111.5 26 0.235434
-111 26 0.228696
-110.5 26 0.196691
-110 26 0.196168
-109.5 26 0.187809
-109 26 0.151879
-108.5 26 0.170621
-108 26 0.168734
-107.5 26 0.140158
-107 26 0.144636
-106.5 26 0.162859
-106 26 0.147866
-105.5 26 0.126831
-105 26 0.129268
-104.5 26 0.119434
-104 26 0.10716
-103.5 26 0.0969065
-103 26 0.0790804
-102.5 26 0.0651859
-102 26 0.0589102
-101.5 26 0.0449395
-101 26 0.0290962
-100.5 26 0.0156737
-100 26 0
-99.5 26 -0.0156737
-99 26 -0.0290962
-98.5 26 -0.0449395
-98 26 -0.0589102
-97.5 26 -0.0651859
-97 26 -0.0790804
-96.5 26 -0.0969065
-96 26 -0.10716
-95.5 26 -0.119434
-95 26 -0.129268
-94.5 26 -0.126831
-94 26 -0.147866
-93.5 26 -0.162859
-93 26 -0.144636
-92.5 26 -0.140158
-92 26 -0.168734
-91.5 26 -0.170621
-91 26 -0.151879
-90.5 26 -0.18775
-90 26 -0.196168
-89.5 26 -0.19672
-89 26 -0.228726
-88.5 26 -0.236274
-88 26 -0.240866
-87.5 26 -0.253324
-87 26 -0.284248
-86.5 26 -0.271541
-86 26 -0.274152
-85.5 26 -0.294698
-85 26 -0.292071
-84.5 26 -0.318114
-84 26 -0.374037
-83.5 26 -0.364083
-83 26 -0.329895
-82.5 26 -0.533702
-82 26 -0.265914
-81.5 26 -0.348526
-81 26 -1.07215
-119 26.5 1.23077
-118.5 26.5 0.259061
-118 26.5 0.111242
-117.5 26.5 0.42439
-117 26.5 0.246604
-116.5 26.5 0.307226
-116 26.5 0.301847
-115.5 26.5 0.295632
-115 26.5 0.297272
-114.5 26.5 0.277506
-114 26.5 0.269114
-113.5 26.5 0.265635
-113 26.5 0.27729
-112.5 26.5 0.283202
-112 26.5 0.265419
-111.5 26.5 0.279369
-111 26.5 0.283273
-110.5 26.5 0.272454
-110 26.5 0.267559
-109.5 26.5 0.274242
-109 26.5 0.258237
-108.5 26.5 0.240427
-108 26.5 0.235265
-107.5 26.5 0.220512
-107 26.5 0.202712
-106.5 26.5 0.191563
-106 26.5 0.185157
-105.5 26.5 0.16779
-105 26.5 0.15764
-104.5 26.5 0.147031
-104 26.5 0.135053
-103.5 26.5 0.12095
-103 26.5 0.104843
-102.5 26.5 0.0887697
-102 26.5 0.0732567
-101.5 26.5 0.0542448
-101 26.5 0.0353024
-100.5 26.5 0.0179385
-100 26.5 0
-99.5 26.5 -0.0179385
-99 26.5 -0.0353024
-98.5 26.5 -0.0542448
-98 26.5 -0.0732567
-97.5 26.5 -0.0890486
-97 26.5 -0.104843
-96.5 26.5 -0.12095
-96 26.5 -0.135053
-95.5 26.5 -0.147031
-95 26.5 -0.15764
-94.5 26.5 -0.16779
-94 26.5 -0.185157
-93.5 26.5 -0.191563
-93 26.5 -0.202712
-92.5 26.5 -0.220512
-92 26.5 -0.235265
-91.5 26.5 -0.240427
-91 26.5 -0.258237
-90.5 26.5 -0.274242
-90 26.5 -0.26753
-89.5 26.5 -0.272454
-89 26.5 -0.282441
-88.5 26.5 -0.279369
-88 26.5 -0.266172
-87.5 26.5 -0.283202
-87 26.5 -0.27729
-86.5 26.5 -0.265635
-86 26.5 -0.269114
-85.5 26.5 -0.277506
-85 26.5 -0.297272
-84.5 26.5 -0.295632
-84 26.5 -0.301847
-83.5 26.5 -0.307492
-83 26.5 -0.246604
-82.5 26.5 -0.422805
-82 26.5 -0.111242
-81.5 26.5 -0.257519
-81 26.5 -0.983749
-119 27 1.14269
-118.5 27 0.298478
-118 27 0.115561
-117.5 27 0.390673
-117 27 0.200772
-116.5 27 0.291397
-116 27 0.289404
-115.5 27 0.262684
-115 27 0.265404
-114.5 27 0.284827
-114 27 0.269477
-113.5 27 0.271455
-113 27 0.269463
-112.5 27 0.286283
-112 27 0.270069
-111.5 27 0.241029
-111 27 0.247675
-110.5 27 0.265815
-110 27 0.25534
-109.5 27 0.251774
-109 27 0.26062
-108.5 27 0.253788
-108 27 0.249037
-107.5 27 0.235767
-107 27 0.220456
-106.5 27 0.198928
-106 27 0.190785
-105.5 27 0.177038
-105 27 0.158224
-104.5 27 0.152267
-104 27 0.138987
-103.5 27 0.116662
-103 27 0.101396
-102.5 27 0.0918566
-102 27 0.0819589
-101.5 27 0.0629386
-101 27 0.0324763
-100.5 27 0.0133647
-100 27 0
-99.5 27 -0.0133647
-99 27 -0.0324763
-98.5 27 -0.0629386
-98 27 -0.0841647
-97.5 27 -0.0918566
-97 27 -0.0992154
-96.5 27 -0.116662
-96 27 -0.138987
-95.5 27 -0.152267
-95 27 -0.158224
-94.5 27 -0.177038
-94 27 -0.190785
-93.5 27 -0.198928
-93 27 -0.220456
-92.5 27 -0.235767
-92 27 -0.249037
-91.5 27 -0.253788
-91 27 -0.26062
-90.5 27 -0.251774
-90 27 -0.25534
-89.5 27 -0.267689
-89 27 -0.247675
-88.5 27 -0.240319
-88 27 -0.271188
-87.5 27 -0.286283
-87 27 -0.269463
-86.5 27 -0.271455
-86 27 -0.269477
-85.5 27 -0.284827
-85 27 -0.265404
-84.5 27 -0.262684
-84 27 -0.287687
-83.5 27 -0.291397
-83 27 -0.201133
-82.5 27 -0.390673
-82 27 -0.115561
-81.5 27 -0.298478
-81 27 -1.00599
-119 27.5 1.07974
-118.5 27.5 0.301848
-118 27.5 0.0865218
-117.5 27.5 0.41526
-117 27.5 0.2327
-116.5 27.5 0.314781
-116 27.5 0.281778
-115.5 27.5 0.298039
-115 27.5 0.286374
-114.5 27.5 0.28338
-114 27.5 0.277573
-113.5 27.5 0.260893
-113 27.5 0.269659
-112.5 27.5 0.275815
-112 27.5 0.281425
-111.5 27.5 0.267993
-111 27.5 0.230492
-110.5 27.5 0.233524
-110 27.5 0.253804
-109.5 27.5 0.251599
-109 27.5 0.248792
-108.5 27.5 0.227674
-108 27.5 0.22005
-107.5 27.5 0.231229
-107 27.5 0.223031
-106.5 27.5 0.210843
-106 27.5 0.19901
-105.5 27.5 0.186854
-105 27.5 0.171922
-104.5 27.5 0.160211
-104 27.5 0.145717
-103.5 27.5 0.123915
-103 27.5 0.105492
-102.5 27.5 0.0908776
-102 27.5 0.0725761
-101.5 27.5 0.0541136
-101 27.5 0.0371391
-100.5 27.5 0.019185
-100 27.5 0
-99.5 27.5 -0.019185
-99 27.5 -0.0371391
-98.5 27.5 -0.0541807
-98 27.5 -0.0725761
-97.5 27.5 -0.0905103
-97 27.5 -0.105133
-96.5 27.5 -0.123915
-96 27.5 -0.145717
-95.5 27.5 -0.160211
-95 27.5 -0.171922
-94.5 27.5 -0.186854
-94 27.5 -0.19901
-93.5 27.5 -0.210843
-93 27.5 -0.223031
-92.5 27.5 -0.231229
-92 27.5 -0.22005
-91.5 27.5 -0.227674
-91 27.5 -0.248792
-90.5 27.5 -0.25258
-90 27.5 -0.253804
-89.5 27.5 -0.233524
-89 27.5 -0.229439
-88.5 27.5 -0.269837
-88 27.5 -0.281425
-87.5 27.5 -0.274017
-87 27.5 -0.269623
-86.5 27.5 -0.260893
-86 27.5 -0.277573
-85.5 27.5 -0.28338
-85 27.5 -0.286374
-84.5 27.5 -0.298039
-84 27.5 -0.281778
-83.5 27.5 -0.316182
-83 27.5 -0.2327
-82.5 27.5 -0.41526
-82 27.5 -0.0865218
-81.5 27.5 -0.301848
-81 27.5 -1.08758
-119 28 1.08101
-118.5 28 0.396749
-118 28 0.024334
-117.5 28 0.359481
-117 28 0.217913
-116.5 28 0.313273
-116 28 0.27424
-115.5 28 0.282641
-115 28 0.286708
-114.5 28 0.27941
-114 28 0.288156
-113.5 28 0.294869
-113 28 0.279042
-112.5 28 0.273901
-112 28 0.274803
-111.5 28 0.269254
-111 28 0.24278
-110.5 28 0.232728
-110 28 0.260161
-109.5 28 0.254371
-109 28 0.251768
-108.5 28 0.244296
-108 28 0.225717
-107.5 28 0.216139
-107 28 0.207075
-106.5 28 0.199942
-106 28 0.183899
-105.5 28 0.174896
-105 28 0.164631
-104.5 28 0.153386
-104 28 0.166133
-103.5 28 0.150277
-103 28 0.111349
-102.5 28 0.0961753
-102 28 0.0770241
-101.5 28 0.05831
-101 28 0.039585
-100.5 28 0.0187184
-100 28 0
-99.5 28 -0.0187165
-99 28 -0.039585
-98.5 28 -0.05831
-98 28 -0.0770165
-97.5 28 -0.0939693
-97 28 -0.111349
-96.5 28 -0.152459
-96 28 -0.166133
-95.5 28 -0.153386
-95 28 -0.164631
-94.5 28 -0.174896
-94 28 -0.183899
-93.5 28 -0.199942
-93 28 -0.2071
-92.5 28 -0.216139
-92 28 -0.225717
-91.5 28 -0.244296
-91 28 -0.253719
-90.5 28 -0.254371
-90 28 -0.258259
-89.5 28 -0.232728
-89 28 -0.24278
-88.5 28 -0.269254
-88 28 -0.273627
-87.5 28 -0.273847
-87 28 -0.279042
-86.5 28 -0.29496
-86 28 -0.288156
-85.5 28 -0.279371
-85 28 -0.286708
-84.5 28 -0.282641
-84 28 -0.27424
-83.5 28 -0.311929
-83 28 -0.217913
-82.5 28 -0.359481
-82 28 -0.024334
-81.5 28 -0.396749
-81 28 -1.22197
-119 28.5 0.993277
-118.5 28.5 0.493635
-118 28.5 0.0491872
-117.5 28.5 0.360772
-117 28.5 0.219576
-116.5 28.5 0.274819
-116 28.5 0.270126
-115.5 28.5 0.27699
-115 28.5 0.282536
-114.5 28.5 0.280463
-114 28.5 0.272411
-113.5 28.5 0.281457
-113 28.5 0.297197
-112.5 28.5 0.282738
-112 28.5 0.288382
-111.5 28.5 0.276723
-111 28.5 0.267868
-110.5 28.5 0.236004
-110 28.5 0.234644
-109.5 28.5 0.247065
-109 28.5 0.25136
-108.5 28.5 0.251243
-108 28.5 0.246063
-107.5 28.5 0.225608
-107 28.5 0.214356
-106.5 28.5 0.22341
-106 28.5 0.213794
-105.5 28.5 0.181148
-105 28.5 0.166822
-104.5 28.5 0.153004
-104 28.5 0.139272
-103.5 28.5 0.127879
-103 28.5 0.115145
-102.5 28.5 0.100006
-102 28.5 0.0769984
-101.5 28.5 0.0601956
-101 28.5 0.0415497
-100.5 28.5 0.0190295
-100 28.5 6.79472e-05
-99.5 28.5 -0.0190295
-99 28.5 -0.0416135
-98.5 28.5 -0.0601956
-98 28.5 -0.0769984
-97.5 28.5 -0.100331
-97 28.5 -0.115532
-96.5 28.5 -0.127879
-96 28.5 -0.139272
-95.5 28.5 -0.153004
-95 28.5 -0.166822
-94.5 28.5 -0.18049
-94 28.5 -0.213794
-93.5 28.5 -0.223473
-93 28.5 -0.214356
-92.5 28.5 -0.225547
-92 28.5 -0.246063
-91.5 28.5 -0.251272
-91 28.5 -0.25136
-90.5 28.5 -0.246024
-90 28.5 -0.234644
-89.5 28.5 -0.236004
-89 28.5 -0.267868
-88.5 28.5 -0.276723
-88 28.5 -0.288419
-87.5 28.5 -0.282738
-87 28.5 -0.297288
-86.5 28.5 -0.281457
-86 28.5 -0.272309
-85.5 28.5 -0.280463
-85 28.5 -0.282586
-84.5 28.5 -0.277031
-84 28.5 -0.268571
-83.5 28.5 -0.274819
-83 28.5 -0.221091
-82.5 28.5 -0.360772
-82 28.5 -0.0491872
-81.5 28.5 -0.493635
-81 28.5 -1.26805
-119 29 0.857969
-118.5 29 0.520398
-118 29 0.0446156
-117.5 29 0.345653
-117 29 0.261934
-116.5 29 0.27086
-116 29 0.263168
-115.5 29 0.268914
-115 29 0.298375
-114.5 29 0.289041
-114 29 0.271985
-113.5 29 0.242661
-113 29 0.285496
-112.5 29 0.269595
-112 29 0.267561
-111.5 29 0.278772
-111 29 0.276093
-110.5 29 0.26683
-110 29 0.252423
-109.5 29 0.248553
-109 29 0.249768
-108.5 29 0.249208
-108 29 0.257893
-107.5 29 0.252264
-107 29 0.218496
-106.5 29 0.206251
-106 29 0.201749
-105.5 29 0.192485
-105 29 0.182837
-104.5 29 0.171783
-104 29 0.155126
-103.5 29 0.138642
-103 29 0.124124
-102.5 29 0.103872
-102 29 0.0832596
-101.5 29 0.0643122
-101 29 0.0405335
-100.5 29 0.0200264
-100 29 0
-99.5 29 -0.0199602
-99 29 -0.0405335
-98.5 29 -0.0643801
-98 29 -0.0854915
-97.5 29 -0.103872
-97 29 -0.121918
-96.5 29 -0.138642
-96 29 -0.155126
-95.5 29 -0.171783
-95 29 -0.180771
-94.5 29 -0.192485
-94 29 -0.203771
-93.5 29 -0.206251
-93 29 -0.21847
-92.5 29 -0.252264
-92 29 -0.257954
-91.5 29 -0.249208
-91 29 -0.24971
-90.5 29 -0.248553
-90 29 -0.252423
-89.5 29 -0.266865
-89 29 -0.276093
-88.5 29 -0.278826
-88 29 -0.267524
-87.5 29 -0.269542
-87 29 -0.285496
-86.5 29 -0.242621
-86 29 -0.271985
-85.5 29 -0.289082
-85 29 -0.298424
-84.5 29 -0.268914
-84 29 -0.26312
-83.5 29 -0.272256
-83 29 -0.261934
-82.5 29 -0.345653
-82 29 -0.0446156
-81.5 29 -0.520398
-81 29 -1.32019
-119 29.5 0.814579
-118.5 29.5 0.556351
-118 29.5 0.0385293
-117.5 29.5 0.326826
-117 29.5 0.260369
-116.5 29.5 0.270066
-116 29.5 0.253032
-115.5 29.5 0.252792
-115 29.5 0.262486
-114.5 29.5 0.274705
-114 29.5 0.304081
-113.5 29.5 0.266547
-113 29.5 0.260331
-112.5 29.5 0.260314
-112 29.5 0.253695
-111.5 29.5 0.264578
-111 29.5 0.269174
-110.5 29.5 0.268974
-110 29.5 0.263991
-109.5 29.5 0.257117
-109 29.5 0.237659
-108.5 29.5 0.254837
-108 29.5 0.253692
-107.5 29.5 0.239796
-107 29.5 0.234326
-106.5 29.5 0.222455
-106 29.5 0.210629
-105.5 29.5 0.1995
-105 29.5 0.184406
-104.5 29.5 0.16915
-104 29.5 0.155623
-103.5 29.5 0.141749
-103 29.5 0.123081
-102.5 29.5 0.105364
-102 29.5 0.0852867
-101.5 29.5 0.0649058
-101 29.5 0.0458036
-100.5 29.5 0.0209382
-100 29.5 0
-99.5 29.5 -0.0209382
-99 29.5 -0.045808
-98.5 29.5 -0.0649058
-98 29.5 -0.0852867
-97.5 29.5 -0.105009
-97 29.5 -0.123081
-96.5 29.5 -0.141735
-96 29.5 -0.155623
-95.5 29.5 -0.16915
-95 29.5 -0.184406
-94.5 29.5 -0.199478
-94 29.5 -0.210629
-93.5 29.5 -0.222455
-93 29.5 -0.234326
-92.5 29.5 -0.239796
-92 29.5 -0.253692
-91.5 29.5 -0.254806
-91 29.5 -0.236557
-90.5 29.5 -0.257117
-90 29.5 -0.264047
-89.5 29.5 -0.268974
-89 29.5 -0.269119
-88.5 29.5 -0.264524
-88 29.5 -0.253657
-87.5 29.5 -0.261665
-87 29.5 -0.260331
-86.5 29.5 -0.266547
-86 29.5 -0.304081
-85.5 29.5 -0.274747
-85 29.5 -0.262486
-84.5 29.5 -0.252748
-84 29.5 -0.253032
-83.5 29.5 -0.270066
-83 29.5 -0.260369
-82.5 29.5 -0.326826
-82 29.5 -0.0385293
-81.5 29.5 -0.556351
-81 29.5 -1.36946
-119 30 0.758821
-118.5 30 0.588748
-118 30 0.0365442
-117.5 30 0.3146
-117 30 0.25435
-116.5 30 0.258634
-116 30 0.258905
-115.5 30 0.247174
-115 30 0.255153
-114.5 30 0.247939
-114 30 0.26328
-113.5 30 0.28333
-113 30 0.274877
-112.5 30 0.273852
-112 30 0.265394
-111.5 30 0.262541
-111 30 0.261485
-110.5 30 0.262069
-110 30 0.267081
-109.5 30 0.27175
-109 30 0.268638
-108.5 30 0.240163
-108 30 0.244929
-107.5 30 0.237414
-107 30 0.231884
-106.5 30 0.227688
-106 30 0.216089
-105.5 30 0.206837
-105 30 0.19555
-104.5 30 0.177664
-104 30 0.16221
-103.5 30 0.147635
-103 30 0.128256
-102.5 30 0.107743
-102 30 0.0901108
-101.5 30 0.0669317
-101 30 0.0440199
-100.5 30 0.0240838
-100 30 0
-99.5 30 -0.0240838
-99 30 -0.0440199
-98.5 30 -0.0669317
-98 30 -0.0901108
-97.5 30 -0.107743
-97 30 -0.128188
-96.5 30 -0.147651
-96 30 -0.162276
-95.5 30 -0.177664
-95 30 -0.19342
-94.5 30 -0.206861
-94 30 -0.218164
-93.5 30 -0.227688
-93 30 -0.231884
-92.5 30 -0.237385
-92 30 -0.244929
-91.5 30 -0.238178
-91 30 -0.268638
-90.5 30 -0.273675
-90 30 -0.267081
-89.5 30 -0.262032
-89 30 -0.261485
-88.5 30 -0.262541
-88 30 -0.267155
-87.5 30 -0.273852
-87 30 -0.27325
-86.5 30 -0.28333
-86 30 -0.263329
-85.5 30 -0.247939
-85 30 -0.255018
-84.5 30 -0.248638
-84 30 -0.258905
-83.5 30 -0.258634
-83 30 -0.255863
-82.5 30 -0.3146
-82 30 -0.0365442
-81.5 30 -0.588748
-81 30 -1.37706
-119 30.5 0.691004
-118.5 30.5 0.605246
-118 30.5 0.0448456
-117.5 30.5 0.298753
-117 30.5 0.255802
-116.5 30.5 0.255329
-116 30.5 0.245212
-115.5 30.5 0.253864
-115 30.5 0.260074
-114.5 30.5 0.258806
-114 30.5 0.257736
-113.5 30.5 0.269056
-113 30.5 0.267203
-112.5 30.5 0.263233
-112 30.5 0.267452
-111.5 30.5 0.270046
-111 30.5 0.267562
-110.5 30.5 0.249538
-110 30.5 0.265669
-109.5 30.5 0.264477
-109 30.5 0.255626
-108.5 30.5 0.253906
-108 30.5 0.250962
-107.5 30.5 0.248582
-107 30.5 0.238058
-106.5 30.5 0.228948
-106 30.5 0.219659
-105.5 30.5 0.207271
-105 30.5 0.196247
-104.5 30.5 0.182938
-104 30.5 0.17058
-103.5 30.5 0.156801
-103 30.5 0.140224
-102.5 30.5 0.119633
-102 30.5 0.0987756
-101.5 30.5 0.0755688
-101 30.5 0.0506276
-100.5 30.5 0.0251281
-100 30.5 0
-99.5 30.5 -0.0251281
-99 30.5 -0.0506276
-98.5 30.5 -0.075576
-98 30.5 -0.0987756
-97.5 30.5 -0.119633
-97 30.5 -0.140291
-96.5 30.5 -0.156817
-96 30.5 -0.170514
-95.5 30.5 -0.182938
-95 30.5 -0.196311
-94.5 30.5 -0.208067
-94 30.5 -0.219571
-93.5 30.5 -0.228948
-93 30.5 -0.237997
-92.5 30.5 -0.248582
-92 30.5 -0.25102
-91.5 30.5 -0.253906
-91 30.5 -0.256836
-90.5 30.5 -0.264477
-90 30.5 -0.265669
-89.5 30.5 -0.249538
-89 30.5 -0.267562
-88.5 30.5 -0.270046
-88 30.5 -0.267452
-87.5 30.5 -0.261917
-87 30.5 -0.267203
-86.5 30.5 -0.269007
-86 30.5 -0.257736
-85.5 30.5 -0.258667
-85 30.5 -0.261614
-84.5 30.5 -0.253956
-84 30.5 -0.243718
-83.5 30.5 -0.256756
-83 30.5 -0.255802
-82.5 30.5 -0.297317
-82 30.5 -0.0448456
-81.5 30.5 -0.605246
-81 30.5 -1.35815
-119 31 0.632826
-118.5 31 0.581676
-118 31 0.0502893
-117.5 31 0.293325
-117 31 0.238305
-116.5 31 0.256845
-116 31 0.251002
-115.5 31 0.244608
-115 31 0.257966
-114.5 31 0.250913
-114 31 0.252622
-113.5 31 0.268677
-113 31 0.265516
-112.5 31 0.262404
-112 31 0.260283
-111.5 31 0.263221
-111 31 0.265548
-110.5 31 0.268398
-110 31 0.247513
-109.5 31 0.261317
-109 31 0.259525
-108.5 31 0.254988
-108 31 0.249445
-107.5 31 0.247806
-107 31 0.238855
-106.5 31 0.231112
-106 31 0.226818
-105.5 31 0.217338
-105 31 0.208707
-104.5 31 0.198153
-104 31 0.184025
-103.5 31 0.16737
-103 31 0.148329
-102.5 31 0.127259
-102 31 0.101262
-101.5 31 0.0761164
-101 31 0.0532344
-100.5 31 0.0266008
-100 31 0
-99.5 31 -0.0266033
-99 31 -0.0533038
-98.5 31 -0.0761164
-98 31 -0.101194
-97.5 31 -0.127259
-97 31 -0.148329
-96.5 31 -0.167353
-96 31 -0.184025
-95.5 31 -0.198131
-95 31 -0.208707
-94.5 31 -0.217249
-94 31 -0.226818
-93.5 31 -0.231173
-93 31 -0.238855
-92.5 31 -0.247838
-92 31 -0.249445
-91.5 31 -0.255046
-91 31 -0.259525
-90.5 31 -0.261262
-90 31 -0.247513
-89.5 31 -0.268398
-89 31 -0.265548
-88.5 31 -0.261871
-88 31 -0.260283
-87.5 31 -0.262404
-87 31 -0.265473
-86.5 31 -0.268677
-86 31 -0.252622
-85.5 31 -0.250913
-85 31 -0.258057
-84.5 31 -0.243083
-84 31 -0.250958
-83.5 31 -0.256845
-83 31 -0.236779
-82.5 31 -0.293325
-82 31 -0.0502893
-81.5 31 -0.580249
-81 31 -1.31477
-119 31.5 0.600787
-118.5 31.5 0.579029
-118 31.5 0.0396822
-117.5 31.5 0.291497
-117 31.5 0.229184
-116.5 31.5 0.259682
-116 31.5 0.239604
-115.5 31.5 0.23538
-115 31.5 0.260885
-114.5 31.5 0.252982
-114 31.5 0.241202
-113.5 31.5 0.256513
-113 31.5 0.258975
-112.5 31.5 0.258032
-112 31.5 0.26009
-111.5 31.5 0.263895
-111 31.5 0.265028
-110.5 31.5 0.259615
-110 31.5 0.259218
-109.5 31.5 0.25933
-109 31.5 0.258735
-108.5 31.5 0.257495
-108 31.5 0.251447
-107.5 31.5 0.249164
-107 31.5 0.244202
-106.5 31.5 0.237975
-106 31.5 0.235929
-105.5 31.5 0.230356
-105 31.5 0.220665
-104.5 31.5 0.206586
-104 31.5 0.190027
-103.5 31.5 0.17107
-103 31.5 0.147311
-102.5 31.5 0.124002
-102 31.5 0.100484
-101.5 31.5 0.0742549
-101 31.5 0.0488092
-100.5 31.5 0.0265701
-100 31.5 -6.9882e-05
-99.5 31.5 -0.0265728
-99 31.5 -0.0487396
-98.5 31.5 -0.0742429
-98 31.5 -0.10049
-97.5 31.5 -0.124008
-97 31.5 -0.147296
-96.5 31.5 -0.171061
-96 31.5 -0.189961
-95.5 31.5 -0.206608
-95 31.5 -0.220729
-94.5 31.5 -0.230356
-94 31.5 -0.235957
-93.5 31.5 -0.237975
-93 31.5 -0.244202
-92.5 31.5 -0.249164
-92 31.5 -0.251447
-91.5 31.5 -0.257459
-91 31.5 -0.258698
-90.5 31.5 -0.25933
-90 31.5 -0.259218
-89.5 31.5 -0.260903
-89 31.5 -0.263335
-88.5 31.5 -0.263895
-88 31.5 -0.261721
-87.5 31.5 -0.258032
-87 31.5 -0.258975
-86.5 31.5 -0.256513
-86 31.5 -0.241202
-85.5 31.5 -0.252982
-85 31.5 -0.260885
-84.5 31.5 -0.236935
-84 31.5 -0.239556
-83.5 31.5 -0.258145
-83 31.5 -0.229184
-82.5 31.5 -0.291497
-82 31.5 -0.0395841
-81.5 31.5 -0.579029
-81 31.5 -1.2778
-119 32 0.523172
-118.5 32 0.572525
-118 32 0.0420592
-117.5 32 0.294147
-117 32 0.215932
-116.5 32 0.257781
-116 32 0.250228
-115.5 32 0.240282
-115 32 0.243446
-114.5 32 0.257389
-114 32 0.240151
-113.5 32 0.246982
-113 32 0.25468
-112.5 32 0.249631
-112 32 0.256597
-111.5 32 0.256623
-111 32 0.256632
-110.5 32 0.25768
-110 32 0.256739
-109.5 32 0.259677
-109 32 0.256245
-108.5 32 0.254183
-108 32 0.25358
-107.5 32 0.253265
-107 32 0.25316
-106.5 32 0.249502
-106 32 0.242617
-105.5 32 0.232811
-105 32 0.221052
-104.5 32 0.205107
-104 32 0.1839
-103.5 32 0.159293
-103 32 0.138957
-102.5 32 0.120743
-102 32 0.102812
-101.5 32 0.0821294
-101 32 0.0533312
-100.5 32 0.0264328
-100 32 -7.03751e-05
-99.5 32 -0.0264285
-99 32 -0.0532261
-98.5 32 -0.08216
-98 32 -0.102881
-97.5 32 -0.120634
-97 32 -0.138898
-96.5 32 -0.15935
-96 32 -0.184009
-95.5 32 -0.205131
-95 32 -0.221001
-94.5 32 -0.232811
-94 32 -0.242646
-93.5 32 -0.249502
-93 32 -0.25316
-92.5 32 -0.253265
-92 32 -0.253523
-91.5 32 -0.254183
-91 32 -0.2563
-90.5 32 -0.259677
-90 32 -0.258409
-89.5 32 -0.25768
-89 32 -0.255028
-88.5 32 -0.258051
-88 32 -0.256597
-87.5 32 -0.249631
-87 32 -0.25468
-86.5 32 -0.246982
-86 32 -0.240151
-85.5 32 -0.257389
-85 32 -0.244876
-84.5 32 -0.240191
-84 32 -0.247456
-83.5 32 -0.257823
-83 32 -0.217276
-82.5 32 -0.294066
-82 32 -0.042109
-81.5 32 -0.572604
-81 32 -1.20311
-119 32.5 0.508439
-118.5 32.5 0.553131
-118 32.5 0.0424832
-117.5 32.5 0.262113
-117 32.5 0.20626
-116.5 32.5 0.234374
-116 32.5 0.247462
-115.5 32.5 0.233968
-115 32.5 0.23836
-114.5 32.5 0.248783
-114 32.5 0.239799
-113.5 32.5 0.236862
-113 32.5 0.247381
-112.5 32.5 0.243225
-112 32.5 0.246814
-111.5 32.5 0.248905
-111 32.5 0.250992
-110.5 32.5 0.252085
-110 32.5 0.25415
-109.5 32.5 0.254867
-109 32.5 0.255895
-108.5 32.5 0.253054
-108 32.5 0.2538
-107.5 32.5 0.25628
-107 32.5 0.257196
-106.5 32.5 0.25111
-106 32.5 0.242393
-105.5 32.5 0.227184
-105 32.5 0.210529
-104.5 32.5 0.194275
-104 32.5 0.18265
-103.5 32.5 0.173429
-103 32.5 0.15615
-102.5 32.5 0.154016
-102 32.5 0.130593
-101.5 32.5 0.105107
-101 32.5 0.0735166
-100.5 32.5 0.0376002
-100 32.5 3.54469e-05
-99.5 32.5 -0.0375942
-99 32.5 -0.0735166
-98.5 32.5 -0.105116
-98 32.5 -0.130587
-97.5 32.5 -0.154036
-97 32.5 -0.156176
-96.5 32.5 -0.173449
-96 32.5 -0.18266
-95.5 32.5 -0.19425
-95 32.5 -0.210529
-94.5 32.5 -0.227215
-94 32.5 -0.242362
-93.5 32.5 -0.25105
-93 32.5 -0.257196
-92.5 32.5 -0.256316
-92 32.5 -0.2538
-91.5 32.5 -0.253093
-91 32.5 -0.254583
-90.5 32.5 -0.254826
-90 32.5 -0.25415
-89.5 32.5 -0.250715
-89 32.5 -0.250992
-88.5 32.5 -0.248905
-88 32.5 -0.246814
-87.5 32.5 -0.243225
-87 32.5 -0.247381
-86.5 32.5 -0.236862
-86 32.5 -0.239799
-85.5 32.5 -0.248783
-85 32.5 -0.238318
-84.5 32.5 -0.23235
-84 32.5 -0.247553
-83.5 32.5 -0.234424
-83 32.5 -0.20621
-82.5 32.5 -0.262152
-82 32.5 -0.0425845
-81.5 32.5 -0.553092
-81 32.5 -1.15426
-119 33 0.458495
-118.5 33 0.54559
-118 33 0.051567
-117.5 33 0.253845
-117 33 0.190279
-116.5 33 0.211315
-116 33 0.237621
-115.5 33 0.225049
-115 33 0.227078
-114.5 33 0.235661
-114 33 0.236621
-113.5 33 0.22972
-113 33 0.236427
-112.5 33 0.238104
-112 33 0.239814
-111.5 33 0.239447
-111 33 0.244923
-110.5 33 0.244834
-110 33 0.247266
-109.5 33 0.248215
-109 33 0.253429
-108.5 33 0.255681
-108 33 0.255593
-107.5 33 0.254247
-107 33 0.25172
-106.5 33 0.244261
-106 33 0.2305
-105.5 33 0.222783
-105 33 0.21653
-104.5 33 0.224248
-104 33 0.217343
-103.5 33 0.229247
-103 33 0.216798
-102.5 33 0.194155
-102 33 0.0584667
-101.5 33 0.0140925
-101 33 0.0806061
-100.5 33 0.0390066
-100 33 7.12624e-05
-99.5 33 -0.0390066
-99 33 -0.0807157
-98.5 33 -0.0141022
-98 33 -0.0583906
-97.5 33 -0.194189
-97 33 -0.216865
-96.5 33 -0.229179
-96 33 -0.217287
-95.5 33 -0.224299
-95 33 -0.21653
-94.5 33 -0.222722
-94 33 -0.230451
-93.5 33 -0.244319
-93 33 -0.251795
-92.5 33 -0.254247
-92 33 -0.255539
-91.5 33 -0.253918
-91 33 -0.253377
-90.5 33 -0.249894
-90 33 -0.247316
-89.5 33 -0.244834
-89 33 -0.244923
-88.5 33 -0.239447
-88 33 -0.239814
-87.5 33 -0.238104
-87 33 -0.236427
-86.5 33 -0.22972
-86 33 -0.236621
-85.5 33 -0.235661
-85 33 -0.227078
-84.5 33 -0.225099
-84 33 -0.238026
-83.5 33 -0.211276
-83 33 -0.191496
-82.5 33 -0.255579
-82 33 -0.0515155
-81.5 33 -0.545537
-81 33 -1.06768
-119 33.5 0.410708
-118.5 33.5 0.524864
-118 33.5 0.0545334
-117.5 33.5 0.253422
-117 33.5 0.174766
-116.5 33.5 0.194081
-116 33.5 0.209869
-115.5 33.5 0.212415
-115 33.5 0.215798
-114.5 33.5 0.21573
-114 33.5 0.211819
-113.5 33.5 0.219159
-113 33.5 0.220425
-112.5 33.5 0.230945
-112 33.5 0.23097
-111.5 33.5 0.234339
-111 33.5 0.233946
-110.5 33.5 0.238693
-110 33.5 0.243033
-109.5 33.5 0.244045
-109 33.5 0.246565
-108.5 33.5 0.251441
-108 33.5 0.250379
-107.5 33.5 0.248296
-107 33.5 0.243044
-106.5 33.5 0.23558
-106 33.5 0.230855
-105.5 33.5 0.244124
-105 33.5 0.248273
-104.5 33.5 0.281784
-104 33.5 0.180542
-103.5 33.5 0.146463
-103 33.5 0.209336
-102.5 33.5 0.188834
-102 33.5 0.161039
-101.5 33.5 0.0971115
-101 33.5 0.0595871
-100.5 33.5 0.0324325
-100 33.5 3.5824e-05
-99.5 33.5 -0.0324736
-99 33.5 -0.0596583
-98.5 33.5 -0.0970357
-98 33.5 -0.160969
-97.5 33.5 -0.188902
-97 33.5 -0.209427
-96.5 33.5 -0.146374
-96 33.5 -0.180483
-95.5 33.5 -0.281848
-95 33.5 -0.248304
-94.5 33.5 -0.244079
-94 33.5 -0.230906
-93.5 33.5 -0.23562
-93 33.5 -0.243025
-92.5 33.5 -0.24823
-92 33.5 -0.250379
-91.5 33.5 -0.251441
-91 33.5 -0.247977
-90.5 33.5 -0.244089
-90 33.5 -0.242988
-89.5 33.5 -0.238693
-89 33.5 -0.233946
-88.5 33.5 -0.234339
-88 33.5 -0.23097
-87.5 33.5 -0.230945
-87 33.5 -0.220425
-86.5 33.5 -0.219159
-86 33.5 -0.211819
-85.5 33.5 -0.21568
-85 33.5 -0.215798
-84.5 33.5 -0.213631
-84 33.5 -0.209869
-83.5 33.5 -0.194508
-83 33.5 -0.176024
-82.5 33.5 -0.253422
-82 33.5 -0.0533341
-81.5 33.5 -0.524828
-81 33.5 -0.968335
-119 34 0.369613
-118.5 34 0.51221
-118 34 0.061245
-117.5 34 0.242057
-117 34 0.184195
-116.5 34 0.174866
-116 34 0.20493
-115.5 34 0.202257
-115 34 0.209754
-114.5 34 0.210606
-114 34 0.208891
-113.5 34 0.199742
-113 34 0.211072
-112.5 34 0.220193
-112 34 0.218711
-111.5 34 0.224759
-111 34 0.226585
-110.5 34 0.229329
-110 34 0.233285
-109.5 34 0.237183
-109 34 0.240772
-108.5 34 0.242489
-108 34 0.241198
-107.5 34 0.235026
-107 34 0.239342
-106.5 34 0.249802
-106 34 0.2544
-105.5 34 0.303182
-105 34 0.21484
-104.5 34 0.190859
-104 34 0.256529
-103.5 34 0.18126
-103 34 0.169058
-102.5 34 0.160535
-102 34 0.217756
-101.5 34 0.175267
-101 34 0.0634735
-100.5 34 0.0332739
-100 34 -3.59602e-05
-99.5 34 -0.0332777
-99 34 -0.0634265
-98.5 34 -0.175256
-98 34 -0.217729
-97.5 34 -0.160554
-97 34 -0.168333
-96.5 34 -0.181256
-96 34 -0.256575
-95.5 34 -0.190857
-95 34 -0.214839
-94.5 34 -0.303212
-94 34 -0.254378
-93.5 34 -0.249746
-93 34 -0.23933
-92.5 34 -0.235052
-92 34 -0.241219
-91.5 34 -0.242403
-91 34 -0.240772
-90.5 34 -0.237136
-90 34 -0.233285
-89.5 34 -0.229374
-89 34 -0.226585
-88.5 34 -0.224759
-88 34 -0.218711
-87.5 34 -0.220193
-87 34 -0.211072
-86.5 34 -0.199742
-86 34 -0.208852
-85.5 34 -0.210606
-85 34 -0.209754
-84.5 34 -0.202257
-84 34 -0.203191
-83.5 34 -0.174866
-83 34 -0.185936
-82.5 34 -0.240307
-82 34 -0.061245
-81.5 34 -0.512854
-81 34 -0.885281
-119 34.5 0.329716
-118.5 34.5 0.449919
-118 34.5 0.0818558
-117.5 34.5 0.205419
-117 34.5 0.173815
-116.5 34.5 0.16218
-116 34.5 0.184155
-115.5 34.5 0.19337
-115 34.5 0.199836
-114.5 34.5 0.183419
-114 34.5 0.206943
-113.5 34.5 0.206354
-113 34.5 0.200585
-112.5 34.5 0.207046
-112 34.5 0.208875
-111.5 34.5 0.213748
-111 34.5 0.215195
-110.5 34.5 0.219172
-110 34.5 0.221577
-109.5 34.5 0.224284
-109 34.5 0.227511
-108.5 34.5 0.231978
-108 34.5 0.231842
-107.5 34.5 0.23437
-107 34.5 0.242216
-106.5 34.5 0.250166
-106 34.5 0.230361
-105.5 34.5 0.217686
-105 34.5 0.284858
-104.5 34.5 0.202097
-104 34.5 0.2689
-103.5 34.5 0.255733
-103 34.5 0.168568
-102.5 34.5 0.152336
-102 34.5 0.120299
-101.5 34.5 0.1009
-101 34.5 0.0848706
-100.5 34.5 0.0509336
-100 34.5 -3.61529e-05
-99.5 34.5 -0.0508615
-99 34.5 -0.0847988
-98.5 34.5 -0.100965
-98 34.5 -0.120361
-97.5 34.5 -0.150043
-97 34.5 -0.168501
-96.5 34.5 -0.257923
-96 34.5 -0.268949
-95.5 34.5 -0.202066
-95 34.5 -0.284811
-94.5 34.5 -0.217709
-94 34.5 -0.230361
-93.5 34.5 -0.250151
-93 34.5 -0.242216
-92.5 34.5 -0.234422
-92 34.5 -0.231765
-91.5 34.5 -0.231976
-91 34.5 -0.227605
-90.5 34.5 -0.224284
-90 34.5 -0.221625
-89.5 34.5 -0.219172
-89 34.5 -0.215195
-88.5 34.5 -0.21211
-88 34.5 -0.208875
-87.5 34.5 -0.207046
-87 34.5 -0.200585
-86.5 34.5 -0.206354
-86 34.5 -0.206943
-85.5 34.5 -0.183472
-85 34.5 -0.199836
-84.5 34.5 -0.193388
-84 34.5 -0.184155
-83.5 34.5 -0.163329
-83 34.5 -0.173815
-82.5 34.5 -0.204332
-82 34.5 -0.0829402
-81.5 34.5 -0.449919
-81 34.5 -0.796527
-119 35 0.305395
-118.5 35 0.40952
-118 35 0.0777696
-117.5 35 0.195133
-117 35 0.165927
-116.5 35 0.156568
-116 35 0.161882
-115.5 35 0.170266
-115 35 0.194606
-114.5 35 0.175665
-114 35 0.179532
-113.5 35 0.189759
-113 35 0.190636
-112.5 35 0.191178
-112 35 0.195381
-111.5 35 0.200242
-111 35 0.203858
-110.5 35 0.204893
-110 35 0.20672
-109.5 35 0.211828
-109 35 0.21586
-108.5 35 0.221364
-108 35 0.225359
-107.5 35 0.22917
-107 35 0.336753
-106.5 35 0.228805
-106 35 0.206966
-105.5 35 0.241602
-105 35 0.276939
-104.5 35 0.261329
-104 35 0.178516
-103.5 35 0.195068
-103 35 0.17998
-102.5 35 0.256981
-102 35 0.275191
-101.5 35 0.183796
-101 35 -0.0116462
-100.5 35 -0.0655308
-100 35 -3.64606e-05
-99.5 35 0.0655331
-99 35 0.0117092
-98.5 35 -0.183774
-98 35 -0.275191
-97.5 35 -0.256994
-97 35 -0.180813
-96.5 35 -0.195054
-96 35 -0.178563
-95.5 35 -0.261282
-95 35 -0.276964
-94.5 35 -0.241659
-94 35 -0.206981
-93.5 35 -0.228752
-93 35 -0.336771
-92.5 35 -0.229219
-92 35 -0.225337
-91.5 35 -0.221434
-91 35 -0.215861
-90.5 35 -0.211828
-90 35 -0.20672
-89.5 35 -0.204893
-89 35 -0.202534
-88.5 35 -0.19856
-88 35 -0.196639
-87.5 35 -0.191178
-87 35 -0.190636
-86.5 35 -0.189759
-86 35 -0.179532
-85.5 35 -0.175665
-85 35 -0.194606
-84.5 35 -0.170266
-84 35 -0.16372
-83.5 35 -0.156622
-83 35 -0.165872
-82.5 35 -0.196913
-82 35 -0.0777696
-81.5 35 -0.407719
-81 35 -0.722443
-119 35.5 0.275952
-118.5 35.5 0.403867
-118 35.5 0.0720351
-117.5 35.5 0.187299
-117 35.5 0.154497
-116.5 35.5 0.150755
-116 35.5 0.161432
-115.5 35.5 0.160117
-115 35.5 0.175298
-114.5 35.5 0.181656
-114 35.5 0.168775
-113.5 35.5 0.170315
-113 35.5 0.178889
-112.5 35.5 0.178706
-112 35.5 0.183698
-111.5 35.5 0.182742
-111 35.5 0.185923
-110.5 35.5 0.188656
-110 35.5 0.192905
-109.5 35.5 0.197674
-109 35.5 0.207373
-108.5 35.5 0.207902
-108 35.5 0.211841
-107.5 35.5 0.214152
-107 35.5 0.214204
-106.5 35.5 0.327894
-106 35.5 0.189509
-105.5 35.5 0.240354
-105 35.5 0.246348
-104.5 35.5 0.229714
-104 35.5 0.242185
-103.5 35.5 0.329304
-103 35.5 0.183213
-102.5 35.5 0.16065
-102 35.5 0.233831
-101.5 35.5 0.152462
-101 35.5 0.127717
-100.5 35.5 0.0668776
-100 35.5 0
-99.5 35.5 -0.0668713
-99 35.5 -0.127756
-98.5 35.5 -0.152477
-98 35.5 -0.233752
-97.5 35.5 -0.160662
-97 35.5 -0.183194
-96.5 35.5 -0.329366
-96 35.5 -0.24223
-95.5 35.5 -0.229725
-95 35.5 -0.246367
-94.5 35.5 -0.240333
-94 35.5 -0.189488
-93.5 35.5 -0.327923
-93 35.5 -0.214249
-92.5 35.5 -0.214105
-92 35.5 -0.211794
-91.5 35.5 -0.209493
-91 35.5 -0.207398
-90.5 35.5 -0.197603
-90 35.5 -0.192905
-89.5 35.5 -0.188656
-89 35.5 -0.18473
-88.5 35.5 -0.184468
-88 35.5 -0.184879
-87.5 35.5 -0.178706
-87 35.5 -0.178889
-86.5 35.5 -0.170315
-86 35.5 -0.168775
-85.5 35.5 -0.181656
-85 35.5 -0.175352
-84.5 35.5 -0.161142
-84 35.5 -0.161462
-83.5 35.5 -0.150725
-83 35.5 -0.155415
-82.5 35.5 -0.186362
-82 35.5 -0.0710619
-81.5 35.5 -0.403838
-81 35.5 -0.645335
-119 36 0.24891
-118.5 36 0.364861
-118 36 0.0717453
-117.5 36 0.16809
-117 36 0.146261
-116.5 36 0.136611
-116 36 0.139283
-115.5 36 0.144731
-115 36 0.137459
-114.5 36 0.165181
-114 36 0.154911
-113.5 36 0.153303
-113 36 0.161734
-112.5 36 0.16223
-112 36 0.167941
-111.5 36 0.165536
-111 36 0.166802
-110.5 36 0.170443
-110 36 0.177633
-109.5 36 0.187158
-109 36 0.191738
-108.5 36 0.189565
-108 36 0.092347
-107.5 36 0.199308
-107 36 0.198536
-106.5 36 0.205119
-106 36 0.215302
-105.5 36 0.16789
-105 36 0.200357
-104.5 36 0.314115
-104 36 0.219313
-103.5 36 0.195068
-103 36 0.299814
-102.5 36 0.215956
-102 36 0.191026
-101.5 36 0.150085
-101 36 0.107619
-100.5 36 0.0604876
-100 36 5.55793e-05
-99.5 36 -0.0605046
-99 36 -0.107708
-98.5 36 -0.14998
-98 36 -0.190997
-97.5 36 -0.216056
-97 36 -0.299846
-96.5 36 -0.19504
-96 36 -0.219236
-95.5 36 -0.314124
-95 36 -0.200418
-94.5 36 -0.167869
-94 36 -0.215274
-93.5 36 -0.20512
-93 36 -0.198536
-92.5 36 -0.19924
-92 36 -0.0937235
-91.5 36 -0.191265
-91 36 -0.188714
-90.5 36 -0.187164
-90 36 -0.17767
-89.5 36 -0.170479
-89 36 -0.166802
-88.5 36 -0.16727
-88 36 -0.167941
-87.5 36 -0.16223
-87 36 -0.161734
-86.5 36 -0.153303
-86 36 -0.154911
-85.5 36 -0.165211
-85 36 -0.137459
-84.5 36 -0.144702
-84 36 -0.137444
-83.5 36 -0.136556
-83 36 -0.14447
-82.5 36 -0.166294
-82 36 -0.0717453
-81.5 36 -0.364834
-81 36 -0.575297
-119 36.5 0.216433
-118.5 36.5 0.319922
-118 36.5 0.0715685
-117.5 36.5 0.137235
-117 36.5 0.128926
-116.5 36.5 0.125818
-116 36.5 0.12566
-115.5 36.5 0.120788
-115 36.5 0.119736
-114.5 36.5 0.137575
-114 36.5 0.13983
-113.5 36.5 0.139339
-113 36.5 0.14506
-112.5 36.5 0.145425
-112 36.5 0.148637
-111.5 36.5 0.14509
-111 36.5 0.14689
-110.5 36.5 0.154237
-110 36.5 0.162467
-109.5 36.5 0.168945
-109 36.5 0.166215
-108.5 36.5 0.164833
-108 36.5 0.181451
-107.5 36.5 0.0792429
-107 36.5 0.230678
-106.5 36.5 0.18316
-106 36.5 0.189464
-105.5 36.5 0.198128
-105 36.5 0.206262
-104.5 36.5 0.193605
-104 36.5 0.286885
-103.5 36.5 0.209619
-103 36.5 0.210769
-102.5 36.5 0.21607
-102 36.5 0.245547
-101.5 36.5 0.238586
-98.5 36.5 -0.238664
-98 36.5 -0.245577
-97.5 36.5 -0.216068
-97 36.5 -0.210751
-96.5 36.5 -0.209601
-96 36.5 -0.286877
-95.5 36.5 -0.193652
-95 36.5 -0.20624
-94.5 36.5 -0.198058
-94 36.5 -0.189488
-93.5 36.5 -0.183182
-93 36.5 -0.230604
-92.5 36.5 -0.0792023
-92 36.5 -0.182789
-91.5 36.5 -0.161909
-91 36.5 -0.164981
-90.5 36.5 -0.170155
-90 36.5 -0.162503
-89.5 36.5 -0.154237
-89 36.5 -0.146836
-88.5 36.5 -0.14509
-88 36.5 -0.148582
-87.5 36.5 -0.145425
-87 36.5 -0.14506
-86.5 36.5 -0.139339
-86 36.5 -0.13983
-85.5 36.5 -0.137575
-85 36.5 -0.11968
-84.5 36.5 -0.120788
-84 36.5 -0.12566
-83.5 36.5 -0.125818
-83 36.5 -0.128926
-82.5 36.5 -0.137292
-82 36.5 -0.0715685
-81.5 36.5 -0.319947
-81 36.5 -0.502871
-119 37 0.185111
-118.5 37 0.278115
-118 37 0.0703756
-117.5 37 0.120648
-117 37 0.110715
-116.5 37 0.11135
-116 37 0.121287
-115.5 37 0.106646
-115 37 0.113143
-114.5 37 0.119824
-114 37 0.121124
-113.5 37 0.123076
-113 37 0.125978
-112.5 37 0.127304
-112 37 0.128118
-111.5 37 0.127803
-111 37 0.128381
-110.5 37 0.135457
-110 37 0.151447
-109.5 37 0.151331
-109 37 0.137399
-108.5 37 0.163079
-108 37 0.178324
-107.5 37 0.142654
-107 37 0.139713
-106.5 37 0.218854
-106 37 0.163512
-105.5 37 0.173153
-105 37 0.176595
-104.5 37 0.187433
-104 37 0.194917
-103.5 37 0.194696
-103 37 0.240318
-97 37 -0.240251
-96.5 37 -0.194742
-96 37 -0.194917
-95.5 37 -0.187475
-95 37 -0.176548
-94.5 37 -0.173197
-94 37 -0.163536
-93.5 37 -0.218793
-93 37 -0.139661
-92.5 37 -0.142744
-92 37 -0.178377
-91.5 37 -0.161315
-91 37 -0.139164
-90.5 37 -0.151352
-90 37 -0.151475
-89.5 37 -0.1354
-89 37 -0.128381
-88.5 37 -0.125928
-88 37 -0.128118
-87.5 37 -0.127331
-87 37 -0.125978
-86.5 37 -0.123076
-86 37 -0.121124
-85.5 37 -0.119824
-85 37 -0.113143
-84.5 37 -0.106646
-84 37 -0.121287
-83.5 37 -0.11135
-83 37 -0.110739
-82.5 37 -0.120648
-82 37 -0.0703529
-81.5 37 -0.278115
-81 37 -0.43833
-119 37.5 0.164487
-118.5 37.5 0.219509
-118 37.5 0.061898
-117.5 37.5 0.106205
-117 37.5 0.0940787
-116.5 37.5 0.0948656
-116 37.5 0.104736
-115.5 37.5 0.112323
-115 37.5 0.0965226
-114.5 37.5 0.102846
-114 37.5 0.102589
-113.5 37.5 0.105986
-113 37.5 0.106855
-112.5 37.5 0.108394
-112 37.5 0.105777
-111.5 37.5 0.107799
-111 37.5 0.11249
-110.5 37.5 0.118703
-110 37.5 0.124292
-109.5 37.5 0.118326
-109 37.5 0.0751239
-108.5 37.5 0.149476
-108 37.5 0.12445
-107.5 37.5 0.0964263
-107 37.5 0.105175
-106.5 37.5 0.162383
-106 37.5 0.0575123
-105.5 37.5 0.125885
-105 37.5 0.135735
-104.5 37.5 0.145142
-104 37.5 0.157273
-103.5 37.5 0.170118
-96.5 37.5 -0.17016
-96 37.5 -0.157334
-95.5 37.5 -0.145119
-95 37.5 -0.135721
-94.5 37.5 -0.1259
-94 37.5 -0.0575123
-93.5 37.5 -0.158854
-93 37.5 -0.10529
-92.5 37.5 -0.0982543
-92 37.5 -0.12445
-91.5 37.5 -0.149446
-91 37.5 -0.0751095
-90.5 37.5 -0.118382
-90 37.5 -0.124194
-89.5 37.5 -0.118718
-89 37.5 -0.111662
-88.5 37.5 -0.105919
-88 37.5 -0.106637
-87.5 37.5 -0.108394
-87 37.5 -0.106855
-86.5 37.5 -0.105986
-86 37.5 -0.102589
-85.5 37.5 -0.102904
-85 37.5 -0.0965226
-84.5 37.5 -0.112323
-84 37.5 -0.104736
-83.5 37.5 -0.0948656
-83 37.5 -0.0940787
-82.5 37.5 -0.106147
-82 37.5 -0.061898
-81.5 37.5 -0.219509
-81 37.5 -0.383549
-119 38 0.137835
-118.5 38 0.186101
-118 38 0.0476978
-117.5 38 0.0901313
-117 38 0.0775281
-116.5 38 0.0754962
-116 38 0.0810521
-115.5 38 0.092818
-115 38 0.0813587
-114.5 38 0.0839208
-114 38 0.0852125
-113.5 38 0.0874303
-113 38 0.0886981
-112.5 38 0.0875519
-112 38 0.0845166
-111.5 38 0.0858974
-111 38 0.0919606
-110.5 38 0.104046
-110 38 0.101459
-109.5 38 0.087565
-109 38 0.0422184
-108.5 38 0.0615834
-108 38 0.120566
-107.5 38 0.0689449
-107 38 0.108553
-106.5 38 0.0889542
-106 38 0.149577
-105.5 38 0.0274368
-105 38 0.0893648
-104.5 38 0.107596
-104 38 0.0898928
-96 38 -0.0898657
-95.5 38 -0.107564
-95 38 -0.0894125
-94.5 38 -0.0257428
-94 38 -0.147402
-93.5 38 -0.0889818
-93 38 -0.111471
-92.5 38 -0.068903
-92 38 -0.119634
-91.5 38 -0.0615423
-91 38 -0.0423163
-90.5 38 -0.0875076
-90 38 -0.10143
-89.5 38 -0.104086
-89 38 -0.0912315
-88.5 38 -0.0878077
-88 38 -0.0852056
-87.5 38 -0.0875519
-87 38 -0.0886981
-86.5 38 -0.0874303
-86 38 -0.085232
-85.5 38 -0.0839208
-85 38 -0.0813397
-84.5 38 -0.092818
-84 38 -0.0810521
-83.5 38 -0.0754962
-83 38 -0.0775281
-82.5 38 -0.0901313
-82 38 -0.0476978
-81.5 38 -0.186101
-81 38 -0.325121
-119 38.5 0.11724
-118.5 38.5 0.166979
-118 38.5 0.0144234
-117.5 38.5 0.0806249
-117 38.5 0.0644171
-116.5 38.5 0.0607987
-116 38.5 0.0625787
-115.5 38.5 0.0730331
-115 38.5 0.0645357
-114.5 38.5 0.0664032
-114 38.5 0.0660482
-113.5 38.5 0.0675474
-113 38.5 0.0693776
-112.5 38.5 0.0659633
-112 38.5 0.0638385
-111.5 38.5 0.0669813
-111 38.5 0.0730629
-110.5 38.5 0.0805078
-110 38.5 0.0780664
-109.5 38.5 0.0700915
-109 38.5 0.117983
-108.5 38.5 0.0402851
-108 38.5 0.0873409
-107.5 38.5 0.104843
-107 38.5 0.0906502
-106.5 38.5 -0.0214086
-106 38.5 0.0946132
-105.5 38.5 0.0698754
-105 38.5 0.0651828
-104.5 38.5 0.0357699
-95.5 38.5 -0.0357907
-95 38.5 -0.0642194
-94.5 38.5 -0.069869
-94 38.5 -0.093546
-93.5 38.5 0.017586
-93 38.5 -0.0906502
-92.5 38.5 -0.102951
-92 38.5 -0.087312
-91.5 38.5 -0.0403448
-91 38.5 -0.118022
-90.5 38.5 -0.0719738
-90 38.5 -0.0780852
-89.5 38.5 -0.0805078
-89 38.5 -0.0730337
-88.5 38.5 -0.0669813
-88 38.5 -0.0638385
-87.5 38.5 -0.0659633
-87 38.5 -0.0693776
-86.5 38.5 -0.0675474
-86 38.5 -0.0660482
-85.5 38.5 -0.0663443
-85 38.5 -0.0645357
-84.5 38.5 -0.0730331
-84 38.5 -0.0625787
-83.5 38.5 -0.0607987
-83 38.5 -0.0644171
-82.5 38.5 -0.0806249
-82 38.5 -0.0144234
-81.5 38.5 -0.166919
-81 38.5 -0.27278
-119 39 0.110157
-118.5 39 0.134987
-118 39 0.0023132
-117.5 39 0.0565049
-117 39 0.0779911
-116.5 39 0.0514321
-116 39 0.0518745
-115.5 39 0.0539032
-115 39 0.0465972
-114.5 39 0.0506897
-114 39 0.0472704
-113.5 39 0.0493108
-113 39 0.048422
-112.5 39 0.0476004
-112 39 0.0442892
-111.5 39 0.0467208
-111 39 0.0529704
-110.5 39 0.0538619
-110 39 0.0395023
-109.5 39 0.0212366
-109 39 0.112319
-108.5 39 0.0428648
-108 39 -0.00714737
-107.5 39 0.0686111
-107 39 0.0646612
-106.5 39 0.0960463
-106 39 -0.0130788
-105.5 39 0.0286627
-105 39 0.0328561
-95 39 -0.0327942
-94.5 39 -0.0298611
-94 39 0.0130111
-93.5 39 -0.0966452
-93 39 -0.0646025
-92.5 39 -0.0685949
-92 39 0.00711789
-91.5 39 -0.04288
-91 39 -0.112715
-90.5 39 -0.0213111
-90 39 -0.0390122
-89.5 39 -0.0538619
-89 39 -0.0525123
-88.5 39 -0.0467276
-88 39 -0.0447317
-87.5 39 -0.0476004
-87 39 -0.048422
-86.5 39 -0.0493108
-86 39 -0.0472704
-85.5 39 -0.0506897
-85 39 -0.0465972
-84.5 39 -0.0539032
-84 39 -0.0518745
-83.5 39 -0.0494701
-83 39 -0.0779911
-82.5 39 -0.0565049
-82 39 -0.00230004
-81.5 39 -0.134987
-81 39 -0.237513
-119 39.5 0.0946244
-118.5 39.5 0.0993725
-118 39.5 0.01745
-117.5 39.5 0.0246143
-117 39.5 0.0607239
-116.5 39.5 0.0417711
-116 39.5 0.0348841
-115.5 39.5 0.0326982
-115 39.5 0.0305214
-114.5 39.5 0.0326055
-114 39.5 0.0303653
-113.5 39.5 0.0297661
-113 39.5 0.0272324
-112.5 39.5 0.0279571
-112 39.5 0.0245792
-111.5 39.5 0.0257113
-111 39.5 0.0300877
-110.5 39.5 0.0299829
-110 39.5 0.0142563
-109.5 39.5 0.00458237
-109 39.5 0.014826
-108.5 39.5 0.0334997
-108 39.5 -0.0285056
-107.5 39.5 0.0207607
-107 39.5 0.0143073
-106.5 39.5 0.104356
-106 39.5 0.0230905
-105.5 39.5 0.00997513
-105 39.5 -0.00374274
-95 39.5 0.00378455
-94.5 39.5 -0.0099866
-94 39.5 -0.025089
-93.5 39.5 -0.104345
-93 39.5 -0.0142178
-92.5 39.5 -0.0207359
-92 39.5 0.0284459
-91.5 39.5 -0.0334052
-91 39.5 -0.0128276
-90.5 39.5 -0.00260613
-90 39.5 -0.0163188
-89.5 39.5 -0.0299278
-89 39.5 -0.0301175
-88.5 39.5 -0.0276828
-88 39.5 -0.0245792
-87.5 39.5 -0.0279571
-87 39.5 -0.0272324
-86.5 39.5 -0.0297661
-86 39.5 -0.0303653
-85.5 39.5 -0.0326055
-85 39.5 -0.0305214
-84.5 39.5 -0.0326982
-84 39.5 -0.03449
-83.5 39.5 -0.0397966
-83 39.5 -0.0610676
-82.5 39.5 -0.0246143
-82 39.5 -0.01745
-81.5 39.5 -0.0994328
-81 39.5 -0.194025
-119 40 0.0699947
-118.5 40 0.0647426
-118 40 0.00968983
-117.5 40 0.00594368
-117 40 0.0143897
-116.5 40 0.0210608
-116 40 0.0179808
-115.5 40 0.019283
-115 40 0.0112077
-114.5 40 0.0134872
-114 40 0.0124829
-113.5 40 0.0116761
-113 40 0.00683339
-112.5 40 0.0058891
-112 40 0.00460193
-111.5 40 0.00534544
-111 40 0.00792732
-110.5 40 0.00578364
-110 40 0.00363681
-109.5 40 -0.00835275
-109 40 -0.00199179
-108.5 40 0.00197885
-108 40 0.0113149
-107.5 40 -0.00537771
-107 40 -0.00792317
-106.5 40 -0.0107695
-106 40 -0.00234116
-105.5 40 -0.00651585
-105 40 -0.0128986
-95 40 0.0128397
-94.5 40 0.00654356
-94 40 0.00233984
-93.5 40 0.0108039
-93 40 0.0079247
-92.5 40 0.00540279
-92 40 -0.0113414
-91.5 40 -0.00188358
-91 40 0.00198783
-90.5 40 0.00807323
-90 40 -0.00363461
-89.5 40 -0.00565654
-89 40 -0.00789976
-88.5 40 -0.00534544
-88 40 -0.00460193
-87.5 40 -0.0058891
-87 40 -0.00683339
-86.5 40 -0.0116761
-86 40 -0.0124829
-85.5 40 -0.0134872
-85 40 -0.0112077
-84.5 40 -0.0211982
-84 40 -0.0177471
-83.5 40 -0.0230512
-83 40 -0.0146379
-82.5 40 -0.00594368
-82 40 -0.00968983
-81.5 40 -0.0667389
-81 40 -0.148529
-119 40.5 0.0479781
-118.5 40.5 0.0295152
-118 40.5 0.00427585
-117.5 40.5 -0.00349663
-117 40.5 -0.00347771
-116.5 40.5 0.00512264
-116 40.5 0.00425591
-115.5 40.5 0.00516624
-115 40.5 -0.00579801
-114.5 40.5 -0.00750423
-114 40.5 -0.00432801
-113.5 40.5 -0.00628208
-113 40.5 -0.0103415
-112.5 40.5 -0.0110344
-112 40.5 -0.0134256
-111.5 40.5 -0.0147734
-111 40.5 -0.016202
-110.5 40.5 -0.017162
-110 40.5 -0.0178542
-109.5 40.5 -0.0165466
-109 40.5 -0.0218279
-108.5 40.5 -0.0243165
-108 40.5 -0.0306781
-107.5 40.5 -0.0262694
-107 40.5 -0.0260828
-106.5 40.5 -0.0116377
-106 40.5 -0.0274233
-105.5 40.5 -0.0250691
-105 40.5 -0.0154125
-95 40.5 0.0153633
-94.5 40.5 0.0250691
-94 40.5 0.0274834
-93.5 40.5 0.0116628
-93 40.5 0.0259927
-92.5 40.5 0.0262729
-92 40.5 0.0307411
-91.5 40.5 0.024254
-91 40.5 0.0197809
-90.5 40.5 0.0165466
-90 40.5 0.0199069
-89.5 40.5 0.0171319
-89 40.5 0.0161421
-88.5 40.5 0.0147731
-88 40.5 0.0134256
-87.5 40.5 0.0110344
-87 40.5 0.0103415
-86.5 40.5 0.00628208
-86 40.5 0.00432801
-85.5 40.5 0.00750423
-85 40.5 0.00569313
-84.5 40.5 -0.00516624
-84 40.5 -0.00418944
-83.5 40.5 -0.00717149
-83 40.5 0.00347771
-82.5 40.5 0.00349663
-82 40.5 -0.00444774
-81.5 40.5 -0.0294545
-81 40.5 -0.101995
-119 41 0.0196877
-118.5 41 -0.0109785
-118 41 -0.00214413
-117.5 41 -0.0201647
-117 41 -0.0159616
-116.5 41 -0.0393031
-116 41 -0.0376156
-115.5 41 -0.02276
-115 41 -0.0174443
-114.5 41 -0.0288165
-114 41 -0.0224094
-113.5 41 -0.0249082
-113 41 -0.0232616
-112.5 41 -0.0285218
-112 41 -0.0296284
-111.5 41 -0.0333605
-111 41 -0.0377588
-110.5 41 -0.0389502
-110 41 -0.0386549
-109.5 41 -0.0244173
-109 41 -0.0331568
-108.5 41 -0.0465307
-108 41 0.00144891
-107.5 41 -0.0407344
-107 41 -0.0361201
-106.5 41 -0.128342
-106 41 -0.0641227
-105.5 41 -0.0402076
-105 41 -0.0324278
-95 41 0.0324221
-94.5 41 0.0401661
-94 41 0.064182
-93.5 41 0.128325
-93 41 0.0360606
-92.5 41 0.0406943
-92 41 -0.00138915
-91.5 41 0.0465733
-91 41 0.0330969
-90.5 41 0.0245009
-90 41 0.0386549
-89.5 41 0.0389853
-89 41 0.0376688
-88.5 41 0.0333567
-88 41 0.0296284
-87.5 41 0.0285218
-87 41 0.0232616
-86.5 41 0.0249082
-86 41 0.0224094
-85.5 41 0.0288165
-85 41 0.0174443
-84.5 41 0.0246894
-84 41 0.0376148
-83.5 41 0.0412941
-83 41 0.0159632
-82.5 41 0.0201647
-82 41 0.00016216
-81.5 41 0.0129878
-81 41 -0.0495251
-119 41.5 -0.00967142
-118.5 41.5 -0.0539514
-118 41.5 -0.0106907
-117.5 41.5 -0.0371301
-117 41.5 -0.034938
-116.5 41.5 -0.0481234
-116 41.5 -0.0597279
-115.5 41.5 -0.0416918
-115 41.5 -0.0292175
-114.5 41.5 -0.0422551
-114 41.5 -0.0443621
-113.5 41.5 -0.0484506
-113 41.5 -0.0429308
-112.5 41.5 -0.0453893
-112 41.5 -0.0465861
-111.5 41.5 -0.0513124
-111 41.5 -0.0583814
-110.5 41.5 -0.0600951
-110 41.5 -0.048593
-109.5 41.5 -0.0363372
-109 41.5 -0.0443348
-108.5 41.5 -0.0665662
-108 41.5 -0.0135373
-107.5 41.5 -0.0875854
-107 41.5 -0.0957936
-106.5 41.5 -0.130581
-106 41.5 -0.00411105
-105.5 41.5 -0.0402635
-105 41.5 -0.0654393
-104.5 41.5 -0.0214996
-95.5 41.5 0.0215173
-95 41.5 0.065432
-94.5 41.5 0.0402612
-94 41.5 0.00405328
-93.5 41.5 0.132523
-93 41.5 0.0958521
-92.5 41.5 0.0875683
-92 41.5 0.0135373
-91.5 41.5 0.0665805
-91 41.5 0.0444108
-90.5 41.5 0.0362953
-90 41.5 0.0466618
-89.5 41.5 0.0600804
-89 41.5 0.0584709
-88.5 41.5 0.0513041
-88 41.5 0.0465861
-87.5 41.5 0.0453893
-87 41.5 0.0429308
-86.5 41.5 0.0484506
-86 41.5 0.0443621
-85.5 41.5 0.0423153
-85 41.5 0.0292175
-84.5 41.5 0.0416918
-84 41.5 0.0596448
-83.5 41.5 0.0481838
-83 41.5 0.0349857
-82.5 41.5 0.0351711
-82 41.5 0.0106907
-81.5 41.5 0.0539505
-81 41.5 0.00490509
-119 42 -0.0317317
-118.5 42 -0.0866018
-118 42 -0.0170064
-117.5 42 -0.0297084
-117 42 -0.0474412
-116.5 42 -0.0453075
-116 42 -0.0534464
-115.5 42 -0.0448341
-115 42 -0.0465897
-114.5 42 -0.0543763
-114 42 -0.0587686
-113.5 42 -0.0674225
-113 42 -0.0642342
-112.5 42 -0.0625942
-112 42 -0.0585223
-111.5 42 -0.0646108
-111 42 -0.0770078
-110.5 42 -0.0802551
-110 42 -0.0702933
-109.5 42 -0.0512272
-109 42 -0.135823
-108.5 42 -0.0840442
-108 42 -0.100301
-107.5 42 -0.119623
-107 42 -0.109085
-106.5 42 0.000687672
-106 42 -0.111241
-105.5 42 -0.0711354
-105 42 -0.0921
-104.5 42 -0.0815856
-95.5 42 0.0815096
-95 42 0.0921497
-94.5 42 0.0711354
-94 42 0.110209
-93.5 42 -0.000715209
-93 42 0.110013
-92.5 42 0.119623
-92 42 0.100243
-91.5 42 0.0840442
-91 42 0.135862
-90.5 42 0.0517425
-90 42 0.0702047
-89.5 42 0.0798204
-89 42 0.0770601
-88.5 42 0.066578
-88 42 0.0585223
-87.5 42 0.0625942
-87 42 0.0642342
-86.5 42 0.0674225
-86 42 0.0587601
-85.5 42 0.0543763
-85 42 0.0465968
-84.5 42 0.0448341
-84 42 0.0535065
-83.5 42 0.0433195
-83 42 0.0475905
-82.5 42 0.0296481
-82 42 0.018876
-81.5 42 0.0866047
-81 42 0.0549415
-119 42.5 -0.073703
-118.5 42.5 -0.094712
-118 42.5 -0.0210973
-117.5 42.5 -0.0495104
-117 42.5 -0.0372179
-116.5 42.5 -0.0613334
-116 42.5 -0.0525818
-115.5 42.5 -0.0633781
-115 42.5 -0.0665052
-114.5 42.5 -0.0736459
-114 42.5 -0.0671181
-113.5 42.5 -0.0736061
-113 42.5 -0.0808762
-112.5 42.5 -0.0819092
-112 42.5 -0.0793888
-111.5 42.5 -0.0796231
-111 42.5 -0.0907962
-110.5 42.5 -0.101236
-110 42.5 -0.10222
-109.5 42.5 -0.0999394
-109 42.5 -0.135205
-108.5 42.5 -0.0616435
-108 42.5 -0.127677
-107.5 42.5 -0.0777934
-107 42.5 -0.117587
-106.5 42.5 -0.113297
-106 42.5 -0.104713
-105.5 42.5 -0.121159
-105 42.5 -0.143204
-104.5 42.5 -0.122399
-104 42.5 -0.129294
-96 42.5 0.129393
-95.5 42.5 0.122364
-95 42.5 0.143212
-94.5 42.5 0.121199
-94 42.5 0.104713
-93.5 42.5 0.111416
-93 42.5 0.117587
-92.5 42.5 0.0778379
-92 42.5 0.12762
-91.5 42.5 0.0616306
-91 42.5 0.135205
-90.5 42.5 0.0999621
-90 42.5 0.104059
-89.5 42.5 0.101216
-89 42.5 0.090175
-88.5 42.5 0.0796231
-88 42.5 0.0799247
-87.5 42.5 0.0819092
-87 42.5 0.0808762
-86.5 42.5 0.0736061
-86 42.5 0.0671181
-85.5 42.5 0.0735862
-85 42.5 0.0665052
-84.5 42.5 0.0633682
-84 42.5 0.0525219
-83.5 42.5 0.0613418
-83 42.5 0.0372256
-82.5 42.5 0.0514943
-82 42.5 0.021091
-81.5 42.5 0.0944665
-81 42.5 0.121993
-119 43 -0.101885
-118.5 43 -0.121507
-118 43 -0.0078398
-117.5 43 -0.0876844
-117 43 -0.0578418
-116.5 43 -0.0677664
-116 43 -0.0674983
-115.5 43 -0.0659089
-115 43 -0.072028
-114.5 43 -0.0886181
-114 43 -0.0854127
-113.5 43 -0.0848675
-113 43 -0.0904267
-112.5 43 -0.0932805
-112 43 -0.101083
-111.5 43 -0.103499
-111 43 -0.10344
-110.5 43 -0.113869
-110 43 -0.120317
-109.5 43 -0.110614
-109 43 -0.0610665
-108.5 43 -0.150506
-108 43 -0.126135
-107.5 43 -0.107701
-107 43 -0.100331
-106.5 43 -0.127899
-106 43 -0.123114
-105.5 43 -0.169077
-105 43 -0.147364
-104.5 43 -0.121437
-104 43 -0.149352
-103.5 43 -0.176872
-103 43 -0.215678
-97 43 0.215592
-96.5 43 0.176882
-96 43 0.149377
-95.5 43 0.12148
-95 43 0.147315
-94.5 43 0.169148
-94 43 0.123208
-93.5 43 0.127859
-93 43 0.100232
-92.5 43 0.107736
-92 43 0.12619
-91.5 43 0.150475
-91 43 0.061053
-90.5 43 0.110613
-90 43 0.120403
-89.5 43 0.11377
-89 43 0.103429
-88.5 43 0.101581
-88 43 0.101083
-87.5 43 0.0932805
-87 43 0.0904267
-86.5 43 0.0848675
-86 43 0.0854127
-85.5 43 0.0885589
-85 43 0.072028
-84.5 43 0.0659815
-84 43 0.0674387
-83.5 43 0.0677549
-83 43 0.0578418
-82.5 43 0.0877443
-82 43 0.00778008
-81.5 43 0.121507
-81 43 0.174954
-119 43.5 -0.13723
-118.5 43.5 -0.171673
-118 43.5 0.000696348
-117.5 43.5 -0.0856637
-117 43.5 -0.110066
-116.5 43.5 -0.103772
-116 43.5 -0.0823547
-115.5 43.5 -0.0675499
-115 43.5 -0.0879246
-114.5 43.5 -0.0953957
-114 43.5 -0.100677
-113.5 43.5 -0.102433
-113 43.5 -0.109216
-112.5 43.5 -0.101711
-112 43.5 -0.106124
-111.5 43.5 -0.116157
-111 43.5 -0.120496
-110.5 43.5 -0.127835
-110 43.5 -0.133452
-109.5 43.5 -0.126222
-109 43.5 -0.126171
-108.5 43.5 -0.157078
-108 43.5 -0.0443159
-107.5 43.5 -0.131448
-107 43.5 -0.13757
-106.5 43.5 -0.163809
-106 43.5 -0.156824
-105.5 43.5 -0.165561
-105 43.5 -0.151563
-104.5 43.5 -0.129948
-104 43.5 -0.189925
-103.5 43.5 -0.197855
-103 43.5 -0.16251
-102.5 43.5 -0.189073
-102 43.5 -0.22337
-98 43.5 0.223343
-97.5 43.5 0.189156
-97 43.5 0.162476
-96.5 43.5 0.197795
-96 43.5 0.189965
-95.5 43.5 0.129948
-95 43.5 0.15154
-94.5 43.5 0.165464
-94 43.5 0.156921
-93.5 43.5 0.16388
-93 43.5 0.137518
-92.5 43.5 0.131459
-92 43.5 0.0443693
-91.5 43.5 0.157115
-91 43.5 0.126106
-90.5 43.5 0.126272
-90 43.5 0.13348
-89.5 43.5 0.127877
-89 43.5 0.120482
-88.5 43.5 0.116157
-88 43.5 0.106124
-87.5 43.5 0.101711
-87 43.5 0.109158
-86.5 43.5 0.102433
-86 43.5 0.100697
-85.5 43.5 0.0953957
-85 43.5 0.0879483
-84.5 43.5 0.0675499
-84 43.5 0.0824295
-83.5 43.5 0.103772
-83 43.5 0.110066
-82.5 43.5 0.0856768
-82 43.5 -0.000696348
-81.5 43.5 0.171673
-81 43.5 0.240286
-119 44 -0.187472
-118.5 44 -0.210154
-118 44 -0.0188606
-117.5 44 -0.117885
-117 44 -0.087564
-116.5 44 -0.0691664
-116 44 -0.0692787
-115.5 44 -0.112
-115 44 -0.129603
-114.5 44 -0.0968169
-114 44 -0.100052
-113.5 44 -0.108067
-113 44 -0.123441
-112.5 44 -0.122736
-112 44 -0.123951
-111.5 44 -0.11914
-111 44 -0.125336
-110.5 44 -0.135362
-110 44 -0.150376
-109.5 44 -0.148345
-109 44 -0.145995
-108.5 44 -0.0640338
-108 44 -0.160439
-107.5 44 -0.155046
-107 44 -0.170361
-106.5 44 -0.164316
-106 44 -0.168795
-105.5 44 -0.183108
-105 44 -0.180716
-104.5 44 -0.182429
-104 44 -0.179868
-103.5 44 -0.239461
-103 44 -0.171153
-102.5 44 -0.187057
-102 44 -0.155136
-101.5 44 -0.121377
-101 44 -0.0893237
-100.5 44 -0.0497585
-100 44 -6.25702e-05
-99.5 44 0.0497807
-99 44 0.0894438
-98.5 44 0.121277
-98 44 0.155022
-97.5 44 0.187176
-97 44 0.171225
-96.5 44 0.239358
-96 44 0.179817
-95.5 44 0.182491
-95 44 0.180754
-94.5 44 0.183052
-94 44 0.168741
-93.5 44 0.164392
-93 44 0.170313
-92.5 44 0.154975
-92 44 0.160482
-91.5 44 0.0640691
-91 44 0.146009
-90.5 44 0.148308
-90 44 0.150384
-89.5 44 0.13539
-89 44 0.125336
-88.5 44 0.11914
-88 44 0.123951
-87.5 44 0.122764
-87 44 0.123441
-86.5 44 0.108042
-86 44 0.100052
-85.5 44 0.0968527
-85 44 0.129545
-84.5 44 0.111962
-84 44 0.0692787
-83.5 44 0.0692254
-83 44 0.087564
-82.5 44 0.117885
-82 44 0.0189197
-81.5 44 0.210214
-81 44 0.317403
-119 44.5 -0.252395
-118.5 44.5 -0.250931
-118 44.5 -0.0339107
-117.5 44.5 -0.127178
-117 44.5 -0.0758232
-116.5 44.5 -0.0939559
-116 44.5 -0.112717
-115.5 44.5 -0.109037
-115 44.5 -0.113406
-114.5 44.5 -0.0992649
-114 44.5 -0.124849
-113.5 44.5 -0.125493
-113 44.5 -0.127087
-112.5 44.5 -0.128839
-112 44.5 -0.130422
-111.5 44.5 -0.131489
-111 44.5 -0.136267
-110.5 44.5 -0.14588
-110 44.5 -0.145616
-109.5 44.5 -0.155191
-109 44.5 -0.173557
-108.5 44.5 -0.166888
-108 44.5 -0.166736
-107.5 44.5 -0.162954
-107 44.5 -0.279516
-106.5 44.5 -0.177334
-106 44.5 -0.197913
-105.5 44.5 -0.201133
-105 44.5 -0.128634
-104.5 44.5 -0.166136
-104 44.5 -0.264443
-103.5 44.5 -0.170573
-103 44.5 -0.139648
-102.5 44.5 -0.230877
-102 44.5 -0.190928
-101.5 44.5 -0.128252
-101 44.5 -0.0961899
-100.5 44.5 -0.0592592
-100 44.5 -4.19357e-05
-99.5 44.5 0.0591279
-99 44.5 0.0962751
-98.5 44.5 0.12827
-98 44.5 0.19083
-97.5 44.5 0.230842
-97 44.5 0.139661
-96.5 44.5 0.170588
-96 44.5 0.264409
-95.5 44.5 0.166136
-95 44.5 0.128674
-94.5 44.5 0.201114
-94 44.5 0.197876
-93.5 44.5 0.177389
-93 44.5 0.279589
-92.5 44.5 0.162855
-92 44.5 0.166687
-91.5 44.5 0.166888
-91 44.5 0.173634
-90.5 44.5 0.155159
-90 44.5 0.145596
-89.5 44.5 0.14588
-89 44.5 0.136267
-88.5 44.5 0.131489
-88 44.5 0.130422
-87.5 44.5 0.128839
-87 44.5 0.127144
-86.5 44.5 0.125493
-86 44.5 0.124849
-85.5 44.5 0.0992906
-85 44.5 0.113348
-84.5 44.5 0.109014
-84 44.5 0.110774
-83.5 44.5 0.0939559
-83 44.5 0.0758433
-82.5 44.5 0.127119
-82 44.5 0.0338927
-81.5 44.5 0.250949
-81 44.5 0.413597
-119 45 -0.323059
-118.5 45 -0.26955
-118 45 -0.0242837
-117.5 45 -0.124759
-117 45 -0.13813
-116.5 45 -0.126609
-116 45 -0.116725
-115.5 45 -0.0930236
-115 45 -0.116801
-114.5 45 -0.145944
-114 45 -0.149129
-113.5 45 -0.128615
-113 45 -0.122095
-112.5 45 -0.139825
-112 45 -0.150468
-111.5 45 -0.148484
-111 45 -0.147347
-110.5 45 -0.147901
-110 45 -0.156174
-109.5 45 -0.168705
-109 45 -0.167272
-108.5 45 -0.165055
-108 45 -0.173854
-107.5 45 -0.285349
-107 45 -0.171792
-106.5 45 -0.152446
-106 45 -0.181732
-105.5 45 -0.152645
-105 45 -0.225582
-104.5 45 -0.21198
-104 45 -0.132781
-103.5 45 -0.153534
-103 45 -0.198961
-102.5 45 -0.229427
-102 45 -0.243891
-101.5 45 -0.0261944
-101 45 0.0547001
-100.5 45 -0.0468745
-100 45 0.00283316
-99.5 45 0.0468699
-99 45 -0.0575361
-98.5 45 0.0262079
-98 45 0.244021
-97.5 45 0.229406
-97 45 0.198922
-96.5 45 0.153534
-96 45 0.132781
-95.5 45 0.211876
-95 45 0.225619
-94.5 45 0.152722
-94 45 0.181691
-93.5 45 0.152387
-93 45 0.171837
-92.5 45 0.285426
-92 45 0.173806
-91.5 45 0.16503
-91 45 0.167247
-90.5 45 0.168753
-90 45 0.156174
-89.5 45 0.147901
-89 45 0.147347
-88.5 45 0.148484
-88 45 0.150468
-87.5 45 0.139825
-87 45 0.122095
-86.5 45 0.128615
-86 45 0.149129
-85.5 45 0.145944
-85 45 0.116857
-84.5 45 0.0939019
-84 45 0.116782
-83.5 45 0.125747
-83 45 0.138153
-82.5 45 0.1247
-82 45 0.0242628
-81.5 45 0.269491
-81 45 0.504309
-119 45.5 -0.348895
-118.5 45.5 -0.251051
-118 45.5 -0.0078055
-117.5 45.5 -0.158443
-117 45.5 -0.13276
-116.5 45.5 -0.135946
-116 45.5 -0.151301
-115.5 45.5 -0.170771
-115 45.5 -0.14027
-114.5 45.5 -0.126052
-114 45.5 -0.140617
-113.5 45.5 -0.146066
-113 45.5 -0.165223
-112.5 45.5 -0.17639
-112 45.5 -0.151409
-111.5 45.5 -0.141909
-111 45.5 -0.156342
-110.5 45.5 -0.165618
-110 45.5 -0.170704
-109.5 45.5 -0.171287
-109 45.5 -0.175747
-108.5 45.5 -0.177715
-108 45.5 -0.170506
-107.5 45.5 -0.175628
-107 45.5 -0.183312
-106.5 45.5 -0.169437
-106 45.5 -0.162354
-105.5 45.5 -0.249029
-105 45.5 -0.185182
-104.5 45.5 -0.15589
-104 45.5 -0.231426
-103.5 45.5 -0.210603
-103 45.5 -0.111552
-102.5 45.5 -0.104201
-102 45.5 -0.113122
-101.5 45.5 -0.0773158
-101 45.5 -0.0704459
-100.5 45.5 -0.0402799
-100 45.5 4.25595e-05
-99.5 45.5 0.0404186
-99 45.5 0.0703698
-98.5 45.5 0.0773096
-98 45.5 0.113204
-97.5 45.5 0.10414
-97 45.5 0.112229
-96.5 45.5 0.210718
-96 45.5 0.231501
-95.5 45.5 0.155818
-95 45.5 0.185112
-94.5 45.5 0.249096
-94 45.5 0.162373
-93.5 45.5 0.169375
-93 45.5 0.183291
-92.5 45.5 0.175686
-92 45.5 0.170529
-91.5 45.5 0.177689
-91 45.5 0.175723
-90.5 45.5 0.171287
-90 45.5 0.170704
-89.5 45.5 0.165618
-89 45.5 0.156342
-88.5 45.5 0.141909
-88 45.5 0.151409
-87.5 45.5 0.17639
-87 45.5 0.165223
-86.5 45.5 0.146066
-86 45.5 0.140617
-85.5 45.5 0.126052
-85 45.5 0.14027
-84.5 45.5 0.170741
-84 45.5 0.153175
-83.5 45.5 0.135973
-83 45.5 0.132786
-82.5 45.5 0.158501
-82 45.5 0.00778173
-81.5 45.5 0.251051
-81 45.5 0.537156
-119 46 -0.428987
-118.5 46 -0.267883
-118 46 -0.0138754
-117.5 46 -0.187175
-117 46 -0.128138
-116.5 46 -0.14159
-116 46 -0.158177
-115.5 46 -0.127921
-115 46 -0.0919062
-114.5 46 -0.120946
-114 46 -0.164044
-113.5 46 -0.162475
-113 46 -0.160868
-112.5 46 -0.148999
-112 46 -0.143066
-111.5 46 -0.158371
-111 46 -0.18684
-110.5 46 -0.186199
-110 46 -0.176355
-109.5 46 -0.166121
-109 46 -0.155781
-108.5 46 -0.162419
-108 46 -0.175188
-107.5 46 -0.195578
-107 46 -0.212247
-106.5 46 -0.20323
-106 46 -0.244801
-105.5 46 -0.137753
-105 46 -0.109676
-104.5 46 -0.20965
-104 46 -0.142571
-103.5 46 -0.142334
-103 46 -0.132553
-102.5 46 -0.211393
-102 46 -0.185977
-101.5 46 -0.0689344
-101 46 -0.0526517
-100.5 46 -0.0257834
-100 46 0
-99.5 46 0.0256976
-99 46 0.0526517
-98.5 46 0.0690076
-98 46 0.185977
-97.5 46 0.208736
-97 46 0.132531
-96.5 46 0.144877
-96 46 0.142585
-95.5 46 0.209665
-95 46 0.10966
-94.5 46 0.137753
-94 46 0.24482
-93.5 46 0.20323
-93 46 0.212226
-92.5 46 0.195578
-92 46 0.17521
-91.5 46 0.162419
-91 46 0.157317
-90.5 46 0.166121
-90 46 0.176355
-89.5 46 0.186199
-89 46 0.18684
-88.5 46 0.158371
-88 46 0.143066
-87.5 46 0.148999
-87 46 0.160868
-86.5 46 0.162475
-86 46 0.164044
-85.5 46 0.120946
-85 46 0.0919062
-84.5 46 0.127921
-84 46 0.158121
-83.5 46 0.14159
-83 46 0.128138
-82.5 46 0.187232
-82 46 0.0138754
-81.5 46 0.267883
-81 46 0.634853
-119 46.5 -0.58522
-118.5 46.5 -0.304917
-118 46.5 -0.0279038
-117.5 46.5 -0.230304
-117 46.5 -0.150352
-116.5 46.5 -0.152834
-116 46.5 -0.166132
-115.5 46.5 -0.0993108
-115 46.5 -0.157869
-114.5 46.5 -0.190512
-114 46.5 -0.155045
-113.5 46.5 -0.111456
-113 46.5 -0.139822
-112.5 46.5 -0.154238
-112 46.5 -0.175285
-111.5 46.5 -0.188793
-111 46.5 -0.181173
-110.5 46.5 -0.151959
-110 46.5 -0.13761
-109.5 46.5 -0.158008
-109 46.5 -0.198822
-108.5 46.5 -0.220339
-108 46.5 -0.206564
-107.5 46.5 -0.169733
-107 46.5 -0.131275
-106.5 46.5 -0.124349
-106 46.5 -0.168183
-105.5 46.5 -0.199347
-105 46.5 -0.258951
-104.5 46.5 -0.0998378
-104 46.5 -0.126227
-103.5 46.5 -0.25981
-103 46.5 -0.159559
-102.5 46.5 -0.135855
-102 46.5 -0.0693569
-101.5 46.5 -0.0629715
-101 46.5 -0.0418333
-100.5 46.5 -0.0246088
-100 46.5 4.34731e-05
-99.5 46.5 0.0246088
-99 46.5 0.0418263
-98.5 46.5 0.0629715
-98 46.5 0.0693145
-97.5 46.5 0.135855
-97 46.5 0.158897
-96.5 46.5 0.259822
-96 46.5 0.126239
-95.5 46.5 0.0998378
-95 46.5 0.258951
-94.5 46.5 0.199347
-94 46.5 0.168183
-93.5 46.5 0.124349
-93 46.5 0.131275
-92.5 46.5 0.169733
-92 46.5 0.206564
-91.5 46.5 0.218359
-91 46.5 0.198822
-90.5 46.5 0.159857
-90 46.5 0.13761
-89.5 46.5 0.151959
-89 46.5 0.181173
-88.5 46.5 0.188793
-88 46.5 0.175285
-87.5 46.5 0.154238
-87 46.5 0.139822
-86.5 46.5 0.111456
-86 46.5 0.155045
-85.5 46.5 0.190512
-85 46.5 0.157869
-84.5 46.5 0.0993108
-84 46.5 0.166132
-83.5 46.5 0.152834
-83 46.5 0.150352
-82.5 46.5 0.230304
-82 46.5 0.0279601
-81.5 46.5 0.306804
-81 46.5 0.762813
-119 47 -0.451542
-118.5 47 -0.0752006
-118 47 0.122465
-117.5 47 -0.116712
-117 47 -0.045215
-116.5 47 -0.108875
-116 47 -0.102468
-115.5 47 -0.139408
-115 47 -0.219809
-114.5 47 -0.197888
-114 47 -0.145653
-113.5 47 -0.166057
-113 47 -0.197967
-112.5 47 -0.165576
-112 47 -0.172478
-111.5 47 -0.154872
-111 47 -0.145613
-110.5 47 -0.162051
-110 47 -0.190733
-109.5 47 -0.225544
-109 47 -0.221338
-108.5 47 -0.184436
-108 47 -0.149723
-107.5 47 -0.138494
-107 47 -0.158223
-106.5 47 -0.16303
-106 47 -0.206322
-105.5 47 -0.209584
-105 47 -0.200932
-104.5 47 -0.168151
-104 47 -0.182114
-103.5 47 -0.141323
-103 47 -0.140974
-102.5 47 0.0435222
-102 47 0.0103443
-101.5 47 -0.143811
-101 47 -0.0492648
-100.5 47 -0.0263483
-100 47 0
-99.5 47 0.02635
-99 47 0.0492648
-98.5 47 0.143815
-98 47 -0.0103443
-97.5 47 -0.0434798
-97 47 0.140932
-96.5 47 0.141241
-96 47 0.182154
-95.5 47 0.168191
-95 47 0.200932
-94.5 47 0.209584
-94 47 0.206322
-93.5 47 0.16303
-93 47 0.158223
-92.5 47 0.138494
-92 47 0.149723
-91.5 47 0.184436
-91 47 0.219906
-90.5 47 0.225544
-90 47 0.190733
-89.5 47 0.162051
-89 47 0.145613
-88.5 47 0.156478
-88 47 0.172478
-87.5 47 0.165576
-87 47 0.197967
-86.5 47 0.166057
-86 47 0.145653
-85.5 47 0.197888
-85 47 0.219809
-84.5 47 0.139408
-84 47 0.102468
-83.5 47 0.108875
-83 47 0.0434477
-82.5 47 0.116678
-82 47 -0.123526
-81.5 47 0.0752006
-81 47 0.516635
-119 47.5 -1.03491
-118.5 47.5 -0.506168
-118 47.5 -0.393622
-117.5 47.5 -0.423793
-117 47.5 -0.340898
-116.5 47.5 -0.265225
-116 47.5 -0.170247
-115.5 47.5 -0.170105
-115 47.5 -0.0902327
-114.5 47.5 -0.0395055
-114 47.5 -0.035042
-113.5 47.5 -0.0979386
-113 47.5 -0.110476
-112.5 47.5 -0.144537
-112 47.5 -0.162747
-111.5 47.5 -0.138049
-111 47.5 -0.154115
-110.5 47.5 -0.17336
-110 47.5 -0.179607
-109.5 47.5 -0.173201
-109 47.5 -0.15782
-108.5 47.5 -0.120738
-108 47.5 -0.166597
-107.5 47.5 -0.185202
-107 47.5 -0.150877
-106.5 47.5 -0.183695
-106 47.5 -0.236877
-105.5 47.5 -0.159249
-105 47.5 -0.112391
-104.5 47.5 -0.0961448
-104 47.5 -0.0945007
-103.5 47.5 -0.109927
-103 47.5 -0.108611
-102.5 47.5 -0.091135
-102 47.5 -0.114911
-101.5 47.5 -0.0865899
-101 47.5 -0.057569
-100.5 47.5 -0.0330522
-100 47.5 0
-99.5 47.5 0.0330522
-99 47.5 0.057569
-98.5 47.5 0.0865899
-98 47.5 0.114911
-97.5 47.5 0.091135
-97 47.5 0.10862
-96.5 47.5 0.109917
-96 47.5 0.0944892
-95.5 47.5 0.0961448
-95 47.5 0.112391
-94.5 47.5 0.159249
-94 47.5 0.236877
-93.5 47.5 0.183695
-93 47.5 0.150877
-92.5 47.5 0.185202
-92 47.5 0.166597
-91.5 47.5 0.120738
-91 47.5 0.15782
-90.5 47.5 0.173201
-90 47.5 0.179607
-89.5 47.5 0.17336
-89 47.5 0.152252
-88.5 47.5 0.138049
-88 47.5 0.164497
-87.5 47.5 0.144537
-87 47.5 0.110476
-86.5 47.5 0.0979386
-86 47.5 0.035042
-85.5 47.5 0.0395055
-85 47.5 0.0902327
-84.5 47.5 0.170105
-84 47.5 0.170247
-83.5 47.5 0.266492
-83 47.5 0.340898
-82.5 47.5 0.422602
-82 47.5 0.393567
-81.5 47.5 0.504332
-81 47.5 0.979016
-119 48 0.191363
-118.5 48 0.683402
-118 48 0.630836
-117.5 48 0.371568
-117 48 0.208506
-116.5 48 0.10297
-116 48 -0.077101
-115.5 48 -0.201132
-115 48 -0.245444
-114.5 48 -0.284656
-114 48 -0.373763
-113.5 48 -0.408487
-113 48 -0.366496
-112.5 48 -0.317568
-112 48 -0.281499
-111.5 48 -0.244938
-111 48 -0.256234
-110.5 48 -0.242065
-110 48 -0.245879
-109.5 48 -0.233384
-109 48 -0.16683
-108.5 48 -0.20868
-108 48 -0.242463
-107.5 48 -0.164777
-107 48 -0.145705
-106.5 48 -0.170734
-106 48 -0.153438
-105.5 48 -0.129632
-105 48 -0.11564
-104.5 48 -0.0996776
-104 48 -0.0915919
-103.5 48 -0.0651455
-103 48 -0.0696177
-102.5 48 -0.0861521
-102 48 -0.0614129
-101.5 48 -0.0420101
-101 48 -0.0291927
-100.5 48 -0.0167254
-100 48 0
-99.5 48 0.0167254
-99 48 0.0291927
-98.5 48 0.0420101
-98 48 0.0614129
-97.5 48 0.0861521
-97 48 0.0696177
-96.5 48 0.0651455
-96 48 0.0915919
-95.5 48 0.0996776
-95 48 0.11564
-94.5 48 0.129632
-94 48 0.153438
-93.5 48 0.170734
-93 48 0.145705
-92.5 48 0.164777
-92 48 0.242463
-91.5 48 0.20868
-91 48 0.16683
-90.5 48 0.233384
-90 48 0.245879
-89.5 48 0.242065
-89 48 0.256234
-88.5 48 0.244938
-88 48 0.281499
-87.5 48 0.317568
-87 48 0.366496
-86.5 48 0.408487
-86 48 0.373763
-85.5 48 0.284656
-85 48 0.245444
-84.5 48 0.201132
-84 48 0.077101
-83.5 48 -0.10297
-83 48 -0.206788
-82.5 48 -0.371568
-82 48 -0.630836
-81.5 48 -0.683366
-81 48 -0.267169
-119 48.5 -1.96419
-118.5 48.5 -1.36929
-118 48.5 -1.23685
-117.5 48.5 -1.18464
-117 48.5 -1.02045
-116.5 48.5 -0.884503
-116 48.5 -0.729755
-115.5 48.5 -0.537612
-115 48.5 -0.348881
-114.5 48.5 -0.228208
-114 48.5 -0.104227
-113.5 48.5 0.0875151
-113 48.5 0.199662
-112.5 48.5 0.226569
-112 48.5 0.266116
-111.5 48.5 0.310304
-111 48.5 0.301794
-110.5 48.5 0.265112
-110 48.5 0.197666
-109.5 48.5 0.184405
-109 48.5 0.138655
-108.5 48.5 0.0576285
-108 48.5 0.0346866
-107.5 48.5 -0.0173115
-107 48.5 -0.0634505
-106.5 48.5 -0.11032
-106 48.5 -0.138071
-105.5 48.5 -0.163594
-105 48.5 -0.175904
-104.5 48.5 -0.179173
-104 48.5 -0.160647
-103.5 48.5 -0.146857
-103 48.5 -0.130127
-102.5 48.5 -0.104739
-102 48.5 -0.0861864
-101.5 48.5 -0.0675891
-101 48.5 -0.0452513
-100.5 48.5 -0.0210009
-100 48.5 0
-99.5 48.5 0.0210009
-99 48.5 0.0452513
-98.5 48.5 0.0675891
-98 48.5 0.0861864
-97.5 48.5 0.104739
-97 48.5 0.130127
-96.5 48.5 0.146857
-96 48.5 0.160647
-95.5 48.5 0.179173
-95 48.5 0.175904
-94.5 48.5 0.163594
-94 48.5 0.138071
-93.5 48.5 0.11032
-93 48.5 0.0634505
-92.5 48.5 0.0162037
-92 48.5 -0.0346866
-91.5 48.5 -0.0576285
-91 48.5 -0.138655
-90.5 48.5 -0.184405
-90 48.5 -0.197666
-89.5 48.5 -0.265112
-89 48.5 -0.303837
-88.5 48.5 -0.310304
-88 48.5 -0.264184
-87.5 48.5 -0.226569
-87 48.5 -0.199662
-86.5 48.5 -0.0875151
-86 48.5 0.104227
-85.5 48.5 0.228208
-85 48.5 0.348881
-84.5 48.5 0.537612
-84 48.5 0.729755
-83.5 48.5 0.884503
-83 48.5 1.02045
-82.5 48.5 1.18464
-82 48.5 1.23685
-81.5 48.5 1.36929
-81 48.5 1.09969
-119 49 -3.09439
-118.5 49 -2.23209
-118 49 -1.74828
-117.5 49 -1.15656
-117 49 -0.6896
-116.5 49 -0.0954216
-116 49 0.351495
-115.5 49 0.698479
-115 49 0.94725
-114.5 49 1.11262
-114 49 1.28107
-113.5 49 1.35236
-113 49 1.37842
-112.5 49 1.39439
-112 49 1.41716
-111.5 49 1.34623
-111 49 1.23356
-110.5 49 1.06056
-110 49 0.909837
-109.5 49 0.752899
-109 49 0.558823
-108.5 49 0.407807
-108 49 0.27402
-107.5 49 0.16513
-107 49 0.0813674
-106.5 49 0.00843045
-106 49 -0.0560219
-105.5 49 -0.10472
-105 49 -0.134608
-104.5 49 -0.102132
-104 49 -0.0763088
-103.5 49 -0.103537
-103 49 -0.102818
-102.5 49 -0.0962986
-102 49 -0.0906985
-101.5 49 -0.0753712
-101 49 -0.0520128
-100.5 49 -0.0266519
-100 49 0
-99.5 49 0.0266519
-99 49 0.0520128
-98.5 49 0.0753712
-98 49 0.0906985
-97.5 49 0.0958854
-97 49 0.10234
-96.5 49 0.102413
-96 49 0.0750345
-95.5 49 0.101412
-95 49 0.134608
-94.5 49 0.10558
-94 49 0.0578763
-93.5 49 -0.00548248
-93 49 -0.0736003
-92.5 49 -0.159579
-92 49 -0.268242
-91.5 49 -0.398014
-91 49 -0.549883
-90.5 49 -0.743556
-90 49 -0.902937
-89.5 49 -1.05631
-89 49 -1.23356
-88.5 49 -1.35071
-88 49 -1.42178
-87.5 49 -1.40061
-87 49 -1.38633
-86.5 49 -1.36518
-86 49 -1.30053
-85.5 49 -1.14212
-85 49 -0.986903
-84.5 49 -0.749992
-84 49 -0.413041
-83.5 49 0.0272491
-83 49 0.613028
-82.5 49 1.08356
-82 49 1.6904
-81.5 49 2.18029
-81 49 3.32537
