-119 25 0.000272264
-118.5 25 0.00030749
-118 25 0.000681258
-117.5 25 0.000360042
-117 25 0.000489415
-116.5 25 0.000452554
-116 25 0.000433809
-115.5 25 0.000420807
-115 25 0.0004033
-114.5 25 0.000375805
-114 25 0.000349935
-113.5 25 0.000319583
-113 25 0.000293343
-112.5 25 0.000267435
-112 25 0.000232372
-111.5 25 0.000214737
-111 25 0.000190875
-110.5 25 0.000170571
-110 25 0.000152883
-109.5 25 0.000139175
-109 25 0.000119847
-108.5 25 0.000107055
-108 25 9.42252e-05
-107.5 25 8.59851e-05
-107 25 8.0471e-05
-106.5 25 8.25804e-05
-106 25 7.57756e-05
-105.5 25 7.68428e-05
-105 25 6.13766e-05
-104.5 25 6.26471e-05
-104 25 5.97894e-05
-103.5 25 5.85597e-05
-103 25 5.79931e-05
-102.5 25 5.69704e-05
-102 25 5.78424e-05
-101.5 25 5.33735e-05
-101 25 5.81856e-05
-100.5 25 5.49736e-05
-100 25 5.52008e-05
-99.5 25 5.50455e-05
-99 25 5.77349e-05
-98.5 25 5.52918e-05
-98 25 5.74671e-05
-97.5 25 5.71973e-05
-97 25 5.82335e-05
-96.5 25 5.88523e-05
-96 25 6.01591e-05
-95.5 25 6.30574e-05
-95 25 6.18466e-05
-94.5 25 7.73286e-05
-94 25 7.62622e-05
-93.5 25 8.30703e-05
-93 25 8.10314e-05
-92.5 25 8.66482e-05
-92 25 9.5016e-05
-91.5 25 0.000107962
-91 25 0.000120829
-90.5 25 0.000140223
-90 25 0.000153415
-89.5 25 0.000173371
-89 25 0.000191454
-88.5 25 0.000215931
-88 25 0.000233643
-87.5 25 0.000268758
-87 25 0.000294714
-86.5 25 0.000320952
-86 25 0.000351243
-85.5 25 0.000376992
-85 25 0.000404342
-84.5 25 0.000421699
-84 25 0.000434182
-83.5 25 0.000453295
-83 25 0.000489968
-82.5 25 0.000360047
-82 25 0.000680128
-81.5 25 0.000293822
-81 25 0.000463662
-119 25.5 -0.000265006
-118.5 25.5 -0.000353775
-118 25.5 1.1023e-05
-117.5 25.5 -0.000166769
-117 25.5 -0.000130953
-116.5 25.5 -7.20036e-05
-116 25.5 -0.000100761
-115.5 25.5 -6.62976e-05
-115 25.5 -5.02775e-05
-114.5 25.5 -2.94285e-05
-114 25.5 -4.30527e-06
-113.5 25.5 2.51321e-05
-113 25.5 2.68995e-05
-112.5 25.5 6.52924e-05
-112 25.5 8.44708e-05
-111.5 25.5 0.000108125
-111 25.5 0.00012933
-110.5 25.5 0.000149488
-110 25.5 0.000159791
-109.5 25.5 0.000177731
-109 25.5 0.000188571
-108.5 25.5 0.000191106
-108 25.5 0.000200484
-107.5 25.5 0.000203815
-107 25.5 0.00020175
-106.5 25.5 0.000204969
-106 25.5 0.000210204
-105.5 25.5 0.000210451
-105 25.5 0.000212681
-104.5 25.5 0.000215047
-104 25.5 0.000215406
-103.5 25.5 0.00021551
-103 25.5 0.000214859
-102.5 25.5 0.000214841
-102 25.5 0.000215048
-101.5 25.5 0.000215199
-101 25.5 0.000214962
-100.5 25.5 0.000215038
-100 25.5 0.000215103
-99.5 25.5 0.000215038
-99 25.5 0.000214962
-98.5 25.5 0.000214761
-98 25.5 0.000215048
-97.5 25.5 0.000214841
-97 25.5 0.000214859
-96.5 25.5 0.00021551
-96 25.5 0.000215406
-95.5 25.5 0.000215047
-95 25.5 0.000212681
-94.5 25.5 0.000210451
-94 25.5 0.000210204
-93.5 25.5 0.00020497
-93 25.5 0.00020175
-92.5 25.5 0.000203815
-92 25.5 0.000200484
-91.5 25.5 0.000191106
-91 25.5 0.00018857
-90.5 25.5 0.000177747
-90 25.5 0.000159736
-89.5 25.5 0.000149079
-89 25.5 0.000129329
-88.5 25.5 0.000108097
-88 25.5 8.40332e-05
-87.5 25.5 6.52924e-05
-87 25.5 2.68995e-05
-86.5 25.5 2.51321e-05
-86 25.5 -4.30527e-06
-85.5 25.5 -2.94285e-05
-85 25.5 -5.02775e-05
-84.5 25.5 -6.62976e-05
-84 25.5 -0.000100735
-83.5 25.5 -7.20036e-05
-83 25.5 -0.000130927
-82.5 25.5 -0.000166769
-82 25.5 1.10512e-05
-81.5 25.5 -0.000359369
-81 25.5 -0.000187689
-119 26 4.11256e-05
-118.5 26 -5.4915e-05
-118 26 0.00032678
-117.5 26 2.59677e-05
-117 26 0.000140939
-116.5 26 0.000131942
-116 26 0.000116257
-115.5 26 0.000113218
-115 26 0.000137479
-114.5 26 0.000121939
-114 26 0.000120134
-113.5 26 0.000119819
-113 26 0.000109301
-112.5 26 0.000106687
-112 26 9.86993e-05
-111.5 26 0.000102028
-111 26 9.20344e-05
-110.5 26 8.16431e-05
-110 26 9.91286e-05
-109.5 26 7.70757e-05
-109 26 8.89052e-05
-108.5 26 0.000101276
-108 26 8.71328e-05
-107.5 26 9.86084e-05
-107 26 0.00010824
-106.5 26 0.000112262
-106 26 0.000100445
-105.5 26 0.000114143
-105 26 0.000114058
-104.5 26 0.000115653
-104 26 0.000118011
-103.5 26 0.000121818
-103 26 0.000121249
-102.5 26 0.000128653
-102 26 0.000128499
-101.5 26 0.000129462
-101 26 0.000130008
-100.5 26 0.000131509
-100 26 0.000130036
-99.5 26 0.000131509
-99 26 0.000130007
-98.5 26 0.00012949
-98 26 0.000128499
-97.5 26 0.00012868
-97 26 0.000121249
-96.5 26 0.000121818
-96 26 0.000118011
-95.5 26 0.000115653
-95 26 0.000114058
-94.5 26 0.000114143
-94 26 0.000100445
-93.5 26 0.000112262
-93 26 0.00010824
-92.5 26 9.86084e-05
-92 26 8.71328e-05
-91.5 26 0.000101276
-91 26 8.89052e-05
-90.5 26 7.70889e-05
-90 26 9.91419e-05
-89.5 26 8.16696e-05
-89 26 9.20944e-05
-88.5 26 0.000101929
-88 26 0.000100524
-87.5 26 0.000106151
-87 26 0.000109334
-86.5 26 0.000119819
-86 26 0.000120134
-85.5 26 0.000121939
-85 26 0.000137479
-84.5 26 0.000113218
-84 26 0.000116257
-83.5 26 0.000131914
-83 26 0.000140515
-82.5 26 2.59677e-05
-82 26 0.00032678
-81.5 26 -6.24412e-05
-81 26 0.0001493
-119 26.5 6.01669e-05
-118.5 26.5 -0.000123557
-118 26.5 0.000298876
-117.5 26.5 2.67853e-05
-117 26.5 0.000132703
-116.5 26.5 0.00012318
-116 26.5 0.000103191
-115.5 26.5 0.000128199
-115 26.5 9.66269e-05
-114.5 26.5 0.000101218
-114 26.5 0.000108778
-113.5 26.5 0.000102494
-113 26.5 0.00012234
-112.5 26.5 0.000113121
-112 26.5 0.000127968
-111.5 26.5 0.000130943
-111 26.5 0.000121221
-110.5 26.5 0.000133532
-110 26.5 0.000129913
-109.5 26.5 0.000131496
-109 26.5 0.000129937
-108.5 26.5 0.000129445
-108 26.5 0.000136205
-107.5 26.5 0.0001338
-107 26.5 0.000135045
-106.5 26.5 0.000136084
-106 26.5 0.000139862
-105.5 26.5 0.00014087
-105 26.5 0.000142468
-104.5 26.5 0.000143958
-104 26.5 0.0001456
-103.5 26.5 0.000145405
-103 26.5 0.00014482
-102.5 26.5 0.000145214
-102 26.5 0.000144441
-101.5 26.5 0.000146477
-101 26.5 0.000146147
-100.5 26.5 0.000146311
-100 26.5 0.000145351
-99.5 26.5 0.000146311
-99 26.5 0.00014616
-98.5 26.5 0.000146477
-98 26.5 0.000144441
-97.5 26.5 0.000144776
-97 26.5 0.00014482
-96.5 26.5 0.000145405
-96 26.5 0.0001456
-95.5 26.5 0.000143958
-95 26.5 0.000142468
-94.5 26.5 0.00014087
-94 26.5 0.000139862
-93.5 26.5 0.000136084
-93 26.5 0.000135045
-92.5 26.5 0.0001338
-92 26.5 0.000136205
-91.5 26.5 0.000129444
-91 26.5 0.000129953
-90.5 26.5 0.000131441
-90 26.5 0.000129929
-89.5 26.5 0.000133497
-89 26.5 0.000121337
-88.5 26.5 0.00012911
-88 26.5 0.000128098
-87.5 26.5 0.000113087
-87 26.5 0.00012234
-86.5 26.5 0.000102494
-86 26.5 0.000108777
-85.5 26.5 0.000101218
-85 26.5 9.66269e-05
-84.5 26.5 0.000128199
-84 26.5 0.000103224
-83.5 26.5 0.000123106
-83 26.5 0.000134481
-82.5 26.5 2.62612e-05
-82 26.5 0.000298876
-81.5 26.5 -0.000128184
-81 26.5 0.000130584
-119 27 8.64893e-05
-118.5 27 -0.000127677
-118 27 0.000291814
-117.5 27 -2.24951e-05
-117 27 0.000137341
-116.5 27 0.000100064
-116 27 9.04649e-05
-115.5 27 9.42805e-05
-115 27 0.000112563
-114.5 27 0.000117728
-114 27 0.000112004
-113.5 27 0.000124472
-113 27 0.000122991
-112.5 27 0.00013121
-112 27 0.000118608
-111.5 27 0.000125176
-111 27 0.000137262
-110.5 27 0.000128557
-110 27 0.000125212
-109.5 27 0.000138655
-109 27 0.000136409
-108.5 27 0.000138744
-108 27 0.000133697
-107.5 27 0.000137625
-107 27 0.000139026
-106.5 27 0.000141003
-106 27 0.00015051
-105.5 27 0.000145494
-105 27 0.000154008
-104.5 27 0.00015503
-104 27 0.000155673
-103.5 27 0.000155684
-103 27 0.000162032
-102.5 27 0.000160805
-102 27 0.000163441
-101.5 27 0.000157364
-101 27 0.000159121
-100.5 27 0.000162223
-100 27 0.000162506
-99.5 27 0.000162239
-99 27 0.000159065
-98.5 27 0.000157414
-98 27 0.000162895
-97.5 27 0.000162647
-97 27 0.000161446
-96.5 27 0.000155718
-96 27 0.000155673
-95.5 27 0.00015503
-95 27 0.000154008
-94.5 27 0.000145494
-94 27 0.00015051
-93.5 27 0.000141003
-93 27 0.000139026
-92.5 27 0.000137625
-92 27 0.000133697
-91.5 27 0.000138744
-91 27 0.000136409
-90.5 27 0.000138696
-90 27 0.000125245
-89.5 27 0.000128028
-89 27 0.000139049
-88.5 27 0.000125085
-88 27 0.000118231
-87.5 27 0.00013121
-87 27 0.00012299
-86.5 27 0.000124472
-86 27 0.000112017
-85.5 27 0.000117728
-85 27 0.000112563
-84.5 27 9.42454e-05
-84 27 9.10267e-05
-83.5 27 9.81659e-05
-83 27 0.000137478
-82.5 27 -2.25302e-05
-82 27 0.000291814
-81.5 27 -0.000130622
-81 27 0.000127391
-119 27.5 0.000120017
-118.5 27.5 -0.000115355
-118 27.5 0.000282459
-117.5 27.5 8.05866e-06
-117 27.5 0.000145198
-116.5 27.5 9.48941e-05
-116 27.5 0.000102849
-115.5 27.5 0.000124805
-115 27.5 0.000104724
-114.5 27.5 0.000118135
-114 27.5 0.00010854
-113.5 27.5 0.000127879
-113 27.5 0.00012169
-112.5 27.5 0.000124293
-112 27.5 0.000120432
-111.5 27.5 0.000121354
-111 27.5 0.000113686
-110.5 27.5 0.0001333
-110 27.5 0.000139385
-109.5 27.5 0.000135685
-109 27.5 0.000142141
-108.5 27.5 0.000137845
-108 27.5 0.000157207
-107.5 27.5 0.0001551
-107 27.5 0.000154564
-106.5 27.5 0.000156261
-106 27.5 0.000155067
-105.5 27.5 0.000154852
-105 27.5 0.00015587
-104.5 27.5 0.000154373
-104 27.5 0.000155317
-103.5 27.5 0.000159326
-103 27.5 0.000159222
-102.5 27.5 0.000160188
-102 27.5 0.000159583
-101.5 27.5 0.000162684
-101 27.5 0.000162795
-100.5 27.5 0.000162166
-100 27.5 0.000161315
-99.5 27.5 0.000162166
-99 27.5 0.000162808
-98.5 27.5 0.000162698
-98 27.5 0.000159584
-97.5 27.5 0.000159734
-97 27.5 0.000159716
-96.5 27.5 0.000159309
-96 27.5 0.000155318
-95.5 27.5 0.000154387
-95 27.5 0.00015587
-94.5 27.5 0.000154852
-94 27.5 0.000155067
-93.5 27.5 0.000156261
-93 27.5 0.000154564
-92.5 27.5 0.0001551
-92 27.5 0.000157207
-91.5 27.5 0.000137845
-91 27.5 0.000142141
-90.5 27.5 0.000135247
-90 27.5 0.000139385
-89.5 27.5 0.0001333
-89 27.5 0.000113296
-88.5 27.5 0.000120776
-88 27.5 0.000122284
-87.5 27.5 0.00012373
-87 27.5 0.000121736
-86.5 27.5 0.000127896
-86 27.5 0.000108484
-85.5 27.5 0.000118151
-85 27.5 0.000104723
-84.5 27.5 0.000124805
-84 27.5 0.000102849
-83.5 27.5 9.53182e-05
-83 27.5 0.000145225
-82.5 27.5 8.05866e-06
-82 27.5 0.000282459
-81.5 27.5 -0.000115201
-81 27.5 0.000115548
-119 28 0.000202209
-118.5 28 -0.000176993
-118 28 0.000258644
-117.5 28 4.0963e-05
-117 28 0.000145954
-116.5 28 0.000105721
-116 28 0.000105904
-115.5 28 0.000125169
-115 28 0.000107125
-114.5 28 0.000124701
-114 28 0.000129299
-113.5 28 0.000118011
-113 28 0.000117209
-112.5 28 0.000126312
-112 28 0.00012813
-111.5 28 0.000135945
-111 28 0.00013005
-110.5 28 0.000155562
-110 28 0.000137771
-109.5 28 0.000142452
-109 28 0.000144213
-108.5 28 0.000144978
-108 28 0.000146752
-107.5 28 0.000148136
-107 28 0.000152984
-106.5 28 0.00015552
-106 28 0.000161233
-105.5 28 0.000164409
-105 28 0.000164374
-104.5 28 0.000166228
-104 28 0.000172998
-103.5 28 0.000152859
-103 28 0.000161076
-102.5 28 0.000161064
-102 28 0.000161534
-101.5 28 0.00016235
-101 28 0.000162482
-100.5 28 0.000162724
-100 28 0.000163732
-99.5 28 0.000162723
-99 28 0.000162498
-98.5 28 0.000162293
-98 28 0.000161516
-97.5 28 0.000161673
-97 28 0.000159202
-96.5 28 0.000153413
-96 28 0.00017298
-95.5 28 0.000166172
-95 28 0.000164391
-94.5 28 0.000164382
-94 28 0.000161233
-93.5 28 0.00015552
-93 28 0.000152984
-92.5 28 0.000148136
-92 28 0.000146752
-91.5 28 0.000145013
-91 28 0.000143658
-90.5 28 0.000144313
-90 28 0.000137216
-89.5 28 0.000155597
-89 28 0.000130077
-88.5 28 0.000135946
-88 28 0.000127675
-87.5 28 0.000126385
-87 28 0.000117136
-86.5 28 0.000118028
-86 28 0.000129311
-85.5 28 0.000124715
-85 28 0.000107125
-84.5 28 0.000125169
-84 28 0.000105904
-83.5 28 0.000106117
-83 28 0.000145954
-82.5 28 4.0963e-05
-82 28 0.000258644
-81.5 28 -0.000173849
-81 28 0.000155032
-119 28.5 0.000246111
-118.5 28.5 -0.000169918
-118 28.5 0.000252633
-117.5 28.5 5.23545e-05
-117 28.5 0.000117127
-116.5 28.5 0.000113349
-116 28.5 0.000104468
-115.5 28.5 0.000125451
-115 28.5 0.000109997
-114.5 28.5 0.000139566
-114 28.5 0.000108532
-113.5 28.5 0.000135592
-113 28.5 0.000126171
-112.5 28.5 0.000134756
-112 28.5 0.00012994
-111.5 28.5 0.000130993
-111 28.5 0.000135925
-110.5 28.5 0.000129851
-110 28.5 0.000145615
-109.5 28.5 0.000149513
-109 28.5 0.000151399
-108.5 28.5 0.000154529
-108 28.5 0.000154043
-107.5 28.5 0.000159355
-107 28.5 0.000160121
-106.5 28.5 0.000165674
-106 28.5 0.000149481
-105.5 28.5 0.000154904
-105 28.5 0.000158105
-104.5 28.5 0.000160955
-104 28.5 0.000164845
-103.5 28.5 0.000171224
-103 28.5 0.000177052
-102.5 28.5 0.000175443
-102 28.5 0.000178274
-101.5 28.5 0.000180868
-101 28.5 0.000180115
-100.5 28.5 0.000180764
-100 28.5 0.000181748
-99.5 28.5 0.000180764
-99 28.5 0.000180115
-98.5 28.5 0.000180881
-98 28.5 0.000178274
-97.5 28.5 0.000175006
-97 28.5 0.00017749
-96.5 28.5 0.000171224
-96 28.5 0.000164845
-95.5 28.5 0.000160968
-95 28.5 0.000158105
-94.5 28.5 0.000155328
-94 28.5 0.000149481
-93.5 28.5 0.00016566
-93 28.5 0.000160121
-92.5 28.5 0.000159355
-92 28.5 0.000154043
-91.5 28.5 0.000154529
-91 28.5 0.000151399
-90.5 28.5 0.000149076
-90 28.5 0.000145615
-89.5 28.5 0.000129851
-89 28.5 0.000135925
-88.5 28.5 0.000130993
-88 28.5 0.000129967
-87.5 28.5 0.000134756
-87 28.5 0.000126184
-86.5 28.5 0.000135591
-86 28.5 0.000108547
-85.5 28.5 0.000139509
-85 28.5 0.000110014
-84.5 28.5 0.000125416
-84 28.5 0.000105012
-83.5 28.5 0.000111534
-83 28.5 0.00011767
-82.5 28.5 5.23205e-05
-82 28.5 0.000252633
-81.5 28.5 -0.000163657
-81 28.5 0.000154737
-119 29 0.000320967
-118.5 29 -0.000180254
-118 29 0.000239558
-117.5 29 7.84519e-05
-117 29 0.0001218
-116.5 29 0.00010779
-116 29 0.000115251
-115.5 29 0.000133502
-115 29 0.000120416
-114.5 29 0.000123234
-114 29 0.000113677
-113.5 29 0.000146717
-113 29 0.00013793
-112.5 29 0.000129777
-112 29 0.000142083
-111.5 29 0.000144687
-111 29 0.000145038
-110.5 29 0.000148609
-110 29 0.000150724
-109.5 29 0.000154396
-109 29 0.000156107
-108.5 29 0.000156199
-108 29 0.000169718
-107.5 29 0.000149695
-107 29 0.000159281
-106.5 29 0.00016192
-106 29 0.000170724
-105.5 29 0.000175044
-105 29 0.00017769
-104.5 29 0.000179052
-104 29 0.00017889
-103.5 29 0.000181783
-103 29 0.000182077
-102.5 29 0.000181639
-102 29 0.000185121
-101.5 29 0.000183595
-101 29 0.000185263
-100.5 29 0.000186836
-100 29 0.000185886
-99.5 29 0.000186836
-99 29 0.000185263
-98.5 29 0.00018363
-98 29 0.000184555
-97.5 29 0.000183519
-97 29 0.000181471
-96.5 29 0.000181818
-96 29 0.00017889
-95.5 29 0.000179017
-95 29 0.000178238
-94.5 29 0.000173194
-94 29 0.000171256
-93.5 29 0.000161943
-93 29 0.000159264
-92.5 29 0.000149696
-92 29 0.000169718
-91.5 29 0.000156199
-91 29 0.000156079
-90.5 29 0.000154424
-90 29 0.000150724
-89.5 29 0.000148609
-89 29 0.000145038
-88.5 29 0.000144686
-88 29 0.0001421
-87.5 29 0.000129748
-87 29 0.000137946
-86.5 29 0.000146716
-86 29 0.00011369
-85.5 29 0.000123247
-85 29 0.000120416
-84.5 29 0.000133502
-84 29 0.000115252
-83.5 29 0.000108227
-83 29 0.0001218
-82.5 29 7.84519e-05
-82 29 0.000239558
-81.5 29 -0.000169431
-81 29 0.000163171
-119 29.5 0.000374322
-118.5 29.5 -0.000217796
-118 29.5 0.000245179
-117.5 29.5 8.26845e-05
-117 29.5 0.000119423
-116.5 29.5 0.000114583
-116 29.5 0.00012991
-115.5 29.5 0.000125235
-115 29.5 0.000127764
-114.5 29.5 0.000139656
-114 29.5 0.000133787
-113.5 29.5 0.000119287
-113 29.5 0.000132996
-112.5 29.5 0.000132781
-112 29.5 0.000143809
-111.5 29.5 0.00014705
-111 29.5 0.000149098
-110.5 29.5 0.000151998
-110 29.5 0.000154331
-109.5 29.5 0.000155455
-109 29.5 0.000161232
-108.5 29.5 0.00017301
-108 29.5 0.000153921
-107.5 29.5 0.000169581
-107 29.5 0.000170454
-106.5 29.5 0.000173734
-106 29.5 0.000177152
-105.5 29.5 0.000179051
-105 29.5 0.000182258
-104.5 29.5 0.000185894
-104 29.5 0.000189895
-103.5 29.5 0.000192621
-103 29.5 0.000194053
-102.5 29.5 0.00019859
-102 29.5 0.000198013
-101.5 29.5 0.000202344
-101 29.5 0.000201249
-100.5 29.5 0.000201452
-100 29.5 0.000203472
-99.5 29.5 0.000201452
-99 29.5 0.000201249
-98.5 29.5 0.000202345
-98 29.5 0.000198014
-97.5 29.5 0.000198149
-97 29.5 0.00019411
-96.5 29.5 0.000192617
-96 29.5 0.000189897
-95.5 29.5 0.000185894
-95 29.5 0.000182258
-94.5 29.5 0.000179912
-94 29.5 0.000177152
-93.5 29.5 0.000173721
-93 29.5 0.000170453
-92.5 29.5 0.00016958
-92 29.5 0.000153921
-91.5 29.5 0.00017301
-91 29.5 0.000161669
-90.5 29.5 0.000155455
-90 29.5 0.000154331
-89.5 29.5 0.000151998
-89 29.5 0.000149098
-88.5 29.5 0.00014705
-88 29.5 0.000143809
-87.5 29.5 0.000132358
-87 29.5 0.000132995
-86.5 29.5 0.000119305
-86 29.5 0.00013373
-85.5 29.5 0.000139673
-85 29.5 0.000127763
-84.5 29.5 0.000125261
-84 29.5 0.000129914
-83.5 29.5 0.0001145
-83 29.5 0.000119468
-82.5 29.5 8.26834e-05
-82 29.5 0.000245179
-81.5 29.5 -0.000204451
-81 29.5 0.000181179
-119 30 0.000408634
-118.5 30 -0.00022597
-118 30 0.000252889
-117.5 30 9.19155e-05
-117 30 0.000120043
-116.5 30 0.000133437
-116 30 0.000115982
-115.5 30 0.00012596
-115 30 0.000128362
-114.5 30 0.00012663
-114 30 0.000136812
-113.5 30 0.000135818
-113 30 0.000141772
-112.5 30 0.000140698
-112 30 0.00014729
-111.5 30 0.000151694
-111 30 0.000154701
-110.5 30 0.000161153
-110 30 0.000159799
-109.5 30 0.000171117
-109 30 0.00015329
-108.5 30 0.000161169
-108 30 0.000171087
-107.5 30 0.000175039
-107 30 0.000181871
-106.5 30 0.000184721
-106 30 0.000187079
-105.5 30 0.00019249
-105 30 0.000193441
-104.5 30 0.000196767
-104 30 0.00020102
-103.5 30 0.000203809
-103 30 0.000206138
-102.5 30 0.000209488
-102 30 0.000211722
-101.5 30 0.000211479
-101 30 0.000214449
-100.5 30 0.000214799
-100 30 0.000213555
-99.5 30 0.000214798
-99 30 0.000214449
-98.5 30 0.000211465
-98 30 0.000211739
-97.5 30 0.000209456
-97 30 0.000206159
-96.5 30 0.00020375
-96 30 0.000201024
-95.5 30 0.00019673
-95 30 0.000194018
-94.5 30 0.000190564
-94 30 0.000187656
-93.5 30 0.000184686
-93 30 0.000181884
-92.5 30 0.000175052
-92 30 0.000171051
-91.5 30 0.000161746
-91 30 0.000151388
-90.5 30 0.000171694
-90 30 0.000159763
-89.5 30 0.000161153
-89 30 0.000154701
-88.5 30 0.00015173
-88 30 0.000146713
-87.5 30 0.000142599
-87 30 0.000141196
-86.5 30 0.000135854
-86 30 0.000136826
-85.5 30 0.00012663
-85 30 0.000128363
-84.5 30 0.000125506
-84 30 0.00011604
-83.5 30 0.000133433
-83 30 0.000119607
-82.5 30 9.19155e-05
-82 30 0.000252889
-81.5 30 -0.000210683
-81 30 0.000188194
-119 30.5 0.000446037
-118.5 30.5 -0.000241648
-118 30.5 0.000254326
-117.5 30.5 9.08405e-05
-117 30.5 0.000128249
-116.5 30.5 0.000111388
-116 30.5 0.00013289
-115.5 30.5 0.000128007
-115 30.5 0.000132528
-114.5 30.5 0.000130741
-114 30.5 0.000132051
-113.5 30.5 0.00014538
-113 30.5 0.000143056
-112.5 30.5 0.000151063
-112 30.5 0.000159929
-111.5 30.5 0.000154408
-111 30.5 0.000158314
-110.5 30.5 0.000160504
-110 30.5 0.000171531
-109.5 30.5 0.000155673
-109 30.5 0.000173942
-108.5 30.5 0.000177763
-108 30.5 0.000182624
-107.5 30.5 0.000185513
-107 30.5 0.00018703
-106.5 30.5 0.000192372
-106 30.5 0.000196535
-105.5 30.5 0.000202281
-105 30.5 0.000207059
-104.5 30.5 0.00021259
-104 30.5 0.000215635
-103.5 30.5 0.00021787
-103 30.5 0.000218342
-102.5 30.5 0.000218333
-102 30.5 0.000218636
-101.5 30.5 0.00021717
-101 30.5 0.000217415
-100.5 30.5 0.000216477
-100 30.5 0.000217731
-99.5 30.5 0.000216492
-99 30.5 0.000217397
-98.5 30.5 0.000217228
-98 30.5 0.000218618
-97.5 30.5 0.000218347
-97 30.5 0.000218357
-96.5 30.5 0.000217865
-96 30.5 0.000215692
-95.5 30.5 0.000212572
-95 30.5 0.00020706
-94.5 30.5 0.000202705
-94 30.5 0.000196534
-93.5 30.5 0.000192389
-93 30.5 0.000186989
-92.5 30.5 0.000185472
-92 30.5 0.00018264
-91.5 30.5 0.000177762
-91 30.5 0.000174379
-90.5 30.5 0.000155673
-90 30.5 0.000171531
-89.5 30.5 0.000160504
-89 30.5 0.000158314
-88.5 30.5 0.000154381
-88 30.5 0.000159929
-87.5 30.5 0.000150626
-87 30.5 0.000143056
-86.5 30.5 0.00014538
-86 30.5 0.00013205
-85.5 30.5 0.000130777
-85 30.5 0.000131945
-84.5 30.5 0.000129919
-84 30.5 0.00013233
-83.5 30.5 0.000110841
-83 30.5 0.000130161
-82.5 30.5 9.02576e-05
-82 30.5 0.000254363
-81.5 30.5 -0.000224572
-81 30.5 0.000200497
-119 31 0.000458537
-118.5 31 -0.000240295
-118 31 0.00027322
-117.5 31 9.19472e-05
-117 31 0.000123222
-116.5 31 0.000142174
-116 31 0.000120712
-115.5 31 0.00013176
-115 31 0.000136606
-114.5 31 0.000132529
-114 31 0.000149462
-113.5 31 0.000149435
-113 31 0.000147461
-112.5 31 0.000155401
-112 31 0.000155485
-111.5 31 0.000156279
-111 31 0.000173415
-110.5 31 0.000155507
-110 31 0.000167175
-109.5 31 0.000176756
-109 31 0.000179928
-108.5 31 0.000183076
-108 31 0.000188707
-107.5 31 0.000193465
-107 31 0.000198346
-106.5 31 0.000206546
-106 31 0.000211948
-105.5 31 0.00021498
-105 31 0.000219332
-104.5 31 0.000218098
-104 31 0.000218324
-103.5 31 0.000216846
-103 31 0.000216762
-102.5 31 0.000215699
-102 31 0.000215118
-101.5 31 0.000217315
-101 31 0.000217222
-100.5 31 0.000216885
-100 31 0.000217986
-99.5 31 0.000216821
-99 31 0.000217232
-98.5 31 0.000217294
-98 31 0.000215117
-97.5 31 0.000215716
-97 31 0.000216704
-96.5 31 0.000216862
-96 31 0.00021831
-95.5 31 0.000218099
-95 31 0.000219315
-94.5 31 0.000215011
-94 31 0.00021193
-93.5 31 0.000206547
-93 31 0.000198372
-92.5 31 0.000193492
-92 31 0.000188707
-91.5 31 0.000183076
-91 31 0.000179901
-90.5 31 0.000176756
-90 31 0.000167175
-89.5 31 0.000155533
-89 31 0.000173415
-88.5 31 0.000156716
-88 31 0.000155485
-87.5 31 0.000155428
-87 31 0.000147461
-86.5 31 0.000149435
-86 31 0.000149462
-85.5 31 0.000132529
-85 31 0.000136606
-84.5 31 0.000131363
-84 31 0.000120713
-83.5 31 0.000142147
-83 31 0.000122785
-82.5 31 9.19472e-05
-82 31 0.000273168
-81.5 31 -0.000221677
-81 31 0.000197594
-119 31.5 0.00047352
-118.5 31.5 -0.000258173
-118 31.5 0.000280764
-117.5 31.5 7.55069e-05
-117 31.5 0.00013995
-116.5 31.5 0.000119244
-116 31.5 0.000128594
-115.5 31.5 0.000136865
-115 31.5 0.000140081
-114.5 31.5 0.000138499
-114 31.5 0.000147227
-113.5 31.5 0.000154641
-113 31.5 0.000151324
-112.5 31.5 0.000162007
-112 31.5 0.000157683
-111.5 31.5 0.000175558
-111 31.5 0.000156435
-110.5 31.5 0.000172302
-110 31.5 0.000177505
-109.5 31.5 0.000182841
-109 31.5 0.000187255
-108.5 31.5 0.000192774
-108 31.5 0.00019813
-107.5 31.5 0.000207167
-107 31.5 0.000211213
-106.5 31.5 0.000218499
-106 31.5 0.000219457
-105.5 31.5 0.000219491
-105 31.5 0.000217847
-104.5 31.5 0.000216541
-104 31.5 0.000218227
-103.5 31.5 0.000218166
-103 31.5 0.000221877
-102.5 31.5 0.000226349
-102 31.5 0.000231679
-101.5 31.5 0.000235828
-101 31.5 0.000240939
-100.5 31.5 0.000243401
-100 31.5 0.00024257
-99.5 31.5 0.000243435
-99 31.5 0.000240964
-98.5 31.5 0.000235842
-98 31.5 0.000231678
-97.5 31.5 0.000226349
-97 31.5 0.00022189
-96.5 31.5 0.000218179
-96 31.5 0.000218227
-95.5 31.5 0.000216541
-95 31.5 0.000217847
-94.5 31.5 0.000219477
-94 31.5 0.000219456
-93.5 31.5 0.000218516
-93 31.5 0.000211171
-92.5 31.5 0.000207126
-92 31.5 0.000198147
-91.5 31.5 0.000192773
-91 31.5 0.000187255
-90.5 31.5 0.000182841
-90 31.5 0.000177505
-89.5 31.5 0.000171841
-89 31.5 0.00015703
-88.5 31.5 0.000173624
-88 31.5 0.000158278
-87.5 31.5 0.00016197
-87 31.5 0.000151324
-86.5 31.5 0.000154641
-86 31.5 0.000147227
-85.5 31.5 0.000138485
-85 31.5 0.000140098
-84.5 31.5 0.000136397
-84 31.5 0.000128613
-83.5 31.5 0.00011968
-83 31.5 0.000139978
-82.5 31.5 7.54889e-05
-82 31.5 0.000280836
-81.5 31.5 -0.00023968
-81 31.5 0.000208356
-119 32 0.000484348
-118.5 32 -0.000238349
-118 32 0.000276556
-117.5 32 9.44648e-05
-117 32 0.000123811
-116.5 32 0.000153228
-116 32 0.000125438
-115.5 32 0.000129271
-115 32 0.000156429
-114.5 32 0.000140563
-114 32 0.000154091
-113.5 32 0.000158778
-113 32 0.000156335
-112.5 32 0.000163236
-112 32 0.000172302
-111.5 32 0.000158794
-111 32 0.000175171
-110.5 32 0.000178874
-110 32 0.000187296
-109.5 32 0.000191081
-109 32 0.000196233
-108.5 32 0.00020537
-108 32 0.000211635
-107.5 32 0.000218062
-107 32 0.000220244
-106.5 32 0.000219986
-106 32 0.000217861
-105.5 32 0.000218769
-105 32 0.000220222
-104.5 32 0.000226151
-104 32 0.000232793
-103.5 32 0.00024618
-103 32 0.000258241
-102.5 32 0.000268919
-102 32 0.000280384
-101.5 32 0.000283737
-101 32 0.000287505
-100.5 32 0.000289863
-100 32 0.00029088
-99.5 32 0.000289868
-99 32 0.000287423
-98.5 32 0.000283793
-98 32 0.000280331
-97.5 32 0.000268927
-97 32 0.000258258
-96.5 32 0.000246121
-96 32 0.000232817
-95.5 32 0.000226143
-95 32 0.000220222
-94.5 32 0.00021877
-94 32 0.000217861
-93.5 32 0.000219987
-93 32 0.000220257
-92.5 32 0.000218075
-92 32 0.000211635
-91.5 32 0.00020537
-91 32 0.000196205
-90.5 32 0.000191118
-90 32 0.000186713
-89.5 32 0.000180762
-89 32 0.000174587
-88.5 32 0.000159267
-88 32 0.000172302
-87.5 32 0.000163236
-87 32 0.000156335
-86.5 32 0.000158779
-86 32 0.000154072
-85.5 32 0.000140659
-85 32 0.000155822
-84.5 32 0.000131195
-84 32 0.000125438
-83.5 32 0.000151293
-83 32 0.000124411
-82.5 32 9.44455e-05
-82 32 0.000276484
-81.5 32 -0.000218915
-81 32 0.000205424
-119 32.5 0.000476026
-118.5 32.5 -0.000237802
-118 32.5 0.00027817
-117.5 32.5 8.83496e-05
-117 32.5 0.000140442
-116.5 32.5 0.000145471
-116 32.5 0.000111749
-115.5 32.5 0.000164035
-115 32.5 0.000143784
-114.5 32.5 0.000151627
-114 32.5 0.000156531
-113.5 32.5 0.000158054
-113 32.5 0.000162288
-112.5 32.5 0.000174517
-112 32.5 0.000158112
-111.5 32.5 0.00017968
-111 32.5 0.000179722
-110.5 32.5 0.000190295
-110 32.5 0.000192154
-109.5 32.5 0.000200227
-109 32.5 0.00020712
-108.5 32.5 0.000215537
-108 32.5 0.000219903
-107.5 32.5 0.000222787
-107 32.5 0.000218968
-106.5 32.5 0.000220047
-106 32.5 0.000221766
-105.5 32.5 0.000229814
-105 32.5 0.000244426
-104.5 32.5 0.000260966
-104 32.5 0.000281813
-103.5 32.5 0.000290223
-103 32.5 0.000298254
-102.5 32.5 0.000306075
-102 32.5 0.000294256
-101.5 32.5 0.000281234
-101 32.5 0.000278717
-100.5 32.5 0.000279394
-100 32.5 0.000277361
-99.5 32.5 0.000279414
-99 32.5 0.000278754
-98.5 32.5 0.000281178
-98 32.5 0.000294332
-97.5 32.5 0.000306064
-97 32.5 0.000298254
-96.5 32.5 0.000290245
-96 32.5 0.000281781
-95.5 32.5 0.000260998
-95 32.5 0.000244424
-94.5 32.5 0.000229814
-94 32.5 0.000221766
-93.5 32.5 0.000220034
-93 32.5 0.000218967
-92.5 32.5 0.000222786
-92 32.5 0.000219903
-91.5 32.5 0.000215537
-91 32.5 0.000207557
-90.5 32.5 0.000200227
-90 32.5 0.000192154
-89.5 32.5 0.000189872
-89 32.5 0.000179722
-88.5 32.5 0.000179652
-88 32.5 0.000158112
-87.5 32.5 0.000174517
-87 32.5 0.000162288
-86.5 32.5 0.000158054
-86 32.5 0.000156529
-85.5 32.5 0.000151631
-85 32.5 0.000143725
-84.5 32.5 0.000163616
-84 32.5 0.000111775
-83.5 32.5 0.000146331
-83 32.5 0.000140443
-82.5 32.5 8.83769e-05
-82 32.5 0.000278184
-81.5 32.5 -0.000218583
-81 32.5 0.0002003
-119 33 0.000489639
-118.5 33 -0.000218104
-118 33 0.000273249
-117.5 33 9.01046e-05
-117 33 0.000137056
-116.5 33 0.000137223
-116 33 0.000151419
-115.5 33 0.000151036
-115 33 0.000146264
-114.5 33 0.00016033
-114 33 0.000159025
-113.5 33 0.000159569
-113 33 0.00017974
-112.5 33 0.000156507
-112 33 0.000178694
-111.5 33 0.000183583
-111 33 0.000188613
-110.5 33 0.000194451
-110 33 0.000202376
-109.5 33 0.000211473
-109 33 0.000220242
-108.5 33 0.000221838
-108 33 0.000222323
-107.5 33 0.000219928
-107 33 0.000222936
-106.5 33 0.000229684
-106 33 0.00024601
-105.5 33 0.00026914
-105 33 0.00028762
-104.5 33 0.000303074
-104 33 0.000296633
-103.5 33 0.000281949
-103 33 0.00027616
-102.5 33 0.000272917
-102 33 0.000242684
-101.5 33 0.000331058
-101 33 0.00030406
-100.5 33 0.000303953
-100 33 0.000307696
-99.5 33 0.000303937
-99 33 0.000304106
-98.5 33 0.000331019
-98 33 0.000242689
-97.5 33 0.000272873
-97 33 0.000276169
-96.5 33 0.000281971
-96 33 0.000296599
-95.5 33 0.000303115
-95 33 0.000287567
-94.5 33 0.00026915
-94 33 0.000246005
-93.5 33 0.000229744
-93 33 0.000222931
-92.5 33 0.000219929
-92 33 0.000222284
-91.5 33 0.00022244
-91 33 0.00021827
-90.5 33 0.000212088
-90 33 0.000202337
-89.5 33 0.000194477
-89 33 0.000188613
-88.5 33 0.000183583
-88 33 0.000178694
-87.5 33 0.000156507
-87 33 0.00017974
-86.5 33 0.000159569
-86 33 0.000159025
-85.5 33 0.000160344
-85 33 0.000146277
-84.5 33 0.000151026
-84 33 0.000151579
-83.5 33 0.000135284
-83 33 0.000137639
-82.5 33 8.96307e-05
-82 33 0.00027326
-81.5 33 -0.000199031
-81 33 0.000216394
-119 33.5 0.000466656
-118.5 33.5 -0.000208585
-118 33.5 0.00026513
-117.5 33.5 9.04421e-05
-117 33.5 0.000143486
-116.5 33.5 0.000155746
-116 33.5 0.000140475
-115.5 33.5 0.00015637
-115 33.5 0.000150317
-114.5 33.5 0.000167695
-114 33.5 0.000165006
-113.5 33.5 0.000173303
-113 33.5 0.000163843
-112.5 33.5 0.00017504
-112 33.5 0.000187112
-111.5 33.5 0.00018749
-111 33.5 0.000195954
-110.5 33.5 0.000205206
-110 33.5 0.000212918
-109.5 33.5 0.000220512
-109 33.5 0.000223898
-108.5 33.5 0.000222494
-108 33.5 0.000220935
-107.5 33.5 0.000226365
-107 33.5 0.000239138
-106.5 33.5 0.000264981
-106 33.5 0.000288505
-105.5 33.5 0.000305967
-105 33.5 0.000300389
-104.5 33.5 0.000281194
-104 33.5 0.000249169
-103.5 33.5 0.000326977
-103 33.5 0.000311532
-102.5 33.5 0.000315862
-102 33.5 0.00032695
-101.5 33.5 0.000321034
-101 33.5 0.000327349
-100.5 33.5 0.000331027
-100 33.5 0.000329001
-99.5 33.5 0.000331047
-99 33.5 0.000327267
-98.5 33.5 0.000321097
-98 33.5 0.000326923
-97.5 33.5 0.000315935
-97 33.5 0.000311499
-96.5 33.5 0.000326919
-96 33.5 0.000249195
-95.5 33.5 0.000281175
-95 33.5 0.000300461
-94.5 33.5 0.000305974
-94 33.5 0.000288438
-93.5 33.5 0.000264998
-93 33.5 0.00023907
-92.5 33.5 0.000226392
-92 33.5 0.000220916
-91.5 33.5 0.000222554
-91 33.5 0.000224315
-90.5 33.5 0.000220513
-90 33.5 0.000212918
-89.5 33.5 0.000205206
-89 33.5 0.000195954
-88.5 33.5 0.00018749
-88 33.5 0.000187112
-87.5 33.5 0.00017504
-87 33.5 0.000163843
-86.5 33.5 0.000173302
-86 33.5 0.000165024
-85.5 33.5 0.000167635
-85 33.5 0.000150374
-84.5 33.5 0.000155747
-84 33.5 0.000142461
-83.5 33.5 0.000155567
-83 33.5 0.000142989
-82.5 33.5 9.2427e-05
-82 33.5 0.000264449
-81.5 33.5 -0.000190076
-81 33.5 0.000203533
-119 34 0.000458084
-118.5 34 -0.000174707
-118 34 0.00024893
-117.5 34 0.000114285
-117 34 0.000140398
-116.5 34 0.000139859
-116 34 0.00015151
-115.5 34 0.000158373
-115 34 0.000155791
-114.5 34 0.000170619
-114 34 0.000155221
-113.5 34 0.000164696
-113 34 0.000177477
-112.5 34 0.00018316
-112 34 0.00019079
-111.5 34 0.000196047
-111 34 0.000204541
-110.5 34 0.000214463
-110 34 0.000222977
-109.5 34 0.000225407
-109 34 0.000222514
-108.5 34 0.000223198
-108 34 0.000230205
-107.5 34 0.000250482
-107 34 0.000281695
-106.5 34 0.000302021
-106 34 0.000300846
-105.5 34 0.000284454
-105 34 0.000244705
-104.5 34 0.000335624
-104 34 0.000313641
-103.5 34 0.000329951
-103 34 0.0003313
-102.5 34 0.00034706
-102 34 0.000363845
-101.5 34 0.000308326
-101 34 0.000337743
-100.5 34 0.000343419
-100 34 0.000343517
-99.5 34 0.000343415
-99 34 0.00033779
-98.5 34 0.000308279
-98 34 0.000363852
-97.5 34 0.000347006
-97 34 0.00033177
-96.5 34 0.000329947
-96 34 0.000313658
-95.5 34 0.000335596
-95 34 0.000244681
-94.5 34 0.000284424
-94 34 0.000300889
-93.5 34 0.000302039
-93 34 0.000281732
-92.5 34 0.000250443
-92 34 0.000230202
-91.5 34 0.000223185
-91 34 0.0002225
-90.5 34 0.000225406
-90 34 0.000222977
-89.5 34 0.000214463
-89 34 0.000204541
-88.5 34 0.00019602
-88 34 0.00019079
-87.5 34 0.00018316
-87 34 0.000177477
-86.5 34 0.000164696
-86 34 0.000155234
-85.5 34 0.000170632
-85 34 0.000155791
-84.5 34 0.000158372
-84 34 0.000151074
-83.5 34 0.000139832
-83 34 0.000139948
-82.5 34 0.000113847
-82 34 0.000248922
-81.5 34 -0.000156604
-81 34 0.000198986
-119 34.5 0.000444179
-118.5 34.5 -0.000145115
-118 34.5 0.00023324
-117.5 34.5 0.000116982
-117 34.5 0.000146088
-116.5 34.5 0.000151054
-116 34.5 0.000170022
-115.5 34.5 0.000155913
-115 34.5 0.000163754
-114.5 34.5 0.000174565
-114 34.5 0.000164153
-113.5 34.5 0.000178759
-113 34.5 0.000181589
-112.5 34.5 0.000191663
-112 34.5 0.000196052
-111.5 34.5 0.000203132
-111 34.5 0.000215202
-110.5 34.5 0.000224228
-110 34.5 0.000225878
-109.5 34.5 0.000223177
-109 34.5 0.000225829
-108.5 34.5 0.000234388
-108 34.5 0.000258415
-107.5 34.5 0.00028739
-107 34.5 0.000310202
-106.5 34.5 0.000303866
-106 34.5 0.000252806
-105.5 34.5 0.000332419
-105 34.5 0.000323369
-104.5 34.5 0.00033155
-104 34.5 0.000361082
-103.5 34.5 0.000308995
-103 34.5 0.000346426
-102.5 34.5 0.000364222
-102 34.5 0.000387447
-101.5 34.5 0.000425001
-101 34.5 0.000431674
-100.5 34.5 0.000405501
-100 34.5 0.000412647
-99.5 34.5 0.000405462
-99 34.5 0.00043172
-98.5 34.5 0.000424973
-98 34.5 0.000387469
-97.5 34.5 0.000364832
-97 34.5 0.000344429
-96.5 34.5 0.000309662
-96 34.5 0.000360987
-95.5 34.5 0.00033161
-95 34.5 0.000323373
-94.5 34.5 0.000332425
-94 34.5 0.000252815
-93.5 34.5 0.000303813
-93 34.5 0.000310242
-92.5 34.5 0.000287361
-92 34.5 0.000258475
-91.5 34.5 0.000234388
-91 34.5 0.00022577
-90.5 34.5 0.00022321
-90 34.5 0.000225877
-89.5 34.5 0.000224228
-89 34.5 0.000215202
-88.5 34.5 0.000203542
-88 34.5 0.000196052
-87.5 34.5 0.000191663
-87 34.5 0.000181588
-86.5 34.5 0.000178777
-86 34.5 0.000164092
-85.5 34.5 0.000174583
-85 34.5 0.000163753
-84.5 34.5 0.000155926
-84 34.5 0.000170104
-83.5 34.5 0.000150418
-83 34.5 0.000148127
-82.5 34.5 0.000116438
-82 34.5 0.000232674
-81.5 34.5 -0.000125895
-81 34.5 0.000197068
-119 35 0.00043866
-118.5 35 -0.000155327
-118 35 0.000247117
-117.5 35 0.000116248
-117 35 0.000152604
-116.5 35 0.000144338
-116 35 0.000161194
-115.5 35 0.00015891
-115 35 0.000176572
-114.5 35 0.00015387
-114 35 0.000174282
-113.5 35 0.000185911
-113 35 0.000184152
-112.5 35 0.000198493
-112 35 0.000201268
-111.5 35 0.000215369
-111 35 0.000223206
-110.5 35 0.000227299
-110 35 0.000224346
-109.5 35 0.000226721
-109 35 0.00023493
-108.5 35 0.00026222
-108 35 0.000290546
-107.5 35 0.000313943
-107 35 0.000275838
-106.5 35 0.000244714
-106 35 0.00034258
-105.5 35 0.000319426
-105 35 0.000357407
-104.5 35 0.000306418
-104 35 0.000358225
-103.5 35 0.000409527
-103 35 0.000430437
-102.5 35 0.00044052
-102 35 0.000417597
-101.5 35 0.000392972
-101 35 0.000382759
-100.5 35 0.000475623
-100 35 0.000454883
-99.5 35 0.000475649
-99 35 0.000382688
-98.5 35 0.000393015
-98 35 0.000417564
-97.5 35 0.00044055
-97 35 0.000430852
-96.5 35 0.000409503
-96 35 0.000358281
-95.5 35 0.000306357
-95 35 0.000357395
-94.5 35 0.000319451
-94 35 0.000342539
-93.5 35 0.000244765
-93 35 0.000275788
-92.5 35 0.000313977
-92 35 0.00029053
-91.5 35 0.000262246
-91 35 0.000234955
-90.5 35 0.000226659
-90 35 0.000224366
-89.5 35 0.000227257
-89 35 0.000223851
-88.5 35 0.000213778
-88 35 0.000201913
-87.5 35 0.000198453
-87 35 0.000184152
-86.5 35 0.000185924
-86 35 0.000174296
-85.5 35 0.000153868
-85 35 0.000176592
-84.5 35 0.000158829
-84 35 0.000160825
-83.5 35 0.000144318
-83 35 0.000151745
-82.5 35 0.000115845
-82 35 0.000247055
-81.5 35 -0.000139204
-81 35 0.000202155
-119 35.5 0.000420181
-118.5 35.5 -0.000125331
-118 35.5 0.000235572
-117.5 35.5 0.00012043
-117 35.5 0.000155063
-116.5 35.5 0.00015327
-116 35.5 0.00017522
-115.5 35.5 0.000157659
-115 35.5 0.000179674
-114.5 35.5 0.000163267
-114 35.5 0.000180977
-113.5 35.5 0.000190565
-113 35.5 0.000192208
-112.5 35.5 0.000203595
-112 35.5 0.000209618
-111.5 35.5 0.000222988
-111 35.5 0.000228865
-110.5 35.5 0.000227132
-110 35.5 0.000225884
-109.5 35.5 0.000235791
-109 35.5 0.000259924
-108.5 35.5 0.000292937
-108 35.5 0.00031747
-107.5 35.5 0.000231154
-107 35.5 0.000384098
-106.5 35.5 0.000311841
-106 35.5 0.000333881
-105.5 35.5 0.000367226
-105 35.5 0.000330881
-104.5 35.5 0.000406136
-104 35.5 0.000448199
-103.5 35.5 0.000414191
-103 35.5 0.000371494
-102.5 35.5 0.000491548
-102 35.5 0.000440756
-101.5 35.5 0.000483615
-101 35.5 0.000498341
-100.5 35.5 0.000470397
-100 35.5 0.000478891
-99.5 35.5 0.00047042
-99 35.5 0.000498313
-98.5 35.5 0.000483661
-98 35.5 0.000440734
-97.5 35.5 0.000491539
-97 35.5 0.000371488
-96.5 35.5 0.000414206
-96 35.5 0.000448199
-95.5 35.5 0.000406105
-95 35.5 0.000330908
-94.5 35.5 0.000367196
-94 35.5 0.000333887
-93.5 35.5 0.000311888
-93 35.5 0.000384048
-92.5 35.5 0.000231199
-92 35.5 0.000317416
-91.5 35.5 0.000292534
-91 35.5 0.000259941
-90.5 35.5 0.000235794
-90 35.5 0.000225885
-89.5 35.5 0.00022709
-89 35.5 0.000229517
-88.5 35.5 0.000221383
-88 35.5 0.00021027
-87.5 35.5 0.000203553
-87 35.5 0.000192228
-86.5 35.5 0.000190503
-86 35.5 0.000180996
-85.5 35.5 0.000163266
-85 35.5 0.000179716
-84.5 35.5 0.000157
-84 35.5 0.000177349
-83.5 35.5 0.000151992
-83 35.5 0.000156479
-82.5 35.5 0.000121777
-82 35.5 0.000234992
-81.5 35.5 -0.000109498
-81 35.5 0.000194657
-119 36 0.000409707
-118.5 36 -0.000100787
-118 36 0.000224109
-117.5 36 0.000134175
-117 36 0.000158522
-116.5 36 0.00015424
-116 36 0.000174898
-115.5 36 0.000158319
-115 36 0.000188461
-114.5 36 0.000167049
-114 36 0.000188435
-113.5 36 0.000192024
-113 36 0.000198505
-112.5 36 0.000210738
-112 36 0.000219342
-111.5 36 0.000229114
-111 36 0.000228734
-110.5 36 0.000227067
-110 36 0.00023369
-109.5 36 0.000254071
-109 36 0.000291646
-108.5 36 0.000316295
-108 36 0.000262413
-107.5 36 0.000386192
-107 36 0.000284471
-106.5 36 0.000359222
-106 36 0.000313475
-105.5 36 0.000364934
-105 36 0.00043128
-104.5 36 0.000445106
-104 36 0.000367792
-103.5 36 0.000502134
-103 36 0.000480525
-102.5 36 0.000485811
-102 36 0.000529989
-101.5 36 0.000558392
-101 36 0.000580557
-100.5 36 0.000599014
-100 36 0.000598955
-99.5 36 0.000598952
-99 36 0.000580604
-98.5 36 0.000558319
-98 36 0.000530088
-97.5 36 0.000485763
-97 36 0.000480518
-96.5 36 0.000502162
-96 36 0.000367725
-95.5 36 0.000445191
-95 36 0.000431259
-94.5 36 0.000364934
-94 36 0.000313494
-93.5 36 0.000359137
-93 36 0.000284522
-92.5 36 0.000386203
-92 36 0.000261837
-91.5 36 0.000317898
-91 36 0.000291351
-90.5 36 0.000254124
-90 36 0.000233688
-89.5 36 0.00022708
-89 36 0.000228734
-88.5 36 0.000229523
-88 36 0.000219342
-87.5 36 0.000210738
-87 36 0.000198505
-86.5 36 0.000192037
-86 36 0.000188435
-85.5 36 0.000167049
-85 36 0.000188461
-84.5 36 0.000158319
-84 36 0.000174429
-83.5 36 0.000154302
-83 36 0.00015808
-82.5 36 0.000133753
-82 36 0.000224108
-81.5 36 -8.56978e-05
-81 36 0.000193894
-119 36.5 0.000402078
-118.5 36.5 -8.6557e-05
-118 36.5 0.00021836
-117.5 36.5 0.000138159
-117 36.5 0.000162066
-116.5 36.5 0.000158394
-116 36.5 0.000176256
-115.5 36.5 0.000172806
-115 36.5 0.000169587
-114.5 36.5 0.000180098
-114 36.5 0.000193312
-113.5 36.5 0.000194331
-113 36.5 0.000207737
-112.5 36.5 0.000216028
-112 36.5 0.000226522
-111.5 36.5 0.000230456
-111 36.5 0.000229314
-110.5 36.5 0.000231328
-110 36.5 0.00024677
-109.5 36.5 0.000284723
-109 36.5 0.000312666
-108.5 36.5 0.00031016
-108 36.5 0.000250389
-107.5 36.5 0.000326821
-107 36.5 0.000344744
-106.5 36.5 0.000312064
-106 36.5 0.000383006
-105.5 36.5 0.000450267
-105 36.5 0.000387732
-104.5 36.5 0.000481573
-104 36.5 0.000471488
-103.5 36.5 0.000493544
-103 36.5 0.000546506
-102.5 36.5 0.000603882
-102 36.5 0.000637302
-101.5 36.5 0.000639182
-98.5 36.5 0.000639083
-98 36.5 0.000637286
-97.5 36.5 0.000603876
-97 36.5 0.000546508
-96.5 36.5 0.000493569
-96 36.5 0.000471518
-95.5 36.5 0.00048152
-95 36.5 0.000387719
-94.5 36.5 0.000450298
-94 36.5 0.000383
-93.5 36.5 0.000312093
-93 36.5 0.000344774
-92.5 36.5 0.000326817
-92 36.5 0.000249672
-91.5 36.5 0.000312399
-91 36.5 0.00031001
-90.5 36.5 0.000285449
-90 36.5 0.000246739
-89.5 36.5 0.000231265
-89 36.5 0.000229334
-88.5 36.5 0.0002304
-88 36.5 0.000226522
-87.5 36.5 0.000216028
-87 36.5 0.000207737
-86.5 36.5 0.00019433
-86 36.5 0.000193312
-85.5 36.5 0.000180098
-85 36.5 0.000169587
-84.5 36.5 0.000172806
-84 36.5 0.000176284
-83.5 36.5 0.00015838
-83 36.5 0.000162079
-82.5 36.5 0.000138185
-82 36.5 0.00021836
-81.5 36.5 -7.20503e-05
-81 36.5 0.000194629
-119 37 0.000395524
-118.5 37 -7.37722e-05
-118 37 0.000218342
-117.5 37 0.00013778
-117 37 0.00016598
-116.5 37 0.000162128
-116 37 0.000183155
-115.5 37 0.000153753
-115 37 0.000185821
-114.5 37 0.000183611
-114 37 0.000198968
-113.5 37 0.000199738
-113 37 0.000214407
-112.5 37 0.000222079
-112 37 0.000232091
-111.5 37 0.000230541
-111 37 0.000229733
-110.5 37 0.000240725
-110 37 0.000269532
-109.5 37 0.000303097
-109 37 0.000311559
-108.5 37 0.000259901
-108 37 0.000348921
-107.5 37 0.000324279
-107 37 0.000386675
-106.5 37 0.00035894
-106 37 0.000451859
-105.5 37 0.000389172
-105 37 0.000493371
-104.5 37 0.00046978
-104 37 0.000522093
-103.5 37 0.000596435
-103 37 0.000644835
-97 37 0.000644806
-96.5 37 0.000596376
-96 37 0.000522143
-95.5 37 0.000469749
-95 37 0.000493434
-94.5 37 0.000389173
-94 37 0.000451786
-93.5 37 0.000358935
-93 37 0.000386598
-92.5 37 0.000324404
-92 37 0.000348882
-91.5 37 0.000259516
-91 37 0.000311991
-90.5 37 0.000303052
-90 37 0.000269548
-89.5 37 0.000240745
-89 37 0.000229733
-88.5 37 0.00023095
-88 37 0.000232091
-87.5 37 0.000222079
-87 37 0.000214407
-86.5 37 0.000199738
-86 37 0.000198968
-85.5 37 0.000183611
-85 37 0.000185821
-84.5 37 0.000153753
-84 37 0.000183156
-83.5 37 0.000162108
-83 37 0.000166043
-82.5 37 0.000137759
-82 37 0.000218344
-81.5 37 -5.95756e-05
-81 37 0.000192574
-119 37.5 0.000390044
-118.5 37.5 -6.06375e-05
-118 37.5 0.000218041
-117.5 37.5 0.000143232
-117 37.5 0.000168877
-116.5 37.5 0.00016414
-116 37.5 0.000185684
-115.5 37.5 0.000164216
-115 37.5 0.000187038
-114.5 37.5 0.000189489
-114 37.5 0.000202282
-113.5 37.5 0.000203237
-113 37.5 0.000220937
-112.5 37.5 0.000227013
-112 37.5 0.000233867
-111.5 37.5 0.000232226
-111 37.5 0.000234803
-110.5 37.5 0.000252043
-110 37.5 0.000293265
-109.5 37.5 0.000320427
-109 37.5 0.000283574
-108.5 37.5 0.000343226
-108 37.5 0.000324106
-107.5 37.5 0.000374162
-107 37.5 0.000329143
-106.5 37.5 0.00044209
-106 37.5 0.000405266
-105.5 37.5 0.000501574
-105 37.5 0.000472134
-104.5 37.5 0.00053176
-104 37.5 0.000618463
-103.5 37.5 0.000652304
-96.5 37.5 0.000652358
-96 37.5 0.000618395
-95.5 37.5 0.0005318
-95 37.5 0.000472127
-94.5 37.5 0.00050151
-94 37.5 0.00040528
-93.5 37.5 0.000442976
-93 37.5 0.000329181
-92.5 37.5 0.000373689
-92 37.5 0.000324091
-91.5 37.5 0.000343263
-91 37.5 0.000283536
-90.5 37.5 0.000320475
-90 37.5 0.00029324
-89.5 37.5 0.000251972
-89 37.5 0.0002355
-88.5 37.5 0.000230555
-88 37.5 0.000234554
-87.5 37.5 0.00022697
-87 37.5 0.000220937
-86.5 37.5 0.000203237
-86 37.5 0.000202282
-85.5 37.5 0.000189489
-85 37.5 0.000187051
-84.5 37.5 0.000164216
-84 37.5 0.000185684
-83.5 37.5 0.000164154
-83 37.5 0.000168864
-82.5 37.5 0.000143231
-82 37.5 0.000218061
-81.5 37.5 -4.69693e-05
-81 37.5 0.000193864
-119 38 0.00039566
-118.5 38 -7.57052e-05
-118 38 0.000225501
-117.5 38 0.000144619
-117 38 0.000170363
-116.5 38 0.000168031
-116 38 0.000187273
-115.5 38 0.000169002
-115 38 0.000189417
-114.5 38 0.000194648
-114 38 0.000205032
-113.5 38 0.000210585
-113 38 0.000225967
-112.5 38 0.00023175
-112 38 0.000235223
-111.5 38 0.000233398
-111 38 0.000242028
-110.5 38 0.000270265
-110 38 0.000307277
-109.5 38 0.000315188
-109 38 0.000280252
-108.5 38 0.000337239
-108 38 0.000357222
-107.5 38 0.000314464
-107 38 0.00040898
-106.5 38 0.000476151
-106 38 0.00038584
-105.5 38 0.000486323
-105 38 0.000525341
-104.5 38 0.000610244
-104 38 0.00066392
-96 38 0.000663867
-95.5 38 0.000610302
-95 38 0.000525274
-94.5 38 0.000486722
-94 38 0.000387194
-93.5 38 0.000471936
-93 38 0.000409686
-92.5 38 0.000316462
-92 38 0.000356549
-91.5 38 0.000337282
-91 38 0.000280245
-90.5 38 0.000315233
-90 38 0.000307234
-89.5 38 0.000270271
-89 38 0.000242713
-88.5 38 0.000231685
-88 38 0.000235919
-87.5 38 0.000231707
-87 38 0.000225967
-86.5 38 0.000210585
-86 38 0.000205031
-85.5 38 0.000194669
-85 38 0.000189352
-84.5 38 0.000169021
-84 38 0.000187292
-83.5 38 0.000167967
-83 38 0.000170385
-82.5 38 0.000144618
-82 38 0.000225501
-81.5 38 -6.23541e-05
-81 38 0.000204804
-119 38.5 0.00037939
-118.5 38.5 -5.95485e-05
-118 38.5 0.000231805
-117.5 38.5 0.000147618
-117 38.5 0.000173494
-116.5 38.5 0.000168446
-116 38.5 0.000185097
-115.5 38.5 0.000174232
-115 38.5 0.000193
-114.5 38.5 0.0001974
-114 38.5 0.000210125
-113.5 38.5 0.000213277
-113 38.5 0.000231857
-112.5 38.5 0.000233736
-112 38.5 0.000235877
-111.5 38.5 0.000235786
-111 38.5 0.000249285
-110.5 38.5 0.000286984
-110 38.5 0.000317096
-109.5 38.5 0.000320547
-109 38.5 0.000252373
-108.5 38.5 0.000355183
-108 38.5 0.000363088
-107.5 38.5 0.000356345
-107 38.5 0.00044767
-106.5 38.5 0.000412865
-106 38.5 0.000518106
-105.5 38.5 0.000494254
-105 38.5 0.000581138
-104.5 38.5 0.000664435
-95.5 38.5 0.000664301
-95 38.5 0.000581939
-94.5 38.5 0.000492079
-94 38.5 0.000519231
-93.5 38.5 0.000413737
-93 38.5 0.000447612
-92.5 38.5 0.000356008
-92 38.5 0.000363041
-91.5 38.5 0.00035519
-91 38.5 0.000252419
-90.5 38.5 0.000320026
-90 38.5 0.000317149
-89.5 38.5 0.000286972
-89 38.5 0.000249293
-88.5 38.5 0.000236615
-88 38.5 0.000235877
-87.5 38.5 0.000233736
-87 38.5 0.000231857
-86.5 38.5 0.000213277
-86 38.5 0.000210125
-85.5 38.5 0.0001974
-85 38.5 0.000193013
-84.5 38.5 0.000174245
-84 38.5 0.00018511
-83.5 38.5 0.000168431
-83 38.5 0.000173494
-82.5 38.5 0.000147617
-82 38.5 0.000231805
-81.5 38.5 -4.66839e-05
-81 38.5 0.000195333
-119 39 0.000380843
-118.5 39 -4.93045e-05
-118 39 0.000204754
-117.5 39 0.000165125
-117 39 0.000166651
-116.5 39 0.000170959
-116 39 0.000186763
-115.5 39 0.000179589
-115 39 0.000194477
-114.5 39 0.00020245
-114 39 0.000211313
-113.5 39 0.000218756
-113 39 0.000236646
-112.5 39 0.000234671
-112 39 0.000237098
-111.5 39 0.000240073
-111 39 0.00026051
-110.5 39 0.000298669
-110 39 0.000327856
-109.5 39 0.000284062
-109 39 0.00035709
-108.5 39 0.000332737
-108 39 0.000388185
-107.5 39 0.000373797
-107 39 0.000472584
-106.5 39 0.000384388
-106 39 0.000494036
-105.5 39 0.000533296
-105 39 0.000634432
-95 39 0.000634337
-94.5 39 0.000534466
-94 39 0.000491897
-93.5 39 0.000385057
-93 39 0.000472524
-92.5 39 0.000373805
-92 39 0.00038818
-91.5 39 0.000332748
-91 39 0.000356398
-90.5 39 0.000286211
-90 39 0.000327211
-89.5 39 0.000298625
-89 39 0.000261183
-88.5 39 0.000237988
-88 39 0.000237792
-87.5 39 0.000234628
-87 39 0.000236646
-86.5 39 0.000218756
-86 39 0.000211313
-85.5 39 0.000202448
-85 39 0.000194497
-84.5 39 0.000179545
-84 39 0.000186718
-83.5 39 0.000171387
-83 39 0.00016665
-82.5 39 0.000165138
-82 39 0.000204754
-81.5 39 -3.67111e-05
-81 39 0.000200783
-119 39.5 0.000377408
-118.5 39.5 -4.96325e-05
-118 39.5 0.000214346
-117.5 39.5 0.000156425
-117 39.5 0.000198431
-116.5 39.5 0.00016497
-116 39.5 0.000190766
-115.5 39.5 0.000181874
-115 39.5 0.000196143
-114.5 39.5 0.00020697
-114 39.5 0.00021409
-113.5 39.5 0.000223
-113 39.5 0.000238327
-112.5 39.5 0.000238085
-112 39.5 0.000238538
-111.5 39.5 0.000243462
-111 39.5 0.000268229
-110.5 39.5 0.000310507
-110 39.5 0.000318287
-109.5 39.5 0.000287453
-109 39.5 0.000341088
-108.5 39.5 0.000361544
-108 39.5 0.000322681
-107.5 39.5 0.000417172
-107 39.5 0.000446516
-106.5 39.5 0.000497634
-106 39.5 0.000487945
-105.5 39.5 0.000560076
-105 39.5 0.000656701
-95 39.5 0.000656668
-94.5 39.5 0.000560115
-94 39.5 0.000488374
-93.5 39.5 0.000497563
-93 39.5 0.000446561
-92.5 39.5 0.000417152
-92 39.5 0.000322703
-91.5 39.5 0.000361579
-91 39.5 0.000341438
-90.5 39.5 0.000287044
-90 39.5 0.000317782
-89.5 39.5 0.000310594
-89 39.5 0.000268263
-88.5 39.5 0.000243753
-88 39.5 0.000238582
-87.5 39.5 0.000238083
-87 39.5 0.000238327
-86.5 39.5 0.000223
-86 39.5 0.00021409
-85.5 39.5 0.00020697
-85 39.5 0.000196143
-84.5 39.5 0.000181869
-84 39.5 0.000191518
-83.5 39.5 0.000163226
-83 39.5 0.000199178
-82.5 39.5 0.000156313
-82 39.5 0.000214355
-81.5 39.5 -3.74615e-05
-81 39.5 0.000203801
-119 40 0.000391287
-118.5 40 -5.47373e-05
-118 40 0.000220404
-117.5 40 0.000153241
-117 40 0.000195038
-116.5 40 0.000168691
-116 40 0.000190953
-115.5 40 0.000181446
-115 40 0.000200596
-114.5 40 0.000209827
-114 40 0.00021631
-113.5 40 0.000225997
-113 40 0.000240999
-112.5 40 0.00023996
-112 40 0.000239917
-111.5 40 0.000247026
-111 40 0.000275737
-110.5 40 0.000315471
-110 40 0.000323927
-109.5 40 0.000285027
-109 40 0.000353178
-108.5 40 0.000367078
-108 40 0.000351478
-107.5 40 0.000419471
-107 40 0.000453047
-106.5 40 0.000480942
-106 40 0.000498706
-105.5 40 0.000574525
-105 40 0.000667214
-95 40 0.000667216
-94.5 40 0.000574477
-94 40 0.000498685
-93.5 40 0.000480991
-93 40 0.000453019
-92.5 40 0.000419459
-92 40 0.000351427
-91.5 40 0.00036777
-91 40 0.000351107
-90.5 40 0.000285059
-90 40 0.000326113
-89.5 40 0.000314689
-89 40 0.000275761
-88.5 40 0.000247036
-88 40 0.000239916
-87.5 40 0.00023996
-87 40 0.000240999
-86.5 40 0.000225997
-86 40 0.00021631
-85.5 40 0.000209827
-85 40 0.000200593
-84.5 40 0.000180985
-84 40 0.000191623
-83.5 40 0.000166951
-83 40 0.000195787
-82.5 40 0.000153185
-82 40 0.000220471
-81.5 40 -4.25182e-05
-81 40 0.000209472
-119 40.5 0.000396946
-118.5 40.5 -6.13821e-05
-118 40.5 0.000228137
-117.5 40.5 0.000150129
-117 40.5 0.000198263
-116.5 40.5 0.000168421
-116 40.5 0.000192271
-115.5 40.5 0.000188904
-115 40.5 0.000197975
-114.5 40.5 0.000213268
-114 40.5 0.000218288
-113.5 40.5 0.000229927
-113 40.5 0.000241081
-112.5 40.5 0.000240639
-112 40.5 0.000241808
-111.5 40.5 0.000249439
-111 40.5 0.0002796
-110.5 40.5 0.000318058
-110 40.5 0.000326455
-109.5 40.5 0.000286402
-109 40.5 0.000355115
-108.5 40.5 0.000363591
-108 40.5 0.000357232
-107.5 40.5 0.000422588
-107 40.5 0.0004563
-106.5 40.5 0.000477693
-106 40.5 0.000503047
-105.5 40.5 0.00057571
-105 40.5 0.000668626
-95 40.5 0.000668674
-94.5 40.5 0.000575745
-94 40.5 0.000502991
-93.5 40.5 0.00047775
-93 40.5 0.000456243
-92.5 40.5 0.000422658
-92 40.5 0.000357192
-91.5 40.5 0.000363609
-91 40.5 0.000355548
-90.5 40.5 0.000286351
-90 40.5 0.000326063
-89.5 40.5 0.000318047
-89 40.5 0.000279608
-88.5 40.5 0.000249437
-88 40.5 0.000241808
-87.5 40.5 0.000240639
-87 40.5 0.000241081
-86.5 40.5 0.000229927
-86 40.5 0.000218288
-85.5 40.5 0.000213315
-85 40.5 0.000197241
-84.5 40.5 0.000191122
-84 40.5 0.000191535
-83.5 40.5 0.000168871
-83 40.5 0.000198195
-82.5 40.5 0.000150198
-82 40.5 0.000227402
-81.5 40.5 -4.63387e-05
-81 40.5 0.000212532
-119 41 0.000409014
-118.5 41 -7.18476e-05
-118 41 0.000238257
-117.5 41 0.000151841
-117 41 0.000196016
-116.5 41 0.000180046
-116 41 0.000199867
-115.5 41 0.000191262
-115 41 0.000200578
-114.5 41 0.000212572
-114 41 0.000222188
-113.5 41 0.000230779
-113 41 0.000242799
-112.5 41 0.000244447
-112 41 0.000243083
-111.5 41 0.000251056
-111 41 0.000279402
-110.5 41 0.000319585
-110 41 0.000328327
-109.5 41 0.00029082
-109 41 0.000353626
-108.5 41 0.000373322
-108 41 0.000334001
-107.5 41 0.000420844
-107 41 0.000448654
-106.5 41 0.000520806
-106 41 0.000492564
-105.5 41 0.000561782
-105 41 0.000658834
-95 41 0.000658819
-94.5 41 0.000561775
-94 41 0.000492575
-93.5 41 0.000520721
-93 41 0.00044871
-92.5 41 0.000420798
-92 41 0.000334019
-91.5 41 0.000373321
-91 41 0.000353592
-90.5 41 0.000290833
-90 41 0.000328337
-89.5 41 0.000319637
-89 41 0.00027939
-88.5 41 0.000251056
-88 41 0.000243083
-87.5 41 0.000244447
-87 41 0.000242799
-86.5 41 0.000230779
-86 41 0.000222187
-85.5 41 0.000212595
-85 41 0.00020051
-84.5 41 0.00019085
-84 41 0.000199864
-83.5 41 0.000180455
-83 41 0.000196029
-82.5 41 0.000151867
-82 41 0.000237845
-81.5 41 -5.92728e-05
-81 41 0.000221504
-119 41.5 0.000418413
-118.5 41.5 -8.75718e-05
-118 41.5 0.000253568
-117.5 41.5 0.000141579
-117 41.5 0.000214008
-116.5 41.5 0.000154779
-116 41.5 0.000187801
-115.5 41.5 0.000193519
-115 41.5 0.000206824
-114.5 41.5 0.0002082
-114 41.5 0.000225716
-113.5 41.5 0.000232074
-113 41.5 0.000248139
-112.5 41.5 0.000242566
-112 41.5 0.000246581
-111.5 41.5 0.000251279
-111 41.5 0.000277649
-110.5 41.5 0.000318304
-110 41.5 0.000327291
-109.5 41.5 0.000296705
-109 41.5 0.000351667
-108.5 41.5 0.000349346
-108 41.5 0.000397958
-107.5 41.5 0.000394601
-107 41.5 0.000489903
-106.5 41.5 0.000395608
-106 41.5 0.000498837
-105.5 41.5 0.00054115
-105 41.5 0.000631198
-104.5 41.5 0.000680751
-95.5 41.5 0.000680811
-95 41.5 0.000631139
-94.5 41.5 0.000541152
-94 41.5 0.000498872
-93.5 41.5 0.000396048
-93 41.5 0.000489938
-92.5 41.5 0.000394549
-92 41.5 0.00039797
-91.5 41.5 0.000349334
-91 41.5 0.000351689
-90.5 41.5 0.000296745
-90 41.5 0.000326823
-89.5 41.5 0.000318276
-89 41.5 0.000277646
-88.5 41.5 0.000251252
-88 41.5 0.000246581
-87.5 41.5 0.000242566
-87 41.5 0.000248139
-86.5 41.5 0.000232074
-86 41.5 0.000225716
-85.5 41.5 0.000208213
-85 41.5 0.000206838
-84.5 41.5 0.000193499
-84 41.5 0.000188572
-83.5 41.5 0.000152518
-83 41.5 0.000214826
-82.5 41.5 0.000140325
-82 41.5 0.000255831
-81.5 41.5 -7.48866e-05
-81 41.5 0.000225461
-119 42 0.000429652
-118.5 42 -0.000109649
-118 42 0.000268855
-117.5 42 0.000136752
-117 42 0.000203956
-116.5 42 0.000181173
-116 42 0.000186146
-115.5 42 0.000192477
-115 42 0.000212887
-114.5 42 0.00020974
-114 42 0.000223552
-113.5 42 0.00022806
-113 42 0.000248941
-112.5 42 0.000247875
-112 42 0.000246117
-111.5 42 0.000250855
-111 42 0.000271465
-110.5 42 0.000311732
-110 42 0.000339792
-109.5 42 0.000297372
-109 42 0.000370725
-108.5 42 0.000339032
-108 42 0.000389608
-107.5 42 0.000369505
-107 42 0.000459368
-106.5 42 0.000436982
-106 42 0.000544931
-105.5 42 0.000509679
-105 42 0.00057376
-104.5 42 0.000673904
-95.5 42 0.000673822
-95 42 0.000573859
-94.5 42 0.00050963
-94 42 0.000545615
-93.5 42 0.00043479
-93 42 0.000460054
-92.5 42 0.000369551
-92 42 0.000389591
-91.5 42 0.000339026
-91 42 0.000370772
-90.5 42 0.00029653
-90 42 0.000342136
-89.5 42 0.000310927
-89 42 0.000271584
-88.5 42 0.000251267
-88 42 0.000246118
-87.5 42 0.000247875
-87 42 0.000248941
-86.5 42 0.000228059
-86 42 0.000223576
-85.5 42 0.000209671
-85 42 0.00021291
-84.5 42 0.000192462
-84 42 0.000186146
-83.5 42 0.000181658
-83 42 0.000203173
-82.5 42 0.000139035
-82 42 0.0002676
-81.5 42 -9.58799e-05
-81 42 0.000234173
-119 42.5 0.000448562
-118.5 42.5 -0.000134111
-118 42.5 0.000278003
-117.5 42.5 0.000152312
-117 42.5 0.000202426
-116.5 42.5 0.000167097
-116 42.5 0.000184909
-115.5 42.5 0.000201192
-115 42.5 0.000210677
-114.5 42.5 0.000210087
-114 42.5 0.000227402
-113.5 42.5 0.000225015
-113 42.5 0.000249018
-112.5 42.5 0.000246575
-112 42.5 0.000255558
-111.5 42.5 0.000252479
-111 42.5 0.000263917
-110.5 42.5 0.000302198
-110 42.5 0.000333596
-109.5 42.5 0.000339084
-109 42.5 0.000272475
-108.5 42.5 0.000367389
-108 42.5 0.000380481
-107.5 42.5 0.000347999
-107 42.5 0.000429454
-106.5 42.5 0.000501743
-106 42.5 0.000374534
-105.5 42.5 0.000565872
-105 42.5 0.000523515
-104.5 42.5 0.000597237
-104 42.5 0.000684804
-96 42.5 0.00068483
-95.5 42.5 0.000597211
-95 42.5 0.000523479
-94.5 42.5 0.000565884
-94 42.5 0.000374536
-93.5 42.5 0.000502201
-93 42.5 0.000429488
-92.5 42.5 0.000347959
-92 42.5 0.000380435
-91.5 42.5 0.000367424
-91 42.5 0.000272498
-90.5 42.5 0.000339126
-90 42.5 0.000333126
-89.5 42.5 0.000302113
-89 42.5 0.00026471
-88.5 42.5 0.000250172
-88 42.5 0.000256353
-87.5 42.5 0.000246525
-87 42.5 0.000249018
-86.5 42.5 0.000225015
-86 42.5 0.000227402
-85.5 42.5 0.000210102
-85 42.5 0.000210653
-84.5 42.5 0.000201261
-84 42.5 0.000184885
-83.5 42.5 0.000167072
-83 42.5 0.000202427
-82.5 42.5 0.000151879
-82 42.5 0.000278053
-81.5 42.5 -0.000119418
-81 42.5 0.000245962
-119 43 0.000438972
-118.5 43 -0.000128274
-118 43 0.000282147
-117.5 43 0.000132331
-117 43 0.000226394
-116.5 43 0.000170791
-116 43 0.000195257
-115.5 43 0.000184696
-115 43 0.000213947
-114.5 43 0.000204023
-114 43 0.000231409
-113.5 43 0.00022806
-113 43 0.000244311
-112.5 43 0.000247747
-112 43 0.000250046
-111.5 43 0.000258693
-111 43 0.000259894
-110.5 43 0.000287914
-110 43 0.000327041
-109.5 43 0.000334409
-109 43 0.00030573
-108.5 43 0.00037804
-108 43 0.000351819
-107.5 43 0.0004047
-107 43 0.000351034
-106.5 43 0.000453141
-106 43 0.000526189
-105.5 43 0.000406462
-105 43 0.00052726
-104.5 43 0.000534796
-104 43 0.000591705
-103.5 43 0.000669478
-103 43 0.00069298
-97 43 0.000692989
-96.5 43 0.000669516
-96 43 0.000591636
-95.5 43 0.000534857
-95 43 0.000527254
-94.5 43 0.000406461
-94 43 0.000526214
-93.5 43 0.000453025
-93 43 0.000351107
-92.5 43 0.000404628
-92 43 0.000351908
-91.5 43 0.000378033
-91 43 0.000305654
-90.5 43 0.000334446
-90 43 0.000327008
-89.5 43 0.00028801
-89 43 0.000259869
-88.5 43 0.00025913
-88 43 0.000250046
-87.5 43 0.000247747
-87 43 0.000244311
-86.5 43 0.000228073
-86 43 0.000231409
-85.5 43 0.000204022
-85 43 0.000213947
-84.5 43 0.000184683
-84 43 0.000195257
-83.5 43 0.000170788
-83 43 0.000226443
-82.5 43 0.000132217
-82 43 0.000282169
-81.5 43 -0.000114085
-81 43 0.000235724
-119 43.5 0.0004629
-118.5 43.5 -0.000162463
-118 43.5 0.000322238
-117.5 43.5 0.000108303
-117 43.5 0.000223975
-116.5 43.5 0.000177975
-116 43.5 0.000185311
-115.5 43.5 0.000202517
-115 43.5 0.000215645
-114.5 43.5 0.000200074
-114 43.5 0.000225838
-113.5 43.5 0.000228788
-113 43.5 0.000247892
-112.5 43.5 0.000250219
-112 43.5 0.000250675
-111.5 43.5 0.000250325
-111 43.5 0.000262331
-110.5 43.5 0.000277829
-110 43.5 0.000311904
-109.5 43.5 0.000339669
-109 43.5 0.000341791
-108.5 43.5 0.000281533
-108 43.5 0.000357077
-107.5 43.5 0.000356643
-107 43.5 0.000429927
-106.5 43.5 0.000365116
-106 43.5 0.000447213
-105.5 43.5 0.000531717
-105 43.5 0.000399624
-104.5 43.5 0.000560415
-104 43.5 0.000524513
-103.5 43.5 0.000566602
-103 43.5 0.000622487
-102.5 43.5 0.000674598
-102 43.5 0.000701415
-98 43.5 0.000701364
-97.5 43.5 0.000674639
-97 43.5 0.000622477
-96.5 43.5 0.000566583
-96 43.5 0.000524561
-95.5 43.5 0.000560367
-95 43.5 0.000399643
-94.5 43.5 0.000531716
-94 43.5 0.000447212
-93.5 43.5 0.000365143
-93 43.5 0.00042988
-92.5 43.5 0.000356684
-92 43.5 0.00035705
-91.5 43.5 0.000281534
-91 43.5 0.000341817
-90.5 43.5 0.000339628
-90 43.5 0.000311965
-89.5 43.5 0.000277766
-89 43.5 0.000262345
-88.5 43.5 0.000250297
-88 43.5 0.000250675
-87.5 43.5 0.000250218
-87 43.5 0.000247917
-86.5 43.5 0.000228716
-86 43.5 0.000225863
-85.5 43.5 0.000200072
-85 43.5 0.000215645
-84.5 43.5 0.000202518
-84 43.5 0.000185311
-83.5 43.5 0.000177975
-83 43.5 0.000223977
-82.5 43.5 0.000108305
-82 43.5 0.00032231
-81.5 43.5 -0.000147975
-81 43.5 0.000254512
-119 44 0.000463139
-118.5 44 -0.000187719
-118 44 0.000342798
-117.5 44 0.000132351
-117 44 0.000189854
-116.5 44 0.000163695
-116 44 0.000188674
-115.5 44 0.000201875
-115 44 0.000218409
-114.5 44 0.000202965
-114 44 0.000221089
-113.5 44 0.000223927
-113 44 0.000233862
-112.5 44 0.000258737
-112 44 0.000259399
-111.5 44 0.000253785
-111 44 0.000250279
-110.5 44 0.000265933
-110 44 0.000294822
-109.5 44 0.000326328
-109 44 0.000352276
-108.5 44 0.000287693
-108 44 0.000439434
-107.5 44 0.000312618
-107 44 0.000359453
-106.5 44 0.000421478
-106 44 0.000371259
-105.5 44 0.000462332
-105 44 0.000506291
-104.5 44 0.000430475
-104 44 0.000544927
-103.5 44 0.000494333
-103 44 0.000549022
-102.5 44 0.000556158
-102 44 0.00059947
-101.5 44 0.000628846
-101 44 0.00065054
-100.5 44 0.000666734
-100 44 0.000668385
-99.5 44 0.000666795
-99 44 0.000650481
-98.5 44 0.0006289
-98 44 0.000599433
-97.5 44 0.000556132
-97 44 0.000549041
-96.5 44 0.000494319
-96 44 0.000544968
-95.5 44 0.000430439
-95 44 0.000506269
-94.5 44 0.00046235
-94 44 0.000371257
-93.5 44 0.000421491
-93 44 0.000359392
-92.5 44 0.000312696
-92 44 0.000439402
-91.5 44 0.000287694
-91 44 0.000352295
-90.5 44 0.000326279
-90 44 0.000294864
-89.5 44 0.000265927
-89 44 0.00025028
-88.5 44 0.000253785
-88 44 0.000259399
-87.5 44 0.000258737
-87 44 0.000233862
-86.5 44 0.00022394
-86 44 0.000221089
-85.5 44 0.000202965
-85 44 0.000218409
-84.5 44 0.000201875
-84 44 0.000188701
-83.5 44 0.000163695
-83 44 0.000189854
-82.5 44 0.00013235
-82 44 0.000342785
-81.5 44 -0.000173066
-81 44 0.000252924
-119 44.5 0.000491544
-118.5 44.5 -0.000221254
-118 44.5 0.000367014
-117.5 44.5 8.79544e-05
-117 44.5 0.00022995
-116.5 44.5 0.000199638
-116 44.5 0.000204539
-115.5 44.5 0.000176203
-115 44.5 0.000187835
-114.5 44.5 0.000218065
-114 44.5 0.000227546
-113.5 44.5 0.00023317
-113 44.5 0.000228071
-112.5 44.5 0.000240678
-112 44.5 0.000252582
-111.5 44.5 0.000266639
-111 44.5 0.000263012
-110.5 44.5 0.000259254
-110 44.5 0.000266682
-109.5 44.5 0.000305242
-109 44.5 0.000342927
-108.5 44.5 0.000346404
-108 44.5 0.000263239
-107.5 44.5 0.000444606
-107 44.5 0.000343311
-106.5 44.5 0.000368787
-106 44.5 0.000419304
-105.5 44.5 0.000360744
-105 44.5 0.000430035
-104.5 44.5 0.000484835
-104 44.5 0.000500489
-103.5 44.5 0.000438352
-103 44.5 0.000540093
-102.5 44.5 0.000521311
-102 44.5 0.000514831
-101.5 44.5 0.000553743
-101 44.5 0.000546399
-100.5 44.5 0.000537448
-100 44.5 0.000547613
-99.5 44.5 0.000536996
-99 44.5 0.000546443
-98.5 44.5 0.000553711
-98 44.5 0.000514873
-97.5 44.5 0.000521311
-97 44.5 0.000540057
-96.5 44.5 0.000438372
-96 44.5 0.00050047
-95.5 44.5 0.000484877
-95 44.5 0.000430042
-94.5 44.5 0.000360709
-94 44.5 0.000419317
-93.5 44.5 0.000368773
-93 44.5 0.000343355
-92.5 44.5 0.000444567
-92 44.5 0.000263275
-91.5 44.5 0.000346405
-91 44.5 0.000342878
-90.5 44.5 0.000305297
-90 44.5 0.000266662
-89.5 44.5 0.000259254
-89 44.5 0.000263012
-88.5 44.5 0.000266639
-88 44.5 0.000252582
-87.5 44.5 0.000240678
-87 44.5 0.000228071
-86.5 44.5 0.00023317
-86 44.5 0.000227546
-85.5 44.5 0.000218065
-85 44.5 0.000187835
-84.5 44.5 0.000176203
-84 44.5 0.000204104
-83.5 44.5 0.000199638
-83 44.5 0.00022995
-82.5 44.5 8.79413e-05
-82 44.5 0.000367016
-81.5 44.5 -0.000206027
-81 44.5 0.000272631
-119 45 0.000475864
-118.5 45 -0.000245012
-118 45 0.000382326
-117.5 45 0.000108676
-117 45 0.000202515
-116.5 45 0.000175458
-116 45 0.000183321
-115.5 45 0.000213761
-115 45 0.000200864
-114.5 45 0.000215782
-114 45 0.000206854
-113.5 45 0.000225906
-113 45 0.000232137
-112.5 45 0.000250837
-112 45 0.000251994
-111.5 45 0.000254845
-111 45 0.000262371
-110.5 45 0.000262216
-110 45 0.000274433
-109.5 45 0.00027798
-109 45 0.00030389
-108.5 45 0.000342752
-108 45 0.000349719
-107.5 45 0.000330009
-107 45 0.000281169
-106.5 45 0.000398356
-106 45 0.000365989
-105.5 45 0.000390879
-105 45 0.000430523
-104.5 45 0.000374165
-104 45 0.00043613
-103.5 45 0.00048555
-103 45 0.000483847
-102.5 45 0.000500646
-102 45 0.000486933
-101.5 45 0.00041649
-101 45 0.000562845
-100.5 45 0.000516509
-100 45 0.000522761
-99.5 45 0.00051889
-99 45 0.000561974
-98.5 45 0.000416545
-98 45 0.000486913
-97.5 45 0.000500682
-97 45 0.000483828
-96.5 45 0.000485514
-96 45 0.000436136
-95.5 45 0.000374164
-95 45 0.000430523
-94.5 45 0.000390886
-94 45 0.000365989
-93.5 45 0.000398356
-93 45 0.000281155
-92.5 45 0.00033001
-92 45 0.000349713
-91.5 45 0.000342752
-91 45 0.000303896
-90.5 45 0.000277973
-90 45 0.000274434
-89.5 45 0.000262216
-89 45 0.000262371
-88.5 45 0.000254845
-88 45 0.000251994
-87.5 45 0.000250837
-87 45 0.000232137
-86.5 45 0.000225906
-86 45 0.000206854
-85.5 45 0.000215782
-85 45 0.000200918
-84.5 45 0.000212897
-84 45 0.000185756
-83.5 45 0.000174595
-83 45 0.000202543
-82.5 45 0.000108749
-82 45 0.000382326
-81.5 45 -0.000230303
-81 45 0.000263858
-119 45.5 0.000461232
-118.5 45.5 -0.000277006
-118 45.5 0.000393297
-117.5 45.5 0.000119135
-117 45.5 0.000186066
-116.5 45.5 0.000208955
-116 45.5 0.000192107
-115.5 45.5 0.000212111
-115 45.5 0.000196491
-114.5 45.5 0.000194569
-114 45.5 0.000210272
-113.5 45.5 0.000232792
-113 45.5 0.000238429
-112.5 45.5 0.000235576
-112 45.5 0.000245481
-111.5 45.5 0.000259846
-111 45.5 0.000262658
-110.5 45.5 0.000261977
-110 45.5 0.000261945
-109.5 45.5 0.000276306
-109 45.5 0.000292199
-108.5 45.5 0.000313787
-108 45.5 0.000334318
-107.5 45.5 0.000352782
-107 45.5 0.000354983
-106.5 45.5 0.000295796
-106 45.5 0.000398605
-105.5 45.5 0.000377455
-105 45.5 0.00036785
-104.5 45.5 0.000403201
-104 45.5 0.000427854
-103.5 45.5 0.00037127
-103 45.5 0.00041649
-102.5 45.5 0.000444364
-102 45.5 0.000473518
-101.5 45.5 0.000489194
-101 45.5 0.000476904
-100.5 45.5 0.000478257
-100 45.5 0.00047862
-99.5 45.5 0.000477823
-99 45.5 0.000476905
-98.5 45.5 0.000489194
-98 45.5 0.000473518
-97.5 45.5 0.000444357
-97 45.5 0.000416912
-96.5 45.5 0.000371263
-96 45.5 0.000427905
-95.5 45.5 0.000403151
-95 45.5 0.000367865
-94.5 45.5 0.000377453
-94 45.5 0.000398606
-93.5 45.5 0.000295782
-93 45.5 0.000355021
-92.5 45.5 0.000352768
-92 45.5 0.000334319
-91.5 45.5 0.000313787
-91 45.5 0.000292171
-90.5 45.5 0.000276307
-90 45.5 0.000261945
-89.5 45.5 0.000261977
-89 45.5 0.000262658
-88.5 45.5 0.000259846
-88 45.5 0.000245481
-87.5 45.5 0.000235576
-87 45.5 0.000238429
-86.5 45.5 0.000232792
-86 45.5 0.000210272
-85.5 45.5 0.000194569
-85 45.5 0.000196491
-84.5 45.5 0.000212111
-84 45.5 0.000191673
-83.5 45.5 0.000208955
-83 45.5 0.000186066
-82.5 45.5 0.000119121
-82 45.5 0.000393297
-81.5 45.5 -0.000263372
-81 45.5 0.000266581
-119 46 0.000490928
-118.5 46 -0.000275989
-118 46 0.000402431
-117.5 46 0.000112559
-117 46 0.000183695
-116.5 46 0.000179398
-116 46 0.000181943
-115.5 46 0.000168188
-115 46 0.00020593
-114.5 46 0.00022738
-114 46 0.000189939
-113.5 46 0.000219122
-113 46 0.0002214
-112.5 46 0.000220581
-112 46 0.000244205
-111.5 46 0.000261948
-111 46 0.000268271
-110.5 46 0.000268083
-110 46 0.000263519
-109.5 46 0.000254294
-109 46 0.000261105
-108.5 46 0.000288642
-108 46 0.000318233
-107.5 46 0.000349396
-107 46 0.000360787
-106.5 46 0.000348674
-106 46 0.000333071
-105.5 46 0.000281618
-105 46 0.000400982
-104.5 46 0.000372694
-104 46 0.000365619
-103.5 46 0.000400334
-103 46 0.000402741
-102.5 46 0.000443653
-102 46 0.000362011
-101.5 46 0.000408651
-101 46 0.000407761
-100.5 46 0.000414102
-100 46 0.000414252
-99.5 46 0.000414129
-99 46 0.000407761
-98.5 46 0.000408651
-98 46 0.000361963
-97.5 46 0.000444521
-97 46 0.000400324
-96.5 46 0.000401202
-96 46 0.000365558
-95.5 46 0.000372701
-95 46 0.000400982
-94.5 46 0.000281618
-94 46 0.000333071
-93.5 46 0.000348674
-93 46 0.00036078
-92.5 46 0.000349396
-92 46 0.000318233
-91.5 46 0.000288642
-91 46 0.00026154
-90.5 46 0.000254294
-90 46 0.000263519
-89.5 46 0.000268083
-89 46 0.000268271
-88.5 46 0.000261948
-88 46 0.000244205
-87.5 46 0.000220581
-87 46 0.0002214
-86.5 46 0.000219122
-86 46 0.000189939
-85.5 46 0.00022738
-85 46 0.00020593
-84.5 46 0.000168188
-84 46 0.00018197
-83.5 46 0.000179398
-83 46 0.000183695
-82.5 46 0.000112559
-82 46 0.000402431
-81.5 46 -0.000262571
-81 46 0.000298068
-119 46.5 0.000447811
-118.5 46.5 -0.000272664
-118 46.5 0.000413624
-117.5 46.5 0.000119586
-117 46.5 0.000201236
-116.5 46.5 0.000216325
-116 46.5 0.000184405
-115.5 46.5 0.00020361
-115 46.5 0.000216623
-114.5 46.5 0.000230494
-114 46.5 0.000192524
-113.5 46.5 0.000200509
-113 46.5 0.000233566
-112.5 46.5 0.000233094
-112 46.5 0.000234777
-111.5 46.5 0.000253842
-111 46.5 0.000240166
-110.5 46.5 0.000255459
-110 46.5 0.000270434
-109.5 46.5 0.000282904
-109 46.5 0.000283537
-108.5 46.5 0.000272146
-108 46.5 0.000272064
-107.5 46.5 0.00028195
-107 46.5 0.000312604
-106.5 46.5 0.000350583
-106 46.5 0.000376614
-105.5 46.5 0.000368882
-105 46.5 0.000357842
-104.5 46.5 0.000283966
-104 46.5 0.000463127
-103.5 46.5 0.000343437
-103 46.5 0.000372952
-102.5 46.5 0.000381665
-102 46.5 0.000375302
-101.5 46.5 0.000388379
-101 46.5 0.000392545
-100.5 46.5 0.00039572
-100 46.5 0.000392571
-99.5 46.5 0.00039572
-99 46.5 0.000392544
-98.5 46.5 0.000388393
-98 46.5 0.000375264
-97.5 46.5 0.000381679
-97 46.5 0.000373373
-96.5 46.5 0.000343437
-96 46.5 0.000463128
-95.5 46.5 0.000283966
-95 46.5 0.000357842
-94.5 46.5 0.000368882
-94 46.5 0.000376614
-93.5 46.5 0.000350583
-93 46.5 0.000312604
-92.5 46.5 0.00028195
-92 46.5 0.000272007
-91.5 46.5 0.000273058
-91 46.5 0.000281013
-90.5 46.5 0.000283816
-90 46.5 0.000270377
-89.5 46.5 0.000255459
-89 46.5 0.000240166
-88.5 46.5 0.000253815
-88 46.5 0.000234777
-87.5 46.5 0.000233094
-87 46.5 0.000233566
-86.5 46.5 0.000200509
-86 46.5 0.000192524
-85.5 46.5 0.000230494
-85 46.5 0.000216623
-84.5 46.5 0.00020361
-84 46.5 0.000184405
-83.5 46.5 0.000216325
-83 46.5 0.000201263
-82.5 46.5 0.000119586
-82 46.5 0.000413624
-81.5 46.5 -0.000261624
-81 46.5 0.000296233
-119 47 0.000281528
-118.5 47 -0.000318473
-118 47 0.000378225
-117.5 47 5.11148e-05
-117 47 0.000144701
-116.5 47 0.000183677
-116 47 0.00013799
-115.5 47 0.000224951
-115 47 0.000177816
-114.5 47 0.000208592
-114 47 0.000216296
-113.5 47 0.000251938
-113 47 0.000209414
-112.5 47 0.000229366
-112 47 0.000218378
-111.5 47 0.000237518
-111 47 0.000255146
-110.5 47 0.000260229
-110 47 0.000278993
-109.5 47 0.00027518
-109 47 0.000266137
-108.5 47 0.000267529
-108 47 0.000273351
-107.5 47 0.000289852
-107 47 0.000304346
-106.5 47 0.000309293
-106 47 0.000331632
-105.5 47 0.000342041
-105 47 0.000354733
-104.5 47 0.000344627
-104 47 0.000328655
-103.5 47 0.000336901
-103 47 0.000352109
-102.5 47 0.000279851
-102 47 0.000464252
-101.5 47 0.000348464
-101 47 0.000375144
-100.5 47 0.000377787
-100 47 0.000375533
-99.5 47 0.000377787
-99 47 0.000375144
-98.5 47 0.000348464
-98 47 0.000464259
-97.5 47 0.000279851
-97 47 0.000352083
-96.5 47 0.000336901
-96 47 0.000328655
-95.5 47 0.000344627
-95 47 0.000354733
-94.5 47 0.000342041
-94 47 0.000331632
-93.5 47 0.000309293
-93 47 0.000304346
-92.5 47 0.000289852
-92 47 0.000273351
-91.5 47 0.000267529
-91 47 0.000266572
-90.5 47 0.00027518
-90 47 0.000278993
-89.5 47 0.000260229
-89 47 0.000255146
-88.5 47 0.000237953
-88 47 0.000218378
-87.5 47 0.000229366
-87 47 0.000209414
-86.5 47 0.000251938
-86 47 0.000216296
-85.5 47 0.000208592
-85 47 0.000177816
-84.5 47 0.000224951
-84 47 0.00013799
-83.5 47 0.000183677
-83 47 0.00014428
-82.5 47 5.10568e-05
-82 47 0.000379154
-81.5 47 -0.000317439
-81 47 0.000232866
-119 47.5 0.000597578
-118.5 47.5 -8.40224e-05
-118 47.5 0.000571736
-117.5 47.5 0.000209933
-117 47.5 0.000293303
-116.5 47.5 0.000237941
-116 47.5 0.000210925
-115.5 47.5 0.000196438
-115 47.5 0.000138945
-114.5 47.5 0.000150417
-114 47.5 0.000166085
-113.5 47.5 0.000180694
-113 47.5 0.000186624
-112.5 47.5 0.00024201
-112 47.5 0.000214699
-111.5 47.5 0.000227625
-111 47.5 0.000241941
-110.5 47.5 0.000236211
-110 47.5 0.000242075
-109.5 47.5 0.000250915
-109 47.5 0.000260178
-108.5 47.5 0.000261056
-108 47.5 0.000277861
-107.5 47.5 0.0002795
-107 47.5 0.000256933
-106.5 47.5 0.000325796
-106 47.5 0.00028034
-105.5 47.5 0.000294588
-105 47.5 0.000326313
-104.5 47.5 0.000349423
-104 47.5 0.000364003
-103.5 47.5 0.000380084
-103 47.5 0.000366793
-102.5 47.5 0.000379009
-102 47.5 0.000353816
-101.5 47.5 0.000357409
-101 47.5 0.000357946
-100.5 47.5 0.000356568
-100 47.5 0.00035361
-99.5 47.5 0.000356568
-99 47.5 0.000357946
-98.5 47.5 0.000357409
-98 47.5 0.000353816
-97.5 47.5 0.000379009
-97 47.5 0.000366793
-96.5 47.5 0.000380084
-96 47.5 0.000363996
-95.5 47.5 0.000349423
-95 47.5 0.000326313
-94.5 47.5 0.000294588
-94 47.5 0.00028034
-93.5 47.5 0.000325796
-93 47.5 0.000256933
-92.5 47.5 0.0002795
-92 47.5 0.000277861
-91.5 47.5 0.000261056
-91 47.5 0.000260151
-90.5 47.5 0.000250915
-90 47.5 0.000242075
-89.5 47.5 0.000236152
-89 47.5 0.000242887
-88.5 47.5 0.000225009
-88 47.5 0.000215645
-87.5 47.5 0.000241951
-87 47.5 0.000186624
-86.5 47.5 0.000180694
-86 47.5 0.000166085
-85.5 47.5 0.000150417
-85 47.5 0.000138945
-84.5 47.5 0.000196438
-84 47.5 0.000210982
-83.5 47.5 0.000237024
-83 47.5 0.000295813
-82.5 47.5 0.000209015
-82 47.5 0.00057178
-81.5 47.5 -8.64557e-05
-81 47.5 0.000637744
-119 48 -0.000442595
-118.5 48 -0.000480513
-118 48 -0.000124392
-117.5 48 -8.89926e-05
-117 48 -7.41781e-05
-116.5 48 0.000102195
-116 48 0.000174498
-115.5 48 0.000242519
-115 48 0.000303925
-114.5 48 0.000307207
-114 48 0.000339558
-113.5 48 0.000311437
-113 48 0.000261942
-112.5 48 0.000256457
-112 48 0.000259449
-111.5 48 0.000277348
-111 48 0.000286003
-110.5 48 0.000284867
-110 48 0.000290796
-109.5 48 0.000294043
-109 48 0.000268782
-108.5 48 0.000350849
-108 48 0.000252105
-107.5 48 0.000279501
-107 48 0.000270927
-106.5 48 0.000272898
-106 48 0.000263283
-105.5 48 0.000271807
-105 48 0.000268335
-104.5 48 0.000279986
-104 48 0.000289473
-103.5 48 0.000294848
-103 48 0.000330203
-102.5 48 0.000321632
-102 48 0.00033066
-101.5 48 0.000338685
-101 48 0.000343603
-100.5 48 0.000346205
-100 48 0.000345706
-99.5 48 0.000346205
-99 48 0.000343603
-98.5 48 0.000338685
-98 48 0.00033066
-97.5 48 0.000321632
-97 48 0.000330203
-96.5 48 0.000294833
-96 48 0.000289513
-95.5 48 0.000279972
-95 48 0.000268336
-94.5 48 0.000271807
-94 48 0.000263283
-93.5 48 0.000272898
-93 48 0.000270927
-92.5 48 0.000279528
-92 48 0.000252105
-91.5 48 0.000350849
-91 48 0.000268782
-90.5 48 0.000294043
-90 48 0.000290796
-89.5 48 0.000284867
-89 48 0.000286003
-88.5 48 0.000278217
-88 48 0.000259449
-87.5 48 0.000256457
-87 48 0.000261942
-86.5 48 0.000311437
-86 48 0.000339558
-85.5 48 0.000307207
-85 48 0.000303925
-84.5 48 0.000242519
-84 48 0.000174498
-83.5 48 0.000102195
-83 48 -7.45975e-05
-82.5 48 -8.902e-05
-82 48 -0.000124344
-81.5 48 -0.000484314
-81 48 -0.000400175
-119 48.5 0.00113118
-118.5 48.5 0.000683837
-118 48.5 0.00104991
-117.5 48.5 0.000656676
-117 48.5 0.000542943
-116.5 48.5 0.000412212
-116 48.5 0.000261797
-115.5 48.5 0.000143022
-115 48.5 8.91567e-05
-114.5 48.5 9.45388e-05
-114 48.5 9.59327e-06
-113.5 48.5 4.69534e-05
-113 48.5 6.02153e-05
-112.5 48.5 9.29242e-05
-112 48.5 3.64439e-05
-111.5 48.5 6.72118e-05
-111 48.5 5.5034e-05
-110.5 48.5 9.98053e-05
-110 48.5 9.13817e-05
-109.5 48.5 0.000122238
-109 48.5 0.000154569
-108.5 48.5 0.000183415
-108 48.5 0.000229211
-107.5 48.5 0.000256287
-107 48.5 0.000285235
-106.5 48.5 0.000301057
-106 48.5 0.000317016
-105.5 48.5 0.000326488
-105 48.5 0.000333275
-104.5 48.5 0.000336579
-104 48.5 0.000333492
-103.5 48.5 0.000334657
-103 48.5 0.000330916
-102.5 48.5 0.000338274
-102 48.5 0.000342255
-101.5 48.5 0.000345654
-101 48.5 0.000347011
-100.5 48.5 0.000349328
-100 48.5 0.000350934
-99.5 48.5 0.000349328
-99 48.5 0.000347009
-98.5 48.5 0.000345654
-98 48.5 0.000342254
-97.5 48.5 0.000338283
-97 48.5 0.000330944
-96.5 48.5 0.0003347
-96 48.5 0.000333527
-95.5 48.5 0.000336602
-95 48.5 0.000333267
-94.5 48.5 0.00032645
-94 48.5 0.000316948
-93.5 48.5 0.000300957
-93 48.5 0.000285105
-92.5 48.5 0.000255712
-92 48.5 0.000229017
-91.5 48.5 0.000183201
-91 48.5 0.00015436
-90.5 48.5 0.00012206
-90 48.5 9.12526e-05
-89.5 48.5 9.96739e-05
-89 48.5 5.60084e-05
-88.5 48.5 6.45749e-05
-88 48.5 3.75112e-05
-87.5 48.5 9.29721e-05
-87 48.5 6.03552e-05
-86.5 48.5 4.71582e-05
-86 48.5 9.9075e-06
-85.5 48.5 9.50035e-05
-85 48.5 8.98114e-05
-84.5 48.5 0.000143857
-84 48.5 0.00026278
-83.5 48.5 0.000413322
-83 48.5 0.000544197
-82.5 48.5 0.000657859
-82 48.5 0.00105083
-81.5 48.5 0.000644712
-81 48.5 0.00173217
-119 49 -0.000517134
-118.5 49 -0.000384019
-118 49 -0.000342736
-117.5 49 -5.74026e-05
-117 49 -0.000177579
-116.5 49 -4.90231e-05
-116 49 1.7333e-05
-115.5 49 5.53499e-05
-115 49 7.25804e-05
-114.5 49 9.61309e-05
-114 49 9.99702e-05
-113.5 49 0.000128733
-113 49 0.000117131
-112.5 49 0.000130753
-112 49 0.00014423
-111.5 49 0.000167176
-111 49 0.000162853
-110.5 49 0.000180359
-110 49 0.00015142
-109.5 49 0.000176371
-109 49 0.000158796
-108.5 49 0.000152358
-108 49 0.000153401
-107.5 49 0.000150364
-107 49 0.00015665
-106.5 49 0.000164503
-106 49 0.000174718
-105.5 49 0.000180455
-105 49 0.000191242
-104.5 49 0.000181334
-104 49 0.000223075
-103.5 49 0.000227091
-103 49 0.000234799
-102.5 49 0.000243511
-102 49 0.00025038
-101.5 49 0.000252223
-101 49 0.000257029
-100.5 49 0.000257956
-100 49 0.00025961
-99.5 49 0.000257957
-99 49 0.000257059
-98.5 49 0.000252243
-98 49 0.000250412
-97.5 49 0.000243402
-97 49 0.000234445
-96.5 49 0.000226519
-96 49 0.000222537
-95.5 49 0.000181051
-95 49 0.00019137
-94.5 49 0.000180972
-94 49 0.000175634
-93.5 49 0.000165885
-93 49 0.000157389
-92.5 49 0.00015498
-92 49 0.000154992
-91.5 49 0.000155253
-91 49 0.000161565
-90.5 49 0.000178732
-90 49 0.000153122
-89.5 49 0.000181271
-89 49 0.000162952
-88.5 49 0.000166932
-88 49 0.000143094
-87.5 49 0.000129294
-87 49 0.000115292
-86.5 49 0.000126046
-86 49 9.5844e-05
-85.5 49 9.00309e-05
-85 49 6.39521e-05
-84.5 49 4.43432e-05
-84 49 4.39352e-06
-83.5 49 -6.36042e-05
-83 49 -0.000193818
-82.5 49 -7.312e-05
-82 49 -0.000355294
-81.5 49 -0.000380738
-81 49 -0.000787683
