-119 25 4.18424
-118.5 25 4.0325
-118 25 4.02752
-117.5 25 3.96358
-117 25 4.00524
-116.5 25 3.97572
-116 25 3.9546
-115.5 25 3.97152
-115 25 3.98523
-114.5 25 4.00128
-114 25 4.00083
-113.5 25 3.99724
-113 25 3.98856
-112.5 25 3.99198
-112 25 3.99151
-111.5 25 3.98941
-111 25 3.9822
-110.5 25 3.98195
-110 25 3.98325
-109.5 25 3.9807
-109 25 3.97639
-108.5 25 3.97642
-108 25 3.97497
-107.5 25 3.97316
-107 25 3.96469
-106.5 25 3.96718
-106 25 3.9664
-105.5 25 3.96455
-105 25 3.9618
-104.5 25 3.96001
-104 25 3.95896
-103.5 25 3.95605
-103 25 3.95499
-102.5 25 3.95342
-102 25 3.95204
-101.5 25 3.95061
-101 25 3.95088
-100.5 25 3.95021
-100 25 3.95038
-99.5 25 3.95021
-99 25 3.95088
-98.5 25 3.95061
-98 25 3.95204
-97.5 25 3.95342
-97 25 3.95499
-96.5 25 3.95605
-96 25 3.95896
-95.5 25 3.96001
-95 25 3.96181
-94.5 25 3.96455
-94 25 3.96639
-93.5 25 3.96718
-93 25 3.96469
-92.5 25 3.97316
-92 25 3.97503
-91.5 25 3.97642
-91 25 3.97632
-90.5 25 3.9807
-90 25 3.98325
-89.5 25 3.98195
-89 25 3.98212
-88.5 25 3.98941
-88 25 3.99159
-87.5 25 3.99199
-87 25 3.98856
-86.5 25 3.99546
-86 25 3.99872
-85.5 25 3.99999
-85 25 3.98215
-84.5 25 3.9598
-84 25 3.93135
-83.5 25 3.94103
-83 25 3.96945
-82.5 25 3.93643
-82 25 4.02637
-81.5 25 4.00532
-81 25 3.88479
-119 25.5 4.09185
-118.5 25.5 3.81565
-118 25.5 3.87992
-117.5 25.5 3.86876
-117 25.5 3.92483
-116.5 25.5 3.91927
-116 25.5 3.92622
-115.5 25.5 3.945
-115 25.5 3.94998
-114.5 25.5 3.94599
-114 25.5 3.94432
-113.5 25.5 3.95622
-113 25.5 3.95301
-112.5 25.5 3.95412
-112 25.5 3.95922
-111.5 25.5 3.95842
-111 25.5 3.95865
-110.5 25.5 3.96154
-110 25.5 3.96609
-109.5 25.5 3.96015
-109 25.5 3.9649
-108.5 25.5 3.96864
-108 25.5 3.96646
-107.5 25.5 3.96533
-107 25.5 3.96798
-106.5 25.5 3.97148
-106 25.5 3.97075
-105.5 25.5 3.97058
-105 25.5 3.97097
-104.5 25.5 3.97169
-104 25.5 3.97018
-103.5 25.5 3.97048
-103 25.5 3.9695
-102.5 25.5 3.96897
-102 25.5 3.968
-101.5 25.5 3.96763
-101 25.5 3.96833
-100.5 25.5 3.96818
-100 25.5 3.96664
-99.5 25.5 3.96818
-99 25.5 3.96833
-98.5 25.5 3.96763
-98 25.5 3.968
-97.5 25.5 3.96897
-97 25.5 3.9695
-96.5 25.5 3.97048
-96 25.5 3.97018
-95.5 25.5 3.97169
-95 25.5 3.97097
-94.5 25.5 3.97058
-94 25.5 3.97075
-93.5 25.5 3.97148
-93 25.5 3.96798
-92.5 25.5 3.96533
-92 25.5 3.96646
-91.5 25.5 3.96877
-91 25.5 3.9649
-90.5 25.5 3.96015
-90 25.5 3.96609
-89.5 25.5 3.96154
-89 25.5 3.95865
-88.5 25.5 3.95829
-88 25.5 3.95921
-87.5 25.5 3.95411
-87 25.5 3.95301
-86.5 25.5 3.95622
-86 25.5 3.94432
-85.5 25.5 3.94599
-85 25.5 3.95146
-84.5 25.5 3.94783
-84 25.5 3.92851
-83.5 25.5 3.92043
-83 25.5 3.92372
-82.5 25.5 3.87526
-82 25.5 3.90003
-81.5 25.5 3.82743
-81 25.5 3.78727
-119 26 4.02893
-118.5 26 3.84792
-118 26 3.95224
-117.5 26 3.8774
-117 26 3.93445
-116.5 26 3.92099
-116 26 3.92157
-115.5 26 3.92695
-115 26 3.91897
-114.5 26 3.91495
-114 26 3.91382
-113.5 26 3.91252
-113 26 3.90366
-112.5 26 3.90731
-112 26 3.90572
-111.5 26 3.90121
-111 26 3.90379
-110.5 26 3.90739
-110 26 3.90429
-109.5 26 3.90342
-109 26 3.91032
-108.5 26 3.90699
-108 26 3.90678
-107.5 26 3.90857
-107 26 3.91355
-106.5 26 3.91139
-106 26 3.9109
-105.5 26 3.91034
-105 26 3.91025
-104.5 26 3.91057
-104 26 3.90945
-103.5 26 3.91028
-103 26 3.90971
-102.5 26 3.90942
-102 26 3.90954
-101.5 26 3.91003
-101 26 3.90881
-100.5 26 3.90941
-100 26 3.90883
-99.5 26 3.90941
-99 26 3.90881
-98.5 26 3.91003
-98 26 3.90954
-97.5 26 3.90942
-97 26 3.90971
-96.5 26 3.91028
-96 26 3.90945
-95.5 26 3.91057
-95 26 3.91025
-94.5 26 3.91034
-94 26 3.9109
-93.5 26 3.91139
-93 26 3.91355
-92.5 26 3.90857
-92 26 3.90678
-91.5 26 3.90699
-91 26 3.91033
-90.5 26 3.90342
-90 26 3.90429
-89.5 26 3.90739
-89 26 3.90379
-88.5 26 3.90121
-88 26 3.90572
-87.5 26 3.9073
-87 26 3.90366
-86.5 26 3.91252
-86 26 3.91382
-85.5 26 3.91495
-85 26 3.91897
-84.5 26 3.92902
-84 26 3.92522
-83.5 26 3.92658
-83 26 3.93955
-82.5 26 3.88353
-82 26 3.96362
-81.5 26 3.86226
-81 26 3.7563
-119 26.5 4.06239
-118.5 26.5 3.89029
-118 26.5 3.92591
-117.5 26.5 3.87848
-117 26.5 3.93353
-116.5 26.5 3.93976
-116 26.5 3.94527
-115.5 26.5 3.94933
-115 26.5 3.94354
-114.5 26.5 3.942
-114 26.5 3.93978
-113.5 26.5 3.94283
-113 26.5 3.94297
-112.5 26.5 3.94608
-112 26.5 3.94078
-111.5 26.5 3.94016
-111 26.5 3.94466
-110.5 26.5 3.94262
-110 26.5 3.93782
-109.5 26.5 3.94273
-109 26.5 3.94058
-108.5 26.5 3.93885
-108 26.5 3.93934
-107.5 26.5 3.93808
-107 26.5 3.93531
-106.5 26.5 3.93341
-106 26.5 3.93282
-105.5 26.5 3.92942
-105 26.5 3.92842
-104.5 26.5 3.92561
-104 26.5 3.92374
-103.5 26.5 3.92143
-103 26.5 3.92046
-102.5 26.5 3.91921
-102 26.5 3.91797
-101.5 26.5 3.91664
-101 26.5 3.9151
-100.5 26.5 3.91651
-100 26.5 3.91642
-99.5 26.5 3.91651
-99 26.5 3.9151
-98.5 26.5 3.91664
-98 26.5 3.91797
-97.5 26.5 3.91921
-97 26.5 3.92046
-96.5 26.5 3.92143
-96 26.5 3.92374
-95.5 26.5 3.92561
-95 26.5 3.92842
-94.5 26.5 3.92942
-94 26.5 3.93282
-93.5 26.5 3.93341
-93 26.5 3.93531
-92.5 26.5 3.93808
-92 26.5 3.93934
-91.5 26.5 3.93885
-91 26.5 3.94058
-90.5 26.5 3.94273
-90 26.5 3.93782
-89.5 26.5 3.94262
-89 26.5 3.94466
-88.5 26.5 3.94016
-88 26.5 3.94078
-87.5 26.5 3.94597
-87 26.5 3.94297
-86.5 26.5 3.94283
-86 26.5 3.93977
-85.5 26.5 3.942
-85 26.5 3.94324
-84.5 26.5 3.94893
-84 26.5 3.94497
-83.5 26.5 3.93945
-83 26.5 3.93385
-82.5 26.5 3.8791
-82 26.5 3.93898
-81.5 26.5 3.89029
-81 26.5 3.77826
-119 27 4.005
-118.5 27 3.84908
-118 27 3.9532
-117.5 27 3.89085
-117 27 3.96249
-116.5 27 3.95565
-116 27 3.95025
-115.5 27 3.94443
-115 27 3.93334
-114.5 27 3.93347
-114 27 3.92986
-113.5 27 3.93127
-113 27 3.92836
-112.5 27 3.92807
-112 27 3.92371
-111.5 27 3.93004
-111 27 3.92987
-110.5 27 3.92937
-110 27 3.92894
-109.5 27 3.93135
-109 27 3.93177
-108.5 27 3.9288
-108 27 3.92814
-107.5 27 3.92953
-107 27 3.92816
-106.5 27 3.92819
-106 27 3.92781
-105.5 27 3.92854
-105 27 3.92924
-104.5 27 3.92899
-104 27 3.9289
-103.5 27 3.92938
-103 27 3.92988
-102.5 27 3.9295
-102 27 3.92921
-101.5 27 3.92901
-101 27 3.92949
-100.5 27 3.92931
-100 27 3.9292
-99.5 27 3.92931
-99 27 3.92949
-98.5 27 3.92901
-98 27 3.92921
-97.5 27 3.9295
-97 27 3.92988
-96.5 27 3.92938
-96 27 3.9289
-95.5 27 3.92899
-95 27 3.92924
-94.5 27 3.92855
-94 27 3.92781
-93.5 27 3.92819
-93 27 3.92816
-92.5 27 3.92953
-92 27 3.92814
-91.5 27 3.9288
-91 27 3.93177
-90.5 27 3.93135
-90 27 3.92894
-89.5 27 3.92938
-89 27 3.92987
-88.5 27 3.93004
-88 27 3.92379
-87.5 27 3.92807
-87 27 3.92827
-86.5 27 3.93128
-86 27 3.92986
-85.5 27 3.93347
-85 27 3.93334
-84.5 27 3.94411
-84 27 3.94992
-83.5 27 3.95491
-83 27 3.96176
-82.5 27 3.88988
-82 27 3.9532
-81.5 27 3.85966
-81 27 3.73923
-119 27.5 4.01101
-118.5 27.5 3.96279
-118 27.5 3.96819
-117.5 27.5 3.90864
-117 27.5 3.97009
-116.5 27.5 3.94588
-116 27.5 3.94692
-115.5 27.5 3.93418
-115 27.5 3.9322
-114.5 27.5 3.9335
-114 27.5 3.93589
-113.5 27.5 3.93389
-113 27.5 3.93501
-112.5 27.5 3.93207
-112 27.5 3.93357
-111.5 27.5 3.93853
-111 27.5 3.93451
-110.5 27.5 3.93401
-110 27.5 3.93558
-109.5 27.5 3.93722
-109 27.5 3.93457
-108.5 27.5 3.93206
-108 27.5 3.93247
-107.5 27.5 3.92959
-107 27.5 3.92618
-106.5 27.5 3.92349
-106 27.5 3.92136
-105.5 27.5 3.9202
-105 27.5 3.9184
-104.5 27.5 3.91795
-104 27.5 3.91809
-103.5 27.5 3.92224
-103 27.5 3.92238
-102.5 27.5 3.92305
-102 27.5 3.92426
-101.5 27.5 3.92599
-101 27.5 3.92684
-100.5 27.5 3.92596
-100 27.5 3.92656
-99.5 27.5 3.92596
-99 27.5 3.92684
-98.5 27.5 3.92599
-98 27.5 3.92426
-97.5 27.5 3.92305
-97 27.5 3.92238
-96.5 27.5 3.92224
-96 27.5 3.91809
-95.5 27.5 3.91795
-95 27.5 3.9184
-94.5 27.5 3.92019
-94 27.5 3.92136
-93.5 27.5 3.92349
-93 27.5 3.92618
-92.5 27.5 3.92959
-92 27.5 3.93247
-91.5 27.5 3.93206
-91 27.5 3.93457
-90.5 27.5 3.93722
-90 27.5 3.93558
-89.5 27.5 3.93401
-89 27.5 3.93451
-88.5 27.5 3.93853
-88 27.5 3.93357
-87.5 27.5 3.93217
-87 27.5 3.93501
-86.5 27.5 3.93389
-86 27.5 3.93589
-85.5 27.5 3.93349
-85 27.5 3.9322
-84.5 27.5 3.93418
-84 27.5 3.94692
-83.5 27.5 3.94598
-83 27.5 3.96999
-82.5 27.5 3.90864
-82 27.5 3.96819
-81.5 27.5 3.94468
-81 27.5 3.76013
-119 28 4.08487
-118.5 28 3.97721
-118 28 3.88342
-117.5 28 3.91446
-117 28 3.95639
-116.5 28 3.92684
-116 28 3.94173
-115.5 28 3.9276
-115 28 3.93574
-114.5 28 3.93846
-114 28 3.93649
-113.5 28 3.93502
-113 28 3.9354
-112.5 28 3.9323
-112 28 3.93919
-111.5 28 3.93886
-111 28 3.93578
-110.5 28 3.93641
-110 28 3.93774
-109.5 28 3.93349
-109 28 3.92963
-108.5 28 3.92831
-108 28 3.92655
-107.5 28 3.92366
-107 28 3.924
-106.5 28 3.92418
-106 28 3.92778
-105.5 28 3.92824
-105 28 3.92856
-104.5 28 3.92949
-104 28 3.93103
-103.5 28 3.93088
-103 28 3.93016
-102.5 28 3.9304
-102 28 3.93026
-101.5 28 3.93061
-101 28 3.93029
-100.5 28 3.93014
-100 28 3.93047
-99.5 28 3.93014
-99 28 3.93029
-98.5 28 3.93061
-98 28 3.93025
-97.5 28 3.9304
-97 28 3.93016
-96.5 28 3.93088
-96 28 3.93103
-95.5 28 3.92949
-95 28 3.92856
-94.5 28 3.92824
-94 28 3.92778
-93.5 28 3.92418
-93 28 3.924
-92.5 28 3.92366
-92 28 3.92655
-91.5 28 3.92831
-91 28 3.92963
-90.5 28 3.93349
-90 28 3.93774
-89.5 28 3.93641
-89 28 3.93578
-88.5 28 3.93887
-88 28 3.9392
-87.5 28 3.9323
-87 28 3.9354
-86.5 28 3.93502
-86 28 3.93649
-85.5 28 3.93846
-85 28 3.93574
-84.5 28 3.9276
-84 28 3.94173
-83.5 28 3.92674
-83 28 3.95639
-82.5 28 3.91446
-82 28 3.90463
-81.5 28 3.95387
-81 28 3.82689
-119 28.5 4.11311
-118.5 28.5 3.92003
-118 28.5 3.85415
-117.5 28.5 3.92203
-117 28.5 3.94749
-116.5 28.5 3.93236
-116 28.5 3.94482
-115.5 28.5 3.93154
-115 28.5 3.9402
-114.5 28.5 3.93586
-114 28.5 3.93477
-113.5 28.5 3.93688
-113 28.5 3.93658
-112.5 28.5 3.93816
-112 28.5 3.94366
-111.5 28.5 3.93665
-111 28.5 3.93512
-110.5 28.5 3.93539
-110 28.5 3.9305
-109.5 28.5 3.92704
-109 28.5 3.92547
-108.5 28.5 3.9249
-108 28.5 3.9244
-107.5 28.5 3.92768
-107 28.5 3.92924
-106.5 28.5 3.93237
-106 28.5 3.93371
-105.5 28.5 3.93416
-105 28.5 3.93589
-104.5 28.5 3.93728
-104 28.5 3.93803
-103.5 28.5 3.93543
-103 28.5 3.93553
-102.5 28.5 3.93517
-102 28.5 3.9353
-101.5 28.5 3.93478
-101 28.5 3.93443
-100.5 28.5 3.93429
-100 28.5 3.93411
-99.5 28.5 3.93429
-99 28.5 3.93443
-98.5 28.5 3.93478
-98 28.5 3.9353
-97.5 28.5 3.93517
-97 28.5 3.93553
-96.5 28.5 3.93542
-96 28.5 3.93803
-95.5 28.5 3.93728
-95 28.5 3.93589
-94.5 28.5 3.93416
-94 28.5 3.93371
-93.5 28.5 3.93237
-93 28.5 3.92925
-92.5 28.5 3.92768
-92 28.5 3.9244
-91.5 28.5 3.9249
-91 28.5 3.92547
-90.5 28.5 3.92704
-90 28.5 3.9305
-89.5 28.5 3.93539
-89 28.5 3.93512
-88.5 28.5 3.93665
-88 28.5 3.94366
-87.5 28.5 3.93816
-87 28.5 3.93658
-86.5 28.5 3.93688
-86 28.5 3.93477
-85.5 28.5 3.93586
-85 28.5 3.94021
-84.5 28.5 3.93155
-84 28.5 3.94494
-83.5 28.5 3.93236
-83 28.5 3.94737
-82.5 28.5 3.92203
-82 28.5 3.88263
-81.5 28.5 3.91539
-81 28.5 3.86773
-119 29 4.0973
-118.5 29 3.89611
-118 29 3.85219
-117.5 29 3.92053
-117 29 3.93765
-116.5 29 3.93272
-116 29 3.94086
-115.5 29 3.93354
-115 29 3.93843
-114.5 29 3.93652
-114 29 3.94019
-113.5 29 3.93933
-113 29 3.93638
-112.5 29 3.93856
-112 29 3.93747
-111.5 29 3.93075
-111 29 3.93342
-110.5 29 3.9329
-110 29 3.92959
-109.5 29 3.92986
-109 29 3.92993
-108.5 29 3.92995
-108 29 3.93415
-107.5 29 3.93524
-107 29 3.93456
-106.5 29 3.93526
-106 29 3.93282
-105.5 29 3.9336
-105 29 3.93369
-104.5 29 3.93332
-104 29 3.93266
-103.5 29 3.93176
-103 29 3.93072
-102.5 29 3.92977
-102 29 3.92892
-101.5 29 3.92796
-101 29 3.92742
-100.5 29 3.92714
-100 29 3.92687
-99.5 29 3.92714
-99 29 3.92742
-98.5 29 3.92796
-98 29 3.92893
-97.5 29 3.92977
-97 29 3.93073
-96.5 29 3.93176
-96 29 3.93266
-95.5 29 3.93332
-95 29 3.9337
-94.5 29 3.9336
-94 29 3.93282
-93.5 29 3.93526
-93 29 3.93456
-92.5 29 3.93524
-92 29 3.93415
-91.5 29 3.92995
-91 29 3.92993
-90.5 29 3.92986
-90 29 3.92959
-89.5 29 3.9329
-89 29 3.93342
-88.5 29 3.93076
-88 29 3.93747
-87.5 29 3.93845
-87 29 3.93638
-86.5 29 3.93933
-86 29 3.94019
-85.5 29 3.93652
-85 29 3.93842
-84.5 29 3.93354
-84 29 3.94087
-83.5 29 3.93282
-83 29 3.93765
-82.5 29 3.92053
-82 29 3.8802
-81.5 29 3.89921
-81 29 3.89079
-119 29.5 4.09278
-118.5 29.5 3.88755
-118 29.5 3.85485
-117.5 29.5 3.91761
-117 29.5 3.94185
-116.5 29.5 3.93926
-116 29.5 3.94038
-115.5 29.5 3.93603
-115 29.5 3.93818
-114.5 29.5 3.93971
-114 29.5 3.93849
-113.5 29.5 3.93549
-113 29.5 3.93603
-112.5 29.5 3.94141
-112 29.5 3.93625
-111.5 29.5 3.93369
-111 29.5 3.9355
-110.5 29.5 3.93052
-110 29.5 3.92809
-109.5 29.5 3.9278
-109 29.5 3.93123
-108.5 29.5 3.93435
-108 29.5 3.93727
-107.5 29.5 3.93613
-107 29.5 3.93782
-106.5 29.5 3.93861
-106 29.5 3.93873
-105.5 29.5 3.93751
-105 29.5 3.93528
-104.5 29.5 3.93279
-104 29.5 3.93012
-103.5 29.5 3.92736
-103 29.5 3.92503
-102.5 29.5 3.92301
-102 29.5 3.92124
-101.5 29.5 3.91986
-101 29.5 3.91898
-100.5 29.5 3.91845
-100 29.5 3.91842
-99.5 29.5 3.91845
-99 29.5 3.91898
-98.5 29.5 3.91985
-98 29.5 3.92124
-97.5 29.5 3.92301
-97 29.5 3.92504
-96.5 29.5 3.92736
-96 29.5 3.93013
-95.5 29.5 3.93279
-95 29.5 3.93528
-94.5 29.5 3.93751
-94 29.5 3.93873
-93.5 29.5 3.93861
-93 29.5 3.93782
-92.5 29.5 3.93613
-92 29.5 3.93727
-91.5 29.5 3.93435
-91 29.5 3.93123
-90.5 29.5 3.9278
-90 29.5 3.92809
-89.5 29.5 3.93052
-89 29.5 3.9355
-88.5 29.5 3.93369
-88 29.5 3.93636
-87.5 29.5 3.94141
-87 29.5 3.93592
-86.5 29.5 3.93549
-86 29.5 3.93849
-85.5 29.5 3.93971
-85 29.5 3.93818
-84.5 29.5 3.93603
-84 29.5 3.94038
-83.5 29.5 3.93926
-83 29.5 3.94185
-82.5 29.5 3.91749
-82 29.5 3.88041
-81.5 29.5 3.89263
-81 29.5 3.90054
-119 30 4.07588
-118.5 30 3.87388
-118 30 3.86716
-117.5 30 3.91873
-117 30 3.94478
-116.5 30 3.93687
-116 30 3.93868
-115.5 30 3.93661
-115 30 3.93741
-114.5 30 3.94099
-114 30 3.93965
-113.5 30 3.94053
-113 30 3.94183
-112.5 30 3.9409
-112 30 3.93123
-111.5 30 3.93149
-111 30 3.93041
-110.5 30 3.92777
-110 30 3.93139
-109.5 30 3.93932
-109 30 3.94137
-108.5 30 3.94147
-108 30 3.94056
-107.5 30 3.94028
-107 30 3.93857
-106.5 30 3.9364
-106 30 3.93353
-105.5 30 3.93009
-105 30 3.92684
-104.5 30 3.92382
-104 30 3.92116
-103.5 30 3.91906
-103 30 3.91744
-102.5 30 3.91634
-102 30 3.91578
-101.5 30 3.9153
-101 30 3.91517
-100.5 30 3.91502
-100 30 3.91513
-99.5 30 3.91503
-99 30 3.91518
-98.5 30 3.91531
-98 30 3.91578
-97.5 30 3.91634
-97 30 3.91744
-96.5 30 3.91906
-96 30 3.92115
-95.5 30 3.92382
-95 30 3.92684
-94.5 30 3.9301
-94 30 3.93353
-93.5 30 3.9364
-93 30 3.93857
-92.5 30 3.94028
-92 30 3.94056
-91.5 30 3.94147
-91 30 3.94137
-90.5 30 3.9392
-90 30 3.93139
-89.5 30 3.92777
-89 30 3.93041
-88.5 30 3.93148
-88 30 3.93123
-87.5 30 3.94101
-87 30 3.94183
-86.5 30 3.94053
-86 30 3.93965
-85.5 30 3.94099
-85 30 3.93741
-84.5 30 3.93662
-84 30 3.93868
-83.5 30 3.93696
-83 30 3.94479
-82.5 30 3.91873
-82 30 3.88937
-81.5 30 3.88183
-81 30 3.89619
-119 30.5 4.03991
-118.5 30.5 3.8493
-118 30.5 3.90234
-117.5 30.5 3.91988
-117 30.5 3.94178
-116.5 30.5 3.93487
-116 30.5 3.94106
-115.5 30.5 3.93805
-115 30.5 3.94306
-114.5 30.5 3.9465
-114 30.5 3.94143
-113.5 30.5 3.93905
-113 30.5 3.93707
-112.5 30.5 3.93229
-112 30.5 3.9285
-111.5 30.5 3.93401
-111 30.5 3.93329
-110.5 30.5 3.9371
-110 30.5 3.94313
-109.5 30.5 3.94419
-109 30.5 3.94002
-108.5 30.5 3.94066
-108 30.5 3.94015
-107.5 30.5 3.93782
-107 30.5 3.9348
-106.5 30.5 3.93127
-106 30.5 3.92746
-105.5 30.5 3.92377
-105 30.5 3.92086
-104.5 30.5 3.9188
-104 30.5 3.91766
-103.5 30.5 3.91743
-103 30.5 3.91786
-102.5 30.5 3.91866
-102 30.5 3.91938
-101.5 30.5 3.92038
-101 30.5 3.9212
-100.5 30.5 3.92181
-100 30.5 3.92165
-99.5 30.5 3.9218
-99 30.5 3.92119
-98.5 30.5 3.92039
-98 30.5 3.91938
-97.5 30.5 3.91866
-97 30.5 3.91786
-96.5 30.5 3.91743
-96 30.5 3.91766
-95.5 30.5 3.9188
-95 30.5 3.92086
-94.5 30.5 3.92377
-94 30.5 3.92745
-93.5 30.5 3.93127
-93 30.5 3.9348
-92.5 30.5 3.93782
-92 30.5 3.94015
-91.5 30.5 3.94066
-91 30.5 3.94011
-90.5 30.5 3.94419
-90 30.5 3.94304
-89.5 30.5 3.9371
-89 30.5 3.93329
-88.5 30.5 3.93401
-88 30.5 3.9285
-87.5 30.5 3.93229
-87 30.5 3.93707
-86.5 30.5 3.93905
-86 30.5 3.94143
-85.5 30.5 3.9465
-85 30.5 3.94306
-84.5 30.5 3.93805
-84 30.5 3.94095
-83.5 30.5 3.93487
-83 30.5 3.9419
-82.5 30.5 3.91988
-82 30.5 3.91744
-81.5 30.5 3.86449
-81 30.5 3.87457
-119 31 3.97082
-118.5 31 3.87594
-118 31 3.96403
-117.5 31 3.91726
-117 31 3.94568
-116.5 31 3.93969
-116 31 3.94614
-115.5 31 3.94104
-115 31 3.9454
-114.5 31 3.94223
-114 31 3.93611
-113.5 31 3.9362
-113 31 3.93683
-112.5 31 3.93233
-112 31 3.93466
-111.5 31 3.93787
-111 31 3.93962
-110.5 31 3.94291
-110 31 3.94379
-109.5 31 3.94181
-109 31 3.94223
-108.5 31 3.94145
-108 31 3.93808
-107.5 31 3.93332
-107 31 3.92862
-106.5 31 3.92465
-106 31 3.92106
-105.5 31 3.9193
-105 31 3.91921
-104.5 31 3.92057
-104 31 3.9227
-103.5 31 3.92564
-103 31 3.9288
-102.5 31 3.9317
-102 31 3.93416
-101.5 31 3.93622
-101 31 3.93757
-100.5 31 3.93848
-100 31 3.93868
-99.5 31 3.93848
-99 31 3.93756
-98.5 31 3.93621
-98 31 3.93416
-97.5 31 3.9317
-97 31 3.92881
-96.5 31 3.92564
-96 31 3.9227
-95.5 31 3.92057
-95 31 3.91921
-94.5 31 3.9193
-94 31 3.92106
-93.5 31 3.92465
-93 31 3.92862
-92.5 31 3.93332
-92 31 3.93807
-91.5 31 3.94145
-91 31 3.94235
-90.5 31 3.94192
-90 31 3.94379
-89.5 31 3.94291
-89 31 3.93962
-88.5 31 3.93787
-88 31 3.93466
-87.5 31 3.93233
-87 31 3.93683
-86.5 31 3.9362
-86 31 3.93611
-85.5 31 3.94223
-85 31 3.9454
-84.5 31 3.94104
-84 31 3.94614
-83.5 31 3.9396
-83 31 3.94568
-82.5 31 3.91726
-82 31 3.96403
-81.5 31 3.88565
-81 31 3.82635
-119 31.5 3.96946
-118.5 31.5 3.92793
-118 31.5 3.9654
-117.5 31.5 3.92581
-117 31.5 3.95207
-116.5 31.5 3.94089
-116 31.5 3.9434
-115.5 31.5 3.93836
-115 31.5 3.94649
-114.5 31.5 3.94018
-114 31.5 3.93864
-113.5 31.5 3.93953
-113 31.5 3.93507
-112.5 31.5 3.93111
-112 31.5 3.93696
-111.5 31.5 3.94244
-111 31.5 3.94379
-110.5 31.5 3.94501
-110 31.5 3.94538
-109.5 31.5 3.94366
-109 31.5 3.94109
-108.5 31.5 3.93649
-108 31.5 3.93048
-107.5 31.5 3.9258
-107 31.5 3.92264
-106.5 31.5 3.92109
-106 31.5 3.92179
-105.5 31.5 3.92473
-105 31.5 3.92878
-104.5 31.5 3.93366
-104 31.5 3.93863
-103.5 31.5 3.94328
-103 31.5 3.94683
-102.5 31.5 3.94958
-102 31.5 3.95158
-101.5 31.5 3.95258
-101 31.5 3.9531
-100.5 31.5 3.95328
-100 31.5 3.95359
-99.5 31.5 3.95328
-99 31.5 3.95311
-98.5 31.5 3.95259
-98 31.5 3.95158
-97.5 31.5 3.94958
-97 31.5 3.94683
-96.5 31.5 3.94328
-96 31.5 3.93863
-95.5 31.5 3.93366
-95 31.5 3.92877
-94.5 31.5 3.92473
-94 31.5 3.9218
-93.5 31.5 3.92109
-93 31.5 3.92264
-92.5 31.5 3.92569
-92 31.5 3.93048
-91.5 31.5 3.93639
-91 31.5 3.94109
-90.5 31.5 3.94376
-90 31.5 3.94538
-89.5 31.5 3.94501
-89 31.5 3.94379
-88.5 31.5 3.94244
-88 31.5 3.93696
-87.5 31.5 3.93111
-87 31.5 3.93507
-86.5 31.5 3.93952
-86 31.5 3.93864
-85.5 31.5 3.94019
-85 31.5 3.94649
-84.5 31.5 3.93836
-84 31.5 3.9434
-83.5 31.5 3.94088
-83 31.5 3.95207
-82.5 31.5 3.92581
-82 31.5 3.9654
-81.5 31.5 3.92792
-81 31.5 3.83085
-119 32 3.97413
-118.5 32 3.94287
-118 32 3.96166
-117.5 32 3.92694
-117 32 3.9487
-116.5 32 3.93939
-116 32 3.94361
-115.5 32 3.94398
-115 32 3.94939
-114.5 32 3.93744
-114 32 3.93703
-113.5 32 3.93564
-113 32 3.93215
-112.5 32 3.93567
-112 32 3.94751
-111.5 32 3.947
-111 32 3.94566
-110.5 32 3.94698
-110 32 3.9433
-109.5 32 3.93973
-109 32 3.93504
-108.5 32 3.92938
-108 32 3.92528
-107.5 32 3.9235
-107 32 3.92409
-106.5 32 3.92713
-106 32 3.93265
-105.5 32 3.93897
-105 32 3.94557
-104.5 32 3.95118
-104 32 3.95526
-103.5 32 3.95739
-103 32 3.95781
-102.5 32 3.95686
-102 32 3.95449
-101.5 32 3.95273
-101 32 3.95085
-100.5 32 3.9497
-100 32 3.94926
-99.5 32 3.9497
-99 32 3.95085
-98.5 32 3.95273
-98 32 3.9545
-97.5 32 3.95686
-97 32 3.95781
-96.5 32 3.95739
-96 32 3.95526
-95.5 32 3.95118
-95 32 3.94557
-94.5 32 3.93897
-94 32 3.93265
-93.5 32 3.92713
-93 32 3.92418
-92.5 32 3.9235
-92 32 3.92518
-91.5 32 3.92938
-91 32 3.93493
-90.5 32 3.93973
-90 32 3.9433
-89.5 32 3.94698
-89 32 3.94566
-88.5 32 3.947
-88 32 3.94751
-87.5 32 3.93567
-87 32 3.93215
-86.5 32 3.93564
-86 32 3.93703
-85.5 32 3.93744
-85 32 3.94938
-84.5 32 3.94398
-84 32 3.94362
-83.5 32 3.93939
-83 32 3.9487
-82.5 32 3.92694
-82 32 3.96166
-81.5 32 3.94273
-81 32 3.85074
-119 32.5 3.98651
-118.5 32.5 3.94322
-118 32.5 3.94744
-117.5 32.5 3.92809
-117 32.5 3.95203
-116.5 32.5 3.94239
-116 32.5 3.94537
-115.5 32.5 3.94611
-115 32.5 3.94446
-114.5 32.5 3.9322
-114 32.5 3.9383
-113.5 32.5 3.93688
-113 32.5 3.9361
-112.5 32.5 3.94719
-112 32.5 3.95037
-111.5 32.5 3.94452
-111 32.5 3.94715
-110.5 32.5 3.94477
-110 32.5 3.93981
-109.5 32.5 3.93476
-109 32.5 3.92944
-108.5 32.5 3.92565
-108 32.5 3.92505
-107.5 32.5 3.92763
-107 32.5 3.9335
-106.5 32.5 3.94128
-106 32.5 3.94943
-105.5 32.5 3.95618
-105 32.5 3.96046
-104.5 32.5 3.96153
-104 32.5 3.95911
-103.5 32.5 3.9544
-103 32.5 3.94841
-102.5 32.5 3.94175
-102 32.5 3.93541
-101.5 32.5 3.90996
-101 32.5 3.90861
-100.5 32.5 3.90517
-100 32.5 3.90424
-99.5 32.5 3.90517
-99 32.5 3.9086
-98.5 32.5 3.90995
-98 32.5 3.9354
-97.5 32.5 3.94175
-97 32.5 3.94841
-96.5 32.5 3.95441
-96 32.5 3.95911
-95.5 32.5 3.96153
-95 32.5 3.96046
-94.5 32.5 3.95618
-94 32.5 3.94943
-93.5 32.5 3.94127
-93 32.5 3.93349
-92.5 32.5 3.92775
-92 32.5 3.92505
-91.5 32.5 3.92565
-91 32.5 3.92944
-90.5 32.5 3.93476
-90 32.5 3.93981
-89.5 32.5 3.94477
-89 32.5 3.94715
-88.5 32.5 3.94453
-88 32.5 3.95037
-87.5 32.5 3.94719
-87 32.5 3.9361
-86.5 32.5 3.93688
-86 32.5 3.9383
-85.5 32.5 3.9322
-85 32.5 3.94446
-84.5 32.5 3.94611
-84 32.5 3.94537
-83.5 32.5 3.9424
-83 32.5 3.95202
-82.5 32.5 3.92809
-82 32.5 3.94744
-81.5 32.5 3.94323
-81 32.5 3.87354
-119 33 3.99042
-118.5 33 3.94394
-118 33 3.94451
-117.5 33 3.93485
-117 33 3.95328
-116.5 33 3.94202
-116 33 3.9451
-115.5 33 3.94511
-115 33 3.94042
-114.5 33 3.93346
-114 33 3.94093
-113.5 33 3.93754
-113 33 3.94409
-112.5 33 3.95109
-112 33 3.94701
-111.5 33 3.94683
-111 33 3.94702
-110.5 33 3.94062
-110 33 3.93424
-109.5 33 3.92948
-109 33 3.92649
-108.5 33 3.92705
-108 33 3.93189
-107.5 33 3.94013
-107 33 3.94967
-106.5 33 3.95831
-106 33 3.96364
-105.5 33 3.96431
-105 33 3.96031
-104.5 33 3.95231
-104 33 3.94173
-103.5 33 3.91236
-103 33 3.90065
-102.5 33 3.89313
-102 33 3.88197
-101.5 33 3.88249
-101 33 3.88083
-100.5 33 3.8792
-100 33 3.87929
-99.5 33 3.87921
-99 33 3.88083
-98.5 33 3.8825
-98 33 3.88197
-97.5 33 3.89313
-97 33 3.90065
-96.5 33 3.91236
-96 33 3.94173
-95.5 33 3.95231
-95 33 3.96031
-94.5 33 3.96431
-94 33 3.96365
-93.5 33 3.95832
-93 33 3.94967
-92.5 33 3.94013
-92 33 3.9319
-91.5 33 3.92706
-91 33 3.92659
-90.5 33 3.92948
-90 33 3.93424
-89.5 33 3.94062
-89 33 3.94702
-88.5 33 3.94683
-88 33 3.94702
-87.5 33 3.95109
-87 33 3.94409
-86.5 33 3.93754
-86 33 3.94093
-85.5 33 3.93346
-85 33 3.94042
-84.5 33 3.94511
-84 33 3.9451
-83.5 33 3.94202
-83 33 3.95328
-82.5 33 3.93492
-82 33 3.94451
-81.5 33 3.94394
-81 33 3.89128
-119 33.5 3.99741
-118.5 33.5 3.94992
-118 33.5 3.94564
-117.5 33.5 3.93801
-117 33.5 3.95162
-116.5 33.5 3.94256
-116 33.5 3.94461
-115.5 33.5 3.94548
-115 33.5 3.93847
-114.5 33.5 3.93445
-114 33.5 3.94318
-113.5 33.5 3.9428
-113 33.5 3.94922
-112.5 33.5 3.95045
-112 33.5 3.94803
-111.5 33.5 3.94687
-111 33.5 3.94228
-110.5 33.5 3.93442
-110 33.5 3.92977
-109.5 33.5 3.92788
-109 33.5 3.92946
-108.5 33.5 3.93607
-108 33.5 3.94598
-107.5 33.5 3.95627
-107 33.5 3.9643
-106.5 33.5 3.96722
-106 33.5 3.96342
-105.5 33.5 3.95403
-105 33.5 3.9408
-104.5 33.5 3.91033
-104 33.5 3.88904
-103.5 33.5 3.8766
-103 33.5 3.88017
-102.5 33.5 3.87562
-102 33.5 3.87769
-101.5 33.5 3.907
-101 33.5 3.90428
-100.5 33.5 3.90601
-100 33.5 3.90611
-99.5 33.5 3.90601
-99 33.5 3.90428
-98.5 33.5 3.907
-98 33.5 3.8777
-97.5 33.5 3.87562
-97 33.5 3.88017
-96.5 33.5 3.8766
-96 33.5 3.88904
-95.5 33.5 3.91033
-95 33.5 3.9408
-94.5 33.5 3.95402
-94 33.5 3.96342
-93.5 33.5 3.96722
-93 33.5 3.9643
-92.5 33.5 3.95627
-92 33.5 3.94597
-91.5 33.5 3.93596
-91 33.5 3.92946
-90.5 33.5 3.92791
-90 33.5 3.92977
-89.5 33.5 3.93432
-89 33.5 3.94227
-88.5 33.5 3.94687
-88 33.5 3.94803
-87.5 33.5 3.95045
-87 33.5 3.94922
-86.5 33.5 3.9428
-86 33.5 3.94318
-85.5 33.5 3.93445
-85 33.5 3.93847
-84.5 33.5 3.94547
-84 33.5 3.94461
-83.5 33.5 3.94256
-83 33.5 3.95141
-82.5 33.5 3.93802
-82 33.5 3.94578
-81.5 33.5 3.94992
-81 33.5 3.90742
-119 34 4.00233
-118.5 34 3.9543
-118 34 3.94218
-117.5 34 3.94001
-117 34 3.95113
-116.5 34 3.94326
-116 34 3.94421
-115.5 34 3.94359
-115 34 3.93495
-114.5 34 3.94057
-114 34 3.94785
-113.5 34 3.94312
-113 34 3.95047
-112.5 34 3.95112
-112 34 3.94632
-111.5 34 3.94352
-111 34 3.93672
-110.5 34 3.93047
-110 34 3.929
-109.5 34 3.93161
-109 34 3.939
-108.5 34 3.95004
-108 34 3.96091
-107.5 34 3.96818
-107 34 3.96871
-106.5 34 3.96035
-106 34 3.94631
-105.5 34 3.91374
-105 34 3.8858
-104.5 34 3.87676
-104 34 3.88043
-103.5 34 3.90487
-103 34 3.90971
-102.5 34 3.9123
-102 34 3.9219
-101.5 34 3.91774
-101 34 3.919
-100.5 34 3.92462
-100 34 3.92314
-99.5 34 3.92462
-99 34 3.919
-98.5 34 3.91774
-98 34 3.9219
-97.5 34 3.9123
-97 34 3.90971
-96.5 34 3.90487
-96 34 3.88043
-95.5 34 3.87677
-95 34 3.8858
-94.5 34 3.91374
-94 34 3.94631
-93.5 34 3.96034
-93 34 3.9687
-92.5 34 3.96817
-92 34 3.96091
-91.5 34 3.95003
-91 34 3.93902
-90.5 34 3.93161
-90 34 3.92901
-89.5 34 3.93047
-89 34 3.93659
-88.5 34 3.94352
-88 34 3.94632
-87.5 34 3.95112
-87 34 3.95047
-86.5 34 3.94312
-86 34 3.94785
-85.5 34 3.94058
-85 34 3.93495
-84.5 34 3.94359
-84 34 3.9442
-83.5 34 3.9434
-83 34 3.95113
-82.5 34 3.93979
-82 34 3.94219
-81.5 34 3.95431
-81 34 3.92541
-119 34.5 4.00774
-118.5 34.5 3.95455
-118 34.5 3.93769
-117.5 34.5 3.94242
-117 34.5 3.95038
-116.5 34.5 3.94052
-116 34.5 3.94271
-115.5 34.5 3.94144
-115 34.5 3.93399
-114.5 34.5 3.94771
-114 34.5 3.94835
-113.5 34.5 3.94559
-113 34.5 3.95277
-112.5 34.5 3.94886
-112 34.5 3.94389
-111.5 34.5 3.93943
-111 34.5 3.93229
-110.5 34.5 3.92951
-110 34.5 3.93274
-109.5 34.5 3.94065
-109 34.5 3.95235
-108.5 34.5 3.96399
-108 34.5 3.9708
-107.5 34.5 3.9691
-107 34.5 3.95751
-106.5 34.5 3.93978
-106 34.5 3.89375
-105.5 34.5 3.87718
-105 34.5 3.88544
-104.5 34.5 3.91028
-104 34.5 3.91852
-103.5 34.5 3.92513
-103 34.5 3.92745
-102.5 34.5 3.93622
-102 34.5 3.94388
-101.5 34.5 3.93606
-101 34.5 3.94158
-100.5 34.5 3.93383
-100 34.5 3.93222
-99.5 34.5 3.93384
-99 34.5 3.94159
-98.5 34.5 3.93607
-98 34.5 3.94388
-97.5 34.5 3.93622
-97 34.5 3.92745
-96.5 34.5 3.92512
-96 34.5 3.91852
-95.5 34.5 3.91028
-95 34.5 3.88544
-94.5 34.5 3.87728
-94 34.5 3.89375
-93.5 34.5 3.93979
-93 34.5 3.95751
-92.5 34.5 3.9691
-92 34.5 3.9708
-91.5 34.5 3.96399
-91 34.5 3.95235
-90.5 34.5 3.94074
-90 34.5 3.93274
-89.5 34.5 3.92959
-89 34.5 3.93229
-88.5 34.5 3.93943
-88 34.5 3.94388
-87.5 34.5 3.94886
-87 34.5 3.95277
-86.5 34.5 3.94559
-86 34.5 3.94835
-85.5 34.5 3.94771
-85 34.5 3.934
-84.5 34.5 3.94144
-84 34.5 3.94271
-83.5 34.5 3.94052
-83 34.5 3.95038
-82.5 34.5 3.94242
-82 34.5 3.93768
-81.5 34.5 3.95456
-81 34.5 3.93947
-119 35 4.00909
-118.5 35 3.95085
-118 35 3.93924
-117.5 35 3.95076
-117 35 3.94936
-116.5 35 3.93833
-116 35 3.94426
-115.5 35 3.94108
-115 35 3.93937
-114.5 35 3.95253
-114 35 3.94641
-113.5 35 3.94905
-113 35 3.95285
-112.5 35 3.94594
-112 35 3.94057
-111.5 35 3.93508
-111 35 3.93044
-110.5 35 3.93286
-110 35 3.94115
-109.5 35 3.95297
-109 35 3.96525
-108.5 35 3.9724
-108 35 3.96959
-107.5 35 3.95609
-107 35 3.90957
-106.5 35 3.8877
-106 35 3.87509
-105.5 35 3.90409
-105 35 3.92623
-104.5 35 3.93137
-104 35 3.93308
-103.5 35 3.93952
-103 35 3.94979
-102.5 35 3.95323
-102 35 3.96074
-101.5 35 3.96191
-101 35 3.9593
-100.5 35 3.95284
-100 35 3.95413
-99.5 35 3.95285
-99 35 3.9593
-98.5 35 3.96191
-98 35 3.96074
-97.5 35 3.95323
-97 35 3.94979
-96.5 35 3.93952
-96 35 3.93308
-95.5 35 3.93137
-95 35 3.92613
-94.5 35 3.90408
-94 35 3.87519
-93.5 35 3.8877
-93 35 3.90957
-92.5 35 3.9561
-92 35 3.96959
-91.5 35 3.9724
-91 35 3.96525
-90.5 35 3.95297
-90 35 3.94115
-89.5 35 3.93286
-89 35 3.93044
-88.5 35 3.93508
-88 35 3.94057
-87.5 35 3.94594
-87 35 3.95285
-86.5 35 3.94905
-86 35 3.94641
-85.5 35 3.95252
-85 35 3.93937
-84.5 35 3.94108
-84 35 3.94426
-83.5 35 3.93848
-83 35 3.94937
-82.5 35 3.95061
-82 35 3.93924
-81.5 35 3.95085
-81 35 3.95033
-119 35.5 4.01426
-118.5 35.5 3.95487
-118 35.5 3.94041
-117.5 35.5 3.95004
-117 35.5 3.94854
-116.5 35.5 3.93947
-116 35.5 3.94474
-115.5 35.5 3.93878
-115 35.5 3.94216
-114.5 35.5 3.95479
-114 35.5 3.94763
-113.5 35.5 3.95177
-113 35.5 3.95062
-112.5 35.5 3.94214
-112 35.5 3.93731
-111.5 35.5 3.93282
-111 35.5 3.93226
-110.5 35.5 3.93995
-110 35.5 3.95202
-109.5 35.5 3.96475
-109 35.5 3.97314
-108.5 35.5 3.9714
-108 35.5 3.95696
-107.5 35.5 3.87647
-107 35.5 3.88282
-106.5 35.5 3.90827
-106 35.5 3.91499
-105.5 35.5 3.93245
-105 35.5 3.9366
-104.5 35.5 3.93967
-104 35.5 3.95827
-103.5 35.5 3.96248
-103 35.5 3.96415
-102.5 35.5 3.96855
-97.5 35.5 3.96854
-97 35.5 3.96415
-96.5 35.5 3.96248
-96 35.5 3.95828
-95.5 35.5 3.93968
-95 35.5 3.93661
-94.5 35.5 3.93245
-94 35.5 3.91498
-93.5 35.5 3.90827
-93 35.5 3.88281
-92.5 35.5 3.87647
-92 35.5 3.95697
-91.5 35.5 3.9714
-91 35.5 3.97313
-90.5 35.5 3.96476
-90 35.5 3.95202
-89.5 35.5 3.93995
-89 35.5 3.93226
-88.5 35.5 3.93282
-88 35.5 3.93731
-87.5 35.5 3.94214
-87 35.5 3.95062
-86.5 35.5 3.95177
-86 35.5 3.94763
-85.5 35.5 3.95479
-85 35.5 3.94216
-84.5 35.5 3.93878
-84 35.5 3.94474
-83.5 35.5 3.93947
-83 35.5 3.94859
-82.5 35.5 3.95004
-82 35.5 3.94041
-81.5 35.5 3.95487
-81 35.5 3.96238
-119 36 4.02039
-118.5 36 3.95659
-118 36 3.93825
-117.5 36 3.95107
-117 36 3.94737
-116.5 36 3.93821
-116 36 3.94415
-115.5 36 3.93862
-115 36 3.94764
-114.5 36 3.95785
-114 36 3.94823
-113.5 36 3.95279
-113 36 3.9473
-112.5 36 3.93846
-112 36 3.935
-111.5 36 3.93273
-111 36 3.93744
-110.5 36 3.9495
-110 36 3.96284
-109.5 36 3.97305
-109 36 3.97336
-108.5 36 3.95991
-108 36 3.90047
-107.5 36 3.88568
-107 36 3.93519
-106.5 36 3.92817
-106 36 3.93714
-105.5 36 3.93529
-105 36 3.95269
-104.5 36 3.96913
-104 36 3.9696
-103.5 36 3.9641
-96.5 36 3.9641
-96 36 3.9696
-95.5 36 3.96912
-95 36 3.95257
-94.5 36 3.93539
-94 36 3.93728
-93.5 36 3.92817
-93 36 3.93519
-92.5 36 3.88568
-92 36 3.90047
-91.5 36 3.95991
-91 36 3.97336
-90.5 36 3.97304
-90 36 3.96284
-89.5 36 3.9495
-89 36 3.93744
-88.5 36 3.93273
-88 36 3.935
-87.5 36 3.93846
-87 36 3.9473
-86.5 36 3.95279
-86 36 3.94823
-85.5 36 3.95785
-85 36 3.94764
-84.5 36 3.93862
-84 36 3.94415
-83.5 36 3.93822
-83 36 3.94737
-82.5 36 3.95106
-82 36 3.9382
-81.5 36 3.95659
-81 36 3.97247
-119 36.5 4.02237
-118.5 36.5 3.95845
-118 36.5 3.93827
-117.5 36.5 3.95086
-117 36.5 3.94494
-116.5 36.5 3.93716
-116 36.5 3.94462
-115.5 36.5 3.94543
-115 36.5 3.95234
-114.5 36.5 3.95571
-114 36.5 3.94862
-113.5 36.5 3.95207
-113 36.5 3.9428
-112.5 36.5 3.93598
-112 36.5 3.93441
-111.5 36.5 3.93544
-111 36.5 3.94517
-110.5 36.5 3.95923
-110 36.5 3.97113
-109.5 36.5 3.97505
-109 36.5 3.96471
-108.5 36.5 3.944
-108 36.5 3.89386
-107.5 36.5 3.89805
-107 36.5 3.91982
-106.5 36.5 3.9371
-106 36.5 3.93078
-105.5 36.5 3.95948
-105 36.5 3.97192
-104.5 36.5 3.97589
-95.5 36.5 3.97589
-95 36.5 3.97179
-94.5 36.5 3.95939
-94 36.5 3.93091
-93.5 36.5 3.9371
-93 36.5 3.91983
-92.5 36.5 3.89804
-92 36.5 3.89386
-91.5 36.5 3.944
-91 36.5 3.96471
-90.5 36.5 3.97505
-90 36.5 3.97113
-89.5 36.5 3.95923
-89 36.5 3.94517
-88.5 36.5 3.93544
-88 36.5 3.93441
-87.5 36.5 3.93598
-87 36.5 3.9428
-86.5 36.5 3.95207
-86 36.5 3.94862
-85.5 36.5 3.95571
-85 36.5 3.95234
-84.5 36.5 3.94543
-84 36.5 3.94462
-83.5 36.5 3.93716
-83 36.5 3.94489
-82.5 36.5 3.95102
-82 36.5 3.93827
-81.5 36.5 3.95829
-81 36.5 3.9819
-119 37 4.02268
-118.5 37 3.95976
-118 37 3.93536
-117.5 37 3.9506
-117 37 3.94407
-116.5 37 3.93783
-116 37 3.95003
-115.5 37 3.94686
-115 37 3.95084
-114.5 37 3.95612
-114 37 3.9489
-113.5 37 3.9498
-113 37 3.93892
-112.5 37 3.93476
-112 37 3.93529
-111.5 37 3.94045
-111 37 3.95361
-110.5 37 3.96737
-110 37 3.97526
-109.5 37 3.97087
-109 37 3.95273
-108.5 37 3.90086
-108 37 3.87944
-107.5 37 3.90434
-107 37 3.9361
-106.5 37 3.94358
-106 37 3.96255
-105.5 37 3.97236
-105 37 3.97526
-95 37 3.97526
-94.5 37 3.97228
-94 37 3.96255
-93.5 37 3.94358
-93 37 3.93611
-92.5 37 3.90434
-92 37 3.87943
-91.5 37 3.90086
-91 37 3.95279
-90.5 37 3.97088
-90 37 3.97526
-89.5 37 3.96737
-89 37 3.95361
-88.5 37 3.94051
-88 37 3.93529
-87.5 37 3.93476
-87 37 3.93892
-86.5 37 3.94979
-86 37 3.9489
-85.5 37 3.95612
-85 37 3.95084
-84.5 37 3.94686
-84 37 3.95003
-83.5 37 3.938
-83 37 3.94403
-82.5 37 3.95043
-82 37 3.9354
-81.5 37 3.95976
-81 37 3.99071
-119 37.5 4.02722
-118.5 37.5 3.96002
-118 37.5 3.9328
-117.5 37.5 3.94996
-117 37.5 3.94287
-116.5 37.5 3.93903
-116 37.5 3.95124
-115.5 37.5 3.9479
-115 37.5 3.95339
-114.5 37.5 3.95584
-114 37.5 3.94826
-113.5 37.5 3.94733
-113 37.5 3.93634
-112.5 37.5 3.93461
-112 37.5 3.93777
-111.5 37.5 3.94661
-111 37.5 3.96115
-110.5 37.5 3.97299
-110 37.5 3.97534
-109.5 37.5 3.96262
-109 37.5 3.91734
-108.5 37.5 3.88616
-108 37.5 3.90979
-107.5 37.5 3.93709
-107 37.5 3.94187
-106.5 37.5 3.95445
-106 37.5 3.9729
-105.5 37.5 3.97422
-94.5 37.5 3.97422
-94 37.5 3.9729
-93.5 37.5 3.95491
-93 37.5 3.94187
-92.5 37.5 3.9371
-92 37.5 3.90979
-91.5 37.5 3.88601
-91 37.5 3.91734
-90.5 37.5 3.96278
-90 37.5 3.97533
-89.5 37.5 3.97299
-89 37.5 3.96098
-88.5 37.5 3.94661
-88 37.5 3.93794
-87.5 37.5 3.93461
-87 37.5 3.93634
-86.5 37.5 3.94733
-86 37.5 3.94826
-85.5 37.5 3.95584
-85 37.5 3.95335
-84.5 37.5 3.9479
-84 37.5 3.95124
-83.5 37.5 3.93925
-83 37.5 3.94291
-82.5 37.5 3.94978
-82 37.5 3.9328
-81.5 37.5 3.96002
-81 37.5 3.99709
-119 38 4.02741
-118.5 38 3.96319
-118 38 3.93208
-117.5 38 3.95001
-117 38 3.94329
-116.5 38 3.94097
-116 38 3.95405
-115.5 38 3.94974
-115 38 3.95474
-114.5 38 3.9549
-114 38 3.94803
-113.5 38 3.94538
-113 38 3.93426
-112.5 38 3.93524
-112 38 3.94115
-111.5 38 3.95251
-111 38 3.96741
-110.5 38 3.97604
-110 38 3.97137
-109.5 38 3.95295
-109 38 3.90738
-108.5 38 3.88904
-108 38 3.92513
-107.5 38 3.93527
-107 38 3.93628
-106.5 38 3.97475
-106 38 3.98047
-94 38 3.97932
-93.5 38 3.97475
-93 38 3.93742
-92.5 38 3.93528
-92 38 3.92513
-91.5 38 3.88908
-91 38 3.90734
-90.5 38 3.95295
-90 38 3.97137
-89.5 38 3.97604
-89 38 3.96742
-88.5 38 3.95247
-88 38 3.94115
-87.5 38 3.93524
-87 38 3.93426
-86.5 38 3.94538
-86 38 3.94803
-85.5 38 3.95507
-85 38 3.9547
-84.5 38 3.94956
-84 38 3.95388
-83.5 38 3.94097
-83 38 3.9435
-82.5 38 3.95001
-82 38 3.93208
-81.5 38 3.96319
-81 38 4.00195
-119 38.5 4.03268
-118.5 38.5 3.95677
-118 38.5 3.93043
-117.5 38.5 3.94925
-117 38.5 3.9417
-116.5 38.5 3.94894
-116 38.5 3.9563
-115.5 38.5 3.94472
-115 38.5 3.95524
-114.5 38.5 3.95391
-114 38.5 3.94693
-113.5 38.5 3.94322
-113 38.5 3.93342
-112.5 38.5 3.93666
-112 38.5 3.94471
-111.5 38.5 3.9579
-111 38.5 3.97197
-110.5 38.5 3.97659
-110 38.5 3.96597
-109.5 38.5 3.94364
-109 38.5 3.89155
-108.5 38.5 3.88798
-108 38.5 3.92904
-107.5 38.5 3.93852
-107 38.5 3.95985
-106.5 38.5 3.97166
-106 38.5 3.96958
-94 38.5 3.96958
-93.5 38.5 3.97134
-93 38.5 3.95985
-92.5 38.5 3.93851
-92 38.5 3.9289
-91.5 38.5 3.88798
-91 38.5 3.89172
-90.5 38.5 3.94365
-90 38.5 3.96597
-89.5 38.5 3.97659
-89 38.5 3.97197
-88.5 38.5 3.95791
-88 38.5 3.94471
-87.5 38.5 3.93666
-87 38.5 3.93342
-86.5 38.5 3.94322
-86 38.5 3.94693
-85.5 38.5 3.95408
-85 38.5 3.95527
-84.5 38.5 3.94455
-84 38.5 3.9563
-83.5 38.5 3.94894
-83 38.5 3.9417
-82.5 38.5 3.94926
-82 38.5 3.93043
-81.5 38.5 3.95676
-81 38.5 4.00247
-119 39 4.03419
-118.5 39 3.96186
-118 39 3.93064
-117.5 39 3.94446
-117 39 3.94016
-116.5 39 3.95039
-116 39 3.95729
-115.5 39 3.94626
-115 39 3.95545
-114.5 39 3.95235
-114 39 3.9459
-113.5 39 3.94234
-113 39 3.93353
-112.5 39 3.93835
-112 39 3.94785
-111.5 39 3.96213
-111 39 3.97482
-110.5 39 3.97551
-110 39 3.96106
-109.5 39 3.91316
-109 39 3.8887
-108.5 39 3.91196
-108 39 3.93669
-107.5 39 3.94595
-107 39 3.9635
-106.5 39 3.97983
-93.5 39 3.97983
-93 39 3.96353
-92.5 39 3.94578
-92 39 3.93669
-91.5 39 3.9121
-91 39 3.8887
-90.5 39 3.91316
-90 39 3.96106
-89.5 39 3.97551
-89 39 3.97481
-88.5 39 3.96215
-88 39 3.94786
-87.5 39 3.93835
-87 39 3.93353
-86.5 39 3.94234
-86 39 3.9459
-85.5 39 3.95235
-85 39 3.95547
-84.5 39 3.94626
-84 39 3.95711
-83.5 39 3.95039
-83 39 3.94032
-82.5 39 3.94446
-82 39 3.93064
-81.5 39 3.96168
-81 39 4.00211
-119 39.5 4.04282
-118.5 39.5 3.96404
-118 39.5 3.92979
-117.5 39.5 3.94538
-117 39.5 3.93888
-116.5 39.5 3.94892
-116 39.5 3.95929
-115.5 39.5 3.94753
-115 39.5 3.95547
-114.5 39.5 3.95078
-114 39.5 3.94491
-113.5 39.5 3.94169
-113 39.5 3.9339
-112.5 39.5 3.93997
-112 39.5 3.95031
-111.5 39.5 3.96501
-111 39.5 3.97657
-110.5 39.5 3.97405
-110 39.5 3.95678
-109.5 39.5 3.9083
-109 39.5 3.88938
-108.5 39.5 3.9251
-108 39.5 3.93599
-107.5 39.5 3.93907
-107 39.5 3.96323
-106.5 39.5 3.98265
-93.5 39.5 3.98246
-93 39.5 3.96322
-92.5 39.5 3.93925
-92 39.5 3.93598
-91.5 39.5 3.9251
-91 39.5 3.88938
-90.5 39.5 3.9083
-90 39.5 3.95678
-89.5 39.5 3.97405
-89 39.5 3.97639
-88.5 39.5 3.96502
-88 39.5 3.95049
-87.5 39.5 3.93997
-87 39.5 3.9339
-86.5 39.5 3.94169
-86 39.5 3.94491
-85.5 39.5 3.95078
-85 39.5 3.95547
-84.5 39.5 3.94753
-84 39.5 3.95929
-83.5 39.5 3.94909
-83 39.5 3.93887
-82.5 39.5 3.9452
-82 39.5 3.9298
-81.5 39.5 3.96387
-81 39.5 4.00388
-119 40 4.03231
-118.5 40 3.96639
-118 40 3.93224
-117.5 40 3.94557
-117 40 3.93837
-116.5 40 3.94814
-116 40 3.96034
-115.5 40 3.94944
-115 40 3.95648
-114.5 40 3.94981
-114 40 3.94279
-113.5 40 3.94083
-113 40 3.93512
-112.5 40 3.94179
-112 40 3.95211
-111.5 40 3.96646
-111 40 3.97714
-110.5 40 3.97319
-110 40 3.95431
-109.5 40 3.90234
-109 40 3.8867
-108.5 40 3.92694
-108 40 3.93836
-107.5 40 3.9439
-107 40 3.96437
-106.5 40 3.98238
-93.5 40 3.98239
-93 40 3.96435
-92.5 40 3.9439
-92 40 3.93836
-91.5 40 3.92693
-91 40 3.88671
-90.5 40 3.90235
-90 40 3.95431
-89.5 40 3.97319
-89 40 3.97714
-88.5 40 3.96645
-88 40 3.9521
-87.5 40 3.94179
-87 40 3.93512
-86.5 40 3.94082
-86 40 3.94279
-85.5 40 3.94981
-85 40 3.95648
-84.5 40 3.94944
-84 40 3.96034
-83.5 40 3.94814
-83 40 3.93839
-82.5 40 3.94557
-82 40 3.93223
-81.5 40 3.96638
-81 40 4.00223
-119 40.5 4.03041
-118.5 40.5 3.96494
-118 40.5 3.93236
-117.5 40.5 3.94781
-117 40.5 3.9396
-116.5 40.5 3.9453
-116 40.5 3.96002
-115.5 40.5 3.95085
-115 40.5 3.95746
-114.5 40.5 3.95028
-114 40.5 3.94189
-113.5 40.5 3.94004
-113 40.5 3.93519
-112.5 40.5 3.9431
-112 40.5 3.95336
-111.5 40.5 3.96691
-111 40.5 3.97689
-110.5 40.5 3.9726
-110 40.5 3.9543
-109.5 40.5 3.905
-109 40.5 3.8894
-108.5 40.5 3.92368
-108 40.5 3.93571
-107.5 40.5 3.94579
-107 40.5 3.96719
-106.5 40.5 3.98003
-93.5 40.5 3.98004
-93 40.5 3.9672
-92.5 40.5 3.94579
-92 40.5 3.93571
-91.5 40.5 3.9235
-91 40.5 3.8894
-90.5 40.5 3.90518
-90 40.5 3.9543
-89.5 40.5 3.97259
-89 40.5 3.97688
-88.5 40.5 3.9671
-88 40.5 3.95336
-87.5 40.5 3.94292
-87 40.5 3.93519
-86.5 40.5 3.94004
-86 40.5 3.94189
-85.5 40.5 3.95028
-85 40.5 3.95746
-84.5 40.5 3.95085
-84 40.5 3.96002
-83.5 40.5 3.9453
-83 40.5 3.93959
-82.5 40.5 3.94781
-82 40.5 3.93236
-81.5 40.5 3.96494
-81 40.5 4.00063
-119 41 4.03035
-118.5 41 3.96289
-118 41 3.93188
-117.5 41 3.94696
-117 41 3.94383
-116.5 41 3.94703
-116 41 3.95799
-115.5 41 3.94849
-115 41 3.95799
-114.5 41 3.95175
-114 41 3.94222
-113.5 41 3.93956
-113 41 3.93455
-112.5 41 3.94317
-112 41 3.95379
-111.5 41 3.96697
-111 41 3.97638
-110.5 41 3.97303
-110 41 3.95577
-109.5 41 3.9078
-109 41 3.8871
-108.5 41 3.92662
-108 41 3.94051
-107.5 41 3.93894
-107 41 3.95602
-106.5 41 3.98057
-93.5 41 3.98057
-93 41 3.95602
-92.5 41 3.93894
-92 41 3.94052
-91.5 41 3.92662
-91 41 3.88711
-90.5 41 3.90798
-90 41 3.95577
-89.5 41 3.97285
-89 41 3.97638
-88.5 41 3.96697
-88 41 3.95378
-87.5 41 3.94317
-87 41 3.93455
-86.5 41 3.93956
-86 41 3.94222
-85.5 41 3.95175
-85 41 3.95799
-84.5 41 3.94849
-84 41 3.95799
-83.5 41 3.94722
-83 41 3.94383
-82.5 41 3.94676
-82 41 3.93189
-81.5 41 3.96289
-81 41 3.99592
-119 41.5 4.02987
-118.5 41.5 3.96448
-118 41.5 3.92969
-117.5 41.5 3.94349
-117 41.5 3.95166
-116.5 41.5 3.94427
-116 41.5 3.95531
-115.5 41.5 3.95016
-115 41.5 3.95774
-114.5 41.5 3.95403
-114 41.5 3.94371
-113.5 41.5 3.94009
-113 41.5 3.93299
-112.5 41.5 3.94145
-112 41.5 3.95334
-111.5 41.5 3.9666
-111 41.5 3.97639
-110.5 41.5 3.974
-110 41.5 3.95821
-109.5 41.5 3.91151
-109 41.5 3.89158
-108.5 41.5 3.91199
-108 41.5 3.93329
-107.5 41.5 3.94699
-107 41.5 3.96538
-106.5 41.5 3.98342
-106 41.5 3.97431
-94 41.5 3.97449
-93.5 41.5 3.98342
-93 41.5 3.96538
-92.5 41.5 3.94699
-92 41.5 3.93329
-91.5 41.5 3.91198
-91 41.5 3.89158
-90.5 41.5 3.91152
-90 41.5 3.9582
-89.5 41.5 3.974
-89 41.5 3.97639
-88.5 41.5 3.9666
-88 41.5 3.95334
-87.5 41.5 3.94145
-87 41.5 3.93299
-86.5 41.5 3.9401
-86 41.5 3.94371
-85.5 41.5 3.95403
-85 41.5 3.95775
-84.5 41.5 3.95016
-84 41.5 3.95531
-83.5 41.5 3.94445
-83 41.5 3.95166
-82.5 41.5 3.9433
-82 41.5 3.92969
-81.5 41.5 3.96448
-81 41.5 3.9902
-119 42 4.02988
-118.5 42 3.96659
-118 42 3.92911
-117.5 42 3.94122
-117 42 3.95776
-116.5 42 3.945
-116 42 3.9527
-115.5 42 3.9477
-115 42 3.95541
-114.5 42 3.95452
-114 42 3.94586
-113.5 42 3.94355
-113 42 3.9329
-112.5 42 3.93829
-112 42 3.95009
-111.5 42 3.96493
-111 42 3.9771
-110.5 42 3.9768
-110 42 3.96239
-109.5 42 3.91417
-109 42 3.89361
-108.5 42 3.91308
-108 42 3.92987
-107.5 42 3.94572
-107 42 3.95557
-106.5 42 3.96433
-106 42 3.97715
-94 42 3.97732
-93.5 42 3.96433
-93 42 3.95557
-92.5 42 3.94572
-92 42 3.92987
-91.5 42 3.91308
-91 42 3.89359
-90.5 42 3.91418
-90 42 3.96239
-89.5 42 3.97679
-89 42 3.97709
-88.5 42 3.96493
-88 42 3.95009
-87.5 42 3.93829
-87 42 3.93309
-86.5 42 3.94355
-86 42 3.94567
-85.5 42 3.95471
-85 42 3.95541
-84.5 42 3.94751
-84 42 3.9527
-83.5 42 3.945
-83 42 3.95777
-82.5 42 3.94123
-82 42 3.92911
-81.5 42 3.96659
-81 42 3.98512
-119 42.5 4.03133
-118.5 42.5 3.96733
-118 42.5 3.93209
-117.5 42.5 3.93484
-117 42.5 3.95352
-116.5 42.5 3.94598
-116 42.5 3.96078
-115.5 42.5 3.94949
-115 42.5 3.95059
-114.5 42.5 3.95213
-114 42.5 3.94475
-113.5 42.5 3.9477
-113 42.5 3.9367
-112.5 42.5 3.93724
-112 42.5 3.94505
-111.5 42.5 3.9578
-111 42.5 3.9741
-110.5 42.5 3.98063
-110 42.5 3.97036
-109.5 42.5 3.94814
-109 42.5 3.89668
-108.5 42.5 3.88732
-108 42.5 3.92363
-107.5 42.5 3.94103
-107 42.5 3.94505
-106.5 42.5 3.97148
-106 42.5 3.97139
-105.5 42.5 3.97507
-94.5 42.5 3.97514
-94 42.5 3.97156
-93.5 42.5 3.97149
-93 42.5 3.94505
-92.5 42.5 3.94103
-92 42.5 3.92363
-91.5 42.5 3.88715
-91 42.5 3.89664
-90.5 42.5 3.94831
-90 42.5 3.97037
-89.5 42.5 3.98064
-89 42.5 3.9741
-88.5 42.5 3.95777
-88 42.5 3.94505
-87.5 42.5 3.93724
-87 42.5 3.9367
-86.5 42.5 3.94768
-86 42.5 3.94475
-85.5 42.5 3.95213
-85 42.5 3.95057
-84.5 42.5 3.94949
-84 42.5 3.96078
-83.5 42.5 3.94617
-83 42.5 3.95352
-82.5 42.5 3.93466
-82 42.5 3.93208
-81.5 42.5 3.96713
-81 42.5 3.97741
-119 43 4.02953
-118.5 43 3.97489
-118 43 3.93614
-117.5 43 3.93125
-117 43 3.95345
-116.5 43 3.93934
-116 43 3.95699
-115.5 43 3.95421
-115 43 3.95663
-114.5 43 3.95384
-114 43 3.94027
-113.5 43 3.94449
-113 43 3.93966
-112.5 43 3.93927
-112 43 3.94426
-111.5 43 3.95216
-111 43 3.96616
-110.5 43 3.97793
-110 43 3.97741
-109.5 43 3.96074
-109 43 3.91389
-108.5 43 3.8851
-108 43 3.90785
-107.5 43 3.93494
-107 43 3.94466
-106.5 43 3.94415
-106 43 3.97688
-105.5 43 3.98779
-105 43 3.97952
-95 43 3.97952
-94.5 43 3.98787
-94 43 3.97689
-93.5 43 3.94414
-93 43 3.94465
-92.5 43 3.93495
-92 43 3.90785
-91.5 43 3.88493
-91 43 3.91389
-90.5 43 3.96092
-90 43 3.97742
-89.5 43 3.97794
-89 43 3.96598
-88.5 43 3.95216
-88 43 3.94444
-87.5 43 3.93927
-87 43 3.93966
-86.5 43 3.94449
-86 43 3.94027
-85.5 43 3.95384
-85 43 3.95662
-84.5 43 3.95422
-84 43 3.957
-83.5 43 3.93934
-83 43 3.95342
-82.5 43 3.93124
-82 43 3.93614
-81.5 43 3.97489
-81 43 3.97037
-119 43.5 4.02372
-118.5 43.5 3.96938
-118 43.5 3.94474
-117.5 43.5 3.94193
-117 43.5 3.95968
-116.5 43.5 3.93528
-116 43.5 3.95005
-115.5 43.5 3.94926
-115 43.5 3.95506
-114.5 43.5 3.96322
-114 43.5 3.94728
-113.5 43.5 3.94251
-113 43.5 3.93525
-112.5 43.5 3.9358
-112 43.5 3.94458
-111.5 43.5 3.95108
-111 43.5 3.96117
-110.5 43.5 3.97234
-110 43.5 3.97694
-109.5 43.5 3.96915
-109 43.5 3.95148
-108.5 43.5 3.90084
-108 43.5 3.8978
-107.5 43.5 3.90347
-107 43.5 3.9373
-106.5 43.5 3.95097
-106 43.5 3.94465
-105.5 43.5 3.97659
-105 43.5 3.98183
-104.5 43.5 3.97748
-95.5 43.5 3.97747
-95 43.5 3.98182
-94.5 43.5 3.97658
-94 43.5 3.94465
-93.5 43.5 3.95097
-93 43.5 3.93731
-92.5 43.5 3.90347
-92 43.5 3.8978
-91.5 43.5 3.90068
-91 43.5 3.95154
-90.5 43.5 3.96933
-90 43.5 3.97694
-89.5 43.5 3.97233
-89 43.5 3.96117
-88.5 43.5 3.95108
-88 43.5 3.94458
-87.5 43.5 3.9358
-87 43.5 3.93525
-86.5 43.5 3.94251
-86 43.5 3.94728
-85.5 43.5 3.96322
-85 43.5 3.95506
-84.5 43.5 3.94926
-84 43.5 3.95005
-83.5 43.5 3.93528
-83 43.5 3.9597
-82.5 43.5 3.94193
-82 43.5 3.94474
-81.5 43.5 3.96938
-81 43.5 3.9547
-119 44 4.01669
-118.5 44 3.96001
-118 44 3.9386
-117.5 44 3.93708
-117 44 3.96097
-116.5 44 3.93773
-116 44 3.9596
-115.5 44 3.9525
-115 44 3.94617
-114.5 44 3.96063
-114 44 3.95255
-113.5 44 3.95046
-113 44 3.94115
-112.5 44 3.9302
-112 44 3.93551
-111.5 44 3.94599
-111 44 3.95828
-110.5 44 3.97026
-110 44 3.97598
-109.5 44 3.97388
-109 44 3.96219
-108.5 44 3.89879
-108 44 3.89396
-107.5 44 3.94655
-107 44 3.90983
-106.5 44 3.93508
-106 44 3.94212
-105.5 44 3.94412
-105 44 3.97492
-104.5 44 3.97277
-104 44 3.98074
-103.5 44 3.97233
-96.5 44 3.97233
-96 44 3.98074
-95.5 44 3.97277
-95 44 3.97492
-94.5 44 3.94412
-94 44 3.94213
-93.5 44 3.93508
-93 44 3.90983
-92.5 44 3.94655
-92 44 3.89395
-91.5 44 3.89879
-91 44 3.96226
-90.5 44 3.97389
-90 44 3.97598
-89.5 44 3.97026
-89 44 3.9581
-88.5 44 3.94594
-88 44 3.93569
-87.5 44 3.9302
-87 44 3.94115
-86.5 44 3.95046
-86 44 3.95255
-85.5 44 3.96064
-85 44 3.94617
-84.5 44 3.9525
-84 44 3.9596
-83.5 44 3.93792
-83 44 3.961
-82.5 44 3.93689
-82 44 3.9386
-81.5 44 3.96
-81 44 3.93754
-119 44.5 4.01582
-118.5 44.5 3.96763
-118 44.5 3.93973
-117.5 44.5 3.92133
-117 44.5 3.96272
-116.5 44.5 3.93527
-116 44.5 3.95165
-115.5 44.5 3.95542
-115 44.5 3.94703
-114.5 44.5 3.95906
-114 44.5 3.95266
-113.5 44.5 3.9514
-113 44.5 3.95065
-112.5 44.5 3.9364
-112 44.5 3.93236
-111.5 44.5 3.93476
-111 44.5 3.94645
-110.5 44.5 3.96302
-110 44.5 3.97535
-109.5 44.5 3.97835
-109 44.5 3.97265
-108.5 44.5 3.95762
-108 44.5 3.87415
-107.5 44.5 3.89116
-107 44.5 3.92439
-106.5 44.5 3.91233
-106 44.5 3.93493
-105.5 44.5 3.9386
-105 44.5 3.94216
-104.5 44.5 3.95527
-104 44.5 3.96662
-103.5 44.5 3.97587
-103 44.5 3.97067
-102.5 44.5 3.96976
-97.5 44.5 3.96976
-97 44.5 3.97055
-96.5 44.5 3.97588
-96 44.5 3.96662
-95.5 44.5 3.95527
-95 44.5 3.94216
-94.5 44.5 3.93861
-94 44.5 3.93492
-93.5 44.5 3.91233
-93 44.5 3.92438
-92.5 44.5 3.89116
-92 44.5 3.87415
-91.5 44.5 3.95763
-91 44.5 3.9728
-90.5 44.5 3.97835
-90 44.5 3.97535
-89.5 44.5 3.96303
-89 44.5 3.94627
-88.5 44.5 3.93481
-88 44.5 3.93254
-87.5 44.5 3.9364
-87 44.5 3.95065
-86.5 44.5 3.9514
-86 44.5 3.95266
-85.5 44.5 3.95906
-85 44.5 3.94702
-84.5 44.5 3.95541
-84 44.5 3.95166
-83.5 44.5 3.93548
-83 44.5 3.96268
-82.5 44.5 3.92113
-82 44.5 3.93973
-81.5 44.5 3.96762
-81 44.5 3.92467
-119 45 4.0235
-118.5 45 3.97523
-118 45 3.95581
-117.5 45 3.92647
-117 45 3.96566
-116.5 45 3.93875
-116 45 3.94712
-115.5 45 3.95352
-115 45 3.94578
-114.5 45 3.95149
-114 45 3.9507
-113.5 45 3.94647
-113 45 3.95564
-112.5 45 3.94637
-112 45 3.94009
-111.5 45 3.93471
-111 45 3.93319
-110.5 45 3.94494
-110 45 3.96332
-109.5 45 3.97767
-109 45 3.982
-108.5 45 3.9748
-108 45 3.95808
-107.5 45 3.91307
-107 45 3.88992
-106.5 45 3.87907
-106 45 3.90914
-105.5 45 3.92168
-105 45 3.93448
-104.5 45 3.94194
-104 45 3.9414
-103.5 45 3.94735
-103 45 3.95241
-102.5 45 3.965
-102 45 3.96693
-101.5 45 3.96043
-101 45 3.96477
-100.5 45 3.96211
-100 45 3.96111
-99.5 45 3.96211
-99 45 3.96477
-98.5 45 3.96043
-98 45 3.96693
-97.5 45 3.96493
-97 45 3.95241
-96.5 45 3.94745
-96 45 3.9414
-95.5 45 3.94194
-95 45 3.93448
-94.5 45 3.92168
-94 45 3.90914
-93.5 45 3.87907
-93 45 3.88992
-92.5 45 3.91307
-92 45 3.95808
-91.5 45 3.97513
-91 45 3.982
-90.5 45 3.97733
-90 45 3.96332
-89.5 45 3.94494
-89 45 3.93319
-88.5 45 3.93477
-88 45 3.94009
-87.5 45 3.94638
-87 45 3.95564
-86.5 45 3.94647
-86 45 3.9507
-85.5 45 3.95149
-85 45 3.94578
-84.5 45 3.95352
-84 45 3.94712
-83.5 45 3.93875
-83 45 3.96562
-82.5 45 3.92647
-82 45 3.95581
-81.5 45 3.97523
-81 45 3.90943
-119 45.5 4.00421
-118.5 45.5 3.97137
-118 45.5 3.96451
-117.5 45.5 3.923
-117 45.5 3.96266
-116.5 45.5 3.93882
-116 45.5 3.95161
-115.5 45.5 3.95922
-115 45.5 3.95315
-114.5 45.5 3.96013
-114 45.5 3.9597
-113.5 45.5 3.93896
-113 45.5 3.94392
-112.5 45.5 3.94302
-112 45.5 3.94149
-111.5 45.5 3.9438
-111 45.5 3.94016
-110.5 45.5 3.93828
-110 45.5 3.94446
-109.5 45.5 3.95737
-109 45.5 3.97084
-108.5 45.5 3.98031
-108 45.5 3.97895
-107.5 45.5 3.967
-107 45.5 3.9481
-106.5 45.5 3.89672
-106 45.5 3.88208
-105.5 45.5 3.89286
-105 45.5 3.90824
-104.5 45.5 3.9193
-104 45.5 3.93322
-103.5 45.5 3.93692
-103 45.5 3.93274
-102.5 45.5 3.94444
-102 45.5 3.9447
-101.5 45.5 3.9474
-101 45.5 3.93725
-100.5 45.5 3.94061
-100 45.5 3.94024
-99.5 45.5 3.94061
-99 45.5 3.93726
-98.5 45.5 3.94741
-98 45.5 3.9447
-97.5 45.5 3.94444
-97 45.5 3.93287
-96.5 45.5 3.93692
-96 45.5 3.93321
-95.5 45.5 3.9193
-95 45.5 3.90824
-94.5 45.5 3.89286
-94 45.5 3.88208
-93.5 45.5 3.89672
-93 45.5 3.9481
-92.5 45.5 3.967
-92 45.5 3.97895
-91.5 45.5 3.98031
-91 45.5 3.97067
-90.5 45.5 3.95737
-90 45.5 3.94446
-89.5 45.5 3.93836
-89 45.5 3.94016
-88.5 45.5 3.9438
-88 45.5 3.94149
-87.5 45.5 3.94302
-87 45.5 3.94392
-86.5 45.5 3.93896
-86 45.5 3.9597
-85.5 45.5 3.96013
-85 45.5 3.95315
-84.5 45.5 3.95922
-84 45.5 3.95161
-83.5 45.5 3.93882
-83 45.5 3.96266
-82.5 45.5 3.923
-82 45.5 3.96451
-81.5 45.5 3.97137
-81 45.5 3.8788
-119 46 3.98887
-118.5 46 3.94953
-118 46 3.96914
-117.5 46 3.91767
-117 46 3.96821
-116.5 46 3.92774
-116 46 3.92504
-115.5 46 3.94511
-115 46 3.94641
-114.5 46 3.94287
-114 46 3.96951
-113.5 46 3.96533
-113 46 3.95945
-112.5 46 3.95294
-112 46 3.93717
-111.5 46 3.93241
-111 46 3.93392
-110.5 46 3.93927
-110 46 3.94592
-109.5 46 3.95368
-109 46 3.95881
-108.5 46 3.96475
-108 46 3.97064
-107.5 46 3.97112
-107 46 3.96604
-106.5 46 3.95643
-106 46 3.92711
-105.5 46 3.89446
-105 46 3.88503
-104.5 46 3.89478
-104 46 3.92183
-103.5 46 3.91718
-103 46 3.91971
-102.5 46 3.92506
-102 46 3.92641
-101.5 46 3.92933
-101 46 3.92853
-100.5 46 3.93097
-100 46 3.93084
-99.5 46 3.93097
-99 46 3.92853
-98.5 46 3.92933
-98 46 3.92641
-97.5 46 3.92506
-97 46 3.91971
-96.5 46 3.91718
-96 46 3.92182
-95.5 46 3.89478
-95 46 3.88503
-94.5 46 3.89446
-94 46 3.92711
-93.5 46 3.95643
-93 46 3.96604
-92.5 46 3.97112
-92 46 3.97064
-91.5 46 3.96475
-91 46 3.95881
-90.5 46 3.95368
-90 46 3.94608
-89.5 46 3.93927
-89 46 3.93376
-88.5 46 3.93241
-88 46 3.93717
-87.5 46 3.95294
-87 46 3.95945
-86.5 46 3.96533
-86 46 3.96951
-85.5 46 3.94287
-85 46 3.94641
-84.5 46 3.94511
-84 46 3.92504
-83.5 46 3.92774
-83 46 3.96821
-82.5 46 3.91767
-82 46 3.96914
-81.5 46 3.94953
-81 46 3.86384
-119 46.5 4.01748
-118.5 46.5 3.98351
-118 46.5 3.99249
-117.5 46.5 3.93006
-117 46.5 3.98921
-116.5 46.5 3.95874
-116 46.5 3.95142
-115.5 46.5 3.94128
-115 46.5 3.94292
-114.5 46.5 3.92707
-114 46.5 3.93505
-113.5 46.5 3.94171
-113 46.5 3.94501
-112.5 46.5 3.95869
-112 46.5 3.95596
-111.5 46.5 3.9491
-111 46.5 3.93977
-110.5 46.5 3.92918
-110 46.5 3.92707
-109.5 46.5 3.93653
-109 46.5 3.95048
-108.5 46.5 3.9624
-108 46.5 3.97153
-107.5 46.5 3.97591
-107 46.5 3.97364
-106.5 46.5 3.96863
-106 46.5 3.96207
-105.5 46.5 3.95231
-105 46.5 3.91999
-104.5 46.5 3.88385
-104 46.5 3.88811
-103.5 46.5 3.89907
-103 46.5 3.88733
-102.5 46.5 3.88245
-102 46.5 3.93019
-101.5 46.5 3.90952
-101 46.5 3.91487
-100.5 46.5 3.91513
-100 46.5 3.91415
-99.5 46.5 3.91512
-99 46.5 3.91487
-98.5 46.5 3.90952
-98 46.5 3.93019
-97.5 46.5 3.88245
-97 46.5 3.88733
-96.5 46.5 3.89907
-96 46.5 3.88811
-95.5 46.5 3.88386
-95 46.5 3.91999
-94.5 46.5 3.95231
-94 46.5 3.96207
-93.5 46.5 3.96863
-93 46.5 3.97364
-92.5 46.5 3.97591
-92 46.5 3.97153
-91.5 46.5 3.9624
-91 46.5 3.95048
-90.5 46.5 3.93653
-90 46.5 3.92707
-89.5 46.5 3.9291
-89 46.5 3.93977
-88.5 46.5 3.9491
-88 46.5 3.95596
-87.5 46.5 3.95869
-87 46.5 3.94501
-86.5 46.5 3.94171
-86 46.5 3.93505
-85.5 46.5 3.92707
-85 46.5 3.94292
-84.5 46.5 3.94128
-84 46.5 3.95142
-83.5 46.5 3.95874
-83 46.5 3.98921
-82.5 46.5 3.93006
-82 46.5 3.99249
-81.5 46.5 3.98368
-81 46.5 3.865
-119 47 3.94608
-118.5 47 3.92856
-118 47 3.97381
-117.5 47 3.90267
-117 47 3.97155
-116.5 47 3.95282
-116 47 3.96675
-115.5 47 3.96841
-115 47 3.97507
-114.5 47 3.96708
-114 47 3.96093
-113.5 47 3.95899
-113 47 3.94403
-112.5 47 3.94533
-112 47 3.94643
-111.5 47 3.94214
-111 47 3.94553
-110.5 47 3.94643
-110 47 3.93681
-109.5 47 3.92993
-109 47 3.93102
-108.5 47 3.93601
-108 47 3.94561
-107.5 47 3.95676
-107 47 3.96552
-106.5 47 3.97739
-106 47 3.97239
-105.5 47 3.96533
-105 47 3.96295
-104.5 47 3.95297
-104 47 3.91043
-103.5 47 3.91855
-103 47 3.91225
-102.5 47 3.89094
-102 47 3.89516
-101.5 47 3.90155
-101 47 3.89492
-100.5 47 3.89364
-100 47 3.89462
-99.5 47 3.89364
-99 47 3.89492
-98.5 47 3.90155
-98 47 3.89516
-97.5 47 3.89094
-97 47 3.91225
-96.5 47 3.91855
-96 47 3.91043
-95.5 47 3.95297
-95 47 3.96295
-94.5 47 3.96533
-94 47 3.97239
-93.5 47 3.97739
-93 47 3.96552
-92.5 47 3.95676
-92 47 3.94561
-91.5 47 3.93601
-91 47 3.93102
-90.5 47 3.92993
-90 47 3.93681
-89.5 47 3.94643
-89 47 3.94553
-88.5 47 3.94214
-88 47 3.94643
-87.5 47 3.94533
-87 47 3.94403
-86.5 47 3.95899
-86 47 3.96093
-85.5 47 3.96708
-85 47 3.97507
-84.5 47 3.96841
-84 47 3.96675
-83.5 47 3.95282
-83 47 3.97155
-82.5 47 3.90266
-82 47 3.97457
-81.5 47 3.92857
-81 47 3.78639
-119 47.5 4.00451
-118.5 47.5 3.94382
-118 47.5 3.98156
-117.5 47.5 3.85129
-117 47.5 3.9331
-116.5 47.5 3.91426
-116 47.5 3.90203
-115.5 47.5 3.90826
-115 47.5 3.92415
-114.5 47.5 3.93227
-114 47.5 3.93761
-113.5 47.5 3.95493
-113 47.5 3.94544
-112.5 47.5 3.94276
-112 47.5 3.94694
-111.5 47.5 3.94992
-111 47.5 3.94361
-110.5 47.5 3.94327
-110 47.5 3.94365
-109.5 47.5 3.94036
-109 47.5 3.94115
-108.5 47.5 3.94093
-108 47.5 3.94804
-107.5 47.5 3.9518
-107 47.5 3.9479
-106.5 47.5 3.95848
-106 47.5 3.97802
-105.5 47.5 3.97407
-105 47.5 3.97419
-104.5 47.5 3.97722
-104 47.5 3.97427
-103.5 47.5 3.96774
-103 47.5 3.97403
-102.5 47.5 3.97342
-102 47.5 3.91302
-101.5 47.5 3.92585
-101 47.5 3.92033
-100.5 47.5 3.91614
-100 47.5 3.91774
-99.5 47.5 3.91614
-99 47.5 3.92033
-98.5 47.5 3.92585
-98 47.5 3.91302
-97.5 47.5 3.97342
-97 47.5 3.97403
-96.5 47.5 3.96774
-96 47.5 3.97427
-95.5 47.5 3.97722
-95 47.5 3.97419
-94.5 47.5 3.97407
-94 47.5 3.97802
-93.5 47.5 3.95848
-93 47.5 3.9479
-92.5 47.5 3.9518
-92 47.5 3.94804
-91.5 47.5 3.94093
-91 47.5 3.94115
-90.5 47.5 3.94036
-90 47.5 3.94365
-89.5 47.5 3.94327
-89 47.5 3.94361
-88.5 47.5 3.94992
-88 47.5 3.94694
-87.5 47.5 3.94276
-87 47.5 3.94544
-86.5 47.5 3.95493
-86 47.5 3.93761
-85.5 47.5 3.93227
-85 47.5 3.92415
-84.5 47.5 3.90826
-84 47.5 3.90203
-83.5 47.5 3.91426
-83 47.5 3.93316
-82.5 47.5 3.85128
-82 47.5 3.98157
-81.5 47.5 3.94361
-81 47.5 3.86799
-119 48 4.07274
-118.5 48 4.03322
-118 48 4.07832
-117.5 48 3.98774
-117 48 4.04167
-116.5 48 4.02055
-116 48 4.00432
-115.5 48 3.99013
-115 48 3.98534
-114.5 48 3.97409
-114 48 3.95513
-113.5 48 3.97171
-113 48 3.9664
-112.5 48 3.95222
-112 48 3.95267
-111.5 48 3.95196
-111 48 3.95104
-110.5 48 3.94221
-110 48 3.93669
-109.5 48 3.92611
-109 48 3.92307
-108.5 48 3.91662
-108 48 3.91195
-107.5 48 3.91994
-107 48 3.92237
-106.5 48 3.91591
-106 48 3.92744
-105.5 48 3.93916
-105 48 3.94189
-104.5 48 3.94682
-104 48 3.95044
-103.5 48 3.94595
-103 48 3.94388
-102.5 48 3.95751
-102 48 3.95695
-101.5 48 3.95047
-101 48 3.95003
-100.5 48 3.949
-100 48 3.94897
-99.5 48 3.949
-99 48 3.95002
-98.5 48 3.95047
-98 48 3.95695
-97.5 48 3.95751
-97 48 3.94389
-96.5 48 3.94595
-96 48 3.95044
-95.5 48 3.94682
-95 48 3.94189
-94.5 48 3.93916
-94 48 3.92744
-93.5 48 3.91591
-93 48 3.92237
-92.5 48 3.91994
-92 48 3.91195
-91.5 48 3.91662
-91 48 3.92307
-90.5 48 3.92611
-90 48 3.93669
-89.5 48 3.94221
-89 48 3.95104
-88.5 48 3.95196
-88 48 3.95267
-87.5 48 3.95222
-87 48 3.96639
-86.5 48 3.97171
-86 48 3.95513
-85.5 48 3.9741
-85 48 3.98534
-84.5 48 3.99012
-84 48 4.00431
-83.5 48 4.02074
-83 48 4.04168
-82.5 48 3.98755
-82 48 4.07832
-81.5 48 4.03323
-81 48 3.80293
-119 48.5 3.8361
-118.5 48.5 3.81106
-118 48.5 3.90935
-117.5 48.5 3.79143
-117 48.5 3.87246
-116.5 48.5 3.87791
-116 48.5 3.88833
-115.5 48.5 3.90595
-115 48.5 3.91369
-114.5 48.5 3.92397
-114 48.5 3.90119
-113.5 48.5 3.92131
-113 48.5 3.94188
-112.5 48.5 3.91956
-112 48.5 3.92316
-111.5 48.5 3.94154
-111 48.5 3.94739
-110.5 48.5 3.94586
-110 48.5 3.96226
-109.5 48.5 3.96466
-109 48.5 3.95931
-108.5 48.5 3.96526
-108 48.5 3.96176
-107.5 48.5 3.95932
-107 48.5 3.96065
-106.5 48.5 3.95869
-106 48.5 3.95806
-105.5 48.5 3.96276
-105 48.5 3.96738
-104.5 48.5 3.9724
-104 48.5 3.97175
-103.5 48.5 3.97385
-103 48.5 3.96103
-102.5 48.5 3.96154
-102 48.5 3.98133
-101.5 48.5 3.98227
-101 48.5 3.98552
-100.5 48.5 3.98571
-100 48.5 3.98641
-99.5 48.5 3.98571
-99 48.5 3.98552
-98.5 48.5 3.98227
-98 48.5 3.98133
-97.5 48.5 3.96154
-97 48.5 3.96103
-96.5 48.5 3.97384
-96 48.5 3.97175
-95.5 48.5 3.9724
-95 48.5 3.96751
-94.5 48.5 3.96276
-94 48.5 3.95806
-93.5 48.5 3.95869
-93 48.5 3.96065
-92.5 48.5 3.95932
-92 48.5 3.96176
-91.5 48.5 3.96526
-91 48.5 3.95931
-90.5 48.5 3.96466
-90 48.5 3.96226
-89.5 48.5 3.94586
-89 48.5 3.94749
-88.5 48.5 3.94155
-88 48.5 3.92316
-87.5 48.5 3.91955
-87 48.5 3.94188
-86.5 48.5 3.92132
-86 48.5 3.90119
-85.5 48.5 3.92397
-85 48.5 3.91369
-84.5 48.5 3.90596
-84 48.5 3.88833
-83.5 48.5 3.87791
-83 48.5 3.87239
-82.5 48.5 3.79143
-82 48.5 3.90935
-81.5 48.5 3.81088
-81 48.5 3.66292
-119 49 3.98853
-118.5 49 3.85337
-118 49 3.96476
-117.5 49 3.80967
-117 49 3.83458
-116.5 49 3.8245
-116 49 3.79197
-115.5 49 3.80043
-115 49 3.78523
-114.5 49 3.79826
-114 49 3.79887
-113.5 49 3.79232
-113 49 3.81865
-112.5 49 3.83658
-112 49 3.84224
-111.5 49 3.86764
-111 49 3.89644
-110.5 49 3.90935
-110 49 3.94108
-109.5 49 3.98159
-109 49 3.99974
-108.5 49 4.01864
-108 49 4.0387
-107.5 49 4.04903
-107 49 4.05715
-106.5 49 4.05939
-106 49 4.05562
-105.5 49 4.05266
-105 49 4.05088
-104.5 49 4.05005
-104 49 4.04399
-103.5 49 4.03609
-103 49 4.02968
-102.5 49 4.02447
-102 49 4.02267
-101.5 49 4.02083
-101 49 4.0216
-100.5 49 4.02178
-100 49 4.02165
-99.5 49 4.02178
-99 49 4.02131
-98.5 49 4.0204
-98 49 4.02195
-97.5 49 4.02347
-97 49 4.02869
-96.5 49 4.03524
-96 49 4.04316
-95.5 49 4.04944
-95 49 4.05021
-94.5 49 4.0519
-94 49 4.05523
-93.5 49 4.05927
-93 49 4.05753
-92.5 49 4.05001
-92 49 4.04047
-91.5 49 4.02127
-91 49 4.00315
-90.5 49 3.98545
-90 49 3.94508
-89.5 49 3.91344
-89 49 3.9005
-88.5 49 3.87132
-88 49 3.84594
-87.5 49 3.84003
-87 49 3.82166
-86.5 49 3.79491
-86 49 3.80102
-85.5 49 3.80003
-85 49 3.78656
-84.5 49 3.80105
-84 49 3.79114
-83.5 49 3.82188
-83 49 3.83026
-82.5 49 3.8049
-82 49 3.96021
-81.5 49 3.84931
-81 49 3.78515
