-119 25 641.862
-118.5 25 633.194
-118 25 624.307
-117.5 25 615.904
-117 25 607.459
-116.5 25 599.171
-116 25 591.034
-115.5 25 583.029
-115 25 575.17
-114.5 25 567.468
-114 25 559.924
-113.5 25 552.548
-113 25 545.344
-112.5 25 538.316
-112 25 531.476
-111.5 25 524.821
-111 25 518.371
-110.5 25 512.126
-110 25 506.096
-109.5 25 500.289
-109 25 494.718
-108.5 25 489.387
-108 25 484.305
-107.5 25 479.478
-107 25 474.915
-106.5 25 470.626
-106 25 466.618
-105.5 25 462.897
-105 25 459.479
-104.5 25 456.357
-104 25 453.545
-103.5 25 451.048
-103 25 448.872
-102.5 25 447.022
-102 25 445.502
-101.5 25 444.318
-101 25 443.467
-100.5 25 442.958
-100 25 442.788
-99.5 25 442.958
-99 25 443.467
-98.5 25 444.317
-98 25 445.502
-97.5 25 447.022
-97 25 448.872
-96.5 25 451.048
-96 25 453.545
-95.5 25 456.357
-95 25 459.479
-94.5 25 462.897
-94 25 466.618
-93.5 25 470.626
-93 25 474.915
-92.5 25 479.478
-92 25 484.305
-91.5 25 489.387
-91 25 494.718
-90.5 25 500.289
-90 25 506.096
-89.5 25 512.125
-89 25 518.371
-88.5 25 524.821
-88 25 531.476
-87.5 25 538.316
-87 25 545.344
-86.5 25 552.548
-86 25 559.924
-85.5 25 567.468
-85 25 575.17
-84.5 25 583.029
-84 25 591.034
-83.5 25 599.171
-83 25 607.459
-82.5 25 615.904
-82 25 624.307
-81.5 25 633.194
-81 25 641.862
-119 25.5 631.581
-118.5 25.5 622.865
-118 25.5 613.851
-117.5 25.5 605.278
-117 25.5 596.726
-116.5 25.5 588.278
-116 25.5 580.007
-115.5 25.5 571.847
-115 25.5 563.83
-114.5 25.5 555.965
-114 25.5 548.254
-113.5 25.5 540.708
-113 25.5 533.345
-112.5 25.5 526.143
-112 25.5 519.132
-111.5 25.5 512.312
-111 25.5 505.697
-110.5 25.5 499.293
-110 25.5 493.11
-109.5 25.5 487.154
-109 25.5 481.436
-108.5 25.5 475.967
-108 25.5 470.751
-107.5 25.5 465.797
-107 25.5 461.115
-106.5 25.5 456.71
-106 25.5 452.592
-105.5 25.5 448.769
-105 25.5 445.25
-104.5 25.5 442.04
-104 25.5 439.148
-103.5 25.5 436.58
-103 25.5 434.342
-102.5 25.5 432.438
-102 25.5 430.874
-101.5 25.5 429.654
-101 25.5 428.78
-100.5 25.5 428.255
-100 25.5 428.08
-99.5 25.5 428.255
-99 25.5 428.78
-98.5 25.5 429.654
-98 25.5 430.874
-97.5 25.5 432.438
-97 25.5 434.342
-96.5 25.5 436.58
-96 25.5 439.148
-95.5 25.5 442.04
-95 25.5 445.25
-94.5 25.5 448.769
-94 25.5 452.592
-93.5 25.5 456.71
-93 25.5 461.115
-92.5 25.5 465.797
-92 25.5 470.751
-91.5 25.5 475.967
-91 25.5 481.436
-90.5 25.5 487.154
-90 25.5 493.11
-89.5 25.5 499.293
-89 25.5 505.697
-88.5 25.5 512.312
-88 25.5 519.132
-87.5 25.5 526.143
-87 25.5 533.345
-86.5 25.5 540.708
-86 25.5 548.254
-85.5 25.5 555.965
-85 25.5 563.83
-84.5 25.5 571.847
-84 25.5 580.007
-83.5 25.5 588.278
-83 25.5 596.726
-82.5 25.5 605.278
-82 25.5 613.851
-81.5 25.5 622.865
-81 25.5 631.581
-119 26 620.893
-118.5 26 612.081
-118 26 602.962
-117.5 26 594.32
-117 26 585.629
-116.5 26 577.083
-116 26 568.69
-115.5 26 560.417
-115 26 552.274
-114.5 26 544.294
-114 26 536.464
-113.5 26 528.796
-113 26 521.303
-112.5 26 513.983
-112 26 506.848
-111.5 26 499.903
-111 26 493.168
-110.5 26 486.641
-110 26 480.323
-109.5 26 474.248
-109 26 468.396
-108.5 26 462.79
-108 26 457.451
-107.5 26 452.366
-107 26 447.554
-106.5 26 443.03
-106 26 438.805
-105.5 26 434.87
-105 26 431.249
-104.5 26 427.946
-104 26 424.968
-103.5 26 422.322
-103 26 420.016
-102.5 26 418.051
-102 26 416.439
-101.5 26 415.181
-101 26 414.28
-100.5 26 413.738
-100 26 413.558
-99.5 26 413.738
-99 26 414.28
-98.5 26 415.181
-98 26 416.439
-97.5 26 418.051
-97 26 420.016
-96.5 26 422.322
-96 26 424.968
-95.5 26 427.946
-95 26 431.249
-94.5 26 434.87
-94 26 438.805
-93.5 26 443.03
-93 26 447.554
-92.5 26 452.366
-92 26 457.451
-91.5 26 462.79
-91 26 468.396
-90.5 26 474.248
-90 26 480.323
-89.5 26 486.641
-89 26 493.168
-88.5 26 499.903
-88 26 506.847
-87.5 26 513.983
-87 26 521.303
-86.5 26 528.796
-86 26 536.464
-85.5 26 544.294
-85 26 552.274
-84.5 26 560.417
-84 26 568.69
-83.5 26 577.083
-83 26 585.629
-82.5 26 594.32
-82 26 602.962
-81.5 26 612.081
-81 26 620.893
-119 26.5 610.432
-118.5 26.5 601.539
-118 26.5 592.3
-117.5 26.5 583.536
-117 26.5 574.722
-116.5 26.5 566.063
-116 26.5 557.549
-115.5 26.5 549.146
-115 26.5 540.899
-114.5 26.5 532.786
-114 26.5 524.821
-113.5 26.5 517.018
-113 26.5 509.375
-112.5 26.5 501.919
-112 26.5 494.64
-111.5 26.5 487.557
-111 26.5 480.682
-110.5 26.5 474.009
-110 26.5 467.559
-109.5 26.5 461.338
-109 26.5 455.355
-108.5 26.5 449.619
-108 26.5 444.14
-107.5 26.5 438.93
-107 26.5 433.996
-106.5 26.5 429.35
-106 26.5 425.001
-105.5 26.5 420.959
-105 26.5 417.233
-104.5 26.5 413.833
-104 26.5 410.767
-103.5 26.5 408.043
-103 26.5 405.667
-102.5 26.5 403.645
-102 26.5 401.984
-101.5 26.5 400.687
-101 26.5 399.758
-100.5 26.5 399.199
-100 26.5 399.013
-99.5 26.5 399.199
-99 26.5 399.758
-98.5 26.5 400.687
-98 26.5 401.984
-97.5 26.5 403.645
-97 26.5 405.667
-96.5 26.5 408.043
-96 26.5 410.767
-95.5 26.5 413.833
-95 26.5 417.233
-94.5 26.5 420.959
-94 26.5 425.001
-93.5 26.5 429.35
-93 26.5 433.996
-92.5 26.5 438.93
-92 26.5 444.14
-91.5 26.5 449.619
-91 26.5 455.355
-90.5 26.5 461.338
-90 26.5 467.559
-89.5 26.5 474.009
-89 26.5 480.682
-88.5 26.5 487.558
-88 26.5 494.64
-87.5 26.5 501.919
-87 26.5 509.375
-86.5 26.5 517.018
-86 26.5 524.821
-85.5 26.5 532.786
-85 26.5 540.899
-84.5 26.5 549.146
-84 26.5 557.549
-83.5 26.5 566.063
-83 26.5 574.721
-82.5 26.5 583.536
-82 26.5 592.3
-81.5 26.5 601.539
-81 26.5 610.433
-119 27 600.157
-118.5 27 591.169
-118 27 581.831
-117.5 27 572.962
-117 27 564.006
-116.5 27 555.235
-116 27 546.592
-115.5 27 538.062
-115 27 529.664
-114.5 27 521.411
-114 27 513.313
-113.5 27 505.364
-113 27 497.587
-112.5 27 489.986
-112 27 482.576
-111.5 27 475.348
-111 27 468.317
-110.5 27 461.501
-110 27 454.904
-109.5 27 448.53
-109 27 442.402
-108.5 27 436.524
-108 27 430.907
-107.5 27 425.559
-107 27 420.493
-106.5 27 415.718
-106 27 411.243
-105.5 27 407.087
-105 27 403.249
-104.5 27 399.747
-104 27 396.588
-103.5 27 393.779
-103 27 391.325
-102.5 27 389.239
-102 27 387.524
-101.5 27 386.188
-101 27 385.228
-100.5 27 384.649
-100 27 384.456
-99.5 27 384.649
-99 27 385.228
-98.5 27 386.188
-98 27 387.524
-97.5 27 389.238
-97 27 391.325
-96.5 27 393.779
-96 27 396.588
-95.5 27 399.747
-95 27 403.249
-94.5 27 407.087
-94 27 411.243
-93.5 27 415.718
-93 27 420.493
-92.5 27 425.559
-92 27 430.907
-91.5 27 436.524
-91 27 442.402
-90.5 27 448.53
-90 27 454.904
-89.5 27 461.501
-89 27 468.316
-88.5 27 475.348
-88 27 482.576
-87.5 27 489.986
-87 27 497.587
-86.5 27 505.364
-86 27 513.313
-85.5 27 521.411
-85 27 529.664
-84.5 27 538.062
-84 27 546.592
-83.5 27 555.236
-83 27 564.006
-82.5 27 572.962
-82 27 581.831
-81.5 27 591.169
-81 27 600.157
-119 27.5 590.057
-118.5 27.5 580.972
-118 27.5 571.534
-117.5 27.5 562.523
-117 27.5 553.451
-116.5 27.5 544.563
-116 27.5 535.781
-115.5 27.5 527.111
-115 27.5 518.592
-114.5 27.5 510.2
-114 27.5 501.964
-113.5 27.5 493.873
-113 27.5 485.957
-112.5 27.5 478.212
-112 27.5 470.652
-111.5 27.5 463.277
-111 27.5 456.099
-110.5 27.5 449.115
-110 27.5 442.359
-109.5 27.5 435.838
-109 27.5 429.556
-108.5 27.5 423.528
-108 27.5 417.753
-107.5 27.5 412.261
-107 27.5 407.056
-106.5 27.5 402.147
-106 27.5 397.547
-105.5 27.5 393.267
-105 27.5 389.316
-104.5 27.5 385.707
-104 27.5 382.448
-103.5 27.5 379.549
-103 27.5 377.017
-102.5 27.5 374.861
-102 27.5 373.088
-101.5 27.5 371.702
-101 27.5 370.709
-100.5 27.5 370.112
-100 27.5 369.913
-99.5 27.5 370.112
-99 27.5 370.709
-98.5 27.5 371.702
-98 27.5 373.088
-97.5 27.5 374.861
-97 27.5 377.017
-96.5 27.5 379.549
-96 27.5 382.448
-95.5 27.5 385.707
-95 27.5 389.316
-94.5 27.5 393.267
-94 27.5 397.547
-93.5 27.5 402.147
-93 27.5 407.056
-92.5 27.5 412.261
-92 27.5 417.753
-91.5 27.5 423.528
-91 27.5 429.556
-90.5 27.5 435.838
-90 27.5 442.359
-89.5 27.5 449.115
-89 27.5 456.099
-88.5 27.5 463.277
-88 27.5 470.651
-87.5 27.5 478.212
-87 27.5 485.957
-86.5 27.5 493.873
-86 27.5 501.964
-85.5 27.5 510.2
-85 27.5 518.592
-84.5 27.5 527.111
-84 27.5 535.781
-83.5 27.5 544.563
-83 27.5 553.451
-82.5 27.5 562.523
-82 27.5 571.534
-81.5 27.5 580.972
-81 27.5 590.057
-119 28 580.12
-118.5 28 570.988
-118 28 561.431
-117.5 28 552.261
-117 28 543.077
-116.5 28 534.059
-116 28 525.147
-115.5 28 516.343
-115 28 507.688
-114.5 28 499.153
-114 28 490.773
-113.5 28 482.55
-113 28 474.487
-112.5 28 466.587
-112 28 458.868
-111.5 28 451.333
-111 28 443.996
-110.5 28 436.852
-110 28 429.945
-109.5 28 423.264
-109 28 416.825
-108.5 28 410.64
-108 28 404.718
-107.5 28 399.074
-107 28 393.718
-106.5 28 388.664
-106 28 383.924
-105.5 28 379.509
-105 28 375.432
-104.5 28 371.703
-104 28 368.334
-103.5 28 365.346
-103 28 362.725
-102.5 28 360.493
-102 28 358.656
-101.5 28 357.22
-101 28 356.191
-100.5 28 355.572
-100 28 355.365
-99.5 28 355.572
-99 28 356.191
-98.5 28 357.22
-98 28 358.656
-97.5 28 360.493
-97 28 362.726
-96.5 28 365.346
-96 28 368.334
-95.5 28 371.703
-95 28 375.432
-94.5 28 379.509
-94 28 383.924
-93.5 28 388.664
-93 28 393.718
-92.5 28 399.074
-92 28 404.718
-91.5 28 410.64
-91 28 416.825
-90.5 28 423.263
-90 28 429.945
-89.5 28 436.852
-89 28 443.996
-88.5 28 451.333
-88 28 458.868
-87.5 28 466.587
-87 28 474.487
-86.5 28 482.55
-86 28 490.773
-85.5 28 499.153
-85 28 507.688
-84.5 28 516.343
-84 28 525.147
-83.5 28 534.059
-83 28 543.077
-82.5 28 552.261
-82 28 561.431
-81.5 28 570.988
-81 28 580.12
-119 28.5 570.385
-118.5 28.5 561.165
-118 28.5 551.506
-117.5 28.5 542.201
-117 28.5 532.911
-116.5 28.5 523.75
-116 28.5 514.704
-115.5 28.5 505.763
-115 28.5 496.967
-114.5 28.5 488.289
-114 28.5 479.776
-113.5 28.5 471.389
-113 28.5 463.174
-112.5 28.5 455.12
-112 28.5 447.244
-111.5 28.5 439.55
-111 28.5 432.049
-110.5 28.5 424.754
-110 28.5 417.67
-109.5 28.5 410.82
-109 28.5 404.215
-108.5 28.5 397.865
-108 28.5 391.783
-107.5 28.5 385.98
-107 28.5 380.468
-106.5 28.5 375.261
-106 28.5 370.381
-105.5 28.5 365.823
-105 28.5 361.608
-104.5 28.5 357.75
-104 28.5 354.261
-103.5 28.5 351.153
-103 28.5 348.435
-102.5 28.5 346.121
-102 28.5 344.214
-101.5 28.5 342.723
-101 28.5 341.655
-100.5 28.5 341.012
-100 28.5 340.797
-99.5 28.5 341.012
-99 28.5 341.655
-98.5 28.5 342.723
-98 28.5 344.214
-97.5 28.5 346.121
-97 28.5 348.435
-96.5 28.5 351.153
-96 28.5 354.261
-95.5 28.5 357.75
-95 28.5 361.608
-94.5 28.5 365.823
-94 28.5 370.381
-93.5 28.5 375.261
-93 28.5 380.468
-92.5 28.5 385.98
-92 28.5 391.783
-91.5 28.5 397.865
-91 28.5 404.215
-90.5 28.5 410.82
-90 28.5 417.67
-89.5 28.5 424.754
-89 28.5 432.049
-88.5 28.5 439.55
-88 28.5 447.244
-87.5 28.5 455.12
-87 28.5 463.174
-86.5 28.5 471.389
-86 28.5 479.776
-85.5 28.5 488.289
-85 28.5 496.967
-84.5 28.5 505.763
-84 28.5 514.704
-83.5 28.5 523.751
-83 28.5 532.911
-82.5 28.5 542.201
-82 28.5 551.506
-81.5 28.5 561.165
-81 28.5 570.385
-119 29 560.853
-118.5 29 551.548
-118 29 541.781
-117.5 29 532.334
-117 29 522.93
-116.5 29 513.642
-116 29 504.454
-115.5 29 495.377
-115 29 486.441
-114.5 29 477.63
-114 29 468.962
-113.5 29 460.418
-113 29 452.045
-112.5 29 443.836
-112 29 435.788
-111.5 29 427.925
-111 29 420.257
-110.5 29 412.792
-110 29 405.542
-109.5 29 398.521
-109 29 391.743
-108.5 29 385.22
-108 29 378.964
-107.5 29 373
-107 29 367.318
-106.5 29 361.944
-106 29 356.892
-105.5 29 352.178
-105 29 347.817
-104.5 29 343.823
-104 29 340.209
-103.5 29 336.986
-103 29 334.168
-102.5 29 331.765
-102 29 329.784
-101.5 29 328.236
-101 29 327.125
-100.5 29 326.456
-100 29 326.233
-99.5 29 326.456
-99 29 327.125
-98.5 29 328.236
-98 29 329.784
-97.5 29 331.764
-97 29 334.168
-96.5 29 336.986
-96 29 340.209
-95.5 29 343.823
-95 29 347.817
-94.5 29 352.179
-94 29 356.892
-93.5 29 361.944
-93 29 367.318
-92.5 29 373
-92 29 378.964
-91.5 29 385.22
-91 29 391.743
-90.5 29 398.521
-90 29 405.542
-89.5 29 412.792
-89 29 420.257
-88.5 29 427.925
-88 29 435.788
-87.5 29 443.836
-87 29 452.045
-86.5 29 460.418
-86 29 468.962
-85.5 29 477.63
-85 29 486.441
-84.5 29 495.377
-84 29 504.454
-83.5 29 513.642
-83 29 522.93
-82.5 29 532.334
-82 29 541.781
-81.5 29 551.548
-81 29 560.853
-119 29.5 551.536
-118.5 29.5 542.157
-118 29.5 532.264
-117.5 29.5 522.688
-117 29.5 513.162
-116.5 29.5 503.74
-116 29.5 494.417
-115.5 29.5 485.212
-115 29.5 476.127
-114.5 29.5 467.165
-114 29.5 458.345
-113.5 29.5 449.666
-113 29.5 441.125
-112.5 29.5 432.745
-112 29.5 424.526
-111.5 29.5 416.49
-111 29.5 408.647
-110.5 29.5 401.006
-110 29.5 393.58
-109.5 29.5 386.381
-109 29.5 379.421
-108.5 29.5 372.712
-108 29.5 366.282
-107.5 29.5 360.122
-107 29.5 354.26
-106.5 29.5 348.71
-106 29.5 343.488
-105.5 29.5 338.611
-105 29.5 334.094
-104.5 29.5 329.952
-104 29.5 326.2
-103.5 29.5 322.853
-103 29.5 319.924
-102.5 29.5 317.423
-102 29.5 315.363
-101.5 29.5 313.75
-101 29.5 312.594
-100.5 29.5 311.898
-100 29.5 311.665
-99.5 29.5 311.898
-99 29.5 312.594
-98.5 29.5 313.75
-98 29.5 315.363
-97.5 29.5 317.423
-97 29.5 319.924
-96.5 29.5 322.853
-96 29.5 326.2
-95.5 29.5 329.952
-95 29.5 334.094
-94.5 29.5 338.611
-94 29.5 343.488
-93.5 29.5 348.71
-93 29.5 354.26
-92.5 29.5 360.122
-92 29.5 366.282
-91.5 29.5 372.712
-91 29.5 379.421
-90.5 29.5 386.381
-90 29.5 393.58
-89.5 29.5 401.006
-89 29.5 408.647
-88.5 29.5 416.49
-88 29.5 424.526
-87.5 29.5 432.745
-87 29.5 441.125
-86.5 29.5 449.666
-86 29.5 458.345
-85.5 29.5 467.165
-85 29.5 476.127
-84.5 29.5 485.212
-84 29.5 494.417
-83.5 29.5 503.74
-83 29.5 513.162
-82.5 29.5 522.688
-82 29.5 532.264
-81.5 29.5 542.157
-81 29.5 551.536
-119 30 542.45
-118.5 30 532.979
-118 30 522.967
-117.5 30 513.267
-117 30 503.619
-116.5 30 494.064
-116 30 484.62
-115.5 30 475.275
-115 30 466.045
-114.5 30 456.937
-114 30 447.953
-113.5 30 439.108
-113 30 430.404
-112.5 30 421.855
-112 30 413.466
-111.5 30 405.255
-111 30 397.232
-110.5 30 389.407
-110 30 381.796
-109.5 30 374.408
-109 30 367.266
-108.5 30 360.364
-108 30 353.727
-107.5 30 347.373
-107 30 341.318
-106.5 30 335.581
-106 30 330.178
-105.5 30 325.125
-105 30 320.442
-104.5 30 316.143
-104 30 312.245
-103.5 30 308.765
-103 30 305.717
-102.5 30 303.113
-102 30 300.966
-101.5 30 299.286
-101 30 298.079
-100.5 30 297.353
-100 30 297.111
-99.5 30 297.353
-99 30 298.079
-98.5 30 299.286
-98 30 300.966
-97.5 30 303.113
-97 30 305.717
-96.5 30 308.765
-96 30 312.245
-95.5 30 316.143
-95 30 320.442
-94.5 30 325.126
-94 30 330.178
-93.5 30 335.581
-93 30 341.318
-92.5 30 347.373
-92 30 353.727
-91.5 30 360.364
-91 30 367.267
-90.5 30 374.408
-90 30 381.796
-89.5 30 389.407
-89 30 397.232
-88.5 30 405.255
-88 30 413.466
-87.5 30 421.854
-87 30 430.404
-86.5 30 439.108
-86 30 447.953
-85.5 30 456.937
-85 30 466.045
-84.5 30 475.275
-84 30 484.62
-83.5 30 494.064
-83 30 503.619
-82.5 30 513.267
-82 30 522.967
-81.5 30 532.979
-81 30 542.45
-119 30.5 533.605
-118.5 30.5 524.04
-118 30.5 513.911
-117.5 30.5 504.092
-117 30.5 494.319
-116.5 30.5 484.644
-116 30.5 475.055
-115.5 30.5 465.573
-115 30.5 456.197
-114.5 30.5 446.938
-114 30.5 437.796
-113.5 30.5 428.781
-113 30.5 419.912
-112.5 30.5 411.188
-112 30.5 402.624
-111.5 30.5 394.238
-111 30.5 386.031
-110.5 30.5 378.019
-110 30.5 370.21
-109.5 30.5 362.63
-109 30.5 355.272
-108.5 30.5 348.165
-108 30.5 341.324
-107.5 30.5 334.768
-107 30.5 328.514
-106.5 30.5 322.578
-106 30.5 316.981
-105.5 30.5 311.741
-105 30.5 306.878
-104.5 30.5 302.41
-104 30.5 298.356
-103.5 30.5 294.733
-103 30.5 291.557
-102.5 30.5 288.842
-102 30.5 286.601
-101.5 30.5 284.846
-101 30.5 283.585
-100.5 30.5 282.826
-100 30.5 282.572
-99.5 30.5 282.826
-99 30.5 283.585
-98.5 30.5 284.846
-98 30.5 286.601
-97.5 30.5 288.842
-97 30.5 291.557
-96.5 30.5 294.733
-96 30.5 298.356
-95.5 30.5 302.41
-95 30.5 306.878
-94.5 30.5 311.741
-94 30.5 316.981
-93.5 30.5 322.578
-93 30.5 328.514
-92.5 30.5 334.768
-92 30.5 341.324
-91.5 30.5 348.165
-91 30.5 355.272
-90.5 30.5 362.63
-90 30.5 370.21
-89.5 30.5 378.019
-89 30.5 386.031
-88.5 30.5 394.238
-88 30.5 402.624
-87.5 30.5 411.188
-87 30.5 419.912
-86.5 30.5 428.781
-86 30.5 437.796
-85.5 30.5 446.938
-85 30.5 456.197
-84.5 30.5 465.572
-84 30.5 475.055
-83.5 30.5 484.644
-83 30.5 494.318
-82.5 30.5 504.092
-82 30.5 513.911
-81.5 30.5 524.04
-81 30.5 533.605
-119 31 525.019
-118.5 31 515.346
-118 31 505.099
-117.5 31 495.171
-117 31 485.275
-116.5 31 475.461
-116 31 465.751
-115.5 31 456.124
-115 31 446.599
-114.5 31 437.186
-114 31 427.879
-113.5 31 418.704
-113 31 409.668
-112.5 31 400.771
-112 31 392.032
-111.5 31 383.458
-111 31 375.057
-110.5 31 366.855
-110 31 358.841
-109.5 31 351.042
-109 31 343.475
-108.5 31 336.156
-108 31 329.101
-107.5 31 322.33
-107 31 315.862
-106.5 31 309.715
-106 31 303.913
-105.5 31 298.476
-105 31 293.423
-104.5 31 288.776
-104 31 284.552
-103.5 31 280.771
-103 31 277.45
-102.5 31 274.607
-102 31 272.257
-101.5 31 270.413
-101 31 269.088
-100.5 31 268.29
-100 31 268.023
-99.5 31 268.29
-99 31 269.088
-98.5 31 270.413
-98 31 272.257
-97.5 31 274.607
-97 31 277.45
-96.5 31 280.771
-96 31 284.552
-95.5 31 288.776
-95 31 293.423
-94.5 31 298.476
-94 31 303.913
-93.5 31 309.715
-93 31 315.862
-92.5 31 322.33
-92 31 329.101
-91.5 31 336.156
-91 31 343.475
-90.5 31 351.042
-90 31 358.841
-89.5 31 366.855
-89 31 375.057
-88.5 31 383.458
-88 31 392.032
-87.5 31 400.771
-87 31 409.668
-86.5 31 418.704
-86 31 427.879
-85.5 31 437.186
-85 31 446.599
-84.5 31 456.124
-84 31 465.751
-83.5 31 475.461
-83 31 485.275
-82.5 31 495.171
-82 31 505.099
-81.5 31 515.346
-81 31 525.02
-119 31.5 516.698
-118.5 31.5 506.925
-118 31.5 496.562
-117.5 31.5 486.525
-117 31.5 476.497
-116.5 31.5 466.564
-116 31.5 456.712
-115.5 31.5 446.942
-115 31.5 437.268
-114.5 31.5 427.702
-114 31.5 418.239
-113.5 31.5 408.898
-113 31.5 399.692
-112.5 31.5 390.618
-112 31.5 381.697
-111.5 31.5 372.929
-111 31.5 364.341
-110.5 31.5 355.922
-110 31.5 347.697
-109.5 31.5 339.683
-109 31.5 331.897
-108.5 31.5 324.355
-108 31.5 317.076
-107.5 31.5 310.079
-107 31.5 303.388
-106.5 31.5 297.021
-106 31.5 291.003
-105.5 31.5 285.353
-105 31.5 280.092
-104.5 31.5 275.241
-104 31.5 270.821
-103.5 31.5 266.856
-103 31.5 263.366
-102.5 31.5 260.373
-102 31.5 257.896
-101.5 31.5 255.952
-101 31.5 254.553
-100.5 31.5 253.71
-100 31.5 253.429
-99.5 31.5 253.71
-99 31.5 254.553
-98.5 31.5 255.952
-98 31.5 257.896
-97.5 31.5 260.373
-97 31.5 263.366
-96.5 31.5 266.856
-96 31.5 270.821
-95.5 31.5 275.241
-95 31.5 280.092
-94.5 31.5 285.353
-94 31.5 291.003
-93.5 31.5 297.021
-93 31.5 303.388
-92.5 31.5 310.079
-92 31.5 317.076
-91.5 31.5 324.355
-91 31.5 331.897
-90.5 31.5 339.683
-90 31.5 347.697
-89.5 31.5 355.922
-89 31.5 364.341
-88.5 31.5 372.93
-88 31.5 381.697
-87.5 31.5 390.618
-87 31.5 399.692
-86.5 31.5 408.898
-86 31.5 418.239
-85.5 31.5 427.702
-85 31.5 437.268
-84.5 31.5 446.942
-84 31.5 456.712
-83.5 31.5 466.564
-83 31.5 476.497
-82.5 31.5 486.525
-82 31.5 496.562
-81.5 31.5 506.925
-81 31.5 516.698
-119 32 508.657
-118.5 32 498.767
-118 32 488.305
-117.5 32 478.148
-117 32 468.007
-116.5 32 457.931
-116 32 447.958
-115.5 32 438.048
-115 32 428.22
-114.5 32 418.506
-114 32 408.886
-113.5 32 399.382
-113 32 390.004
-112.5 32 380.752
-112 32 371.642
-111.5 32 362.687
-111 32 353.883
-110.5 32 345.253
-110 32 336.811
-109.5 32 328.576
-109 32 320.563
-108.5 32 312.789
-108 32 305.277
-107.5 32 298.047
-107 32 291.122
-106.5 32 284.521
-106 32 278.265
-105.5 32 272.374
-105 32 266.873
-104.5 32 261.787
-104 32 257.144
-103.5 32 252.97
-103 32 249.293
-102.5 32 246.138
-102 32 243.527
-101.5 32 241.479
-101 32 240.005
-100.5 32 239.116
-100 32 238.819
-99.5 32 239.116
-99 32 240.005
-98.5 32 241.479
-98 32 243.527
-97.5 32 246.138
-97 32 249.293
-96.5 32 252.97
-96 32 257.144
-95.5 32 261.787
-95 32 266.873
-94.5 32 272.374
-94 32 278.265
-93.5 32 284.521
-93 32 291.122
-92.5 32 298.047
-92 32 305.277
-91.5 32 312.789
-91 32 320.563
-90.5 32 328.576
-90 32 336.811
-89.5 32 345.252
-89 32 353.883
-88.5 32 362.687
-88 32 371.642
-87.5 32 380.752
-87 32 390.004
-86.5 32 399.382
-86 32 408.886
-85.5 32 418.506
-85 32 428.22
-84.5 32 438.047
-84 32 447.958
-83.5 32 457.932
-83 32 468.007
-82.5 32 478.148
-82 32 488.305
-81.5 32 498.767
-81 32 508.657
-119 32.5 500.908
-118.5 32.5 490.907
-118 32.5 480.344
-117.5 32.5 470.076
-117 32.5 459.809
-116.5 32.5 449.614
-116 32.5 439.508
-115.5 32.5 429.444
-115 32.5 419.488
-114.5 32.5 409.618
-114 32.5 399.845
-113.5 32.5 390.179
-113 32.5 380.625
-112.5 32.5 371.193
-112 32.5 361.899
-111.5 32.5 352.732
-111 32.5 343.722
-110.5 32.5 334.876
-110 32.5 326.215
-109.5 32.5 317.751
-109 32.5 309.504
-108.5 32.5 301.493
-108 32.5 293.74
-107.5 32.5 286.264
-107 32.5 279.086
-106.5 32.5 272.222
-106 32.5 265.696
-105.5 32.5 259.533
-105 32.5 253.764
-104.5 32.5 248.423
-104 32.5 243.543
-103.5 32.5 239.159
-103 32.5 235.295
-102.5 32.5 231.978
-102 32.5 229.237
-101.5 32.5 227.077
-101 32.5 225.523
-100.5 32.5 224.585
-100 32.5 224.272
-99.5 32.5 224.585
-99 32.5 225.523
-98.5 32.5 227.077
-98 32.5 229.237
-97.5 32.5 231.978
-97 32.5 235.295
-96.5 32.5 239.159
-96 32.5 243.543
-95.5 32.5 248.423
-95 32.5 253.764
-94.5 32.5 259.533
-94 32.5 265.696
-93.5 32.5 272.222
-93 32.5 279.086
-92.5 32.5 286.264
-92 32.5 293.74
-91.5 32.5 301.493
-91 32.5 309.504
-90.5 32.5 317.751
-90 32.5 326.215
-89.5 32.5 334.876
-89 32.5 343.722
-88.5 32.5 352.732
-88 32.5 361.899
-87.5 32.5 371.193
-87 32.5 380.625
-86.5 32.5 390.179
-86 32.5 399.845
-85.5 32.5 409.618
-85 32.5 419.488
-84.5 32.5 429.444
-84 32.5 439.508
-83.5 32.5 449.614
-83 32.5 459.809
-82.5 32.5 470.076
-82 32.5 480.344
-81.5 32.5 490.907
-81 32.5 500.908
-119 33 493.452
-118.5 33 483.344
-118 33 472.694
-117.5 33 462.317
-117 33 451.934
-116.5 33 441.614
-116 33 431.361
-115.5 33 421.18
-115 33 411.083
-114.5 33 401.061
-114 33 391.136
-113.5 33 381.307
-113 33 371.577
-112.5 33 361.973
-112 33 352.473
-111.5 33 343.107
-111 33 333.887
-110.5 33 324.825
-110 33 315.937
-109.5 33 307.24
-109 33 298.754
-108.5 33 290.5
-108 33 282.493
-107.5 33 274.75
-107 33 267.288
-106.5 33 260.131
-106 33 253.308
-105.5 33 246.855
-105 33 240.814
-104.5 33 235.22
-104 33 230.111
-103.5 33 225.506
-103 33 221.44
-102.5 33 217.941
-102 33 215.035
-101.5 33 212.699
-101 33 211.046
-100.5 33 210.048
-100 33 209.713
-99.5 33 210.048
-99 33 211.046
-98.5 33 212.699
-98 33 215.035
-97.5 33 217.941
-97 33 221.44
-96.5 33 225.506
-96 33 230.111
-95.5 33 235.22
-95 33 240.814
-94.5 33 246.855
-94 33 253.308
-93.5 33 260.131
-93 33 267.288
-92.5 33 274.75
-92 33 282.493
-91.5 33 290.5
-91 33 298.755
-90.5 33 307.24
-90 33 315.937
-89.5 33 324.825
-89 33 333.887
-88.5 33 343.107
-88 33 352.473
-87.5 33 361.973
-87 33 371.577
-86.5 33 381.307
-86 33 391.136
-85.5 33 401.061
-85 33 411.083
-84.5 33 421.18
-84 33 431.361
-83.5 33 441.615
-83 33 451.934
-82.5 33 462.317
-82 33 472.694
-81.5 33 483.344
-81 33 493.452
-119 33.5 486.329
-118.5 33.5 476.108
-118 33.5 465.371
-117.5 33.5 454.884
-117 33.5 444.386
-116.5 33.5 433.944
-116 33.5 423.574
-115.5 33.5 413.261
-115 33.5 403.026
-114.5 33.5 392.858
-114 33.5 382.782
-113.5 33.5 372.79
-113 33.5 362.896
-112.5 33.5 353.097
-112 33.5 343.405
-111.5 33.5 333.841
-111 33.5 324.41
-110.5 33.5 315.128
-110 33.5 306.013
-109.5 33.5 297.082
-109 33.5 288.353
-108.5 33.5 279.841
-108 33.5 271.558
-107.5 33.5 263.519
-107 33.5 255.749
-106.5 33.5 248.281
-106 33.5 241.159
-105.5 33.5 234.423
-105 33.5 228.114
-104.5 33.5 222.253
-104 33.5 216.875
-103.5 33.5 211.967
-103 33.5 207.647
-102.5 33.5 203.917
-102 33.5 200.809
-101.5 33.5 198.358
-101 33.5 196.584
-100.5 33.5 195.511
-100 33.5 195.153
-99.5 33.5 195.511
-99 33.5 196.584
-98.5 33.5 198.358
-98 33.5 200.809
-97.5 33.5 203.917
-97 33.5 207.647
-96.5 33.5 211.967
-96 33.5 216.875
-95.5 33.5 222.253
-95 33.5 228.114
-94.5 33.5 234.423
-94 33.5 241.159
-93.5 33.5 248.281
-93 33.5 255.749
-92.5 33.5 263.519
-92 33.5 271.558
-91.5 33.5 279.841
-91 33.5 288.353
-90.5 33.5 297.082
-90 33.5 306.013
-89.5 33.5 315.128
-89 33.5 324.41
-88.5 33.5 333.841
-88 33.5 343.405
-87.5 33.5 353.097
-87 33.5 362.896
-86.5 33.5 372.79
-86 33.5 382.782
-85.5 33.5 392.858
-85 33.5 403.026
-84.5 33.5 413.261
-84 33.5 423.573
-83.5 33.5 433.944
-83 33.5 444.386
-82.5 33.5 454.883
-82 33.5 465.371
-81.5 33.5 476.108
-81 33.5 486.329
-119 34 479.531
-118.5 34 469.195
-118 34 458.386
-117.5 34 447.786
-117 34 437.192
-116.5 34 426.643
-116 34 416.144
-115.5 34 405.708
-115 34 395.34
-114.5 34 385.035
-114 34 374.816
-113.5 34 364.662
-113 34 354.588
-112.5 34 344.607
-112 34 334.728
-111.5 34 324.964
-111 34 315.324
-110.5 34 305.824
-110 34 296.482
-109.5 34 287.314
-109 34 278.331
-108.5 34 269.541
-108 34 260.958
-107.5 34 252.605
-107 34 244.52
-106.5 34 236.753
-106 34 229.343
-105.5 34 222.312
-105 34 215.694
-104.5 34 209.468
-104 34 203.765
-103.5 34 198.581
-103 34 193.972
-102.5 34 189.975
-102 34 186.644
-101.5 34 184.038
-101 34 182.126
-100.5 34 180.969
-100 34 180.582
-99.5 34 180.969
-99 34 182.126
-98.5 34 184.038
-98 34 186.644
-97.5 34 189.975
-97 34 193.972
-96.5 34 198.581
-96 34 203.765
-95.5 34 209.468
-95 34 215.694
-94.5 34 222.312
-94 34 229.343
-93.5 34 236.753
-93 34 244.52
-92.5 34 252.605
-92 34 260.958
-91.5 34 269.541
-91 34 278.331
-90.5 34 287.314
-90 34 296.482
-89.5 34 305.824
-89 34 315.324
-88.5 34 324.964
-88 34 334.728
-87.5 34 344.607
-87 34 354.588
-86.5 34 364.662
-86 34 374.816
-85.5 34 385.035
-85 34 395.34
-84.5 34 405.708
-84 34 416.144
-83.5 34 426.643
-83 34 437.192
-82.5 34 447.786
-82 34 458.386
-81.5 34 469.195
-81 34 479.532
-119 34.5 473.078
-118.5 34.5 462.636
-118 34.5 451.758
-117.5 34.5 441.058
-117 34.5 430.362
-116.5 34.5 419.705
-116 34.5 409.09
-115.5 34.5 398.543
-115 34.5 388.046
-114.5 34.5 377.609
-114 34.5 367.241
-113.5 34.5 356.928
-113 34.5 346.691
-112.5 34.5 336.534
-112 34.5 326.472
-111.5 34.5 316.512
-111 34.5 306.666
-110.5 34.5 296.952
-110 34.5 287.385
-109.5 34.5 277.972
-109 34.5 268.717
-108.5 34.5 259.632
-108 34.5 250.739
-107.5 34.5 242.078
-107 34.5 233.696
-106.5 34.5 225.633
-106 34.5 217.902
-105.5 34.5 210.485
-105 34.5 203.496
-104.5 34.5 196.943
-104 34.5 190.875
-103.5 34.5 185.375
-103 34.5 180.434
-102.5 34.5 176.139
-102 34.5 172.545
-101.5 34.5 169.694
-101 34.5 167.629
-100.5 34.5 166.382
-100 34.5 165.961
-99.5 34.5 166.382
-99 34.5 167.629
-98.5 34.5 169.694
-98 34.5 172.545
-97.5 34.5 176.139
-97 34.5 180.435
-96.5 34.5 185.375
-96 34.5 190.875
-95.5 34.5 196.943
-95 34.5 203.496
-94.5 34.5 210.485
-94 34.5 217.902
-93.5 34.5 225.633
-93 34.5 233.696
-92.5 34.5 242.078
-92 34.5 250.739
-91.5 34.5 259.632
-91 34.5 268.717
-90.5 34.5 277.972
-90 34.5 287.385
-89.5 34.5 296.952
-89 34.5 306.666
-88.5 34.5 316.512
-88 34.5 326.472
-87.5 34.5 336.534
-87 34.5 346.691
-86.5 34.5 356.928
-86 34.5 367.241
-85.5 34.5 377.609
-85 34.5 388.046
-84.5 34.5 398.543
-84 34.5 409.09
-83.5 34.5 419.705
-83 34.5 430.361
-82.5 34.5 441.058
-82 34.5 451.758
-81.5 34.5 462.635
-81 34.5 473.078
-119 35 466.985
-118.5 35 456.458
-118 35 445.494
-117.5 35 434.71
-117 35 423.92
-116.5 35 413.17
-116 35 402.451
-115.5 35 391.788
-115 35 381.168
-114.5 35 370.614
-114 35 360.094
-113.5 35 349.63
-113 35 339.237
-112.5 35 328.911
-112 35 318.671
-111.5 35 308.52
-111 35 298.477
-110.5 35 288.554
-110 35 278.758
-109.5 35 269.088
-109 35 259.552
-108.5 35 250.168
-108 35 240.978
-107.5 35 232.026
-107 35 223.349
-106.5 35 214.955
-106 35 206.81
-105.5 35 199.039
-105 35 191.655
-104.5 35 184.73
-104 35 178.254
-103.5 35 172.331
-103 35 167.03
-102.5 35 162.408
-102 35 158.552
-101.5 35 155.486
-101 35 153.24
-100.5 35 151.832
-100 35 151.371
-99.5 35 151.832
-99 35 153.24
-98.5 35 155.486
-98 35 158.552
-97.5 35 162.408
-97 35 167.03
-96.5 35 172.331
-96 35 178.254
-95.5 35 184.73
-95 35 191.655
-94.5 35 199.039
-94 35 206.81
-93.5 35 214.955
-93 35 223.349
-92.5 35 232.026
-92 35 240.978
-91.5 35 250.168
-91 35 259.552
-90.5 35 269.088
-90 35 278.758
-89.5 35 288.554
-89 35 298.477
-88.5 35 308.521
-88 35 318.671
-87.5 35 328.911
-87 35 339.237
-86.5 35 349.63
-86 35 360.094
-85.5 35 370.614
-85 35 381.168
-84.5 35 391.788
-84 35 402.451
-83.5 35 413.17
-83 35 423.92
-82.5 35 434.71
-82 35 445.494
-81.5 35 456.458
-81 35 466.985
-119 35.5 461.266
-118.5 35.5 450.646
-118 35.5 439.624
-117.5 35.5 428.757
-117 35.5 417.882
-116.5 35.5 407.04
-116 35.5 396.224
-115.5 35.5 385.463
-115 35.5 374.729
-114.5 35.5 364.052
-114 35.5 353.4
-113.5 35.5 342.797
-113 35.5 332.254
-112.5 35.5 321.77
-112 35.5 311.36
-111.5 35.5 301.03
-111 35.5 290.797
-110.5 35.5 280.667
-110 35.5 270.637
-109.5 35.5 260.706
-109 35.5 250.89
-108.5 35.5 241.225
-108 35.5 231.758
-107.5 35.5 222.522
-107 35.5 213.447
-106.5 35.5 204.698
-106 35.5 196.201
-105.5 35.5 188.017
-105 35.5 180.225
-104.5 35.5 172.826
-104 35.5 165.928
-103.5 35.5 159.614
-103 35.5 153.931
-102.5 35.5 148.887
-102 35.5 144.679
-101.5 35.5 141.293
-101 35.5 138.822
-100.5 35.5 137.325
-100 35.5 136.819
-99.5 35.5 137.325
-99 35.5 138.822
-98.5 35.5 141.293
-98 35.5 144.679
-97.5 35.5 148.887
-97 35.5 153.931
-96.5 35.5 159.614
-96 35.5 165.928
-95.5 35.5 172.826
-95 35.5 180.225
-94.5 35.5 188.017
-94 35.5 196.201
-93.5 35.5 204.698
-93 35.5 213.447
-92.5 35.5 222.522
-92 35.5 231.758
-91.5 35.5 241.225
-91 35.5 250.89
-90.5 35.5 260.706
-90 35.5 270.637
-89.5 35.5 280.667
-89 35.5 290.797
-88.5 35.5 301.031
-88 35.5 311.36
-87.5 35.5 321.77
-87 35.5 332.254
-86.5 35.5 342.797
-86 35.5 353.4
-85.5 35.5 364.052
-85 35.5 374.729
-84.5 35.5 385.463
-84 35.5 396.223
-83.5 35.5 407.04
-83 35.5 417.881
-82.5 35.5 428.756
-82 35.5 439.624
-81.5 35.5 450.646
-81 35.5 461.266
-119 36 455.93
-118.5 36 445.229
-118 36 434.158
-117.5 36 423.213
-117 36 412.266
-116.5 36 401.346
-116 36 390.445
-115.5 36 379.59
-115 36 368.751
-114.5 36 357.961
-114 36 347.188
-113.5 36 336.459
-113 36 325.776
-112.5 36 315.144
-112 36 304.576
-111.5 36 294.08
-111 36 283.666
-110.5 36 273.33
-110 36 263.066
-109.5 36 252.881
-109 36 242.804
-108.5 36 232.885
-108 36 223.154
-107.5 36 213.538
-107 36 204.191
-106.5 36 195.033
-106 36 186.151
-105.5 36 177.526
-105 36 169.252
-104.5 36 161.412
-104 36 154.086
-103.5 36 147.235
-103 36 141.064
-102.5 36 135.604
-102 36 130.953
-101.5 36 127.215
-101 36 124.475
-100.5 36 122.802
-100 36 122.24
-99.5 36 122.802
-99 36 124.475
-98.5 36 127.215
-98 36 130.953
-97.5 36 135.604
-97 36 141.064
-96.5 36 147.235
-96 36 154.086
-95.5 36 161.412
-95 36 169.252
-94.5 36 177.526
-94 36 186.151
-93.5 36 195.033
-93 36 204.191
-92.5 36 213.538
-92 36 223.154
-91.5 36 232.884
-91 36 242.804
-90.5 36 252.881
-90 36 263.066
-89.5 36 273.33
-89 36 283.666
-88.5 36 294.08
-88 36 304.576
-87.5 36 315.144
-87 36 325.776
-86.5 36 336.459
-86 36 347.188
-85.5 36 357.961
-85 36 368.751
-84.5 36 379.59
-84 36 390.445
-83.5 36 401.346
-83 36 412.266
-82.5 36 423.213
-82 36 434.158
-81.5 36 445.229
-81 36 455.93
-119 36.5 450.995
-118.5 36.5 440.228
-118 36.5 429.112
-117.5 36.5 418.104
-117 36.5 407.092
-116.5 36.5 396.103
-116 36.5 385.128
-115.5 36.5 374.189
-115 36.5 363.268
-114.5 36.5 352.366
-114 36.5 341.486
-113.5 36.5 330.643
-113 36.5 319.833
-112.5 36.5 309.069
-112 36.5 298.358
-111.5 36.5 287.709
-111 36.5 277.121
-110.5 36.5 266.585
-110 36.5 256.098
-109.5 36.5 245.678
-109 36.5 235.373
-108.5 36.5 225.219
-108 36.5 215.21
-107.5 36.5 205.286
-107 36.5 195.557
-106.5 36.5 186.039
-106 36.5 176.701
-105.5 36.5 167.636
-105 36.5 158.936
-104.5 36.5 150.579
-104 36.5 142.707
-103.5 36.5 135.345
-103 36.5 128.605
-102.5 36.5 122.607
-102 36.5 117.479
-101.5 36.5 113.342
-98.5 36.5 113.342
-98 36.5 117.479
-97.5 36.5 122.607
-97 36.5 128.605
-96.5 36.5 135.345
-96 36.5 142.707
-95.5 36.5 150.579
-95 36.5 158.936
-94.5 36.5 167.636
-94 36.5 176.701
-93.5 36.5 186.039
-93 36.5 195.557
-92.5 36.5 205.286
-92 36.5 215.21
-91.5 36.5 225.218
-91 36.5 235.374
-90.5 36.5 245.678
-90 36.5 256.098
-89.5 36.5 266.585
-89 36.5 277.121
-88.5 36.5 287.709
-88 36.5 298.358
-87.5 36.5 309.069
-87 36.5 319.833
-86.5 36.5 330.643
-86 36.5 341.486
-85.5 36.5 352.366
-85 36.5 363.268
-84.5 36.5 374.189
-84 36.5 385.128
-83.5 36.5 396.103
-83 36.5 407.092
-82.5 36.5 418.104
-82 36.5 429.112
-81.5 36.5 440.228
-81 36.5 450.995
-119 37 446.476
-118.5 37 435.654
-118 37 424.5
-117.5 37 413.444
-117 37 402.377
-116.5 37 391.33
-116 37 380.293
-115.5 37 369.292
-115 37 358.281
-114.5 37 347.293
-114 37 336.32
-113.5 37 325.377
-113 37 314.458
-112.5 37 303.578
-112 37 292.741
-111.5 37 281.953
-111 37 271.203
-110.5 37 260.48
-110 37 249.791
-109.5 37 239.172
-109 37 228.666
-108.5 37 218.276
-108 37 207.941
-107.5 37 197.741
-107 37 187.658
-106.5 37 177.756
-106 37 168.012
-105.5 37 158.546
-105 37 149.323
-104.5 37 140.469
-104 37 132.005
-103.5 37 124.036
-103 37 116.699
-97 37 116.699
-96.5 37 124.036
-96 37 132.005
-95.5 37 140.469
-95 37 149.323
-94.5 37 158.546
-94 37 168.012
-93.5 37 177.756
-93 37 187.658
-92.5 37 197.741
-92 37 207.941
-91.5 37 218.276
-91 37 228.666
-90.5 37 239.172
-90 37 249.791
-89.5 37 260.48
-89 37 271.203
-88.5 37 281.953
-88 37 292.741
-87.5 37 303.578
-87 37 314.458
-86.5 37 325.377
-86 37 336.32
-85.5 37 347.293
-85 37 358.281
-84.5 37 369.292
-84 37 380.293
-83.5 37 391.33
-83 37 402.377
-82.5 37 413.444
-82 37 424.5
-81.5 37 435.654
-81 37 446.476
-119 37.5 442.383
-118.5 37.5 431.521
-118 37.5 420.338
-117.5 37.5 409.244
-117 37.5 398.137
-116.5 37.5 387.045
-116 37.5 375.957
-115.5 37.5 364.897
-115 37.5 353.824
-114.5 37.5 342.765
-114 37.5 331.717
-113.5 37.5 320.691
-113 37.5 309.681
-112.5 37.5 298.704
-112 37.5 287.76
-111.5 37.5 276.848
-111 37.5 265.953
-110.5 37.5 255.067
-110 37.5 244.206
-109.5 37.5 233.419
-109 37.5 222.731
-108.5 37.5 212.077
-108 37.5 201.514
-107.5 37.5 191.024
-107 37.5 180.647
-106.5 37.5 170.349
-106 37.5 160.256
-105.5 37.5 150.313
-105 37.5 140.635
-104.5 37.5 131.218
-104 37.5 122.154
-103.5 37.5 113.578
-96.5 37.5 113.578
-96 37.5 122.154
-95.5 37.5 131.218
-95 37.5 140.635
-94.5 37.5 150.313
-94 37.5 160.256
-93.5 37.5 170.349
-93 37.5 180.647
-92.5 37.5 191.024
-92 37.5 201.514
-91.5 37.5 212.077
-91 37.5 222.731
-90.5 37.5 233.419
-90 37.5 244.206
-89.5 37.5 255.067
-89 37.5 265.953
-88.5 37.5 276.849
-88 37.5 287.76
-87.5 37.5 298.704
-87 37.5 309.681
-86.5 37.5 320.691
-86 37.5 331.717
-85.5 37.5 342.765
-85 37.5 353.824
-84.5 37.5 364.897
-84 37.5 375.957
-83.5 37.5 387.045
-83 37.5 398.137
-82.5 37.5 409.244
-82 37.5 420.338
-81.5 37.5 431.521
-81 37.5 442.383
-119 38 438.729
-118.5 38 427.851
-118 38 416.64
-117.5 38 405.522
-117 38 394.388
-116.5 38 383.264
-116 38 372.14
-115.5 38 361.036
-115 38 349.917
-114.5 38 338.805
-114 38 327.7
-113.5 38 316.609
-113 38 305.53
-112.5 38 294.477
-112 38 283.447
-111.5 38 272.432
-111 38 261.415
-110.5 38 250.395
-110 38 239.403
-109.5 38 228.483
-109 38 217.631
-108.5 38 206.772
-108 38 195.98
-107.5 38 185.263
-107 38 174.557
-106.5 38 163.957
-106 38 153.533
-105.5 38 143.18
-105 38 133.009
-104.5 38 123.057
-104 38 113.432
-96 38 113.432
-95.5 38 123.057
-95 38 133.009
-94.5 38 143.18
-94 38 153.533
-93.5 38 163.959
-93 38 174.557
-92.5 38 185.262
-92 38 195.98
-91.5 38 206.772
-91 38 217.631
-90.5 38 228.483
-90 38 239.403
-89.5 38 250.395
-89 38 261.415
-88.5 38 272.433
-88 38 283.447
-87.5 38 294.477
-87 38 305.53
-86.5 38 316.609
-86 38 327.7
-85.5 38 338.805
-85 38 349.917
-84.5 38 361.036
-84 38 372.14
-83.5 38 383.264
-83 38 394.388
-82.5 38 405.522
-82 38 416.64
-81.5 38 427.851
-81 38 438.729
-119 38.5 435.531
-118.5 38.5 424.634
-118 38.5 413.418
-117.5 38.5 402.289
-117 38.5 391.143
-116.5 38.5 380.004
-116 38.5 368.86
-115.5 38.5 357.727
-115 38.5 346.579
-114.5 38.5 335.434
-114 38.5 324.291
-113.5 38.5 313.158
-113 38.5 302.031
-112.5 38.5 290.926
-112 38.5 279.833
-111.5 38.5 268.74
-111 38.5 257.631
-110.5 38.5 246.512
-110 38.5 235.425
-109.5 38.5 224.401
-109 38.5 213.421
-108.5 38.5 202.393
-108 38.5 191.417
-107.5 38.5 180.483
-107 38.5 169.549
-106.5 38.5 158.722
-106 38.5 147.928
-105.5 38.5 137.252
-105 38.5 126.661
-104.5 38.5 116.249
-95.5 38.5 116.249
-95 38.5 126.661
-94.5 38.5 137.253
-94 38.5 147.928
-93.5 38.5 158.722
-93 38.5 169.549
-92.5 38.5 180.483
-92 38.5 191.417
-91.5 38.5 202.393
-91 38.5 213.421
-90.5 38.5 224.401
-90 38.5 235.425
-89.5 38.5 246.512
-89 38.5 257.631
-88.5 38.5 268.74
-88 38.5 279.833
-87.5 38.5 290.926
-87 38.5 302.031
-86.5 38.5 313.158
-86 38.5 324.291
-85.5 38.5 335.434
-85 38.5 346.579
-84.5 38.5 357.727
-84 38.5 368.86
-83.5 38.5 380.004
-83 38.5 391.143
-82.5 38.5 402.289
-82 38.5 413.418
-81.5 38.5 424.634
-81 38.5 435.531
-119 39 432.787
-118.5 39 421.894
-118 39 410.697
-117.5 39 399.556
-117 39 388.415
-116.5 39 377.275
-116 39 366.127
-115.5 39 354.985
-115 39 343.828
-114.5 39 332.669
-114 39 321.511
-113.5 39 310.357
-113 39 299.207
-112.5 39 288.075
-112 39 276.945
-111.5 39 265.803
-111 39 254.636
-110.5 39 243.459
-110 39 232.315
-109.5 39 221.224
-109 39 210.104
-108.5 39 199.008
-108 39 187.902
-107.5 39 176.816
-107 39 165.721
-106.5 39 154.724
-106 39 143.695
-105.5 39 132.723
-105 39 121.81
-95 39 121.81
-94.5 39 132.723
-94 39 143.696
-93.5 39 154.724
-93 39 165.721
-92.5 39 176.816
-92 39 187.902
-91.5 39 199.008
-91 39 210.104
-90.5 39 221.223
-90 39 232.315
-89.5 39 243.459
-89 39 254.636
-88.5 39 265.804
-88 39 276.945
-87.5 39 288.075
-87 39 299.207
-86.5 39 310.357
-86 39 321.511
-85.5 39 332.669
-85 39 343.828
-84.5 39 354.985
-84 39 366.127
-83.5 39 377.275
-83 39 388.415
-82.5 39 399.556
-82 39 410.697
-81.5 39 421.894
-81 39 432.787
-119 39.5 430.512
-118.5 39.5 419.639
-118 39.5 408.461
-117.5 39.5 397.339
-117 39.5 386.201
-116.5 39.5 375.089
-116 39.5 363.955
-115.5 39.5 352.825
-115 39.5 341.678
-114.5 39.5 330.526
-114 39.5 319.375
-113.5 39.5 308.225
-113 39.5 297.078
-112.5 39.5 285.944
-112 39.5 274.807
-111.5 39.5 263.65
-111 39.5 252.463
-110.5 39.5 241.268
-110 39.5 230.112
-109.5 39.5 218.988
-109 39.5 207.823
-108.5 39.5 196.672
-108 39.5 185.532
-107.5 39.5 174.333
-107 39.5 163.154
-106.5 39.5 152.005
-106 39.5 140.884
-105.5 39.5 129.749
-105 39.5 118.648
-95 39.5 118.648
-94.5 39.5 129.749
-94 39.5 140.884
-93.5 39.5 152.005
-93 39.5 163.154
-92.5 39.5 174.333
-92 39.5 185.532
-91.5 39.5 196.672
-91 39.5 207.823
-90.5 39.5 218.988
-90 39.5 230.112
-89.5 39.5 241.268
-89 39.5 252.463
-88.5 39.5 263.65
-88 39.5 274.807
-87.5 39.5 285.944
-87 39.5 297.078
-86.5 39.5 308.225
-86 39.5 319.375
-85.5 39.5 330.526
-85 39.5 341.678
-84.5 39.5 352.825
-84 39.5 363.955
-83.5 39.5 375.09
-83 39.5 386.201
-82.5 39.5 397.339
-82 39.5 408.461
-81.5 39.5 419.639
-81 39.5 430.512
-119 40 428.713
-118.5 40 417.877
-118 40 406.731
-117.5 40 395.646
-117 40 384.539
-116.5 40 373.458
-116 40 362.357
-115.5 40 351.258
-115 40 340.14
-114.5 40 329.018
-114 40 317.897
-113.5 40 306.776
-113 40 295.658
-112.5 40 284.551
-112 40 273.438
-111.5 40 262.301
-111 40 251.133
-110.5 40 239.961
-110 40 228.828
-109.5 40 217.723
-109 40 206.565
-108.5 40 195.422
-108 40 184.283
-107.5 40 173.09
-107 40 161.909
-106.5 40 150.751
-106 40 139.607
-105.5 40 128.443
-105 40 117.307
-95 40 117.307
-94.5 40 128.443
-94 40 139.607
-93.5 40 150.751
-93 40 161.909
-92.5 40 173.09
-92 40 184.283
-91.5 40 195.422
-91 40 206.566
-90.5 40 217.723
-90 40 228.827
-89.5 40 239.961
-89 40 251.133
-88.5 40 262.301
-88 40 273.438
-87.5 40 284.551
-87 40 295.658
-86.5 40 306.776
-86 40 317.897
-85.5 40 329.018
-85 40 340.14
-84.5 40 351.258
-84 40 362.357
-83.5 40 373.459
-83 40 384.539
-82.5 40 395.646
-82 40 406.731
-81.5 40 417.877
-81 40 428.713
-119 40.5 427.398
-118.5 40.5 416.614
-118 40.5 405.513
-117.5 40.5 394.481
-117 40.5 383.422
-116.5 40.5 372.39
-116 40.5 361.338
-115.5 40.5 350.288
-115 40.5 339.225
-114.5 40.5 328.154
-114 40.5 317.086
-113.5 40.5 306.019
-113 40.5 294.958
-112.5 40.5 283.907
-112 40.5 272.85
-111.5 40.5 261.77
-111 40.5 250.661
-110.5 40.5 239.552
-110 40.5 228.484
-109.5 40.5 217.446
-109 40.5 206.357
-108.5 40.5 195.287
-108 40.5 184.221
-107.5 40.5 173.11
-107 40.5 162.016
-106.5 40.5 150.952
-106 40.5 139.908
-105.5 40.5 128.857
-105 40.5 117.845
-95 40.5 117.845
-94.5 40.5 128.857
-94 40.5 139.908
-93.5 40.5 150.952
-93 40.5 162.016
-92.5 40.5 173.11
-92 40.5 184.221
-91.5 40.5 195.287
-91 40.5 206.357
-90.5 40.5 217.446
-90 40.5 228.484
-89.5 40.5 239.552
-89 40.5 250.661
-88.5 40.5 261.77
-88 40.5 272.85
-87.5 40.5 283.907
-87 40.5 294.958
-86.5 40.5 306.019
-86 40.5 317.086
-85.5 40.5 328.154
-85 40.5 339.225
-84.5 40.5 350.287
-84 40.5 361.338
-83.5 40.5 372.39
-83 40.5 383.422
-82.5 40.5 394.481
-82 40.5 405.513
-81.5 40.5 416.613
-81 40.5 427.398
-119 41 426.57
-118.5 41 415.855
-118 41 404.811
-117.5 41 393.847
-117 41 382.855
-116.5 41 371.887
-116 41 360.904
-115.5 41 349.925
-115 41 338.935
-114.5 41 327.94
-114 41 316.947
-113.5 41 305.96
-113 41 294.981
-112.5 41 284.015
-112 41 273.048
-111.5 41 262.062
-111 41 251.052
-110.5 41 240.045
-110 41 229.084
-109.5 41 218.16
-109 41 207.198
-108.5 41 196.261
-108 41 185.348
-107.5 41 174.394
-107 41 163.472
-106.5 41 152.592
-106 41 141.778
-105.5 41 130.976
-105 41 120.239
-95 41 120.239
-94.5 41 130.976
-94 41 141.778
-93.5 41 152.592
-93 41 163.472
-92.5 41 174.394
-92 41 185.348
-91.5 41 196.261
-91 41 207.198
-90.5 41 218.16
-90 41 229.084
-89.5 41 240.045
-89 41 251.052
-88.5 41 262.062
-88 41 273.048
-87.5 41 284.015
-87 41 294.981
-86.5 41 305.96
-86 41 316.947
-85.5 41 327.94
-85 41 338.935
-84.5 41 349.925
-84 41 360.904
-83.5 41 371.887
-83 41 382.855
-82.5 41 393.847
-82 41 404.811
-81.5 41 415.855
-81 41 426.57
-119 41.5 426.236
-118.5 41.5 415.605
-118 41.5 404.629
-117.5 41.5 393.752
-117 41.5 382.838
-116.5 41.5 371.969
-116 41.5 361.071
-115.5 41.5 350.173
-115 41.5 339.272
-114.5 41.5 328.377
-114 41.5 317.482
-113.5 41.5 306.599
-113 41.5 295.727
-112.5 41.5 284.877
-112 41.5 274.03
-111.5 41.5 263.174
-111 41.5 252.301
-110.5 41.5 241.435
-110 41.5 230.621
-109.5 41.5 219.856
-109 41.5 209.075
-108.5 41.5 198.333
-108 41.5 187.603
-107.5 41.5 176.91
-107 41.5 166.239
-106.5 41.5 155.692
-106 41.5 145.155
-105.5 41.5 134.714
-105 41.5 124.385
-104.5 41.5 114.254
-95.5 41.5 114.254
-95 41.5 124.385
-94.5 41.5 134.714
-94 41.5 145.155
-93.5 41.5 155.692
-93 41.5 166.239
-92.5 41.5 176.91
-92 41.5 187.603
-91.5 41.5 198.333
-91 41.5 209.075
-90.5 41.5 219.856
-90 41.5 230.621
-89.5 41.5 241.435
-89 41.5 252.301
-88.5 41.5 263.174
-88 41.5 274.03
-87.5 41.5 284.877
-87 41.5 295.727
-86.5 41.5 306.599
-86 41.5 317.482
-85.5 41.5 328.377
-85 41.5 339.272
-84.5 41.5 350.173
-84 41.5 361.071
-83.5 41.5 371.97
-83 41.5 382.838
-82.5 41.5 393.752
-82 41.5 404.628
-81.5 41.5 415.605
-81 41.5 426.236
-119 42 426.393
-118.5 42 415.864
-118 42 404.968
-117.5 42 394.191
-117 42 383.377
-116.5 42 372.6
-116 42 361.815
-115.5 42 351.025
-115 42 340.234
-114.5 42 329.459
-114 42 318.689
-113.5 42 307.935
-113 42 297.194
-112.5 42 286.483
-112 42 275.788
-111.5 42 265.095
-111 42 254.396
-110.5 42 243.707
-110 42 233.072
-109.5 42 222.512
-109 42 211.958
-108.5 42 201.467
-108 42 191.005
-107.5 42 180.617
-107 42 170.262
-106.5 42 160.039
-106 42 149.899
-105.5 42 139.931
-105 42 130.117
-104.5 42 120.526
-95.5 42 120.526
-95 42 130.117
-94.5 42 139.931
-94 42 149.899
-93.5 42 160.04
-93 42 170.262
-92.5 42 180.617
-92 42 191.005
-91.5 42 201.467
-91 42 211.958
-90.5 42 222.512
-90 42 233.071
-89.5 42 243.707
-89 42 254.396
-88.5 42 265.095
-88 42 275.788
-87.5 42 286.483
-87 42 297.194
-86.5 42 307.935
-86 42 318.689
-85.5 42 329.459
-85 42 340.234
-84.5 42 351.025
-84 42 361.815
-83.5 42 372.6
-83 42 383.377
-82.5 42 394.19
-82 42 404.968
-81.5 42 415.864
-81 42 426.393
-119 42.5 427.04
-118.5 42.5 416.627
-118 42.5 405.826
-117.5 42.5 395.155
-117 42.5 384.461
-116.5 42.5 373.807
-116 42.5 363.141
-115.5 42.5 352.475
-115 42.5 341.819
-114.5 42.5 331.182
-114 42.5 320.555
-113.5 42.5 309.954
-113 42.5 299.37
-112.5 42.5 288.824
-112 42.5 278.303
-111.5 42.5 267.804
-111 42.5 257.314
-110.5 42.5 246.839
-110 42.5 236.421
-109.5 42.5 226.093
-109 42.5 215.846
-108.5 42.5 205.606
-108 42.5 195.464
-107.5 42.5 185.424
-107 42.5 175.443
-106.5 42.5 165.6
-106 42.5 155.976
-105.5 42.5 146.46
-105 42.5 137.225
-104.5 42.5 128.25
-104 42.5 119.64
-96 42.5 119.64
-95.5 42.5 128.25
-95 42.5 137.225
-94.5 42.5 146.46
-94 42.5 155.976
-93.5 42.5 165.6
-93 42.5 175.443
-92.5 42.5 185.424
-92 42.5 195.464
-91.5 42.5 205.606
-91 42.5 215.846
-90.5 42.5 226.093
-90 42.5 236.421
-89.5 42.5 246.839
-89 42.5 257.314
-88.5 42.5 267.805
-88 42.5 278.303
-87.5 42.5 288.824
-87 42.5 299.37
-86.5 42.5 309.954
-86 42.5 320.555
-85.5 42.5 331.182
-85 42.5 341.819
-84.5 42.5 352.475
-84 42.5 363.141
-83.5 42.5 373.807
-83 42.5 384.461
-82.5 42.5 395.155
-82 42.5 405.826
-81.5 42.5 416.627
-81 42.5 427.041
-119 43 428.184
-118.5 43 417.883
-118 43 407.201
-117.5 43 396.661
-117 43 386.081
-116.5 43 375.564
-116 43 365.038
-115.5 43 354.525
-115 43 344.016
-114.5 43 333.538
-114 43 323.071
-113.5 43 312.641
-113 43 302.239
-112.5 43 291.881
-112 43 281.563
-111.5 43 271.278
-111 43 261.024
-110.5 43 250.797
-110 43 240.628
-109.5 43 230.561
-109 43 220.598
-108.5 43 210.689
-108 43 200.903
-107.5 43 191.221
-107 43 181.691
-106.5 43 172.277
-106 43 163.081
-105.5 43 154.178
-105 43 145.495
-104.5 43 137.154
-104 43 129.213
-103.5 43 121.768
-103 43 114.944
-97 43 114.944
-96.5 43 121.768
-96 43 129.213
-95.5 43 137.154
-95 43 145.495
-94.5 43 154.178
-94 43 163.081
-93.5 43 172.277
-93 43 181.691
-92.5 43 191.221
-92 43 200.903
-91.5 43 210.689
-91 43 220.598
-90.5 43 230.561
-90 43 240.628
-89.5 43 250.797
-89 43 261.024
-88.5 43 271.278
-88 43 281.563
-87.5 43 291.881
-87 43 302.239
-86.5 43 312.641
-86 43 323.071
-85.5 43 333.538
-85 43 344.016
-84.5 43 354.525
-84 43 365.038
-83.5 43 375.564
-83 43 386.081
-82.5 43 396.661
-82 43 407.201
-81.5 43 417.883
-81 43 428.184
-119 43.5 429.805
-118.5 43.5 419.646
-118 43.5 409.076
-117.5 43.5 398.693
-117 43.5 388.253
-116.5 43.5 377.878
-116 43.5 367.507
-115.5 43.5 357.146
-115 43.5 346.809
-114.5 43.5 336.51
-114 43.5 326.226
-113.5 43.5 315.983
-113 43.5 305.778
-112.5 43.5 295.628
-112 43.5 285.534
-111.5 43.5 275.491
-111 43.5 265.491
-110.5 43.5 255.538
-110 43.5 245.648
-109.5 43.5 235.861
-109 43.5 226.207
-108.5 43.5 216.686
-108 43.5 207.242
-107.5 43.5 197.965
-107 43.5 188.84
-106.5 43.5 179.939
-106 43.5 171.226
-105.5 43.5 162.795
-105 43.5 154.743
-104.5 43.5 146.982
-104 43.5 139.701
-103.5 43.5 132.923
-103 43.5 126.737
-102.5 43.5 121.255
-102 43.5 116.587
-98 43.5 116.587
-97.5 43.5 121.255
-97 43.5 126.737
-96.5 43.5 132.923
-96 43.5 139.701
-95.5 43.5 146.982
-95 43.5 154.743
-94.5 43.5 162.795
-94 43.5 171.226
-93.5 43.5 179.939
-93 43.5 188.84
-92.5 43.5 197.965
-92 43.5 207.242
-91.5 43.5 216.686
-91 43.5 226.207
-90.5 43.5 235.861
-90 43.5 245.648
-89.5 43.5 255.538
-89 43.5 265.491
-88.5 43.5 275.491
-88 43.5 285.534
-87.5 43.5 295.628
-87 43.5 305.778
-86.5 43.5 315.983
-86 43.5 326.226
-85.5 43.5 336.51
-85 43.5 346.809
-84.5 43.5 357.146
-84 43.5 367.507
-83.5 43.5 377.878
-83 43.5 388.253
-82.5 43.5 398.693
-82 43.5 409.076
-81.5 43.5 419.646
-81 43.5 429.805
-119 44 431.915
-118.5 44 421.904
-118 44 411.459
-117.5 44 401.228
-117 44 390.962
-116.5 44 380.741
-116 44 370.53
-115.5 44 360.345
-115 44 350.19
-114.5 44 340.079
-114 44 329.996
-113.5 44 319.961
-113 44 309.974
-112.5 44 300.041
-112 44 290.183
-111.5 44 280.398
-111 44 270.679
-110.5 44 261.02
-110 44 251.434
-109.5 44 241.952
-109 44 232.612
-108.5 44 223.441
-108 44 214.364
-107.5 44 205.536
-107 44 196.865
-106.5 44 188.404
-106 44 180.221
-105.5 44 172.296
-105 44 164.736
-104.5 44 157.601
-104 44 150.878
-103.5 44 144.721
-103 44 139.123
-102.5 44 134.208
-102 44 130.036
-101.5 44 126.693
-101 44 124.25
-100.5 44 122.761
-100 44 122.261
-99.5 44 122.761
-99 44 124.25
-98.5 44 126.693
-98 44 130.036
-97.5 44 134.208
-97 44 139.123
-96.5 44 144.721
-96 44 150.878
-95.5 44 157.601
-95 44 164.736
-94.5 44 172.296
-94 44 180.221
-93.5 44 188.404
-93 44 196.865
-92.5 44 205.536
-92 44 214.364
-91.5 44 223.441
-91 44 232.612
-90.5 44 241.952
-90 44 251.434
-89.5 44 261.02
-89 44 270.679
-88.5 44 280.398
-88 44 290.183
-87.5 44 300.041
-87 44 309.974
-86.5 44 319.961
-86 44 329.996
-85.5 44 340.079
-85 44 350.19
-84.5 44 360.345
-84 44 370.53
-83.5 44 380.741
-83 44 390.962
-82.5 44 401.228
-82 44 411.459
-81.5 44 421.904
-81 44 431.915
-119 44.5 434.495
-118.5 44.5 424.651
-118 44.5 414.345
-117.5 44.5 404.286
-117 44.5 394.16
-116.5 44.5 384.106
-116 44.5 374.086
-115.5 44.5 364.108
-115 44.5 354.152
-114.5 44.5 344.227
-114 44.5 334.355
-113.5 44.5 324.541
-113 44.5 314.791
-112.5 44.5 305.102
-112 44.5 295.49
-111.5 44.5 285.963
-111 44.5 276.53
-110.5 44.5 267.186
-110 44.5 257.93
-109.5 44.5 248.775
-109 44.5 239.763
-108.5 44.5 230.937
-108 44.5 222.304
-107.5 44.5 213.807
-107 44.5 205.608
-106.5 44.5 197.616
-106 44.5 189.896
-105.5 44.5 182.514
-105 44.5 175.45
-104.5 44.5 168.8
-104 44.5 162.626
-103.5 44.5 156.997
-103 44.5 151.895
-102.5 44.5 147.469
-102 44.5 143.747
-101.5 44.5 140.765
-101 44.5 138.595
-100.5 44.5 137.283
-100 44.5 136.84
-99.5 44.5 137.283
-99 44.5 138.595
-98.5 44.5 140.765
-98 44.5 143.747
-97.5 44.5 147.469
-97 44.5 151.895
-96.5 44.5 156.997
-96 44.5 162.626
-95.5 44.5 168.8
-95 44.5 175.45
-94.5 44.5 182.514
-94 44.5 189.896
-93.5 44.5 197.616
-93 44.5 205.608
-92.5 44.5 213.807
-92 44.5 222.304
-91.5 44.5 230.937
-91 44.5 239.763
-90.5 44.5 248.775
-90 44.5 257.93
-89.5 44.5 267.186
-89 44.5 276.53
-88.5 44.5 285.963
-88 44.5 295.49
-87.5 44.5 305.102
-87 44.5 314.791
-86.5 44.5 324.541
-86 44.5 334.355
-85.5 44.5 344.227
-85 44.5 354.152
-84.5 44.5 364.108
-84 44.5 374.086
-83.5 44.5 384.106
-83 44.5 394.16
-82.5 44.5 404.286
-82 44.5 414.345
-81.5 44.5 424.651
-81 44.5 434.495
-119 45 437.555
-118.5 45 427.875
-118 45 417.716
-117.5 45 407.824
-117 45 397.891
-116.5 45 388.019
-116 45 378.183
-115.5 45 368.383
-115 45 358.641
-114.5 45 348.941
-114 45 339.3
-113.5 45 329.712
-113 45 320.197
-112.5 45 310.758
-112 45 301.412
-111.5 45 292.163
-111 45 283.018
-110.5 45 273.984
-110 45 265.06
-109.5 45 256.261
-109 45 247.601
-108.5 45 239.115
-108 45 230.846
-107.5 45 222.808
-107 45 215.022
-106.5 45 207.442
-106 45 200.187
-105.5 45 193.257
-105 45 186.688
-104.5 45 180.553
-104 45 174.839
-103.5 45 169.634
-103 45 164.995
-102.5 45 160.969
-102 45 157.614
-101.5 45 154.956
-101 45 152.962
-100.5 45 151.787
-100 45 151.392
-99.5 45 151.786
-99 45 152.962
-98.5 45 154.956
-98 45 157.614
-97.5 45 160.969
-97 45 164.995
-96.5 45 169.634
-96 45 174.839
-95.5 45 180.553
-95 45 186.688
-94.5 45 193.257
-94 45 200.187
-93.5 45 207.442
-93 45 215.022
-92.5 45 222.808
-92 45 230.846
-91.5 45 239.115
-91 45 247.601
-90.5 45 256.261
-90 45 265.06
-89.5 45 273.984
-89 45 283.018
-88.5 45 292.163
-88 45 301.412
-87.5 45 310.758
-87 45 320.197
-86.5 45 329.712
-86 45 339.3
-85.5 45 348.941
-85 45 358.641
-84.5 45 368.383
-84 45 378.182
-83.5 45 388.019
-83 45 397.891
-82.5 45 407.824
-82 45 417.716
-81.5 45 427.875
-81 45 437.555
-119 45.5 441.065
-118.5 45.5 431.562
-118 45.5 421.562
-117.5 45.5 411.846
-117 45.5 402.108
-116.5 45.5 392.414
-116 45.5 382.782
-115.5 45.5 373.193
-115 45.5 363.668
-114.5 45.5 354.198
-114 45.5 344.785
-113.5 45.5 335.435
-113 45.5 326.171
-112.5 45.5 316.999
-112 45.5 307.919
-111.5 45.5 298.945
-111 45.5 290.095
-110.5 45.5 281.375
-110 45.5 272.787
-109.5 45.5 264.335
-109 45.5 256.036
-108.5 45.5 247.914
-108 45.5 240.003
-107.5 45.5 232.334
-107 45.5 224.937
-106.5 45.5 217.826
-106 45.5 210.975
-105.5 45.5 204.493
-105 45.5 198.376
-104.5 45.5 192.657
-104 45.5 187.388
-103.5 45.5 182.629
-103 45.5 178.367
-102.5 45.5 174.673
-102 45.5 171.596
-101.5 45.5 169.163
-101 45.5 167.402
-100.5 45.5 166.338
-100 45.5 165.982
-99.5 45.5 166.338
-99 45.5 167.402
-98.5 45.5 169.163
-98 45.5 171.596
-97.5 45.5 174.673
-97 45.5 178.367
-96.5 45.5 182.629
-96 45.5 187.388
-95.5 45.5 192.657
-95 45.5 198.376
-94.5 45.5 204.493
-94 45.5 210.975
-93.5 45.5 217.826
-93 45.5 224.937
-92.5 45.5 232.334
-92 45.5 240.003
-91.5 45.5 247.914
-91 45.5 256.036
-90.5 45.5 264.335
-90 45.5 272.787
-89.5 45.5 281.375
-89 45.5 290.095
-88.5 45.5 298.945
-88 45.5 307.919
-87.5 45.5 316.999
-87 45.5 326.171
-86.5 45.5 335.435
-86 45.5 344.785
-85.5 45.5 354.198
-85 45.5 363.668
-84.5 45.5 373.193
-84 45.5 382.782
-83.5 45.5 392.414
-83 45.5 402.108
-82.5 45.5 411.846
-82 45.5 421.562
-81.5 45.5 431.562
-81 45.5 441.065
-119 46 445.005
-118.5 46 435.683
-118 46 425.866
-117.5 46 416.342
-117 46 406.801
-116.5 46 397.315
-116 46 387.889
-115.5 46 378.519
-115 46 369.194
-114.5 46 359.946
-114 46 350.793
-113.5 46 341.697
-113 46 332.691
-112.5 46 323.783
-112 46 314.971
-111.5 46 306.277
-111 46 297.721
-110.5 46 289.31
-110 46 281.051
-109.5 46 272.951
-109 46 265.014
-108.5 46 257.255
-108 46 249.704
-107.5 46 242.393
-107 46 235.36
-106.5 46 228.632
-106 46 222.221
-105.5 46 216.155
-105 46 210.405
-104.5 46 205.094
-104 46 200.212
-103.5 46 195.797
-103 46 191.884
-102.5 46 188.503
-102 46 185.724
-101.5 46 183.5
-101 46 181.897
-100.5 46 180.927
-100 46 180.603
-99.5 46 180.927
-99 46 181.897
-98.5 46 183.5
-98 46 185.724
-97.5 46 188.503
-97 46 191.885
-96.5 46 195.797
-96 46 200.212
-95.5 46 205.094
-95 46 210.405
-94.5 46 216.155
-94 46 222.221
-93.5 46 228.632
-93 46 235.36
-92.5 46 242.393
-92 46 249.704
-91.5 46 257.255
-91 46 265.014
-90.5 46 272.951
-90 46 281.051
-89.5 46 289.31
-89 46 297.721
-88.5 46 306.277
-88 46 314.971
-87.5 46 323.783
-87 46 332.691
-86.5 46 341.697
-86 46 350.793
-85.5 46 359.946
-85 46 369.194
-84.5 46 378.519
-84 46 387.889
-83.5 46 397.315
-83 46 406.801
-82.5 46 416.342
-82 46 425.866
-81.5 46 435.683
-81 46 445.005
-119 46.5 449.412
-118.5 46.5 440.256
-118 46.5 430.621
-117.5 46.5 421.289
-117 46.5 411.941
-116.5 46.5 402.654
-116 46.5 393.448
-115.5 46.5 384.288
-115 46.5 375.198
-114.5 46.5 366.19
-114 46.5 357.284
-113.5 46.5 348.447
-113 46.5 339.696
-112.5 46.5 331.058
-112 46.5 322.534
-111.5 46.5 314.13
-111 46.5 305.873
-110.5 46.5 297.758
-110 46.5 289.803
-109.5 46.5 282.026
-109 46.5 274.442
-108.5 46.5 267.061
-108 46.5 259.89
-107.5 46.5 252.948
-107 46.5 246.26
-106.5 46.5 239.862
-106 46.5 233.792
-105.5 46.5 228.083
-105 46.5 222.744
-104.5 46.5 217.805
-104 46.5 213.217
-103.5 46.5 209.161
-103 46.5 205.552
-102.5 46.5 202.442
-102 46.5 199.859
-101.5 46.5 197.825
-101 46.5 196.358
-100.5 46.5 195.472
-100 46.5 195.177
-99.5 46.5 195.472
-99 46.5 196.358
-98.5 46.5 197.825
-98 46.5 199.859
-97.5 46.5 202.442
-97 46.5 205.552
-96.5 46.5 209.161
-96 46.5 213.217
-95.5 46.5 217.805
-95 46.5 222.744
-94.5 46.5 228.083
-94 46.5 233.792
-93.5 46.5 239.862
-93 46.5 246.26
-92.5 46.5 252.948
-92 46.5 259.89
-91.5 46.5 267.061
-91 46.5 274.443
-90.5 46.5 282.026
-90 46.5 289.803
-89.5 46.5 297.758
-89 46.5 305.873
-88.5 46.5 314.13
-88 46.5 322.534
-87.5 46.5 331.058
-87 46.5 339.696
-86.5 46.5 348.447
-86 46.5 357.284
-85.5 46.5 366.19
-85 46.5 375.198
-84.5 46.5 384.288
-84 46.5 393.448
-83.5 46.5 402.654
-83 46.5 411.941
-82.5 46.5 421.289
-82 46.5 430.621
-81.5 46.5 440.256
-81 46.5 449.412
-119 47 454.257
-118.5 47 445.262
-118 47 435.817
-117.5 47 426.696
-117 47 417.552
-116.5 47 408.47
-116 47 399.481
-115.5 47 390.531
-115 47 381.694
-114.5 47 372.92
-114 47 364.236
-113.5 47 355.644
-113 47 347.179
-112.5 47 338.812
-112 47 330.573
-111.5 47 322.454
-111 47 314.478
-110.5 47 306.663
-110 47 299.017
-109.5 47 291.565
-109 47 284.315
-108.5 47 277.271
-108 47 270.445
-107.5 47 263.854
-107 47 257.524
-106.5 47 251.481
-106 47 245.752
-105.5 47 240.365
-105 47 235.34
-104.5 47 230.706
-104 47 226.473
-103.5 47 222.672
-103 47 219.322
-102.5 47 216.452
-102 47 214.008
-101.5 47 212.16
-101 47 210.812
-100.5 47 209.998
-100 47 209.727
-99.5 47 209.998
-99 47 210.812
-98.5 47 212.16
-98 47 214.008
-97.5 47 216.452
-97 47 219.322
-96.5 47 222.672
-96 47 226.473
-95.5 47 230.706
-95 47 235.34
-94.5 47 240.365
-94 47 245.752
-93.5 47 251.481
-93 47 257.524
-92.5 47 263.854
-92 47 270.445
-91.5 47 277.271
-91 47 284.315
-90.5 47 291.565
-90 47 299.017
-89.5 47 306.663
-89 47 314.478
-88.5 47 322.454
-88 47 330.573
-87.5 47 338.812
-87 47 347.179
-86.5 47 355.644
-86 47 364.236
-85.5 47 372.92
-85 47 381.694
-84.5 47 390.531
-84 47 399.481
-83.5 47 408.47
-83 47 417.552
-82.5 47 426.696
-82 47 435.817
-81.5 47 445.263
-81 47 454.257
-119 47.5 459.369
-118.5 47.5 450.556
-118 47.5 441.336
-117.5 47.5 432.426
-117 47.5 423.503
-116.5 47.5 414.661
-116 47.5 405.895
-115.5 47.5 397.206
-115 47.5 388.616
-114.5 47.5 380.091
-114 47.5 371.653
-113.5 47.5 363.322
-113 47.5 355.107
-112.5 47.5 346.997
-112 47.5 339.038
-111.5 47.5 331.206
-111 47.5 323.522
-110.5 47.5 316.009
-110 47.5 308.67
-109.5 47.5 301.52
-109 47.5 294.573
-108.5 47.5 287.842
-108 47.5 281.344
-107.5 47.5 275.095
-107 47.5 269.112
-106.5 47.5 263.39
-106 47.5 258.005
-105.5 47.5 252.93
-105 47.5 248.189
-104.5 47.5 243.817
-104 47.5 239.839
-103.5 47.5 236.275
-103 47.5 233.151
-102.5 47.5 230.472
-102 47.5 228.259
-101.5 47.5 226.526
-101 47.5 225.279
-100.5 47.5 224.528
-100 47.5 224.278
-99.5 47.5 224.528
-99 47.5 225.279
-98.5 47.5 226.526
-98 47.5 228.259
-97.5 47.5 230.472
-97 47.5 233.151
-96.5 47.5 236.275
-96 47.5 239.839
-95.5 47.5 243.817
-95 47.5 248.189
-94.5 47.5 252.93
-94 47.5 258.005
-93.5 47.5 263.39
-93 47.5 269.112
-92.5 47.5 275.095
-92 47.5 281.344
-91.5 47.5 287.842
-91 47.5 294.573
-90.5 47.5 301.52
-90 47.5 308.67
-89.5 47.5 316.009
-89 47.5 323.522
-88.5 47.5 331.207
-88 47.5 339.038
-87.5 47.5 346.997
-87 47.5 355.107
-86.5 47.5 363.322
-86 47.5 371.653
-85.5 47.5 380.091
-85 47.5 388.616
-84.5 47.5 397.206
-84 47.5 405.895
-83.5 47.5 414.661
-83 47.5 423.502
-82.5 47.5 432.426
-82 47.5 441.336
-81.5 47.5 450.556
-81 47.5 459.369
-119 48 465.342
-118.5 48 456.587
-118 48 447.616
-117.5 48 438.808
-117 48 430.083
-116.5 48 421.38
-116 48 412.78
-115.5 48 404.275
-115 48 395.868
-114.5 48 387.575
-114 48 379.389
-113.5 48 371.336
-113 48 363.411
-112.5 48 355.594
-112 48 347.905
-111.5 48 340.348
-111 48 332.948
-110.5 48 325.72
-110 48 318.673
-109.5 48 311.819
-109 48 305.172
-108.5 48 298.723
-108 48 292.56
-107.5 48 286.619
-107 48 280.945
-106.5 48 275.55
-106 48 270.461
-105.5 48 265.682
-105 48 261.236
-104.5 48 257.137
-104 48 253.409
-103.5 48 250.07
-103 48 247.132
-102.5 48 244.629
-102 48 242.56
-101.5 48 240.937
-101 48 239.771
-100.5 48 239.069
-100 48 238.835
-99.5 48 239.069
-99 48 239.771
-98.5 48 240.937
-98 48 242.56
-97.5 48 244.629
-97 48 247.132
-96.5 48 250.07
-96 48 253.409
-95.5 48 257.137
-95 48 261.236
-94.5 48 265.682
-94 48 270.461
-93.5 48 275.55
-93 48 280.945
-92.5 48 286.619
-92 48 292.56
-91.5 48 298.723
-91 48 305.172
-90.5 48 311.819
-90 48 318.673
-89.5 48 325.72
-89 48 332.948
-88.5 48 340.348
-88 48 347.905
-87.5 48 355.594
-87 48 363.411
-86.5 48 371.336
-86 48 379.389
-85.5 48 387.575
-85 48 395.868
-84.5 48 404.275
-84 48 412.78
-83.5 48 421.38
-83 48 430.083
-82.5 48 438.808
-82 48 447.616
-81.5 48 456.587
-81 48 465.342
-119 48.5 470.495
-118.5 48.5 462.057
-118 48.5 453.389
-117.5 48.5 444.962
-117 48.5 436.585
-116.5 48.5 428.263
-116 48.5 420.023
-115.5 48.5 411.852
-115 48.5 403.738
-114.5 48.5 395.7
-114 48.5 387.785
-113.5 48.5 379.948
-113 48.5 372.233
-112.5 48.5 364.65
-112 48.5 357.233
-111.5 48.5 349.944
-111 48.5 342.822
-110.5 48.5 335.861
-110 48.5 329.099
-109.5 48.5 322.521
-109 48.5 316.147
-108.5 48.5 309.991
-108 48.5 304.071
-107.5 48.5 298.403
-107 48.5 293
-106.5 48.5 287.881
-106 48.5 283.059
-105.5 48.5 278.549
-105 48.5 274.365
-104.5 48.5 270.521
-104 48.5 267.031
-103.5 48.5 263.91
-103 48.5 261.173
-102.5 48.5 258.831
-102 48.5 256.898
-101.5 48.5 255.384
-101 48.5 254.297
-100.5 48.5 253.642
-100 48.5 253.423
-99.5 48.5 253.642
-99 48.5 254.297
-98.5 48.5 255.384
-98 48.5 256.898
-97.5 48.5 258.831
-97 48.5 261.173
-96.5 48.5 263.91
-96 48.5 267.031
-95.5 48.5 270.521
-95 48.5 274.365
-94.5 48.5 278.549
-94 48.5 283.059
-93.5 48.5 287.881
-93 48.5 293
-92.5 48.5 298.403
-92 48.5 304.071
-91.5 48.5 309.991
-91 48.5 316.147
-90.5 48.5 322.521
-90 48.5 329.099
-89.5 48.5 335.861
-89 48.5 342.822
-88.5 48.5 349.945
-88 48.5 357.233
-87.5 48.5 364.65
-87 48.5 372.233
-86.5 48.5 379.948
-86 48.5 387.785
-85.5 48.5 395.7
-85 48.5 403.738
-84.5 48.5 411.852
-84 48.5 420.023
-83.5 48.5 428.263
-83 48.5 436.585
-82.5 48.5 444.962
-82 48.5 453.389
-81.5 48.5 462.057
-81 48.5 470.495
-119 49 478.316
-118.5 49 469.819
-118 49 461.28
-117.5 49 452.741
-117 49 444.388
-116.5 49 436.065
-116 49 427.841
-115.5 49 419.734
-115 49 411.744
-114.5 49 403.868
-114 49 396.119
-113.5 49 388.488
-113 49 381.002
-112.5 49 373.654
-112 49 366.459
-111.5 49 359.424
-111 49 352.573
-110.5 49 345.906
-110 49 339.448
-109.5 49 333.18
-109 49 327.135
-108.5 49 321.311
-108 49 315.716
-107.5 49 310.365
-107 49 305.267
-106.5 49 300.438
-106 49 295.893
-105.5 49 291.648
-105 49 287.714
-104.5 49 284.105
-104 49 280.816
-103.5 49 277.886
-103 49 275.321
-102.5 49 273.13
-102 49 271.324
-101.5 49 269.912
-101 49 268.898
-100.5 49 268.288
-100 49 268.084
-99.5 49 268.288
-99 49 268.898
-98.5 49 269.912
-98 49 271.324
-97.5 49 273.13
-97 49 275.321
-96.5 49 277.886
-96 49 280.816
-95.5 49 284.105
-95 49 287.714
-94.5 49 291.648
-94 49 295.893
-93.5 49 300.438
-93 49 305.267
-92.5 49 310.364
-92 49 315.716
-91.5 49 321.311
-91 49 327.135
-90.5 49 333.18
-90 49 339.448
-89.5 49 345.906
-89 49 352.573
-88.5 49 359.424
-88 49 366.459
-87.5 49 373.654
-87 49 381.002
-86.5 49 388.488
-86 49 396.119
-85.5 49 403.868
-85 49 411.744
-84.5 49 419.734
-84 49 427.841
-83.5 49 436.065
-83 49 444.388
-82.5 49 452.741
-82 49 461.28
-81.5 49 469.819
-81 49 478.316
