-119 25 -1.816e-05
-118.5 25 -2.31003e-05
-118 25 -4.00112e-05
-117.5 25 -1.34328e-05
-117 25 -6.36453e-06
-116.5 25 1.01105e-05
-116 25 1.15691e-05
-115.5 25 2.95386e-05
-115 25 2.62699e-05
-114.5 25 3.85767e-05
-114 25 3.50973e-05
-113.5 25 5.98385e-05
-113 25 6.68058e-05
-112.5 25 9.32323e-05
-112 25 9.5537e-05
-111.5 25 0.000111359
-111 25 9.89488e-05
-110.5 25 0.000109246
-110 25 9.66103e-05
-109.5 25 0.000114683
-109 25 0.000108415
-108.5 25 0.000118008
-108 25 0.000107743
-107.5 25 0.000115366
-107 25 9.77285e-05
-106.5 25 9.34117e-05
-106 25 7.69082e-05
-105.5 25 9.1129e-05
-105 25 8.86218e-05
-104.5 25 0.000100636
-104 25 9.71071e-05
-103.5 25 0.000113093
-103 25 0.000106397
-102.5 25 0.000119839
-102 25 0.000115538
-101.5 25 0.000132233
-101 25 0.000140582
-100.5 25 0.000159525
-100 25 0.000158242
-99.5 25 0.000154141
-99 25 0.000113907
-98.5 25 9.19238e-05
-98 25 6.07476e-05
-97.5 25 9.07997e-05
-97 25 0.000113021
-96.5 25 0.000144537
-96 25 0.000156254
-95.5 25 0.000149091
-95 25 0.000123862
-94.5 25 0.000114045
-94 25 9.20326e-05
-93.5 25 0.000106239
-93 25 9.8422e-05
-92.5 25 0.000105252
-92 25 9.44699e-05
-91.5 25 0.000104537
-91 25 9.69241e-05
-90.5 25 0.000100973
-90 25 9.064e-05
-89.5 25 9.3678e-05
-89 25 8.23085e-05
-88.5 25 8.12704e-05
-88 25 6.87561e-05
-87.5 25 7.22512e-05
-87 25 5.99433e-05
-86.5 25 5.78174e-05
-86 25 4.57491e-05
-85.5 25 4.88815e-05
-85 25 4.48674e-05
-84.5 25 4.65893e-05
-84 25 3.51415e-05
-83.5 25 3.20009e-05
-83 25 2.80965e-07
-82.5 25 -2.00044e-05
-82 25 -4.75688e-05
-81.5 25 -2.5612e-05
-81 25 -1.60503e-05
-119 25.5 -1.31234e-05
-118.5 25.5 -4.30576e-05
-118 25.5 -6.4483e-05
-117.5 25.5 -3.59788e-05
-117 25.5 -6.77967e-06
-116.5 25.5 9.85925e-07
-116 25.5 1.49231e-05
-115.5 25.5 1.85478e-05
-115 25.5 3.2428e-05
-114.5 25.5 2.2779e-05
-114 25.5 3.16033e-05
-113.5 25.5 4.34988e-05
-113 25.5 7.66593e-05
-112.5 25.5 8.54143e-05
-112 25.5 0.00011975
-111.5 25.5 0.000103142
-111 25.5 0.000112686
-110.5 25.5 9.45309e-05
-110 25.5 0.000100647
-109.5 25.5 0.000100675
-109 25.5 0.000117553
-108.5 25.5 0.000110512
-108 25.5 0.000119548
-107.5 25.5 0.000106485
-107 25.5 0.000103325
-106.5 25.5 7.86308e-05
-106 25.5 6.51746e-05
-105.5 25.5 7.38137e-05
-105 25.5 9.27236e-05
-104.5 25.5 8.9654e-05
-104 25.5 0.000105626
-103.5 25.5 0.000100158
-103 25.5 0.000115086
-102.5 25.5 0.000106181
-102 25.5 0.000116133
-101.5 25.5 0.000125546
-101 25.5 0.000154234
-100.5 25.5 0.000166653
-100 25.5 0.000201783
-99.5 25.5 0.000153882
-99 25.5 0.000122565
-98.5 25.5 6.37069e-05
-98 25.5 1.27568e-05
-97.5 25.5 6.25648e-05
-97 25.5 0.000115583
-96.5 25.5 0.000150159
-96 25.5 0.000199771
-95.5 25.5 0.000156986
-95 25.5 0.000138485
-94.5 25.5 0.000100748
-94 25.5 8.47071e-05
-93.5 25.5 8.76254e-05
-93 25.5 0.000103397
-92.5 25.5 9.41214e-05
-92 25.5 9.58274e-05
-91.5 25.5 9.47385e-05
-91 25.5 0.000103919
-90.5 25.5 9.42239e-05
-90 25.5 9.67116e-05
-89.5 25.5 8.69689e-05
-89 25.5 8.85697e-05
-88.5 25.5 7.42173e-05
-88 25.5 7.09612e-05
-87.5 25.5 6.29244e-05
-87 25.5 6.36734e-05
-86.5 25.5 4.80696e-05
-86 25.5 4.02501e-05
-85.5 25.5 4.1114e-05
-85 25.5 4.9937e-05
-84.5 25.5 4.44523e-05
-84 25.5 5.18909e-05
-83.5 25.5 2.32036e-05
-83 25.5 2.23279e-06
-82.5 25.5 -4.42498e-05
-82 25.5 -8.73063e-05
-81.5 25.5 -4.83114e-05
-81 25.5 -2.12887e-05
-119 26 -1.9147e-05
-118.5 26 -4.64728e-05
-118 26 -0.000167479
-117.5 26 -4.09774e-05
-117 26 -8.7306e-06
-116.5 26 1.27031e-05
-116 26 2.72343e-06
-115.5 26 3.07279e-05
-115 26 2.65151e-05
-114.5 26 2.81245e-05
-114 26 -1.18576e-05
-113.5 26 4.85911e-05
-113 26 6.70931e-05
-112.5 26 0.000106171
-112 26 0.000147396
-111.5 26 0.000125932
-111 26 0.000104454
-110.5 26 0.000107986
-110 26 6.68144e-05
-109.5 26 0.000113542
-109 26 0.000114937
-108.5 26 0.000130224
-108 26 0.000119999
-107.5 26 0.000123269
-107 26 0.000101734
-106.5 26 8.249e-05
-106 26 4.53583e-06
-105.5 26 7.55049e-05
-105 26 8.49754e-05
-104.5 26 0.000100554
-104 26 9.92922e-05
-103.5 26 0.000111322
-103 26 0.000105193
-102.5 26 0.000112926
-102 26 8.49214e-05
-101.5 26 0.000135859
-101 26 0.000154254
-100.5 26 0.000201951
-100 26 0.000287409
-99.5 26 0.000187038
-99 26 0.000118126
-98.5 26 4.73825e-05
-98 26 -0.000159987
-97.5 26 4.56114e-05
-97 26 0.000111981
-96.5 26 0.000181006
-96 26 0.000306447
-95.5 26 0.000190403
-95 26 0.000134119
-94.5 26 0.000104763
-94 26 2.03019e-05
-93.5 26 9.00354e-05
-93 26 9.63107e-05
-92.5 26 0.000103791
-92 26 7.12239e-05
-91.5 26 0.000105412
-91 26 0.000102159
-90.5 26 0.000106043
-90 26 8.99752e-05
-89.5 26 9.75055e-05
-89 26 8.56244e-05
-88.5 26 8.23311e-05
-88 26 5.43939e-05
-87.5 26 7.0633e-05
-87 26 5.88737e-05
-86.5 26 5.13218e-05
-86 26 8.40458e-06
-85.5 26 4.67335e-05
-85 26 4.81004e-05
-84.5 26 6.28151e-05
-84 26 7.45672e-05
-83.5 26 4.04735e-05
-83 26 -3.11426e-06
-82.5 26 -5.38424e-05
-82 26 -0.000226995
-81.5 26 -6.06575e-05
-81 26 -1.62201e-05
-119 26.5 1.53462e-05
-118.5 26.5 -1.05376e-05
-118 26.5 -2.75933e-05
-117.5 26.5 -4.31795e-06
-117 26.5 2.39854e-05
-116.5 26.5 2.77623e-05
-116 26.5 4.17215e-05
-115.5 26.5 3.7782e-05
-115 26.5 5.14122e-05
-114.5 26.5 3.27163e-05
-114 26.5 3.5588e-05
-113.5 26.5 4.53341e-05
-113 26.5 8.4406e-05
-112.5 26.5 9.10624e-05
-112 26.5 0.000126284
-111.5 26.5 0.000109634
-111 26.5 0.000123295
-110.5 26.5 0.00010884
-110 26.5 0.000121396
-109.5 26.5 0.00011983
-109 26.5 0.000139406
-108.5 26.5 0.000132976
-108 26.5 0.000146669
-107.5 26.5 0.000129692
-107 26.5 0.000127324
-106.5 26.5 0.000100974
-106 26.5 8.67259e-05
-105.5 26.5 8.87268e-05
-105 26.5 0.000109221
-104.5 26.5 9.58429e-05
-104 26.5 0.000106612
-103.5 26.5 0.000100526
-103 26.5 0.000123067
-102.5 26.5 0.000115269
-102 26.5 0.000128088
-101.5 26.5 0.000135172
-101 26.5 0.000167257
-100.5 26.5 0.000175574
-100 26.5 0.000214946
-99.5 26.5 0.000170961
-99 26.5 0.000144939
-98.5 26.5 9.91165e-05
-98 26.5 5.42149e-05
-97.5 26.5 9.32283e-05
-97 26.5 0.000137554
-96.5 26.5 0.00015176
-96 26.5 0.000195087
-95.5 26.5 0.00015222
-95 26.5 0.000145941
-94.5 26.5 0.000111499
-94 26.5 9.96996e-05
-93.5 26.5 0.000104082
-93 26.5 0.000122815
-92.5 26.5 0.000118065
-92 26.5 0.000123456
-91.5 26.5 0.000117829
-91 26.5 0.000121431
-90.5 26.5 0.000107364
-90 26.5 0.000109337
-89.5 26.5 9.75431e-05
-89 26.5 0.000100843
-88.5 26.5 8.5479e-05
-88 26.5 8.44651e-05
-87.5 26.5 7.37831e-05
-87 26.5 7.63668e-05
-86.5 26.5 5.82746e-05
-86 26.5 5.41465e-05
-85.5 26.5 5.117e-05
-85 26.5 6.68501e-05
-84.5 26.5 5.50476e-05
-84 26.5 6.57116e-05
-83.5 26.5 4.05467e-05
-83 26.5 3.13886e-05
-82.5 26.5 -2.53117e-06
-82 26.5 -3.75835e-05
-81.5 26.5 -3.12702e-06
-81 26.5 1.85903e-05
-119 27 3.57581e-05
-118.5 27 4.29256e-05
-118 27 3.83424e-05
-117.5 27 5.18282e-05
-117 27 5.07282e-05
-116.5 27 6.54438e-05
-116 27 6.21196e-05
-115.5 27 7.32876e-05
-115 27 5.53635e-05
-114.5 27 5.30447e-05
-114 27 3.78766e-05
-113.5 27 6.58481e-05
-113 27 7.30959e-05
-112.5 27 9.99818e-05
-112 27 0.000104923
-111.5 27 0.000122182
-111 27 0.000118667
-110.5 27 0.000140479
-110 27 0.000139253
-109.5 27 0.000154316
-109 27 0.000148758
-108.5 27 0.000167358
-108 27 0.00016178
-107.5 27 0.000163805
-107 27 0.000143196
-106.5 27 0.00013881
-106 27 0.00011997
-105.5 27 0.000128423
-105 27 0.000108546
-104.5 27 0.000107782
-104 27 9.05015e-05
-103.5 27 0.000115694
-103 27 0.000116858
-102.5 27 0.00013619
-102 27 0.000135613
-101.5 27 0.000156359
-101 27 0.000156822
-100.5 27 0.00018151
-100 27 0.00017947
-99.5 27 0.000182146
-99 27 0.000168835
-98.5 27 0.00016753
-98 27 0.000154717
-97.5 27 0.000161245
-97 27 0.000142713
-96.5 27 0.000145019
-96 27 0.000126298
-95.5 27 0.000141605
-95 27 0.000129792
-94.5 27 0.00013547
-94 27 0.000122928
-93.5 27 0.000136913
-93 27 0.000138713
-92.5 27 0.000153845
-92 27 0.000152952
-91.5 27 0.000148906
-91 27 0.000131086
-90.5 27 0.00012836
-90 27 0.000113096
-89.5 27 0.000115339
-89 27 0.000103027
-88.5 27 0.000105718
-88 27 9.31101e-05
-87.5 27 9.6395e-05
-87 27 8.09261e-05
-86.5 27 8.13769e-05
-86 27 6.554e-05
-85.5 27 7.67348e-05
-85 27 6.48066e-05
-84.5 27 6.93522e-05
-84 27 5.56243e-05
-83.5 27 6.31358e-05
-83 27 5.85002e-05
-82.5 27 6.55252e-05
-82 27 6.11678e-05
-81.5 27 6.38334e-05
-81 27 5.84047e-05
-119 27.5 7.29776e-05
-118.5 27.5 7.84928e-05
-118 27.5 0.000122466
-117.5 27.5 8.95297e-05
-117 27.5 9.23707e-05
-116.5 27.5 8.5967e-05
-116 27.5 0.000105455
-115.5 27.5 8.22374e-05
-115 27.5 7.62693e-05
-114.5 27.5 4.92728e-05
-114 27.5 4.11086e-05
-113.5 27.5 5.27536e-05
-113 27.5 8.20874e-05
-112.5 27.5 8.47749e-05
-112 27.5 0.000111388
-111.5 27.5 0.00010952
-111 27.5 0.000139147
-110.5 27.5 0.000144259
-110 27.5 0.000188168
-109.5 27.5 0.000165005
-109 27.5 0.000181046
-108.5 27.5 0.000178017
-108 27.5 0.000208315
-107.5 27.5 0.000178032
-107 27.5 0.00017432
-106.5 27.5 0.000156375
-106 27.5 0.000165612
-105.5 27.5 0.000135589
-105 27.5 0.000127376
-104.5 27.5 9.21164e-05
-104 27.5 8.0377e-05
-103.5 27.5 9.52282e-05
-103 27.5 0.000128511
-102.5 27.5 0.000133231
-102 27.5 0.000161246
-101.5 27.5 0.000152135
-101 27.5 0.000172675
-100.5 27.5 0.00016289
-100 27.5 0.000174961
-99.5 27.5 0.000179145
-99 27.5 0.000203662
-98.5 27.5 0.000219987
-98 27.5 0.000271872
-97.5 27.5 0.000204253
-97 27.5 0.000170557
-96.5 27.5 0.000113405
-96 27.5 7.17444e-05
-95.5 27.5 9.87079e-05
-95 27.5 0.000133019
-94.5 27.5 0.00013569
-94 27.5 0.000154882
-93.5 27.5 0.000150825
-93 27.5 0.000168686
-92.5 27.5 0.000175882
-92 27.5 0.000208139
-91.5 27.5 0.000168763
-91 27.5 0.000156569
-90.5 27.5 0.000132525
-90 27.5 0.000129407
-89.5 27.5 0.000114725
-89 27.5 0.000119971
-88.5 27.5 0.000107887
-88 27.5 0.000117482
-87.5 27.5 9.82913e-05
-87 27.5 0.000100646
-86.5 27.5 8.36665e-05
-86 27.5 8.90169e-05
-85.5 27.5 7.58195e-05
-85 27.5 8.10383e-05
-84.5 27.5 6.25075e-05
-84 27.5 5.39391e-05
-83.5 27.5 6.78698e-05
-83 27.5 9.62326e-05
-82.5 27.5 0.000117994
-82 27.5 0.000170787
-81.5 27.5 0.000122172
-81 27.5 9.93429e-05
-119 28 8.31201e-05
-118.5 28 0.000128355
-118 28 0.000249201
-117.5 28 0.000141742
-117 28 0.000109824
-116.5 28 0.000124086
-116 28 0.000155811
-115.5 28 0.000115914
-115 28 8.29676e-05
-114.5 28 6.25045e-05
-114 28 -7.10669e-06
-113.5 28 6.14744e-05
-113 28 7.38876e-05
-112.5 28 9.53846e-05
-112 28 0.000100412
-111.5 28 0.000122459
-111 28 0.00013105
-110.5 28 0.000176303
-110 28 0.000251618
-109.5 28 0.000201447
-109 28 0.000184766
-108.5 28 0.000215933
-108 28 0.000272205
-107.5 28 0.000216253
-107 28 0.000186497
-106.5 28 0.000193867
-106 28 0.000215547
-105.5 28 0.000170883
-105 28 0.000126393
-104.5 28 9.92714e-05
-104 28 3.92828e-06
-103.5 28 9.98957e-05
-103 28 0.0001229
-102.5 28 0.000156121
-102 28 0.00017971
-101.5 28 0.000177944
-101 28 0.000164436
-100.5 28 0.000172133
-100 28 0.000138726
-99.5 28 0.000193089
-99 28 0.000221172
-98.5 28 0.000289941
-98 28 0.000474022
-97.5 28 0.000273059
-97 28 0.000174781
-96.5 28 0.000101718
-96 28 -9.28785e-05
-95.5 28 8.18173e-05
-95 28 0.000123688
-94.5 28 0.000157976
-94 28 0.000181724
-93.5 28 0.000180448
-93 28 0.000181299
-92.5 28 0.000215129
-92 28 0.000304995
-91.5 28 0.00020634
-91 28 0.000162459
-90.5 28 0.000149321
-90 28 0.000128285
-89.5 28 0.000131466
-89 28 0.000118667
-88.5 28 0.000127671
-88 28 0.000138178
-87.5 28 0.000121193
-87 28 0.000101456
-86.5 28 0.000105985
-86 28 9.51992e-05
-85.5 28 9.90691e-05
-85 28 8.29721e-05
-84.5 28 7.2498e-05
-84 28 8.30932e-06
-83.5 28 8.5118e-05
-83 28 0.000116084
-82.5 28 0.000182911
-82 28 0.000369564
-81.5 28 0.000184337
-81 28 0.000125631
-119 28.5 9.11176e-05
-118.5 28.5 9.67075e-05
-118 28.5 0.000144568
-117.5 28.5 0.00011216
-117 28.5 0.000117506
-116.5 28.5 0.000117551
-116 28.5 0.00014429
-115.5 28.5 0.000116994
-115 28.5 0.000105565
-114.5 28.5 7.83997e-05
-114 28.5 6.87425e-05
-113.5 28.5 7.16668e-05
-113 28.5 9.66015e-05
-112.5 28.5 8.6273e-05
-112 28.5 0.000103215
-111.5 28.5 0.000102272
-111 28.5 0.000140444
-110.5 28.5 0.000147528
-110 28.5 0.000194146
-109.5 28.5 0.000172438
-109 28.5 0.000191123
-108.5 28.5 0.000192785
-108 28.5 0.000231063
-107.5 28.5 0.000200523
-107 28.5 0.000198658
-106.5 28.5 0.000183987
-106 28.5 0.000201888
-105.5 28.5 0.000162952
-105 28.5 0.00015617
-104.5 28.5 0.000109696
-104 28.5 9.48327e-05
-103.5 28.5 0.000108103
-103 28.5 0.000151505
-102.5 28.5 0.000155745
-102 28.5 0.000184591
-101.5 28.5 0.000170583
-101 28.5 0.000186219
-100.5 28.5 0.00016956
-100 28.5 0.000179408
-99.5 28.5 0.000191418
-99 28.5 0.000226452
-98.5 28.5 0.000257811
-98 28.5 0.000322399
-97.5 28.5 0.000244647
-97 28.5 0.00019715
-96.5 28.5 0.000128622
-96 28.5 8.19664e-05
-95.5 28.5 0.00011307
-95 28.5 0.000156332
-94.5 28.5 0.000167168
-94 28.5 0.000192544
-93.5 28.5 0.000181362
-93 28.5 0.000190485
-92.5 28.5 0.000189648
-92 28.5 0.000220541
-91.5 28.5 0.000179663
-91 28.5 0.000167678
-90.5 28.5 0.000143677
-90 28.5 0.000142816
-89.5 28.5 0.000125756
-89 28.5 0.00013204
-88.5 28.5 0.000115931
-88 28.5 0.000128648
-87.5 28.5 0.000109219
-87 28.5 0.000119451
-86.5 28.5 0.000104005
-86 28.5 0.000115701
-85.5 28.5 0.000103005
-85 28.5 0.000107195
-84.5 28.5 9.42349e-05
-84 28.5 9.10006e-05
-83.5 28.5 0.000101857
-83 28.5 0.000125261
-82.5 28.5 0.000145504
-82 28.5 0.000200812
-81.5 28.5 0.000146944
-81 28.5 0.000117677
-119 29 6.79275e-05
-118.5 29 8.21234e-05
-118 29 8.00647e-05
-117.5 29 9.68912e-05
-117 29 0.000105399
-116.5 29 0.000136917
-116 29 0.000146028
-115.5 29 0.000141542
-115 29 0.000119232
-114.5 29 0.000115324
-114 29 9.9276e-05
-113.5 29 0.000110569
-113 29 9.27449e-05
-112.5 29 9.38537e-05
-112 29 8.00577e-05
-111.5 29 0.000109404
-111 29 0.000113276
-110.5 29 0.000143696
-110 29 0.000148352
-109.5 29 0.000169613
-109 29 0.000171071
-108.5 29 0.000203341
-108 29 0.000206959
-107.5 29 0.000210433
-107 29 0.000193251
-106.5 29 0.00020637
-106 29 0.000191069
-105.5 29 0.000194962
-105 29 0.000154905
-104.5 29 0.000144153
-104 29 0.000110705
-103.5 29 0.000146966
-103 29 0.000152903
-102.5 29 0.000179972
-102 29 0.000179679
-101.5 29 0.000195396
-101 29 0.000181351
-100.5 29 0.000189914
-100 29 0.000180916
-99.5 29 0.000200911
-99 29 0.000217519
-98.5 29 0.000253672
-98 29 0.000265717
-97.5 29 0.000244574
-97 29 0.000199959
-96.5 29 0.000176219
-96 29 0.000143253
-95.5 29 0.000166694
-95 29 0.000173567
-94.5 29 0.000198369
-94 29 0.000200614
-93.5 29 0.000200522
-93 29 0.000182518
-92.5 29 0.000186524
-92 29 0.000171809
-91.5 29 0.000171778
-91 29 0.00015397
-90.5 29 0.000154565
-90 29 0.00013806
-89.5 29 0.000141552
-89 29 0.000121794
-88.5 29 0.000124852
-88 29 0.000107389
-87.5 29 0.000122088
-87 29 0.000112468
-86.5 29 0.0001273
-86 29 0.000118291
-85.5 29 0.000128853
-85 29 0.000124061
-84.5 29 0.000136283
-84 29 0.000131762
-83.5 29 0.000130902
-83 29 0.000117708
-82.5 29 0.000126583
-82 29 0.000120289
-81.5 29 0.000113462
-81 29 0.00010279
-119 29.5 6.66932e-05
-118.5 29.5 4.29046e-05
-118 29.5 3.49694e-05
-117.5 29.5 6.30032e-05
-117 29.5 0.000112704
-116.5 29.5 0.000137483
-116 29.5 0.000189689
-115.5 29.5 0.000154208
-115 29.5 0.000148746
-114.5 29.5 0.00013145
-114 29.5 0.000146312
-113.5 29.5 0.000115988
-113 29.5 0.000107108
-112.5 29.5 7.44876e-05
-112 29.5 6.42838e-05
-111.5 29.5 7.71437e-05
-111 29.5 0.000112074
-110.5 29.5 0.00010902
-110 29.5 0.000135078
-109.5 29.5 0.000138856
-109 29.5 0.000178705
-108.5 29.5 0.000185453
-108 29.5 0.000225716
-107.5 29.5 0.000200178
-107 29.5 0.000214989
-106.5 29.5 0.000197757
-106 29.5 0.000222492
-105.5 29.5 0.000185657
-105 29.5 0.000181943
-104.5 29.5 0.000138496
-104 29.5 0.000125535
-103.5 29.5 0.000139873
-103 29.5 0.000175291
-102.5 29.5 0.000176795
-102 29.5 0.000202109
-101.5 29.5 0.000188622
-101 29.5 0.000200445
-100.5 29.5 0.000183073
-100 29.5 0.000191398
-99.5 29.5 0.000194907
-99 29.5 0.000226481
-98.5 29.5 0.000236656
-98 29.5 0.000261406
-97.5 29.5 0.000232555
-97 29.5 0.000224553
-96.5 29.5 0.000195099
-96 29.5 0.000202529
-95.5 29.5 0.000188556
-95 29.5 0.000208303
-94.5 29.5 0.000210393
-94 29.5 0.000241423
-93.5 29.5 0.000203261
-93 29.5 0.000195337
-92.5 29.5 0.000161651
-92 29.5 0.0001436
-91.5 29.5 0.000143154
-91 29.5 0.000156903
-90.5 29.5 0.000143472
-90 29.5 0.000151724
-89.5 29.5 0.000129837
-89 29.5 0.000132794
-88.5 29.5 0.000105525
-88 29.5 0.000102534
-87.5 29.5 0.000102735
-87 29.5 0.000128392
-86.5 29.5 0.000122126
-86 29.5 0.00014161
-85.5 29.5 0.000134519
-85 29.5 0.000153922
-84.5 29.5 0.000160407
-84 29.5 0.000195324
-83.5 29.5 0.000146395
-83 29.5 0.000128346
-82.5 29.5 9.00354e-05
-82 29.5 5.89773e-05
-81.5 29.5 7.51035e-05
-81 29.5 8.72556e-05
-119 30 4.77906e-05
-118.5 30 2.80805e-05
-118 30 -8.92944e-05
-117.5 30 5.2334e-05
-117 30 0.000100326
-116.5 30 0.000167778
-116 30 0.000274153
-115.5 30 0.00018941
-115 30 0.000156872
-114.5 30 0.000167239
-114 30 0.000199532
-113.5 30 0.000146121
-113 30 0.000104583
-112.5 30 7.71151e-05
-112 30 -1.63354e-05
-111.5 30 7.54529e-05
-111 30 8.79561e-05
-110.5 30 0.000109481
-110 30 8.27433e-05
-109.5 30 0.000141897
-109 30 0.0001578
-108.5 30 0.000204302
-108 30 0.000245972
-107.5 30 0.00022801
-107 30 0.00020445
-106.5 30 0.000230036
-106 30 0.000244965
-105.5 30 0.000221497
-105 30 0.000180867
-104.5 30 0.000165202
-104 30 6.6933e-05
-103.5 30 0.00016634
-103 30 0.000179767
-102.5 30 0.00020716
-102 30 0.00021618
-101.5 30 0.000215422
-101 30 0.000198167
-100.5 30 0.000199781
-100 30 0.000167857
-99.5 30 0.000209187
-99 30 0.000219617
-98.5 30 0.000246874
-98 30 0.000266112
-97.5 30 0.000248822
-97 30 0.000225478
-96.5 30 0.000230484
-96 30 0.00024689
-95.5 30 0.000227596
-95 30 0.000217498
-94.5 30 0.00024669
-94 30 0.000303724
-93.5 30 0.000235729
-93 30 0.000188742
-92.5 30 0.000161028
-92 30 5.82413e-05
-91.5 30 0.000141537
-91 30 0.000144916
-90.5 30 0.000158344
-90 30 0.000152594
-89.5 30 0.00014842
-89 30 0.000121693
-88.5 30 0.000113442
-88 30 4.73038e-05
-87.5 30 0.000114841
-87 30 0.000120667
-86.5 30 0.00014546
-86 30 0.000150385
-85.5 30 0.000161426
-85 30 0.00016472
-84.5 30 0.000205222
-84 30 0.000302819
-83.5 30 0.000186587
-83 30 0.000121505
-82.5 30 7.357e-05
-82 30 -7.35119e-05
-81.5 30 4.97156e-05
-81 30 7.74e-05
-119 30.5 7.46424e-05
-118.5 30.5 4.17999e-05
-118 30.5 2.80724e-05
-117.5 30.5 5.95368e-05
-117 30.5 0.000118225
-116.5 30.5 0.000141199
-116 30.5 0.000193722
-115.5 30.5 0.00016201
-115 30.5 0.000162756
-114.5 30.5 0.000153295
-114 30.5 0.000173463
-113.5 30.5 0.000136673
-113 30.5 0.000125741
-112.5 30.5 8.638e-05
-112 30.5 7.10866e-05
-111.5 30.5 7.6282e-05
-111 30.5 0.000114616
-110.5 30.5 9.74711e-05
-110 30.5 0.000114307
-109.5 30.5 0.000121002
-109 30.5 0.000170683
-108.5 30.5 0.000177597
-108 30.5 0.000224698
-107.5 30.5 0.000199046
-107 30.5 0.00022329
-106.5 30.5 0.000200361
-106 30.5 0.000234482
-105.5 30.5 0.000204245
-105 30.5 0.000219529
-104.5 30.5 0.000191501
-104 30.5 0.000192583
-103.5 30.5 0.000195327
-103 30.5 0.000220246
-102.5 30.5 0.00020783
-102 30.5 0.00022718
-101.5 30.5 0.000209318
-101 30.5 0.000223059
-100.5 30.5 0.000203046
-100 30.5 0.000208657
-99.5 30.5 0.000208707
-99 30.5 0.000234942
-98.5 30.5 0.000232632
-98 30.5 0.000253236
-97.5 30.5 0.000233276
-97 30.5 0.000241406
-96.5 30.5 0.000223238
-96 30.5 0.00024046
-95.5 30.5 0.000219158
-95 30.5 0.000235221
-94.5 30.5 0.00022803
-94 30.5 0.000258566
-93.5 30.5 0.00021759
-93 30.5 0.000207981
-92.5 30.5 0.000169197
-92 30.5 0.000151303
-91.5 30.5 0.000148869
-91 30.5 0.00016837
-90.5 30.5 0.000148086
-90 30.5 0.000159201
-89.5 30.5 0.000134565
-89 30.5 0.000146422
-88.5 30.5 0.000114523
-88 30.5 0.000114658
-87.5 30.5 0.000115474
-87 30.5 0.000147132
-86.5 30.5 0.000142415
-86 30.5 0.000165452
-85.5 30.5 0.000157777
-85 30.5 0.000173563
-84.5 30.5 0.000182308
-84 30.5 0.000220747
-83.5 30.5 0.000165937
-83 30.5 0.000135346
-82.5 30.5 8.56436e-05
-82 30.5 4.71454e-05
-81.5 30.5 6.92586e-05
-81 30.5 9.00879e-05
-119 31 7.31603e-05
-118.5 31 7.38706e-05
-118 31 5.51991e-05
-117.5 31 9.41538e-05
-117 31 0.000106031
-116.5 31 0.000139576
-116 31 0.000146547
-115.5 31 0.000155165
-115 31 0.000148531
-114.5 31 0.000164752
-114 31 0.000159826
-113.5 31 0.000157584
-113 31 0.000126285
-112.5 31 0.000117921
-112 31 9.17071e-05
-111.5 31 0.000118537
-111 31 0.000101692
-110.5 31 0.000111172
-110 31 9.4061e-05
-109.5 31 0.00013676
-109 31 0.000145837
-108.5 31 0.000189933
-108 31 0.000191006
-107.5 31 0.000218726
-107 31 0.000195572
-106.5 31 0.000221515
-106 31 0.000200323
-105.5 31 0.000234872
-105 31 0.000229836
-104.5 31 0.000261084
-104 31 0.000254505
-103.5 31 0.000264482
-103 31 0.000239047
-102.5 31 0.000243881
-102 31 0.000222985
-101.5 31 0.00023796
-101 31 0.000222081
-100.5 31 0.000228858
-100 31 0.000215068
-99.5 31 0.000234199
-99 31 0.00022785
-98.5 31 0.00024318
-98 31 0.000232115
-97.5 31 0.0002462
-97 31 0.000230576
-96.5 31 0.00023912
-96 31 0.000222936
-95.5 31 0.000236081
-95 31 0.000223646
-94.5 31 0.000240165
-94 31 0.000226982
-93.5 31 0.000231087
-93 31 0.000206004
-92.5 31 0.000206309
-92 31 0.000180243
-91.5 31 0.000190486
-91 31 0.000164623
-90.5 31 0.000168458
-90 31 0.000140277
-89.5 31 0.000159797
-89 31 0.000137514
-88.5 31 0.000145725
-88 31 0.00012262
-87.5 31 0.000149918
-87 31 0.000146437
-86.5 31 0.000168514
-86 31 0.000164324
-85.5 31 0.000170987
-85 31 0.000168774
-84.5 31 0.000187718
-84 31 0.000185482
-83.5 31 0.000169368
-83 31 0.000133826
-82.5 31 0.000116818
-82 31 8.96153e-05
-81.5 31 0.000101069
-81 31 0.000100921
-119 31.5 9.74504e-05
-118.5 31.5 7.73628e-05
-118 31.5 8.79129e-05
-117.5 31.5 9.02391e-05
-117 31.5 0.000117698
-116.5 31.5 0.000116171
-116 31.5 0.000130014
-115.5 31.5 0.000131883
-115 31.5 0.000156711
-114.5 31.5 0.000154763
-114 31.5 0.000185332
-113.5 31.5 0.000151789
-113 31.5 0.000148278
-112.5 31.5 0.000119122
-112 31.5 0.000125823
-111.5 31.5 0.000108804
-111 31.5 0.000117837
-110.5 31.5 8.55755e-05
-110 31.5 8.49772e-05
-109.5 31.5 0.0001024
-109 31.5 0.000156806
-108.5 31.5 0.000159336
-108 31.5 0.000210253
-107.5 31.5 0.000185371
-107 31.5 0.000217697
-106.5 31.5 0.000185907
-106 31.5 0.00020319
-105.5 31.5 0.000215185
-105 31.5 0.000273857
-104.5 31.5 0.00029017
-104 31.5 0.000359951
-103.5 31.5 0.000297883
-103 31.5 0.000286955
-102.5 31.5 0.00024515
-102 31.5 0.000238362
-101.5 31.5 0.000228696
-101 31.5 0.000244216
-100.5 31.5 0.000225496
-100 31.5 0.000234721
-99.5 31.5 0.000226284
-99 31.5 0.000243843
-98.5 31.5 0.000226745
-98 31.5 0.000234365
-97.5 31.5 0.000227291
-97 31.5 0.000245706
-96.5 31.5 0.000224108
-96 31.5 0.000229399
-95.5 31.5 0.000219606
-95 31.5 0.000240232
-94.5 31.5 0.000220178
-94 31.5 0.000227688
-93.5 31.5 0.000213522
-93 31.5 0.0002288
-92.5 31.5 0.000210835
-92 31.5 0.000232089
-91.5 31.5 0.000191603
-91 31.5 0.000190313
-90.5 31.5 0.000149825
-90 31.5 0.000144573
-89.5 31.5 0.00013644
-89 31.5 0.000158206
-88.5 31.5 0.000136287
-88 31.5 0.000146962
-87.5 31.5 0.000143538
-87 31.5 0.000169903
-86.5 31.5 0.000166043
-86 31.5 0.000186701
-85.5 31.5 0.000169946
-85 31.5 0.000181663
-84.5 31.5 0.000175719
-84 31.5 0.000187498
-83.5 31.5 0.000158539
-83 31.5 0.000149358
-82.5 31.5 0.000125894
-82 31.5 0.000128461
-81.5 31.5 0.000114705
-81 31.5 0.000112638
-119 32 9.5362e-05
-118.5 32 0.000101597
-118 32 8.49501e-05
-117.5 32 0.00011242
-117 32 0.00011088
-116.5 32 0.00012039
-116 32 8.19467e-05
-115.5 32 0.000137683
-115 32 0.000143848
-114.5 32 0.000176807
-114 32 0.000218805
-113.5 32 0.000176085
-113 32 0.000144676
-112.5 32 0.000148011
-112 32 0.000130985
-111.5 32 0.000136888
-111 32 0.000107257
-110.5 32 9.35242e-05
-110 32 -7.81607e-07
-109.5 32 0.00011192
-109 32 0.000129692
-108.5 32 0.00018113
-108 32 0.000205366
-107.5 32 0.000215602
-107 32 0.000188854
-106.5 32 0.000206707
-106 32 0.000123666
-105.5 32 0.000248398
-105 32 0.000279394
-104.5 32 0.000368058
-104 32 0.000520396
-103.5 32 0.000377386
-103 32 0.000302514
-102.5 32 0.000280559
-102 32 0.000207577
-101.5 32 0.00025642
-101 32 0.000244714
-100.5 32 0.000252006
-100 32 0.000228228
-99.5 32 0.000251545
-99 32 0.000238572
-98.5 32 0.000244514
-98 32 0.000198044
-97.5 32 0.000247623
-97 32 0.00023893
-96.5 32 0.000246633
-96 32 0.000192584
-95.5 32 0.000244593
-95 32 0.000231634
-94.5 32 0.000239758
-94 32 0.000192631
-93.5 32 0.000234726
-93 32 0.000224654
-92.5 32 0.000250314
-92 32 0.000284383
-91.5 32 0.000233187
-91 32 0.000182967
-90.5 32 0.000169482
-90 32 8.88015e-05
-89.5 32 0.000156975
-89 32 0.000150069
-88.5 32 0.000164479
-88 32 0.000130335
-87.5 32 0.000172353
-87 32 0.000170908
-86.5 32 0.000192677
-86 32 0.000204193
-85.5 32 0.000192813
-85 32 0.000178156
-84.5 32 0.000186531
-84 32 0.000192836
-83.5 32 0.000168576
-83 32 0.000144744
-82.5 32 0.000147055
-82 32 0.000167636
-81.5 32 0.00013312
-81 32 0.000118161
-119 32.5 0.000117141
-118.5 32.5 0.000107934
-118 32.5 0.000124646
-117.5 32.5 0.000118042
-117 32.5 0.000131388
-116.5 32.5 0.000120972
-116 32.5 0.000132221
-115.5 32.5 0.000130958
-115 32.5 0.000161145
-114.5 32.5 0.000147903
-114 32.5 0.000176687
-113.5 32.5 0.000147806
-113 32.5 0.0001639
-112.5 32.5 0.000144857
-112 32.5 0.000161385
-111.5 32.5 0.000134445
-111 32.5 0.000141621
-110.5 32.5 9.98237e-05
-110 32.5 9.76123e-05
-109.5 32.5 0.000103748
-109 32.5 0.000164406
-108.5 32.5 0.000147276
-108 32.5 0.000197753
-107.5 32.5 0.000176312
-107 32.5 0.000228011
-106.5 32.5 0.000203759
-106 32.5 0.000238356
-105.5 32.5 0.000250764
-105 32.5 0.000316344
-104.5 32.5 0.000334751
-104 32.5 0.000419444
-103.5 32.5 0.000348753
-103 32.5 0.00033454
-102.5 32.5 0.000284191
-102 32.5 0.000277205
-101.5 32.5 0.000261559
-101 32.5 0.000282405
-100.5 32.5 0.000253225
-100 32.5 0.000259894
-99.5 32.5 0.000245118
-99 32.5 0.000273616
-98.5 32.5 0.000243867
-98 32.5 0.000254194
-97.5 32.5 0.000244517
-97 32.5 0.000277543
-96.5 32.5 0.000252105
-96 32.5 0.000263984
-95.5 32.5 0.000246547
-95 32.5 0.000269217
-94.5 32.5 0.000235809
-94 32.5 0.00024334
-93.5 32.5 0.000225319
-93 32.5 0.00025066
-92.5 32.5 0.000229642
-92 32.5 0.00025805
-91.5 32.5 0.000210569
-91 32.5 0.000213346
-90.5 32.5 0.000167842
-90 32.5 0.000167436
-89.5 32.5 0.000158551
-89 32.5 0.000186284
-88.5 32.5 0.000170264
-88 32.5 0.00018819
-87.5 32.5 0.00017894
-87 32.5 0.000194265
-86.5 32.5 0.000187537
-86 32.5 0.000206397
-85.5 32.5 0.000185183
-85 32.5 0.000184155
-84.5 32.5 0.000168635
-84 32.5 0.000173596
-83.5 32.5 0.000149793
-83 32.5 0.000146606
-82.5 32.5 0.000132539
-82 32.5 0.000140836
-81.5 32.5 0.000123778
-81 32.5 0.000117189
-119 33 0.000119198
-118.5 33 0.000136932
-118 33 0.000142643
-117.5 33 0.00014765
-117 33 0.000136895
-116.5 33 0.000150602
-116 33 0.000142002
-115.5 33 0.000162627
-115 33 0.000140767
-114.5 33 0.000149222
-114 33 0.000126442
-113.5 33 0.000154186
-113 33 0.000149319
-112.5 33 0.000175083
-112 33 0.000165247
-111.5 33 0.000176515
-111 33 0.000142149
-110.5 33 0.000142015
-110 33 0.000108595
-109.5 33 0.000153768
-109 33 0.000134384
-108.5 33 0.000164685
-108 33 0.000140256
-107.5 33 0.000204414
-107 33 0.000204712
-106.5 33 0.000265268
-106 33 0.000261451
-105.5 33 0.000312514
-105 33 0.000309073
-104.5 33 0.000370146
-104 33 0.000365426
-103.5 33 0.000377271
-103 33 0.000331781
-102.5 33 0.000334599
-102 33 0.000297707
-101.5 33 0.000318215
-101 33 0.000285272
-100.5 33 0.000288513
-100 33 0.000255458
-99.5 33 0.000290878
-99 33 0.000268907
-98.5 33 0.00028756
-98 33 0.000257328
-97.5 33 0.000297803
-97 33 0.000282642
-96.5 33 0.000309524
-96 33 0.000283702
-95.5 33 0.000305457
-95 33 0.000270892
-94.5 33 0.000279684
-94 33 0.000242845
-93.5 33 0.00026423
-93 33 0.000237983
-92.5 33 0.000252727
-92 33 0.000224175
-91.5 33 0.000236102
-91 33 0.000202758
-90.5 33 0.000209612
-90 33 0.000180545
-89.5 33 0.000202635
-89 33 0.000192825
-88.5 33 0.000218055
-88 33 0.000210441
-87.5 33 0.000216319
-87 33 0.000202116
-86.5 33 0.000214931
-86 33 0.0002053
-85.5 33 0.000199375
-85 33 0.000176624
-84.5 33 0.0001709
-84 33 0.000151872
-83.5 33 0.000146711
-83 33 0.000130467
-82.5 33 0.000130784
-82 33 0.000121163
-81.5 33 0.000119071
-81 33 0.000111899
-119 33.5 0.000138914
-118.5 33.5 0.000146895
-118 33.5 0.000196221
-117.5 33.5 0.000158663
-117 33.5 0.000164385
-116.5 33.5 0.000154148
-116 33.5 0.00018541
-115.5 33.5 0.000153349
-115 33.5 0.000154577
-114.5 33.5 0.000113104
-114 33.5 9.68084e-05
-113.5 33.5 0.000118752
-113 33.5 0.000165543
-112.5 33.5 0.000169472
-112 33.5 0.000214749
-111.5 33.5 0.000175317
-111 33.5 0.000177161
-110.5 33.5 0.000137083
-110 33.5 0.000145236
-109.5 33.5 0.000129014
-109 33.5 0.000159757
-108.5 33.5 0.000113686
-108 33.5 0.000121031
-107.5 33.5 0.000149809
-107 33.5 0.000243024
-106.5 33.5 0.000253942
-106 33.5 0.000350145
-105.5 33.5 0.000308033
-105 33.5 0.000362217
-104.5 33.5 0.000341915
-104 33.5 0.000387524
-103.5 33.5 0.000350222
-103 33.5 0.000375286
-102.5 33.5 0.000330673
-102 33.5 0.000343986
-101.5 33.5 0.000309678
-101 33.5 0.000326141
-100.5 33.5 0.000271321
-100 33.5 0.000269404
-99.5 33.5 0.000263421
-99 33.5 0.000309329
-98.5 33.5 0.000270153
-98 33.5 0.000287278
-97.5 33.5 0.000280328
-97 33.5 0.000329677
-96.5 33.5 0.000308502
-96 33.5 0.000345371
-95.5 33.5 0.000301198
-95 33.5 0.000314342
-94.5 33.5 0.000267082
-94 33.5 0.000273893
-93.5 33.5 0.000244482
-93 33.5 0.000263439
-92.5 33.5 0.000225362
-92 33.5 0.000227536
-91.5 33.5 0.000208112
-91 33.5 0.000229673
-90.5 33.5 0.000200672
-90 33.5 0.000220216
-89.5 33.5 0.000200576
-89 33.5 0.000230196
-88.5 33.5 0.000227372
-88 33.5 0.000269405
-87.5 33.5 0.000228396
-87 33.5 0.000231967
-86.5 33.5 0.000216985
-86 33.5 0.00023304
-85.5 33.5 0.000196265
-85 33.5 0.000183688
-84.5 33.5 0.000155674
-84 33.5 0.00014091
-83.5 33.5 0.000126933
-83 33.5 0.000128024
-82.5 33.5 0.000111819
-82 33.5 0.00011168
-81.5 33.5 0.00010453
-81 33.5 0.000106541
-119 34 0.000130865
-118.5 34 0.000171782
-118 34 0.00028468
-117.5 34 0.000187379
-117 34 0.000159934
-116.5 34 0.000183284
-116 34 0.000226929
-115.5 34 0.000182316
-115 34 0.000139436
-114.5 34 0.000113841
-114 34 -2.53494e-05
-113.5 34 0.000124043
-113 34 0.000153549
-112.5 34 0.000208579
-112 34 0.000271185
-111.5 34 0.000219508
-111 34 0.000176254
-110.5 34 0.000175027
-110 34 0.000120729
-109.5 34 0.000168977
-109 34 0.000133593
-108.5 34 0.000125704
-108 34 -2.79177e-05
-107.5 34 0.000173294
-107 34 0.000213553
-106.5 34 0.000320568
-106 34 0.000429171
-105.5 34 0.000388589
-105 34 0.000344684
-104.5 34 0.000394798
-104 34 0.000363593
-103.5 34 0.000412354
-103 34 0.000367327
-102.5 34 0.000392682
-102 34 0.000345139
-101.5 34 0.00038222
-101 34 0.000325972
-100.5 34 0.000321819
-100 34 0.000197184
-99.5 34 0.000318824
-99 34 0.000300903
-98.5 34 0.000327221
-98 34 0.000239857
-97.5 34 0.000339203
-97 34 0.000330293
-96.5 34 0.000377841
-96 34 0.000384822
-95.5 34 0.000368735
-95 34 0.000313085
-94.5 34 0.000315803
-94 34 0.000251548
-93.5 34 0.000287186
-93 34 0.000252315
-92.5 34 0.000253206
-92 34 0.0001736
-91.5 34 0.000236414
-91 34 0.000218647
-90.5 34 0.000237482
-90 34 0.000227516
-89.5 34 0.000239291
-89 34 0.000230488
-88.5 34 0.000272586
-88 34 0.000347788
-87.5 34 0.000271355
-87 34 0.000234027
-86.5 34 0.000244125
-86 34 0.000270187
-85.5 34 0.000215607
-85 34 0.000176977
-84.5 34 0.000155675
-84 34 0.000105275
-83.5 34 0.000125398
-83 34 0.00011087
-82.5 34 0.000108108
-82 34 9.07764e-05
-81.5 34 9.83387e-05
-81 34 9.69953e-05
-119 34.5 0.000124875
-118.5 34.5 0.000127202
-118 34.5 0.000172228
-117.5 34.5 0.000141719
-117 34.5 0.000157672
-116.5 34.5 0.000158713
-116 34.5 0.000198243
-115.5 34.5 0.000166273
-115 34.5 0.000164315
-114.5 34.5 0.000128725
-114 34.5 0.000118824
-113.5 34.5 0.000137843
-113 34.5 0.000186182
-112.5 34.5 0.000185024
-112 34.5 0.000236337
-111.5 34.5 0.000197064
-111 34.5 0.000209164
-110.5 34.5 0.000176768
-110 34.5 0.000197146
-109.5 34.5 0.000166701
-109 34.5 0.00019266
-108.5 34.5 0.000129755
-108 34.5 0.000139923
-107.5 34.5 0.000161275
-107 34.5 0.000272253
-106.5 34.5 0.00027132
-106 34.5 0.000384837
-105.5 34.5 0.000333827
-105 34.5 0.000401817
-104.5 34.5 0.000364414
-104 34.5 0.000432914
-103.5 34.5 0.000387071
-103 34.5 0.000444097
-102.5 34.5 0.000374803
-102 34.5 0.000416725
-101.5 34.5 0.000359898
-101 34.5 0.000425525
-100.5 34.5 0.000320369
-100 34.5 0.000324096
-99.5 34.5 0.000304849
-99 34.5 0.00040417
-98.5 34.5 0.000341372
-98 34.5 0.000360154
-97.5 34.5 0.000338204
-97 34.5 0.000402695
-96.5 34.5 0.000368082
-96 34.5 0.00041263
-95.5 34.5 0.000350532
-95 34.5 0.000364962
-94.5 34.5 0.000304209
-94 34.5 0.000315897
-93.5 34.5 0.000275788
-93 34.5 0.000296205
-92.5 34.5 0.000248836
-92 34.5 0.000253023
-91.5 34.5 0.000229228
-91 34.5 0.000254119
-90.5 34.5 0.000222862
-90 34.5 0.000245036
-89.5 34.5 0.00022229
-89 34.5 0.000248515
-88.5 34.5 0.000245595
-88 34.5 0.000289896
-87.5 34.5 0.000245293
-87 34.5 0.000238569
-86.5 34.5 0.000220042
-86 34.5 0.000234447
-85.5 34.5 0.00019623
-85 34.5 0.000178345
-84.5 34.5 0.000148098
-84 34.5 0.000132118
-83.5 34.5 0.000114499
-83 34.5 0.00011566
-82.5 34.5 8.77443e-05
-82 34.5 8.21282e-05
-81.5 34.5 7.91555e-05
-81 34.5 9.17967e-05
-119 35 8.85776e-05
-118.5 35 9.34015e-05
-118 35 8.75319e-05
-117.5 35 0.000111689
-117 35 0.000126072
-116.5 35 0.00016326
-116 35 0.000177211
-115.5 35 0.000182907
-115 35 0.000169069
-114.5 35 0.000183671
-114 35 0.000175137
-113.5 35 0.000196083
-113 35 0.00018216
-112.5 35 0.00020998
-112 35 0.000197813
-111.5 35 0.000219513
-111 35 0.000205193
-110.5 35 0.000232705
-110 35 0.0002148
-109.5 35 0.00023567
-109 35 0.000187533
-108.5 35 0.000200439
-108 35 0.000155491
-107.5 35 0.000240756
-107 35 0.000232032
-106.5 35 0.000314867
-106 35 0.000295244
-105.5 35 0.000385483
-105 35 0.000359778
-104.5 35 0.000447982
-104 35 0.000407942
-103.5 35 0.000494211
-103 35 0.000416144
-102.5 35 0.000470238
-102 35 0.000371896
-101.5 35 0.000497949
-101 35 0.000400222
-100.5 35 0.000422382
-100 35 0.000294153
-99.5 35 0.000435921
-99 35 0.000399087
-98.5 35 0.000442424
-98 35 0.000369597
-97.5 35 0.000438157
-97 35 0.000402861
-96.5 35 0.000448786
-96 35 0.000399927
-95.5 35 0.000421489
-95 35 0.000358775
-94.5 35 0.000371766
-94 35 0.000315834
-93.5 35 0.000337482
-93 35 0.000293741
-92.5 35 0.000306835
-92 35 0.000265367
-91.5 35 0.000282287
-91 35 0.00024561
-90.5 35 0.000256869
-90 35 0.000226797
-89.5 35 0.000245022
-89 35 0.000232268
-88.5 35 0.000259149
-88 35 0.00025074
-87.5 35 0.000246955
-87 35 0.000221671
-86.5 35 0.000226368
-86 35 0.000207927
-85.5 35 0.000197629
-85 35 0.000169363
-84.5 35 0.000158784
-84 35 0.000132011
-83.5 35 0.000129577
-83 35 9.51398e-05
-82.5 35 8.07166e-05
-82 35 4.99632e-05
-81.5 35 7.23565e-05
-81 35 7.80401e-05
-119 35.5 7.11161e-05
-118.5 35.5 3.69458e-05
-118 35.5 1.25695e-05
-117.5 35.5 5.62599e-05
-117 35.5 0.000116921
-116.5 35.5 0.00014385
-116 35.5 0.000197721
-115.5 35.5 0.000177809
-115 35.5 0.000201222
-114.5 35.5 0.000203592
-114 35.5 0.00027058
-113.5 35.5 0.000211267
-113 35.5 0.000219178
-112.5 35.5 0.000187866
-112 35.5 0.00020436
-111.5 35.5 0.000198664
-111 35.5 0.000241018
-110.5 35.5 0.000237493
-110 35.5 0.000293625
-109.5 35.5 0.000234268
-109 35.5 0.00024635
-108.5 35.5 0.00018586
-108 35.5 0.000222402
-107.5 35.5 0.000202963
-107 35.5 0.000286473
-106.5 35.5 0.000245932
-106 35.5 0.000306198
-105.5 35.5 0.000307951
-105 35.5 0.000432826
-104.5 35.5 0.000399188
-104 35.5 0.00050867
-103.5 35.5 0.000437919
-103 35.5 0.000525083
-102.5 35.5 0.000401113
-102 35.5 0.000442182
-101.5 35.5 0.000415784
-101 35.5 0.000508895
-100.5 35.5 0.000359416
-100 35.5 0.000292335
-99.5 35.5 0.000368375
-99 35.5 0.000491663
-98.5 35.5 0.000420764
-98 35.5 0.000425722
-97.5 35.5 0.000409842
-97 35.5 0.000485116
-96.5 35.5 0.00042744
-96 35.5 0.000465212
-95.5 35.5 0.000393499
-95 35.5 0.000418673
-94.5 35.5 0.000351903
-94 35.5 0.000367882
-93.5 35.5 0.000318198
-93 35.5 0.000340708
-92.5 35.5 0.000297747
-92 35.5 0.000321042
-91.5 35.5 0.000269956
-91 35.5 0.000279636
-90.5 35.5 0.000235274
-90 35.5 0.000240586
-89.5 35.5 0.000221014
-89 35.5 0.000248521
-88.5 35.5 0.000233772
-88 35.5 0.000253398
-87.5 35.5 0.000223101
-87 35.5 0.000228756
-86.5 35.5 0.00020526
-86 35.5 0.000207831
-85.5 35.5 0.000179834
-85 35.5 0.000174406
-84.5 35.5 0.000149111
-84 35.5 0.000147483
-83.5 35.5 0.000111857
-83 35.5 9.57252e-05
-82.5 35.5 4.60759e-05
-82 35.5 9.35392e-06
-81.5 35.5 3.96618e-05
-81 35.5 6.56546e-05
-119 36 4.07955e-05
-118.5 36 3.55941e-06
-118 36 -0.000159954
-117.5 36 2.69895e-05
-117 36 8.77325e-05
-116.5 36 0.000152768
-116 36 0.000233689
-115.5 36 0.000200228
-115 36 0.000193883
-114.5 36 0.000252575
-114 36 0.000405026
-113.5 36 0.000264901
-113 36 0.000207613
-112.5 36 0.00020878
-112 36 0.0001533
-111.5 36 0.000225113
-111 36 0.000234798
-110.5 36 0.000292394
-110 36 0.000375911
-109.5 36 0.000301409
-109 36 0.00023357
-108.5 36 0.000242508
-108 36 0.00018751
-107.5 36 0.000269072
-107 36 0.000243897
-106.5 36 0.000292496
-106 36 0.000159343
-105.5 36 0.000381605
-105 36 0.000378527
-104.5 36 0.000505195
-104 36 0.000497178
-103.5 36 0.000591832
-103 36 0.000479987
-102.5 36 0.000538677
-102 36 0.000260558
-101.5 36 0.000576284
-101 36 0.000503238
-100.5 36 0.000496798
-100 36 -5.48748e-05
-99.5 36 0.000509812
-99 36 0.000523094
-98.5 36 0.000555199
-98 36 0.000329867
-97.5 36 0.000524732
-97 36 0.000483469
-96.5 36 0.00052417
-96 36 0.000462402
-95.5 36 0.000473663
-95 36 0.000401118
-94.5 36 0.000414439
-94 36 0.000356973
-93.5 36 0.000376494
-93 36 0.000330051
-92.5 36 0.000351507
-92 36 0.000347194
-91.5 36 0.000320351
-91 36 0.000267007
-90.5 36 0.000263696
-90 36 0.000200884
-89.5 36 0.000245175
-89 36 0.000230556
-88.5 36 0.000249856
-88 36 0.000239656
-87.5 36 0.000237093
-87 36 0.00021039
-86.5 36 0.000213475
-86 36 0.000193847
-85.5 36 0.000188185
-85 36 0.000162219
-84.5 36 0.000161618
-84 36 0.000155114
-83.5 36 0.000125724
-83 36 7.63493e-05
-82.5 36 3.57628e-05
-82 36 -0.000111727
-81.5 36 2.46544e-05
-81 36 5.73887e-05
-119 36.5 6.18641e-05
-118.5 36.5 7.19355e-06
-118 36.5 -2.83461e-05
-117.5 36.5 2.18952e-05
-117 36.5 0.000101334
-116.5 36.5 0.000126874
-116 36.5 0.000179996
-115.5 36.5 0.000162691
-115 36.5 0.000193883
-114.5 36.5 0.000197848
-114 36.5 0.000268903
-113.5 36.5 0.000211866
-113 36.5 0.000221115
-112.5 36.5 0.000195967
-112 36.5 0.000218546
-111.5 36.5 0.000218762
-111 36.5 0.000259524
-110.5 36.5 0.000264285
-110 36.5 0.000333606
-109.5 36.5 0.000267559
-109 36.5 0.000281059
-108.5 36.5 0.000215555
-108 36.5 0.000263214
-107.5 36.5 0.000235802
-107 36.5 0.000328769
-106.5 36.5 0.000276613
-106 36.5 0.000359863
-105.5 36.5 0.000347909
-105 36.5 0.000504922
-104.5 36.5 0.000440275
-104 36.5 0.000615462
-103.5 36.5 0.000519768
-103 36.5 0.000691277
-102.5 36.5 0.000523996
-102 36.5 0.000635223
-101.5 36.5 0.000605628
-98.5 36.5 0.00063223
-98 36.5 0.000617187
-97.5 36.5 0.00055485
-97 36.5 0.000637011
-96.5 36.5 0.000525083
-96 36.5 0.000535554
-95.5 36.5 0.000446327
-95 36.5 0.000473332
-94.5 36.5 0.000398879
-94 36.5 0.000416046
-93.5 36.5 0.000357618
-93 36.5 0.000377418
-92.5 36.5 0.000328488
-92 36.5 0.000354545
-91.5 36.5 0.000296328
-91 36.5 0.000301679
-90.5 36.5 0.000251328
-90 36.5 0.000255248
-89.5 36.5 0.000231319
-89 36.5 0.000253124
-88.5 36.5 0.000227349
-88 36.5 0.000242222
-87.5 36.5 0.000212216
-87 36.5 0.000219935
-86.5 36.5 0.000190627
-86 36.5 0.000193921
-85.5 36.5 0.000166282
-85 36.5 0.0001702
-84.5 36.5 0.000140971
-84 36.5 0.000145004
-83.5 36.5 0.000105781
-83 36.5 0.000100135
-82.5 36.5 4.54744e-05
-82 36.5 1.01035e-05
-81.5 36.5 3.96563e-05
-81 36.5 7.27913e-05
-119 37 4.6582e-05
-118.5 37 2.9095e-05
-118 37 -1.56684e-05
-117.5 37 5.41411e-05
-117 37 7.85001e-05
-116.5 37 0.000122602
-116 37 0.000127969
-115.5 37 0.000156979
-115 37 0.000148362
-114.5 37 0.000174699
-114 37 0.000168094
-113.5 37 0.000195583
-113 37 0.000192406
-112.5 37 0.000228306
-112 37 0.000229712
-111.5 37 0.000252269
-111 37 0.000250982
-110.5 37 0.000295695
-110 37 0.000293696
-109.5 37 0.000304473
-109 37 0.000250854
-108.5 37 0.00027082
-108 37 0.000228488
-107.5 37 0.000312574
-107 37 0.00029997
-106.5 37 0.000391202
-106 37 0.000362945
-105.5 37 0.000493288
-105 37 0.000438083
-104.5 37 0.000588559
-104 37 0.000506143
-103.5 37 0.00073385
-103 37 0.000633238
-97 37 0.000641063
-96.5 37 0.000623397
-96 37 0.000494722
-95.5 37 0.000517144
-95 37 0.000445826
-94.5 37 0.000459705
-94 37 0.000395566
-93.5 37 0.000411209
-93 37 0.000357865
-92.5 37 0.00037007
-92 37 0.000323206
-91.5 37 0.000332044
-91 37 0.000285755
-90.5 37 0.000290234
-90 37 0.000250366
-89.5 37 0.000265888
-89 37 0.000236122
-88.5 37 0.000245823
-88 37 0.000215908
-87.5 37 0.000227111
-87 37 0.00019721
-86.5 37 0.00019967
-86 37 0.000167594
-85.5 37 0.000177597
-85 37 0.00014924
-84.5 37 0.000149281
-84 37 0.000115177
-83.5 37 0.000126406
-83 37 9.06416e-05
-82.5 37 8.04586e-05
-82 37 4.59975e-05
-81.5 37 7.58251e-05
-81 37 8.34215e-05
-119 37.5 6.67481e-05
-118.5 37.5 1.21324e-05
-118 37.5 -1.68109e-05
-117.5 37.5 2.74593e-05
-117 37.5 8.36945e-05
-116.5 37.5 8.87573e-05
-116 37.5 0.000106043
-115.5 37.5 0.00011154
-115 37.5 0.000140729
-114.5 37.5 0.000109522
-114 37.5 0.000102172
-113.5 37.5 0.000134483
-113 37.5 0.000200709
-112.5 37.5 0.000216394
-112 37.5 0.000284805
-111.5 37.5 0.000249196
-111 37.5 0.000283948
-110.5 37.5 0.000275324
-110 37.5 0.00033355
-109.5 37.5 0.000272188
-109 37.5 0.000294341
-108.5 37.5 0.00022899
-108 37.5 0.000262149
-107.5 37.5 0.00026398
-107 37.5 0.000378182
-106.5 37.5 0.000364943
-106 37.5 0.000510214
-105.5 37.5 0.000433919
-105 37.5 0.000584059
-104.5 37.5 0.000471969
-104 37.5 0.000648686
-103.5 37.5 0.000613271
-96.5 37.5 0.000597446
-96 37.5 0.000513776
-95.5 37.5 0.000466475
-95 37.5 0.000496188
-94.5 37.5 0.000433432
-94 37.5 0.000441901
-93.5 37.5 0.000386366
-93 37.5 0.000399631
-92.5 37.5 0.000343668
-92 37.5 0.000347994
-91.5 37.5 0.00030475
-91 37.5 0.000316452
-90.5 37.5 0.000273834
-90 37.5 0.000282488
-89.5 37.5 0.000247011
-89 37.5 0.000257014
-88.5 37.5 0.000220369
-88 37.5 0.000221763
-87.5 37.5 0.00019752
-87 37.5 0.000206815
-86.5 37.5 0.000171037
-86 37.5 0.000165753
-85.5 37.5 0.000148527
-85 37.5 0.000157251
-84.5 37.5 0.000121704
-84 37.5 0.000109193
-83.5 37.5 0.00010055
-83 37.5 0.000110142
-82.5 37.5 7.99562e-05
-82 37.5 7.74066e-05
-81.5 37.5 8.38239e-05
-81 37.5 9.71145e-05
-119 38 5.94127e-05
-118.5 38 2.97214e-05
-118 38 -0.000127844
-117.5 38 4.22151e-05
-117 38 7.23157e-05
-116.5 38 9.72088e-05
-116 38 3.48215e-05
-115.5 38 0.000119641
-115 38 0.000105935
-114.5 38 9.23435e-05
-114 38 -6.67545e-05
-113.5 38 0.000123346
-113 38 0.000171118
-112.5 38 0.000247486
-112 38 0.00034916
-111.5 38 0.00029104
-111 38 0.000264778
-110.5 38 0.000307817
-110 38 0.000360105
-109.5 38 0.00031688
-109 38 0.000258795
-108.5 38 0.000265483
-108 38 0.000163763
-107.5 38 0.000319077
-107 38 0.000344111
-106.5 38 0.000462628
-106 38 0.000557739
-105.5 38 0.000584264
-105 38 0.000487368
-104.5 38 0.000617658
-104 38 0.000474546
-96 38 0.000358941
-95.5 38 0.000509383
-95 38 0.000477144
-94.5 38 0.000482849
-94 38 0.00042113
-93.5 38 0.000434193
-93 38 0.000380268
-92.5 38 0.000377941
-92 38 0.000316515
-91.5 38 0.000338146
-91 38 0.000300291
-90.5 38 0.000306181
-90 38 0.000275731
-89.5 38 0.000278239
-89 38 0.00024037
-88.5 38 0.000237976
-88 38 0.000184808
-87.5 38 0.000214143
-87 38 0.000185952
-86.5 38 0.000182457
-86 38 0.000116757
-85.5 38 0.000161845
-85 38 0.000140259
-84.5 38 0.000132972
-84 38 4.80993e-05
-83.5 38 0.00011619
-83 38 0.000104336
-82.5 38 0.000108771
-82 38 7.60488e-05
-81.5 38 0.000107377
-81 38 0.000109627
-119 38.5 0.000108802
-118.5 38.5 6.38615e-05
-118 38.5 4.8625e-05
-117.5 38.5 7.42032e-05
-117 38.5 0.000119765
-116.5 38.5 0.000107518
-116 38.5 0.000123332
-115.5 38.5 0.00011682
-115 38.5 0.000146317
-114.5 38.5 9.00638e-05
-114 38.5 7.23726e-05
-113.5 38.5 0.000110388
-113 38.5 0.00019885
-112.5 38.5 0.000212121
-112 38.5 0.000284074
-111.5 38.5 0.000246342
-111 38.5 0.000282031
-110.5 38.5 0.000260427
-110 38.5 0.000317432
-109.5 38.5 0.00026615
-109 38.5 0.000304499
-108.5 38.5 0.000247468
-108 38.5 0.000285413
-107.5 38.5 0.000295798
-107 38.5 0.000414359
-106.5 38.5 0.000411964
-106 38.5 0.000581029
-105.5 38.5 0.000490461
-105 38.5 0.000657218
-104.5 38.5 0.000525715
-95.5 38.5 0.000509163
-95 38.5 0.000549253
-94.5 38.5 0.000488198
-94 38.5 0.000494444
-93.5 38.5 0.000429443
-93 38.5 0.000424022
-92.5 38.5 0.000362492
-92 38.5 0.000365726
-91.5 38.5 0.000322225
-91 38.5 0.000332151
-90.5 38.5 0.000291108
-90 38.5 0.000303887
-89.5 38.5 0.000262364
-89 38.5 0.000267261
-88.5 38.5 0.000223085
-88 38.5 0.000225098
-87.5 38.5 0.00019789
-87 38.5 0.000212218
-86.5 38.5 0.000172539
-86 38.5 0.0001713
-85.5 38.5 0.000154389
-85 38.5 0.000169767
-84.5 38.5 0.000137258
-84 38.5 0.000131331
-83.5 38.5 0.000123068
-83 38.5 0.000137236
-82.5 38.5 0.000117353
-82 38.5 0.000124004
-81.5 38.5 0.000121765
-81 38.5 0.00012555
-119 39 0.000124799
-118.5 39 0.000138857
-118 39 0.000124581
-117.5 39 0.000150691
-117 39 0.000139983
-116.5 39 0.000164852
-116 39 0.000145706
-115.5 39 0.000178685
-115 39 0.000135403
-114.5 39 0.000131055
-114 39 7.97893e-05
-113.5 39 0.000156993
-113 39 0.000167137
-112.5 39 0.000217584
-112 39 0.00020853
-111.5 39 0.000253252
-111 39 0.000235481
-110.5 39 0.000265591
-110 39 0.000239235
-109.5 39 0.000289854
-109 39 0.000265619
-108.5 39 0.000299122
-108 39 0.000276852
-107.5 39 0.000359291
-107 39 0.000381269
-106.5 39 0.000481897
-106 39 0.000491953
-105.5 39 0.000606124
-105 39 0.000544974
-95 39 0.0005345
-94.5 39 0.000545361
-94 39 0.000504662
-93.5 39 0.000480439
-93 39 0.000415955
-92.5 39 0.000405884
-92 39 0.000357014
-91.5 39 0.000357778
-91 39 0.000318656
-90.5 39 0.000326061
-90 39 0.000292435
-89.5 39 0.000294741
-89 39 0.000253447
-88.5 39 0.00025254
-88 39 0.000214593
-87.5 39 0.000229147
-87 39 0.000198859
-86.5 39 0.000203241
-86 39 0.000171911
-85.5 39 0.000188016
-85 39 0.000170403
-84.5 39 0.000179736
-84 39 0.00016075
-83.5 39 0.0001645
-83 39 0.000146255
-82.5 39 0.000157188
-82 39 0.00014757
-81.5 39 0.000149
-81 39 0.000139596
-119 39.5 0.000176231
-118.5 39.5 0.000176003
-118 39.5 0.000238738
-117.5 39.5 0.000187426
-117 39.5 0.000196275
-116.5 39.5 0.000179557
-116 39.5 0.000217234
-115.5 39.5 0.000176518
-115 39.5 0.000174347
-114.5 39.5 0.000114322
-114 39.5 9.84994e-05
-113.5 39.5 0.00012773
-113 39.5 0.000184425
-112.5 39.5 0.000171067
-112 39.5 0.000180232
-111.5 39.5 0.000199163
-111 39.5 0.000242967
-110.5 39.5 0.000209798
-110 39.5 0.000211987
-109.5 39.5 0.000232379
-109 39.5 0.000293336
-108.5 39.5 0.000270993
-108 39.5 0.000317822
-107.5 39.5 0.000332089
-107 39.5 0.000430476
-106.5 39.5 0.000435982
-106 39.5 0.000559233
-105.5 39.5 0.000513396
-105 39.5 0.000654074
-95 39.5 0.000568256
-94.5 39.5 0.000543407
-94 39.5 0.000581552
-93.5 39.5 0.00048031
-93 39.5 0.00045616
-92.5 39.5 0.000393078
-92 39.5 0.00039563
-91.5 39.5 0.000341695
-91 39.5 0.000348339
-90.5 39.5 0.000311966
-90 39.5 0.000327993
-89.5 39.5 0.00027926
-89 39.5 0.000279335
-88.5 39.5 0.000235856
-88 39.5 0.000236917
-87.5 39.5 0.000210474
-87 39.5 0.000222902
-86.5 39.5 0.000191797
-86 39.5 0.000198153
-85.5 39.5 0.000181455
-85 39.5 0.000199609
-84.5 39.5 0.000189873
-84 39.5 0.00021768
-83.5 39.5 0.000177305
-83 39.5 0.000180965
-82.5 39.5 0.000167141
-82 39.5 0.000193864
-81.5 39.5 0.000162232
-81 39.5 0.000154803
-119 40 0.000182906
-118.5 40 0.000236765
-118 40 0.000383916
-117.5 40 0.000251691
-117 40 0.000208457
-116.5 40 0.000231746
-116 40 0.000277957
-115.5 40 0.000225926
-115 40 0.00017157
-114.5 40 0.000147339
-114 40 6.20666e-06
-113.5 40 0.00015553
-113 40 0.000170494
-112.5 40 0.000184854
-112 40 6.28948e-05
-111.5 40 0.00021174
-111 40 0.000215779
-110.5 40 0.000218571
-110 40 7.49507e-05
-109.5 40 0.000248224
-109 40 0.000268925
-108.5 40 0.000309198
-108 40 0.000272558
-107.5 40 0.000376904
-107 40 0.000408078
-106.5 40 0.000487038
-106 40 0.000528083
-105.5 40 0.000596268
-105 40 0.000563894
-95 40 0.000544695
-94.5 40 0.000579908
-94 40 0.000688646
-93.5 40 0.000527119
-93 40 0.000439805
-92.5 40 0.000421166
-92 40 0.000399941
-91.5 40 0.000371744
-91 40 0.000330578
-90.5 40 0.000339885
-90 40 0.000342522
-89.5 40 0.000310508
-89 40 0.000264901
-88.5 40 0.000259795
-88 40 0.000216642
-87.5 40 0.000236796
-87 40 0.000211682
-86.5 40 0.000217465
-86 40 0.000190503
-85.5 40 0.00020966
-85 40 0.00020052
-84.5 40 0.000226354
-84 40 0.000285608
-83.5 40 0.000216912
-83 40 0.00018224
-82.5 40 0.000198851
-82 40 0.000257619
-81.5 40 0.000185792
-81 40 0.000159897
-119 40.5 0.0001943
-118.5 40.5 0.000215886
-118 40.5 0.000288698
-117.5 40.5 0.000234743
-117 40.5 0.000222442
-116.5 40.5 0.000219794
-116 40.5 0.000267283
-115.5 40.5 0.000223574
-115 40.5 0.000209502
-114.5 40.5 0.000172557
-114 40.5 0.00017034
-113.5 40.5 0.000187475
-113 40.5 0.000218153
-112.5 40.5 0.000205435
-112 40.5 0.000216212
-111.5 40.5 0.000230274
-111 40.5 0.000261606
-110.5 40.5 0.000228479
-110 40.5 0.000232166
-109.5 40.5 0.000255755
-109 40.5 0.00031826
-108.5 40.5 0.00030889
-108 40.5 0.000359349
-107.5 40.5 0.000372356
-107 40.5 0.000449178
-106.5 40.5 0.000455313
-106 40.5 0.000563468
-105.5 40.5 0.00053347
-105 40.5 0.00064234
-95 40.5 0.00057395
-94.5 40.5 0.000547055
-94 40.5 0.000583638
-93.5 40.5 0.000483198
-93 40.5 0.000450293
-92.5 40.5 0.000389934
-92 40.5 0.00039341
-91.5 40.5 0.000343475
-91 40.5 0.000347653
-90.5 40.5 0.000315431
-90 40.5 0.00033643
-89.5 40.5 0.000288927
-89 40.5 0.000287218
-88.5 40.5 0.000246901
-88 40.5 0.000253126
-87.5 40.5 0.000226405
-87 40.5 0.000238053
-86.5 40.5 0.000211621
-86 40.5 0.000223836
-85.5 40.5 0.00020541
-85 40.5 0.000217257
-84.5 40.5 0.000211865
-84 40.5 0.000244896
-83.5 40.5 0.000198685
-83 40.5 0.000193069
-82.5 40.5 0.000171107
-82 40.5 0.000195451
-81.5 40.5 0.000164058
-81 40.5 0.000158267
-119 41 0.000184543
-118.5 41 0.000216752
-118 41 0.000248418
-117.5 41 0.000221686
-117 41 0.000220733
-116.5 41 0.000247318
-116 41 0.000271858
-115.5 41 0.000244971
-115 41 0.000231948
-114.5 41 0.00024817
-114 41 0.000262091
-113.5 41 0.000254841
-113 41 0.000253108
-112.5 41 0.000283371
-112 41 0.000296706
-111.5 41 0.000300114
-111 41 0.00028041
-110.5 41 0.00029808
-110 41 0.000288708
-109.5 41 0.000323848
-109 41 0.000323439
-108.5 41 0.000369551
-108 41 0.000377649
-107.5 41 0.00042441
-107 41 0.000437459
-106.5 41 0.000506444
-106 41 0.000523119
-105.5 41 0.000601241
-105 41 0.000584454
-95 41 0.000546395
-94.5 41 0.000540467
-94 41 0.0005025
-93.5 41 0.000473014
-93 41 0.000415523
-92.5 41 0.000398389
-92 41 0.000355367
-91.5 41 0.000352649
-91 41 0.00032291
-90.5 41 0.0003325
-90 41 0.000308743
-89.5 41 0.000306817
-89 41 0.000272715
-88.5 41 0.000275834
-88 41 0.000248351
-87.5 41 0.000254987
-87 41 0.000231848
-86.5 41 0.000243605
-86 41 0.000226342
-85.5 41 0.000229156
-85 41 0.000212751
-84.5 41 0.000227694
-84 41 0.000216258
-83.5 41 0.000207845
-83 41 0.000171159
-82.5 41 0.000168371
-82 41 0.000142975
-81.5 41 0.000152691
-81 41 0.00014738
-119 41.5 0.000183036
-118.5 41.5 0.000203284
-118 41.5 0.00025084
-117.5 41.5 0.000216611
-117 41.5 0.000233017
-116.5 41.5 0.000256561
-116 41.5 0.000327562
-115.5 41.5 0.000266348
-115 41.5 0.00027409
-114.5 41.5 0.000296849
-114 41.5 0.000399418
-113.5 41.5 0.000309578
-113 41.5 0.000312357
-112.5 41.5 0.000329717
-112 41.5 0.000431901
-111.5 41.5 0.000339694
-111 41.5 0.000337103
-110.5 41.5 0.000320893
-110 41.5 0.000389074
-109.5 41.5 0.000339679
-109 41.5 0.000375212
-108.5 41.5 0.000374006
-108 41.5 0.000449085
-107.5 41.5 0.000421975
-107 41.5 0.000478303
-106.5 41.5 0.00048255
-106 41.5 0.000577712
-105.5 41.5 0.00054805
-105 41.5 0.000618186
-104.5 41.5 0.000598444
-95.5 41.5 0.000569345
-95 41.5 0.000545667
-94.5 41.5 0.000493273
-94 41.5 0.000466895
-93.5 41.5 0.00042548
-93 41.5 0.000415537
-92.5 41.5 0.000364651
-92 41.5 0.000351238
-91.5 41.5 0.000322057
-91 41.5 0.000334355
-90.5 41.5 0.000309271
-90 41.5 0.000326306
-89.5 41.5 0.000287564
-89 41.5 0.000293781
-88.5 41.5 0.000265066
-88 41.5 0.000279043
-87.5 41.5 0.000246304
-87 41.5 0.000258632
-86.5 41.5 0.000239068
-86 41.5 0.000264307
-85.5 41.5 0.000225626
-85 41.5 0.000233003
-84.5 41.5 0.000214562
-84 41.5 0.000228452
-83.5 41.5 0.000187126
-83 41.5 0.000179281
-82.5 41.5 0.000131755
-82 41.5 0.000103337
-81.5 41.5 0.000120861
-81 41.5 0.000137713
-119 42 0.000166525
-118.5 42 0.000195994
-118 42 0.000289054
-117.5 42 0.000215
-117 42 0.000216861
-116.5 42 0.00026839
-116 42 0.000450989
-115.5 42 0.000290618
-115 42 0.000272394
-114.5 42 0.000344604
-114 42 0.000641847
-113.5 42 0.000367192
-113 42 0.000317955
-112.5 42 0.000384524
-112 42 0.000658118
-111.5 42 0.000403215
-111 42 0.000335009
-110.5 42 0.000371044
-110 42 0.000504512
-109.5 42 0.000397498
-109 42 0.00036753
-108.5 42 0.000421105
-108 42 0.000514624
-107.5 42 0.000469954
-107 42 0.000459099
-106.5 42 0.000520042
-106 42 0.000596784
-105.5 42 0.000580589
-105 42 0.000561879
-104.5 42 0.000602723
-95.5 42 0.000554309
-95 42 0.000511501
-94.5 42 0.00047998
-94 42 0.000391517
-93.5 42 0.00042039
-93 42 0.000385704
-92.5 42 0.000365494
-92 42 0.000301328
-91.5 42 0.000328202
-91 42 0.00031002
-90.5 42 0.000321683
-90 42 0.000324479
-89.5 42 0.000306389
-89 42 0.000278483
-88.5 42 0.000287604
-88 42 0.000287794
-87.5 42 0.0002746
-87 42 0.000248711
-86.5 42 0.000266238
-86 42 0.000295876
-85.5 42 0.000253205
-85 42 0.000222943
-84.5 42 0.000231984
-84 42 0.000228291
-83.5 42 0.000205591
-83 42 0.000157987
-82.5 42 0.000127905
-82 42 -2.41419e-06
-81.5 42 0.000108563
-81 42 0.000129525
-119 42.5 0.000149871
-118.5 42.5 0.000150808
-118 42.5 0.000181075
-117.5 42.5 0.000163056
-117 42.5 0.000188779
-116.5 42.5 0.000211763
-116 42.5 0.000276068
-115.5 42.5 0.00022984
-115 42.5 0.000241976
-114.5 42.5 0.000271441
-114 42.5 0.000375404
-113.5 42.5 0.000291558
-113 42.5 0.000292235
-112.5 42.5 0.000311346
-112 42.5 0.000420729
-111.5 42.5 0.000331255
-111 42.5 0.000332415
-110.5 42.5 0.000320669
-110 42.5 0.00039911
-109.5 42.5 0.000351088
-109 42.5 0.000385324
-108.5 42.5 0.000387522
-108 42.5 0.000465646
-107.5 42.5 0.000435282
-107 42.5 0.000473844
-106.5 42.5 0.000477133
-106 42.5 0.000559408
-105.5 42.5 0.000524484
-105 42.5 0.000570381
-104.5 42.5 0.000545446
-104 42.5 0.00061617
-96 42.5 0.000579611
-95.5 42.5 0.000527672
-95 42.5 0.000513796
-94.5 42.5 0.000467256
-94 42.5 0.000440972
-93.5 42.5 0.000408102
-93 42.5 0.000393663
-92.5 42.5 0.000347095
-92 42.5 0.000332118
-91.5 42.5 0.000308011
-91 42.5 0.000319764
-90.5 42.5 0.000295623
-90 42.5 0.000314832
-89.5 42.5 0.000282868
-89 42.5 0.000291352
-88.5 42.5 0.000271234
-88 42.5 0.000292928
-87.5 42.5 0.000259221
-87 42.5 0.000265898
-86.5 42.5 0.000242765
-86 42.5 0.000269191
-85.5 42.5 0.000230995
-85 42.5 0.000236514
-84.5 42.5 0.000214362
-84 42.5 0.000229982
-83.5 42.5 0.000188506
-83 42.5 0.000180585
-82.5 42.5 0.000125594
-82 42.5 9.28e-05
-81.5 42.5 0.000114131
-81 42.5 0.000138436
-119 43 0.000111183
-118.5 43 0.000107704
-118 43 8.30193e-05
-117.5 43 0.000122662
-117 43 0.000130613
-116.5 43 0.000154532
-116 43 0.000151713
-115.5 43 0.000175024
-115 43 0.000173659
-114.5 43 0.000200244
-114 43 0.000201177
-113.5 43 0.000222255
-113 43 0.000218171
-112.5 43 0.000256651
-112 43 0.000257925
-111.5 43 0.000286782
-111 43 0.000272281
-110.5 43 0.000307966
-110 43 0.000300454
-109.5 43 0.000344854
-109 43 0.000349019
-108.5 43 0.000400491
-108 43 0.000410463
-107.5 43 0.000439312
-107 43 0.000441615
-106.5 43 0.000488337
-106 43 0.000498215
-105.5 43 0.000530492
-105 43 0.000507931
-104.5 43 0.000536595
-104 43 0.000529835
-103.5 43 0.000672358
-103 43 0.00069037
-97 43 0.000692533
-96.5 43 0.000632968
-96 43 0.000539817
-95.5 43 0.000518609
-95 43 0.000490524
-94.5 43 0.000478704
-94 43 0.000452528
-93.5 43 0.000423214
-93 43 0.000379175
-92.5 43 0.000355707
-92 43 0.000319948
-91.5 43 0.000317988
-91 43 0.00029537
-90.5 43 0.000301474
-90 43 0.00028204
-89.5 43 0.000288859
-89 43 0.000274168
-88.5 43 0.000289857
-88 43 0.000276566
-87.5 43 0.000276734
-87 43 0.000247867
-86.5 43 0.000252361
-86 43 0.000229033
-85.5 43 0.000236348
-85 43 0.0002186
-84.5 43 0.000230141
-84 43 0.00020901
-83.5 43 0.000209301
-83 43 0.000168742
-82.5 43 0.000153218
-82 43 0.000116186
-81.5 43 0.00013731
-81 43 0.000142758
-119 43.5 9.28839e-05
-118.5 43.5 4.41044e-05
-118 43.5 -1.6747e-05
-117.5 43.5 4.91065e-05
-117 43.5 9.11384e-05
-116.5 43.5 7.86633e-05
-116 43.5 4.30687e-05
-115.5 43.5 9.46018e-05
-115 43.5 0.000129363
-114.5 43.5 0.000102235
-114 43.5 5.69012e-05
-113.5 43.5 0.000121098
-113 43.5 0.000178574
-112.5 43.5 0.000161077
-112 43.5 0.000144964
-111.5 43.5 0.000196451
-111 43.5 0.000258105
-110.5 43.5 0.000243105
-110 43.5 0.000247683
-109.5 43.5 0.000289963
-109 43.5 0.0003563
-108.5 43.5 0.000366772
-108 43.5 0.000407453
-107.5 43.5 0.000407591
-107 43.5 0.000449837
-106.5 43.5 0.000450468
-106 43.5 0.00050307
-105.5 43.5 0.000475424
-105 43.5 0.000498173
-104.5 43.5 0.000456507
-104 43.5 0.000475743
-103.5 43.5 0.000537862
-103 43.5 0.000608936
-102.5 43.5 0.000561578
-102 43.5 0.000524678
-98 43.5 0.000521746
-97.5 43.5 0.000589779
-97 43.5 0.000604743
-96.5 43.5 0.000547504
-96 43.5 0.000483322
-95.5 43.5 0.00047436
-95 43.5 0.000478536
-94.5 43.5 0.000471344
-94 43.5 0.000490689
-93.5 43.5 0.000420696
-93 43.5 0.000385146
-92.5 43.5 0.000339123
-92 43.5 0.000328276
-91.5 43.5 0.000296729
-91 43.5 0.00029995
-90.5 43.5 0.000275255
-90 43.5 0.000280694
-89.5 43.5 0.000266527
-89 43.5 0.000284953
-88.5 43.5 0.000276946
-88 43.5 0.000302914
-87.5 43.5 0.000264744
-87 43.5 0.00026127
-86.5 43.5 0.000228472
-86 43.5 0.000219374
-85.5 43.5 0.000213228
-85 43.5 0.000228627
-84.5 43.5 0.000215144
-84 43.5 0.000227289
-83.5 43.5 0.000196478
-83 43.5 0.000187034
-82.5 43.5 0.000152811
-82 43.5 0.000139255
-81.5 43.5 0.000145084
-81 43.5 0.000149785
-119 44 6.38777e-05
-118.5 44 1.13846e-05
-118 44 -0.000239835
-117.5 44 1.17712e-05
-117 44 5.4079e-05
-116.5 44 4.06465e-05
-116 44 -0.000167039
-115.5 44 5.56344e-05
-115 44 8.16184e-05
-114.5 44 5.07337e-05
-114 44 -0.000221667
-113.5 44 7.24327e-05
-113 44 0.000121924
-112.5 44 0.000124535
-112 44 -9.35497e-05
-111.5 44 0.000167368
-111 44 0.000214998
-110.5 44 0.000238185
-110 44 9.2087e-05
-109.5 44 0.00028885
-109 44 0.000333722
-108.5 44 0.000379433
-108 44 0.000368372
-107.5 44 0.000417257
-107 44 0.000421929
-106.5 44 0.000455162
-106 44 0.000483106
-105.5 44 0.000471273
-105 44 0.000439412
-104.5 44 0.00043061
-104 44 0.000293148
-103.5 44 0.00048286
-103 44 0.00049152
-102.5 44 0.000457193
-102 44 0.000110984
-101.5 44 0.00054681
-101 44 0.000626749
-100.5 44 0.000568961
-100 44 -4.227e-05
-99.5 44 0.000576376
-99 44 0.00064233
-98.5 44 0.000552815
-98 44 0.000148208
-97.5 44 0.000482232
-97 44 0.00051888
-96.5 44 0.000490732
-96 44 0.000366644
-95.5 44 0.000443553
-95 44 0.000453046
-94.5 44 0.000472711
-94 44 0.000568148
-93.5 44 0.000429318
-93 44 0.000367401
-92.5 44 0.000336657
-92 44 0.000314274
-91.5 44 0.000296617
-91 44 0.00027633
-90.5 44 0.000274645
-90 44 0.000248583
-89.5 44 0.00027004
-89 44 0.000268898
-88.5 44 0.000291211
-88 44 0.000325186
-87.5 44 0.00028035
-87 44 0.000247992
-86.5 44 0.00023306
-86 44 0.000165123
-85.5 44 0.000217501
-85 44 0.000216234
-84.5 44 0.000227826
-84 44 0.000232618
-83.5 44 0.000209492
-83 44 0.000183118
-82.5 44 0.000171596
-82 44 0.000134754
-81.5 44 0.000158553
-81 44 0.000157779
-119 44.5 7.80121e-05
-118.5 44.5 3.32574e-05
-118 44.5 -2.84141e-05
-117.5 44.5 3.61392e-05
-117 44.5 7.39522e-05
-116.5 44.5 5.80705e-05
-116 44.5 1.72761e-05
-115.5 44.5 6.98147e-05
-115 44.5 0.00010322
-114.5 44.5 6.1224e-05
-114 44.5 1.54536e-06
-113.5 44.5 7.81374e-05
-113 44.5 0.00015017
-112.5 44.5 0.000128287
-112 44.5 0.000103135
-111.5 44.5 0.000173279
-111 44.5 0.000245794
-110.5 44.5 0.000251152
-110 44.5 0.000258082
-109.5 44.5 0.000306541
-109 44.5 0.000352071
-108.5 44.5 0.000373517
-108 44.5 0.000410895
-107.5 44.5 0.000406366
-107 44.5 0.000420284
-106.5 44.5 0.000411291
-106 44.5 0.000448163
-105.5 44.5 0.00041788
-105 44.5 0.000435614
-104.5 44.5 0.000388027
-104 44.5 0.000388069
-103.5 44.5 0.00041994
-103 44.5 0.000482953
-102.5 44.5 0.000415028
-102 44.5 0.000357428
-101.5 44.5 0.000477488
-101 44.5 0.000586378
-100.5 44.5 0.000502714
-100 44.5 0.000339774
-99.5 44.5 0.000505828
-99 44.5 0.000597996
-98.5 44.5 0.000516378
-98 44.5 0.000383817
-97.5 44.5 0.000455189
-97 44.5 0.00050171
-96.5 44.5 0.000463151
-96 44.5 0.00041771
-95.5 44.5 0.000422499
-95 44.5 0.000433253
-94.5 44.5 0.000436982
-94 44.5 0.000460901
-93.5 44.5 0.000393629
-93 44.5 0.000352456
-92.5 44.5 0.00030896
-92 44.5 0.000294122
-91.5 44.5 0.000270949
-91 44.5 0.000273547
-90.5 44.5 0.000259926
-90 44.5 0.000264775
-89.5 44.5 0.000259064
-89 44.5 0.000267381
-88.5 44.5 0.000274279
-88 44.5 0.000301613
-87.5 44.5 0.000270026
-87 44.5 0.000249303
-86.5 44.5 0.000231744
-86 44.5 0.000223028
-85.5 44.5 0.000221364
-85 44.5 0.000219407
-84.5 44.5 0.00021747
-84 44.5 0.000230547
-83.5 44.5 0.000207197
-83 44.5 0.000187465
-82.5 44.5 0.000181895
-82 44.5 0.000181873
-81.5 44.5 0.000177563
-81 44.5 0.000161014
-119 45 8.41338e-05
-118.5 45 7.79592e-05
-118 45 7.77334e-05
-117.5 45 8.59842e-05
-117 45 9.55077e-05
-116.5 45 0.00010357
-116 45 0.000107647
-115.5 45 0.000121704
-115 45 0.000113585
-114.5 45 0.000104905
-114 45 8.75473e-05
-113.5 45 0.000133949
-113 45 0.000151525
-112.5 45 0.000173466
-112 45 0.000177987
-111.5 45 0.000220609
-111 45 0.00025927
-110.5 45 0.000309975
-110 45 0.00034748
-109.5 45 0.000349107
-109 45 0.00036738
-108.5 45 0.000406108
-108 45 0.000437803
-107.5 45 0.000418985
-107 45 0.000399104
-106.5 45 0.000401537
-106 45 0.00039488
-105.5 45 0.000404633
-105 45 0.000386635
-104.5 45 0.000389631
-104 45 0.000372626
-103.5 45 0.000430748
-103 45 0.000423648
-102.5 45 0.000426313
-102 45 0.000397421
-101.5 45 0.000504916
-101 45 0.000509757
-100.5 45 0.000500676
-100 45 0.00043457
-99.5 45 0.000535086
-99 45 0.000535319
-98.5 45 0.0005095
-98 45 0.000443855
-97.5 45 0.000478537
-97 45 0.000467124
-96.5 45 0.000449142
-96 45 0.000414507
-95.5 45 0.000410713
-95 45 0.000405199
-94.5 45 0.000405344
-94 45 0.000396878
-93.5 45 0.000362868
-93 45 0.000322475
-92.5 45 0.000289263
-92 45 0.000260158
-91.5 45 0.000255432
-91 45 0.000254971
-90.5 45 0.000259987
-90 45 0.00026648
-89.5 45 0.00025309
-89 45 0.000260567
-88.5 45 0.000276049
-88 45 0.000296169
-87.5 45 0.000260958
-87 45 0.000252265
-86.5 45 0.000250725
-86 45 0.000262307
-85.5 45 0.000228798
-85 45 0.000223806
-84.5 45 0.000225045
-84 45 0.000239856
-83.5 45 0.000200387
-83 45 0.000199146
-82.5 45 0.000208872
-82 45 0.000229474
-81.5 45 0.000192636
-81 45 0.000168722
-119 45.5 9.35719e-05
-118.5 45.5 0.000117596
-118 45.5 0.000185595
-117.5 45.5 0.000130737
-117 45.5 0.000122416
-116.5 45.5 0.000143109
-116 45.5 0.000209298
-115.5 45.5 0.000155514
-115 45.5 0.000140008
-114.5 45.5 0.000132525
-114 45.5 0.000168639
-113.5 45.5 0.000155157
-113 45.5 0.000178171
-112.5 45.5 0.000196422
-112 45.5 0.000258574
-111.5 45.5 0.000247489
-111 45.5 0.000291925
-110.5 45.5 0.000350144
-110 45.5 0.000473748
-109.5 45.5 0.000392281
-109 45.5 0.000394335
-108.5 45.5 0.000422498
-108 45.5 0.000514361
-107.5 45.5 0.000423896
-107 45.5 0.000397307
-106.5 45.5 0.000365916
-106 45.5 0.000369524
-105.5 45.5 0.000355257
-105 45.5 0.000371462
-104.5 45.5 0.000349445
-104 45.5 0.000378064
-103.5 45.5 0.000378237
-103 45.5 0.000408491
-102.5 45.5 0.000395023
-102 45.5 0.000432422
-101.5 45.5 0.000452145
-101 45.5 0.000485905
-100.5 45.5 0.000467454
-100 45.5 0.000501343
-99.5 45.5 0.000497873
-99 45.5 0.000510805
-98.5 45.5 0.000484627
-98 45.5 0.00048033
-97.5 45.5 0.000460533
-97 45.5 0.00045306
-96.5 45.5 0.000420983
-96 45.5 0.000404541
-95.5 45.5 0.000384988
-95 45.5 0.000381846
-94.5 45.5 0.000367173
-94 45.5 0.00035213
-93.5 45.5 0.000325731
-93 45.5 0.000299868
-92.5 45.5 0.000259429
-92 45.5 0.000220246
-91.5 45.5 0.000229478
-91 45.5 0.000243018
-90.5 45.5 0.000253224
-90 45.5 0.000278997
-89.5 45.5 0.000252755
-89 45.5 0.000255647
-88.5 45.5 0.000275567
-88 45.5 0.000315252
-87.5 45.5 0.00026724
-87 45.5 0.00025349
-86.5 45.5 0.000268924
-86 45.5 0.000320721
-85.5 45.5 0.00025103
-85 45.5 0.000226019
-84.5 45.5 0.000234365
-84 45.5 0.000266196
-83.5 45.5 0.000215611
-83 45.5 0.000205853
-82.5 45.5 0.000233297
-82 45.5 0.000308003
-81.5 45.5 0.000216345
-81 45.5 0.000172541
-119 46 9.28498e-05
-118.5 46 0.000139545
-118 46 0.000379235
-117.5 46 0.000156769
-117 46 0.00012924
-116.5 46 0.000169143
-116 46 0.000387217
-115.5 46 0.000185821
-115 46 0.000144643
-114.5 46 0.000157199
-114 46 0.000271663
-113.5 46 0.00018318
-113 46 0.000180994
-112.5 46 0.000221585
-112 46 0.000373808
-111.5 46 0.000276076
-111 46 0.000293701
-110.5 46 0.000384393
-110 46 0.000714645
-109.5 46 0.00042685
-109 46 0.000384177
-108.5 46 0.000435973
-108 46 0.000679184
-107.5 46 0.000433711
-107 46 0.000366011
-106.5 46 0.000343947
-106 46 0.000317991
-105.5 46 0.000334281
-105 46 0.000323749
-104.5 46 0.000333659
-104 46 0.000352375
-103.5 46 0.000359468
-103 46 0.000360593
-102.5 46 0.000387227
-102 46 0.000441917
-101.5 46 0.00043961
-101 46 0.000429063
-100.5 46 0.000459693
-100 46 0.000562117
-99.5 46 0.000490553
-99 46 0.000469939
-98.5 46 0.000477886
-98 46 0.000511649
-97.5 46 0.000464307
-97 46 0.000426308
-96.5 46 0.000404436
-96 46 0.000382521
-95.5 46 0.000368474
-95 46 0.000352279
-94.5 46 0.000339238
-94 46 0.000301435
-93.5 46 0.000300619
-93 46 0.000274607
-92.5 46 0.000235371
-92 46 0.000143366
-91.5 46 0.000208357
-91 46 0.00022617
-90.5 46 0.000243807
-90 46 0.000323424
-89.5 46 0.00024423
-89 46 0.000242057
-88.5 46 0.000264807
-88 46 0.000394868
-87.5 46 0.000259325
-87 46 0.000242061
-86.5 46 0.000268459
-86 46 0.00046262
-85.5 46 0.000251749
-85 46 0.000217873
-84.5 46 0.000223995
-84 46 0.000357382
-83.5 46 0.000210285
-83 46 0.000195013
-82.5 46 0.000238428
-82 46 0.000494029
-81.5 46 0.000221532
-81 46 0.000156325
-119 46.5 6.79416e-05
-118.5 46.5 9.78676e-05
-118 46.5 0.000168832
-117.5 46.5 0.000112091
-117 46.5 0.000102224
-116.5 46.5 0.000132405
-116 46.5 0.00020853
-115.5 46.5 0.000150744
-115 46.5 0.000132344
-114.5 46.5 0.000137823
-114 46.5 0.000184457
-113.5 46.5 0.000163559
-113 46.5 0.000174904
-112.5 46.5 0.000201664
-112 46.5 0.000267055
-111.5 46.5 0.000248224
-111 46.5 0.000270517
-110.5 46.5 0.000324468
-110 46.5 0.000442851
-109.5 46.5 0.000358504
-109 46.5 0.000344512
-108.5 46.5 0.000361774
-108 46.5 0.000443673
-107.5 46.5 0.00036068
-107 46.5 0.000334421
-106.5 46.5 0.000301929
-106 46.5 0.000298157
-105.5 46.5 0.000286239
-105 46.5 0.000308358
-104.5 46.5 0.000280949
-104 46.5 0.000300829
-103.5 46.5 0.000297853
-103 46.5 0.000340953
-102.5 46.5 0.00034211
-102 46.5 0.000390166
-101.5 46.5 0.000376093
-101 46.5 0.000407761
-100.5 46.5 0.000390002
-100 46.5 0.00044606
-99.5 46.5 0.000421871
-99 46.5 0.000445583
-98.5 46.5 0.000447966
-98 46.5 0.000478153
-97.5 46.5 0.00043846
-97 46.5 0.000415575
-96.5 46.5 0.000369506
-96 46.5 0.000352364
-95.5 46.5 0.000332304
-95 46.5 0.000336456
-94.5 46.5 0.000311782
-94 46.5 0.00029203
-93.5 46.5 0.000275852
-93 46.5 0.000263951
-92.5 46.5 0.000227093
-92 46.5 0.000184666
-91.5 46.5 0.000197449
-91 46.5 0.000212259
-90.5 46.5 0.000216393
-90 46.5 0.000231413
-89.5 46.5 0.000211252
-89 46.5 0.000209778
-88.5 46.5 0.000225745
-88 46.5 0.000254689
-87.5 46.5 0.000216642
-87 46.5 0.000201489
-86.5 46.5 0.000216434
-86 46.5 0.000259139
-85.5 46.5 0.000201735
-85 46.5 0.000173162
-84.5 46.5 0.000186396
-84 46.5 0.00021011
-83.5 46.5 0.000167944
-83 46.5 0.000152514
-82.5 46.5 0.000169629
-82 46.5 0.00023302
-81.5 46.5 0.000152738
-81 46.5 0.00011861
-119 47 3.79213e-05
-118.5 47 3.82071e-05
-118 47 4.14129e-05
-117.5 47 4.92344e-05
-117 47 6.25741e-05
-116.5 47 8.80223e-05
-116 47 0.000106998
-115.5 47 0.000109905
-115 47 0.000107358
-114.5 47 0.000121142
-114 47 0.000129438
-113.5 47 0.000146708
-113 47 0.00015745
-112.5 47 0.00018456
-112 47 0.000203174
-111.5 47 0.000219135
-111 47 0.000229526
-110.5 47 0.000260692
-110 47 0.000277552
-109.5 47 0.000284077
-109 47 0.000275681
-108.5 47 0.00028928
-108 47 0.00028393
-107.5 47 0.000295274
-107 47 0.00027914
-106.5 47 0.000273954
-106 47 0.000248033
-105.5 47 0.000274476
-105 47 0.00025205
-104.5 47 0.000245388
-104 47 0.00021461
-103.5 47 0.000268975
-103 47 0.00028577
-102.5 47 0.000320028
-102 47 0.000320359
-101.5 47 0.000357099
-101 47 0.00033668
-100.5 47 0.000347096
-100 47 0.000327045
-99.5 47 0.000377379
-99 47 0.000401155
-98.5 47 0.000444797
-98 47 0.000453639
-97.5 47 0.000439267
-97 47 0.000385153
-96.5 47 0.000349732
-96 47 0.00029853
-95.5 47 0.000316013
-95 47 0.000300917
-94.5 47 0.000293538
-94 47 0.000262809
-93.5 47 0.000268819
-93 47 0.000245216
-92.5 47 0.000221892
-92 47 0.000187472
-91.5 47 0.000198491
-91 47 0.000189024
-90.5 47 0.000180403
-90 47 0.000163824
-89.5 47 0.000172963
-89 47 0.000173706
-88.5 47 0.000172615
-88 47 0.000165795
-87.5 47 0.000163454
-87 47 0.000153517
-86.5 47 0.000143349
-86 47 0.000133554
-85.5 47 0.000130413
-85 47 0.000132406
-84.5 47 0.000126243
-84 47 0.00012443
-83.5 47 0.000111901
-83 47 9.53626e-05
-82.5 47 7.8281e-05
-82 47 6.43569e-05
-81.5 47 6.59278e-05
-81 47 7.14062e-05
-119 47.5 8.76149e-06
-118.5 47.5 -2.43559e-05
-118 47.5 -8.78334e-05
-117.5 47.5 -1.68658e-05
-117 47.5 2.88005e-05
-116.5 47.5 3.67029e-05
-116 47.5 2.49763e-05
-115.5 47.5 6.37183e-05
-115 47.5 9.45582e-05
-114.5 47.5 9.18131e-05
-114 47.5 8.94488e-05
-113.5 47.5 0.000119485
-113 47.5 0.000153108
-112.5 47.5 0.000156007
-112 47.5 0.000159808
-111.5 47.5 0.000180544
-111 47.5 0.000204625
-110.5 47.5 0.000183058
-110 47.5 0.000139018
-109.5 47.5 0.000193779
-109 47.5 0.000228357
-108.5 47.5 0.000198167
-108 47.5 0.000142663
-107.5 47.5 0.000207029
-107 47.5 0.000245233
-106.5 47.5 0.000227166
-106 47.5 0.000210508
-105.5 47.5 0.0002211
-105 47.5 0.000231696
-104.5 47.5 0.000178424
-104 47.5 0.000129925
-103.5 47.5 0.000197383
-103 47.5 0.000263873
-102.5 47.5 0.00026707
-102 47.5 0.000287
-101.5 47.5 0.000290853
-101 47.5 0.000314616
-100.5 47.5 0.000262281
-100 47.5 0.000222829
-99.5 47.5 0.00030041
-99 47.5 0.000384473
-98.5 47.5 0.000420664
-98 47.5 0.000478929
-97.5 47.5 0.000418524
-97 47.5 0.000381004
-96.5 47.5 0.000307396
-96 47.5 0.000242334
-95.5 47.5 0.000268032
-95 47.5 0.000285163
-94.5 47.5 0.000261906
-94 47.5 0.000235929
-93.5 47.5 0.000241573
-93 47.5 0.000238476
-92.5 47.5 0.000209632
-92 47.5 0.0001813
-91.5 47.5 0.000181989
-91 47.5 0.000175087
-90.5 47.5 0.000141143
-90 47.5 8.72733e-05
-89.5 47.5 0.000127152
-89 47.5 0.000140305
-88.5 47.5 0.0001227
-88 47.5 7.36668e-05
-87.5 47.5 0.00010714
-87 47.5 0.000108571
-86.5 47.5 7.40522e-05
-86 47.5 -3.4531e-06
-85.5 47.5 6.38759e-05
-85 47.5 8.40289e-05
-84.5 47.5 7.89152e-05
-84 47.5 3.46253e-05
-83.5 47.5 5.6171e-05
-83 47.5 4.19222e-05
-82.5 47.5 -1.16985e-05
-82 47.5 -0.00011855
-81.5 47.5 -2.23662e-05
-81 47.5 2.40649e-05
-119 48 -1.3693e-05
-118.5 48 -7.02462e-05
-118 48 -0.00031487
-117.5 48 -6.09747e-05
-117 48 -2.3381e-06
-116.5 48 6.14967e-06
-116 48 -0.000112832
-115.5 48 4.1443e-05
-115 48 7.43222e-05
-114.5 48 8.27318e-05
-114 48 9.10339e-07
-113.5 48 0.000114044
-113 48 0.000139348
-112.5 48 0.000147917
-112 48 7.23036e-05
-111.5 48 0.000168035
-111 48 0.000172067
-110.5 48 0.000136982
-110 48 -0.000101555
-109.5 48 0.00014361
-109 48 0.000175247
-108.5 48 0.000143837
-108 48 -0.000111367
-107.5 48 0.000156531
-107 48 0.000204022
-106.5 48 0.000206421
-106 48 0.000113244
-105.5 48 0.000205142
-105 48 0.000191986
-104.5 48 0.00014838
-104 48 -7.4288e-05
-103.5 48 0.000168208
-103 48 0.000221945
-102.5 48 0.000249997
-102 48 0.00020109
-101.5 48 0.000276704
-101 48 0.000260095
-100.5 48 0.000225782
-100 48 -8.99743e-06
-99.5 48 0.000267255
-99 48 0.000347331
-98.5 48 0.000422946
-98 48 0.000533943
-97.5 48 0.000426278
-97 48 0.000355212
-96.5 48 0.00028947
-96 48 9.97217e-05
-95.5 48 0.000249212
-95 48 0.000260557
-94.5 48 0.000250551
-94 48 0.000170071
-93.5 48 0.000233932
-93 48 0.000227134
-92.5 48 0.000207878
-92 48 0.000143267
-91.5 48 0.000179322
-91 48 0.000161155
-90.5 48 0.00011587
-90 48 -5.7179e-05
-89.5 48 9.72828e-05
-89 48 0.000115799
-88.5 48 8.52559e-05
-88 48 -7.94599e-05
-87.5 48 6.73883e-05
-87 48 7.499e-05
-86.5 48 1.99146e-05
-86 48 -0.000232635
-85.5 48 8.02333e-06
-85 48 5.5813e-05
-84.5 48 3.61198e-05
-84 48 -9.98688e-05
-83.5 48 1.25554e-05
-83 48 2.23965e-06
-82.5 48 -8.4373e-05
-82 48 -0.000430925
-81.5 48 -9.31434e-05
-81 48 -7.88062e-06
-119 48.5 -9.75803e-06
-118.5 48.5 -6.31806e-05
-118 48.5 -0.000141085
-117.5 48.5 -5.76424e-05
-117 48.5 8.76961e-06
-116.5 48.5 6.91789e-06
-116 48.5 -1.11811e-05
-115.5 48.5 4.07072e-05
-115 48.5 9.03931e-05
-114.5 48.5 8.6566e-05
-114 48.5 8.19706e-05
-113.5 48.5 0.000117736
-113 48.5 0.000158405
-112.5 48.5 0.000150646
-112 48.5 0.000144199
-111.5 48.5 0.00016423
-111 48.5 0.00018689
-110.5 48.5 0.00013656
-110 48.5 6.88145e-05
-109.5 48.5 0.000133943
-109 48.5 0.000187169
-108.5 48.5 0.000140987
-108 48.5 7.14229e-05
-107.5 48.5 0.000149627
-107 48.5 0.000214599
-106.5 48.5 0.000198798
-106 48.5 0.000183546
-105.5 48.5 0.000190538
-105 48.5 0.000207772
-104.5 48.5 0.000147803
-104 48.5 9.16743e-05
-103.5 48.5 0.000160298
-103 48.5 0.000233914
-102.5 48.5 0.00023055
-102 48.5 0.000244319
-101.5 48.5 0.000246291
-101 48.5 0.000271815
-100.5 48.5 0.000213838
-100 48.5 0.00016546
-99.5 48.5 0.000255532
-99 48.5 0.000352196
-98.5 48.5 0.000393587
-98 48.5 0.000457797
-97.5 48.5 0.000397791
-97 48.5 0.000361086
-96.5 48.5 0.000285435
-96 48.5 0.000219678
-95.5 48.5 0.000245989
-95 48.5 0.000274045
-94.5 48.5 0.000249265
-94 48.5 0.00022781
-93.5 48.5 0.000232834
-93 48.5 0.000239692
-92.5 48.5 0.000212318
-92 48.5 0.000189195
-91.5 48.5 0.000181669
-91 48.5 0.000174955
-90.5 48.5 0.00012567
-90 48.5 6.35321e-05
-89.5 48.5 0.000101888
-89 48.5 0.000124448
-88.5 48.5 8.98992e-05
-88 48.5 3.15422e-05
-87.5 48.5 6.59535e-05
-87 48.5 8.08661e-05
-86.5 48.5 2.88289e-05
-86 48.5 -6.09355e-05
-85.5 48.5 1.47082e-05
-85 48.5 5.74536e-05
-84.5 48.5 3.93565e-05
-84 48.5 -1.30067e-05
-83.5 48.5 7.77923e-06
-83 48.5 4.4533e-06
-82.5 48.5 -7.26738e-05
-82 48.5 -0.000197687
-81.5 48.5 -8.53499e-05
-81 48.5 -7.37314e-06
-119 49 -1.64368e-05
-118.5 49 -4.59704e-05
-118 49 -7.97446e-05
-117.5 49 -2.39566e-05
-117 49 5.20362e-07
-116.5 49 1.81612e-05
-116 49 1.69662e-05
-115.5 49 6.50222e-05
-115 49 8.48364e-05
-114.5 49 0.000103288
-114 49 0.000104364
-113.5 49 0.000143249
-113 49 0.000155576
-112.5 49 0.000168057
-112 49 0.000159683
-111.5 49 0.000189735
-111 49 0.000176028
-110.5 49 0.000156489
-110 49 0.000117631
-109.5 49 0.00016944
-109 49 0.00016853
-108.5 49 0.000157788
-108 49 0.000123865
-107.5 49 0.000180383
-107 49 0.000196578
-106.5 49 0.000205435
-106 49 0.000188128
-105.5 49 0.000210115
-105 49 0.000190434
-104.5 49 0.000169183
-104 49 0.000137048
-103.5 49 0.000190058
-103 49 0.000212221
-102.5 49 0.000233202
-102 49 0.000229728
-101.5 49 0.000258452
-101 49 0.000244308
-100.5 49 0.000232004
-100 49 0.000211235
-99.5 49 0.000279258
-99 49 0.000329108
-98.5 49 0.000382263
-98 49 0.000401026
-97.5 49 0.000388511
-97 49 0.000343608
-96.5 49 0.000301815
-96 49 0.000254264
-95.5 49 0.000272385
-95 49 0.000266164
-94.5 49 0.00026131
-94 49 0.000240886
-93.5 49 0.000249495
-93 49 0.000236951
-92.5 49 0.000225438
-92 49 0.00020075
-91.5 49 0.000201209
-91 49 0.000174082
-90.5 49 0.000144831
-90 49 0.000106014
-89.5 49 0.000129044
-89 49 0.000119217
-88.5 49 0.000100845
-88 49 6.57479e-05
-87.5 49 8.99081e-05
-87 49 7.22716e-05
-86.5 49 4.305e-05
-86 49 3.05388e-07
-85.5 49 4.26186e-05
-85 49 4.8935e-05
-84.5 49 4.10904e-05
-84 49 9.60356e-06
-83.5 49 2.60596e-05
-83 49 -6.88757e-06
-82.5 49 -5.65866e-05
-82 49 -0.000110567
-81.5 49 -5.09922e-05
-81 49 -1.57614e-05
