-119 25 754.686
-118.5 25 745.006
-118 25 735.277
-117.5 25 725.466
-117 25 715.639
-116.5 25 705.851
-116 25 696.165
-115.5 25 686.608
-115 25 677.19
-114.5 25 667.887
-114 25 658.692
-113.5 25 649.585
-113 25 640.62
-112.5 25 631.824
-112 25 623.247
-111.5 25 614.906
-111 25 606.862
-110.5 25 599.153
-110 25 591.848
-109.5 25 584.974
-109 25 578.549
-108.5 25 572.55
-108 25 566.971
-107.5 25 561.776
-107 25 556.95
-106.5 25 552.44
-106 25 548.185
-105.5 25 544.124
-105 25 540.286
-104.5 25 536.668
-104 25 533.294
-103.5 25 530.161
-103 25 527.42
-102.5 25 525.128
-102 25 523.42
-101.5 25 522.4
-101 25 522.289
-100.5 25 523.593
-100 25 526.857
-99.5 25 532.429
-99 25 539.477
-98.5 25 546.758
-98 25 552.995
-97.5 25 557.177
-97 25 559.882
-96.5 25 561.647
-96 25 562.921
-95.5 25 563.947
-95 25 565.005
-94.5 25 566.348
-94 25 568.284
-93.5 25 571.026
-93 25 574.582
-92.5 25 578.971
-92 25 584.239
-91.5 25 590.43
-91 25 597.331
-90.5 25 604.825
-90 25 612.806
-89.5 25 621.203
-89 25 629.759
-88.5 25 638.089
-88 25 645.81
-87.5 25 652.632
-87 25 658.897
-86.5 25 665.018
-86 25 671.389
-85.5 25 678.279
-85 25 685.594
-84.5 25 693.192
-84 25 700.948
-83.5 25 708.764
-83 25 716.636
-82.5 25 724.531
-82 25 732.408
-81.5 25 740.217
-81 25 747.993
-119 25.5 742.475
-118.5 25.5 732.706
-118 25.5 722.876
-117.5 25.5 712.919
-117 25.5 702.933
-116.5 25.5 693.005
-116 25.5 683.185
-115.5 25.5 673.534
-115 25.5 664.022
-114.5 25.5 654.638
-114 25.5 645.339
-113.5 25.5 636.102
-113 25.5 626.977
-112.5 25.5 618.03
-112 25.5 609.273
-111.5 25.5 600.748
-111 25.5 592.488
-110.5 25.5 584.568
-110 25.5 577.035
-109.5 25.5 569.972
-109 25.5 563.352
-108.5 25.5 557.176
-108 25.5 551.425
-107.5 25.5 546.081
-107 25.5 541.126
-106.5 25.5 536.519
-106 25.5 532.178
-105.5 25.5 528.015
-105 25.5 524.069
-104.5 25.5 520.374
-104 25.5 516.884
-103.5 25.5 513.6
-103 25.5 510.617
-102.5 25.5 508.083
-102 25.5 506.002
-101.5 25.5 504.394
-101 25.5 503.59
-100.5 25.5 504.089
-100 25.5 506.727
-99.5 25.5 512.585
-99 25.5 520.183
-98.5 25.5 528.149
-98 25.5 534.949
-97.5 25.5 538.822
-97 25.5 541.136
-96.5 25.5 542.75
-96 25.5 544.025
-95.5 25.5 545.198
-95 25.5 546.451
-94.5 25.5 548.055
-94 25.5 550.288
-93.5 25.5 553.471
-93 25.5 557.469
-92.5 25.5 562.234
-92 25.5 567.839
-91.5 25.5 574.404
-91 25.5 581.641
-90.5 25.5 589.345
-90 25.5 597.495
-89.5 25.5 606.168
-89 25.5 614.991
-88.5 25.5 623.598
-88 25.5 631.495
-87.5 25.5 638.089
-87 25.5 644.055
-86.5 25.5 649.922
-86 25.5 656.141
-85.5 25.5 663.162
-85 25.5 670.689
-84.5 25.5 678.515
-84 25.5 686.489
-83.5 25.5 694.48
-83 25.5 702.523
-82.5 25.5 710.614
-82 25.5 718.685
-81.5 25.5 726.649
-81 25.5 734.575
-119 26 730.216
-118.5 26 720.34
-118 26 710.432
-117.5 26 700.311
-117 26 690.188
-116.5 26 680.13
-116 26 670.192
-115.5 26 660.449
-115 26 650.853
-114.5 26 641.373
-114 26 631.99
-113.5 26 622.604
-113 26 613.341
-112.5 26 604.236
-112 26 595.327
-111.5 26 586.608
-111 26 578.157
-110.5 26 570.01
-110 26 562.248
-109.5 26 554.975
-109 26 548.151
-108.5 26 541.763
-108 26 535.829
-107.5 26 530.31
-107 26 525.221
-106.5 26 520.511
-106 26 516.106
-105.5 26 511.823
-105 26 507.795
-104.5 26 504.023
-104 26 500.479
-103.5 26 497.018
-103 26 493.878
-102.5 26 491.131
-102 26 488.817
-101.5 26 486.747
-101 26 485.376
-100.5 26 485.111
-100 26 486.774
-99.5 26 492.819
-99 26 500.541
-98.5 26 508.749
-98 26 516.161
-97.5 26 519.347
-97 26 521.416
-96.5 26 523.116
-96 26 524.666
-95.5 26 526.18
-95 26 527.819
-94.5 26 529.793
-94 26 532.396
-93.5 26 536.15
-93 26 540.669
-92.5 26 545.863
-92 26 551.77
-91.5 26 558.785
-91 26 566.324
-90.5 26 574.197
-90 26 582.367
-89.5 26 591.2
-89 26 600.123
-88.5 26 608.852
-88 26 616.984
-87.5 26 623.255
-87 26 629.019
-86.5 26 634.753
-86 26 640.847
-85.5 26 648.101
-85 26 655.834
-84.5 26 663.84
-84 26 672.01
-83.5 26 680.125
-83 26 688.33
-82.5 26 696.61
-82 26 704.903
-81.5 26 713.015
-81 26 721.107
-119 26.5 717.887
-118.5 26.5 707.85
-118 26.5 697.771
-117.5 26.5 687.588
-117 26.5 677.393
-116.5 26.5 667.268
-116 26.5 657.252
-115.5 26.5 647.401
-115 26.5 637.681
-114.5 26.5 628.082
-114 26.5 618.557
-113.5 26.5 609.079
-113 26.5 599.693
-112.5 26.5 590.461
-112 26.5 581.391
-111.5 26.5 572.523
-111 26.5 563.887
-110.5 26.5 555.557
-110 26.5 547.58
-109.5 26.5 540.058
-109 26.5 532.97
-108.5 26.5 526.332
-108 26.5 520.156
-107.5 26.5 514.457
-107 26.5 509.208
-106.5 26.5 504.356
-106 26.5 499.811
-105.5 26.5 495.48
-105 26.5 491.384
-104.5 26.5 487.548
-104 26.5 483.888
-103.5 26.5 480.371
-103 26.5 477.092
-102.5 26.5 474.194
-102 26.5 471.675
-101.5 26.5 469.542
-101 26.5 468.11
-100.5 26.5 467.826
-100 26.5 469.454
-99.5 26.5 474.108
-99 26.5 480.433
-98.5 26.5 487.291
-98 26.5 493.452
-97.5 26.5 497.331
-97 26.5 500.135
-96.5 26.5 502.571
-96 26.5 504.799
-95.5 26.5 506.96
-95 26.5 509.208
-94.5 26.5 511.793
-94 26.5 515.052
-93.5 26.5 519.31
-93 26.5 524.398
-92.5 26.5 530.135
-92 26.5 536.582
-91.5 26.5 543.834
-91 26.5 551.6
-90.5 26.5 559.646
-90 26.5 567.905
-89.5 26.5 576.45
-89 26.5 584.989
-88.5 26.5 593.295
-88 26.5 601.002
-87.5 26.5 607.589
-87 26.5 613.683
-86.5 26.5 619.756
-86 26.5 626.191
-85.5 26.5 633.415
-85 26.5 641.135
-84.5 26.5 649.157
-84 26.5 657.361
-83.5 26.5 665.639
-83 26.5 674.01
-82.5 26.5 682.464
-82 26.5 690.913
-81.5 26.5 699.266
-81 26.5 707.581
-119 27 705.578
-118.5 27 695.357
-118 27 685.124
-117.5 27 674.858
-117 27 664.615
-116.5 27 654.43
-116 27 644.349
-115.5 27 634.388
-115 27 624.553
-114.5 27 614.82
-114 27 605.173
-113.5 27 595.588
-113 27 586.104
-112.5 27 576.743
-112 27 567.541
-111.5 27 558.519
-111 27 549.722
-110.5 27 541.19
-110 27 533.002
-109.5 27 525.211
-109 27 517.839
-108.5 27 510.903
-108 27 504.468
-107.5 27 498.562
-107 27 493.145
-106.5 27 488.136
-106 27 483.465
-105.5 27 479.057
-105 27 474.927
-104.5 27 471.029
-104 27 467.31
-103.5 27 463.708
-103 27 460.367
-102.5 27 457.367
-102 27 454.791
-101.5 27 452.722
-101 27 451.38
-100.5 27 451.126
-100 27 452.45
-99.5 27 455.626
-99 27 460.093
-98.5 27 465.14
-98 27 470.062
-97.5 27 474.339
-97 27 478.133
-96.5 27 481.573
-96 27 484.738
-95.5 27 487.702
-95 27 490.662
-94.5 27 493.937
-94 27 497.871
-93.5 27 502.779
-93 27 508.455
-92.5 27 514.792
-92 27 521.73
-91.5 27 529.29
-91 27 537.248
-90.5 27 545.421
-90 27 553.639
-89.5 27 561.77
-89 27 569.753
-88.5 27 577.477
-88 27 584.8
-87.5 27 591.632
-87 27 598.188
-86.5 27 604.733
-86 27 611.549
-85.5 27 618.833
-85 27 626.516
-84.5 27 634.499
-84 27 642.721
-83.5 27 651.121
-83 27 659.669
-82.5 27 668.293
-82 27 676.932
-81.5 27 685.513
-81 27 694.075
-119 27.5 693.369
-118.5 27.5 682.971
-118 27.5 672.577
-117.5 27.5 662.226
-117 27.5 651.914
-116.5 27.5 641.672
-116 27.5 631.512
-115.5 27.5 621.454
-115 27.5 611.499
-114.5 27.5 601.652
-114 27.5 591.887
-113.5 27.5 582.207
-113 27.5 572.616
-112.5 27.5 563.147
-112 27.5 553.809
-111.5 27.5 544.654
-111 27.5 535.684
-110.5 27.5 526.964
-110 27.5 518.534
-109.5 27.5 510.486
-109 27.5 502.81
-108.5 27.5 495.566
-108 27.5 488.823
-107.5 27.5 482.713
-107 27.5 477.111
-106.5 27.5 471.941
-106 27.5 467.131
-105.5 27.5 462.646
-105 27.5 458.455
-104.5 27.5 454.53
-104 27.5 450.768
-103.5 27.5 447.111
-103 27.5 443.688
-102.5 27.5 440.642
-102 27.5 438.048
-101.5 27.5 436.041
-101 27.5 434.765
-100.5 27.5 434.494
-100 27.5 435.357
-99.5 27.5 437.189
-99 27.5 439.904
-98.5 27.5 443.213
-98 27.5 446.975
-97.5 27.5 451.577
-97 27.5 456.262
-96.5 27.5 460.725
-96 27.5 464.855
-95.5 27.5 468.625
-95 27.5 472.313
-94.5 27.5 476.247
-94 27.5 480.815
-93.5 27.5 486.411
-93 27.5 492.754
-92.5 27.5 499.649
-92 27.5 507.043
-91.5 27.5 514.883
-91 27.5 523.024
-90.5 27.5 531.293
-90 27.5 539.445
-89.5 27.5 547.14
-89 27.5 554.538
-88.5 27.5 561.702
-88 27.5 568.68
-87.5 27.5 575.723
-87 27.5 582.7
-86.5 27.5 589.703
-86 27.5 596.858
-85.5 27.5 604.259
-85 27.5 611.94
-84.5 27.5 619.913
-84 27.5 628.151
-83.5 27.5 636.691
-83 27.5 645.405
-82.5 27.5 654.223
-82 27.5 663.06
-81.5 27.5 671.873
-81 27.5 680.672
-119 28 681.353
-118.5 28 670.768
-118 28 660.213
-117.5 28 649.752
-117 28 639.36
-116.5 28 629.031
-116 28 618.787
-115.5 28 608.62
-115 28 598.561
-114.5 28 588.6
-114 28 578.737
-113.5 28 568.959
-113 28 559.281
-112.5 28 549.704
-112 28 540.25
-111.5 28 530.958
-111 28 521.84
-110.5 28 512.916
-110 28 504.255
-109.5 28 495.946
-109 28 487.987
-108.5 28 480.41
-108 28 473.333
-107.5 28 467.002
-107 28 461.195
-106.5 28 455.822
-106 28 450.85
-105.5 28 446.241
-105 28 441.98
-104.5 28 438.003
-104 28 434.239
-103.5 28 430.488
-103 28 427.01
-102.5 28 423.919
-102 28 421.322
-101.5 28 419.307
-101 28 418.042
-100.5 28 417.652
-100 28 418.148
-99.5 28 418.883
-99 28 420.274
-98.5 28 422.24
-98 28 424.924
-97.5 28 429.9
-97 28 435.261
-96.5 28 440.502
-96 28 445.462
-95.5 28 449.934
-95 28 454.324
-94.5 28 458.915
-94 28 464.017
-93.5 28 470.354
-93 28 477.298
-92.5 28 484.684
-92 28 492.416
-91.5 28 500.467
-91 28 508.708
-90.5 28 517.018
-90 28 525.152
-89.5 28 532.43
-89 28 539.385
-88.5 28 546.131
-88 28 552.817
-87.5 28 560.073
-87 28 567.385
-86.5 28 574.72
-86 28 582.168
-85.5 28 589.681
-85 28 597.431
-84.5 28 605.438
-84 28 613.731
-83.5 28 622.424
-83 28 631.321
-82.5 28 640.318
-82 28 649.368
-81.5 28 658.398
-81 28 667.439
-119 28.5 669.59
-118.5 28.5 658.84
-118 28.5 648.13
-117.5 28.5 637.526
-117 28.5 627.001
-116.5 28.5 616.562
-116 28.5 606.199
-115.5 28.5 595.931
-115 28.5 585.76
-114.5 28.5 575.704
-114 28.5 565.743
-113.5 28.5 555.884
-113 28.5 546.118
-112.5 28.5 536.466
-112 28.5 526.912
-111.5 28.5 517.494
-111 28.5 508.21
-110.5 28.5 499.121
-110 28.5 490.251
-109.5 28.5 481.687
-109 28.5 473.44
-108.5 28.5 465.596
-108 28.5 458.256
-107.5 28.5 451.584
-107 28.5 445.464
-106.5 28.5 439.829
-106 28.5 434.633
-105.5 28.5 429.867
-105 28.5 425.469
-104.5 28.5 421.395
-104 28.5 417.518
-103.5 28.5 413.764
-103 28.5 410.253
-102.5 28.5 407.142
-102 28.5 404.501
-101.5 28.5 402.441
-101 28.5 401.037
-100.5 28.5 400.385
-100 28.5 400.36
-99.5 28.5 400.679
-99 28.5 401.546
-98.5 28.5 403.113
-98 28.5 405.781
-97.5 28.5 410.264
-97 28.5 415.584
-96.5 28.5 421.095
-96 28.5 426.502
-95.5 28.5 431.668
-95 28.5 436.822
-94.5 28.5 442.204
-94 28.5 448.095
-93.5 28.5 454.815
-93 28.5 462.123
-92.5 28.5 469.843
-92 28.5 477.816
-91.5 28.5 485.916
-91 28.5 494.076
-90.5 28.5 502.244
-90 28.5 510.132
-89.5 28.5 517.386
-89 28.5 524.254
-88.5 28.5 530.989
-88 28.5 537.78
-87.5 28.5 544.969
-87 28.5 552.333
-86.5 28.5 559.825
-86 28.5 567.416
-85.5 28.5 575.12
-85 28.5 583.014
-84.5 28.5 591.186
-84 28.5 599.647
-83.5 28.5 608.456
-83 28.5 617.479
-82.5 28.5 626.646
-82 28.5 635.88
-81.5 28.5 645.148
-81 28.5 654.436
-119 29 658.132
-118.5 29 647.195
-118 29 636.324
-117.5 29 625.551
-117 29 614.883
-116.5 29 604.297
-116 29 593.81
-115.5 29 583.413
-115 29 573.137
-114.5 29 562.974
-114 29 552.928
-113.5 29 542.978
-113 29 533.145
-112.5 29 523.415
-112 29 513.783
-111.5 29 504.228
-111 29 494.807
-110.5 29 485.541
-110 29 476.484
-109.5 29 467.656
-109 29 459.135
-108.5 29 450.995
-108 29 443.373
-107.5 29 436.346
-107 29 429.885
-106.5 29 423.936
-106 29 418.492
-105.5 29 413.523
-105 29 408.99
-104.5 29 404.785
-104 29 400.817
-103.5 29 397.003
-103 29 393.469
-102.5 29 390.309
-102 29 387.624
-101.5 29 385.458
-101 29 383.928
-100.5 29 383.021
-100 29 382.683
-99.5 29 382.8
-99 29 383.469
-98.5 29 384.95
-98 29 387.616
-97.5 29 391.777
-97 29 396.885
-96.5 29 402.446
-96 29 408.146
-95.5 29 413.843
-95 29 419.672
-94.5 29 425.779
-94 29 432.324
-93.5 29 439.377
-93 29 446.959
-92.5 29 454.919
-92 29 463.052
-91.5 29 471.081
-91 29 479.138
-90.5 29 487.141
-90 29 494.894
-89.5 29 502.137
-89 29 509.091
-88.5 29 515.942
-88 29 522.893
-87.5 29 530.051
-87 29 537.439
-86.5 29 545
-86 29 552.741
-85.5 29 560.607
-85 29 568.712
-84.5 29 577.086
-84 29 585.768
-83.5 29 594.722
-83 29 603.904
-82.5 29 613.236
-82 29 622.68
-81.5 29 632.185
-81 29 641.732
-119 29.5 647.011
-118.5 29.5 635.888
-118 29.5 624.814
-117.5 29.5 613.879
-117 29.5 603.034
-116.5 29.5 592.292
-116 29.5 581.644
-115.5 29.5 571.113
-115 29.5 560.706
-114.5 29.5 550.438
-114 29.5 540.289
-113.5 29.5 530.253
-113 29.5 520.335
-112.5 29.5 510.541
-112 29.5 500.827
-111.5 29.5 491.151
-111 29.5 481.571
-110.5 29.5 472.159
-110 29.5 462.902
-109.5 29.5 453.83
-109 29.5 445.009
-108.5 29.5 436.575
-108 29.5 428.616
-107.5 29.5 421.254
-107 29.5 414.438
-106.5 29.5 408.167
-106 29.5 402.428
-105.5 29.5 397.261
-105 29.5 392.558
-104.5 29.5 388.24
-104 29.5 384.172
-103.5 29.5 380.276
-103 29.5 376.662
-102.5 29.5 373.455
-102 29.5 370.705
-101.5 29.5 368.467
-101 29.5 366.802
-100.5 29.5 365.744
-100 29.5 365.224
-99.5 29.5 365.227
-99 29.5 365.829
-98.5 29.5 367.278
-98 29.5 369.869
-97.5 29.5 373.852
-97 29.5 378.809
-96.5 29.5 384.376
-96 29.5 390.261
-95.5 29.5 396.326
-95 29.5 402.645
-94.5 29.5 409.326
-94 29.5 416.374
-93.5 29.5 423.677
-93 29.5 431.424
-92.5 29.5 439.591
-92 29.5 447.887
-91.5 29.5 455.814
-91 29.5 463.714
-90.5 29.5 471.648
-90 29.5 479.393
-89.5 29.5 486.673
-89 29.5 493.723
-88.5 29.5 500.773
-88 29.5 507.893
-87.5 29.5 515.116
-87 29.5 522.532
-86.5 29.5 530.213
-86 29.5 538.108
-85.5 29.5 546.173
-85 29.5 554.49
-84.5 29.5 563.128
-84 29.5 572.056
-83.5 29.5 581.225
-83 29.5 590.597
-82.5 29.5 600.145
-82 29.5 609.81
-81.5 29.5 619.579
-81 29.5 629.394
-119 30 636.298
-118.5 30 624.967
-118 30 613.682
-117.5 30 602.555
-117 30 591.519
-116.5 30 580.567
-116 30 569.741
-115.5 30 559.033
-115 30 548.487
-114.5 30 538.086
-114 30 527.831
-113.5 30 517.673
-113 30 507.661
-112.5 30 497.781
-112 30 488.003
-111.5 30 478.176
-111 30 468.467
-110.5 30 458.9
-110 30 449.487
-109.5 30 440.151
-109 30 431.06
-108.5 30 422.302
-108 30 414.01
-107.5 30 406.304
-107 30 399.151
-106.5 30 392.529
-106 30 386.48
-105.5 30 381.08
-105 30 376.2
-104.5 30 371.726
-104 30 367.57
-103.5 30 363.526
-103 30 359.82
-102.5 30 356.538
-102 30 353.749
-101.5 30 351.436
-101 30 349.712
-100.5 30 348.568
-100 30 347.988
-99.5 30 347.934
-99 30 348.526
-98.5 30 349.939
-98 30 352.418
-97.5 30 356.31
-97 30 361.16
-96.5 30 366.677
-96 30 372.663
-95.5 30 378.884
-95 30 385.49
-94.5 30 392.515
-94 30 399.937
-93.5 30 407.284
-93 30 415.09
-92.5 30 423.378
-92 30 431.913
-91.5 30 439.652
-91 30 447.491
-90.5 30 455.473
-90 30 463.414
-89.5 30 470.741
-89 30 477.975
-88.5 30 485.254
-88 30 492.651
-87.5 30 499.959
-87 30 507.5
-86.5 30 515.325
-86 30 523.466
-85.5 30 531.73
-85 30 540.33
-84.5 30 549.266
-84 30 558.521
-83.5 30 567.948
-83 30 577.596
-82.5 30 587.404
-82 30 597.338
-81.5 30 607.39
-81 30 617.488
-119 30.5 626.022
-118.5 30.5 614.532
-118 30.5 603.058
-117.5 30.5 591.682
-117 30.5 580.372
-116.5 30.5 569.167
-116 30.5 558.096
-115.5 30.5 547.209
-115 30.5 536.492
-114.5 30.5 525.942
-114 30.5 515.526
-113.5 30.5 505.247
-113 30.5 495.099
-112.5 30.5 485.09
-112 30.5 475.158
-111.5 30.5 465.256
-111 30.5 455.429
-110.5 30.5 445.742
-110 30.5 436.136
-109.5 30.5 426.613
-109 30.5 417.257
-108.5 30.5 408.233
-108 30.5 399.625
-107.5 30.5 391.569
-107 30.5 384.05
-106.5 30.5 377.101
-106 30.5 370.746
-105.5 30.5 365.052
-105 30.5 359.901
-104.5 30.5 355.214
-104 30.5 350.845
-103.5 30.5 346.711
-103 30.5 342.904
-102.5 30.5 339.546
-102 30.5 336.683
-101.5 30.5 334.368
-101 30.5 332.627
-100.5 30.5 331.489
-100 30.5 330.902
-99.5 30.5 330.879
-99 30.5 331.511
-98.5 30.5 332.977
-98 30.5 335.467
-97.5 30.5 339.163
-97 30.5 343.808
-96.5 30.5 349.184
-96 30.5 355.076
-95.5 30.5 361.348
-95 30.5 368
-94.5 30.5 375.076
-94 30.5 382.435
-93.5 30.5 389.9
-93 30.5 397.661
-92.5 30.5 405.802
-92 30.5 414.106
-91.5 30.5 422.157
-91 30.5 430.229
-90.5 30.5 438.398
-90 30.5 446.453
-89.5 30.5 454.171
-89 30.5 461.727
-88.5 30.5 469.317
-88 30.5 476.92
-87.5 30.5 484.532
-87 30.5 492.279
-86.5 30.5 500.304
-86 30.5 508.632
-85.5 30.5 517.267
-85 30.5 526.237
-84.5 30.5 535.537
-84 30.5 545.119
-83.5 30.5 554.937
-83 30.5 564.947
-82.5 30.5 575.11
-82 30.5 585.367
-81.5 30.5 595.709
-81 30.5 606.08
-119 31 616.199
-118.5 31 604.536
-118 31 592.88
-117.5 31 581.227
-117 31 569.622
-116.5 31 558.11
-116 31 546.778
-115.5 31 535.681
-115 31 524.789
-114.5 31 514.052
-114 31 503.47
-113.5 31 493.021
-113 31 482.725
-112.5 31 472.548
-112 31 462.474
-111.5 31 452.453
-111 31 442.549
-110.5 31 432.734
-110 31 422.983
-109.5 31 413.238
-109 31 403.65
-108.5 31 394.327
-108 31 385.42
-107.5 31 376.997
-107 31 369.119
-106.5 31 361.809
-106 31 355.141
-105.5 31 349.125
-105 31 343.713
-104.5 31 338.771
-104 31 334.203
-103.5 31 329.912
-103 31 325.994
-102.5 31 322.524
-102 31 319.603
-101.5 31 317.276
-101 31 315.583
-100.5 31 314.484
-100 31 313.957
-99.5 31 313.975
-99 31 314.665
-98.5 31 316.171
-98 31 318.656
-97.5 31 322.186
-97 31 326.638
-96.5 31 331.824
-96 31 337.582
-95.5 31 343.754
-95 31 350.354
-94.5 31 357.313
-94 31 364.558
-93.5 31 371.956
-93 31 379.605
-92.5 31 387.519
-92 31 395.679
-91.5 31 403.992
-91 31 412.438
-90.5 31 420.89
-90 31 429.236
-89.5 31 437.341
-89 31 445.331
-88.5 31 453.256
-88 31 461.182
-87.5 31 469.1
-87 31 477.128
-86.5 31 485.369
-86 31 493.965
-85.5 31 503.004
-85 31 512.408
-84.5 31 522.104
-84 31 532.081
-83.5 31 542.324
-83 31 552.76
-82.5 31 563.306
-82 31 573.919
-81.5 31 584.56
-81 31 595.209
-119 31.5 606.789
-118.5 31.5 594.974
-118 31.5 583.122
-117.5 31.5 571.205
-117 31.5 559.287
-116.5 31.5 547.467
-116 31.5 535.833
-115.5 31.5 524.539
-115 31.5 513.451
-114.5 31.5 502.526
-114 31.5 491.728
-113.5 31.5 481.101
-113 31.5 470.607
-112.5 31.5 460.253
-112 31.5 450.005
-111.5 31.5 439.864
-111 31.5 429.837
-110.5 31.5 419.929
-110 31.5 410.038
-109.5 31.5 400.081
-109 31.5 390.212
-108.5 31.5 380.616
-108 31.5 371.371
-107.5 31.5 362.61
-107 31.5 354.347
-106.5 31.5 346.675
-106 31.5 339.646
-105.5 31.5 333.338
-105 31.5 327.643
-104.5 31.5 322.479
-104 31.5 317.697
-103.5 31.5 313.232
-103 31.5 309.142
-102.5 31.5 305.548
-102 31.5 302.529
-101.5 31.5 300.213
-101 31.5 298.554
-100.5 31.5 297.539
-100 31.5 297.087
-99.5 31.5 297.147
-99 31.5 297.864
-98.5 31.5 299.4
-98 31.5 301.849
-97.5 31.5 305.267
-97 31.5 309.548
-96.5 31.5 314.58
-96 31.5 320.188
-95.5 31.5 326.244
-95 31.5 332.707
-94.5 31.5 339.552
-94 31.5 346.662
-93.5 31.5 353.978
-93 31.5 361.478
-92.5 31.5 369.202
-92 31.5 377.229
-91.5 31.5 385.865
-91 31.5 394.692
-90.5 31.5 403.514
-90 31.5 412.185
-89.5 31.5 420.724
-89 31.5 429.119
-88.5 31.5 437.452
-88 31.5 445.728
-87.5 31.5 454.015
-87 31.5 462.351
-86.5 31.5 470.869
-86 31.5 479.731
-85.5 31.5 489.246
-85 31.5 499.12
-84.5 31.5 509.239
-84 31.5 519.593
-83.5 31.5 530.291
-83 31.5 541.154
-82.5 31.5 552.099
-82 31.5 563.054
-81.5 31.5 573.994
-81 31.5 584.91
-119 32 597.78
-118.5 32 585.797
-118 32 573.784
-117.5 32 561.602
-117 32 549.422
-116.5 32 537.309
-116 32 525.375
-115.5 32 513.892
-115 32 502.61
-114.5 32 491.444
-114 32 480.405
-113.5 32 469.54
-113 32 458.819
-112.5 32 448.227
-112 32 437.787
-111.5 32 427.46
-111 32 417.302
-110.5 32 407.265
-110 32 397.281
-109.5 32 387.063
-109 32 376.961
-108.5 32 367.077
-108 32 357.532
-107.5 32 348.412
-107 32 339.783
-106.5 32 331.707
-106 32 324.306
-105.5 32 317.684
-105 32 311.739
-104.5 32 306.33
-104 32 301.363
-103.5 32 296.667
-103 32 292.4
-102.5 32 288.637
-102 32 285.5
-101.5 32 283.158
-101 32 281.528
-100.5 32 280.558
-100 32 280.206
-99.5 32 280.264
-99 32 281.016
-98.5 32 282.57
-98 32 285.003
-97.5 32 288.333
-97 32 292.501
-96.5 32 297.397
-96 32 302.914
-95.5 32 308.838
-95 32 315.219
-94.5 32 321.975
-94 32 329.04
-93.5 32 336.335
-93 32 343.818
-92.5 32 351.446
-92 32 359.371
-91.5 32 368.381
-91 32 377.585
-90.5 32 386.705
-90 32 395.698
-89.5 32 404.615
-89 32 413.433
-88.5 32 422.156
-88 32 430.848
-87.5 32 439.551
-87 32 448.31
-86.5 32 457.169
-86 32 466.315
-85.5 32 476.376
-85 32 486.731
-84.5 32 497.228
-84 32 507.906
-83.5 32 519.031
-83 32 530.29
-82.5 32 541.573
-82 32 552.841
-81.5 32 564.045
-81 32 575.21
-119 32.5 589.132
-118.5 32.5 576.962
-118 32.5 564.731
-117.5 32.5 552.404
-117 32.5 540.055
-116.5 32.5 527.789
-116 32.5 515.691
-115.5 32.5 503.922
-115 32.5 492.346
-114.5 32.5 480.924
-114 32.5 469.609
-113.5 32.5 458.446
-113 32.5 447.405
-112.5 32.5 436.522
-112 32.5 425.801
-111.5 32.5 415.28
-111 32.5 404.92
-110.5 32.5 394.691
-110 32.5 384.464
-109.5 32.5 374.15
-109 32.5 363.871
-108.5 32.5 353.8
-108 32.5 343.969
-107.5 32.5 334.51
-107 32.5 325.473
-106.5 32.5 317.002
-106 32.5 309.217
-105.5 32.5 302.261
-105 32.5 296.009
-104.5 32.5 290.355
-104 32.5 285.123
-103.5 32.5 280.243
-103 32.5 275.778
-102.5 32.5 271.877
-102 32.5 268.629
-101.5 32.5 266.175
-101 32.5 264.456
-100.5 32.5 263.45
-100 32.5 263.059
-99.5 32.5 263.216
-99 32.5 264.042
-98.5 32.5 265.673
-98 32.5 268.12
-97.5 32.5 271.406
-97 32.5 275.467
-96.5 32.5 280.272
-96 32.5 285.684
-95.5 32.5 291.602
-95 32.5 297.968
-94.5 32.5 304.762
-94 32.5 311.895
-93.5 32.5 319.343
-93 32.5 327.021
-92.5 32.5 334.942
-92 32.5 343.23
-91.5 32.5 352.25
-91 32.5 361.535
-90.5 32.5 370.853
-90 32.5 380.096
-89.5 32.5 389.325
-89 32.5 398.487
-88.5 32.5 407.612
-88 32.5 416.738
-87.5 32.5 425.96
-87 32.5 435.276
-86.5 32.5 444.741
-86 32.5 454.497
-85.5 32.5 464.849
-85 32.5 475.512
-84.5 32.5 486.364
-84 32.5 497.41
-83.5 32.5 508.767
-83 32.5 520.261
-82.5 32.5 531.796
-82 32.5 543.297
-81.5 32.5 554.738
-81 32.5 566.122
-119 33 580.9
-118.5 33 568.532
-118 33 556.124
-117.5 33 543.651
-117 33 531.186
-116.5 33 518.784
-116 33 506.54
-115.5 33 494.492
-115 33 482.637
-114.5 33 470.917
-114 33 459.322
-113.5 33 447.814
-113 33 436.427
-112.5 33 425.188
-112 33 414.171
-111.5 33 403.405
-111 33 392.846
-110.5 33 382.388
-110 33 371.965
-109.5 33 361.5
-109 33 351.11
-108.5 33 340.833
-108 33 330.763
-107.5 33 320.925
-107 33 311.468
-106.5 33 302.536
-106 33 294.355
-105.5 33 287.041
-105 33 280.519
-104.5 33 274.588
-104 33 269.12
-103.5 33 263.98
-103 33 259.307
-102.5 33 255.202
-102 33 251.809
-101.5 33 249.189
-101 33 247.364
-100.5 33 246.266
-100 33 245.851
-99.5 33 246.049
-99 33 246.984
-98.5 33 248.693
-98 33 251.209
-97.5 33 254.463
-97 33 258.497
-96.5 33 263.245
-96 33 268.657
-95.5 33 274.606
-95 33 281.07
-94.5 33 287.978
-94 33 295.315
-93.5 33 303.03
-93 33 311.061
-92.5 33 319.376
-92 33 328.063
-91.5 33 337.17
-91 33 346.52
-90.5 33 355.951
-90 33 365.421
-89.5 33 374.919
-89 33 384.41
-88.5 33 393.901
-88 33 403.489
-87.5 33 413.268
-87 33 423.214
-86.5 33 433.323
-86 33 443.685
-85.5 33 454.366
-85 33 465.305
-84.5 33 476.444
-84 33 487.791
-83.5 33 499.342
-83 33 511.023
-82.5 33 522.741
-82 33 534.441
-81.5 33 546.072
-81 33 557.649
-119 33.5 573.099
-118.5 33.5 560.562
-118 33.5 547.978
-117.5 33.5 535.375
-117 33.5 522.772
-116.5 33.5 510.248
-116 33.5 497.828
-115.5 33.5 485.542
-115 33.5 473.398
-114.5 33.5 461.413
-114 33.5 449.525
-113.5 33.5 437.686
-113 33.5 425.932
-112.5 33.5 414.343
-112 33.5 402.98
-111.5 33.5 391.999
-111 33.5 381.219
-110.5 33.5 370.557
-110 33.5 359.918
-109.5 33.5 349.314
-109 33.5 338.748
-108.5 33.5 328.308
-108 33.5 317.964
-107.5 33.5 307.762
-107 33.5 297.835
-106.5 33.5 288.428
-106 33.5 279.75
-105.5 33.5 272.128
-105 33.5 265.298
-104.5 33.5 259.119
-104 33.5 253.376
-103.5 33.5 247.938
-103 33.5 242.958
-102.5 33.5 238.622
-102 33.5 235.005
-101.5 33.5 232.221
-101 33.5 230.238
-100.5 33.5 229.064
-100 33.5 228.605
-99.5 33.5 228.841
-99 33.5 229.831
-98.5 33.5 231.664
-98 33.5 234.265
-97.5 33.5 237.567
-97 33.5 241.599
-96.5 33.5 246.403
-96 33.5 251.879
-95.5 33.5 257.974
-95 33.5 264.594
-94.5 33.5 271.729
-94 33.5 279.317
-93.5 33.5 287.406
-93 33.5 295.844
-92.5 33.5 304.621
-92 33.5 313.684
-91.5 33.5 322.978
-91 33.5 332.435
-90.5 33.5 342.028
-90 33.5 351.694
-89.5 33.5 361.488
-89 33.5 371.295
-88.5 33.5 381.148
-88 33.5 391.137
-87.5 33.5 401.491
-87 33.5 412.047
-86.5 33.5 422.786
-86 33.5 433.683
-85.5 33.5 444.701
-85 33.5 455.895
-84.5 33.5 467.3
-84 33.5 478.892
-83.5 33.5 490.631
-83 33.5 502.472
-82.5 33.5 514.367
-82 33.5 526.237
-81.5 33.5 538.034
-81 33.5 549.769
-119 34 565.768
-118.5 34 553.056
-118 34 540.315
-117.5 34 527.548
-117 34 514.805
-116.5 34 502.118
-116 34 489.534
-115.5 34 476.988
-115 34 464.595
-114.5 34 452.347
-114 34 440.222
-113.5 34 428.063
-113 34 416.013
-112.5 34 404.094
-112 34 392.398
-111.5 34 381.206
-111 34 370.212
-110.5 34 359.298
-110 34 348.444
-109.5 34 337.629
-109 34 326.899
-108.5 34 316.238
-108 34 305.669
-107.5 34 295.066
-107 34 284.722
-106.5 34 274.801
-106 34 265.591
-105.5 34 257.615
-105 34 250.455
-104.5 34 243.908
-104 34 237.881
-103.5 34 232.015
-103 34 226.718
-102.5 34 222.085
-102 34 218.23
-101.5 34 215.219
-101 34 213.084
-100.5 34 211.783
-100 34 211.303
-99.5 34 211.501
-99 34 212.561
-98.5 34 214.491
-98 34 217.274
-97.5 34 220.632
-97 34 224.79
-96.5 34 229.72
-96 34 235.407
-95.5 34 241.72
-95 34 248.637
-94.5 34 256.059
-94 34 263.984
-93.5 34 272.474
-93 34 281.365
-92.5 34 290.572
-92 34 300.061
-91.5 34 309.578
-91 34 319.266
-90.5 34 329.074
-90 34 338.998
-89.5 34 349.117
-89 34 359.282
-88.5 34 369.467
-88 34 379.803
-87.5 34 390.678
-87 34 401.771
-86.5 34 413.01
-86 34 424.387
-85.5 34 435.672
-85 34 447.119
-84.5 34 458.766
-84 34 470.602
-83.5 34 482.513
-83 34 494.527
-82.5 34 506.587
-82 34 518.633
-81.5 34 530.568
-81 34 542.445
-119 34.5 558.901
-118.5 34.5 546.038
-118 34.5 533.126
-117.5 34.5 520.197
-117 34.5 507.26
-116.5 34.5 494.38
-116 34.5 481.557
-115.5 34.5 468.817
-115 34.5 456.182
-114.5 34.5 443.689
-114 34.5 431.292
-113.5 34.5 418.962
-113 34.5 406.728
-112.5 34.5 394.655
-112 34.5 382.782
-111.5 34.5 371.263
-111 34.5 359.929
-110.5 34.5 348.725
-110 34.5 337.589
-109.5 34.5 326.552
-109 34.5 315.57
-108.5 34.5 304.68
-108 34.5 293.79
-107.5 34.5 282.925
-107 34.5 272.227
-106.5 34.5 261.972
-106 34.5 252.378
-105.5 34.5 243.815
-105 34.5 236.035
-104.5 34.5 228.937
-104 34.5 222.336
-103.5 34.5 216.161
-103 34.5 210.538
-102.5 34.5 205.666
-102 34.5 201.536
-101.5 34.5 198.274
-101 34.5 195.87
-100.5 34.5 194.435
-100 34.5 193.831
-99.5 34.5 194.041
-99 34.5 195.102
-98.5 34.5 197.151
-98 34.5 200.04
-97.5 34.5 203.67
-97 34.5 208.056
-96.5 34.5 213.275
-96 34.5 219.25
-95.5 34.5 225.956
-95 34.5 233.266
-94.5 34.5 241.137
-94 34.5 249.488
-93.5 34.5 258.367
-93 34.5 267.621
-92.5 34.5 277.204
-92 34.5 287.006
-91.5 34.5 296.933
-91 34.5 306.983
-90.5 34.5 317.177
-90 34.5 327.475
-89.5 34.5 337.931
-89 34.5 348.449
-88.5 34.5 359.06
-88 34.5 369.837
-87.5 34.5 380.991
-87 34.5 392.358
-86.5 34.5 403.888
-86 34.5 415.504
-85.5 34.5 427.126
-85 34.5 438.849
-84.5 34.5 450.735
-84 34.5 462.768
-83.5 34.5 474.902
-83 34.5 487.106
-82.5 34.5 499.345
-82 34.5 511.536
-81.5 34.5 523.626
-81 34.5 535.635
-119 35 552.528
-118.5 35 539.509
-118 35 526.445
-117.5 35 513.327
-117 35 500.201
-116.5 35 487.091
-116 35 474.053
-115.5 35 461.099
-115 35 448.259
-114.5 35 435.524
-114 35 422.92
-113.5 35 410.437
-113 35 398.101
-112.5 35 385.899
-112 35 373.881
-111.5 35 362.039
-111 35 350.368
-110.5 35 338.822
-110 35 327.408
-109.5 35 316.094
-109 35 304.895
-108.5 35 293.731
-108 35 282.584
-107.5 35 271.403
-107 35 260.399
-106.5 35 249.756
-106 35 239.759
-105.5 35 230.548
-105 35 222.115
-104.5 35 214.315
-104 35 207.137
-103.5 35 200.492
-103 35 194.568
-102.5 35 189.357
-102 35 184.962
-101.5 35 181.31
-101 35 178.67
-100.5 35 177.011
-100 35 176.34
-99.5 35 176.455
-99 35 177.601
-98.5 35 179.757
-98 35 182.891
-97.5 35 186.805
-97 35 191.566
-96.5 35 197.141
-96 35 203.555
-95.5 35 210.73
-95 35 218.568
-94.5 35 226.927
-94 35 235.78
-93.5 35 245.049
-93 35 254.69
-92.5 35 264.609
-92 35 274.777
-91.5 35 285.113
-91 35 295.618
-90.5 35 306.236
-90 35 316.969
-89.5 35 327.777
-89 35 338.676
-88.5 35 349.674
-88 35 360.842
-87.5 35 372.208
-87 35 383.766
-86.5 35 395.461
-86 35 407.27
-85.5 35 419.146
-85 35 431.128
-84.5 35 443.23
-84 35 455.464
-83.5 35 467.803
-83 35 480.216
-82.5 35 492.629
-82 35 504.976
-81.5 35 517.191
-81 35 529.32
-119 35.5 546.638
-118.5 35.5 533.495
-118 35.5 520.278
-117.5 35.5 506.994
-117 35.5 493.662
-116.5 35.5 480.348
-116 35.5 467.083
-115.5 35.5 453.954
-115 35.5 440.912
-114.5 35.5 427.978
-114 35.5 415.158
-113.5 35.5 402.564
-113 35.5 390.109
-112.5 35.5 377.81
-112 35.5 365.618
-111.5 35.5 353.491
-111 35.5 341.473
-110.5 35.5 329.615
-110 35.5 317.891
-109.5 35.5 306.342
-109 35.5 294.884
-108.5 35.5 283.504
-108 35.5 272.079
-107.5 35.5 260.594
-107 35.5 249.202
-106.5 35.5 238.178
-106 35.5 227.661
-105.5 35.5 217.867
-105 35.5 208.712
-104.5 35.5 200.24
-104 35.5 192.367
-103.5 35.5 185.239
-103 35.5 178.826
-102.5 35.5 173.278
-102 35.5 168.473
-101.5 35.5 164.432
-101 35.5 161.379
-100.5 35.5 159.557
-100 35.5 158.79
-99.5 35.5 158.87
-99 35.5 160.044
-98.5 35.5 162.46
-98 35.5 165.922
-97.5 35.5 170.26
-97 35.5 175.444
-96.5 35.5 181.526
-96 35.5 188.429
-95.5 35.5 196.219
-95 35.5 204.626
-94.5 35.5 213.565
-94 35.5 222.905
-93.5 35.5 232.628
-93 35.5 242.64
-92.5 35.5 252.931
-92 35.5 263.444
-91.5 35.5 274.224
-91 35.5 285.16
-90.5 35.5 296.236
-90 35.5 307.376
-89.5 35.5 318.551
-89 35.5 329.789
-88.5 35.5 341.161
-88 35.5 352.649
-87.5 35.5 364.221
-87 35.5 375.916
-86.5 35.5 387.759
-86 35.5 399.72
-85.5 35.5 411.816
-85 35.5 424.01
-84.5 35.5 436.307
-84 35.5 448.711
-83.5 35.5 461.254
-83 35.5 473.852
-82.5 35.5 486.443
-82 35.5 498.936
-81.5 35.5 511.255
-81 35.5 523.467
-119 36 541.245
-118.5 36 527.985
-118 36 514.653
-117.5 36 501.207
-117 36 487.711
-116.5 36 474.201
-116 36 460.744
-115.5 36 447.459
-115 36 434.266
-114.5 36 421.132
-114 36 408.112
-113.5 36 395.375
-113 36 382.79
-112.5 36 370.323
-112 36 357.977
-111.5 36 345.538
-111 36 333.234
-110.5 36 321.075
-110 36 309.082
-109.5 36 297.275
-109 36 285.598
-108.5 36 273.96
-108 36 262.315
-107.5 36 250.447
-107 36 238.701
-106.5 36 227.222
-106 36 216.211
-105.5 36 205.789
-105 36 195.992
-104.5 36 186.756
-104 36 178.19
-103.5 36 170.375
-103 36 163.425
-102.5 36 157.299
-102 36 152.088
-101.5 36 147.388
-101 36 143.914
-100.5 36 141.783
-100 36 141.056
-99.5 36 141.004
-99 36 142.388
-98.5 36 145.16
-98 36 149.195
-97.5 36 154.038
-97 36 159.863
-96.5 36 166.553
-96 36 174.088
-95.5 36 182.553
-95 36 191.623
-94.5 36 201.115
-94 36 210.988
-93.5 36 221.145
-93 36 231.578
-92.5 36 242.222
-92 36 253.095
-91.5 36 264.274
-91 36 275.632
-90.5 36 287.093
-90 36 298.635
-89.5 36 310.1
-89 36 321.661
-88.5 36 333.343
-88 36 345.154
-87.5 36 356.895
-87 36 368.759
-86.5 36 380.749
-86 36 392.869
-85.5 36 405.161
-85 36 417.548
-84.5 36 430.003
-84 36 442.545
-83.5 36 455.256
-83 36 468.015
-82.5 36 480.743
-82 36 493.374
-81.5 36 505.751
-81 36 518.027
-119 36.5 536.327
-118.5 36.5 522.984
-118 36.5 509.54
-117.5 36.5 495.992
-117 36.5 482.367
-116.5 36.5 468.736
-116 36.5 455.157
-115.5 36.5 441.73
-115 36.5 428.392
-114.5 36.5 415.141
-114 36.5 401.974
-113.5 36.5 389.004
-113 36.5 376.147
-112.5 36.5 363.41
-112 36.5 350.754
-111.5 36.5 338.147
-111 36.5 325.639
-110.5 36.5 313.279
-110 36.5 301.045
-109.5 36.5 288.993
-109 36.5 277.021
-108.5 36.5 265.108
-108 36.5 253.108
-107.5 36.5 240.995
-107 36.5 228.894
-106.5 36.5 217.051
-106 36.5 205.533
-105.5 36.5 194.546
-105 36.5 184.029
-104.5 36.5 174.118
-104 36.5 164.753
-103.5 36.5 156.189
-103 36.5 148.366
-102.5 36.5 141.519
-102 36.5 135.45
-101.5 36.5 130.247
-101 36.5 126.156
-100.5 36.5 123.594
-100 36.5 122.495
-99.5 36.5 122.793
-99 36.5 124.603
-98.5 36.5 127.974
-98 36.5 132.609
-97.5 36.5 138.306
-97 36.5 144.952
-96.5 36.5 152.553
-96 36.5 160.919
-95.5 36.5 170.05
-95 36.5 179.679
-94.5 36.5 189.739
-94 36.5 200.095
-93.5 36.5 210.726
-93 36.5 221.562
-92.5 36.5 232.625
-92 36.5 243.873
-91.5 36.5 255.374
-91 36.5 267.016
-90.5 36.5 278.777
-90 36.5 290.568
-89.5 36.5 302.353
-89 36.5 314.177
-88.5 36.5 326.11
-88 36.5 338.116
-87.5 36.5 350.141
-87 36.5 362.239
-86.5 36.5 374.456
-86 36.5 386.778
-85.5 36.5 399.234
-85 36.5 411.77
-84.5 36.5 424.381
-84 36.5 437.063
-83.5 36.5 449.858
-83 36.5 462.679
-82.5 36.5 475.475
-82 36.5 488.143
-81.5 36.5 500.611
-81 36.5 512.952
-119 37 531.902
-118.5 37 518.494
-118 37 504.987
-117.5 37 491.35
-117 37 477.635
-116.5 37 463.9
-116 37 450.238
-115.5 37 436.706
-115 37 423.279
-114.5 37 409.914
-114 37 396.623
-113.5 37 383.401
-113 37 370.254
-112.5 37 357.186
-112 37 344.246
-111.5 37 331.454
-111 37 318.798
-110.5 37 306.246
-110 37 293.822
-109.5 37 281.508
-109 37 269.293
-108.5 37 257.071
-108 37 244.787
-107.5 37 232.359
-107 37 219.969
-106.5 37 207.715
-106 37 195.772
-105.5 37 184.169
-105 37 173.044
-104.5 37 162.351
-104 37 152.256
-103.5 37 142.727
-103 37 134.078
-102.5 37 126.257
-102 37 119.421
-101.5 37 113.427
-101 37 108.749
-100.5 37 105.573
-100 37 104.251
-99.5 37 104.805
-99 37 107.241
-98.5 37 111.268
-98 37 116.732
-97.5 37 123.304
-97 37 130.985
-96.5 37 139.561
-96 37 148.876
-95.5 37 158.67
-95 37 168.907
-94.5 37 179.471
-94 37 190.332
-93.5 37 201.383
-93 37 212.647
-92.5 37 224.079
-92 37 235.699
-91.5 37 247.458
-91 37 259.358
-90.5 37 271.331
-90 37 283.353
-89.5 37 295.363
-89 37 307.426
-88.5 37 319.548
-88 37 331.756
-87.5 37 344.025
-87 37 356.389
-86.5 37 368.833
-86 37 381.366
-85.5 37 393.966
-85 37 406.637
-84.5 37 419.362
-84 37 432.152
-83.5 37 444.985
-83 37 457.849
-82.5 37 470.663
-82 37 483.361
-81.5 37 495.865
-81 37 508.256
-119 37.5 527.942
-118.5 37.5 514.52
-118 37.5 500.977
-117.5 37.5 487.286
-117 37.5 473.493
-116.5 37.5 459.688
-116 37.5 445.942
-115.5 37.5 432.365
-115 37.5 418.875
-114.5 37.5 405.45
-114 37.5 392.034
-113.5 37.5 378.604
-113 37.5 365.172
-112.5 37.5 351.805
-112 37.5 338.564
-111.5 37.5 325.63
-111 37.5 312.826
-110.5 37.5 300.116
-110 37.5 287.469
-109.5 37.5 274.949
-109 37.5 262.468
-108.5 37.5 250.005
-108 37.5 237.432
-107.5 37.5 224.728
-107 37.5 211.986
-106.5 37.5 199.396
-106 37.5 186.979
-105.5 37.5 174.884
-105 37.5 163.078
-104.5 37.5 151.742
-104 37.5 140.772
-103.5 37.5 130.405
-103 37.5 120.719
-102.5 37.5 112.06
-102 37.5 104.343
-101.5 37.5 97.6503
-101 37.5 92.2482
-100.5 37.5 88.586
-100 37.5 86.8992
-99.5 37.5 87.8698
-99 37.5 90.8639
-98.5 37.5 95.6387
-98 37.5 101.891
-97.5 37.5 109.409
-97 37.5 118.077
-96.5 37.5 127.737
-96 37.5 137.999
-95.5 37.5 148.509
-95 37.5 159.288
-94.5 37.5 170.385
-94 37.5 181.699
-93.5 37.5 193.177
-93 37.5 204.804
-92.5 37.5 216.611
-92 37.5 228.537
-91.5 37.5 240.557
-91 37.5 252.651
-90.5 37.5 264.83
-90 37.5 277.029
-89.5 37.5 289.243
-89 37.5 301.473
-88.5 37.5 313.769
-88 37.5 326.135
-87.5 37.5 338.638
-87 37.5 351.223
-86.5 37.5 363.888
-86 37.5 376.596
-85.5 37.5 389.326
-85 37.5 402.089
-84.5 37.5 414.907
-84 37.5 427.755
-83.5 37.5 440.618
-83 37.5 453.479
-82.5 37.5 466.312
-82 37.5 479.025
-81.5 37.5 491.536
-81 37.5 503.935
-119 38 524.432
-118.5 38 511.018
-118 38 497.495
-117.5 38 483.765
-117 38 469.941
-116.5 38 456.086
-116 38 442.287
-115.5 38 428.695
-115 38 415.188
-114.5 38 401.711
-114 38 388.231
-113.5 38 374.63
-113 38 361.009
-112.5 38 347.392
-112 38 333.883
-111.5 38 320.835
-111 38 307.9
-110.5 38 294.984
-110 38 282.116
-109.5 38 269.356
-109 38 256.646
-108.5 38 243.914
-108 38 231.122
-107.5 38 218.094
-107 38 205.075
-106.5 38 192.126
-106 38 179.344
-105.5 38 166.721
-105 38 154.399
-104.5 38 142.325
-104 38 130.636
-103.5 38 119.254
-103 38 108.645
-102.5 38 98.9925
-102 38 90.6137
-101.5 38 83.1837
-101 38 77.3947
-100.5 38 73.2967
-100 38 71.3435
-99.5 38 72.6886
-99 38 76.1874
-98.5 38 81.4528
-98 38 88.4302
-97.5 38 96.7231
-97 38 106.404
-96.5 38 117.092
-96 38 128.382
-95.5 38 139.513
-95 38 150.863
-94.5 38 162.443
-94 38 174.234
-93.5 38 186.068
-93 38 198.059
-92.5 38 210.177
-92 38 222.41
-91.5 38 234.629
-91 38 246.925
-90.5 38 259.266
-90 38 271.645
-89.5 38 284.006
-89 38 296.398
-88.5 38 308.821
-88 38 321.323
-87.5 38 334.006
-87 38 346.78
-86.5 38 359.601
-86 38 372.457
-85.5 38 385.26
-85 38 398.093
-84.5 38 410.954
-84 38 423.843
-83.5 38 436.685
-83 38 449.532
-82.5 38 462.349
-82 38 475.088
-81.5 38 487.562
-81 38 499.962
-119 38.5 521.325
-118.5 38.5 507.946
-118 38.5 494.435
-117.5 38.5 480.752
-117 38.5 466.952
-116.5 38.5 453.138
-116 38.5 439.369
-115.5 38.5 425.745
-115 38.5 412.19
-114.5 38.5 398.671
-114 38.5 385.12
-113.5 38.5 371.491
-113 38.5 357.812
-112.5 38.5 344.153
-112 38.5 330.589
-111.5 38.5 317.307
-111 38.5 304.125
-110.5 38.5 290.991
-110 38.5 277.877
-109.5 38.5 264.855
-109 38.5 251.844
-108.5 38.5 238.835
-108 38.5 225.732
-107.5 38.5 212.526
-107 38.5 199.265
-106.5 38.5 186.079
-106 38.5 172.934
-105.5 38.5 159.96
-105 38.5 147.075
-104.5 38.5 134.45
-104 38.5 121.909
-103.5 38.5 109.69
-103 38.5 97.9824
-102.5 38.5 87.3249
-102 38.5 78.0318
-101.5 38.5 70.4846
-101 38.5 64.7375
-100.5 38.5 60.9328
-99.5 38.5 60.4447
-99 38.5 63.8359
-98.5 38.5 69.1576
-98 38.5 76.3884
-97.5 38.5 85.4965
-97 38.5 96.127
-96.5 38.5 107.76
-96 38.5 119.783
-95.5 38.5 131.73
-95 38.5 143.661
-94.5 38.5 155.722
-94 38.5 167.873
-93.5 38.5 180.107
-93 38.5 192.412
-92.5 38.5 204.815
-92 38.5 217.253
-91.5 38.5 229.709
-91 38.5 242.176
-90.5 38.5 254.684
-90 38.5 267.191
-89.5 38.5 279.711
-89 38.5 292.235
-88.5 38.5 304.805
-88 38.5 317.439
-87.5 38.5 330.218
-87 38.5 343.072
-86.5 38.5 355.977
-86 38.5 368.879
-85.5 38.5 381.754
-85 38.5 394.614
-84.5 38.5 407.492
-84 38.5 420.35
-83.5 38.5 433.173
-83 38.5 445.957
-82.5 38.5 458.711
-82 38.5 471.374
-81.5 38.5 483.888
-81 38.5 496.323
-119 39 518.637
-118.5 39 505.309
-118 39 491.863
-117.5 39 478.23
-117 39 464.503
-116.5 39 450.749
-116 39 437.046
-115.5 39 423.418
-115 39 409.86
-114.5 39 396.324
-114 39 382.775
-113.5 39 369.167
-113 39 355.529
-112.5 39 341.891
-112 39 328.319
-111.5 39 314.851
-111 39 301.447
-110.5 39 288.065
-110 39 274.728
-109.5 39 261.43
-109 39 248.162
-108.5 39 234.865
-108 39 221.538
-107.5 39 208.15
-107 39 194.76
-106.5 39 181.367
-106 39 168.029
-105.5 39 154.725
-105 39 141.539
-104.5 39 128.36
-104 39 115.225
-103.5 39 102.095
-103 39 89.3632
-102.5 39 77.5835
-102 39 67.6065
-101.5 39 60.0818
-98.5 39 59.1518
-98 39 66.4519
-97.5 39 76.2519
-97 39 87.8071
-96.5 39 100.29
-96 39 113.055
-95.5 39 125.619
-95 39 138.067
-94.5 39 150.476
-94 39 162.935
-93.5 39 175.454
-93 39 188.036
-92.5 39 200.638
-92 39 213.263
-91.5 39 225.879
-91 39 238.507
-90.5 39 251.125
-90 39 263.751
-89.5 39 276.374
-89 39 289.015
-88.5 39 301.678
-88 39 314.41
-87.5 39 327.23
-87 39 340.124
-86.5 39 353.042
-86 39 365.962
-85.5 39 378.842
-85 39 391.712
-84.5 39 404.558
-84 39 417.377
-83.5 39 430.13
-83 39 442.841
-82.5 39 455.494
-82 39 468.092
-81.5 39 480.614
-81 39 493.089
-119 39.5 516.324
-118.5 39.5 503.094
-118 39.5 489.741
-117.5 39.5 476.179
-117 39.5 462.519
-116.5 39.5 448.862
-116 39.5 435.238
-115.5 39.5 421.664
-115 39.5 408.137
-114.5 39.5 394.647
-114 39.5 381.146
-113.5 39.5 367.613
-113 39.5 354.048
-112.5 39.5 340.49
-112 39.5 326.927
-111.5 39.5 313.349
-111 39.5 299.757
-110.5 39.5 286.192
-110 39.5 272.635
-109.5 39.5 259.143
-109 39.5 245.642
-108.5 39.5 232.144
-108 39.5 218.62
-107.5 39.5 205.151
-107 39.5 191.665
-106.5 39.5 178.204
-106 39.5 164.725
-105.5 39.5 151.324
-105 39.5 137.895
-104.5 39.5 124.495
-104 39.5 110.895
-103.5 39.5 97.0952
-103 39.5 83.428
-102.5 39.5 70.7015
-102 39.5 59.9014
-98 39.5 59.2081
-97.5 39.5 69.7109
-97 39.5 82.1013
-96.5 39.5 95.3405
-96 39.5 108.684
-95.5 39.5 121.649
-95 39.5 134.36
-94.5 39.5 146.982
-94 39.5 159.591
-93.5 39.5 172.323
-93 39.5 185.069
-92.5 39.5 197.815
-92 39.5 210.533
-91.5 39.5 223.27
-91 39.5 235.978
-90.5 39.5 248.676
-90 39.5 261.351
-89.5 39.5 274.05
-89 39.5 286.743
-88.5 39.5 299.465
-88 39.5 312.22
-87.5 39.5 325.058
-87 39.5 337.935
-86.5 39.5 350.841
-86 39.5 363.729
-85.5 39.5 376.587
-85 39.5 389.413
-84.5 39.5 402.219
-84 39.5 414.968
-83.5 39.5 427.645
-83 39.5 440.251
-82.5 39.5 452.809
-82 39.5 465.323
-81.5 39.5 477.847
-81 39.5 490.343
-119 40 514.354
-118.5 40 501.211
-118 40 487.997
-117.5 40 474.488
-117 40 460.932
-116.5 40 447.39
-116 40 433.895
-115.5 40 420.407
-115 40 406.973
-114.5 40 393.572
-114 40 380.178
-113.5 40 366.739
-113 40 353.29
-112.5 40 339.828
-112 40 326.339
-111.5 40 312.692
-111 40 299.014
-110.5 40 285.316
-110 40 271.628
-109.5 40 257.994
-109 40 244.365
-108.5 40 230.713
-108 40 217.086
-107.5 40 203.588
-107 40 190.124
-106.5 40 176.65
-106 40 163.19
-105.5 40 149.769
-105 40 136.379
-104.5 40 122.919
-104 40 109.3
-103.5 40 95.1265
-103 40 81.0835
-102.5 40 67.7061
-102 40 57.0644
-98 40 56.6329
-97.5 40 66.951
-97 40 79.846
-96.5 40 93.3902
-96 40 107.007
-95.5 40 119.988
-95 40 132.751
-94.5 40 145.399
-94 40 158.025
-93.5 40 170.849
-93 40 183.676
-92.5 40 196.445
-92 40 209.179
-91.5 40 221.942
-91 40 234.68
-90.5 40 247.373
-90 40 260.048
-89.5 40 272.752
-89 40 285.462
-88.5 40 298.168
-88 40 310.902
-87.5 40 323.7
-87 40 336.532
-86.5 40 349.368
-86 40 362.201
-85.5 40 374.984
-85 40 387.752
-84.5 40 400.483
-84 40 413.168
-83.5 40 425.749
-83 40 438.267
-82.5 40 450.721
-82 40 463.149
-81.5 40 475.662
-81 40 488.158
-119 40.5 512.68
-118.5 40.5 499.573
-118 40.5 486.389
-117.5 40.5 473.062
-117 40.5 459.677
-116.5 40.5 446.302
-116 40.5 432.945
-115.5 40.5 419.618
-115 40.5 406.322
-114.5 40.5 393.059
-114 40.5 379.787
-113.5 40.5 366.491
-113 40.5 353.163
-112.5 40.5 339.817
-112 40.5 326.382
-111.5 40.5 312.808
-111 40.5 299.136
-110.5 40.5 285.451
-110 40.5 271.735
-109.5 40.5 258.042
-109 40.5 244.333
-108.5 40.5 230.661
-108 40.5 217.042
-107.5 40.5 203.576
-107 40.5 190.168
-106.5 40.5 176.811
-106 40.5 163.462
-105.5 40.5 150.199
-105 40.5 136.919
-104.5 40.5 123.634
-104 40.5 110.143
-103.5 40.5 96.4231
-103 40.5 82.8586
-102.5 40.5 70.1819
-102 40.5 59.4298
-98 40.5 59.045
-97.5 40.5 69.3882
-97 40.5 81.5774
-96.5 40.5 94.5697
-96 40.5 107.72
-95.5 40.5 120.585
-95 40.5 133.264
-94.5 40.5 145.881
-94 40.5 158.486
-93.5 40.5 171.204
-93 40.5 183.926
-92.5 40.5 196.63
-92 40.5 209.296
-91.5 40.5 221.981
-91 40.5 234.635
-90.5 40.5 247.271
-90 40.5 259.886
-89.5 40.5 272.53
-89 40.5 285.173
-88.5 40.5 297.831
-88 40.5 310.495
-87.5 40.5 323.199
-87 40.5 335.912
-86.5 40.5 348.637
-86 40.5 361.351
-85.5 40.5 374.055
-85 40.5 386.731
-84.5 40.5 399.38
-84 40.5 411.967
-83.5 40.5 424.485
-83 40.5 436.931
-82.5 40.5 449.331
-82 40.5 461.715
-81.5 40.5 474.156
-81 40.5 486.597
-119 41 511.394
-118.5 41 498.306
-118 41 485.182
-117.5 41 472.024
-117 41 458.844
-116.5 41 445.648
-116 41 432.469
-115.5 41 419.316
-115 41 406.2
-114.5 41 393.094
-114 41 379.986
-113.5 41 366.835
-113 41 353.675
-112.5 41 340.464
-112 41 327.16
-111.5 41 313.678
-111 41 300.12
-110.5 41 286.509
-110 41 272.874
-109.5 41 259.182
-109 41 245.5
-108.5 41 231.866
-108 41 218.361
-107.5 41 205.013
-107 41 191.784
-106.5 41 178.619
-106 41 165.537
-105.5 41 152.532
-105 41 139.615
-104.5 41 126.696
-104 41 113.748
-103.5 41 100.789
-103 41 88.1853
-102.5 41 76.5179
-102 41 66.6284
-98 41 66.083
-97.5 41 75.5992
-97 41 86.6993
-96.5 41 98.7009
-96 41 111.083
-95.5 41 123.491
-95 41 135.899
-94.5 41 148.311
-94 41 160.759
-93.5 41 173.247
-93 41 185.764
-92.5 41 198.278
-92 41 210.796
-91.5 41 223.308
-91 41 235.816
-90.5 41 248.309
-90 41 260.811
-89.5 41 273.326
-89 41 285.865
-88.5 41 298.41
-88 41 310.968
-87.5 41 323.524
-87 41 336.088
-86.5 41 348.652
-86 41 361.228
-85.5 41 373.814
-85 41 386.393
-84.5 41 398.934
-84 41 411.432
-83.5 41 423.875
-83 41 436.26
-82.5 41 448.595
-82 41 460.926
-81.5 41 473.29
-81 41 485.654
-119 41.5 510.593
-118.5 41.5 497.549
-118 41.5 484.487
-117.5 41.5 471.519
-117 41.5 458.538
-116.5 41.5 445.535
-116 41.5 432.519
-115.5 41.5 419.561
-115 41.5 406.621
-114.5 41.5 393.697
-114 41.5 380.754
-113.5 41.5 367.777
-113 41.5 354.779
-112.5 41.5 341.76
-112 41.5 328.626
-111.5 41.5 315.294
-111 41.5 301.863
-110.5 41.5 288.423
-110 41.5 274.933
-109.5 41.5 261.346
-109 41.5 247.754
-108.5 41.5 234.268
-108 41.5 220.939
-107.5 41.5 207.848
-107 41.5 194.894
-106.5 41.5 182.065
-106 41.5 169.323
-105.5 41.5 156.772
-105 41.5 144.325
-104.5 41.5 132.015
-104 41.5 119.788
-103.5 41.5 107.77
-103 41.5 96.2227
-102.5 41.5 85.6981
-102 41.5 76.5803
-101.5 41.5 69.1212
-101 41.5 63.4223
-99 41.5 63.1502
-98.5 41.5 68.617
-98 41.5 75.8421
-97.5 41.5 84.5242
-97 41.5 94.4779
-96.5 41.5 105.378
-96 41.5 116.829
-95.5 41.5 128.579
-95 41.5 140.497
-94.5 41.5 152.55
-94 41.5 164.683
-93.5 41.5 176.846
-93 41.5 189.048
-92.5 41.5 201.305
-92 41.5 213.577
-91.5 41.5 225.864
-91 41.5 238.145
-90.5 41.5 250.445
-90 41.5 262.757
-89.5 41.5 275.108
-89 41.5 287.481
-88.5 41.5 299.884
-88 41.5 312.286
-87.5 41.5 324.676
-87 41.5 337.051
-86.5 41.5 349.44
-86 41.5 361.843
-85.5 41.5 374.309
-85 41.5 386.766
-84.5 41.5 399.198
-84 41.5 411.585
-83.5 41.5 423.954
-83 41.5 436.262
-82.5 41.5 448.526
-82 41.5 460.768
-81.5 41.5 473.054
-81 41.5 485.328
-119 42 510.395
-118.5 42 497.43
-118 42 484.443
-117.5 42 471.676
-117 42 458.894
-116.5 42 446.048
-116 42 433.178
-115.5 42 420.388
-115 42 407.616
-114.5 42 394.84
-114 42 382.07
-113.5 42 369.236
-113 42 356.419
-112.5 42 343.59
-112 42 330.694
-111.5 42 317.496
-111 42 304.258
-110.5 42 291.028
-110 42 277.806
-109.5 42 264.381
-109 42 251.012
-108.5 42 237.77
-108 42 224.734
-107.5 42 212.008
-107 42 199.477
-106.5 42 187.064
-106 42 174.782
-105.5 42 162.747
-105 42 150.897
-104.5 42 139.251
-104 42 127.886
-103.5 42 116.784
-103 42 106.356
-102.5 42 96.9065
-102 42 88.6788
-101.5 42 81.3751
-101 42 75.6024
-100.5 42 71.6207
-100 42 69.8308
-99.5 42 71.4328
-99 42 75.1632
-98.5 42 80.6624
-98 42 87.6888
-97.5 42 95.4341
-97 42 104.289
-96.5 42 114.092
-96 42 124.591
-95.5 42 135.544
-95 42 146.831
-94.5 42 158.364
-94 42 170.079
-93.5 42 181.805
-93 42 193.644
-92.5 42 205.571
-92 42 217.558
-91.5 42 229.548
-91 42 241.563
-90.5 42 253.599
-90 42 265.679
-89.5 42 277.803
-89 42 289.982
-88.5 42 302.193
-88 42 314.426
-87.5 42 326.613
-87 42 338.807
-86.5 42 351.004
-86 42 363.227
-85.5 42 375.56
-85 42 387.894
-84.5 42 400.192
-84 42 412.459
-83.5 42 424.737
-83 42 436.97
-82.5 42 449.138
-82 42 461.27
-81.5 42 473.463
-81 42 485.626
-119 42.5 510.864
-118.5 42.5 498.101
-118 42.5 485.327
-117.5 42.5 472.659
-117 42.5 459.984
-116.5 42.5 447.285
-116 42.5 434.557
-115.5 42.5 421.87
-115 42.5 409.185
-114.5 42.5 396.518
-114 42.5 383.849
-113.5 42.5 371.185
-113 42.5 358.521
-112.5 42.5 345.859
-112 42.5 333.102
-111.5 42.5 320.179
-111 42.5 307.178
-110.5 42.5 294.197
-110 42.5 281.205
-109.5 42.5 268.166
-109 42.5 255.181
-108.5 42.5 242.353
-108 42.5 229.754
-107.5 42.5 217.485
-107 42.5 205.448
-106.5 42.5 193.606
-106 42.5 181.885
-105.5 42.5 170.372
-105 42.5 159.052
-104.5 42.5 148.058
-104 42.5 137.447
-103.5 42.5 127.354
-103 42.5 117.958
-102.5 42.5 109.504
-102 42.5 101.981
-101.5 42.5 95.3415
-101 42.5 89.9772
-100.5 42.5 86.324
-100 42.5 84.8078
-99.5 42.5 85.9972
-99 42.5 89.2869
-98.5 42.5 94.2795
-98 42.5 100.556
-97.5 42.5 107.619
-97 42.5 115.564
-96.5 42.5 124.405
-96 42.5 133.964
-95.5 42.5 144.081
-95 42.5 154.617
-94.5 42.5 165.501
-94 42.5 176.637
-93.5 42.5 187.937
-93 42.5 199.387
-92.5 42.5 210.974
-92 42.5 222.62
-91.5 42.5 234.294
-91 42.5 245.982
-90.5 42.5 257.722
-90 42.5 269.511
-89.5 42.5 281.378
-89 42.5 293.302
-88.5 42.5 305.292
-88 42.5 317.3
-87.5 42.5 329.31
-87 42.5 341.327
-86.5 42.5 353.383
-86 42.5 365.466
-85.5 42.5 377.618
-85 42.5 389.777
-84.5 42.5 401.941
-84 42.5 414.091
-83.5 42.5 426.254
-83 42.5 438.381
-82.5 42.5 450.476
-82 42.5 462.519
-81.5 42.5 474.553
-81 42.5 486.543
-119 43 511.943
-118.5 43 499.41
-118 43 486.866
-117.5 43 474.305
-117 43 461.741
-116.5 43 449.156
-116 43 436.563
-115.5 43 423.949
-115 43 411.342
-114.5 43 398.746
-114 43 386.189
-113.5 43 373.667
-113 43 361.181
-112.5 43 348.677
-112 43 336.119
-111.5 43 323.451
-111 43 310.747
-110.5 43 298.04
-110 43 285.375
-109.5 43 272.766
-109 43 260.259
-108.5 43 247.914
-108 43 235.837
-107.5 43 224.099
-107 43 212.669
-106.5 43 201.441
-106 43 190.358
-105.5 43 179.349
-105 43 168.579
-104.5 43 158.187
-104 43 148.345
-103.5 43 139.176
-103 43 130.843
-102.5 43 123.34
-102 43 116.65
-101.5 43 110.702
-101 43 105.926
-100.5 43 102.714
-100 43 101.423
-99.5 43 102.215
-99 43 104.927
-98.5 43 109.222
-98 43 114.71
-97.5 43 120.978
-97 43 128.086
-96.5 43 136.011
-96 43 144.672
-95.5 43 153.917
-95 43 163.664
-94.5 43 173.827
-94 43 184.348
-93.5 43 195.16
-93 43 206.214
-92.5 43 217.425
-92 43 228.72
-91.5 43 240.02
-91 43 251.355
-90.5 43 262.74
-90 43 274.212
-89.5 43 285.765
-89 43 297.42
-88.5 43 309.143
-88 43 320.926
-87.5 43 332.722
-87 43 344.577
-86.5 43 356.476
-86 43 368.423
-85.5 43 380.372
-85 43 392.354
-84.5 43 404.356
-84 43 416.383
-83.5 43 428.408
-83 43 440.438
-82.5 43 452.437
-82 43 464.382
-81.5 43 476.23
-81 43 488.024
-119 43.5 513.521
-118.5 43.5 501.24
-118 43.5 488.917
-117.5 43.5 476.488
-117 43.5 464.027
-116.5 43.5 451.579
-116 43.5 439.117
-115.5 43.5 426.599
-115 43.5 414.068
-114.5 43.5 401.568
-114 43.5 389.114
-113.5 43.5 376.772
-113 43.5 364.466
-112.5 43.5 352.169
-112 43.5 339.831
-111.5 43.5 327.458
-111 43.5 315.059
-110.5 43.5 302.686
-110 43.5 290.381
-109.5 43.5 278.258
-109 43.5 266.261
-108.5 43.5 254.439
-108 43.5 242.872
-107.5 43.5 231.739
-107 43.5 220.921
-106.5 43.5 210.372
-106 43.5 199.939
-105.5 43.5 189.455
-105 43.5 179.201
-104.5 43.5 169.425
-104 43.5 160.295
-103.5 43.5 152.068
-103 43.5 144.7
-102.5 43.5 138.177
-102 43.5 132.337
-101.5 43.5 127.025
-101 43.5 122.754
-100.5 43.5 119.962
-100 43.5 118.834
-99.5 43.5 119.291
-99 43.5 121.426
-98.5 43.5 125.076
-98 43.5 129.853
-97.5 43.5 135.31
-97 43.5 141.556
-96.5 43.5 148.627
-96 43.5 156.425
-95.5 43.5 164.833
-95 43.5 173.777
-94.5 43.5 183.211
-94 43.5 193.088
-93.5 43.5 203.399
-93 43.5 214.02
-92.5 43.5 224.852
-92 43.5 235.768
-91.5 43.5 246.669
-91 43.5 257.596
-90.5 43.5 268.605
-90 43.5 279.706
-89.5 43.5 290.937
-89 43.5 302.275
-88.5 43.5 313.724
-88 43.5 325.243
-87.5 43.5 336.814
-87 43.5 348.461
-86.5 43.5 360.203
-86 43.5 371.988
-85.5 43.5 383.732
-85 43.5 395.507
-84.5 43.5 407.347
-84 43.5 419.226
-83.5 43.5 431.114
-83 43.5 443.015
-82.5 43.5 454.921
-82 43.5 466.755
-81.5 43.5 478.403
-81 43.5 489.981
-119 44 515.509
-118.5 44 503.449
-118 44 491.368
-117.5 44 479.054
-117 44 466.731
-116.5 44 454.437
-116 44 442.159
-115.5 44 429.759
-115 44 417.369
-114.5 44 405
-114 44 392.69
-113.5 44 380.552
-113 44 368.464
-112.5 44 356.383
-112 44 344.309
-111.5 44 332.25
-111 44 320.216
-110.5 44 308.215
-110 44 296.31
-109.5 44 284.708
-109 44 273.255
-108.5 44 261.937
-108 44 250.857
-107.5 44 240.281
-107 44 230.04
-106.5 44 220.085
-106 44 210.349
-105.5 44 200.338
-105 44 190.664
-104.5 44 181.52
-104 44 173.09
-103.5 44 165.722
-103 44 159.236
-102.5 44 153.552
-102 44 148.555
-101.5 44 143.67
-101 44 139.804
-100.5 44 137.33
-100 44 136.38
-99.5 44 136.497
-99 44 138.162
-98.5 44 141.273
-98 44 145.51
-97.5 44 150.167
-97 44 155.633
-96.5 44 161.924
-96 44 168.965
-95.5 44 176.587
-95 44 184.785
-94.5 44 193.51
-94 44 202.743
-93.5 44 212.541
-93 44 222.714
-92.5 44 233.13
-92 44 243.669
-91.5 44 254.122
-91 44 264.631
-90.5 44 275.23
-90 44 285.955
-89.5 44 296.824
-89 44 307.83
-88.5 44 318.954
-88 44 330.198
-87.5 44 341.481
-87 44 352.894
-86.5 44 364.432
-86 44 376.061
-85.5 44 387.56
-85 44 399.135
-84.5 44 410.8
-84 44 422.536
-83.5 44 434.248
-83 44 446.002
-82.5 44 457.778
-82 44 469.515
-81.5 44 480.937
-81 44 492.313
-119 44.5 517.823
-118.5 44.5 505.912
-118 44.5 493.952
-117.5 44.5 481.873
-117 44.5 469.756
-116.5 44.5 457.641
-116 44.5 445.527
-115.5 44.5 433.382
-115 44.5 421.239
-114.5 44.5 409.121
-114 44.5 397.05
-113.5 44.5 385.102
-113 44.5 373.211
-112.5 44.5 361.361
-112 44.5 349.567
-111.5 44.5 337.869
-111 44.5 326.254
-110.5 44.5 314.725
-110 44.5 303.335
-109.5 44.5 292.209
-109 44.5 281.262
-108.5 44.5 270.499
-108 44.5 259.94
-107.5 44.5 249.738
-107 44.5 239.827
-106.5 44.5 230.231
-106 44.5 220.875
-105.5 44.5 211.625
-105 44.5 202.733
-104.5 44.5 194.393
-104 44.5 186.753
-103.5 44.5 180.042
-103 44.5 174.136
-102.5 44.5 168.973
-102 44.5 164.338
-101.5 44.5 160.042
-101 44.5 156.541
-100.5 44.5 154.224
-100 44.5 153.17
-99.5 44.5 153.254
-99 44.5 154.637
-98.5 44.5 157.283
-98 44.5 160.891
-97.5 44.5 165.089
-97 44.5 169.985
-96.5 44.5 175.652
-96 44.5 182.014
-95.5 44.5 188.987
-95 44.5 196.533
-94.5 44.5 204.631
-94 44.5 213.287
-93.5 44.5 222.524
-93 44.5 232.188
-92.5 44.5 242.134
-92 44.5 252.2
-91.5 44.5 262.265
-91 44.5 272.368
-90.5 44.5 282.579
-90 44.5 292.914
-89.5 44.5 303.41
-89 44.5 314.036
-88.5 44.5 324.79
-88 44.5 335.667
-87.5 44.5 346.672
-87 44.5 357.808
-86.5 44.5 369.058
-86 44.5 380.394
-85.5 44.5 391.747
-85 44.5 403.168
-84.5 44.5 414.661
-84 44.5 426.198
-83.5 44.5 437.748
-83 44.5 449.311
-82.5 44.5 460.867
-82 44.5 472.36
-81.5 44.5 483.687
-81 44.5 494.953
-119 45 520.517
-118.5 45 508.737
-118 45 496.922
-117.5 45 485.077
-117 45 473.193
-116.5 45 461.285
-116 45 449.387
-115.5 45 437.538
-115 45 425.707
-114.5 45 413.883
-114 45 402.091
-113.5 45 390.366
-113 45 378.685
-112.5 45 367.07
-112 45 355.576
-111.5 45 344.272
-111 45 333.107
-110.5 45 322.072
-110 45 311.208
-109.5 45 300.574
-109 45 290.153
-108.5 45 279.907
-108 45 269.836
-107.5 45 259.93
-107 45 250.27
-106.5 45 240.928
-106 45 231.962
-105.5 45 223.432
-105 45 215.364
-104.5 45 207.831
-104 45 200.943
-103.5 45 194.802
-103 45 189.39
-102.5 45 184.585
-102 45 180.262
-101.5 45 176.325
-101 45 173.101
-100.5 45 170.841
-100 45 169.707
-99.5 45 169.727
-99 45 170.942
-98.5 45 173.229
-98 45 176.378
-97.5 45 180.156
-97 45 184.611
-96.5 45 189.75
-96 45 195.547
-95.5 45 201.942
-95 45 208.895
-94.5 45 216.404
-94 45 224.5
-93.5 45 233.2
-93 45 242.367
-92.5 45 251.833
-92 45 261.449
-91.5 45 271.094
-91 45 280.801
-90.5 45 290.613
-90 45 300.566
-89.5 45 310.685
-89 45 320.921
-88.5 45 331.273
-88 45 341.772
-87.5 45 352.473
-87 45 363.296
-86.5 45 374.22
-86 45 385.256
-85.5 45 396.442
-85 45 407.708
-84.5 45 419.017
-84 45 430.35
-83.5 45 441.708
-83 45 453.047
-82.5 45 464.344
-82 45 475.592
-81.5 45 486.802
-81 45 497.967
-119 45.5 523.663
-118.5 45.5 512.037
-118 45.5 500.386
-117.5 45.5 488.799
-117 45.5 477.175
-116.5 45.5 465.495
-116 45.5 453.822
-115.5 45.5 442.304
-115 45.5 430.809
-114.5 45.5 419.306
-114 45.5 407.796
-113.5 45.5 396.322
-113 45.5 384.876
-112.5 45.5 373.506
-112 45.5 362.301
-111.5 45.5 351.413
-111 45.5 340.714
-110.5 45.5 330.169
-110 45.5 319.791
-109.5 45.5 309.657
-109 45.5 299.73
-108.5 45.5 290.004
-108 45.5 280.394
-107.5 45.5 270.775
-107 45.5 261.344
-106.5 45.5 252.255
-106 45.5 243.666
-105.5 45.5 235.846
-105 45.5 228.576
-104.5 45.5 221.808
-104 45.5 215.571
-103.5 45.5 209.977
-103 45.5 204.963
-102.5 45.5 200.487
-102 45.5 196.425
-101.5 45.5 192.731
-101 45.5 189.642
-100.5 45.5 187.395
-100 45.5 186.158
-99.5 45.5 186.142
-99 45.5 187.211
-98.5 45.5 189.234
-98 45.5 192.035
-97.5 45.5 195.449
-97 45.5 199.498
-96.5 45.5 204.197
-96 45.5 209.503
-95.5 45.5 215.387
-95 45.5 221.798
-94.5 45.5 228.747
-94 45.5 236.277
-93.5 45.5 244.486
-93 45.5 253.176
-92.5 45.5 262.19
-92 45.5 271.375
-91.5 45.5 280.594
-91 45.5 289.896
-90.5 45.5 299.323
-90 45.5 308.903
-89.5 45.5 318.673
-89 45.5 328.547
-88.5 45.5 338.507
-88 45.5 348.61
-87.5 45.5 359.017
-87 45.5 369.536
-86.5 45.5 380.11
-86 45.5 390.809
-85.5 45.5 401.814
-85 45.5 412.918
-84.5 45.5 424.023
-84 45.5 435.119
-83.5 45.5 446.267
-83 45.5 457.364
-82.5 45.5 468.378
-82 45.5 479.35
-81.5 45.5 490.416
-81 45.5 501.456
-119 46 527.329
-118.5 46 515.917
-118 46 504.456
-117.5 46 493.186
-117 46 481.848
-116.5 46 470.412
-116 46 458.949
-115.5 46 447.781
-115 46 436.619
-114.5 46 425.415
-114 46 414.185
-113.5 46 402.98
-113 46 391.8
-112.5 46 380.692
-112 46 369.759
-111.5 46 359.307
-111 46 349.061
-110.5 46 338.957
-110 46 329.014
-109.5 46 319.317
-109 46 309.836
-108.5 46 300.566
-108 46 291.454
-107.5 46 282.127
-107 46 273.018
-106.5 46 264.275
-106 46 256.067
-105.5 46 248.989
-105 46 242.462
-104.5 46 236.355
-104 46 230.672
-103.5 46 225.526
-103 46 220.852
-102.5 46 216.624
-102 46 212.809
-101.5 46 209.258
-101 46 206.28
-100.5 46 204.027
-100 46 202.673
-99.5 46 202.627
-99 46 203.552
-98.5 46 205.325
-98 46 207.84
-97.5 46 210.906
-97 46 214.616
-96.5 46 218.941
-96 46 223.837
-95.5 46 229.279
-95 46 235.215
-94.5 46 241.638
-94 46 248.605
-93.5 46 256.349
-93 46 264.563
-92.5 46 273.113
-92 46 281.887
-91.5 46 290.675
-91 46 299.603
-90.5 46 308.691
-90 46 317.938
-89.5 46 327.435
-89 46 337.017
-88.5 46 346.639
-88 46 356.349
-87.5 46 366.521
-87 46 376.74
-86.5 46 386.954
-86 46 397.252
-85.5 46 408.086
-85 46 418.989
-84.5 46 429.848
-84 46 440.654
-83.5 46 451.586
-83 46 462.426
-82.5 46 473.137
-82 46 483.775
-81.5 46 494.672
-81 46 505.52
-119 46.5 531.543
-118.5 46.5 520.476
-118 46.5 509.385
-117.5 46.5 498.356
-117 46.5 487.292
-116.5 46.5 476.171
-116 46.5 465.054
-115.5 46.5 454.081
-115 46.5 443.141
-114.5 46.5 432.197
-114 46.5 421.244
-113.5 46.5 410.314
-113 46.5 399.437
-112.5 46.5 388.678
-112 46.5 378.149
-111.5 46.5 368.001
-111 46.5 358.106
-110.5 46.5 348.402
-110 46.5 338.846
-109.5 46.5 329.476
-109 46.5 320.288
-108.5 46.5 311.323
-108 46.5 302.519
-107.5 46.5 293.752
-107 46.5 285.238
-106.5 46.5 277.137
-106 46.5 269.652
-105.5 46.5 263.055
-105 46.5 257.066
-104.5 46.5 251.521
-104 46.5 246.316
-103.5 46.5 241.47
-103 46.5 236.971
-102.5 46.5 232.881
-102 46.5 229.174
-101.5 46.5 225.843
-101 46.5 223.041
-100.5 46.5 220.93
-100 46.5 219.638
-99.5 46.5 219.381
-99 46.5 220.016
-98.5 46.5 221.46
-98 46.5 223.632
-97.5 46.5 226.444
-97 46.5 229.892
-96.5 46.5 233.945
-96 46.5 238.523
-95.5 46.5 243.588
-95 46.5 249.11
-94.5 46.5 255.122
-94 46.5 261.66
-93.5 46.5 268.82
-93 46.5 276.451
-92.5 46.5 284.455
-92 46.5 292.738
-91.5 46.5 301.189
-91 46.5 309.842
-90.5 46.5 318.694
-90 46.5 327.746
-89.5 46.5 337
-89 46.5 346.375
-88.5 46.5 355.829
-88 46.5 365.386
-87.5 46.5 375.172
-87 46.5 385.038
-86.5 46.5 394.954
-86 46.5 405.03
-85.5 46.5 415.454
-85 46.5 426.022
-84.5 46.5 436.601
-84 46.5 447.172
-83.5 46.5 457.774
-83 46.5 468.317
-82.5 46.5 478.775
-82 46.5 489.194
-81.5 46.5 499.708
-81 46.5 510.2
-119 47 536.172
-118.5 47 525.508
-118 47 514.809
-117.5 47 504.071
-117 47 493.298
-116.5 47 482.503
-116 47 471.71
-115.5 47 460.942
-115 47 450.209
-114.5 47 439.502
-114 47 428.822
-113.5 47 418.169
-113 47 407.604
-112.5 47 397.204
-112 47 387.058
-111.5 47 377.225
-111 47 367.673
-110.5 47 358.325
-110 47 349.123
-109.5 47 340.004
-109 47 331.061
-108.5 47 322.343
-108 47 313.882
-107.5 47 305.686
-107 47 297.843
-106.5 47 290.468
-106 47 283.696
-105.5 47 277.624
-105 47 272.145
-104.5 47 267.087
-104 47 262.3
-103.5 47 257.65
-103 47 253.268
-102.5 47 249.238
-102 47 245.628
-101.5 47 242.469
-101 47 239.871
-100.5 47 237.908
-100 47 236.673
-99.5 47 236.208
-99 47 236.531
-98.5 47 237.622
-98 47 239.469
-97.5 47 242.039
-97 47 245.29
-96.5 47 249.125
-96 47 253.453
-95.5 47 258.177
-95 47 263.342
-94.5 47 268.97
-94 47 275.087
-93.5 47 281.677
-93 47 288.715
-92.5 47 296.157
-92 47 303.963
-91.5 47 312.089
-91 47 320.507
-90.5 47 329.182
-90 47 338.079
-89.5 47 347.161
-89 47 356.399
-88.5 47 365.748
-88 47 375.165
-87.5 47 384.616
-87 47 394.12
-86.5 47 403.733
-86 47 413.529
-85.5 47 423.565
-85 47 433.761
-84.5 47 444.038
-84 47 454.331
-83.5 47 464.603
-83 47 474.836
-82.5 47 485.026
-82 47 495.172
-81.5 47 505.282
-81 47 515.352
-119 47.5 541.05
-118.5 47.5 530.805
-118 47.5 520.511
-117.5 47.5 510.075
-117 47.5 499.599
-116.5 47.5 489.136
-116 47.5 478.666
-115.5 47.5 468.115
-115 47.5 457.586
-114.5 47.5 447.131
-114 47.5 436.732
-113.5 47.5 426.353
-113 47.5 416.092
-112.5 47.5 406.04
-112 47.5 396.252
-111.5 47.5 386.75
-111 47.5 377.528
-110.5 47.5 368.551
-110 47.5 359.695
-109.5 47.5 350.814
-109 47.5 342.078
-108.5 47.5 333.618
-108 47.5 325.507
-107.5 47.5 317.874
-107 47.5 310.693
-106.5 47.5 304.016
-106 47.5 297.903
-105.5 47.5 292.37
-105 47.5 287.374
-104.5 47.5 282.805
-104 47.5 278.419
-103.5 47.5 273.919
-103 47.5 269.583
-102.5 47.5 265.608
-102 47.5 262.071
-101.5 47.5 259.078
-101 47.5 256.646
-100.5 47.5 254.838
-100 47.5 253.637
-99.5 47.5 252.989
-99 47.5 253.008
-98.5 47.5 253.77
-98 47.5 255.3
-97.5 47.5 257.665
-97 47.5 260.731
-96.5 47.5 264.392
-96 47.5 268.502
-95.5 47.5 272.906
-95 47.5 277.711
-94.5 47.5 282.985
-94 47.5 288.695
-93.5 47.5 294.751
-93 47.5 301.22
-92.5 47.5 308.127
-92 47.5 315.475
-91.5 47.5 323.292
-91 47.5 331.487
-90.5 47.5 339.994
-90 47.5 348.751
-89.5 47.5 357.676
-89 47.5 366.786
-88.5 47.5 376.05
-88 47.5 385.349
-87.5 47.5 394.466
-87 47.5 403.611
-86.5 47.5 412.908
-86 47.5 422.403
-85.5 47.5 432.063
-85 47.5 441.898
-84.5 47.5 451.863
-84 47.5 461.873
-83.5 47.5 471.797
-83 47.5 481.704
-82.5 47.5 491.611
-82 47.5 501.468
-81.5 47.5 511.157
-81 47.5 520.789
-119 48 546.007
-118.5 48 536.158
-118 48 526.275
-117.5 48 516.113
-117 48 505.934
-116.5 48 495.8
-116 48 485.682
-115.5 48 475.339
-115 48 465.043
-114.5 48 454.858
-114 48 444.776
-113.5 48 434.661
-113 48 424.707
-112.5 48 414.991
-112 48 405.555
-111.5 48 396.362
-111 48 387.471
-110.5 48 378.846
-110 48 370.385
-109.5 48 361.722
-109 48 353.248
-108.5 48 345.085
-108 48 337.34
-107.5 48 330.257
-107 48 323.681
-106.5 48 317.618
-106 48 312.092
-105.5 48 307.026
-105 48 302.472
-104.5 48 298.337
-104 48 294.399
-103.5 48 289.979
-103 48 285.73
-102.5 48 281.84
-102 48 278.409
-101.5 48 275.558
-101 48 273.277
-100.5 48 271.573
-100 48 270.432
-99.5 48 269.597
-99 48 269.381
-98.5 48 269.862
-98 48 271.103
-97.5 48 273.272
-97 48 276.147
-96.5 48 279.606
-96 48 283.521
-95.5 48 287.563
-95 48 292.023
-94.5 48 296.952
-94 48 302.316
-93.5 48 307.87
-93 48 313.842
-92.5 48 320.273
-92 48 327.191
-91.5 48 334.712
-91 48 342.664
-90.5 48 350.973
-90 48 359.568
-89.5 48 368.285
-89 48 377.229
-88.5 48 386.376
-88 48 395.586
-87.5 48 404.337
-87 48 413.143
-86.5 48 422.145
-86 48 431.361
-85.5 48 440.655
-85 48 450.138
-84.5 48 459.794
-84 48 469.531
-83.5 48 479.076
-83 48 488.642
-82.5 48 498.255
-82 48 507.843
-81.5 48 517.102
-81 48 526.319
-119 48.5 550.909
-118.5 48.5 541.358
-118 48.5 531.743
-117.5 48.5 521.95
-117 48.5 512.097
-116.5 48.5 502.253
-116 48.5 492.377
-115.5 48.5 482.379
-115 48.5 472.386
-114.5 48.5 462.488
-114 48.5 452.674
-113.5 48.5 442.911
-113 48.5 433.297
-112.5 48.5 423.916
-112 48.5 414.79
-111.5 48.5 405.921
-111 48.5 397.317
-110.5 48.5 388.968
-110 48.5 380.75
-109.5 48.5 372.52
-109 48.5 364.461
-108.5 48.5 356.743
-108 48.5 349.485
-107.5 48.5 342.838
-107 48.5 336.739
-106.5 48.5 331.16
-106 48.5 326.072
-105.5 48.5 321.428
-105 48.5 317.201
-104.5 48.5 313.313
-104 48.5 309.513
-103.5 48.5 305.49
-103 48.5 301.53
-102.5 48.5 297.873
-102 48.5 294.621
-101.5 48.5 291.889
-101 48.5 289.669
-100.5 48.5 287.98
-100 48.5 286.756
-99.5 48.5 285.913
-99 48.5 285.599
-98.5 48.5 285.941
-98 48.5 287.008
-97.5 48.5 288.895
-97 48.5 291.465
-96.5 48.5 294.604
-96 48.5 298.153
-95.5 48.5 301.952
-95 48.5 306.104
-94.5 48.5 310.683
-94 48.5 315.634
-93.5 48.5 320.865
-93 48.5 326.48
-92.5 48.5 332.562
-92 48.5 339.155
-91.5 48.5 346.316
-91 48.5 353.947
-90.5 48.5 361.963
-90 48.5 370.273
-89.5 48.5 378.775
-89 48.5 387.476
-88.5 48.5 396.345
-88 48.5 405.214
-87.5 48.5 413.835
-87 48.5 422.441
-86.5 48.5 431.187
-86 48.5 440.093
-85.5 48.5 449.105
-85 48.5 458.264
-84.5 48.5 467.564
-84 48.5 476.916
-83.5 48.5 486.178
-83 48.5 495.426
-82.5 48.5 504.689
-82 48.5 513.888
-81.5 48.5 522.878
-81 48.5 531.792
-119 49 555.773
-118.5 49 546.493
-118 49 537.148
-117.5 49 527.681
-117 49 518.158
-116.5 49 508.601
-116 49 499
-115.5 49 489.326
-115 49 479.665
-114.5 49 470.067
-114 49 460.554
-113.5 49 451.129
-113 49 441.866
-112.5 49 432.813
-112 49 424.002
-111.5 49 415.431
-111 49 407.125
-110.5 49 399.042
-110 49 391.12
-109.5 49 383.306
-109 49 375.716
-108.5 49 368.473
-108 49 361.701
-107.5 49 355.484
-107 49 349.809
-106.5 49 344.64
-106 49 339.938
-105.5 49 335.637
-105 49 331.707
-104.5 49 328.025
-104 49 324.416
-103.5 49 320.73
-103 49 317.117
-102.5 49 313.727
-102 49 310.682
-101.5 49 308.059
-101 49 305.9
-100.5 49 304.197
-100 49 302.926
-99.5 49 302.062
-99 49 301.702
-98.5 49 301.936
-98 49 302.843
-97.5 49 304.456
-97 49 306.71
-96.5 49 309.494
-96 49 312.69
-95.5 49 316.196
-95 49 320.06
-94.5 49 324.297
-94 49 328.891
-93.5 49 333.811
-93 49 339.127
-92.5 49 344.899
-92 49 351.183
-91.5 49 357.995
-91 49 365.285
-90.5 49 372.97
-90 49 380.967
-89.5 49 389.187
-89 49 397.615
-88.5 49 406.168
-88 49 414.721
-87.5 49 423.157
-87 49 431.59
-86.5 49 440.102
-86 49 448.728
-85.5 49 457.452
-85 49 466.302
-84.5 49 475.251
-84 49 484.237
-83.5 49 493.183
-83 49 502.12
-82.5 49 511.035
-82 49 519.877
-81.5 49 528.586
-81 49 537.231
