-119 25 0.755047
-118.5 25 0.321905
-118 25 -0.212498
-117.5 25 -0.676078
-117 25 -1.05253
-116.5 25 -1.40707
-116 25 -1.76493
-115.5 25 -2.04873
-115 25 -2.24217
-114.5 25 -2.3563
-114 25 -2.40204
-113.5 25 -2.39872
-113 25 -2.35211
-112.5 25 -2.26131
-112 25 -2.12042
-111.5 25 -1.92217
-111 25 -1.66554
-110.5 25 -1.3746
-110 25 -1.05975
-109.5 25 -0.72699
-109 25 -0.391823
-108.5 25 -0.0911062
-108 25 0.159106
-107.5 25 0.35421
-107 25 0.483908
-106.5 25 0.494914
-106 25 0.36712
-105.5 25 0.168816
-105 25 -0.073192
-104.5 25 -0.378878
-104 25 -0.738611
-103.5 25 -1.06422
-103 25 -1.32879
-102.5 25 -1.53443
-102 25 -1.65092
-101.5 25 -1.57874
-101 25 -1.11504
-100.5 25 -0.177187
-100 25 1.13186
-99.5 25 2.25991
-99 25 2.49046
-98.5 25 1.55322
-98 25 -0.477038
-97.5 25 -2.59991
-97 25 -3.67248
-96.5 25 -3.61806
-96 25 -2.66137
-95.5 25 -1.45425
-95 25 -0.637818
-94.5 25 -0.25941
-94 25 -0.2488
-93.5 25 -0.385887
-93 25 -0.47872
-92.5 25 -0.536447
-92 25 -0.581284
-91.5 25 -0.592141
-91 25 -0.489029
-90.5 25 -0.256799
-90 25 0.0890734
-89.5 25 0.452553
-89 25 0.643332
-88.5 25 0.613227
-88 25 0.369329
-87.5 25 0.0123907
-87 25 -0.264069
-86.5 25 -0.445228
-86 25 -0.558027
-85.5 25 -0.644149
-85 25 -0.739295
-84.5 25 -0.845128
-84 25 -0.971601
-83.5 25 -1.11586
-83 25 -1.36131
-82.5 25 -1.77069
-82 25 -2.37636
-81.5 25 -3.09449
-81 25 -3.67313
-119 25.5 1.20228
-118.5 25.5 0.802374
-118 25.5 0.202952
-117.5 25.5 -0.273857
-117 25.5 -0.610502
-116.5 25.5 -0.93438
-116 25.5 -1.33017
-115.5 25.5 -1.64939
-115 25.5 -1.86899
-114.5 25.5 -2.02129
-114 25.5 -2.09539
-113.5 25.5 -2.13498
-113 25.5 -2.13163
-112.5 25.5 -2.08475
-112 25.5 -1.98776
-111.5 25.5 -1.82578
-111 25.5 -1.60207
-110.5 25.5 -1.33481
-110 25.5 -1.04321
-109.5 25.5 -0.721135
-109 25.5 -0.384177
-108.5 25.5 -0.0666568
-108 25.5 0.190738
-107.5 25.5 0.41486
-107 25.5 0.580647
-106.5 25.5 0.61792
-106 25.5 0.464318
-105.5 25.5 0.233961
-105 25.5 -0.00824027
-104.5 25.5 -0.327584
-104 25.5 -0.727662
-103.5 25.5 -1.1116
-103 25.5 -1.41246
-102.5 25.5 -1.68851
-102 25.5 -2.02149
-101.5 25.5 -2.13561
-101 25.5 -1.75801
-100.5 25.5 -0.739247
-100 25.5 1.1255
-99.5 25.5 2.82969
-99 25.5 3.26781
-98.5 25.5 2.30767
-98 25.5 -0.413963
-97.5 25.5 -3.27773
-97 25.5 -4.4165
-96.5 25.5 -4.18778
-96 25.5 -2.71724
-95.5 25.5 -0.998239
-95 25.5 -0.106977
-94.5 25.5 0.173931
-94 25.5 -0.0082651
-93.5 25.5 -0.353055
-93 25.5 -0.521056
-92.5 25.5 -0.60278
-92 25.5 -0.705431
-91.5 25.5 -0.779698
-91 25.5 -0.697152
-90.5 25.5 -0.460007
-90 25.5 -0.0423834
-89.5 25.5 0.40497
-89 25.5 0.581813
-88.5 25.5 0.501579
-88 25.5 0.1362
-87.5 25.5 -0.377587
-87 25.5 -0.696103
-86.5 25.5 -0.875148
-86 25.5 -0.980399
-85.5 25.5 -1.05903
-85 25.5 -1.15976
-84.5 25.5 -1.28329
-84 25.5 -1.40185
-83.5 25.5 -1.53443
-83 25.5 -1.79091
-82.5 25.5 -2.21084
-82 25.5 -2.89084
-81.5 25.5 -3.74281
-81 25.5 -4.30575
-119 26 1.67162
-118.5 26 1.40333
-118 26 0.83691
-117.5 26 0.262448
-117 26 -0.0399255
-116.5 26 -0.305731
-116 26 -0.704018
-115.5 26 -1.11845
-115 26 -1.39559
-114.5 26 -1.63389
-114 26 -1.78548
-113.5 26 -1.86719
-113 26 -1.91183
-112.5 26 -1.89914
-112 26 -1.84193
-111.5 26 -1.72332
-111 26 -1.52983
-110.5 26 -1.28745
-110 26 -1.01591
-109.5 26 -0.71257
-109 26 -0.368504
-108.5 26 -0.0280593
-108 26 0.252993
-107.5 26 0.489555
-107 26 0.710979
-106.5 26 0.819136
-106 26 0.657623
-105.5 26 0.38143
-105 26 0.150178
-104.5 26 -0.178452
-104 26 -0.655887
-103.5 26 -1.11998
-103 26 -1.45271
-102.5 26 -1.7557
-102 26 -2.25519
-101.5 26 -2.60428
-101 26 -2.35694
-100.5 26 -1.46401
-100 26 0.940258
-99.5 26 3.20551
-99 26 3.64664
-98.5 26 2.82773
-98 26 -0.573281
-97.5 26 -3.99421
-97 26 -4.83069
-96.5 26 -4.47675
-96 26 -2.38629
-95.5 26 -0.248337
-95 26 0.403269
-94.5 26 0.492235
-94 26 0.0211687
-93.5 26 -0.506472
-93 26 -0.662135
-92.5 26 -0.734221
-92 26 -0.89003
-91.5 26 -0.984249
-91 26 -0.862331
-90.5 26 -0.611332
-90 26 -0.0817749
-89.5 26 0.380113
-89 26 0.444631
-88.5 26 0.263093
-88 26 -0.318176
-87.5 26 -0.916442
-87 26 -1.17194
-86.5 26 -1.31257
-86 26 -1.38477
-85.5 26 -1.44631
-85 26 -1.56404
-84.5 26 -1.71256
-84 26 -1.84126
-83.5 26 -2.02808
-83 26 -2.36655
-82.5 26 -2.84661
-82 26 -3.73874
-81.5 26 -4.58563
-81 26 -4.9606
-119 26.5 1.95291
-118.5 26.5 1.75971
-118 26.5 1.39599
-117.5 26.5 0.886502
-117 26.5 0.535894
-116.5 26.5 0.268117
-116 26.5 -0.0371247
-115.5 26.5 -0.447524
-115 26.5 -0.814476
-114.5 26.5 -1.15619
-114 26.5 -1.45111
-113.5 26.5 -1.63658
-113 26.5 -1.73418
-112.5 26.5 -1.75116
-112 26.5 -1.71059
-111.5 26.5 -1.62518
-111 26.5 -1.47945
-110.5 26.5 -1.2718
-110 26.5 -1.01867
-109.5 26.5 -0.73056
-109 26.5 -0.403407
-108.5 26.5 -0.0530364
-108 26.5 0.274553
-107.5 26.5 0.559009
-107 26.5 0.791573
-106.5 26.5 0.923992
-106 26.5 0.881124
-105.5 26.5 0.673766
-105 26.5 0.405542
-104.5 26.5 0.0016198
-104 26.5 -0.552012
-103.5 26.5 -1.11324
-103 26.5 -1.54077
-102.5 26.5 -1.90098
-102 26.5 -2.31758
-101.5 26.5 -2.57844
-101 26.5 -2.34771
-100.5 26.5 -1.43831
-100 26.5 0.43675
-99.5 26.5 2.13688
-99 26.5 2.51791
-98.5 26.5 1.62506
-98 26.5 -0.748687
-97.5 26.5 -2.97573
-97 26.5 -3.7245
-96.5 26.5 -3.29487
-96 26.5 -1.71544
-95.5 26.5 -0.246173
-95 26.5 0.312945
-94.5 26.5 0.28872
-94 26.5 -0.1585
-93.5 26.5 -0.594684
-93 26.5 -0.815151
-92.5 26.5 -0.928241
-92 26.5 -1.02983
-91.5 26.5 -1.01064
-91 26.5 -0.847074
-90.5 26.5 -0.559941
-90 26.5 -0.130746
-89.5 26.5 0.110514
-89 26.5 0.0565043
-88.5 26.5 -0.250842
-88 26.5 -0.814745
-87.5 26.5 -1.26609
-87 26.5 -1.51726
-86.5 26.5 -1.6605
-86 26.5 -1.73121
-85.5 26.5 -1.80486
-85 26.5 -1.92373
-84.5 26.5 -2.09614
-84 26.5 -2.31254
-83.5 26.5 -2.65976
-83 26.5 -3.13384
-82.5 26.5 -3.74877
-82 26.5 -4.55419
-81.5 26.5 -5.07942
-81 26.5 -5.35177
-119 27 2.03073
-118.5 27 1.86738
-118 27 1.61062
-117.5 27 1.24148
-117 27 0.926314
-116.5 27 0.687238
-116 27 0.471066
-115.5 27 0.152924
-115 27 -0.231523
-114.5 27 -0.658667
-114 27 -1.09491
-113.5 27 -1.40066
-113 27 -1.57314
-112.5 27 -1.63575
-112 27 -1.61998
-111.5 27 -1.56704
-111 27 -1.47325
-110.5 27 -1.3148
-110 27 -1.08015
-109.5 27 -0.814888
-109 27 -0.515373
-108.5 27 -0.167871
-108 27 0.218736
-107.5 27 0.546684
-107 27 0.800747
-106.5 27 0.974382
-106 27 1.04942
-105.5 27 0.972066
-105 27 0.711525
-104.5 27 0.229167
-104 27 -0.460304
-103.5 27 -1.12231
-103 27 -1.6131
-102.5 27 -1.99585
-102 27 -2.29847
-101.5 27 -2.44432
-101 27 -2.22867
-100.5 27 -1.48489
-100 27 -0.263144
-99.5 27 0.789305
-99 27 1.04993
-98.5 27 0.46183
-98 27 -0.740016
-97.5 27 -1.79613
-97 27 -2.19895
-96.5 27 -1.9048
-96 27 -1.06811
-95.5 27 -0.315077
-95 27 0.0199415
-94.5 27 -0.0339495
-94 27 -0.369078
-93.5 27 -0.724485
-93 27 -0.956518
-92.5 27 -1.07648
-92 27 -1.09137
-91.5 27 -0.981157
-91 27 -0.798253
-90.5 27 -0.555614
-90 27 -0.309182
-89.5 27 -0.228265
-89 27 -0.361579
-88.5 27 -0.691697
-88 27 -1.14207
-87.5 27 -1.50807
-87 27 -1.76945
-86.5 27 -1.94249
-86 27 -2.04102
-85.5 27 -2.11792
-85 27 -2.25336
-84.5 27 -2.47417
-84 27 -2.80315
-83.5 27 -3.27178
-83 27 -3.81588
-82.5 27 -4.40642
-82 27 -4.96023
-81.5 27 -5.26582
-81 27 -5.45128
-119 27.5 1.93886
-118.5 27.5 1.79139
-118 27.5 1.62422
-117.5 27.5 1.36244
-117 27.5 1.09115
-116.5 27.5 0.901915
-116 27.5 0.833929
-115.5 27.5 0.635977
-115 27.5 0.299719
-114.5 27.5 -0.151833
-114 27.5 -0.723261
-113.5 27.5 -1.15463
-113 27.5 -1.40761
-112.5 27.5 -1.53783
-112 27.5 -1.54412
-111.5 27.5 -1.54275
-111 27.5 -1.5223
-110.5 27.5 -1.42856
-110 27.5 -1.21272
-109.5 27.5 -0.974126
-109 27.5 -0.721396
-108.5 27.5 -0.391149
-108 27.5 0.0624885
-107.5 27.5 0.457264
-107 27.5 0.719202
-106.5 27.5 0.93391
-106 27.5 1.1663
-105.5 27.5 1.23135
-105 27.5 1.02413
-104.5 27.5 0.513936
-104 27.5 -0.331182
-103.5 27.5 -1.13643
-103 27.5 -1.66997
-102.5 27.5 -2.03051
-102 27.5 -2.2422
-101.5 27.5 -2.3034
-101 27.5 -2.1257
-100.5 27.5 -1.63346
-100 27.5 -0.965887
-99.5 27.5 -0.429037
-99 27.5 -0.296337
-98.5 27.5 -0.53279
-98 27.5 -0.683048
-97.5 27.5 -0.693841
-97 27.5 -0.773677
-96.5 27.5 -0.653723
-96 27.5 -0.480897
-95.5 27.5 -0.386455
-95 27.5 -0.273897
-94.5 27.5 -0.336295
-94 27.5 -0.588848
-93.5 27.5 -0.885175
-93 27.5 -1.11042
-92.5 27.5 -1.2153
-92 27.5 -1.14157
-91.5 27.5 -0.936325
-91 27.5 -0.756341
-90.5 27.5 -0.590263
-90 27.5 -0.494837
-89.5 27.5 -0.54394
-89 27.5 -0.7252
-88.5 27.5 -1.03568
-88 27.5 -1.38654
-87.5 27.5 -1.68208
-87 27.5 -1.96744
-86.5 27.5 -2.18523
-86 27.5 -2.3096
-85.5 27.5 -2.387
-85 27.5 -2.5438
-84.5 27.5 -2.80565
-84 27.5 -3.21837
-83.5 27.5 -3.77791
-83 27.5 -4.31718
-82.5 27.5 -4.80499
-82 27.5 -5.11881
-81.5 27.5 -5.17562
-81 27.5 -5.3033
-119 28 1.7157
-118.5 28 1.54911
-118 28 1.42917
-117.5 28 1.282
-117 28 1.05283
-116.5 28 0.864796
-116 28 0.900139
-115.5 28 0.930366
-115 28 0.714167
-114.5 28 0.358724
-114 28 -0.239567
-113.5 28 -0.833202
-113 28 -1.1812
-112.5 28 -1.42914
-112 28 -1.51876
-111.5 28 -1.54646
-111 28 -1.61562
-110.5 28 -1.62195
-110 28 -1.45028
-109.5 28 -1.20997
-109 28 -1.01539
-108.5 28 -0.745165
-108 28 -0.238144
-107.5 28 0.264822
-107 28 0.535015
-106.5 28 0.750098
-106 28 1.12331
-105.5 28 1.39093
-105 28 1.2636
-104.5 28 0.823868
-104 28 -0.130694
-103.5 28 -1.10308
-103 28 -1.63396
-102.5 28 -1.98762
-102 28 -2.14822
-101.5 28 -2.16203
-101 28 -2.06073
-100.5 28 -1.79005
-100 28 -1.51099
-99.5 28 -1.33382
-99 28 -1.30623
-98.5 28 -1.34917
-98 28 -0.567987
-97.5 28 0.245852
-97 28 0.266217
-96.5 28 0.224282
-96 28 -0.161223
-95.5 28 -0.512786
-95 28 -0.48043
-94.5 28 -0.533663
-94 28 -0.75113
-93.5 28 -1.03296
-93 28 -1.25635
-92.5 28 -1.34255
-92 28 -1.15113
-91.5 28 -0.884605
-91 28 -0.753242
-90.5 28 -0.669553
-90 28 -0.692968
-89.5 28 -0.804365
-89 28 -0.9837
-88.5 28 -1.25661
-88 28 -1.51268
-87.5 28 -1.79045
-87 28 -2.13375
-86.5 28 -2.40251
-86 28 -2.5208
-85.5 28 -2.60541
-85 28 -2.80556
-84.5 28 -3.0993
-84 28 -3.59537
-83.5 28 -4.14333
-83 28 -4.57322
-82.5 28 -4.90099
-82 28 -4.88039
-81.5 28 -4.79647
-81 28 -4.96069
-119 28.5 1.45477
-118.5 28.5 1.3001
-118 28.5 1.16143
-117.5 28.5 1.07381
-117 28.5 0.942932
-116.5 28.5 0.833946
-116 28.5 0.832673
-115.5 28.5 0.945563
-115 28.5 0.886038
-114.5 28.5 0.645669
-114 28.5 0.199212
-113.5 28.5 -0.38055
-113 28.5 -0.833483
-112.5 28.5 -1.18656
-112 28.5 -1.44303
-111.5 28.5 -1.58031
-111 28.5 -1.69903
-110.5 28.5 -1.75494
-110 28.5 -1.69644
-109.5 28.5 -1.5146
-109 28.5 -1.30991
-108.5 28.5 -1.02048
-108 28.5 -0.578757
-107.5 28.5 -0.064799
-107 28.5 0.30158
-106.5 28.5 0.606297
-106 28.5 0.961287
-105.5 28.5 1.25495
-105 28.5 1.22291
-104.5 28.5 0.835854
-104 28.5 0.0517335
-103.5 28.5 -0.827937
-103 28.5 -1.41374
-102.5 28.5 -1.77931
-102 28.5 -1.98708
-101.5 28.5 -2.06271
-101 28.5 -2.0355
-100.5 28.5 -1.92123
-100 28.5 -1.82127
-99.5 28.5 -1.74724
-99 28.5 -1.65873
-98.5 28.5 -1.3784
-98 28.5 -0.540851
-97.5 28.5 0.228938
-97 28.5 0.412951
-96.5 28.5 0.297302
-96 28.5 -0.067088
-95.5 28.5 -0.346365
-95 28.5 -0.413589
-94.5 28.5 -0.538291
-94 28.5 -0.81804
-93.5 28.5 -1.14947
-93 28.5 -1.36478
-92.5 28.5 -1.39195
-92 28.5 -1.2024
-91.5 28.5 -0.99926
-91 28.5 -0.882308
-90.5 28.5 -0.834394
-90 28.5 -0.868393
-89.5 28.5 -0.960049
-89 28.5 -1.1004
-88.5 28.5 -1.32502
-88 28.5 -1.60193
-87.5 28.5 -1.98442
-87 28.5 -2.35091
-86.5 28.5 -2.61523
-86 28.5 -2.74701
-85.5 28.5 -2.89761
-85 28.5 -3.10065
-84.5 28.5 -3.40225
-84 28.5 -3.83982
-83.5 28.5 -4.24446
-83 28.5 -4.51972
-82.5 28.5 -4.62297
-82 28.5 -4.49411
-81.5 28.5 -4.48142
-81 28.5 -4.62501
-119 29 1.16707
-118.5 29 1.04296
-118 29 0.940293
-117.5 29 0.879432
-117 29 0.834619
-116.5 29 0.814589
-116 29 0.85637
-115.5 29 0.962854
-115 29 0.97469
-114.5 29 0.81444
-114 29 0.456708
-113.5 29 -0.00792275
-113 29 -0.459196
-112.5 29 -0.879769
-112 29 -1.26001
-111.5 29 -1.51829
-111 29 -1.70275
-110.5 29 -1.82285
-110 29 -1.84593
-109.5 29 -1.75319
-109 29 -1.56647
-108.5 29 -1.26399
-108 29 -0.821393
-107.5 29 -0.339964
-107 29 0.0686542
-106.5 29 0.434989
-106 29 0.799549
-105.5 29 1.08106
-105 29 1.10684
-104.5 29 0.784272
-104 29 0.122054
-103.5 29 -0.601195
-103 29 -1.13865
-102.5 29 -1.51954
-102 29 -1.78135
-101.5 29 -1.92123
-101 29 -1.96075
-100.5 29 -1.95257
-100 29 -1.93911
-99.5 29 -1.91764
-99 29 -1.78544
-98.5 29 -1.39688
-98 29 -0.685404
-97.5 29 -0.0635004
-97 29 0.170727
-96.5 29 0.141795
-96 29 -0.0307443
-95.5 29 -0.137001
-95 29 -0.226431
-94.5 29 -0.446888
-94 29 -0.852162
-93.5 29 -1.29937
-93 29 -1.53745
-92.5 29 -1.54632
-92 29 -1.38212
-91.5 29 -1.20005
-91 29 -1.07087
-90.5 29 -1.0087
-90 29 -1.01785
-89.5 29 -1.06334
-89 29 -1.18321
-88.5 29 -1.41672
-88 29 -1.7945
-87.5 29 -2.28266
-87 29 -2.6746
-86.5 29 -2.92673
-86 29 -3.0805
-85.5 29 -3.21038
-85 29 -3.36175
-84.5 29 -3.58922
-84 29 -3.90576
-83.5 29 -4.20931
-83 29 -4.36825
-82.5 29 -4.36918
-82 29 -4.24862
-81.5 29 -4.22138
-81 29 -4.29822
-119 29.5 0.854266
-118.5 29.5 0.759262
-118 29.5 0.69092
-117.5 29.5 0.674762
-117 29.5 0.70665
-116.5 29.5 0.78291
-116 29.5 0.876124
-115.5 29.5 0.999468
-115 29.5 1.05722
-114.5 29.5 0.967739
-114 29.5 0.690301
-113.5 29.5 0.321523
-113 29.5 -0.0696784
-112.5 29.5 -0.507029
-112 29.5 -0.994798
-111.5 29.5 -1.36814
-111 29.5 -1.61858
-110.5 29.5 -1.80658
-110 29.5 -1.92818
-109.5 29.5 -1.92857
-109 29.5 -1.79259
-108.5 29.5 -1.50115
-108 29.5 -1.05089
-107.5 29.5 -0.572871
-107 29.5 -0.160241
-106.5 29.5 0.220854
-106 29.5 0.609715
-105.5 29.5 0.907003
-105 29.5 0.984712
-104.5 29.5 0.763379
-104 29.5 0.189348
-103.5 29.5 -0.426145
-103 29.5 -0.873754
-102.5 29.5 -1.21851
-102 29.5 -1.51983
-101.5 29.5 -1.73237
-101 29.5 -1.82802
-100.5 29.5 -1.87748
-100 29.5 -1.94672
-99.5 29.5 -1.97567
-99 29.5 -1.83907
-98.5 29.5 -1.47114
-98 29.5 -0.894844
-97.5 29.5 -0.381112
-97 29.5 -0.153057
-96.5 29.5 -0.109824
-96 29.5 -0.0607198
-95.5 29.5 0.0107366
-95 29.5 -0.0780812
-94.5 29.5 -0.366867
-94 29.5 -0.94473
-93.5 29.5 -1.57731
-93 29.5 -1.82781
-92.5 29.5 -1.80209
-92 29.5 -1.63033
-91.5 29.5 -1.42631
-91 29.5 -1.2705
-90.5 29.5 -1.18954
-90 29.5 -1.16422
-89.5 29.5 -1.19483
-89 29.5 -1.32188
-88.5 29.5 -1.58999
-88 29.5 -2.08448
-87.5 29.5 -2.72964
-87 29.5 -3.12667
-86.5 29.5 -3.33843
-86 29.5 -3.45141
-85.5 29.5 -3.53057
-85 29.5 -3.60064
-84.5 29.5 -3.71446
-84 29.5 -3.91818
-83.5 29.5 -4.15237
-83 29.5 -4.20444
-82.5 29.5 -4.11978
-82 29.5 -3.98917
-81.5 29.5 -3.9169
-81 29.5 -3.91863
-119 30 0.503583
-118.5 30 0.425893
-118 30 0.377211
-117.5 30 0.405139
-117 30 0.519096
-116.5 30 0.710276
-116 30 0.896803
-115.5 30 1.04338
-115 30 1.1446
-114.5 30 1.13459
-114 30 0.948563
-113.5 30 0.644722
-113 30 0.322514
-112.5 30 -0.0679508
-112 30 -0.603173
-111.5 30 -1.11137
-111 30 -1.43676
-110.5 30 -1.70204
-110 30 -1.92966
-109.5 30 -2.04457
-109 30 -1.98539
-108.5 30 -1.75651
-108 30 -1.31226
-107.5 30 -0.812803
-107 30 -0.414017
-106.5 30 -0.0544088
-106 30 0.342634
-105.5 30 0.684673
-105 30 0.844182
-104.5 30 0.779592
-104 30 0.30881
-103.5 30 -0.252213
-103 30 -0.579331
-102.5 30 -0.869432
-102 30 -1.20464
-101.5 30 -1.48327
-101 30 -1.61575
-100.5 30 -1.70934
-100 30 -1.85885
-99.5 30 -1.95415
-99 30 -1.84255
-98.5 30 -1.55368
-98 30 -1.06312
-97.5 30 -0.62884
-97 30 -0.455332
-96.5 30 -0.388618
-96 30 -0.147743
-95.5 30 0.0414406
-95 30 -0.109757
-94.5 30 -0.462357
-94 30 -1.29234
-93.5 30 -2.04131
-93 30 -2.18972
-92.5 30 -2.09597
-92 30 -1.87507
-91.5 30 -1.62439
-91 30 -1.43873
-90.5 30 -1.34309
-90 30 -1.32046
-89.5 30 -1.38357
-89 30 -1.58115
-88.5 30 -1.92209
-88 30 -2.65024
-87.5 30 -3.36117
-87 30 -3.65885
-86.5 30 -3.78173
-86 30 -3.83894
-85.5 30 -3.84191
-85 30 -3.81378
-84.5 30 -3.83484
-84 30 -4.00156
-83.5 30 -4.10575
-83 30 -3.98838
-82.5 30 -3.81328
-82 30 -3.63939
-81.5 30 -3.51423
-81 30 -3.44033
-119 30.5 0.11301
-118.5 30.5 0.0373535
-118 30.5 -0.0214899
-117.5 30.5 0.0218694
-117 30.5 0.199283
-116.5 30.5 0.491998
-116 30.5 0.826241
-115.5 30.5 1.03829
-115 30.5 1.16105
-114.5 30.5 1.19186
-114 30.5 1.12913
-113.5 30.5 0.910815
-113 30.5 0.617334
-112.5 30.5 0.241703
-112 30.5 -0.234622
-111.5 30.5 -0.768349
-111 30.5 -1.19592
-110.5 30.5 -1.56048
-110 30.5 -1.89019
-109.5 30.5 -2.10452
-109 30.5 -2.12204
-108.5 30.5 -1.93299
-108 30.5 -1.55697
-107.5 30.5 -1.08526
-107 30.5 -0.679972
-106.5 30.5 -0.329479
-106 30.5 0.00208935
-105.5 30.5 0.322682
-105 30.5 0.535387
-104.5 30.5 0.595054
-104 30.5 0.404177
-103.5 30.5 0.0626636
-103 30.5 -0.224952
-102.5 30.5 -0.515828
-102 30.5 -0.850622
-101.5 30.5 -1.15892
-101 30.5 -1.36043
-100.5 30.5 -1.51659
-100 30.5 -1.69293
-99.5 30.5 -1.80188
-99 30.5 -1.73817
-98.5 30.5 -1.51115
-98 30.5 -1.16912
-97.5 30.5 -0.864096
-97 30.5 -0.67745
-96.5 30.5 -0.546479
-96 30.5 -0.36109
-95.5 30.5 -0.330388
-95 30.5 -0.547133
-94.5 30.5 -0.9952
-94 30.5 -1.72231
-93.5 30.5 -2.25181
-93 30.5 -2.40372
-92.5 30.5 -2.3046
-92 30.5 -2.04393
-91.5 30.5 -1.7412
-91 30.5 -1.51884
-90.5 30.5 -1.43865
-90 30.5 -1.48596
-89.5 30.5 -1.69378
-89 30.5 -2.00324
-88.5 30.5 -2.48058
-88 30.5 -3.2059
-87.5 30.5 -3.76495
-87 30.5 -4.03629
-86.5 30.5 -4.12323
-86 30.5 -4.11268
-85.5 30.5 -4.02103
-85 30.5 -3.95304
-84.5 30.5 -3.93301
-84 30.5 -3.96072
-83.5 30.5 -3.81489
-83 30.5 -3.58859
-82.5 30.5 -3.35525
-82 30.5 -3.14649
-81.5 30.5 -2.96261
-81 30.5 -2.84248
-119 31 -0.293394
-118.5 31 -0.391943
-118 31 -0.501004
-117.5 31 -0.479693
-117 31 -0.291635
-116.5 31 0.079249
-116 31 0.565268
-115.5 31 0.850051
-115 31 0.977824
-114.5 31 1.04798
-114 31 1.09816
-113.5 31 0.984658
-113 31 0.737855
-112.5 31 0.391189
-112 31 -0.0542607
-111.5 31 -0.524278
-111 31 -0.965717
-110.5 31 -1.41361
-110 31 -1.86386
-109.5 31 -2.16193
-109 31 -2.24051
-108.5 31 -2.08946
-108 31 -1.73281
-107.5 31 -1.30806
-107 31 -0.920735
-106.5 31 -0.603838
-106 31 -0.347298
-105.5 31 -0.0909905
-105 31 0.149618
-104.5 31 0.325459
-104 31 0.400365
-103.5 31 0.313473
-103 31 0.121775
-102.5 31 -0.162146
-102 31 -0.508474
-101.5 31 -0.830414
-101 31 -1.07708
-100.5 31 -1.2914
-100 31 -1.49574
-99.5 31 -1.61749
-99 31 -1.5932
-98.5 31 -1.4552
-98 31 -1.26136
-97.5 31 -1.07118
-97 31 -0.909487
-96.5 31 -0.790141
-96 31 -0.741254
-95.5 31 -0.836959
-95 31 -1.08364
-94.5 31 -1.49244
-94 31 -2.0035
-93.5 31 -2.36909
-93 31 -2.5052
-92.5 31 -2.41285
-92 31 -2.12425
-91.5 31 -1.74963
-91 31 -1.52742
-90.5 31 -1.49677
-90 31 -1.67163
-89.5 31 -2.00025
-89 31 -2.37697
-88.5 31 -2.86917
-88 31 -3.47411
-87.5 31 -3.96962
-87 31 -4.21105
-86.5 31 -4.2614
-86 31 -4.16024
-85.5 31 -3.97806
-85 31 -3.84069
-84.5 31 -3.73518
-84 31 -3.57299
-83.5 31 -3.24733
-83 31 -2.94657
-82.5 31 -2.69543
-82 31 -2.47137
-81.5 31 -2.26428
-81 31 -2.12106
-119 31.5 -0.679194
-118.5 31.5 -0.792231
-118 31.5 -0.996772
-117.5 31.5 -1.05339
-117 31.5 -0.937688
-116.5 31.5 -0.594781
-116 31.5 0.0540821
-115.5 31.5 0.389947
-115 31.5 0.483268
-114.5 31.5 0.561324
-114 31.5 0.777746
-113.5 31.5 0.789538
-113 31.5 0.630883
-112.5 31.5 0.37311
-112 31.5 0.0225378
-111.5 31.5 -0.358035
-111 31.5 -0.742052
-110.5 31.5 -1.20453
-110 31.5 -1.78536
-109.5 31.5 -2.18938
-109 31.5 -2.34142
-108.5 31.5 -2.25503
-108 31.5 -1.89932
-107.5 31.5 -1.49755
-107 31.5 -1.13629
-106.5 31.5 -0.83905
-106 31.5 -0.679999
-105.5 31.5 -0.493187
-105 31.5 -0.254028
-104.5 31.5 0.0103728
-104 31.5 0.348897
-103.5 31.5 0.513664
-103 31.5 0.414286
-102.5 31.5 0.163451
-102 31.5 -0.194144
-101.5 31.5 -0.537351
-101 31.5 -0.80863
-100.5 31.5 -1.05243
-100 31.5 -1.29834
-99.5 31.5 -1.46394
-99 31.5 -1.48137
-98.5 31.5 -1.41598
-98 31.5 -1.36625
-97.5 31.5 -1.3082
-97 31.5 -1.18015
-96.5 31.5 -1.08645
-96 31.5 -1.14596
-95.5 31.5 -1.3544
-95 31.5 -1.58443
-94.5 31.5 -1.88366
-94 31.5 -2.18808
-93.5 31.5 -2.39039
-93 31.5 -2.50214
-92.5 31.5 -2.43778
-92 31.5 -2.10215
-91.5 31.5 -1.64428
-91 31.5 -1.46728
-90.5 31.5 -1.5331
-90 31.5 -1.84319
-89.5 31.5 -2.32309
-89 31.5 -2.7274
-88.5 31.5 -3.14102
-88 31.5 -3.62041
-87.5 31.5 -4.04684
-87 31.5 -4.2078
-86.5 31.5 -4.16308
-86 31.5 -3.94396
-85.5 31.5 -3.598
-85 31.5 -3.37347
-84.5 31.5 -3.18321
-84 31.5 -2.87365
-83.5 31.5 -2.35766
-83 31.5 -2.03286
-82.5 31.5 -1.81733
-82 31.5 -1.62971
-81.5 31.5 -1.41386
-81 31.5 -1.28852
-119 32 -1.03598
-118.5 32 -1.08463
-118 32 -1.30801
-117.5 32 -1.55916
-117 32 -1.64985
-116.5 32 -1.58016
-116 32 -1.04192
-115.5 32 -0.473354
-115 32 -0.382182
-114.5 32 -0.382208
-114 32 -0.111754
-113.5 32 0.204273
-113 32 0.23875
-112.5 32 0.183116
-112 32 0.0154308
-111.5 32 -0.228772
-111 32 -0.500927
-110.5 32 -0.876904
-110 32 -1.50275
-109.5 32 -2.09289
-109 32 -2.36603
-108.5 32 -2.44238
-108 32 -2.17605
-107.5 32 -1.74299
-107 32 -1.37819
-106.5 32 -1.0296
-106 32 -0.880372
-105.5 32 -0.790063
-105 32 -0.569318
-104.5 32 -0.336385
-104 32 0.181247
-103.5 32 0.621907
-103 32 0.60658
-102.5 32 0.401921
-102 32 0.0538178
-101.5 32 -0.304757
-101 32 -0.572182
-100.5 32 -0.833232
-100 32 -1.14064
-99.5 32 -1.3735
-99 32 -1.43151
-98.5 32 -1.42557
-98 32 -1.53301
-97.5 32 -1.59791
-97 32 -1.48389
-96.5 32 -1.39115
-96 32 -1.56407
-95.5 32 -1.80754
-95 32 -1.93675
-94.5 32 -2.10028
-94 32 -2.18457
-93.5 32 -2.24491
-93 32 -2.35414
-92.5 32 -2.31131
-92 32 -1.83893
-91.5 32 -1.39896
-91 32 -1.41698
-90.5 32 -1.64532
-90 32 -2.18271
-89.5 32 -2.73373
-89 32 -3.05689
-88.5 32 -3.36191
-88 32 -3.76208
-87.5 32 -4.01909
-87 32 -3.96373
-86.5 32 -3.75042
-86 32 -3.27538
-85.5 32 -2.79213
-85 32 -2.50092
-84.5 32 -2.21722
-84 32 -1.64075
-83.5 32 -1.09736
-83 32 -0.889593
-82.5 32 -0.764105
-82 32 -0.585958
-81.5 32 -0.442525
-81 32 -0.394614
-119 32.5 -1.44605
-118.5 32.5 -1.44487
-118 32.5 -1.54663
-117.5 32.5 -1.84963
-117 32.5 -2.10372
-116.5 32.5 -2.23487
-116 32.5 -2.10376
-115.5 32.5 -1.57189
-115 32.5 -1.32246
-114.5 32.5 -1.26514
-114 32.5 -1.15824
-113.5 32.5 -0.748537
-113 32.5 -0.435119
-112.5 32.5 -0.213615
-112 32.5 -0.107108
-111.5 32.5 -0.17101
-111 32.5 -0.35073
-110.5 32.5 -0.675852
-110 32.5 -1.18166
-109.5 32.5 -1.80098
-109 32.5 -2.22378
-108.5 32.5 -2.45891
-108 32.5 -2.46069
-107.5 32.5 -2.16435
-107 32.5 -1.79193
-106.5 32.5 -1.36992
-106 32.5 -1.02341
-105.5 32.5 -0.813201
-105 32.5 -0.594864
-104.5 32.5 -0.352097
-104 32.5 0.0230188
-103.5 32.5 0.436331
-103 32.5 0.553693
-102.5 32.5 0.46151
-102 32.5 0.19866
-101.5 32.5 -0.115869
-101 32.5 -0.395667
-100.5 32.5 -0.689482
-100 32.5 -1.03825
-99.5 32.5 -1.33626
-99 32.5 -1.48472
-98.5 32.5 -1.57964
-98 32.5 -1.73536
-97.5 32.5 -1.83809
-97 32.5 -1.80151
-96.5 32.5 -1.7703
-96 32.5 -1.87191
-95.5 32.5 -1.97382
-95 32.5 -1.9998
-94.5 32.5 -2.02123
-94 32.5 -2.0142
-93.5 32.5 -2.04771
-93 32.5 -2.0567
-92.5 32.5 -1.91979
-92 32.5 -1.55823
-91.5 32.5 -1.42513
-91 32.5 -1.59062
-90.5 32.5 -1.96356
-90 32.5 -2.51811
-89.5 32.5 -2.94764
-89 32.5 -3.25554
-88.5 32.5 -3.51161
-88 32.5 -3.72195
-87.5 32.5 -3.649
-87 32.5 -3.38449
-86.5 32.5 -2.96292
-86 32.5 -2.36329
-85.5 32.5 -1.84789
-85 32.5 -1.42385
-84.5 32.5 -0.948543
-84 32.5 -0.319441
-83.5 32.5 0.0287094
-83 32.5 0.186394
-82.5 32.5 0.295182
-82 32.5 0.416119
-81.5 32.5 0.433792
-81 32.5 0.410068
-119 33 -1.93975
-118.5 33 -1.90176
-118 33 -1.90732
-117.5 33 -2.1119
-117 33 -2.3464
-116.5 33 -2.50091
-116 33 -2.4623
-115.5 33 -2.12655
-115 33 -1.86442
-114.5 33 -1.78871
-114 33 -1.78143
-113.5 33 -1.47093
-113 33 -1.06571
-112.5 33 -0.664549
-112 33 -0.326884
-111.5 33 -0.216445
-111 33 -0.304709
-110.5 33 -0.579404
-110 33 -1.03599
-109.5 33 -1.55911
-109 33 -2.01573
-108.5 33 -2.38543
-108 33 -2.62685
-107.5 33 -2.56123
-107 33 -2.25737
-106.5 33 -1.78267
-106 33 -1.21824
-105.5 33 -0.807026
-105 33 -0.508656
-104.5 33 -0.259
-104 33 0.0103469
-103.5 33 0.295854
-103 33 0.457576
-102.5 33 0.431723
-102 33 0.25225
-101.5 33 0.00779446
-101 33 -0.255204
-100.5 33 -0.590857
-100 33 -1.00805
-99.5 33 -1.3668
-99 33 -1.58665
-98.5 33 -1.7544
-98 33 -1.94464
-97.5 33 -2.06923
-97 33 -2.07304
-96.5 33 -2.03452
-96 33 -2.02308
-95.5 33 -1.9746
-95 33 -1.89574
-94.5 33 -1.83702
-94 33 -1.81894
-93.5 33 -1.84492
-93 33 -1.80572
-92.5 33 -1.66879
-92 33 -1.50642
-91.5 33 -1.55542
-91 33 -1.79138
-90.5 33 -2.16244
-90 33 -2.59451
-89.5 33 -2.93232
-89 33 -3.19039
-88.5 33 -3.35791
-88 33 -3.33649
-87.5 33 -3.01836
-87 33 -2.60713
-86.5 33 -2.10203
-86 33 -1.50727
-85.5 33 -0.949701
-85 33 -0.450166
-84.5 33 0.0666601
-84 33 0.581617
-83.5 33 0.869283
-83 33 1.01824
-82.5 33 1.11372
-82 33 1.16679
-81.5 33 1.11894
-81 33 1.05148
-119 33.5 -2.49566
-118.5 33.5 -2.45198
-118 33.5 -2.32186
-117.5 33.5 -2.38853
-117 33.5 -2.49596
-116.5 33.5 -2.53947
-116 33.5 -2.49113
-115.5 33.5 -2.19683
-115 33.5 -1.89683
-114.5 33.5 -1.80122
-114 33.5 -1.99714
-113.5 33.5 -1.83356
-113 33.5 -1.47838
-112.5 33.5 -1.05534
-112 33.5 -0.553132
-111.5 33.5 -0.323789
-111 33.5 -0.325758
-110.5 33.5 -0.520523
-110 33.5 -0.90023
-109.5 33.5 -1.33004
-109 33.5 -1.74002
-108.5 33.5 -2.18033
-108 33.5 -2.68285
-107.5 33.5 -2.86719
-107 33.5 -2.70973
-106.5 33.5 -2.25207
-106 33.5 -1.45681
-105.5 33.5 -0.819015
-105 33.5 -0.42561
-104.5 33.5 -0.14728
-104 33.5 0.0204141
-103.5 33.5 0.211645
-103 33.5 0.376895
-102.5 33.5 0.419204
-102 33.5 0.284164
-101.5 33.5 0.0744583
-101 33.5 -0.157131
-100.5 33.5 -0.497132
-100 33.5 -1.00792
-99.5 33.5 -1.47856
-99 33.5 -1.73726
-98.5 33.5 -1.9186
-98 33.5 -2.13708
-97.5 33.5 -2.30525
-97 33.5 -2.3094
-96.5 33.5 -2.22437
-96 33.5 -2.08693
-95.5 33.5 -1.90506
-95 33.5 -1.74244
-94.5 33.5 -1.63553
-94 33.5 -1.64355
-93.5 33.5 -1.71615
-93 33.5 -1.65668
-92.5 33.5 -1.53604
-92 33.5 -1.50701
-91.5 33.5 -1.67932
-91 33.5 -1.90006
-90.5 33.5 -2.17788
-90 33.5 -2.4559
-89.5 33.5 -2.63638
-89 33.5 -2.81505
-88.5 33.5 -2.8889
-88 33.5 -2.68276
-87.5 33.5 -2.12246
-87 33.5 -1.65186
-86.5 33.5 -1.18446
-86 33.5 -0.666368
-85.5 33.5 -0.119819
-85 33.5 0.366779
-84.5 33.5 0.833595
-84 33.5 1.23281
-83.5 33.5 1.44511
-83 33.5 1.59448
-82.5 33.5 1.68914
-82 33.5 1.70106
-81.5 33.5 1.59304
-81 33.5 1.49708
-119 34 -3.05799
-118.5 34 -3.13399
-118 34 -3.01734
-117.5 34 -2.80736
-117 34 -2.65866
-116.5 34 -2.43604
-116 34 -2.2075
-115.5 34 -1.90933
-115 34 -1.50644
-114.5 34 -1.20895
-114 34 -1.38902
-113.5 34 -1.65085
-113 34 -1.56323
-112.5 34 -1.38663
-112 34 -0.970955
-111.5 34 -0.557224
-111 34 -0.434521
-110.5 34 -0.471662
-110 34 -0.713422
-109.5 34 -1.05295
-109 34 -1.37415
-108.5 34 -1.76696
-108 34 -2.41149
-107.5 34 -2.95191
-107 34 -3.03378
-106.5 34 -2.81012
-106 34 -1.96854
-105.5 34 -1.00547
-105 34 -0.482819
-104.5 34 -0.107921
-104 34 0.0525947
-103.5 34 0.162579
-103 34 0.370621
-102.5 34 0.430819
-102 34 0.298226
-101.5 34 0.0997611
-101 34 -0.0758189
-100.5 34 -0.402238
-100 34 -1.04594
-99.5 34 -1.6495
-99 34 -1.90927
-98.5 34 -2.06485
-98 34 -2.32132
-97.5 34 -2.52023
-97 34 -2.49187
-96.5 34 -2.34738
-96 34 -2.08714
-95.5 34 -1.80244
-95 34 -1.60385
-94.5 34 -1.49401
-94 34 -1.60822
-93.5 34 -1.70859
-93 34 -1.59559
-92.5 34 -1.47781
-92 34 -1.57061
-91.5 34 -1.73624
-91 34 -1.82419
-90.5 34 -1.93986
-90 34 -1.97463
-89.5 34 -2.00401
-89 34 -2.08814
-88.5 34 -2.03178
-88 34 -1.5131
-87.5 34 -0.916744
-87 34 -0.585046
-86.5 34 -0.249989
-86 34 0.190179
-85.5 34 0.629445
-85 34 1.0028
-84.5 34 1.34214
-84 34 1.58395
-83.5 34 1.76354
-83 34 1.93043
-82.5 34 2.02662
-82 34 1.97517
-81.5 34 1.83617
-81 34 1.73526
-119 34.5 -3.41141
-118.5 34.5 -3.59459
-118 34.5 -3.65122
-117.5 34.5 -3.32559
-117 34.5 -2.91366
-116.5 34.5 -2.43023
-116 34.5 -1.92514
-115.5 34.5 -1.54583
-115 34.5 -1.12808
-114.5 34.5 -0.748894
-114 34.5 -0.626066
-113.5 34.5 -1.0072
-113 34.5 -1.25988
-112.5 34.5 -1.38145
-112 34.5 -1.31645
-111.5 34.5 -0.945155
-111 34.5 -0.674363
-110.5 34.5 -0.535835
-110 34.5 -0.563601
-109.5 34.5 -0.79303
-109 34.5 -1.0928
-108.5 34.5 -1.49333
-108 34.5 -2.05163
-107.5 34.5 -2.69732
-107 34.5 -3.01071
-106.5 34.5 -2.96978
-106 34.5 -2.47606
-105.5 34.5 -1.57318
-105 34.5 -0.877112
-104.5 34.5 -0.34287
-104 34.5 0.00527075
-103.5 34.5 0.230117
-103 34.5 0.427791
-102.5 34.5 0.479997
-102 34.5 0.302235
-101.5 34.5 0.0815488
-101 34.5 -0.0880369
-100.5 34.5 -0.41052
-100 34.5 -1.10292
-99.5 34.5 -1.78591
-99 34.5 -2.081
-98.5 34.5 -2.20088
-98 34.5 -2.42627
-97.5 34.5 -2.59827
-97 34.5 -2.55179
-96.5 34.5 -2.34303
-96 34.5 -2.02647
-95.5 34.5 -1.73338
-95 34.5 -1.5474
-94.5 34.5 -1.49181
-94 34.5 -1.58267
-93.5 34.5 -1.59126
-93 34.5 -1.50387
-92.5 34.5 -1.44921
-92 34.5 -1.51406
-91.5 34.5 -1.52041
-91 34.5 -1.47143
-90.5 34.5 -1.4045
-90 34.5 -1.29432
-89.5 34.5 -1.24713
-89 34.5 -1.16491
-88.5 34.5 -0.888207
-88 34.5 -0.31241
-87.5 34.5 0.0538502
-87 34.5 0.289573
-86.5 34.5 0.549473
-86 34.5 0.880357
-85.5 34.5 1.16432
-85 34.5 1.40187
-84.5 34.5 1.60092
-84 34.5 1.75205
-83.5 34.5 1.94261
-83 34.5 2.11526
-82.5 34.5 2.18547
-82 34.5 2.08799
-81.5 34.5 1.92886
-81 34.5 1.79717
-119 35 -3.43072
-118.5 35 -3.67754
-118 35 -3.83388
-117.5 35 -3.58138
-117 35 -3.11328
-116.5 35 -2.51928
-116 35 -1.88758
-115.5 35 -1.4352
-115 35 -1.03327
-114.5 35 -0.656777
-114 35 -0.430321
-113.5 35 -0.637993
-113 35 -0.934282
-112.5 35 -1.19337
-112 35 -1.32245
-111.5 35 -1.13017
-111 35 -0.861521
-110.5 35 -0.630863
-110 35 -0.524074
-109.5 35 -0.637781
-109 35 -0.923498
-108.5 35 -1.3569
-108 35 -1.9255
-107.5 35 -2.50726
-107 35 -2.86491
-106.5 35 -2.9232
-106 35 -2.62393
-105.5 35 -1.97989
-105 35 -1.29673
-104.5 35 -0.683847
-104 35 -0.169114
-103.5 35 0.2357
-103 35 0.53218
-102.5 35 0.546109
-102 35 0.240577
-101.5 35 0.0106956
-101 35 -0.0574571
-100.5 35 -0.396909
-100 35 -1.22007
-99.5 35 -1.97388
-99 35 -2.19471
-98.5 35 -2.27065
-98 35 -2.44682
-97.5 35 -2.6105
-97 35 -2.52994
-96.5 35 -2.26431
-96 35 -1.90922
-95.5 35 -1.5911
-95 35 -1.40754
-94.5 35 -1.3553
-94 35 -1.37656
-93.5 35 -1.33601
-93 35 -1.26413
-92.5 35 -1.22472
-92 35 -1.20733
-91.5 35 -1.11572
-91 35 -0.979408
-90.5 35 -0.831168
-90 35 -0.680595
-89.5 35 -0.57837
-89 35 -0.409611
-88.5 35 -0.0819032
-88 35 0.365635
-87.5 35 0.655407
-87 35 0.852149
-86.5 35 1.05836
-86 35 1.29074
-85.5 35 1.4784
-85 35 1.62527
-84.5 35 1.74677
-84 35 1.86085
-83.5 35 2.03621
-83 35 2.18651
-82.5 35 2.23445
-82 35 2.12545
-81.5 35 1.87317
-81 35 1.68478
-119 35.5 -3.05755
-118.5 35.5 -3.34261
-118 35.5 -3.67418
-117.5 35.5 -3.54432
-117 35.5 -3.17054
-116.5 35.5 -2.63958
-116 35.5 -1.9659
-115.5 35.5 -1.56351
-115 35.5 -1.24887
-114.5 35.5 -0.908965
-114 35.5 -0.521309
-113.5 35.5 -0.548177
-113 35.5 -0.725718
-112.5 35.5 -0.944784
-112 35.5 -1.19965
-111.5 35.5 -1.12894
-111 35.5 -0.922965
-110.5 35.5 -0.69799
-110 35.5 -0.483582
-109.5 35.5 -0.547366
-109 35.5 -0.81733
-108.5 35.5 -1.26565
-108 35.5 -1.83229
-107.5 35.5 -2.35493
-107 35.5 -2.68446
-106.5 35.5 -2.77897
-106 35.5 -2.62487
-105.5 35.5 -2.19998
-105 35.5 -1.63417
-104.5 35.5 -1.01626
-104 35.5 -0.357069
-103.5 35.5 0.217678
-103 35.5 0.636698
-102.5 35.5 0.710779
-102 35.5 0.219087
-101.5 35.5 -0.114638
-101 35.5 -0.0494815
-100.5 35.5 -0.203477
-100 35.5 -1.28331
-99.5 35.5 -2.28075
-99 35.5 -2.35558
-98.5 35.5 -2.20985
-98 35.5 -2.36651
-97.5 35.5 -2.6031
-97 35.5 -2.44461
-96.5 35.5 -2.08228
-96 35.5 -1.66119
-95.5 35.5 -1.29074
-95 35.5 -1.11785
-94.5 35.5 -1.06484
-94 35.5 -1.04229
-93.5 35.5 -0.952195
-93 35.5 -0.89976
-92.5 35.5 -0.861754
-92 35.5 -0.800885
-91.5 35.5 -0.64653
-91 35.5 -0.483892
-90.5 35.5 -0.318469
-90 35.5 -0.181615
-89.5 35.5 -0.0939817
-89 35.5 0.103456
-88.5 35.5 0.415052
-88 35.5 0.75357
-87.5 35.5 0.980811
-87 35.5 1.16412
-86.5 35.5 1.34106
-86 35.5 1.50353
-85.5 35.5 1.6304
-85 35.5 1.71671
-84.5 35.5 1.77802
-84 35.5 1.84775
-83.5 35.5 1.98195
-83 35.5 2.06707
-82.5 35.5 2.06795
-82 35.5 1.93036
-81.5 35.5 1.54089
-81 35.5 1.30794
-119 36 -2.31922
-118.5 36 -2.51914
-118 36 -2.86832
-117.5 36 -3.09025
-117 36 -3.00798
-116.5 36 -2.78834
-116 36 -2.36175
-115.5 36 -1.93102
-115 36 -1.71131
-114.5 36 -1.53958
-114 36 -1.18317
-113.5 36 -0.826996
-113 36 -0.692157
-112.5 36 -0.617154
-112 36 -0.737276
-111.5 36 -0.872872
-111 36 -0.822325
-110.5 36 -0.737331
-110 36 -0.576685
-109.5 36 -0.522348
-109 36 -0.754399
-108.5 36 -1.17193
-108 36 -1.71395
-107.5 36 -2.19266
-107 36 -2.46661
-106.5 36 -2.55447
-106 36 -2.48739
-105.5 36 -2.24759
-105 36 -1.8355
-104.5 36 -1.35165
-104 36 -0.669911
-103.5 36 0.08873
-103 36 0.688247
-102.5 36 0.925643
-102 36 0.259265
-101.5 36 -0.373348
-101 36 -0.075829
-100.5 36 0.108141
-100 36 -1.28723
-99.5 36 -2.63476
-99 36 -2.31766
-98.5 36 -1.91629
-98 36 -2.20028
-97.5 36 -2.49926
-97 36 -2.15696
-96.5 36 -1.67868
-96 36 -1.13775
-95.5 36 -0.760939
-95 36 -0.658409
-94.5 36 -0.643623
-94 36 -0.555127
-93.5 36 -0.461191
-93 36 -0.450888
-92.5 36 -0.432528
-92 36 -0.327723
-91.5 36 -0.181719
-91 36 -0.0701612
-90.5 36 0.037683
-90 36 0.0883292
-89.5 36 0.171075
-89 36 0.38294
-88.5 36 0.653977
-88 36 0.903044
-87.5 36 1.1021
-87 36 1.28622
-86.5 36 1.44666
-86 36 1.57432
-85.5 36 1.65725
-85 36 1.7009
-84.5 36 1.72583
-84 36 1.76523
-83.5 36 1.77896
-83 36 1.69667
-82.5 36 1.53416
-82 36 1.16498
-81.5 36 0.806431
-81 36 0.684166
-119 36.5 -1.48512
-118.5 36.5 -1.64102
-118 36.5 -1.89723
-117.5 36.5 -2.31109
-117 36.5 -2.53154
-116.5 36.5 -2.60732
-116 36.5 -2.56522
-115.5 36.5 -2.2435
-115 36.5 -2.0594
-114.5 36.5 -1.99408
-114 36.5 -1.86982
-113.5 36.5 -1.35581
-113 36.5 -0.891102
-112.5 36.5 -0.505228
-112 36.5 -0.286062
-111.5 36.5 -0.430507
-111 36.5 -0.538081
-110.5 36.5 -0.597464
-110 36.5 -0.604532
-109.5 36.5 -0.565889
-109 36.5 -0.738985
-108.5 36.5 -1.11743
-108 36.5 -1.60956
-107.5 36.5 -2.03812
-107 36.5 -2.2687
-106.5 36.5 -2.33218
-106 36.5 -2.27459
-105.5 36.5 -2.1418
-105 36.5 -1.88669
-104.5 36.5 -1.54072
-104 36.5 -1.05529
-103.5 36.5 -0.349499
-103 36.5 0.276377
-102.5 36.5 0.525908
-102 36.5 0.0508463
-101.5 36.5 -0.577538
-101 36.5 -0.628471
-100.5 36.5 -0.582691
-100 36.5 -1.24088
-99.5 36.5 -1.8327
-99 36.5 -1.66587
-98.5 36.5 -1.46469
-98 36.5 -1.69934
-97.5 36.5 -1.79777
-97 36.5 -1.3984
-96.5 36.5 -0.827518
-96 36.5 -0.359524
-95.5 36.5 -0.173598
-95 36.5 -0.138939
-94.5 36.5 -0.110002
-94 36.5 -0.0376444
-93.5 36.5 -0.0259842
-93 36.5 -0.0310233
-92.5 36.5 0.000796629
-92 36.5 0.0917546
-91.5 36.5 0.147397
-91 36.5 0.19459
-90.5 36.5 0.228731
-90 36.5 0.235462
-89.5 36.5 0.338987
-89 36.5 0.521767
-88.5 36.5 0.735628
-88 36.5 0.927387
-87.5 36.5 1.11644
-87 36.5 1.28832
-86.5 36.5 1.42932
-86 36.5 1.52633
-85.5 36.5 1.563
-85 36.5 1.57998
-84.5 36.5 1.57598
-84 36.5 1.55493
-83.5 36.5 1.38172
-83 36.5 1.13199
-82.5 36.5 0.78012
-82 36.5 0.30485
-81.5 36.5 0.106107
-81 36.5 0.0654721
-119 37 -0.628897
-118.5 37 -0.847497
-118 37 -1.20891
-117.5 37 -1.56157
-117 37 -1.82512
-116.5 37 -2.01354
-116 37 -2.10382
-115.5 37 -2.00135
-115 37 -1.93868
-114.5 37 -1.96746
-114 37 -1.95764
-113.5 37 -1.56698
-113 37 -1.06388
-112.5 37 -0.564179
-112 37 -0.190293
-111.5 37 -0.19842
-111 37 -0.308425
-110.5 37 -0.389065
-110 37 -0.407616
-109.5 37 -0.442597
-109 37 -0.630561
-108.5 37 -1.01528
-108 37 -1.53982
-107.5 37 -1.8957
-107 37 -2.07034
-106.5 37 -2.09893
-106 37 -2.04894
-105.5 37 -1.95677
-105 37 -1.81536
-104.5 37 -1.62495
-104 37 -1.35328
-103.5 37 -0.814582
-103 37 -0.226736
-102.5 37 -0.0304956
-102 37 -0.545913
-101.5 37 -1.24233
-101 37 -1.50909
-100.5 37 -1.44208
-100 37 -1.19965
-99.5 37 -0.895962
-99 37 -0.605161
-98.5 37 -0.587136
-98 37 -0.831221
-97.5 37 -0.895638
-97 37 -0.43626
-96.5 37 0.0818389
-96 37 0.390353
-95.5 37 0.344598
-95 37 0.292799
-94.5 37 0.275498
-94 37 0.294181
-93.5 37 0.262877
-93 37 0.255707
-92.5 37 0.277969
-92 37 0.328124
-91.5 37 0.341396
-91 37 0.357139
-90.5 37 0.365308
-90 37 0.380941
-89.5 37 0.449548
-89 37 0.587451
-88.5 37 0.750647
-88 37 0.908065
-87.5 37 1.05506
-87 37 1.19073
-86.5 37 1.29649
-86 37 1.34868
-85.5 37 1.33974
-85 37 1.30567
-84.5 37 1.25287
-84 37 1.13931
-83.5 37 0.88021
-83 37 0.567968
-82.5 37 0.197173
-82 37 -0.180398
-81.5 37 -0.387954
-81 37 -0.428913
-119 37.5 0.333378
-118.5 37.5 0.117147
-118 37.5 -0.354735
-117.5 37.5 -0.6237
-117 37.5 -0.846723
-116.5 37.5 -1.06236
-116 37.5 -1.24942
-115.5 37.5 -1.28188
-115 37.5 -1.32209
-114.5 37.5 -1.45973
-114 37.5 -1.65998
-113.5 37.5 -1.45144
-113 37.5 -1.09667
-112.5 37.5 -0.683863
-112 37.5 -0.229377
-111.5 37.5 -0.187288
-111 37.5 -0.26022
-110.5 37.5 -0.292708
-110 37.5 -0.216759
-109.5 37.5 -0.238815
-109 37.5 -0.377591
-108.5 37.5 -0.723608
-108 37.5 -1.29627
-107.5 37.5 -1.60608
-107 37.5 -1.72851
-106.5 37.5 -1.76124
-106 37.5 -1.68129
-105.5 37.5 -1.6472
-105 37.5 -1.57925
-104.5 37.5 -1.51915
-104 37.5 -1.43252
-103.5 37.5 -1.04906
-103 37.5 -0.45389
-102.5 37.5 -0.185698
-102 37.5 -0.901272
-101.5 37.5 -1.8853
-101 37.5 -2.53057
-99 37.5 0.553968
-98.5 37.5 0.319389
-98 37.5 -0.160421
-97.5 37.5 -0.347149
-97 37.5 0.167838
-96.5 37.5 0.742727
-96 37.5 0.89689
-95.5 37.5 0.576302
-95 37.5 0.434709
-94.5 37.5 0.422148
-94 37.5 0.411028
-93.5 37.5 0.362413
-93 37.5 0.360762
-92.5 37.5 0.394354
-92 37.5 0.414939
-91.5 37.5 0.39906
-91 37.5 0.398005
-90.5 37.5 0.410849
-90 37.5 0.427753
-89.5 37.5 0.457364
-89 37.5 0.549384
-88.5 37.5 0.674615
-88 37.5 0.791326
-87.5 37.5 0.889507
-87 37.5 0.980704
-86.5 37.5 1.04158
-86 37.5 1.04619
-85.5 37.5 0.966999
-85 37.5 0.875744
-84.5 37.5 0.768264
-84 37.5 0.606716
-83.5 37.5 0.293814
-83 37.5 -0.0243286
-82.5 37.5 -0.334287
-82 37.5 -0.610608
-81.5 37.5 -0.810921
-81 37.5 -0.862751
-119 38 1.40221
-118.5 38 1.40094
-118 38 1.10399
-117.5 38 0.684914
-117 38 0.400315
-116.5 38 0.158529
-116 38 -0.0614354
-115.5 38 -0.226492
-115 38 -0.331106
-114.5 38 -0.459466
-114 38 -0.715486
-113.5 38 -0.919361
-113 38 -0.942324
-112.5 38 -0.90565
-112 38 -0.702074
-111.5 38 -0.493786
-111 38 -0.444516
-110.5 38 -0.395747
-110 38 -0.245267
-109.5 38 -0.0676423
-109 38 -0.0119082
-108.5 38 -0.100669
-108 38 -0.498648
-107.5 38 -0.936176
-107 38 -1.14147
-106.5 38 -1.25206
-106 38 -1.25853
-105.5 38 -1.21
-105 38 -1.18297
-104.5 38 -1.15148
-104 38 -1.14134
-103.5 38 -0.873587
-103 38 -0.14333
-102.5 38 0.609016
-97.5 38 -0.780502
-97 38 0.173885
-96.5 38 0.831747
-96 38 0.68762
-95.5 38 0.323031
-95 38 0.288566
-94.5 38 0.299285
-94 38 0.26405
-93.5 38 0.255824
-93 38 0.311093
-92.5 38 0.343549
-92 38 0.334949
-91.5 38 0.321976
-91 38 0.331442
-90.5 38 0.32552
-90 38 0.307648
-89.5 38 0.332597
-89 38 0.414675
-88.5 38 0.501312
-88 38 0.569869
-87.5 38 0.630213
-87 38 0.675418
-86.5 38 0.676081
-86 38 0.594531
-85.5 38 0.467086
-85 38 0.317616
-84.5 38 0.136996
-84 38 -0.12685
-83.5 38 -0.403351
-83 38 -0.651882
-82.5 38 -0.899708
-82 38 -1.13567
-81.5 38 -1.25538
-81 38 -1.23974
-119 38.5 2.23415
-118.5 38.5 2.43546
-118 38.5 2.45867
-117.5 38.5 1.99852
-117 38.5 1.59175
-116.5 38.5 1.29696
-116 38.5 1.07545
-115.5 38.5 0.830498
-115 38.5 0.645717
-114.5 38.5 0.50282
-114 38.5 0.311365
-113.5 38.5 -0.164841
-113 38.5 -0.567105
-112.5 38.5 -0.894263
-112 38.5 -1.09459
-111.5 38.5 -0.854381
-111 38.5 -0.640594
-110.5 38.5 -0.471854
-110 38.5 -0.286845
-109.5 38.5 0.0333771
-109 38.5 0.289823
-108.5 38.5 0.426262
-108 38.5 0.367848
-107.5 38.5 -0.0680753
-107 38.5 -0.390225
-106.5 38.5 -0.615268
-106 38.5 -0.744717
-105.5 38.5 -0.798682
-105 38.5 -0.814452
-104.5 38.5 -0.841928
-104 38.5 -0.777931
-103.5 38.5 -0.513786
-103 38.5 0.388233
-97 38.5 -0.230128
-96.5 38.5 0.420378
-96 38.5 0.316409
-95.5 38.5 0.221634
-95 38.5 0.181204
-94.5 38.5 0.143989
-94 38.5 0.0889079
-93.5 38.5 0.165032
-93 38.5 0.233103
-92.5 38.5 0.256622
-92 38.5 0.233481
-91.5 38.5 0.248481
-91 38.5 0.239812
-90.5 38.5 0.202903
-90 38.5 0.160475
-89.5 38.5 0.204848
-89 38.5 0.264625
-88.5 38.5 0.311631
-88 38.5 0.336562
-87.5 38.5 0.363991
-87 38.5 0.36194
-86.5 38.5 0.298139
-86 38.5 0.157529
-85.5 38.5 -0.00530389
-85 38.5 -0.216158
-84.5 38.5 -0.480527
-84 38.5 -0.787904
-83.5 38.5 -0.974074
-83 38.5 -1.16688
-82.5 38.5 -1.37574
-82 38.5 -1.56397
-81.5 38.5 -1.5569
-81 38.5 -1.4734
-119 39 2.61604
-118.5 39 2.87985
-118 39 2.9962
-117.5 39 2.69994
-117 39 2.32959
-116.5 39 2.03502
-116 39 1.80948
-115.5 39 1.5607
-115 39 1.33414
-114.5 39 1.13242
-114 39 0.862754
-113.5 39 0.404833
-113 39 -0.0910182
-112.5 39 -0.550911
-112 39 -0.867871
-111.5 39 -0.759287
-111 39 -0.533764
-110.5 39 -0.305053
-110 39 -0.0691929
-109.5 39 0.258306
-109 39 0.554649
-108.5 39 0.760574
-108 39 0.770335
-107.5 39 0.530625
-107 39 0.240774
-106.5 39 0.0196628
-106 39 -0.1721
-105.5 39 -0.318914
-105 39 -0.498754
-104.5 39 -0.629204
-104 39 -0.701757
-103.5 39 -0.321958
-96.5 39 0.331714
-96 39 0.538042
-95.5 39 0.395812
-95 39 0.279234
-94.5 39 0.153688
-94 39 0.0948574
-93.5 39 0.191858
-93 39 0.26827
-92.5 39 0.281712
-92 39 0.260638
-91.5 39 0.268662
-91 39 0.24528
-90.5 39 0.185179
-90 39 0.133627
-89.5 39 0.155772
-89 39 0.184309
-88.5 39 0.187338
-88 39 0.174086
-87.5 39 0.164838
-87 39 0.127653
-86.5 39 0.0326128
-86 39 -0.119503
-85.5 39 -0.329944
-85 39 -0.573294
-84.5 39 -0.853077
-84 39 -1.11383
-83.5 39 -1.26479
-83 39 -1.40608
-82.5 39 -1.56568
-82 39 -1.67893
-81.5 39 -1.61554
-81 39 -1.50574
-119 39.5 2.55097
-118.5 39.5 2.80073
-118 39.5 3.01479
-117.5 39.5 2.80662
-117 39.5 2.52191
-116.5 39.5 2.29234
-116 39.5 2.14783
-115.5 39.5 1.9198
-115 39.5 1.71899
-114.5 39.5 1.52195
-114 39.5 1.26612
-113.5 39.5 0.897707
-113 39.5 0.474436
-112.5 39.5 0.030225
-112 39.5 -0.341045
-111.5 39.5 -0.273429
-111 39.5 -0.0897978
-110.5 39.5 0.110162
-110 39.5 0.331092
-109.5 39.5 0.602634
-109 39.5 0.87407
-108.5 39.5 1.06025
-108 39.5 1.10364
-107.5 39.5 0.961252
-107 39.5 0.755178
-106.5 39.5 0.539921
-106 39.5 0.391272
-105.5 39.5 0.123785
-105 39.5 -0.116102
-104.5 39.5 -0.399596
-104 39.5 -0.627224
-103.5 39.5 -0.278283
-96.5 39.5 0.552357
-96 39.5 0.881506
-95.5 39.5 0.62118
-95 39.5 0.433306
-94.5 39.5 0.314814
-94 39.5 0.223135
-93.5 39.5 0.385803
-93 39.5 0.47196
-92.5 39.5 0.471917
-92 39.5 0.415222
-91.5 39.5 0.43047
-91 39.5 0.391485
-90.5 39.5 0.307676
-90 39.5 0.209139
-89.5 39.5 0.216056
-89 39.5 0.202867
-88.5 39.5 0.158766
-88 39.5 0.0877567
-87.5 39.5 0.0474777
-87 39.5 -0.0264896
-86.5 39.5 -0.138702
-86 39.5 -0.290863
-85.5 39.5 -0.508247
-85 39.5 -0.738918
-84.5 39.5 -0.975328
-84 39.5 -1.19283
-83.5 39.5 -1.2562
-83 39.5 -1.33244
-82.5 39.5 -1.44246
-82 39.5 -1.53159
-81.5 39.5 -1.41794
-81 39.5 -1.32621
-119 40 2.10211
-118.5 40 2.21244
-118 40 2.31983
-117.5 40 2.31876
-117 40 2.18518
-116.5 40 2.06662
-116 40 1.9901
-115.5 40 1.90868
-115 40 1.81265
-114.5 40 1.72787
-114 40 1.58978
-113.5 40 1.35939
-113 40 1.09162
-112.5 40 0.851632
-112 40 0.652751
-111.5 40 0.56516
-111 40 0.601296
-110.5 40 0.707392
-110 40 0.86452
-109.5 40 1.05506
-109 40 1.25141
-108.5 40 1.40634
-108 40 1.44358
-107.5 40 1.34163
-107 40 1.14072
-106.5 40 0.91872
-106 40 0.697215
-105.5 40 0.49153
-105 40 0.269755
-104.5 40 0.110619
-104 40 -0.0479134
-103.5 40 -0.132242
-96.5 40 0.546589
-96 40 0.484063
-95.5 40 0.48202
-95 40 0.550706
-94.5 40 0.64962
-94 40 0.745552
-93.5 40 0.806178
-93 40 0.835652
-92.5 40 0.823513
-92 40 0.793841
-91.5 40 0.742655
-91 40 0.666481
-90.5 40 0.571638
-90 40 0.482784
-89.5 40 0.406414
-89 40 0.324493
-88.5 40 0.229649
-88 40 0.124512
-87.5 40 0.0180444
-87 40 -0.113244
-86.5 40 -0.264673
-86 40 -0.43368
-85.5 40 -0.590468
-85 40 -0.725907
-84.5 40 -0.853768
-84 40 -0.931056
-83.5 40 -0.956544
-83 40 -0.973727
-82.5 40 -0.985821
-82 40 -0.964902
-81.5 40 -0.946647
-81 40 -0.971758
-119 40.5 1.529
-118.5 40.5 1.49896
-118 40.5 1.44156
-117.5 40.5 1.54406
-117 40.5 1.59426
-116.5 40.5 1.59338
-116 40.5 1.58238
-115.5 40.5 1.62062
-115 40.5 1.67729
-114.5 40.5 1.73466
-114 40.5 1.75773
-113.5 40.5 1.65075
-113 40.5 1.54583
-112.5 40.5 1.51477
-112 40.5 1.54794
-111.5 40.5 1.35783
-111 40.5 1.26
-110.5 40.5 1.27813
-110 40.5 1.37841
-109.5 40.5 1.49209
-109 40.5 1.63274
-108.5 40.5 1.74502
-108 40.5 1.77192
-107.5 40.5 1.65258
-107 40.5 1.45088
-106.5 40.5 1.19867
-106 40.5 0.909539
-105.5 40.5 0.737016
-105 40.5 0.606309
-104.5 40.5 0.545775
-104 40.5 0.548602
-103.5 40.5 0.0367865
-96.5 40.5 0.338478
-96 40.5 -0.106926
-95.5 40.5 0.207884
-95 40.5 0.569008
-94.5 40.5 0.91355
-94 40.5 1.20418
-93.5 40.5 1.16813
-93 40.5 1.13198
-92.5 40.5 1.13555
-92 40.5 1.1437
-91.5 40.5 1.03721
-91 40.5 0.926044
-90.5 40.5 0.838475
-90 40.5 0.764082
-89.5 40.5 0.61532
-89 40.5 0.471325
-88.5 40.5 0.337931
-88 40.5 0.213618
-87.5 40.5 0.0497604
-87 40.5 -0.129781
-86.5 40.5 -0.314242
-86 40.5 -0.489509
-85.5 40.5 -0.56215
-85 40.5 -0.61038
-84.5 40.5 -0.625758
-84 40.5 -0.584185
-83.5 40.5 -0.588923
-83 40.5 -0.545479
-82.5 40.5 -0.45014
-82 40.5 -0.345588
-81.5 40.5 -0.464271
-81 40.5 -0.60503
-119 41 0.967054
-118.5 41 0.919101
-118 41 0.881055
-117.5 41 0.907501
-117 41 0.972683
-116.5 41 1.05637
-116 41 1.14933
-115.5 41 1.21105
-115 41 1.32699
-114.5 41 1.49747
-114 41 1.64938
-113.5 41 1.63046
-113 41 1.62065
-112.5 41 1.69582
-112 41 1.79091
-111.5 41 1.69682
-111 41 1.6219
-110.5 41 1.63876
-110 41 1.72105
-109.5 41 1.80954
-109 41 1.91314
-108.5 41 2.00261
-108 41 2.00895
-107.5 41 1.86954
-107 41 1.66115
-106.5 41 1.41781
-106 41 1.1535
-105.5 41 0.923497
-105 41 0.746454
-104.5 41 0.676209
-104 41 0.577682
-103.5 41 0.189052
-96.5 41 0.226678
-96 41 -0.13194
-95.5 41 0.0705538
-95 41 0.434886
-94.5 41 0.812849
-94 41 1.12566
-93.5 41 1.1657
-93 41 1.15959
-92.5 41 1.18349
-92 41 1.2127
-91.5 41 1.14078
-91 41 1.04724
-90.5 41 0.957383
-90 41 0.864741
-89.5 41 0.723835
-89 41 0.578122
-88.5 41 0.431236
-88 41 0.283454
-87.5 41 0.123454
-87 41 -0.0532852
-86.5 41 -0.236963
-86 41 -0.389544
-85.5 41 -0.435869
-85 41 -0.45315
-84.5 41 -0.444613
-84 41 -0.409107
-83.5 41 -0.349667
-83 41 -0.258294
-82.5 41 -0.133118
-82 41 -0.047407
-81.5 41 -0.178521
-81 41 -0.36008
-119 41.5 0.414348
-118.5 41.5 0.335721
-118 41.5 0.316791
-117.5 41.5 0.2451
-117 41.5 0.25177
-116.5 41.5 0.348273
-116 41.5 0.52462
-115.5 41.5 0.555538
-115 41.5 0.685437
-114.5 41.5 0.924836
-114 41.5 1.20888
-113.5 41.5 1.20571
-113 41.5 1.27611
-112.5 41.5 1.44704
-112 41.5 1.6511
-111.5 41.5 1.64348
-111 41.5 1.66553
-110.5 41.5 1.75242
-110 41.5 1.88239
-109.5 41.5 1.96045
-109 41.5 2.04679
-108.5 41.5 2.11959
-108 41.5 2.11963
-107.5 41.5 1.92569
-107 41.5 1.69483
-106.5 41.5 1.46542
-106 41.5 1.23492
-105.5 41.5 0.933454
-105 41.5 0.761502
-104.5 41.5 0.666139
-104 41.5 0.594721
-103.5 41.5 0.470259
-103 41.5 -0.188861
-97 41.5 0.895175
-96.5 41.5 0.0662619
-96 41.5 -0.181963
-95.5 41.5 -0.112577
-95 41.5 0.0957483
-94.5 41.5 0.395986
-94 41.5 0.735787
-93.5 41.5 0.840136
-93 41.5 0.889499
-92.5 41.5 0.972806
-92 41.5 1.07175
-91.5 41.5 1.06774
-91 41.5 1.02461
-90.5 41.5 0.964456
-90 41.5 0.878824
-89.5 41.5 0.775557
-89 41.5 0.661554
-88.5 41.5 0.536489
-88 41.5 0.387738
-87.5 41.5 0.261652
-87 41.5 0.12328
-86.5 41.5 -0.034559
-86 41.5 -0.187321
-85.5 41.5 -0.218293
-85 41.5 -0.230622
-84.5 41.5 -0.248066
-84 41.5 -0.273089
-83.5 41.5 -0.21245
-83 41.5 -0.124952
-82.5 41.5 -0.0184562
-82 41.5 0.0632794
-81.5 41.5 -0.0885007
-81 41.5 -0.274366
-119 42 -0.131036
-118.5 42 -0.322269
-118 42 -0.487855
-117.5 42 -0.569932
-117 42 -0.58941
-116.5 42 -0.574041
-116 42 -0.53914
-115.5 42 -0.418496
-115 42 -0.21036
-114.5 42 0.00987097
-114 42 0.17816
-113.5 42 0.360447
-113 42 0.619304
-112.5 42 0.880587
-112 42 1.09415
-111.5 42 1.28077
-111 42 1.49188
-110.5 42 1.68069
-110 42 1.8286
-109.5 42 1.94777
-109 42 2.04534
-108.5 42 2.08105
-108 42 1.97406
-107.5 42 1.7564
-107 42 1.52639
-106.5 42 1.28738
-106 42 0.994883
-105.5 42 0.766014
-105 42 0.688622
-104.5 42 0.698319
-104 42 0.836688
-103.5 42 0.843604
-103 42 0.35371
-102.5 42 -0.21612
-97.5 42 1.06272
-97 42 0.437327
-96.5 42 -0.208271
-96 42 -0.425183
-95.5 42 -0.406069
-95 42 -0.38269
-94.5 42 -0.289331
-94 42 -0.0339051
-93.5 42 0.224082
-93 42 0.376039
-92.5 42 0.526769
-92 42 0.705067
-91.5 42 0.836094
-91 42 0.889097
-90.5 42 0.897505
-90 42 0.865602
-89.5 42 0.803026
-89 42 0.736292
-88.5 42 0.663768
-88 42 0.569407
-87.5 42 0.463693
-87 42 0.375886
-86.5 42 0.292995
-86 42 0.197942
-85.5 42 0.113195
-85 42 0.0622769
-84.5 42 0.0155008
-84 42 -0.04249
-83.5 42 -0.0917839
-83 42 -0.115765
-82.5 42 -0.126256
-82 42 -0.149954
-81.5 42 -0.223444
-81 42 -0.337031
-119 42.5 -0.533028
-118.5 42.5 -0.845936
-118 42.5 -1.15041
-117.5 42.5 -1.20323
-117 42.5 -1.24946
-116.5 42.5 -1.33419
-116 42.5 -1.42915
-115.5 42.5 -1.17824
-115 42.5 -0.917733
-114.5 42.5 -0.754011
-114 42.5 -0.689265
-113.5 42.5 -0.291781
-113 42.5 0.101904
-112.5 42.5 0.408481
-112 42.5 0.626031
-111.5 42.5 1.0225
-111 42.5 1.37423
-110.5 42.5 1.62742
-110 42.5 1.78235
-109.5 42.5 1.94604
-109 42.5 2.04366
-108.5 42.5 2.00867
-108 42.5 1.79735
-107.5 42.5 1.56121
-107 42.5 1.28293
-106.5 42.5 0.990045
-106 42.5 0.702692
-105.5 42.5 0.641911
-105 42.5 0.688275
-104.5 42.5 0.809933
-104 42.5 1.01095
-103.5 42.5 0.981438
-103 42.5 0.701452
-102.5 42.5 0.656856
-102 42.5 1.59924
-101.5 42.5 2.75372
-101 42.5 3.28861
-99 42.5 -2.41019
-98.5 42.5 -2.02783
-98 42.5 -0.923787
-97.5 42.5 0.122631
-97 42.5 0.0922457
-96.5 42.5 -0.308774
-96 42.5 -0.568088
-95.5 42.5 -0.636139
-95 42.5 -0.729884
-94.5 42.5 -0.804499
-94 42.5 -0.761806
-93.5 42.5 -0.472435
-93 42.5 -0.204216
-92.5 42.5 0.0479605
-92 42.5 0.289433
-91.5 42.5 0.533016
-91 42.5 0.689637
-90.5 42.5 0.774114
-90 42.5 0.810106
-89.5 42.5 0.79038
-89 42.5 0.765018
-88.5 42.5 0.744601
-88 42.5 0.722231
-87.5 42.5 0.647422
-87 42.5 0.595623
-86.5 42.5 0.580295
-86 42.5 0.564106
-85.5 42.5 0.436508
-85 42.5 0.328902
-84.5 42.5 0.247719
-84 42.5 0.171326
-83.5 42.5 0.0130789
-83 42.5 -0.124645
-82.5 42.5 -0.253362
-82 42.5 -0.38327
-81.5 42.5 -0.386116
-81 42.5 -0.426007
-119 43 -0.642766
-118.5 43 -0.97881
-118 43 -1.26082
-117.5 43 -1.33161
-117 43 -1.3875
-116.5 43 -1.48453
-116 43 -1.52767
-115.5 43 -1.25742
-115 43 -0.989722
-114.5 43 -0.824331
-114 43 -0.676255
-113.5 43 -0.273517
-113 43 0.130322
-112.5 43 0.44357
-112 43 0.727183
-111.5 43 1.18037
-111 43 1.55959
-110.5 43 1.8186
-110 43 1.96894
-109.5 43 2.11164
-109 43 2.16107
-108.5 43 2.0703
-108 43 1.81457
-107.5 43 1.46718
-107 43 1.107
-106.5 43 0.789884
-106 43 0.589574
-105.5 43 0.631447
-105 43 0.701413
-104.5 43 0.797328
-104 43 0.883785
-103.5 43 0.765326
-103 43 0.518103
-102.5 43 0.64422
-102 43 1.45711
-101.5 43 2.35401
-101 43 2.46296
-100.5 43 1.79155
-100 43 0.639659
-99.5 43 -0.551986
-99 43 -1.34016
-98.5 43 -1.35052
-98 43 -0.547467
-97.5 43 0.169974
-97 43 0.187773
-96.5 43 -0.107026
-96 43 -0.363732
-95.5 43 -0.555096
-95 43 -0.76809
-94.5 43 -0.982017
-94 43 -1.09406
-93.5 43 -0.937595
-93 43 -0.653822
-92.5 43 -0.332204
-92 43 -0.00151972
-91.5 43 0.28052
-91 43 0.484614
-90.5 43 0.61129
-90 43 0.685921
-89.5 43 0.700971
-89 43 0.705853
-88.5 43 0.713444
-88 43 0.730364
-87.5 43 0.694811
-87 43 0.675322
-86.5 43 0.683998
-86 43 0.700139
-85.5 43 0.598064
-85 43 0.4765
-84.5 43 0.358398
-84 43 0.235563
-83.5 43 0.0631145
-83 43 -0.101458
-82.5 43 -0.253101
-82 43 -0.357718
-81.5 43 -0.400854
-81 43 -0.437558
-119 43.5 -0.419708
-118.5 43.5 -0.701738
-118 43.5 -0.9269
-117.5 43.5 -0.907112
-117 43.5 -0.913826
-116.5 43.5 -0.977977
-116 43.5 -0.985267
-115.5 43.5 -0.620011
-115 43.5 -0.3592
-114.5 43.5 -0.211848
-114 43.5 -0.0496758
-113.5 43.5 0.391466
-113 43.5 0.759852
-112.5 43.5 1.02742
-112 43.5 1.29516
-111.5 43.5 1.78458
-111 43.5 2.11186
-110.5 43.5 2.27529
-110 43.5 2.34856
-109.5 43.5 2.42417
-109 43.5 2.37628
-108.5 43.5 2.19721
-108 43.5 1.87524
-107.5 43.5 1.40494
-107 43.5 0.993973
-106.5 43.5 0.678727
-106 43.5 0.5782
-105.5 43.5 0.74237
-105 43.5 0.786764
-104.5 43.5 0.760705
-104 43.5 0.683156
-103.5 43.5 0.462666
-103 43.5 0.20823
-102.5 43.5 0.283705
-102 43.5 1.14746
-101.5 43.5 2.08948
-101 43.5 1.89952
-100.5 43.5 1.14318
-100 43.5 0.852093
-99.5 43.5 0.517268
-99 43.5 -0.378887
-98.5 43.5 -0.763139
-98 43.5 -0.00679482
-97.5 43.5 0.643828
-97 43.5 0.513142
-96.5 43.5 0.155182
-96 43.5 -0.0845146
-95.5 43.5 -0.30912
-95 43.5 -0.584791
-94.5 43.5 -0.892556
-94 43.5 -1.21973
-93.5 43.5 -1.20863
-93 43.5 -0.965147
-92.5 43.5 -0.616193
-92 43.5 -0.233331
-91.5 43.5 0.078
-91 43.5 0.285147
-90.5 43.5 0.424614
-90 43.5 0.513173
-89.5 43.5 0.546852
-89 43.5 0.553201
-88.5 43.5 0.570447
-88 43.5 0.611294
-87.5 43.5 0.595388
-87 43.5 0.580842
-86.5 43.5 0.606404
-86 43.5 0.672065
-85.5 43.5 0.610023
-85 43.5 0.511423
-84.5 43.5 0.398672
-84 43.5 0.255301
-83.5 43.5 0.104251
-83 43.5 -0.0614585
-82.5 43.5 -0.199955
-82 43.5 -0.280083
-81.5 43.5 -0.340734
-81 43.5 -0.384268
-119 44 0.117096
-118.5 44 -0.00188319
-118 44 0.0020729
-117.5 44 0.0684384
-117 44 0.111911
-116.5 44 0.193866
-116 44 0.447974
-115.5 44 0.717747
-115 44 0.846119
-114.5 44 0.976057
-114 44 1.27053
-113.5 44 1.61984
-113 44 1.86882
-112.5 44 2.11914
-112 44 2.50171
-111.5 44 2.82986
-111 44 2.91968
-110.5 44 2.9259
-110 44 2.91223
-109.5 44 2.81841
-109 44 2.57392
-108.5 44 2.25705
-108 44 1.78992
-107.5 44 1.29605
-107 44 0.943626
-106.5 44 0.724269
-106 44 0.857965
-105.5 44 1.0333
-105 44 0.906882
-104.5 44 0.739326
-104 44 0.584076
-103.5 44 0.349447
-103 44 0.0724474
-102.5 44 0.0877812
-102 44 1.35941
-101.5 44 2.41121
-101 44 1.75773
-100.5 44 0.696216
-100 44 1.11634
-99.5 44 1.48288
-99 44 0.229258
-98.5 44 -0.69085
-98 44 0.0663263
-97.5 44 1.00585
-97 44 0.693438
-96.5 44 0.225168
-96 44 0.00568357
-95.5 44 -0.118695
-95 44 -0.35544
-94.5 44 -0.619613
-94 44 -1.04798
-93.5 44 -1.29965
-93 44 -1.14247
-92.5 44 -0.829579
-92 44 -0.437951
-91.5 44 -0.0971029
-91 44 0.110359
-90.5 44 0.222893
-90 44 0.299763
-89.5 44 0.344655
-89 44 0.349311
-88.5 44 0.323131
-88 44 0.340831
-87.5 44 0.369994
-87 44 0.364848
-86.5 44 0.34758
-86 44 0.40549
-85.5 44 0.473725
-85 44 0.475928
-84.5 44 0.421088
-84 44 0.314585
-83.5 44 0.171609
-83 44 0.016514
-82.5 44 -0.15489
-82 44 -0.258365
-81.5 44 -0.27852
-81 44 -0.277176
-119 44.5 0.813088
-118.5 44.5 0.878244
-118 44.5 1.0725
-117.5 44.5 1.1423
-117 44.5 1.28772
-116.5 44.5 1.56917
-116 44.5 1.98676
-115.5 44.5 2.05037
-115 44.5 2.09795
-114.5 44.5 2.27233
-114 44.5 2.62185
-113.5 44.5 2.80152
-113 44.5 3.00889
-112.5 44.5 3.30162
-112 44.5 3.68125
-111.5 44.5 3.68851
-111 44.5 3.60204
-110.5 44.5 3.49142
-110 44.5 3.35141
-109.5 44.5 2.99132
-109 44.5 2.5827
-108.5 44.5 2.15021
-108 44.5 1.65304
-107.5 44.5 1.25757
-107 44.5 1.02684
-106.5 44.5 0.95963
-106 44.5 1.08706
-105.5 44.5 1.0189
-105 44.5 0.830324
-104.5 44.5 0.659179
-104 44.5 0.545239
-103.5 44.5 0.441376
-103 44.5 0.409745
-102.5 44.5 0.741712
-102 44.5 1.77969
-101.5 44.5 2.40082
-101 44.5 2.02856
-100.5 44.5 1.38339
-100 44.5 1.42093
-99.5 44.5 1.36653
-99 44.5 0.482653
-98.5 44.5 -0.252076
-98 44.5 -0.0272667
-97.5 44.5 0.568034
-97 44.5 0.480691
-96.5 44.5 0.147042
-96 44.5 -0.077513
-95.5 44.5 -0.180277
-95 44.5 -0.347909
-94.5 44.5 -0.58331
-94 44.5 -0.913779
-93.5 44.5 -1.22441
-93 44.5 -1.20269
-92.5 44.5 -0.940955
-92 44.5 -0.574599
-91.5 44.5 -0.220087
-91 44.5 -0.00323775
-90.5 44.5 0.0978753
-90 44.5 0.130589
-89.5 44.5 0.190412
-89 44.5 0.199782
-88.5 44.5 0.164806
-88 44.5 0.108959
-87.5 44.5 0.172554
-87 44.5 0.195049
-86.5 44.5 0.176075
-86 44.5 0.156816
-85.5 44.5 0.321938
-85 44.5 0.436238
-84.5 44.5 0.478088
-84 44.5 0.429259
-83.5 44.5 0.333767
-83 44.5 0.176097
-82.5 44.5 -0.0180172
-82 44.5 -0.184939
-81.5 44.5 -0.164098
-81 44.5 -0.11012
-119 45 1.46857
-118.5 45 1.60171
-118 45 1.80044
-117.5 45 1.94711
-117 45 2.16562
-116.5 45 2.50772
-116 45 2.85118
-115.5 45 2.89224
-115 45 2.93292
-114.5 45 3.11276
-114 45 3.37777
-113.5 45 3.53878
-113 45 3.7255
-112.5 45 3.9818
-112 45 4.16985
-111.5 45 4.02862
-111 45 3.8398
-110.5 45 3.65709
-110 45 3.36694
-109.5 45 2.83813
-109 45 2.36006
-108.5 45 1.9323
-108 45 1.51751
-107.5 45 1.19711
-107 45 1.03404
-106.5 45 0.988209
-106 45 0.937555
-105.5 45 0.720903
-105 45 0.527683
-104.5 45 0.441134
-104 45 0.460449
-103.5 45 0.52794
-103 45 0.719538
-102.5 45 1.21864
-102 45 1.99936
-101.5 45 2.45123
-101 45 2.33371
-100.5 45 2.01411
-100 45 1.77292
-99.5 45 1.34177
-99 45 0.632541
-98.5 45 0.134727
-98 45 0.14455
-97.5 45 0.339047
-97 45 0.257599
-96.5 45 0.0391444
-96 45 -0.160511
-95.5 45 -0.282274
-95 45 -0.440089
-94.5 45 -0.697506
-94 45 -1.04339
-93.5 45 -1.30877
-93 45 -1.30709
-92.5 45 -1.05389
-92 45 -0.636893
-91.5 45 -0.267598
-91 45 -0.0256587
-90.5 45 0.0735551
-90 45 0.0827071
-89.5 45 0.15845
-89 45 0.235598
-88.5 45 0.216426
-88 45 0.12632
-87.5 45 0.189114
-87 45 0.269913
-86.5 45 0.263945
-86 45 0.210731
-85.5 45 0.364955
-85 45 0.551616
-84.5 45 0.648651
-84 45 0.642694
-83.5 45 0.616775
-83 45 0.519141
-82.5 45 0.31916
-82 45 0.0887741
-81.5 45 0.101305
-81 45 0.173117
-119 45.5 2.05915
-118.5 45.5 2.16393
-118 45.5 2.33113
-117.5 45.5 2.45183
-117 45.5 2.68239
-116.5 45.5 3.00803
-116 45.5 3.29405
-115.5 45.5 3.22819
-115 45.5 3.28764
-114.5 45.5 3.48361
-114 45.5 3.71602
-113.5 45.5 3.7983
-113 45.5 3.9515
-112.5 45.5 4.13403
-112 45.5 4.16444
-111.5 45.5 3.78599
-111 45.5 3.53378
-110.5 45.5 3.33893
-110 45.5 2.97663
-109.5 45.5 2.27544
-109 45.5 1.83115
-108.5 45.5 1.53292
-108 45.5 1.25576
-107.5 45.5 0.991239
-107 45.5 0.88796
-106.5 45.5 0.832314
-106 45.5 0.617516
-105.5 45.5 0.218177
-105 45.5 0.0719232
-104.5 45.5 0.128048
-104 45.5 0.309365
-103.5 45.5 0.566482
-103 45.5 0.955644
-102.5 45.5 1.51905
-102 45.5 2.16853
-101.5 45.5 2.58874
-101 45.5 2.6954
-100.5 45.5 2.56
-100 45.5 2.11601
-99.5 45.5 1.45264
-99 45.5 0.860355
-98.5 45.5 0.447108
-98 45.5 0.314392
-97.5 45.5 0.272863
-97 45.5 0.119002
-96.5 45.5 -0.0762956
-96 45.5 -0.25982
-95.5 45.5 -0.393241
-95 45.5 -0.53745
-94.5 45.5 -0.798869
-94 45.5 -1.20932
-93.5 45.5 -1.485
-93 45.5 -1.49895
-92.5 45.5 -1.25431
-92 45.5 -0.75278
-91.5 45.5 -0.313523
-91 45.5 -0.0161369
-90.5 45.5 0.140008
-90 45.5 0.122771
-89.5 45.5 0.261508
-89 45.5 0.467988
-88.5 45.5 0.551632
-88 45.5 0.395798
-87.5 45.5 0.489282
-87 45.5 0.662741
-86.5 45.5 0.706753
-86 45.5 0.536675
-85.5 45.5 0.663572
-85 45.5 0.889522
-84.5 45.5 1.03885
-84 45.5 1.03396
-83.5 45.5 1.0949
-83 45.5 1.11359
-82.5 45.5 0.964684
-82 45.5 0.599657
-81.5 45.5 0.577114
-81 45.5 0.619577
-119 46 2.59102
-118.5 46 2.58758
-118 46 2.60615
-117.5 46 2.69521
-117 46 2.88994
-116.5 46 3.09513
-116 46 3.10142
-115.5 46 3.08265
-115 46 3.27714
-114.5 46 3.50458
-114 46 3.60021
-113.5 46 3.65159
-113 46 3.76533
-112.5 46 3.79876
-112 46 3.42552
-111.5 46 2.9477
-111 46 2.76126
-110.5 46 2.5603
-110 46 1.92733
-109.5 46 1.28786
-109 46 1.13864
-108.5 46 1.0584
-108 46 0.847763
-107.5 46 0.653904
-107 46 0.611746
-106.5 46 0.540108
-106 46 0.0629258
-105.5 46 -0.419275
-105 46 -0.39673
-104.5 46 -0.169578
-104 46 0.166467
-103.5 46 0.590392
-103 46 1.12641
-102.5 46 1.75011
-102 46 2.32806
-101.5 46 2.74695
-101 46 3.02547
-100.5 46 3.08534
-100 46 2.50478
-99.5 46 1.70246
-99 46 1.21461
-98.5 46 0.794529
-98 46 0.504391
-97.5 46 0.257288
-97 46 -0.0184218
-96.5 46 -0.210685
-96 46 -0.377247
-95.5 46 -0.511822
-95 46 -0.623256
-94.5 46 -0.81907
-94 46 -1.25405
-93.5 46 -1.64915
-93 46 -1.74086
-92.5 46 -1.6071
-92 46 -1.11292
-91.5 46 -0.528039
-91 46 -0.11533
-90.5 46 0.224658
-90 46 0.31729
-89.5 46 0.42994
-89 46 0.802971
-88.5 46 1.1423
-88 46 1.10368
-87.5 46 1.04204
-87 46 1.29576
-86.5 46 1.50836
-86 46 1.3741
-85.5 46 1.23268
-85 46 1.40965
-84.5 46 1.61207
-84 46 1.67502
-83.5 46 1.71822
-83 46 1.88246
-82.5 46 1.97314
-82 46 1.70479
-81.5 46 1.35264
-81 46 1.20372
-119 46.5 3.15936
-118.5 46.5 3.01229
-118 46.5 2.90623
-117.5 46.5 2.98974
-117 46.5 3.08562
-116.5 46.5 3.09167
-116 46.5 2.95153
-115.5 46.5 3.12166
-115 46.5 3.35734
-114.5 46.5 3.50951
-114 46.5 3.50902
-113.5 46.5 3.56131
-113 46.5 3.53644
-112.5 46.5 3.28845
-112 46.5 2.70595
-111.5 46.5 2.32551
-111 46.5 2.02638
-110.5 46.5 1.64007
-110 46.5 1.03755
-109.5 46.5 0.817399
-109 46.5 0.800242
-108.5 46.5 0.756942
-108 46.5 0.60422
-107.5 46.5 0.48591
-107 46.5 0.357652
-106.5 46.5 0.117323
-106 46.5 -0.349562
-105.5 46.5 -0.622588
-105 46.5 -0.600782
-104.5 46.5 -0.339416
-104 46.5 0.123088
-103.5 46.5 0.719377
-103 46.5 1.31246
-102.5 46.5 1.90125
-102 46.5 2.46884
-101.5 46.5 2.94181
-101 46.5 3.22487
-100.5 46.5 3.27255
-100 46.5 2.95629
-99.5 46.5 2.43544
-99 46.5 1.92159
-98.5 46.5 1.34062
-98 46.5 0.741632
-97.5 46.5 0.19456
-97 46.5 -0.228652
-96.5 46.5 -0.465317
-96 46.5 -0.558372
-95.5 46.5 -0.645526
-95 46.5 -0.773885
-94.5 46.5 -0.980747
-94 46.5 -1.28799
-93.5 46.5 -1.66958
-93 46.5 -1.87851
-92.5 46.5 -1.88449
-92 46.5 -1.60161
-91.5 46.5 -1.09302
-91 46.5 -0.609418
-90.5 46.5 -0.153436
-90 46.5 0.212697
-89.5 46.5 0.428941
-89 46.5 0.810577
-88.5 46.5 1.24975
-88 46.5 1.54555
-87.5 46.5 1.52709
-87 46.5 1.68585
-86.5 46.5 1.90384
-86 46.5 1.99358
-85.5 46.5 1.77813
-85 46.5 1.774
-84.5 46.5 1.91017
-84 46.5 2.07242
-83.5 46.5 2.12948
-83 46.5 2.32022
-82.5 46.5 2.55719
-82 46.5 2.61096
-81.5 46.5 2.13632
-81 46.5 1.71653
-119 47 3.90909
-118.5 47 3.67908
-118 47 3.54754
-117.5 47 3.60617
-117 47 3.6397
-116.5 47 3.5739
-116 47 3.50449
-115.5 47 3.67936
-115 47 3.85967
-114.5 47 3.92374
-114 47 3.88447
-113.5 47 3.85395
-113 47 3.68194
-112.5 47 3.27977
-112 47 2.70799
-111.5 47 2.24618
-111 47 1.80818
-110.5 47 1.34511
-110 47 0.981989
-109.5 47 0.987731
-109 47 0.999416
-108.5 47 0.909823
-108 47 0.757688
-107.5 47 0.612431
-107 47 0.370192
-106.5 47 0.0263179
-106 47 -0.34631
-105.5 47 -0.55105
-105 47 -0.574323
-104.5 47 -0.33078
-104 47 0.242248
-103.5 47 0.954459
-103 47 1.54103
-102.5 47 2.093
-102 47 2.67667
-101.5 47 3.16585
-101 47 3.42643
-100.5 47 3.52122
-100 47 3.49076
-99.5 47 3.27902
-99 47 2.77551
-98.5 47 1.9964
-98 47 1.02532
-97.5 47 0.115432
-97 47 -0.517624
-96.5 47 -0.805579
-96 47 -0.809911
-95.5 47 -0.838858
-95 47 -1.0067
-94.5 47 -1.22602
-94 47 -1.44612
-93.5 47 -1.7543
-93 47 -2.0443
-92.5 47 -2.18374
-92 47 -2.09508
-91.5 47 -1.80351
-91 47 -1.43336
-90.5 47 -0.978988
-90 47 -0.493835
-89.5 47 -0.146811
-89 47 0.219876
-88.5 47 0.680549
-88 47 1.13919
-87.5 47 1.30646
-87 47 1.42899
-86.5 47 1.60431
-86 47 1.75292
-85.5 47 1.65428
-85 47 1.58141
-84.5 47 1.64196
-84 47 1.7937
-83.5 47 1.88895
-83 47 2.06509
-82.5 47 2.34849
-82 47 2.56327
-81.5 47 2.26024
-81 47 1.7863
-119 47.5 4.91873
-118.5 47.5 4.66547
-118 47.5 4.52835
-117.5 47.5 4.65568
-117 47.5 4.65465
-116.5 47.5 4.55293
-116 47.5 4.5088
-115.5 47.5 4.73226
-115 47.5 4.8202
-114.5 47.5 4.76471
-114 47.5 4.6474
-113.5 47.5 4.56365
-113 47.5 4.25642
-112.5 47.5 3.74639
-112 47.5 3.16303
-111.5 47.5 2.69323
-111 47.5 2.13652
-110.5 47.5 1.61643
-110 47.5 1.45507
-109.5 47.5 1.75011
-109 47.5 1.7058
-108.5 47.5 1.45733
-108 47.5 1.22665
-107.5 47.5 1.04776
-107 47.5 0.664171
-106.5 47.5 0.198874
-106 47.5 -0.127174
-105.5 47.5 -0.256452
-105 47.5 -0.361429
-104.5 47.5 -0.202868
-104 47.5 0.475326
-103.5 47.5 1.36155
-103 47.5 1.8938
-102.5 47.5 2.3332
-102 47.5 2.93027
-101.5 47.5 3.48639
-101 47.5 3.68744
-100.5 47.5 3.7796
-100 47.5 4.0495
-99.5 47.5 4.15138
-99 47.5 3.66427
-98.5 47.5 2.7065
-98 47.5 1.33476
-97.5 47.5 0.0268017
-97 47.5 -0.827909
-96.5 47.5 -1.21696
-96 47.5 -1.09834
-95.5 47.5 -1.04428
-95 47.5 -1.29362
-94.5 47.5 -1.58144
-94 47.5 -1.69787
-93.5 47.5 -1.93298
-93 47.5 -2.2994
-92.5 47.5 -2.59483
-92 47.5 -2.71317
-91.5 47.5 -2.67181
-91 47.5 -2.50143
-90.5 47.5 -2.16338
-90 47.5 -1.60062
-89.5 47.5 -1.21807
-89 47.5 -0.933812
-88.5 47.5 -0.5272
-88 47.5 0.128417
-87.5 47.5 0.423964
-87 47.5 0.500786
-86.5 47.5 0.623644
-86 47.5 0.901331
-85.5 47.5 0.890381
-85 47.5 0.770321
-84.5 47.5 0.75891
-84 47.5 0.926614
-83.5 47.5 0.989885
-83 47.5 1.08097
-82.5 47.5 1.34954
-82 47.5 1.83129
-81.5 47.5 1.71484
-81 47.5 1.28765
-119 48 6.21188
-118.5 48 6.04002
-118 48 6.10068
-117.5 48 6.19902
-117 48 6.11279
-116.5 48 6.00432
-116 48 6.11491
-115.5 48 6.25509
-115 48 6.16224
-114.5 48 5.97468
-114 48 5.85645
-113.5 48 5.6608
-113 48 5.20126
-112.5 48 4.60822
-112 48 4.1181
-111.5 48 3.62506
-111 48 2.9721
-110.5 48 2.44977
-110 48 2.71753
-109.5 48 3.0816
-109 48 2.74191
-108.5 48 2.25771
-108 48 2.00315
-107.5 48 1.73163
-107 48 1.14421
-106.5 48 0.550718
-106 48 0.333766
-105.5 48 0.241808
-105 48 -0.00307123
-104.5 48 0.0276968
-104 48 0.948047
-103.5 48 1.96702
-103 48 2.29992
-102.5 48 2.57674
-102 48 3.28103
-101.5 48 3.90874
-101 48 3.99095
-100.5 48 4.00636
-100 48 4.56491
-99.5 48 4.95487
-99 48 4.40611
-98.5 48 3.38132
-98 48 1.70306
-97.5 48 0.0275809
-97 48 -1.01107
-96.5 48 -1.60741
-96 48 -1.43191
-95.5 48 -1.23015
-95 48 -1.63591
-94.5 48 -2.08026
-94 48 -2.15403
-93.5 48 -2.24472
-93 48 -2.69441
-92.5 48 -3.12364
-92 48 -3.42742
-91.5 48 -3.61246
-91 48 -3.70737
-90.5 48 -3.62721
-90 48 -3.13631
-89.5 48 -2.65428
-89 48 -2.52254
-88.5 48 -2.3273
-88 48 -1.65666
-87.5 48 -1.05347
-87 48 -1.01069
-86.5 48 -1.01103
-86 48 -0.708745
-85.5 48 -0.464631
-85 48 -0.586741
-84.5 48 -0.701029
-84 48 -0.587671
-83.5 48 -0.466165
-83 48 -0.511449
-82.5 48 -0.463557
-82 48 0.0228883
-81.5 48 0.401243
-81 48 0.188701
-119 48.5 7.63843
-118.5 48.5 7.62463
-118 48.5 7.78347
-117.5 48.5 7.75895
-117 48.5 7.66385
-116.5 48.5 7.64505
-116 48.5 7.7863
-115.5 48.5 7.72645
-115 48.5 7.53414
-114.5 48.5 7.31372
-114 48.5 7.13447
-113.5 48.5 6.77028
-113 48.5 6.2462
-112.5 48.5 5.6797
-112 48.5 5.19729
-111.5 48.5 4.6394
-111 48.5 4.07232
-110.5 48.5 3.76904
-110 48.5 4.01046
-109.5 48.5 3.98909
-109 48.5 3.57064
-108.5 48.5 3.05333
-108 48.5 2.67595
-107.5 48.5 2.19874
-107 48.5 1.57823
-106.5 48.5 1.0284
-106 48.5 0.764743
-105.5 48.5 0.576871
-105 48.5 0.416596
-104.5 48.5 0.583347
-104 48.5 1.35061
-103.5 48.5 2.12009
-103 48.5 2.53925
-102.5 48.5 2.93207
-102 48.5 3.55721
-101.5 48.5 4.09179
-101 48.5 4.31811
-100.5 48.5 4.49776
-100 48.5 4.92431
-99.5 48.5 5.11968
-99 48.5 4.63391
-98.5 48.5 3.59934
-98 48.5 2.08155
-97.5 48.5 0.50548
-97 48.5 -0.654487
-96.5 48.5 -1.36548
-96 48.5 -1.54156
-95.5 48.5 -1.54669
-95 48.5 -1.89241
-94.5 48.5 -2.32617
-94 48.5 -2.58408
-93.5 48.5 -2.77072
-93 48.5 -3.1899
-92.5 48.5 -3.67914
-92 48.5 -4.10777
-91.5 48.5 -4.45232
-91 48.5 -4.70161
-90.5 48.5 -4.78899
-90 48.5 -4.60713
-89.5 48.5 -4.23196
-89 48.5 -4.05791
-88.5 48.5 -3.90008
-88 48.5 -3.515
-87.5 48.5 -2.91194
-87 48.5 -2.67651
-86.5 48.5 -2.61757
-86 48.5 -2.47223
-85.5 48.5 -2.17644
-85 48.5 -2.13645
-84.5 48.5 -2.21341
-84 48.5 -2.23001
-83.5 48.5 -2.11945
-83 48.5 -2.12829
-82.5 48.5 -2.15187
-82 48.5 -1.97648
-81.5 48.5 -1.43307
-81 48.5 -1.28313
-119 49 8.96845
-118.5 49 8.97778
-118 49 9.06739
-117.5 49 9.05458
-117 49 8.9869
-116.5 49 8.97956
-116 49 9.01759
-115.5 49 8.91818
-115 49 8.69089
-114.5 49 8.43544
-114 49 8.14056
-113.5 49 7.70944
-113 49 7.1485
-112.5 49 6.57083
-112 49 6.02685
-111.5 49 5.45528
-111 49 4.91841
-110.5 49 4.63571
-110 49 4.61948
-109.5 49 4.43296
-109 49 3.978
-108.5 49 3.461
-108 49 2.96139
-107.5 49 2.39422
-107 49 1.76868
-106.5 49 1.24707
-106 49 0.920307
-105.5 49 0.703039
-105 49 0.608233
-104.5 49 0.838752
-104 49 1.43961
-103.5 49 2.06831
-103 49 2.55214
-102.5 49 3.061
-102 49 3.66726
-101.5 49 4.18839
-101 49 4.52682
-100.5 49 4.83079
-100 49 5.14092
-99.5 49 5.18841
-99 49 4.7251
-98.5 49 3.77362
-98 49 2.45703
-97.5 49 1.06756
-97 49 -0.0761381
-96.5 49 -0.851326
-96 49 -1.24817
-95.5 49 -1.52408
-95 49 -1.9209
-94.5 49 -2.35495
-94 49 -2.71899
-93.5 49 -3.0845
-93 49 -3.57116
-92.5 49 -4.12053
-92 49 -4.64054
-91.5 49 -5.10216
-91 49 -5.45351
-90.5 49 -5.63521
-90 49 -5.59582
-89.5 49 -5.424
-89 49 -5.27715
-88.5 49 -5.10242
-88 49 -4.77429
-87.5 49 -4.35126
-87 49 -4.08719
-86.5 49 -3.94489
-86 49 -3.78539
-85.5 49 -3.58646
-85 49 -3.51217
-84.5 49 -3.52433
-84 49 -3.5158
-83.5 49 -3.46964
-83 49 -3.45439
-82.5 49 -3.4178
-82 49 -3.23526
-81.5 49 -2.8565
-81 49 -2.63906
