-119 25 -1.73602e-05
-118.5 25 -2.15363e-05
-118 25 -3.70418e-05
-117.5 25 -1.14704e-05
-117 25 -1.01621e-05
-116.5 25 4.97012e-06
-116 25 3.66349e-06
-115.5 25 2.95062e-05
-115 25 3.64625e-05
-114.5 25 5.92501e-05
-114 25 6.24269e-05
-113.5 25 8.12894e-05
-113 25 7.76394e-05
-112.5 25 9.51665e-05
-112 25 8.99805e-05
-111.5 25 0.000110935
-111 25 0.000104446
-110.5 25 0.000120439
-110 25 0.000111557
-109.5 25 0.000127516
-109 25 0.000117081
-108.5 25 0.000124126
-108 25 0.000111549
-107.5 25 0.000120753
-107 25 0.000106529
-106.5 25 0.000103207
-106 25 8.79087e-05
-105.5 25 9.64036e-05
-105 25 8.78891e-05
-104.5 25 9.43762e-05
-104 25 8.56951e-05
-103.5 25 0.000113502
-103 25 0.00010296
-102.5 25 0.00012668
-102 25 0.000125807
-101.5 25 0.000151964
-101 25 0.000200436
-100.5 25 0.000241171
-100 25 0.000257524
-99.5 25 0.00020587
-99 25 7.76851e-05
-98.5 25 -1.6826e-05
-98 25 -0.000108514
-97.5 25 -1.6871e-05
-97 25 7.63816e-05
-96.5 25 0.000176704
-96 25 0.000239342
-95.5 25 0.000210704
-95 25 0.000166685
-94.5 25 0.000134652
-94 25 9.95534e-05
-93.5 25 0.000111356
-93 25 0.000100746
-92.5 25 0.000107101
-92 25 9.80295e-05
-91.5 25 0.000110027
-91 25 0.000117199
-90.5 25 0.000130267
-90 25 0.000129443
-89.5 25 0.000117464
-89 25 8.61163e-05
-88.5 25 6.71455e-05
-88 25 4.11188e-05
-87.5 25 5.48703e-05
-87 25 5.51723e-05
-86.5 25 6.52981e-05
-86 25 6.26592e-05
-85.5 25 6.15894e-05
-85 25 5.55868e-05
-84.5 25 5.29348e-05
-84 25 4.12555e-05
-83.5 25 3.4249e-05
-83 25 4.34999e-06
-82.5 25 -1.62789e-05
-82 25 -4.16258e-05
-81.5 25 -2.23848e-05
-81 25 -1.44488e-05
-119 25.5 -1.37878e-05
-118.5 25.5 -4.05053e-05
-118 25.5 -5.57395e-05
-117.5 25.5 -3.53802e-05
-117 25.5 -1.00927e-05
-116.5 25.5 -1.08997e-05
-116 25.5 -3.42756e-06
-115.5 25.5 1.41822e-05
-115 25.5 4.36491e-05
-114.5 25.5 4.97334e-05
-114 25.5 7.67469e-05
-113.5 25.5 7.10929e-05
-113 25.5 8.96166e-05
-112.5 25.5 8.2369e-05
-112 25.5 0.000101062
-111.5 25.5 9.65986e-05
-111 25.5 0.000116794
-110.5 25.5 0.000107493
-110 25.5 0.000123482
-109.5 25.5 0.00011564
-109 25.5 0.000128009
-108.5 25.5 0.000114522
-108 25.5 0.000119262
-107.5 25.5 0.00011096
-107 25.5 0.000111113
-106.5 25.5 9.19948e-05
-106 25.5 8.13321e-05
-105.5 25.5 8.19558e-05
-105 25.5 9.20387e-05
-104.5 25.5 7.86806e-05
-104 25.5 8.91838e-05
-103.5 25.5 8.65321e-05
-103 25.5 0.000111356
-102.5 25.5 9.82187e-05
-102 25.5 0.00010718
-101.5 25.5 0.000154164
-101 25.5 0.000220691
-100.5 25.5 0.000294483
-100 25.5 0.000390545
-99.5 25.5 0.000228837
-99 25.5 8.76614e-05
-98.5 25.5 -0.000105724
-98 25.5 -0.000287448
-97.5 25.5 -0.000105819
-97 25.5 6.20909e-05
-96.5 25.5 0.000206793
-96 25.5 0.000355217
-95.5 25.5 0.000259571
-95 25.5 0.000196613
-94.5 25.5 0.000126163
-94 25.5 8.29518e-05
-93.5 25.5 8.58899e-05
-93 25.5 0.000100933
-92.5 25.5 9.06132e-05
-92 25.5 8.96802e-05
-91.5 25.5 0.000102384
-91 25.5 0.000124544
-90.5 25.5 0.000138105
-90 25.5 0.000162738
-89.5 25.5 0.000121308
-89 25.5 9.4085e-05
-88.5 25.5 4.92732e-05
-88 25.5 1.75269e-05
-87.5 25.5 3.34021e-05
-87 25.5 5.45759e-05
-86.5 25.5 5.98204e-05
-86 25.5 6.93719e-05
-85.5 25.5 6.22548e-05
-85 25.5 6.24254e-05
-84.5 25.5 5.40403e-05
-84 25.5 5.62815e-05
-83.5 25.5 2.78364e-05
-83 25.5 5.10746e-06
-82.5 25.5 -3.83342e-05
-82 25.5 -7.87257e-05
-81.5 25.5 -4.45287e-05
-81 25.5 -2.04626e-05
-119 26 -1.99068e-05
-118.5 26 -4.13477e-05
-118 26 -0.000142573
-117.5 26 -3.79252e-05
-117 26 -1.66779e-05
-116.5 26 -5.52494e-06
-116 26 -4.98921e-05
-115.5 26 2.09927e-05
-115 26 3.81273e-05
-114.5 26 6.57644e-05
-114 26 8.37377e-05
-113.5 26 8.71599e-05
-113 26 8.06779e-05
-112.5 26 9.72257e-05
-112 26 8.67802e-05
-111.5 26 0.00011308
-111 26 0.000107856
-110.5 26 0.000126071
-110 26 0.000112927
-109.5 26 0.000134302
-109 26 0.000124589
-108.5 26 0.000133011
-108 26 0.000106061
-107.5 26 0.000124926
-107 26 0.000111783
-106.5 26 9.92134e-05
-106 26 3.95711e-05
-105.5 26 8.72569e-05
-105 26 8.41848e-05
-104.5 26 8.58628e-05
-104 26 5.58291e-05
-103.5 26 9.43514e-05
-103 26 8.81115e-05
-102.5 26 9.32564e-05
-102 26 2.40847e-05
-101.5 26 0.00015451
-101 26 0.000241652
-100.5 26 0.000383757
-100 26 0.000733704
-99.5 26 0.000315978
-99 26 7.03776e-05
-98.5 26 -0.000191531
-98 26 -0.000863946
-97.5 26 -0.000199064
-97 26 5.5072e-05
-96.5 26 0.000277945
-96 26 0.000694594
-95.5 26 0.000339661
-95 26 0.000205855
-94.5 26 0.000125611
-94 26 -1.66611e-05
-93.5 26 7.71992e-05
-93 26 8.67064e-05
-92.5 26 9.01367e-05
-92 26 4.67041e-05
-91.5 26 0.00010519
-91 26 0.000127251
-90.5 26 0.000163163
-90 26 0.000239573
-89.5 26 0.000146495
-89 26 8.86854e-05
-88.5 26 4.2091e-05
-88 26 -7.81804e-05
-87.5 26 2.39154e-05
-87 26 4.84768e-05
-86.5 26 6.86158e-05
-86 26 7.95368e-05
-85.5 26 7.43276e-05
-85 26 6.44378e-05
-84.5 26 7.03311e-05
-84 26 7.9248e-05
-83.5 26 4.27311e-05
-83 26 -2.82194e-07
-82.5 26 -4.8941e-05
-82 26 -0.000205232
-81.5 26 -5.73516e-05
-81 26 -1.77846e-05
-119 26.5 1.3211e-05
-118.5 26.5 -1.54734e-05
-118 26.5 -2.87322e-05
-117.5 26.5 -1.12366e-05
-117 26.5 1.83862e-05
-116.5 26.5 1.77157e-05
-116 26.5 2.52787e-05
-115.5 26.5 3.49244e-05
-115 26.5 6.15069e-05
-114.5 26.5 5.6595e-05
-114 26.5 7.83782e-05
-113.5 26.5 7.15998e-05
-113 26.5 9.75435e-05
-112.5 26.5 9.10892e-05
-112 26.5 0.00011304
-111.5 26.5 0.000106566
-111 26.5 0.000130558
-110.5 26.5 0.000120811
-110 26.5 0.000142029
-109.5 26.5 0.00013232
-109 26.5 0.000149788
-108.5 26.5 0.000137327
-108 26.5 0.000146495
-107.5 26.5 0.000135056
-107 26.5 0.000136157
-106.5 26.5 0.000117291
-106 26.5 0.000106517
-105.5 26.5 9.95998e-05
-105 26.5 0.000109352
-104.5 26.5 8.32396e-05
-104 26.5 8.55892e-05
-103.5 26.5 8.20103e-05
-103 26.5 0.00011589
-102.5 26.5 0.00010442
-102 26.5 0.000115076
-101.5 26.5 0.000161718
-101 26.5 0.000230383
-100.5 26.5 0.000300724
-100 26.5 0.000410611
-99.5 26.5 0.000254107
-99 26.5 0.000123754
-98.5 26.5 -4.7683e-05
-98 26.5 -0.000225188
-97.5 26.5 -5.55691e-05
-97 26.5 0.000101821
-96.5 26.5 0.000221248
-96 26.5 0.000359189
-95.5 26.5 0.000259333
-95 26.5 0.000194406
-94.5 26.5 0.000126577
-94 26.5 8.44908e-05
-93.5 26.5 9.03978e-05
-93 26.5 0.000111523
-92.5 26.5 0.000104245
-92 26.5 0.000105705
-91.5 26.5 0.000115384
-91 26.5 0.000134048
-90.5 26.5 0.000143258
-90 26.5 0.000168628
-89.5 26.5 0.000126648
-89 26.5 0.0001017
-88.5 26.5 5.89894e-05
-88 26.5 2.90254e-05
-87.5 26.5 4.42346e-05
-87 26.5 6.65352e-05
-86.5 26.5 7.16126e-05
-86 26.5 8.41908e-05
-85.5 26.5 7.32177e-05
-85 26.5 7.46018e-05
-84.5 26.5 6.04621e-05
-84 26.5 6.62622e-05
-83.5 26.5 3.93221e-05
-83 26.5 2.87259e-05
-82.5 26.5 -8.22505e-06
-82 26.5 -4.16745e-05
-81.5 26.5 -1.12929e-05
-81 26.5 1.2499e-05
-119 27 2.51372e-05
-118.5 27 2.85175e-05
-118 27 1.60248e-05
-117.5 27 3.86294e-05
-117 27 4.25319e-05
-116.5 27 6.09546e-05
-116 27 6.16646e-05
-115.5 27 7.57209e-05
-115 27 6.26978e-05
-114.5 27 6.93086e-05
-114 27 5.80908e-05
-113.5 27 8.46315e-05
-113 27 8.67378e-05
-112.5 27 0.000111979
-112 27 0.000112535
-111.5 27 0.000133216
-111 27 0.000127043
-110.5 27 0.000150054
-110 27 0.000145743
-109.5 27 0.000163615
-109 27 0.000155427
-108.5 27 0.000173528
-108 27 0.000166475
-107.5 27 0.000170431
-107 27 0.000155762
-106.5 27 0.000155155
-106 27 0.000139925
-105.5 27 0.000139547
-105 27 0.000108974
-104.5 27 9.72539e-05
-104 27 7.11947e-05
-103.5 27 0.000105519
-103 27 0.000107257
-102.5 27 0.000130483
-102 27 0.000136674
-101.5 27 0.000170755
-101 27 0.000207331
-100.5 27 0.000269351
-100 27 0.000287676
-99.5 27 0.000247771
-99 27 0.000167666
-98.5 27 0.000101712
-98 27 4.44732e-05
-97.5 27 9.45309e-05
-97 27 0.000136998
-96.5 27 0.00019496
-96 27 0.000222167
-95.5 27 0.000202997
-95 27 0.000163768
-94.5 27 0.000139316
-94 27 0.000107927
-93.5 27 0.000122246
-93 27 0.000120301
-92.5 27 0.000132534
-92 27 0.00013012
-91.5 27 0.000136639
-91 27 0.000134304
-90.5 27 0.0001436
-90 27 0.000137757
-89.5 27 0.000127391
-89 27 0.000101082
-88.5 27 8.79182e-05
-88 27 6.75635e-05
-87.5 27 7.71794e-05
-87 27 7.79025e-05
-86.5 27 9.00533e-05
-86 27 8.84784e-05
-85.5 27 8.79768e-05
-85 27 7.14543e-05
-84.5 27 7.04761e-05
-84 27 5.36308e-05
-83.5 27 5.98824e-05
-83 27 4.67609e-05
-82.5 27 4.85577e-05
-82 27 3.60569e-05
-81.5 27 4.71331e-05
-81 27 4.56534e-05
-119 27.5 5.96704e-05
-118.5 27.5 4.94784e-05
-118 27.5 7.05768e-05
-117.5 27.5 6.20649e-05
-117 27.5 8.10042e-05
-116.5 27.5 8.65403e-05
-116 27.5 0.000120086
-115.5 27.5 8.94975e-05
-115 27.5 8.52334e-05
-114.5 27.5 5.49021e-05
-114 27.5 4.88379e-05
-113.5 27.5 6.2082e-05
-113 27.5 9.87731e-05
-112.5 27.5 0.000103946
-112 27.5 0.000141277
-111.5 27.5 0.000127608
-111 27.5 0.000151877
-110.5 27.5 0.000146675
-110 27.5 0.000181792
-109.5 27.5 0.000164706
-109 27.5 0.000186087
-108.5 27.5 0.000183301
-108 27.5 0.000214395
-107.5 27.5 0.000187719
-107 27.5 0.000187794
-106.5 27.5 0.000176871
-106 27.5 0.00019105
-105.5 27.5 0.000149386
-105 27.5 0.000128143
-104.5 27.5 7.97174e-05
-104 27.5 5.74345e-05
-103.5 27.5 7.89558e-05
-103 27.5 0.000119876
-102.5 27.5 0.000128193
-102 27.5 0.000164361
-101.5 27.5 0.000168167
-101 27.5 0.000211274
-100.5 27.5 0.000224325
-100 27.5 0.00024764
-99.5 27.5 0.000230423
-99 27.5 0.000226955
-98.5 27.5 0.000216599
-98 27.5 0.000273321
-97.5 27.5 0.00020346
-97 27.5 0.000185564
-96.5 27.5 0.000162589
-96 27.5 0.000134786
-95.5 27.5 0.000144318
-95 27.5 0.00015254
-94.5 27.5 0.000129691
-94 27.5 0.000130549
-93.5 27.5 0.000124653
-93 27.5 0.000142002
-92.5 27.5 0.000144273
-92 27.5 0.000168152
-91.5 27.5 0.00014682
-91 27.5 0.000146767
-90.5 27.5 0.000133101
-90 27.5 0.000128452
-89.5 27.5 0.000114848
-89 27.5 0.000114283
-88.5 27.5 9.75312e-05
-88 27.5 0.000107037
-87.5 27.5 9.05156e-05
-87 27.5 9.84068e-05
-86.5 27.5 9.63272e-05
-86 27.5 0.000110839
-85.5 27.5 8.80918e-05
-85 27.5 8.56557e-05
-84.5 27.5 6.01029e-05
-84 27.5 5.34853e-05
-83.5 27.5 5.61878e-05
-83 27.5 7.85188e-05
-82.5 27.5 8.40506e-05
-82 27.5 0.000117988
-81.5 27.5 8.97394e-05
-81 27.5 7.97937e-05
-119 28 6.69506e-05
-118.5 28 8.775e-05
-118 28 0.000119929
-117.5 28 0.000103544
-117 28 9.89709e-05
-116.5 28 0.000132878
-116 28 0.00020447
-115.5 28 0.000132371
-115 28 8.66388e-05
-114.5 28 6.34879e-05
-114 28 -2.37127e-05
-113.5 28 6.71816e-05
-113 28 8.78185e-05
-112.5 28 0.000126809
-112 28 0.000166236
-111.5 28 0.000153895
-111 28 0.000144238
-110.5 28 0.000176004
-110 28 0.000211262
-109.5 28 0.000197182
-109 28 0.000187811
-108.5 28 0.000222924
-108 28 0.000277885
-107.5 28 0.00022753
-107 28 0.000203431
-106.5 28 0.00021877
-106 28 0.000265373
-105.5 28 0.000187932
-105 28 0.00012748
-104.5 28 8.3407e-05
-104 28 -4.30033e-05
-103.5 28 7.98347e-05
-103 28 0.000110575
-102.5 28 0.000149998
-102 28 0.000181297
-101.5 28 0.000190948
-101 28 0.000193686
-100.5 28 0.000218565
-100 28 0.000196263
-99.5 28 0.00024043
-99 28 0.000258488
-98.5 28 0.000337099
-98 28 0.000607386
-97.5 28 0.000318046
-97 28 0.000213905
-96.5 28 0.000146105
-96 28 -2.2079e-05
-95.5 28 0.0001165
-95 28 0.00013098
-94.5 28 0.000139628
-94 28 0.000127341
-93.5 28 0.000142005
-93 28 0.000144476
-92.5 28 0.000172803
-92 28 0.000223547
-91.5 28 0.000174443
-91 28 0.000147495
-90.5 28 0.000137697
-90 28 0.000102903
-89.5 28 0.000121341
-89 28 0.000110216
-88.5 28 0.000120179
-88 28 0.000147582
-87.5 28 0.000116148
-87 28 0.000103023
-86.5 28 0.00011749
-86 28 0.000141328
-85.5 28 0.000112715
-85 28 8.18374e-05
-84.5 28 6.94805e-05
-84 28 1.10044e-05
-83.5 28 7.23809e-05
-83 28 8.90798e-05
-82.5 28 0.000137209
-82 28 0.000243356
-81.5 28 0.000141895
-81 28 0.000105622
-119 28.5 9.09435e-05
-118.5 28.5 8.39596e-05
-118 28.5 0.000112852
-117.5 28.5 9.82723e-05
-117 28.5 0.00011738
-116.5 28.5 0.000118549
-116 28.5 0.000156386
-115.5 28.5 0.000117294
-115 28.5 0.000112822
-114.5 28.5 7.35179e-05
-114 28.5 6.21747e-05
-113.5 28.5 7.11798e-05
-113 28.5 0.000112722
-112.5 28.5 0.000112087
-112 28.5 0.000144848
-111.5 28.5 0.000129986
-111 28.5 0.000159029
-110.5 28.5 0.00015343
-110 28.5 0.000191126
-109.5 28.5 0.00017513
-109 28.5 0.00020118
-108.5 28.5 0.000202536
-108 28.5 0.000241581
-107.5 28.5 0.000213254
-107 28.5 0.000214366
-106.5 28.5 0.000204043
-106 28.5 0.000225485
-105.5 28.5 0.000175309
-105 28.5 0.000156872
-104.5 28.5 9.90183e-05
-104 28.5 7.31248e-05
-103.5 28.5 9.1101e-05
-103 28.5 0.000141842
-102.5 28.5 0.000147788
-102 28.5 0.00018179
-101.5 28.5 0.000177665
-101 28.5 0.000208133
-100.5 28.5 0.000202335
-100 28.5 0.000220273
-99.5 28.5 0.000229083
-99 28.5 0.000261067
-98.5 28.5 0.000300504
-98 28.5 0.000386858
-97.5 28.5 0.000290656
-97 28.5 0.000225681
-96.5 28.5 0.00016832
-96 28.5 0.000123035
-95.5 28.5 0.000134562
-95 28.5 0.000157956
-94.5 28.5 0.000132578
-94 28.5 0.000136554
-93.5 28.5 0.000129477
-93 28.5 0.000158691
-92.5 28.5 0.000161866
-92 28.5 0.000190164
-91.5 28.5 0.000163937
-91 28.5 0.000156687
-90.5 28.5 0.000135804
-90 28.5 0.000129556
-89.5 28.5 0.000114936
-89 28.5 0.000121669
-88.5 28.5 0.000101965
-88 28.5 0.000115261
-87.5 28.5 9.63969e-05
-87 28.5 0.000111512
-86.5 28.5 0.000105547
-86 28.5 0.000126487
-85.5 28.5 0.000100455
-85 28.5 0.000103378
-84.5 28.5 7.1374e-05
-84 28.5 6.81098e-05
-83.5 28.5 7.3915e-05
-83 28.5 0.000108568
-82.5 28.5 0.000122665
-82 28.5 0.000166765
-81.5 28.5 0.000132113
-81 28.5 0.000112546
-119 29 8.55384e-05
-118.5 29 0.000103939
-118 29 9.83978e-05
-117.5 29 0.000117395
-117 29 0.000110879
-116.5 29 0.000135619
-116 29 0.00012803
-115.5 29 0.000139274
-115 29 0.000110431
-114.5 29 0.00010563
-114 29 7.99912e-05
-113.5 29 0.00010804
-113 29 0.000102369
-112.5 29 0.000119491
-112 29 0.000113247
-111.5 29 0.000139045
-111 29 0.000134139
-110.5 29 0.000161663
-110 29 0.000159373
-109.5 29 0.000185743
-109 29 0.000184599
-108.5 29 0.000218358
-108 29 0.000219241
-107.5 29 0.000225046
-107 29 0.000208662
-106.5 29 0.000221886
-106 29 0.000205362
-105.5 29 0.000202749
-105 29 0.000155607
-104.5 29 0.000136582
-104 29 9.70477e-05
-103.5 29 0.000136217
-103 29 0.000139946
-102.5 29 0.000167683
-102 29 0.000167705
-101.5 29 0.000196949
-101 29 0.000193599
-100.5 29 0.00021328
-100 29 0.000209254
-99.5 29 0.000227892
-99 29 0.000248049
-98.5 29 0.000291179
-98 29 0.000313291
-97.5 29 0.000276661
-97 29 0.000234505
-96.5 29 0.000210905
-96 29 0.000177944
-95.5 29 0.000186255
-95 29 0.000152612
-94.5 29 0.000143145
-94 29 0.000109189
-93.5 29 0.000141064
-93 29 0.000145695
-92.5 29 0.000172922
-92 29 0.000171329
-91.5 29 0.000173358
-91 29 0.000154753
-90.5 29 0.000151967
-90 29 0.000131196
-89.5 29 0.000133415
-89 29 0.00010417
-88.5 29 0.000100631
-88 29 7.45864e-05
-87.5 29 9.88742e-05
-87 29 9.50255e-05
-86.5 29 0.00011796
-86 29 0.000107238
-85.5 29 0.000122911
-85 29 9.65257e-05
-84.5 29 9.65677e-05
-84 29 7.07101e-05
-83.5 29 9.78622e-05
-83 29 0.000102937
-82.5 29 0.000132638
-82 29 0.000136501
-81.5 29 0.000130657
-81 29 0.000118009
-119 29.5 0.000107329
-118.5 29.5 9.31944e-05
-118 29.5 0.00011816
-117.5 29.5 0.000106554
-117 29.5 0.000131962
-116.5 29.5 0.000122281
-116 29.5 0.000139013
-115.5 29.5 0.000126569
-115 29.5 0.00013201
-114.5 29.5 0.000105549
-114 29.5 0.00010615
-113.5 29.5 0.00010107
-113 29.5 0.000114826
-112.5 29.5 9.74526e-05
-112 29.5 0.000104113
-111.5 29.5 0.000108293
-111 29.5 0.000141435
-110.5 29.5 0.000132607
-110 29.5 0.000163552
-109.5 29.5 0.000160101
-109 29.5 0.000199711
-108.5 29.5 0.000201616
-108 29.5 0.000239594
-107.5 29.5 0.000214981
-107 29.5 0.000229427
-106.5 29.5 0.000210458
-106 29.5 0.000228104
-105.5 29.5 0.000190359
-105 29.5 0.000181756
-104.5 29.5 0.000132576
-104 29.5 0.000117241
-103.5 29.5 0.000127502
-103 29.5 0.000160614
-102.5 29.5 0.000155827
-102 29.5 0.00017503
-101.5 29.5 0.000178205
-101 29.5 0.000204881
-100.5 29.5 0.000196304
-100 29.5 0.000211715
-99.5 29.5 0.000216466
-99 29.5 0.000254788
-98.5 29.5 0.000270991
-98 29.5 0.000302119
-97.5 29.5 0.00026856
-97 29.5 0.000256849
-96.5 29.5 0.000233576
-96 29.5 0.000246255
-95.5 29.5 0.000196247
-95 29.5 0.000176181
-94.5 29.5 0.000116666
-94 29.5 8.46533e-05
-93.5 29.5 0.000109489
-93 29.5 0.000153466
-92.5 29.5 0.00016023
-92 29.5 0.000179505
-91.5 29.5 0.000166125
-91 29.5 0.000168717
-90.5 29.5 0.000148349
-90 29.5 0.000151147
-89.5 29.5 0.000118874
-89 29.5 0.000112189
-88.5 29.5 6.52079e-05
-88 29.5 4.42136e-05
-87.5 29.5 6.13713e-05
-87 29.5 0.000101708
-86.5 29.5 9.84605e-05
-86 29.5 0.000118859
-85.5 29.5 0.000106317
-85 29.5 0.000115749
-84.5 29.5 8.55713e-05
-84 29.5 7.94894e-05
-83.5 29.5 8.73894e-05
-83 29.5 0.000118658
-82.5 29.5 0.000120386
-82 29.5 0.000136053
-81.5 29.5 0.000126673
-81 29.5 0.000124375
-119 30 9.75339e-05
-118.5 30 0.000115582
-118 30 0.000108197
-117.5 30 0.000130158
-117 30 0.000125917
-116.5 30 0.000147166
-116 30 0.0001202
-115.5 30 0.000150829
-115 30 0.000135519
-114.5 30 0.000134767
-114 30 9.47165e-05
-113.5 30 0.000124019
-113 30 0.000111059
-112.5 30 0.000105849
-112 30 4.48268e-05
-111.5 30 0.000114452
-111 30 0.000118408
-110.5 30 0.000143919
-110 30 0.00012894
-109.5 30 0.000174038
-109 30 0.000181232
-108.5 30 0.000225856
-108 30 0.000254792
-107.5 30 0.000246044
-107 30 0.000221402
-106.5 30 0.000241238
-106 30 0.000239078
-105.5 30 0.000223845
-105 30 0.000180588
-104.5 30 0.000161429
-104 30 6.26982e-05
-103.5 30 0.000154721
-103 30 0.000161086
-102.5 30 0.000178518
-102 30 0.000149384
-101.5 30 0.000196056
-101 30 0.000195411
-100.5 30 0.000207688
-100 30 0.000179386
-99.5 30 0.000228324
-99 30 0.000244168
-98.5 30 0.000279694
-98 30 0.000312047
-97.5 30 0.000282572
-97 30 0.000260499
-96.5 30 0.000275004
-96 30 0.000330413
-95.5 30 0.000239861
-95 30 0.000168859
-94.5 30 0.000119698
-94 30 -4.81146e-05
-93.5 30 0.000111097
-93 30 0.000145652
-92.5 30 0.000181199
-92 30 0.000180124
-91.5 30 0.000189384
-91 30 0.000169201
-90.5 30 0.000171193
-90 30 0.000160097
-89.5 30 0.000141953
-89 30 9.44287e-05
-88.5 30 6.26987e-05
-88 30 -7.94884e-05
-87.5 30 6.19166e-05
-87 30 8.59911e-05
-86.5 30 0.000120811
-86 30 0.00010299
-85.5 30 0.0001329
-85 30 0.000113364
-84.5 30 0.00010691
-84 30 2.78848e-05
-83.5 30 0.000107473
-83 30 0.000116829
-82.5 30 0.000137855
-82 30 0.000130909
-81.5 30 0.000137383
-81 30 0.000131223
-119 30.5 0.000124131
-118.5 30.5 0.000103443
-118 30.5 0.000126662
-117.5 30.5 0.000122016
-117 30.5 0.000154858
-116.5 30.5 0.000157624
-116 30.5 0.000180753
-115.5 30.5 0.000168636
-115 30.5 0.00016775
-114.5 30.5 0.000149116
-114 30.5 0.000152851
-113.5 30.5 0.000135951
-113 30.5 0.0001413
-112.5 30.5 0.000110595
-112 30.5 0.000109389
-111.5 30.5 0.000106677
-111 30.5 0.000146865
-110.5 30.5 0.000126412
-110 30.5 0.00015156
-109.5 30.5 0.000150429
-109 30.5 0.000200289
-108.5 30.5 0.000203943
-108 30.5 0.000251463
-107.5 30.5 0.00022473
-107 30.5 0.000245322
-106.5 30.5 0.000217908
-106 30.5 0.000243487
-105.5 30.5 0.000210685
-105 30.5 0.000222586
-104.5 30.5 0.000185734
-104 30.5 0.000182385
-103.5 30.5 0.000180227
-103 30.5 0.000205882
-102.5 30.5 0.000187054
-102 30.5 0.000199933
-101.5 30.5 0.000195825
-101 30.5 0.000223149
-100.5 30.5 0.000208409
-100 30.5 0.000220089
-99.5 30.5 0.000223831
-99 30.5 0.000256741
-98.5 30.5 0.000259107
-98 30.5 0.000283388
-97.5 30.5 0.000261572
-97 30.5 0.00026891
-96.5 30.5 0.000252753
-96 30.5 0.000276466
-95.5 30.5 0.00022033
-95 30.5 0.0002073
-94.5 30.5 0.000145448
-94 30.5 0.000117413
-93.5 30.5 0.000140192
-93 30.5 0.000185486
-92.5 30.5 0.000191509
-92 30.5 0.000216336
-91.5 30.5 0.000193121
-91 30.5 0.000191985
-90.5 30.5 0.000157859
-90 30.5 0.000163275
-89.5 30.5 0.000124432
-89 30.5 0.000132193
-88.5 30.5 7.43041e-05
-88 30.5 5.56714e-05
-87.5 30.5 7.38372e-05
-87 30.5 0.000129323
-86.5 30.5 0.000128074
-86 30.5 0.000155677
-85.5 30.5 0.000142872
-85 30.5 0.000151026
-84.5 30.5 0.000129727
-84 30.5 0.000129235
-83.5 30.5 0.00013046
-83 30.5 0.000146008
-82.5 30.5 0.000139119
-82 30.5 0.000150078
-81.5 30.5 0.000141964
-81 30.5 0.000138982
-119 31 0.000108325
-118.5 31 0.000119822
-118 31 0.000109195
-117.5 31 0.000140929
-117 31 0.000162383
-116.5 31 0.000204272
-116 31 0.00022393
-115.5 31 0.000211715
-115 31 0.000192485
-114.5 31 0.000196702
-114 31 0.000186546
-113.5 31 0.000182558
-113 31 0.000149659
-112.5 31 0.000143791
-112 31 0.000116636
-111.5 31 0.000146011
-111 31 0.000127295
-110.5 31 0.000141601
-110 31 0.000123484
-109.5 31 0.000169107
-109 31 0.000177648
-108.5 31 0.000228673
-108 31 0.000229892
-107.5 31 0.000255548
-107 31 0.000227007
-106.5 31 0.000247452
-106 31 0.000219611
-105.5 31 0.000248304
-105 31 0.000232005
-104.5 31 0.000252359
-104 31 0.000235271
-103.5 31 0.000249302
-103 31 0.000224093
-102.5 31 0.000231665
-102 31 0.000210771
-101.5 31 0.000235198
-101 31 0.000222547
-100.5 31 0.000235104
-100 31 0.00022262
-99.5 31 0.000248761
-99 31 0.000245241
-98.5 31 0.000263733
-98 31 0.00025343
-97.5 31 0.000266214
-97 31 0.000250508
-96.5 31 0.000258605
-96 31 0.000236924
-95.5 31 0.000242565
-95 31 0.000207694
-94.5 31 0.000204175
-94 31 0.000174436
-93.5 31 0.00020276
-93 31 0.000207547
-92.5 31 0.000241947
-92 31 0.000238938
-91.5 31 0.000234615
-91 31 0.000190705
-90.5 31 0.000182173
-90 31 0.000138123
-89.5 31 0.000160121
-89 31 0.000121883
-88.5 31 0.000119954
-88 31 8.14524e-05
-87.5 31 0.000128593
-87 31 0.000138072
-86.5 31 0.000177009
-86 31 0.000178565
-85.5 31 0.000185927
-85 31 0.000175753
-84.5 31 0.000188178
-84 31 0.000181978
-83.5 31 0.000178005
-83 31 0.00016202
-82.5 31 0.000169098
-82 31 0.000160254
-81.5 31 0.000156692
-81 31 0.000146899
-119 31.5 0.000125385
-118.5 31.5 0.000101977
-118 31.5 0.000105845
-117.5 31.5 0.000133159
-117 31.5 0.000189864
-116.5 31.5 0.000234874
-116 31.5 0.000314881
-115.5 31.5 0.00025175
-115 31.5 0.000239421
-114.5 31.5 0.000222509
-114 31.5 0.000261553
-113.5 31.5 0.000199044
-113 31.5 0.00018275
-112.5 31.5 0.000142296
-112 31.5 0.000142656
-111.5 31.5 0.000127571
-111 31.5 0.000143526
-110.5 31.5 0.000109786
-110 31.5 0.000114882
-109.5 31.5 0.000132449
-109 31.5 0.00019702
-108.5 31.5 0.000204806
-108 31.5 0.00027082
-107.5 31.5 0.000233344
-107 31.5 0.000258144
-106.5 31.5 0.000221156
-106 31.5 0.000232299
-105.5 31.5 0.00023269
-105 31.5 0.000277169
-104.5 31.5 0.000274562
-104 31.5 0.000325744
-103.5 31.5 0.000274004
-103 31.5 0.000273317
-102.5 31.5 0.000236708
-102 31.5 0.00024112
-101.5 31.5 0.000229618
-101 31.5 0.000248637
-100.5 31.5 0.00022891
-100 31.5 0.000239617
-99.5 31.5 0.000236158
-99 31.5 0.000258213
-98.5 31.5 0.000241645
-98 31.5 0.000245948
-97.5 31.5 0.000241336
-97 31.5 0.000259478
-96.5 31.5 0.000233154
-96 31.5 0.00022966
-95.5 31.5 0.000221027
-95 31.5 0.000241956
-94.5 31.5 0.000218531
-94 31.5 0.00024496
-93.5 31.5 0.000224295
-93 31.5 0.000256602
-92.5 31.5 0.00026101
-92 31.5 0.000313125
-91.5 31.5 0.000243975
-91 31.5 0.000224263
-90.5 31.5 0.000161002
-90 31.5 0.000139841
-89.5 31.5 0.000129804
-89 31.5 0.000149203
-88.5 31.5 0.000112069
-88 31.5 0.00011197
-87.5 31.5 0.000127505
-87 31.5 0.00017699
-86.5 31.5 0.000191235
-86 31.5 0.00023797
-85.5 31.5 0.000210083
-85 31.5 0.000221395
-84.5 31.5 0.000223527
-84 31.5 0.000265068
-83.5 31.5 0.000210385
-83 31.5 0.000198114
-82.5 31.5 0.00017863
-82 31.5 0.000188677
-81.5 31.5 0.0001643
-81 31.5 0.000155678
-119 32 0.000112418
-118.5 32 0.000106523
-118 32 3.8669e-05
-117.5 32 0.000141967
-117 32 0.000195774
-116.5 32 0.000285675
-116 32 0.000501962
-115.5 32 0.000309838
-115 32 0.000249641
-114.5 32 0.000269969
-114 32 0.000375844
-113.5 32 0.000242311
-113 32 0.000181398
-112.5 32 0.000168581
-112 32 0.000122671
-111.5 32 0.000152714
-111 32 0.000127037
-110.5 32 0.000118275
-110 32 2.15619e-05
-109.5 32 0.000146113
-109 32 0.000169721
-108.5 32 0.000240904
-108 32 0.00030423
-107.5 32 0.000277831
-107 32 0.000238848
-106.5 32 0.000252013
-106 32 0.000168774
-105.5 32 0.000274164
-105 32 0.000283765
-104.5 32 0.000346904
-104 32 0.000442305
-103.5 32 0.000346964
-103 32 0.000286568
-102.5 32 0.000279269
-102 32 0.000231062
-101.5 32 0.0002654
-101 32 0.000249125
-100.5 32 0.00025665
-100 32 0.000221806
-99.5 32 0.000261045
-99 32 0.000251246
-98.5 32 0.000256423
-98 32 0.000194595
-97.5 32 0.00025853
-97 32 0.000249235
-96.5 32 0.000249252
-96 32 0.000165741
-95.5 32 0.000246612
-95 32 0.000241738
-94.5 32 0.000270643
-94 32 0.000299737
-93.5 32 0.000280425
-93 32 0.000267625
-92.5 32 0.000320713
-92 32 0.000430387
-91.5 32 0.00030257
-91 32 0.000218791
-90.5 32 0.000184152
-90 32 5.52306e-05
-89.5 32 0.000153516
-89 32 0.000142857
-88.5 32 0.000146741
-88 32 6.88292e-05
-87.5 32 0.000165438
-87 32 0.000187863
-86.5 32 0.000240385
-86 32 0.000322183
-85.5 32 0.000258628
-85 32 0.000240798
-84.5 32 0.000276337
-84 32 0.00040214
-83.5 32 0.000258737
-83 32 0.000204858
-82.5 32 0.000201399
-82 32 0.000227712
-81.5 32 0.000178225
-81 32 0.000157025
-119 32.5 0.00013374
-118.5 32.5 0.000117799
-118 32.5 0.000122036
-117.5 32.5 0.000148259
-117 32.5 0.000194081
-116.5 32.5 0.000236616
-116 32.5 0.000317929
-115.5 32.5 0.000251122
-115 32.5 0.0002397
-114.5 32.5 0.000212275
-114 32.5 0.000248654
-113.5 32.5 0.000192524
-113 32.5 0.00019411
-112.5 32.5 0.000166946
-112 32.5 0.000176935
-111.5 32.5 0.000152984
-111 32.5 0.000164299
-110.5 32.5 0.000120636
-110 32.5 0.000124315
-109.5 32.5 0.000132853
-109 32.5 0.000206667
-108.5 32.5 0.000197445
-108 32.5 0.000267862
-107.5 32.5 0.000234934
-107 32.5 0.000278316
-106.5 32.5 0.000253863
-106 32.5 0.000287338
-105.5 32.5 0.000283094
-105 32.5 0.000329868
-104.5 32.5 0.000321809
-104 32.5 0.00038327
-103.5 32.5 0.000322894
-103 32.5 0.000325542
-102.5 32.5 0.00028127
-102 32.5 0.000286442
-101.5 32.5 0.000266858
-101 32.5 0.000290373
-100.5 32.5 0.000260061
-100 32.5 0.000268917
-99.5 32.5 0.000258138
-99 32.5 0.000290431
-98.5 32.5 0.000259834
-98 32.5 0.000267524
-97.5 32.5 0.000259062
-97 32.5 0.000292254
-96.5 32.5 0.000258456
-96 32.5 0.000262447
-95.5 32.5 0.000250363
-95 32.5 0.00028465
-94.5 32.5 0.000259556
-94 32.5 0.00029333
-93.5 32.5 0.000261083
-93 32.5 0.00029057
-92.5 32.5 0.000282233
-92 32.5 0.000337827
-91.5 32.5 0.00026486
-91 32.5 0.000251183
-90.5 32.5 0.000188199
-90 32.5 0.000175796
-89.5 32.5 0.00016765
-89 32.5 0.000195251
-88.5 32.5 0.000173068
-88 32.5 0.000185205
-87.5 32.5 0.000190443
-87 32.5 0.000219844
-86.5 32.5 0.000229768
-86 32.5 0.000274731
-85.5 32.5 0.000243135
-85 32.5 0.000239444
-84.5 32.5 0.000242133
-84 32.5 0.000281294
-83.5 32.5 0.000223181
-83 32.5 0.00019805
-82.5 32.5 0.000175118
-82 32.5 0.000181886
-81.5 32.5 0.000159133
-81 32.5 0.000150078
-119 33 0.000132939
-118.5 33 0.000146975
-118 33 0.000150142
-117.5 33 0.000168265
-117 33 0.000176715
-116.5 33 0.000211976
-116 33 0.000219382
-115.5 33 0.000221386
-115 33 0.000183422
-114.5 33 0.000179029
-114 33 0.000148782
-113.5 33 0.00017257
-113 33 0.000169857
-112.5 33 0.000197631
-112 33 0.000191828
-111.5 33 0.000201101
-111 33 0.000163456
-110.5 33 0.000164417
-110 33 0.000130077
-109.5 33 0.000183798
-109 33 0.000169807
-108.5 33 0.00021588
-108 33 0.000197714
-107.5 33 0.000260174
-107 33 0.000261965
-106.5 33 0.000327973
-106 33 0.000323989
-105.5 33 0.000358888
-105 33 0.000328765
-104.5 33 0.000364763
-104 33 0.000338028
-103.5 33 0.000360121
-103 33 0.000319879
-102.5 33 0.000331132
-102 33 0.000297816
-101.5 33 0.000323963
-101 33 0.000293173
-100.5 33 0.000302929
-100 33 0.000272172
-99.5 33 0.000312274
-99 33 0.000290486
-98.5 33 0.000312405
-98 33 0.000279808
-97.5 33 0.000322795
-97 33 0.000300352
-96.5 33 0.000323286
-96 33 0.000287998
-95.5 33 0.000316578
-95 33 0.000282237
-94.5 33 0.000298016
-94 33 0.000264263
-93.5 33 0.000288304
-93 33 0.000267268
-92.5 33 0.000294935
-92 33 0.00027321
-91.5 33 0.000279568
-91 33 0.000238973
-90.5 33 0.000243298
-90 33 0.000209735
-89.5 33 0.000229447
-89 33 0.000218741
-88.5 33 0.000246987
-88 33 0.000242567
-87.5 33 0.000247384
-87 33 0.000235432
-86.5 33 0.000256737
-86 33 0.000254385
-85.5 33 0.000243118
-85 33 0.000225254
-84.5 33 0.000229257
-84 33 0.000220332
-83.5 33 0.000199169
-83 33 0.000170673
-82.5 33 0.000162427
-82 33 0.000146742
-81.5 33 0.00014422
-81 33 0.000136831
-119 33.5 0.000150932
-118.5 33.5 0.000154449
-118 33.5 0.000204923
-117.5 33.5 0.000169797
-117 33.5 0.000180319
-116.5 33.5 0.000166776
-116 33.5 0.000172434
-115.5 33.5 0.000160207
-115 33.5 0.000161952
-114.5 33.5 0.000107443
-114 33.5 6.41962e-05
-113.5 33.5 0.000111555
-113 33.5 0.000174114
-112.5 33.5 0.000192952
-112 33.5 0.000257429
-111.5 33.5 0.000204065
-111 33.5 0.000201367
-110.5 33.5 0.000154716
-110 33.5 0.000165366
-109.5 33.5 0.000151673
-109 33.5 0.000197969
-108.5 33.5 0.000157218
-108 33.5 0.000180184
-107.5 33.5 0.000206678
-107 33.5 0.000308024
-106.5 33.5 0.000329936
-106 33.5 0.000441923
-105.5 33.5 0.000367468
-105 33.5 0.000390843
-104.5 33.5 0.000338019
-104 33.5 0.000353956
-103.5 33.5 0.000328116
-103 33.5 0.000364188
-102.5 33.5 0.000321406
-102 33.5 0.000339162
-101.5 33.5 0.000310502
-101 33.5 0.000338379
-100.5 33.5 0.000288562
-100 33.5 0.000298256
-99.5 33.5 0.000289246
-99 33.5 0.000339419
-98.5 33.5 0.000299568
-98 33.5 0.000323871
-97.5 33.5 0.000308199
-97 33.5 0.000354659
-96.5 33.5 0.000322667
-96 33.5 0.000354721
-95.5 33.5 0.000309605
-95 33.5 0.000326555
-94.5 33.5 0.000272781
-94 33.5 0.000272952
-93.5 33.5 0.000254507
-93 33.5 0.00028637
-92.5 33.5 0.000253326
-92 33.5 0.000259129
-91.5 33.5 0.000241979
-91 33.5 0.000268833
-90.5 33.5 0.000242769
-90 33.5 0.000274557
-89.5 33.5 0.000243723
-89 33.5 0.000274525
-88.5 33.5 0.000279102
-88 33.5 0.000343699
-87.5 33.5 0.000279407
-87 33.5 0.000276063
-86.5 33.5 0.000256055
-86 33.5 0.000271872
-85.5 33.5 0.000233651
-85 33.5 0.000225213
-84.5 33.5 0.000200847
-84 33.5 0.000185605
-83.5 33.5 0.000165142
-83 33.5 0.000157789
-82.5 33.5 0.000130953
-82 33.5 0.000119351
-81.5 33.5 0.000117964
-81 33.5 0.00012341
-119 34 0.000137596
-118.5 34 0.000178274
-118 34 0.000287097
-117.5 34 0.000191921
-117 34 0.000158934
-116.5 34 0.000156335
-116 34 7.60105e-05
-115.5 34 0.000147599
-115 34 0.000122568
-114.5 34 7.69945e-05
-114 34 -0.000157471
-113.5 34 9.0353e-05
-113 34 0.000153512
-112.5 34 0.000234217
-112 34 0.000355914
-111.5 34 0.000253738
-111 34 0.0001964
-110.5 34 0.000190509
-110 34 0.000126055
-109.5 34 0.000191686
-109 34 0.000162507
-108.5 34 0.00017119
-108 34 3.46262e-05
-107.5 34 0.000234125
-107 34 0.000283085
-106.5 34 0.000414551
-106 34 0.000587612
-105.5 34 0.000466959
-105 34 0.000380808
-104.5 34 0.000392092
-104 34 0.000285795
-103.5 34 0.000389753
-103 34 0.000354124
-102.5 34 0.000383992
-102 34 0.000325587
-101.5 34 0.00038534
-101 34 0.00033729
-100.5 34 0.000347891
-100 34 0.000242748
-99.5 34 0.000355869
-99 34 0.000333675
-98.5 34 0.00036813
-98 34 0.000294734
-97.5 34 0.000378214
-97 34 0.000357352
-96.5 34 0.000399714
-96 34 0.000383902
-95.5 34 0.000383293
-95 34 0.000323493
-94.5 34 0.000317006
-94 34 0.000201992
-93.5 34 0.000290148
-93 34 0.000268306
-92.5 34 0.000274535
-92 34 0.000180486
-91.5 34 0.00026529
-91 34 0.000256279
-90.5 34 0.000290066
-90 34 0.00032334
-89.5 34 0.000297138
-89 34 0.000284985
-88.5 34 0.000346499
-88 34 0.000498424
-87.5 34 0.000343136
-87 34 0.000281545
-86.5 34 0.000282597
-86 34 0.00029233
-85.5 34 0.000248126
-85 34 0.000212536
-84.5 34 0.000191045
-84 34 0.000126817
-83.5 34 0.000152342
-83 34 0.000131104
-82.5 34 0.000115452
-82 34 6.42468e-05
-81.5 34 9.99241e-05
-81 34 0.000106509
-119 34.5 0.000131657
-118.5 34.5 0.000129416
-118 34.5 0.000175693
-117.5 34.5 0.000144573
-117 34.5 0.000159765
-116.5 34.5 0.000147457
-116 34.5 0.000154076
-115.5 34.5 0.000149297
-115 34.5 0.000155767
-114.5 34.5 0.000106602
-114 34.5 6.69572e-05
-113.5 34.5 0.000113377
-113 34.5 0.000185504
-112.5 34.5 0.000195396
-112 34.5 0.000264252
-111.5 34.5 0.000212409
-111 34.5 0.000224639
-110.5 34.5 0.000187241
-110 34.5 0.000209224
-109.5 34.5 0.000182619
-109 34.5 0.000222743
-108.5 34.5 0.00016436
-108 34.5 0.000189228
-107.5 34.5 0.000214816
-107 34.5 0.000335404
-106.5 34.5 0.000354931
-106 34.5 0.000492824
-105.5 34.5 0.000408832
-105 34.5 0.000442931
-104.5 34.5 0.000374953
-104 34.5 0.000416827
-103.5 34.5 0.000376801
-103 34.5 0.000445274
-102.5 34.5 0.000367766
-102 34.5 0.000411451
-101.5 34.5 0.000359944
-101 34.5 0.000444577
-100.5 34.5 0.000343133
-100 34.5 0.000361541
-99.5 34.5 0.000337107
-99 34.5 0.000443914
-98.5 34.5 0.000377592
-98 34.5 0.000405145
-97.5 34.5 0.000374026
-97 34.5 0.000439108
-96.5 34.5 0.000396936
-96 34.5 0.000439272
-95.5 34.5 0.000374114
-95 34.5 0.00038681
-94.5 34.5 0.000316788
-94 34.5 0.000317574
-93.5 34.5 0.000288297
-93 34.5 0.000317823
-92.5 34.5 0.000270186
-92 34.5 0.000273179
-91.5 34.5 0.000255557
-91 34.5 0.000289121
-90.5 34.5 0.000265838
-90 34.5 0.000303375
-89.5 34.5 0.00027062
-89 34.5 0.000296459
-88.5 34.5 0.000303223
-88 34.5 0.000371521
-87.5 34.5 0.000302125
-87 34.5 0.000282561
-86.5 34.5 0.000254553
-86 34.5 0.000264206
-85.5 34.5 0.000227445
-85 34.5 0.00021089
-84.5 34.5 0.000180794
-84 34.5 0.000159067
-83.5 34.5 0.000138393
-83 34.5 0.00013345
-82.5 34.5 9.37407e-05
-82 34.5 7.43566e-05
-81.5 34.5 7.88459e-05
-81 34.5 9.90631e-05
-119 35 8.94761e-05
-118.5 35 9.39266e-05
-118 35 8.72406e-05
-117.5 35 0.000117739
-117 35 0.000135686
-116.5 35 0.000173942
-116 35 0.000184631
-115.5 35 0.000194899
-115 35 0.000173302
-114.5 35 0.000176147
-114 35 0.000153466
-113.5 35 0.000187148
-113 35 0.000173758
-112.5 35 0.000204367
-112 35 0.000187735
-111.5 35 0.000219616
-111 35 0.000208257
-110.5 35 0.00023874
-110 35 0.000221567
-109.5 35 0.000251109
-109 35 0.00020716
-108.5 35 0.000229981
-108 35 0.000192074
-107.5 35 0.000283607
-107 35 0.000292579
-106.5 35 0.000399041
-106 35 0.000394561
-105.5 35 0.000461644
-105 35 0.000409513
-104.5 35 0.000478243
-104 35 0.00041825
-103.5 35 0.000509294
-103 35 0.00041899
-102.5 35 0.000471136
-102 35 0.000360015
-101.5 35 0.000507586
-101 35 0.000414023
-100.5 35 0.000451089
-100 35 0.000321521
-99.5 35 0.000475679
-99 35 0.000435262
-98.5 35 0.0004837
-98 35 0.000405408
-97.5 35 0.000479063
-97 35 0.000443099
-96.5 35 0.00049341
-96 35 0.000443515
-95.5 35 0.000460913
-95 35 0.000391898
-94.5 35 0.000402905
-94 35 0.000342907
-93.5 35 0.0003663
-93 35 0.000319564
-92.5 35 0.000332219
-92 35 0.0002877
-91.5 35 0.000308729
-91 35 0.000274676
-90.5 35 0.000292323
-90 35 0.000265438
-89.5 35 0.000281792
-89 35 0.000269719
-88.5 35 0.000303757
-88 35 0.000299032
-87.5 35 0.000290258
-87 35 0.000257954
-86.5 35 0.00026009
-86 35 0.000237753
-85.5 35 0.000228388
-85 35 0.000201121
-84.5 35 0.000190129
-84 35 0.000161363
-83.5 35 0.00015364
-83 35 0.000109283
-82.5 35 8.35604e-05
-82 35 4.32577e-05
-81.5 35 7.16229e-05
-81 35 8.08954e-05
-119 35.5 6.96025e-05
-118.5 35.5 3.1704e-05
-118 35.5 7.85401e-06
-117.5 35.5 6.15663e-05
-117 35.5 0.000133961
-116.5 35.5 0.000176676
-116 35.5 0.000254938
-115.5 35.5 0.000212706
-115 35.5 0.000219726
-114.5 35.5 0.000207619
-114 35.5 0.000270114
-113.5 35.5 0.000203851
-113 35.5 0.000207963
-112.5 35.5 0.00016045
-112 35.5 0.000152939
-111.5 35.5 0.000174833
-111 35.5 0.000233118
-110.5 35.5 0.00023562
-110 35.5 0.000294254
-109.5 35.5 0.000241158
-109 35.5 0.00026297
-108.5 35.5 0.000204014
-108 35.5 0.000248955
-107.5 35.5 0.000239257
-107 35.5 0.00034715
-106.5 35.5 0.000331283
-106 35.5 0.000425816
-105.5 35.5 0.00039145
-105 35.5 0.00049584
-104.5 35.5 0.000440504
-104 35.5 0.000546778
-103.5 35.5 0.000458266
-103 35.5 0.000540342
-102.5 35.5 0.000393745
-102 35.5 0.000423263
-101.5 35.5 0.000412704
-101 35.5 0.000529304
-100.5 35.5 0.000379726
-100 35.5 0.000320314
-99.5 35.5 0.000400596
-99 35.5 0.000534162
-98.5 35.5 0.000456478
-98 35.5 0.000456416
-97.5 35.5 0.000448251
-97 35.5 0.0005347
-96.5 35.5 0.000481792
-96 35.5 0.000534042
-95.5 35.5 0.000445449
-95 35.5 0.000466
-94.5 35.5 0.000396799
-94 35.5 0.000422908
-93.5 35.5 0.000357332
-93 35.5 0.000373433
-92.5 35.5 0.000323366
-92 35.5 0.000344777
-91.5 35.5 0.000292246
-91 35.5 0.000305799
-90.5 35.5 0.000259779
-90 35.5 0.000266251
-89.5 35.5 0.000246026
-89 35.5 0.000278489
-88.5 35.5 0.000261767
-88 35.5 0.00027896
-87.5 35.5 0.000251528
-87 35.5 0.000260246
-86.5 35.5 0.000234462
-86 35.5 0.000236752
-85.5 35.5 0.000209247
-85 35.5 0.000204061
-84.5 35.5 0.000180934
-84 35.5 0.000180229
-83.5 35.5 0.000134631
-83 35.5 0.000106845
-82.5 35.5 4.41606e-05
-82 35.5 -4.95827e-06
-81.5 35.5 3.26836e-05
-81 35.5 6.43352e-05
-119 36 3.34885e-05
-118.5 36 -6.45371e-06
-118 36 -0.000177888
-117.5 36 2.96419e-05
-117 36 0.00010913
-116.5 36 0.000206065
-116 36 0.000382618
-115.5 36 0.000258477
-115 36 0.000221265
-114.5 36 0.000268906
-114 36 0.000421573
-113.5 36 0.000266011
-113 36 0.00019146
-112.5 36 0.000167403
-112 36 1.10933e-05
-111.5 36 0.000185256
-111 36 0.000221432
-110.5 36 0.000286734
-110 36 0.000362881
-109.5 36 0.000306091
-109 36 0.000240901
-108.5 36 0.000253061
-108 36 0.000194233
-107.5 36 0.000299521
-107 36 0.000296598
-106.5 36 0.000385486
-106 36 0.000344657
-105.5 36 0.000479526
-105 36 0.000442882
-104.5 36 0.000562723
-104 36 0.000557719
-103.5 36 0.000631641
-103 36 0.000495022
-102.5 36 0.000537977
-102 36 0.000187898
-101.5 36 0.000580636
-101 36 0.000520487
-100.5 36 0.000528705
-100 36 -4.71015e-05
-99.5 36 0.000553287
-99 36 0.000567144
-98.5 36 0.000598166
-98 36 0.000333421
-97.5 36 0.000570248
-97 36 0.000537896
-96.5 36 0.00059426
-96 36 0.000575878
-95.5 36 0.000540689
-95 36 0.000454515
-94.5 36 0.000474001
-94 36 0.000456514
-93.5 36 0.000428112
-93 36 0.000364147
-92.5 36 0.000378843
-92 36 0.000366527
-91.5 36 0.000342871
-91 36 0.000286514
-90.5 36 0.000282511
-90 36 0.000205163
-89.5 36 0.000264224
-89 36 0.000250535
-88.5 36 0.000268244
-88 36 0.00022832
-87.5 36 0.000256813
-87 36 0.000235205
-86.5 36 0.000241395
-86 36 0.000219838
-85.5 36 0.000215914
-85 36 0.000191269
-84.5 36 0.000193591
-84 36 0.000202246
-83.5 36 0.000148579
-83 36 8.415e-05
-82.5 36 2.81227e-05
-82 36 -0.000149686
-81.5 36 1.18334e-05
-81 36 5.21578e-05
-119 36.5 5.40819e-05
-118.5 36.5 -8.03495e-06
-118 36.5 -4.50112e-05
-117.5 36.5 1.81499e-05
-117 36.5 0.000117197
-116.5 36.5 0.000167137
-116 36.5 0.000254481
-115.5 36.5 0.00020835
-115 36.5 0.000220649
-114.5 36.5 0.000209956
-114 36.5 0.000280595
-113.5 36.5 0.000212673
-113 36.5 0.000217437
-112.5 36.5 0.000175172
-112 36.5 0.000173975
-111.5 36.5 0.000200226
-111 36.5 0.000255387
-110.5 36.5 0.00026461
-110 36.5 0.00033486
-109.5 36.5 0.000270145
-109 36.5 0.000290696
-108.5 36.5 0.000215987
-108 36.5 0.000264997
-107.5 36.5 0.000250042
-107 36.5 0.00037268
-106.5 36.5 0.000341598
-106 36.5 0.000461268
-105.5 36.5 0.000420167
-105 36.5 0.000567861
-104.5 36.5 0.00048905
-104 36.5 0.000671963
-103.5 36.5 0.000556314
-103 36.5 0.000727988
-102.5 36.5 0.000535624
-102 36.5 0.0006396
-101.5 36.5 0.000622856
-101 36.5 0.000842033
-100.5 36.5 0.000711926
-100 36.5 0.000729863
-99.5 36.5 0.000738427
-99 36.5 0.000847143
-98.5 36.5 0.00069035
-98 36.5 0.000671732
-97.5 36.5 0.000612984
-97 36.5 0.000700418
-96.5 36.5 0.000587534
-96 36.5 0.000609169
-95.5 36.5 0.000501712
-95 36.5 0.000524899
-94.5 36.5 0.000447845
-94 36.5 0.000475798
-93.5 36.5 0.000398755
-93 36.5 0.000410258
-92.5 36.5 0.000352612
-92 36.5 0.000376611
-91.5 36.5 0.000314571
-91 36.5 0.000322836
-90.5 36.5 0.000264879
-90 36.5 0.000266658
-89.5 36.5 0.000244786
-89 36.5 0.000274619
-88.5 36.5 0.000245199
-88 36.5 0.000255298
-87.5 36.5 0.000231894
-87 36.5 0.000245836
-86.5 36.5 0.000216899
-86 36.5 0.000220397
-85.5 36.5 0.000192409
-85 36.5 0.000195273
-84.5 36.5 0.000167389
-84 36.5 0.000173459
-83.5 36.5 0.000122557
-83 36.5 0.000107155
-82.5 36.5 3.80815e-05
-82 36.5 -9.67975e-06
-81.5 36.5 2.68269e-05
-81 36.5 6.8269e-05
-119 37 3.06481e-05
-118.5 37 6.90787e-06
-118 37 -4.44592e-05
-117.5 37 4.19526e-05
-117 37 8.55021e-05
-116.5 37 0.000152185
-116 37 0.00017236
-115.5 37 0.000191456
-115 37 0.000169852
-114.5 37 0.000188623
-114 37 0.000173633
-113.5 37 0.000202827
-113 37 0.000197899
-112.5 37 0.000235237
-112 37 0.000234471
-111.5 37 0.000261275
-111 37 0.000259776
-110.5 37 0.000305471
-110 37 0.000299564
-109.5 37 0.000315864
-109 37 0.000249228
-108.5 37 0.000260496
-108 37 0.000204591
-107.5 37 0.000315771
-107 37 0.000319417
-106.5 37 0.000434162
-106 37 0.000412591
-105.5 37 0.000547901
-105 37 0.000484947
-104.5 37 0.000642131
-104 37 0.00055079
-103.5 37 0.000787069
-103 37 0.000672868
-102.5 37 0.000829503
-102 37 0.000684095
-101.5 37 0.000971904
-101 37 0.000963497
-100.5 37 0.00117709
-100 37 0.00110045
-99.5 37 0.00118773
-99 37 0.000999678
-98.5 37 0.000974198
-98 37 0.000769194
-97.5 37 0.000835569
-97 37 0.000707704
-96.5 37 0.000683705
-96 37 0.000542992
-95.5 37 0.000563923
-95 37 0.000486106
-94.5 37 0.000500409
-94 37 0.00043128
-93.5 37 0.000444523
-93 37 0.000384004
-92.5 37 0.000393967
-92 37 0.000340829
-91.5 37 0.000353143
-91 37 0.000300082
-90.5 37 0.000302327
-90 37 0.00025462
-89.5 37 0.000280876
-89 37 0.0002536
-88.5 37 0.000267596
-88 37 0.000236005
-87.5 37 0.000251677
-87 37 0.000222307
-86.5 37 0.000226458
-86 37 0.000193756
-85.5 37 0.000201736
-85 37 0.00017184
-84.5 37 0.000171184
-84 37 0.000134001
-83.5 37 0.000140849
-83 37 9.33297e-05
-82.5 37 7.27025e-05
-82 37 2.75346e-05
-81.5 37 6.54627e-05
-81 37 7.73814e-05
-119 37.5 4.7147e-05
-118.5 37.5 -2.26427e-05
-118 37.5 -6.78586e-05
-117.5 37.5 2.2453e-06
-117 37.5 8.42043e-05
-116.5 37.5 0.000106791
-116 37.5 0.000139684
-115.5 37.5 0.000137837
-115 37.5 0.000161287
-114.5 37.5 0.000119991
-114 37.5 0.000102283
-113.5 37.5 0.000143121
-113 37.5 0.000218943
-112.5 37.5 0.000246112
-112 37.5 0.000343138
-111.5 37.5 0.000282948
-111 37.5 0.000306651
-110.5 37.5 0.000292604
-110 37.5 0.000349174
-109.5 37.5 0.000279548
-109 37.5 0.000290016
-108.5 37.5 0.00019744
-108 37.5 0.000201953
-107.5 37.5 0.000238613
-107 37.5 0.000383002
-106.5 37.5 0.000377301
-106 37.5 0.000524432
-105.5 37.5 0.000461463
-105 37.5 0.000629719
-104.5 37.5 0.000512861
-104 37.5 0.000701054
-103.5 37.5 0.000660976
-103 37.5 0.000908519
-102.5 37.5 0.000794006
-102 37.5 0.000922128
-101.5 37.5 0.00100576
-101 37.5 0.00133018
-99 37.5 0.00132433
-98.5 37.5 0.00107968
-98 37.5 0.000949122
-97.5 37.5 0.000868969
-97 37.5 0.000839186
-96.5 37.5 0.000648217
-96 37.5 0.00053973
-95.5 37.5 0.00049719
-95 37.5 0.000530585
-94.5 37.5 0.00045964
-94 37.5 0.00045973
-93.5 37.5 0.000406854
-93 37.5 0.000422472
-92.5 37.5 0.000362169
-92 37.5 0.000364456
-91.5 37.5 0.00031947
-91 37.5 0.000330156
-90.5 37.5 0.000277262
-90 37.5 0.000277728
-89.5 37.5 0.000253765
-89 37.5 0.000274346
-88.5 37.5 0.000242331
-88 37.5 0.000249757
-87.5 37.5 0.000223594
-87 37.5 0.000233529
-86.5 37.5 0.000197046
-86 37.5 0.000193498
-85.5 37.5 0.000171429
-85 37.5 0.000177729
-84.5 37.5 0.000138796
-84 37.5 0.000122958
-83.5 37.5 0.000108784
-83 37.5 0.000110987
-82.5 37.5 6.79473e-05
-82 37.5 5.24663e-05
-81.5 37.5 6.97081e-05
-81 37.5 8.9917e-05
-119 38 3.49362e-05
-118.5 38 -1.35483e-05
-118 38 -0.000240508
-117.5 38 8.00145e-06
-117 38 6.59574e-05
-116.5 38 0.000112238
-116 38 6.64834e-05
-115.5 38 0.000143349
-115 38 0.000124919
-114.5 38 0.000101273
-114 38 -8.88052e-05
-113.5 38 0.00013328
-113 38 0.000195405
-112.5 38 0.000300092
-112 38 0.000499948
-111.5 38 0.000346072
-111 38 0.000297219
-110.5 38 0.000334104
-110 38 0.000383545
-109.5 38 0.000330496
-109 38 0.000249593
-108.5 38 0.000221605
-108 38 2.90819e-06
-107.5 38 0.00027804
-107 38 0.000333542
-106.5 38 0.000461357
-106 38 0.000505345
-105.5 38 0.000604065
-105 38 0.000519711
-104.5 38 0.000665974
-104 38 0.000515162
-103.5 38 0.000867082
-103 38 0.000880182
-102.5 38 0.00107057
-97.5 38 0.00107697
-97 38 0.000895915
-96.5 38 0.000734359
-96 38 0.00032832
-95.5 38 0.000532865
-95 38 0.000503539
-94.5 38 0.000502605
-94 38 0.00040268
-93.5 38 0.000447813
-93 38 0.000398209
-92.5 38 0.000396449
-92 38 0.000323413
-91.5 38 0.000353608
-91 38 0.000309756
-90.5 38 0.000306999
-90 38 0.000239431
-89.5 38 0.000281913
-89 38 0.0002563
-88.5 38 0.000263783
-88 38 0.000224009
-87.5 38 0.000244405
-87 38 0.000212203
-86.5 38 0.000209108
-86 38 0.000149278
-85.5 38 0.000184521
-85 38 0.00015778
-84.5 38 0.000147616
-84 38 5.44689e-05
-83.5 38 0.0001227
-83 38 0.000102387
-82.5 38 9.48193e-05
-82 38 2.45994e-05
-81.5 38 9.13068e-05
-81 38 0.000102982
-119 38.5 9.33082e-05
-118.5 38.5 3.28686e-05
-118 38.5 -2.71905e-08
-117.5 38.5 4.98315e-05
-117 38.5 0.000119181
-116.5 38.5 0.000119089
-116 38.5 0.000145171
-115.5 38.5 0.000139062
-115 38.5 0.000163636
-114.5 38.5 0.000109748
-114 38.5 8.35362e-05
-113.5 38.5 0.000129704
-113 38.5 0.000220727
-112.5 38.5 0.000247947
-112 38.5 0.000349649
-111.5 38.5 0.000287388
-111 38.5 0.000308456
-110.5 38.5 0.000290288
-110 38.5 0.000351979
-109.5 38.5 0.000287791
-109 38.5 0.000308192
-108.5 38.5 0.000221118
-108 38.5 0.000228328
-107.5 38.5 0.000270604
-107 38.5 0.000418401
-106.5 38.5 0.000418423
-106 38.5 0.000587833
-105.5 38.5 0.000513174
-105 38.5 0.000703134
-104.5 38.5 0.000568985
-104 38.5 0.000793047
-103.5 38.5 0.000836977
-103 38.5 0.0011513
-97 38.5 0.00108383
-96.5 38.5 0.000782149
-96 38.5 0.000598442
-95.5 38.5 0.000542476
-95 38.5 0.000584581
-94.5 38.5 0.000511593
-94 38.5 0.000505308
-93.5 38.5 0.000445445
-93 38.5 0.000445479
-92.5 38.5 0.000383057
-92 38.5 0.000385984
-91.5 38.5 0.000339703
-91 38.5 0.000347645
-90.5 38.5 0.000297049
-90 38.5 0.00030197
-89.5 38.5 0.000271575
-89 38.5 0.000286216
-88.5 38.5 0.000249716
-88 38.5 0.000259845
-87.5 38.5 0.000227465
-87 38.5 0.00023753
-86.5 38.5 0.000193775
-86 38.5 0.000193212
-85.5 38.5 0.000171417
-85 38.5 0.00018635
-84.5 38.5 0.000149088
-84 38.5 0.000140705
-83.5 38.5 0.000128613
-83 38.5 0.000140246
-82.5 38.5 0.000111215
-82 38.5 0.000107638
-81.5 38.5 0.000114308
-81 38.5 0.000124006
-119 39 0.000114603
-118.5 39 0.000122833
-118 39 0.000102267
-117.5 39 0.000142165
-117 39 0.000141572
-116.5 39 0.000176265
-116 39 0.000164893
-115.5 39 0.000195359
-115 39 0.000162156
-114.5 39 0.000160047
-114 39 0.000120416
-113.5 39 0.000180008
-113 39 0.000186455
-112.5 39 0.000235362
-112 39 0.000234112
-111.5 39 0.000269165
-111 39 0.000262391
-110.5 39 0.000305447
-110 39 0.000293879
-109.5 39 0.000327354
-109 39 0.00028307
-108.5 39 0.000299695
-108 39 0.000264196
-107.5 39 0.000363219
-107 39 0.000395414
-106.5 39 0.000508599
-106 39 0.00052293
-105.5 39 0.000649532
-105 39 0.0005888
-104.5 39 0.00073238
-104 39 0.000726881
-103.5 39 0.00100416
-96.5 39 0.000931627
-96 39 0.000648366
-95.5 39 0.000629719
-95 39 0.000574474
-94.5 39 0.000575331
-94 39 0.000525171
-93.5 39 0.000501765
-93 39 0.000439427
-92.5 39 0.000432648
-92 39 0.000385067
-91.5 39 0.000382446
-91 39 0.000337768
-90.5 39 0.000341922
-90 39 0.000305535
-89.5 39 0.000311352
-89 39 0.000276659
-88.5 39 0.00028361
-88 39 0.000251359
-87.5 39 0.000259837
-87 39 0.000221707
-86.5 39 0.000220957
-86 39 0.000183907
-85.5 39 0.000201786
-85 39 0.000182238
-84.5 39 0.000191177
-84 39 0.000168235
-83.5 39 0.000173123
-83 39 0.000152134
-82.5 39 0.000161427
-82 39 0.000148773
-81.5 39 0.000152374
-81 39 0.000143506
-119 39.5 0.000174412
-118.5 39.5 0.000170646
-118 39.5 0.000235759
-117.5 39.5 0.000187443
-117 39.5 0.000202538
-116.5 39.5 0.000191476
-116 39.5 0.000231551
-115.5 39.5 0.000198045
-115 39.5 0.000201347
-114.5 39.5 0.000163023
-114 39.5 0.000171924
-113.5 39.5 0.000165984
-113 39.5 0.000200397
-112.5 39.5 0.000172165
-112 39.5 0.000167399
-111.5 39.5 0.000200854
-111 39.5 0.000266121
-110.5 39.5 0.000262233
-110 39.5 0.000306469
-109.5 39.5 0.000288391
-109 39.5 0.000328048
-108.5 39.5 0.000290726
-108 39.5 0.000342512
-107.5 39.5 0.000352429
-107 39.5 0.00046041
-106.5 39.5 0.000475321
-106 39.5 0.000622965
-105.5 39.5 0.000563779
-105 39.5 0.000710496
-104.5 39.5 0.000626718
-104 39.5 0.000794117
-103.5 39.5 0.00100707
-96.5 39.5 0.000990483
-96 39.5 0.00066196
-95.5 39.5 0.000603577
-95 39.5 0.000615461
-94.5 39.5 0.000576893
-94 39.5 0.000607581
-93.5 39.5 0.000503747
-93 39.5 0.000482841
-92.5 39.5 0.000424503
-92 39.5 0.00043726
-91.5 39.5 0.00037174
-91 39.5 0.000373745
-90.5 39.5 0.000334272
-90 39.5 0.000355096
-89.5 39.5 0.000303042
-89 39.5 0.000307053
-88.5 39.5 0.000271372
-88 39.5 0.000284552
-87.5 39.5 0.000243301
-87 39.5 0.000245582
-86.5 39.5 0.000203334
-86 39.5 0.000200023
-85.5 39.5 0.000187977
-85 39.5 0.000209369
-84.5 39.5 0.000198301
-84 39.5 0.00022437
-83.5 39.5 0.000185863
-83 39.5 0.000191578
-82.5 39.5 0.000179326
-82 39.5 0.000212371
-81.5 39.5 0.000174469
-81 39.5 0.000164242
-119 40 0.000187367
-118.5 40 0.000243518
-118 40 0.000398412
-117.5 40 0.000261742
-117 40 0.000218175
-116.5 40 0.000242826
-116 40 0.000292604
-115.5 40 0.00024369
-115 40 0.000205029
-114.5 40 0.000203595
-114 40 0.000167659
-113.5 40 0.000201507
-113 40 0.000178792
-112.5 40 0.000163607
-112 40 -8.4488e-06
-111.5 40 0.00019317
-111 40 0.000231242
-110.5 40 0.000280729
-110 40 0.000267097
-109.5 40 0.00032144
-109 40 0.000309919
-108.5 40 0.00034534
-108 40 0.000337753
-107.5 40 0.00041336
-107 40 0.000444315
-106.5 40 0.000541468
-106 40 0.000641399
-105.5 40 0.00066314
-105 40 0.000617489
-104.5 40 0.000682563
-104 40 0.000527352
-103.5 40 0.00111823
-96.5 40 0.00102904
-96 40 0.000396899
-95.5 40 0.000606145
-95 40 0.000594912
-94.5 40 0.000614837
-94 40 0.000716658
-93.5 40 0.000551026
-93 40 0.00046622
-92.5 40 0.000456701
-92 40 0.000469536
-91.5 40 0.000407432
-91 40 0.000357517
-90.5 40 0.000367502
-90 40 0.000388798
-89.5 40 0.000338864
-89 40 0.000294389
-88.5 40 0.000299508
-88 40 0.000292977
-87.5 40 0.000272919
-87 40 0.000231689
-86.5 40 0.000224564
-86 40 0.000167909
-85.5 40 0.000211619
-85 40 0.000207619
-84.5 40 0.000234646
-84 40 0.000286576
-83.5 40 0.000227296
-83 40 0.000195921
-82.5 40 0.000219419
-82 40 0.000302701
-81.5 40 0.000206232
-81 40 0.000173398
-119 40.5 0.000206207
-118.5 40.5 0.00022879
-118 40.5 0.000307216
-117.5 40.5 0.000249444
-117 40.5 0.000235027
-116.5 40.5 0.000231618
-116 40.5 0.000277337
-115.5 40.5 0.000239642
-115 40.5 0.000229197
-114.5 40.5 0.000209885
-114 40.5 0.000229516
-113.5 40.5 0.00020851
-113 40.5 0.000215059
-112.5 40.5 0.000171438
-112 40.5 0.000156634
-111.5 40.5 0.000195476
-111 40.5 0.000264872
-110.5 40.5 0.000263096
-110 40.5 0.000312079
-109.5 40.5 0.000303155
-109 40.5 0.000351634
-108.5 40.5 0.000338792
-108 40.5 0.000399438
-107.5 40.5 0.000405006
-107 40.5 0.000483937
-106.5 40.5 0.000501297
-106 40.5 0.000635004
-105.5 40.5 0.000588647
-105 40.5 0.000696274
-104.5 40.5 0.000643903
-104 40.5 0.000780503
-103.5 40.5 0.00103986
-96.5 40.5 0.000988753
-96 40.5 0.000664812
-95.5 40.5 0.000614404
-95 40.5 0.000622514
-94.5 40.5 0.000577964
-94 40.5 0.000604061
-93.5 40.5 0.00050161
-93 40.5 0.000473465
-92.5 40.5 0.00041886
-92 40.5 0.000432657
-91.5 40.5 0.000372182
-91 40.5 0.000370559
-90.5 40.5 0.000338496
-90 40.5 0.000364243
-89.5 40.5 0.000313251
-89 40.5 0.000311078
-88.5 40.5 0.000278366
-88 40.5 0.000295622
-87.5 40.5 0.000254721
-87 40.5 0.000254962
-86.5 40.5 0.000218228
-86 40.5 0.000221021
-85.5 40.5 0.000209139
-85 40.5 0.000226008
-84.5 40.5 0.000222888
-84 40.5 0.000256559
-83.5 40.5 0.000212508
-83 40.5 0.000207723
-82.5 40.5 0.00019031
-82 40.5 0.000223056
-81.5 40.5 0.000183509
-81 40.5 0.000171826
-119 41 0.000201946
-118.5 41 0.000240045
-118 41 0.00027272
-117.5 41 0.000243613
-117 41 0.00023529
-116.5 41 0.000258378
-116 41 0.000277836
-115.5 41 0.000253563
-115 41 0.000241082
-114.5 41 0.000257735
-114 41 0.000265587
-113.5 41 0.000255023
-113 41 0.000225097
-112.5 41 0.000227955
-112 41 0.000211617
-111.5 41 0.000252464
-111 41 0.000256857
-110.5 41 0.000302065
-110 41 0.000303929
-109.5 41 0.000343669
-109 41 0.000343674
-108.5 41 0.000393372
-108 41 0.000405263
-107.5 41 0.000449762
-107 41 0.000467139
-106.5 41 0.000546638
-106 41 0.000572609
-105.5 41 0.000651134
-105 41 0.000627589
-104.5 41 0.000702433
-104 41 0.000755297
-103.5 41 0.000992452
-96.5 41 0.000966813
-96 41 0.000715067
-95.5 41 0.000659371
-95 41 0.000590094
-94.5 41 0.000564706
-94 41 0.000510864
-93.5 41 0.00048503
-93 41 0.000431371
-92.5 41 0.000418995
-92 41 0.000378872
-91.5 41 0.000372637
-91 41 0.00034125
-90.5 41 0.000349654
-90 41 0.000327738
-89.5 41 0.000322616
-89 41 0.000291941
-88.5 41 0.000298553
-88 41 0.000275807
-87.5 41 0.000274887
-87 41 0.000245275
-86.5 41 0.000251595
-86 41 0.000230934
-85.5 41 0.000236202
-85 41 0.00022427
-84.5 41 0.000243904
-84 41 0.000236915
-83.5 41 0.00022476
-83 41 0.000188291
-82.5 41 0.000187552
-82 41 0.000165135
-81.5 41 0.000169605
-81 41 0.000161118
-119 41.5 0.000209641
-118.5 41.5 0.000233845
-118 41.5 0.000289483
-117.5 41.5 0.000243784
-117 41.5 0.000251898
-116.5 41.5 0.000264788
-116 41.5 0.000328096
-115.5 41.5 0.000267413
-115 41.5 0.00027101
-114.5 41.5 0.000280684
-114 41.5 0.000351976
-113.5 41.5 0.000275651
-113 41.5 0.000266138
-112.5 41.5 0.000243861
-112 41.5 0.00029458
-111.5 41.5 0.000257862
-111 41.5 0.000294314
-110.5 41.5 0.0002887
-110 41.5 0.000349013
-109.5 41.5 0.000330505
-109 41.5 0.00038361
-108.5 41.5 0.000390528
-108 41.5 0.000465767
-107.5 41.5 0.000442789
-107 41.5 0.000505039
-106.5 41.5 0.000512165
-106 41.5 0.000621166
-105.5 41.5 0.000584565
-105 41.5 0.000659118
-104.5 41.5 0.000632064
-104 41.5 0.000751728
-103.5 41.5 0.000866608
-103 41.5 0.00119463
-97 41.5 0.0011302
-96.5 41.5 0.000889621
-96 41.5 0.000722789
-95.5 41.5 0.000630037
-95 41.5 0.000585656
-94.5 41.5 0.000508173
-94 41.5 0.00045342
-93.5 41.5 0.000426063
-93 41.5 0.000424878
-92.5 41.5 0.000376131
-92 41.5 0.000361888
-91.5 41.5 0.00033432
-91 41.5 0.000346973
-90.5 41.5 0.000321606
-90 41.5 0.000334723
-89.5 41.5 0.000298789
-89 41.5 0.000306842
-88.5 41.5 0.000280562
-88 41.5 0.00029654
-87.5 41.5 0.000259235
-87 41.5 0.000269231
-86.5 41.5 0.000246738
-86 41.5 0.000273789
-85.5 41.5 0.000235041
-85 41.5 0.000247126
-84.5 41.5 0.000236007
-84 41.5 0.000261612
-83.5 41.5 0.000209939
-83 41.5 0.000198462
-82.5 41.5 0.000150737
-82 41.5 0.000124373
-81.5 41.5 0.000136955
-81 41.5 0.000150887
-119 42 0.000196936
-118.5 42 0.000236123
-118 42 0.000350634
-117.5 42 0.000251369
-117 42 0.000236593
-116.5 42 0.000277819
-116 42 0.000434389
-115.5 42 0.000288044
-115 42 0.000262909
-114.5 42 0.000312589
-114 42 0.00050353
-113.5 42 0.000317124
-113 42 0.000259069
-112.5 42 0.000281442
-112 42 0.000380242
-111.5 42 0.000302524
-111 42 0.00027711
-110.5 42 0.000320907
-110 42 0.000370036
-109.5 42 0.000369995
-109 42 0.00037017
-108.5 42 0.000433196
-108 42 0.000516621
-107.5 42 0.000489025
-107 42 0.000478681
-106.5 42 0.000545097
-106 42 0.000633255
-105.5 42 0.000611697
-105 42 0.000592615
-104.5 42 0.000632176
-104 42 0.000562803
-103.5 42 0.000834698
-103 42 0.000976774
-102.5 42 0.00111592
-97.5 42 0.00103072
-97 42 0.000956068
-96.5 42 0.000828833
-96 42 0.000617014
-95.5 42 0.000614597
-95 42 0.000548399
-94.5 42 0.000487666
-94 42 0.000324569
-93.5 42 0.000413251
-93 42 0.000389635
-92.5 42 0.000371478
-92 42 0.000295081
-91.5 42 0.000334391
-91 42 0.000319071
-90.5 42 0.000328396
-90 42 0.000319664
-89.5 42 0.000312359
-89 42 0.000286338
-88.5 42 0.000295791
-88 42 0.000299094
-87.5 42 0.000281236
-87 42 0.000253967
-86.5 42 0.000273136
-86 42 0.00031069
-85.5 42 0.000263518
-85 42 0.000237517
-84.5 42 0.000257397
-84 42 0.000289677
-83.5 42 0.000232753
-83 42 0.000177232
-82.5 42 0.00014595
-82 42 2.2054e-05
-81.5 42 0.000123238
-81 42 0.000141198
-119 42.5 0.000180107
-118.5 42.5 0.000193829
-118 42.5 0.000236354
-117.5 42.5 0.000202396
-117 42.5 0.000211615
-116.5 42.5 0.000218498
-116 42.5 0.000274599
-115.5 42.5 0.000228179
-115 42.5 0.000240768
-114.5 42.5 0.00025485
-114 42.5 0.000330599
-113.5 42.5 0.000258724
-113 42.5 0.000257256
-112.5 42.5 0.000236239
-112 42.5 0.000294751
-111.5 42.5 0.000255457
-111 42.5 0.000296486
-110.5 42.5 0.000288635
-110 42.5 0.000353009
-109.5 42.5 0.000340431
-109 42.5 0.000391338
-108.5 42.5 0.000407594
-108 42.5 0.000487454
-107.5 42.5 0.000455294
-107 42.5 0.000494381
-106.5 42.5 0.000481704
-106 42.5 0.000567857
-105.5 42.5 0.000536118
-105 42.5 0.000603117
-104.5 42.5 0.000583616
-104 42.5 0.000656022
-103.5 42.5 0.000732817
-103 42.5 0.000918029
-102.5 42.5 0.000921643
-102 42.5 0.000935002
-101.5 42.5 0.00113578
-101 42.5 0.00138992
-99 42.5 0.00136437
-98.5 42.5 0.0011237
-98 42.5 0.000854854
-97.5 42.5 0.000870921
-97 42.5 0.000880087
-96.5 42.5 0.000761291
-96 42.5 0.00065337
-95.5 42.5 0.000584681
-95 42.5 0.000554208
-94.5 42.5 0.000483785
-94 42.5 0.000429839
-93.5 42.5 0.000408774
-93 42.5 0.000404069
-92.5 42.5 0.00035234
-92 42.5 0.000332408
-91.5 42.5 0.000311733
-91 42.5 0.000327874
-90.5 42.5 0.000303219
-90 42.5 0.000317904
-89.5 42.5 0.000286932
-89 42.5 0.000297275
-88.5 42.5 0.000270154
-88 42.5 0.000288908
-87.5 42.5 0.000254618
-87 42.5 0.000268313
-86.5 42.5 0.000245728
-86 42.5 0.000274987
-85.5 42.5 0.000237917
-85 42.5 0.000247535
-84.5 42.5 0.000234152
-84 42.5 0.000261385
-83.5 42.5 0.000209805
-83 42.5 0.000195331
-82.5 42.5 0.000138478
-82 42.5 0.000106075
-81.5 42.5 0.000124397
-81 42.5 0.00014751
-119 43 0.000147498
-118.5 43 0.000156727
-118 43 0.000148975
-117.5 43 0.000166045
-117 43 0.000154599
-116.5 43 0.00016548
-116 43 0.000151906
-115.5 43 0.000179959
-115 43 0.000181174
-114.5 43 0.000211265
-114 43 0.000207152
-113.5 43 0.000227499
-113 43 0.000203275
-112.5 43 0.00022049
-112 43 0.000199964
-111.5 43 0.000253237
-111 43 0.000255082
-110.5 43 0.000303
-110 43 0.000304083
-109.5 43 0.000352654
-109 43 0.000369062
-108.5 43 0.000430907
-108 43 0.000448708
-107.5 43 0.000471802
-107 43 0.000447903
-106.5 43 0.000476768
-106 43 0.000463268
-105.5 43 0.000529928
-105 43 0.000535474
-104.5 43 0.000591041
-104 43 0.000600598
-103.5 43 0.000745463
-103 43 0.000753305
-102.5 43 0.000797889
-102 43 0.000764875
-101.5 43 0.000979157
-101 43 0.00111632
-100.5 43 0.00126587
-100 43 0.00130677
-99.5 43 0.00126298
-99 43 0.0011055
-98.5 43 0.000944162
-98 43 0.000737913
-97.5 43 0.000786724
-97 43 0.000747237
-96.5 43 0.000698735
-96 43 0.000605928
-95.5 43 0.000578044
-95 43 0.000534273
-94.5 43 0.000508276
-94 43 0.000465784
-93.5 43 0.000440534
-93 43 0.000389912
-92.5 43 0.000361438
-92 43 0.000315888
-91.5 43 0.000322239
-91 43 0.000301532
-90.5 43 0.000309899
-90 43 0.000286147
-89.5 43 0.000297101
-89 43 0.000271895
-88.5 43 0.000278544
-88 43 0.000250961
-87.5 43 0.000264819
-87 43 0.000240887
-86.5 43 0.000249208
-86 43 0.00022625
-85.5 43 0.000237799
-85 43 0.000225405
-84.5 43 0.000242597
-84 43 0.000226195
-83.5 43 0.000222503
-83 43 0.0001785
-82.5 43 0.000160252
-82 43 0.000121237
-81.5 43 0.000142689
-81 43 0.000148598
-119 43.5 0.000128078
-118.5 43.5 0.000103164
-118 43.5 7.90208e-05
-117.5 43.5 0.000101971
-117 43.5 0.000119989
-116.5 43.5 8.81596e-05
-116 43.5 4.29747e-05
-115.5 43.5 0.000101182
-115 43.5 0.000148844
-114.5 43.5 0.000136666
-114 43.5 0.000124098
-113.5 43.5 0.000154049
-113 43.5 0.000190327
-112.5 43.5 0.000156542
-112 43.5 0.000139314
-111.5 43.5 0.000192187
-111 43.5 0.000262735
-110.5 43.5 0.000265634
-110 43.5 0.000298548
-109.5 43.5 0.000322822
-109 43.5 0.000387187
-108.5 43.5 0.000408996
-108 43.5 0.000480393
-107.5 43.5 0.000440061
-107 43.5 0.000455168
-106.5 43.5 0.000409063
-106 43.5 0.00040609
-105.5 43.5 0.00044797
-105 43.5 0.000523268
-104.5 43.5 0.000524026
-104 43.5 0.00059372
-103.5 43.5 0.000621483
-103 43.5 0.000674936
-102.5 43.5 0.000603436
-102 43.5 0.000548807
-101.5 43.5 0.000737221
-101 43.5 0.000899396
-100.5 43.5 0.000913514
-100 43.5 0.000808594
-99.5 43.5 0.000914359
-99 43.5 0.000891709
-98.5 43.5 0.000734612
-98 43.5 0.000533628
-97.5 43.5 0.000619179
-97 43.5 0.000653093
-96.5 43.5 0.000605214
-96 43.5 0.000553709
-95.5 43.5 0.00053285
-95 43.5 0.000527896
-94.5 43.5 0.000510547
-94 43.5 0.000524306
-93.5 43.5 0.00044534
-93 43.5 0.000401357
-92.5 43.5 0.000340458
-92 43.5 0.000316072
-91.5 43.5 0.000294908
-91 43.5 0.000305852
-90.5 43.5 0.000282643
-90 43.5 0.000288794
-89.5 43.5 0.000270484
-89 43.5 0.00027994
-88.5 43.5 0.000250614
-88 43.5 0.000246724
-87.5 43.5 0.000236386
-87 43.5 0.000247206
-86.5 43.5 0.000218333
-86 43.5 0.000205289
-85.5 43.5 0.000209584
-85 43.5 0.000230887
-84.5 43.5 0.000221242
-84 43.5 0.000233968
-83.5 43.5 0.000203031
-83 43.5 0.000191768
-82.5 43.5 0.000154016
-82 43.5 0.000134792
-81.5 43.5 0.000145343
-81 43.5 0.00015228
-119 44 9.79566e-05
-118.5 44 7.34362e-05
-118 44 -6.15364e-05
-117.5 44 6.97555e-05
-117 44 7.81643e-05
-116.5 44 4.77702e-05
-116 44 -0.000181566
-115.5 44 6.42785e-05
-115 44 0.000105703
-114.5 44 0.000109301
-114 44 -5.17308e-05
-113.5 44 0.000133353
-113 44 0.000153018
-112.5 44 0.000147832
-112 44 -4.38634e-05
-111.5 44 0.000188577
-111 44 0.000238077
-110.5 44 0.000280251
-110 44 0.000230582
-109.5 44 0.00033831
-109 44 0.000368744
-108.5 44 0.000431964
-108 44 0.000510307
-107.5 44 0.000459034
-107 44 0.00041764
-106.5 44 0.000397146
-106 44 0.000231112
-105.5 44 0.000427403
-105 44 0.000465213
-104.5 44 0.00051496
-104 44 0.000507719
-103.5 44 0.000582231
-103 44 0.00054957
-102.5 44 0.000486994
-102 44 6.72088e-05
-101.5 44 0.000580624
-101 44 0.000692805
-100.5 44 0.000660591
-100 44 9.35691e-05
-99.5 44 0.000665701
-99 44 0.000701112
-98.5 44 0.000578404
-98 44 9.69994e-05
-97.5 44 0.000498728
-97 44 0.000556083
-96.5 44 0.000547886
-96 44 0.000449927
-95.5 44 0.000505096
-95 44 0.000505728
-94.5 44 0.000522818
-94 44 0.000622021
-93.5 44 0.000465755
-93 44 0.000386294
-92.5 44 0.000338629
-92 44 0.000273061
-91.5 44 0.000293029
-91 44 0.000281938
-90.5 44 0.000286421
-90 44 0.000257475
-89.5 44 0.000277401
-89 44 0.000261299
-88.5 44 0.000257644
-88 44 0.000195136
-87.5 44 0.00024306
-87 44 0.000231697
-86.5 44 0.000219684
-86 44 0.000130097
-85.5 44 0.000210138
-85 44 0.000216189
-84.5 44 0.000228915
-84 44 0.000228081
-83.5 44 0.000210205
-83 44 0.000183526
-82.5 44 0.000167467
-82 44 0.000113314
-81.5 44 0.000154087
-81 44 0.000157777
-119 44.5 9.64797e-05
-118.5 44.5 6.63379e-05
-118 44.5 3.50161e-05
-117.5 44.5 6.48762e-05
-117 44.5 8.79601e-05
-116.5 44.5 6.16472e-05
-116 44.5 1.56946e-05
-115.5 44.5 7.81564e-05
-115 44.5 0.000126631
-114.5 44.5 0.000109249
-114 44.5 9.18965e-05
-113.5 44.5 0.000135625
-113 44.5 0.000183489
-112.5 44.5 0.000166164
-112 44.5 0.000150931
-111.5 44.5 0.000210204
-111 44.5 0.00026867
-110.5 44.5 0.000287119
-110 44.5 0.000321472
-109.5 44.5 0.000341514
-109 44.5 0.000379044
-108.5 44.5 0.000397435
-108 44.5 0.00046249
-107.5 44.5 0.000424378
-107 44.5 0.000425088
-106.5 44.5 0.000384624
-106 44.5 0.000370887
-105.5 44.5 0.000407697
-105 44.5 0.00046827
-104.5 44.5 0.000461562
-104 44.5 0.000510339
-103.5 44.5 0.000500361
-103 44.5 0.00053661
-102.5 44.5 0.000439138
-102 44.5 0.000358667
-101.5 44.5 0.000508078
-101 44.5 0.000643617
-100.5 44.5 0.000584513
-100 44.5 0.000441084
-99.5 44.5 0.000584291
-99 44.5 0.00065335
-98.5 44.5 0.000537132
-98 44.5 0.000374152
-97.5 44.5 0.00046605
-97 44.5 0.000539424
-96.5 44.5 0.000512864
-96 44.5 0.000483455
-95.5 44.5 0.000481272
-95 44.5 0.000485575
-94.5 44.5 0.000493058
-94 44.5 0.000521019
-93.5 44.5 0.00043772
-93 44.5 0.00037912
-92.5 44.5 0.000314437
-92 44.5 0.000283745
-91.5 44.5 0.000270888
-91 44.5 0.000285223
-90.5 44.5 0.000276611
-90 44.5 0.000285262
-89.5 44.5 0.000272263
-89 44.5 0.000268661
-88.5 44.5 0.000256373
-88 44.5 0.000255274
-87.5 44.5 0.000249237
-87 44.5 0.000240509
-86.5 44.5 0.000226039
-86 44.5 0.000212659
-85.5 44.5 0.000218876
-85 44.5 0.000220368
-84.5 44.5 0.000216234
-84 44.5 0.000225645
-83.5 44.5 0.000204108
-83 44.5 0.000186409
-82.5 44.5 0.000178094
-82 44.5 0.000172287
-81.5 44.5 0.000173494
-81 44.5 0.000160534
-119 45 8.36228e-05
-118.5 45 7.3772e-05
-118 45 6.79559e-05
-117.5 45 8.08959e-05
-117 45 9.27598e-05
-116.5 45 0.000102242
-116 45 0.000108914
-115.5 45 0.000127519
-115 45 0.000132841
-114.5 45 0.000144447
-114 45 0.000146023
-113.5 45 0.000175457
-113 45 0.00019676
-112.5 45 0.000226661
-112 45 0.000248342
-111.5 45 0.000262624
-111 45 0.000289483
-110.5 45 0.000334933
-110 45 0.000374134
-109.5 45 0.000368319
-109 45 0.000370631
-108.5 45 0.000403212
-108 45 0.000422425
-107.5 45 0.000419945
-107 45 0.00040892
-106.5 45 0.00041699
-106 45 0.000416537
-105.5 45 0.000433457
-105 45 0.000432853
-104.5 45 0.000453782
-104 45 0.000452771
-103.5 45 0.000493794
-103 45 0.000464189
-102.5 45 0.000448942
-102 45 0.000407145
-101.5 45 0.000533122
-101 45 0.000561546
-100.5 45 0.000575508
-100 45 0.000523043
-99.5 45 0.000610395
-99 45 0.000582371
-98.5 45 0.000527855
-98 45 0.000436823
-97.5 45 0.000491175
-97 45 0.000496249
-96.5 45 0.000495184
-96 45 0.000471646
-95.5 45 0.000462298
-95 45 0.000463232
-94.5 45 0.000472348
-94 45 0.000473143
-93.5 45 0.000418368
-93 45 0.000354971
-92.5 45 0.000302939
-92 45 0.000259754
-91.5 45 0.000261576
-91 45 0.000271723
-90.5 45 0.000286031
-90 45 0.000300216
-89.5 45 0.000274973
-89 45 0.00027359
-88.5 45 0.000280794
-88 45 0.000296803
-87.5 45 0.000262026
-87 45 0.000255219
-86.5 45 0.000255111
-86 45 0.000267702
-85.5 45 0.000234411
-85 45 0.000225357
-84.5 45 0.000221288
-84 45 0.000230249
-83.5 45 0.000195169
-83 45 0.000195412
-82.5 45 0.000204847
-82 45 0.000224169
-81.5 45 0.000189998
-81 45 0.000167832
-119 45.5 7.48521e-05
-118.5 45.5 7.64417e-05
-118 45.5 9.54062e-05
-117.5 45.5 8.85556e-05
-117 45.5 0.000103773
-116.5 45.5 0.000135688
-116 45.5 0.000211822
-115.5 45.5 0.000160499
-115 45.5 0.000157399
-114.5 45.5 0.000161955
-114 45.5 0.000209462
-113.5 45.5 0.000196139
-113 45.5 0.000227221
-112.5 45.5 0.000269942
-112 45.5 0.000367454
-111.5 45.5 0.000309419
-111 45.5 0.000324929
-110.5 45.5 0.000364162
-110 45.5 0.00047453
-109.5 45.5 0.000388129
-109 45.5 0.000384051
-108.5 45.5 0.000382421
-108 45.5 0.000426855
-107.5 45.5 0.000398189
-107 45.5 0.000413755
-106.5 45.5 0.000422884
-106 45.5 0.000488228
-105.5 45.5 0.00042941
-105 45.5 0.000428978
-104.5 45.5 0.000406671
-104 45.5 0.000433713
-103.5 45.5 0.000422957
-103 45.5 0.000441593
-102.5 45.5 0.000409223
-102 45.5 0.000438494
-101.5 45.5 0.000474446
-101 45.5 0.000531649
-100.5 45.5 0.000537141
-100 45.5 0.000595154
-99.5 45.5 0.000567545
-99 45.5 0.000554604
-98.5 45.5 0.000495371
-98 45.5 0.000457722
-97.5 45.5 0.000463876
-97 45.5 0.00047841
-96.5 45.5 0.000461169
-96 45.5 0.000458792
-95.5 45.5 0.000437412
-95 45.5 0.000442629
-94.5 45.5 0.00044591
-94 45.5 0.000462971
-93.5 45.5 0.000394159
-93 45.5 0.000340799
-92.5 45.5 0.000277393
-92 45.5 0.000221176
-91.5 45.5 0.000240038
-91 45.5 0.000264365
-90.5 45.5 0.000289954
-90 45.5 0.000333979
-89.5 45.5 0.000287311
-89 45.5 0.000280314
-88.5 45.5 0.00030139
-88 45.5 0.000363102
-87.5 45.5 0.000289418
-87 45.5 0.000267325
-86.5 45.5 0.000284237
-86 45.5 0.000343328
-85.5 45.5 0.000263493
-85 45.5 0.000229413
-84.5 45.5 0.000227647
-84 45.5 0.000246937
-83.5 45.5 0.000205394
-83 45.5 0.000199989
-82.5 45.5 0.0002292
-82 45.5 0.000304818
-81.5 45.5 0.0002143
-81 45.5 0.000171369
-119 46 6.38076e-05
-118.5 46 6.95604e-05
-118 46 0.000146165
-117.5 46 8.64636e-05
-117 46 0.000100372
-116.5 46 0.000157129
-116 46 0.000392063
-115.5 46 0.000189446
-115 46 0.000156
-114.5 46 0.000178781
-114 46 0.000301069
-113.5 46 0.000218044
-113 46 0.000233697
-112.5 46 0.000306087
-112 46 0.000576551
-111.5 46 0.000349504
-111 46 0.000324021
-110.5 46 0.000388634
-110 46 0.000671594
-109.5 46 0.000410989
-109 46 0.000358402
-108.5 46 0.000374408
-108 46 0.00044424
-107.5 46 0.000391746
-107 46 0.000390483
-106.5 46 0.000434952
-106 46 0.000606288
-105.5 46 0.000439977
-105 46 0.000389539
-104.5 46 0.000382092
-104 46 0.00038753
-103.5 46 0.000392059
-103 46 0.000380143
-102.5 46 0.00039363
-102 46 0.000423818
-101.5 46 0.000454013
-101 46 0.000466956
-100.5 46 0.000527238
-100 46 0.000687962
-99.5 46 0.000560556
-99 46 0.000509824
-98.5 46 0.00048368
-98 46 0.000433682
-97.5 46 0.000462611
-97 46 0.000447575
-96.5 46 0.000440592
-96 46 0.000444369
-95.5 46 0.000418519
-95 46 0.000411337
-94.5 46 0.0004261
-94 46 0.000490706
-93.5 46 0.000379622
-93 46 0.000318003
-92.5 46 0.000256159
-92 46 0.000130248
-91.5 46 0.000221324
-91 46 0.000253282
-90.5 46 0.000286955
-90 46 0.000429273
-89.5 46 0.000287021
-89 46 0.000271459
-88.5 46 0.000304731
-88 46 0.000520575
-87.5 46 0.000295342
-87 46 0.000262188
-86.5 46 0.000291601
-86 46 0.000515183
-85.5 46 0.000271453
-85 46 0.000223203
-84.5 46 0.000215267
-84 46 0.000315574
-83.5 46 0.000196671
-83 46 0.000188299
-82.5 46 0.00023444
-82 46 0.000493366
-81.5 46 0.000219972
-81 46 0.000155145
-119 46.5 4.30571e-05
-118.5 46.5 4.5e-05
-118 46.5 6.13301e-05
-117.5 46.5 5.62245e-05
-117 46.5 7.64886e-05
-116.5 46.5 0.000117254
-116 46.5 0.000201487
-115.5 46.5 0.000147522
-115 46.5 0.000139264
-114.5 46.5 0.000152657
-114 46.5 0.000204961
-113.5 46.5 0.00019444
-113 46.5 0.00021563
-112.5 46.5 0.00027114
-112 46.5 0.000372142
-111.5 46.5 0.000305172
-111 46.5 0.00029474
-110.5 46.5 0.000316002
-110 46.5 0.000412846
-109.5 46.5 0.000333308
-109 46.5 0.000328218
-108.5 46.5 0.000324094
-108 46.5 0.000361004
-107.5 46.5 0.000344979
-107 46.5 0.00036446
-106.5 46.5 0.000384023
-106 46.5 0.000448407
-105.5 46.5 0.000379693
-105 46.5 0.000363132
-104.5 46.5 0.000320442
-104 46.5 0.000327852
-103.5 46.5 0.000317134
-103 46.5 0.000355986
-102.5 46.5 0.000338156
-102 46.5 0.000376655
-101.5 46.5 0.000379671
-101 46.5 0.000438898
-100.5 46.5 0.000445157
-100 46.5 0.000528732
-99.5 46.5 0.000483239
-99 46.5 0.000485269
-98.5 46.5 0.000463555
-98 46.5 0.000463934
-97.5 46.5 0.000446025
-97 46.5 0.000438483
-96.5 46.5 0.000400026
-96 46.5 0.000391977
-95.5 46.5 0.000372313
-95 46.5 0.000385651
-94.5 46.5 0.000377862
-94 46.5 0.00039109
-93.5 46.5 0.000338315
-93 46.5 0.000303768
-92.5 46.5 0.000253723
-92 46.5 0.000197591
-91.5 46.5 0.000219472
-91 46.5 0.000237685
-90.5 46.5 0.000255942
-90 46.5 0.000287592
-89.5 46.5 0.000245769
-89 46.5 0.000233008
-88.5 46.5 0.000250003
-88 46.5 0.000302181
-87.5 46.5 0.000239192
-87 46.5 0.000217203
-86.5 46.5 0.000239589
-86 46.5 0.000294158
-85.5 46.5 0.000223468
-85 46.5 0.000180491
-84.5 46.5 0.000181233
-84 46.5 0.000191292
-83.5 46.5 0.000157192
-83 46.5 0.000147318
-82.5 46.5 0.000166446
-82 46.5 0.00023121
-81.5 46.5 0.000150921
-81 46.5 0.00011743
-119 47 2.12981e-05
-118.5 47 6.92997e-06
-118 47 -3.0342e-06
-117.5 47 1.90858e-05
-117 47 3.90264e-05
-116.5 47 6.73208e-05
-116 47 8.64076e-05
-115.5 47 0.000100702
-115 47 0.00010657
-114.5 47 0.000128083
-114 47 0.000143237
-113.5 47 0.000165729
-113 47 0.000191546
-112.5 47 0.000232387
-112 47 0.000261171
-111.5 47 0.000257073
-111 47 0.000237107
-110.5 47 0.00024246
-110 47 0.000233327
-109.5 47 0.000262498
-109 47 0.000265024
-108.5 47 0.000286449
-108 47 0.000284463
-107.5 47 0.000311678
-107 47 0.000318957
-106.5 47 0.000340991
-106 47 0.000338442
-105.5 47 0.000340567
-105 47 0.000299671
-104.5 47 0.000275355
-104 47 0.000230884
-103.5 47 0.000283906
-103 47 0.000284964
-102.5 47 0.000303891
-102 47 0.000289413
-101.5 47 0.000351059
-101 47 0.000355838
-100.5 47 0.000393436
-100 47 0.00038949
-99.5 47 0.000432463
-99 47 0.000443481
-98.5 47 0.000474146
-98 47 0.000472443
-97.5 47 0.000462281
-97 47 0.000408253
-96.5 47 0.000372946
-96 47 0.000320503
-95.5 47 0.000343997
-95 47 0.000334319
-94.5 47 0.000336581
-94 47 0.00030976
-93.5 47 0.000310089
-93 47 0.000281296
-92.5 47 0.000254725
-92 47 0.000219393
-91.5 47 0.000226208
-91 47 0.000218779
-90.5 47 0.000211535
-90 47 0.000197682
-89.5 47 0.000195241
-89 47 0.000183821
-88.5 47 0.000175531
-88 47 0.000164169
-87.5 47 0.000164093
-87 47 0.000164193
-86.5 47 0.000166641
-86 47 0.000167605
-85.5 47 0.000153607
-85 47 0.0001438
-84.5 47 0.000126322
-84 47 0.000116362
-83.5 47 0.000106188
-83 47 9.13118e-05
-82.5 47 7.52934e-05
-82 47 6.18278e-05
-81.5 47 6.41222e-05
-81 47 7.00745e-05
-119 47.5 -2.25328e-07
-118.5 47.5 -3.11782e-05
-118 47.5 -8.17827e-05
-117.5 47.5 -2.69594e-05
-117 47.5 9.74166e-06
-116.5 47.5 9.32268e-06
-116 47.5 -1.35559e-05
-115.5 47.5 4.33503e-05
-115 47.5 8.70837e-05
-114.5 47.5 9.17404e-05
-114 47.5 9.24247e-05
-113.5 47.5 0.000133617
-113 47.5 0.000175879
-112.5 47.5 0.000186753
-112 47.5 0.000185302
-111.5 47.5 0.000196631
-111 47.5 0.000202013
-110.5 47.5 0.000146505
-110 47.5 6.68302e-05
-109.5 47.5 0.000160927
-109 47.5 0.000228161
-108.5 47.5 0.000228042
-108 47.5 0.000222741
-107.5 47.5 0.000258862
-107 47.5 0.000294501
-106.5 47.5 0.000280858
-106 47.5 0.000260112
-105.5 47.5 0.000269123
-105 47.5 0.000268036
-104.5 47.5 0.000200649
-104 47.5 0.000133551
-103.5 47.5 0.000198622
-103 47.5 0.000254403
-102.5 47.5 0.000232351
-102 47.5 0.000223541
-101.5 47.5 0.000266567
-101 47.5 0.000325683
-100.5 47.5 0.000298067
-100 47.5 0.000279956
-99.5 47.5 0.000351448
-99 47.5 0.000430225
-98.5 47.5 0.000462737
-98 47.5 0.000527427
-97.5 47.5 0.0004526
-97 47.5 0.000406354
-96.5 47.5 0.000322453
-96 47.5 0.000244398
-95.5 47.5 0.000281069
-95 47.5 0.000306635
-94.5 47.5 0.000278866
-94 47.5 0.000237384
-93.5 47.5 0.000262277
-93 47.5 0.000270351
-92.5 47.5 0.000249221
-92 47.5 0.000231827
-91.5 47.5 0.000220509
-91 47.5 0.000205624
-90.5 47.5 0.000167849
-90 47.5 0.00010449
-89.5 47.5 0.000137716
-89 47.5 0.000140238
-88.5 47.5 0.000100736
-88 47.5 1.91564e-05
-87.5 47.5 8.64199e-05
-87 47.5 0.000112597
-86.5 47.5 9.85445e-05
-86 47.5 4.0356e-05
-85.5 47.5 9.21481e-05
-85 47.5 9.93127e-05
-84.5 47.5 8.41407e-05
-84 47.5 3.29447e-05
-83.5 47.5 5.38818e-05
-83 47.5 3.94262e-05
-82.5 47.5 -1.43929e-05
-82 47.5 -0.000122013
-81.5 47.5 -2.46004e-05
-81 47.5 2.26301e-05
-119 48 -1.43232e-05
-118.5 48 -6.01908e-05
-118 48 -0.000236051
-117.5 48 -5.51696e-05
-117 48 -1.78369e-05
-116.5 48 -2.58511e-05
-116 48 -0.00018837
-115.5 48 1.37792e-05
-115 48 6.17242e-05
-114.5 48 7.71953e-05
-114 48 -1.13886e-05
-113.5 48 0.000121118
-113 48 0.000155434
-112.5 48 0.000163223
-112 48 6.38157e-05
-111.5 48 0.000170793
-111 48 0.000157161
-110.5 48 9.04329e-05
-110 48 -0.000252344
-109.5 48 0.000106022
-109 48 0.00018188
-108.5 48 0.00020249
-108 48 9.37271e-05
-107.5 48 0.000237017
-107 48 0.000258868
-106.5 48 0.000250315
-106 48 0.000119372
-105.5 48 0.000237814
-105 48 0.000221573
-104.5 48 0.000162732
-104 48 -9.64198e-05
-103.5 48 0.000161639
-103 48 0.000202773
-102.5 48 0.000203034
-102 48 5.77097e-05
-101.5 48 0.000240903
-101 48 0.000262063
-100.5 48 0.000257064
-100 48 5.5494e-05
-99.5 48 0.000317226
-99 48 0.000394291
-98.5 48 0.000475375
-98 48 0.000623159
-97.5 48 0.000470004
-97 48 0.000381307
-96.5 48 0.000298757
-96 48 6.26194e-05
-95.5 48 0.000253784
-95 48 0.000269878
-94.5 48 0.000250302
-94 48 9.92417e-05
-93.5 48 0.000240122
-93 48 0.000255299
-92.5 48 0.000252922
-92 48 0.000226988
-91.5 48 0.000224071
-91 48 0.000194211
-90.5 48 0.000137362
-90 48 -6.08525e-05
-89.5 48 0.000100781
-89 48 0.00010591
-88.5 48 4.53865e-05
-88 48 -0.000231247
-87.5 48 2.9935e-05
-87 48 7.42562e-05
-86.5 48 4.60004e-05
-86 48 -0.000158645
-85.5 48 4.03319e-05
-85 48 7.38576e-05
-84.5 48 4.4836e-05
-84 48 -9.80788e-05
-83.5 48 1.2964e-05
-83 48 1.30854e-06
-82.5 48 -8.65769e-05
-82 48 -0.000436117
-81.5 48 -9.54936e-05
-81 48 -9.16893e-06
-119 48.5 -1.05708e-05
-118.5 48.5 -5.20662e-05
-118 48.5 -0.000108344
-117.5 48.5 -5.21192e-05
-117 48.5 -5.35013e-06
-116.5 48.5 -2.26967e-05
-116 48.5 -5.57885e-05
-115.5 48.5 1.36761e-05
-115 48.5 7.7986e-05
-114.5 48.5 8.0416e-05
-114 48.5 7.75136e-05
-113.5 48.5 0.00012349
-113 48.5 0.00016954
-112.5 48.5 0.000159658
-112 48.5 0.000143229
-111.5 48.5 0.000159033
-111 48.5 0.000174486
-110.5 48.5 9.60164e-05
-110 48.5 -3.58027e-06
-109.5 48.5 0.000105471
-109 48.5 0.000201072
-108.5 48.5 0.000199009
-108 48.5 0.000190341
-107.5 48.5 0.000228877
-107 48.5 0.000269025
-106.5 48.5 0.000239927
-106 48.5 0.000207682
-105.5 48.5 0.000220109
-105 48.5 0.000233966
-104.5 48.5 0.000161179
-104 48.5 8.63954e-05
-103.5 48.5 0.000150738
-103 48.5 0.000218078
-102.5 48.5 0.000188693
-102 48.5 0.000172222
-101.5 48.5 0.000213276
-101 48.5 0.000275104
-100.5 48.5 0.000238832
-100 48.5 0.000211982
-99.5 48.5 0.000300738
-99 48.5 0.000397844
-98.5 48.5 0.000444264
-98 48.5 0.000520792
-97.5 48.5 0.00044093
-97 48.5 0.000389143
-96.5 48.5 0.000296347
-96 48.5 0.000212936
-95.5 48.5 0.000248707
-95 48.5 0.000284611
-94.5 48.5 0.000247959
-94 48.5 0.000206403
-93.5 48.5 0.000239351
-93 48.5 0.00026875
-92.5 48.5 0.000256423
-92 48.5 0.000248706
-91.5 48.5 0.00022718
-91 48.5 0.000207912
-90.5 48.5 0.000147229
-90 48.5 7.09849e-05
-89.5 48.5 0.000103086
-89 48.5 0.000117084
-88.5 48.5 5.50318e-05
-88 48.5 -4.21034e-05
-87.5 48.5 3.34615e-05
-87 48.5 8.13835e-05
-86.5 48.5 5.17251e-05
-86 48.5 -1.69907e-05
-85.5 48.5 4.4618e-05
-85 48.5 7.5522e-05
-84.5 48.5 5.00275e-05
-84 48.5 -7.81227e-06
-83.5 48.5 1.05029e-05
-83 48.5 5.16776e-06
-82.5 48.5 -7.35523e-05
-82 48.5 -0.00020025
-81.5 48.5 -8.6977e-05
-81 48.5 -8.48891e-06
-119 49 -1.44317e-05
-118.5 49 -3.7324e-05
-118 49 -6.40229e-05
-117.5 49 -2.26572e-05
-117 49 -1.18724e-05
-116.5 49 -6.68917e-06
-116 49 -1.48628e-05
-115.5 49 4.34863e-05
-115 49 7.12228e-05
-114.5 49 9.65772e-05
-114 49 0.000101412
-113.5 49 0.000147942
-113 49 0.000161805
-112.5 49 0.000172319
-112 49 0.000156206
-111.5 49 0.000186165
-111 49 0.000159957
-110.5 49 0.00012594
-110 49 7.73952e-05
-109.5 49 0.000154052
-109 49 0.000186406
-108.5 49 0.00021246
-108 49 0.000208039
-107.5 49 0.000249957
-107 49 0.00025164
-106.5 49 0.00024831
-106 49 0.000219387
-105.5 49 0.000240506
-105 49 0.000213686
-104.5 49 0.000181395
-104 49 0.000135136
-103.5 49 0.000185238
-103 49 0.000193655
-102.5 49 0.00019928
-102 49 0.000183878
-101.5 49 0.000236433
-101 49 0.000243926
-100.5 49 0.000253084
-100 49 0.000246749
-99.5 49 0.000318641
-99 49 0.000372759
-98.5 49 0.000431248
-98 49 0.000452359
-97.5 49 0.000430083
-97 49 0.000371765
-96.5 49 0.000316773
-96 49 0.000257462
-95.5 49 0.000282031
-95 49 0.000273119
-94.5 49 0.000263425
-94 49 0.000236559
-93.5 49 0.000262263
-93 49 0.000264473
-92.5 49 0.000267186
-92 49 0.000249571
-91.5 49 0.000243817
-91 49 0.000206889
-90.5 49 0.000167246
-90 49 0.000115859
-89.5 49 0.000135263
-89 49 0.000109966
-88.5 49 7.36949e-05
-88 49 2.2904e-05
-87.5 49 6.87847e-05
-87 49 7.15962e-05
-86.5 49 6.16321e-05
-86 49 3.01493e-05
-85.5 49 6.72981e-05
-85 49 6.7179e-05
-84.5 49 5.33753e-05
-84 49 1.72174e-05
-83.5 49 3.08016e-05
-83 49 -4.64759e-06
-82.5 49 -5.61955e-05
-82 49 -0.000111505
-81.5 49 -5.17623e-05
-81 49 -1.641e-05
