-119 25 4.08488
-118.5 25 4.05509
-118 25 4.01852
-117.5 25 3.97816
-117 25 3.94843
-116.5 25 3.9283
-116 25 3.91468
-115.5 25 3.90605
-115 25 3.90162
-114.5 25 3.89822
-114 25 3.89317
-113.5 25 3.88698
-113 25 3.88377
-112.5 25 3.88532
-112 25 3.89111
-111.5 25 3.90113
-111 25 3.9095
-110.5 25 3.91475
-110 25 3.91585
-109.5 25 3.91344
-109 25 3.91128
-108.5 25 3.90955
-108 25 3.90813
-107.5 25 3.90778
-107 25 3.90798
-106.5 25 3.90666
-106 25 3.90227
-105.5 25 3.89236
-105 25 3.88332
-104.5 25 3.87594
-104 25 3.86937
-103.5 25 3.86415
-103 25 3.85942
-102.5 25 3.85458
-102 25 3.84832
-101.5 25 3.83882
-101 25 3.82765
-100.5 25 3.81737
-100 25 3.81004
-99.5 25 3.81464
-99 25 3.82595
-98.5 25 3.84145
-98 25 3.85725
-97.5 25 3.85687
-97 25 3.85166
-96.5 25 3.84488
-96 25 3.83876
-95.5 25 3.84343
-95 25 3.85182
-94.5 25 3.86229
-94 25 3.8721
-93.5 25 3.87583
-93 25 3.8765
-92.5 25 3.87756
-92 25 3.87949
-91.5 25 3.88023
-91 25 3.88057
-90.5 25 3.88125
-90 25 3.88188
-89.5 25 3.88234
-89 25 3.8824
-88.5 25 3.88338
-88 25 3.88492
-87.5 25 3.88615
-87 25 3.88727
-86.5 25 3.89001
-86 25 3.89361
-85.5 25 3.89477
-85 25 3.89294
-84.5 25 3.89055
-84 25 3.88944
-83.5 25 3.89513
-83 25 3.91077
-82.5 25 3.94058
-82 25 3.98213
-81.5 25 4.01519
-81 25 4.03903
-119 25.5 4.04399
-118.5 25.5 4.01477
-118 25.5 3.97614
-117.5 25.5 3.92987
-117 25.5 3.90258
-116.5 25.5 3.88756
-116 25.5 3.87919
-115.5 25.5 3.8741
-115 25.5 3.87287
-114.5 25.5 3.87177
-114 25.5 3.86706
-113.5 25.5 3.8581
-113 25.5 3.85461
-112.5 25.5 3.85623
-112 25.5 3.8631
-111.5 25.5 3.8755
-111 25.5 3.88323
-110.5 25.5 3.88678
-110 25.5 3.88643
-109.5 25.5 3.88187
-109 25.5 3.87963
-108.5 25.5 3.87896
-108 25.5 3.87942
-107.5 25.5 3.88094
-107 25.5 3.8824
-106.5 25.5 3.88307
-106 25.5 3.88085
-105.5 25.5 3.87007
-105 25.5 3.86336
-104.5 25.5 3.85923
-104 25.5 3.85575
-103.5 25.5 3.85216
-103 25.5 3.84782
-102.5 25.5 3.84374
-102 25.5 3.83882
-101.5 25.5 3.82928
-101 25.5 3.81971
-100.5 25.5 3.80917
-100 25.5 3.79847
-99.5 25.5 3.80252
-99 25.5 3.80881
-98.5 25.5 3.8214
-98 25.5 3.84253
-97.5 25.5 3.83997
-97 25.5 3.83817
-96.5 25.5 3.83535
-96 25.5 3.82702
-95.5 25.5 3.833
-95 25.5 3.8396
-94.5 25.5 3.84715
-94 25.5 3.8572
-93.5 25.5 3.85762
-93 25.5 3.85535
-92.5 25.5 3.85395
-92 25.5 3.85578
-91.5 25.5 3.85577
-91 25.5 3.85576
-90.5 25.5 3.85637
-90 25.5 3.8575
-89.5 25.5 3.8578
-89 25.5 3.85738
-88.5 25.5 3.85786
-88 25.5 3.85985
-87.5 25.5 3.86041
-87 25.5 3.86089
-86.5 25.5 3.86327
-86 25.5 3.86938
-85.5 25.5 3.87107
-85 25.5 3.86954
-84.5 25.5 3.86549
-84 25.5 3.85954
-83.5 25.5 3.85989
-83 25.5 3.86947
-82.5 25.5 3.89511
-82 25.5 3.94511
-81.5 25.5 3.98029
-81 25.5 4.00349
-119 26 3.99669
-118.5 26 3.96351
-118 26 3.91275
-117.5 26 3.86969
-117 26 3.85389
-116.5 26 3.84716
-116 26 3.84304
-115.5 26 3.84239
-115 26 3.84502
-114.5 26 3.84602
-114 26 3.83825
-113.5 26 3.83
-113 26 3.82914
-112.5 26 3.83335
-112 26 3.84473
-111.5 26 3.85561
-111 26 3.8581
-110.5 26 3.85694
-110 26 3.85106
-109.5 26 3.84662
-109 26 3.84667
-108.5 26 3.84763
-108 26 3.84891
-107.5 26 3.8509
-107 26 3.85175
-106.5 26 3.85004
-106 26 3.84289
-105.5 26 3.83777
-105 26 3.83867
-104.5 26 3.84082
-104 26 3.84084
-103.5 26 3.8379
-103 26 3.83282
-102.5 26 3.82761
-102 26 3.82208
-101.5 26 3.81794
-101 26 3.81503
-100.5 26 3.81198
-100 26 3.80639
-99.5 26 3.79604
-99 26 3.78389
-98.5 26 3.77539
-98 26 3.78015
-97.5 26 3.79743
-97 26 3.81708
-96.5 26 3.83592
-96 26 3.84191
-95.5 26 3.83725
-95 26 3.83229
-94.5 26 3.82797
-94 26 3.82914
-93.5 26 3.8313
-93 26 3.82834
-92.5 26 3.82433
-92 26 3.8241
-91.5 26 3.82691
-91 26 3.82885
-90.5 26 3.83084
-90 26 3.83281
-89.5 26 3.83401
-89 26 3.83345
-88.5 26 3.83233
-88 26 3.83342
-87.5 26 3.8346
-87 26 3.83398
-86.5 26 3.83461
-86 26 3.84075
-85.5 26 3.84725
-85 26 3.84799
-84.5 26 3.84634
-84 26 3.83886
-83.5 26 3.83049
-83 26 3.82832
-82.5 26 3.83678
-82 26 3.87928
-81.5 26 3.9307
-81 26 3.95933
-119 26.5 3.94629
-118.5 26.5 3.90427
-118 26.5 3.85609
-117.5 26.5 3.83025
-117 26.5 3.81984
-116.5 26.5 3.81581
-116 26.5 3.81504
-115.5 26.5 3.81847
-115 26.5 3.82358
-114.5 26.5 3.82409
-114 26.5 3.81699
-113.5 26.5 3.81218
-113 26.5 3.81349
-112.5 26.5 3.8203
-112 26.5 3.831
-111.5 26.5 3.83506
-111 26.5 3.83254
-110.5 26.5 3.82661
-110 26.5 3.81898
-109.5 26.5 3.81816
-109 26.5 3.81929
-108.5 26.5 3.82034
-108 26.5 3.8216
-107.5 26.5 3.82328
-107 26.5 3.82196
-106.5 26.5 3.81645
-106 26.5 3.80787
-105.5 26.5 3.8111
-105 26.5 3.81909
-104.5 26.5 3.82567
-104 26.5 3.82781
-103.5 26.5 3.82346
-103 26.5 3.81725
-102.5 26.5 3.81087
-102 26.5 3.80573
-101.5 26.5 3.80807
-101 26.5 3.81287
-100.5 26.5 3.81704
-100 26.5 3.81652
-99.5 26.5 3.79231
-99 26.5 3.76224
-98.5 26.5 3.73412
-98 26.5 3.71917
-97.5 26.5 3.75173
-97 26.5 3.79351
-96.5 26.5 3.83295
-96 26.5 3.85945
-95.5 26.5 3.84883
-95 26.5 3.83214
-94.5 26.5 3.81599
-94 26.5 3.805
-93.5 26.5 3.80583
-93 26.5 3.80381
-92.5 26.5 3.799
-92 26.5 3.79517
-91.5 26.5 3.79936
-91 26.5 3.80416
-90.5 26.5 3.80874
-90 26.5 3.81224
-89.5 26.5 3.81451
-89 26.5 3.81463
-88.5 26.5 3.81307
-88 26.5 3.81178
-87.5 26.5 3.81269
-87 26.5 3.81263
-86.5 26.5 3.81283
-86 26.5 3.81621
-85.5 26.5 3.82396
-85 26.5 3.82856
-84.5 26.5 3.83056
-84 26.5 3.82836
-83.5 26.5 3.81886
-83 26.5 3.81009
-82.5 26.5 3.80737
-82 26.5 3.8238
-81.5 26.5 3.87122
-81 26.5 3.91243
-119 27 3.90987
-118.5 27 3.86783
-118 27 3.83101
-117.5 27 3.81414
-117 27 3.80509
-116.5 27 3.80075
-116 27 3.80064
-115.5 27 3.80711
-115 27 3.81353
-114.5 27 3.81442
-114 27 3.80922
-113.5 27 3.80343
-113 27 3.80428
-112.5 27 3.80919
-112 27 3.81539
-111.5 27 3.81619
-111 27 3.81166
-110.5 27 3.80486
-110 27 3.79928
-109.5 27 3.80075
-109 27 3.80197
-108.5 27 3.80193
-108 27 3.80232
-107.5 27 3.80472
-107 27 3.80345
-106.5 27 3.79814
-106 27 3.79279
-105.5 27 3.7982
-105 27 3.80762
-104.5 27 3.81513
-104 27 3.81719
-103.5 27 3.81049
-103 27 3.80337
-102.5 27 3.79776
-102 27 3.79567
-101.5 27 3.80091
-101 27 3.80819
-100.5 27 3.81373
-100 27 3.81074
-99.5 27 3.78719
-99 27 3.7544
-98.5 27 3.72235
-98 27 3.70567
-97.5 27 3.73277
-97 27 3.77611
-96.5 27 3.82026
-96 27 3.85211
-95.5 27 3.84788
-95 27 3.83077
-94.5 27 3.81214
-94 27 3.79882
-93.5 27 3.79515
-93 27 3.79221
-92.5 27 3.78649
-92 27 3.77976
-91.5 27 3.78253
-91 27 3.78834
-90.5 27 3.79429
-90 27 3.79931
-89.5 27 3.80266
-89 27 3.80356
-88.5 27 3.80258
-88 27 3.80052
-87.5 27 3.80014
-87 27 3.80013
-86.5 27 3.80078
-86 27 3.80343
-85.5 27 3.80918
-85 27 3.81475
-84.5 27 3.82022
-84 27 3.82502
-83.5 27 3.82229
-83 27 3.8158
-82.5 27 3.80948
-82 27 3.81213
-81.5 27 3.84384
-81 27 3.88503
-119 27.5 3.89152
-118.5 27.5 3.85249
-118 27.5 3.82588
-117.5 27.5 3.81915
-117 27.5 3.80822
-116.5 27.5 3.79894
-116 27.5 3.79758
-115.5 27.5 3.80576
-115 27.5 3.81113
-114.5 27.5 3.81186
-114 27.5 3.80639
-113.5 27.5 3.79741
-113 27.5 3.79708
-112.5 27.5 3.80107
-112 27.5 3.80469
-111.5 27.5 3.80402
-111 27.5 3.79935
-110.5 27.5 3.79307
-110 27.5 3.79059
-109.5 27.5 3.79709
-109 27.5 3.79768
-108.5 27.5 3.79528
-108 27.5 3.79432
-107.5 27.5 3.79967
-107 27.5 3.79811
-106.5 27.5 3.79201
-106 27.5 3.78755
-105.5 27.5 3.79338
-105 27.5 3.79985
-104.5 27.5 3.80483
-104 27.5 3.8056
-103.5 27.5 3.79475
-103 27.5 3.78764
-102.5 27.5 3.78471
-102 27.5 3.78596
-101.5 27.5 3.79379
-101 27.5 3.80267
-100.5 27.5 3.8091
-100 27.5 3.80751
-99.5 27.5 3.78946
-99 27.5 3.76387
-98.5 27.5 3.73556
-98 27.5 3.71342
-97.5 27.5 3.7338
-97 27.5 3.766
-96.5 27.5 3.80214
-96 27.5 3.83683
-95.5 27.5 3.83569
-95 27.5 3.82288
-94.5 27.5 3.80864
-94 27.5 3.79758
-93.5 27.5 3.79499
-93 27.5 3.79433
-92.5 27.5 3.78995
-92 27.5 3.77834
-91.5 27.5 3.77902
-91 27.5 3.78424
-90.5 27.5 3.7897
-90 27.5 3.79479
-89.5 27.5 3.79862
-89 27.5 3.80073
-88.5 27.5 3.8005
-88 27.5 3.79774
-87.5 27.5 3.79676
-87 27.5 3.7964
-86.5 27.5 3.79657
-86 27.5 3.79782
-85.5 27.5 3.80097
-85 27.5 3.80571
-84.5 27.5 3.81372
-84 27.5 3.82821
-83.5 27.5 3.83672
-83 27.5 3.84014
-82.5 27.5 3.83778
-82 27.5 3.82593
-81.5 27.5 3.84413
-81 27.5 3.88174
-119 28 3.8912
-118.5 28 3.85853
-118 28 3.84992
-117.5 28 3.84435
-117 28 3.82217
-116.5 28 3.80538
-116 28 3.80442
-115.5 28 3.81062
-115 28 3.81188
-114.5 28 3.80931
-114 28 3.79754
-113.5 28 3.78914
-113 28 3.79262
-112.5 28 3.7986
-112 28 3.80207
-111.5 28 3.80114
-111 28 3.79718
-110.5 28 3.79478
-110 28 3.80271
-109.5 28 3.80942
-109 28 3.80532
-108.5 28 3.80139
-108 28 3.80574
-107.5 28 3.80928
-107 28 3.80358
-106.5 28 3.79616
-106 28 3.79368
-105.5 28 3.79397
-105 28 3.79157
-104.5 28 3.78804
-104 28 3.7785
-103.5 28 3.77016
-103 28 3.76876
-102.5 28 3.77211
-102 28 3.77934
-101.5 28 3.78881
-101 28 3.79778
-100.5 28 3.8041
-100 28 3.80469
-99.5 28 3.79925
-99 28 3.7898
-98.5 28 3.77956
-98 28 3.76839
-97.5 28 3.76104
-97 28 3.76464
-96.5 28 3.77343
-96 28 3.79066
-95.5 28 3.80527
-95 28 3.80595
-94.5 28 3.80265
-94 28 3.79981
-93.5 28 3.80124
-93 28 3.80724
-92.5 28 3.81229
-92 28 3.80451
-91.5 28 3.79345
-91 28 3.79277
-90.5 28 3.7945
-90 28 3.79748
-89.5 28 3.80085
-89 28 3.80439
-88.5 28 3.8071
-88 28 3.80556
-87.5 28 3.80238
-87 28 3.80098
-86.5 28 3.79992
-86 28 3.79906
-85.5 28 3.79893
-85 28 3.80021
-84.5 28 3.80547
-84 28 3.82482
-83.5 28 3.85076
-83 28 3.87233
-82.5 28 3.89125
-82 28 3.88069
-81.5 28 3.87341
-81 28 3.90261
-119 28.5 3.90627
-118.5 28.5 3.88503
-118 28.5 3.87614
-117.5 28.5 3.85469
-117 28.5 3.82773
-116.5 28.5 3.80978
-116 28.5 3.80776
-115.5 28.5 3.80985
-115 28.5 3.80821
-114.5 28.5 3.80187
-114 28.5 3.79149
-113.5 28.5 3.79094
-113 28.5 3.798
-112.5 28.5 3.80523
-112 28.5 3.80769
-111.5 28.5 3.80521
-111 28.5 3.80424
-110.5 28.5 3.80784
-110 28.5 3.81768
-109.5 28.5 3.81769
-109 28.5 3.81296
-108.5 28.5 3.81156
-108 28.5 3.81741
-107.5 28.5 3.81592
-107 28.5 3.80898
-106.5 28.5 3.80186
-106 28.5 3.79857
-105.5 28.5 3.79048
-105 28.5 3.78117
-104.5 28.5 3.76879
-104 28.5 3.75329
-103.5 28.5 3.74988
-103 28.5 3.75355
-102.5 28.5 3.76216
-102 28.5 3.77426
-101.5 28.5 3.78464
-101 28.5 3.7945
-100.5 28.5 3.80221
-100 28.5 3.80666
-99.5 28.5 3.81314
-99 28.5 3.81821
-98.5 28.5 3.82388
-98 28.5 3.82686
-97.5 28.5 3.7989
-97 28.5 3.77566
-96.5 28.5 3.75982
-96 28.5 3.75349
-95.5 28.5 3.7741
-95 28.5 3.78821
-94.5 28.5 3.79541
-94 28.5 3.8006
-93.5 28.5 3.80673
-93 28.5 3.81753
-92.5 28.5 3.8291
-92 28.5 3.83348
-91.5 28.5 3.81916
-91 28.5 3.80974
-90.5 28.5 3.80516
-90 28.5 3.80429
-89.5 28.5 3.80622
-89 28.5 3.80999
-88.5 28.5 3.81474
-88 28.5 3.81794
-87.5 28.5 3.81544
-87 28.5 3.81259
-86.5 28.5 3.80978
-86 28.5 3.80731
-85.5 28.5 3.8051
-85 28.5 3.80401
-84.5 28.5 3.80634
-84 28.5 3.81899
-83.5 28.5 3.84936
-83 28.5 3.88352
-82.5 28.5 3.91698
-82 28.5 3.93448
-81.5 28.5 3.92842
-81 28.5 3.94254
-119 29 3.91846
-118.5 29 3.89912
-118 29 3.87879
-117.5 29 3.84704
-117 29 3.81808
-116.5 29 3.80191
-116 29 3.80049
-115.5 29 3.80615
-115 29 3.80662
-114.5 29 3.8022
-114 29 3.79802
-113.5 29 3.80319
-113 29 3.81216
-112.5 29 3.81776
-112 29 3.81694
-111.5 29 3.81113
-111 29 3.80942
-110.5 29 3.81224
-110 29 3.81684
-109.5 29 3.81467
-109 29 3.81019
-108.5 29 3.80915
-108 29 3.81231
-107.5 29 3.81247
-107 29 3.80667
-106.5 29 3.79946
-106 29 3.79179
-105.5 29 3.78314
-105 29 3.77174
-104.5 29 3.75813
-104 29 3.74538
-103.5 29 3.7393
-103 29 3.74335
-102.5 29 3.75352
-102 29 3.76708
-101.5 29 3.78077
-101 29 3.7936
-100.5 29 3.80512
-100 29 3.81561
-99.5 29 3.82612
-99 29 3.83613
-98.5 29 3.84404
-98 29 3.84235
-97.5 29 3.81923
-97 29 3.7921
-96.5 29 3.77023
-96 29 3.76041
-95.5 29 3.77148
-95 29 3.78491
-94.5 29 3.79378
-94 29 3.79855
-93.5 29 3.80674
-93 29 3.81841
-92.5 29 3.83146
-92 29 3.83985
-91.5 29 3.83248
-91 29 3.82247
-90.5 29 3.81517
-90 29 3.81119
-89.5 29 3.81156
-89 29 3.81481
-88.5 29 3.82111
-88 29 3.82793
-87.5 29 3.82911
-87 29 3.82685
-86.5 29 3.82386
-86 29 3.82082
-85.5 29 3.8188
-85 29 3.81691
-84.5 29 3.81605
-84 29 3.82007
-83.5 29 3.84243
-83 29 3.8764
-82.5 29 3.91486
-82 29 3.94774
-81.5 29 3.9612
-81 29 3.97508
-119 29.5 3.92176
-118.5 29.5 3.90138
-118 29.5 3.8701
-117.5 29.5 3.82704
-117 29.5 3.79989
-116.5 29.5 3.78822
-116 29.5 3.79319
-115.5 29.5 3.80873
-115 29.5 3.8118
-114.5 29.5 3.80904
-114 29.5 3.81001
-113.5 29.5 3.82031
-113 29.5 3.82783
-112.5 29.5 3.8301
-112 29.5 3.82399
-111.5 29.5 3.81043
-111 29.5 3.80658
-110.5 29.5 3.8082
-110 29.5 3.80887
-109.5 29.5 3.80352
-109 29.5 3.79953
-108.5 29.5 3.79889
-108 29.5 3.80167
-107.5 29.5 3.805
-107 29.5 3.80138
-106.5 29.5 3.7927
-106 29.5 3.78294
-105.5 29.5 3.77401
-105 29.5 3.76063
-104.5 29.5 3.74695
-104 29.5 3.7365
-103.5 29.5 3.72773
-103 29.5 3.73228
-102.5 29.5 3.74487
-102 29.5 3.76049
-101.5 29.5 3.77776
-101 29.5 3.79341
-100.5 29.5 3.80825
-100 29.5 3.82289
-99.5 29.5 3.83465
-99 29.5 3.8462
-98.5 29.5 3.85374
-98 29.5 3.85005
-97.5 29.5 3.8341
-97 29.5 3.81247
-96.5 29.5 3.79314
-96 29.5 3.78225
-95.5 29.5 3.78734
-95 29.5 3.79674
-94.5 29.5 3.80233
-94 29.5 3.80074
-93.5 29.5 3.80548
-93 29.5 3.81325
-92.5 29.5 3.82359
-92 29.5 3.83633
-91.5 29.5 3.83452
-91 29.5 3.82727
-90.5 29.5 3.82052
-90 29.5 3.8156
-89.5 29.5 3.81446
-89 29.5 3.81675
-88.5 29.5 3.82345
-88 29.5 3.83549
-87.5 29.5 3.84092
-87 29.5 3.84105
-86.5 29.5 3.83942
-86 29.5 3.83764
-85.5 29.5 3.83739
-85 29.5 3.8378
-84.5 29.5 3.83449
-84 29.5 3.82492
-83.5 29.5 3.83373
-83 29.5 3.85993
-82.5 29.5 3.89694
-82 29.5 3.94486
-81.5 29.5 3.97475
-81 29.5 3.9934
-119 30 3.91404
-118.5 30 3.89111
-118 30 3.84429
-117.5 30 3.79951
-117 30 3.78286
-116.5 30 3.78094
-116 30 3.80252
-115.5 30 3.82335
-115 30 3.82314
-114.5 30 3.82006
-114 30 3.82745
-113.5 30 3.83759
-113 30 3.83869
-112.5 30 3.83419
-112 30 3.81524
-111.5 30 3.79826
-111 30 3.79677
-110.5 30 3.7987
-110 30 3.79448
-109.5 30 3.78786
-109 30 3.78572
-108.5 30 3.7874
-108 30 3.79533
-107.5 30 3.8005
-107 30 3.79555
-106.5 30 3.78699
-106 30 3.77804
-105.5 30 3.76452
-105 30 3.74494
-104.5 30 3.72593
-104 30 3.70942
-103.5 30 3.7065
-103 30 3.71917
-102.5 30 3.73806
-102 30 3.75839
-101.5 30 3.77712
-101 30 3.79335
-100.5 30 3.80846
-100 30 3.82315
-99.5 30 3.83812
-99 30 3.85215
-98.5 30 3.86184
-98 30 3.86179
-97.5 30 3.85074
-97 30 3.83577
-96.5 30 3.82294
-96 30 3.81501
-95.5 30 3.81446
-95 30 3.81985
-94.5 30 3.82495
-94 30 3.82012
-93.5 30 3.81135
-93 30 3.80791
-92.5 30 3.80711
-92 30 3.8158
-91.5 30 3.82484
-91 30 3.82358
-90.5 30 3.82159
-90 30 3.81873
-89.5 30 3.81647
-89 30 3.81645
-88.5 30 3.82024
-88 30 3.83372
-87.5 30 3.8474
-87 30 3.85159
-86.5 30 3.85361
-86 30 3.85486
-85.5 30 3.85758
-85 30 3.86284
-84.5 30 3.86489
-84 30 3.84746
-83.5 30 3.83334
-83 30 3.8455
-82.5 30 3.86996
-82 30 3.92094
-81.5 30 3.97174
-81 30 3.99626
-119 30.5 3.89632
-118.5 30.5 3.86663
-118 30.5 3.8234
-117.5 30.5 3.79358
-117 30.5 3.78516
-116.5 30.5 3.79295
-116 30.5 3.81535
-115.5 30.5 3.828
-115 30.5 3.82913
-114.5 30.5 3.82987
-114 30.5 3.83765
-113.5 30.5 3.84121
-113 30.5 3.83742
-112.5 30.5 3.8253
-112 30.5 3.8039
-111.5 30.5 3.79189
-111 30.5 3.79074
-110.5 30.5 3.78996
-110 30.5 3.783
-109.5 30.5 3.77609
-109 30.5 3.77437
-108.5 30.5 3.77834
-108 30.5 3.78777
-107.5 30.5 3.79037
-107 30.5 3.78721
-106.5 30.5 3.78008
-106 30.5 3.76979
-105.5 30.5 3.74864
-105 30.5 3.72331
-104.5 30.5 3.6993
-104 30.5 3.6824
-103.5 30.5 3.69122
-103 30.5 3.71218
-102.5 30.5 3.73643
-102 30.5 3.76032
-101.5 30.5 3.77853
-101 30.5 3.79428
-100.5 30.5 3.8086
-100 30.5 3.82238
-99.5 30.5 3.8395
-99 30.5 3.85601
-98.5 30.5 3.86808
-98 30.5 3.87311
-97.5 30.5 3.86595
-97 30.5 3.85628
-96.5 30.5 3.8486
-96 30.5 3.84534
-95.5 30.5 3.84176
-95 30.5 3.84296
-94.5 30.5 3.84561
-94 30.5 3.84286
-93.5 30.5 3.82616
-93 30.5 3.8118
-92.5 30.5 3.80076
-92 30.5 3.79762
-91.5 30.5 3.80775
-91 30.5 3.8143
-90.5 30.5 3.81867
-90 30.5 3.82158
-89.5 30.5 3.82099
-89 30.5 3.82092
-88.5 30.5 3.82331
-88 30.5 3.83283
-87.5 30.5 3.84801
-87 30.5 3.85738
-86.5 30.5 3.8627
-86 30.5 3.86721
-85.5 30.5 3.87213
-85 30.5 3.87828
-84.5 30.5 3.88108
-84 30.5 3.87156
-83.5 30.5 3.85283
-83 30.5 3.85231
-82.5 30.5 3.86753
-82 30.5 3.90183
-81.5 30.5 3.95092
-81 30.5 3.98599
-119 31 3.88285
-118.5 31 3.85414
-118 31 3.82119
-117.5 31 3.79958
-117 31 3.79468
-116.5 31 3.80183
-116 31 3.81606
-115.5 31 3.82324
-115 31 3.82511
-114.5 31 3.82775
-114 31 3.83347
-113.5 31 3.83734
-113 31 3.83283
-112.5 31 3.8198
-112 31 3.8025
-111.5 31 3.79346
-111 31 3.79143
-110.5 31 3.78753
-110 31 3.778
-109.5 31 3.76648
-109 31 3.76184
-108.5 31 3.7644
-108 31 3.77037
-107.5 31 3.77434
-107 31 3.77226
-106.5 31 3.76534
-106 31 3.75202
-105.5 31 3.7283
-105 31 3.70347
-104.5 31 3.68313
-104 31 3.67446
-103.5 31 3.69099
-103 31 3.71567
-102.5 31 3.74155
-102 31 3.76491
-101.5 31 3.782
-101 31 3.79726
-100.5 31 3.81149
-100 31 3.82593
-99.5 31 3.84197
-99 31 3.85754
-98.5 31 3.87016
-98 31 3.87664
-97.5 31 3.87367
-97 31 3.86742
-96.5 31 3.86279
-96 31 3.86082
-95.5 31 3.85783
-95 31 3.85653
-94.5 31 3.8564
-94 31 3.85225
-93.5 31 3.83783
-93 31 3.82127
-92.5 31 3.80674
-92 31 3.79785
-91.5 31 3.80142
-91 31 3.80825
-90.5 31 3.81625
-90 31 3.82477
-89.5 31 3.82771
-89 31 3.8287
-88.5 31 3.83209
-88 31 3.84115
-87.5 31 3.85357
-87 31 3.86279
-86.5 31 3.8689
-86 31 3.87297
-85.5 31 3.87867
-85 31 3.88446
-84.5 31 3.88619
-84 31 3.87949
-83.5 31 3.86865
-83 31 3.86793
-82.5 31 3.8803
-82 31 3.90613
-81.5 31 3.94387
-81 31 3.97862
-119 31.5 3.87374
-118.5 31.5 3.84848
-118 31.5 3.82312
-117.5 31.5 3.80653
-117 31.5 3.80234
-116.5 31.5 3.807
-116 31.5 3.81301
-115.5 31.5 3.81413
-115 31.5 3.81628
-114.5 31.5 3.8196
-114 31.5 3.82633
-113.5 31.5 3.8327
-113 31.5 3.82736
-112.5 31.5 3.81488
-112 31.5 3.80194
-111.5 31.5 3.79476
-111 31.5 3.79105
-110.5 31.5 3.78525
-110 31.5 3.77165
-109.5 31.5 3.75241
-109 31.5 3.74558
-108.5 31.5 3.74618
-108 31.5 3.75044
-107.5 31.5 3.75416
-107 31.5 3.75182
-106.5 31.5 3.74438
-106 31.5 3.72996
-105.5 31.5 3.70585
-105 31.5 3.68808
-104.5 31.5 3.67726
-104 31.5 3.67853
-103.5 31.5 3.70587
-103 31.5 3.73094
-102.5 31.5 3.75313
-102 31.5 3.77287
-101.5 31.5 3.78583
-101 31.5 3.79934
-100.5 31.5 3.81318
-100 31.5 3.82773
-99.5 31.5 3.84154
-99 31.5 3.85456
-98.5 31.5 3.86581
-98 31.5 3.87349
-97.5 31.5 3.87191
-97 31.5 3.86725
-96.5 31.5 3.86381
-96 31.5 3.86403
-95.5 31.5 3.8612
-95 31.5 3.85927
-94.5 31.5 3.85817
-94 31.5 3.85644
-93.5 31.5 3.84677
-93 31.5 3.83366
-92.5 31.5 3.81963
-92 31.5 3.80541
-91.5 31.5 3.80262
-91 31.5 3.8065
-90.5 31.5 3.81468
-90 31.5 3.82799
-89.5 31.5 3.8348
-89 31.5 3.83663
-88.5 31.5 3.84007
-88 31.5 3.84925
-87.5 31.5 3.85974
-87 31.5 3.8679
-86.5 31.5 3.87303
-86 31.5 3.87527
-85.5 31.5 3.87961
-85 31.5 3.88582
-84.5 31.5 3.88847
-84 31.5 3.88484
-83.5 31.5 3.88171
-83 31.5 3.88601
-82.5 31.5 3.89868
-82 31.5 3.91801
-81.5 31.5 3.94637
-81 31.5 3.97778
-119 32 3.86607
-118.5 32 3.84352
-118 32 3.82244
-117.5 32 3.80939
-117 32 3.80615
-116.5 32 3.808
-116 32 3.80571
-115.5 32 3.80406
-115 32 3.80848
-114.5 32 3.8141
-114 32 3.82521
-113.5 32 3.83005
-113 32 3.82008
-112.5 32 3.80694
-112 32 3.79611
-111.5 32 3.79002
-111 32 3.78505
-110.5 32 3.77649
-110 32 3.75254
-109.5 32 3.73156
-109 32 3.72741
-108.5 32 3.72908
-108 32 3.73331
-107.5 32 3.73345
-107 32 3.72588
-106.5 32 3.71503
-106 32 3.69568
-105.5 32 3.68124
-105 32 3.68069
-104.5 32 3.68901
-104 32 3.71546
-103.5 32 3.74219
-103 32 3.7555
-102.5 32 3.7662
-102 32 3.77513
-101.5 32 3.7857
-101 32 3.79855
-100.5 32 3.81259
-100 32 3.82563
-99.5 32 3.83732
-99 32 3.8465
-98.5 32 3.85443
-98 32 3.85954
-97.5 32 3.86099
-97 32 3.85718
-96.5 32 3.85291
-96 32 3.85177
-95.5 32 3.85317
-95 32 3.85218
-94.5 32 3.85159
-94 32 3.85259
-93.5 32 3.85185
-93 32 3.84614
-92.5 32 3.83912
-92 32 3.82511
-91.5 32 3.81257
-91 32 3.80999
-90.5 32 3.81319
-90 32 3.82628
-89.5 32 3.83942
-89 32 3.84229
-88.5 32 3.84431
-88 32 3.85196
-87.5 32 3.86261
-87 32 3.87023
-86.5 32 3.87557
-86 32 3.8763
-85.5 32 3.87768
-85 32 3.88421
-84.5 32 3.89045
-84 32 3.89113
-83.5 32 3.89267
-83 32 3.90319
-82.5 32 3.9198
-82 32 3.93529
-81.5 32 3.9547
-81 32 3.98208
-119 32.5 3.85812
-118.5 32.5 3.83666
-118 32.5 3.81967
-117.5 32.5 3.8108
-117 32.5 3.80639
-116.5 32.5 3.80366
-116 32.5 3.80072
-115.5 32.5 3.8032
-115 32.5 3.8107
-114.5 32.5 3.81782
-114 32.5 3.82329
-113.5 32.5 3.8171
-113 32.5 3.80433
-112.5 32.5 3.79193
-112 32.5 3.78387
-111.5 32.5 3.77882
-111 32.5 3.77271
-110.5 32.5 3.75928
-110 32.5 3.73599
-109.5 32.5 3.72138
-109 32.5 3.7192
-108.5 32.5 3.72003
-108 32.5 3.71885
-107.5 32.5 3.70786
-107 32.5 3.694
-106.5 32.5 3.67945
-106 32.5 3.66569
-105.5 32.5 3.66924
-105 32.5 3.68568
-104.5 32.5 3.71338
-104 32.5 3.7532
-103.5 32.5 3.76938
-103 32.5 3.77421
-102.5 32.5 3.77545
-102 32.5 3.77655
-101.5 32.5 3.78558
-101 32.5 3.7986
-100.5 32.5 3.81163
-100 32.5 3.82322
-99.5 32.5 3.8315
-99 32.5 3.83851
-98.5 32.5 3.84283
-98 32.5 3.84577
-97.5 32.5 3.84808
-97 32.5 3.84613
-96.5 32.5 3.84099
-96 32.5 3.83732
-95.5 32.5 3.84025
-95 32.5 3.84284
-94.5 32.5 3.84431
-94 32.5 3.8471
-93.5 32.5 3.85152
-93 32.5 3.85303
-92.5 32.5 3.85174
-92 32.5 3.84606
-91.5 32.5 3.83264
-91 32.5 3.82512
-90.5 32.5 3.82365
-90 32.5 3.83039
-89.5 32.5 3.8432
-89 32.5 3.84924
-88.5 32.5 3.85084
-88 32.5 3.8536
-87.5 32.5 3.86083
-87 32.5 3.86769
-86.5 32.5 3.87223
-86 32.5 3.87305
-85.5 32.5 3.8733
-85 32.5 3.87846
-84.5 32.5 3.88629
-84 32.5 3.89358
-83.5 32.5 3.90088
-83 32.5 3.91404
-82.5 32.5 3.93188
-82 32.5 3.95045
-81.5 32.5 3.96802
-81 32.5 3.99054
-119 33 3.84978
-118.5 33 3.82951
-118 33 3.8172
-117.5 33 3.81277
-117 33 3.80711
-116.5 33 3.8023
-116 33 3.80114
-115.5 33 3.8076
-115 33 3.81522
-114.5 33 3.8183
-114 33 3.81232
-113.5 33 3.79557
-113 33 3.78054
-112.5 33 3.77066
-112 33 3.76675
-111.5 33 3.76703
-111 33 3.76275
-110.5 33 3.75069
-110 33 3.73249
-109.5 33 3.7208
-109 33 3.71724
-108.5 33 3.71352
-108 33 3.70216
-107.5 33 3.68106
-107 33 3.66341
-106.5 33 3.65205
-106 33 3.64981
-105.5 33 3.66573
-105 33 3.69072
-104.5 33 3.72381
-104 33 3.75845
-103.5 33 3.77675
-103 33 3.78207
-102.5 33 3.78301
-102 33 3.78341
-101.5 33 3.78969
-101 33 3.79978
-100.5 33 3.81193
-100 33 3.82231
-99.5 33 3.82766
-99 33 3.83141
-98.5 33 3.83605
-98 33 3.84067
-97.5 33 3.84281
-97 33 3.84078
-96.5 33 3.83653
-96 33 3.83245
-95.5 33 3.83412
-95 33 3.83707
-94.5 33 3.84113
-94 33 3.84641
-93.5 33 3.85191
-93 33 3.85523
-92.5 33 3.85751
-92 33 3.85721
-91.5 33 3.85025
-91 33 3.84445
-90.5 33 3.84332
-90 33 3.84803
-89.5 33 3.85766
-89 33 3.86375
-88.5 33 3.86392
-88 33 3.85996
-87.5 33 3.86131
-87 33 3.86492
-86.5 33 3.86673
-86 33 3.86422
-85.5 33 3.8633
-85 33 3.86761
-84.5 33 3.87622
-84 33 3.88799
-83.5 33 3.901
-83 33 3.91711
-82.5 33 3.93627
-82 33 3.95659
-81.5 33 3.9764
-81 33 3.99683
-119 33.5 3.8438
-118.5 33.5 3.82363
-118 33.5 3.81668
-117.5 33.5 3.81829
-117 33.5 3.8096
-116.5 33.5 3.80067
-116 33.5 3.80096
-115.5 33.5 3.81055
-115 33.5 3.81593
-114.5 33.5 3.81344
-114 33.5 3.79503
-113.5 33.5 3.76609
-113 33.5 3.75156
-112.5 33.5 3.74613
-112 33.5 3.74955
-111.5 33.5 3.75791
-111 33.5 3.75594
-110.5 33.5 3.74553
-110 33.5 3.73074
-109.5 33.5 3.71879
-109 33.5 3.71366
-108.5 33.5 3.70573
-108 33.5 3.68439
-107.5 33.5 3.65111
-107 33.5 3.63401
-106.5 33.5 3.62936
-106 33.5 3.63925
-105.5 33.5 3.66727
-105 33.5 3.69603
-104.5 33.5 3.72633
-104 33.5 3.75526
-103.5 33.5 3.77311
-103 33.5 3.7826
-102.5 33.5 3.78579
-102 33.5 3.78753
-101.5 33.5 3.79015
-101 33.5 3.79702
-100.5 33.5 3.80625
-100 33.5 3.8173
-99.5 33.5 3.81769
-99 33.5 3.81988
-98.5 33.5 3.82512
-98 33.5 3.83513
-97.5 33.5 3.83868
-97 33.5 3.8397
-96.5 33.5 3.83697
-96 33.5 3.83229
-95.5 33.5 3.83256
-95 33.5 3.83507
-94.5 33.5 3.83878
-94 33.5 3.84559
-93.5 33.5 3.85053
-93 33.5 3.85356
-92.5 33.5 3.85675
-92 33.5 3.86335
-91.5 33.5 3.86393
-91 33.5 3.86259
-90.5 33.5 3.86425
-90 33.5 3.86978
-89.5 33.5 3.87868
-89 33.5 3.88567
-88.5 33.5 3.88468
-88 33.5 3.87171
-87.5 33.5 3.86523
-87 33.5 3.86597
-86.5 33.5 3.8645
-86 33.5 3.85616
-85.5 33.5 3.85096
-85 33.5 3.85355
-84.5 33.5 3.86209
-84 33.5 3.87745
-83.5 33.5 3.8946
-83 33.5 3.91273
-82.5 33.5 3.93386
-82 33.5 3.95723
-81.5 33.5 3.97953
-81 33.5 3.99995
-119 34 3.84237
-118.5 34 3.82198
-118 34 3.82522
-117.5 34 3.82803
-117 34 3.80872
-116.5 34 3.79327
-116 34 3.79667
-115.5 34 3.80641
-115 34 3.80586
-114.5 34 3.79739
-114 34 3.76259
-113.5 34 3.73045
-113 34 3.72481
-112.5 34 3.72659
-112 34 3.74153
-111.5 34 3.75401
-111 34 3.74896
-110.5 34 3.73767
-110 34 3.72163
-109.5 34 3.71028
-109 34 3.70411
-108.5 34 3.69164
-108 34 3.65282
-107.5 34 3.61749
-107 34 3.61006
-106.5 34 3.61692
-106 34 3.64487
-105.5 34 3.67804
-105 34 3.70002
-104.5 34 3.72392
-104 34 3.74639
-103.5 34 3.76544
-103 34 3.77768
-102.5 34 3.78493
-102 34 3.7859
-101.5 34 3.78646
-101 34 3.78625
-100.5 34 3.79125
-100 34 3.79452
-99.5 34 3.79753
-99 34 3.79886
-98.5 34 3.80568
-98 34 3.81751
-97.5 34 3.83127
-97 34 3.83876
-96.5 34 3.84323
-96 34 3.84082
-95.5 34 3.83696
-95 34 3.83618
-94.5 34 3.83779
-94 34 3.84274
-93.5 34 3.84805
-93 34 3.84886
-92.5 34 3.85024
-92 34 3.85956
-91.5 34 3.87062
-91 34 3.87525
-90.5 34 3.88207
-90 34 3.89013
-89.5 34 3.89996
-89 34 3.90995
-88.5 34 3.91333
-88 34 3.89464
-87.5 34 3.87431
-87 34 3.87171
-86.5 34 3.86958
-86 34 3.85557
-85.5 34 3.84166
-85 34 3.8403
-84.5 34 3.84601
-84 34 3.86205
-83.5 34 3.88265
-83 34 3.90197
-82.5 34 3.92546
-82 34 3.95271
-81.5 34 3.9789
-81 34 3.99958
-119 34.5 3.85105
-118.5 34.5 3.83563
-118 34.5 3.82853
-117.5 34.5 3.81347
-117 34.5 3.79154
-116.5 34.5 3.77731
-116 34.5 3.77815
-115.5 34.5 3.78061
-115 34.5 3.7749
-114.5 34.5 3.75972
-114 34.5 3.73271
-113.5 34.5 3.7182
-113 34.5 3.71825
-112.5 34.5 3.72438
-112 34.5 3.73691
-111.5 34.5 3.74075
-111 34.5 3.73362
-110.5 34.5 3.72168
-110 34.5 3.70928
-109.5 34.5 3.70078
-109 34.5 3.69146
-108.5 34.5 3.66984
-108 34.5 3.63206
-107.5 34.5 3.60842
-107 34.5 3.60781
-106.5 34.5 3.62279
-106 34.5 3.65314
-105.5 34.5 3.67496
-105 34.5 3.69334
-104.5 34.5 3.71297
-104 34.5 3.73489
-103.5 34.5 3.75467
-103 34.5 3.77217
-102.5 34.5 3.7813
-102 34.5 3.78429
-101.5 34.5 3.77709
-101 34.5 3.77613
-100.5 34.5 3.77493
-100 34.5 3.77544
-99.5 34.5 3.77635
-99 34.5 3.78175
-98.5 34.5 3.78957
-98 34.5 3.80376
-97.5 34.5 3.82353
-97 34.5 3.83924
-96.5 34.5 3.84828
-96 34.5 3.85201
-95.5 34.5 3.84693
-95 34.5 3.84368
-94.5 34.5 3.84239
-94 34.5 3.84446
-93.5 34.5 3.84828
-93 34.5 3.84929
-92.5 34.5 3.84983
-92 34.5 3.85582
-91.5 34.5 3.8686
-91 34.5 3.87951
-90.5 34.5 3.89096
-90 34.5 3.90357
-89.5 34.5 3.91467
-89 34.5 3.92378
-88.5 34.5 3.92538
-88 34.5 3.91263
-87.5 34.5 3.89044
-87 34.5 3.8789
-86.5 34.5 3.87042
-86 34.5 3.85706
-85.5 34.5 3.84112
-85 34.5 3.83478
-84.5 34.5 3.83615
-84 34.5 3.84641
-83.5 34.5 3.86421
-83 34.5 3.88519
-82.5 34.5 3.91201
-82 34.5 3.94492
-81.5 34.5 3.97517
-81 34.5 3.99745
-119 35 3.85759
-118.5 35 3.84002
-118 35 3.81564
-117.5 35 3.78393
-117 35 3.75838
-116.5 35 3.74542
-116 35 3.74491
-115.5 35 3.74651
-115 35 3.74048
-114.5 35 3.72911
-114 35 3.71866
-113.5 35 3.71956
-113 35 3.72244
-112.5 35 3.72588
-112 35 3.72808
-111.5 35 3.72331
-111 35 3.71447
-110.5 35 3.7058
-110 35 3.7
-109.5 35 3.6984
-109 35 3.68895
-108.5 35 3.66697
-108 35 3.63544
-107.5 35 3.61566
-107 35 3.61401
-106.5 35 3.62625
-106 35 3.64441
-105.5 35 3.6582
-105 35 3.67409
-104.5 35 3.69547
-104 35 3.71852
-103.5 35 3.74418
-103 35 3.76418
-102.5 35 3.77782
-102 35 3.77783
-101.5 35 3.76854
-101 35 3.76295
-100.5 35 3.76434
-100 35 3.77039
-99.5 35 3.76567
-99 35 3.76922
-98.5 35 3.78292
-98 35 3.80492
-97.5 35 3.82618
-97 35 3.84259
-96.5 35 3.85444
-96 35 3.85891
-95.5 35 3.85782
-95 35 3.85453
-94.5 35 3.85334
-94 35 3.85433
-93.5 35 3.85646
-93 35 3.85693
-92.5 35 3.85716
-92 35 3.85994
-91.5 35 3.86871
-91 35 3.8795
-90.5 35 3.89279
-90 35 3.90761
-89.5 35 3.91986
-89 35 3.92668
-88.5 35 3.92523
-88 35 3.91281
-87.5 35 3.89493
-87 35 3.88057
-86.5 35 3.86777
-86 35 3.85334
-85.5 35 3.83948
-85 35 3.83108
-84.5 35 3.82916
-84 35 3.83381
-83.5 35 3.84536
-83 35 3.86439
-82.5 35 3.89443
-82 35 3.93524
-81.5 35 3.97134
-81 35 3.99367
-119 35.5 3.85814
-118.5 35.5 3.83764
-118 35.5 3.79519
-117.5 35.5 3.74473
-117 35.5 3.71722
-116.5 35.5 3.70703
-116 35.5 3.71072
-115.5 35.5 3.71669
-115 35.5 3.71241
-114.5 35.5 3.7054
-114 35.5 3.71186
-113.5 35.5 3.72885
-113 35.5 3.7316
-112.5 35.5 3.7278
-112 35.5 3.71852
-111.5 35.5 3.70553
-111 35.5 3.69623
-110.5 35.5 3.69128
-110 35.5 3.69566
-109.5 35.5 3.70401
-109 35.5 3.69639
-108.5 35.5 3.67413
-108 35.5 3.64513
-107.5 35.5 3.6232
-107 35.5 3.61773
-106.5 35.5 3.62271
-106 35.5 3.62788
-105.5 35.5 3.62934
-105 35.5 3.64653
-104.5 35.5 3.67105
-104 35.5 3.69928
-103.5 35.5 3.72802
-103 35.5 3.75193
-102.5 35.5 3.76354
-102 35.5 3.76292
-101.5 35.5 3.74124
-101 35.5 3.72953
-100.5 35.5 3.72897
-100 35.5 3.74659
-99.5 35.5 3.73426
-99 35.5 3.74219
-98.5 35.5 3.7649
-98 35.5 3.8019
-97.5 35.5 3.82694
-97 35.5 3.84623
-96.5 35.5 3.85939
-96 35.5 3.86661
-95.5 35.5 3.86852
-95 35.5 3.86826
-94.5 35.5 3.86703
-94 35.5 3.8681
-93.5 35.5 3.86959
-93 35.5 3.87004
-92.5 35.5 3.86898
-92 35.5 3.86655
-91.5 35.5 3.86941
-91 35.5 3.8775
-90.5 35.5 3.88909
-90 35.5 3.90511
-89.5 35.5 3.91755
-89 35.5 3.92268
-88.5 35.5 3.91887
-88 35.5 3.90664
-87.5 35.5 3.89092
-87 35.5 3.87685
-86.5 35.5 3.86313
-86 35.5 3.84916
-85.5 35.5 3.83673
-85 35.5 3.82835
-84.5 35.5 3.82399
-84 35.5 3.82261
-83.5 35.5 3.82763
-83 35.5 3.84217
-82.5 35.5 3.87138
-82 35.5 3.92261
-81.5 35.5 3.96643
-81 35.5 3.98876
-119 36 3.84983
-118.5 36 3.82909
-118 36 3.76527
-117.5 36 3.70221
-117 36 3.68049
-116.5 36 3.67538
-116 36 3.68839
-115.5 36 3.70044
-115 36 3.69526
-114.5 36 3.69009
-114 36 3.71634
-113.5 36 3.74262
-113 36 3.7356
-112.5 36 3.72302
-112 36 3.70399
-111.5 36 3.68776
-111 36 3.68198
-110.5 36 3.68219
-110 36 3.70164
-109.5 36 3.7186
-109 36 3.70737
-108.5 36 3.68247
-108 36 3.64909
-107.5 36 3.62328
-107 36 3.61173
-106.5 36 3.60866
-106 36 3.595
-105.5 36 3.59326
-105 36 3.61597
-104.5 36 3.64711
-104 36 3.67994
-103.5 36 3.7132
-103 36 3.73161
-102.5 36 3.73794
-102 36 3.71423
-101.5 36 3.69118
-101 36 3.67326
-100.5 36 3.65306
-100 36 3.63923
-99.5 36 3.66294
-99 36 3.6975
-98.5 36 3.73319
-98 36 3.77549
-97.5 36 3.81956
-97 36 3.84457
-96.5 36 3.86373
-96 36 3.87507
-95.5 36 3.88
-95 36 3.881
-94.5 36 3.88152
-94 36 3.88195
-93.5 36 3.8832
-93 36 3.88384
-92.5 36 3.88409
-92 36 3.87717
-91.5 36 3.87119
-91 36 3.87412
-90.5 36 3.88173
-90 36 3.89629
-89.5 36 3.9097
-89 36 3.91261
-88.5 36 3.90903
-88 36 3.89762
-87.5 36 3.88317
-87 36 3.87007
-86.5 36 3.85785
-86 36 3.84527
-85.5 36 3.83431
-85 36 3.82679
-84.5 36 3.8225
-84 36 3.81732
-83.5 36 3.81535
-83 36 3.82353
-82.5 36 3.8453
-82 36 3.90164
-81.5 36 3.95877
-81 36 3.97868
-119 36.5 3.82832
-118.5 36.5 3.80024
-118 36.5 3.74195
-117.5 36.5 3.69001
-117 36.5 3.66877
-116.5 36.5 3.66777
-116 36.5 3.6797
-115.5 36.5 3.6892
-115 36.5 3.69201
-114.5 36.5 3.69627
-114 36.5 3.71428
-113.5 36.5 3.72244
-113 36.5 3.7135
-112.5 36.5 3.69989
-112 36.5 3.68594
-111.5 36.5 3.679
-111 36.5 3.6791
-110.5 36.5 3.68657
-110 36.5 3.70769
-109.5 36.5 3.71911
-109 36.5 3.7097
-108.5 36.5 3.68283
-108 36.5 3.64743
-107.5 36.5 3.61538
-107 36.5 3.59549
-106.5 36.5 3.58163
-106 36.5 3.56948
-105.5 36.5 3.57607
-105 36.5 3.60313
-104.5 36.5 3.63472
-104 36.5 3.6707
-103.5 36.5 3.69637
-103 36.5 3.71637
-102.5 36.5 3.71596
-102 36.5 3.692
-101.5 36.5 3.67532
-98.5 36.5 3.73521
-98 36.5 3.77475
-97.5 36.5 3.81995
-97 36.5 3.84982
-96.5 36.5 3.86908
-96 36.5 3.88637
-95.5 36.5 3.89467
-95 36.5 3.89727
-94.5 36.5 3.89612
-94 36.5 3.89565
-93.5 36.5 3.89477
-93 36.5 3.89386
-92.5 36.5 3.89203
-92 36.5 3.88684
-91.5 36.5 3.87879
-91 36.5 3.87653
-90.5 36.5 3.87911
-90 36.5 3.88721
-89.5 36.5 3.89606
-89 36.5 3.89808
-88.5 36.5 3.89448
-88 36.5 3.88622
-87.5 36.5 3.87435
-87 36.5 3.86265
-86.5 36.5 3.85156
-86 36.5 3.84201
-85.5 36.5 3.833
-85 36.5 3.8258
-84.5 36.5 3.82141
-84 36.5 3.81877
-83.5 36.5 3.81811
-83 36.5 3.82476
-82.5 36.5 3.84426
-82 36.5 3.88637
-81.5 36.5 3.93382
-81 36.5 3.95928
-119 37 3.81059
-118.5 37 3.78249
-118 37 3.73222
-117.5 37 3.68747
-117 37 3.6689
-116.5 37 3.66809
-116 37 3.67609
-115.5 37 3.68453
-115 37 3.69133
-114.5 37 3.69592
-114 37 3.69656
-113.5 37 3.68811
-113 37 3.67741
-112.5 37 3.66963
-112 37 3.66802
-111.5 37 3.67191
-111 37 3.67699
-110.5 37 3.68772
-110 37 3.7048
-109.5 37 3.71584
-109 37 3.70717
-108.5 37 3.68055
-108 37 3.64156
-107.5 37 3.6042
-107 37 3.57887
-106.5 37 3.565
-106 37 3.56125
-105.5 37 3.57788
-105 37 3.60362
-104.5 37 3.63514
-104 37 3.66232
-103.5 37 3.69001
-103 37 3.7191
-97 37 3.86548
-96.5 37 3.87664
-96 37 3.89693
-95.5 37 3.90949
-95 37 3.91229
-94.5 37 3.9103
-94 37 3.90712
-93.5 37 3.90361
-93 37 3.8994
-92.5 37 3.8954
-92 37 3.89055
-91.5 37 3.88432
-91 37 3.87974
-90.5 37 3.87873
-90 37 3.88097
-89.5 37 3.88378
-89 37 3.88306
-88.5 37 3.87951
-88 37 3.87391
-87.5 37 3.86513
-87 37 3.85464
-86.5 37 3.84558
-86 37 3.83928
-85.5 37 3.83265
-85 37 3.82624
-84.5 37 3.82301
-84 37 3.82492
-83.5 37 3.82826
-83 37 3.83528
-82.5 37 3.85316
-82 37 3.885
-81.5 37 3.92011
-81 37 3.94222
-119 37.5 3.79637
-118.5 37.5 3.77311
-118 37.5 3.72647
-117.5 37.5 3.68252
-117 37.5 3.66869
-116.5 37.5 3.67146
-116 37.5 3.67687
-115.5 37.5 3.68227
-115 37.5 3.692
-114.5 37.5 3.69469
-114 37.5 3.67754
-113.5 37.5 3.65099
-113 37.5 3.63931
-112.5 37.5 3.63873
-112 37.5 3.651
-111.5 37.5 3.66757
-111 37.5 3.67644
-110.5 37.5 3.68563
-110 37.5 3.70156
-109.5 37.5 3.71278
-109 37.5 3.70404
-108.5 37.5 3.67652
-108 37.5 3.63314
-107.5 37.5 3.58857
-107 37.5 3.56299
-106.5 37.5 3.55246
-106 37.5 3.56173
-105.5 37.5 3.58663
-105 37.5 3.61462
-104.5 37.5 3.63855
-104 37.5 3.65812
-103.5 37.5 3.68371
-96.5 37.5 3.86975
-96 37.5 3.896
-95.5 37.5 3.91836
-95 37.5 3.92272
-94.5 37.5 3.91904
-94 37.5 3.91374
-93.5 37.5 3.90775
-93 37.5 3.90099
-92.5 37.5 3.89492
-92 37.5 3.8915
-91.5 37.5 3.88731
-91 37.5 3.88231
-90.5 37.5 3.87827
-90 37.5 3.87579
-89.5 37.5 3.87325
-89 37.5 3.86988
-88.5 37.5 3.86565
-88 37.5 3.86272
-87.5 37.5 3.85718
-87 37.5 3.8481
-86.5 37.5 3.84014
-86 37.5 3.838
-85.5 37.5 3.8349
-85 37.5 3.82826
-84.5 37.5 3.82537
-84 37.5 3.833
-83.5 37.5 3.84192
-83 37.5 3.84898
-82.5 37.5 3.86298
-82 37.5 3.88798
-81.5 37.5 3.91369
-81 37.5 3.93183
-119 38 3.7802
-118.5 38 3.76393
-118 38 3.71409
-117.5 38 3.67143
-117 38 3.6686
-116.5 38 3.67722
-116 38 3.67851
-115.5 38 3.68192
-115 38 3.695
-114.5 38 3.69758
-114 38 3.66011
-113.5 38 3.6194
-113 38 3.61202
-112.5 38 3.61678
-112 38 3.6435
-111.5 38 3.67036
-111 38 3.67663
-110.5 38 3.68147
-110 38 3.69831
-109.5 38 3.71004
-109 38 3.69707
-108.5 38 3.66875
-108 38 3.61789
-107.5 38 3.57148
-107 38 3.55009
-106.5 38 3.54488
-106 38 3.56794
-105.5 38 3.604
-105 38 3.62301
-104.5 38 3.63814
-104 38 3.63981
-96 38 3.86587
-95.5 38 3.91477
-95 38 3.92395
-94.5 38 3.92048
-94 38 3.91402
-93.5 38 3.90641
-93 38 3.89797
-92.5 38 3.89167
-92 38 3.88993
-91.5 38 3.88846
-91 38 3.88341
-90.5 38 3.87837
-90 38 3.87229
-89.5 38 3.86577
-89 38 3.85964
-88.5 38 3.85498
-88 38 3.85478
-87.5 38 3.85291
-87 38 3.84451
-86.5 38 3.83705
-86 38 3.83888
-85.5 38 3.84068
-85 38 3.83317
-84.5 38 3.8281
-84 38 3.83981
-83.5 38 3.85504
-83 38 3.86075
-82.5 38 3.87081
-82 38 3.8898
-81.5 38 3.9106
-81 38 3.92413
-119 38.5 3.75365
-118.5 38.5 3.73597
-118 38.5 3.70313
-117.5 38.5 3.68015
-117 38.5 3.67764
-116.5 38.5 3.68302
-116 38.5 3.68665
-115.5 38.5 3.69227
-115 38.5 3.69979
-114.5 38.5 3.69251
-114 38.5 3.65723
-113.5 38.5 3.62347
-113 38.5 3.61476
-112.5 38.5 3.62317
-112 38.5 3.64485
-111.5 38.5 3.66412
-111 38.5 3.6744
-110.5 38.5 3.68101
-110 38.5 3.6899
-109.5 38.5 3.6897
-109 38.5 3.67614
-108.5 38.5 3.64852
-108 38.5 3.6061
-107.5 38.5 3.5693
-107 38.5 3.55277
-106.5 38.5 3.55309
-106 38.5 3.57737
-105.5 38.5 3.60225
-105 38.5 3.62002
-104.5 38.5 3.62323
-95.5 38.5 3.88918
-95 38.5 3.91724
-94.5 38.5 3.91981
-94 38.5 3.91178
-93.5 38.5 3.90129
-93 38.5 3.89318
-92.5 38.5 3.88901
-92 38.5 3.88804
-91.5 38.5 3.88718
-91 38.5 3.8837
-90.5 38.5 3.87859
-90 38.5 3.87158
-89.5 38.5 3.86347
-89 38.5 3.8568
-88.5 38.5 3.85298
-88 38.5 3.85322
-87.5 38.5 3.85276
-87 38.5 3.84836
-86.5 38.5 3.84455
-86 38.5 3.84628
-85.5 38.5 3.84867
-85 38.5 3.84556
-84.5 38.5 3.84294
-84 38.5 3.84883
-83.5 38.5 3.85975
-83 38.5 3.86796
-82.5 38.5 3.87768
-82 38.5 3.89127
-81.5 38.5 3.90512
-81 38.5 3.91727
-119 39 3.72826
-118.5 39 3.71443
-118 39 3.70082
-117.5 39 3.69485
-117 39 3.69397
-116.5 39 3.69682
-116 39 3.70209
-115.5 39 3.71096
-115 39 3.71511
-114.5 39 3.70233
-114 39 3.66929
-113.5 39 3.63957
-113 39 3.63157
-112.5 39 3.63726
-112 39 3.64825
-111.5 39 3.65941
-111 39 3.67047
-110.5 39 3.67704
-110 39 3.67523
-109.5 39 3.66636
-109 39 3.65353
-108.5 39 3.6315
-108 39 3.60034
-107.5 39 3.57307
-107 39 3.56088
-106.5 39 3.56501
-106 39 3.58224
-105.5 39 3.60493
-105 39 3.61633
-95 39 3.91497
-94.5 39 3.92509
-94 39 3.91246
-93.5 39 3.89708
-93 39 3.8892
-92.5 39 3.88711
-92 39 3.88711
-91.5 39 3.88739
-91 39 3.88608
-90.5 39 3.88169
-90 39 3.87379
-89.5 39 3.86504
-89 39 3.85911
-88.5 39 3.85685
-88 39 3.85832
-87.5 39 3.85951
-87 39 3.85813
-86.5 39 3.85801
-86 39 3.86102
-85.5 39 3.86435
-85 39 3.86421
-84.5 39 3.86263
-84 39 3.86231
-83.5 39 3.86688
-83 39 3.87512
-82.5 39 3.88447
-82 39 3.89223
-81.5 39 3.90159
-81 39 3.91202
-119 39.5 3.70819
-118.5 39.5 3.69801
-118 39.5 3.70247
-117.5 39.5 3.71336
-117 39.5 3.71313
-116.5 39.5 3.71238
-116 39.5 3.72019
-115.5 39.5 3.73239
-115 39.5 3.73442
-114.5 39.5 3.72009
-114 39.5 3.68557
-113.5 39.5 3.65461
-113 39.5 3.64869
-112.5 39.5 3.65394
-112 39.5 3.65468
-111.5 39.5 3.65633
-111 39.5 3.66845
-110.5 39.5 3.67565
-110 39.5 3.66389
-109.5 39.5 3.64493
-109 39.5 3.63491
-108.5 39.5 3.6216
-108 39.5 3.59994
-107.5 39.5 3.57959
-107 39.5 3.57324
-106.5 39.5 3.57836
-106 39.5 3.59608
-105.5 39.5 3.61345
-105 39.5 3.62194
-95 39.5 3.92285
-94.5 39.5 3.93759
-94 39.5 3.91559
-93.5 39.5 3.89075
-93 39.5 3.88423
-92.5 39.5 3.88574
-92 39.5 3.88765
-91.5 39.5 3.88938
-91 39.5 3.89113
-90.5 39.5 3.88886
-90 39.5 3.87995
-89.5 39.5 3.86997
-89 39.5 3.86496
-88.5 39.5 3.86433
-88 39.5 3.86777
-87.5 39.5 3.8711
-87 39.5 3.87208
-86.5 39.5 3.8734
-86 39.5 3.87817
-85.5 39.5 3.88319
-85 39.5 3.88555
-84.5 39.5 3.88439
-84 39.5 3.87646
-83.5 39.5 3.87374
-83 39.5 3.8823
-82.5 39.5 3.89243
-82 39.5 3.89517
-81.5 39.5 3.89836
-81 39.5 3.90905
-119 40 3.69547
-118.5 40 3.68441
-118 40 3.70756
-117.5 40 3.73322
-117 40 3.72684
-116.5 40 3.71992
-116 40 3.73184
-115.5 40 3.7478
-115 40 3.74726
-114.5 40 3.73452
-114 40 3.69478
-113.5 40 3.66183
-113 40 3.66283
-112.5 40 3.67173
-112 40 3.66179
-111.5 40 3.65524
-111 40 3.67178
-110.5 40 3.68228
-110 40 3.65856
-109.5 40 3.63114
-109 40 3.62802
-108.5 40 3.62358
-108 40 3.60753
-107.5 40 3.59273
-107 40 3.59175
-106.5 40 3.599
-106 40 3.61573
-105.5 40 3.6353
-105 40 3.64104
-95 40 3.93096
-94.5 40 3.94899
-94 40 3.91623
-93.5 40 3.87866
-93 40 3.87838
-92.5 40 3.88648
-92 40 3.89027
-91.5 40 3.89251
-91 40 3.89837
-90.5 40 3.90035
-90 40 3.8903
-89.5 40 3.87806
-89 40 3.87489
-88.5 40 3.87577
-88 40 3.88073
-87.5 40 3.88563
-87 40 3.88708
-86.5 40 3.8891
-86 40 3.89374
-85.5 40 3.8994
-85 40 3.90303
-84.5 40 3.90384
-84 40 3.88821
-83.5 40 3.87617
-83 40 3.887
-82.5 40 3.90202
-82 40 3.90031
-81.5 40 3.89781
-81 40 3.91035
-119 40.5 3.69725
-118.5 40.5 3.69214
-118 40.5 3.70887
-117.5 40.5 3.72602
-117 40.5 3.72362
-116.5 40.5 3.71897
-116 40.5 3.72809
-115.5 40.5 3.73898
-115 40.5 3.73563
-114.5 40.5 3.7207
-114 40.5 3.69633
-113.5 40.5 3.67857
-113 40.5 3.67438
-112.5 40.5 3.67494
-112 40.5 3.67254
-111.5 40.5 3.67398
-111 40.5 3.68198
-110.5 40.5 3.68278
-110 40.5 3.66611
-109.5 40.5 3.64754
-109 40.5 3.64099
-108.5 40.5 3.63605
-108 40.5 3.62794
-107.5 40.5 3.62151
-107 40.5 3.62279
-106.5 40.5 3.62947
-106 40.5 3.64439
-105.5 40.5 3.6574
-105 40.5 3.6588
-95 40.5 3.90438
-94.5 40.5 3.91995
-94 40.5 3.90192
-93.5 40.5 3.88089
-93 40.5 3.87914
-92.5 40.5 3.88632
-92 40.5 3.89367
-91.5 40.5 3.90026
-91 40.5 3.90684
-90.5 40.5 3.90907
-90 40.5 3.90305
-89.5 40.5 3.89462
-89 40.5 3.89161
-88.5 40.5 3.89293
-88 40.5 3.89667
-87.5 40.5 3.90007
-87 40.5 3.90202
-86.5 40.5 3.90345
-86 40.5 3.90537
-85.5 40.5 3.90667
-85 40.5 3.90751
-84.5 40.5 3.90454
-84 40.5 3.89173
-83.5 40.5 3.88144
-83 40.5 3.88614
-82.5 40.5 3.89768
-82 40.5 3.90549
-81.5 40.5 3.91112
-81 40.5 3.92252
-119 41 3.70101
-118.5 41 3.69636
-118 41 3.70555
-117.5 41 3.71294
-117 41 3.70754
-116.5 41 3.70419
-116 41 3.71324
-115.5 41 3.71996
-115 41 3.7114
-114.5 41 3.69912
-114 41 3.69374
-113.5 41 3.68984
-113 41 3.68147
-112.5 41 3.67815
-112 41 3.68569
-111.5 41 3.6956
-111 41 3.69658
-110.5 41 3.69097
-110 41 3.68162
-109.5 41 3.6718
-109 41 3.66316
-108.5 41 3.65763
-108 41 3.65612
-107.5 41 3.65657
-107 41 3.65857
-106.5 41 3.66574
-106 41 3.67784
-105.5 41 3.68984
-105 41 3.68859
-95 41 3.87568
-94.5 41 3.88969
-94 41 3.88571
-93.5 41 3.87981
-93 41 3.88049
-92.5 41 3.88716
-92 41 3.8971
-91.5 41 3.90805
-91 41 3.91659
-90.5 41 3.91962
-90 41 3.91655
-89.5 41 3.91212
-89 41 3.91051
-88.5 41 3.91134
-88 41 3.91299
-87.5 41 3.91465
-87 41 3.91608
-86.5 41 3.91572
-86 41 3.91253
-85.5 41 3.90934
-85 41 3.90624
-84.5 41 3.89982
-84 41 3.888
-83.5 41 3.87847
-83 41 3.87987
-82.5 41 3.891
-82 41 3.90825
-81.5 41 3.9256
-81 41 3.93814
-119 41.5 3.70587
-118.5 41.5 3.69746
-118 41.5 3.7012
-117.5 41.5 3.70171
-117 41.5 3.68945
-116.5 41.5 3.6812
-116 41.5 3.69272
-115.5 41.5 3.69996
-115 41.5 3.68393
-114.5 41.5 3.66919
-114 41.5 3.68346
-113.5 41.5 3.6963
-113 41.5 3.68112
-112.5 41.5 3.67017
-112 41.5 3.69142
-111.5 41.5 3.71381
-111 41.5 3.70749
-110.5 41.5 3.69431
-110 41.5 3.69354
-109.5 41.5 3.69289
-109 41.5 3.68318
-108.5 41.5 3.67683
-108 41.5 3.68316
-107.5 41.5 3.69105
-107 41.5 3.69385
-106.5 41.5 3.69932
-106 41.5 3.71492
-105.5 41.5 3.7263
-105 41.5 3.7233
-104.5 41.5 3.70457
-95.5 41.5 3.83706
-95 41.5 3.8612
-94.5 41.5 3.87128
-94 41.5 3.87579
-93.5 41.5 3.87989
-93 41.5 3.8818
-92.5 41.5 3.88745
-92 41.5 3.89995
-91.5 41.5 3.91514
-91 41.5 3.9256
-90.5 41.5 3.93079
-90 41.5 3.92977
-89.5 41.5 3.92706
-89 41.5 3.92775
-88.5 41.5 3.92875
-88 41.5 3.92798
-87.5 41.5 3.92694
-87 41.5 3.92741
-86.5 41.5 3.92604
-86 41.5 3.91794
-85.5 41.5 3.90842
-85 41.5 3.90321
-84.5 41.5 3.8958
-84 41.5 3.88317
-83.5 41.5 3.8726
-83 41.5 3.87143
-82.5 41.5 3.8822
-82 41.5 3.91136
-81.5 41.5 3.941
-81 41.5 3.95611
-119 42 3.71593
-118.5 42 3.70056
-118 42 3.70089
-117.5 42 3.69771
-117 42 3.67474
-116.5 42 3.65536
-116 42 3.67166
-115.5 42 3.68446
-115 42 3.65566
-114.5 42 3.6287
-114 42 3.66144
-113.5 42 3.69436
-113 42 3.66545
-112.5 42 3.63938
-112 42 3.67552
-111.5 42 3.71696
-111 42 3.69998
-110.5 42 3.67794
-110 42 3.68749
-109.5 42 3.70151
-109 42 3.69029
-108.5 42 3.68247
-108 42 3.69822
-107.5 42 3.71774
-107 42 3.72027
-106.5 42 3.72373
-106 42 3.74239
-105.5 42 3.75947
-105 42 3.75491
-104.5 42 3.73803
-95.5 42 3.85065
-95 42 3.86342
-94.5 42 3.8683
-94 42 3.87702
-93.5 42 3.88404
-93 42 3.88299
-92.5 42 3.8864
-92 42 3.90166
-91.5 42 3.91977
-91 42 3.93119
-90.5 42 3.93903
-90 42 3.93903
-89.5 42 3.9375
-89 42 3.94072
-88.5 42 3.94316
-88 42 3.93899
-87.5 42 3.93398
-87 42 3.93418
-86.5 42 3.93365
-86 42 3.92057
-85.5 42 3.9064
-85 42 3.90219
-84.5 42 3.89606
-84 42 3.88266
-83.5 42 3.8699
-83 42 3.86697
-82.5 42 3.87639
-82 42 3.91668
-81.5 42 3.95877
-81 42 3.9716
-119 42.5 3.74093
-118.5 42.5 3.72406
-118 42.5 3.70899
-117.5 42.5 3.69277
-117 42.5 3.67185
-116.5 42.5 3.65622
-116 42.5 3.65625
-115.5 42.5 3.65645
-115 42.5 3.63842
-114.5 42.5 3.62195
-114 42.5 3.63179
-113.5 42.5 3.64696
-113 42.5 3.63457
-112.5 42.5 3.62229
-112 42.5 3.63907
-111.5 42.5 3.66518
-111 42.5 3.66502
-110.5 42.5 3.65771
-110 42.5 3.66316
-109.5 42.5 3.67619
-109 42.5 3.67989
-108.5 42.5 3.68522
-108 42.5 3.70223
-107.5 42.5 3.72381
-107 42.5 3.73587
-106.5 42.5 3.74543
-106 42.5 3.76064
-105.5 42.5 3.77391
-105 42.5 3.77087
-104.5 42.5 3.75289
-104 42.5 3.72736
-96 42.5 3.84012
-95.5 42.5 3.86078
-95 42.5 3.87432
-94.5 42.5 3.88015
-94 42.5 3.88381
-93.5 42.5 3.8821
-93 42.5 3.8801
-92.5 42.5 3.88496
-92 42.5 3.89901
-91.5 42.5 3.91523
-91 42.5 3.9281
-90.5 42.5 3.93779
-90 42.5 3.94294
-89.5 42.5 3.94637
-89 42.5 3.95026
-88.5 42.5 3.95102
-88 42.5 3.94511
-87.5 42.5 3.93771
-87 42.5 3.93359
-86.5 42.5 3.93003
-86 42.5 3.92108
-85.5 42.5 3.9121
-85 42.5 3.9071
-84.5 42.5 3.90033
-84 42.5 3.889
-83.5 42.5 3.87921
-83 42.5 3.8782
-82.5 42.5 3.89142
-82 42.5 3.92603
-81.5 42.5 3.96053
-81 42.5 3.97783
-119 43 3.77692
-118.5 43 3.75715
-118 43 3.72618
-117.5 43 3.69828
-117 43 3.68023
-116.5 43 3.66679
-116 43 3.654
-115.5 43 3.6441
-115 43 3.63399
-114.5 43 3.62271
-114 43 3.61302
-113.5 43 3.60956
-113 43 3.60578
-112.5 43 3.60306
-112 43 3.60555
-111.5 43 3.61699
-111 43 3.62669
-110.5 43 3.63313
-110 43 3.63885
-109.5 43 3.65024
-109 43 3.66544
-108.5 43 3.68427
-108 43 3.70695
-107.5 43 3.73008
-107 43 3.74792
-106.5 43 3.76334
-106 43 3.77825
-105.5 43 3.78847
-105 43 3.78329
-104.5 43 3.76224
-104 43 3.7302
-103.5 43 3.71159
-103 43 3.70653
-97 43 3.82877
-96.5 43 3.83322
-96 43 3.84969
-95.5 43 3.87263
-95 43 3.88747
-94.5 43 3.89275
-94 43 3.88774
-93.5 43 3.87666
-93 43 3.87218
-92.5 43 3.87711
-92 43 3.89025
-91.5 43 3.90582
-91 43 3.92054
-90.5 43 3.93325
-90 43 3.94354
-89.5 43 3.95226
-89 43 3.95748
-88.5 43 3.95642
-88 43 3.94774
-87.5 43 3.93667
-87 43 3.92924
-86.5 43 3.92475
-86 43 3.92147
-85.5 43 3.91937
-85 43 3.91606
-84.5 43 3.90967
-84 43 3.9003
-83.5 43 3.89301
-83 43 3.89422
-82.5 43 3.90836
-82 43 3.93578
-81.5 43 3.96393
-81 43 3.98098
-119 43.5 3.81872
-118.5 43.5 3.79969
-118 43.5 3.75183
-117.5 43.5 3.71082
-117 43.5 3.69834
-116.5 43.5 3.69059
-116 43.5 3.66641
-115.5 43.5 3.64752
-115 43.5 3.64599
-114.5 43.5 3.64027
-114 43.5 3.61102
-113.5 43.5 3.58995
-113 43.5 3.59265
-112.5 43.5 3.59741
-112 43.5 3.58648
-111.5 43.5 3.58498
-111 43.5 3.60276
-110.5 43.5 3.62068
-110 43.5 3.62511
-109.5 43.5 3.63547
-109 43.5 3.65987
-108.5 43.5 3.68909
-108 43.5 3.7171
-107.5 43.5 3.74227
-107 43.5 3.76306
-106.5 43.5 3.77979
-106 43.5 3.7962
-105.5 43.5 3.80455
-105 43.5 3.79949
-104.5 43.5 3.77754
-104 43.5 3.74044
-103.5 43.5 3.71813
-103 43.5 3.70987
-102.5 43.5 3.69178
-102 43.5 3.65348
-98 43.5 3.76802
-97.5 43.5 3.81686
-97 43.5 3.83858
-96.5 43.5 3.84753
-96 43.5 3.86345
-95.5 43.5 3.88799
-95 43.5 3.90131
-94.5 43.5 3.90234
-94 43.5 3.88751
-93.5 43.5 3.86445
-93 43.5 3.85772
-92.5 43.5 3.86407
-92 43.5 3.87789
-91.5 43.5 3.89426
-91 43.5 3.91129
-90.5 43.5 3.92737
-90 43.5 3.94239
-89.5 43.5 3.955
-89 43.5 3.96175
-88.5 43.5 3.96036
-88 43.5 3.94814
-87.5 43.5 3.93219
-87 43.5 3.92304
-86.5 43.5 3.91911
-86 43.5 3.92238
-85.5 43.5 3.92739
-85 43.5 3.92631
-84.5 43.5 3.92122
-84 43.5 3.91315
-83.5 43.5 3.90695
-83 43.5 3.90972
-82.5 43.5 3.9226
-82 43.5 3.94595
-81.5 43.5 3.96889
-81 43.5 3.98512
-119 44 3.85612
-118.5 44 3.84705
-118 44 3.78443
-117.5 44 3.72711
-117 44 3.72633
-116.5 44 3.73147
-116 44 3.69672
-115.5 44 3.66462
-115 44 3.67459
-114.5 44 3.68153
-114 44 3.63433
-113.5 44 3.59019
-113 44 3.60141
-112.5 44 3.61767
-112 44 3.5946
-111.5 44 3.57526
-111 44 3.60117
-110.5 44 3.63313
-110 44 3.63745
-109.5 44 3.64088
-109 44 3.67249
-108.5 44 3.70847
-108 44 3.73936
-107.5 44 3.76389
-107 44 3.78284
-106.5 44 3.79608
-106 44 3.80978
-105.5 44 3.81909
-105 44 3.81676
-104.5 44 3.80411
-104 44 3.77131
-103.5 44 3.74698
-103 44 3.74709
-102.5 44 3.74403
-102 44 3.7124
-101.5 44 3.69327
-101 44 3.70483
-100.5 44 3.70966
-100 44 3.71301
-99.5 44 3.74389
-99 44 3.77644
-98.5 44 3.79562
-98 44 3.83403
-97.5 44 3.875
-97 44 3.88143
-96.5 44 3.87932
-96 44 3.89135
-95.5 44 3.90733
-95 44 3.90861
-94.5 44 3.90124
-94 44 3.87104
-93.5 44 3.84178
-93 44 3.8395
-92.5 44 3.84937
-92 44 3.8649
-91.5 44 3.88336
-91 44 3.90347
-90.5 44 3.92199
-90 44 3.94012
-89.5 44 3.95481
-89 44 3.96184
-88.5 44 3.96118
-88 44 3.94448
-87.5 44 3.92548
-87 44 3.91774
-86.5 44 3.91564
-86 44 3.92533
-85.5 44 3.93509
-85 44 3.93419
-84.5 44 3.93113
-84 44 3.92359
-83.5 44 3.91881
-83 44 3.92377
-82.5 44 3.93592
-82 44 3.95525
-81.5 44 3.97409
-81 44 3.98691
-119 44.5 3.86507
-118.5 44.5 3.85111
-118 44.5 3.81168
-117.5 44.5 3.77054
-117 44.5 3.75818
-116.5 44.5 3.75305
-116 44.5 3.73313
-115.5 44.5 3.71024
-115 44.5 3.70732
-114.5 44.5 3.70135
-114 44.5 3.66879
-113.5 44.5 3.63113
-113 44.5 3.62613
-112.5 44.5 3.63004
-112 44.5 3.6188
-111.5 44.5 3.605
-111 44.5 3.61907
-110.5 44.5 3.64604
-110 44.5 3.66785
-109.5 44.5 3.68192
-109 44.5 3.70735
-108.5 44.5 3.73907
-108 44.5 3.77264
-107.5 44.5 3.79675
-107 44.5 3.81006
-106.5 44.5 3.81504
-106 44.5 3.81903
-105.5 44.5 3.82262
-105 44.5 3.8214
-104.5 44.5 3.81415
-104 44.5 3.80005
-103.5 44.5 3.78235
-103 44.5 3.7832
-102.5 44.5 3.79187
-102 44.5 3.79581
-101.5 44.5 3.77874
-101 44.5 3.78845
-100.5 44.5 3.81722
-100 44.5 3.86047
-99.5 44.5 3.85811
-99 44.5 3.86687
-98.5 44.5 3.88744
-98 44.5 3.92609
-97.5 44.5 3.93141
-97 44.5 3.9224
-96.5 44.5 3.91314
-96 44.5 3.91462
-95.5 44.5 3.91074
-95 44.5 3.89991
-94.5 44.5 3.8806
-94 44.5 3.85021
-93.5 44.5 3.83149
-93 44.5 3.8289
-92.5 44.5 3.83817
-92 44.5 3.85514
-91.5 44.5 3.87732
-91 44.5 3.89998
-90.5 44.5 3.91965
-90 44.5 3.9364
-89.5 44.5 3.94736
-89 44.5 3.954
-88.5 44.5 3.95262
-88 44.5 3.93869
-87.5 44.5 3.92384
-87 44.5 3.91957
-86.5 44.5 3.92167
-86 44.5 3.92737
-85.5 44.5 3.92984
-85 44.5 3.93186
-84.5 44.5 3.93318
-84 44.5 3.93039
-83.5 44.5 3.9294
-83 44.5 3.93898
-82.5 44.5 3.95222
-82 44.5 3.96327
-81.5 44.5 3.97119
-81 44.5 3.98295
-119 45 3.85975
-118.5 45 3.84438
-118 45 3.82531
-117.5 45 3.80258
-117 45 3.78376
-116.5 45 3.77107
-116 45 3.76102
-115.5 45 3.74932
-115 45 3.73725
-114.5 45 3.72067
-114 45 3.69489
-113.5 45 3.66748
-113 45 3.65227
-112.5 45 3.64539
-112 45 3.63919
-111.5 45 3.63254
-111 45 3.63858
-110.5 45 3.66099
-110 45 3.69612
-109.5 45 3.72222
-109 45 3.74242
-108.5 45 3.76945
-108 45 3.80573
-107.5 45 3.82932
-107 45 3.83523
-106.5 45 3.8318
-106 45 3.82556
-105.5 45 3.8216
-105 45 3.81677
-104.5 45 3.8103
-104 45 3.80148
-103.5 45 3.79427
-103 45 3.79691
-102.5 45 3.8082
-102 45 3.81888
-101.5 45 3.82123
-101 45 3.83589
-100.5 45 3.86817
-100 45 3.90617
-99.5 45 3.91404
-99 45 3.92081
-98.5 45 3.93843
-98 45 3.95999
-97.5 45 3.95725
-97 45 3.94205
-96.5 45 3.92846
-96 45 3.91904
-95.5 45 3.90679
-95 45 3.89002
-94.5 45 3.86825
-94 45 3.84423
-93.5 45 3.82972
-93 45 3.82626
-92.5 45 3.83346
-92 45 3.85085
-91.5 45 3.87576
-91 45 3.89879
-90.5 45 3.91745
-90 45 3.92893
-89.5 45 3.93601
-89 45 3.94256
-88.5 45 3.94221
-88 45 3.9301
-87.5 45 3.91875
-87 45 3.91909
-86.5 45 3.92286
-86 45 3.92076
-85.5 45 3.91688
-85 45 3.92225
-84.5 45 3.92902
-84 45 3.93013
-83.5 45 3.93498
-83 45 3.95109
-82.5 45 3.96498
-82 45 3.9658
-81.5 45 3.96294
-81 45 3.97481
-119 45.5 3.85162
-118.5 45.5 3.83284
-118 45.5 3.83294
-117.5 45.5 3.82595
-117 45.5 3.80011
-116.5 45.5 3.77903
-116 45.5 3.78125
-115.5 45.5 3.78003
-115 45.5 3.76047
-114.5 45.5 3.73581
-114 45.5 3.71731
-113.5 45.5 3.69652
-113 45.5 3.67466
-112.5 45.5 3.65974
-112 45.5 3.65862
-111.5 45.5 3.65529
-111 45.5 3.65174
-110.5 45.5 3.66646
-110 45.5 3.71623
-109.5 45.5 3.75183
-109 45.5 3.76286
-108.5 45.5 3.78024
-108 45.5 3.82381
-107.5 45.5 3.84956
-107 45.5 3.84922
-106.5 45.5 3.83902
-106 45.5 3.82651
-105.5 45.5 3.81602
-105 45.5 3.80785
-104.5 45.5 3.79992
-104 45.5 3.79365
-103.5 45.5 3.78919
-103 45.5 3.79346
-102.5 45.5 3.80463
-102 45.5 3.81957
-101.5 45.5 3.82857
-101 45.5 3.84686
-100.5 45.5 3.87695
-100 45.5 3.91254
-99.5 45.5 3.92554
-99 45.5 3.93962
-98.5 45.5 3.95797
-98 45.5 3.97238
-97.5 45.5 3.96487
-97 45.5 3.9493
-96.5 45.5 3.93336
-96 45.5 3.91948
-95.5 45.5 3.90437
-95 45.5 3.88679
-94.5 45.5 3.86677
-94 45.5 3.84838
-93.5 45.5 3.8372
-93 45.5 3.83201
-92.5 45.5 3.8357
-92 45.5 3.85252
-91.5 45.5 3.87894
-91 45.5 3.89944
-90.5 45.5 3.91329
-90 45.5 3.91802
-89.5 45.5 3.9179
-89 45.5 3.92412
-88.5 45.5 3.92615
-88 45.5 3.91476
-87.5 45.5 3.90114
-87 45.5 3.90595
-86.5 45.5 3.91388
-86 45.5 3.90506
-85.5 45.5 3.89109
-85 45.5 3.90153
-84.5 45.5 3.91735
-84 45.5 3.92254
-83.5 45.5 3.92791
-83 45.5 3.95192
-82.5 45.5 3.97292
-82 45.5 3.96352
-81.5 45.5 3.94638
-81 45.5 3.96266
-119 46 3.85343
-118.5 46 3.82166
-118 46 3.83396
-117.5 46 3.84409
-117 46 3.8061
-116.5 46 3.77156
-116 46 3.78418
-115.5 46 3.80007
-115 46 3.77329
-114.5 46 3.74141
-114 46 3.73004
-113.5 46 3.72066
-113 46 3.69392
-112.5 46 3.67087
-112 46 3.67333
-111.5 46 3.6773
-111 46 3.66125
-110.5 46 3.65589
-110 46 3.7078
-109.5 46 3.76067
-109 46 3.75947
-108.5 46 3.75863
-108 46 3.80026
-107.5 46 3.84261
-107 46 3.84342
-106.5 46 3.83471
-106 46 3.82231
-105.5 46 3.81058
-105 46 3.80006
-104.5 46 3.78895
-104 46 3.78127
-103.5 46 3.77929
-103 46 3.78326
-102.5 46 3.79228
-102 46 3.80621
-101.5 46 3.82027
-101 46 3.83699
-100.5 46 3.85896
-100 46 3.88656
-99.5 46 3.91158
-99 46 3.93696
-98.5 46 3.96039
-98 46 3.97174
-97.5 46 3.9656
-97 46 3.95203
-96.5 46 3.93632
-96 46 3.92177
-95.5 46 3.90811
-95 46 3.89373
-94.5 46 3.87758
-94 46 3.86478
-93.5 46 3.8557
-93 46 3.8486
-92.5 46 3.84847
-92 46 3.86601
-91.5 46 3.88823
-91 46 3.89832
-90.5 46 3.90368
-90 46 3.89566
-89.5 46 3.88947
-89 46 3.89673
-88.5 46 3.9009
-88 46 3.88102
-87.5 46 3.86501
-87 46 3.8774
-86.5 46 3.89102
-86 46 3.86832
-85.5 46 3.84976
-85 46 3.87265
-84.5 46 3.89918
-84 46 3.89906
-83.5 46 3.90266
-83 46 3.93827
-82.5 46 3.97089
-82 46 3.94703
-81.5 46 3.92423
-81 46 3.95912
-119 46.5 3.89051
-118.5 46.5 3.8576
-118 46.5 3.84375
-117.5 46.5 3.83686
-117 46.5 3.80954
-116.5 46.5 3.78395
-116 46.5 3.78182
-115.5 46.5 3.78992
-115 46.5 3.77671
-114.5 46.5 3.75606
-114 46.5 3.74311
-113.5 46.5 3.73546
-113 46.5 3.71921
-112.5 46.5 3.70358
-112 46.5 3.69897
-111.5 46.5 3.70047
-111 46.5 3.69078
-110.5 46.5 3.68443
-110 46.5 3.7026
-109.5 46.5 3.73969
-109 46.5 3.75024
-108.5 46.5 3.75228
-108 46.5 3.76841
-107.5 46.5 3.80483
-107 46.5 3.82171
-106.5 46.5 3.82499
-106 46.5 3.82007
-105.5 46.5 3.8116
-105 46.5 3.8012
-104.5 46.5 3.78796
-104 46.5 3.77504
-103.5 46.5 3.77312
-103 46.5 3.77815
-102.5 46.5 3.78691
-102 46.5 3.79709
-101.5 46.5 3.81236
-101 46.5 3.82683
-100.5 46.5 3.84165
-100 46.5 3.85966
-99.5 46.5 3.89596
-99 46.5 3.93326
-98.5 46.5 3.96273
-98 46.5 3.97471
-97.5 46.5 3.97256
-97 46.5 3.95936
-96.5 46.5 3.94353
-96 46.5 3.93035
-95.5 46.5 3.92257
-95 46.5 3.91268
-94.5 46.5 3.90101
-94 46.5 3.89167
-93.5 46.5 3.88409
-93 46.5 3.87707
-92.5 46.5 3.87548
-92 46.5 3.88502
-91.5 46.5 3.89192
-91 46.5 3.89018
-90.5 46.5 3.8834
-90 46.5 3.87225
-89.5 46.5 3.86901
-89 46.5 3.86884
-88.5 46.5 3.86306
-88 46.5 3.84598
-87.5 46.5 3.83941
-87 46.5 3.84378
-86.5 46.5 3.84555
-86 46.5 3.83281
-85.5 46.5 3.8349
-85 46.5 3.85397
-84.5 46.5 3.8712
-84 46.5 3.87516
-83.5 46.5 3.88829
-83 46.5 3.91371
-82.5 46.5 3.93578
-82 46.5 3.93639
-81.5 46.5 3.95282
-81 46.5 3.99402
-119 47 3.95256
-118.5 47 3.91597
-118 47 3.8782
-117.5 47 3.84902
-117 47 3.82493
-116.5 47 3.8064
-116 47 3.79611
-115.5 47 3.79426
-115 47 3.78946
-114.5 47 3.78058
-114 47 3.77111
-113.5 47 3.76561
-113 47 3.76026
-112.5 47 3.75451
-112 47 3.75141
-111.5 47 3.75195
-111 47 3.74892
-110.5 47 3.74316
-110 47 3.74205
-109.5 47 3.7573
-109 47 3.76942
-108.5 47 3.77317
-108 47 3.77587
-107.5 47 3.79697
-107 47 3.81847
-106.5 47 3.83006
-106 47 3.83015
-105.5 47 3.82712
-105 47 3.81921
-104.5 47 3.80401
-104 47 3.78541
-103.5 47 3.78217
-103 47 3.7888
-102.5 47 3.79839
-102 47 3.80812
-101.5 47 3.82199
-101 47 3.83453
-100.5 47 3.84514
-100 47 3.8608
-99.5 47 3.8998
-99 47 3.94368
-98.5 47 3.97864
-98 47 3.99563
-97.5 47 3.99146
-97 47 3.97669
-96.5 47 3.96016
-96 47 3.95005
-95.5 47 3.94909
-95 47 3.94387
-94.5 47 3.93538
-94 47 3.92787
-93.5 47 3.92151
-93 47 3.91272
-92.5 47 3.90642
-92 47 3.90507
-91.5 47 3.90067
-91 47 3.88887
-90.5 47 3.87531
-90 47 3.86614
-89.5 47 3.86442
-89 47 3.85798
-88.5 47 3.84621
-88 47 3.83449
-87.5 47 3.83137
-87 47 3.82869
-86.5 47 3.82538
-86 47 3.82733
-85.5 47 3.84321
-85 47 3.85779
-84.5 47 3.8671
-84 47 3.87465
-83.5 47 3.8883
-83 47 3.90559
-82.5 47 3.92733
-82 47 3.95939
-81.5 47 4.01009
-81 47 4.06003
-119 47.5 4.03379
-118.5 47.5 3.995
-118 47.5 3.9313
-117.5 47.5 3.88079
-117 47.5 3.8587
-116.5 47.5 3.84568
-116 47.5 3.82743
-115.5 47.5 3.81831
-115 47.5 3.82066
-114.5 47.5 3.82233
-114 47.5 3.81563
-113.5 47.5 3.81388
-113 47.5 3.82021
-112.5 47.5 3.82629
-112 47.5 3.82619
-111.5 47.5 3.83066
-111 47.5 3.83727
-110.5 47.5 3.83529
-110 47.5 3.81584
-109.5 47.5 3.81556
-109 47.5 3.82906
-108.5 47.5 3.83401
-108 47.5 3.81906
-107.5 47.5 3.82654
-107 47.5 3.8481
-106.5 47.5 3.86382
-106 47.5 3.86504
-105.5 47.5 3.86517
-105 47.5 3.86231
-104.5 47.5 3.84706
-104 47.5 3.81907
-103.5 47.5 3.8137
-103 47.5 3.82167
-102.5 47.5 3.83144
-102 47.5 3.83995
-101.5 47.5 3.85344
-101 47.5 3.86663
-100.5 47.5 3.87522
-100 47.5 3.88453
-99.5 47.5 3.92584
-99 47.5 3.97054
-98.5 47.5 4.00674
-98 47.5 4.0268
-97.5 47.5 4.01945
-97 47.5 4.00502
-96.5 47.5 3.99028
-96 47.5 3.98434
-95.5 47.5 3.99387
-95 47.5 3.99274
-94.5 47.5 3.98413
-94 47.5 3.97644
-93.5 47.5 3.97153
-93 47.5 3.96007
-92.5 47.5 3.94689
-92 47.5 3.93634
-91.5 47.5 3.92484
-91 47.5 3.90578
-90.5 47.5 3.88702
-90 47.5 3.88101
-89.5 47.5 3.88535
-89 47.5 3.8734
-88.5 47.5 3.8555
-88 47.5 3.84811
-87.5 47.5 3.85132
-87 47.5 3.84219
-86.5 47.5 3.83468
-86 47.5 3.84947
-85.5 47.5 3.88128
-85 47.5 3.89065
-84.5 47.5 3.89074
-84 47.5 3.89851
-83.5 47.5 3.91555
-83 47.5 3.92567
-82.5 47.5 3.94723
-82 47.5 4.00975
-81.5 47.5 4.09844
-81 47.5 4.15326
-119 48 4.12349
-118.5 48 4.09385
-118 48 4.00794
-117.5 48 3.93039
-117 48 3.91422
-116.5 48 3.90953
-116 48 3.88374
-115.5 48 3.86336
-115 48 3.87322
-114.5 48 3.88646
-114 48 3.88273
-113.5 48 3.88094
-113 48 3.89944
-112.5 48 3.91951
-112 48 3.92486
-111.5 48 3.93142
-111 48 3.95189
-110.5 48 3.96482
-110 48 3.93661
-109.5 48 3.91341
-109 48 3.93055
-108.5 48 3.94467
-108 48 3.91992
-107.5 48 3.89948
-107 48 3.91617
-106.5 48 3.93279
-106 48 3.93355
-105.5 48 3.93
-105 48 3.93176
-104.5 48 3.92551
-104 48 3.89805
-103.5 48 3.87629
-103 48 3.87885
-102.5 48 3.88673
-102 48 3.89451
-101.5 48 3.90595
-101 48 3.92199
-100.5 48 3.9385
-100 48 3.95482
-99.5 48 3.98004
-99 48 4.0111
-98.5 48 4.03737
-98 48 4.0499
-97.5 48 4.0487
-97 48 4.04458
-96.5 48 4.041
-96 48 4.05206
-95.5 48 4.06469
-95 48 4.05958
-94.5 48 4.04896
-94 48 4.04439
-93.5 48 4.03779
-93 48 4.02026
-92.5 48 4.00082
-92 48 3.98738
-91.5 48 3.97122
-91 48 3.94633
-90.5 48 3.92481
-90 48 3.93148
-89.5 48 3.9386
-89 48 3.91661
-88.5 48 3.89291
-88 48 3.89789
-87.5 48 3.90547
-87 48 3.8872
-86.5 48 3.87452
-86 48 3.91222
-85.5 48 3.95507
-85 48 3.95024
-84.5 48 3.93931
-84 48 3.95559
-83.5 48 3.97651
-83 48 3.97822
-82.5 48 3.99751
-82 48 4.10212
-81.5 48 4.22048
-81 48 4.2621
-119 48.5 4.19322
-118.5 48.5 4.15838
-118 48.5 4.08985
-117.5 48.5 4.01867
-117 48.5 3.98836
-116.5 48.5 3.97493
-116 48.5 3.9556
-115.5 48.5 3.93867
-115 48.5 3.94358
-114.5 48.5 3.9562
-114 48.5 3.9638
-113.5 48.5 3.97044
-113 48.5 3.99069
-112.5 48.5 4.01518
-112 48.5 4.03294
-111.5 48.5 4.04658
-111 48.5 4.06698
-110.5 48.5 4.081
-110 48.5 4.07131
-109.5 48.5 4.04684
-109 48.5 4.04747
-108.5 48.5 4.05328
-108 48.5 4.04094
-107.5 48.5 4.01204
-107 48.5 4.00809
-106.5 48.5 4.01338
-106 48.5 4.01433
-105.5 48.5 4.00674
-105 48.5 4.00336
-104.5 48.5 3.99848
-104 48.5 3.98438
-103.5 48.5 3.95499
-103 48.5 3.94375
-102.5 48.5 3.94454
-102 48.5 3.95156
-101.5 48.5 3.96004
-101 48.5 3.9765
-100.5 48.5 3.99953
-100 48.5 4.0273
-99.5 48.5 4.03653
-99 48.5 4.05121
-98.5 48.5 4.06505
-98 48.5 4.07242
-97.5 48.5 4.08372
-97 48.5 4.09318
-96.5 48.5 4.1055
-96 48.5 4.12653
-95.5 48.5 4.1319
-95 48.5 4.12739
-94.5 48.5 4.12042
-94 48.5 4.11619
-93.5 48.5 4.10389
-93 48.5 4.08502
-92.5 48.5 4.06529
-92 48.5 4.04892
-91.5 48.5 4.02888
-91 48.5 4.00636
-90.5 48.5 3.99197
-90 48.5 3.99662
-89.5 48.5 3.99212
-89 48.5 3.97334
-88.5 48.5 3.9579
-88 48.5 3.96227
-87.5 48.5 3.96204
-87 48.5 3.95133
-86.5 48.5 3.95247
-86 48.5 3.98744
-85.5 48.5 4.01339
-85 48.5 4.01301
-84.5 48.5 4.01071
-84 48.5 4.02697
-83.5 48.5 4.04491
-83 48.5 4.06069
-82.5 48.5 4.10224
-82 48.5 4.20236
-81.5 48.5 4.29661
-81 48.5 4.34294
-119 49 4.25605
-118.5 49 4.21716
-118 49 4.15871
-117.5 49 4.10161
-117 49 4.06681
-116.5 49 4.04537
-116 49 4.02738
-115.5 49 4.017
-115 49 4.02116
-114.5 49 4.03317
-114 49 4.04629
-113.5 49 4.06275
-113 49 4.08666
-112.5 49 4.11364
-112 49 4.13617
-111.5 49 4.1569
-111 49 4.17636
-110.5 49 4.18674
-110 49 4.17989
-109.5 49 4.16426
-109 49 4.15613
-108.5 49 4.1495
-108 49 4.13296
-107.5 49 4.10879
-107 49 4.09478
-106.5 49 4.08825
-106 49 4.0807
-105.5 49 4.07091
-105 49 4.06115
-104.5 49 4.05081
-104 49 4.03357
-103.5 49 4.00969
-103 49 3.99329
-102.5 49 3.98803
-102 49 3.98963
-101.5 49 3.99719
-101 49 4.01075
-100.5 49 4.03187
-100 49 4.05389
-99.5 49 4.06677
-99 49 4.07886
-98.5 49 4.09231
-98 49 4.10433
-97.5 49 4.12056
-97 49 4.13689
-96.5 49 4.15606
-96 49 4.17574
-95.5 49 4.18482
-95 49 4.18463
-94.5 49 4.1819
-94 49 4.17678
-93.5 49 4.16514
-93 49 4.14716
-92.5 49 4.12825
-92 49 4.10959
-91.5 49 4.08884
-91 49 4.06784
-90.5 49 4.05516
-90 49 4.0515
-89.5 49 4.04272
-89 49 4.02714
-88.5 49 4.01691
-88 49 4.01742
-87.5 49 4.01574
-87 49 4.01172
-86.5 49 4.02004
-86 49 4.04506
-85.5 49 4.06391
-85 49 4.06923
-84.5 49 4.07604
-84 49 4.09354
-83.5 49 4.11435
-83 49 4.1414
-82.5 49 4.19402
-82 49 4.2787
-81.5 49 4.35736
-81 49 4.4068
